  0.3591685714286896    
  0.3589702682458273    
  0.3587641538276897    
  0.3585502483810320    
  0.3583285710960697    
  0.3580991401562648    
  0.3578619727480598    
  0.3576170850705618    
  0.3573644923451738    
  0.3571042088251759    
  0.3568362478052549    
  0.3565606216309914    
  0.3562773417083043    
  0.3559864185128498    
  0.3556878615993646    
  0.3553816796109409    
  0.3550678802882192    
  0.3547464704784806    
  0.3544174561446177    
  0.3540808423739810    
  0.3537366333871019    
  0.3533848325463027    
  0.3530254423642121    
  0.3526584645122126    
  0.3522838998288375    
  0.3519017483281291    
  0.3515120092079443    
  0.3511146808582000    
  0.3507097608690324    
  0.3502972460388492    
  0.3498771323822580    
  0.3494494151378613    
  0.3490140887759148    
  0.3485711470058603    
  0.3481205827837361    
  0.3476623883194857    
  0.3471965550841861    
  0.3467230738172128    
  0.3462419345333560    
  0.3457531265298933    
  0.3452566383936152    
  0.3447524580077903    
  0.3442405725590436    
  0.3437209685441350    
  0.3431936317766190    
  0.3426585473933836    
  0.3421156998610722    
  0.3415650729823979    
  0.3410066499023651    
  0.3404404131144188    
  0.3398663444665305    
  0.3392844251672411    
  0.3386946357916691    
  0.3380969562874950    
  0.3374913659809269    
  0.3368778435826382    
  0.3362563671936656    
  0.3356269143112462    
  0.3349894618345639    
  0.3343439860703930    
  0.3336904627386266    
  0.3330288669777058    
  0.3323591733499703    
  0.3316813558469685    
  0.3309953878947670    
  0.3303012423592996    
  0.3295988915517737    
  0.3288883072341586    
  0.3281694606247263    
  0.3274423224036226    
  0.3267068627184105    
  0.3259630511895421    
  0.3252108569157174    
  0.3244502484791235    
  0.3236811939505683    
  0.3229036608945641    
  0.3221176163744237    
  0.3213230269574455    
  0.3205198587202407    
  0.3197080772542295    
  0.3188876476712889    
  0.3180585346095092    
  0.3172207022389840    
  0.3163741142675829    
  0.3155187339466531    
  0.3146545240766471    
  0.3137814470126904    
  0.3128994646701531    
  0.3120085385302898    
  0.3111086296460379    
  0.3101996986480266    
  0.3092817057508344    
  0.3083546107594725    
  0.3074183730760411    
  0.3064729517064835    
  0.3055183052673682    
  0.3045543919926558    
  0.3035811697404451    
  0.3025985959997268    
  0.3016066278972208    
  0.3006052222043725    
  0.2995943353445916    
  0.2985739234007839    
  0.2975439421231935    
  0.2965043469375223    
  0.2954550929532840    
  0.2943961349723210    
  0.2933274274974511    
  0.2922489247412111    
  0.2911605806347087    
  0.2900623488366019    
  0.2889541827422565    
  0.2878360354931332    
  0.2867078599864661    
  0.2855696088852682    
  0.2844212346286987    
  0.2832626894427837    
  0.2820939253514778    
  0.2809148941880372    
  0.2797255476066737    
  0.2785258370944605    
  0.2773157139834789    
  0.2760951294631973    
  0.2748640345931141    
  0.2736223803156895    
  0.2723701174696190    
  0.2711071968034900    
  0.2698335689898569    
  0.2685491846397523    
  0.2672539943176543    
  0.2659479485568834    
  0.2646309978754383    
  0.2633030927922241    
  0.2619641838436749    
  0.2606142216007656    
  0.2592531566864325    
  0.2578809397934023    
  0.2564975217024613    
  0.2551028533011782    
  0.2536968856031339    
  0.2522795697676671    
  0.2508508571201511    
  0.2494106991727896    
  0.2479590476459321    
  0.2464958544899122    
  0.2450210719074372    
  0.2435346523765508    
  0.2420365486742080    
  0.2405267139004477    
  0.2390051015031443    
  0.2374716653032972    
  0.2359263595208431    
  0.2343691388009875    
  0.2327999582410961    
  0.2312187734181773    
  0.2296255404170184    
  0.2280202158589968    
  0.2264027569315928    
  0.2247731214186182    
  0.2231312677311750    
  0.2214771549393320    
  0.2198107428045038    
  0.2181319918124794    
  0.2164408632070956    
  0.2147373190245224    
  0.2130213221281729    
  0.2112928362442284    
  0.2095518259977912    
  0.2077982569496651    
  0.2060320956338152    
  0.2042533095955642    
  0.2024618674306339    
  0.2006577388250868    
  0.1988408945961972    
  0.1970113067341891    
  0.1951689484447327    
  0.1933137941920495    
  0.1914458197425092    
  0.1895650022086408    
  0.1876713200935996    
  0.1857647533361858    
  0.1838452833565926    
  0.1819128931030199    
  0.1799675670992169    
  0.1780092914928840    
  0.1760380541048114    
  0.1740538444785979    
  0.1720566539308726    
  0.1700464756019747    
  0.1680233045071389    
  0.1659871375882457    
  0.1639379737662043    
  0.1618758139939698    
  0.1598006613101646    
  0.1577125208931986    
  0.1556114001158144    
  0.1534973085999468    
  0.1513702582718939    
  0.1492302634178333    
  0.1470773407397419    
  0.1449115094116845    
  0.1427327911364124    
  0.1405412102022015    
  0.1383367935399326    
  0.1361195707803987    
  0.1338895743118320    
  0.1316468393375971    
  0.1293914039339727    
  0.1271233091078563    
  0.1248425988542166    
  0.1225493202131465    
  0.1202435233265661    
  0.1179252614947082    
  0.1155945912325778    
  0.1132515723264343    
  0.1108962678901696    
  0.1085287444212284    
  0.1061490718557093    
  0.1037573236224258    
  0.1013535766960198    
  0.9893791164935599E-01
  0.9651041270540797E-01
  0.9407116778863989E-01
  0.9162026857567314E-01
  0.8915781054485367E-01
  0.8668389302436523E-01
  0.8419861923870973E-01
  0.8170209635371725E-01
  0.7919443552032258E-01
  0.7667575191724117E-01
  0.7414616479235435E-01
  0.7160579750242854E-01
  0.6905477755075624E-01
  0.6649323662253066E-01
  0.6392131061803583E-01
  0.6133913968398762E-01
  0.5874686824327033E-01
  0.5614464502300382E-01
  0.5353262308050242E-01
  0.5091095982661740E-01
  0.4827981704610382E-01
  0.4563936091493365E-01
  0.4298976201462495E-01
  0.4033119534380216E-01
  0.3766384032714869E-01
  0.3498788082180921E-01
  0.3230350512106009E-01
  0.2961090595495188E-01
  0.2691028048758055E-01
  0.2420183031070329E-01
  0.2148576143346267E-01
  0.1876228426823180E-01
  0.1603161361286706E-01
  0.1329396862984577E-01
  0.1054957282252116E-01
  0.7798654008219354E-02
  0.5041444287388079E-02
  0.2278180007960380E-02
 -0.4908982755115570E-03
 -0.3265545847508217E-02
 -0.6045513881005882E-02
 -0.8830549489754109E-02
 -0.1162039578320658E-01
 -0.1441479192494732E-01
 -0.1721347319601116E-01
 -0.2001617106410872E-01
 -0.2282261325877196E-01
 -0.2563252385132823E-01
 -0.2844562333821721E-01
 -0.3126162872670196E-01
 -0.3408025362331506E-01
 -0.3690120832639757E-01
 -0.3972419992409891E-01
 -0.4254893239815313E-01
 -0.4537510673267636E-01
 -0.4820242102685215E-01
 -0.5103057061089169E-01
 -0.5385924816525933E-01
 -0.5668814384350259E-01
 -0.5951694539895381E-01
 -0.6234533831540652E-01
 -0.6517300594166947E-01
 -0.6799962962987376E-01
 -0.7082488887744023E-01
 -0.7364846147269150E-01
 -0.7647002364389170E-01
 -0.7928925021122028E-01
 -0.8210581474108813E-01
 -0.8491938970258621E-01
 -0.8772964662634281E-01
 -0.9053625626628832E-01
 -0.9333888876445934E-01
 -0.9613721381852676E-01
 -0.9893090085138000E-01
 -0.1017196191821625    
 -0.1045030381983835    
 -0.1072808275290496    
 -0.1100526572188766    
 -0.1128181979035927    
 -0.1155771209861332    
 -0.1183290988134995    
 -0.1210738048541446    
 -0.1238109138758655    
 -0.1265401021240041    
 -0.1292610474994613    
 -0.1319734297357816    
 -0.1346769305746903    
 -0.1373712339397519    
 -0.1400560261083068    
 -0.1427309958821837    
 -0.1453958347578057    
 -0.1480502370958151    
 -0.1506939002894532    
 -0.1533265249301470    
 -0.1559478149689375    
 -0.1585574778734769    
 -0.1611552247816253    
 -0.1637407706529879    
 -0.1663138344188397    
 -0.1688741391294370    
 -0.1714214120970078    
 -0.1739553850332529    
 -0.1764757941816389    
 -0.1789823804457147    
 -0.1814748895144411    
 -0.1839530719840610    
 -0.1864166834748326    
 -0.1888654847411708    
 -0.1912992417754423    
 -0.1937177259072077    
 -0.1961207138995213    
 -0.1985079880418679    
 -0.2008793362373928    
 -0.2032345520821658    
 -0.2055734349364801    
 -0.2078957899904093    
 -0.2102014283259669    
 -0.2124901669760510    
 -0.2147618289781960    
 -0.2170162434209859    
 -0.2192532454829135    
 -0.2214726764652759    
 -0.2236743838206774    
 -0.2258582211770006    
 -0.2280240483553702    
 -0.2301717313810402    
 -0.2323011424878332    
 -0.2344121601178114    
 -0.2365046689172406    
 -0.2385785597282471    
 -0.2406337295746862    
 -0.2426700816413686    
 -0.2446875252472326    
 -0.2466859758137513    
 -0.2486653548293772    
 -0.2506255898097658    
 -0.2525666142531771    
 -0.2544883675909303    
 -0.2563907951335269    
 -0.2582738480131021    
 -0.2601374831222755    
 -0.2619816630488441    
 -0.2638063560058682    
 -0.2656115357573778    
 -0.2673971815406044    
 -0.2691632779856346    
 -0.2709098150327995    
 -0.2726367878474565    
 -0.2743441967316660    
 -0.2760320470325819    
 -0.2777003490478757    
 -0.2793491179286955    
 -0.2809783735805991    
 -0.2825881405626475    
 -0.2841784479847846    
 -0.2857493294036617    
 -0.2873008227171489    
 -0.2888329700576778    
 -0.2903458176844119    
 -0.2918394158740989    
 -0.2933138188105763    
 -0.2947690844731058    
 -0.2962052745239598    
 -0.2976224541957088    
 -0.2990206921785483    
 -0.3004000605077648    
 -0.3017606344513213    
 -0.3031024923974571    
 -0.3044257157423115    
 -0.3057303887776178    
 -0.3070165985786011    
 -0.3082844348922239    
 -0.3095339900259835    
 -0.3107653587374708    
 -0.3119786381249247    
 -0.3131739275189356    
 -0.3143513283753567    
 -0.3155109441693515    
 -0.3166528802904723    
 -0.3177772439387038    
 -0.3188841440215541    
 -0.3199736910523772    
 -0.3210459970501948    
 -0.3221011754412087    
 -0.3231393409621263    
 -0.3241606095652675    
 -0.3251650983253621    
 -0.3261529253479208    
 -0.3271242096791340    
 -0.3280790712173182    
 -0.3290176306260366    
 -0.3299400092490531    
 -0.3308463290272888    
 -0.3317367124178626    
 -0.3326112823152013    
 -0.3334701619740988    
 -0.3343134749345915    
 -0.3351413449485499    
 -0.3359538959079985    
 -0.3367512517752346    
 -0.3375335365148950    
 -0.3383008740280739    
 -0.3390533880885458    
 -0.3397912022810476    
 -0.3405144399415297    
 -0.3412232240992598    
 -0.3419176774206878    
 -0.3425979221550296    
 -0.3432640800815813    
 -0.3439162724588224    
 -0.3445546199753847    
 -0.3451792427029247    
 -0.3457902600509065    
 -0.3463877907232261    
 -0.3469719526765785    
 -0.3475428630804397    
 -0.3481006382785848    
 -0.3486453937521067    
 -0.3491772440839755    
 -0.3496963029251999    
 -0.3502026829626536    
 -0.3506964958885675    
 -0.3511778523716277    
 -0.3516468620295581    
 -0.3521036334030673    
 -0.3525482739310665    
 -0.3529808899271332    
 -0.3534015865572390    
 -0.3538104678187943    
 -0.3542076365210379    
 -0.3545931942667725    
 -0.3549672414353799    
 -0.3553298771670341    
 -0.3556811993480256    
 -0.3560213045971252    
 -0.3563502882529528    
 -0.3566682443623512    
 -0.3569752656697703    
 -0.3572714436076805    
 -0.3575568682879873    
 -0.3578316284944085    
 -0.3580958116757532    
 -0.3583495039400401    
 -0.3585927900493999    
 -0.3588257534157280    
 -0.3590484760970734    
 -0.3592610387947741    
 -0.3594635208513350    
 -0.3596560002490470    
 -0.3598385536093145    
 -0.3600112561926547    
 -0.3601741818993145    
 -0.3603274032704545    
 -0.3604709914898554    
 -0.3606050163861235    
 -0.3607295464353839    
 -0.3608446487644554    
 -0.3609503891545026    
 -0.3610468320451638    
 -0.3611340405391396    
 -0.3612120764072193    
 -0.3612810000937101    
 -0.3613408707222283    
 -0.3613917461018147    
 -0.3614336827333434    
 -0.3614667358162054    
 -0.3614909592552628    
 -0.3615064056680765    
 -0.3615131263924145    
 -0.3615111714940401    
 -0.3615005897747636    
 -0.3614814287807334    
 -0.3614537348109266    
 -0.3614175529258065    
 -0.3613729269561174    
 -0.3613198995117978    
 -0.3612585119910096    
 -0.3611888045892897    
 -0.3611108163088284    
 -0.3610245849678772    
 -0.3609301472102778    
 -0.3608275385150883    
 -0.3607167932062953    
 -0.3605979444625815    
 -0.3604710243271360    
 -0.3603360637174940    
 -0.3601930924354037    
 -0.3600421391767215    
 -0.3598832315413334    
 -0.3597163960430972    
 -0.3595416581198028    
 -0.3593590421431444    
 -0.3591685714286896    
 -0.3589702682458273    
 -0.3587641538276897    
 -0.3585502483810320    
 -0.3583285710960697    
 -0.3580991401562648    
 -0.3578619727480598    
 -0.3576170850705618    
 -0.3573644923451738    
 -0.3571042088251759    
 -0.3568362478052549    
 -0.3565606216309914    
 -0.3562773417083043    
 -0.3559864185128498    
 -0.3556878615993646    
 -0.3553816796109409    
 -0.3550678802882192    
 -0.3547464704784806    
 -0.3544174561446177    
 -0.3540808423739810    
 -0.3537366333871019    
 -0.3533848325463027    
 -0.3530254423642121    
 -0.3526584645122126    
 -0.3522838998288375    
 -0.3519017483281291    
 -0.3515120092079443    
 -0.3511146808582000    
 -0.3507097608690324    
 -0.3502972460388492    
 -0.3498771323822580    
 -0.3494494151378613    
 -0.3490140887759148    
 -0.3485711470058603    
 -0.3481205827837361    
 -0.3476623883194857    
 -0.3471965550841861    
 -0.3467230738172128    
 -0.3462419345333560    
 -0.3457531265298933    
 -0.3452566383936152    
 -0.3447524580077903    
 -0.3442405725590436    
 -0.3437209685441350    
 -0.3431936317766190    
 -0.3426585473933836    
 -0.3421156998610722    
 -0.3415650729823979    
 -0.3410066499023651    
 -0.3404404131144188    
 -0.3398663444665305    
 -0.3392844251672411    
 -0.3386946357916691    
 -0.3380969562874950    
 -0.3374913659809269    
 -0.3368778435826382    
 -0.3362563671936656    
 -0.3356269143112462    
 -0.3349894618345639    
 -0.3343439860703930    
 -0.3336904627386266    
 -0.3330288669777058    
 -0.3323591733499703    
 -0.3316813558469685    
 -0.3309953878947670    
 -0.3303012423592996    
 -0.3295988915517737    
 -0.3288883072341586    
 -0.3281694606247263    
 -0.3274423224036226    
 -0.3267068627184105    
 -0.3259630511895421    
 -0.3252108569157174    
 -0.3244502484791235    
 -0.3236811939505683    
 -0.3229036608945641    
 -0.3221176163744237    
 -0.3213230269574455    
 -0.3205198587202407    
 -0.3197080772542295    
 -0.3188876476712889    
 -0.3180585346095092    
 -0.3172207022389840    
 -0.3163741142675829    
 -0.3155187339466531    
 -0.3146545240766471    
 -0.3137814470126904    
 -0.3128994646701531    
 -0.3120085385302898    
 -0.3111086296460379    
 -0.3101996986480266    
 -0.3092817057508344    
 -0.3083546107594725    
 -0.3074183730760411    
 -0.3064729517064835    
 -0.3055183052673682    
 -0.3045543919926558    
 -0.3035811697404451    
 -0.3025985959997268    
 -0.3016066278972208    
 -0.3006052222043725    
 -0.2995943353445916    
 -0.2985739234007839    
 -0.2975439421231935    
 -0.2965043469375223    
 -0.2954550929532840    
 -0.2943961349723210    
 -0.2933274274974511    
 -0.2922489247412111    
 -0.2911605806347087    
 -0.2900623488366019    
 -0.2889541827422565    
 -0.2878360354931332    
 -0.2867078599864661    
 -0.2855696088852682    
 -0.2844212346286987    
 -0.2832626894427837    
 -0.2820939253514778    
 -0.2809148941880372    
 -0.2797255476066737    
 -0.2785258370944605    
 -0.2773157139834789    
 -0.2760951294631973    
 -0.2748640345931141    
 -0.2736223803156895    
 -0.2723701174696190    
 -0.2711071968034900    
 -0.2698335689898569    
 -0.2685491846397523    
 -0.2672539943176543    
 -0.2659479485568834    
 -0.2646309978754383    
 -0.2633030927922241    
 -0.2619641838436749    
 -0.2606142216007656    
 -0.2592531566864325    
 -0.2578809397934023    
 -0.2564975217024613    
 -0.2551028533011782    
 -0.2536968856031339    
 -0.2522795697676671    
 -0.2508508571201511    
 -0.2494106991727896    
 -0.2479590476459321    
 -0.2464958544899122    
 -0.2450210719074372    
 -0.2435346523765508    
 -0.2420365486742080    
 -0.2405267139004477    
 -0.2390051015031443    
 -0.2374716653032972    
 -0.2359263595208431    
 -0.2343691388009875    
 -0.2327999582410961    
 -0.2312187734181773    
 -0.2296255404170184    
 -0.2280202158589968    
 -0.2264027569315928    
 -0.2247731214186182    
 -0.2231312677311750    
 -0.2214771549393320    
 -0.2198107428045038    
 -0.2181319918124794    
 -0.2164408632070956    
 -0.2147373190245224    
 -0.2130213221281729    
 -0.2112928362442284    
 -0.2095518259977912    
 -0.2077982569496651    
 -0.2060320956338152    
 -0.2042533095955642    
 -0.2024618674306339    
 -0.2006577388250868    
 -0.1988408945961972    
 -0.1970113067341891    
 -0.1951689484447327    
 -0.1933137941920495    
 -0.1914458197425092    
 -0.1895650022086408    
 -0.1876713200935996    
 -0.1857647533361858    
 -0.1838452833565926    
 -0.1819128931030199    
 -0.1799675670992169    
 -0.1780092914928840    
 -0.1760380541048114    
 -0.1740538444785979    
 -0.1720566539308726    
 -0.1700464756019747    
 -0.1680233045071389    
 -0.1659871375882457    
 -0.1639379737662043    
 -0.1618758139939698    
 -0.1598006613101646    
 -0.1577125208931986    
 -0.1556114001158144    
 -0.1534973085999468    
 -0.1513702582718939    
 -0.1492302634178333    
 -0.1470773407397419    
 -0.1449115094116845    
 -0.1427327911364124    
 -0.1405412102022015    
 -0.1383367935399326    
 -0.1361195707803987    
 -0.1338895743118320    
 -0.1316468393375971    
 -0.1293914039339727    
 -0.1271233091078563    
 -0.1248425988542166    
 -0.1225493202131465    
 -0.1202435233265661    
 -0.1179252614947082    
 -0.1155945912325778    
 -0.1132515723264343    
 -0.1108962678901696    
 -0.1085287444212284    
 -0.1061490718557093    
 -0.1037573236224258    
 -0.1013535766960198    
 -0.9893791164935599E-01
 -0.9651041270540797E-01
 -0.9407116778863989E-01
 -0.9162026857567314E-01
 -0.8915781054485367E-01
 -0.8668389302436523E-01
 -0.8419861923870973E-01
 -0.8170209635371725E-01
 -0.7919443552032258E-01
 -0.7667575191724117E-01
 -0.7414616479235435E-01
 -0.7160579750242854E-01
 -0.6905477755075624E-01
 -0.6649323662253066E-01
 -0.6392131061803583E-01
 -0.6133913968398762E-01
 -0.5874686824327033E-01
 -0.5614464502300382E-01
 -0.5353262308050242E-01
 -0.5091095982661740E-01
 -0.4827981704610382E-01
 -0.4563936091493365E-01
 -0.4298976201462495E-01
 -0.4033119534380216E-01
 -0.3766384032714869E-01
 -0.3498788082180921E-01
 -0.3230350512106009E-01
 -0.2961090595495188E-01
 -0.2691028048758055E-01
 -0.2420183031070329E-01
 -0.2148576143346267E-01
 -0.1876228426823180E-01
 -0.1603161361286706E-01
 -0.1329396862984577E-01
 -0.1054957282252116E-01
 -0.7798654008219354E-02
 -0.5041444287388079E-02
 -0.2278180007960380E-02
  0.4908982755115570E-03
  0.3265545847508217E-02
  0.6045513881005882E-02
  0.8830549489754109E-02
  0.1162039578320658E-01
  0.1441479192494732E-01
  0.1721347319601116E-01
  0.2001617106410872E-01
  0.2282261325877196E-01
  0.2563252385132823E-01
  0.2844562333821721E-01
  0.3126162872670196E-01
  0.3408025362331506E-01
  0.3690120832639757E-01
  0.3972419992409891E-01
  0.4254893239815313E-01
  0.4537510673267636E-01
  0.4820242102685215E-01
  0.5103057061089169E-01
  0.5385924816525933E-01
  0.5668814384350259E-01
  0.5951694539895381E-01
  0.6234533831540652E-01
  0.6517300594166947E-01
  0.6799962962987376E-01
  0.7082488887744023E-01
  0.7364846147269150E-01
  0.7647002364389170E-01
  0.7928925021122028E-01
  0.8210581474108813E-01
  0.8491938970258621E-01
  0.8772964662634281E-01
  0.9053625626628832E-01
  0.9333888876445934E-01
  0.9613721381852676E-01
  0.9893090085138000E-01
  0.1017196191821625    
  0.1045030381983835    
  0.1072808275290496    
  0.1100526572188766    
  0.1128181979035927    
  0.1155771209861332    
  0.1183290988134995    
  0.1210738048541446    
  0.1238109138758655    
  0.1265401021240041    
  0.1292610474994613    
  0.1319734297357816    
  0.1346769305746903    
  0.1373712339397519    
  0.1400560261083068    
  0.1427309958821837    
  0.1453958347578057    
  0.1480502370958151    
  0.1506939002894532    
  0.1533265249301470    
  0.1559478149689375    
  0.1585574778734769    
  0.1611552247816253    
  0.1637407706529879    
  0.1663138344188397    
  0.1688741391294370    
  0.1714214120970078    
  0.1739553850332529    
  0.1764757941816389    
  0.1789823804457147    
  0.1814748895144411    
  0.1839530719840610    
  0.1864166834748326    
  0.1888654847411708    
  0.1912992417754423    
  0.1937177259072077    
  0.1961207138995213    
  0.1985079880418679    
  0.2008793362373928    
  0.2032345520821658    
  0.2055734349364801    
  0.2078957899904093    
  0.2102014283259669    
  0.2124901669760510    
  0.2147618289781960    
  0.2170162434209859    
  0.2192532454829135    
  0.2214726764652759    
  0.2236743838206774    
  0.2258582211770006    
  0.2280240483553702    
  0.2301717313810402    
  0.2323011424878332    
  0.2344121601178114    
  0.2365046689172406    
  0.2385785597282471    
  0.2406337295746862    
  0.2426700816413686    
  0.2446875252472326    
  0.2466859758137513    
  0.2486653548293772    
  0.2506255898097658    
  0.2525666142531771    
  0.2544883675909303    
  0.2563907951335269    
  0.2582738480131021    
  0.2601374831222755    
  0.2619816630488441    
  0.2638063560058682    
  0.2656115357573778    
  0.2673971815406044    
  0.2691632779856346    
  0.2709098150327995    
  0.2726367878474565    
  0.2743441967316660    
  0.2760320470325819    
  0.2777003490478757    
  0.2793491179286955    
  0.2809783735805991    
  0.2825881405626475    
  0.2841784479847846    
  0.2857493294036617    
  0.2873008227171489    
  0.2888329700576778    
  0.2903458176844119    
  0.2918394158740989    
  0.2933138188105763    
  0.2947690844731058    
  0.2962052745239598    
  0.2976224541957088    
  0.2990206921785483    
  0.3004000605077648    
  0.3017606344513213    
  0.3031024923974571    
  0.3044257157423115    
  0.3057303887776178    
  0.3070165985786011    
  0.3082844348922239    
  0.3095339900259835    
  0.3107653587374708    
  0.3119786381249247    
  0.3131739275189356    
  0.3143513283753567    
  0.3155109441693515    
  0.3166528802904723    
  0.3177772439387038    
  0.3188841440215541    
  0.3199736910523772    
  0.3210459970501948    
  0.3221011754412087    
  0.3231393409621263    
  0.3241606095652675    
  0.3251650983253621    
  0.3261529253479208    
  0.3271242096791340    
  0.3280790712173182    
  0.3290176306260366    
  0.3299400092490531    
  0.3308463290272888    
  0.3317367124178626    
  0.3326112823152013    
  0.3334701619740988    
  0.3343134749345915    
  0.3351413449485499    
  0.3359538959079985    
  0.3367512517752346    
  0.3375335365148950    
  0.3383008740280739    
  0.3390533880885458    
  0.3397912022810476    
  0.3405144399415297    
  0.3412232240992598    
  0.3419176774206878    
  0.3425979221550296    
  0.3432640800815813    
  0.3439162724588224    
  0.3445546199753847    
  0.3451792427029247    
  0.3457902600509065    
  0.3463877907232261    
  0.3469719526765785    
  0.3475428630804397    
  0.3481006382785848    
  0.3486453937521067    
  0.3491772440839755    
  0.3496963029251999    
  0.3502026829626536    
  0.3506964958885675    
  0.3511778523716277    
  0.3516468620295581    
  0.3521036334030673    
  0.3525482739310665    
  0.3529808899271332    
  0.3534015865572390    
  0.3538104678187943    
  0.3542076365210379    
  0.3545931942667725    
  0.3549672414353799    
  0.3553298771670341    
  0.3556811993480256    
  0.3560213045971252    
  0.3563502882529528    
  0.3566682443623512    
  0.3569752656697703    
  0.3572714436076805    
  0.3575568682879873    
  0.3578316284944085    
  0.3580958116757532    
  0.3583495039400401    
  0.3585927900493999    
  0.3588257534157280    
  0.3590484760970734    
  0.3592610387947741    
  0.3594635208513350    
  0.3596560002490470    
  0.3598385536093145    
  0.3600112561926547    
  0.3601741818993145    
  0.3603274032704545    
  0.3604709914898554    
  0.3606050163861235    
  0.3607295464353839    
  0.3608446487644554    
  0.3609503891545026    
  0.3610468320451638    
  0.3611340405391396    
  0.3612120764072193    
  0.3612810000937101    
  0.3613408707222283    
  0.3613917461018147    
  0.3614336827333434    
  0.3614667358162054    
  0.3614909592552628    
  0.3615064056680765    
  0.3615131263924145    
  0.3615111714940401    
  0.3615005897747636    
  0.3614814287807334    
  0.3614537348109266    
  0.3614175529258065    
  0.3613729269561174    
  0.3613198995117978    
  0.3612585119910096    
  0.3611888045892897    
  0.3611108163088284    
  0.3610245849678772    
  0.3609301472102778    
  0.3608275385150883    
  0.3607167932062953    
  0.3605979444625815    
  0.3604710243271360    
  0.3603360637174940    
  0.3601930924354037    
  0.3600421391767215    
  0.3598832315413334    
  0.3597163960430972    
  0.3595416581198028    
  0.3593590421431444    
