   1.967616287391566    
   1.982531602776602    
   1.998042606178667    
   2.016669498155375    
   2.036130438073024    
   2.054074209690552    
   2.072501120187128    
   2.093517811548665    
   2.115227769580293    
   2.135575046005045    
   2.156130391431426    
   2.178546660971540    
   2.201055586562599    
   2.221744159447296    
   2.241747867458695    
   2.262133496180374    
   2.280926354006605    
   2.296018906423827    
   2.307820368573978    
   2.316365275065592    
   2.318767230162031    
   2.311854831072278    
   2.294279608474145    
   2.263656994399415    
   2.214286678105495    
   2.139460325584749    
   2.032876315743794    
   1.885511656698443    
   1.683322516614599    
   1.408980008232989    
   1.042297357221210    
  0.5566520174182443    
 -0.8298106185343371E-01
 -0.9175249754499992    
  -1.991238047242958    
  -3.349275904646881    
  -5.027667905292803    
  -7.032406580702034    
  -9.313639474827122    
  -11.74258265949562    
  -14.10228414935211    
  -16.11348692796018    
  -17.50782799156072    
  -18.12034187245697    
  -17.94394026301853    
  -17.11339124602931    
  -15.83986468392809    
  -14.34047584156693    
  -12.79070540856923    
  -11.30614390049038    
  -9.949238360403479    
  -8.747384187952710    
  -7.706138250352007    
  -6.815177835018929    
  -6.056250342857977    
  -5.412855234441078    
  -4.871345727283949    
  -4.415426958764119    
  -4.027811666127023    
  -3.698092797412659    
  -3.421329670717050    
  -3.188386467482801    
  -2.986702087104999    
  -2.811492268445024    
  -2.665302312703634    
  -2.544086632809361    
  -2.435813535681608    
  -2.336680614344727    
  -2.254942525661711    
  -2.192104251868860    
  -2.134822262621905    
  -2.075074543906111    
  -2.023680572877704    
  -1.990413411601369    
  -1.964123016676835    
  -1.929557977449116    
  -1.892932119277212    
  -1.870790990336263    
  -1.860805471652359    
  -1.845381488832532    
  -1.821186639355538    
  -1.803016031065177    
  -1.797220877444960    
  -1.792198252113144    
  -1.779796217627471    
  -1.767447634181033    
  -1.762305975939887    
  -1.759483770841981    
  -1.753673155418062    
  -1.748481091533091    
  -1.746674087752246    
  -1.743787897066903    
  -1.738535663819943    
  -1.737275902829134    
  -1.741171824646856    
  -1.741528261067648    
  -1.735435472214382    
  -1.732938137586099    
  -1.739712388698260    
  -1.745834561709642    
  -1.742694414181835    
  -1.738503312118460    
  -1.743925355483026    
  -1.753340334783786    
  -1.755272174633115    
  -1.752625186910389    
  -1.756531934535333    
  -1.766314124117412    
  -1.771905221988338    
  -1.772516652749762    
  -1.776950696822399    
  -1.786814703287971    
  -1.794469746478214    
  -1.797958092578474    
  -1.804069286353795    
  -1.814988214850220    
  -1.824600486604023    
  -1.830563169369244    
  -1.838479369299125    
  -1.850928845309931    
  -1.862871904473116    
  -1.871580237803559    
  -1.881580146371438    
  -1.895749657816224    
  -1.910147825045660    
  -1.921906980202693    
  -1.934480844713889    
  -1.950705138127605    
  -1.967616287391566    
  -1.982531602776602    
  -1.998042606178667    
  -2.016669498155375    
  -2.036130438073024    
  -2.054074209690552    
  -2.072501120187128    
  -2.093517811548665    
  -2.115227769580293    
  -2.135575046005045    
  -2.156130391431426    
  -2.178546660971540    
  -2.201055586562599    
  -2.221744159447296    
  -2.241747867458695    
  -2.262133496180374    
  -2.280926354006605    
  -2.296018906423827    
  -2.307820368573978    
  -2.316365275065592    
  -2.318767230162031    
  -2.311854831072278    
  -2.294279608474145    
  -2.263656994399415    
  -2.214286678105495    
  -2.139460325584749    
  -2.032876315743794    
  -1.885511656698443    
  -1.683322516614599    
  -1.408980008232989    
  -1.042297357221210    
 -0.5566520174182443    
  0.8298106185343371E-01
  0.9175249754499992    
   1.991238047242958    
   3.349275904646881    
   5.027667905292803    
   7.032406580702034    
   9.313639474827122    
   11.74258265949562    
   14.10228414935211    
   16.11348692796018    
   17.50782799156072    
   18.12034187245697    
   17.94394026301853    
   17.11339124602931    
   15.83986468392809    
   14.34047584156693    
   12.79070540856923    
   11.30614390049038    
   9.949238360403479    
   8.747384187952710    
   7.706138250352007    
   6.815177835018929    
   6.056250342857977    
   5.412855234441078    
   4.871345727283949    
   4.415426958764119    
   4.027811666127023    
   3.698092797412659    
   3.421329670717050    
   3.188386467482801    
   2.986702087104999    
   2.811492268445024    
   2.665302312703634    
   2.544086632809361    
   2.435813535681608    
   2.336680614344727    
   2.254942525661711    
   2.192104251868860    
   2.134822262621905    
   2.075074543906111    
   2.023680572877704    
   1.990413411601369    
   1.964123016676835    
   1.929557977449116    
   1.892932119277212    
   1.870790990336263    
   1.860805471652359    
   1.845381488832532    
   1.821186639355538    
   1.803016031065177    
   1.797220877444960    
   1.792198252113144    
   1.779796217627471    
   1.767447634181033    
   1.762305975939887    
   1.759483770841981    
   1.753673155418062    
   1.748481091533091    
   1.746674087752246    
   1.743787897066903    
   1.738535663819943    
   1.737275902829134    
   1.741171824646856    
   1.741528261067648    
   1.735435472214382    
   1.732938137586099    
   1.739712388698260    
   1.745834561709642    
   1.742694414181835    
   1.738503312118460    
   1.743925355483026    
   1.753340334783786    
   1.755272174633115    
   1.752625186910389    
   1.756531934535333    
   1.766314124117412    
   1.771905221988338    
   1.772516652749762    
   1.776950696822399    
   1.786814703287971    
   1.794469746478214    
   1.797958092578474    
   1.804069286353795    
   1.814988214850220    
   1.824600486604023    
   1.830563169369244    
   1.838479369299125    
   1.850928845309931    
   1.862871904473116    
   1.871580237803559    
   1.881580146371438    
   1.895749657816224    
   1.910147825045660    
   1.921906980202693    
   1.934480844713889    
   1.950705138127605    
