  0.2801382121675532    
  0.2848403337675818    
  0.2896873816134999    
  0.2946849425639895    
  0.2998391080530846    
  0.3051564653458924    
  0.3106440897507885    
  0.3163096344706380    
  0.3221614102817880    
  0.3282083925173954    
  0.3344602656414633    
  0.3409275318897880    
  0.3476215723566121    
  0.3545546734462548    
  0.3617401300238277    
  0.3691923666592485    
  0.3769269624183589    
  0.3849606805189579    
  0.3933116065465393    
  0.4019992252695925    
  0.4110443140188658    
  0.4204688510381486    
  0.4302960050505811    
  0.4405498631932130    
  0.4512547308309127    
  0.4624342635685467    
  0.4741103391224427    
  0.4863009551631793    
  0.4990167457301701    
  0.5122561821767906    
  0.5259987409094162    
  0.5401943307254991    
  0.5547477719726005    
  0.5694977920242812    
  0.5841892261294229    
  0.5984375045960817    
  0.6116893561414045    
  0.6231915129517704    
  0.6319879722477761    
  0.6369763547299079    
  0.6370558095180683    
  0.6313689542086167    
  0.6195720157209443    
  0.6020074201359116    
  0.5796721125135282    
  0.5539826247541266    
  0.5264521235354664    
  0.4984214772679803    
  0.4709193035146542    
  0.4446403276106252    
  0.4199920348130474    
  0.3971657683690565    
  0.3762064704494019    
  0.3570682909796755    
  0.3396533133423325    
  0.3238374404222449    
  0.3094877163459016    
  0.2964726221814284    
  0.2846669685644708    
  0.2739543846706256    
  0.2642290218960608    
  0.2553958874392281    
  0.2473698173923460    
  0.2400745575404022    
  0.2334424647925792    
  0.2274138027212558    
  0.2219353963978018    
  0.2169597284178834    
  0.2124447255192694    
  0.2083532420595366    
  0.2046520403343411    
  0.2013112070673891    
  0.1983041644999209    
  0.1956073718877133    
  0.1931995741670587    
  0.1910614479326563    
  0.1891757537155306    
  0.1875271723975454    
  0.1861017266145042    
  0.1848865653801220    
  0.1838701875992007    
  0.1830423537535588    
  0.1823936189974660    
  0.1819152014299052    
  0.1815992349414880    
  0.1814387199190415    
  0.1814271319928873    
  0.1815583441007359    
  0.1818268871681213    
  0.1822279187826663    
  0.1827568841613543    
  0.1834094737149153    
  0.1841818812951482    
  0.1850707808833001    
  0.1860730255421461    
  0.1871856276136847    
  0.1884060077209288    
  0.1897319747729360    
  0.1911614558161631    
  0.1926924913995965    
  0.1943234707012367    
  0.1960531117722227    
  0.1978802183790219    
  0.1998036865429905    
  0.2018227233498792    
  0.2039368260108120    
  0.2061455639679873    
  0.2084485945729854    
  0.2108458639491092    
  0.2133375839103226    
  0.2159240389248964    
  0.2186056107834528    
  0.2213829611863259    
  0.2242570059105383    
  0.2272287461879565    
  0.2302993025383266    
  0.2334700798556259    
  0.2367427396830432    
  0.2401190562399458    
  0.2436009590831334    
  0.2471906811642288    
  0.2508907313256684    
  0.2547037769902638    
  0.2586326956648966    
  0.2626807057582947    
  0.2668513418399974    
  0.2711483677749456    
  0.2755758382494470    
  0.2801382121675532    
  0.2848403337675818    
  0.2896873816134999    
  0.2946849425639895    
  0.2998391080530846    
  0.3051564653458924    
  0.3106440897507885    
  0.3163096344706380    
  0.3221614102817880    
  0.3282083925173954    
  0.3344602656414633    
  0.3409275318897880    
  0.3476215723566121    
  0.3545546734462548    
  0.3617401300238277    
  0.3691923666592485    
  0.3769269624183589    
  0.3849606805189579    
  0.3933116065465393    
  0.4019992252695925    
  0.4110443140188658    
  0.4204688510381486    
  0.4302960050505811    
  0.4405498631932130    
  0.4512547308309127    
  0.4624342635685467    
  0.4741103391224427    
  0.4863009551631793    
  0.4990167457301701    
  0.5122561821767906    
  0.5259987409094162    
  0.5401943307254991    
  0.5547477719726005    
  0.5694977920242812    
  0.5841892261294229    
  0.5984375045960817    
  0.6116893561414045    
  0.6231915129517704    
  0.6319879722477761    
  0.6369763547299079    
  0.6370558095180683    
  0.6313689542086167    
  0.6195720157209443    
  0.6020074201359116    
  0.5796721125135282    
  0.5539826247541266    
  0.5264521235354664    
  0.4984214772679803    
  0.4709193035146542    
  0.4446403276106252    
  0.4199920348130474    
  0.3971657683690565    
  0.3762064704494019    
  0.3570682909796755    
  0.3396533133423325    
  0.3238374404222449    
  0.3094877163459016    
  0.2964726221814284    
  0.2846669685644708    
  0.2739543846706256    
  0.2642290218960608    
  0.2553958874392281    
  0.2473698173923460    
  0.2400745575404022    
  0.2334424647925792    
  0.2274138027212558    
  0.2219353963978018    
  0.2169597284178834    
  0.2124447255192694    
  0.2083532420595366    
  0.2046520403343411    
  0.2013112070673891    
  0.1983041644999209    
  0.1956073718877133    
  0.1931995741670587    
  0.1910614479326563    
  0.1891757537155306    
  0.1875271723975454    
  0.1861017266145042    
  0.1848865653801220    
  0.1838701875992007    
  0.1830423537535588    
  0.1823936189974660    
  0.1819152014299052    
  0.1815992349414880    
  0.1814387199190415    
  0.1814271319928873    
  0.1815583441007359    
  0.1818268871681213    
  0.1822279187826663    
  0.1827568841613543    
  0.1834094737149153    
  0.1841818812951482    
  0.1850707808833001    
  0.1860730255421461    
  0.1871856276136847    
  0.1884060077209288    
  0.1897319747729360    
  0.1911614558161631    
  0.1926924913995965    
  0.1943234707012367    
  0.1960531117722227    
  0.1978802183790219    
  0.1998036865429905    
  0.2018227233498792    
  0.2039368260108120    
  0.2061455639679873    
  0.2084485945729854    
  0.2108458639491092    
  0.2133375839103226    
  0.2159240389248964    
  0.2186056107834528    
  0.2213829611863259    
  0.2242570059105383    
  0.2272287461879565    
  0.2302993025383266    
  0.2334700798556259    
  0.2367427396830432    
  0.2401190562399458    
  0.2436009590831334    
  0.2471906811642288    
  0.2508907313256684    
  0.2547037769902638    
  0.2586326956648966    
  0.2626807057582947    
  0.2668513418399974    
  0.2711483677749456    
  0.2755758382494470    
