   2.263121803031503    
   2.283583215745066    
   2.304793616347037    
   2.325751381947478    
   2.347778493039618    
   2.371807942258183    
   2.396621632778845    
   2.421329810583104    
   2.447003556117338    
   2.474376384941660    
   2.502312167056007    
   2.529933036224864    
   2.558033781248702    
   2.587059967265221    
   2.615752798915404    
   2.643028977298199    
   2.669212962244059    
   2.694180562122114    
   2.716105112228592    
   2.733133316149770    
   2.744450068101550    
   2.748479140951399    
   2.741607238849117    
   2.719600535404938    
   2.678420149860373    
   2.612272945234223    
   2.512038363793515    
   2.366162541522911    
   2.160908689626735    
   1.877791717203993    
   1.491182626826439    
  0.9683513596607647    
  0.2692720447168936    
 -0.6555556655536314    
  -1.865278227595431    
  -3.422316716252904    
  -5.379178016583110    
  -7.757800458318886    
  -10.51754710191321    
  -13.51569927471486    
  -16.48476247182684    
  -19.06200981609008    
  -20.88458912657477    
  -21.71453729756531    
  -21.52307450732793    
  -20.48211034696214    
  -18.87480017875127    
  -16.98901112330072    
  -15.05097670259397    
  -13.20877379541743    
  -11.54240149600063    
  -10.08135312656388    
  -8.824332355012645    
  -7.756267395619244    
  -6.856587186073340    
  -6.101404099413100    
  -5.467120171746454    
  -4.934728779940423    
  -4.488944779130339    
  -4.114646948318823    
  -3.797987198089499    
  -3.529953840429733    
  -3.304527934375507    
  -3.113972131539411    
  -2.950211134401905    
  -2.809717055463431    
  -2.691638058378296    
  -2.591669311365000    
  -2.503592847696409    
  -2.426357488854714    
  -2.362637650593063    
  -2.310037454557816    
  -2.261559141168884    
  -2.216119307424757    
  -2.179765726094387    
  -2.153408044587790    
  -2.128610905325884    
  -2.100636278212813    
  -2.076501294442210    
  -2.062720038360559    
  -2.053180054525609    
  -2.038570009359085    
  -2.021469336597805    
  -2.011258017477135    
  -2.008116614482890    
  -2.003433836244035    
  -1.994372226065872    
  -1.986995402183227    
  -1.984659841282189    
  -1.983360016986699    
  -1.980217027041960    
  -1.977756321198164    
  -1.977487977210014    
  -1.976962513249833    
  -1.975565162223940    
  -1.976214382072527    
  -1.979096708062008    
  -1.980517994953678    
  -1.980099568395853    
  -1.982133406616493    
  -1.987438937603958    
  -1.991194218273424    
  -1.991832730673216    
  -1.994525524009145    
  -2.001881679481391    
  -2.008722446469159    
  -2.011195142787949    
  -2.013964656669845    
  -2.022074891723324    
  -2.031957930632557    
  -2.037820920757844    
  -2.041844353892091    
  -2.050035066517841    
  -2.061665493676917    
  -2.071130567751322    
  -2.078043409012490    
  -2.087320096563233    
  -2.100135522480238    
  -2.112466282600153    
  -2.122822596105734    
  -2.134488849783418    
  -2.149083963259407    
  -2.164005436734809    
  -2.177762061177534    
  -2.192544648323016    
  -2.209759683992166    
  -2.227594534178750    
  -2.244837101635086    
  -2.263121803031503    
  -2.283583215745066    
  -2.304793616347037    
  -2.325751381947478    
  -2.347778493039618    
  -2.371807942258183    
  -2.396621632778845    
  -2.421329810583104    
  -2.447003556117338    
  -2.474376384941660    
  -2.502312167056007    
  -2.529933036224864    
  -2.558033781248702    
  -2.587059967265221    
  -2.615752798915404    
  -2.643028977298199    
  -2.669212962244059    
  -2.694180562122114    
  -2.716105112228592    
  -2.733133316149770    
  -2.744450068101550    
  -2.748479140951399    
  -2.741607238849117    
  -2.719600535404938    
  -2.678420149860373    
  -2.612272945234223    
  -2.512038363793515    
  -2.366162541522911    
  -2.160908689626735    
  -1.877791717203993    
  -1.491182626826439    
 -0.9683513596607647    
 -0.2692720447168936    
  0.6555556655536314    
   1.865278227595431    
   3.422316716252904    
   5.379178016583110    
   7.757800458318886    
   10.51754710191321    
   13.51569927471486    
   16.48476247182684    
   19.06200981609008    
   20.88458912657477    
   21.71453729756531    
   21.52307450732793    
   20.48211034696214    
   18.87480017875127    
   16.98901112330072    
   15.05097670259397    
   13.20877379541743    
   11.54240149600063    
   10.08135312656388    
   8.824332355012645    
   7.756267395619244    
   6.856587186073340    
   6.101404099413100    
   5.467120171746454    
   4.934728779940423    
   4.488944779130339    
   4.114646948318823    
   3.797987198089499    
   3.529953840429733    
   3.304527934375507    
   3.113972131539411    
   2.950211134401905    
   2.809717055463431    
   2.691638058378296    
   2.591669311365000    
   2.503592847696409    
   2.426357488854714    
   2.362637650593063    
   2.310037454557816    
   2.261559141168884    
   2.216119307424757    
   2.179765726094387    
   2.153408044587790    
   2.128610905325884    
   2.100636278212813    
   2.076501294442210    
   2.062720038360559    
   2.053180054525609    
   2.038570009359085    
   2.021469336597805    
   2.011258017477135    
   2.008116614482890    
   2.003433836244035    
   1.994372226065872    
   1.986995402183227    
   1.984659841282189    
   1.983360016986699    
   1.980217027041960    
   1.977756321198164    
   1.977487977210014    
   1.976962513249833    
   1.975565162223940    
   1.976214382072527    
   1.979096708062008    
   1.980517994953678    
   1.980099568395853    
   1.982133406616493    
   1.987438937603958    
   1.991194218273424    
   1.991832730673216    
   1.994525524009145    
   2.001881679481391    
   2.008722446469159    
   2.011195142787949    
   2.013964656669845    
   2.022074891723324    
   2.031957930632557    
   2.037820920757844    
   2.041844353892091    
   2.050035066517841    
   2.061665493676917    
   2.071130567751322    
   2.078043409012490    
   2.087320096563233    
   2.100135522480238    
   2.112466282600153    
   2.122822596105734    
   2.134488849783418    
   2.149083963259407    
   2.164005436734809    
   2.177762061177534    
   2.192544648323016    
   2.209759683992166    
   2.227594534178750    
   2.244837101635086    
