  0.3741872089946149    
  0.3734447809557360    
  0.3725731946055461    
  0.3715736326449400    
  0.3704470034354035    
  0.3691939666525117    
  0.3678149483229142    
  0.3663101371855380    
  0.3646794867281724    
  0.3629227359716360    
  0.3610394278526757    
  0.3590289079233114    
  0.3568903206152351    
  0.3546226237695517    
  0.3522246087823460    
  0.3496949032032184    
  0.3470319632502979    
  0.3442340807744593    
  0.3412994029976537    
  0.3382259408482724    
  0.3350115620583037    
  0.3316539914526476    
  0.3281508273246304    
  0.3244995548346012    
  0.3206975439618376    
  0.3167420471668386    
  0.3126302117131037    
  0.3083590960273932    
  0.3039256744496992    
  0.2993268371196642    
  0.2945594006761789    
  0.2896201268255171    
  0.2845057343702574    
  0.2792129050652857    
  0.2737382965351129    
  0.2680785643763891    
  0.2622303822372724    
  0.2561904565185065    
  0.2499555454637202    
  0.2435224873411581    
  0.2368882299904634    
  0.2300498567922334    
  0.2230046155385204    
  0.2157499556538611    
  0.2082835689031602    
  0.2006034283692619    
  0.1927078295508367    
  0.1845954386538604    
  0.1762653451293623    
  0.1677171135503505    
  0.1589508367659013    
  0.1499671944383490    
  0.1407675149355309    
  0.1313538359909302    
  0.1217289647250814    
  0.1118965400176566    
  0.1018610953484504    
  0.9162811751711675E-01
  0.8120410079906472E-01
  0.7059659855770560E-01
  0.5981427027225968E-01
  0.4886691920587789E-01
  0.3776551953629619E-01
  0.2652223443166471E-01
  0.1515042311525456E-01
  0.3664632253463480E-02
 -0.7919429586292928E-02
 -0.1958493256874302E-01
 -0.3131398235656462E-01
 -0.4308769677055924E-01
 -0.5488630266620993E-01
 -0.6668924960984628E-01
 -0.7847533935276919E-01
 -0.9022287311268104E-01
 -0.1019098153223927    
 -0.1135139680843320    
 -0.1250131527174254    
 -0.1363853986377399    
 -0.1476091370461901    
 -0.1586633919393423    
 -0.1695279630209075    
 -0.1801836003900013    
 -0.1906121693047474    
 -0.2007967978328646    
 -0.2107220018870276    
 -0.2203737890865442    
 -0.2297397429924317    
 -0.2388090830178765    
 -0.2475726956425031    
 -0.2560231406008958    
 -0.2641546377927523    
 -0.2719630335766715    
 -0.2794457429057393    
 -0.2866016718542679    
 -0.2934311293743542    
 -0.2999357297552006    
 -0.3061182818994176    
 -0.3119826685072876    
 -0.3175337248462257    
 -0.3227771203211808    
 -0.3277192379621436    
 -0.3323670520073462    
 -0.3367280122479597    
 -0.3408099391229160    
 -0.3446209237131097    
 -0.3481692299849337    
 -0.3514632066205075    
 -0.3545112128016004    
 -0.3573215509993131    
 -0.3599024017333259    
 -0.3622617675195877    
 -0.3644074318611619    
 -0.3663469247953014    
 -0.3680874862344606    
 -0.3696360349062329    
 -0.3709991535364083    
 -0.3721830819204354    
 -0.3731937024510888    
 -0.3740365233196019    
 -0.3747166775701102    
 -0.3752389356965222    
 -0.3756077096355787    
 -0.3758270438795324    
 -0.3759006162603157    
 -0.3758317587325987    
 -0.3756234761692070    
 -0.3752784454210852    
 -0.3747990122456899    
 -0.3741872089946149    
 -0.3734447809557360    
 -0.3725731946055461    
 -0.3715736326449400    
 -0.3704470034354035    
 -0.3691939666525117    
 -0.3678149483229142    
 -0.3663101371855380    
 -0.3646794867281724    
 -0.3629227359716360    
 -0.3610394278526757    
 -0.3590289079233114    
 -0.3568903206152351    
 -0.3546226237695517    
 -0.3522246087823460    
 -0.3496949032032184    
 -0.3470319632502979    
 -0.3442340807744593    
 -0.3412994029976537    
 -0.3382259408482724    
 -0.3350115620583037    
 -0.3316539914526476    
 -0.3281508273246304    
 -0.3244995548346012    
 -0.3206975439618376    
 -0.3167420471668386    
 -0.3126302117131037    
 -0.3083590960273932    
 -0.3039256744496992    
 -0.2993268371196642    
 -0.2945594006761789    
 -0.2896201268255171    
 -0.2845057343702574    
 -0.2792129050652857    
 -0.2737382965351129    
 -0.2680785643763891    
 -0.2622303822372724    
 -0.2561904565185065    
 -0.2499555454637202    
 -0.2435224873411581    
 -0.2368882299904634    
 -0.2300498567922334    
 -0.2230046155385204    
 -0.2157499556538611    
 -0.2082835689031602    
 -0.2006034283692619    
 -0.1927078295508367    
 -0.1845954386538604    
 -0.1762653451293623    
 -0.1677171135503505    
 -0.1589508367659013    
 -0.1499671944383490    
 -0.1407675149355309    
 -0.1313538359909302    
 -0.1217289647250814    
 -0.1118965400176566    
 -0.1018610953484504    
 -0.9162811751711675E-01
 -0.8120410079906472E-01
 -0.7059659855770560E-01
 -0.5981427027225968E-01
 -0.4886691920587789E-01
 -0.3776551953629619E-01
 -0.2652223443166471E-01
 -0.1515042311525456E-01
 -0.3664632253463480E-02
  0.7919429586292928E-02
  0.1958493256874302E-01
  0.3131398235656462E-01
  0.4308769677055924E-01
  0.5488630266620993E-01
  0.6668924960984628E-01
  0.7847533935276919E-01
  0.9022287311268104E-01
  0.1019098153223927    
  0.1135139680843320    
  0.1250131527174254    
  0.1363853986377399    
  0.1476091370461901    
  0.1586633919393423    
  0.1695279630209075    
  0.1801836003900013    
  0.1906121693047474    
  0.2007967978328646    
  0.2107220018870276    
  0.2203737890865442    
  0.2297397429924317    
  0.2388090830178765    
  0.2475726956425031    
  0.2560231406008958    
  0.2641546377927523    
  0.2719630335766715    
  0.2794457429057393    
  0.2866016718542679    
  0.2934311293743542    
  0.2999357297552006    
  0.3061182818994176    
  0.3119826685072876    
  0.3175337248462257    
  0.3227771203211808    
  0.3277192379621436    
  0.3323670520073462    
  0.3367280122479597    
  0.3408099391229160    
  0.3446209237131097    
  0.3481692299849337    
  0.3514632066205075    
  0.3545112128016004    
  0.3573215509993131    
  0.3599024017333259    
  0.3622617675195877    
  0.3644074318611619    
  0.3663469247953014    
  0.3680874862344606    
  0.3696360349062329    
  0.3709991535364083    
  0.3721830819204354    
  0.3731937024510888    
  0.3740365233196019    
  0.3747166775701102    
  0.3752389356965222    
  0.3756077096355787    
  0.3758270438795324    
  0.3759006162603157    
  0.3758317587325987    
  0.3756234761692070    
  0.3752784454210852    
  0.3747990122456899    
