  0.2742038483185632    
  0.2788500561283531    
  0.2836389750381503    
  0.2885760114953655    
  0.2936670875649862    
  0.2989185813407538    
  0.3043373141390235    
  0.3099306910012307    
  0.3157067799574151    
  0.3216742641088118    
  0.3278424880799936    
  0.3342216218922880    
  0.3408227148040068    
  0.3476576633405264    
  0.3547393260422133    
  0.3620817069576439    
  0.3696999673526357    
  0.3776103967216228    
  0.3858305797652961    
  0.3943795503757374    
  0.4032776736126190    
  0.4125465087146499    
  0.4222088674698795    
  0.4322886617471047    
  0.4428102263304645    
  0.4537974689980967    
  0.4652729252789725    
  0.4772559100905746    
  0.4897592038543988    
  0.5027844852311352    
  0.5163159810081037    
  0.5303104584757550    
  0.5446821301414067    
  0.5592820331407782    
  0.5738705192364887    
  0.5880812191395415    
  0.6013795234196769    
  0.6130269005892788    
  0.6220714507286260    
  0.6273962097232185    
  0.6278620010586593    
  0.6225543583560197    
  0.6110715857905545    
  0.5937203355443355    
  0.5714971552216663    
  0.5458483084961927    
  0.5183286015082738    
  0.4903147443162780    
  0.4628570957892988    
  0.4366585044572805    
  0.4121251615160622    
  0.3894420725760196    
  0.3686461930037850    
  0.3496840946521224    
  0.3324514581239753    
  0.3168190650205198    
  0.3026501298168633    
  0.2898104922475063    
  0.2781731938069704    
  0.2676206795070291    
  0.2580464149885863    
  0.2493551475415963    
  0.2414616916466160    
  0.2342898802200478    
  0.2277722888946438    
  0.2218495319198119    
  0.2164688105226607    
  0.2115829542670064    
  0.2071502668070554    
  0.2031340265211178    
  0.1995013895800439    
  0.1962227804973070    
  0.1932719679434909    
  0.1906257817332190    
  0.1882632970191128    
  0.1861654677290643    
  0.1843153394573642    
  0.1826978943962066    
  0.1812994163539846    
  0.1801072726856598    
  0.1791101928637595    
  0.1782981797232205    
  0.1776619907717163    
  0.1771930123499220    
  0.1768835644020613    
  0.1767268432471602    
  0.1767164803821608    
  0.1768464758566286    
  0.1771115087942227    
  0.1775068939430865    
  0.1780281951875017    
  0.1786711975392392    
  0.1794322115980058    
  0.1803080348369373    
  0.1812956071057318    
  0.1823920086588124    
  0.1835947510713984    
  0.1849017380436025    
  0.1863109559024028    
  0.1878204905825482    
  0.1894288004437150    
  0.1911346731564519    
  0.1929369471635428    
  0.1948345441865107    
  0.1968267219760849    
  0.1989130252126440    
  0.2010930350761425    
  0.2033664153509360    
  0.2057331449167497    
  0.2081934624711047    
  0.2107476426697070    
  0.2133960541420629    
  0.2161393716017731    
  0.2189785154363318    
  0.2219144547400707    
  0.2249482762428113    
  0.2280813754063444    
  0.2313153920644626    
  0.2346520420330900    
  0.2380931970106504    
  0.2416410540069766    
  0.2452980683082683    
  0.2490668162607825    
  0.2529500869786950    
  0.2569510296478813    
  0.2610730856860393    
  0.2653198865143698    
  0.2696953586038456    
  0.2742038483185632    
  0.2788500561283531    
  0.2836389750381503    
  0.2885760114953655    
  0.2936670875649862    
  0.2989185813407538    
  0.3043373141390235    
  0.3099306910012307    
  0.3157067799574151    
  0.3216742641088118    
  0.3278424880799936    
  0.3342216218922880    
  0.3408227148040068    
  0.3476576633405264    
  0.3547393260422133    
  0.3620817069576439    
  0.3696999673526357    
  0.3776103967216228    
  0.3858305797652961    
  0.3943795503757374    
  0.4032776736126190    
  0.4125465087146499    
  0.4222088674698795    
  0.4322886617471047    
  0.4428102263304645    
  0.4537974689980967    
  0.4652729252789725    
  0.4772559100905746    
  0.4897592038543988    
  0.5027844852311352    
  0.5163159810081037    
  0.5303104584757550    
  0.5446821301414067    
  0.5592820331407782    
  0.5738705192364887    
  0.5880812191395415    
  0.6013795234196769    
  0.6130269005892788    
  0.6220714507286260    
  0.6273962097232185    
  0.6278620010586593    
  0.6225543583560197    
  0.6110715857905545    
  0.5937203355443355    
  0.5714971552216663    
  0.5458483084961927    
  0.5183286015082738    
  0.4903147443162780    
  0.4628570957892988    
  0.4366585044572805    
  0.4121251615160622    
  0.3894420725760196    
  0.3686461930037850    
  0.3496840946521224    
  0.3324514581239753    
  0.3168190650205198    
  0.3026501298168633    
  0.2898104922475063    
  0.2781731938069704    
  0.2676206795070291    
  0.2580464149885863    
  0.2493551475415963    
  0.2414616916466160    
  0.2342898802200478    
  0.2277722888946438    
  0.2218495319198119    
  0.2164688105226607    
  0.2115829542670064    
  0.2071502668070554    
  0.2031340265211178    
  0.1995013895800439    
  0.1962227804973070    
  0.1932719679434909    
  0.1906257817332190    
  0.1882632970191128    
  0.1861654677290643    
  0.1843153394573642    
  0.1826978943962066    
  0.1812994163539846    
  0.1801072726856598    
  0.1791101928637595    
  0.1782981797232205    
  0.1776619907717163    
  0.1771930123499220    
  0.1768835644020613    
  0.1767268432471602    
  0.1767164803821608    
  0.1768464758566286    
  0.1771115087942227    
  0.1775068939430865    
  0.1780281951875017    
  0.1786711975392392    
  0.1794322115980058    
  0.1803080348369373    
  0.1812956071057318    
  0.1823920086588124    
  0.1835947510713984    
  0.1849017380436025    
  0.1863109559024028    
  0.1878204905825482    
  0.1894288004437150    
  0.1911346731564519    
  0.1929369471635428    
  0.1948345441865107    
  0.1968267219760849    
  0.1989130252126440    
  0.2010930350761425    
  0.2033664153509360    
  0.2057331449167497    
  0.2081934624711047    
  0.2107476426697070    
  0.2133960541420629    
  0.2161393716017731    
  0.2189785154363318    
  0.2219144547400707    
  0.2249482762428113    
  0.2280813754063444    
  0.2313153920644626    
  0.2346520420330900    
  0.2380931970106504    
  0.2416410540069766    
  0.2452980683082683    
  0.2490668162607825    
  0.2529500869786950    
  0.2569510296478813    
  0.2610730856860393    
  0.2653198865143698    
  0.2696953586038456    
