  0.3842350108245068    
  0.3835634527291754    
  0.3827593121142294    
  0.3818239040776584    
  0.3807582592043214    
  0.3795631323466373    
  0.3782390250275402    
  0.3767862017377516    
  0.3752046905109334    
  0.3734942843169364    
  0.3716545572299927    
  0.3696848833224808    
  0.3675844415280412    
  0.3653522131958051    
  0.3629869899535033    
  0.3604873905125789    
  0.3578518698777924    
  0.3550787178750302    
  0.3521660612110482    
  0.3491118755181311    
  0.3459139964403948    
  0.3425701215559269    
  0.3390778109290751    
  0.3354344952944313    
  0.3316374871865662    
  0.3276839864167874    
  0.3235710823503737    
  0.3192957609847467    
  0.3148549164076770    
  0.3102453599485833    
  0.3054638264183326    
  0.3005069831914077    
  0.2953714437947416    
  0.2900537817032344    
  0.2845505425986691    
  0.2788582586722678    
  0.2729734671170211    
  0.2668927304069955    
  0.2606126566816148    
  0.2541299223553609    
  0.2474412987568818    
  0.2405436814464363    
  0.2334341209920237    
  0.2261098566175271    
  0.2185683540148817    
  0.2108073462845511    
  0.2028248770451688    
  0.1946193467897009    
  0.1861895633920192    
  0.1775347956596755    
  0.1686548288546354    
  0.1595500228630841    
  0.1502213735311655    
  0.1406705758037697    
  0.1309000872004703    
  0.1209131917307466    
  0.1107140642323949    
  0.1003078333197485    
  0.8970064090950258E-01
  0.7889969775806362E-01
  0.6791333443165744E-01
  0.5675104543571319E-01
  0.4542352396286189E-01
  0.3394268621139340E-01
  0.2232168444332469E-01
  0.1057490646734028E-01
 -0.1282040949370804E-02
 -0.1323236556530474E-01
 -0.2525814030242530E-01
 -0.3734037247274186E-01
 -0.4945909300907509E-01
 -0.6159346516364779E-01
 -0.7372191121975227E-01
 -0.8582225673110264E-01
 -0.9787189168368844E-01
 -0.1098479458396831    
 -0.1217274744718874    
 -0.1334876518390083    
 -0.1451059699296294    
 -0.1565604379994727    
 -0.1678297775972601    
 -0.1788936095710118    
 -0.1897326304425643    
 -0.2003287738403779    
 -0.2106653521697605    
 -0.2207271763922893    
 -0.2305006535544211    
 -0.2399738600099749    
 -0.2491365875487657    
 -0.2579803629998327    
 -0.2664984444586125    
 -0.2746857950257460    
 -0.2825390329959928    
 -0.2900563609929964    
 -0.2972374801794450    
 -0.3040834926383457    
 -0.3105967907521879    
 -0.3167809355772876    
 -0.3226405318060764    
 -0.3281811039688052    
 -0.3334089710500378    
 -0.3383311182769762    
 -0.3429550734448489    
 -0.3472887945483457    
 -0.3513405646711409    
 -0.3551188876718440    
 -0.3586323896020561    
 -0.3618897358589834    
 -0.3648995617966917    
 -0.3676704051310750    
 -0.3702106395470334    
 -0.3725284221700219    
 -0.3746316585468608    
 -0.3765279713615752    
 -0.3782246640505169    
 -0.3797286908632022    
 -0.3810466452639550    
 -0.3821847566351264    
 -0.3831488786352783    
 -0.3839444740821008    
 -0.3845766143754608    
 -0.3850499926178404    
 -0.3853689305796431    
 -0.3855373739766902    
 -0.3855588942351733    
 -0.3854367068312116    
 -0.3851736898603949    
 -0.3847723875731938    
 -0.3842350108245068    
 -0.3835634527291754    
 -0.3827593121142294    
 -0.3818239040776584    
 -0.3807582592043214    
 -0.3795631323466373    
 -0.3782390250275402    
 -0.3767862017377516    
 -0.3752046905109334    
 -0.3734942843169364    
 -0.3716545572299927    
 -0.3696848833224808    
 -0.3675844415280412    
 -0.3653522131958051    
 -0.3629869899535033    
 -0.3604873905125789    
 -0.3578518698777924    
 -0.3550787178750302    
 -0.3521660612110482    
 -0.3491118755181311    
 -0.3459139964403948    
 -0.3425701215559269    
 -0.3390778109290751    
 -0.3354344952944313    
 -0.3316374871865662    
 -0.3276839864167874    
 -0.3235710823503737    
 -0.3192957609847467    
 -0.3148549164076770    
 -0.3102453599485833    
 -0.3054638264183326    
 -0.3005069831914077    
 -0.2953714437947416    
 -0.2900537817032344    
 -0.2845505425986691    
 -0.2788582586722678    
 -0.2729734671170211    
 -0.2668927304069955    
 -0.2606126566816148    
 -0.2541299223553609    
 -0.2474412987568818    
 -0.2405436814464363    
 -0.2334341209920237    
 -0.2261098566175271    
 -0.2185683540148817    
 -0.2108073462845511    
 -0.2028248770451688    
 -0.1946193467897009    
 -0.1861895633920192    
 -0.1775347956596755    
 -0.1686548288546354    
 -0.1595500228630841    
 -0.1502213735311655    
 -0.1406705758037697    
 -0.1309000872004703    
 -0.1209131917307466    
 -0.1107140642323949    
 -0.1003078333197485    
 -0.8970064090950258E-01
 -0.7889969775806362E-01
 -0.6791333443165744E-01
 -0.5675104543571319E-01
 -0.4542352396286189E-01
 -0.3394268621139340E-01
 -0.2232168444332469E-01
 -0.1057490646734028E-01
  0.1282040949370804E-02
  0.1323236556530474E-01
  0.2525814030242530E-01
  0.3734037247274186E-01
  0.4945909300907509E-01
  0.6159346516364779E-01
  0.7372191121975227E-01
  0.8582225673110264E-01
  0.9787189168368844E-01
  0.1098479458396831    
  0.1217274744718874    
  0.1334876518390083    
  0.1451059699296294    
  0.1565604379994727    
  0.1678297775972601    
  0.1788936095710118    
  0.1897326304425643    
  0.2003287738403779    
  0.2106653521697605    
  0.2207271763922893    
  0.2305006535544211    
  0.2399738600099749    
  0.2491365875487657    
  0.2579803629998327    
  0.2664984444586125    
  0.2746857950257460    
  0.2825390329959928    
  0.2900563609929964    
  0.2972374801794450    
  0.3040834926383457    
  0.3105967907521879    
  0.3167809355772876    
  0.3226405318060764    
  0.3281811039688052    
  0.3334089710500378    
  0.3383311182769762    
  0.3429550734448489    
  0.3472887945483457    
  0.3513405646711409    
  0.3551188876718440    
  0.3586323896020561    
  0.3618897358589834    
  0.3648995617966917    
  0.3676704051310750    
  0.3702106395470334    
  0.3725284221700219    
  0.3746316585468608    
  0.3765279713615752    
  0.3782246640505169    
  0.3797286908632022    
  0.3810466452639550    
  0.3821847566351264    
  0.3831488786352783    
  0.3839444740821008    
  0.3845766143754608    
  0.3850499926178404    
  0.3853689305796431    
  0.3855373739766902    
  0.3855588942351733    
  0.3854367068312116    
  0.3851736898603949    
  0.3847723875731938    
