  0.1856808923128768    
  0.1839403635778583    
  0.1821949371354402    
  0.1804446611326125    
  0.1786895833172504    
  0.1769297510477423    
  0.1751652113026767    
  0.1733960106905679    
  0.1716221954596282    
  0.1698438115075704    
  0.1680609043914442    
  0.1662735193374898    
  0.1644817012510198    
  0.1626854947263066    
  0.1608849440564852    
  0.1590800932434573    
  0.1572709860078012    
  0.1554576657986686    
  0.1536401758036847    
  0.1518185589588263    
  0.1499928579582921    
  0.1481631152643467    
  0.1463293731171469    
  0.1444916735445370    
  0.1426500583718182    
  0.1408045692314781    
  0.1389552475728921    
  0.1371021346719761    
  0.1352452716408061    
  0.1333846994371819    
  0.1315204588741525    
  0.1296525906294821    
  0.1277811352550721    
  0.1259061331863152    
  0.1240276247514036    
  0.1221456501805660    
  0.1202602496152498    
  0.1183714631172341    
  0.1164793306776769    
  0.1145838922260926    
  0.1126851876392614    
  0.1107832567500609    
  0.1088781393562295    
  0.1069698752290471    
  0.1050585041219450    
  0.1031440657790297    
  0.1012265999435316    
  0.9930614636616553E-01
  0.9738274481341613E-01
  0.9545643507572721E-01
  0.9352725697561487E-01
  0.9159525037568533E-01
  0.8966045518657073E-01
  0.8772291137476890E-01
  0.8578265897039755E-01
  0.8383973807485084E-01
  0.8189418886836991E-01
  0.7994605161751145E-01
  0.7799536668252882E-01
  0.7604217452465134E-01
  0.7408651571327235E-01
  0.7212843093303406E-01
  0.7016796099082012E-01
  0.6820514682264256E-01
  0.6624002950044039E-01
  0.6427265023876072E-01
  0.6230305040135814E-01
  0.6033127150767514E-01
  0.5835735523923424E-01
  0.5638134344591905E-01
  0.5440327815215679E-01
  0.5242320156299307E-01
  0.5044115607006816E-01
  0.4845718425748258E-01
  0.4647132890756384E-01
  0.4448363300652214E-01
  0.4249413975000671E-01
  0.4050289254855088E-01
  0.3850993503291456E-01
  0.3651531105931816E-01
  0.3451906471457283E-01
  0.3252124032109988E-01
  0.3052188244184778E-01
  0.2852103588509625E-01
  0.2651874570916091E-01
  0.2451505722698277E-01
  0.2251001601061664E-01
  0.2050366789560676E-01
  0.1849605898526030E-01
  0.1648723565480803E-01
  0.1447724455546284E-01
  0.1246613261836504E-01
  0.1045394705842817E-01
  0.8440735378067776E-02
  0.6426545370833203E-02
  0.4411425124922319E-02
  0.2395423026601895E-02
  0.3785877635071877E-03
 -0.1639031672151736E-02
 -0.3657385980501138E-02
 -0.5676425551010666E-02
 -0.7696100459612776E-02
 -0.9716360465923168E-02
 -0.1173715501057049E-01
 -0.1375843321262393E-01
 -0.1578014386713272E-01
 -0.1780223544276222E-01
 -0.1982465607953920E-01
 -0.2184735358669498E-01
 -0.2387027544061371E-01
 -0.2589336878288084E-01
 -0.2791658041843587E-01
 -0.2993985681382028E-01
 -0.3196314409553147E-01
 -0.3398638804847054E-01
 -0.3600953411449570E-01
 -0.3803252739106622E-01
 -0.4005531262998963E-01
 -0.4207783423626227E-01
 -0.4410003626700965E-01
 -0.4612186243051619E-01
 -0.4814325608535652E-01
 -0.5016416023961506E-01
 -0.5218451755020181E-01
 -0.5420427032225761E-01
 -0.5622336050865423E-01
 -0.5824172970958053E-01
 -0.6025931917222360E-01
 -0.6227606979052980E-01
 -0.6429192210506557E-01
 -0.6630681630295193E-01
 -0.6832069221789755E-01
 -0.7033348933030575E-01
 -0.7234514676747145E-01
 -0.7435560330385771E-01
 -0.7636479736145829E-01
 -0.7837266701023538E-01
 -0.8037914996864165E-01
 -0.8238418360421690E-01
 -0.8438770493426717E-01
 -0.8638965062661486E-01
 -0.8838995700042784E-01
 -0.9038856002712081E-01
 -0.9238539533133228E-01
 -0.9438039819196847E-01
 -0.9637350354332508E-01
 -0.9836464597627059E-01
 -0.1003537597395079    
 -0.1023407787408930    
 -0.1043256365488273    
 -0.1063082663937109    
 -0.1082886011694637    
 -0.1102665734351045    
 -0.1122421154163961    
 -0.1142151590075471    
 -0.1161856357729780    
 -0.1181534769491395    
 -0.1201186134463927    
 -0.1220809758509427    
 -0.1240404944268295    
 -0.1259970991179680    
 -0.1279507195502476    
 -0.1299012850336757    
 -0.1318487245645803    
 -0.1337929668278548    
 -0.1357339401992546    
 -0.1376715727477402    
 -0.1396057922378708    
 -0.1415365261322363    
 -0.1434637015939418    
 -0.1453872454891287    
 -0.1473070843895466    
 -0.1492231445751601    
 -0.1511353520368008    
 -0.1530436324788594    
 -0.1549479113220185    
 -0.1568481137060207    
 -0.1587441644924816    
 -0.1606359882677333    
 -0.1625235093457127    
 -0.1644066517708813    
 -0.1662853393211830    
 -0.1681594955110373    
 -0.1700290435943709    
 -0.1718939065676794    
 -0.1737540071731289    
 -0.1756092679016878    
 -0.1774596109962987    
 -0.1793049584550776    
 -0.1811452320345541    
 -0.1829803532529413    
 -0.1848102433934447    
 -0.1866348235075976    
 -0.1884540144186440    
 -0.1902677367249405    
 -0.1920759108034109    
 -0.1938784568130238    
 -0.1956752946983101    
 -0.1974663441929183    
 -0.1992515248232100    
 -0.2010307559118867    
 -0.2028039565816631    
 -0.2045710457589727    
 -0.2063319421777229    
 -0.2080865643830847    
 -0.2098348307353293    
 -0.2115766594137058    
 -0.2133119684203708    
 -0.2150406755843566    
 -0.2167626985655943    
 -0.2184779548589819    
 -0.2201863617985108    
 -0.2218878365614381    
 -0.2235822961725187    
 -0.2252696575082926    
 -0.2269498373014351    
 -0.2286227521451622    
 -0.2302883184977051    
 -0.2319464526868467    
 -0.2335970709145307    
 -0.2352400892615372    
 -0.2368754236922337    
 -0.2385029900594021    
 -0.2401227041091454    
 -0.2417344814858740    
 -0.2433382377373807    
 -0.2449338883199972    
 -0.2465213486038511    
 -0.2481005338782087    
 -0.2496713593569195    
 -0.2512337401839595    
 -0.2527875914390851    
 -0.2543328281435882    
 -0.2558693652661677    
 -0.2573971177289145    
 -0.2589160004134206    
 -0.2604259281670065    
 -0.2619268158090804    
 -0.2634185781376263    
 -0.2649011299358332    
 -0.2663743859788590    
 -0.2678382610407435    
 -0.2692926699014655    
 -0.2707375273541623    
 -0.2721727482124983    
 -0.2735982473182004    
 -0.2750139395487592    
 -0.2764197398253062    
 -0.2778155631206618    
 -0.2792013244675684    
 -0.2805769389671063    
 -0.2819423217973052    
 -0.2832973882219463    
 -0.2846420535995664    
 -0.2859762333926676    
 -0.2872998431771365    
 -0.2886127986518750    
 -0.2899150156486552    
 -0.2912064101421905    
 -0.2924868982604449    
 -0.2937563962951670    
 -0.2950148207126615    
 -0.2962620881648050    
 -0.2974981155003094    
 -0.2987228197762302    
 -0.2999361182697320    
 -0.3011379284901092    
 -0.3023281681910751    
 -0.3035067553833076    
 -0.3046736083472696    
 -0.3058286456462989    
 -0.3069717861399769    
 -0.3081029489977722    
 -0.3092220537129657    
 -0.3103290201168594    
 -0.3114237683932750    
 -0.3125062190933341    
 -0.3135762931505304    
 -0.3146339118960928    
 -0.3156789970746419    
 -0.3167114708601378    
 -0.3177312558721204    
 -0.3187382751922427    
 -0.3197324523811016    
 -0.3207137114953553    
 -0.3216819771051354    
 -0.3226371743117451    
 -0.3235792287656519    
 -0.3245080666847600    
 -0.3254236148729662    
 -0.3263258007389954    
 -0.3272145523155148    
 -0.3280897982785149    
 -0.3289514679669570    
 -0.3297994914026820    
 -0.3306337993105775    
 -0.3314543231389877    
 -0.3322609950803664    
 -0.3330537480921623    
 -0.3338325159179326    
 -0.3345972331086680    
 -0.3353478350443253    
 -0.3360842579555554    
 -0.3368064389456191    
 -0.3375143160124731    
 -0.3382078280710163    
 -0.3388869149754870    
 -0.3395515175419923    
 -0.3402015775711620    
 -0.3408370378708987    
 -0.3414578422792260    
 -0.3420639356872079    
 -0.3426552640619214    
 -0.3432317744694693    
 -0.3437934150980136    
 -0.3443401352808106    
 -0.3448718855192265    
 -0.3453886175057126    
 -0.3458902841467235    
 -0.3463768395855533    
 -0.3468482392250696    
 -0.3473044397503182    
 -0.3477453991509822    
 -0.3481710767436672    
 -0.3485814331939914    
 -0.3489764305384492    
 -0.3493560322060327    
 -0.3497202030395821    
 -0.3500689093168343    
 -0.3504021187711492    
 -0.3507198006118857    
 -0.3510219255444026    
 -0.3513084657896532    
 -0.3515793951033488    
 -0.3518346887946640    
 -0.3520743237444608    
 -0.3522982784229969    
 -0.3525065329070924    
 -0.3526990688967349    
 -0.3528758697310888    
 -0.3530369204038864    
 -0.3531822075781677    
 -0.3533117196003524    
 -0.3534254465136137    
 -0.3535233800705273    
 -0.3536055137449703    
 -0.3536718427432506    
 -0.3537223640144416    
 -0.3537570762598952    
 -0.3537759799419136    
 -0.3537790772915617    
 -0.3537663723155953    
 -0.3537378708024901    
 -0.3536935803275419    
 -0.3536335102570374    
 -0.3535576717514659    
 -0.3534660777677638    
 -0.3533587430605700    
 -0.3532356841824875    
 -0.3530969194833371    
 -0.3529424691083913    
 -0.3527723549955764    
 -0.3525866008716449    
 -0.3523852322473022    
 -0.3521682764112899    
 -0.3519357624234141    
 -0.3516877211065261    
 -0.3514241850374538    
 -0.3511451885368790    
 -0.3508507676581665    
 -0.3505409601751532    
 -0.3502158055689006    
 -0.3498753450134175    
 -0.3495196213603591    
 -0.3491486791227219    
 -0.3487625644575389    
 -0.3483613251475944    
 -0.3479450105821633    
 -0.3475136717368079    
 -0.3470673611522366    
 -0.3466061329122521    
 -0.3461300426208029    
 -0.3456391473781678    
 -0.3451335057562934    
 -0.3446131777733130    
 -0.3440782248672594    
 -0.3435287098690234    
 -0.3429646969745610    
 -0.3423862517163980    
 -0.3417934409344465    
 -0.3411863327461775    
 -0.3405649965161754    
 -0.3399295028251075    
 -0.3392799234381405    
 -0.3386163312728432    
 -0.3379388003666055    
 -0.3372474058436139    
 -0.3365422238814075    
 -0.3358233316770671    
 -0.3350908074130605    
 -0.3343447302227889    
 -0.3335851801558589    
 -0.3328122381431347    
 -0.3320259859615888    
 -0.3312265061990043    
 -0.3304138822185467    
 -0.3295881981232587    
 -0.3287495387205035    
 -0.3278979894863974    
 -0.3270336365302569    
 -0.3261565665591112    
 -0.3252668668422967    
 -0.3243646251761834    
 -0.3234499298490463    
 -0.3225228696061349    
 -0.3215835336149552    
 -0.3206320114308097    
 -0.3196683929626032    
 -0.3186927684389720    
 -0.3177052283747365    
 -0.3167058635377262    
 -0.3156947649159863    
 -0.3146720236854030    
 -0.3136377311777627    
 -0.3125919788492770    
 -0.3115348582495817    
 -0.3104664609912478    
 -0.3093868787198097    
 -0.3082962030843390    
 -0.3071945257085709    
 -0.3060819381626125    
 -0.3049585319352381    
 -0.3038243984067939    
 -0.3026796288227109    
 -0.3015243142676591    
 -0.3003585456403342    
 -0.2991824136289036    
 -0.2979960086871021    
 -0.2967994210110021    
 -0.2955927405164575    
 -0.2943760568172271    
 -0.2931494592037804    
 -0.2919130366227964    
 -0.2906668776573513    
 -0.2894110705078048    
 -0.2881457029733736    
 -0.2868708624344081    
 -0.2855866358353580    
 -0.2842931096684416    
 -0.2829903699579888    
 -0.2816785022454939    
 -0.2803575915753359    
 -0.2790277224811933    
 -0.2776889789731256    
 -0.2763414445253305    
 -0.2749852020645643    
 -0.2736203339592242    
 -0.2722469220090730    
 -0.2708650474356161    
 -0.2694747908731085    
 -0.2680762323601933    
 -0.2666694513321513    
 -0.2652545266137651    
 -0.2638315364127793    
 -0.2624005583139532    
 -0.2609616692736835    
 -0.2595149456152062    
 -0.2580604630243460    
 -0.2565982965458218    
 -0.2551285205800757    
 -0.2536512088806364    
 -0.2521664345519870    
 -0.2506742700479410    
 -0.2491747871704968    
 -0.2476680570691800    
 -0.2461541502408418    
 -0.2446331365299184    
 -0.2431050851291239    
 -0.2415700645805783    
 -0.2400281427773474    
 -0.2384793869653978    
 -0.2369238637459291    
 -0.2353616390781045    
 -0.2337927782821376    
 -0.2322173460427476    
 -0.2306354064129527    
 -0.2290470228182033    
 -0.2274522580608360    
 -0.2258511743248428    
 -0.2242438331809344    
 -0.2226302955919028    
 -0.2210106219182533    
 -0.2193848719241140    
 -0.2177531047833936    
 -0.2161153790861928    
 -0.2144717528454498    
 -0.2128222835038169    
 -0.2111670279407434    
 -0.2095060424797801    
 -0.2078393828960680    
 -0.2061671044240260    
 -0.2044892617652088    
 -0.2028059090963410    
 -0.2011171000775092    
 -0.1994228878605095    
 -0.1977233250973348    
 -0.1960184639488023    
 -0.1943083560933057    
 -0.1925930527356920    
 -0.1908726046162443    
 -0.1891470620197740    
 -0.1874164747848081    
 -0.1856808923128768    
 -0.1839403635778583    
 -0.1821949371354402    
 -0.1804446611326125    
 -0.1786895833172504    
 -0.1769297510477423    
 -0.1751652113026767    
 -0.1733960106905679    
 -0.1716221954596282    
 -0.1698438115075704    
 -0.1680609043914442    
 -0.1662735193374898    
 -0.1644817012510198    
 -0.1626854947263066    
 -0.1608849440564852    
 -0.1590800932434573    
 -0.1572709860078012    
 -0.1554576657986686    
 -0.1536401758036847    
 -0.1518185589588263    
 -0.1499928579582921    
 -0.1481631152643467    
 -0.1463293731171469    
 -0.1444916735445370    
 -0.1426500583718182    
 -0.1408045692314781    
 -0.1389552475728921    
 -0.1371021346719761    
 -0.1352452716408061    
 -0.1333846994371819    
 -0.1315204588741525    
 -0.1296525906294821    
 -0.1277811352550721    
 -0.1259061331863152    
 -0.1240276247514036    
 -0.1221456501805660    
 -0.1202602496152498    
 -0.1183714631172341    
 -0.1164793306776769    
 -0.1145838922260926    
 -0.1126851876392614    
 -0.1107832567500609    
 -0.1088781393562295    
 -0.1069698752290471    
 -0.1050585041219450    
 -0.1031440657790297    
 -0.1012265999435316    
 -0.9930614636616553E-01
 -0.9738274481341613E-01
 -0.9545643507572721E-01
 -0.9352725697561487E-01
 -0.9159525037568533E-01
 -0.8966045518657073E-01
 -0.8772291137476890E-01
 -0.8578265897039755E-01
 -0.8383973807485084E-01
 -0.8189418886836991E-01
 -0.7994605161751145E-01
 -0.7799536668252882E-01
 -0.7604217452465134E-01
 -0.7408651571327235E-01
 -0.7212843093303406E-01
 -0.7016796099082012E-01
 -0.6820514682264256E-01
 -0.6624002950044039E-01
 -0.6427265023876072E-01
 -0.6230305040135814E-01
 -0.6033127150767514E-01
 -0.5835735523923424E-01
 -0.5638134344591905E-01
 -0.5440327815215679E-01
 -0.5242320156299307E-01
 -0.5044115607006816E-01
 -0.4845718425748258E-01
 -0.4647132890756384E-01
 -0.4448363300652214E-01
 -0.4249413975000671E-01
 -0.4050289254855088E-01
 -0.3850993503291456E-01
 -0.3651531105931816E-01
 -0.3451906471457283E-01
 -0.3252124032109988E-01
 -0.3052188244184778E-01
 -0.2852103588509625E-01
 -0.2651874570916091E-01
 -0.2451505722698277E-01
 -0.2251001601061664E-01
 -0.2050366789560676E-01
 -0.1849605898526030E-01
 -0.1648723565480803E-01
 -0.1447724455546284E-01
 -0.1246613261836504E-01
 -0.1045394705842817E-01
 -0.8440735378067776E-02
 -0.6426545370833203E-02
 -0.4411425124922319E-02
 -0.2395423026601895E-02
 -0.3785877635071877E-03
  0.1639031672151736E-02
  0.3657385980501138E-02
  0.5676425551010666E-02
  0.7696100459612776E-02
  0.9716360465923168E-02
  0.1173715501057049E-01
  0.1375843321262393E-01
  0.1578014386713272E-01
  0.1780223544276222E-01
  0.1982465607953920E-01
  0.2184735358669498E-01
  0.2387027544061371E-01
  0.2589336878288084E-01
  0.2791658041843587E-01
  0.2993985681382028E-01
  0.3196314409553147E-01
  0.3398638804847054E-01
  0.3600953411449570E-01
  0.3803252739106622E-01
  0.4005531262998963E-01
  0.4207783423626227E-01
  0.4410003626700965E-01
  0.4612186243051619E-01
  0.4814325608535652E-01
  0.5016416023961506E-01
  0.5218451755020181E-01
  0.5420427032225761E-01
  0.5622336050865423E-01
  0.5824172970958053E-01
  0.6025931917222360E-01
  0.6227606979052980E-01
  0.6429192210506557E-01
  0.6630681630295193E-01
  0.6832069221789755E-01
  0.7033348933030575E-01
  0.7234514676747145E-01
  0.7435560330385771E-01
  0.7636479736145829E-01
  0.7837266701023538E-01
  0.8037914996864165E-01
  0.8238418360421690E-01
  0.8438770493426717E-01
  0.8638965062661486E-01
  0.8838995700042784E-01
  0.9038856002712081E-01
  0.9238539533133228E-01
  0.9438039819196847E-01
  0.9637350354332508E-01
  0.9836464597627059E-01
  0.1003537597395079    
  0.1023407787408930    
  0.1043256365488273    
  0.1063082663937109    
  0.1082886011694637    
  0.1102665734351045    
  0.1122421154163961    
  0.1142151590075471    
  0.1161856357729780    
  0.1181534769491395    
  0.1201186134463927    
  0.1220809758509427    
  0.1240404944268295    
  0.1259970991179680    
  0.1279507195502476    
  0.1299012850336757    
  0.1318487245645803    
  0.1337929668278548    
  0.1357339401992546    
  0.1376715727477402    
  0.1396057922378708    
  0.1415365261322363    
  0.1434637015939418    
  0.1453872454891287    
  0.1473070843895466    
  0.1492231445751601    
  0.1511353520368008    
  0.1530436324788594    
  0.1549479113220185    
  0.1568481137060207    
  0.1587441644924816    
  0.1606359882677333    
  0.1625235093457127    
  0.1644066517708813    
  0.1662853393211830    
  0.1681594955110373    
  0.1700290435943709    
  0.1718939065676794    
  0.1737540071731289    
  0.1756092679016878    
  0.1774596109962987    
  0.1793049584550776    
  0.1811452320345541    
  0.1829803532529413    
  0.1848102433934447    
  0.1866348235075976    
  0.1884540144186440    
  0.1902677367249405    
  0.1920759108034109    
  0.1938784568130238    
  0.1956752946983101    
  0.1974663441929183    
  0.1992515248232100    
  0.2010307559118867    
  0.2028039565816631    
  0.2045710457589727    
  0.2063319421777229    
  0.2080865643830847    
  0.2098348307353293    
  0.2115766594137058    
  0.2133119684203708    
  0.2150406755843566    
  0.2167626985655943    
  0.2184779548589819    
  0.2201863617985108    
  0.2218878365614381    
  0.2235822961725187    
  0.2252696575082926    
  0.2269498373014351    
  0.2286227521451622    
  0.2302883184977051    
  0.2319464526868467    
  0.2335970709145307    
  0.2352400892615372    
  0.2368754236922337    
  0.2385029900594021    
  0.2401227041091454    
  0.2417344814858740    
  0.2433382377373807    
  0.2449338883199972    
  0.2465213486038511    
  0.2481005338782087    
  0.2496713593569195    
  0.2512337401839595    
  0.2527875914390851    
  0.2543328281435882    
  0.2558693652661677    
  0.2573971177289145    
  0.2589160004134206    
  0.2604259281670065    
  0.2619268158090804    
  0.2634185781376263    
  0.2649011299358332    
  0.2663743859788590    
  0.2678382610407435    
  0.2692926699014655    
  0.2707375273541623    
  0.2721727482124983    
  0.2735982473182004    
  0.2750139395487592    
  0.2764197398253062    
  0.2778155631206618    
  0.2792013244675684    
  0.2805769389671063    
  0.2819423217973052    
  0.2832973882219463    
  0.2846420535995664    
  0.2859762333926676    
  0.2872998431771365    
  0.2886127986518750    
  0.2899150156486552    
  0.2912064101421905    
  0.2924868982604449    
  0.2937563962951670    
  0.2950148207126615    
  0.2962620881648050    
  0.2974981155003094    
  0.2987228197762302    
  0.2999361182697320    
  0.3011379284901092    
  0.3023281681910751    
  0.3035067553833076    
  0.3046736083472696    
  0.3058286456462989    
  0.3069717861399769    
  0.3081029489977722    
  0.3092220537129657    
  0.3103290201168594    
  0.3114237683932750    
  0.3125062190933341    
  0.3135762931505304    
  0.3146339118960928    
  0.3156789970746419    
  0.3167114708601378    
  0.3177312558721204    
  0.3187382751922427    
  0.3197324523811016    
  0.3207137114953553    
  0.3216819771051354    
  0.3226371743117451    
  0.3235792287656519    
  0.3245080666847600    
  0.3254236148729662    
  0.3263258007389954    
  0.3272145523155148    
  0.3280897982785149    
  0.3289514679669570    
  0.3297994914026820    
  0.3306337993105775    
  0.3314543231389877    
  0.3322609950803664    
  0.3330537480921623    
  0.3338325159179326    
  0.3345972331086680    
  0.3353478350443253    
  0.3360842579555554    
  0.3368064389456191    
  0.3375143160124731    
  0.3382078280710163    
  0.3388869149754870    
  0.3395515175419923    
  0.3402015775711620    
  0.3408370378708987    
  0.3414578422792260    
  0.3420639356872079    
  0.3426552640619214    
  0.3432317744694693    
  0.3437934150980136    
  0.3443401352808106    
  0.3448718855192265    
  0.3453886175057126    
  0.3458902841467235    
  0.3463768395855533    
  0.3468482392250696    
  0.3473044397503182    
  0.3477453991509822    
  0.3481710767436672    
  0.3485814331939914    
  0.3489764305384492    
  0.3493560322060327    
  0.3497202030395821    
  0.3500689093168343    
  0.3504021187711492    
  0.3507198006118857    
  0.3510219255444026    
  0.3513084657896532    
  0.3515793951033488    
  0.3518346887946640    
  0.3520743237444608    
  0.3522982784229969    
  0.3525065329070924    
  0.3526990688967349    
  0.3528758697310888    
  0.3530369204038864    
  0.3531822075781677    
  0.3533117196003524    
  0.3534254465136137    
  0.3535233800705273    
  0.3536055137449703    
  0.3536718427432506    
  0.3537223640144416    
  0.3537570762598952    
  0.3537759799419136    
  0.3537790772915617    
  0.3537663723155953    
  0.3537378708024901    
  0.3536935803275419    
  0.3536335102570374    
  0.3535576717514659    
  0.3534660777677638    
  0.3533587430605700    
  0.3532356841824875    
  0.3530969194833371    
  0.3529424691083913    
  0.3527723549955764    
  0.3525866008716449    
  0.3523852322473022    
  0.3521682764112899    
  0.3519357624234141    
  0.3516877211065261    
  0.3514241850374538    
  0.3511451885368790    
  0.3508507676581665    
  0.3505409601751532    
  0.3502158055689006    
  0.3498753450134175    
  0.3495196213603591    
  0.3491486791227219    
  0.3487625644575389    
  0.3483613251475944    
  0.3479450105821633    
  0.3475136717368079    
  0.3470673611522366    
  0.3466061329122521    
  0.3461300426208029    
  0.3456391473781678    
  0.3451335057562934    
  0.3446131777733130    
  0.3440782248672594    
  0.3435287098690234    
  0.3429646969745610    
  0.3423862517163980    
  0.3417934409344465    
  0.3411863327461775    
  0.3405649965161754    
  0.3399295028251075    
  0.3392799234381405    
  0.3386163312728432    
  0.3379388003666055    
  0.3372474058436139    
  0.3365422238814075    
  0.3358233316770671    
  0.3350908074130605    
  0.3343447302227889    
  0.3335851801558589    
  0.3328122381431347    
  0.3320259859615888    
  0.3312265061990043    
  0.3304138822185467    
  0.3295881981232587    
  0.3287495387205035    
  0.3278979894863974    
  0.3270336365302569    
  0.3261565665591112    
  0.3252668668422967    
  0.3243646251761834    
  0.3234499298490463    
  0.3225228696061349    
  0.3215835336149552    
  0.3206320114308097    
  0.3196683929626032    
  0.3186927684389720    
  0.3177052283747365    
  0.3167058635377262    
  0.3156947649159863    
  0.3146720236854030    
  0.3136377311777627    
  0.3125919788492770    
  0.3115348582495817    
  0.3104664609912478    
  0.3093868787198097    
  0.3082962030843390    
  0.3071945257085709    
  0.3060819381626125    
  0.3049585319352381    
  0.3038243984067939    
  0.3026796288227109    
  0.3015243142676591    
  0.3003585456403342    
  0.2991824136289036    
  0.2979960086871021    
  0.2967994210110021    
  0.2955927405164575    
  0.2943760568172271    
  0.2931494592037804    
  0.2919130366227964    
  0.2906668776573513    
  0.2894110705078048    
  0.2881457029733736    
  0.2868708624344081    
  0.2855866358353580    
  0.2842931096684416    
  0.2829903699579888    
  0.2816785022454939    
  0.2803575915753359    
  0.2790277224811933    
  0.2776889789731256    
  0.2763414445253305    
  0.2749852020645643    
  0.2736203339592242    
  0.2722469220090730    
  0.2708650474356161    
  0.2694747908731085    
  0.2680762323601933    
  0.2666694513321513    
  0.2652545266137651    
  0.2638315364127793    
  0.2624005583139532    
  0.2609616692736835    
  0.2595149456152062    
  0.2580604630243460    
  0.2565982965458218    
  0.2551285205800757    
  0.2536512088806364    
  0.2521664345519870    
  0.2506742700479410    
  0.2491747871704968    
  0.2476680570691800    
  0.2461541502408418    
  0.2446331365299184    
  0.2431050851291239    
  0.2415700645805783    
  0.2400281427773474    
  0.2384793869653978    
  0.2369238637459291    
  0.2353616390781045    
  0.2337927782821376    
  0.2322173460427476    
  0.2306354064129527    
  0.2290470228182033    
  0.2274522580608360    
  0.2258511743248428    
  0.2242438331809344    
  0.2226302955919028    
  0.2210106219182533    
  0.2193848719241140    
  0.2177531047833936    
  0.2161153790861928    
  0.2144717528454498    
  0.2128222835038169    
  0.2111670279407434    
  0.2095060424797801    
  0.2078393828960680    
  0.2061671044240260    
  0.2044892617652088    
  0.2028059090963410    
  0.2011171000775092    
  0.1994228878605095    
  0.1977233250973348    
  0.1960184639488023    
  0.1943083560933057    
  0.1925930527356920    
  0.1908726046162443    
  0.1891470620197740    
  0.1874164747848081    
