  0.2721196311343964    
  0.2767459142165506    
  0.2815141341208310    
  0.2864296342185936    
  0.2914982789403205    
  0.2967263731331404    
  0.3021206473539913    
  0.3076884195185222    
  0.3134376740193193    
  0.3193769909156358    
  0.3255155930738048    
  0.3318635331712575    
  0.3384317447555449    
  0.3452319856837694    
  0.3522769571389059    
  0.3595805130859353    
  0.3671576668090117    
  0.3750245366691531    
  0.3831985235167576    
  0.3916984961981335    
  0.4005446683820809    
  0.4097584401479926    
  0.4193624808848193    
  0.4293806233969391    
  0.4398371926603509    
  0.4507561554844453    
  0.4621602398677023    
  0.4740691805754088    
  0.4864964617237636    
  0.4994448239670412    
  0.5129000874904519    
  0.5268213540668912    
  0.5411260675330414    
  0.5556695395999254    
  0.5702175789581365    
  0.5844103290202383    
  0.5977200213324987    
  0.6094137908924181    
  0.6185418637928702    
  0.6239828868648354    
  0.6245846893941345    
  0.6194126451695112    
  0.6080440172301103    
  0.5907719877716204    
  0.5685923321042256    
  0.5429615938210168    
  0.5154493415162890    
  0.4874450259323567    
  0.4600066667860306    
  0.4338398903491920    
  0.4093503310945003    
  0.3867206803293064    
  0.3659850296666706    
  0.3470872681863225    
  0.3299208379499539    
  0.3143547469133064    
  0.3002508937574446    
  0.2874742234857877    
  0.2758971915539064    
  0.2654018588881619    
  0.2558814758038447    
  0.2472407204997809    
  0.2393944210499859    
  0.2322664592497302    
  0.2257895008787459    
  0.2199042933597586    
  0.2145581798373848    
  0.2097041215847348    
  0.2053005618304687    
  0.2013109313380384    
  0.1977025274474701    
  0.1944458985488026    
  0.1915149404287252    
  0.1888866144667900    
  0.1865401104782226    
  0.1844564812681142    
  0.1826188773085700    
  0.1810123889003499    
  0.1796233892475715    
  0.1784393208305815    
  0.1774489969530347    
  0.1766425086538177    
  0.1760106835545016    
  0.1755449649252202    
  0.1752377388611883    
  0.1750822725925757    
  0.1750722523626400    
  0.1752017219132533    
  0.1754654129195998    
  0.1758586960809285    
  0.1763771764212937    
  0.1770166721137176    
  0.1777735362246542    
  0.1786446100073677    
  0.1796268621272804    
  0.1807173963890829    
  0.1819137588430463    
  0.1832138877744839    
  0.1846157880716707    
  0.1861175600475775    
  0.1877176888105659    
  0.1894149891054019    
  0.1912083102265361    
  0.1930965805944685    
  0.1950790768619996    
  0.1971553630524065    
  0.1993250245507057    
  0.2015877258671940    
  0.2039434576545022    
  0.2063924696333063    
  0.2089350333984390    
  0.2115715126143801    
  0.2143025871938015    
  0.2171291799638251    
  0.2200522486041717    
  0.2230728681357506    
  0.2261924319961447    
  0.2294125731414047    
  0.2327349863411399    
  0.2361615231611544    
  0.2396943696135497    
  0.2433359630067935    
  0.2470888470371331    
  0.2509557799946875    
  0.2549398884977727    
  0.2590445820031618    
  0.2632734446259596    
  0.2676303581121364    
  0.2721196311343964    
  0.2767459142165506    
  0.2815141341208310    
  0.2864296342185936    
  0.2914982789403205    
  0.2967263731331404    
  0.3021206473539913    
  0.3076884195185222    
  0.3134376740193193    
  0.3193769909156358    
  0.3255155930738048    
  0.3318635331712575    
  0.3384317447555449    
  0.3452319856837694    
  0.3522769571389059    
  0.3595805130859353    
  0.3671576668090117    
  0.3750245366691531    
  0.3831985235167576    
  0.3916984961981335    
  0.4005446683820809    
  0.4097584401479926    
  0.4193624808848193    
  0.4293806233969391    
  0.4398371926603509    
  0.4507561554844453    
  0.4621602398677023    
  0.4740691805754088    
  0.4864964617237636    
  0.4994448239670412    
  0.5129000874904519    
  0.5268213540668912    
  0.5411260675330414    
  0.5556695395999254    
  0.5702175789581365    
  0.5844103290202383    
  0.5977200213324987    
  0.6094137908924181    
  0.6185418637928702    
  0.6239828868648354    
  0.6245846893941345    
  0.6194126451695112    
  0.6080440172301103    
  0.5907719877716204    
  0.5685923321042256    
  0.5429615938210168    
  0.5154493415162890    
  0.4874450259323567    
  0.4600066667860306    
  0.4338398903491920    
  0.4093503310945003    
  0.3867206803293064    
  0.3659850296666706    
  0.3470872681863225    
  0.3299208379499539    
  0.3143547469133064    
  0.3002508937574446    
  0.2874742234857877    
  0.2758971915539064    
  0.2654018588881619    
  0.2558814758038447    
  0.2472407204997809    
  0.2393944210499859    
  0.2322664592497302    
  0.2257895008787459    
  0.2199042933597586    
  0.2145581798373848    
  0.2097041215847348    
  0.2053005618304687    
  0.2013109313380384    
  0.1977025274474701    
  0.1944458985488026    
  0.1915149404287252    
  0.1888866144667900    
  0.1865401104782226    
  0.1844564812681142    
  0.1826188773085700    
  0.1810123889003499    
  0.1796233892475715    
  0.1784393208305815    
  0.1774489969530347    
  0.1766425086538177    
  0.1760106835545016    
  0.1755449649252202    
  0.1752377388611883    
  0.1750822725925757    
  0.1750722523626400    
  0.1752017219132533    
  0.1754654129195998    
  0.1758586960809285    
  0.1763771764212937    
  0.1770166721137176    
  0.1777735362246542    
  0.1786446100073677    
  0.1796268621272804    
  0.1807173963890829    
  0.1819137588430463    
  0.1832138877744839    
  0.1846157880716707    
  0.1861175600475775    
  0.1877176888105659    
  0.1894149891054019    
  0.1912083102265361    
  0.1930965805944685    
  0.1950790768619996    
  0.1971553630524065    
  0.1993250245507057    
  0.2015877258671940    
  0.2039434576545022    
  0.2063924696333063    
  0.2089350333984390    
  0.2115715126143801    
  0.2143025871938015    
  0.2171291799638251    
  0.2200522486041717    
  0.2230728681357506    
  0.2261924319961447    
  0.2294125731414047    
  0.2327349863411399    
  0.2361615231611544    
  0.2396943696135497    
  0.2433359630067935    
  0.2470888470371331    
  0.2509557799946875    
  0.2549398884977727    
  0.2590445820031618    
  0.2632734446259596    
  0.2676303581121364    
