  0.6833774800126651    
  0.6839382103615960    
  0.6845038509848362    
  0.6850749741416673    
  0.6856470441633603    
  0.6862111275697053    
  0.6867605781511604    
  0.6872964901552278    
  0.6878250697305127    
  0.6883501950841043    
  0.6888703524983970    
  0.6893826992543655    
  0.6898877665034453    
  0.6903887021732292    
  0.6908866247303889    
  0.6913775684161667    
  0.6918537294338390    
  0.6923080079024571    
  0.6927390639796898    
  0.6931529701157587    
  0.6935586686055302    
  0.6939599766258322    
  0.6943516299598991    
  0.6947234612122322    
  0.6950682322079710    
  0.6953854644461225    
  0.6956788252283959    
  0.6959507060432657    
  0.6961988314068337    
  0.6964176240943313    
  0.6966036510090111    
  0.6967601599882920    
  0.6968945955820313    
  0.6970095477358276    
  0.6970962826928629    
  0.6971389953672688    
  0.6971264262228845    
  0.6970591720400245    
  0.6969459145722197    
  0.6967934796304798    
  0.6966009305301005    
  0.6963623634539720    
  0.6960734266855141    
  0.6957328707192134    
  0.6953370863639952    
  0.6948756338486004    
  0.6943359778164184    
  0.6937136500196871    
  0.6930152976126400    
  0.6922498139783839    
  0.6914172790891595    
  0.6905071500802658    
  0.6895053982523429    
  0.6884020782339471    
  0.6871937353502253    
  0.6858806464106779    
  0.6844615070061911    
  0.6829302847988424    
  0.6812791152683706    
  0.6795033108133741    
  0.6775997216289458    
  0.6755595240656823    
  0.6733680064940808    
  0.6710148511782006    
  0.6684995511743688    
  0.6658212300526186    
  0.6629675721687953    
  0.6599216111401867    
  0.6566766307881704    
  0.6532340312920760    
  0.6495851630408090    
  0.6457051333846744    
  0.6415695066361461    
  0.6371702976341925    
  0.6325101490312494    
  0.6275859086558964    
  0.6223827752243319    
  0.6168789058635883    
  0.6110488686229066    
  0.6048666122814645    
  0.5983135182411552    
  0.5913831728287877    
  0.5840717104881823    
  0.5763625187913691    
  0.5682244045064055    
  0.5596241119198371    
  0.5505360705690990    
  0.5409404582731469    
  0.5308169650908904    
  0.5201412745699787    
  0.5088834573060684    
  0.4970086770742148    
  0.4844821817369596    
  0.4712732861561592    
  0.4573516032684773    
  0.4426810877389273    
  0.4272220519496112    
  0.4109365556903475    
  0.3937847829521010    
  0.3757170325701308    
  0.3566780628875097    
  0.3366209767634966    
  0.3155075721571872    
  0.2932906862685634    
  0.2699050274844647    
  0.2452823185179581    
  0.2193675432791593    
  0.1921099860312957    
  0.1634429553435174    
  0.1332845184251726    
  0.1015581020712324    
  0.6820099093437319E-01
  0.3314892585444122E-01
 -0.3678779017875197E-02
 -0.4237346713189967E-01
 -0.8302310072425395E-01
 -0.1257101753927970    
 -0.1705190731154977    
 -0.2175382793194996    
 -0.2668565250815153    
 -0.3185624797021327    
 -0.3727484794476094    
 -0.4295101125422907    
 -0.4889409160064907    
 -0.5511297718566384    
 -0.6161628878342810    
 -0.6841242135171720    
 -0.7550923779468628    
 -0.8291397486564487    
 -0.9063352634561211    
 -0.9867440991549914    
  -1.070420271667802    
  -1.157399536961596    
  -1.247701088261687    
  -1.341334278801247    
  -1.438298786437591    
  -1.538575046980984    
  -1.642114643744106    
  -1.748839900082700    
  -1.858649471775969    
  -1.971419553315102    
  -2.086997255323357    
  -2.205193317717257    
  -2.325781456110687    
  -2.448502271299301    
  -2.573063939390194    
  -2.699136916893260    
  -2.826348434500548    
  -2.954283824330980    
  -3.082494640572910    
  -3.210506532989985    
  -3.337820531380147    
  -3.463908979669070    
  -3.588213898129415    
  -3.710153935411689    
  -3.829137804887395    
  -3.944576485292457    
  -4.055889642198014    
  -4.162508652878444    
  -4.263880521660907    
  -4.359474049908584    
  -4.448788550570694    
  -4.531366108053358    
  -4.606804777735193    
  -4.674764909212303    
  -4.734965153760998    
  -4.787177443521140    
  -4.831232916858462    
  -4.867035583128979    
  -4.894567594685057    
  -4.913879519377175    
  -4.925078116667167    
  -4.928324682286244    
  -4.923839398353133    
  -4.911898879336640    
  -4.892825529060393    
  -4.866977570036845    
  -4.834743119364087    
  -4.796534287429951    
  -4.752781068640941    
  -4.703928438251857    
  -4.650433018165173    
  -4.592752162480863    
  -4.531330518218657    
  -4.466598225458264    
  -4.398980640724575    
  -4.328900862199460    
  -4.256765388883960    
  -4.182948879808521    
  -4.107795750369313    
  -4.031631295856689    
  -3.954763818666641    
  -3.877477944765898    
  -3.800033609580409    
  -3.722671528925458    
  -3.645611985449703    
  -3.569046739201315    
  -3.493140133826745    
  -3.418042697691966    
  -3.343898194105067    
  -3.270832998972930    
  -3.198944522420042    
  -3.128307597128845    
  -3.058990333358233    
  -2.991058023283153    
  -2.924563886628343    
  -2.859544119680209    
  -2.796024287184260    
  -2.734025885584026    
  -2.673564510759868    
  -2.614645163448964    
  -2.557262307165440    
  -2.501404201432383    
  -2.447057891829316    
  -2.394212596684840    
  -2.342858305976963    
  -2.292978742742859    
  -2.244546440470451    
  -2.197528312531772    
  -2.151895810943547    
  -2.107625252843687    
  -2.064687951011344    
  -2.023046173545954    
  -1.982662227565093    
  -1.943507004519009    
  -1.905555287201806    
  -1.868776310684139    
  -1.833134519352959    
  -1.798597619084577    
  -1.765137562070399    
  -1.732723236820036    
  -1.701317968220510    
  -1.670886746438371    
  -1.641402055309986    
  -1.612839478235840    
  -1.585170009870021    
  -1.558360199956901    
  -1.532379244308789    
  -1.507203141430611    
  -1.482811393676650    
  -1.459181376778612    
  -1.436286787756588    
  -1.414100551107491    
  -1.392597927308786    
  -1.371756642786002    
  -1.351555044408525    
  -1.331971384061527    
  -1.312984983648454    
  -1.294576728913489    
  -1.276727371079575    
  -1.259416250406423    
  -1.242623329915860    
  -1.226332391524715    
  -1.210530630636718    
  -1.195204575421037    
  -1.180337612856601    
  -1.165912228486341    
  -1.151913537396008    
  -1.138329292402792    
  -1.125146736319109    
  -1.112350700981969    
  -1.099925296196606    
  -1.087856982661138    
  -1.076135467163282    
  -1.064751554891846    
  -1.053694455077509    
  -1.042951575424885    
  -1.032511008008042    
  -1.022363793215914    
  -1.012503407342402    
  -1.002923345483198    
 -0.9936156479341020    
 -0.9845713729368856    
 -0.9757814620155699    
 -0.9672367436269629    
 -0.9589277523530153    
 -0.9508453285856950    
 -0.9429815874381438    
 -0.9353302160918909    
 -0.9278858124715221    
 -0.9206428013783312    
 -0.9135947229772351    
 -0.9067345486501968    
 -0.9000559070855952    
 -0.8935540038023736    
 -0.8872251002466043    
 -0.8810650662947725    
 -0.8750686318708925    
 -0.8692299581490485    
 -0.8635435593166011    
 -0.8580045979132095    
 -0.8526086646968916    
 -0.8473515676563773    
 -0.8422292948594113    
 -0.8372381323391942    
 -0.8323748580706042    
 -0.8276366311603670    
 -0.8230203083181512    
 -0.8185217852953369    
 -0.8141363165989159    
 -0.8098597137468326    
 -0.8056891940066458    
 -0.8016230478411815    
 -0.7976595644538178    
 -0.7937961512488164    
 -0.7900291536431139    
 -0.7863544022778339    
 -0.7827681572238043    
 -0.7792677579410332    
 -0.7758514560414529    
 -0.7725177631690562    
 -0.7692651095651140    
 -0.7660919772748437    
 -0.7629969462476416    
 -0.7599783515163669    
 -0.7570339157989707    
 -0.7541607571770431    
 -0.7513557844384331    
 -0.7486163365721485    
 -0.7459408187063130    
 -0.7433288189036905    
 -0.7407803596006951    
 -0.7382947655976287    
 -0.7358700995598926    
 -0.7335035149086114    
 -0.7311920514556371    
 -0.7289333359741308    
 -0.7267259879141101    
 -0.7245695891876363    
 -0.7224641331482999    
 -0.7204092801942559    
 -0.7184039742138558    
 -0.7164465783894753    
 -0.7145352516759613    
 -0.7126683382566785    
 -0.7108446654227708    
 -0.7090635162516555    
 -0.7073241693062181    
 -0.7056254506329328    
 -0.7039658923508407    
 -0.7023444152652970    
 -0.7007608323331475    
 -0.6992156884279928    
 -0.6977095416119649    
 -0.6962420764630498    
 -0.6948115398314730    
 -0.6934150196735104    
 -0.6920496254773174    
 -0.6907137830310031    
 -0.6894076389821978    
 -0.6881323725647296    
 -0.6868890567030118    
 -0.6856777620421349    
 -0.6844972446719348    
 -0.6833453441218161    
 -0.6822199372486304    
 -0.6811198638566660    
 -0.6800452311974921    
 -0.6789970638477162    
 -0.6779766608668412    
 -0.6769848913071131    
 -0.6760215626397912    
 -0.6750851936904967    
 -0.6741734405880526    
 -0.6732838904736425    
 -0.6724146822111325    
 -0.6715647621989542    
 -0.6707338976510230    
 -0.6699224905051363    
 -0.6691312333283310    
 -0.6683608730370317    
 -0.6676122430886140    
 -0.6668862659530528    
 -0.6661835991833582    
 -0.6655041493008704    
 -0.6648469351689144    
 -0.6642103765259612    
 -0.6635927290145346    
 -0.6629925037584419    
 -0.6624088043329451    
 -0.6618413682684687    
 -0.6612902109748138    
 -0.6607551844205537    
 -0.6602358196024231    
 -0.6597314365037390    
 -0.6592413715809584    
 -0.6587653791630161    
 -0.6583041275943897    
 -0.6578592715789342    
 -0.6574327341968027    
 -0.6570256373192032    
 -0.6566377009426202    
 -0.6562674374647559    
 -0.6559128694645971    
 -0.6555723310956971    
 -0.6552448849126973    
 -0.6549300065538046    
 -0.6546268484888248    
 -0.6543340575706216    
 -0.6540506554132380    
 -0.6537771746239114    
 -0.6535157756046635    
 -0.6532690884506757    
 -0.6530387234866131    
 -0.6528245431366548    
 -0.6526251215440139    
 -0.6524390189482903    
 -0.6522658687420810    
 -0.6521062847961087    
 -0.6519606395114971    
 -0.6518279773628106    
 -0.6517062148029715    
 -0.6515933879684195    
 -0.6514887352985662    
 -0.6513927852777782    
 -0.6513065760430008    
 -0.6512307249158863    
 -0.6511651558208654    
 -0.6511098144403079    
 -0.6510656705711680    
 -0.6510347121302633    
 -0.6510185476543405    
 -0.6510168471636043    
 -0.6510271689585476    
 -0.6510463868110101    
 -0.6510726105062898    
 -0.6511063209473470    
 -0.6511499842894636    
 -0.6512062049950460    
 -0.6512755501629964    
 -0.6513557925450608    
 -0.6514433619606412    
 -0.6515358535769840    
 -0.6516335810874774    
 -0.6517391548344504    
 -0.6518555930759296    
 -0.6519843023823064    
 -0.6521243299803987    
 -0.6522735733991402    
 -0.6524310613327854    
 -0.6525981952692774    
 -0.6527776296213968    
 -0.6529707700486934    
 -0.6531761781039157    
 -0.6533902208113207    
 -0.6536093811309024    
 -0.6538324446563205    
 -0.6540608511468197    
 -0.6542968461258922    
 -0.6545410958572264    
 -0.6547922428785569    
 -0.6550490004292805    
 -0.6553124983883438    
 -0.6555861764541352    
 -0.6558732057906714    
 -0.6561740142370351    
 -0.6564862050806228    
 -0.6568067262442114    
 -0.6571341430423243    
 -0.6574689010649361    
 -0.6578114388642968    
 -0.6581603043064463    
 -0.6585126321461988    
 -0.6588667594017023    
 -0.6592241628246075    
 -0.6595885774943461    
 -0.6599632990029174    
 -0.6603493321993217    
 -0.6607456077913008    
 -0.6611503677930052    
 -0.6615623922538593    
 -0.6619814800167961    
 -0.6624081436256342    
 -0.6628428014647572    
 -0.6632851082836999    
 -0.6637339690522421    
 -0.6641881050728899    
 -0.6646465761591519    
 -0.6651088713299432    
 -0.6655746810369872    
 -0.6660438404935454    
 -0.6665168561385693    
 -0.6669955612199019    
 -0.6674826050531437    
 -0.6679794614529561    
 -0.6684849940049888    
 -0.6689967466531029    
 -0.6695136752872123    
 -0.6700365982468975    
 -0.6705655841849215    
 -0.6710981511622333    
 -0.6716313229489723    
 -0.6721649483100998    
 -0.6727015698315110    
 -0.6732428791562720    
 -0.6737875308393005    
 -0.6743331482664898    
 -0.6748798373448058    
 -0.6754308647675915    
 -0.6759896960584699    
 -0.6765564296626485    
 -0.6771270849611529    
 -0.6776966653838244    
 -0.6782635772975391    
 -0.6788312098412463    
 -0.6794044710220821    
 -0.6799841299011983    
 -0.6805648386817685    
 -0.6811393296541154    
 -0.6817045020177906    
 -0.6822630321468852    
 -0.6828196617912727    
 -0.6833774800126651    
 -0.6839382103615960    
 -0.6845038509848362    
 -0.6850749741416673    
 -0.6856470441633603    
 -0.6862111275697053    
 -0.6867605781511604    
 -0.6872964901552278    
 -0.6878250697305127    
 -0.6883501950841043    
 -0.6888703524983970    
 -0.6893826992543655    
 -0.6898877665034453    
 -0.6903887021732292    
 -0.6908866247303889    
 -0.6913775684161667    
 -0.6918537294338390    
 -0.6923080079024571    
 -0.6927390639796898    
 -0.6931529701157587    
 -0.6935586686055302    
 -0.6939599766258322    
 -0.6943516299598991    
 -0.6947234612122322    
 -0.6950682322079710    
 -0.6953854644461225    
 -0.6956788252283959    
 -0.6959507060432657    
 -0.6961988314068337    
 -0.6964176240943313    
 -0.6966036510090111    
 -0.6967601599882920    
 -0.6968945955820313    
 -0.6970095477358276    
 -0.6970962826928629    
 -0.6971389953672688    
 -0.6971264262228845    
 -0.6970591720400245    
 -0.6969459145722197    
 -0.6967934796304798    
 -0.6966009305301005    
 -0.6963623634539720    
 -0.6960734266855141    
 -0.6957328707192134    
 -0.6953370863639952    
 -0.6948756338486004    
 -0.6943359778164184    
 -0.6937136500196871    
 -0.6930152976126400    
 -0.6922498139783839    
 -0.6914172790891595    
 -0.6905071500802658    
 -0.6895053982523429    
 -0.6884020782339471    
 -0.6871937353502253    
 -0.6858806464106779    
 -0.6844615070061911    
 -0.6829302847988424    
 -0.6812791152683706    
 -0.6795033108133741    
 -0.6775997216289458    
 -0.6755595240656823    
 -0.6733680064940808    
 -0.6710148511782006    
 -0.6684995511743688    
 -0.6658212300526186    
 -0.6629675721687953    
 -0.6599216111401867    
 -0.6566766307881704    
 -0.6532340312920760    
 -0.6495851630408090    
 -0.6457051333846744    
 -0.6415695066361461    
 -0.6371702976341925    
 -0.6325101490312494    
 -0.6275859086558964    
 -0.6223827752243319    
 -0.6168789058635883    
 -0.6110488686229066    
 -0.6048666122814645    
 -0.5983135182411552    
 -0.5913831728287877    
 -0.5840717104881823    
 -0.5763625187913691    
 -0.5682244045064055    
 -0.5596241119198371    
 -0.5505360705690990    
 -0.5409404582731469    
 -0.5308169650908904    
 -0.5201412745699787    
 -0.5088834573060684    
 -0.4970086770742148    
 -0.4844821817369596    
 -0.4712732861561592    
 -0.4573516032684773    
 -0.4426810877389273    
 -0.4272220519496112    
 -0.4109365556903475    
 -0.3937847829521010    
 -0.3757170325701308    
 -0.3566780628875097    
 -0.3366209767634966    
 -0.3155075721571872    
 -0.2932906862685634    
 -0.2699050274844647    
 -0.2452823185179581    
 -0.2193675432791593    
 -0.1921099860312957    
 -0.1634429553435174    
 -0.1332845184251726    
 -0.1015581020712324    
 -0.6820099093437319E-01
 -0.3314892585444122E-01
  0.3678779017875197E-02
  0.4237346713189967E-01
  0.8302310072425395E-01
  0.1257101753927970    
  0.1705190731154977    
  0.2175382793194996    
  0.2668565250815153    
  0.3185624797021327    
  0.3727484794476094    
  0.4295101125422907    
  0.4889409160064907    
  0.5511297718566384    
  0.6161628878342810    
  0.6841242135171720    
  0.7550923779468628    
  0.8291397486564487    
  0.9063352634561211    
  0.9867440991549914    
   1.070420271667802    
   1.157399536961596    
   1.247701088261687    
   1.341334278801247    
   1.438298786437591    
   1.538575046980984    
   1.642114643744106    
   1.748839900082700    
   1.858649471775969    
   1.971419553315102    
   2.086997255323357    
   2.205193317717257    
   2.325781456110687    
   2.448502271299301    
   2.573063939390194    
   2.699136916893260    
   2.826348434500548    
   2.954283824330980    
   3.082494640572910    
   3.210506532989985    
   3.337820531380147    
   3.463908979669070    
   3.588213898129415    
   3.710153935411689    
   3.829137804887395    
   3.944576485292457    
   4.055889642198014    
   4.162508652878444    
   4.263880521660907    
   4.359474049908584    
   4.448788550570694    
   4.531366108053358    
   4.606804777735193    
   4.674764909212303    
   4.734965153760998    
   4.787177443521140    
   4.831232916858462    
   4.867035583128979    
   4.894567594685057    
   4.913879519377175    
   4.925078116667167    
   4.928324682286244    
   4.923839398353133    
   4.911898879336640    
   4.892825529060393    
   4.866977570036845    
   4.834743119364087    
   4.796534287429951    
   4.752781068640941    
   4.703928438251857    
   4.650433018165173    
   4.592752162480863    
   4.531330518218657    
   4.466598225458264    
   4.398980640724575    
   4.328900862199460    
   4.256765388883960    
   4.182948879808521    
   4.107795750369313    
   4.031631295856689    
   3.954763818666641    
   3.877477944765898    
   3.800033609580409    
   3.722671528925458    
   3.645611985449703    
   3.569046739201315    
   3.493140133826745    
   3.418042697691966    
   3.343898194105067    
   3.270832998972930    
   3.198944522420042    
   3.128307597128845    
   3.058990333358233    
   2.991058023283153    
   2.924563886628343    
   2.859544119680209    
   2.796024287184260    
   2.734025885584026    
   2.673564510759868    
   2.614645163448964    
   2.557262307165440    
   2.501404201432383    
   2.447057891829316    
   2.394212596684840    
   2.342858305976963    
   2.292978742742859    
   2.244546440470451    
   2.197528312531772    
   2.151895810943547    
   2.107625252843687    
   2.064687951011344    
   2.023046173545954    
   1.982662227565093    
   1.943507004519009    
   1.905555287201806    
   1.868776310684139    
   1.833134519352959    
   1.798597619084577    
   1.765137562070399    
   1.732723236820036    
   1.701317968220510    
   1.670886746438371    
   1.641402055309986    
   1.612839478235840    
   1.585170009870021    
   1.558360199956901    
   1.532379244308789    
   1.507203141430611    
   1.482811393676650    
   1.459181376778612    
   1.436286787756588    
   1.414100551107491    
   1.392597927308786    
   1.371756642786002    
   1.351555044408525    
   1.331971384061527    
   1.312984983648454    
   1.294576728913489    
   1.276727371079575    
   1.259416250406423    
   1.242623329915860    
   1.226332391524715    
   1.210530630636718    
   1.195204575421037    
   1.180337612856601    
   1.165912228486341    
   1.151913537396008    
   1.138329292402792    
   1.125146736319109    
   1.112350700981969    
   1.099925296196606    
   1.087856982661138    
   1.076135467163282    
   1.064751554891846    
   1.053694455077509    
   1.042951575424885    
   1.032511008008042    
   1.022363793215914    
   1.012503407342402    
   1.002923345483198    
  0.9936156479341020    
  0.9845713729368856    
  0.9757814620155699    
  0.9672367436269629    
  0.9589277523530153    
  0.9508453285856950    
  0.9429815874381438    
  0.9353302160918909    
  0.9278858124715221    
  0.9206428013783312    
  0.9135947229772351    
  0.9067345486501968    
  0.9000559070855952    
  0.8935540038023736    
  0.8872251002466043    
  0.8810650662947725    
  0.8750686318708925    
  0.8692299581490485    
  0.8635435593166011    
  0.8580045979132095    
  0.8526086646968916    
  0.8473515676563773    
  0.8422292948594113    
  0.8372381323391942    
  0.8323748580706042    
  0.8276366311603670    
  0.8230203083181512    
  0.8185217852953369    
  0.8141363165989159    
  0.8098597137468326    
  0.8056891940066458    
  0.8016230478411815    
  0.7976595644538178    
  0.7937961512488164    
  0.7900291536431139    
  0.7863544022778339    
  0.7827681572238043    
  0.7792677579410332    
  0.7758514560414529    
  0.7725177631690562    
  0.7692651095651140    
  0.7660919772748437    
  0.7629969462476416    
  0.7599783515163669    
  0.7570339157989707    
  0.7541607571770431    
  0.7513557844384331    
  0.7486163365721485    
  0.7459408187063130    
  0.7433288189036905    
  0.7407803596006951    
  0.7382947655976287    
  0.7358700995598926    
  0.7335035149086114    
  0.7311920514556371    
  0.7289333359741308    
  0.7267259879141101    
  0.7245695891876363    
  0.7224641331482999    
  0.7204092801942559    
  0.7184039742138558    
  0.7164465783894753    
  0.7145352516759613    
  0.7126683382566785    
  0.7108446654227708    
  0.7090635162516555    
  0.7073241693062181    
  0.7056254506329328    
  0.7039658923508407    
  0.7023444152652970    
  0.7007608323331475    
  0.6992156884279928    
  0.6977095416119649    
  0.6962420764630498    
  0.6948115398314730    
  0.6934150196735104    
  0.6920496254773174    
  0.6907137830310031    
  0.6894076389821978    
  0.6881323725647296    
  0.6868890567030118    
  0.6856777620421349    
  0.6844972446719348    
  0.6833453441218161    
  0.6822199372486304    
  0.6811198638566660    
  0.6800452311974921    
  0.6789970638477162    
  0.6779766608668412    
  0.6769848913071131    
  0.6760215626397912    
  0.6750851936904967    
  0.6741734405880526    
  0.6732838904736425    
  0.6724146822111325    
  0.6715647621989542    
  0.6707338976510230    
  0.6699224905051363    
  0.6691312333283310    
  0.6683608730370317    
  0.6676122430886140    
  0.6668862659530528    
  0.6661835991833582    
  0.6655041493008704    
  0.6648469351689144    
  0.6642103765259612    
  0.6635927290145346    
  0.6629925037584419    
  0.6624088043329451    
  0.6618413682684687    
  0.6612902109748138    
  0.6607551844205537    
  0.6602358196024231    
  0.6597314365037390    
  0.6592413715809584    
  0.6587653791630161    
  0.6583041275943897    
  0.6578592715789342    
  0.6574327341968027    
  0.6570256373192032    
  0.6566377009426202    
  0.6562674374647559    
  0.6559128694645971    
  0.6555723310956971    
  0.6552448849126973    
  0.6549300065538046    
  0.6546268484888248    
  0.6543340575706216    
  0.6540506554132380    
  0.6537771746239114    
  0.6535157756046635    
  0.6532690884506757    
  0.6530387234866131    
  0.6528245431366548    
  0.6526251215440139    
  0.6524390189482903    
  0.6522658687420810    
  0.6521062847961087    
  0.6519606395114971    
  0.6518279773628106    
  0.6517062148029715    
  0.6515933879684195    
  0.6514887352985662    
  0.6513927852777782    
  0.6513065760430008    
  0.6512307249158863    
  0.6511651558208654    
  0.6511098144403079    
  0.6510656705711680    
  0.6510347121302633    
  0.6510185476543405    
  0.6510168471636043    
  0.6510271689585476    
  0.6510463868110101    
  0.6510726105062898    
  0.6511063209473470    
  0.6511499842894636    
  0.6512062049950460    
  0.6512755501629964    
  0.6513557925450608    
  0.6514433619606412    
  0.6515358535769840    
  0.6516335810874774    
  0.6517391548344504    
  0.6518555930759296    
  0.6519843023823064    
  0.6521243299803987    
  0.6522735733991402    
  0.6524310613327854    
  0.6525981952692774    
  0.6527776296213968    
  0.6529707700486934    
  0.6531761781039157    
  0.6533902208113207    
  0.6536093811309024    
  0.6538324446563205    
  0.6540608511468197    
  0.6542968461258922    
  0.6545410958572264    
  0.6547922428785569    
  0.6550490004292805    
  0.6553124983883438    
  0.6555861764541352    
  0.6558732057906714    
  0.6561740142370351    
  0.6564862050806228    
  0.6568067262442114    
  0.6571341430423243    
  0.6574689010649361    
  0.6578114388642968    
  0.6581603043064463    
  0.6585126321461988    
  0.6588667594017023    
  0.6592241628246075    
  0.6595885774943461    
  0.6599632990029174    
  0.6603493321993217    
  0.6607456077913008    
  0.6611503677930052    
  0.6615623922538593    
  0.6619814800167961    
  0.6624081436256342    
  0.6628428014647572    
  0.6632851082836999    
  0.6637339690522421    
  0.6641881050728899    
  0.6646465761591519    
  0.6651088713299432    
  0.6655746810369872    
  0.6660438404935454    
  0.6665168561385693    
  0.6669955612199019    
  0.6674826050531437    
  0.6679794614529561    
  0.6684849940049888    
  0.6689967466531029    
  0.6695136752872123    
  0.6700365982468975    
  0.6705655841849215    
  0.6710981511622333    
  0.6716313229489723    
  0.6721649483100998    
  0.6727015698315110    
  0.6732428791562720    
  0.6737875308393005    
  0.6743331482664898    
  0.6748798373448058    
  0.6754308647675915    
  0.6759896960584699    
  0.6765564296626485    
  0.6771270849611529    
  0.6776966653838244    
  0.6782635772975391    
  0.6788312098412463    
  0.6794044710220821    
  0.6799841299011983    
  0.6805648386817685    
  0.6811393296541154    
  0.6817045020177906    
  0.6822630321468852    
  0.6828196617912727    
