  0.3259943960124206    
  0.3257499562333675    
  0.3254984184212678    
  0.3252397967747858    
  0.3249741046507602    
  0.3247013545641283    
  0.3244215581747675    
  0.3241347262870391    
  0.3238408688730531    
  0.3235399951011395    
  0.3232321133450295    
  0.3229172311729219    
  0.3225953553383087    
  0.3222664917909124    
  0.3219306457032873    
  0.3215878214917926    
  0.3212380228165989    
  0.3208812525685037    
  0.3205175128661898    
  0.3201468050762911    
  0.3197691298410482    
  0.3193844870883266    
  0.3189928760205202    
  0.3185942951050031    
  0.3181887420857665    
  0.3177762140089417    
  0.3173567072390790    
  0.3169302174558493    
  0.3164967396437050    
  0.3160562680934981    
  0.3156087964207269    
  0.3151543175869864    
  0.3146928239077215    
  0.3142243070440772    
  0.3137487579946217    
  0.3132661671036846    
  0.3127765240840992    
  0.3122798180347426    
  0.3117760374390278    
  0.3112651701530672    
  0.3107472034040407    
  0.3102221238064716    
  0.3096899173831850    
  0.3091505695735314    
  0.3086040652270284    
  0.3080503885964761    
  0.3074895233436083    
  0.3069214525556886    
  0.3063461587601496    
  0.3057636239276354    
  0.3051738294666169    
  0.3045767562211082    
  0.3039723844788039    
  0.3033606939856099    
  0.3027416639562984    
  0.3021152730758921    
  0.3014814994962907    
  0.3008403208368529    
  0.3001917141927399    
  0.2995356561470674    
  0.2988721227797810    
  0.2982010896694447    
  0.2975225318906477    
  0.2968364240146141    
  0.2961427401184175    
  0.2954414537986787    
  0.2947325381788164    
  0.2940159659059247    
  0.2932917091475493    
  0.2925597395998443    
  0.2918200285025901    
  0.2910725466462866    
  0.2903172643686258    
  0.2895541515540994    
  0.2887831776450536    
  0.2880043116537746    
  0.2872175221637783    
  0.2864227773267927    
  0.2856200448695900    
  0.2848092921089652    
  0.2839904859595699    
  0.2831635929300587    
  0.2823285791211696    
  0.2814854102370611    
  0.2806340516022970    
  0.2797744681689073    
  0.2789066245114654    
  0.2780304848245316    
  0.2771460129346099    
  0.2762531723200126    
  0.2753519261200912    
  0.2744422371279269    
  0.2735240677842657    
  0.2725973801920931    
  0.2716621361434320    
  0.2707182971301700    
  0.2697658243312825    
  0.2688046786037445    
  0.2678348205014861    
  0.2668562103073349    
  0.2658688080441186    
  0.2648725734608541    
  0.2638674660245622    
  0.2628534449390821    
  0.2618304691753485    
  0.2607984974848604    
  0.2597574883926808    
  0.2587074001921834    
  0.2576481909591641    
  0.2565798185775595    
  0.2555022407557063    
  0.2544154150264424    
  0.2533192987466268    
  0.2522138491113683    
  0.2510990231760408    
  0.2499747778688661    
  0.2488410699942925    
  0.2476978562429817    
  0.2465450932112518    
  0.2453827374153824    
  0.2442107452970812    
  0.2430290732354919    
  0.2418376775703471    
  0.2406365146185116    
  0.2394255406768197    
  0.2382047120318515    
  0.2369739849883213    
  0.2357333158935161    
  0.2344826611396523    
  0.2332219771666350    
  0.2319512204909193    
  0.2306703477412904    
  0.2293793156687793    
  0.2280780811433738    
  0.2267666011745308    
  0.2254448329509898    
  0.2241127338624971    
  0.2227702615011303    
  0.2214173736776855    
  0.2200540284596827    
  0.2186801841971569    
  0.2172957995270741    
  0.2159008333902764    
  0.2144952450734416    
  0.2130789942408995    
  0.2116520409381313    
  0.2102143456024816    
  0.2087658691077799    
  0.2073065728104079    
  0.2058364185605665    
  0.2043553687028588    
  0.2028633861098189    
  0.2013604342375164    
  0.1998464771581259    
  0.1983214795653456    
  0.1967854067918015    
  0.1952382248544859    
  0.1936799005007684    
  0.1921104012333641    
  0.1905296953288611    
  0.1889377518707386    
  0.1873345407927626    
  0.1857200329158688    
  0.1840941999754227    
  0.1824570146507737    
  0.1808084506056144    
  0.1791484825326230    
  0.1774770861896395    
  0.1757942384272880    
  0.1740999172231734    
  0.1723941017299387    
  0.1706767723223527    
  0.1689479106300132    
  0.1672074995687466    
  0.1654555233882911    
  0.1636919677243808    
  0.1619168196338806    
  0.1601300676247765    
  0.1583317017076248    
  0.1565217134572132    
  0.1547000960503983    
  0.1528668442881463    
  0.1510219546436364    
  0.1491654253351533    
  0.1472972563758478    
  0.1454174495926118    
  0.1435260086650106    
  0.1416229392013512    
  0.1397082487997958    
  0.1377819470683094    
  0.1358440456555768    
  0.1338945583290091    
  0.1319335010490961    
  0.1299608919927410    
  0.1279767515714345    
  0.1259811025026172    
  0.1239739698969118    
  0.1219553812942219    
  0.1199253666745357    
  0.1178839585157143    
  0.1158311918851026    
  0.1137671044908678    
  0.1116917366928315    
  0.1096051315444475    
  0.1075073348782906    
  0.1053983953698759    
  0.1032783645584276    
  0.1011472968806923    
  0.9900524974320365E-01
  0.9685228358527406E-01
  0.9468846190690725E-01
  0.9251385130372959E-01
  0.9032852153366254E-01
  0.8813254557573187E-01
  0.8592599965569522E-01
  0.8370896327615469E-01
  0.8148151927838680E-01
  0.7924375390138108E-01
  0.7699575680900848E-01
  0.7473762111512294E-01
  0.7246944343510205E-01
  0.7019132393793795E-01
  0.6790336637235596E-01
  0.6560567809056746E-01
  0.6329837009336242E-01
  0.6098155707286453E-01
  0.5865535743105475E-01
  0.5631989329959119E-01
  0.5397529058266911E-01
  0.5162167899430728E-01
  0.4925919206469900E-01
  0.4688796714548003E-01
  0.4450814544504364E-01
  0.4211987206636407E-01
  0.3972329601034835E-01
  0.3731857016601176E-01
  0.3490585132715542E-01
  0.3248530022207746E-01
  0.3005708151728576E-01
  0.2762136380073114E-01
  0.2517831957883258E-01
  0.2272812528736741E-01
  0.2027096128918925E-01
  0.1780701185662966E-01
  0.1533646515712486E-01
  0.1285951324179038E-01
  0.1037635202523209E-01
  0.7887181262720686E-02
  0.5392204532390920E-02
  0.2891629208110898E-02
  0.3856664147960426E-03
 -0.2125469011526739E-02
 -0.4641558546208463E-02
 -0.7162380008993453E-02
 -0.9687707627440995E-02
 -0.1221731210040960E-01
 -0.1475096063407632E-01
 -0.1728841698047385E-01
 -0.1982944151374064E-01
 -0.2237379131697872E-01
 -0.2492122023803736E-01
 -0.2747147893614517E-01
 -0.3002431496583512E-01
 -0.3257947288256247E-01
 -0.3513669432111678E-01
 -0.3769571805583154E-01
 -0.4025628009195800E-01
 -0.4281811378507026E-01
 -0.4538094994010420E-01
 -0.4794451688813606E-01
 -0.5050854058739323E-01
 -0.5307274475409329E-01
 -0.5563685097877606E-01
 -0.5820057881965427E-01
 -0.6076364591492242E-01
 -0.6332576812375360E-01
 -0.6588665965536435E-01
 -0.6844603317535400E-01
 -0.7100359992961083E-01
 -0.7355906989772870E-01
 -0.7611215193505846E-01
 -0.7866255388911195E-01
 -0.8120998273128008E-01
 -0.8375414472002760E-01
 -0.8629474555347895E-01
 -0.8883149049211655E-01
 -0.9136408449511056E-01
 -0.9389223239405188E-01
 -0.9641563905925306E-01
 -0.9893400952762132E-01
 -0.1014470491352919    
 -0.1039544636928231    
 -0.1064559596631027    
 -0.1089512442974782    
 -0.1114400257648854    
 -0.1139220133237180    
 -0.1163969175068024    
 -0.1188644502635207    
 -0.1213243250811299    
 -0.1237762571463204    
 -0.1262199635346613    
 -0.1286551633632352    
 -0.1310815779063520    
 -0.1334989307379018    
 -0.1359069479117187    
 -0.1383053581199143    
 -0.1406938928079257    
 -0.1430722863009969    
 -0.1454402759714303    
 -0.1477976023967612    
 -0.1501440094702792    
 -0.1524792445060388    
 -0.1548030583855907    
 -0.1571152057149452    
 -0.1594154449376483    
 -0.1617035384208642    
 -0.1639792525701350    
 -0.1662423579705202    
 -0.1684926295016509    
 -0.1707298464160778    
 -0.1729537924264152    
 -0.1751642558208112    
 -0.1773610295685368    
 -0.1795439113888139    
 -0.1817127038134085    
 -0.1838672142763251    
 -0.1860072552091561    
 -0.1881326441027932    
 -0.1902432035445483    
 -0.1923387612722864    
 -0.1944191502511404    
 -0.1964842087344541    
 -0.1985337802891934    
 -0.2005677138142872    
 -0.2025858635814612    
 -0.2045880892844696    
 -0.2065742560647288    
 -0.2085442345127312    
 -0.2104979006722518    
 -0.2124351360586187    
 -0.2143558276738600    
 -0.2162598680032947    
 -0.2181471550005771    
 -0.2200175920749687    
 -0.2218710880815501    
 -0.2237075573061804    
 -0.2255269194415933    
 -0.2273290995568553    
 -0.2291140280628657    
 -0.2308816406759843    
 -0.2326318783808474    
 -0.2343646873894195    
 -0.2360800190918901    
 -0.2377778300009853    
 -0.2394580816963551    
 -0.2411207407704901    
 -0.2427657787700276    
 -0.2443931721288109    
 -0.2460029020972506    
 -0.2475949546727203    
 -0.2491693205288818    
 -0.2507259949400741    
 -0.2522649777018642    
 -0.2537862730508571    
 -0.2552898895835128    
 -0.2567758401718442    
 -0.2582441418759829    
 -0.2596948158552345    
 -0.2611278872787550    
 -0.2625433852360100    
 -0.2639413426457662    
 -0.2653217961613261    
 -0.2666847860726823    
 -0.2680303562106753    
 -0.2693585538554265    
 -0.2706694296426939    
 -0.2719630374619176    
 -0.2732394343516301    
 -0.2744986804031212    
 -0.2757408386707572    
 -0.2769659750758263    
 -0.2781741582999121    
 -0.2793654596803625    
 -0.2805399531177999    
 -0.2816977149874579    
 -0.2828388240407242    
 -0.2839633612987790    
 -0.2850714099526643    
 -0.2861630552755025    
 -0.2872383845360800    
 -0.2882974869021346    
 -0.2893404533371871    
 -0.2903673765054612    
 -0.2913783506903134    
 -0.2923734717139693    
 -0.2933528368447013    
 -0.2943165446965572    
 -0.2952646951404119    
 -0.2961973892316507    
 -0.2971147291369298    
 -0.2980168180451649    
 -0.2989037600736579    
 -0.2997756601896397    
 -0.3006326241455955    
 -0.3014747584084023    
 -0.3023021700759640    
 -0.3031149667972287    
 -0.3039132567065849    
 -0.3046971483620537    
 -0.3054667506744674    
 -0.3062221728336180    
 -0.3069635242449171    
 -0.3076909144751169    
 -0.3084044531933415    
 -0.3091042501031540    
 -0.3097904148774847    
 -0.3104630571073882    
 -0.3111222862590411    
 -0.3117682116234479    
 -0.3124009422538803    
 -0.3130205869051025    
 -0.3136272539903885    
 -0.3142210515512448    
 -0.3148020872176912    
 -0.3153704681506801    
 -0.3159263009862985    
 -0.3164696918022671    
 -0.3170007460971858    
 -0.3175195687564751    
 -0.3180262640013191    
 -0.3185209353437618    
 -0.3190036855623071    
 -0.3194746166839996    
 -0.3199338299541948    
 -0.3203814257968460    
 -0.3208175037812160    
 -0.3212421626005941    
 -0.3216555000549343    
 -0.3220576130292215    
 -0.3224485974668559    
 -0.3228285483427181    
 -0.3231975596418795    
 -0.3235557243459204    
 -0.3239031344208957    
 -0.3242398807993794    
 -0.3245660533584055    
 -0.3248817409023578    
 -0.3251870311533600    
 -0.3254820107423094    
 -0.3257667651961909    
 -0.3260413789251525    
 -0.3263059352121142    
 -0.3265605162030966    
 -0.3268052028985998    
 -0.3270400751490012    
 -0.3272652116511413    
 -0.3274806899395813    
 -0.3276865863751692    
 -0.3278829761411788    
 -0.3280699332473279    
 -0.3282475305294947    
 -0.3284158396404154    
 -0.3285749310425081    
 -0.3287248740110601    
 -0.3288657366396172    
 -0.3289975858376530    
 -0.3291204873250139    
 -0.3292345056327881    
 -0.3293397041095507    
 -0.3294361449252985    
 -0.3295238890713498    
 -0.3296029963598068    
 -0.3296735254247171    
 -0.3297355337264337    
 -0.3297890775604940    
 -0.3298342120661913    
 -0.3298709912267546    
 -0.3298994678642297    
 -0.3299196936433511    
 -0.3299317190880402    
 -0.3299355935947572    
 -0.3299313654308273    
 -0.3299190817289955    
 -0.3298987884949620    
 -0.3298705306244775    
 -0.3298343519139788    
 -0.3297902950613905    
 -0.3297384016676793    
 -0.3296787122447700    
 -0.3296112662255554    
 -0.3295361019731289    
 -0.3294532567901928    
 -0.3293627669265939    
 -0.3292646675826891    
 -0.3291589929135894    
 -0.3290457760403218    
 -0.3289250490635870    
 -0.3287968430715376    
 -0.3286611881432220    
 -0.3285181133560583    
 -0.3283676467971545    
 -0.3282098155709209    
 -0.3280446458032246    
 -0.3278721626505940    
 -0.3276923903154386    
 -0.3275053520572012    
 -0.3273110701939668    
 -0.3271095661025011    
 -0.3269008602269792    
 -0.3266849720961841    
 -0.3264619203400891    
 -0.3262317226972788    
 -0.3259943960124206    
 -0.3257499562333675    
 -0.3254984184212678    
 -0.3252397967747858    
 -0.3249741046507602    
 -0.3247013545641283    
 -0.3244215581747675    
 -0.3241347262870391    
 -0.3238408688730531    
 -0.3235399951011395    
 -0.3232321133450295    
 -0.3229172311729219    
 -0.3225953553383087    
 -0.3222664917909124    
 -0.3219306457032873    
 -0.3215878214917926    
 -0.3212380228165989    
 -0.3208812525685037    
 -0.3205175128661898    
 -0.3201468050762911    
 -0.3197691298410482    
 -0.3193844870883266    
 -0.3189928760205202    
 -0.3185942951050031    
 -0.3181887420857665    
 -0.3177762140089417    
 -0.3173567072390790    
 -0.3169302174558493    
 -0.3164967396437050    
 -0.3160562680934981    
 -0.3156087964207269    
 -0.3151543175869864    
 -0.3146928239077215    
 -0.3142243070440772    
 -0.3137487579946217    
 -0.3132661671036846    
 -0.3127765240840992    
 -0.3122798180347426    
 -0.3117760374390278    
 -0.3112651701530672    
 -0.3107472034040407    
 -0.3102221238064716    
 -0.3096899173831850    
 -0.3091505695735314    
 -0.3086040652270284    
 -0.3080503885964761    
 -0.3074895233436083    
 -0.3069214525556886    
 -0.3063461587601496    
 -0.3057636239276354    
 -0.3051738294666169    
 -0.3045767562211082    
 -0.3039723844788039    
 -0.3033606939856099    
 -0.3027416639562984    
 -0.3021152730758921    
 -0.3014814994962907    
 -0.3008403208368529    
 -0.3001917141927399    
 -0.2995356561470674    
 -0.2988721227797810    
 -0.2982010896694447    
 -0.2975225318906477    
 -0.2968364240146141    
 -0.2961427401184175    
 -0.2954414537986787    
 -0.2947325381788164    
 -0.2940159659059247    
 -0.2932917091475493    
 -0.2925597395998443    
 -0.2918200285025901    
 -0.2910725466462866    
 -0.2903172643686258    
 -0.2895541515540994    
 -0.2887831776450536    
 -0.2880043116537746    
 -0.2872175221637783    
 -0.2864227773267927    
 -0.2856200448695900    
 -0.2848092921089652    
 -0.2839904859595699    
 -0.2831635929300587    
 -0.2823285791211696    
 -0.2814854102370611    
 -0.2806340516022970    
 -0.2797744681689073    
 -0.2789066245114654    
 -0.2780304848245316    
 -0.2771460129346099    
 -0.2762531723200126    
 -0.2753519261200912    
 -0.2744422371279269    
 -0.2735240677842657    
 -0.2725973801920931    
 -0.2716621361434320    
 -0.2707182971301700    
 -0.2697658243312825    
 -0.2688046786037445    
 -0.2678348205014861    
 -0.2668562103073349    
 -0.2658688080441186    
 -0.2648725734608541    
 -0.2638674660245622    
 -0.2628534449390821    
 -0.2618304691753485    
 -0.2607984974848604    
 -0.2597574883926808    
 -0.2587074001921834    
 -0.2576481909591641    
 -0.2565798185775595    
 -0.2555022407557063    
 -0.2544154150264424    
 -0.2533192987466268    
 -0.2522138491113683    
 -0.2510990231760408    
 -0.2499747778688661    
 -0.2488410699942925    
 -0.2476978562429817    
 -0.2465450932112518    
 -0.2453827374153824    
 -0.2442107452970812    
 -0.2430290732354919    
 -0.2418376775703471    
 -0.2406365146185116    
 -0.2394255406768197    
 -0.2382047120318515    
 -0.2369739849883213    
 -0.2357333158935161    
 -0.2344826611396523    
 -0.2332219771666350    
 -0.2319512204909193    
 -0.2306703477412904    
 -0.2293793156687793    
 -0.2280780811433738    
 -0.2267666011745308    
 -0.2254448329509898    
 -0.2241127338624971    
 -0.2227702615011303    
 -0.2214173736776855    
 -0.2200540284596827    
 -0.2186801841971569    
 -0.2172957995270741    
 -0.2159008333902764    
 -0.2144952450734416    
 -0.2130789942408995    
 -0.2116520409381313    
 -0.2102143456024816    
 -0.2087658691077799    
 -0.2073065728104079    
 -0.2058364185605665    
 -0.2043553687028588    
 -0.2028633861098189    
 -0.2013604342375164    
 -0.1998464771581259    
 -0.1983214795653456    
 -0.1967854067918015    
 -0.1952382248544859    
 -0.1936799005007684    
 -0.1921104012333641    
 -0.1905296953288611    
 -0.1889377518707386    
 -0.1873345407927626    
 -0.1857200329158688    
 -0.1840941999754227    
 -0.1824570146507737    
 -0.1808084506056144    
 -0.1791484825326230    
 -0.1774770861896395    
 -0.1757942384272880    
 -0.1740999172231734    
 -0.1723941017299387    
 -0.1706767723223527    
 -0.1689479106300132    
 -0.1672074995687466    
 -0.1654555233882911    
 -0.1636919677243808    
 -0.1619168196338806    
 -0.1601300676247765    
 -0.1583317017076248    
 -0.1565217134572132    
 -0.1547000960503983    
 -0.1528668442881463    
 -0.1510219546436364    
 -0.1491654253351533    
 -0.1472972563758478    
 -0.1454174495926118    
 -0.1435260086650106    
 -0.1416229392013512    
 -0.1397082487997958    
 -0.1377819470683094    
 -0.1358440456555768    
 -0.1338945583290091    
 -0.1319335010490961    
 -0.1299608919927410    
 -0.1279767515714345    
 -0.1259811025026172    
 -0.1239739698969118    
 -0.1219553812942219    
 -0.1199253666745357    
 -0.1178839585157143    
 -0.1158311918851026    
 -0.1137671044908678    
 -0.1116917366928315    
 -0.1096051315444475    
 -0.1075073348782906    
 -0.1053983953698759    
 -0.1032783645584276    
 -0.1011472968806923    
 -0.9900524974320365E-01
 -0.9685228358527406E-01
 -0.9468846190690725E-01
 -0.9251385130372959E-01
 -0.9032852153366254E-01
 -0.8813254557573187E-01
 -0.8592599965569522E-01
 -0.8370896327615469E-01
 -0.8148151927838680E-01
 -0.7924375390138108E-01
 -0.7699575680900848E-01
 -0.7473762111512294E-01
 -0.7246944343510205E-01
 -0.7019132393793795E-01
 -0.6790336637235596E-01
 -0.6560567809056746E-01
 -0.6329837009336242E-01
 -0.6098155707286453E-01
 -0.5865535743105475E-01
 -0.5631989329959119E-01
 -0.5397529058266911E-01
 -0.5162167899430728E-01
 -0.4925919206469900E-01
 -0.4688796714548003E-01
 -0.4450814544504364E-01
 -0.4211987206636407E-01
 -0.3972329601034835E-01
 -0.3731857016601176E-01
 -0.3490585132715542E-01
 -0.3248530022207746E-01
 -0.3005708151728576E-01
 -0.2762136380073114E-01
 -0.2517831957883258E-01
 -0.2272812528736741E-01
 -0.2027096128918925E-01
 -0.1780701185662966E-01
 -0.1533646515712486E-01
 -0.1285951324179038E-01
 -0.1037635202523209E-01
 -0.7887181262720686E-02
 -0.5392204532390920E-02
 -0.2891629208110898E-02
 -0.3856664147960426E-03
  0.2125469011526739E-02
  0.4641558546208463E-02
  0.7162380008993453E-02
  0.9687707627440995E-02
  0.1221731210040960E-01
  0.1475096063407632E-01
  0.1728841698047385E-01
  0.1982944151374064E-01
  0.2237379131697872E-01
  0.2492122023803736E-01
  0.2747147893614517E-01
  0.3002431496583512E-01
  0.3257947288256247E-01
  0.3513669432111678E-01
  0.3769571805583154E-01
  0.4025628009195800E-01
  0.4281811378507026E-01
  0.4538094994010420E-01
  0.4794451688813606E-01
  0.5050854058739323E-01
  0.5307274475409329E-01
  0.5563685097877606E-01
  0.5820057881965427E-01
  0.6076364591492242E-01
  0.6332576812375360E-01
  0.6588665965536435E-01
  0.6844603317535400E-01
  0.7100359992961083E-01
  0.7355906989772870E-01
  0.7611215193505846E-01
  0.7866255388911195E-01
  0.8120998273128008E-01
  0.8375414472002760E-01
  0.8629474555347895E-01
  0.8883149049211655E-01
  0.9136408449511056E-01
  0.9389223239405188E-01
  0.9641563905925306E-01
  0.9893400952762132E-01
  0.1014470491352919    
  0.1039544636928231    
  0.1064559596631027    
  0.1089512442974782    
  0.1114400257648854    
  0.1139220133237180    
  0.1163969175068024    
  0.1188644502635207    
  0.1213243250811299    
  0.1237762571463204    
  0.1262199635346613    
  0.1286551633632352    
  0.1310815779063520    
  0.1334989307379018    
  0.1359069479117187    
  0.1383053581199143    
  0.1406938928079257    
  0.1430722863009969    
  0.1454402759714303    
  0.1477976023967612    
  0.1501440094702792    
  0.1524792445060388    
  0.1548030583855907    
  0.1571152057149452    
  0.1594154449376483    
  0.1617035384208642    
  0.1639792525701350    
  0.1662423579705202    
  0.1684926295016509    
  0.1707298464160778    
  0.1729537924264152    
  0.1751642558208112    
  0.1773610295685368    
  0.1795439113888139    
  0.1817127038134085    
  0.1838672142763251    
  0.1860072552091561    
  0.1881326441027932    
  0.1902432035445483    
  0.1923387612722864    
  0.1944191502511404    
  0.1964842087344541    
  0.1985337802891934    
  0.2005677138142872    
  0.2025858635814612    
  0.2045880892844696    
  0.2065742560647288    
  0.2085442345127312    
  0.2104979006722518    
  0.2124351360586187    
  0.2143558276738600    
  0.2162598680032947    
  0.2181471550005771    
  0.2200175920749687    
  0.2218710880815501    
  0.2237075573061804    
  0.2255269194415933    
  0.2273290995568553    
  0.2291140280628657    
  0.2308816406759843    
  0.2326318783808474    
  0.2343646873894195    
  0.2360800190918901    
  0.2377778300009853    
  0.2394580816963551    
  0.2411207407704901    
  0.2427657787700276    
  0.2443931721288109    
  0.2460029020972506    
  0.2475949546727203    
  0.2491693205288818    
  0.2507259949400741    
  0.2522649777018642    
  0.2537862730508571    
  0.2552898895835128    
  0.2567758401718442    
  0.2582441418759829    
  0.2596948158552345    
  0.2611278872787550    
  0.2625433852360100    
  0.2639413426457662    
  0.2653217961613261    
  0.2666847860726823    
  0.2680303562106753    
  0.2693585538554265    
  0.2706694296426939    
  0.2719630374619176    
  0.2732394343516301    
  0.2744986804031212    
  0.2757408386707572    
  0.2769659750758263    
  0.2781741582999121    
  0.2793654596803625    
  0.2805399531177999    
  0.2816977149874579    
  0.2828388240407242    
  0.2839633612987790    
  0.2850714099526643    
  0.2861630552755025    
  0.2872383845360800    
  0.2882974869021346    
  0.2893404533371871    
  0.2903673765054612    
  0.2913783506903134    
  0.2923734717139693    
  0.2933528368447013    
  0.2943165446965572    
  0.2952646951404119    
  0.2961973892316507    
  0.2971147291369298    
  0.2980168180451649    
  0.2989037600736579    
  0.2997756601896397    
  0.3006326241455955    
  0.3014747584084023    
  0.3023021700759640    
  0.3031149667972287    
  0.3039132567065849    
  0.3046971483620537    
  0.3054667506744674    
  0.3062221728336180    
  0.3069635242449171    
  0.3076909144751169    
  0.3084044531933415    
  0.3091042501031540    
  0.3097904148774847    
  0.3104630571073882    
  0.3111222862590411    
  0.3117682116234479    
  0.3124009422538803    
  0.3130205869051025    
  0.3136272539903885    
  0.3142210515512448    
  0.3148020872176912    
  0.3153704681506801    
  0.3159263009862985    
  0.3164696918022671    
  0.3170007460971858    
  0.3175195687564751    
  0.3180262640013191    
  0.3185209353437618    
  0.3190036855623071    
  0.3194746166839996    
  0.3199338299541948    
  0.3203814257968460    
  0.3208175037812160    
  0.3212421626005941    
  0.3216555000549343    
  0.3220576130292215    
  0.3224485974668559    
  0.3228285483427181    
  0.3231975596418795    
  0.3235557243459204    
  0.3239031344208957    
  0.3242398807993794    
  0.3245660533584055    
  0.3248817409023578    
  0.3251870311533600    
  0.3254820107423094    
  0.3257667651961909    
  0.3260413789251525    
  0.3263059352121142    
  0.3265605162030966    
  0.3268052028985998    
  0.3270400751490012    
  0.3272652116511413    
  0.3274806899395813    
  0.3276865863751692    
  0.3278829761411788    
  0.3280699332473279    
  0.3282475305294947    
  0.3284158396404154    
  0.3285749310425081    
  0.3287248740110601    
  0.3288657366396172    
  0.3289975858376530    
  0.3291204873250139    
  0.3292345056327881    
  0.3293397041095507    
  0.3294361449252985    
  0.3295238890713498    
  0.3296029963598068    
  0.3296735254247171    
  0.3297355337264337    
  0.3297890775604940    
  0.3298342120661913    
  0.3298709912267546    
  0.3298994678642297    
  0.3299196936433511    
  0.3299317190880402    
  0.3299355935947572    
  0.3299313654308273    
  0.3299190817289955    
  0.3298987884949620    
  0.3298705306244775    
  0.3298343519139788    
  0.3297902950613905    
  0.3297384016676793    
  0.3296787122447700    
  0.3296112662255554    
  0.3295361019731289    
  0.3294532567901928    
  0.3293627669265939    
  0.3292646675826891    
  0.3291589929135894    
  0.3290457760403218    
  0.3289250490635870    
  0.3287968430715376    
  0.3286611881432220    
  0.3285181133560583    
  0.3283676467971545    
  0.3282098155709209    
  0.3280446458032246    
  0.3278721626505940    
  0.3276923903154386    
  0.3275053520572012    
  0.3273110701939668    
  0.3271095661025011    
  0.3269008602269792    
  0.3266849720961841    
  0.3264619203400891    
  0.3262317226972788    
