   2.031468423206128    
   2.047399237918159    
   2.065725832688583    
   2.085086445900961    
   2.103677578291400    
   2.122690153410338    
   2.143781093481718    
   2.165834506522985    
   2.187232059894055    
   2.208872102695484    
   2.232085735981751    
   2.255815535495430    
   2.278535386272823    
   2.300847099631832    
   2.323636584929585    
   2.345631030880872    
   2.365129937737765    
   2.382217033114281    
   2.396990892073107    
   2.407406833214053    
   2.410898420580508    
   2.406224373716467    
   2.391619647572914    
   2.362778504421542    
   2.314328156665528    
   2.241205795772615    
   2.136465422397291    
   1.989125880372936    
   1.785275919392724    
   1.508669743204057    
   1.137785649784520    
  0.6433537529218603    
 -0.1054937253502964E-01
 -0.8654431740192176    
  -1.969054090578658    
  -3.371419319567454    
  -5.111606300444869    
  -7.197558108393421    
  -9.581437040926829    
  -12.13220429502775    
  -14.62131317585733    
  -16.75077630517301    
  -18.23351051255286    
  -18.89103987390263    
  -18.71136201009780    
  -17.83592723461073    
  -16.49175037938867    
  -14.91168749873919    
  -13.28052735325664    
  -11.71944627526538    
  -10.29608381882937    
  -9.039693639056708    
  -7.952775997152991    
  -7.022608100096553    
  -6.232491962935353    
  -5.566050722858018    
  -5.005187111709237    
  -4.531085634672465    
  -4.129642650057861    
  -3.791815138806109    
  -3.507566097459279    
  -3.264829155331225    
  -3.056103093335476    
  -2.879759736044322    
  -2.731962046097342    
  -2.603809287786722    
  -2.490071471474093    
  -2.393405078838115    
  -2.314620780827549    
  -2.246065529708306    
  -2.181399396659057    
  -2.124699736178271    
  -2.081203576244802    
  -2.045400849202520    
  -2.008604256830867    
  -1.973137916720919    
  -1.947190083732882    
  -1.929014134313710    
  -1.909081506155261    
  -1.886494545222290    
  -1.869851208275519    
  -1.861002617642022    
  -1.851283558193456    
  -1.836847340897457    
  -1.825072133093535    
  -1.820841879516982    
  -1.817933988021492    
  -1.810328090138599    
  -1.802072837213353    
  -1.798834636093217    
  -1.798186750775042    
  -1.795591144135157    
  -1.792605120809204    
  -1.791963698863065    
  -1.791296131114067    
  -1.788787217538215    
  -1.788470602219201    
  -1.792638742733315    
  -1.795637927150864    
  -1.793152310653961    
  -1.791123362932932    
  -1.796371965712325    
  -1.804281845527460    
  -1.806142846428379    
  -1.804061556932979    
  -1.807218504757887    
  -1.816178762147925    
  -1.822699528722085    
  -1.824290621881858    
  -1.827493330822961    
  -1.835650688525303    
  -1.843966640654135    
  -1.849179658192444    
  -1.854871766559983    
  -1.863850558552520    
  -1.873216933542476    
  -1.880671551706028    
  -1.888890681060165    
  -1.899928744068202    
  -1.911242220104859    
  -1.920891263874039    
  -1.931349734900388    
  -1.944626011021723    
  -1.958461155710368    
  -1.970839570067217    
  -1.983824968999208    
  -1.999476929578226    
  -2.016018330596435    
  -2.031468423206128    
  -2.047399237918159    
  -2.065725832688583    
  -2.085086445900961    
  -2.103677578291400    
  -2.122690153410338    
  -2.143781093481718    
  -2.165834506522985    
  -2.187232059894055    
  -2.208872102695484    
  -2.232085735981751    
  -2.255815535495430    
  -2.278535386272823    
  -2.300847099631832    
  -2.323636584929585    
  -2.345631030880872    
  -2.365129937737765    
  -2.382217033114281    
  -2.396990892073107    
  -2.407406833214053    
  -2.410898420580508    
  -2.406224373716467    
  -2.391619647572914    
  -2.362778504421542    
  -2.314328156665528    
  -2.241205795772615    
  -2.136465422397291    
  -1.989125880372936    
  -1.785275919392724    
  -1.508669743204057    
  -1.137785649784520    
 -0.6433537529218603    
  0.1054937253502964E-01
  0.8654431740192176    
   1.969054090578658    
   3.371419319567454    
   5.111606300444869    
   7.197558108393421    
   9.581437040926829    
   12.13220429502775    
   14.62131317585733    
   16.75077630517301    
   18.23351051255286    
   18.89103987390263    
   18.71136201009780    
   17.83592723461073    
   16.49175037938867    
   14.91168749873919    
   13.28052735325664    
   11.71944627526538    
   10.29608381882937    
   9.039693639056708    
   7.952775997152991    
   7.022608100096553    
   6.232491962935353    
   5.566050722858018    
   5.005187111709237    
   4.531085634672465    
   4.129642650057861    
   3.791815138806109    
   3.507566097459279    
   3.264829155331225    
   3.056103093335476    
   2.879759736044322    
   2.731962046097342    
   2.603809287786722    
   2.490071471474093    
   2.393405078838115    
   2.314620780827549    
   2.246065529708306    
   2.181399396659057    
   2.124699736178271    
   2.081203576244802    
   2.045400849202520    
   2.008604256830867    
   1.973137916720919    
   1.947190083732882    
   1.929014134313710    
   1.909081506155261    
   1.886494545222290    
   1.869851208275519    
   1.861002617642022    
   1.851283558193456    
   1.836847340897457    
   1.825072133093535    
   1.820841879516982    
   1.817933988021492    
   1.810328090138599    
   1.802072837213353    
   1.798834636093217    
   1.798186750775042    
   1.795591144135157    
   1.792605120809204    
   1.791963698863065    
   1.791296131114067    
   1.788787217538215    
   1.788470602219201    
   1.792638742733315    
   1.795637927150864    
   1.793152310653961    
   1.791123362932932    
   1.796371965712325    
   1.804281845527460    
   1.806142846428379    
   1.804061556932979    
   1.807218504757887    
   1.816178762147925    
   1.822699528722085    
   1.824290621881858    
   1.827493330822961    
   1.835650688525303    
   1.843966640654135    
   1.849179658192444    
   1.854871766559983    
   1.863850558552520    
   1.873216933542476    
   1.880671551706028    
   1.888890681060165    
   1.899928744068202    
   1.911242220104859    
   1.920891263874039    
   1.931349734900388    
   1.944626011021723    
   1.958461155710368    
   1.970839570067217    
   1.983824968999208    
   1.999476929578226    
   2.016018330596435    
