  0.7546476794601298E-01
  0.7291856258112261E-01
  0.7036075412179876E-01
  0.6779164938469573E-01
  0.6521155846266796E-01
  0.6262079473193388E-01
  0.6001967482872411E-01
  0.5740851864682739E-01
  0.5478764937097819E-01
  0.5215739350015630E-01
  0.4951808082377601E-01
  0.4687004437879350E-01
  0.4421362043831228E-01
  0.4154914853006059E-01
  0.3887697143567292E-01
  0.3619743514705026E-01
  0.3351088881296910E-01
  0.3081768471512719E-01
  0.2811817826481233E-01
  0.2541272798082533E-01
  0.2270169543487993E-01
  0.1998544519088497E-01
  0.1726434476531580E-01
  0.1453876460263182E-01
  0.1180907803883630E-01
  0.9075661240548261E-02
  0.6338893134470114E-02
  0.3599155350159755E-02
  0.8568321800781487E-03
 -0.1887689463129283E-02
 -0.4634020112780579E-02
 -0.7381767831929009E-02
 -0.1013053828660321E-01
 -0.1287993479421834E-01
 -0.1562955836896962E-01
 -0.1837900779453139E-01
 -0.2112787971917868E-01
 -0.2387576873788461E-01
 -0.2662226744606239E-01
 -0.2936696649228554E-01
 -0.3210945465905279E-01
 -0.3484931895973453E-01
 -0.3758614471928728E-01
 -0.4031951563518388E-01
 -0.4304901384499821E-01
 -0.4577422001309883E-01
 -0.4849471341904588E-01
 -0.5121007203332523E-01
 -0.5391987259060343E-01
 -0.5662369067206985E-01
 -0.5932110078873265E-01
 -0.6201167645674627E-01
 -0.6469499027505132E-01
 -0.6737061401511246E-01
 -0.7003811870881482E-01
 -0.7269707471851983E-01
 -0.7534705180367407E-01
 -0.7798761920948549E-01
 -0.8061834576901750E-01
 -0.8323879998448458E-01
 -0.8584855008419784E-01
 -0.8844716409270093E-01
 -0.9103420993322758E-01
 -0.9360925552933241E-01
 -0.9617186887202461E-01
 -0.9872161807388302E-01
 -0.1012580714534854    
 -0.1037807976452895    
 -0.1062893656896575    
 -0.1087833450905236    
 -0.1112623058801312    
 -0.1137258187177320    
 -0.1161734549952258    
 -0.1186047869152185    
 -0.1210193875538982    
 -0.1234168309438792    
 -0.1257966921781116    
 -0.1281585475052853    
 -0.1305019744067399    
 -0.1328265516764127    
 -0.1351318595183791    
 -0.1374174796494044    
 -0.1396829953921572    
 -0.1419279917645977    
 -0.1441520555771809    
 -0.1463547755376778    
 -0.1485357423572868    
 -0.1506945488566124    
 -0.1528307900726738    
 -0.1549440633674088    
 -0.1570339685411630    
 -0.1591001079547854    
 -0.1611420866554098    
 -0.1631595124980898    
 -0.1651519962676031    
 -0.1671191518121808    
 -0.1690605961877892    
 -0.1709759497995451    
 -0.1728648365388996    
 -0.1747268839308471    
 -0.1765617232954134    
 -0.1783689899094569    
 -0.1801483231624723    
 -0.1818993667200661    
 -0.1836217687034040    
 -0.1853151818714753    
 -0.1869792637960117    
 -0.1886136770415492    
 -0.1902180893625665    
 -0.1917921739059389    
 -0.1933356094047252    
 -0.1948480803734995    
 -0.1963292773203901    
 -0.1977788969665330    
 -0.1991966424559091    
 -0.2005822235627656    
 -0.2019353569141555    
 -0.2032557662211267    
 -0.2045431824990158    
 -0.2057973442806973    
 -0.2070179978422853    
 -0.2082048974381234    
 -0.2093578055235366    
 -0.2104764929653316    
 -0.2115607392608179    
 -0.2126103327656654    
 -0.2136250709076282    
 -0.2146047603823562    
 -0.2155492173535316    
 -0.2164582676616154    
 -0.2173317470163023    
 -0.2181695011636088    
 -0.2189713860511626    
 -0.2197372680024259    
 -0.2204670238748776    
 -0.2211605411859752    
 -0.2218177182287633    
 -0.2224384641947413    
 -0.2230226992822548    
 -0.2235703547683738    
 -0.2240813730623099    
 -0.2245557077633922    
 -0.2249933237065326    
 -0.2253941969687929    
 -0.2257583148504527    
 -0.2260856758576877    
 -0.2263762896750975    
 -0.2266301770987285    
 -0.2268473699386593    
 -0.2270279109221602    
 -0.2271718535908942    
 -0.2272792621589999    
 -0.2273502113354651    
 -0.2273847861465134    
 -0.2273830817596110    
 -0.2273452032728516    
 -0.2272712654644990    
 -0.2271613925411647    
 -0.2270157178966363    
 -0.2268343838442223    
 -0.2266175413065106    
 -0.2263653495011007    
 -0.2260779756471702    
 -0.2257555946584460    
 -0.2253983887932409    
 -0.2250065472950655    
 -0.2245802660626137    
 -0.2241197473231935    
 -0.2236251992668139    
 -0.2230968356627094    
 -0.2225348755098209    
 -0.2219395427110511    
 -0.2213110657175557    
 -0.2206496771444368    
 -0.2199556134164697    
 -0.2192291144582728    
 -0.2184704233739561    
 -0.2176797860899491    
 -0.2168574510124663    
 -0.2160036687410747    
 -0.2151186917984206    
 -0.2142027743251771    
 -0.2132561717684662    
 -0.2122791406241318    
 -0.2112719382221790    
 -0.2102348224921931    
 -0.2091680517017349    
 -0.2080718842301128    
 -0.2069465784046851    
 -0.2057923923458149    
 -0.2046095837754277    
 -0.2033984098281705    
 -0.2021591269243619    
 -0.2008919906868454    
 -0.1995972558354611    
 -0.1982751760515977    
 -0.1969260038762490    
 -0.1955499906740672    
 -0.1941473866124128    
 -0.1927184406007376    
 -0.1912634002176596    
 -0.1897825116921619    
 -0.1882760199405267    
 -0.1867441685921901    
 -0.1851871999709350    
 -0.1836053550815735    
 -0.1819988736593281    
 -0.1803679942594949    
 -0.1787129543185264    
 -0.1770339901725220    
 -0.1753313370929317    
 -0.1736052293842285    
 -0.1718559005083999    
 -0.1700835831723280    
 -0.1682885093759667    
 -0.1664709104820326    
 -0.1646310173437065    
 -0.1627690604511920    
 -0.1608852700370147    
 -0.1589798761422420    
 -0.1570531087045579    
 -0.1551051977024793    
 -0.1531363733144051    
 -0.1511468660319583    
 -0.1491369067323899    
 -0.1471067267739943    
 -0.1450565581474437    
 -0.1429866336371139    
 -0.1408971869315706    
 -0.1387884526935821    
 -0.1366606666564988    
 -0.1345140657748314    
 -0.1323488883779078    
 -0.1301653742691236    
 -0.1279637647882443    
 -0.1257443029033836    
 -0.1235072333533016    
 -0.1212528027858799    
 -0.1189812598413355    
 -0.1166928552038886    
 -0.1143878416854023    
 -0.1120664743530178    
 -0.1097290106454416    
 -0.1073757104362147    
 -0.1050068360751498    
 -0.1026226524636304    
 -0.1002234271617226    
 -0.9780943047354024E-01
 -0.9538093548820908E-01
 -0.9293821811619396E-01
 -0.9048155715819228E-01
 -0.8801123438411773E-01
 -0.8552753457956447E-01
 -0.8303074556636614E-01
 -0.8052115823996742E-01
 -0.7799906663035677E-01
 -0.7546476794601298E-01
 -0.7291856258112261E-01
 -0.7036075412179876E-01
 -0.6779164938469573E-01
 -0.6521155846266796E-01
 -0.6262079473193388E-01
 -0.6001967482872411E-01
 -0.5740851864682739E-01
 -0.5478764937097819E-01
 -0.5215739350015630E-01
 -0.4951808082377601E-01
 -0.4687004437879350E-01
 -0.4421362043831228E-01
 -0.4154914853006059E-01
 -0.3887697143567292E-01
 -0.3619743514705026E-01
 -0.3351088881296910E-01
 -0.3081768471512719E-01
 -0.2811817826481233E-01
 -0.2541272798082533E-01
 -0.2270169543487993E-01
 -0.1998544519088497E-01
 -0.1726434476531580E-01
 -0.1453876460263182E-01
 -0.1180907803883630E-01
 -0.9075661240548261E-02
 -0.6338893134470114E-02
 -0.3599155350159755E-02
 -0.8568321800781487E-03
  0.1887689463129283E-02
  0.4634020112780579E-02
  0.7381767831929009E-02
  0.1013053828660321E-01
  0.1287993479421834E-01
  0.1562955836896962E-01
  0.1837900779453139E-01
  0.2112787971917868E-01
  0.2387576873788461E-01
  0.2662226744606239E-01
  0.2936696649228554E-01
  0.3210945465905279E-01
  0.3484931895973453E-01
  0.3758614471928728E-01
  0.4031951563518388E-01
  0.4304901384499821E-01
  0.4577422001309883E-01
  0.4849471341904588E-01
  0.5121007203332523E-01
  0.5391987259060343E-01
  0.5662369067206985E-01
  0.5932110078873265E-01
  0.6201167645674627E-01
  0.6469499027505132E-01
  0.6737061401511246E-01
  0.7003811870881482E-01
  0.7269707471851983E-01
  0.7534705180367407E-01
  0.7798761920948549E-01
  0.8061834576901750E-01
  0.8323879998448458E-01
  0.8584855008419784E-01
  0.8844716409270093E-01
  0.9103420993322758E-01
  0.9360925552933241E-01
  0.9617186887202461E-01
  0.9872161807388302E-01
  0.1012580714534854    
  0.1037807976452895    
  0.1062893656896575    
  0.1087833450905236    
  0.1112623058801312    
  0.1137258187177320    
  0.1161734549952258    
  0.1186047869152185    
  0.1210193875538982    
  0.1234168309438792    
  0.1257966921781116    
  0.1281585475052853    
  0.1305019744067399    
  0.1328265516764127    
  0.1351318595183791    
  0.1374174796494044    
  0.1396829953921572    
  0.1419279917645977    
  0.1441520555771809    
  0.1463547755376778    
  0.1485357423572868    
  0.1506945488566124    
  0.1528307900726738    
  0.1549440633674088    
  0.1570339685411630    
  0.1591001079547854    
  0.1611420866554098    
  0.1631595124980898    
  0.1651519962676031    
  0.1671191518121808    
  0.1690605961877892    
  0.1709759497995451    
  0.1728648365388996    
  0.1747268839308471    
  0.1765617232954134    
  0.1783689899094569    
  0.1801483231624723    
  0.1818993667200661    
  0.1836217687034040    
  0.1853151818714753    
  0.1869792637960117    
  0.1886136770415492    
  0.1902180893625665    
  0.1917921739059389    
  0.1933356094047252    
  0.1948480803734995    
  0.1963292773203901    
  0.1977788969665330    
  0.1991966424559091    
  0.2005822235627656    
  0.2019353569141555    
  0.2032557662211267    
  0.2045431824990158    
  0.2057973442806973    
  0.2070179978422853    
  0.2082048974381234    
  0.2093578055235366    
  0.2104764929653316    
  0.2115607392608179    
  0.2126103327656654    
  0.2136250709076282    
  0.2146047603823562    
  0.2155492173535316    
  0.2164582676616154    
  0.2173317470163023    
  0.2181695011636088    
  0.2189713860511626    
  0.2197372680024259    
  0.2204670238748776    
  0.2211605411859752    
  0.2218177182287633    
  0.2224384641947413    
  0.2230226992822548    
  0.2235703547683738    
  0.2240813730623099    
  0.2245557077633922    
  0.2249933237065326    
  0.2253941969687929    
  0.2257583148504527    
  0.2260856758576877    
  0.2263762896750975    
  0.2266301770987285    
  0.2268473699386593    
  0.2270279109221602    
  0.2271718535908942    
  0.2272792621589999    
  0.2273502113354651    
  0.2273847861465134    
  0.2273830817596110    
  0.2273452032728516    
  0.2272712654644990    
  0.2271613925411647    
  0.2270157178966363    
  0.2268343838442223    
  0.2266175413065106    
  0.2263653495011007    
  0.2260779756471702    
  0.2257555946584460    
  0.2253983887932409    
  0.2250065472950655    
  0.2245802660626137    
  0.2241197473231935    
  0.2236251992668139    
  0.2230968356627094    
  0.2225348755098209    
  0.2219395427110511    
  0.2213110657175557    
  0.2206496771444368    
  0.2199556134164697    
  0.2192291144582728    
  0.2184704233739561    
  0.2176797860899491    
  0.2168574510124663    
  0.2160036687410747    
  0.2151186917984206    
  0.2142027743251771    
  0.2132561717684662    
  0.2122791406241318    
  0.2112719382221790    
  0.2102348224921931    
  0.2091680517017349    
  0.2080718842301128    
  0.2069465784046851    
  0.2057923923458149    
  0.2046095837754277    
  0.2033984098281705    
  0.2021591269243619    
  0.2008919906868454    
  0.1995972558354611    
  0.1982751760515977    
  0.1969260038762490    
  0.1955499906740672    
  0.1941473866124128    
  0.1927184406007376    
  0.1912634002176596    
  0.1897825116921619    
  0.1882760199405267    
  0.1867441685921901    
  0.1851871999709350    
  0.1836053550815735    
  0.1819988736593281    
  0.1803679942594949    
  0.1787129543185264    
  0.1770339901725220    
  0.1753313370929317    
  0.1736052293842285    
  0.1718559005083999    
  0.1700835831723280    
  0.1682885093759667    
  0.1664709104820326    
  0.1646310173437065    
  0.1627690604511920    
  0.1608852700370147    
  0.1589798761422420    
  0.1570531087045579    
  0.1551051977024793    
  0.1531363733144051    
  0.1511468660319583    
  0.1491369067323899    
  0.1471067267739943    
  0.1450565581474437    
  0.1429866336371139    
  0.1408971869315706    
  0.1387884526935821    
  0.1366606666564988    
  0.1345140657748314    
  0.1323488883779078    
  0.1301653742691236    
  0.1279637647882443    
  0.1257443029033836    
  0.1235072333533016    
  0.1212528027858799    
  0.1189812598413355    
  0.1166928552038886    
  0.1143878416854023    
  0.1120664743530178    
  0.1097290106454416    
  0.1073757104362147    
  0.1050068360751498    
  0.1026226524636304    
  0.1002234271617226    
  0.9780943047354024E-01
  0.9538093548820908E-01
  0.9293821811619396E-01
  0.9048155715819228E-01
  0.8801123438411773E-01
  0.8552753457956447E-01
  0.8303074556636614E-01
  0.8052115823996742E-01
  0.7799906663035677E-01
