1.930085479263320    
   1.937660240157666    
   1.945414449055384    
   1.953572929819777    
   1.961958363515845    
   1.970447118376345    
   1.979022374960736    
   1.987697477583179    
   1.996611263336892    
   2.005850893713278    
   2.015193024556205    
   2.024443148802404    
   2.033858730171513    
   2.043720438610325    
   2.053752443766746    
   2.063576223605949    
   2.073424399936947    
   2.083713418960536    
   2.094231263480717    
   2.104505058845362    
   2.114669197541885    
   2.125168229704564    
   2.135868684862802    
   2.146286554697696    
   2.156464991428389    
   2.166804195419145    
   2.177214241571600    
   2.187244200502287    
   2.196885869042354    
   2.206462069316120    
   2.215860635369530    
   2.224639244503268    
   2.232759208774278    
   2.240480190495950    
   2.247648828493396    
   2.253798885368597    
   2.258833384430937    
   2.262918027150485    
   2.265818619592081    
   2.267011427933034    
   2.266323385467528    
   2.263804315556655    
   2.259085234798466    
   2.251500676938071    
   2.240717314571559    
   2.226605653310073    
   2.208604755382318    
   2.185823209838103    
   2.157640112497792    
   2.123592718989528    
   2.082774755020310    
   2.033919168699805    
   1.975944472553195    
   1.907833103883068    
   1.828068563449966    
   1.734721912473652    
   1.625946994536635    
   1.499830375825068    
   1.353855625671631    
   1.185005181834127    
  0.9902208943938027    
  0.7662308764281422    
  0.5090488033155594    
  0.2141197405648615    
 -0.1232083028859295    
 -0.5078257970419005    
 -0.9452527966953707    
  -1.441339299257012    
  -2.001637142080670    
  -2.631332593822918    
  -3.335313800574762    
  -4.117466061239573    
  -4.979621457928646    
  -5.921042080410113    
  -6.938000872230891    
  -8.022669539280907    
  -9.161923276426069    
  -10.33705551528251    
  -11.52404936375670    
  -12.69376710901559    
  -13.81277467210930    
  -14.84563969894273    
  -15.75794706521718    
  -16.51892806197214    
  -17.10393454514852    
  -17.49705746738019    
  -17.69276119995859    
  -17.69556274187871    
  -17.51860067749547    
  -17.18212773132823    
  -16.71146197240178    
  -16.13405448114838    
  -15.47695007388706    
  -14.76559876274679    
  -14.02306423936353    
  -13.26885109452059    
  -12.51838064552668    
  -11.78373924078327    
  -11.07434574241979    
  -10.39670231783008    
  -9.754531227649316    
  -9.149991990717229    
  -8.584413150679771    
  -8.057771835049715    
  -7.568655501275951    
  -7.115493003342801    
  -6.697081552413806    
  -6.311571222670908    
  -5.956185699005403    
  -5.628644724563900    
  -5.327681847514813    
  -5.051518981608341    
  -4.797302055820461    
  -4.562924394477931    
  -4.347808110784377    
  -4.150814923103979    
  -3.969192493846351    
  -3.800978727617658    
  -3.646476696879293    
  -3.505528478090628    
  -3.375388316875491    
  -3.253648208146668    
  -3.141231638432426    
  -3.039484684152304    
  -2.946096162794185    
  -2.857569123781441    
  -2.774408447197115    
  -2.699557264543986    
  -2.632257880649978    
  -2.568198377260094    
  -2.506151986950850    
  -2.449579658614275    
  -2.400118133444502    
  -2.354126445516723    
  -2.308318257996687    
  -2.264814353273529    
  -2.227058866037575    
  -2.193707967826530    
  -2.160672594107331    
  -2.127493501253027    
  -2.097522040859712    
  -2.072211923895645    
  -2.048906045053024    
  -2.024904970072887    
  -2.001012968690015    
  -1.979860131731391    
  -1.962234938345477    
  -1.946204539678343    
  -1.929419598004683    
  -1.911806296704867    
  -1.895787626713680    
  -1.883356623381117    
  -1.873122294879133    
  -1.861639607935302    
  -1.848047683141785    
  -1.835516635666131    
  -1.826843107617807    
  -1.820391695772890    
  -1.812451634609737    
  -1.802425192590041    
  -1.793205007913229    
  -1.786768282847391    
  -1.781809778517687    
  -1.776157107357148    
  -1.769605842878542    
  -1.763465001620593    
  -1.758498176904462    
  -1.754278174452230    
  -1.750083144126839    
  -1.745784343835227    
  -1.741868006180066    
  -1.738676743716005    
  -1.735729022750857    
  -1.732256351306719    
  -1.728545592308102    
  -1.725916176657639    
  -1.724787794230824    
  -1.723640000240012    
  -1.720912589904994    
  -1.717344581492105    
  -1.715157740967271    
  -1.715065406355648    
  -1.715314260282251    
  -1.713985944153696    
  -1.711350820446961    
  -1.709372905332399    
  -1.709267382150061    
  -1.710114834635754    
  -1.710061597666518    
  -1.708641362832140    
  -1.707337595297601    
  -1.707542459663485    
  -1.708622275515072    
  -1.708906773538637    
  -1.708178930766165    
  -1.707876859478297    
  -1.708808266529565    
  -1.710074971443941    
  -1.710674489427032    
  -1.710874882773764    
  -1.711377171329841    
  -1.712241173464896    
  -1.713327445473003    
  -1.714790825953008    
  -1.716448578663360    
  -1.717607719474697    
  -1.718199062784842    
  -1.719200111140922    
  -1.721287371386135    
  -1.723855163583217    
  -1.725888629426379    
  -1.727118141399710    
  -1.728086044221570    
  -1.729785217795352    
  -1.732979533569395    
  -1.736846611229615    
  -1.739077396662467    
  -1.739113038688423    
  -1.740166994439912    
  -1.745057197572776    
  -1.750979026686716    
  -1.752812587999616    
  -1.751564983618342    
  -1.753843799372040    
  -1.761352232341236    
  -1.767330083689761    
  -1.767217947670121    
  -1.766570558760220    
  -1.772252357418309    
  -1.780936273381689    
  -1.784479834528697    
  -1.783529081442528    
  -1.786358080219330    
  -1.794906240328340    
  -1.801761718602314    
  -1.802904178194512    
  -1.804220139036666    
  -1.811139853651580    
  -1.819669881514161    
  -1.823706595490824    
  -1.825266289141678    
  -1.830421531535120    
  -1.838978929166694    
  -1.845521190065140    
  -1.848813492776422    
  -1.853201265322870    
  -1.860834894332974    
  -1.868633955207067    
  -1.874083349473339    
  -1.879052591860907    
  -1.885965806960962    
  -1.893949360455332    
  -1.900991445105078    
  -1.907290113728411    
  -1.914308196545654    
  -1.922211588926765    
  -1.930085479263320    
  -1.937660240157666    
  -1.945414449055384    
  -1.953572929819777    
  -1.961958363515845    
  -1.970447118376345    
  -1.979022374960736    
  -1.987697477583179    
  -1.996611263336892    
  -2.005850893713278    
  -2.015193024556205    
  -2.024443148802404    
  -2.033858730171513    
  -2.043720438610325    
  -2.053752443766746    
  -2.063576223605949    
  -2.073424399936947    
  -2.083713418960536    
  -2.094231263480717    
  -2.104505058845362    
  -2.114669197541885    
  -2.125168229704564    
  -2.135868684862802    
  -2.146286554697696    
  -2.156464991428389    
  -2.166804195419145    
  -2.177214241571600    
  -2.187244200502287    
  -2.196885869042354    
  -2.206462069316120    
  -2.215860635369530    
  -2.224639244503268    
  -2.232759208774278    
  -2.240480190495950    
  -2.247648828493396    
  -2.253798885368597    
  -2.258833384430937    
  -2.262918027150485    
  -2.265818619592081    
  -2.267011427933034    
  -2.266323385467528    
  -2.263804315556655    
  -2.259085234798466    
  -2.251500676938071    
  -2.240717314571559    
  -2.226605653310073    
  -2.208604755382318    
  -2.185823209838103    
  -2.157640112497792    
  -2.123592718989528    
  -2.082774755020310    
  -2.033919168699805    
  -1.975944472553195    
  -1.907833103883068    
  -1.828068563449966    
  -1.734721912473652    
  -1.625946994536635    
  -1.499830375825068    
  -1.353855625671631    
  -1.185005181834127    
 -0.9902208943938027    
 -0.7662308764281422    
 -0.5090488033155594    
 -0.2141197405648615    
  0.1232083028859295    
  0.5078257970419005    
  0.9452527966953707    
   1.441339299257012    
   2.001637142080670    
   2.631332593822918    
   3.335313800574762    
   4.117466061239573    
   4.979621457928646    
   5.921042080410113    
   6.938000872230891    
   8.022669539280907    
   9.161923276426069    
   10.33705551528251    
   11.52404936375670    
   12.69376710901559    
   13.81277467210930    
   14.84563969894273    
   15.75794706521718    
   16.51892806197214    
   17.10393454514852    
   17.49705746738019    
   17.69276119995859    
   17.69556274187871    
   17.51860067749547    
   17.18212773132823    
   16.71146197240178    
   16.13405448114838    
   15.47695007388706    
   14.76559876274679    
   14.02306423936353    
   13.26885109452059    
   12.51838064552668    
   11.78373924078327    
   11.07434574241979    
   10.39670231783008    
   9.754531227649316    
   9.149991990717229    
   8.584413150679771    
   8.057771835049715    
   7.568655501275951    
   7.115493003342801    
   6.697081552413806    
   6.311571222670908    
   5.956185699005403    
   5.628644724563900    
   5.327681847514813    
   5.051518981608341    
   4.797302055820461    
   4.562924394477931    
   4.347808110784377    
   4.150814923103979    
   3.969192493846351    
   3.800978727617658    
   3.646476696879293    
   3.505528478090628    
   3.375388316875491    
   3.253648208146668    
   3.141231638432426    
   3.039484684152304    
   2.946096162794185    
   2.857569123781441    
   2.774408447197115    
   2.699557264543986    
   2.632257880649978    
   2.568198377260094    
   2.506151986950850    
   2.449579658614275    
   2.400118133444502    
   2.354126445516723    
   2.308318257996687    
   2.264814353273529    
   2.227058866037575    
   2.193707967826530    
   2.160672594107331    
   2.127493501253027    
   2.097522040859712    
   2.072211923895645    
   2.048906045053024    
   2.024904970072887    
   2.001012968690015    
   1.979860131731391    
   1.962234938345477    
   1.946204539678343    
   1.929419598004683    
   1.911806296704867    
   1.895787626713680    
   1.883356623381117    
   1.873122294879133    
   1.861639607935302    
   1.848047683141785    
   1.835516635666131    
   1.826843107617807    
   1.820391695772890    
   1.812451634609737    
   1.802425192590041    
   1.793205007913229    
   1.786768282847391    
   1.781809778517687    
   1.776157107357148    
   1.769605842878542    
   1.763465001620593    
   1.758498176904462    
   1.754278174452230    
   1.750083144126839    
   1.745784343835227    
   1.741868006180066    
   1.738676743716005    
   1.735729022750857    
   1.732256351306719    
   1.728545592308102    
   1.725916176657639    
   1.724787794230824    
   1.723640000240012    
   1.720912589904994    
   1.717344581492105    
   1.715157740967271    
   1.715065406355648    
   1.715314260282251    
   1.713985944153696    
   1.711350820446961    
   1.709372905332399    
   1.709267382150061    
   1.710114834635754    
   1.710061597666518    
   1.708641362832140    
   1.707337595297601    
   1.707542459663485    
   1.708622275515072    
   1.708906773538637    
   1.708178930766165    
   1.707876859478297    
   1.708808266529565    
   1.710074971443941    
   1.710674489427032    
   1.710874882773764    
   1.711377171329841    
   1.712241173464896    
   1.713327445473003    
   1.714790825953008    
   1.716448578663360    
   1.717607719474697    
   1.718199062784842    
   1.719200111140922    
   1.721287371386135    
   1.723855163583217    
   1.725888629426379    
   1.727118141399710    
   1.728086044221570    
   1.729785217795352    
   1.732979533569395    
   1.736846611229615    
   1.739077396662467    
   1.739113038688423    
   1.740166994439912    
   1.745057197572776    
   1.750979026686716    
   1.752812587999616    
   1.751564983618342    
   1.753843799372040    
   1.761352232341236    
   1.767330083689761    
   1.767217947670121    
   1.766570558760220    
   1.772252357418309    
   1.780936273381689    
   1.784479834528697    
   1.783529081442528    
   1.786358080219330    
   1.794906240328340    
   1.801761718602314    
   1.802904178194512    
   1.804220139036666    
   1.811139853651580    
   1.819669881514161    
   1.823706595490824    
   1.825266289141678    
   1.830421531535120    
   1.838978929166694    
   1.845521190065140    
   1.848813492776422    
   1.853201265322870    
   1.860834894332974    
   1.868633955207067    
   1.874083349473339    
   1.879052591860907    
   1.885965806960962    
   1.893949360455332    
   1.900991445105078    
   1.907290113728411    
   1.914308196545654    
   1.922211588926765    

