  0.7659503688777564E-01
  0.7402511775993065E-01
  0.7144348462116090E-01
  0.6885044638929599E-01
  0.6624631519771484E-01
  0.6363140644651177E-01
  0.6100603882275357E-01
  0.5837053427986688E-01
  0.5572521801762359E-01
  0.5307041849531347E-01
  0.5040646745745003E-01
  0.4773369993057525E-01
  0.4505245418822051E-01
  0.4236307172068798E-01
  0.3966589723151254E-01
  0.3696127863868465E-01
  0.3424956704992349E-01
  0.3153111671598113E-01
  0.2880628499095633E-01
  0.2607543231085779E-01
  0.2333892217175215E-01
  0.2059712108911094E-01
  0.1785039854442577E-01
  0.1509912693643201E-01
  0.1234368154063276E-01
  0.9584440466352762E-02
  0.6821784604408299E-02
  0.4056097569991257E-02
  0.1287765646456940E-02
 -0.1482822271659856E-02
 -0.4255274739564108E-02
 -0.7029197824430344E-02
 -0.9804195165469709E-02
 -0.1257986803554473E-01
 -0.1535581541035347E-01
 -0.1813163404239565E-01
 -0.2090691853063481E-01
 -0.2368126138483717E-01
 -0.2645425309388028E-01
 -0.2922548220264054E-01
 -0.3199453539015945E-01
 -0.3476099754283707E-01
 -0.3752445182719066E-01
 -0.4028447976706101E-01
 -0.4304066132103901E-01
 -0.4579257495733247E-01
 -0.4853979773293737E-01
 -0.5128190537911625E-01
 -0.5401847238067448E-01
 -0.5674907204346380E-01
 -0.5947327656826262E-01
 -0.6219065714518845E-01
 -0.6490078404806088E-01
 -0.6760322670183833E-01
 -0.7029755373923180E-01
 -0.7298333308589261E-01
 -0.7566013206982003E-01
 -0.7832751750757644E-01
 -0.8098505575489168E-01
 -0.8363231276949779E-01
 -0.8626885421612657E-01
 -0.8889424557308345E-01
 -0.9150805219596375E-01
 -0.9410983936591655E-01
 -0.9669917237575104E-01
 -0.9927561664280415E-01
 -0.1018387377932419    
 -0.1043881017128612    
 -0.1069232746157461    
 -0.1094438231490479    
 -0.1119493144909994    
 -0.1144393164151510    
 -0.1169133973536112    
 -0.1193711264909105    
 -0.1218120738660644    
 -0.1242358104506321    
 -0.1266419082165073    
 -0.1290299402240096    
 -0.1313994807237915    
 -0.1337501052458354    
 -0.1360813906775133    
 -0.1383929153533765    
 -0.1406842591574823    
 -0.1429550036199536    
 -0.1452047320066126    
 -0.1474330294173349    
 -0.1496394828944392    
 -0.1518236815276932    
 -0.1539852165551716    
 -0.1561236814723441    
 -0.1582386721502791    
 -0.1603297869522569    
 -0.1623966268489237    
 -0.1644387955421445    
 -0.1664558995965166    
 -0.1684475485686359    
 -0.1704133551366395    
 -0.1723529352414721    
 -0.1742659082373554    
 -0.1761518970385546    
 -0.1780105282642865    
 -0.1798414323962687    
 -0.1816442439490509    
 -0.1834186016381882    
 -0.1851641485441035    
 -0.1868805322863154    
 -0.1885674052120658    
 -0.1902244245856150    
 -0.1918512527728287    
 -0.1934475574335668    
 -0.1950130117277958    
 -0.1965472945234801    
 -0.1980500905992895    
 -0.1995210908529303    
 -0.2009599925223720    
 -0.2023664994094401    
 -0.2037403220970451    
 -0.2050811781686532    
 -0.2063887924383958    
 -0.2076628971835550    
 -0.2089032323698974    
 -0.2101095458758717    
 -0.2112815937238706    
 -0.2124191403121311    
 -0.2135219586378871    
 -0.2145898305159686    
 -0.2156225468004929    
 -0.2166199076045867    
 -0.2175817225092225    
 -0.2185078107639092    
 -0.2193980014857825    
 -0.2202521338527004    
 -0.2210700572825846    
 -0.2218516316017837    
 -0.2225967272080731    
 -0.2233052252229988    
 -0.2239770176257906    
 -0.2246120073728746    
 -0.2252101085098265    
 -0.2257712462697103    
 -0.2262953571481261    
 -0.2267823889592791    
 -0.2272323008826850    
 -0.2276450634954525    
 -0.2280206587778426    
 -0.2283590800948200    
 -0.2286603321662457    
 -0.2289244310239711    
 -0.2291514039418716    
 -0.2293412893382336    
 -0.2294941366646466    
 -0.2296100062838977    
 -0.2296889693226482    
 -0.2297311074946069    
 -0.2297365129091382    
 -0.2297052878731285    
 -0.2296375446729051    
 -0.2295334053267020    
 -0.2293930013207274    
 -0.2292164733425132    
 -0.2290039710025915    
 -0.2287556525306997    
 -0.2284716844549066    
 -0.2281522412813846    
 -0.2277975051720352    
 -0.2274076656034747    
 -0.2269829190089518    
 -0.2265234684227149    
 -0.2260295231321843    
 -0.2255012983218316    
 -0.2249390147018420    
 -0.2243428981384084    
 -0.2237131792991158    
 -0.2230500933021367    
 -0.2223538793552265    
 -0.2216247803947289    
 -0.2208630427436047    
 -0.2200689157848483    
 -0.2192426516314070    
 -0.2183845047929268    
 -0.2174947318611475    
 -0.2165735912219902    
 -0.2156213427753157    
 -0.2146382476487009    
 -0.2136245679216590    
 -0.2125805663813933    
 -0.2115065063014434    
 -0.2104026512188926    
 -0.2092692647107368    
 -0.2081066101952009    
 -0.2069149507674140    
 -0.2056945490466701    
 -0.2044456670169688    
 -0.2031685658770648    
 -0.2018635059251974    
 -0.2005307464718273    
 -0.1991705457516748    
 -0.1977831608293652    
 -0.1963688475249141    
 -0.1949278603756326    
 -0.1934604526149084    
 -0.1919668761420116    
 -0.1904473814900446    
 -0.1889022178200757    
 -0.1873316329466239    
 -0.1857358733687037    
 -0.1841151842886402    
 -0.1824698096344621    
 -0.1807999921096247    
 -0.1791059732653404    
 -0.1773879935699698    
 -0.1756462924670625    
 -0.1738811084411933    
 -0.1720926791075295    
 -0.1702812413142976    
 -0.1684470312379631    
 -0.1665902844707952    
 -0.1647112361175866    
 -0.1628101209086332    
 -0.1608871733172674    
 -0.1589426276704791    
 -0.1569767182565930    
 -0.1549896794399901    
 -0.1529817457831026    
 -0.1509531521678666    
 -0.1489041339132987    
 -0.1468349268931063    
 -0.1447457676559445    
 -0.1426368935455770    
 -0.1405085428184911    
 -0.1383609547611493    
 -0.1361943698089061    
 -0.1340090296629104    
 -0.1318051773998374    
 -0.1295830575771635    
 -0.1273429163432103    
 -0.1250850015535013    
 -0.1228095628803696    
 -0.1205168519043778    
 -0.1182071221979117    
 -0.1158806294233001    
 -0.1135376314460279    
 -0.1111783884340872    
 -0.1088031629241011    
 -0.1064122198777955    
 -0.1040058267666075    
 -0.1015842536795390    
 -0.9914777340753916E-01
 -0.9669666148189021E-01
 -0.9423119620479264E-01
 -0.9175165871904750E-01
 -0.8925833310364939E-01
 -0.8675150643848778E-01
 -0.8423146881852372E-01
 -0.8169851336359590E-01
 -0.7915293627035352E-01
 -0.7659503688777564E-01
 -0.7402511775993065E-01
 -0.7144348462116090E-01
 -0.6885044638929599E-01
 -0.6624631519771484E-01
 -0.6363140644651177E-01
 -0.6100603882275357E-01
 -0.5837053427986688E-01
 -0.5572521801762359E-01
 -0.5307041849531347E-01
 -0.5040646745745003E-01
 -0.4773369993057525E-01
 -0.4505245418822051E-01
 -0.4236307172068798E-01
 -0.3966589723151254E-01
 -0.3696127863868465E-01
 -0.3424956704992349E-01
 -0.3153111671598113E-01
 -0.2880628499095633E-01
 -0.2607543231085779E-01
 -0.2333892217175215E-01
 -0.2059712108911094E-01
 -0.1785039854442577E-01
 -0.1509912693643201E-01
 -0.1234368154063276E-01
 -0.9584440466352762E-02
 -0.6821784604408299E-02
 -0.4056097569991257E-02
 -0.1287765646456940E-02
  0.1482822271659856E-02
  0.4255274739564108E-02
  0.7029197824430344E-02
  0.9804195165469709E-02
  0.1257986803554473E-01
  0.1535581541035347E-01
  0.1813163404239565E-01
  0.2090691853063481E-01
  0.2368126138483717E-01
  0.2645425309388028E-01
  0.2922548220264054E-01
  0.3199453539015945E-01
  0.3476099754283707E-01
  0.3752445182719066E-01
  0.4028447976706101E-01
  0.4304066132103901E-01
  0.4579257495733247E-01
  0.4853979773293737E-01
  0.5128190537911625E-01
  0.5401847238067448E-01
  0.5674907204346380E-01
  0.5947327656826262E-01
  0.6219065714518845E-01
  0.6490078404806088E-01
  0.6760322670183833E-01
  0.7029755373923180E-01
  0.7298333308589261E-01
  0.7566013206982003E-01
  0.7832751750757644E-01
  0.8098505575489168E-01
  0.8363231276949779E-01
  0.8626885421612657E-01
  0.8889424557308345E-01
  0.9150805219596375E-01
  0.9410983936591655E-01
  0.9669917237575104E-01
  0.9927561664280415E-01
  0.1018387377932419    
  0.1043881017128612    
  0.1069232746157461    
  0.1094438231490479    
  0.1119493144909994    
  0.1144393164151510    
  0.1169133973536112    
  0.1193711264909105    
  0.1218120738660644    
  0.1242358104506321    
  0.1266419082165073    
  0.1290299402240096    
  0.1313994807237915    
  0.1337501052458354    
  0.1360813906775133    
  0.1383929153533765    
  0.1406842591574823    
  0.1429550036199536    
  0.1452047320066126    
  0.1474330294173349    
  0.1496394828944392    
  0.1518236815276932    
  0.1539852165551716    
  0.1561236814723441    
  0.1582386721502791    
  0.1603297869522569    
  0.1623966268489237    
  0.1644387955421445    
  0.1664558995965166    
  0.1684475485686359    
  0.1704133551366395    
  0.1723529352414721    
  0.1742659082373554    
  0.1761518970385546    
  0.1780105282642865    
  0.1798414323962687    
  0.1816442439490509    
  0.1834186016381882    
  0.1851641485441035    
  0.1868805322863154    
  0.1885674052120658    
  0.1902244245856150    
  0.1918512527728287    
  0.1934475574335668    
  0.1950130117277958    
  0.1965472945234801    
  0.1980500905992895    
  0.1995210908529303    
  0.2009599925223720    
  0.2023664994094401    
  0.2037403220970451    
  0.2050811781686532    
  0.2063887924383958    
  0.2076628971835550    
  0.2089032323698974    
  0.2101095458758717    
  0.2112815937238706    
  0.2124191403121311    
  0.2135219586378871    
  0.2145898305159686    
  0.2156225468004929    
  0.2166199076045867    
  0.2175817225092225    
  0.2185078107639092    
  0.2193980014857825    
  0.2202521338527004    
  0.2210700572825846    
  0.2218516316017837    
  0.2225967272080731    
  0.2233052252229988    
  0.2239770176257906    
  0.2246120073728746    
  0.2252101085098265    
  0.2257712462697103    
  0.2262953571481261    
  0.2267823889592791    
  0.2272323008826850    
  0.2276450634954525    
  0.2280206587778426    
  0.2283590800948200    
  0.2286603321662457    
  0.2289244310239711    
  0.2291514039418716    
  0.2293412893382336    
  0.2294941366646466    
  0.2296100062838977    
  0.2296889693226482    
  0.2297311074946069    
  0.2297365129091382    
  0.2297052878731285    
  0.2296375446729051    
  0.2295334053267020    
  0.2293930013207274    
  0.2292164733425132    
  0.2290039710025915    
  0.2287556525306997    
  0.2284716844549066    
  0.2281522412813846    
  0.2277975051720352    
  0.2274076656034747    
  0.2269829190089518    
  0.2265234684227149    
  0.2260295231321843    
  0.2255012983218316    
  0.2249390147018420    
  0.2243428981384084    
  0.2237131792991158    
  0.2230500933021367    
  0.2223538793552265    
  0.2216247803947289    
  0.2208630427436047    
  0.2200689157848483    
  0.2192426516314070    
  0.2183845047929268    
  0.2174947318611475    
  0.2165735912219902    
  0.2156213427753157    
  0.2146382476487009    
  0.2136245679216590    
  0.2125805663813933    
  0.2115065063014434    
  0.2104026512188926    
  0.2092692647107368    
  0.2081066101952009    
  0.2069149507674140    
  0.2056945490466701    
  0.2044456670169688    
  0.2031685658770648    
  0.2018635059251974    
  0.2005307464718273    
  0.1991705457516748    
  0.1977831608293652    
  0.1963688475249141    
  0.1949278603756326    
  0.1934604526149084    
  0.1919668761420116    
  0.1904473814900446    
  0.1889022178200757    
  0.1873316329466239    
  0.1857358733687037    
  0.1841151842886402    
  0.1824698096344621    
  0.1807999921096247    
  0.1791059732653404    
  0.1773879935699698    
  0.1756462924670625    
  0.1738811084411933    
  0.1720926791075295    
  0.1702812413142976    
  0.1684470312379631    
  0.1665902844707952    
  0.1647112361175866    
  0.1628101209086332    
  0.1608871733172674    
  0.1589426276704791    
  0.1569767182565930    
  0.1549896794399901    
  0.1529817457831026    
  0.1509531521678666    
  0.1489041339132987    
  0.1468349268931063    
  0.1447457676559445    
  0.1426368935455770    
  0.1405085428184911    
  0.1383609547611493    
  0.1361943698089061    
  0.1340090296629104    
  0.1318051773998374    
  0.1295830575771635    
  0.1273429163432103    
  0.1250850015535013    
  0.1228095628803696    
  0.1205168519043778    
  0.1182071221979117    
  0.1158806294233001    
  0.1135376314460279    
  0.1111783884340872    
  0.1088031629241011    
  0.1064122198777955    
  0.1040058267666075    
  0.1015842536795390    
  0.9914777340753916E-01
  0.9669666148189021E-01
  0.9423119620479264E-01
  0.9175165871904750E-01
  0.8925833310364939E-01
  0.8675150643848778E-01
  0.8423146881852372E-01
  0.8169851336359590E-01
  0.7915293627035352E-01
