  0.2828190485745906    
  0.2875460394398421    
  0.2924189630793836    
  0.2974434873521241    
  0.3026257823843073    
  0.3079725309760313    
  0.3134909212900935    
  0.3191887178429929    
  0.3250743428872843    
  0.3311569038331881    
  0.3374462355664938    
  0.3439529886599506    
  0.3506886947988530    
  0.3576658146337053    
  0.3648978345963952    
  0.3723993650348129    
  0.3801861714584356    
  0.3882752249163645    
  0.3966848263276350    
  0.4054346538343324    
  0.4145456611048711    
  0.4240399993047343    
  0.4339409746946173    
  0.4442727280624647    
  0.4550595225994553    
  0.4663248593121052    
  0.4780902653481065    
  0.4903730829773272    
  0.5031829068183317    
  0.5165166719028507    
  0.5303516076084249    
  0.5446344247156448    
  0.5592656138911607    
  0.5740782862607174    
  0.5888102939899966    
  0.6030690297080330    
  0.6162932054369201    
  0.6277235850599598    
  0.6364032457846813    
  0.6412373608601960    
  0.6411429643288666    
  0.6352882495054526    
  0.6233546351219206    
  0.6056994927647754    
  0.5833191235974491    
  0.5576164383033503    
  0.5300859949840983    
  0.5020526824432237    
  0.4745353342415375    
  0.4482249080743986    
  0.4235293359504383    
  0.4006427006229978    
  0.3796134678528738    
  0.3603991787055082    
  0.3429048202299739    
  0.3270086396514349    
  0.3125794480775251    
  0.2994869636258406    
  0.2876068442029924    
  0.2768232965824187    
  0.2670308158021910    
  0.2581345569480168    
  0.2500493955415619    
  0.2426990627033302    
  0.2360158341053548    
  0.2299398293263620    
  0.2244177181580169    
  0.2194018392902350    
  0.2148499574640665    
  0.2107247410847507    
  0.2069927811384663    
  0.2036240189235999    
  0.2005917242192005    
  0.1978721896910960    
  0.1954440132901778    
  0.1932877515694857    
  0.1913860396504648    
  0.1897234204935616    
  0.1882857969731138    
  0.1870602233611829    
  0.1860350996252561    
  0.1852000756066537    
  0.1845456101724091    
  0.1840628460306066    
  0.1837438389525587    
  0.1835815027016399    
  0.1835692381551539    
  0.1837008585901875    
  0.1839708315877685    
  0.1843742466076783    
  0.1849064934038427    
  0.1855632180957748    
  0.1863405637529242    
  0.1872351497503311    
  0.1882437883028446    
  0.1893634611247559    
  0.1905915506482225    
  0.1919258233449390    
  0.1933641765370148    
  0.1949046303926641    
  0.1965455470433221    
  0.1982856140134966    
  0.2001236154188049    
  0.2020584349442654    
  0.2040892619200987    
  0.2062155744238012    
  0.2084369322081439    
  0.2107529873600377    
  0.2131636761696609    
  0.2156692024407080    
  0.2182698518410569    
  0.2209660085161774    
  0.2237583316245567    
  0.2266477395776200    
  0.2296352468538681    
  0.2327219861001170    
  0.2359093683134724    
  0.2391990686267106    
  0.2425928874163389    
  0.2460927785670086    
  0.2497009928184357    
  0.2534200658592053    
  0.2572527059514843    
  0.2612018296535437    
  0.2652706885452419    
  0.2694628612919309    
  0.2737821708522942    
  0.2782327293068494    
  0.2828190485745906    
  0.2875460394398421    
  0.2924189630793836    
  0.2974434873521241    
  0.3026257823843073    
  0.3079725309760313    
  0.3134909212900935    
  0.3191887178429929    
  0.3250743428872843    
  0.3311569038331881    
  0.3374462355664938    
  0.3439529886599506    
  0.3506886947988530    
  0.3576658146337053    
  0.3648978345963952    
  0.3723993650348129    
  0.3801861714584356    
  0.3882752249163645    
  0.3966848263276350    
  0.4054346538343324    
  0.4145456611048711    
  0.4240399993047343    
  0.4339409746946173    
  0.4442727280624647    
  0.4550595225994553    
  0.4663248593121052    
  0.4780902653481065    
  0.4903730829773272    
  0.5031829068183317    
  0.5165166719028507    
  0.5303516076084249    
  0.5446344247156448    
  0.5592656138911607    
  0.5740782862607174    
  0.5888102939899966    
  0.6030690297080330    
  0.6162932054369201    
  0.6277235850599598    
  0.6364032457846813    
  0.6412373608601960    
  0.6411429643288666    
  0.6352882495054526    
  0.6233546351219206    
  0.6056994927647754    
  0.5833191235974491    
  0.5576164383033503    
  0.5300859949840983    
  0.5020526824432237    
  0.4745353342415375    
  0.4482249080743986    
  0.4235293359504383    
  0.4006427006229978    
  0.3796134678528738    
  0.3603991787055082    
  0.3429048202299739    
  0.3270086396514349    
  0.3125794480775251    
  0.2994869636258406    
  0.2876068442029924    
  0.2768232965824187    
  0.2670308158021910    
  0.2581345569480168    
  0.2500493955415619    
  0.2426990627033302    
  0.2360158341053548    
  0.2299398293263620    
  0.2244177181580169    
  0.2194018392902350    
  0.2148499574640665    
  0.2107247410847507    
  0.2069927811384663    
  0.2036240189235999    
  0.2005917242192005    
  0.1978721896910960    
  0.1954440132901778    
  0.1932877515694857    
  0.1913860396504648    
  0.1897234204935616    
  0.1882857969731138    
  0.1870602233611829    
  0.1860350996252561    
  0.1852000756066537    
  0.1845456101724091    
  0.1840628460306066    
  0.1837438389525587    
  0.1835815027016399    
  0.1835692381551539    
  0.1837008585901875    
  0.1839708315877685    
  0.1843742466076783    
  0.1849064934038427    
  0.1855632180957748    
  0.1863405637529242    
  0.1872351497503311    
  0.1882437883028446    
  0.1893634611247559    
  0.1905915506482225    
  0.1919258233449390    
  0.1933641765370148    
  0.1949046303926641    
  0.1965455470433221    
  0.1982856140134966    
  0.2001236154188049    
  0.2020584349442654    
  0.2040892619200987    
  0.2062155744238012    
  0.2084369322081439    
  0.2107529873600377    
  0.2131636761696609    
  0.2156692024407080    
  0.2182698518410569    
  0.2209660085161774    
  0.2237583316245567    
  0.2266477395776200    
  0.2296352468538681    
  0.2327219861001170    
  0.2359093683134724    
  0.2391990686267106    
  0.2425928874163389    
  0.2460927785670086    
  0.2497009928184357    
  0.2534200658592053    
  0.2572527059514843    
  0.2612018296535437    
  0.2652706885452419    
  0.2694628612919309    
  0.2737821708522942    
  0.2782327293068494    
