   2.182175328263859    
   2.200090740532162    
   2.219003500891642    
   2.240221638988596    
   2.262157270953079    
   2.283638549628002    
   2.306101951008235    
   2.330563464388078    
   2.355630812888312    
   2.380292526973215    
   2.405701009408005    
   2.432558606971971    
   2.459496297601373    
   2.485509208599213    
   2.511381936479541    
   2.537346887936154    
   2.561771384451623    
   2.583329233012882    
   2.602078427128281    
   2.617273379969402    
   2.626300897613584    
   2.626614551135499    
   2.616408884245716    
   2.592425265365462    
   2.549007942948096    
   2.479693152206204    
   2.377256717257473    
   2.231190383376982    
   2.026560259827965    
   1.744890431170456    
   1.363126668427785    
  0.8504586009945286    
  0.1671767031169454    
 -0.7340041763960814    
  -1.906993240444462    
  -3.409184453952613    
  -5.289319761911360    
  -7.564563051775991    
  -10.19016530200318    
  -13.02686458726918    
  -15.82219980150973    
  -18.23717943189097    
  -19.93552387240032    
  -20.70128408434180    
  -20.51357508126160    
  -19.53331445378429    
  -18.02151290130262    
  -16.24588747102795    
  -14.41916638742874    
  -12.67943870373316    
  -11.10040183701309    
  -9.711885591829249    
  -8.516165425165081    
  -7.498593848437137    
  -6.637588729736359    
  -5.912596614652893    
  -5.304872285666659    
  -4.794796997473519    
  -4.364143968666390    
  -4.000691575842357    
  -3.695972052686423    
  -3.439262748237595    
  -3.219244846065039    
  -3.030700165190712    
  -2.872675193392106    
  -2.739915198735945    
  -2.623548467530571    
  -2.520763781728286    
  -2.435091281372845    
  -2.365174336935438    
  -2.302554952372418    
  -2.243771664845106    
  -2.194654805548597    
  -2.157576027244186    
  -2.124521677052187    
  -2.089738884412464    
  -2.059385465936919    
  -2.039589824986418    
  -2.023907881744507    
  -2.003619222983672    
  -1.982919891084534    
  -1.971200597144293    
  -1.965780086372019    
  -1.956113174838263    
  -1.941937053357540    
  -1.933007626370025    
  -1.931613676068445    
  -1.929236032671182    
  -1.921875462014395    
  -1.915739085175782    
  -1.914835928129467    
  -1.914666184294112    
  -1.912019510491456    
  -1.910443962962671    
  -1.911782253620513    
  -1.912057040058500    
  -1.910121565107518    
  -1.910995341559084    
  -1.916021886105174    
  -1.919072914812540    
  -1.917648803365231    
  -1.918329636194253    
  -1.925143835836350    
  -1.931811355942253    
  -1.932838599905591    
  -1.933571157849991    
  -1.940604556027700    
  -1.949922813508269    
  -1.954323502015868    
  -1.956358310885627    
  -1.963378382267211    
  -1.974308348460365    
  -1.982147494696100    
  -1.986745637315005    
  -1.994463263214154    
  -2.006417834810298    
  -2.017144121829797    
  -2.024986268405467    
  -2.034562709442043    
  -2.047832655874873    
  -2.061015876028110    
  -2.072159726718910    
  -2.084443018168778    
  -2.099776690184676    
  -2.115527277631729    
  -2.129973074305486    
  -2.145418180295823    
  -2.163476375269856    
  -2.182175328263859    
  -2.200090740532162    
  -2.219003500891642    
  -2.240221638988596    
  -2.262157270953079    
  -2.283638549628002    
  -2.306101951008235    
  -2.330563464388078    
  -2.355630812888312    
  -2.380292526973215    
  -2.405701009408005    
  -2.432558606971971    
  -2.459496297601373    
  -2.485509208599213    
  -2.511381936479541    
  -2.537346887936154    
  -2.561771384451623    
  -2.583329233012882    
  -2.602078427128281    
  -2.617273379969402    
  -2.626300897613584    
  -2.626614551135499    
  -2.616408884245716    
  -2.592425265365462    
  -2.549007942948096    
  -2.479693152206204    
  -2.377256717257473    
  -2.231190383376982    
  -2.026560259827965    
  -1.744890431170456    
  -1.363126668427785    
 -0.8504586009945286    
 -0.1671767031169454    
  0.7340041763960814    
   1.906993240444462    
   3.409184453952613    
   5.289319761911360    
   7.564563051775991    
   10.19016530200318    
   13.02686458726918    
   15.82219980150973    
   18.23717943189097    
   19.93552387240032    
   20.70128408434180    
   20.51357508126160    
   19.53331445378429    
   18.02151290130262    
   16.24588747102795    
   14.41916638742874    
   12.67943870373316    
   11.10040183701309    
   9.711885591829249    
   8.516165425165081    
   7.498593848437137    
   6.637588729736359    
   5.912596614652893    
   5.304872285666659    
   4.794796997473519    
   4.364143968666390    
   4.000691575842357    
   3.695972052686423    
   3.439262748237595    
   3.219244846065039    
   3.030700165190712    
   2.872675193392106    
   2.739915198735945    
   2.623548467530571    
   2.520763781728286    
   2.435091281372845    
   2.365174336935438    
   2.302554952372418    
   2.243771664845106    
   2.194654805548597    
   2.157576027244186    
   2.124521677052187    
   2.089738884412464    
   2.059385465936919    
   2.039589824986418    
   2.023907881744507    
   2.003619222983672    
   1.982919891084534    
   1.971200597144293    
   1.965780086372019    
   1.956113174838263    
   1.941937053357540    
   1.933007626370025    
   1.931613676068445    
   1.929236032671182    
   1.921875462014395    
   1.915739085175782    
   1.914835928129467    
   1.914666184294112    
   1.912019510491456    
   1.910443962962671    
   1.911782253620513    
   1.912057040058500    
   1.910121565107518    
   1.910995341559084    
   1.916021886105174    
   1.919072914812540    
   1.917648803365231    
   1.918329636194253    
   1.925143835836350    
   1.931811355942253    
   1.932838599905591    
   1.933571157849991    
   1.940604556027700    
   1.949922813508269    
   1.954323502015868    
   1.956358310885627    
   1.963378382267211    
   1.974308348460365    
   1.982147494696100    
   1.986745637315005    
   1.994463263214154    
   2.006417834810298    
   2.017144121829797    
   2.024986268405467    
   2.034562709442043    
   2.047832655874873    
   2.061015876028110    
   2.072159726718910    
   2.084443018168778    
   2.099776690184676    
   2.115527277631729    
   2.129973074305486    
   2.145418180295823    
   2.163476375269856    
