  0.4577412914826257    
  0.4513947591500835    
  0.4448706259461222    
  0.4381726599664768    
  0.4313044274523566    
  0.4242692861056461    
  0.4170703947589129    
  0.4097107408134598    
  0.4021931544331144    
  0.3945203010187605    
  0.3866946806557378    
  0.3787186493023395    
  0.3705944369739823    
  0.3623241430870427    
  0.3539097286012099    
  0.3453530284638513    
  0.3366557707485837    
  0.3278195772254397    
  0.3188459529288748    
  0.3097362902380154    
  0.3004918858698689    
  0.2911139468744378    
  0.2816035824086785    
  0.2719618027225584    
  0.2621895325570007    
  0.2522876210482539    
  0.2422568386462995    
  0.2320978756686717    
  0.2218113535369692    
  0.2113978375853769    
  0.2008578402306901    
  0.1901918230831141    
  0.1794002093161031    
  0.1684834002649114    
  0.1574417857073156    
  0.1462757523752096    
  0.1349857009591749    
  0.1235720687912980    
  0.1120353488768492    
  0.1003761072311728    
  0.8859500751988703E-01
  0.7669284230295786E-01
  0.6467056279147249E-01
  0.5252930725276789E-01
  0.4027043570748132E-01
  0.2789557156387656E-01
  0.1540664323360452E-01
  0.2805924555247030E-02
 -0.9903919721988064E-02
 -0.2271978205235164E-01
 -0.3563805988136454E-01
 -0.4865460529206714E-01
 -0.6176467165836419E-01
 -0.7496285581964660E-01
 -0.8824304131925752E-01
 -0.1015983457190377    
 -0.1150210684490556    
 -0.1285026379637498    
 -0.1420335636060784    
 -0.1556033959041883    
 -0.1692006927377266    
 -0.1828129903523010    
 -0.1964267846016383    
 -0.2100275266608594    
 -0.2235996310277081    
 -0.2371264943453431    
 -0.2505905299006443    
 -0.2639732219835029    
 -0.2772551973955635    
 -0.2904163110803893    
 -0.3034357492021773    
 -0.3162921529498368    
 -0.3289637588675425    
 -0.3414285500427866    
 -0.3536644191527437    
 -0.3656493454279445    
 -0.3773615796993555    
 -0.3887798290215576    
 -0.3998834397686761    
 -0.4106525811209850    
 -0.4210684229507714    
 -0.4311132980018638    
 -0.4407708465174028    
 -0.4500261473015780    
 -0.4588658316666082    
 -0.4672781704122261    
 -0.4752531325001693    
 -0.4827824233276607    
 -0.4898595037702683    
 -0.4964795813872537    
 -0.5026395723713883    
 -0.5083380458278711    
 -0.5135751571602740    
 -0.5183525630876884    
 -0.5226733142992459    
 -0.5265417384514378    
 -0.5299633256359472    
 -0.5329446100478403    
 -0.5354930385526042    
 -0.5376168360752910    
 -0.5393248844894315    
 -0.5406266116818181    
 -0.5415318754568647    
 -0.5420508454319873    
 -0.5421939023576001    
 -0.5419715574537118    
 -0.5413943728434207    
 -0.5404728768941335    
 -0.5392174933482381    
 -0.5376384948241972    
 -0.5357459629460771    
 -0.5335497396967039    
 -0.5310593842707231    
 -0.5282841533407225    
 -0.5252329927181429    
 -0.5219145185664735    
 -0.5183369950949233    
 -0.5145083313280749    
 -0.5104360930003100    
 -0.5061275045486868    
 -0.5015894396907216    
 -0.4968284253297429    
 -0.4918506641170550    
 -0.4866620500556504    
 -0.4812681658592774    
 -0.4756742859851072    
 -0.4698854014980728    
 -0.4639062446965521    
 -0.4577412914826257    
 -0.4513947591500835    
 -0.4448706259461222    
 -0.4381726599664768    
 -0.4313044274523566    
 -0.4242692861056461    
 -0.4170703947589129    
 -0.4097107408134598    
 -0.4021931544331144    
 -0.3945203010187605    
 -0.3866946806557378    
 -0.3787186493023395    
 -0.3705944369739823    
 -0.3623241430870427    
 -0.3539097286012099    
 -0.3453530284638513    
 -0.3366557707485837    
 -0.3278195772254397    
 -0.3188459529288748    
 -0.3097362902380154    
 -0.3004918858698689    
 -0.2911139468744378    
 -0.2816035824086785    
 -0.2719618027225584    
 -0.2621895325570007    
 -0.2522876210482539    
 -0.2422568386462995    
 -0.2320978756686717    
 -0.2218113535369692    
 -0.2113978375853769    
 -0.2008578402306901    
 -0.1901918230831141    
 -0.1794002093161031    
 -0.1684834002649114    
 -0.1574417857073156    
 -0.1462757523752096    
 -0.1349857009591749    
 -0.1235720687912980    
 -0.1120353488768492    
 -0.1003761072311728    
 -0.8859500751988703E-01
 -0.7669284230295786E-01
 -0.6467056279147249E-01
 -0.5252930725276789E-01
 -0.4027043570748132E-01
 -0.2789557156387656E-01
 -0.1540664323360452E-01
 -0.2805924555247030E-02
  0.9903919721988064E-02
  0.2271978205235164E-01
  0.3563805988136454E-01
  0.4865460529206714E-01
  0.6176467165836419E-01
  0.7496285581964660E-01
  0.8824304131925752E-01
  0.1015983457190377    
  0.1150210684490556    
  0.1285026379637498    
  0.1420335636060784    
  0.1556033959041883    
  0.1692006927377266    
  0.1828129903523010    
  0.1964267846016383    
  0.2100275266608594    
  0.2235996310277081    
  0.2371264943453431    
  0.2505905299006443    
  0.2639732219835029    
  0.2772551973955635    
  0.2904163110803893    
  0.3034357492021773    
  0.3162921529498368    
  0.3289637588675425    
  0.3414285500427866    
  0.3536644191527437    
  0.3656493454279445    
  0.3773615796993555    
  0.3887798290215576    
  0.3998834397686761    
  0.4106525811209850    
  0.4210684229507714    
  0.4311132980018638    
  0.4407708465174028    
  0.4500261473015780    
  0.4588658316666082    
  0.4672781704122261    
  0.4752531325001693    
  0.4827824233276607    
  0.4898595037702683    
  0.4964795813872537    
  0.5026395723713883    
  0.5083380458278711    
  0.5135751571602740    
  0.5183525630876884    
  0.5226733142992459    
  0.5265417384514378    
  0.5299633256359472    
  0.5329446100478403    
  0.5354930385526042    
  0.5376168360752910    
  0.5393248844894315    
  0.5406266116818181    
  0.5415318754568647    
  0.5420508454319873    
  0.5421939023576001    
  0.5419715574537118    
  0.5413943728434207    
  0.5404728768941335    
  0.5392174933482381    
  0.5376384948241972    
  0.5357459629460771    
  0.5335497396967039    
  0.5310593842707231    
  0.5282841533407225    
  0.5252329927181429    
  0.5219145185664735    
  0.5183369950949233    
  0.5145083313280749    
  0.5104360930003100    
  0.5061275045486868    
  0.5015894396907216    
  0.4968284253297429    
  0.4918506641170550    
  0.4866620500556504    
  0.4812681658592774    
  0.4756742859851072    
  0.4698854014980728    
  0.4639062446965521    
