  0.1925691373518310    
  0.1908234747683251    
  0.1890728307519882    
  0.1873172551449600    
  0.1855567973190482    
  0.1837915061855477    
  0.1820214302051406    
  0.1802466173978632    
  0.1784671153531478    
  0.1766829712399101    
  0.1748942318167015    
  0.1731009434418982    
  0.1713031520839405    
  0.1695009033315988    
  0.1676942424042763    
  0.1658832141623319    
  0.1640678631174288    
  0.1622482334428892    
  0.1604243689840696    
  0.1585963132687312    
  0.1567641095174212    
  0.1549278006538428    
  0.1530874293152242    
  0.1512430378626708    
  0.1493946683915082    
  0.1475423627415995    
  0.1456861625076460    
  0.1438261090494570    
  0.1419622435021953    
  0.1400946067865840    
  0.1382232396190819    
  0.1363481825220166    
  0.1344694758336825    
  0.1325871597183812    
  0.1307012741764302    
  0.1288118590541070    
  0.1269189540535510    
  0.1250225987426049    
  0.1231228325646016    
  0.1212196948480864    
  0.1193132248164852    
  0.1174034615977003    
  0.1154904442336460    
  0.1135742116897120    
  0.1116548028641622    
  0.1097322565974534    
  0.1078066116814902    
  0.1058779068687949    
  0.1039461808816106    
  0.1020114724209149    
  0.1000738201753638    
  0.9813326283014617E-01
  0.9618983907576140E-01
  0.9424358761670759E-01
  0.9229454718008950E-01
  0.9034275652413348E-01
  0.8838825444662252E-01
  0.8643107979323261E-01
  0.8447127146578803E-01
  0.8250886843041760E-01
  0.8054390972562503E-01
  0.7857643447025980E-01
  0.7660648187139940E-01
  0.7463409123213038E-01
  0.7265930195924269E-01
  0.7068215357081176E-01
  0.6870268570370158E-01
  0.6672093812095031E-01
  0.6473695071907226E-01
  0.6275076353524955E-01
  0.6076241675442939E-01
  0.5877195071631314E-01
  0.5677940592225239E-01
  0.5478482304203180E-01
  0.5278824292055884E-01
  0.5078970658444049E-01
  0.4878925524846456E-01
  0.4678693032196790E-01
  0.4478277341510534E-01
  0.4277682634500873E-01
  0.4076913114184372E-01
  0.3875973005475530E-01
  0.3674866555771139E-01
  0.3473598035523345E-01
  0.3272171738802548E-01
  0.3070591983848953E-01
  0.2868863113613718E-01
  0.2666989496288918E-01
  0.2464975525827007E-01
  0.2262825622448839E-01
  0.2060544233141398E-01
  0.1858135832144020E-01
  0.1655604921424159E-01
  0.1452956031141772E-01
  0.1250193720103066E-01
  0.1047322576202842E-01
  0.8443472168566446E-02
  0.6412722894207690E-02
  0.4381024716024973E-02
  0.2348424718582098E-02
  0.3149702978144653E-03
 -0.1719290835205500E-02
 -0.3754310650609938E-02
 -0.5790040796190221E-02
 -0.7826432593956545E-02
 -0.9863437036810696E-02
 -0.1190100478532452E-01
 -0.1393908616463158E-01
 -0.1597763116142326E-01
 -0.1801658942105600E-01
 -0.2005591024476500E-01
 -0.2209554258698865E-01
 -0.2413543505279497E-01
 -0.2617553589542393E-01
 -0.2821579301392507E-01
 -0.3025615395091474E-01
 -0.3229656589042623E-01
 -0.3433697565587712E-01
 -0.3637732970813218E-01
 -0.3841757414367808E-01
 -0.4045765469289586E-01
 -0.4249751671844337E-01
 -0.4453710521373466E-01
 -0.4657636480152677E-01
 -0.4861523973260340E-01
 -0.5065367388456371E-01
 -0.5269161076070944E-01
 -0.5472899348903382E-01
 -0.5676576482130180E-01
 -0.5880186713224345E-01
 -0.6083724241882704E-01
 -0.6287183229964555E-01
 -0.6490557801438657E-01
 -0.6693842042340226E-01
 -0.6897030000737292E-01
 -0.7100115686706743E-01
 -0.7303093072318778E-01
 -0.7505956091631494E-01
 -0.7708698640693590E-01
 -0.7911314577557005E-01
 -0.8113797722297494E-01
 -0.8316141857044684E-01
 -0.8518340726020357E-01
 -0.8720388035585591E-01
 -0.8922277454296079E-01
 -0.9124002612966220E-01
 -0.9325557104740906E-01
 -0.9526934485176142E-01
 -0.9728128272326980E-01
 -0.9929131946843994E-01
 -0.1012993895207717    
 -0.1033054269418778    
 -0.1053093654226762    
 -0.1073111382846597    
 -0.1093106784812357    
 -0.1113079185991441    
 -0.1133027908599415    
 -0.1152952271215582    
 -0.1172851588799226    
 -0.1192725172706579    
 -0.1212572330708381    
 -0.1232392367008202    
 -0.1252184582261280    
 -0.1271948273594142    
 -0.1291682734624735    
 -0.1311387255483201    
 -0.1331061122833271    
 -0.1350703619894258    
 -0.1370314026463588    
 -0.1389891618939953    
 -0.1409435670346970    
 -0.1428945450357446    
 -0.1448420225318141    
 -0.1467859258275086    
 -0.1487261808999392    
 -0.1506627134013620    
 -0.1525954486618595    
 -0.1545243116920776    
 -0.1564492271860041    
 -0.1583701195238028    
 -0.1602869127746880    
 -0.1621995306998503    
 -0.1641078967554232    
 -0.1660119340955000    
 -0.1679115655751899    
 -0.1698067137537227    
 -0.1716973008975928    
 -0.1735832489837497    
 -0.1754644797028276    
 -0.1773409144624198    
 -0.1792124743903925    
 -0.1810790803382438    
 -0.1829406528844981    
 -0.1847971123381500    
 -0.1866483787421393    
 -0.1884943718768782    
 -0.1903350112638114    
 -0.1921702161690202    
 -0.1939999056068678    
 -0.1958239983436904    
 -0.1976424129015232    
 -0.1994550675618756    
 -0.2012618803695445    
 -0.2030627691364770    
 -0.2048576514456710    
 -0.2066464446551262    
 -0.2084290659018369    
 -0.2102054321058351    
 -0.2119754599742787    
 -0.2137390660055918    
 -0.2154961664936486    
 -0.2172466775320181    
 -0.2189905150182532    
 -0.2207275946582390    
 -0.2224578319705920    
 -0.2241811422911231    
 -0.2258974407773524    
 -0.2276066424130913    
 -0.2293086620130810    
 -0.2310034142277038    
 -0.2326908135477535    
 -0.2343707743092791    
 -0.2360432106984984    
 -0.2377080367567890    
 -0.2393651663857490    
 -0.2410145133523454    
 -0.2426559912941340    
 -0.2442895137245762    
 -0.2459149940384329    
 -0.2475323455172539    
 -0.2491414813349593    
 -0.2507423145635217    
 -0.2523347581787432    
 -0.2539187250661419    
 -0.2554941280269381    
 -0.2570608797841625    
 -0.2586188929888686    
 -0.2601680802264699    
 -0.2617083540231953    
 -0.2632396268526758    
 -0.2647618111426580    
 -0.2662748192818549    
 -0.2677785636269298    
 -0.2692729565096339    
 -0.2707579102440820    
 -0.2722333371341843    
 -0.2736991494812342    
 -0.2751552595916582    
 -0.2766015797849311    
 -0.2780380224016616    
 -0.2794644998118518    
 -0.2808809244233419    
 -0.2822872086904338    
 -0.2836832651227081    
 -0.2850690062940335    
 -0.2864443448517804    
 -0.2878091935262312    
 -0.2891634651402100    
 -0.2905070726189141    
 -0.2918399289999800    
 -0.2931619474437607    
 -0.2944730412438368    
 -0.2957731238377601    
 -0.2970621088180398    
 -0.2983399099433670    
 -0.2996064411500876    
 -0.3008616165639281    
 -0.3021053505119806    
 -0.3033375575349462    
 -0.3045581523996426    
 -0.3057670501117821    
 -0.3069641659290261    
 -0.3081494153743110    
 -0.3093227142494590    
 -0.3104839786490692    
 -0.3116331249747006    
 -0.3127700699493428    
 -0.3138947306321784    
 -0.3150070244336425    
 -0.3161068691307820    
 -0.3171941828829112    
 -0.3182688842475720    
 -0.3193308921967926    
 -0.3203801261336578    
 -0.3214165059091779    
 -0.3224399518394629    
 -0.3234503847232051    
 -0.3244477258594651    
 -0.3254318970657613    
 -0.3264028206964617    
 -0.3273604196614766    
 -0.3283046174452532    
 -0.3292353381260634    
 -0.3301525063955837    
 -0.3310560475787669    
 -0.3319458876539993    
 -0.3328219532735381    
 -0.3336841717842207    
 -0.3345324712484470    
 -0.3353667804654250    
 -0.3361870289926702    
 -0.3369931471677531    
 -0.3377850661302857    
 -0.3385627178441424    
 -0.3393260351198983    
 -0.3400749516374801    
 -0.3408094019690129    
 -0.3415293216018627    
 -0.3422346469618467    
 -0.3429253154366108    
 -0.3436012653991527    
 -0.3442624362314812    
 -0.3449087683483953    
 -0.3455402032213615    
 -0.3461566834024812    
 -0.3467581525485282    
 -0.3473445554450323    
 -0.3479158380303977    
 -0.3484719474200313    
 -0.3490128319304677    
 -0.3495384411034610    
 -0.3500487257300267    
 -0.3505436378744118    
 -0.3510231308979720    
 -0.3514871594829266    
 -0.3519356796559705    
 -0.3523686488117202    
 -0.3527860257359685    
 -0.3531877706287199    
 -0.3535738451269780    
 -0.3539442123272682    
 -0.3542988368078600    
 -0.3546376846506647    
 -0.3549607234627776    
 -0.3552679223976432    
 -0.3555592521758111    
 -0.3558346851052545    
 -0.3560941951012206    
 -0.3563377577055902    
 -0.3565653501057132    
 -0.3567769511526940    
 -0.3569725413790943    
 -0.3571521030160275    
 -0.3573156200096215    
 -0.3574630780368120    
 -0.3575944645204436    
 -0.3577097686436535    
 -0.3578089813635095    
 -0.3578920954238725    
 -0.3579591053674616    
 -0.3580100075470952    
 -0.3580448001360843    
 -0.3580634831377547    
 -0.3580660583940700    
 -0.3580525295933421    
 -0.3580229022770021    
 -0.3579771838454120    
 -0.3579153835626978    
 -0.3578375125605895    
 -0.3577435838412477    
 -0.3576336122790646    
 -0.3575076146214164    
 -0.3573656094883668    
 -0.3572076173713015    
 -0.3570336606304880    
 -0.3568437634915429    
 -0.3566379520408132    
 -0.3564162542196550    
 -0.3561786998176133    
 -0.3559253204644884    
 -0.3556561496213038    
 -0.3553712225701635    
 -0.3550705764030084    
 -0.3547542500092687    
 -0.3544222840624264    
 -0.3540747210054878    
 -0.3537116050353815    
 -0.3533329820862818    
 -0.3529388998118841    
 -0.3525294075666341    
 -0.3521045563859335    
 -0.3516643989653314    
 -0.3512089896387296    
 -0.3507383843556149    
 -0.3502526406573457    
 -0.3497518176525012    
 -0.3492359759913422    
 -0.3487051778393861    
 -0.3481594868501368    
 -0.3475989681369893    
 -0.3470236882443452    
 -0.3464337151179662    
 -0.3458291180745987    
 -0.3452099677708947    
 -0.3445763361716771    
 -0.3439282965175687    
 -0.3432659232920331    
 -0.3425892921878460    
 -0.3418984800730540    
 -0.3411935649564425    
 -0.3404746259525597    
 -0.3397417432463209    
 -0.3389949980572504    
 -0.3382344726033825    
 -0.3374602500648722    
 -0.3366724145473423    
 -0.3358710510450169    
 -0.3350562454036721    
 -0.3342280842834496    
 -0.3333866551215576    
 -0.3325320460949142    
 -0.3316643460827597    
 -0.3307836446292795    
 -0.3298900319062654    
 -0.3289835986758665    
 -0.3280644362534519    
 -0.3271326364706306    
 -0.3261882916384455    
 -0.3252314945107995    
 -0.3242623382481225    
 -0.3232809163813281    
 -0.3222873227760770    
 -0.3212816515973900    
 -0.3202639972746273    
 -0.3192344544668723    
 -0.3181931180287347    
 -0.3171400829766116    
 -0.3160754444554212    
 -0.3149992977058390    
 -0.3139117380320501    
 -0.3128128607700500    
 -0.3117027612565055    
 -0.3105815347982000    
 -0.3094492766420709    
 -0.3083060819458718    
 -0.3071520457494590    
 -0.3059872629467277    
 -0.3048118282582024    
 -0.3036258362043005    
 -0.3024293810792736    
 -0.3012225569258464    
 -0.3000054575105420    
 -0.2987781762997272    
 -0.2975408064363614    
 -0.2962934407174704    
 -0.2950361715723349    
 -0.2937690910414128    
 -0.2924922907559848    
 -0.2912058619185371    
 -0.2899098952838599    
 -0.2886044811408946    
 -0.2872897092952946    
 -0.2859656690527239    
 -0.2846324492028709    
 -0.2832901380041912    
 -0.2819388231693607    
 -0.2805785918514455    
 -0.2792095306307705    
 -0.2778317255024960    
 -0.2764452618648805    
 -0.2750502245082351    
 -0.2736466976045491    
 -0.2722347646977892    
 -0.2708145086948572    
 -0.2693860118572026    
 -0.2679493557930677    
 -0.2665046214503751    
 -0.2650518891102258    
 -0.2635912383810167    
 -0.2621227481931487    
 -0.2606464967943283    
 -0.2591625617454432    
 -0.2576710199170043    
 -0.2561719474861353    
 -0.2546654199341087    
 -0.2531515120444077    
 -0.2516302979013050    
 -0.2501018508889418    
 -0.2485662436909013    
 -0.2470235482902601    
 -0.2454738359701090    
 -0.2439171773145161    
 -0.2423536422099470    
 -0.2407832998470974    
 -0.2392062187231548    
 -0.2376224666444549    
 -0.2360321107295328    
 -0.2344352174125517    
 -0.2328318524471020    
 -0.2312220809103467    
 -0.2296059672075175    
 -0.2279835750767376    
 -0.2263549675941658    
 -0.2247202071794436    
 -0.2230793556014432    
 -0.2214324739842957    
 -0.2197796228136999    
 -0.2181208619434840    
 -0.2164562506024281    
 -0.2147858474013209    
 -0.2131097103402553    
 -0.2114278968161363    
 -0.2097404636304063    
 -0.2080474669969664    
 -0.2063489625502961    
 -0.2046450053537447    
 -0.2029356499080053    
 -0.2012209501597468    
 -0.1995009595104046    
 -0.1977757308251133    
 -0.1960453164417806    
 -0.1943097681802892    
 -0.1925691373518310    
 -0.1908234747683251    
 -0.1890728307519882    
 -0.1873172551449600    
 -0.1855567973190482    
 -0.1837915061855477    
 -0.1820214302051406    
 -0.1802466173978632    
 -0.1784671153531478    
 -0.1766829712399101    
 -0.1748942318167015    
 -0.1731009434418982    
 -0.1713031520839405    
 -0.1695009033315988    
 -0.1676942424042763    
 -0.1658832141623319    
 -0.1640678631174288    
 -0.1622482334428892    
 -0.1604243689840696    
 -0.1585963132687312    
 -0.1567641095174212    
 -0.1549278006538428    
 -0.1530874293152242    
 -0.1512430378626708    
 -0.1493946683915082    
 -0.1475423627415995    
 -0.1456861625076460    
 -0.1438261090494570    
 -0.1419622435021953    
 -0.1400946067865840    
 -0.1382232396190819    
 -0.1363481825220166    
 -0.1344694758336825    
 -0.1325871597183812    
 -0.1307012741764302    
 -0.1288118590541070    
 -0.1269189540535510    
 -0.1250225987426049    
 -0.1231228325646016    
 -0.1212196948480864    
 -0.1193132248164852    
 -0.1174034615977003    
 -0.1154904442336460    
 -0.1135742116897120    
 -0.1116548028641622    
 -0.1097322565974534    
 -0.1078066116814902    
 -0.1058779068687949    
 -0.1039461808816106    
 -0.1020114724209149    
 -0.1000738201753638    
 -0.9813326283014617E-01
 -0.9618983907576140E-01
 -0.9424358761670759E-01
 -0.9229454718008950E-01
 -0.9034275652413348E-01
 -0.8838825444662252E-01
 -0.8643107979323261E-01
 -0.8447127146578803E-01
 -0.8250886843041760E-01
 -0.8054390972562503E-01
 -0.7857643447025980E-01
 -0.7660648187139940E-01
 -0.7463409123213038E-01
 -0.7265930195924269E-01
 -0.7068215357081176E-01
 -0.6870268570370158E-01
 -0.6672093812095031E-01
 -0.6473695071907226E-01
 -0.6275076353524955E-01
 -0.6076241675442939E-01
 -0.5877195071631314E-01
 -0.5677940592225239E-01
 -0.5478482304203180E-01
 -0.5278824292055884E-01
 -0.5078970658444049E-01
 -0.4878925524846456E-01
 -0.4678693032196790E-01
 -0.4478277341510534E-01
 -0.4277682634500873E-01
 -0.4076913114184372E-01
 -0.3875973005475530E-01
 -0.3674866555771139E-01
 -0.3473598035523345E-01
 -0.3272171738802548E-01
 -0.3070591983848953E-01
 -0.2868863113613718E-01
 -0.2666989496288918E-01
 -0.2464975525827007E-01
 -0.2262825622448839E-01
 -0.2060544233141398E-01
 -0.1858135832144020E-01
 -0.1655604921424159E-01
 -0.1452956031141772E-01
 -0.1250193720103066E-01
 -0.1047322576202842E-01
 -0.8443472168566446E-02
 -0.6412722894207690E-02
 -0.4381024716024973E-02
 -0.2348424718582098E-02
 -0.3149702978144653E-03
  0.1719290835205500E-02
  0.3754310650609938E-02
  0.5790040796190221E-02
  0.7826432593956545E-02
  0.9863437036810696E-02
  0.1190100478532452E-01
  0.1393908616463158E-01
  0.1597763116142326E-01
  0.1801658942105600E-01
  0.2005591024476500E-01
  0.2209554258698865E-01
  0.2413543505279497E-01
  0.2617553589542393E-01
  0.2821579301392507E-01
  0.3025615395091474E-01
  0.3229656589042623E-01
  0.3433697565587712E-01
  0.3637732970813218E-01
  0.3841757414367808E-01
  0.4045765469289586E-01
  0.4249751671844337E-01
  0.4453710521373466E-01
  0.4657636480152677E-01
  0.4861523973260340E-01
  0.5065367388456371E-01
  0.5269161076070944E-01
  0.5472899348903382E-01
  0.5676576482130180E-01
  0.5880186713224345E-01
  0.6083724241882704E-01
  0.6287183229964555E-01
  0.6490557801438657E-01
  0.6693842042340226E-01
  0.6897030000737292E-01
  0.7100115686706743E-01
  0.7303093072318778E-01
  0.7505956091631494E-01
  0.7708698640693590E-01
  0.7911314577557005E-01
  0.8113797722297494E-01
  0.8316141857044684E-01
  0.8518340726020357E-01
  0.8720388035585591E-01
  0.8922277454296079E-01
  0.9124002612966220E-01
  0.9325557104740906E-01
  0.9526934485176142E-01
  0.9728128272326980E-01
  0.9929131946843994E-01
  0.1012993895207717    
  0.1033054269418778    
  0.1053093654226762    
  0.1073111382846597    
  0.1093106784812357    
  0.1113079185991441    
  0.1133027908599415    
  0.1152952271215582    
  0.1172851588799226    
  0.1192725172706579    
  0.1212572330708381    
  0.1232392367008202    
  0.1252184582261280    
  0.1271948273594142    
  0.1291682734624735    
  0.1311387255483201    
  0.1331061122833271    
  0.1350703619894258    
  0.1370314026463588    
  0.1389891618939953    
  0.1409435670346970    
  0.1428945450357446    
  0.1448420225318141    
  0.1467859258275086    
  0.1487261808999392    
  0.1506627134013620    
  0.1525954486618595    
  0.1545243116920776    
  0.1564492271860041    
  0.1583701195238028    
  0.1602869127746880    
  0.1621995306998503    
  0.1641078967554232    
  0.1660119340955000    
  0.1679115655751899    
  0.1698067137537227    
  0.1716973008975928    
  0.1735832489837497    
  0.1754644797028276    
  0.1773409144624198    
  0.1792124743903925    
  0.1810790803382438    
  0.1829406528844981    
  0.1847971123381500    
  0.1866483787421393    
  0.1884943718768782    
  0.1903350112638114    
  0.1921702161690202    
  0.1939999056068678    
  0.1958239983436904    
  0.1976424129015232    
  0.1994550675618756    
  0.2012618803695445    
  0.2030627691364770    
  0.2048576514456710    
  0.2066464446551262    
  0.2084290659018369    
  0.2102054321058351    
  0.2119754599742787    
  0.2137390660055918    
  0.2154961664936486    
  0.2172466775320181    
  0.2189905150182532    
  0.2207275946582390    
  0.2224578319705920    
  0.2241811422911231    
  0.2258974407773524    
  0.2276066424130913    
  0.2293086620130810    
  0.2310034142277038    
  0.2326908135477535    
  0.2343707743092791    
  0.2360432106984984    
  0.2377080367567890    
  0.2393651663857490    
  0.2410145133523454    
  0.2426559912941340    
  0.2442895137245762    
  0.2459149940384329    
  0.2475323455172539    
  0.2491414813349593    
  0.2507423145635217    
  0.2523347581787432    
  0.2539187250661419    
  0.2554941280269381    
  0.2570608797841625    
  0.2586188929888686    
  0.2601680802264699    
  0.2617083540231953    
  0.2632396268526758    
  0.2647618111426580    
  0.2662748192818549    
  0.2677785636269298    
  0.2692729565096339    
  0.2707579102440820    
  0.2722333371341843    
  0.2736991494812342    
  0.2751552595916582    
  0.2766015797849311    
  0.2780380224016616    
  0.2794644998118518    
  0.2808809244233419    
  0.2822872086904338    
  0.2836832651227081    
  0.2850690062940335    
  0.2864443448517804    
  0.2878091935262312    
  0.2891634651402100    
  0.2905070726189141    
  0.2918399289999800    
  0.2931619474437607    
  0.2944730412438368    
  0.2957731238377601    
  0.2970621088180398    
  0.2983399099433670    
  0.2996064411500876    
  0.3008616165639281    
  0.3021053505119806    
  0.3033375575349462    
  0.3045581523996426    
  0.3057670501117821    
  0.3069641659290261    
  0.3081494153743110    
  0.3093227142494590    
  0.3104839786490692    
  0.3116331249747006    
  0.3127700699493428    
  0.3138947306321784    
  0.3150070244336425    
  0.3161068691307820    
  0.3171941828829112    
  0.3182688842475720    
  0.3193308921967926    
  0.3203801261336578    
  0.3214165059091779    
  0.3224399518394629    
  0.3234503847232051    
  0.3244477258594651    
  0.3254318970657613    
  0.3264028206964617    
  0.3273604196614766    
  0.3283046174452532    
  0.3292353381260634    
  0.3301525063955837    
  0.3310560475787669    
  0.3319458876539993    
  0.3328219532735381    
  0.3336841717842207    
  0.3345324712484470    
  0.3353667804654250    
  0.3361870289926702    
  0.3369931471677531    
  0.3377850661302857    
  0.3385627178441424    
  0.3393260351198983    
  0.3400749516374801    
  0.3408094019690129    
  0.3415293216018627    
  0.3422346469618467    
  0.3429253154366108    
  0.3436012653991527    
  0.3442624362314812    
  0.3449087683483953    
  0.3455402032213615    
  0.3461566834024812    
  0.3467581525485282    
  0.3473445554450323    
  0.3479158380303977    
  0.3484719474200313    
  0.3490128319304677    
  0.3495384411034610    
  0.3500487257300267    
  0.3505436378744118    
  0.3510231308979720    
  0.3514871594829266    
  0.3519356796559705    
  0.3523686488117202    
  0.3527860257359685    
  0.3531877706287199    
  0.3535738451269780    
  0.3539442123272682    
  0.3542988368078600    
  0.3546376846506647    
  0.3549607234627776    
  0.3552679223976432    
  0.3555592521758111    
  0.3558346851052545    
  0.3560941951012206    
  0.3563377577055902    
  0.3565653501057132    
  0.3567769511526940    
  0.3569725413790943    
  0.3571521030160275    
  0.3573156200096215    
  0.3574630780368120    
  0.3575944645204436    
  0.3577097686436535    
  0.3578089813635095    
  0.3578920954238725    
  0.3579591053674616    
  0.3580100075470952    
  0.3580448001360843    
  0.3580634831377547    
  0.3580660583940700    
  0.3580525295933421    
  0.3580229022770021    
  0.3579771838454120    
  0.3579153835626978    
  0.3578375125605895    
  0.3577435838412477    
  0.3576336122790646    
  0.3575076146214164    
  0.3573656094883668    
  0.3572076173713015    
  0.3570336606304880    
  0.3568437634915429    
  0.3566379520408132    
  0.3564162542196550    
  0.3561786998176133    
  0.3559253204644884    
  0.3556561496213038    
  0.3553712225701635    
  0.3550705764030084    
  0.3547542500092687    
  0.3544222840624264    
  0.3540747210054878    
  0.3537116050353815    
  0.3533329820862818    
  0.3529388998118841    
  0.3525294075666341    
  0.3521045563859335    
  0.3516643989653314    
  0.3512089896387296    
  0.3507383843556149    
  0.3502526406573457    
  0.3497518176525012    
  0.3492359759913422    
  0.3487051778393861    
  0.3481594868501368    
  0.3475989681369893    
  0.3470236882443452    
  0.3464337151179662    
  0.3458291180745987    
  0.3452099677708947    
  0.3445763361716771    
  0.3439282965175687    
  0.3432659232920331    
  0.3425892921878460    
  0.3418984800730540    
  0.3411935649564425    
  0.3404746259525597    
  0.3397417432463209    
  0.3389949980572504    
  0.3382344726033825    
  0.3374602500648722    
  0.3366724145473423    
  0.3358710510450169    
  0.3350562454036721    
  0.3342280842834496    
  0.3333866551215576    
  0.3325320460949142    
  0.3316643460827597    
  0.3307836446292795    
  0.3298900319062654    
  0.3289835986758665    
  0.3280644362534519    
  0.3271326364706306    
  0.3261882916384455    
  0.3252314945107995    
  0.3242623382481225    
  0.3232809163813281    
  0.3222873227760770    
  0.3212816515973900    
  0.3202639972746273    
  0.3192344544668723    
  0.3181931180287347    
  0.3171400829766116    
  0.3160754444554212    
  0.3149992977058390    
  0.3139117380320501    
  0.3128128607700500    
  0.3117027612565055    
  0.3105815347982000    
  0.3094492766420709    
  0.3083060819458718    
  0.3071520457494590    
  0.3059872629467277    
  0.3048118282582024    
  0.3036258362043005    
  0.3024293810792736    
  0.3012225569258464    
  0.3000054575105420    
  0.2987781762997272    
  0.2975408064363614    
  0.2962934407174704    
  0.2950361715723349    
  0.2937690910414128    
  0.2924922907559848    
  0.2912058619185371    
  0.2899098952838599    
  0.2886044811408946    
  0.2872897092952946    
  0.2859656690527239    
  0.2846324492028709    
  0.2832901380041912    
  0.2819388231693607    
  0.2805785918514455    
  0.2792095306307705    
  0.2778317255024960    
  0.2764452618648805    
  0.2750502245082351    
  0.2736466976045491    
  0.2722347646977892    
  0.2708145086948572    
  0.2693860118572026    
  0.2679493557930677    
  0.2665046214503751    
  0.2650518891102258    
  0.2635912383810167    
  0.2621227481931487    
  0.2606464967943283    
  0.2591625617454432    
  0.2576710199170043    
  0.2561719474861353    
  0.2546654199341087    
  0.2531515120444077    
  0.2516302979013050    
  0.2501018508889418    
  0.2485662436909013    
  0.2470235482902601    
  0.2454738359701090    
  0.2439171773145161    
  0.2423536422099470    
  0.2407832998470974    
  0.2392062187231548    
  0.2376224666444549    
  0.2360321107295328    
  0.2344352174125517    
  0.2328318524471020    
  0.2312220809103467    
  0.2296059672075175    
  0.2279835750767376    
  0.2263549675941658    
  0.2247202071794436    
  0.2230793556014432    
  0.2214324739842957    
  0.2197796228136999    
  0.2181208619434840    
  0.2164562506024281    
  0.2147858474013209    
  0.2131097103402553    
  0.2114278968161363    
  0.2097404636304063    
  0.2080474669969664    
  0.2063489625502961    
  0.2046450053537447    
  0.2029356499080053    
  0.2012209501597468    
  0.1995009595104046    
  0.1977757308251133    
  0.1960453164417806    
  0.1943097681802892    
