  0.2366339778513580    
  0.2408963671942724    
  0.2452876767655831    
  0.2498122448947100    
  0.2544752381011202    
  0.2592817128588341    
  0.2642366204430787    
  0.2693458460652315    
  0.2746162279567789    
  0.2800545528886110    
  0.2856676711709027    
  0.2914636402791139    
  0.2974516610958162    
  0.3036410037553887    
  0.3100412607154962    
  0.3166636130454025    
  0.3235206630907166    
  0.3306252790781402    
  0.3379910151643454    
  0.3456335058308588    
  0.3535701326450126    
  0.3618187254126639    
  0.3703981215554282    
  0.3793295815351017    
  0.3886360199703420    
  0.3983402093647724    
  0.4084650357026104    
  0.4190341345850210    
  0.4300692892621233    
  0.4415861017469147    
  0.4535909604987322    
  0.4660760756823304    
  0.4790074466076643    
  0.4923068885755005    
  0.5058297723840308    
  0.5193319885329044    
  0.5324202517032561    
  0.5444935420311727    
  0.5546938090953952    
  0.5618935428931766    
  0.5647750391884023    
  0.5620693065845064    
  0.5529456796661668    
  0.5373877332018397    
  0.5163138415710473    
  0.4913327456137786    
  0.4642729054899770    
  0.4367522170115243    
  0.4099601026200813    
  0.3846421651718144    
  0.3611859347896419    
  0.3397280544687958    
  0.3202499103681326    
  0.3026489041075512    
  0.2867821910637073    
  0.2724914707629014    
  0.2596191823675695    
  0.2480181132901296    
  0.2375539343758266    
  0.2281049460079841    
  0.2195628957024388    
  0.2118331795920393    
  0.2048326352372197    
  0.1984874055425447    
  0.1927327234304408    
  0.1875124973193698    
  0.1827773349781435    
  0.1784830903759686    
  0.1745910193701167    
  0.1710675430087090    
  0.1678827623739554    
  0.1650096205139718    
  0.1624243345611084    
  0.1601062612001998    
  0.1580367367359475    
  0.1561986369008750    
  0.1545769390393803    
  0.1531585991989276    
  0.1519315942472677    
  0.1508847407761233    
  0.1500083035837201    
  0.1492938381805911    
  0.1487333661273398    
  0.1483193740873554    
  0.1480454262349075    
  0.1479059527563654    
  0.1478955209646679    
  0.1480089688844621    
  0.1482420003180530    
  0.1485909124287996    
  0.1490519415477745    
  0.1496215035812463    
  0.1502967605948354    
  0.1510752857807406    
  0.1519544714985148    
  0.1529318587829460    
  0.1540056691651525    
  0.1551744073498560    
  0.1564363240248713    
  0.1577898228359848    
  0.1592339535888709    
  0.1607679536799351    
  0.1623907615092647    
  0.1641014934363247    
  0.1658998957963218    
  0.1677858262838027    
  0.1697588161899055    
  0.1718186128575910    
  0.1739655885736136    
  0.1762001629690534    
  0.1785224141591222    
  0.1809326844580772    
  0.1834319442998306    
  0.1860211563476479    
  0.1887009372032936    
  0.1914722259424181    
  0.1943366008944185    
  0.1972955855786882    
  0.2003503641550736    
  0.2035025139505708    
  0.2067542723226205    
  0.2101077838774044    
  0.2135648745025870    
  0.2171278506976282    
  0.2207997129078053    
  0.2245833428264490    
  0.2284813429863320    
  0.2324969076316454    
  0.2366339778513580    
  0.2408963671942724    
  0.2452876767655831    
  0.2498122448947100    
  0.2544752381011202    
  0.2592817128588341    
  0.2642366204430787    
  0.2693458460652315    
  0.2746162279567789    
  0.2800545528886110    
  0.2856676711709027    
  0.2914636402791139    
  0.2974516610958162    
  0.3036410037553887    
  0.3100412607154962    
  0.3166636130454025    
  0.3235206630907166    
  0.3306252790781402    
  0.3379910151643454    
  0.3456335058308588    
  0.3535701326450126    
  0.3618187254126639    
  0.3703981215554282    
  0.3793295815351017    
  0.3886360199703420    
  0.3983402093647724    
  0.4084650357026104    
  0.4190341345850210    
  0.4300692892621233    
  0.4415861017469147    
  0.4535909604987322    
  0.4660760756823304    
  0.4790074466076643    
  0.4923068885755005    
  0.5058297723840308    
  0.5193319885329044    
  0.5324202517032561    
  0.5444935420311727    
  0.5546938090953952    
  0.5618935428931766    
  0.5647750391884023    
  0.5620693065845064    
  0.5529456796661668    
  0.5373877332018397    
  0.5163138415710473    
  0.4913327456137786    
  0.4642729054899770    
  0.4367522170115243    
  0.4099601026200813    
  0.3846421651718144    
  0.3611859347896419    
  0.3397280544687958    
  0.3202499103681326    
  0.3026489041075512    
  0.2867821910637073    
  0.2724914707629014    
  0.2596191823675695    
  0.2480181132901296    
  0.2375539343758266    
  0.2281049460079841    
  0.2195628957024388    
  0.2118331795920393    
  0.2048326352372197    
  0.1984874055425447    
  0.1927327234304408    
  0.1875124973193698    
  0.1827773349781435    
  0.1784830903759686    
  0.1745910193701167    
  0.1710675430087090    
  0.1678827623739554    
  0.1650096205139718    
  0.1624243345611084    
  0.1601062612001998    
  0.1580367367359475    
  0.1561986369008750    
  0.1545769390393803    
  0.1531585991989276    
  0.1519315942472677    
  0.1508847407761233    
  0.1500083035837201    
  0.1492938381805911    
  0.1487333661273398    
  0.1483193740873554    
  0.1480454262349075    
  0.1479059527563654    
  0.1478955209646679    
  0.1480089688844621    
  0.1482420003180530    
  0.1485909124287996    
  0.1490519415477745    
  0.1496215035812463    
  0.1502967605948354    
  0.1510752857807406    
  0.1519544714985148    
  0.1529318587829460    
  0.1540056691651525    
  0.1551744073498560    
  0.1564363240248713    
  0.1577898228359848    
  0.1592339535888709    
  0.1607679536799351    
  0.1623907615092647    
  0.1641014934363247    
  0.1658998957963218    
  0.1677858262838027    
  0.1697588161899055    
  0.1718186128575910    
  0.1739655885736136    
  0.1762001629690534    
  0.1785224141591222    
  0.1809326844580772    
  0.1834319442998306    
  0.1860211563476479    
  0.1887009372032936    
  0.1914722259424181    
  0.1943366008944185    
  0.1972955855786882    
  0.2003503641550736    
  0.2035025139505708    
  0.2067542723226205    
  0.2101077838774044    
  0.2135648745025870    
  0.2171278506976282    
  0.2207997129078053    
  0.2245833428264490    
  0.2284813429863320    
  0.2324969076316454    
