  0.3678264666814401    
  0.3670415053125351    
  0.3661295426247875    
  0.3650916688104613    
  0.3639287353307828    
  0.3626413614733430    
  0.3612299161295305    
  0.3596945234507000    
  0.3580350986097266    
  0.3562513673653304    
  0.3543428516819332    
  0.3523088614127002    
  0.3501485187922438    
  0.3478607847561513    
  0.3454444549867451    
  0.3428981467043508    
  0.3402203099847390    
  0.3374092519804422    
  0.3344631417866583    
  0.3313800002221109    
  0.3281577036709508    
  0.3247940030667906    
  0.3212865328075168    
  0.3176328053587830    
  0.3138302133596710    
  0.3098760456510239    
  0.3057674985814082    
  0.3015016750468357    
  0.2970755876437018    
  0.2924861747154064    
  0.2877303153417916    
  0.2828048339320932    
  0.2777065065723274    
  0.2724320793269726    
  0.2669782886252761    
  0.2613418735389116    
  0.2555195882764245    
  0.2495082254395137    
  0.2433046437130674    
  0.2369057899457657    
  0.2303087208036336    
  0.2235106340256067    
  0.2165089056523821    
  0.2093011238917454    
  0.2018851224218855    
  0.1942590221701356    
  0.1864212797383944    
  0.1783707339390076    
  0.1701066514919003    
  0.1616287797898711    
  0.1529374059453681    
  0.1440334141187300    
  0.1349183407233259    
  0.1255944342586836    
  0.1160647195159981    
  0.1063330583881247    
  0.9640420553909163E-01
  0.8628386451845134E-01
  0.7597874424116727E-01
  0.6549660807226956E-01
  0.5484631263670044E-01
  0.4403784106387066E-01
  0.3308233079325777E-01
  0.2199208819012318E-01
  0.1078058635579573E-01
 -0.5375492732516563E-03
 -0.1194656648936218E-01
 -0.2342963025556356E-01
 -0.3496888869901955E-01
 -0.4654555555980922E-01
 -0.5814000585654466E-01
 -0.6973189051244816E-01
 -0.8130027297312983E-01
 -0.9282378024651138E-01
 -0.1042807617888181    
 -0.1156494599387150    
 -0.1269081944615005    
 -0.1380355517897051    
 -0.1490105688594364    
 -0.1598129137014864    
 -0.1704230666565016    
 -0.1808224928952556    
 -0.1909937936938541    
 -0.2009208383166506    
 -0.2105888843775576    
 -0.2199846804558991    
 -0.2290965372983821    
 -0.2379143696076294    
 -0.2464297221877985    
 -0.2546357799657529    
 -0.2625273473830083    
 -0.2701007973135057    
 -0.2773540086814337    
 -0.2842862998234511    
 -0.2908983420149150    
 -0.2971920473131444    
 -0.3031704520377712    
 -0.3088376117677268    
 -0.3141984924903690    
 -0.3192588419038564    
 -0.3240250587975882    
 -0.3285040859382206    
 -0.3327033158647731    
 -0.3366304822787923    
 -0.3402935445649592    
 -0.3437005985056573    
 -0.3468598141237655    
 -0.3497793663036939    
 -0.3524673494205708    
 -0.3549317102770472    
 -0.3571802165448075    
 -0.3592204285413029    
 -0.3610596482455528    
 -0.3627048718061032    
 -0.3641627774418313    
 -0.3654397282925692    
 -0.3665417524163938    
 -0.3674745114439983    
 -0.3682432973787290    
 -0.3688530530693128    
 -0.3693083749095133    
 -0.3696134935029986    
 -0.3697722726052411    
 -0.3697882374200269    
 -0.3696645924934904    
 -0.3694042098118197    
 -0.3690096238693015    
 -0.3684830605399589    
 -0.3678264666814401    
 -0.3670415053125351    
 -0.3661295426247875    
 -0.3650916688104613    
 -0.3639287353307828    
 -0.3626413614733430    
 -0.3612299161295305    
 -0.3596945234507000    
 -0.3580350986097266    
 -0.3562513673653304    
 -0.3543428516819332    
 -0.3523088614127002    
 -0.3501485187922438    
 -0.3478607847561513    
 -0.3454444549867451    
 -0.3428981467043508    
 -0.3402203099847390    
 -0.3374092519804422    
 -0.3344631417866583    
 -0.3313800002221109    
 -0.3281577036709508    
 -0.3247940030667906    
 -0.3212865328075168    
 -0.3176328053587830    
 -0.3138302133596710    
 -0.3098760456510239    
 -0.3057674985814082    
 -0.3015016750468357    
 -0.2970755876437018    
 -0.2924861747154064    
 -0.2877303153417916    
 -0.2828048339320932    
 -0.2777065065723274    
 -0.2724320793269726    
 -0.2669782886252761    
 -0.2613418735389116    
 -0.2555195882764245    
 -0.2495082254395137    
 -0.2433046437130674    
 -0.2369057899457657    
 -0.2303087208036336    
 -0.2235106340256067    
 -0.2165089056523821    
 -0.2093011238917454    
 -0.2018851224218855    
 -0.1942590221701356    
 -0.1864212797383944    
 -0.1783707339390076    
 -0.1701066514919003    
 -0.1616287797898711    
 -0.1529374059453681    
 -0.1440334141187300    
 -0.1349183407233259    
 -0.1255944342586836    
 -0.1160647195159981    
 -0.1063330583881247    
 -0.9640420553909163E-01
 -0.8628386451845134E-01
 -0.7597874424116727E-01
 -0.6549660807226956E-01
 -0.5484631263670044E-01
 -0.4403784106387066E-01
 -0.3308233079325777E-01
 -0.2199208819012318E-01
 -0.1078058635579573E-01
  0.5375492732516563E-03
  0.1194656648936218E-01
  0.2342963025556356E-01
  0.3496888869901955E-01
  0.4654555555980922E-01
  0.5814000585654466E-01
  0.6973189051244816E-01
  0.8130027297312983E-01
  0.9282378024651138E-01
  0.1042807617888181    
  0.1156494599387150    
  0.1269081944615005    
  0.1380355517897051    
  0.1490105688594364    
  0.1598129137014864    
  0.1704230666565016    
  0.1808224928952556    
  0.1909937936938541    
  0.2009208383166506    
  0.2105888843775576    
  0.2199846804558991    
  0.2290965372983821    
  0.2379143696076294    
  0.2464297221877985    
  0.2546357799657529    
  0.2625273473830083    
  0.2701007973135057    
  0.2773540086814337    
  0.2842862998234511    
  0.2908983420149150    
  0.2971920473131444    
  0.3031704520377712    
  0.3088376117677268    
  0.3141984924903690    
  0.3192588419038564    
  0.3240250587975882    
  0.3285040859382206    
  0.3327033158647731    
  0.3366304822787923    
  0.3402935445649592    
  0.3437005985056573    
  0.3468598141237655    
  0.3497793663036939    
  0.3524673494205708    
  0.3549317102770472    
  0.3571802165448075    
  0.3592204285413029    
  0.3610596482455528    
  0.3627048718061032    
  0.3641627774418313    
  0.3654397282925692    
  0.3665417524163938    
  0.3674745114439983    
  0.3682432973787290    
  0.3688530530693128    
  0.3693083749095133    
  0.3696134935029986    
  0.3697722726052411    
  0.3697882374200269    
  0.3696645924934904    
  0.3694042098118197    
  0.3690096238693015    
  0.3684830605399589    
