  0.3897792016693096E-01
  0.3926674490760832E-01
  0.3955857690482856E-01
  0.3985342791763831E-01
  0.4015130944288584E-01
  0.4045223231981993E-01
  0.4075620673724115E-01
  0.4106324259981273E-01
  0.4137334948753809E-01
  0.4168653625162650E-01
  0.4200281102072566E-01
  0.4232218157446908E-01
  0.4264465530227329E-01
  0.4297023879028117E-01
  0.4329893782673864E-01
  0.4363075778306345E-01
  0.4396570357199131E-01
  0.4430377922540091E-01
  0.4464498789890695E-01
  0.4498933226075193E-01
  0.4533681444931704E-01
  0.4568743564160341E-01
  0.4604119605711362E-01
  0.4639809535489416E-01
  0.4675813259042470E-01
  0.4712130577449838E-01
  0.4748761187645734E-01
  0.4785704722972787E-01
  0.4822960748809385E-01
  0.4860528717469023E-01
  0.4898407968465199E-01
  0.4936597769949534E-01
  0.4975097314275628E-01
  0.5013905671876778E-01
  0.5053021791478250E-01
  0.5092444542457981E-01
  0.5132172710343040E-01
  0.5172204949626796E-01
  0.5212539783932238E-01
  0.5253175649335258E-01
  0.5294110889788707E-01
  0.5335343708835323E-01
  0.5376872169724228E-01
  0.5418694239737754E-01
  0.5460807785534860E-01
  0.5503210523709896E-01
  0.5545900020862908E-01
  0.5588873738973331E-01
  0.5632129030652165E-01
  0.5675663088490332E-01
  0.5719472945081921E-01
  0.5763555519489905E-01
  0.5807907612392457E-01
  0.5852525854156864E-01
  0.5897406704813735E-01
  0.5942546501663987E-01
  0.5987941454302236E-01
  0.6033587591344123E-01
  0.6079480760347503E-01
  0.6125616676613060E-01
  0.6171990918064300E-01
  0.6218598870548067E-01
  0.6265435727698593E-01
  0.6312496540989387E-01
  0.6359776214446133E-01
  0.6407269448430750E-01
  0.6454970739444280E-01
  0.6502874431494785E-01
  0.6550974710616717E-01
  0.6599265547039018E-01
  0.6647740694923096E-01
  0.6696393745120965E-01
  0.6745218119474092E-01
  0.6794207011256209E-01
  0.6843353384843968E-01
  0.6892650029949576E-01
  0.6942089555672024E-01
  0.6991664329098035E-01
  0.7041366474908711E-01
  0.7091187931185489E-01
  0.7141120443185923E-01
  0.7191155499976050E-01
  0.7241284333984351E-01
  0.7291497978501216E-01
  0.7341787261156757E-01
  0.7392142738450810E-01
  0.7442554695277073E-01
  0.7493013204262255E-01
  0.7543508118931019E-01
  0.7594029005994606E-01
  0.7644565144886020E-01
  0.7695105589120595E-01
  0.7745639159148085E-01
  0.7796154372262271E-01
  0.7846639442216920E-01
  0.7897082342837128E-01
  0.7947470800579014E-01
  0.7997792221926461E-01
  0.8048033693198210E-01
  0.8098182046707132E-01
  0.8148223853085795E-01
  0.8198145346053839E-01
  0.8247932422584958E-01
  0.8297570712001832E-01
  0.8347045568181979E-01
  0.8396341991613163E-01
  0.8445444630174084E-01
  0.8494337851675141E-01
  0.8543005736141179E-01
  0.8591431995132906E-01
  0.8639599973523812E-01
  0.8687492726173915E-01
  0.8735093010611121E-01
  0.8782383203693128E-01
  0.8829345304944965E-01
  0.8875961018297901E-01
  0.8922211745676172E-01
  0.8968078501227603E-01
  0.9013541917049375E-01
  0.9058582331268868E-01
  0.9103179783315765E-01
  0.9147313926188710E-01
  0.9190964035777648E-01
  0.9234109107046445E-01
  0.9276727852161748E-01
  0.9318798611613122E-01
  0.9360299368873302E-01
  0.9401207857103763E-01
  0.9441501561850724E-01
  0.9481157632319628E-01
  0.9520152903829318E-01
  0.9558464018326922E-01
  0.9596067434041858E-01
  0.9632939338794111E-01
  0.9669055683539912E-01
  0.9704392320956973E-01
  0.9738925025089556E-01
  0.9772629408970442E-01
  0.9805480973160659E-01
  0.9837455267233322E-01
  0.9868527922274031E-01
  0.9898674574237416E-01
  0.9927870930314182E-01
  0.9956092956335230E-01
  0.9983316921255508E-01
  0.1000951932178208    
  0.1003467696161016    
  0.1005876715671090    
  0.1008176777414710    
  0.1010365712969964    
  0.1012441404304562    
  0.1014401800871636    
  0.1016244914892248    
  0.1017968796917784    
  0.1019571523477750    
  0.1021051189304930    
  0.1022405863387657    
  0.1023633507652415    
  0.1024731888531133    
  0.1025698463805554    
  0.1026530186802112    
  0.1027223212361178    
  0.1027772518612955    
  0.1028171394153029    
  0.1028410685279386    
  0.1028477738615569    
  0.1028354995843820    
  0.1028018109933524    
  0.1027433394033083    
  0.1026554501249206    
  0.1025318350913441    
  0.1023640417991008    
  0.1021409845410890    
  0.1018485622264737    
  0.1014696096929266    
  0.1009845000658286    
  0.1003727419340806    
  0.9961575388251193E-01
  0.9870051740101797E-01
  0.9762312089867216E-01
  0.9639080070933620E-01
  0.9502146179851159E-01
  0.9354075200647322E-01
  0.9197784675919107E-01
  0.9036144055389342E-01
  0.8871695561433049E-01
  0.8706519695456014E-01
  0.8542214759000326E-01
  0.8379944470017386E-01
  0.8220514809700202E-01
  0.8064454392418943E-01
  0.7912085285455031E-01
  0.7763580448253923E-01
  0.7619008252377529E-01
  0.7478365556008165E-01
  0.7341601390319620E-01
  0.7208633829298421E-01
  0.7079362073393315E-01
  0.6953674792375739E-01
  0.6831455600557110E-01
  0.6712586767717599E-01
  0.6596951868428566E-01
  0.6484437450523310E-01
  0.6374933864627277E-01
  0.6268335733632459E-01
  0.6164542321842414E-01
  0.6063457646512014E-01
  0.5964990294021985E-01
  0.5869053218810494E-01
  0.5775563647539513E-01
  0.5684442895998033E-01
  0.5595616034065713E-01
  0.5509011609076925E-01
  0.5424561507108962E-01
  0.5342200770425218E-01
  0.5261867306073567E-01
  0.5183501658353046E-01
  0.5107046906555675E-01
  0.5032448528333183E-01
  0.4959654172776223E-01
  0.4888613491871232E-01
  0.4819278080812561E-01
  0.4751601386432772E-01
  0.4685538534921317E-01
  0.4621046208670516E-01
  0.4558082616082685E-01
  0.4496607431214036E-01
  0.4436581661024441E-01
  0.4377967554599903E-01
  0.4320728592758753E-01
  0.4264829449347178E-01
  0.4210235886870969E-01
  0.4156914687608475E-01
  0.4104833654556597E-01
  0.4053961586251844E-01
  0.4004268192288824E-01
  0.3955724039327036E-01
  0.3908300558548739E-01
  0.3861970029462495E-01
  0.3816705510101073E-01
  0.3772480793368876E-01
  0.3729270417687516E-01
  0.3687049656397280E-01
  0.3645794458715931E-01
  0.3605481413225572E-01
  0.3566087759705421E-01
  0.3527591382200435E-01
  0.3489970758385173E-01
  0.3453204928320525E-01
  0.3417273506398210E-01
  0.3382156676850628E-01
  0.3347835149797539E-01
  0.3314290133887520E-01
  0.3281503347617463E-01
  0.3249457016448067E-01
  0.3218133834334645E-01
  0.3187516939380638E-01
  0.3157589924207168E-01
  0.3128336834231670E-01
  0.3099742133886165E-01
  0.3071790684708883E-01
  0.3044467754597680E-01
  0.3017759016940734E-01
  0.2991650520889192E-01
  0.2966128671444210E-01
  0.2941180237506118E-01
  0.2916792351651800E-01
  0.2892952483991390E-01
  0.2869648423951696E-01
  0.2846868287123252E-01
  0.2824600515573122E-01
  0.2802833854932008E-01
  0.2781557337655531E-01
  0.2760760288696026E-01
  0.2740432326265088E-01
  0.2720563341849254E-01
  0.2701143484765126E-01
  0.2682163166686268E-01
  0.2663613062788642E-01
  0.2645484094442714E-01
  0.2627767414917954E-01
  0.2610454412808861E-01
  0.2593536713519220E-01
  0.2577006164421999E-01
  0.2560854821597623E-01
  0.2545074952205292E-01
  0.2529659036269609E-01
  0.2514599754123708E-01
  0.2499889974078483E-01
  0.2485522753778539E-01
  0.2471491342255443E-01
  0.2457789169487439E-01
  0.2444409834907497E-01
  0.2431347107779599E-01
  0.2418594929488715E-01
  0.2406147405071125E-01
  0.2393998792481994E-01
  0.2382143502025652E-01
  0.2370576098855944E-01
  0.2359291296347625E-01
  0.2348283946053921E-01
  0.2337549036220997E-01
  0.2327081694472976E-01
  0.2316877182905195E-01
  0.2306930888667414E-01
  0.2297238321588804E-01
  0.2287795117023639E-01
  0.2278597032558340E-01
  0.2269639939161571E-01
  0.2260919817942620E-01
  0.2252432763136109E-01
  0.2244174980326177E-01
  0.2236142778111918E-01
  0.2228332564020512E-01
  0.2220740847610694E-01
  0.2213364240126584E-01
  0.2206199446632730E-01
  0.2199243261102166E-01
  0.2192492569620114E-01
  0.2185944351386777E-01
  0.2179595671279556E-01
  0.2173443674134205E-01
  0.2167485588031701E-01
  0.2161718726576687E-01
  0.2156140481848320E-01
  0.2150748317891123E-01
  0.2145539774069855E-01
  0.2140512468557009E-01
  0.2135664091637636E-01
  0.2130992398425694E-01
  0.2126495212273756E-01
  0.2122170429409719E-01
  0.2118016012564704E-01
  0.2114029982929690E-01
  0.2110210423608427E-01
  0.2106555485349248E-01
  0.2103063380468286E-01
  0.2099732374059987E-01
  0.2096560787481917E-01
  0.2093547005131801E-01
  0.2090689468641189E-01
  0.2087986667352937E-01
  0.2085437141827876E-01
  0.2083039491621029E-01
  0.2080792369722550E-01
  0.2078694472314749E-01
  0.2076744542292553E-01
  0.2074941377998071E-01
  0.2073283827888687E-01
  0.2071770779585714E-01
  0.2070401163401733E-01
  0.2069173961996153E-01
  0.2068088205251818E-01
  0.2067142958626076E-01
  0.2066337326678293E-01
  0.2065670463612321E-01
  0.2065141568344882E-01
  0.2064749872169088E-01
  0.2064494642275971E-01
  0.2064375193152465E-01
  0.2064390881826553E-01
  0.2064541094853357E-01
  0.2064825251825992E-01
  0.2065242817601153E-01
  0.2065793297707844E-01
  0.2066476224665392E-01
  0.2067291161478974E-01
  0.2068237714666180E-01
  0.2069315529816126E-01
  0.2070524277247508E-01
  0.2071863655484746E-01
  0.2073333405061994E-01
  0.2074933304221191E-01
  0.2076663153918228E-01
  0.2078522781276915E-01
  0.2080512054149877E-01
  0.2082630876945830E-01
  0.2084879174990575E-01
  0.2087256897954419E-01
  0.2089764035149227E-01
  0.2092400611475082E-01
  0.2095166671142625E-01
  0.2098062281070753E-01
  0.2101087546901517E-01
  0.2104242609057822E-01
  0.2107527625834184E-01
  0.2110942776762888E-01
  0.2114488279330026E-01
  0.2118164385135140E-01
  0.2121971362354737E-01
  0.2125909499073660E-01
  0.2129979120686493E-01
  0.2134180586151282E-01
  0.2138514269831047E-01
  0.2142980564789265E-01
  0.2147579900863473E-01
  0.2152312741005424E-01
  0.2157179562503572E-01
  0.2162180860239761E-01
  0.2167317165421747E-01
  0.2172589042002065E-01
  0.2177997067283902E-01
  0.2183541835137186E-01
  0.2189223975379961E-01
  0.2195044150270698E-01
  0.2201003034499723E-01
  0.2207101318360643E-01
  0.2213339727767911E-01
  0.2219719020815440E-01
  0.2226239967155881E-01
  0.2232903351126521E-01
  0.2239709992394310E-01
  0.2246660742574644E-01
  0.2253756463998390E-01
  0.2260998032788358E-01
  0.2268386360121637E-01
  0.2275922388902380E-01
  0.2283607071917688E-01
  0.2291441374863351E-01
  0.2299426298215267E-01
  0.2307562873949078E-01
  0.2315852143082940E-01
  0.2324295158649413E-01
  0.2332893008168625E-01
  0.2341646810408968E-01
  0.2350557692315513E-01
  0.2359626791925601E-01
  0.2368855281436703E-01
  0.2378244364001124E-01
  0.2387795250036422E-01
  0.2397509160081565E-01
  0.2407387348454147E-01
  0.2417431100073800E-01
  0.2427641706151043E-01
  0.2438020466979508E-01
  0.2448568716175677E-01
  0.2459287817524777E-01
  0.2470179140044781E-01
  0.2481244060712052E-01
  0.2492483989278022E-01
  0.2503900365129832E-01
  0.2515494631723419E-01
  0.2527268239239252E-01
  0.2539222669972342E-01
  0.2551359435201490E-01
  0.2563680048984802E-01
  0.2576186030740839E-01
  0.2588878931207571E-01
  0.2601760329313713E-01
  0.2614831805329820E-01
  0.2628094943370705E-01
  0.2641551357919763E-01
  0.2655202690695628E-01
  0.2669050583151172E-01
  0.2683096678892656E-01
  0.2697342650765956E-01
  0.2711790197711109E-01
  0.2726441016600550E-01
  0.2741296804571368E-01
  0.2756359286671605E-01
  0.2771630212695272E-01
  0.2787111328349549E-01
  0.2802804377495646E-01
  0.2818711130354308E-01
  0.2834833380314644E-01
  0.2851172914419439E-01
  0.2867731515509513E-01
  0.2884510990987757E-01
  0.2901513169595512E-01
  0.2918739871205527E-01
  0.2936192908865364E-01
  0.2953874118119630E-01
  0.2971785353746562E-01
  0.2989928458847055E-01
  0.3008305266783730E-01
  0.3026917631063271E-01
  0.3045767422026615E-01
  0.3064856495221338E-01
  0.3084186693232611E-01
  0.3103759876128748E-01
  0.3123577918098995E-01
  0.3143642675096186E-01
  0.3163955986556184E-01
  0.3184519706411025E-01
  0.3205335699669191E-01
  0.3226405809315564E-01
  0.3247731857916576E-01
  0.3269315679206777E-01
  0.3291159114606786E-01
  0.3313263979367025E-01
  0.3335632064056548E-01
  0.3358265166730649E-01
  0.3381165089382909E-01
  0.3404333603319645E-01
  0.3427772450531579E-01
  0.3451483376451506E-01
  0.3475468126336730E-01
  0.3499728409860539E-01
  0.3524265902367243E-01
  0.3549082278231927E-01
  0.3574179207170943E-01
  0.3599558318036639E-01
  0.3625221199957276E-01
  0.3651169436312852E-01
  0.3677404600971846E-01
  0.3703928221274631E-01
  0.3730741779061018E-01
  0.3757846745279141E-01
  0.3785244576148328E-01
  0.3812936675316459E-01
  0.3840924394778444E-01
  0.3869209070137141E-01
  0.3897792016693096E-01
  0.3926674490760832E-01
  0.3955857690482856E-01
  0.3985342791763831E-01
  0.4015130944288584E-01
  0.4045223231981993E-01
  0.4075620673724115E-01
  0.4106324259981273E-01
  0.4137334948753809E-01
  0.4168653625162650E-01
  0.4200281102072566E-01
  0.4232218157446908E-01
  0.4264465530227329E-01
  0.4297023879028117E-01
  0.4329893782673864E-01
  0.4363075778306345E-01
  0.4396570357199131E-01
  0.4430377922540091E-01
  0.4464498789890695E-01
  0.4498933226075193E-01
  0.4533681444931704E-01
  0.4568743564160341E-01
  0.4604119605711362E-01
  0.4639809535489416E-01
  0.4675813259042470E-01
  0.4712130577449838E-01
  0.4748761187645734E-01
  0.4785704722972787E-01
  0.4822960748809385E-01
  0.4860528717469023E-01
  0.4898407968465199E-01
  0.4936597769949534E-01
  0.4975097314275628E-01
  0.5013905671876778E-01
  0.5053021791478250E-01
  0.5092444542457981E-01
  0.5132172710343040E-01
  0.5172204949626796E-01
  0.5212539783932238E-01
  0.5253175649335258E-01
  0.5294110889788707E-01
  0.5335343708835323E-01
  0.5376872169724228E-01
  0.5418694239737754E-01
  0.5460807785534860E-01
  0.5503210523709896E-01
  0.5545900020862908E-01
  0.5588873738973331E-01
  0.5632129030652165E-01
  0.5675663088490332E-01
  0.5719472945081921E-01
  0.5763555519489905E-01
  0.5807907612392457E-01
  0.5852525854156864E-01
  0.5897406704813735E-01
  0.5942546501663987E-01
  0.5987941454302236E-01
  0.6033587591344123E-01
  0.6079480760347503E-01
  0.6125616676613060E-01
  0.6171990918064300E-01
  0.6218598870548067E-01
  0.6265435727698593E-01
  0.6312496540989387E-01
  0.6359776214446133E-01
  0.6407269448430750E-01
  0.6454970739444280E-01
  0.6502874431494785E-01
  0.6550974710616717E-01
  0.6599265547039018E-01
  0.6647740694923096E-01
  0.6696393745120965E-01
  0.6745218119474092E-01
  0.6794207011256209E-01
  0.6843353384843968E-01
  0.6892650029949576E-01
  0.6942089555672024E-01
  0.6991664329098035E-01
  0.7041366474908711E-01
  0.7091187931185489E-01
  0.7141120443185923E-01
  0.7191155499976050E-01
  0.7241284333984351E-01
  0.7291497978501216E-01
  0.7341787261156757E-01
  0.7392142738450810E-01
  0.7442554695277073E-01
  0.7493013204262255E-01
  0.7543508118931019E-01
  0.7594029005994606E-01
  0.7644565144886020E-01
  0.7695105589120595E-01
  0.7745639159148085E-01
  0.7796154372262271E-01
  0.7846639442216920E-01
  0.7897082342837128E-01
  0.7947470800579014E-01
  0.7997792221926461E-01
  0.8048033693198210E-01
  0.8098182046707132E-01
  0.8148223853085795E-01
  0.8198145346053839E-01
  0.8247932422584958E-01
  0.8297570712001832E-01
  0.8347045568181979E-01
  0.8396341991613163E-01
  0.8445444630174084E-01
  0.8494337851675141E-01
  0.8543005736141179E-01
  0.8591431995132906E-01
  0.8639599973523812E-01
  0.8687492726173915E-01
  0.8735093010611121E-01
  0.8782383203693128E-01
  0.8829345304944965E-01
  0.8875961018297901E-01
  0.8922211745676172E-01
  0.8968078501227603E-01
  0.9013541917049375E-01
  0.9058582331268868E-01
  0.9103179783315765E-01
  0.9147313926188710E-01
  0.9190964035777648E-01
  0.9234109107046445E-01
  0.9276727852161748E-01
  0.9318798611613122E-01
  0.9360299368873302E-01
  0.9401207857103763E-01
  0.9441501561850724E-01
  0.9481157632319628E-01
  0.9520152903829318E-01
  0.9558464018326922E-01
  0.9596067434041858E-01
  0.9632939338794111E-01
  0.9669055683539912E-01
  0.9704392320956973E-01
  0.9738925025089556E-01
  0.9772629408970442E-01
  0.9805480973160659E-01
  0.9837455267233322E-01
  0.9868527922274031E-01
  0.9898674574237416E-01
  0.9927870930314182E-01
  0.9956092956335230E-01
  0.9983316921255508E-01
  0.1000951932178208    
  0.1003467696161016    
  0.1005876715671090    
  0.1008176777414710    
  0.1010365712969964    
  0.1012441404304562    
  0.1014401800871636    
  0.1016244914892248    
  0.1017968796917784    
  0.1019571523477750    
  0.1021051189304930    
  0.1022405863387657    
  0.1023633507652415    
  0.1024731888531133    
  0.1025698463805554    
  0.1026530186802112    
  0.1027223212361178    
  0.1027772518612955    
  0.1028171394153029    
  0.1028410685279386    
  0.1028477738615569    
  0.1028354995843820    
  0.1028018109933524    
  0.1027433394033083    
  0.1026554501249206    
  0.1025318350913441    
  0.1023640417991008    
  0.1021409845410890    
  0.1018485622264737    
  0.1014696096929266    
  0.1009845000658286    
  0.1003727419340806    
  0.9961575388251193E-01
  0.9870051740101797E-01
  0.9762312089867216E-01
  0.9639080070933620E-01
  0.9502146179851159E-01
  0.9354075200647322E-01
  0.9197784675919107E-01
  0.9036144055389342E-01
  0.8871695561433049E-01
  0.8706519695456014E-01
  0.8542214759000326E-01
  0.8379944470017386E-01
  0.8220514809700202E-01
  0.8064454392418943E-01
  0.7912085285455031E-01
  0.7763580448253923E-01
  0.7619008252377529E-01
  0.7478365556008165E-01
  0.7341601390319620E-01
  0.7208633829298421E-01
  0.7079362073393315E-01
  0.6953674792375739E-01
  0.6831455600557110E-01
  0.6712586767717599E-01
  0.6596951868428566E-01
  0.6484437450523310E-01
  0.6374933864627277E-01
  0.6268335733632459E-01
  0.6164542321842414E-01
  0.6063457646512014E-01
  0.5964990294021985E-01
  0.5869053218810494E-01
  0.5775563647539513E-01
  0.5684442895998033E-01
  0.5595616034065713E-01
  0.5509011609076925E-01
  0.5424561507108962E-01
  0.5342200770425218E-01
  0.5261867306073567E-01
  0.5183501658353046E-01
  0.5107046906555675E-01
  0.5032448528333183E-01
  0.4959654172776223E-01
  0.4888613491871232E-01
  0.4819278080812561E-01
  0.4751601386432772E-01
  0.4685538534921317E-01
  0.4621046208670516E-01
  0.4558082616082685E-01
  0.4496607431214036E-01
  0.4436581661024441E-01
  0.4377967554599903E-01
  0.4320728592758753E-01
  0.4264829449347178E-01
  0.4210235886870969E-01
  0.4156914687608475E-01
  0.4104833654556597E-01
  0.4053961586251844E-01
  0.4004268192288824E-01
  0.3955724039327036E-01
  0.3908300558548739E-01
  0.3861970029462495E-01
  0.3816705510101073E-01
  0.3772480793368876E-01
  0.3729270417687516E-01
  0.3687049656397280E-01
  0.3645794458715931E-01
  0.3605481413225572E-01
  0.3566087759705421E-01
  0.3527591382200435E-01
  0.3489970758385173E-01
  0.3453204928320525E-01
  0.3417273506398210E-01
  0.3382156676850628E-01
  0.3347835149797539E-01
  0.3314290133887520E-01
  0.3281503347617463E-01
  0.3249457016448067E-01
  0.3218133834334645E-01
  0.3187516939380638E-01
  0.3157589924207168E-01
  0.3128336834231670E-01
  0.3099742133886165E-01
  0.3071790684708883E-01
  0.3044467754597680E-01
  0.3017759016940734E-01
  0.2991650520889192E-01
  0.2966128671444210E-01
  0.2941180237506118E-01
  0.2916792351651800E-01
  0.2892952483991390E-01
  0.2869648423951696E-01
  0.2846868287123252E-01
  0.2824600515573122E-01
  0.2802833854932008E-01
  0.2781557337655531E-01
  0.2760760288696026E-01
  0.2740432326265088E-01
  0.2720563341849254E-01
  0.2701143484765126E-01
  0.2682163166686268E-01
  0.2663613062788642E-01
  0.2645484094442714E-01
  0.2627767414917954E-01
  0.2610454412808861E-01
  0.2593536713519220E-01
  0.2577006164421999E-01
  0.2560854821597623E-01
  0.2545074952205292E-01
  0.2529659036269609E-01
  0.2514599754123708E-01
  0.2499889974078483E-01
  0.2485522753778539E-01
  0.2471491342255443E-01
  0.2457789169487439E-01
  0.2444409834907497E-01
  0.2431347107779599E-01
  0.2418594929488715E-01
  0.2406147405071125E-01
  0.2393998792481994E-01
  0.2382143502025652E-01
  0.2370576098855944E-01
  0.2359291296347625E-01
  0.2348283946053921E-01
  0.2337549036220997E-01
  0.2327081694472976E-01
  0.2316877182905195E-01
  0.2306930888667414E-01
  0.2297238321588804E-01
  0.2287795117023639E-01
  0.2278597032558340E-01
  0.2269639939161571E-01
  0.2260919817942620E-01
  0.2252432763136109E-01
  0.2244174980326177E-01
  0.2236142778111918E-01
  0.2228332564020512E-01
  0.2220740847610694E-01
  0.2213364240126584E-01
  0.2206199446632730E-01
  0.2199243261102166E-01
  0.2192492569620114E-01
  0.2185944351386777E-01
  0.2179595671279556E-01
  0.2173443674134205E-01
  0.2167485588031701E-01
  0.2161718726576687E-01
  0.2156140481848320E-01
  0.2150748317891123E-01
  0.2145539774069855E-01
  0.2140512468557009E-01
  0.2135664091637636E-01
  0.2130992398425694E-01
  0.2126495212273756E-01
  0.2122170429409719E-01
  0.2118016012564704E-01
  0.2114029982929690E-01
  0.2110210423608427E-01
  0.2106555485349248E-01
  0.2103063380468286E-01
  0.2099732374059987E-01
  0.2096560787481917E-01
  0.2093547005131801E-01
  0.2090689468641189E-01
  0.2087986667352937E-01
  0.2085437141827876E-01
  0.2083039491621029E-01
  0.2080792369722550E-01
  0.2078694472314749E-01
  0.2076744542292553E-01
  0.2074941377998071E-01
  0.2073283827888687E-01
  0.2071770779585714E-01
  0.2070401163401733E-01
  0.2069173961996153E-01
  0.2068088205251818E-01
  0.2067142958626076E-01
  0.2066337326678293E-01
  0.2065670463612321E-01
  0.2065141568344882E-01
  0.2064749872169088E-01
  0.2064494642275971E-01
  0.2064375193152465E-01
  0.2064390881826553E-01
  0.2064541094853357E-01
  0.2064825251825992E-01
  0.2065242817601153E-01
  0.2065793297707844E-01
  0.2066476224665392E-01
  0.2067291161478974E-01
  0.2068237714666180E-01
  0.2069315529816126E-01
  0.2070524277247508E-01
  0.2071863655484746E-01
  0.2073333405061994E-01
  0.2074933304221191E-01
  0.2076663153918228E-01
  0.2078522781276915E-01
  0.2080512054149877E-01
  0.2082630876945830E-01
  0.2084879174990575E-01
  0.2087256897954419E-01
  0.2089764035149227E-01
  0.2092400611475082E-01
  0.2095166671142625E-01
  0.2098062281070753E-01
  0.2101087546901517E-01
  0.2104242609057822E-01
  0.2107527625834184E-01
  0.2110942776762888E-01
  0.2114488279330026E-01
  0.2118164385135140E-01
  0.2121971362354737E-01
  0.2125909499073660E-01
  0.2129979120686493E-01
  0.2134180586151282E-01
  0.2138514269831047E-01
  0.2142980564789265E-01
  0.2147579900863473E-01
  0.2152312741005424E-01
  0.2157179562503572E-01
  0.2162180860239761E-01
  0.2167317165421747E-01
  0.2172589042002065E-01
  0.2177997067283902E-01
  0.2183541835137186E-01
  0.2189223975379961E-01
  0.2195044150270698E-01
  0.2201003034499723E-01
  0.2207101318360643E-01
  0.2213339727767911E-01
  0.2219719020815440E-01
  0.2226239967155881E-01
  0.2232903351126521E-01
  0.2239709992394310E-01
  0.2246660742574644E-01
  0.2253756463998390E-01
  0.2260998032788358E-01
  0.2268386360121637E-01
  0.2275922388902380E-01
  0.2283607071917688E-01
  0.2291441374863351E-01
  0.2299426298215267E-01
  0.2307562873949078E-01
  0.2315852143082940E-01
  0.2324295158649413E-01
  0.2332893008168625E-01
  0.2341646810408968E-01
  0.2350557692315513E-01
  0.2359626791925601E-01
  0.2368855281436703E-01
  0.2378244364001124E-01
  0.2387795250036422E-01
  0.2397509160081565E-01
  0.2407387348454147E-01
  0.2417431100073800E-01
  0.2427641706151043E-01
  0.2438020466979508E-01
  0.2448568716175677E-01
  0.2459287817524777E-01
  0.2470179140044781E-01
  0.2481244060712052E-01
  0.2492483989278022E-01
  0.2503900365129832E-01
  0.2515494631723419E-01
  0.2527268239239252E-01
  0.2539222669972342E-01
  0.2551359435201490E-01
  0.2563680048984802E-01
  0.2576186030740839E-01
  0.2588878931207571E-01
  0.2601760329313713E-01
  0.2614831805329820E-01
  0.2628094943370705E-01
  0.2641551357919763E-01
  0.2655202690695628E-01
  0.2669050583151172E-01
  0.2683096678892656E-01
  0.2697342650765956E-01
  0.2711790197711109E-01
  0.2726441016600550E-01
  0.2741296804571368E-01
  0.2756359286671605E-01
  0.2771630212695272E-01
  0.2787111328349549E-01
  0.2802804377495646E-01
  0.2818711130354308E-01
  0.2834833380314644E-01
  0.2851172914419439E-01
  0.2867731515509513E-01
  0.2884510990987757E-01
  0.2901513169595512E-01
  0.2918739871205527E-01
  0.2936192908865364E-01
  0.2953874118119630E-01
  0.2971785353746562E-01
  0.2989928458847055E-01
  0.3008305266783730E-01
  0.3026917631063271E-01
  0.3045767422026615E-01
  0.3064856495221338E-01
  0.3084186693232611E-01
  0.3103759876128748E-01
  0.3123577918098995E-01
  0.3143642675096186E-01
  0.3163955986556184E-01
  0.3184519706411025E-01
  0.3205335699669191E-01
  0.3226405809315564E-01
  0.3247731857916576E-01
  0.3269315679206777E-01
  0.3291159114606786E-01
  0.3313263979367025E-01
  0.3335632064056548E-01
  0.3358265166730649E-01
  0.3381165089382909E-01
  0.3404333603319645E-01
  0.3427772450531579E-01
  0.3451483376451506E-01
  0.3475468126336730E-01
  0.3499728409860539E-01
  0.3524265902367243E-01
  0.3549082278231927E-01
  0.3574179207170943E-01
  0.3599558318036639E-01
  0.3625221199957276E-01
  0.3651169436312852E-01
  0.3677404600971846E-01
  0.3703928221274631E-01
  0.3730741779061018E-01
  0.3757846745279141E-01
  0.3785244576148328E-01
  0.3812936675316459E-01
  0.3840924394778444E-01
  0.3869209070137141E-01
