  0.7696317059327981E-03
  0.1634931981964101E-01
  0.3190383096178288E-01
  0.4742915026068930E-01
  0.6292127498379307E-01
  0.7837621886010188E-01
  0.9379001557313754E-01
  0.1091587208330565    
  0.1244784153000773    
  0.1397452089740738    
  0.1549552447159820    
  0.1701047002266277    
  0.1851897908555323    
  0.2002067739621761    
  0.2151519523976353    
  0.2300216762944604    
  0.2448123456218330    
  0.2595204143992385    
  0.2741423940801976    
  0.2886748550926578    
  0.3031144290038676    
  0.3174578124259355    
  0.3317017702310468    
  0.3458431368433398    
  0.3598788179347968    
  0.3738057938219316    
  0.3876211223637910    
  0.4013219400450352    
  0.4149054632739330    
  0.4283689911195249    
  0.4417099075946476    
  0.4549256824518053    
  0.4680138723230234    
  0.4809721229359001    
  0.4937981704588932    
  0.5064898415631492    
  0.5190450544900163    
  0.5314618213190587    
  0.5437382485730357    
  0.5558725358985936    
  0.5678629763629501    
  0.5797079591131555    
  0.5914059703404129    
  0.6029555909170474    
  0.6143554948073359    
  0.6256044509136144    
  0.6367013248945365    
  0.6476450776244772    
  0.6584347626094195    
  0.6690695255432995    
  0.6795486047744994    
  0.6898713305504510    
  0.7000371240519401    
  0.7100454970392606    
  0.7198960501177722    
  0.7295884693210870    
  0.7391225246215209    
  0.7484980716613355    
  0.7577150522510629    
  0.7667734904453267    
  0.7756734877504725    
  0.7844152217911660    
  0.7929989469307404    
  0.8014249934336775    
  0.8096937655843506    
  0.8178057400936609    
  0.8257614631855792    
  0.8335615458364782    
  0.8412066609786686    
  0.8486975449006999    
  0.8560349986821223    
  0.8632198852873890    
  0.8702531244123077    
  0.8771356891653563    
  0.8838686041002619    
  0.8904529427520191    
  0.8968898264495918    
  0.9031804257001822    
  0.9093259602846177    
  0.9153276946091256    
  0.9211869315705756    
  0.9269050097643652    
  0.9324833030262888    
  0.9379232190671805    
  0.9432261983212840    
  0.9483937149559438    
  0.9534272769011218    
  0.9583284213320753    
  0.9630987086019426    
  0.9677397196250015    
  0.9722530556845330    
  0.9766403369781964    
  0.9809032011287684    
  0.9850433045446101    
  0.9890623238749672    
  0.9929619530590081    
  0.9967438979741745    
   1.000409873749839    
   1.003961604067645    
   1.007400818638780    
   1.010729250393661    
   1.013948636545317    
   1.017060721541811    
   1.020067256510719    
   1.022969995907629    
   1.025770696198178    
   1.028471115937276    
   1.031073012754090    
   1.033578138531772    
   1.035988238301766    
   1.038305052394895    
   1.040530316371168    
   1.042665758699993    
   1.044713101239052    
   1.046674062108981    
   1.048550355198130    
   1.050343686103749    
   1.052055750395128    
   1.053688234952728    
   1.055242816813704    
   1.056721158932407    
   1.058124908935878    
   1.059455702032106    
   1.060715161903836    
   1.061904897893157    
   1.063026504448826    
   1.064081564603123    
   1.065071651132667    
   1.065998322993989    
   1.066863123349949    
   1.067667582104476    
   1.068413216732417    
   1.069101528171233    
   1.069733998199373    
   1.070312092270917    
   1.070837261545012    
   1.071310939602630    
   1.071734540020984    
   1.072109459885954    
   1.072437083095140    
   1.072718777548439    
   1.072955892045832    
   1.073149759436760    
   1.073301700419480    
   1.073413020624477    
   1.073485006202884    
   1.073518926161777    
   1.073516036798529    
   1.073477579192058    
   1.073404773809544    
   1.073298822225087    
   1.073160912773478    
   1.072992219281127    
   1.072793895021601    
   1.072567073596413    
   1.072312875833773    
   1.072032410198034    
   1.071726766062583    
   1.071397012944689    
   1.071044208087875    
   1.070669398843879    
   1.070273615413671    
   1.069857867605267    
   1.069423152312613    
   1.068970458333630    
   1.068500759389259    
   1.068015007983144    
   1.067514141795202    
   1.066999091326221    
   1.066470774623201    
   1.065930088403705    
   1.065377912048037    
   1.064815117801502    
   1.064242568852178    
   1.063661108651926    
   1.063071561039825    
   1.062474741614151    
   1.061871460424485    
   1.061262511376574    
   1.060648667570439    
   1.060030691360726    
   1.059409341780631    
   1.058785366668204    
   1.058159493800020    
   1.057532436807672    
   1.056904905638543    
   1.056277603816862    
   1.055651217972512    
   1.055026417867746    
   1.054403866445334    
   1.053784222844830    
   1.053168134263771    
   1.052556230941859    
   1.051949131979975    
   1.051347451791235    
   1.050751797470757    
   1.050162762508174    
   1.049580926633086    
   1.049006861091426    
   1.048441131460900    
   1.047884294896051    
   1.047336896164752    
   1.046799467746191    
   1.046272534090090    
   1.045756614713848    
   1.045252221592377    
   1.044759854074304    
   1.044279999276480    
   1.043813138481338    
   1.043359750035398    
   1.042920303684759    
   1.042495255120510    
   1.042085049965048    
   1.041690131259224    
   1.041310938518630    
   1.040947900108110    
   1.040601431353795    
   1.040271941004636    
   1.039959835468627    
   1.039665514978936    
   1.039389368691299    
   1.039131775649689    
   1.038893108708834    
   1.038673735882678    
   1.038474018918793    
   1.038294311255853    
   1.038134956447633    
   1.037996288904908    
   1.037878637711841    
   1.037782328775811    
   1.037707680624823    
   1.037654998921109    
   1.037624578736914    
   1.037616712154101    
   1.037631689411546    
   1.037669791527055    
   1.037731285877134    
   1.037816431016187    
   1.037925482363131    
   1.038058690696144    
   1.038216297789083    
   1.038398535910180    
   1.038605629308060    
   1.038837794037790    
   1.039095238494334    
   1.039378166036503    
   1.039686774700656    
   1.040021252253463    
   1.040381773951053    
   1.040768507383460    
   1.041181616921617    
   1.041621260642419    
   1.042087585146249    
   1.042580726296780    
   1.043100812832760    
   1.043647965785087    
   1.044222295847149    
   1.044823904609541    
   1.045452887007255    
   1.046109328954044    
   1.046793303194907    
   1.047504870553768    
   1.048244084479856    
   1.049010991018337    
   1.049805624537880    
   1.050628006443995    
   1.051478147732435    
   1.052356049488355    
   1.053261700511619    
   1.054195077265404    
   1.055156146545301    
   1.056144865381614    
   1.057161177400774    
   1.058205011425281    
   1.059276284318682    
   1.060374903027354    
   1.061500762793326    
   1.062653744973416    
   1.063833717373159    
   1.065040534991825    
   1.066274039142278    
   1.067534056689961    
   1.068820400920855    
   1.070132872201130    
   1.071471256575204    
   1.072835323564187    
   1.074224825512434    
   1.075639498844962    
   1.077079065435887    
   1.078543231948095    
   1.080031687075547    
   1.081544099604592    
   1.083080119757298    
   1.084639381551843    
   1.086221502017728    
   1.087826078250899    
   1.089452687154219    
   1.091100887794718    
   1.092770221209844    
   1.094460207429471    
   1.096170345698885    
   1.097900118442262    
   1.099648991386944    
   1.101416407951599    
   1.103201786972571    
   1.105004528241019    
   1.106824016377745    
   1.108659615373898    
   1.110510661919392    
   1.112376467785543    
   1.114256325926931    
   1.116149509094307    
   1.118055263274146    
   1.119972806471993    
   1.121901332860538    
   1.123840013711362    
   1.125787994301984    
   1.127744393386958    
   1.129708305480485    
   1.131678800618598    
   1.133654922645812    
   1.135635691100128    
   1.137620104152010    
   1.139607136580447    
   1.141595736095976    
   1.143584825377767    
   1.145573306390777    
   1.147560058057183    
   1.149543930039137    
   1.151523742862645    
   1.153498292961279    
   1.155466351847948    
   1.157426659600210    
   1.159377923866051    
   1.161318825829504    
   1.163248022362324    
   1.165164141796949    
   1.167065783453961    
   1.168951524158981    
   1.170819921947462    
   1.172669512606662    
   1.174498807572656    
   1.176306297483180    
   1.178090453443430    
   1.179849721754370    
   1.181582519934756    
   1.183287238990455    
   1.184962245323308    
   1.186605877955099    
   1.188216447484562    
   1.189792240804979    
   1.191331525123183    
   1.192832547160666    
   1.194293533654422    
   1.195712696859373    
   1.197088238473215    
   1.198418347470362    
   1.199701197151398    
   1.200934944821918    
   1.202117729049183    
   1.203247663354031    
   1.204322834798618    
   1.205341311106198    
   1.206301147899525    
   1.207200390187694    
   1.208037073473456    
   1.208809228338014    
   1.209514883403490    
   1.210152064553991    
   1.210718795470137    
   1.211213097830788    
   1.211632982603838    
   1.211976437585951    
   1.212241429903822    
   1.212425924838006    
   1.212527897447222    
   1.212545325715343    
   1.212476185875933    
   1.212318465937721    
   1.212070177843541    
   1.211729345048561    
   1.211293980039744    
   1.210762081874138    
   1.210131651619227    
   1.209400700064312    
   1.208567244512347    
   1.207629314737018    
   1.206584969920302    
   1.205432303883519    
   1.204169430436562    
   1.202794468468175    
   1.201305541215767    
   1.199700780922554    
   1.197978330732002    
   1.196136351859286    
   1.194173039679611    
   1.192086634242550    
   1.189875413646433    
   1.187537679382449    
   1.185071747922264    
   1.182475949858640    
   1.179748633155119    
   1.176888173319086    
   1.173892989700299    
   1.170761555205537    
   1.167492389532092    
   1.164084043351566    
   1.160535088079026    
   1.156844116553398    
   1.153009751933208    
   1.149030661778222    
   1.144905571030468    
   1.140633263002557    
   1.136212565349898    
   1.131642333935243    
   1.126921450185282    
   1.122048833242727    
   1.117023455875125    
   1.111844353529309    
   1.106510621723352    
   1.101021403105672    
   1.095375873992562    
   1.089573244129307    
   1.083612772304983    
   1.077493783162706    
   1.071215668906252    
   1.064777876256017    
   1.058179893228129    
   1.051421247961210    
   1.044501519830592    
   1.037420353294200    
   1.030177462387260    
   1.022772621158412    
   1.015205649767375    
   1.007476412491603    
  0.9995848310729638    
  0.9915308981682646    
  0.9833146756910686    
  0.9749362818662318    
  0.9663958836505437    
  0.9576937028169634    
  0.9488300276310209    
  0.9398052172559583    
  0.9306196953656920    
  0.9212739412742628    
  0.9117684894418836    
  0.9021039385267698    
  0.8922809590863281    
  0.8823002901219461    
  0.8721627296377286    
  0.8618691330786352    
  0.8514204221600705    
  0.8408175912897914    
  0.8300617028889198    
  0.8191538799413939    
  0.8080953074147759    
  0.7968872396775154    
  0.7855310025112885    
  0.7740279880297858    
  0.7623796515323692    
  0.7505875147520513    
  0.7386531696711867    
  0.7265782774835483    
  0.7143645654908397    
  0.7020138269585362    
  0.6895279234651115    
  0.6769087858658711    
  0.6641584128596848    
  0.6512788696303078    
  0.6382722882981805    
  0.6251408690337770    
  0.6118868799034728    
  0.5985126555030849    
  0.5850205961640998    
  0.5714131684818228    
  0.5576929056771960    
  0.5438624064841883    
  0.5299243336959871    
  0.5158814140258511    
  0.5017364384806428    
  0.4874922613790525    
  0.4731517985213126    
  0.4587180264851539    
  0.4441939827747658    
  0.4295827647923244    
  0.4148875277150516    
  0.4001114833216089    
  0.3852578998249079    
  0.3703301006649860    
  0.3553314620938077    
  0.3402654115873641    
  0.3251354273327313    
  0.3099450367629106    
  0.2946978138293441    
  0.2793973770293962    
  0.2640473885445513    
  0.2486515524774948    
  0.2332136117979086    
  0.2177373460077663    
  0.2022265699447647    
  0.1866851317124092    
  0.1711169092996142    
  0.1555258079107651    
  0.1399157584641544    
  0.1242907152310780    
  0.1086546521481335    
  0.9301155985056436E-01
  0.7736544391277968E-01
  0.6172032223518284E-01
  0.4608022108628641E-01
  0.3044917189205979E-01
  0.1483120928400687E-01
 -0.7696317059327981E-03
 -0.1634931981964101E-01
 -0.3190383096178288E-01
 -0.4742915026068930E-01
 -0.6292127498379307E-01
 -0.7837621886010188E-01
 -0.9379001557313754E-01
 -0.1091587208330565    
 -0.1244784153000773    
 -0.1397452089740738    
 -0.1549552447159820    
 -0.1701047002266277    
 -0.1851897908555323    
 -0.2002067739621761    
 -0.2151519523976353    
 -0.2300216762944604    
 -0.2448123456218330    
 -0.2595204143992385    
 -0.2741423940801976    
 -0.2886748550926578    
 -0.3031144290038676    
 -0.3174578124259355    
 -0.3317017702310468    
 -0.3458431368433398    
 -0.3598788179347968    
 -0.3738057938219316    
 -0.3876211223637910    
 -0.4013219400450352    
 -0.4149054632739330    
 -0.4283689911195249    
 -0.4417099075946476    
 -0.4549256824518053    
 -0.4680138723230234    
 -0.4809721229359001    
 -0.4937981704588932    
 -0.5064898415631492    
 -0.5190450544900163    
 -0.5314618213190587    
 -0.5437382485730357    
 -0.5558725358985936    
 -0.5678629763629501    
 -0.5797079591131555    
 -0.5914059703404129    
 -0.6029555909170474    
 -0.6143554948073359    
 -0.6256044509136144    
 -0.6367013248945365    
 -0.6476450776244772    
 -0.6584347626094195    
 -0.6690695255432995    
 -0.6795486047744994    
 -0.6898713305504510    
 -0.7000371240519401    
 -0.7100454970392606    
 -0.7198960501177722    
 -0.7295884693210870    
 -0.7391225246215209    
 -0.7484980716613355    
 -0.7577150522510629    
 -0.7667734904453267    
 -0.7756734877504725    
 -0.7844152217911660    
 -0.7929989469307404    
 -0.8014249934336775    
 -0.8096937655843506    
 -0.8178057400936609    
 -0.8257614631855792    
 -0.8335615458364782    
 -0.8412066609786686    
 -0.8486975449006999    
 -0.8560349986821223    
 -0.8632198852873890    
 -0.8702531244123077    
 -0.8771356891653563    
 -0.8838686041002619    
 -0.8904529427520191    
 -0.8968898264495918    
 -0.9031804257001822    
 -0.9093259602846177    
 -0.9153276946091256    
 -0.9211869315705756    
 -0.9269050097643652    
 -0.9324833030262888    
 -0.9379232190671805    
 -0.9432261983212840    
 -0.9483937149559438    
 -0.9534272769011218    
 -0.9583284213320753    
 -0.9630987086019426    
 -0.9677397196250015    
 -0.9722530556845330    
 -0.9766403369781964    
 -0.9809032011287684    
 -0.9850433045446101    
 -0.9890623238749672    
 -0.9929619530590081    
 -0.9967438979741745    
  -1.000409873749839    
  -1.003961604067645    
  -1.007400818638780    
  -1.010729250393661    
  -1.013948636545317    
  -1.017060721541811    
  -1.020067256510719    
  -1.022969995907629    
  -1.025770696198178    
  -1.028471115937276    
  -1.031073012754090    
  -1.033578138531772    
  -1.035988238301766    
  -1.038305052394895    
  -1.040530316371168    
  -1.042665758699993    
  -1.044713101239052    
  -1.046674062108981    
  -1.048550355198130    
  -1.050343686103749    
  -1.052055750395128    
  -1.053688234952728    
  -1.055242816813704    
  -1.056721158932407    
  -1.058124908935878    
  -1.059455702032106    
  -1.060715161903836    
  -1.061904897893157    
  -1.063026504448826    
  -1.064081564603123    
  -1.065071651132667    
  -1.065998322993989    
  -1.066863123349949    
  -1.067667582104476    
  -1.068413216732417    
  -1.069101528171233    
  -1.069733998199373    
  -1.070312092270917    
  -1.070837261545012    
  -1.071310939602630    
  -1.071734540020984    
  -1.072109459885954    
  -1.072437083095140    
  -1.072718777548439    
  -1.072955892045832    
  -1.073149759436760    
  -1.073301700419480    
  -1.073413020624477    
  -1.073485006202884    
  -1.073518926161777    
  -1.073516036798529    
  -1.073477579192058    
  -1.073404773809544    
  -1.073298822225087    
  -1.073160912773478    
  -1.072992219281127    
  -1.072793895021601    
  -1.072567073596413    
  -1.072312875833773    
  -1.072032410198034    
  -1.071726766062583    
  -1.071397012944689    
  -1.071044208087875    
  -1.070669398843879    
  -1.070273615413671    
  -1.069857867605267    
  -1.069423152312613    
  -1.068970458333630    
  -1.068500759389259    
  -1.068015007983144    
  -1.067514141795202    
  -1.066999091326221    
  -1.066470774623201    
  -1.065930088403705    
  -1.065377912048037    
  -1.064815117801502    
  -1.064242568852178    
  -1.063661108651926    
  -1.063071561039825    
  -1.062474741614151    
  -1.061871460424485    
  -1.061262511376574    
  -1.060648667570439    
  -1.060030691360726    
  -1.059409341780631    
  -1.058785366668204    
  -1.058159493800020    
  -1.057532436807672    
  -1.056904905638543    
  -1.056277603816862    
  -1.055651217972512    
  -1.055026417867746    
  -1.054403866445334    
  -1.053784222844830    
  -1.053168134263771    
  -1.052556230941859    
  -1.051949131979975    
  -1.051347451791235    
  -1.050751797470757    
  -1.050162762508174    
  -1.049580926633086    
  -1.049006861091426    
  -1.048441131460900    
  -1.047884294896051    
  -1.047336896164752    
  -1.046799467746191    
  -1.046272534090090    
  -1.045756614713848    
  -1.045252221592377    
  -1.044759854074304    
  -1.044279999276480    
  -1.043813138481338    
  -1.043359750035398    
  -1.042920303684759    
  -1.042495255120510    
  -1.042085049965048    
  -1.041690131259224    
  -1.041310938518630    
  -1.040947900108110    
  -1.040601431353795    
  -1.040271941004636    
  -1.039959835468627    
  -1.039665514978936    
  -1.039389368691299    
  -1.039131775649689    
  -1.038893108708834    
  -1.038673735882678    
  -1.038474018918793    
  -1.038294311255853    
  -1.038134956447633    
  -1.037996288904908    
  -1.037878637711841    
  -1.037782328775811    
  -1.037707680624823    
  -1.037654998921109    
  -1.037624578736914    
  -1.037616712154101    
  -1.037631689411546    
  -1.037669791527055    
  -1.037731285877134    
  -1.037816431016187    
  -1.037925482363131    
  -1.038058690696144    
  -1.038216297789083    
  -1.038398535910180    
  -1.038605629308060    
  -1.038837794037790    
  -1.039095238494334    
  -1.039378166036503    
  -1.039686774700656    
  -1.040021252253463    
  -1.040381773951053    
  -1.040768507383460    
  -1.041181616921617    
  -1.041621260642419    
  -1.042087585146249    
  -1.042580726296780    
  -1.043100812832760    
  -1.043647965785087    
  -1.044222295847149    
  -1.044823904609541    
  -1.045452887007255    
  -1.046109328954044    
  -1.046793303194907    
  -1.047504870553768    
  -1.048244084479856    
  -1.049010991018337    
  -1.049805624537880    
  -1.050628006443995    
  -1.051478147732435    
  -1.052356049488355    
  -1.053261700511619    
  -1.054195077265404    
  -1.055156146545301    
  -1.056144865381614    
  -1.057161177400774    
  -1.058205011425281    
  -1.059276284318682    
  -1.060374903027354    
  -1.061500762793326    
  -1.062653744973416    
  -1.063833717373159    
  -1.065040534991825    
  -1.066274039142278    
  -1.067534056689961    
  -1.068820400920855    
  -1.070132872201130    
  -1.071471256575204    
  -1.072835323564187    
  -1.074224825512434    
  -1.075639498844962    
  -1.077079065435887    
  -1.078543231948095    
  -1.080031687075547    
  -1.081544099604592    
  -1.083080119757298    
  -1.084639381551843    
  -1.086221502017728    
  -1.087826078250899    
  -1.089452687154219    
  -1.091100887794718    
  -1.092770221209844    
  -1.094460207429471    
  -1.096170345698885    
  -1.097900118442262    
  -1.099648991386944    
  -1.101416407951599    
  -1.103201786972571    
  -1.105004528241019    
  -1.106824016377745    
  -1.108659615373898    
  -1.110510661919392    
  -1.112376467785543    
  -1.114256325926931    
  -1.116149509094307    
  -1.118055263274146    
  -1.119972806471993    
  -1.121901332860538    
  -1.123840013711362    
  -1.125787994301984    
  -1.127744393386958    
  -1.129708305480485    
  -1.131678800618598    
  -1.133654922645812    
  -1.135635691100128    
  -1.137620104152010    
  -1.139607136580447    
  -1.141595736095976    
  -1.143584825377767    
  -1.145573306390777    
  -1.147560058057183    
  -1.149543930039137    
  -1.151523742862645    
  -1.153498292961279    
  -1.155466351847948    
  -1.157426659600210    
  -1.159377923866051    
  -1.161318825829504    
  -1.163248022362324    
  -1.165164141796949    
  -1.167065783453961    
  -1.168951524158981    
  -1.170819921947462    
  -1.172669512606662    
  -1.174498807572656    
  -1.176306297483180    
  -1.178090453443430    
  -1.179849721754370    
  -1.181582519934756    
  -1.183287238990455    
  -1.184962245323308    
  -1.186605877955099    
  -1.188216447484562    
  -1.189792240804979    
  -1.191331525123183    
  -1.192832547160666    
  -1.194293533654422    
  -1.195712696859373    
  -1.197088238473215    
  -1.198418347470362    
  -1.199701197151398    
  -1.200934944821918    
  -1.202117729049183    
  -1.203247663354031    
  -1.204322834798618    
  -1.205341311106198    
  -1.206301147899525    
  -1.207200390187694    
  -1.208037073473456    
  -1.208809228338014    
  -1.209514883403490    
  -1.210152064553991    
  -1.210718795470137    
  -1.211213097830788    
  -1.211632982603838    
  -1.211976437585951    
  -1.212241429903822    
  -1.212425924838006    
  -1.212527897447222    
  -1.212545325715343    
  -1.212476185875933    
  -1.212318465937721    
  -1.212070177843541    
  -1.211729345048561    
  -1.211293980039744    
  -1.210762081874138    
  -1.210131651619227    
  -1.209400700064312    
  -1.208567244512347    
  -1.207629314737018    
  -1.206584969920302    
  -1.205432303883519    
  -1.204169430436562    
  -1.202794468468175    
  -1.201305541215767    
  -1.199700780922554    
  -1.197978330732002    
  -1.196136351859286    
  -1.194173039679611    
  -1.192086634242550    
  -1.189875413646433    
  -1.187537679382449    
  -1.185071747922264    
  -1.182475949858640    
  -1.179748633155119    
  -1.176888173319086    
  -1.173892989700299    
  -1.170761555205537    
  -1.167492389532092    
  -1.164084043351566    
  -1.160535088079026    
  -1.156844116553398    
  -1.153009751933208    
  -1.149030661778222    
  -1.144905571030468    
  -1.140633263002557    
  -1.136212565349898    
  -1.131642333935243    
  -1.126921450185282    
  -1.122048833242727    
  -1.117023455875125    
  -1.111844353529309    
  -1.106510621723352    
  -1.101021403105672    
  -1.095375873992562    
  -1.089573244129307    
  -1.083612772304983    
  -1.077493783162706    
  -1.071215668906252    
  -1.064777876256017    
  -1.058179893228129    
  -1.051421247961210    
  -1.044501519830592    
  -1.037420353294200    
  -1.030177462387260    
  -1.022772621158412    
  -1.015205649767375    
  -1.007476412491603    
 -0.9995848310729638    
 -0.9915308981682646    
 -0.9833146756910686    
 -0.9749362818662318    
 -0.9663958836505437    
 -0.9576937028169634    
 -0.9488300276310209    
 -0.9398052172559583    
 -0.9306196953656920    
 -0.9212739412742628    
 -0.9117684894418836    
 -0.9021039385267698    
 -0.8922809590863281    
 -0.8823002901219461    
 -0.8721627296377286    
 -0.8618691330786352    
 -0.8514204221600705    
 -0.8408175912897914    
 -0.8300617028889198    
 -0.8191538799413939    
 -0.8080953074147759    
 -0.7968872396775154    
 -0.7855310025112885    
 -0.7740279880297858    
 -0.7623796515323692    
 -0.7505875147520513    
 -0.7386531696711867    
 -0.7265782774835483    
 -0.7143645654908397    
 -0.7020138269585362    
 -0.6895279234651115    
 -0.6769087858658711    
 -0.6641584128596848    
 -0.6512788696303078    
 -0.6382722882981805    
 -0.6251408690337770    
 -0.6118868799034728    
 -0.5985126555030849    
 -0.5850205961640998    
 -0.5714131684818228    
 -0.5576929056771960    
 -0.5438624064841883    
 -0.5299243336959871    
 -0.5158814140258511    
 -0.5017364384806428    
 -0.4874922613790525    
 -0.4731517985213126    
 -0.4587180264851539    
 -0.4441939827747658    
 -0.4295827647923244    
 -0.4148875277150516    
 -0.4001114833216089    
 -0.3852578998249079    
 -0.3703301006649860    
 -0.3553314620938077    
 -0.3402654115873641    
 -0.3251354273327313    
 -0.3099450367629106    
 -0.2946978138293441    
 -0.2793973770293962    
 -0.2640473885445513    
 -0.2486515524774948    
 -0.2332136117979086    
 -0.2177373460077663    
 -0.2022265699447647    
 -0.1866851317124092    
 -0.1711169092996142    
 -0.1555258079107651    
 -0.1399157584641544    
 -0.1242907152310780    
 -0.1086546521481335    
 -0.9301155985056436E-01
 -0.7736544391277968E-01
 -0.6172032223518284E-01
 -0.4608022108628641E-01
 -0.3044917189205979E-01
 -0.1483120928400687E-01
