   1.834854773026494    
   1.838446227393458    
   1.842075561214835    
   1.845742764308080    
   1.849447880653452    
   1.853190895928507    
   1.856971726038550    
   1.860790310814548    
   1.864646599339760    
   1.868540445730488    
   1.872471626407546    
   1.876439940368381    
   1.880445179904763    
   1.884487032019495    
   1.888565134316436    
   1.892679203347899    
   1.896828979890283    
   1.901014069966735    
   1.905233964932374    
   1.909488184075921    
   1.913776248196807    
   1.918097522426288    
   1.922451225323750    
   1.926836589784692    
   1.931252882420432    
   1.935699266397006    
   1.940174772963865    
   1.944678403635534    
   1.949209127039020    
   1.953765763595990    
   1.958346985439817    
   1.962951427033239    
   1.967577679597480    
   1.972224177907529    
   1.976889201408753    
   1.981570968887779    
   1.986267598254690    
   1.990976963525668    
   1.995696705308480    
   2.000424385405351    
   2.005157518924017    
   2.009893449263831    
   2.014629292588385    
   2.019361989622661    
   2.024088280653401    
   2.028804606333602    
   2.033507124735686    
   2.038191818706229    
   2.042854474584094    
   2.047490542988490    
   2.052095104864956    
   2.056662953854510    
   2.061188598352151    
   2.065666180152010    
   2.070089479536715    
   2.074451963327115    
   2.078746683078318    
   2.082966098905624    
   2.087102086449146    
   2.091146085764046    
   2.095089101403618    
   2.098921529231133    
   2.102633072040967    
   2.106212800537440    
   2.109649145627446    
   2.112929775488263    
   2.116041540538371    
   2.118970500527298    
   2.121701848359902    
   2.124219741174567    
   2.126507250638535    
   2.128546426991980    
   2.130318244301136    
   2.131802406425096    
   2.132977241640792    
   2.133819725072092    
   2.134305414540696    
   2.134408247283540    
   2.134100388630030    
   2.133352187368192    
   2.132132078312211    
   2.130406401273574    
   2.128139280127233    
   2.125292552063191    
   2.121825582014917    
   2.117694989552732    
   2.112854481342728    
   2.107254763249644    
   2.100843315007134    
   2.093564039406062    
   2.085357018250667    
   2.076158384953175    
   2.065900078819026    
   2.054509445571028    
   2.041908898278663    
   2.028015674928586    
   2.012741493211339    
   1.995992078704228    
   1.977666763837448    
   1.957658161554982    
   1.935851692291780    
   1.912124958701964    
   1.886347216847496    
   1.858378974097721    
   1.828071454429680    
   1.795265868193470    
   1.759792730661239    
   1.721471301983843    
   1.680108908638759    
   1.635500062106834    
   1.587425615577568    
   1.535652074537981    
   1.479930855382813    
   1.419997378054006    
   1.355570170584190    
   1.286350077305803    
   1.212019404529815    
   1.132240958506752    
   1.046657201008276    
  0.9548896086055975    
  0.8565380223676600    
  0.7511799142886527    
  0.6383698354688152    
  0.5176392086581587    
  0.3884962886746712    
  0.2504262017384079    
  0.1028913244320490    
 -0.5466779615499498E-01
 -0.2228311131594823    
 -0.4021974014887574    
 -0.5933819202243813    
 -0.7970131376894805    
  -1.013728606349295    
  -1.244170061114765    
  -1.488977442318477    
  -1.748781525796702    
  -2.024195196919043    
  -2.315803422058026    
  -2.624151600665217    
  -2.949731959514970    
  -3.292968090994604    
  -3.654197894026203    
  -4.033654846841471    
  -4.431447437997855    
  -4.847536986354770    
  -5.281714352497676    
  -5.733575883038363    
  -6.202498932529938    
  -6.687617779778837    
  -7.187801092690286    
  -7.701631930065989    
  -8.227391159799472    
  -8.763045530616836    
  -9.306241946609150    
  -9.854309309430993    
  -10.40426903063979    
  -10.95285535424442    
  -11.49654649372900    
  -12.03160686975746    
  -12.55413997554015    
  -13.06015115388694    
  -13.54561935476559    
  -14.00657608209867    
  -14.43918865704489    
  -14.83984449619624    
  -15.20523322955703    
  -15.53242342355387    
  -15.81893043211365    
  -16.06277215530634    
  -16.26251033541706    
  -16.41727586236443    
  -16.52677718692389    
  -16.59129173353245    
  -16.61164122466972    
  -16.58915265479433    
  -16.52560718625890    
  -16.42317977019950    
  -16.28437270217048    
  -16.11194615898782    
  -15.90884821604568    
  -15.67814662096914    
  -15.42296469808804    
  -15.14642338886520    
  -14.85159043773032    
  -14.54143698889058    
  -14.21880183720053    
  -13.88636357689393    
  -13.54662033531090    
  -13.20187620627525    
  -12.85423353298497    
  -12.50559043488142    
  -12.15764282309095    
  -11.81188989627782    
  -11.46964227880464    
  -11.13203226676077    
  -10.80002557831680    
  -10.47443385683407    
  -10.15592745104812    
  -9.845048369335133    
  -9.542223209135729    
  -9.247775600744811    
  -8.961937887921170    
  -8.684862137405267    
  -8.416630499527850    
  -8.157264666542991    
  -7.906734332777768    
  -7.664964921580641    
  -7.431844732160152    
  -7.207231289995931    
  -6.990956786361330    
  -6.782832893803044    
  -6.582655183186490    
  -6.390206969321541    
  -6.205262456657905    
  -6.027589458665328    
  -5.856951931196534    
  -5.693112143906525    
  -5.535832320701727    
  -5.384875990972435    
  -5.240009297009621    
  -5.101002092880953    
  -4.967628655684080    
  -4.839668229061083    
  -4.716905621579278    
  -4.599131678440989    
  -4.486143455886279    
  -4.377744342349200    
  -4.273744330662420    
  -4.173960187333738    
  -4.078215311413474    
  -3.986339580492477    
  -3.898169437682745    
  -3.813547916259791    
  -3.732324327027583    
  -3.654353942807192    
  -3.579498010597765    
  -3.507623759004152    
  -3.438604033824857    
  -3.372316903281992    
  -3.308645652315391    
  -3.247478832905463    
  -3.188709906169927    
  -3.132236800082546    
  -3.077961895662614    
  -3.025792135465307    
  -2.975638692384653    
  -2.927416475418115    
  -2.881044078575519    
  -2.836443940303609    
  -2.793542082920627    
  -2.752267624144151    
  -2.712552704721995    
  -2.674332677631305    
  -2.637545914083951    
  -2.602133352399759    
  -2.568038423302985    
  -2.535207235335995    
  -2.503588401120868    
  -2.473132634651972    
  -2.443792733176428    
  -2.415523773614051    
  -2.388282887046942    
  -2.362028833327647    
  -2.336722077185810    
  -2.312325106281399    
  -2.288802187864621    
  -2.266118819678783    
  -2.244241789266463    
  -2.223139635012191    
  -2.202782502517542    
  -2.183141520583566    
  -2.164188753863823    
  -2.145897695405213    
  -2.128243240787891    
  -2.111201128899719    
  -2.094747882226531    
  -2.078861245734487    
  -2.063520087648643    
  -2.048703834392333    
  -2.034392559862584    
  -2.020567582008470    
  -2.007211269485171    
  -1.994306218842100    
  -1.981835335661748    
  -1.969782744273494    
  -1.958133753658300    
  -1.946873772917429    
  -1.935988139494030    
  -1.925463211359157    
  -1.915286639937106    
  -1.905446209432176    
  -1.895929384675035    
  -1.886724432542989    
  -1.877820945203920    
  -1.869208660948586    
  -1.860876780068768    
  -1.852815131904293    
  -1.845014974155135    
  -1.837467780418556    
  -1.830164230137118    
  -1.823095373602464    
  -1.816253812026400    
  -1.809632558199778    
  -1.803223614018237    
  -1.797018979443868    
  -1.791012267850931    
  -1.785197840966389    
  -1.779568981046463    
  -1.774118516290155    
  -1.768840774388352    
  -1.763731189866705    
  -1.758784236301956    
  -1.753993532974348    
  -1.749353948499901    
  -1.744861762514448    
  -1.740512542462913    
  -1.736300669995486    
  -1.732221390780120    
  -1.728271561093383    
  -1.724447703442165    
  -1.720744989335349    
  -1.717159005985487    
  -1.713686980677027    
  -1.710326197373715    
  -1.707072576815644    
  -1.703922032760506    
  -1.700872044019699    
  -1.697920547240047    
  -1.695064240364256    
  -1.692299384455636    
  -1.689623528031656    
  -1.687034990003160    
  -1.684531163531055    
  -1.682108770845504    
  -1.679765482394844    
  -1.677499882435143    
  -1.675309934815033    
  -1.673192797799703    
  -1.671146235562675    
  -1.669169005433609    
  -1.667259599874862    
  -1.665415660158419    
  -1.663635007739900    
  -1.661916366078331    
  -1.660258592837376    
  -1.658659897878801    
  -1.657118337945366    
  -1.655632576852106    
  -1.654201628818828    
  -1.652824158759509    
  -1.651498518550806    
  -1.650223342503289    
  -1.648997704022905    
  -1.647820657108729    
  -1.646690907013936    
  -1.645607087647434    
  -1.644568226610907    
  -1.643573685057175    
  -1.642622594189588    
  -1.641713642955744    
  -1.640845653905391    
  -1.640018084977388    
  -1.639230544979128    
  -1.638482037765224    
  -1.637771269481307    
  -1.637097577721732    
  -1.636460826812435    
  -1.635860365654447    
  -1.635294921859957    
  -1.634763712336444    
  -1.634266765496887    
  -1.633803777179710    
  -1.633373554016434    
  -1.632975137838757    
  -1.632608602488875    
  -1.632274011631781    
  -1.631970391955768    
  -1.631696618026863    
  -1.631452617323297    
  -1.631238692358998    
  -1.631054209075737    
  -1.630898051905203    
  -1.630769968355642    
  -1.630670316116703    
  -1.630598735189476    
  -1.630554234189379    
  -1.630536479921358    
  -1.630545845454460    
  -1.630582153952642    
  -1.630644496062965    
  -1.630732442111400    
  -1.630846367534855    
  -1.630986317105958    
  -1.631151540204179    
  -1.631341497667257    
  -1.631556419269764    
  -1.631796454437825    
  -1.632061094892495    
  -1.632349891410919    
  -1.632663003020571    
  -1.633000559455869    
  -1.633362142764558    
  -1.633747388085745    
  -1.634156499602733    
  -1.634589675171334    
  -1.635046553887479    
  -1.635526726700482    
  -1.636030314011868    
  -1.636557549520337    
  -1.637108223707840    
  -1.637682021408266    
  -1.638279027587323    
  -1.638899432206440    
  -1.639543076975510    
  -1.640209742147289    
  -1.640899570373587    
  -1.641612776312473    
  -1.642349222910720    
  -1.643108699171731    
  -1.643891350717174    
  -1.644697432379598    
  -1.645526879671927    
  -1.646379513762623    
  -1.647255440243560    
  -1.648154864913832    
  -1.649077729620293    
  -1.650023906025082    
  -1.650993558623951    
  -1.651986954749009    
  -1.653004089346406    
  -1.654044843535828    
  -1.655109352047035    
  -1.656197880227082    
  -1.657310487749464    
  -1.658447132360596    
  -1.659607962606005    
  -1.660793203455713    
  -1.662002895989985    
  -1.663237047331211    
  -1.664495890600183    
  -1.665779692574175    
  -1.667088442856764    
  -1.668422044107274    
  -1.669780690742471    
  -1.671164751478968    
  -1.672574376550287    
  -1.674009521629462    
  -1.675470282844886    
  -1.676956925312107    
  -1.678469642186181    
  -1.680008544206426    
  -1.681573830795698    
  -1.683165738388410    
  -1.684784384531020    
  -1.686429876744117    
  -1.688102487181707    
  -1.689802499886310    
  -1.691529985421875    
  -1.693284963045605    
  -1.695067690423809    
  -1.696878542673131    
  -1.698717686338498    
  -1.700585133526260    
  -1.702481060515132    
  -1.704405811815449    
  -1.706359619145828    
  -1.708342565913807    
  -1.710354827347505    
  -1.712396723114139    
  -1.714468519191182    
  -1.716570367224138    
  -1.718702453295218    
  -1.720865044515898    
  -1.723058379028801    
  -1.725282643636780    
  -1.727538055705176    
  -1.729824857322115    
  -1.732143254710960    
  -1.734493455146524    
  -1.736875706168084    
  -1.739290211433250    
  -1.741737101183359    
  -1.744216588243634    
  -1.746729037248903    
  -1.749274757226669    
  -1.751853857214389    
  -1.754466453895384    
  -1.757112880750545    
  -1.759793510177179    
  -1.762508498445655    
  -1.765257911730263    
  -1.768041991126080    
  -1.770861068995756    
  -1.773715311840994    
  -1.776604777745399    
  -1.779529666475638    
  -1.782490288139629    
  -1.785486832515311    
  -1.788519391039367    
  -1.791588172230638    
  -1.794693475920036    
  -1.797835472032957    
  -1.801014213865358    
  -1.804229860920850    
  -1.807482683064733    
  -1.810772836449060    
  -1.814100325844005    
  -1.817465205490005    
  -1.820867643315649    
  -1.824307768073508    
  -1.827785615587633    
  -1.831301247557505    
  -1.834854773026494    
  -1.838446227393458    
  -1.842075561214835    
  -1.845742764308080    
  -1.849447880653452    
  -1.853190895928507    
  -1.856971726038550    
  -1.860790310814548    
  -1.864646599339760    
  -1.868540445730488    
  -1.872471626407546    
  -1.876439940368381    
  -1.880445179904763    
  -1.884487032019495    
  -1.888565134316436    
  -1.892679203347899    
  -1.896828979890283    
  -1.901014069966735    
  -1.905233964932374    
  -1.909488184075921    
  -1.913776248196807    
  -1.918097522426288    
  -1.922451225323750    
  -1.926836589784692    
  -1.931252882420432    
  -1.935699266397006    
  -1.940174772963865    
  -1.944678403635534    
  -1.949209127039020    
  -1.953765763595990    
  -1.958346985439817    
  -1.962951427033239    
  -1.967577679597480    
  -1.972224177907529    
  -1.976889201408753    
  -1.981570968887779    
  -1.986267598254690    
  -1.990976963525668    
  -1.995696705308480    
  -2.000424385405351    
  -2.005157518924017    
  -2.009893449263831    
  -2.014629292588385    
  -2.019361989622661    
  -2.024088280653401    
  -2.028804606333602    
  -2.033507124735686    
  -2.038191818706229    
  -2.042854474584094    
  -2.047490542988490    
  -2.052095104864956    
  -2.056662953854510    
  -2.061188598352151    
  -2.065666180152010    
  -2.070089479536715    
  -2.074451963327115    
  -2.078746683078318    
  -2.082966098905624    
  -2.087102086449146    
  -2.091146085764046    
  -2.095089101403618    
  -2.098921529231133    
  -2.102633072040967    
  -2.106212800537440    
  -2.109649145627446    
  -2.112929775488263    
  -2.116041540538371    
  -2.118970500527298    
  -2.121701848359902    
  -2.124219741174567    
  -2.126507250638535    
  -2.128546426991980    
  -2.130318244301136    
  -2.131802406425096    
  -2.132977241640792    
  -2.133819725072092    
  -2.134305414540696    
  -2.134408247283540    
  -2.134100388630030    
  -2.133352187368192    
  -2.132132078312211    
  -2.130406401273574    
  -2.128139280127233    
  -2.125292552063191    
  -2.121825582014917    
  -2.117694989552732    
  -2.112854481342728    
  -2.107254763249644    
  -2.100843315007134    
  -2.093564039406062    
  -2.085357018250667    
  -2.076158384953175    
  -2.065900078819026    
  -2.054509445571028    
  -2.041908898278663    
  -2.028015674928586    
  -2.012741493211339    
  -1.995992078704228    
  -1.977666763837448    
  -1.957658161554982    
  -1.935851692291780    
  -1.912124958701964    
  -1.886347216847496    
  -1.858378974097721    
  -1.828071454429680    
  -1.795265868193470    
  -1.759792730661239    
  -1.721471301983843    
  -1.680108908638759    
  -1.635500062106834    
  -1.587425615577568    
  -1.535652074537981    
  -1.479930855382813    
  -1.419997378054006    
  -1.355570170584190    
  -1.286350077305803    
  -1.212019404529815    
  -1.132240958506752    
  -1.046657201008276    
 -0.9548896086055975    
 -0.8565380223676600    
 -0.7511799142886527    
 -0.6383698354688152    
 -0.5176392086581587    
 -0.3884962886746712    
 -0.2504262017384079    
 -0.1028913244320490    
  0.5466779615499498E-01
  0.2228311131594823    
  0.4021974014887574    
  0.5933819202243813    
  0.7970131376894805    
   1.013728606349295    
   1.244170061114765    
   1.488977442318477    
   1.748781525796702    
   2.024195196919043    
   2.315803422058026    
   2.624151600665217    
   2.949731959514970    
   3.292968090994604    
   3.654197894026203    
   4.033654846841471    
   4.431447437997855    
   4.847536986354770    
   5.281714352497676    
   5.733575883038363    
   6.202498932529938    
   6.687617779778837    
   7.187801092690286    
   7.701631930065989    
   8.227391159799472    
   8.763045530616836    
   9.306241946609150    
   9.854309309430993    
   10.40426903063979    
   10.95285535424442    
   11.49654649372900    
   12.03160686975746    
   12.55413997554015    
   13.06015115388694    
   13.54561935476559    
   14.00657608209867    
   14.43918865704489    
   14.83984449619624    
   15.20523322955703    
   15.53242342355387    
   15.81893043211365    
   16.06277215530634    
   16.26251033541706    
   16.41727586236443    
   16.52677718692389    
   16.59129173353245    
   16.61164122466972    
   16.58915265479433    
   16.52560718625890    
   16.42317977019950    
   16.28437270217048    
   16.11194615898782    
   15.90884821604568    
   15.67814662096914    
   15.42296469808804    
   15.14642338886520    
   14.85159043773032    
   14.54143698889058    
   14.21880183720053    
   13.88636357689393    
   13.54662033531090    
   13.20187620627525    
   12.85423353298497    
   12.50559043488142    
   12.15764282309095    
   11.81188989627782    
   11.46964227880464    
   11.13203226676077    
   10.80002557831680    
   10.47443385683407    
   10.15592745104812    
   9.845048369335133    
   9.542223209135729    
   9.247775600744811    
   8.961937887921170    
   8.684862137405267    
   8.416630499527850    
   8.157264666542991    
   7.906734332777768    
   7.664964921580641    
   7.431844732160152    
   7.207231289995931    
   6.990956786361330    
   6.782832893803044    
   6.582655183186490    
   6.390206969321541    
   6.205262456657905    
   6.027589458665328    
   5.856951931196534    
   5.693112143906525    
   5.535832320701727    
   5.384875990972435    
   5.240009297009621    
   5.101002092880953    
   4.967628655684080    
   4.839668229061083    
   4.716905621579278    
   4.599131678440989    
   4.486143455886279    
   4.377744342349200    
   4.273744330662420    
   4.173960187333738    
   4.078215311413474    
   3.986339580492477    
   3.898169437682745    
   3.813547916259791    
   3.732324327027583    
   3.654353942807192    
   3.579498010597765    
   3.507623759004152    
   3.438604033824857    
   3.372316903281992    
   3.308645652315391    
   3.247478832905463    
   3.188709906169927    
   3.132236800082546    
   3.077961895662614    
   3.025792135465307    
   2.975638692384653    
   2.927416475418115    
   2.881044078575519    
   2.836443940303609    
   2.793542082920627    
   2.752267624144151    
   2.712552704721995    
   2.674332677631305    
   2.637545914083951    
   2.602133352399759    
   2.568038423302985    
   2.535207235335995    
   2.503588401120868    
   2.473132634651972    
   2.443792733176428    
   2.415523773614051    
   2.388282887046942    
   2.362028833327647    
   2.336722077185810    
   2.312325106281399    
   2.288802187864621    
   2.266118819678783    
   2.244241789266463    
   2.223139635012191    
   2.202782502517542    
   2.183141520583566    
   2.164188753863823    
   2.145897695405213    
   2.128243240787891    
   2.111201128899719    
   2.094747882226531    
   2.078861245734487    
   2.063520087648643    
   2.048703834392333    
   2.034392559862584    
   2.020567582008470    
   2.007211269485171    
   1.994306218842100    
   1.981835335661748    
   1.969782744273494    
   1.958133753658300    
   1.946873772917429    
   1.935988139494030    
   1.925463211359157    
   1.915286639937106    
   1.905446209432176    
   1.895929384675035    
   1.886724432542989    
   1.877820945203920    
   1.869208660948586    
   1.860876780068768    
   1.852815131904293    
   1.845014974155135    
   1.837467780418556    
   1.830164230137118    
   1.823095373602464    
   1.816253812026400    
   1.809632558199778    
   1.803223614018237    
   1.797018979443868    
   1.791012267850931    
   1.785197840966389    
   1.779568981046463    
   1.774118516290155    
   1.768840774388352    
   1.763731189866705    
   1.758784236301956    
   1.753993532974348    
   1.749353948499901    
   1.744861762514448    
   1.740512542462913    
   1.736300669995486    
   1.732221390780120    
   1.728271561093383    
   1.724447703442165    
   1.720744989335349    
   1.717159005985487    
   1.713686980677027    
   1.710326197373715    
   1.707072576815644    
   1.703922032760506    
   1.700872044019699    
   1.697920547240047    
   1.695064240364256    
   1.692299384455636    
   1.689623528031656    
   1.687034990003160    
   1.684531163531055    
   1.682108770845504    
   1.679765482394844    
   1.677499882435143    
   1.675309934815033    
   1.673192797799703    
   1.671146235562675    
   1.669169005433609    
   1.667259599874862    
   1.665415660158419    
   1.663635007739900    
   1.661916366078331    
   1.660258592837376    
   1.658659897878801    
   1.657118337945366    
   1.655632576852106    
   1.654201628818828    
   1.652824158759509    
   1.651498518550806    
   1.650223342503289    
   1.648997704022905    
   1.647820657108729    
   1.646690907013936    
   1.645607087647434    
   1.644568226610907    
   1.643573685057175    
   1.642622594189588    
   1.641713642955744    
   1.640845653905391    
   1.640018084977388    
   1.639230544979128    
   1.638482037765224    
   1.637771269481307    
   1.637097577721732    
   1.636460826812435    
   1.635860365654447    
   1.635294921859957    
   1.634763712336444    
   1.634266765496887    
   1.633803777179710    
   1.633373554016434    
   1.632975137838757    
   1.632608602488875    
   1.632274011631781    
   1.631970391955768    
   1.631696618026863    
   1.631452617323297    
   1.631238692358998    
   1.631054209075737    
   1.630898051905203    
   1.630769968355642    
   1.630670316116703    
   1.630598735189476    
   1.630554234189379    
   1.630536479921358    
   1.630545845454460    
   1.630582153952642    
   1.630644496062965    
   1.630732442111400    
   1.630846367534855    
   1.630986317105958    
   1.631151540204179    
   1.631341497667257    
   1.631556419269764    
   1.631796454437825    
   1.632061094892495    
   1.632349891410919    
   1.632663003020571    
   1.633000559455869    
   1.633362142764558    
   1.633747388085745    
   1.634156499602733    
   1.634589675171334    
   1.635046553887479    
   1.635526726700482    
   1.636030314011868    
   1.636557549520337    
   1.637108223707840    
   1.637682021408266    
   1.638279027587323    
   1.638899432206440    
   1.639543076975510    
   1.640209742147289    
   1.640899570373587    
   1.641612776312473    
   1.642349222910720    
   1.643108699171731    
   1.643891350717174    
   1.644697432379598    
   1.645526879671927    
   1.646379513762623    
   1.647255440243560    
   1.648154864913832    
   1.649077729620293    
   1.650023906025082    
   1.650993558623951    
   1.651986954749009    
   1.653004089346406    
   1.654044843535828    
   1.655109352047035    
   1.656197880227082    
   1.657310487749464    
   1.658447132360596    
   1.659607962606005    
   1.660793203455713    
   1.662002895989985    
   1.663237047331211    
   1.664495890600183    
   1.665779692574175    
   1.667088442856764    
   1.668422044107274    
   1.669780690742471    
   1.671164751478968    
   1.672574376550287    
   1.674009521629462    
   1.675470282844886    
   1.676956925312107    
   1.678469642186181    
   1.680008544206426    
   1.681573830795698    
   1.683165738388410    
   1.684784384531020    
   1.686429876744117    
   1.688102487181707    
   1.689802499886310    
   1.691529985421875    
   1.693284963045605    
   1.695067690423809    
   1.696878542673131    
   1.698717686338498    
   1.700585133526260    
   1.702481060515132    
   1.704405811815449    
   1.706359619145828    
   1.708342565913807    
   1.710354827347505    
   1.712396723114139    
   1.714468519191182    
   1.716570367224138    
   1.718702453295218    
   1.720865044515898    
   1.723058379028801    
   1.725282643636780    
   1.727538055705176    
   1.729824857322115    
   1.732143254710960    
   1.734493455146524    
   1.736875706168084    
   1.739290211433250    
   1.741737101183359    
   1.744216588243634    
   1.746729037248903    
   1.749274757226669    
   1.751853857214389    
   1.754466453895384    
   1.757112880750545    
   1.759793510177179    
   1.762508498445655    
   1.765257911730263    
   1.768041991126080    
   1.770861068995756    
   1.773715311840994    
   1.776604777745399    
   1.779529666475638    
   1.782490288139629    
   1.785486832515311    
   1.788519391039367    
   1.791588172230638    
   1.794693475920036    
   1.797835472032957    
   1.801014213865358    
   1.804229860920850    
   1.807482683064733    
   1.810772836449060    
   1.814100325844005    
   1.817465205490005    
   1.820867643315649    
   1.824307768073508    
   1.827785615587633    
   1.831301247557505    
