  0.8309625334967335E-01
  0.8174992343880699E-01
  0.8040046769713771E-01
  0.7904792573854724E-01
  0.7769233736847037E-01
  0.7633374258364145E-01
  0.7497218157524999E-01
  0.7360769473112300E-01
  0.7224032263435287E-01
  0.7087010606260558E-01
  0.6949708599090315E-01
  0.6812130359376867E-01
  0.6674280024371404E-01
  0.6536161751002023E-01
  0.6397779716110930E-01
  0.6259138116674251E-01
  0.6120241169648954E-01
  0.5981093111796626E-01
  0.5841698199865841E-01
  0.5702060710812096E-01
  0.5562184941655635E-01
  0.5422075209263277E-01
  0.5281735850469221E-01
  0.5141171222281476E-01
  0.5000385701752497E-01
  0.4859383685733820E-01
  0.4718169590942356E-01
  0.4576747854146057E-01
  0.4435122932038937E-01
  0.4293299300970044E-01
  0.4151281456961248E-01
  0.4009073915876876E-01
  0.3866681213306311E-01
  0.3724107904265250E-01
  0.3581358563158310E-01
  0.3438437783930648E-01
  0.3295350179969714E-01
  0.3152100383792450E-01
  0.3008693046947503E-01
  0.2865132840130635E-01
  0.2721424453101728E-01
  0.2577572594376482E-01
  0.2433581991085076E-01
  0.2289457389044530E-01
  0.2145203552674491E-01
  0.2000825264692696E-01
  0.1856327325944029E-01
  0.1711714555439192E-01
  0.1566991790264893E-01
  0.1422163885275457E-01
  0.1277235712891711E-01
  0.1132212163111462E-01
  0.9870981434222659E-02
  0.8418985784945043E-02
  0.6966184099469419E-02
  0.5512625963200180E-02
  0.4058361129890387E-02
  0.2603439518703843E-02
  0.1147911211652142E-02
 -0.3081735470891189E-03
 -0.1764764352171211E-02
 -0.3221810639863154E-02
 -0.4679261690662517E-02
 -0.6137066630303056E-02
 -0.7595174430978124E-02
 -0.9053533914135992E-02
 -0.1051209375310364E-01
 -0.1197080247423582E-01
 -0.1342960845826052E-01
 -0.1488845994313959E-01
 -0.1634730502683235E-01
 -0.1780609166861363E-01
 -0.1926476769044222E-01
 -0.2072328077977570E-01
 -0.2218157849246261E-01
 -0.2363960825431288E-01
 -0.2509731736254217E-01
 -0.2655465298845749E-01
 -0.2801156218034984E-01
 -0.2946799186531252E-01
 -0.3092388885089109E-01
 -0.3237919982771897E-01
 -0.3383387137229571E-01
 -0.3528784994887713E-01
 -0.3674108191130898E-01
 -0.3819351350575695E-01
 -0.3964509087347357E-01
 -0.4109576005268473E-01
 -0.4254546698045392E-01
 -0.4399415749545810E-01
 -0.4544177734082222E-01
 -0.4688827216607178E-01
 -0.4833358752900430E-01
 -0.4977766889843060E-01
 -0.5122046165704397E-01
 -0.5266191110346924E-01
 -0.5410196245416016E-01
 -0.5554056084607506E-01
 -0.5697765133953725E-01
 -0.5841317892039433E-01
 -0.5984708850198039E-01
 -0.6127932492770921E-01
 -0.6270983297385180E-01
 -0.6413855735176899E-01
 -0.6556544271000186E-01
 -0.6699043363685492E-01
 -0.6841347466304909E-01
 -0.6983451026390869E-01
 -0.7125348486153643E-01
 -0.7267034282747487E-01
 -0.7408502848533582E-01
 -0.7549748611291229E-01
 -0.7690765994431792E-01
 -0.7831549417266959E-01
 -0.7972093295275412E-01
 -0.8112392040315530E-01
 -0.8252440060836097E-01
 -0.8392231762138591E-01
 -0.8531761546641720E-01
 -0.8671023814097739E-01
 -0.8810012961806751E-01
 -0.8948723384875684E-01
 -0.9087149476476236E-01
 -0.9225285628059549E-01
 -0.9363126229574070E-01
 -0.9500665669726760E-01
 -0.9637898336237738E-01
 -0.9774818616050163E-01
 -0.9911420895546902E-01
 -0.1004769956081459    
 -0.1018364899790086    
 -0.1031926359302250    
 -0.1045453773277762    
 -0.1058946580440748    
 -0.1072404219605758    
 -0.1085826129699037    
 -0.1099211749779532    
 -0.1112560519064500    
 -0.1125871876955716    
 -0.1139145263061543    
 -0.1152380117218288    
 -0.1165575879515228    
 -0.1178731990320431    
 -0.1191847890303619    
 -0.1204923020458545    
 -0.1217956822127910    
 -0.1230948737028462    
 -0.1243898207274126    
 -0.1256804675399720    
 -0.1269667584386593    
 -0.1282486377687289    
 -0.1295260499248532    
 -0.1307989393536071    
 -0.1320672505561571    
 -0.1333309280907411    
 -0.1345899165749362    
 -0.1358441606882199    
 -0.1370936051748246    
 -0.1383381948463103    
 -0.1395778745838299    
 -0.1408125893407201    
 -0.1420422841454996    
 -0.1432669041045991    
 -0.1444863944046975    
 -0.1457007003153536    
 -0.1469097671921160    
 -0.1481135404794203    
 -0.1493119657130531    
 -0.1505049885228633    
 -0.1516925546359871    
 -0.1528746098799210    
 -0.1540511001851528    
 -0.1552219715879910    
 -0.1563871702339090    
 -0.1575466423807934    
 -0.1587003344017850    
 -0.1598481927882860    
 -0.1609901641534430    
 -0.1621261952355655    
 -0.1632562329011804    
 -0.1643802241482646    
 -0.1654981161099263    
 -0.1666098560580083    
 -0.1677153914063594    
 -0.1688146697143080    
 -0.1699076386905892    
 -0.1709942461971747    
 -0.1720744402527748    
 -0.1731481690365704    
 -0.1742153808924069    
 -0.1752760243328852    
 -0.1763300480431176    
 -0.1773774008847311    
 -0.1784180319003648    
 -0.1794518903180640    
 -0.1804789255553199    
 -0.1814990872233477    
 -0.1825123251318815    
 -0.1835185892938945    
 -0.1845178299299727    
 -0.1855099974729168    
 -0.1864950425728522    
 -0.1874729161022695    
 -0.1884435691607241    
 -0.1894069530797846    
 -0.1903630194285001    
 -0.1913117200187961    
 -0.1922530069105119    
 -0.1931868324166808    
 -0.1941131491093580    
 -0.1950319098253960    
 -0.1959430676718537    
 -0.1968465760316178    
 -0.1977423885695708    
 -0.1986304592387400    
 -0.1995107422860931    
 -0.2003831922585304    
 -0.2012477640093950    
 -0.2021044127049689    
 -0.2029530938306370    
 -0.2037937631972542    
 -0.2046263769480166    
 -0.2054508915652930    
 -0.2062672638771301    
 -0.2070754510639685    
 -0.2078754106658565    
 -0.2086671005896185    
 -0.2094504791156810    
 -0.2102255049051103    
 -0.2109921370071404    
 -0.2117503348666410    
 -0.2125000583312357    
 -0.2132412676586208    
 -0.2139739235243690    
 -0.2146979870296561    
 -0.2154134197086312    
 -0.2161201835359812    
 -0.2168182409349672    
 -0.2175075547853500    
 -0.2181880884309331    
 -0.2188598056873026    
 -0.2195226708500400    
 -0.2201766487028063    
 -0.2208217045249994    
 -0.2214578040995867    
 -0.2220849137214074    
 -0.2227030002053318    
 -0.2233120308939616    
 -0.2239119736654638    
 -0.2245027969418614    
 -0.2250844696971783    
 -0.2256569614651012    
 -0.2262202423467390    
 -0.2267742830187971    
 -0.2273190547415772    
 -0.2278545293664856    
 -0.2283806793436223    
 -0.2288974777297410    
 -0.2294048981959937    
 -0.2299029150351479    
 -0.2303915031688775    
 -0.2308706381554064    
 -0.2313402961968785    
 -0.2318004541461587    
 -0.2322510895136944    
 -0.2326921804747113    
 -0.2331237058760851    
 -0.2335456452425868    
 -0.2339579787831707    
 -0.2343606873975967    
 -0.2347537526826850    
 -0.2351371569378737    
 -0.2355108831707884    
 -0.2358749151031445    
 -0.2362292371762571    
 -0.2365738345557913    
 -0.2369086931364761    
 -0.2372337995471470    
 -0.2375491411553762    
 -0.2378547060712904    
 -0.2381504831513035    
 -0.2384364620021662    
 -0.2387126329845945    
 -0.2389789872160379    
 -0.2392355165733226    
 -0.2394822136955905    
 -0.2397190719867993    
 -0.2399460856173303    
 -0.2401632495254349    
 -0.2403705594189680    
 -0.2405680117766691    
 -0.2407556038485153    
 -0.2409333336558894    
 -0.2411011999920258    
 -0.2412592024219895    
 -0.2414073412817023    
 -0.2415456176767602    
 -0.2416740334815337    
 -0.2417925913377955    
 -0.2419012946523746    
 -0.2420001475945910    
 -0.2420891550939745    
 -0.2421683228375018    
 -0.2422376572658482    
 -0.2422971655694309    
 -0.2423468556847577    
 -0.2423867362902885    
 -0.2424168168012781    
 -0.2424371073644198    
 -0.2424476188528404    
 -0.2424483628606326    
 -0.2424393516963483    
 -0.2424205983762972    
 -0.2423921166182295    
 -0.2423539208345813    
 -0.2423060261246759    
 -0.2422484482667489    
 -0.2421812037104230    
 -0.2421043095687683    
 -0.2420177836093113    
 -0.2419216442448797    
 -0.2418159105249531    
 -0.2417006021266542    
 -0.2415757393446963    
 -0.2414413430811964    
 -0.2412974348360515    
 -0.2411440366969764    
 -0.2409811713285068    
 -0.2408088619609243    
 -0.2406271323798421    
 -0.2404360069154838    
 -0.2402355104308957    
 -0.2400256683101185    
 -0.2398065064471360    
 -0.2395780512345844    
 -0.2393403295513719    
 -0.2390933687502779    
 -0.2388371966464404    
 -0.2385718415056770    
 -0.2382973320316901    
 -0.2380136973532807    
 -0.2377209670125828    
 -0.2374191709531959    
 -0.2371083395071500    
 -0.2367885033818908    
 -0.2364596936484484    
 -0.2361219417296165    
 -0.2357752793868879    
 -0.2354197387073639    
 -0.2350553520920073    
 -0.2346821522440636    
 -0.2343001721561833    
 -0.2339094450974391    
 -0.2335100046018115    
 -0.2331018844570207    
 -0.2326851186920194    
 -0.2322597415642824    
 -0.2318257875486838    
 -0.2313832913269047    
 -0.2309322877754690    
 -0.2304728119534400    
 -0.2300048990918075    
 -0.2295285845836262    
 -0.2290439039727648    
 -0.2285508929421415    
 -0.2280495873037089    
 -0.2275400229894387    
 -0.2270222360409395    
 -0.2264962625983584    
 -0.2259621388910387    
 -0.2254199012294316    
 -0.2248695859956964    
 -0.2243112296333774    
 -0.2237448686388039    
 -0.2231705395539924    
 -0.2225882789583264    
 -0.2219981234590871    
 -0.2214001096836193    
 -0.2207942742732678    
 -0.2201806538762301    
 -0.2195592851390158    
 -0.2189302046993866    
 -0.2182934491813037    
 -0.2176490551890025    
 -0.2169970592994768    
 -0.2163374980562121    
 -0.2156704079651082    
 -0.2149958254897530    
 -0.2143137870449621    
 -0.2136243289913479    
 -0.2129274876322033    
 -0.2122232992099567    
 -0.2115117999007467    
 -0.2107930258097970    
 -0.2100670129692506    
 -0.2093337973358012    
 -0.2085934147862805    
 -0.2078459011137821    
 -0.2070912920263901    
 -0.2063296231459866    
 -0.2055609300048378    
 -0.2047852480423746    
 -0.2040026126047339    
 -0.2032130589447421    
 -0.2024166222195145    
 -0.2016133374877938    
 -0.2008032397101422    
 -0.1999863637500714    
 -0.1991627443727164    
 -0.1983324162426739    
 -0.1974954139246596    
 -0.1966517718856794    
 -0.1958015244948335    
 -0.1949447060216536    
 -0.1940813506370358    
 -0.1932114924162830    
 -0.1923351653400748    
 -0.1914524032933600    
 -0.1905632400664242    
 -0.1896677093585839    
 -0.1887658447802725    
 -0.1878576798525555    
 -0.1869432480082607    
 -0.1860225825961348    
 -0.1850957168839567    
 -0.1841626840586965    
 -0.1832235172276446    
 -0.1822782494228619    
 -0.1813269136052413    
 -0.1803695426653367    
 -0.1794061694244235    
 -0.1784368266390630    
 -0.1774615470060290    
 -0.1764803631638492    
 -0.1754933076937442    
 -0.1745004131241052    
 -0.1735017119361841    
 -0.1724972365664261    
 -0.1714870194072711    
 -0.1704710928113173    
 -0.1694494890976251    
 -0.1684222405549404    
 -0.1673893794424126    
 -0.1663509379932175    
 -0.1653069484212404    
 -0.1642574429252814    
 -0.1632024536898630    
 -0.1621420128881427    
 -0.1610761526886286    
 -0.1600049052603296    
 -0.1589283027739063    
 -0.1578463774038923    
 -0.1567591613351267    
 -0.1556666867686494    
 -0.1545689859233039    
 -0.1534660910373922    
 -0.1523580343746895    
 -0.1512448482309108    
 -0.1501265649357775    
 -0.1490032168540987    
 -0.1478748363912376    
 -0.1467414560001026    
 -0.1456031081838058    
 -0.1444598254961662    
 -0.1433116405463395    
 -0.1421585860061477    
 -0.1410006946135554    
 -0.1398379991728374    
 -0.1386705325581448    
 -0.1374983277207637    
 -0.1363214176934178    
 -0.1351398355904681    
 -0.1339536146104954    
 -0.1327627880431237    
 -0.1315673892738963    
 -0.1303674517846807    
 -0.1291630091554924    
 -0.1279540950707991    
 -0.1267407433247470    
 -0.1255229878217239    
 -0.1243008625774812    
 -0.1230744017248986    
 -0.1218436395195570    
 -0.1206086103405278    
 -0.1193693486907645    
 -0.1181258892021138    
 -0.1168782666411137    
 -0.1156265159102058    
 -0.1143706720476134    
 -0.1131107702314717    
 -0.1118468457855466    
 -0.1105789341808225    
 -0.1093070710350874    
 -0.1080312921162874    
 -0.1067516333480247    
 -0.1054681308113941    
 -0.1041808207443237    
 -0.1028897395442064    
 -0.1015949237731157    
 -0.1002964101598551    
 -0.9899423559913084E-01
 -0.9768843715349390E-01
 -0.9637905205816816E-01
 -0.9506611772321993E-01
 -0.9374967173262178E-01
 -0.9242975184561186E-01
 -0.9110639600112558E-01
 -0.8977964231999419E-01
 -0.8844952910385978E-01
 -0.8711609483598221E-01
 -0.8577937818529935E-01
 -0.8443941800867266E-01
 -0.8309625334967335E-01
 -0.8174992343880699E-01
 -0.8040046769713771E-01
 -0.7904792573854724E-01
 -0.7769233736847037E-01
 -0.7633374258364145E-01
 -0.7497218157524999E-01
 -0.7360769473112300E-01
 -0.7224032263435287E-01
 -0.7087010606260558E-01
 -0.6949708599090315E-01
 -0.6812130359376867E-01
 -0.6674280024371404E-01
 -0.6536161751002023E-01
 -0.6397779716110930E-01
 -0.6259138116674251E-01
 -0.6120241169648954E-01
 -0.5981093111796626E-01
 -0.5841698199865841E-01
 -0.5702060710812096E-01
 -0.5562184941655635E-01
 -0.5422075209263277E-01
 -0.5281735850469221E-01
 -0.5141171222281476E-01
 -0.5000385701752497E-01
 -0.4859383685733820E-01
 -0.4718169590942356E-01
 -0.4576747854146057E-01
 -0.4435122932038937E-01
 -0.4293299300970044E-01
 -0.4151281456961248E-01
 -0.4009073915876876E-01
 -0.3866681213306311E-01
 -0.3724107904265250E-01
 -0.3581358563158310E-01
 -0.3438437783930648E-01
 -0.3295350179969714E-01
 -0.3152100383792450E-01
 -0.3008693046947503E-01
 -0.2865132840130635E-01
 -0.2721424453101728E-01
 -0.2577572594376482E-01
 -0.2433581991085076E-01
 -0.2289457389044530E-01
 -0.2145203552674491E-01
 -0.2000825264692696E-01
 -0.1856327325944029E-01
 -0.1711714555439192E-01
 -0.1566991790264893E-01
 -0.1422163885275457E-01
 -0.1277235712891711E-01
 -0.1132212163111462E-01
 -0.9870981434222659E-02
 -0.8418985784945043E-02
 -0.6966184099469419E-02
 -0.5512625963200180E-02
 -0.4058361129890387E-02
 -0.2603439518703843E-02
 -0.1147911211652142E-02
  0.3081735470891189E-03
  0.1764764352171211E-02
  0.3221810639863154E-02
  0.4679261690662517E-02
  0.6137066630303056E-02
  0.7595174430978124E-02
  0.9053533914135992E-02
  0.1051209375310364E-01
  0.1197080247423582E-01
  0.1342960845826052E-01
  0.1488845994313959E-01
  0.1634730502683235E-01
  0.1780609166861363E-01
  0.1926476769044222E-01
  0.2072328077977570E-01
  0.2218157849246261E-01
  0.2363960825431288E-01
  0.2509731736254217E-01
  0.2655465298845749E-01
  0.2801156218034984E-01
  0.2946799186531252E-01
  0.3092388885089109E-01
  0.3237919982771897E-01
  0.3383387137229571E-01
  0.3528784994887713E-01
  0.3674108191130898E-01
  0.3819351350575695E-01
  0.3964509087347357E-01
  0.4109576005268473E-01
  0.4254546698045392E-01
  0.4399415749545810E-01
  0.4544177734082222E-01
  0.4688827216607178E-01
  0.4833358752900430E-01
  0.4977766889843060E-01
  0.5122046165704397E-01
  0.5266191110346924E-01
  0.5410196245416016E-01
  0.5554056084607506E-01
  0.5697765133953725E-01
  0.5841317892039433E-01
  0.5984708850198039E-01
  0.6127932492770921E-01
  0.6270983297385180E-01
  0.6413855735176899E-01
  0.6556544271000186E-01
  0.6699043363685492E-01
  0.6841347466304909E-01
  0.6983451026390869E-01
  0.7125348486153643E-01
  0.7267034282747487E-01
  0.7408502848533582E-01
  0.7549748611291229E-01
  0.7690765994431792E-01
  0.7831549417266959E-01
  0.7972093295275412E-01
  0.8112392040315530E-01
  0.8252440060836097E-01
  0.8392231762138591E-01
  0.8531761546641720E-01
  0.8671023814097739E-01
  0.8810012961806751E-01
  0.8948723384875684E-01
  0.9087149476476236E-01
  0.9225285628059549E-01
  0.9363126229574070E-01
  0.9500665669726760E-01
  0.9637898336237738E-01
  0.9774818616050163E-01
  0.9911420895546902E-01
  0.1004769956081459    
  0.1018364899790086    
  0.1031926359302250    
  0.1045453773277762    
  0.1058946580440748    
  0.1072404219605758    
  0.1085826129699037    
  0.1099211749779532    
  0.1112560519064500    
  0.1125871876955716    
  0.1139145263061543    
  0.1152380117218288    
  0.1165575879515228    
  0.1178731990320431    
  0.1191847890303619    
  0.1204923020458545    
  0.1217956822127910    
  0.1230948737028462    
  0.1243898207274126    
  0.1256804675399720    
  0.1269667584386593    
  0.1282486377687289    
  0.1295260499248532    
  0.1307989393536071    
  0.1320672505561571    
  0.1333309280907411    
  0.1345899165749362    
  0.1358441606882199    
  0.1370936051748246    
  0.1383381948463103    
  0.1395778745838299    
  0.1408125893407201    
  0.1420422841454996    
  0.1432669041045991    
  0.1444863944046975    
  0.1457007003153536    
  0.1469097671921160    
  0.1481135404794203    
  0.1493119657130531    
  0.1505049885228633    
  0.1516925546359871    
  0.1528746098799210    
  0.1540511001851528    
  0.1552219715879910    
  0.1563871702339090    
  0.1575466423807934    
  0.1587003344017850    
  0.1598481927882860    
  0.1609901641534430    
  0.1621261952355655    
  0.1632562329011804    
  0.1643802241482646    
  0.1654981161099263    
  0.1666098560580083    
  0.1677153914063594    
  0.1688146697143080    
  0.1699076386905892    
  0.1709942461971747    
  0.1720744402527748    
  0.1731481690365704    
  0.1742153808924069    
  0.1752760243328852    
  0.1763300480431176    
  0.1773774008847311    
  0.1784180319003648    
  0.1794518903180640    
  0.1804789255553199    
  0.1814990872233477    
  0.1825123251318815    
  0.1835185892938945    
  0.1845178299299727    
  0.1855099974729168    
  0.1864950425728522    
  0.1874729161022695    
  0.1884435691607241    
  0.1894069530797846    
  0.1903630194285001    
  0.1913117200187961    
  0.1922530069105119    
  0.1931868324166808    
  0.1941131491093580    
  0.1950319098253960    
  0.1959430676718537    
  0.1968465760316178    
  0.1977423885695708    
  0.1986304592387400    
  0.1995107422860931    
  0.2003831922585304    
  0.2012477640093950    
  0.2021044127049689    
  0.2029530938306370    
  0.2037937631972542    
  0.2046263769480166    
  0.2054508915652930    
  0.2062672638771301    
  0.2070754510639685    
  0.2078754106658565    
  0.2086671005896185    
  0.2094504791156810    
  0.2102255049051103    
  0.2109921370071404    
  0.2117503348666410    
  0.2125000583312357    
  0.2132412676586208    
  0.2139739235243690    
  0.2146979870296561    
  0.2154134197086312    
  0.2161201835359812    
  0.2168182409349672    
  0.2175075547853500    
  0.2181880884309331    
  0.2188598056873026    
  0.2195226708500400    
  0.2201766487028063    
  0.2208217045249994    
  0.2214578040995867    
  0.2220849137214074    
  0.2227030002053318    
  0.2233120308939616    
  0.2239119736654638    
  0.2245027969418614    
  0.2250844696971783    
  0.2256569614651012    
  0.2262202423467390    
  0.2267742830187971    
  0.2273190547415772    
  0.2278545293664856    
  0.2283806793436223    
  0.2288974777297410    
  0.2294048981959937    
  0.2299029150351479    
  0.2303915031688775    
  0.2308706381554064    
  0.2313402961968785    
  0.2318004541461587    
  0.2322510895136944    
  0.2326921804747113    
  0.2331237058760851    
  0.2335456452425868    
  0.2339579787831707    
  0.2343606873975967    
  0.2347537526826850    
  0.2351371569378737    
  0.2355108831707884    
  0.2358749151031445    
  0.2362292371762571    
  0.2365738345557913    
  0.2369086931364761    
  0.2372337995471470    
  0.2375491411553762    
  0.2378547060712904    
  0.2381504831513035    
  0.2384364620021662    
  0.2387126329845945    
  0.2389789872160379    
  0.2392355165733226    
  0.2394822136955905    
  0.2397190719867993    
  0.2399460856173303    
  0.2401632495254349    
  0.2403705594189680    
  0.2405680117766691    
  0.2407556038485153    
  0.2409333336558894    
  0.2411011999920258    
  0.2412592024219895    
  0.2414073412817023    
  0.2415456176767602    
  0.2416740334815337    
  0.2417925913377955    
  0.2419012946523746    
  0.2420001475945910    
  0.2420891550939745    
  0.2421683228375018    
  0.2422376572658482    
  0.2422971655694309    
  0.2423468556847577    
  0.2423867362902885    
  0.2424168168012781    
  0.2424371073644198    
  0.2424476188528404    
  0.2424483628606326    
  0.2424393516963483    
  0.2424205983762972    
  0.2423921166182295    
  0.2423539208345813    
  0.2423060261246759    
  0.2422484482667489    
  0.2421812037104230    
  0.2421043095687683    
  0.2420177836093113    
  0.2419216442448797    
  0.2418159105249531    
  0.2417006021266542    
  0.2415757393446963    
  0.2414413430811964    
  0.2412974348360515    
  0.2411440366969764    
  0.2409811713285068    
  0.2408088619609243    
  0.2406271323798421    
  0.2404360069154838    
  0.2402355104308957    
  0.2400256683101185    
  0.2398065064471360    
  0.2395780512345844    
  0.2393403295513719    
  0.2390933687502779    
  0.2388371966464404    
  0.2385718415056770    
  0.2382973320316901    
  0.2380136973532807    
  0.2377209670125828    
  0.2374191709531959    
  0.2371083395071500    
  0.2367885033818908    
  0.2364596936484484    
  0.2361219417296165    
  0.2357752793868879    
  0.2354197387073639    
  0.2350553520920073    
  0.2346821522440636    
  0.2343001721561833    
  0.2339094450974391    
  0.2335100046018115    
  0.2331018844570207    
  0.2326851186920194    
  0.2322597415642824    
  0.2318257875486838    
  0.2313832913269047    
  0.2309322877754690    
  0.2304728119534400    
  0.2300048990918075    
  0.2295285845836262    
  0.2290439039727648    
  0.2285508929421415    
  0.2280495873037089    
  0.2275400229894387    
  0.2270222360409395    
  0.2264962625983584    
  0.2259621388910387    
  0.2254199012294316    
  0.2248695859956964    
  0.2243112296333774    
  0.2237448686388039    
  0.2231705395539924    
  0.2225882789583264    
  0.2219981234590871    
  0.2214001096836193    
  0.2207942742732678    
  0.2201806538762301    
  0.2195592851390158    
  0.2189302046993866    
  0.2182934491813037    
  0.2176490551890025    
  0.2169970592994768    
  0.2163374980562121    
  0.2156704079651082    
  0.2149958254897530    
  0.2143137870449621    
  0.2136243289913479    
  0.2129274876322033    
  0.2122232992099567    
  0.2115117999007467    
  0.2107930258097970    
  0.2100670129692506    
  0.2093337973358012    
  0.2085934147862805    
  0.2078459011137821    
  0.2070912920263901    
  0.2063296231459866    
  0.2055609300048378    
  0.2047852480423746    
  0.2040026126047339    
  0.2032130589447421    
  0.2024166222195145    
  0.2016133374877938    
  0.2008032397101422    
  0.1999863637500714    
  0.1991627443727164    
  0.1983324162426739    
  0.1974954139246596    
  0.1966517718856794    
  0.1958015244948335    
  0.1949447060216536    
  0.1940813506370358    
  0.1932114924162830    
  0.1923351653400748    
  0.1914524032933600    
  0.1905632400664242    
  0.1896677093585839    
  0.1887658447802725    
  0.1878576798525555    
  0.1869432480082607    
  0.1860225825961348    
  0.1850957168839567    
  0.1841626840586965    
  0.1832235172276446    
  0.1822782494228619    
  0.1813269136052413    
  0.1803695426653367    
  0.1794061694244235    
  0.1784368266390630    
  0.1774615470060290    
  0.1764803631638492    
  0.1754933076937442    
  0.1745004131241052    
  0.1735017119361841    
  0.1724972365664261    
  0.1714870194072711    
  0.1704710928113173    
  0.1694494890976251    
  0.1684222405549404    
  0.1673893794424126    
  0.1663509379932175    
  0.1653069484212404    
  0.1642574429252814    
  0.1632024536898630    
  0.1621420128881427    
  0.1610761526886286    
  0.1600049052603296    
  0.1589283027739063    
  0.1578463774038923    
  0.1567591613351267    
  0.1556666867686494    
  0.1545689859233039    
  0.1534660910373922    
  0.1523580343746895    
  0.1512448482309108    
  0.1501265649357775    
  0.1490032168540987    
  0.1478748363912376    
  0.1467414560001026    
  0.1456031081838058    
  0.1444598254961662    
  0.1433116405463395    
  0.1421585860061477    
  0.1410006946135554    
  0.1398379991728374    
  0.1386705325581448    
  0.1374983277207637    
  0.1363214176934178    
  0.1351398355904681    
  0.1339536146104954    
  0.1327627880431237    
  0.1315673892738963    
  0.1303674517846807    
  0.1291630091554924    
  0.1279540950707991    
  0.1267407433247470    
  0.1255229878217239    
  0.1243008625774812    
  0.1230744017248986    
  0.1218436395195570    
  0.1206086103405278    
  0.1193693486907645    
  0.1181258892021138    
  0.1168782666411137    
  0.1156265159102058    
  0.1143706720476134    
  0.1131107702314717    
  0.1118468457855466    
  0.1105789341808225    
  0.1093070710350874    
  0.1080312921162874    
  0.1067516333480247    
  0.1054681308113941    
  0.1041808207443237    
  0.1028897395442064    
  0.1015949237731157    
  0.1002964101598551    
  0.9899423559913084E-01
  0.9768843715349390E-01
  0.9637905205816816E-01
  0.9506611772321993E-01
  0.9374967173262178E-01
  0.9242975184561186E-01
  0.9110639600112558E-01
  0.8977964231999419E-01
  0.8844952910385978E-01
  0.8711609483598221E-01
  0.8577937818529935E-01
  0.8443941800867266E-01
