  0.1245273452563805    
  0.1252005600973936    
  0.1258791265519383    
  0.1265630730186444    
  0.1272524280473762    
  0.1279472203370647    
  0.1286474787335477    
  0.1293532322274200    
  0.1300645099518980    
  0.1307813411806966    
  0.1315037553259292    
  0.1322317819360303    
  0.1329654506937054    
  0.1337047914139108    
  0.1344498340418695    
  0.1352006086511288    
  0.1359571454416608    
  0.1367194747380110    
  0.1374876269875049    
  0.1382616327585129    
  0.1390415227387830    
  0.1398273277338428    
  0.1406190786654823    
  0.1414168065703217    
  0.1422205425984732    
  0.1430303180122988    
  0.1438461641852791    
  0.1446681126009989    
  0.1454961948522566    
  0.1463304426403068    
  0.1471708877742488    
  0.1480175621705692    
  0.1488704978528502    
  0.1497297269516511    
  0.1505952817045825    
  0.1514671944565803    
  0.1523454976603952    
  0.1532302238773071    
  0.1541214057780881    
  0.1550190761442219    
  0.1559232678694008    
  0.1568340139613124    
  0.1577513475437407    
  0.1586753018589978    
  0.1596059102707064    
  0.1605432062669525    
  0.1614872234638362    
  0.1624379956094409    
  0.1633955565882471    
  0.1643599404260134    
  0.1653311812951602    
  0.1663093135206795    
  0.1672943715866048    
  0.1682863901430687    
  0.1692854040139901    
  0.1702914482054221    
  0.1713045579146011    
  0.1723247685397313    
  0.1733521156905555    
  0.1743866351997524    
  0.1754283631352045    
  0.1764773358131865    
  0.1775335898125296    
  0.1785971619898120    
  0.1796680894956324    
  0.1807464097920214    
  0.1818321606710646    
  0.1829253802747909    
  0.1840261071163976    
  0.1851343801028822    
  0.1862502385591566    
  0.1873737222537209    
  0.1885048714259730    
  0.1896437268152363    
  0.1907903296915979    
  0.1919447218886410    
  0.1931069458381610    
  0.1942770446069605    
  0.1954550619358223    
  0.1966410422807554    
  0.1978350308566117    
  0.1990370736831713    
  0.2002472176338051    
  0.2014655104868053    
  0.2026920009794840    
  0.2039267388651301    
  0.2051697749729224    
  0.2064211612708753    
  0.2076809509318929    
  0.2089491984029903    
  0.2102259594777418    
  0.2115112913719784    
  0.2128052528027432    
  0.2141079040704865    
  0.2154193071444555    
  0.2167395257511796    
  0.2180686254659119    
  0.2194066738068258    
  0.2207537403317103    
  0.2221098967368012    
  0.2234752169573042    
  0.2248497772690405    
  0.2262336563905214    
  0.2276269355845761    
  0.2290296987584767    
  0.2304420325612706    
  0.2318640264767752    
  0.2332957729103616    
  0.2347373672672836    
  0.2361889080198814    
  0.2376504967604757    
  0.2391222382361586    
  0.2406042403609814    
  0.2420966142002096    
  0.2435994739203455    
  0.2451129366974551    
  0.2466371225749885    
  0.2481721542607030    
  0.2497181568504294    
  0.2512752574642194    
  0.2528435847778309    
  0.2544232684294708    
  0.2560144382781505    
  0.2576172234857785    
  0.2592317513901709    
  0.2608581461303291    
  0.2624965269784741    
  0.2641470063252231    
  0.2658096872547892    
  0.2674846606358899    
  0.2691720016408879    
  0.2708717655901916    
  0.2725839830007776    
  0.2743086536963902    
  0.2760457398120233    
  0.2777951574961181    
  0.2795567670799455    
  0.2813303614441988    
  0.2831156522672039    
  0.2849122537866766    
  0.2867196636470388    
  0.2885372403364894    
  0.2903641766421087    
  0.2921994684676018    
  0.2940418782679668    
  0.2958898922606762    
  0.2977416704778562    
  0.2995949886349285    
  0.3014471707182961    
  0.3032950111526751    
  0.3051346854189104    
  0.3069616480853359    
  0.3087705174306199    
  0.3105549462272840    
  0.3123074788917075    
  0.3140193961734881    
  0.3156805499542378    
  0.3172791926612973    
  0.3188018083785225    
  0.3202329560277195    
  0.3215551390046736    
  0.3227487202597913    
  0.3237919066886952    
  0.3246608312269682    
  0.3253297642453043    
  0.3257714863455392    
  0.3259578507841324    
  0.3258605537645126    
  0.3254521134383038    
  0.3247070334510592    
  0.3236030959530389    
  0.3221226962787420    
  0.3202541034172592    
  0.3179925146520705    
  0.3153407762449967    
  0.3123096683010189    
  0.3089176990559512    
  0.3051904139443316    
  0.3011592859182022    
  0.2968603028995032    
  0.2923323964563190    
  0.2876158591440093    
  0.2827508790742688    
  0.2777762863809925    
  0.2727285663211950    
  0.2676411558439655    
  0.2625440100436611    
  0.2574634044026430    
  0.2524219279921172    
  0.2474386200981661    
  0.2425292056760724    
  0.2377063912573454    
  0.2329801905275971    
  0.2283582564193841    
  0.2238462034200014    
  0.2194479095007495    
  0.2151657915421042    
  0.2110010514425437    
  0.2069538924266953    
  0.2030237066068866    
  0.1992092357892776    
  0.1955087080150521    
  0.1919199525216013    
  0.1884404958010932    
  0.1850676413005094    
  0.1817985351027738    
  0.1786302196906157    
  0.1755596776482303    
  0.1725838669162059    
  0.1696997489917369    
  0.1669043112635090    
  0.1641945844906347    
  0.1615676562774230    
  0.1590206812594460    
  0.1565508885994900    
  0.1541555872925397    
  0.1518321696947592    
  0.1495781136205340    
  0.1473909832921373    
  0.1452684293768500    
  0.1432081883048344    
  0.1412080810265063    
  0.1392660113394237    
  0.1373799638909196    
  0.1355480019429714    
  0.1337682649694800    
  0.1320389661426464    
  0.1303583897540509    
  0.1287248886068607    
  0.1271368814080677    
  0.1255928501834686    
  0.1240913377330480    
  0.1226309451402788    
  0.1212103293454619    
  0.1198282007904796    
  0.1184833211401265    
  0.1171745010833687    
  0.1159005982164416    
  0.1146605150085330    
  0.1134531968499090    
  0.1122776301816116    
  0.1111328407052997    
  0.1100178916713804    
  0.1089318822432799    
  0.1078739459354652    
  0.1068432491226696    
  0.1058389896176747    
  0.1048603953149601    
  0.1039067228975129    
  0.1029772566040916    
  0.1020713070542764    
  0.1011882101287062    
  0.1003273259019522    
  0.9948803762556027E-01
  0.9866975075886743E-01
  0.9787189204530175E-01
  0.9709390863195547E-01
  0.9633526723031174E-01
  0.9559545331608810E-01
  0.9487397036627605E-01
  0.9417033913152359E-01
  0.9348409694210082E-01
  0.9281479704576934E-01
  0.9216200797597056E-01
  0.9152531294882013E-01
  0.9090430928746744E-01
  0.9029860787245320E-01
  0.8970783261677936E-01
  0.8913161996446192E-01
  0.8856961841140230E-01
  0.8802148804746913E-01
  0.8748690011875378E-01
  0.8696553660900652E-01
  0.8645708983931465E-01
  0.8596126208512625E-01
  0.8547776520978689E-01
  0.8500632031378830E-01
  0.8454665739896947E-01
  0.8409851504695026E-01
  0.8366164011112376E-01
  0.8323578742156365E-01
  0.8282071950223036E-01
  0.8241620629989642E-01
  0.8202202492424641E-01
  0.8163795939863022E-01
  0.8126380042097266E-01
  0.8089934513436675E-01
  0.8054439690691280E-01
  0.8019876512037893E-01
  0.7986226496728030E-01
  0.7953471725599059E-01
  0.7921594822353341E-01
  0.7890578935570677E-01
  0.7860407721420995E-01
  0.7831065327046283E-01
  0.7802536374582462E-01
  0.7774805945793287E-01
  0.7747859567289098E-01
  0.7721683196304815E-01
  0.7696263207013632E-01
  0.7671586377353111E-01
  0.7647639876341639E-01
  0.7624411251863963E-01
  0.7601888418906683E-01
  0.7580059648224363E-01
  0.7558913555418188E-01
  0.7538439090409499E-01
  0.7518625527292497E-01
  0.7499462454550310E-01
  0.7480939765619052E-01
  0.7463047649785659E-01
  0.7445776583406247E-01
  0.7429117321432038E-01
  0.7413060889229979E-01
  0.7397598574686198E-01
  0.7382721920581563E-01
  0.7368422717228164E-01
  0.7354692995356391E-01
  0.7341525019242404E-01
  0.7328911280067182E-01
  0.7316844489497945E-01
  0.7305317573483074E-01
  0.7294323666252127E-01
  0.7283856104513656E-01
  0.7273908421842976E-01
  0.7264474343252555E-01
  0.7255547779937933E-01
  0.7247122824193042E-01
  0.7239193744488466E-01
  0.7231754980706323E-01
  0.7224801139525847E-01
  0.7218326989954657E-01
  0.7212327459000108E-01
  0.7206797627475577E-01
  0.7201732725936497E-01
  0.7197128130742128E-01
  0.7192979360238265E-01
  0.7189282071056473E-01
  0.7186032054525579E-01
  0.7183225233192006E-01
  0.7180857657444978E-01
  0.7178925502242677E-01
  0.7177425063936031E-01
  0.7176352757186938E-01
  0.7175705111977922E-01
  0.7175478770709635E-01
  0.7175670485383448E-01
  0.7176277114866644E-01
  0.7177295622237369E-01
  0.7178723072206607E-01
  0.7180556628614614E-01
  0.7182793551999787E-01
  0.7185431197237745E-01
  0.7188467011247944E-01
  0.7191898530766001E-01
  0.7195723380179871E-01
  0.7199939269427950E-01
  0.7204543991956956E-01
  0.7209535422737968E-01
  0.7214911516338993E-01
  0.7220670305052690E-01
  0.7226809897077066E-01
  0.7233328474747928E-01
  0.7240224292821924E-01
  0.7247495676808585E-01
  0.7255141021349946E-01
  0.7263158788646300E-01
  0.7271547506927396E-01
  0.7280305768967649E-01
  0.7289432230644001E-01
  0.7298925609535410E-01
  0.7308784683563203E-01
  0.7319008289671207E-01
  0.7329595322544348E-01
  0.7340544733364911E-01
  0.7351855528605762E-01
  0.7363526768859716E-01
  0.7375557567703621E-01
  0.7387947090596800E-01
  0.7400694553813039E-01
  0.7413799223405317E-01
  0.7427260414202348E-01
  0.7441077488836223E-01
  0.7455249856800643E-01
  0.7469776973539137E-01
  0.7484658339562096E-01
  0.7499893499592249E-01
  0.7515482041738124E-01
  0.7531423596694709E-01
  0.7547717836970505E-01
  0.7564364476140520E-01
  0.7581363268124687E-01
  0.7598714006491232E-01
  0.7616416523783957E-01
  0.7634470690873184E-01
  0.7652876416329872E-01
  0.7671633645822340E-01
  0.7690742361534851E-01
  0.7710202581607482E-01
  0.7730014359597184E-01
  0.7750177783959206E-01
  0.7770692977548271E-01
  0.7791560097139053E-01
  0.7812779332965614E-01
  0.7834350908279333E-01
  0.7856275078924405E-01
  0.7878552132930729E-01
  0.7901182390123739E-01
  0.7924166201750719E-01
  0.7947503950122724E-01
  0.7971196048271960E-01
  0.7995242939624179E-01
  0.8019645097685563E-01
  0.8044403025743449E-01
  0.8069517256580440E-01
  0.8094988352201794E-01
  0.8120816903575390E-01
  0.8147003530383592E-01
  0.8173548880786860E-01
  0.8200453631198637E-01
  0.8227718486071113E-01
  0.8255344177691032E-01
  0.8283331465985577E-01
  0.8311681138337634E-01
  0.8340394009410339E-01
  0.8369470920979941E-01
  0.8398912741776894E-01
  0.8428720367334890E-01
  0.8458894719847353E-01
  0.8489436748030715E-01
  0.8520347426994264E-01
  0.8551627758116423E-01
  0.8583278768926844E-01
  0.8615301512993814E-01
  0.8647697069816798E-01
  0.8680466544723767E-01
  0.8713611068773083E-01
  0.8747131798659161E-01
  0.8781029916621896E-01
  0.8815306630359596E-01
  0.8849963172945048E-01
  0.8885000802744089E-01
  0.8920420803336716E-01
  0.8956224483440446E-01
  0.8992413176835556E-01
  0.9028988242291777E-01
  0.9065951063496260E-01
  0.9103303048982744E-01
  0.9141045632061602E-01
  0.9179180270750070E-01
  0.9217708447703082E-01
  0.9256631670144046E-01
  0.9295951469795660E-01
  0.9335669402810082E-01
  0.9375787049698647E-01
  0.9416306015260849E-01
  0.9457227928512471E-01
  0.9498554442612345E-01
  0.9540287234787814E-01
  0.9582428006258879E-01
  0.9624978482160676E-01
  0.9667940411464043E-01
  0.9711315566894066E-01
  0.9755105744846848E-01
  0.9799312765303944E-01
  0.9843938471744304E-01
  0.9888984731053937E-01
  0.9934453433432994E-01
  0.9980346492300331E-01
  0.1002666584419509    
  0.1007341344867555    
  0.1012059128821511    
  0.1016820136809539    
  0.1021624571629602    
  0.1026472638338147    
  0.1031364544238474    
  0.1036300498868791    
  0.1041280713989917    
  0.1046305403572679    
  0.1051374783784966    
  0.1056489072978472    
  0.1061648491675059    
  0.1066853262552819    
  0.1072103610431786    
  0.1077399762259318    
  0.1082741947095123    
  0.1088130396095962    
  0.1093565342500011    
  0.1099047021610914    
  0.1104575670781466    
  0.1110151529396989    
  0.1115774838858399    
  0.1121445842564944    
  0.1127164785896619    
  0.1132931916196283    
  0.1138747482751481    
  0.1144611736775977    
  0.1150524931390974    
  0.1156487321606084    
  0.1162499164300016    
  0.1168560718201026    
  0.1174672243867084    
  0.1180834003665826    
  0.1187046261754280    
  0.1193309284058392    
  0.1199623338252315    
  0.1205988693737547    
  0.1212405621621890    
  0.1218874394698270    
  0.1225395287423385    
  0.1231968575896267    
  0.1238594537836740    
  0.1245273452563805    
  0.1252005600973936    
  0.1258791265519383    
  0.1265630730186444    
  0.1272524280473762    
  0.1279472203370647    
  0.1286474787335477    
  0.1293532322274200    
  0.1300645099518980    
  0.1307813411806966    
  0.1315037553259292    
  0.1322317819360303    
  0.1329654506937054    
  0.1337047914139108    
  0.1344498340418695    
  0.1352006086511288    
  0.1359571454416608    
  0.1367194747380110    
  0.1374876269875049    
  0.1382616327585129    
  0.1390415227387830    
  0.1398273277338428    
  0.1406190786654823    
  0.1414168065703217    
  0.1422205425984732    
  0.1430303180122988    
  0.1438461641852791    
  0.1446681126009989    
  0.1454961948522566    
  0.1463304426403068    
  0.1471708877742488    
  0.1480175621705692    
  0.1488704978528502    
  0.1497297269516511    
  0.1505952817045825    
  0.1514671944565803    
  0.1523454976603952    
  0.1532302238773071    
  0.1541214057780881    
  0.1550190761442219    
  0.1559232678694008    
  0.1568340139613124    
  0.1577513475437407    
  0.1586753018589978    
  0.1596059102707064    
  0.1605432062669525    
  0.1614872234638362    
  0.1624379956094409    
  0.1633955565882471    
  0.1643599404260134    
  0.1653311812951602    
  0.1663093135206795    
  0.1672943715866048    
  0.1682863901430687    
  0.1692854040139901    
  0.1702914482054221    
  0.1713045579146011    
  0.1723247685397313    
  0.1733521156905555    
  0.1743866351997524    
  0.1754283631352045    
  0.1764773358131865    
  0.1775335898125296    
  0.1785971619898120    
  0.1796680894956324    
  0.1807464097920214    
  0.1818321606710646    
  0.1829253802747909    
  0.1840261071163976    
  0.1851343801028822    
  0.1862502385591566    
  0.1873737222537209    
  0.1885048714259730    
  0.1896437268152363    
  0.1907903296915979    
  0.1919447218886410    
  0.1931069458381610    
  0.1942770446069605    
  0.1954550619358223    
  0.1966410422807554    
  0.1978350308566117    
  0.1990370736831713    
  0.2002472176338051    
  0.2014655104868053    
  0.2026920009794840    
  0.2039267388651301    
  0.2051697749729224    
  0.2064211612708753    
  0.2076809509318929    
  0.2089491984029903    
  0.2102259594777418    
  0.2115112913719784    
  0.2128052528027432    
  0.2141079040704865    
  0.2154193071444555    
  0.2167395257511796    
  0.2180686254659119    
  0.2194066738068258    
  0.2207537403317103    
  0.2221098967368012    
  0.2234752169573042    
  0.2248497772690405    
  0.2262336563905214    
  0.2276269355845761    
  0.2290296987584767    
  0.2304420325612706    
  0.2318640264767752    
  0.2332957729103616    
  0.2347373672672836    
  0.2361889080198814    
  0.2376504967604757    
  0.2391222382361586    
  0.2406042403609814    
  0.2420966142002096    
  0.2435994739203455    
  0.2451129366974551    
  0.2466371225749885    
  0.2481721542607030    
  0.2497181568504294    
  0.2512752574642194    
  0.2528435847778309    
  0.2544232684294708    
  0.2560144382781505    
  0.2576172234857785    
  0.2592317513901709    
  0.2608581461303291    
  0.2624965269784741    
  0.2641470063252231    
  0.2658096872547892    
  0.2674846606358899    
  0.2691720016408879    
  0.2708717655901916    
  0.2725839830007776    
  0.2743086536963902    
  0.2760457398120233    
  0.2777951574961181    
  0.2795567670799455    
  0.2813303614441988    
  0.2831156522672039    
  0.2849122537866766    
  0.2867196636470388    
  0.2885372403364894    
  0.2903641766421087    
  0.2921994684676018    
  0.2940418782679668    
  0.2958898922606762    
  0.2977416704778562    
  0.2995949886349285    
  0.3014471707182961    
  0.3032950111526751    
  0.3051346854189104    
  0.3069616480853359    
  0.3087705174306199    
  0.3105549462272840    
  0.3123074788917075    
  0.3140193961734881    
  0.3156805499542378    
  0.3172791926612973    
  0.3188018083785225    
  0.3202329560277195    
  0.3215551390046736    
  0.3227487202597913    
  0.3237919066886952    
  0.3246608312269682    
  0.3253297642453043    
  0.3257714863455392    
  0.3259578507841324    
  0.3258605537645126    
  0.3254521134383038    
  0.3247070334510592    
  0.3236030959530389    
  0.3221226962787420    
  0.3202541034172592    
  0.3179925146520705    
  0.3153407762449967    
  0.3123096683010189    
  0.3089176990559512    
  0.3051904139443316    
  0.3011592859182022    
  0.2968603028995032    
  0.2923323964563190    
  0.2876158591440093    
  0.2827508790742688    
  0.2777762863809925    
  0.2727285663211950    
  0.2676411558439655    
  0.2625440100436611    
  0.2574634044026430    
  0.2524219279921172    
  0.2474386200981661    
  0.2425292056760724    
  0.2377063912573454    
  0.2329801905275971    
  0.2283582564193841    
  0.2238462034200014    
  0.2194479095007495    
  0.2151657915421042    
  0.2110010514425437    
  0.2069538924266953    
  0.2030237066068866    
  0.1992092357892776    
  0.1955087080150521    
  0.1919199525216013    
  0.1884404958010932    
  0.1850676413005094    
  0.1817985351027738    
  0.1786302196906157    
  0.1755596776482303    
  0.1725838669162059    
  0.1696997489917369    
  0.1669043112635090    
  0.1641945844906347    
  0.1615676562774230    
  0.1590206812594460    
  0.1565508885994900    
  0.1541555872925397    
  0.1518321696947592    
  0.1495781136205340    
  0.1473909832921373    
  0.1452684293768500    
  0.1432081883048344    
  0.1412080810265063    
  0.1392660113394237    
  0.1373799638909196    
  0.1355480019429714    
  0.1337682649694800    
  0.1320389661426464    
  0.1303583897540509    
  0.1287248886068607    
  0.1271368814080677    
  0.1255928501834686    
  0.1240913377330480    
  0.1226309451402788    
  0.1212103293454619    
  0.1198282007904796    
  0.1184833211401265    
  0.1171745010833687    
  0.1159005982164416    
  0.1146605150085330    
  0.1134531968499090    
  0.1122776301816116    
  0.1111328407052997    
  0.1100178916713804    
  0.1089318822432799    
  0.1078739459354652    
  0.1068432491226696    
  0.1058389896176747    
  0.1048603953149601    
  0.1039067228975129    
  0.1029772566040916    
  0.1020713070542764    
  0.1011882101287062    
  0.1003273259019522    
  0.9948803762556027E-01
  0.9866975075886743E-01
  0.9787189204530175E-01
  0.9709390863195547E-01
  0.9633526723031174E-01
  0.9559545331608810E-01
  0.9487397036627605E-01
  0.9417033913152359E-01
  0.9348409694210082E-01
  0.9281479704576934E-01
  0.9216200797597056E-01
  0.9152531294882013E-01
  0.9090430928746744E-01
  0.9029860787245320E-01
  0.8970783261677936E-01
  0.8913161996446192E-01
  0.8856961841140230E-01
  0.8802148804746913E-01
  0.8748690011875378E-01
  0.8696553660900652E-01
  0.8645708983931465E-01
  0.8596126208512625E-01
  0.8547776520978689E-01
  0.8500632031378830E-01
  0.8454665739896947E-01
  0.8409851504695026E-01
  0.8366164011112376E-01
  0.8323578742156365E-01
  0.8282071950223036E-01
  0.8241620629989642E-01
  0.8202202492424641E-01
  0.8163795939863022E-01
  0.8126380042097266E-01
  0.8089934513436675E-01
  0.8054439690691280E-01
  0.8019876512037893E-01
  0.7986226496728030E-01
  0.7953471725599059E-01
  0.7921594822353341E-01
  0.7890578935570677E-01
  0.7860407721420995E-01
  0.7831065327046283E-01
  0.7802536374582462E-01
  0.7774805945793287E-01
  0.7747859567289098E-01
  0.7721683196304815E-01
  0.7696263207013632E-01
  0.7671586377353111E-01
  0.7647639876341639E-01
  0.7624411251863963E-01
  0.7601888418906683E-01
  0.7580059648224363E-01
  0.7558913555418188E-01
  0.7538439090409499E-01
  0.7518625527292497E-01
  0.7499462454550310E-01
  0.7480939765619052E-01
  0.7463047649785659E-01
  0.7445776583406247E-01
  0.7429117321432038E-01
  0.7413060889229979E-01
  0.7397598574686198E-01
  0.7382721920581563E-01
  0.7368422717228164E-01
  0.7354692995356391E-01
  0.7341525019242404E-01
  0.7328911280067182E-01
  0.7316844489497945E-01
  0.7305317573483074E-01
  0.7294323666252127E-01
  0.7283856104513656E-01
  0.7273908421842976E-01
  0.7264474343252555E-01
  0.7255547779937933E-01
  0.7247122824193042E-01
  0.7239193744488466E-01
  0.7231754980706323E-01
  0.7224801139525847E-01
  0.7218326989954657E-01
  0.7212327459000108E-01
  0.7206797627475577E-01
  0.7201732725936497E-01
  0.7197128130742128E-01
  0.7192979360238265E-01
  0.7189282071056473E-01
  0.7186032054525579E-01
  0.7183225233192006E-01
  0.7180857657444978E-01
  0.7178925502242677E-01
  0.7177425063936031E-01
  0.7176352757186938E-01
  0.7175705111977922E-01
  0.7175478770709635E-01
  0.7175670485383448E-01
  0.7176277114866644E-01
  0.7177295622237369E-01
  0.7178723072206607E-01
  0.7180556628614614E-01
  0.7182793551999787E-01
  0.7185431197237745E-01
  0.7188467011247944E-01
  0.7191898530766001E-01
  0.7195723380179871E-01
  0.7199939269427950E-01
  0.7204543991956956E-01
  0.7209535422737968E-01
  0.7214911516338993E-01
  0.7220670305052690E-01
  0.7226809897077066E-01
  0.7233328474747928E-01
  0.7240224292821924E-01
  0.7247495676808585E-01
  0.7255141021349946E-01
  0.7263158788646300E-01
  0.7271547506927396E-01
  0.7280305768967649E-01
  0.7289432230644001E-01
  0.7298925609535410E-01
  0.7308784683563203E-01
  0.7319008289671207E-01
  0.7329595322544348E-01
  0.7340544733364911E-01
  0.7351855528605762E-01
  0.7363526768859716E-01
  0.7375557567703621E-01
  0.7387947090596800E-01
  0.7400694553813039E-01
  0.7413799223405317E-01
  0.7427260414202348E-01
  0.7441077488836223E-01
  0.7455249856800643E-01
  0.7469776973539137E-01
  0.7484658339562096E-01
  0.7499893499592249E-01
  0.7515482041738124E-01
  0.7531423596694709E-01
  0.7547717836970505E-01
  0.7564364476140520E-01
  0.7581363268124687E-01
  0.7598714006491232E-01
  0.7616416523783957E-01
  0.7634470690873184E-01
  0.7652876416329872E-01
  0.7671633645822340E-01
  0.7690742361534851E-01
  0.7710202581607482E-01
  0.7730014359597184E-01
  0.7750177783959206E-01
  0.7770692977548271E-01
  0.7791560097139053E-01
  0.7812779332965614E-01
  0.7834350908279333E-01
  0.7856275078924405E-01
  0.7878552132930729E-01
  0.7901182390123739E-01
  0.7924166201750719E-01
  0.7947503950122724E-01
  0.7971196048271960E-01
  0.7995242939624179E-01
  0.8019645097685563E-01
  0.8044403025743449E-01
  0.8069517256580440E-01
  0.8094988352201794E-01
  0.8120816903575390E-01
  0.8147003530383592E-01
  0.8173548880786860E-01
  0.8200453631198637E-01
  0.8227718486071113E-01
  0.8255344177691032E-01
  0.8283331465985577E-01
  0.8311681138337634E-01
  0.8340394009410339E-01
  0.8369470920979941E-01
  0.8398912741776894E-01
  0.8428720367334890E-01
  0.8458894719847353E-01
  0.8489436748030715E-01
  0.8520347426994264E-01
  0.8551627758116423E-01
  0.8583278768926844E-01
  0.8615301512993814E-01
  0.8647697069816798E-01
  0.8680466544723767E-01
  0.8713611068773083E-01
  0.8747131798659161E-01
  0.8781029916621896E-01
  0.8815306630359596E-01
  0.8849963172945048E-01
  0.8885000802744089E-01
  0.8920420803336716E-01
  0.8956224483440446E-01
  0.8992413176835556E-01
  0.9028988242291777E-01
  0.9065951063496260E-01
  0.9103303048982744E-01
  0.9141045632061602E-01
  0.9179180270750070E-01
  0.9217708447703082E-01
  0.9256631670144046E-01
  0.9295951469795660E-01
  0.9335669402810082E-01
  0.9375787049698647E-01
  0.9416306015260849E-01
  0.9457227928512471E-01
  0.9498554442612345E-01
  0.9540287234787814E-01
  0.9582428006258879E-01
  0.9624978482160676E-01
  0.9667940411464043E-01
  0.9711315566894066E-01
  0.9755105744846848E-01
  0.9799312765303944E-01
  0.9843938471744304E-01
  0.9888984731053937E-01
  0.9934453433432994E-01
  0.9980346492300331E-01
  0.1002666584419509    
  0.1007341344867555    
  0.1012059128821511    
  0.1016820136809539    
  0.1021624571629602    
  0.1026472638338147    
  0.1031364544238474    
  0.1036300498868791    
  0.1041280713989917    
  0.1046305403572679    
  0.1051374783784966    
  0.1056489072978472    
  0.1061648491675059    
  0.1066853262552819    
  0.1072103610431786    
  0.1077399762259318    
  0.1082741947095123    
  0.1088130396095962    
  0.1093565342500011    
  0.1099047021610914    
  0.1104575670781466    
  0.1110151529396989    
  0.1115774838858399    
  0.1121445842564944    
  0.1127164785896619    
  0.1132931916196283    
  0.1138747482751481    
  0.1144611736775977    
  0.1150524931390974    
  0.1156487321606084    
  0.1162499164300016    
  0.1168560718201026    
  0.1174672243867084    
  0.1180834003665826    
  0.1187046261754280    
  0.1193309284058392    
  0.1199623338252315    
  0.1205988693737547    
  0.1212405621621890    
  0.1218874394698270    
  0.1225395287423385    
  0.1231968575896267    
  0.1238594537836740    
