  0.4491647051772454E-01
  0.4618329852647514E-01
  0.4751503674620638E-01
  0.4890933870877866E-01
  0.5034105454304309E-01
  0.5181312352487701E-01
  0.5335237097336350E-01
  0.5495643142064312E-01
  0.5659746784522181E-01
  0.5827752382486018E-01
  0.6002511160278723E-01
  0.6183710996676499E-01
  0.6368159444486085E-01
  0.6555883684663197E-01
  0.6749919070016071E-01
  0.6949905872487303E-01
  0.7152224308360827E-01
  0.7356712784042430E-01
  0.7566583149824460E-01
  0.7781324251308927E-01
  0.7996725876360784E-01
  0.8212409114790395E-01
  0.8431866460997622E-01
  0.8654411501384100E-01
  0.8875038456918956E-01
  0.9093060971157679E-01
  0.9312361659012292E-01
  0.9532044950883709E-01
  0.9746039258441300E-01
  0.9953283186540123E-01
  0.1015829369208702    
  0.1035993207889326    
  0.1055061443530472    
  0.1072888921773426    
  0.1090054714294780    
  0.1106431456422106    
  0.1121036990139888    
  0.1133714775164249    
  0.1145350344001857    
  0.1155833197910953    
  0.1163718482973105    
  0.1168692510549917    
  0.1171481918950005    
  0.1168774685397933    
  0.1150647430785016    
  0.1107637250604205    
  0.1041132002870255    
  0.9639940414733383E-01
  0.8900395232433284E-01
  0.8248704527366779E-01
  0.7670592397582099E-01
  0.7146099564038801E-01
  0.6675192188709594E-01
  0.6258266033965690E-01
  0.5884783922875149E-01
  0.5545586306882996E-01
  0.5239902753772985E-01
  0.4966413577720404E-01
  0.4718330747002156E-01
  0.4490477095605772E-01
  0.4283240687804896E-01
  0.4096778380141417E-01
  0.3927329417829839E-01
  0.3771559949051490E-01
  0.3629669061204505E-01
  0.3501919864670226E-01
  0.3385839126399487E-01
  0.3278922011264547E-01
  0.3181181573866244E-01
  0.3093078289740678E-01
  0.3013165114676044E-01
  0.2939597275771582E-01
  0.2872290021069425E-01
  0.2811848545680806E-01
  0.2757532623506308E-01
  0.2707900218259505E-01
  0.2662701655692032E-01
  0.2622583011913191E-01
  0.2587289540781377E-01
  0.2555630324920721E-01
  0.2527172803047010E-01
  0.2502566832824615E-01
  0.2481932506567201E-01
  0.2464265598614932E-01
  0.2448970759332296E-01
  0.2436701544210643E-01
  0.2427895052804545E-01
  0.2421699093047533E-01
  0.2417370157432751E-01
  0.2415558598462830E-01
  0.2416966970690199E-01
  0.2420858615552803E-01
  0.2426341484090746E-01
  0.2434050881416157E-01
  0.2444916607597412E-01
  0.2458295015292708E-01
  0.2473151474095436E-01
  0.2490103313608320E-01
  0.2510281415987784E-01
  0.2533114052656930E-01
  0.2557419990613718E-01
  0.2583791675356570E-01
  0.2613546554012872E-01
  0.2646182750359951E-01
  0.2680386236706431E-01
  0.2716733456313861E-01
  0.2756723944365564E-01
  0.2799921695475482E-01
  0.2844884997581278E-01
  0.2892181294223964E-01
  0.2943494722816621E-01
  0.2998454697776428E-01
  0.3055489614840734E-01
  0.3115152586029211E-01
  0.3179303249664136E-01
  0.3247623138251785E-01
  0.3318394149654184E-01
  0.3392139188910653E-01
  0.3470879321054546E-01
  0.3554331578449465E-01
  0.3640614340458461E-01
  0.3730214168954508E-01
  0.3825319224415299E-01
  0.3925685449699983E-01
  0.4029266108171878E-01
  0.4136519166740767E-01
  0.4249814069968219E-01
  0.4368938940391597E-01
  0.4491647051772454E-01
  0.4618329852647514E-01
  0.4751503674620638E-01
  0.4890933870877866E-01
  0.5034105454304309E-01
  0.5181312352487701E-01
  0.5335237097336350E-01
  0.5495643142064312E-01
  0.5659746784522181E-01
  0.5827752382486018E-01
  0.6002511160278723E-01
  0.6183710996676499E-01
  0.6368159444486085E-01
  0.6555883684663197E-01
  0.6749919070016071E-01
  0.6949905872487303E-01
  0.7152224308360827E-01
  0.7356712784042430E-01
  0.7566583149824460E-01
  0.7781324251308927E-01
  0.7996725876360784E-01
  0.8212409114790395E-01
  0.8431866460997622E-01
  0.8654411501384100E-01
  0.8875038456918956E-01
  0.9093060971157679E-01
  0.9312361659012292E-01
  0.9532044950883709E-01
  0.9746039258441300E-01
  0.9953283186540123E-01
  0.1015829369208702    
  0.1035993207889326    
  0.1055061443530472    
  0.1072888921773426    
  0.1090054714294780    
  0.1106431456422106    
  0.1121036990139888    
  0.1133714775164249    
  0.1145350344001857    
  0.1155833197910953    
  0.1163718482973105    
  0.1168692510549917    
  0.1171481918950005    
  0.1168774685397933    
  0.1150647430785016    
  0.1107637250604205    
  0.1041132002870255    
  0.9639940414733383E-01
  0.8900395232433284E-01
  0.8248704527366779E-01
  0.7670592397582099E-01
  0.7146099564038801E-01
  0.6675192188709594E-01
  0.6258266033965690E-01
  0.5884783922875149E-01
  0.5545586306882996E-01
  0.5239902753772985E-01
  0.4966413577720404E-01
  0.4718330747002156E-01
  0.4490477095605772E-01
  0.4283240687804896E-01
  0.4096778380141417E-01
  0.3927329417829839E-01
  0.3771559949051490E-01
  0.3629669061204505E-01
  0.3501919864670226E-01
  0.3385839126399487E-01
  0.3278922011264547E-01
  0.3181181573866244E-01
  0.3093078289740678E-01
  0.3013165114676044E-01
  0.2939597275771582E-01
  0.2872290021069425E-01
  0.2811848545680806E-01
  0.2757532623506308E-01
  0.2707900218259505E-01
  0.2662701655692032E-01
  0.2622583011913191E-01
  0.2587289540781377E-01
  0.2555630324920721E-01
  0.2527172803047010E-01
  0.2502566832824615E-01
  0.2481932506567201E-01
  0.2464265598614932E-01
  0.2448970759332296E-01
  0.2436701544210643E-01
  0.2427895052804545E-01
  0.2421699093047533E-01
  0.2417370157432751E-01
  0.2415558598462830E-01
  0.2416966970690199E-01
  0.2420858615552803E-01
  0.2426341484090746E-01
  0.2434050881416157E-01
  0.2444916607597412E-01
  0.2458295015292708E-01
  0.2473151474095436E-01
  0.2490103313608320E-01
  0.2510281415987784E-01
  0.2533114052656930E-01
  0.2557419990613718E-01
  0.2583791675356570E-01
  0.2613546554012872E-01
  0.2646182750359951E-01
  0.2680386236706431E-01
  0.2716733456313861E-01
  0.2756723944365564E-01
  0.2799921695475482E-01
  0.2844884997581278E-01
  0.2892181294223964E-01
  0.2943494722816621E-01
  0.2998454697776428E-01
  0.3055489614840734E-01
  0.3115152586029211E-01
  0.3179303249664136E-01
  0.3247623138251785E-01
  0.3318394149654184E-01
  0.3392139188910653E-01
  0.3470879321054546E-01
  0.3554331578449465E-01
  0.3640614340458461E-01
  0.3730214168954508E-01
  0.3825319224415299E-01
  0.3925685449699983E-01
  0.4029266108171878E-01
  0.4136519166740767E-01
  0.4249814069968219E-01
  0.4368938940391597E-01
