  0.3178643859803368    
  0.3701463026796097    
  0.4202229352252523    
  0.4672101436960112    
  0.5127041732358572    
  0.5577288922047552    
  0.6008374382226989    
  0.6405146033097802    
  0.6774847426470325    
  0.7131656944018286    
  0.7473424135860138    
  0.7789048392945928    
  0.8078151131769055    
  0.8348548519730247    
  0.8601038849174799    
  0.8829912271825829    
  0.9034689601049541    
  0.9220753948706698    
  0.9391035854612619    
  0.9545549545704349    
  0.9686545248863564    
  0.9816533305147799    
  0.9933195603483514    
   1.003255154920922    
   1.011525621676227    
   1.018470545069353    
   1.024169966771603    
   1.028626027639886    
   1.032200657799745    
   1.035331811852347    
   1.038029640846848    
   1.040132339778738    
   1.041820546739725    
   1.043385060173275    
   1.044709426828748    
   1.045493494219817    
   1.045813395271015    
   1.045965183494769    
   1.045905394056996    
   1.045349653500974    
   1.044330892518363    
   1.043176543017354    
   1.041975555738553    
   1.040520071675832    
   1.038781474558359    
   1.037036142422219    
   1.035467663018037    
   1.033987873001702    
   1.032527685783361    
   1.031231489667708    
   1.030281624094776    
   1.029728520952937    
   1.029553621610225    
   1.029764287930371    
   1.030408562972183    
   1.031586841795562    
   1.033409379703176    
   1.035865671826890    
   1.038825414966129    
   1.042247559102711    
   1.046254424986230    
   1.050895577100957    
   1.055989359967238    
   1.061319691188710    
   1.066831919215077    
   1.072498632838391    
   1.078147968006241    
   1.083569399359710    
   1.088652896623737    
   1.093311192373368    
   1.097431133003482    
   1.101026933465868    
   1.104288591409011    
   1.107394697904370    
   1.110475022196734    
   1.113836607898420    
   1.117969321453159    
   1.123185062180860    
   1.129451794052764    
   1.136620481319768    
   1.144436632042949    
   1.152129234855521    
   1.158350262770219    
   1.161881313207420    
   1.162309676971798    
   1.159940546169404    
   1.155410417268237    
   1.149681367984298    
   1.144124950875929    
   1.140082872389065    
   1.138026802605285    
   1.136908672316320    
   1.134164231608160    
   1.126719020977489    
   1.112862946279328    
   1.093729935219848    
   1.072874755298618    
   1.054002247274152    
   1.038406842944522    
   1.023634233465450    
   1.004503512498460    
  0.9770404387550252    
  0.9429159109715064    
  0.9089071568661622    
  0.8797175107445605    
  0.8518744130442084    
  0.8176332670013023    
  0.7750488669968952    
  0.7304612560108162    
  0.6894503868334420    
  0.6492898305679848    
  0.6038528509410932    
  0.5529680233733685    
  0.5019100586117410    
  0.4528448840484191    
  0.4022784515404021    
  0.3476704465011185    
  0.2915207524114322    
  0.2367483138801175    
  0.1821205638609636    
  0.1252834923487714    
  0.6728187538613696E-01
  0.1066365315215798E-01
 -0.4481613046272294E-01
 -0.1011106790581103    
 -0.1578283281453889    
 -0.2127014216021932    
 -0.2654479099965401    
 -0.3178643859803368    
 -0.3701463026796097    
 -0.4202229352252523    
 -0.4672101436960112    
 -0.5127041732358572    
 -0.5577288922047552    
 -0.6008374382226989    
 -0.6405146033097802    
 -0.6774847426470325    
 -0.7131656944018286    
 -0.7473424135860138    
 -0.7789048392945928    
 -0.8078151131769055    
 -0.8348548519730247    
 -0.8601038849174799    
 -0.8829912271825829    
 -0.9034689601049541    
 -0.9220753948706698    
 -0.9391035854612619    
 -0.9545549545704349    
 -0.9686545248863564    
 -0.9816533305147799    
 -0.9933195603483514    
  -1.003255154920922    
  -1.011525621676227    
  -1.018470545069353    
  -1.024169966771603    
  -1.028626027639886    
  -1.032200657799745    
  -1.035331811852347    
  -1.038029640846848    
  -1.040132339778738    
  -1.041820546739725    
  -1.043385060173275    
  -1.044709426828748    
  -1.045493494219817    
  -1.045813395271015    
  -1.045965183494769    
  -1.045905394056996    
  -1.045349653500974    
  -1.044330892518363    
  -1.043176543017354    
  -1.041975555738553    
  -1.040520071675832    
  -1.038781474558359    
  -1.037036142422219    
  -1.035467663018037    
  -1.033987873001702    
  -1.032527685783361    
  -1.031231489667708    
  -1.030281624094776    
  -1.029728520952937    
  -1.029553621610225    
  -1.029764287930371    
  -1.030408562972183    
  -1.031586841795562    
  -1.033409379703176    
  -1.035865671826890    
  -1.038825414966129    
  -1.042247559102711    
  -1.046254424986230    
  -1.050895577100957    
  -1.055989359967238    
  -1.061319691188710    
  -1.066831919215077    
  -1.072498632838391    
  -1.078147968006241    
  -1.083569399359710    
  -1.088652896623737    
  -1.093311192373368    
  -1.097431133003482    
  -1.101026933465868    
  -1.104288591409011    
  -1.107394697904370    
  -1.110475022196734    
  -1.113836607898420    
  -1.117969321453159    
  -1.123185062180860    
  -1.129451794052764    
  -1.136620481319768    
  -1.144436632042949    
  -1.152129234855521    
  -1.158350262770219    
  -1.161881313207420    
  -1.162309676971798    
  -1.159940546169404    
  -1.155410417268237    
  -1.149681367984298    
  -1.144124950875929    
  -1.140082872389065    
  -1.138026802605285    
  -1.136908672316320    
  -1.134164231608160    
  -1.126719020977489    
  -1.112862946279328    
  -1.093729935219848    
  -1.072874755298618    
  -1.054002247274152    
  -1.038406842944522    
  -1.023634233465450    
  -1.004503512498460    
 -0.9770404387550252    
 -0.9429159109715064    
 -0.9089071568661622    
 -0.8797175107445605    
 -0.8518744130442084    
 -0.8176332670013023    
 -0.7750488669968952    
 -0.7304612560108162    
 -0.6894503868334420    
 -0.6492898305679848    
 -0.6038528509410932    
 -0.5529680233733685    
 -0.5019100586117410    
 -0.4528448840484191    
 -0.4022784515404021    
 -0.3476704465011185    
 -0.2915207524114322    
 -0.2367483138801175    
 -0.1821205638609636    
 -0.1252834923487714    
 -0.6728187538613696E-01
 -0.1066365315215798E-01
  0.4481613046272294E-01
  0.1011106790581103    
  0.1578283281453889    
  0.2127014216021932    
  0.2654479099965401    
