   2.080850732520272    
   2.102438508320229    
   2.123908386077250    
   2.139514119787197    
   2.156604412494217    
   2.180470220974196    
   2.204480339554631    
   2.223745401361826    
   2.244239008956575    
   2.270312959005862    
   2.296287237544926    
   2.317973960048862    
   2.340391033686733    
   2.366974584860157    
   2.392462722780646    
   2.413036137792234    
   2.432818044753216    
   2.454170965654207    
   2.471638377564345    
   2.481137788335258    
   2.485408143379172    
   2.484976686532327    
   2.472923234111786    
   2.443334605321397    
   2.395722284989197    
   2.326253736239631    
   2.223023000025980    
   2.073729874547126    
   1.868850154095282    
   1.592577997809533    
   1.218173907080739    
  0.7148372385961703    
  0.4990345788605750E-01
 -0.8194796677880142    
  -1.947777427716614    
  -3.388018985079395    
  -5.178096384154094    
  -7.329016155340748    
  -9.798433892870053    
  -12.45199426494320    
  -15.04806228475602    
  -17.27498608242866    
  -18.83332417190565    
  -19.53059017784541    
  -19.34699208157052    
  -18.43246980243617    
  -17.03092801118749    
  -15.38503783750479    
  -13.68382610704095    
  -12.05729759560281    
  -10.58121739765297    
  -9.281428394297993    
  -8.153707865151027    
  -7.189122971378283    
  -6.376881309551770    
  -5.693844127661182    
  -5.112837390304374    
  -4.620970438488751    
  -4.213230274804077    
  -3.872399629669034    
  -3.576214906892047    
  -3.320798338421701    
  -3.112999927973025    
  -2.941990963161026    
  -2.785588959943417    
  -2.643537687202530    
  -2.533048871083804    
  -2.449308731540719    
  -2.365544703837257    
  -2.278332269847631    
  -2.213863022619458    
  -2.177160316887997    
  -2.136573198831708    
  -2.078014283438154    
  -2.031951780580850    
  -2.018633747236736    
  -2.007857049533318    
  -1.969932671581470    
  -1.929135760934709    
  -1.921338401835077    
  -1.929380455110591    
  -1.912355601786055    
  -1.877003309989558    
  -1.864165747433588    
  -1.876576123324354    
  -1.876781890729460    
  -1.854067466877271    
  -1.838832435918770    
  -1.845291495281835    
  -1.850383653092396    
  -1.840307237949521    
  -1.832306126190605    
  -1.836479240711147    
  -1.837489582839253    
  -1.829223236430376    
  -1.828718674249219    
  -1.840001540168659    
  -1.841987743884432    
  -1.829187904852652    
  -1.826431885683400    
  -1.843743453452225    
  -1.854757160935755    
  -1.843359473051959    
  -1.834362482182005    
  -1.849515624332851    
  -1.868080908924956    
  -1.864445422421021    
  -1.853986701361822    
  -1.864042207247403    
  -1.884719346270495    
  -1.888812688847768    
  -1.881406315687623    
  -1.888372720495015    
  -1.908547949302789    
  -1.918144286393464    
  -1.915407592012118    
  -1.921789788661265    
  -1.941190435670833    
  -1.954621814827585    
  -1.956802942779129    
  -1.964418929348036    
  -1.983651684399422    
  -2.000024929343362    
  -2.006978947898368    
  -2.017089351824742    
  -2.037036584650874    
  -2.055971978683135    
  -2.067421477523233    
  -2.080850732520272    
  -2.102438508320229    
  -2.123908386077250    
  -2.139514119787197    
  -2.156604412494217    
  -2.180470220974196    
  -2.204480339554631    
  -2.223745401361826    
  -2.244239008956575    
  -2.270312959005862    
  -2.296287237544926    
  -2.317973960048862    
  -2.340391033686733    
  -2.366974584860157    
  -2.392462722780646    
  -2.413036137792234    
  -2.432818044753216    
  -2.454170965654207    
  -2.471638377564345    
  -2.481137788335258    
  -2.485408143379172    
  -2.484976686532327    
  -2.472923234111786    
  -2.443334605321397    
  -2.395722284989197    
  -2.326253736239631    
  -2.223023000025980    
  -2.073729874547126    
  -1.868850154095282    
  -1.592577997809533    
  -1.218173907080739    
 -0.7148372385961703    
 -0.4990345788605750E-01
  0.8194796677880142    
   1.947777427716614    
   3.388018985079395    
   5.178096384154094    
   7.329016155340748    
   9.798433892870053    
   12.45199426494320    
   15.04806228475602    
   17.27498608242866    
   18.83332417190565    
   19.53059017784541    
   19.34699208157052    
   18.43246980243617    
   17.03092801118749    
   15.38503783750479    
   13.68382610704095    
   12.05729759560281    
   10.58121739765297    
   9.281428394297993    
   8.153707865151027    
   7.189122971378283    
   6.376881309551770    
   5.693844127661182    
   5.112837390304374    
   4.620970438488751    
   4.213230274804077    
   3.872399629669034    
   3.576214906892047    
   3.320798338421701    
   3.112999927973025    
   2.941990963161026    
   2.785588959943417    
   2.643537687202530    
   2.533048871083804    
   2.449308731540719    
   2.365544703837257    
   2.278332269847631    
   2.213863022619458    
   2.177160316887997    
   2.136573198831708    
   2.078014283438154    
   2.031951780580850    
   2.018633747236736    
   2.007857049533318    
   1.969932671581470    
   1.929135760934709    
   1.921338401835077    
   1.929380455110591    
   1.912355601786055    
   1.877003309989558    
   1.864165747433588    
   1.876576123324354    
   1.876781890729460    
   1.854067466877271    
   1.838832435918770    
   1.845291495281835    
   1.850383653092396    
   1.840307237949521    
   1.832306126190605    
   1.836479240711147    
   1.837489582839253    
   1.829223236430376    
   1.828718674249219    
   1.840001540168659    
   1.841987743884432    
   1.829187904852652    
   1.826431885683400    
   1.843743453452225    
   1.854757160935755    
   1.843359473051959    
   1.834362482182005    
   1.849515624332851    
   1.868080908924956    
   1.864445422421021    
   1.853986701361822    
   1.864042207247403    
   1.884719346270495    
   1.888812688847768    
   1.881406315687623    
   1.888372720495015    
   1.908547949302789    
   1.918144286393464    
   1.915407592012118    
   1.921789788661265    
   1.941190435670833    
   1.954621814827585    
   1.956802942779129    
   1.964418929348036    
   1.983651684399422    
   2.000024929343362    
   2.006978947898368    
   2.017089351824742    
   2.037036584650874    
   2.055971978683135    
   2.067421477523233    
