  0.2791122960255524    
  0.2802721682589550    
  0.2814408273770649    
  0.2826183533059636    
  0.2838048275464564    
  0.2850003332033130    
  0.2862049550152511    
  0.2874187793856680    
  0.2886418944141548    
  0.2898743899288145    
  0.2911163575193927    
  0.2923678905712311    
  0.2936290843000873    
  0.2949000357878437    
  0.2961808440191201    
  0.2974716099187947    
  0.2987724363904673    
  0.3000834283558707    
  0.3014046927952367    
  0.3027363387886188    
  0.3040784775582090    
  0.3054312225116744    
  0.3067946892865278    
  0.3081689957955570    
  0.3095542622733586    
  0.3109506113239923    
  0.3123581679697507    
  0.3137770597010354    
  0.3152074165273606    
  0.3166493710295021    
  0.3181030584128022    
  0.3195686165616498    
  0.3210461860951770    
  0.3225359104241824    
  0.3240379358092702    
  0.3255524114201717    
  0.3270794893962446    
  0.3286193249081370    
  0.3301720762206191    
  0.3317379047566046    
  0.3333169751624054    
  0.3349094553742165    
  0.3365155166857884    
  0.3381353338172050    
  0.3397690849846961    
  0.3414169519714063    
  0.3430791201990688    
  0.3447557788005653    
  0.3464471206933855    
  0.3481533426539364    
  0.3498746453925932    
  0.3516112336293084    
  0.3533633161696100    
  0.3551311059808248    
  0.3569148202684000    
  0.3587146805522243    
  0.3605309127428109    
  0.3623637472170946    
  0.3642134188935042    
  0.3660801673059483    
  0.3679642366764040    
  0.3698658759857905    
  0.3717853390428145    
  0.3737228845504098    
  0.3756787761692949    
  0.3776532825779987    
  0.3796466775286425    
  0.3816592398977710    
  0.3836912537315741    
  0.3857430082847350    
  0.3878147980519884    
  0.3899069227913278    
  0.3920196875377087    
  0.3941534026059845    
  0.3963083835817233    
  0.3984849512984197    
  0.4006834317994286    
  0.4029041562826449    
  0.4051474610257352    
  0.4074136872895943    
  0.4097031811975965    
  0.4120162935879175    
  0.4143533798358568    
  0.4167147996427132    
  0.4191009167874323    
  0.4215120988368068    
  0.4239487168095544    
  0.4264111447891383    
  0.4288997594797013    
  0.4314149396988649    
  0.4339570658005302    
  0.4365265190201767    
  0.4391236807344430    
  0.4417489316258115    
  0.4444026507421561    
  0.4470852144398274    
  0.4497969951978578    
  0.4525383602896191    
  0.4553096702969738    
  0.4581112774505428    
  0.4609435237780956    
  0.4638067390410627    
  0.4667012384370532    
  0.4696273200441465    
  0.4725852619804832    
  0.4755753192500821    
  0.4785977202430047    
  0.4816526628551572    
  0.4847403101899665    
  0.4878607858005398    
  0.4910141684268708    
  0.4942004861786180    
  0.4974197101100875    
  0.5006717471299112    
  0.5039564321834290    
  0.5072735196410623    
  0.5106226738211994    
  0.5140034585711573    
  0.5174153258249937    
  0.5208576030527382    
  0.5243294795122035    
  0.5278299912115993    
  0.5313580044887531    
  0.5349121981114895    
  0.5384910438045107    
  0.5420927851115112    
  0.5457154145077781    
  0.5493566486886077    
  0.5530139019730352    
  0.5566842577815911    
  0.5603644381730757    
  0.5640507714607248    
  0.5677391579734885    
  0.5714250340834579    
  0.5751033346873639    
  0.5787684544120780    
  0.5824142079140511    
  0.5860337897607544    
  0.5896197345177543    
  0.5931638778192722    
  0.5966573193750417    
  0.6000903890610629    
  0.6034526174517997    
  0.6067327123707847    
  0.6099185432599246    
  0.6129971353864171    
  0.6159546761057875    
  0.6187765355614928    
  0.6214473043059151    
  0.6239508503523067    
  0.6262703980858330    
  0.6283886312444535    
  0.6302878217993040    
  0.6319499859978732    
  0.6333570680667991    
  0.6344911510982710    
  0.6353346934734141    
  0.6358707878380133    
  0.6360834381946721    
  0.6359578491868914    
  0.6354807202203050    
  0.6346405358080875    
  0.6334278425657606    
  0.6318355027361766    
  0.6298589140996979    
  0.6274961866868434    
  0.6247482678877514    
  0.6216190093189427    
  0.6181151710780511    
  0.6142463616511202    
  0.6100249145539637    
  0.6054657055872162    
  0.6005859171601894    
  0.5954047583055049    
  0.5899431506177936    
  0.5842233913153975    
  0.5782688049169976    
  0.5721033946768909    
  0.5657515040129839    
  0.5592374968077007    
  0.5525854638047929    
  0.5458189605119959    
  0.5389607801866649    
  0.5320327637419328    
  0.5250556468501691    
  0.5180489431974220    
  0.5110308617898887    
  0.5040182554390504    
  0.4970265970411850    
  0.4900699799893854    
  0.4831611389747977    
  0.4763114875108376    
  0.4695311687130975    
  0.4628291161526789    
  0.4562131219375810    
  0.4496899095368319    
  0.4432652092240856    
  0.4369438343678041    
  0.4307297571241856    
  0.4246261823895277    
  0.4186356191356433    
  0.4127599484832207    
  0.4070004880641794    
  0.4013580523877061    
  0.3958330090590011    
  0.3904253308082810    
  0.3851346433730768    
  0.3799602693421258    
  0.3749012681169229    
  0.3699564721804052    
  0.3651245198841080    
  0.3604038849779598    
  0.3557929031125170    
  0.3512897955435516    
  0.3468926902646532    
  0.3425996407859615    
  0.3384086427671434    
  0.3343176487011941    
  0.3303245808332480    
  0.3264273424859021    
  0.3226238279498164    
  0.3189119310859035    
  0.3152895527733092    
  0.3117546073258353    
  0.3083050279884315    
  0.3049387716150456    
  0.3016538226194257    
  0.2984481962815401    
  0.2953199414840237    
  0.2922671429455725    
  0.2892879230113343    
  0.2863804430541184    
  0.2835429045345352    
  0.2807735497630617    
  0.2780706624023512    
  0.2754325677439229    
  0.2728576327895278    
  0.2703442661641020    
  0.2678909178841645    
  0.2654960790027976    
  0.2631582811498842    
  0.2608760959841000    
  0.2586481345712142    
  0.2564730467015262    
  0.2543495201576790    
  0.2522762799427231    
  0.2502520874770668    
  0.2482757397718796    
  0.2463460685855225    
  0.2444619395687254    
  0.2426222514034647    
  0.2408259349398431    
  0.2390719523346487    
  0.2373592961947451    
  0.2356869887279691    
  0.2340540809038142    
  0.2324596516258051    
  0.2309028069171558    
  0.2293826791210057    
  0.2278984261163275    
  0.2264492305503380    
  0.2250342990880901    
  0.2236528616797415    
  0.2223041708458698    
  0.2209875009810575    
  0.2197021476758780    
  0.2184474270573092    
  0.2172226751475398    
  0.2160272472410405    
  0.2148605172997300    
  0.2137218773660088    
  0.2126107369934032    
  0.2115265226945217    
  0.2104686774059931    
  0.2094366599700392    
  0.2084299446323277    
  0.2074480205557160    
  0.2064903913494985    
  0.2055565746137592    
  0.2046461014984455    
  0.2037585162767576    
  0.2028933759324528    
  0.2020502497606586    
  0.2012287189818098    
  0.2004283763683126    
  0.1996488258835506    
  0.1988896823328383    
  0.1981505710259538    
  0.1974311274508777    
  0.1967309969583805    
  0.1960498344571018    
  0.1953873041187893    
  0.1947430790933529    
  0.1941168412334156    
  0.1935082808280452    
  0.1929170963453705    
  0.1923429941837782    
  0.1917856884314009    
  0.1912449006336140    
  0.1907203595682820    
  0.1902118010284821    
  0.1897189676124461    
  0.1892416085204792    
  0.1887794793586192    
  0.1883323419488062    
  0.1878999641453344    
  0.1874821196573755    
  0.1870785878773796    
  0.1866891537151474    
  0.1863136074373758    
  0.1859517445124872    
  0.1856033654605776    
  0.1852682757083094    
  0.1849462854485721    
  0.1846372095047424    
  0.1843408671994005    
  0.1840570822273521    
  0.1837856825328069    
  0.1835265001905640    
  0.1832793712910803    
  0.1830441358292969    
  0.1828206375970898    
  0.1826087240792188    
  0.1824082463526700    
  0.1822190589892804    
  0.1820410199615282    
  0.1818739905513772    
  0.1817178352620838    
  0.1815724217328731    
  0.1814376206563826    
  0.1813133056987736    
  0.1811993534224289    
  0.1810956432111620    
  0.1810020571978493    
  0.1809184801943962    
  0.1808447996239642    
  0.1807809054553975    
  0.1807266901397717    
  0.1806820485489868    
  0.1806468779163419    
  0.1806210777790284    
  0.1806045499224830    
  0.1805971983265288    
  0.1805989291132505    
  0.1806096504965556    
  0.1806292727333625    
  0.1806577080763541    
  0.1806948707282542    
  0.1807406767975799    
  0.1807950442558249    
  0.1808578928960141    
  0.1809291442925907    
  0.1810087217625985    
  0.1810965503281162    
  0.1811925566798963    
  0.1812966691421663    
  0.1814088176385597    
  0.1815289336591460    
  0.1816569502285158    
  0.1817928018748912    
  0.1819364246002245    
  0.1820877558512590    
  0.1822467344915141    
  0.1824133007741746    
  0.1825873963158509    
  0.1827689640711802    
  0.1829579483082394    
  0.1831542945847464    
  0.1833579497250273    
  0.1835688617977194    
  0.1837869800941841    
  0.1840122551076140    
  0.1842446385128123    
  0.1844840831466175    
  0.1847305429889462    
  0.1849839731444476    
  0.1852443298247546    
  0.1855115703313060    
  0.1857856530387090    
  0.1860665373786390    
  0.1863541838242659    
  0.1866485538751873    
  0.1869496100428385    
  0.1872573158363673    
  0.1875716357489770    
  0.1878925352447152    
  0.1882199807456870    
  0.1885539396196808    
  0.1888943801682046    
  0.1892412716149243    
  0.1895945840944771    
  0.1899542886416545    
  0.1903203571809520    
  0.1906927625164770    
  0.1910714783221922    
  0.1914564791324874    
  0.1918477403330805    
  0.1922452381522393    
  0.1926489496523074    
  0.1930588527215240    
  0.1934749260661404    
  0.1938971492028220    
  0.1943255024513282    
  0.1947599669274610    
  0.1952005245362834    
  0.1956471579656015    
  0.1960998506796973    
  0.1965585869133098    
  0.1970233516658669    
  0.1974941306959608    
  0.1979709105160562    
  0.1984536783874263    
  0.1989424223153232    
  0.1994371310443760    
  0.1999377940542034    
  0.2004444015552388    
  0.2009569444847769    
  0.2014754145032303    
  0.2019998039905949    
  0.2025301060431171    
  0.2030663144701702    
  0.2036084237913374    
  0.2041564292336911    
  0.2047103267292730    
  0.2052701129127769    
  0.2058357851194299    
  0.2064073413830637    
  0.2069847804343763    
  0.2075681016993949    
  0.2081573052981283    
  0.2087523920434029    
  0.2093533634398853    
  0.2099602216833052    
  0.2105729696598654    
  0.2111916109458404    
  0.2118161498073656    
  0.2124465912004332    
  0.2130829407710848    
  0.2137252048557862    
  0.2143733904819952    
  0.2150275053689381    
  0.2156875579285825    
  0.2163535572667906    
  0.2170255131846541    
  0.2177034361800378    
  0.2183873374493248    
  0.2190772288893502    
  0.2197731230995267    
  0.2204750333841898    
  0.2211829737551609    
  0.2218969589345179    
  0.2226170043575702    
  0.2233431261760595    
  0.2240753412615872    
  0.2248136672092496    
  0.2255581223414794    
  0.2263087257121144    
  0.2270654971106930    
  0.2278284570669664    
  0.2285976268556260    
  0.2293730285012741    
  0.2301546847836440    
  0.2309426192430594    
  0.2317368561861290    
  0.2325374206917051    
  0.2333443386171099    
  0.2341576366046195    
  0.2349773420881925    
  0.2358034833004664    
  0.2366360892800292    
  0.2374751898789552    
  0.2383208157706042    
  0.2391729984577045    
  0.2400317702807342    
  0.2408971644265958    
  0.2417692149375796    
  0.2426479567206383    
  0.2435334255569853    
  0.2444256581120088    
  0.2453246919454980    
  0.2462305655222007    
  0.2471433182227207    
  0.2480629903547594    
  0.2489896231646900    
  0.2499232588494910    
  0.2508639405690483    
  0.2518117124588272    
  0.2527666196429176    
  0.2537287082474664    
  0.2546980254145072    
  0.2556746193161877    
  0.2566585391694012    
  0.2576498352508387    
  0.2586485589124737    
  0.2596547625974804    
  0.2606684998565926    
  0.2616898253649297    
  0.2627187949392942    
  0.2637554655559522    
  0.2647998953688977    
  0.2658521437286244    
  0.2669122712014110    
  0.2679803395891221    
  0.2690564119495379    
  0.2701405526172375    
  0.2712328272250393    
  0.2723333027259999    
  0.2734420474159837    
  0.2745591309568404    
  0.2756846244002014    
  0.2768186002118967    
  0.2779611322970007    
  0.2791122960255524    
  0.2802721682589550    
  0.2814408273770649    
  0.2826183533059636    
  0.2838048275464564    
  0.2850003332033130    
  0.2862049550152511    
  0.2874187793856680    
  0.2886418944141548    
  0.2898743899288145    
  0.2911163575193927    
  0.2923678905712311    
  0.2936290843000873    
  0.2949000357878437    
  0.2961808440191201    
  0.2974716099187947    
  0.2987724363904673    
  0.3000834283558707    
  0.3014046927952367    
  0.3027363387886188    
  0.3040784775582090    
  0.3054312225116744    
  0.3067946892865278    
  0.3081689957955570    
  0.3095542622733586    
  0.3109506113239923    
  0.3123581679697507    
  0.3137770597010354    
  0.3152074165273606    
  0.3166493710295021    
  0.3181030584128022    
  0.3195686165616498    
  0.3210461860951770    
  0.3225359104241824    
  0.3240379358092702    
  0.3255524114201717    
  0.3270794893962446    
  0.3286193249081370    
  0.3301720762206191    
  0.3317379047566046    
  0.3333169751624054    
  0.3349094553742165    
  0.3365155166857884    
  0.3381353338172050    
  0.3397690849846961    
  0.3414169519714063    
  0.3430791201990688    
  0.3447557788005653    
  0.3464471206933855    
  0.3481533426539364    
  0.3498746453925932    
  0.3516112336293084    
  0.3533633161696100    
  0.3551311059808248    
  0.3569148202684000    
  0.3587146805522243    
  0.3605309127428109    
  0.3623637472170946    
  0.3642134188935042    
  0.3660801673059483    
  0.3679642366764040    
  0.3698658759857905    
  0.3717853390428145    
  0.3737228845504098    
  0.3756787761692949    
  0.3776532825779987    
  0.3796466775286425    
  0.3816592398977710    
  0.3836912537315741    
  0.3857430082847350    
  0.3878147980519884    
  0.3899069227913278    
  0.3920196875377087    
  0.3941534026059845    
  0.3963083835817233    
  0.3984849512984197    
  0.4006834317994286    
  0.4029041562826449    
  0.4051474610257352    
  0.4074136872895943    
  0.4097031811975965    
  0.4120162935879175    
  0.4143533798358568    
  0.4167147996427132    
  0.4191009167874323    
  0.4215120988368068    
  0.4239487168095544    
  0.4264111447891383    
  0.4288997594797013    
  0.4314149396988649    
  0.4339570658005302    
  0.4365265190201767    
  0.4391236807344430    
  0.4417489316258115    
  0.4444026507421561    
  0.4470852144398274    
  0.4497969951978578    
  0.4525383602896191    
  0.4553096702969738    
  0.4581112774505428    
  0.4609435237780956    
  0.4638067390410627    
  0.4667012384370532    
  0.4696273200441465    
  0.4725852619804832    
  0.4755753192500821    
  0.4785977202430047    
  0.4816526628551572    
  0.4847403101899665    
  0.4878607858005398    
  0.4910141684268708    
  0.4942004861786180    
  0.4974197101100875    
  0.5006717471299112    
  0.5039564321834290    
  0.5072735196410623    
  0.5106226738211994    
  0.5140034585711573    
  0.5174153258249937    
  0.5208576030527382    
  0.5243294795122035    
  0.5278299912115993    
  0.5313580044887531    
  0.5349121981114895    
  0.5384910438045107    
  0.5420927851115112    
  0.5457154145077781    
  0.5493566486886077    
  0.5530139019730352    
  0.5566842577815911    
  0.5603644381730757    
  0.5640507714607248    
  0.5677391579734885    
  0.5714250340834579    
  0.5751033346873639    
  0.5787684544120780    
  0.5824142079140511    
  0.5860337897607544    
  0.5896197345177543    
  0.5931638778192722    
  0.5966573193750417    
  0.6000903890610629    
  0.6034526174517997    
  0.6067327123707847    
  0.6099185432599246    
  0.6129971353864171    
  0.6159546761057875    
  0.6187765355614928    
  0.6214473043059151    
  0.6239508503523067    
  0.6262703980858330    
  0.6283886312444535    
  0.6302878217993040    
  0.6319499859978732    
  0.6333570680667991    
  0.6344911510982710    
  0.6353346934734141    
  0.6358707878380133    
  0.6360834381946721    
  0.6359578491868914    
  0.6354807202203050    
  0.6346405358080875    
  0.6334278425657606    
  0.6318355027361766    
  0.6298589140996979    
  0.6274961866868434    
  0.6247482678877514    
  0.6216190093189427    
  0.6181151710780511    
  0.6142463616511202    
  0.6100249145539637    
  0.6054657055872162    
  0.6005859171601894    
  0.5954047583055049    
  0.5899431506177936    
  0.5842233913153975    
  0.5782688049169976    
  0.5721033946768909    
  0.5657515040129839    
  0.5592374968077007    
  0.5525854638047929    
  0.5458189605119959    
  0.5389607801866649    
  0.5320327637419328    
  0.5250556468501691    
  0.5180489431974220    
  0.5110308617898887    
  0.5040182554390504    
  0.4970265970411850    
  0.4900699799893854    
  0.4831611389747977    
  0.4763114875108376    
  0.4695311687130975    
  0.4628291161526789    
  0.4562131219375810    
  0.4496899095368319    
  0.4432652092240856    
  0.4369438343678041    
  0.4307297571241856    
  0.4246261823895277    
  0.4186356191356433    
  0.4127599484832207    
  0.4070004880641794    
  0.4013580523877061    
  0.3958330090590011    
  0.3904253308082810    
  0.3851346433730768    
  0.3799602693421258    
  0.3749012681169229    
  0.3699564721804052    
  0.3651245198841080    
  0.3604038849779598    
  0.3557929031125170    
  0.3512897955435516    
  0.3468926902646532    
  0.3425996407859615    
  0.3384086427671434    
  0.3343176487011941    
  0.3303245808332480    
  0.3264273424859021    
  0.3226238279498164    
  0.3189119310859035    
  0.3152895527733092    
  0.3117546073258353    
  0.3083050279884315    
  0.3049387716150456    
  0.3016538226194257    
  0.2984481962815401    
  0.2953199414840237    
  0.2922671429455725    
  0.2892879230113343    
  0.2863804430541184    
  0.2835429045345352    
  0.2807735497630617    
  0.2780706624023512    
  0.2754325677439229    
  0.2728576327895278    
  0.2703442661641020    
  0.2678909178841645    
  0.2654960790027976    
  0.2631582811498842    
  0.2608760959841000    
  0.2586481345712142    
  0.2564730467015262    
  0.2543495201576790    
  0.2522762799427231    
  0.2502520874770668    
  0.2482757397718796    
  0.2463460685855225    
  0.2444619395687254    
  0.2426222514034647    
  0.2408259349398431    
  0.2390719523346487    
  0.2373592961947451    
  0.2356869887279691    
  0.2340540809038142    
  0.2324596516258051    
  0.2309028069171558    
  0.2293826791210057    
  0.2278984261163275    
  0.2264492305503380    
  0.2250342990880901    
  0.2236528616797415    
  0.2223041708458698    
  0.2209875009810575    
  0.2197021476758780    
  0.2184474270573092    
  0.2172226751475398    
  0.2160272472410405    
  0.2148605172997300    
  0.2137218773660088    
  0.2126107369934032    
  0.2115265226945217    
  0.2104686774059931    
  0.2094366599700392    
  0.2084299446323277    
  0.2074480205557160    
  0.2064903913494985    
  0.2055565746137592    
  0.2046461014984455    
  0.2037585162767576    
  0.2028933759324528    
  0.2020502497606586    
  0.2012287189818098    
  0.2004283763683126    
  0.1996488258835506    
  0.1988896823328383    
  0.1981505710259538    
  0.1974311274508777    
  0.1967309969583805    
  0.1960498344571018    
  0.1953873041187893    
  0.1947430790933529    
  0.1941168412334156    
  0.1935082808280452    
  0.1929170963453705    
  0.1923429941837782    
  0.1917856884314009    
  0.1912449006336140    
  0.1907203595682820    
  0.1902118010284821    
  0.1897189676124461    
  0.1892416085204792    
  0.1887794793586192    
  0.1883323419488062    
  0.1878999641453344    
  0.1874821196573755    
  0.1870785878773796    
  0.1866891537151474    
  0.1863136074373758    
  0.1859517445124872    
  0.1856033654605776    
  0.1852682757083094    
  0.1849462854485721    
  0.1846372095047424    
  0.1843408671994005    
  0.1840570822273521    
  0.1837856825328069    
  0.1835265001905640    
  0.1832793712910803    
  0.1830441358292969    
  0.1828206375970898    
  0.1826087240792188    
  0.1824082463526700    
  0.1822190589892804    
  0.1820410199615282    
  0.1818739905513772    
  0.1817178352620838    
  0.1815724217328731    
  0.1814376206563826    
  0.1813133056987736    
  0.1811993534224289    
  0.1810956432111620    
  0.1810020571978493    
  0.1809184801943962    
  0.1808447996239642    
  0.1807809054553975    
  0.1807266901397717    
  0.1806820485489868    
  0.1806468779163419    
  0.1806210777790284    
  0.1806045499224830    
  0.1805971983265288    
  0.1805989291132505    
  0.1806096504965556    
  0.1806292727333625    
  0.1806577080763541    
  0.1806948707282542    
  0.1807406767975799    
  0.1807950442558249    
  0.1808578928960141    
  0.1809291442925907    
  0.1810087217625985    
  0.1810965503281162    
  0.1811925566798963    
  0.1812966691421663    
  0.1814088176385597    
  0.1815289336591460    
  0.1816569502285158    
  0.1817928018748912    
  0.1819364246002245    
  0.1820877558512590    
  0.1822467344915141    
  0.1824133007741746    
  0.1825873963158509    
  0.1827689640711802    
  0.1829579483082394    
  0.1831542945847464    
  0.1833579497250273    
  0.1835688617977194    
  0.1837869800941841    
  0.1840122551076140    
  0.1842446385128123    
  0.1844840831466175    
  0.1847305429889462    
  0.1849839731444476    
  0.1852443298247546    
  0.1855115703313060    
  0.1857856530387090    
  0.1860665373786390    
  0.1863541838242659    
  0.1866485538751873    
  0.1869496100428385    
  0.1872573158363673    
  0.1875716357489770    
  0.1878925352447152    
  0.1882199807456870    
  0.1885539396196808    
  0.1888943801682046    
  0.1892412716149243    
  0.1895945840944771    
  0.1899542886416545    
  0.1903203571809520    
  0.1906927625164770    
  0.1910714783221922    
  0.1914564791324874    
  0.1918477403330805    
  0.1922452381522393    
  0.1926489496523074    
  0.1930588527215240    
  0.1934749260661404    
  0.1938971492028220    
  0.1943255024513282    
  0.1947599669274610    
  0.1952005245362834    
  0.1956471579656015    
  0.1960998506796973    
  0.1965585869133098    
  0.1970233516658669    
  0.1974941306959608    
  0.1979709105160562    
  0.1984536783874263    
  0.1989424223153232    
  0.1994371310443760    
  0.1999377940542034    
  0.2004444015552388    
  0.2009569444847769    
  0.2014754145032303    
  0.2019998039905949    
  0.2025301060431171    
  0.2030663144701702    
  0.2036084237913374    
  0.2041564292336911    
  0.2047103267292730    
  0.2052701129127769    
  0.2058357851194299    
  0.2064073413830637    
  0.2069847804343763    
  0.2075681016993949    
  0.2081573052981283    
  0.2087523920434029    
  0.2093533634398853    
  0.2099602216833052    
  0.2105729696598654    
  0.2111916109458404    
  0.2118161498073656    
  0.2124465912004332    
  0.2130829407710848    
  0.2137252048557862    
  0.2143733904819952    
  0.2150275053689381    
  0.2156875579285825    
  0.2163535572667906    
  0.2170255131846541    
  0.2177034361800378    
  0.2183873374493248    
  0.2190772288893502    
  0.2197731230995267    
  0.2204750333841898    
  0.2211829737551609    
  0.2218969589345179    
  0.2226170043575702    
  0.2233431261760595    
  0.2240753412615872    
  0.2248136672092496    
  0.2255581223414794    
  0.2263087257121144    
  0.2270654971106930    
  0.2278284570669664    
  0.2285976268556260    
  0.2293730285012741    
  0.2301546847836440    
  0.2309426192430594    
  0.2317368561861290    
  0.2325374206917051    
  0.2333443386171099    
  0.2341576366046195    
  0.2349773420881925    
  0.2358034833004664    
  0.2366360892800292    
  0.2374751898789552    
  0.2383208157706042    
  0.2391729984577045    
  0.2400317702807342    
  0.2408971644265958    
  0.2417692149375796    
  0.2426479567206383    
  0.2435334255569853    
  0.2444256581120088    
  0.2453246919454980    
  0.2462305655222007    
  0.2471433182227207    
  0.2480629903547594    
  0.2489896231646900    
  0.2499232588494910    
  0.2508639405690483    
  0.2518117124588272    
  0.2527666196429176    
  0.2537287082474664    
  0.2546980254145072    
  0.2556746193161877    
  0.2566585391694012    
  0.2576498352508387    
  0.2586485589124737    
  0.2596547625974804    
  0.2606684998565926    
  0.2616898253649297    
  0.2627187949392942    
  0.2637554655559522    
  0.2647998953688977    
  0.2658521437286244    
  0.2669122712014110    
  0.2679803395891221    
  0.2690564119495379    
  0.2701405526172375    
  0.2712328272250393    
  0.2723333027259999    
  0.2734420474159837    
  0.2745591309568404    
  0.2756846244002014    
  0.2768186002118967    
  0.2779611322970007    
