  0.3687179836313730    
  0.3688091794572108    
  0.3688755986966372    
  0.3689172402256529    
  0.3689341092896166    
  0.3689262175145129    
  0.3688935829131776    
  0.3688362298909488    
  0.3687541892470896    
  0.3686474981673948    
  0.3685162002115701    
  0.3683603452998485    
  0.3681799896950995    
  0.3679751959758648    
  0.3677460330040469    
  0.3674925758917900    
  0.3672149059637650    
  0.3669131107102594    
  0.3665872837348767    
  0.3662375247015159    
  0.3658639392768992    
  0.3654666390639645    
  0.3650457415298842    
  0.3646013699335566    
  0.3641336532490336    
  0.3636427260801334    
  0.3631287285697758    
  0.3625918063089684    
  0.3620321102423334    
  0.3614497965655211    
  0.3608450266175934    
  0.3602179667731051    
  0.3595687883313414    
  0.3588976673985982    
  0.3582047847661360    
  0.3574903257876969    
  0.3567544802543932    
  0.3559974422640528    
  0.3552194100877891    
  0.3544205860363123    
  0.3536011763230238    
  0.3527613909223615    
  0.3519014434277652    
  0.3510215509109398    
  0.3501219337771744    
  0.3492028156149367    
  0.3482644230466829    
  0.3473069855843426    
  0.3463307354823604    
  0.3453359075832665    
  0.3443227391627302    
  0.3432914697813378    
  0.3422423411386482    
  0.3411755969220238    
  0.3400914826521477    
  0.3389902455315001    
  0.3378721342965841    
  0.3367373990716876    
  0.3355862912240646    
  0.3344190632188901    
  0.3332359684707976    
  0.3320372611956299    
  0.3308231962714273    
  0.3295940291080703    
  0.3283500155134043    
  0.3270914115507667    
  0.3258184733985401    
  0.3245314572211763    
  0.3232306190474414    
  0.3219162146486045    
  0.3205884994168678    
  0.3192477282445236    
  0.3178941554005295    
  0.3165280344083818    
  0.3151496179371556    
  0.3137591577064580    
  0.3123569043896253    
  0.3109431075054161    
  0.3095180153080710    
  0.3080818746876242    
  0.3066349310788961    
  0.3051774283751275    
  0.3037096088496218    
  0.3022317130833787    
  0.3007439798858056    
  0.2992466462044355    
  0.2977399470389993    
  0.2962241153728882    
  0.2946993821155413    
  0.2931659760455151    
  0.2916241237561656    
  0.2900740496051308    
  0.2885159756575452    
  0.2869501216193393    
  0.2853767047759077    
  0.2837959399491300    
  0.2822080394650652    
  0.2806132131208592    
  0.2790116681540360    
  0.2774036092174736    
  0.2757892383491352    
  0.2741687549293811    
  0.2725423556393280    
  0.2709102344345069    
  0.2692725825280018    
  0.2676295883732145    
  0.2659814376521972    
  0.2643283132753353    
  0.2626703953796969    
  0.2610078613134299    
  0.2593408856155159    
  0.2576696400045095    
  0.2559942933710904    
  0.2543150117658943    
  0.2526319583927639    
  0.2509452936189738    
  0.2492551749920077    
  0.2475617572475908    
  0.2458651923146868    
  0.2441656293286329    
  0.2424632146438017    
  0.2407580918331656    
  0.2390504016846045    
  0.2373402822099626    
  0.2356278686607691    
  0.2339132935370658    
  0.2321966865970540    
  0.2304781748818294    
  0.2287578827464409    
  0.2270359318799957    
  0.2253124413206309    
  0.2235875274805786    
  0.2218613041742277    
  0.2201338826325518    
  0.2184053715111591    
  0.2166758769103945    
  0.2149455024023850    
  0.2132143490476439    
  0.2114825154074765    
  0.2097500975710695    
  0.2080171891917906    
  0.2062838815126014    
  0.2045502633846610    
  0.2028164212986401    
  0.2010824394240076    
  0.1993483996347454    
  0.1976143815247939    
  0.1958804624349799    
  0.1941467174889389    
  0.1924132196156254    
  0.1906800395606974    
  0.1889472459106853    
  0.1872149051294572    
  0.1854830815827956    
  0.1837518375509677    
  0.1820212332546092    
  0.1802913268954867    
  0.1785621746857147    
  0.1768338308620270    
  0.1751063477119092    
  0.1733797756163287    
  0.1716541630809241    
  0.1699295567484465    
  0.1682060014207987    
  0.1664835401001664    
  0.1647622140202101    
  0.1630420626551664    
  0.1613231237360644    
  0.1596054332895593    
  0.1578890256706126    
  0.1561739335703984    
  0.1544601880275791    
  0.1527478184655467    
  0.1510368527291548    
  0.1493273170946479    
  0.1476192362769060    
  0.1459126334642009    
  0.1442075303596422    
  0.1425039471954891    
  0.1408019027364725    
  0.1391014143089392    
  0.1374024978450124    
  0.1357051679027841    
  0.1340094376665415    
  0.1323153189667110    
  0.1306228223227159    
  0.1289319569700642    
  0.1272427308606426    
  0.1255551506718802    
  0.1238692218432500    
  0.1221849486098657    
  0.1205023340082076    
  0.1188213798768109    
  0.1171420868816146    
  0.1154644545526580    
  0.1137884813002735    
  0.1121141644138484    
  0.1104415000738552    
  0.1087704833847267    
  0.1071011084024414    
  0.1054333681400959    
  0.1037672545696744    
  0.1021027586434660    
  0.1004398703272298    
  0.9877857861878114E-01
  0.9711887154828269E-01
  0.9546073618515510E-01
  0.9380415866612862E-01
  0.9214912422532007E-01
  0.9049561720328225E-01
  0.8884362104504268E-01
  0.8719311831440546E-01
  0.8554409072539565E-01
  0.8389651916402596E-01
  0.8225038368934801E-01
  0.8060566353519705E-01
  0.7896233713106943E-01
  0.7732038212944753E-01
  0.7567977541849458E-01
  0.7404049312284111E-01
  0.7240251061100911E-01
  0.7076580251508352E-01
  0.6913034275133662E-01
  0.6749610453190913E-01
  0.6586306036928802E-01
  0.6423118208224438E-01
  0.6260044081069255E-01
  0.6097080703732199E-01
  0.5934225060320880E-01
  0.5771474070953714E-01
  0.5608824591805939E-01
  0.5446273416820940E-01
  0.5283817280461434E-01
  0.5121452859057030E-01
  0.4959176770351298E-01
  0.4796985573707907E-01
  0.4634875772420055E-01
  0.4472843816297156E-01
  0.4310886102488376E-01
  0.4148998975340334E-01
  0.3987178727212198E-01
  0.3825421600338408E-01
  0.3663723788600937E-01
  0.3502081438846139E-01
  0.3340490651922234E-01
  0.3178947483262307E-01
  0.3017447943369062E-01
  0.2855987999356069E-01
  0.2694563577488140E-01
  0.2533170564801895E-01
  0.2371804808943284E-01
  0.2210462118139084E-01
  0.2049138263067746E-01
  0.1887828979405271E-01
  0.1726529969027429E-01
  0.1565236900301303E-01
  0.1403945409088569E-01
  0.1242651100300368E-01
  0.1081349548915522E-01
  0.9200363009016499E-02
  0.7587068750734005E-02
  0.5973567650891576E-02
  0.4359814401831974E-02
  0.2745763453578798E-02
  0.1131369028201767E-02
 -0.4834148561925766E-03
 -0.2098634369259889E-02
 -0.3714335860827811E-02
 -0.5330565847407653E-02
 -0.6947370991943647E-02
 -0.8564798089695458E-02
 -0.1018289405983852E-01
 -0.1180170592834878E-01
 -0.1342128080165073E-01
 -0.1504166584699335E-01
 -0.1666290828379902E-01
 -0.1828505537138070E-01
 -0.1990815438600557E-01
 -0.2153225259823971E-01
 -0.2315739725750365E-01
 -0.2478363557530616E-01
 -0.2641101470196361E-01
 -0.2803958170552834E-01
 -0.2966938355838294E-01
 -0.3130046712223944E-01
 -0.3293287912381437E-01
 -0.3456666612833215E-01
 -0.3620187452024076E-01
 -0.3783855048790463E-01
 -0.3947674000415291E-01
 -0.4111648880285368E-01
 -0.4275784235666058E-01
 -0.4440084585582849E-01
 -0.4604554418452689E-01
 -0.4769198189498508E-01
 -0.4934020318334853E-01
 -0.5099025186824813E-01
 -0.5264217136825855E-01
 -0.5429600467365647E-01
 -0.5595179431313779E-01
 -0.5760958232230551E-01
 -0.5926941021906557E-01
 -0.6093131898056026E-01
 -0.6259534901166952E-01
 -0.6426154010600671E-01
 -0.6592993141138392E-01
 -0.6760056140367943E-01
 -0.6927346785852517E-01
 -0.7094868781445429E-01
 -0.7262625753708618E-01
 -0.7430621249180258E-01
 -0.7598858731537117E-01
 -0.7767341577733577E-01
 -0.7936073074156003E-01
 -0.8105056414064071E-01
 -0.8274294695358475E-01
 -0.8443790916878147E-01
 -0.8613547973720492E-01
 -0.8783568653643248E-01
 -0.8953855634705427E-01
 -0.9124411482120043E-01
 -0.9295238643451226E-01
 -0.9466339443668664E-01
 -0.9637716081327063E-01
 -0.9809370625048253E-01
 -0.9981305009115043E-01
 -0.1015352102842972    
 -0.1032602033373775    
 -0.1049880442727287    
 -0.1067187465852331    
 -0.1084523222004166    
 -0.1101887814324102    
 -0.1119281329403883    
 -0.1136703836864796    
 -0.1154155388997820    
 -0.1171636020431936    
 -0.1189145747744763    
 -0.1206684569018275    
 -0.1224252463428405    
 -0.1241849390881522    
 -0.1259475291594929    
 -0.1277130085573428    
 -0.1294813672067602    
 -0.1312525929085551    
 -0.1330266712901567    
 -0.1348035857496688    
 -0.1365833173987185    
 -0.1383658450137988    
 -0.1401511449955273    
 -0.1419391913290060    
 -0.1437299555450824    
 -0.1455234066882167    
 -0.1473195112906389    
 -0.1491182333447517    
 -0.1509195342681995    
 -0.1527233728637949    
 -0.1545297052770924    
 -0.1563384849494245    
 -0.1581496625641026    
 -0.1599631859901836    
 -0.1617790002312542    
 -0.1635970473812338    
 -0.1654172665838725    
 -0.1672395939962095    
 -0.1690639627615493    
 -0.1708903029939699    
 -0.1727185417681705    
 -0.1745486031084771    
 -0.1763804079760847    
 -0.1782138742510477    
 -0.1800489166985164    
 -0.1818854469152930    
 -0.1837233732704187    
 -0.1855626008584146    
 -0.1874030314698831    
 -0.1892445635745281    
 -0.1910870923160461    
 -0.1929305095191254    
 -0.1947747037001100    
 -0.1966195600749811    
 -0.1984649605698841    
 -0.2003107838310652    
 -0.2021569052074054    
 -0.2040031966906417    
 -0.2058495268499537    
 -0.2076957608144154    
 -0.2095417603019900    
 -0.2113873836471738    
 -0.2132324858131747    
 -0.2150769184266712    
 -0.2169205298455706    
 -0.2187631652035398    
 -0.2206046663860946    
 -0.2224448719744234    
 -0.2242836172210942    
 -0.2261207340650060    
 -0.2279560511556580    
 -0.2297893938911751    
 -0.2316205844965778    
 -0.2334494421221431    
 -0.2352757829019029    
 -0.2370994199511247    
 -0.2389201633413067    
 -0.2407378200914463    
 -0.2425521941823031    
 -0.2443630866001847    
 -0.2461702954267166    
 -0.2479736159603556    
 -0.2497728408152422    
 -0.2515677599589268    
 -0.2533581607056805    
 -0.2551438277084490    
 -0.2569245429793179    
 -0.2587000859551902    
 -0.2604702336139140    
 -0.2622347606132038    
 -0.2639934393951908    
 -0.2657460402224050    
 -0.2674923311710633    
 -0.2692320781398041    
 -0.2709650449127845    
 -0.2726909932790966    
 -0.2744096831798812    
 -0.2761208728335469    
 -0.2778243187965868    
 -0.2795197759684989    
 -0.2812069976043265    
 -0.2828857353947931    
 -0.2845557396119933    
 -0.2862167592641600    
 -0.2878685422026035    
 -0.2895108351661704    
 -0.2911433837983719    
 -0.2927659326985740    
 -0.2943782255448013    
 -0.2959800052596411    
 -0.2975710141446214    
 -0.2991509939401356    
 -0.3007196858477230    
 -0.3022768305898058    
 -0.3038221685390177    
 -0.3053554398779152    
 -0.3068763847238243    
 -0.3083847431925808    
 -0.3098802554380944    
 -0.3113626617313243    
 -0.3128317026011571    
 -0.3142871189893677    
 -0.3157286523541521    
 -0.3171560447199270    
 -0.3185690387386604    
 -0.3199673778119250    
 -0.3213508062440420    
 -0.3227190693604596    
 -0.3240719135756547    
 -0.3254090864601580    
 -0.3267303368524745    
 -0.3280354150009459    
 -0.3293240726845472    
 -0.3305960632934700    
 -0.3318511419045846    
 -0.3330890653919527    
 -0.3343095925626485    
 -0.3355124842732113    
 -0.3366975035120552    
 -0.3378644154842325    
 -0.3390129877297292    
 -0.3401429902536552    
 -0.3412541956296890    
 -0.3423463790830228    
 -0.3434193185909216    
 -0.3444727950071715    
 -0.3455065921772946    
 -0.3465204970299676    
 -0.3475142996705418    
 -0.3484877934954257    
 -0.3494407753083411    
 -0.3503730454184770    
 -0.3512844077334281    
 -0.3521746698660513    
 -0.3530436432466626    
 -0.3538911432231506    
 -0.3547169891543196    
 -0.3555210045117068    
 -0.3563030169862672    
 -0.3570628585866618    
 -0.3578003657314404    
 -0.3585153793464648    
 -0.3592077449655875    
 -0.3598773128246116    
 -0.3605239379501008    
 -0.3611474802516714    
 -0.3617478046159270    
 -0.3623247809941801    
 -0.3628782844856819    
 -0.3634081954232982    
 -0.3639143994594864    
 -0.3643967876459961    
 -0.3648552565093630    
 -0.3652897081281394    
 -0.3657000502093189    
 -0.3660861961581547    
 -0.3664480651438005    
 -0.3667855821660929    
 -0.3670986781206001    
 -0.3673872898566224    
 -0.3676513602308709    
 -0.3678908381617589    
 -0.3681056786811643    
 -0.3682958429786514    
 -0.3684612984411490    
 -0.3686020186927630    
 -0.3687179836313730    
 -0.3688091794572108    
 -0.3688755986966372    
 -0.3689172402256529    
 -0.3689341092896166    
 -0.3689262175145129    
 -0.3688935829131776    
 -0.3688362298909488    
 -0.3687541892470896    
 -0.3686474981673948    
 -0.3685162002115701    
 -0.3683603452998485    
 -0.3681799896950995    
 -0.3679751959758648    
 -0.3677460330040469    
 -0.3674925758917900    
 -0.3672149059637650    
 -0.3669131107102594    
 -0.3665872837348767    
 -0.3662375247015159    
 -0.3658639392768992    
 -0.3654666390639645    
 -0.3650457415298842    
 -0.3646013699335566    
 -0.3641336532490336    
 -0.3636427260801334    
 -0.3631287285697758    
 -0.3625918063089684    
 -0.3620321102423334    
 -0.3614497965655211    
 -0.3608450266175934    
 -0.3602179667731051    
 -0.3595687883313414    
 -0.3588976673985982    
 -0.3582047847661360    
 -0.3574903257876969    
 -0.3567544802543932    
 -0.3559974422640528    
 -0.3552194100877891    
 -0.3544205860363123    
 -0.3536011763230238    
 -0.3527613909223615    
 -0.3519014434277652    
 -0.3510215509109398    
 -0.3501219337771744    
 -0.3492028156149367    
 -0.3482644230466829    
 -0.3473069855843426    
 -0.3463307354823604    
 -0.3453359075832665    
 -0.3443227391627302    
 -0.3432914697813378    
 -0.3422423411386482    
 -0.3411755969220238    
 -0.3400914826521477    
 -0.3389902455315001    
 -0.3378721342965841    
 -0.3367373990716876    
 -0.3355862912240646    
 -0.3344190632188901    
 -0.3332359684707976    
 -0.3320372611956299    
 -0.3308231962714273    
 -0.3295940291080703    
 -0.3283500155134043    
 -0.3270914115507667    
 -0.3258184733985401    
 -0.3245314572211763    
 -0.3232306190474414    
 -0.3219162146486045    
 -0.3205884994168678    
 -0.3192477282445236    
 -0.3178941554005295    
 -0.3165280344083818    
 -0.3151496179371556    
 -0.3137591577064580    
 -0.3123569043896253    
 -0.3109431075054161    
 -0.3095180153080710    
 -0.3080818746876242    
 -0.3066349310788961    
 -0.3051774283751275    
 -0.3037096088496218    
 -0.3022317130833787    
 -0.3007439798858056    
 -0.2992466462044355    
 -0.2977399470389993    
 -0.2962241153728882    
 -0.2946993821155413    
 -0.2931659760455151    
 -0.2916241237561656    
 -0.2900740496051308    
 -0.2885159756575452    
 -0.2869501216193393    
 -0.2853767047759077    
 -0.2837959399491300    
 -0.2822080394650652    
 -0.2806132131208592    
 -0.2790116681540360    
 -0.2774036092174736    
 -0.2757892383491352    
 -0.2741687549293811    
 -0.2725423556393280    
 -0.2709102344345069    
 -0.2692725825280018    
 -0.2676295883732145    
 -0.2659814376521972    
 -0.2643283132753353    
 -0.2626703953796969    
 -0.2610078613134299    
 -0.2593408856155159    
 -0.2576696400045095    
 -0.2559942933710904    
 -0.2543150117658943    
 -0.2526319583927639    
 -0.2509452936189738    
 -0.2492551749920077    
 -0.2475617572475908    
 -0.2458651923146868    
 -0.2441656293286329    
 -0.2424632146438017    
 -0.2407580918331656    
 -0.2390504016846045    
 -0.2373402822099626    
 -0.2356278686607691    
 -0.2339132935370658    
 -0.2321966865970540    
 -0.2304781748818294    
 -0.2287578827464409    
 -0.2270359318799957    
 -0.2253124413206309    
 -0.2235875274805786    
 -0.2218613041742277    
 -0.2201338826325518    
 -0.2184053715111591    
 -0.2166758769103945    
 -0.2149455024023850    
 -0.2132143490476439    
 -0.2114825154074765    
 -0.2097500975710695    
 -0.2080171891917906    
 -0.2062838815126014    
 -0.2045502633846610    
 -0.2028164212986401    
 -0.2010824394240076    
 -0.1993483996347454    
 -0.1976143815247939    
 -0.1958804624349799    
 -0.1941467174889389    
 -0.1924132196156254    
 -0.1906800395606974    
 -0.1889472459106853    
 -0.1872149051294572    
 -0.1854830815827956    
 -0.1837518375509677    
 -0.1820212332546092    
 -0.1802913268954867    
 -0.1785621746857147    
 -0.1768338308620270    
 -0.1751063477119092    
 -0.1733797756163287    
 -0.1716541630809241    
 -0.1699295567484465    
 -0.1682060014207987    
 -0.1664835401001664    
 -0.1647622140202101    
 -0.1630420626551664    
 -0.1613231237360644    
 -0.1596054332895593    
 -0.1578890256706126    
 -0.1561739335703984    
 -0.1544601880275791    
 -0.1527478184655467    
 -0.1510368527291548    
 -0.1493273170946479    
 -0.1476192362769060    
 -0.1459126334642009    
 -0.1442075303596422    
 -0.1425039471954891    
 -0.1408019027364725    
 -0.1391014143089392    
 -0.1374024978450124    
 -0.1357051679027841    
 -0.1340094376665415    
 -0.1323153189667110    
 -0.1306228223227159    
 -0.1289319569700642    
 -0.1272427308606426    
 -0.1255551506718802    
 -0.1238692218432500    
 -0.1221849486098657    
 -0.1205023340082076    
 -0.1188213798768109    
 -0.1171420868816146    
 -0.1154644545526580    
 -0.1137884813002735    
 -0.1121141644138484    
 -0.1104415000738552    
 -0.1087704833847267    
 -0.1071011084024414    
 -0.1054333681400959    
 -0.1037672545696744    
 -0.1021027586434660    
 -0.1004398703272298    
 -0.9877857861878114E-01
 -0.9711887154828269E-01
 -0.9546073618515510E-01
 -0.9380415866612862E-01
 -0.9214912422532007E-01
 -0.9049561720328225E-01
 -0.8884362104504268E-01
 -0.8719311831440546E-01
 -0.8554409072539565E-01
 -0.8389651916402596E-01
 -0.8225038368934801E-01
 -0.8060566353519705E-01
 -0.7896233713106943E-01
 -0.7732038212944753E-01
 -0.7567977541849458E-01
 -0.7404049312284111E-01
 -0.7240251061100911E-01
 -0.7076580251508352E-01
 -0.6913034275133662E-01
 -0.6749610453190913E-01
 -0.6586306036928802E-01
 -0.6423118208224438E-01
 -0.6260044081069255E-01
 -0.6097080703732199E-01
 -0.5934225060320880E-01
 -0.5771474070953714E-01
 -0.5608824591805939E-01
 -0.5446273416820940E-01
 -0.5283817280461434E-01
 -0.5121452859057030E-01
 -0.4959176770351298E-01
 -0.4796985573707907E-01
 -0.4634875772420055E-01
 -0.4472843816297156E-01
 -0.4310886102488376E-01
 -0.4148998975340334E-01
 -0.3987178727212198E-01
 -0.3825421600338408E-01
 -0.3663723788600937E-01
 -0.3502081438846139E-01
 -0.3340490651922234E-01
 -0.3178947483262307E-01
 -0.3017447943369062E-01
 -0.2855987999356069E-01
 -0.2694563577488140E-01
 -0.2533170564801895E-01
 -0.2371804808943284E-01
 -0.2210462118139084E-01
 -0.2049138263067746E-01
 -0.1887828979405271E-01
 -0.1726529969027429E-01
 -0.1565236900301303E-01
 -0.1403945409088569E-01
 -0.1242651100300368E-01
 -0.1081349548915522E-01
 -0.9200363009016499E-02
 -0.7587068750734005E-02
 -0.5973567650891576E-02
 -0.4359814401831974E-02
 -0.2745763453578798E-02
 -0.1131369028201767E-02
  0.4834148561925766E-03
  0.2098634369259889E-02
  0.3714335860827811E-02
  0.5330565847407653E-02
  0.6947370991943647E-02
  0.8564798089695458E-02
  0.1018289405983852E-01
  0.1180170592834878E-01
  0.1342128080165073E-01
  0.1504166584699335E-01
  0.1666290828379902E-01
  0.1828505537138070E-01
  0.1990815438600557E-01
  0.2153225259823971E-01
  0.2315739725750365E-01
  0.2478363557530616E-01
  0.2641101470196361E-01
  0.2803958170552834E-01
  0.2966938355838294E-01
  0.3130046712223944E-01
  0.3293287912381437E-01
  0.3456666612833215E-01
  0.3620187452024076E-01
  0.3783855048790463E-01
  0.3947674000415291E-01
  0.4111648880285368E-01
  0.4275784235666058E-01
  0.4440084585582849E-01
  0.4604554418452689E-01
  0.4769198189498508E-01
  0.4934020318334853E-01
  0.5099025186824813E-01
  0.5264217136825855E-01
  0.5429600467365647E-01
  0.5595179431313779E-01
  0.5760958232230551E-01
  0.5926941021906557E-01
  0.6093131898056026E-01
  0.6259534901166952E-01
  0.6426154010600671E-01
  0.6592993141138392E-01
  0.6760056140367943E-01
  0.6927346785852517E-01
  0.7094868781445429E-01
  0.7262625753708618E-01
  0.7430621249180258E-01
  0.7598858731537117E-01
  0.7767341577733577E-01
  0.7936073074156003E-01
  0.8105056414064071E-01
  0.8274294695358475E-01
  0.8443790916878147E-01
  0.8613547973720492E-01
  0.8783568653643248E-01
  0.8953855634705427E-01
  0.9124411482120043E-01
  0.9295238643451226E-01
  0.9466339443668664E-01
  0.9637716081327063E-01
  0.9809370625048253E-01
  0.9981305009115043E-01
  0.1015352102842972    
  0.1032602033373775    
  0.1049880442727287    
  0.1067187465852331    
  0.1084523222004166    
  0.1101887814324102    
  0.1119281329403883    
  0.1136703836864796    
  0.1154155388997820    
  0.1171636020431936    
  0.1189145747744763    
  0.1206684569018275    
  0.1224252463428405    
  0.1241849390881522    
  0.1259475291594929    
  0.1277130085573428    
  0.1294813672067602    
  0.1312525929085551    
  0.1330266712901567    
  0.1348035857496688    
  0.1365833173987185    
  0.1383658450137988    
  0.1401511449955273    
  0.1419391913290060    
  0.1437299555450824    
  0.1455234066882167    
  0.1473195112906389    
  0.1491182333447517    
  0.1509195342681995    
  0.1527233728637949    
  0.1545297052770924    
  0.1563384849494245    
  0.1581496625641026    
  0.1599631859901836    
  0.1617790002312542    
  0.1635970473812338    
  0.1654172665838725    
  0.1672395939962095    
  0.1690639627615493    
  0.1708903029939699    
  0.1727185417681705    
  0.1745486031084771    
  0.1763804079760847    
  0.1782138742510477    
  0.1800489166985164    
  0.1818854469152930    
  0.1837233732704187    
  0.1855626008584146    
  0.1874030314698831    
  0.1892445635745281    
  0.1910870923160461    
  0.1929305095191254    
  0.1947747037001100    
  0.1966195600749811    
  0.1984649605698841    
  0.2003107838310652    
  0.2021569052074054    
  0.2040031966906417    
  0.2058495268499537    
  0.2076957608144154    
  0.2095417603019900    
  0.2113873836471738    
  0.2132324858131747    
  0.2150769184266712    
  0.2169205298455706    
  0.2187631652035398    
  0.2206046663860946    
  0.2224448719744234    
  0.2242836172210942    
  0.2261207340650060    
  0.2279560511556580    
  0.2297893938911751    
  0.2316205844965778    
  0.2334494421221431    
  0.2352757829019029    
  0.2370994199511247    
  0.2389201633413067    
  0.2407378200914463    
  0.2425521941823031    
  0.2443630866001847    
  0.2461702954267166    
  0.2479736159603556    
  0.2497728408152422    
  0.2515677599589268    
  0.2533581607056805    
  0.2551438277084490    
  0.2569245429793179    
  0.2587000859551902    
  0.2604702336139140    
  0.2622347606132038    
  0.2639934393951908    
  0.2657460402224050    
  0.2674923311710633    
  0.2692320781398041    
  0.2709650449127845    
  0.2726909932790966    
  0.2744096831798812    
  0.2761208728335469    
  0.2778243187965868    
  0.2795197759684989    
  0.2812069976043265    
  0.2828857353947931    
  0.2845557396119933    
  0.2862167592641600    
  0.2878685422026035    
  0.2895108351661704    
  0.2911433837983719    
  0.2927659326985740    
  0.2943782255448013    
  0.2959800052596411    
  0.2975710141446214    
  0.2991509939401356    
  0.3007196858477230    
  0.3022768305898058    
  0.3038221685390177    
  0.3053554398779152    
  0.3068763847238243    
  0.3083847431925808    
  0.3098802554380944    
  0.3113626617313243    
  0.3128317026011571    
  0.3142871189893677    
  0.3157286523541521    
  0.3171560447199270    
  0.3185690387386604    
  0.3199673778119250    
  0.3213508062440420    
  0.3227190693604596    
  0.3240719135756547    
  0.3254090864601580    
  0.3267303368524745    
  0.3280354150009459    
  0.3293240726845472    
  0.3305960632934700    
  0.3318511419045846    
  0.3330890653919527    
  0.3343095925626485    
  0.3355124842732113    
  0.3366975035120552    
  0.3378644154842325    
  0.3390129877297292    
  0.3401429902536552    
  0.3412541956296890    
  0.3423463790830228    
  0.3434193185909216    
  0.3444727950071715    
  0.3455065921772946    
  0.3465204970299676    
  0.3475142996705418    
  0.3484877934954257    
  0.3494407753083411    
  0.3503730454184770    
  0.3512844077334281    
  0.3521746698660513    
  0.3530436432466626    
  0.3538911432231506    
  0.3547169891543196    
  0.3555210045117068    
  0.3563030169862672    
  0.3570628585866618    
  0.3578003657314404    
  0.3585153793464648    
  0.3592077449655875    
  0.3598773128246116    
  0.3605239379501008    
  0.3611474802516714    
  0.3617478046159270    
  0.3623247809941801    
  0.3628782844856819    
  0.3634081954232982    
  0.3639143994594864    
  0.3643967876459961    
  0.3648552565093630    
  0.3652897081281394    
  0.3657000502093189    
  0.3660861961581547    
  0.3664480651438005    
  0.3667855821660929    
  0.3670986781206001    
  0.3673872898566224    
  0.3676513602308709    
  0.3678908381617589    
  0.3681056786811643    
  0.3682958429786514    
  0.3684612984411490    
  0.3686020186927630    
