  0.4646541112608502    
  0.4583006456524228    
  0.4517672016003920    
  0.4450576234608645    
  0.4381755308039916    
  0.4311243419686116    
  0.4239072877984337    
  0.4165274105927173    
  0.4089875686988153    
  0.4012904559450191    
  0.3934386173157076    
  0.3854344477597046    
  0.3772801900458589    
  0.3689779482106936    
  0.3605297042890676    
  0.3519373192126217    
  0.3432025259654556    
  0.3343269357900064    
  0.3253120542720584    
  0.3161592864027704    
  0.3068699291035724    
  0.2974451711342923    
  0.2878861064120242    
  0.2781937432989339    
  0.2683690005352131    
  0.2584127043383597    
  0.2483255985831660    
  0.2381083572454468    
  0.2277615861518074    
  0.2172858216327063    
  0.2066815395980228    
  0.1959491708680366    
  0.1850891099706822    
  0.1741017191635500    
  0.1629873397877156    
  0.1517463116708293    
  0.1403789900993815    
  0.1288857583324566    
  0.1172670449838493    
  0.1055233497348550    
  0.9365526984137099E-01
  0.8166352358826034E-01
  0.6954897712335545E-01
  0.5731267911375126E-01
  0.4495589823607327E-01
  0.3248015912605184E-01
  0.1988728081336516E-01
  0.7179421940509967E-02
 -0.5640870474869053E-02
 -0.1857061302482343E-01
 -0.3160633641719299E-01
 -0.4474403096919793E-01
 -0.5797908948674002E-01
 -0.7130625167758087E-01
 -0.8471954915342436E-01
 -0.9821224842326939E-01
 -0.1117767941491628    
 -0.1254047569535149    
 -0.1390867858311608    
 -0.1528125633647536    
 -0.1665707661359055    
 -0.1803490348991007    
 -0.1941339552894592    
 -0.2079110476516811    
 -0.2216647682253924    
 -0.2353785261833576    
 -0.2490347173460027    
 -0.2626147726859649    
 -0.2760992228884562    
 -0.2894677825923869    
 -0.3026994541750687    
 -0.3157726475127965    
 -0.3286653149221655    
 -0.3413551032389825    
 -0.3538195212491034    
 -0.3660361164790928    
 -0.3779826579592455    
 -0.3896373253063637    
 -0.4009789012392773    
 -0.4119869597613259    
 -0.4226420448614187    
 -0.4329258399569494    
 -0.4428213261787507    
 -0.4523129219579547    
 -0.4613865986876070    
 -0.4700299745527546    
 -0.4782323881508298    
 -0.4859849467265775    
 -0.4932805447239698    
 -0.5001138572309340    
 -0.5064813145799384    
 -0.5123810561867852    
 -0.5178128596322300    
 -0.5227780504209227    
 -0.5272794024008668    
 -0.5313210299154814    
 -0.5349082665505868    
 -0.5380475338504808    
 -0.5407462114670681    
 -0.5430125123836838    
 -0.5448553564455862    
 -0.5462842412613002    
 -0.5473091210095933    
 -0.5479402991395210    
 -0.5481883276083974    
 -0.5480639070333309    
 -0.5475777956461416    
 -0.5467407349888501    
 -0.5455633860221686    
 -0.5440562666202696    
 -0.5422296952674852    
 -0.5400937502604730    
 -0.5376582398750346    
 -0.5349326723202238    
 -0.5319262278049279    
 -0.5286477436945194    
 -0.5251057104146752    
 -0.5213082646337022    
 -0.5172631791728912    
 -0.5129778633100742    
 -0.5084593753576567    
 -0.5037144317130950    
 -0.4987494062347923    
 -0.4935703351691768    
 -0.4881829369061536    
 -0.4825926315072323    
 -0.4768045459722659    
 -0.4708235174063126    
 -0.4646541112608502    
 -0.4583006456524228    
 -0.4517672016003920    
 -0.4450576234608645    
 -0.4381755308039916    
 -0.4311243419686116    
 -0.4239072877984337    
 -0.4165274105927173    
 -0.4089875686988153    
 -0.4012904559450191    
 -0.3934386173157076    
 -0.3854344477597046    
 -0.3772801900458589    
 -0.3689779482106936    
 -0.3605297042890676    
 -0.3519373192126217    
 -0.3432025259654556    
 -0.3343269357900064    
 -0.3253120542720584    
 -0.3161592864027704    
 -0.3068699291035724    
 -0.2974451711342923    
 -0.2878861064120242    
 -0.2781937432989339    
 -0.2683690005352131    
 -0.2584127043383597    
 -0.2483255985831660    
 -0.2381083572454468    
 -0.2277615861518074    
 -0.2172858216327063    
 -0.2066815395980228    
 -0.1959491708680366    
 -0.1850891099706822    
 -0.1741017191635500    
 -0.1629873397877156    
 -0.1517463116708293    
 -0.1403789900993815    
 -0.1288857583324566    
 -0.1172670449838493    
 -0.1055233497348550    
 -0.9365526984137099E-01
 -0.8166352358826034E-01
 -0.6954897712335545E-01
 -0.5731267911375126E-01
 -0.4495589823607327E-01
 -0.3248015912605184E-01
 -0.1988728081336516E-01
 -0.7179421940509967E-02
  0.5640870474869053E-02
  0.1857061302482343E-01
  0.3160633641719299E-01
  0.4474403096919793E-01
  0.5797908948674002E-01
  0.7130625167758087E-01
  0.8471954915342436E-01
  0.9821224842326939E-01
  0.1117767941491628    
  0.1254047569535149    
  0.1390867858311608    
  0.1528125633647536    
  0.1665707661359055    
  0.1803490348991007    
  0.1941339552894592    
  0.2079110476516811    
  0.2216647682253924    
  0.2353785261833576    
  0.2490347173460027    
  0.2626147726859649    
  0.2760992228884562    
  0.2894677825923869    
  0.3026994541750687    
  0.3157726475127965    
  0.3286653149221655    
  0.3413551032389825    
  0.3538195212491034    
  0.3660361164790928    
  0.3779826579592455    
  0.3896373253063637    
  0.4009789012392773    
  0.4119869597613259    
  0.4226420448614187    
  0.4329258399569494    
  0.4428213261787507    
  0.4523129219579547    
  0.4613865986876070    
  0.4700299745527546    
  0.4782323881508298    
  0.4859849467265775    
  0.4932805447239698    
  0.5001138572309340    
  0.5064813145799384    
  0.5123810561867852    
  0.5178128596322300    
  0.5227780504209227    
  0.5272794024008668    
  0.5313210299154814    
  0.5349082665505868    
  0.5380475338504808    
  0.5407462114670681    
  0.5430125123836838    
  0.5448553564455862    
  0.5462842412613002    
  0.5473091210095933    
  0.5479402991395210    
  0.5481883276083974    
  0.5480639070333309    
  0.5475777956461416    
  0.5467407349888501    
  0.5455633860221686    
  0.5440562666202696    
  0.5422296952674852    
  0.5400937502604730    
  0.5376582398750346    
  0.5349326723202238    
  0.5319262278049279    
  0.5286477436945194    
  0.5251057104146752    
  0.5213082646337022    
  0.5172631791728912    
  0.5129778633100742    
  0.5084593753576567    
  0.5037144317130950    
  0.4987494062347923    
  0.4935703351691768    
  0.4881829369061536    
  0.4825926315072323    
  0.4768045459722659    
  0.4708235174063126    
