  0.2779763471122316    
  0.2776861960852934    
  0.2773899589588882    
  0.2770876424170174    
  0.2767792525989862    
  0.2764647955730035    
  0.2761442766273922    
  0.2758176998088884    
  0.2754850686145076    
  0.2751463864704533    
  0.2748016560855694    
  0.2744508789797164    
  0.2740940561021916    
  0.2737311883086797    
  0.2733622757883352    
  0.2729873176086354    
  0.2726063122734294    
  0.2722192581814640    
  0.2718261531017832    
  0.2714269937283846    
  0.2710217761889515    
  0.2706104964970816    
  0.2701931500838969    
  0.2697697313661459    
  0.2693402341966826    
  0.2689046522889215    
  0.2684629787940805    
  0.2680152059022411    
  0.2675613252658219    
  0.2671013284022761    
  0.2666352062900798    
  0.2661629489729863    
  0.2656845459540301    
  0.2651999866015658    
  0.2647092597921405    
  0.2642123535226051    
  0.2637092552494110    
  0.2631999522667583    
  0.2626844313940753    
  0.2621626786273887    
  0.2616346794520070    
  0.2611004191835707    
  0.2605598826678838    
  0.2600130539588929    
  0.2594599166247819    
  0.2589004540745880    
  0.2583346492671298    
  0.2577624843941976    
  0.2571839411676978    
  0.2565990011402773    
  0.2560076454412140    
  0.2554098544743915    
  0.2548056081798435    
  0.2541948863326180    
  0.2535776682965823    
  0.2529539327438792    
  0.2523236579051123    
  0.2516868218523677    
  0.2510434022638507    
  0.2503933761543197    
  0.2497367201100729    
  0.2490734105605885    
  0.2484034235627921    
  0.2477267345489348    
  0.2470433185429631    
  0.2463531504080984    
  0.2456562046434311    
  0.2449524551603214    
  0.2442418754987878    
  0.2435244390510483    
  0.2428001188466400    
  0.2420688873386319    
  0.2413307166341017    
  0.2405855787273092    
  0.2398334452847033    
  0.2390742874118145    
  0.2383080758602209    
  0.2375347812710783    
  0.2367543740031051    
  0.2359668239171111    
  0.2351721005442658    
  0.2343701732870977    
  0.2335610112622643    
  0.2327445831345913    
  0.2319208573005078    
  0.2310898020562862    
  0.2302513854105360    
  0.2294055749257944    
  0.2285523379299373    
  0.2276916416997406    
  0.2268234532643834    
  0.2259477392250301    
  0.2250644659546855    
  0.2241735997974301    
  0.2232751069000185    
  0.2223689530355296    
  0.2214551037760665    
  0.2205335246721470    
  0.2196041811004034    
  0.2186670381141645    
  0.2177220606159195    
  0.2167692135169707    
  0.2158084615805338    
  0.2148397692865688    
  0.2138631010105025    
  0.2128784211726008    
  0.2118856940753697    
  0.2108848837803426    
  0.2098759543013136    
  0.2088588697508459    
  0.2078335941594076    
  0.2068000913410486    
  0.2057583251019439    
  0.2047082594180910    
  0.2036498582628713    
  0.2025830854385444    
  0.2015079047476286    
  0.2004242801883466    
  0.1993321758433890    
  0.1982315557355459    
  0.1971223839482703    
  0.1960046247632187    
  0.1948782425652514    
  0.1937432017660757    
  0.1925994669532856    
  0.1914470029877959    
  0.1902857748644927    
  0.1891157476442081    
  0.1879368866420196    
  0.1867491575424371    
  0.1855525262454575    
  0.1843469587790388    
  0.1831324214838599    
  0.1819088811407662    
  0.1806763048350565    
  0.1794346598784926    
  0.1781839139832016    
  0.1769240353681170    
  0.1756549926210563    
  0.1743767546468684    
  0.1730892908658114    
  0.1717925713109819    
  0.1704865664610261    
  0.1691712471813016    
  0.1678465849502419    
  0.1665125519834244    
  0.1651691210569388    
  0.1638162654190747    
  0.1624539590110640    
  0.1610821766193714    
  0.1597008937236123    
  0.1583100863986123    
  0.1569097315111010    
  0.1554998068719595    
  0.1540802911069568    
  0.1526511635680620    
  0.1512124045135748    
  0.1497639952501206    
  0.1483059180239417    
  0.1468381559586445    
  0.1453606932292979    
  0.1438735151730641    
  0.1423766081681086    
  0.1408699595974455    
  0.1393535580568712    
  0.1378273934684114    
  0.1362914569317183    
  0.1347457406651353    
  0.1331902382225111    
  0.1316249446373410    
  0.1300498562929319    
  0.1284649708517112    
  0.1268702874484403    
  0.1252658068307775    
  0.1236515312482588    
  0.1220274643945323    
  0.1203936115931833    
  0.1187499799309313    
  0.1170965781568810    
  0.1154334166353134    
  0.1137605075209526    
  0.1120778648764869    
  0.1103855045800348    
  0.1086834443005873    
  0.1069717036757906    
  0.1052503044106544    
  0.1035192701783996    
  0.1017786266106155    
  0.1000284014814532    
  0.9826862479215862E-01
  0.9649932866629493E-01
  0.9472054735919042E-01
  0.9293231745501075E-01
  0.9113467793051044E-01
  0.8932767002336328E-01
  0.8751133724965235E-01
  0.8568572563216292E-01
  0.8385088377301800E-01
  0.8200686269900337E-01
  0.8015371585787304E-01
  0.7829149934875404E-01
  0.7642027200671379E-01
  0.7454009525361695E-01
  0.7265103309339679E-01
  0.7075315233483238E-01
  0.6884652265996891E-01
  0.6693121646395976E-01
  0.6500730886179805E-01
  0.6307487793167318E-01
  0.6113400477856262E-01
  0.5918477334092866E-01
  0.5722727037580508E-01
  0.5526158571776861E-01
  0.5328781236835425E-01
  0.5130604629829011E-01
  0.4931638639998451E-01
  0.4731893472262907E-01
  0.4531379656676919E-01
  0.4330108030430947E-01
  0.4128089733488043E-01
  0.3925336230350064E-01
  0.3721859317059173E-01
  0.3517671101944848E-01
  0.3312784001695855E-01
  0.3107210763741273E-01
  0.2900964472310542E-01
  0.2694058527087709E-01
  0.2486506638144054E-01
  0.2278322848835865E-01
  0.2069521542102042E-01
  0.1860117417270261E-01
  0.1650125482160138E-01
  0.1439561074766921E-01
  0.1228439870415780E-01
  0.1016777859157531E-01
  0.8045913362221746E-02
  0.5918969207913965E-02
  0.3787115615289096E-02
  0.1650525143578463E-02
 -0.4906266670092830E-03
 -0.2636161123113468E-02
 -0.4785896350570006E-02
 -0.6939647534127912E-02
 -0.9097227010547524E-02
 -0.1125844409730607E-01
 -0.1342310507676255E-01
 -0.1559101345312451E-01
 -0.1776197006034943E-01
 -0.1993577290393729E-01
 -0.2211221715710320E-01
 -0.2429109542574952E-01
 -0.2647219786441581E-01
 -0.2865531203405210E-01
 -0.3084022291622532E-01
 -0.3302671318499233E-01
 -0.3521456332546090E-01
 -0.3740355151007704E-01
 -0.3959345364110052E-01
 -0.4178404363014350E-01
 -0.4397509350301074E-01
 -0.4616637328035326E-01
 -0.4835765105759549E-01
 -0.5054869331467722E-01
 -0.5273926501383390E-01
 -0.5492912946792012E-01
 -0.5711804844056043E-01
 -0.5930578248631074E-01
 -0.6149209104956447E-01
 -0.6367673232080570E-01
 -0.6585946335199316E-01
 -0.6804004042874029E-01
 -0.7021821917742406E-01
 -0.7239375441024661E-01
 -0.7456640024663180E-01
 -0.7673591050564485E-01
 -0.7890203881518644E-01
 -0.8106453844873338E-01
 -0.8322316246285898E-01
 -0.8537766411774576E-01
 -0.8752779698138420E-01
 -0.8967331473751344E-01
 -0.9181397132680798E-01
 -0.9394952140709237E-01
 -0.9607972047343204E-01
 -0.9820432463798079E-01
 -0.1003230907512714    
 -0.1024357768816860    
 -0.1045421424549316    
 -0.1066419480206364    
 -0.1087349553557412    
 -0.1108209279518101    
 -0.1128996311688147    
 -0.1149708319963088    
 -0.1170342991415119    
 -0.1190898035074576    
 -0.1211371183400043    
 -0.1231760189859917    
 -0.1252062829913406    
 -0.1272276905845427    
 -0.1292400247966828    
 -0.1312430711819720    
 -0.1332366179168089    
 -0.1352204563124310    
 -0.1371943809315168    
 -0.1391581892662263    
 -0.1411116818143874    
 -0.1430546626046574    
 -0.1449869393085308    
 -0.1469083228819379    
 -0.1488186276273266    
 -0.1507176717410336    
 -0.1526052774203306    
 -0.1544812704497854    
 -0.1563454802275528    
 -0.1581977403367182    
 -0.1600378886718035    
 -0.1618657669845278    
 -0.1636812208574707    
 -0.1654841002708798    
 -0.1672742597443629    
 -0.1690515578671026    
 -0.1708158572414783    
 -0.1725670250370643    
 -0.1743049331177542    
 -0.1760294575400047    
 -0.1777404784811134    
 -0.1794378808062871    
 -0.1811215541867560    
 -0.1827913925476454    
 -0.1844472939645474    
 -0.1860891612485305    
 -0.1877169020711707    
 -0.1893304283690043    
 -0.1909296562029515    
 -0.1925145063530432    
 -0.1940849044451642    
 -0.1956407803122073    
 -0.1971820678260823    
 -0.1987087055172066    
 -0.2002206367056923    
 -0.2017178088025851    
 -0.2032001730999398    
 -0.2046676854252711    
 -0.2061203062999594    
 -0.2075580001855014    
 -0.2089807352161919    
 -0.2103884838791359    
 -0.2117812232088404    
 -0.2131589339898414    
 -0.2145216004334494    
 -0.2158692108826871    
 -0.2172017580456118    
 -0.2185192381521154    
 -0.2198216505684005    
 -0.2211089985308804    
 -0.2223812894329629    
 -0.2236385339409140    
 -0.2248807455347830    
 -0.2261079412664595    
 -0.2273201421154400    
 -0.2285173720778343    
 -0.2296996576229839    
 -0.2308670284548264    
 -0.2320195179381480    
 -0.2331571621873800    
 -0.2342799994606823    
 -0.2353880709175546    
 -0.2364814210880882    
 -0.2375600969449885    
 -0.2386241472531533    
 -0.2396736233625000    
 -0.2407085797340172    
 -0.2417290729603750    
 -0.2427351610311613    
 -0.2437269041768249    
 -0.2447043655089629    
 -0.2456676100076546    
 -0.2466167036525630    
 -0.2475517142743187    
 -0.2484727123392356    
 -0.2493797699641137    
 -0.2502729599162555    
 -0.2511523564179857    
 -0.2520180360464755    
 -0.2528700768100539    
 -0.2537085570621793    
 -0.2545335562579326    
 -0.2553451559327070    
 -0.2561434388174498    
 -0.2569284876809723    
 -0.2577003860717229    
 -0.2584592193906385    
 -0.2592050740215268    
 -0.2599380360646422    
 -0.2606581920671230    
 -0.2613656302396783    
 -0.2620604396293423    
 -0.2627427087003132    
 -0.2634125259963341    
 -0.2640699815207716    
 -0.2647151660256691    
 -0.2653481694598334    
 -0.2659690815000022    
 -0.2665779930423352    
 -0.2671749956379733    
 -0.2677601798677922    
 -0.2683336357479879    
 -0.2688954542918172    
 -0.2694457270670982    
 -0.2699845445105051    
 -0.2705119962300338    
 -0.2710281726473810    
 -0.2715331646716104    
 -0.2720270619320538    
 -0.2725099529610994    
 -0.2729819269336702    
 -0.2734430734917603    
 -0.2738934808945395    
 -0.2743332360379789    
 -0.2747624262730856    
 -0.2751811394219567    
 -0.2755894618800910    
 -0.2759874784421583    
 -0.2763752741512037    
 -0.2767529345195559    
 -0.2771205436348140    
 -0.2774781837984733    
 -0.2778259373626590    
 -0.2781638871328962    
 -0.2784921145004633    
 -0.2788106989164539    
 -0.2791197197122686    
 -0.2794192566767209    
 -0.2797093882125761    
 -0.2799901906336605    
 -0.2802617399593828    
 -0.2805241126867887    
 -0.2807773839978027    
 -0.2810216268624681    
 -0.2812569137671552    
 -0.2814833176861606    
 -0.2817009103854666    
 -0.2819097613408698    
 -0.2821099393535693    
 -0.2823015136972225    
 -0.2824845525560125    
 -0.2826591217921592    
 -0.2828252864252974    
 -0.2829831119183752    
 -0.2831326627576323    
 -0.2832740010955989    
 -0.2834071880917304    
 -0.2835322853231473    
 -0.2836493535148039    
 -0.2837584510672385    
 -0.2838596352409729    
 -0.2839529636779406    
 -0.2840384933019313    
 -0.2841162787494008    
 -0.2841863733758258    
 -0.2842488308645027    
 -0.2843037043205860    
 -0.2843510446362373    
 -0.2843909012963102    
 -0.2844233240305448    
 -0.2844483621135253    
 -0.2844660627171560    
 -0.2844764715213692    
 -0.2844796343568652    
 -0.2844755966832780    
 -0.2844644019659709    
 -0.2844460921333856    
 -0.2844207092021455    
 -0.2843882948988615    
 -0.2843488890415388    
 -0.2843025298430973    
 -0.2842492555355232    
 -0.2841891041722782    
 -0.2841221120381845    
 -0.2840483137623138    
 -0.2839677438721914    
 -0.2838804367686448    
 -0.2837864252374912    
 -0.2836857404294733    
 -0.2835784133106448    
 -0.2834644747388267    
 -0.2833439540640710    
 -0.2832168790200673    
 -0.2830832771022788    
 -0.2829431757366416    
 -0.2827966009475429    
 -0.2826435771487662    
 -0.2824841284462837    
 -0.2823182789112808    
 -0.2821460513413016    
 -0.2819674669574934    
 -0.2817825466006065    
 -0.2815913110774009    
 -0.2813937800298712    
 -0.2811899715773932    
 -0.2809799034118847    
 -0.2807635931892575    
 -0.2805410574923282    
 -0.2803123114329029    
 -0.2800773696574475    
 -0.2798362467748421    
 -0.2795889564066968    
 -0.2793355107573206    
 -0.2790759215333606    
 -0.2788102003988426    
 -0.2785383581094152    
 -0.2782604040583492    
 -0.2779763471122316    
 -0.2776861960852934    
 -0.2773899589588882    
 -0.2770876424170174    
 -0.2767792525989862    
 -0.2764647955730035    
 -0.2761442766273922    
 -0.2758176998088884    
 -0.2754850686145076    
 -0.2751463864704533    
 -0.2748016560855694    
 -0.2744508789797164    
 -0.2740940561021916    
 -0.2737311883086797    
 -0.2733622757883352    
 -0.2729873176086354    
 -0.2726063122734294    
 -0.2722192581814640    
 -0.2718261531017832    
 -0.2714269937283846    
 -0.2710217761889515    
 -0.2706104964970816    
 -0.2701931500838969    
 -0.2697697313661459    
 -0.2693402341966826    
 -0.2689046522889215    
 -0.2684629787940805    
 -0.2680152059022411    
 -0.2675613252658219    
 -0.2671013284022761    
 -0.2666352062900798    
 -0.2661629489729863    
 -0.2656845459540301    
 -0.2651999866015658    
 -0.2647092597921405    
 -0.2642123535226051    
 -0.2637092552494110    
 -0.2631999522667583    
 -0.2626844313940753    
 -0.2621626786273887    
 -0.2616346794520070    
 -0.2611004191835707    
 -0.2605598826678838    
 -0.2600130539588929    
 -0.2594599166247819    
 -0.2589004540745880    
 -0.2583346492671298    
 -0.2577624843941976    
 -0.2571839411676978    
 -0.2565990011402773    
 -0.2560076454412140    
 -0.2554098544743915    
 -0.2548056081798435    
 -0.2541948863326180    
 -0.2535776682965823    
 -0.2529539327438792    
 -0.2523236579051123    
 -0.2516868218523677    
 -0.2510434022638507    
 -0.2503933761543197    
 -0.2497367201100729    
 -0.2490734105605885    
 -0.2484034235627921    
 -0.2477267345489348    
 -0.2470433185429631    
 -0.2463531504080984    
 -0.2456562046434311    
 -0.2449524551603214    
 -0.2442418754987878    
 -0.2435244390510483    
 -0.2428001188466400    
 -0.2420688873386319    
 -0.2413307166341017    
 -0.2405855787273092    
 -0.2398334452847033    
 -0.2390742874118145    
 -0.2383080758602209    
 -0.2375347812710783    
 -0.2367543740031051    
 -0.2359668239171111    
 -0.2351721005442658    
 -0.2343701732870977    
 -0.2335610112622643    
 -0.2327445831345913    
 -0.2319208573005078    
 -0.2310898020562862    
 -0.2302513854105360    
 -0.2294055749257944    
 -0.2285523379299373    
 -0.2276916416997406    
 -0.2268234532643834    
 -0.2259477392250301    
 -0.2250644659546855    
 -0.2241735997974301    
 -0.2232751069000185    
 -0.2223689530355296    
 -0.2214551037760665    
 -0.2205335246721470    
 -0.2196041811004034    
 -0.2186670381141645    
 -0.2177220606159195    
 -0.2167692135169707    
 -0.2158084615805338    
 -0.2148397692865688    
 -0.2138631010105025    
 -0.2128784211726008    
 -0.2118856940753697    
 -0.2108848837803426    
 -0.2098759543013136    
 -0.2088588697508459    
 -0.2078335941594076    
 -0.2068000913410486    
 -0.2057583251019439    
 -0.2047082594180910    
 -0.2036498582628713    
 -0.2025830854385444    
 -0.2015079047476286    
 -0.2004242801883466    
 -0.1993321758433890    
 -0.1982315557355459    
 -0.1971223839482703    
 -0.1960046247632187    
 -0.1948782425652514    
 -0.1937432017660757    
 -0.1925994669532856    
 -0.1914470029877959    
 -0.1902857748644927    
 -0.1891157476442081    
 -0.1879368866420196    
 -0.1867491575424371    
 -0.1855525262454575    
 -0.1843469587790388    
 -0.1831324214838599    
 -0.1819088811407662    
 -0.1806763048350565    
 -0.1794346598784926    
 -0.1781839139832016    
 -0.1769240353681170    
 -0.1756549926210563    
 -0.1743767546468684    
 -0.1730892908658114    
 -0.1717925713109819    
 -0.1704865664610261    
 -0.1691712471813016    
 -0.1678465849502419    
 -0.1665125519834244    
 -0.1651691210569388    
 -0.1638162654190747    
 -0.1624539590110640    
 -0.1610821766193714    
 -0.1597008937236123    
 -0.1583100863986123    
 -0.1569097315111010    
 -0.1554998068719595    
 -0.1540802911069568    
 -0.1526511635680620    
 -0.1512124045135748    
 -0.1497639952501206    
 -0.1483059180239417    
 -0.1468381559586445    
 -0.1453606932292979    
 -0.1438735151730641    
 -0.1423766081681086    
 -0.1408699595974455    
 -0.1393535580568712    
 -0.1378273934684114    
 -0.1362914569317183    
 -0.1347457406651353    
 -0.1331902382225111    
 -0.1316249446373410    
 -0.1300498562929319    
 -0.1284649708517112    
 -0.1268702874484403    
 -0.1252658068307775    
 -0.1236515312482588    
 -0.1220274643945323    
 -0.1203936115931833    
 -0.1187499799309313    
 -0.1170965781568810    
 -0.1154334166353134    
 -0.1137605075209526    
 -0.1120778648764869    
 -0.1103855045800348    
 -0.1086834443005873    
 -0.1069717036757906    
 -0.1052503044106544    
 -0.1035192701783996    
 -0.1017786266106155    
 -0.1000284014814532    
 -0.9826862479215862E-01
 -0.9649932866629493E-01
 -0.9472054735919042E-01
 -0.9293231745501075E-01
 -0.9113467793051044E-01
 -0.8932767002336328E-01
 -0.8751133724965235E-01
 -0.8568572563216292E-01
 -0.8385088377301800E-01
 -0.8200686269900337E-01
 -0.8015371585787304E-01
 -0.7829149934875404E-01
 -0.7642027200671379E-01
 -0.7454009525361695E-01
 -0.7265103309339679E-01
 -0.7075315233483238E-01
 -0.6884652265996891E-01
 -0.6693121646395976E-01
 -0.6500730886179805E-01
 -0.6307487793167318E-01
 -0.6113400477856262E-01
 -0.5918477334092866E-01
 -0.5722727037580508E-01
 -0.5526158571776861E-01
 -0.5328781236835425E-01
 -0.5130604629829011E-01
 -0.4931638639998451E-01
 -0.4731893472262907E-01
 -0.4531379656676919E-01
 -0.4330108030430947E-01
 -0.4128089733488043E-01
 -0.3925336230350064E-01
 -0.3721859317059173E-01
 -0.3517671101944848E-01
 -0.3312784001695855E-01
 -0.3107210763741273E-01
 -0.2900964472310542E-01
 -0.2694058527087709E-01
 -0.2486506638144054E-01
 -0.2278322848835865E-01
 -0.2069521542102042E-01
 -0.1860117417270261E-01
 -0.1650125482160138E-01
 -0.1439561074766921E-01
 -0.1228439870415780E-01
 -0.1016777859157531E-01
 -0.8045913362221746E-02
 -0.5918969207913965E-02
 -0.3787115615289096E-02
 -0.1650525143578463E-02
  0.4906266670092830E-03
  0.2636161123113468E-02
  0.4785896350570006E-02
  0.6939647534127912E-02
  0.9097227010547524E-02
  0.1125844409730607E-01
  0.1342310507676255E-01
  0.1559101345312451E-01
  0.1776197006034943E-01
  0.1993577290393729E-01
  0.2211221715710320E-01
  0.2429109542574952E-01
  0.2647219786441581E-01
  0.2865531203405210E-01
  0.3084022291622532E-01
  0.3302671318499233E-01
  0.3521456332546090E-01
  0.3740355151007704E-01
  0.3959345364110052E-01
  0.4178404363014350E-01
  0.4397509350301074E-01
  0.4616637328035326E-01
  0.4835765105759549E-01
  0.5054869331467722E-01
  0.5273926501383390E-01
  0.5492912946792012E-01
  0.5711804844056043E-01
  0.5930578248631074E-01
  0.6149209104956447E-01
  0.6367673232080570E-01
  0.6585946335199316E-01
  0.6804004042874029E-01
  0.7021821917742406E-01
  0.7239375441024661E-01
  0.7456640024663180E-01
  0.7673591050564485E-01
  0.7890203881518644E-01
  0.8106453844873338E-01
  0.8322316246285898E-01
  0.8537766411774576E-01
  0.8752779698138420E-01
  0.8967331473751344E-01
  0.9181397132680798E-01
  0.9394952140709237E-01
  0.9607972047343204E-01
  0.9820432463798079E-01
  0.1003230907512714    
  0.1024357768816860    
  0.1045421424549316    
  0.1066419480206364    
  0.1087349553557412    
  0.1108209279518101    
  0.1128996311688147    
  0.1149708319963088    
  0.1170342991415119    
  0.1190898035074576    
  0.1211371183400043    
  0.1231760189859917    
  0.1252062829913406    
  0.1272276905845427    
  0.1292400247966828    
  0.1312430711819720    
  0.1332366179168089    
  0.1352204563124310    
  0.1371943809315168    
  0.1391581892662263    
  0.1411116818143874    
  0.1430546626046574    
  0.1449869393085308    
  0.1469083228819379    
  0.1488186276273266    
  0.1507176717410336    
  0.1526052774203306    
  0.1544812704497854    
  0.1563454802275528    
  0.1581977403367182    
  0.1600378886718035    
  0.1618657669845278    
  0.1636812208574707    
  0.1654841002708798    
  0.1672742597443629    
  0.1690515578671026    
  0.1708158572414783    
  0.1725670250370643    
  0.1743049331177542    
  0.1760294575400047    
  0.1777404784811134    
  0.1794378808062871    
  0.1811215541867560    
  0.1827913925476454    
  0.1844472939645474    
  0.1860891612485305    
  0.1877169020711707    
  0.1893304283690043    
  0.1909296562029515    
  0.1925145063530432    
  0.1940849044451642    
  0.1956407803122073    
  0.1971820678260823    
  0.1987087055172066    
  0.2002206367056923    
  0.2017178088025851    
  0.2032001730999398    
  0.2046676854252711    
  0.2061203062999594    
  0.2075580001855014    
  0.2089807352161919    
  0.2103884838791359    
  0.2117812232088404    
  0.2131589339898414    
  0.2145216004334494    
  0.2158692108826871    
  0.2172017580456118    
  0.2185192381521154    
  0.2198216505684005    
  0.2211089985308804    
  0.2223812894329629    
  0.2236385339409140    
  0.2248807455347830    
  0.2261079412664595    
  0.2273201421154400    
  0.2285173720778343    
  0.2296996576229839    
  0.2308670284548264    
  0.2320195179381480    
  0.2331571621873800    
  0.2342799994606823    
  0.2353880709175546    
  0.2364814210880882    
  0.2375600969449885    
  0.2386241472531533    
  0.2396736233625000    
  0.2407085797340172    
  0.2417290729603750    
  0.2427351610311613    
  0.2437269041768249    
  0.2447043655089629    
  0.2456676100076546    
  0.2466167036525630    
  0.2475517142743187    
  0.2484727123392356    
  0.2493797699641137    
  0.2502729599162555    
  0.2511523564179857    
  0.2520180360464755    
  0.2528700768100539    
  0.2537085570621793    
  0.2545335562579326    
  0.2553451559327070    
  0.2561434388174498    
  0.2569284876809723    
  0.2577003860717229    
  0.2584592193906385    
  0.2592050740215268    
  0.2599380360646422    
  0.2606581920671230    
  0.2613656302396783    
  0.2620604396293423    
  0.2627427087003132    
  0.2634125259963341    
  0.2640699815207716    
  0.2647151660256691    
  0.2653481694598334    
  0.2659690815000022    
  0.2665779930423352    
  0.2671749956379733    
  0.2677601798677922    
  0.2683336357479879    
  0.2688954542918172    
  0.2694457270670982    
  0.2699845445105051    
  0.2705119962300338    
  0.2710281726473810    
  0.2715331646716104    
  0.2720270619320538    
  0.2725099529610994    
  0.2729819269336702    
  0.2734430734917603    
  0.2738934808945395    
  0.2743332360379789    
  0.2747624262730856    
  0.2751811394219567    
  0.2755894618800910    
  0.2759874784421583    
  0.2763752741512037    
  0.2767529345195559    
  0.2771205436348140    
  0.2774781837984733    
  0.2778259373626590    
  0.2781638871328962    
  0.2784921145004633    
  0.2788106989164539    
  0.2791197197122686    
  0.2794192566767209    
  0.2797093882125761    
  0.2799901906336605    
  0.2802617399593828    
  0.2805241126867887    
  0.2807773839978027    
  0.2810216268624681    
  0.2812569137671552    
  0.2814833176861606    
  0.2817009103854666    
  0.2819097613408698    
  0.2821099393535693    
  0.2823015136972225    
  0.2824845525560125    
  0.2826591217921592    
  0.2828252864252974    
  0.2829831119183752    
  0.2831326627576323    
  0.2832740010955989    
  0.2834071880917304    
  0.2835322853231473    
  0.2836493535148039    
  0.2837584510672385    
  0.2838596352409729    
  0.2839529636779406    
  0.2840384933019313    
  0.2841162787494008    
  0.2841863733758258    
  0.2842488308645027    
  0.2843037043205860    
  0.2843510446362373    
  0.2843909012963102    
  0.2844233240305448    
  0.2844483621135253    
  0.2844660627171560    
  0.2844764715213692    
  0.2844796343568652    
  0.2844755966832780    
  0.2844644019659709    
  0.2844460921333856    
  0.2844207092021455    
  0.2843882948988615    
  0.2843488890415388    
  0.2843025298430973    
  0.2842492555355232    
  0.2841891041722782    
  0.2841221120381845    
  0.2840483137623138    
  0.2839677438721914    
  0.2838804367686448    
  0.2837864252374912    
  0.2836857404294733    
  0.2835784133106448    
  0.2834644747388267    
  0.2833439540640710    
  0.2832168790200673    
  0.2830832771022788    
  0.2829431757366416    
  0.2827966009475429    
  0.2826435771487662    
  0.2824841284462837    
  0.2823182789112808    
  0.2821460513413016    
  0.2819674669574934    
  0.2817825466006065    
  0.2815913110774009    
  0.2813937800298712    
  0.2811899715773932    
  0.2809799034118847    
  0.2807635931892575    
  0.2805410574923282    
  0.2803123114329029    
  0.2800773696574475    
  0.2798362467748421    
  0.2795889564066968    
  0.2793355107573206    
  0.2790759215333606    
  0.2788102003988426    
  0.2785383581094152    
  0.2782604040583492    
