  0.2112689571992052    
  0.2132391543213884    
  0.2152389557538115    
  0.2172688006759837    
  0.2193291431994615    
  0.2214204529787704    
  0.2235432157945044    
  0.2256979341339826    
  0.2278851278741143    
  0.2301053350464366    
  0.2323591125821504    
  0.2346470370612109    
  0.2369697055753219    
  0.2393277366874289    
  0.2417217713814929    
  0.2441524740252765    
  0.2466205334615561    
  0.2491266642131282    
  0.2516716076911161    
  0.2542561334280276    
  0.2568810404569348    
  0.2595471588248024    
  0.2622553511245585    
  0.2650065140658897    
  0.2678015802123109    
  0.2706415198746755    
  0.2735273430394189    
  0.2764601013490197    
  0.2794408902678590    
  0.2824708514241941    
  0.2855511749972334    
  0.2886831021612491    
  0.2918679277226174    
  0.2951070029364745    
  0.2984017383558303    
  0.3017536067116882    
  0.3051641459538661    
  0.3086349624229406    
  0.3121677339734878    
  0.3157642130140312    
  0.3194262295631494    
  0.3231556942441888    
  0.3269546009651489    
  0.3308250291660743    
  0.3347691456411063    
  0.3387892057287609    
  0.3428875534396187    
  0.3470666201921643    
  0.3513289219107227    
  0.3556770539431691    
  0.3601136829252035    
  0.3646415347171421    
  0.3692633774935964    
  0.3739819985707225    
  0.3788001729711524    
  0.3837206214436531    
  0.3887459552521096    
  0.3938786040600654    
  0.3991207220354503    
  0.4044740662948523    
  0.4099398405091543    
  0.4155184943598784    
  0.4212094669665774    
  0.4270108598599518    
  0.4329190220441144    
  0.4389280256772926    
  0.4450290065902184    
  0.4512093402045834    
  0.4574516205779027    
  0.4637324089811802    
  0.4700207213931341    
  0.4762762356043007    
  0.4824472225893986    
  0.4884682495978734    
  0.4942577731883824    
  0.4997158483256514    
  0.5047223284561502    
  0.5091361140680161    
  0.5127961959962108    
  0.5155253716026016    
  0.5171374800376909    
  0.5174486734901880    
  0.5162925107871994    
  0.5135375492142116    
  0.5091048672234204    
  0.5029820641239360    
  0.4952303128160873    
  0.4859822764639686    
  0.4754308628857832    
  0.4638110757200161    
  0.4513787156454832    
  0.4383898868913378    
  0.4250843156406605    
  0.4116739799698469    
  0.3983371254544251    
  0.3852167837054276    
  0.3724224992719484    
  0.3600339783152474    
  0.3481056121175927    
  0.3366711400271115    
  0.3257480025761521    
  0.3153411562740722    
  0.3054462721333552    
  0.2960523309110644    
  0.2871436751052579    
  0.2787015967503489    
  0.2707055429512123    
  0.2631340150313946    
  0.2559652267509508    
  0.2491775758590750    
  0.2427499731383016    
  0.2366620641158080    
  0.2308943706660515    
  0.2254283733452553    
  0.2202465505965869    
  0.2153323872085686    
  0.2106703611456206    
  0.2062459154199226    
  0.2020454201297158    
  0.1980561285677300    
  0.1942661300771572    
  0.1906643014523764    
  0.1872402583076422    
  0.1839843075246769    
  0.1808874013911207    
  0.1779410937005169    
  0.1751374980872823    
  0.1724692488542747    
  0.1699294643019831    
  0.1675117124030270    
  0.1652099787751234    
  0.1630186369804535    
  0.1609324210201624    
  0.1589463997826881    
  0.1570559533344336    
  0.1552567510407859    
  0.1535447313823168    
  0.1519160832369478    
  0.1503672285229012    
  0.1488948062013351    
  0.1474956575327049    
  0.1461668123905282    
  0.1449054765478296    
  0.1437090199545338    
  0.1425749659313344    
  0.1415009811153103    
  0.1404848660912039    
  0.1395245467432008    
  0.1386180662790064    
  0.1377635777868495    
  0.1369593372727931    
  0.1362036972249492    
  0.1354951006767934    
  0.1348320756495289    
  0.1342132299295563    
  0.1336372462352055    
  0.1331028777605230    
  0.1326089439906097    
  0.1321543267495307    
  0.1317379665392896    
  0.1313588591696524    
  0.1310160525844492    
  0.1307086438478469    
  0.1304357763511742    
  0.1301966372493052    
  0.1299904550407277    
  0.1298164972555689    
  0.1296740683129161    
  0.1295625075638654    
  0.1294811874410210    
  0.1294295116781406    
  0.1294069136609536    
  0.1294128549317622    
  0.1294468237739983    
  0.1295083338391715    
  0.1295969228762299    
  0.1297121515909902    
  0.1298536025662101    
  0.1300208792030145    
  0.1302136047425101    
  0.1304314213997800    
  0.1306739895445026    
  0.1309409868866732    
  0.1312321077246649    
  0.1315470622919399    
  0.1318855761400774    
  0.1322473895143547    
  0.1326322567773980    
  0.1330399459207728    
  0.1334702381050649    
  0.1339229271823732    
  0.1343978192551931    
  0.1348947323150990    
  0.1354134959043656    
  0.1359539507518611    
  0.1365159484354807    
  0.1370993511179741    
  0.1377040313019220    
  0.1383298715527032    
  0.1389767642399234    
  0.1396446113473003    
  0.1403333242991590    
  0.1410428237499920    
  0.1417730393859464    
  0.1425239097912792    
  0.1432953823300699    
  0.1440874129871144    
  0.1448999662153262    
  0.1457330148458060    
  0.1465865400129423    
  0.1474605310358173    
  0.1483549853016224    
  0.1492699082103481    
  0.1502053131351775    
  0.1511612213371921    
  0.1521376618783921    
  0.1531346715953066    
  0.1541522950896893    
  0.1551905846722954    
  0.1562496003020396    
  0.1573294095856657    
  0.1584300877963422    
  0.1595517178446154    
  0.1606943902424853    
  0.1618582031286175    
  0.1630432623147891    
  0.1642496812842398    
  0.1654775811812561    
  0.1667270908631336    
  0.1679983469763277    
  0.1692914939844387    
  0.1706066841857453    
  0.1719440777946753    
  0.1733038430509413    
  0.1746861562809932    
  0.1760912019477388    
  0.1775191727660785    
  0.1789702698499309    
  0.1804447028124805    
  0.1819426898539217    
  0.1834644579173945    
  0.1850102428806581    
  0.1865802897022789    
  0.1881748525550393    
  0.1897941950305552    
  0.1914385903844461    
  0.1931083217377550    
  0.1948036822658802    
  0.1965249754625466    
  0.1982725154499462    
  0.2000466272474323    
  0.2018476470286110    
  0.2036759224582500    
  0.2055318130820759    
  0.2074156906783259    
  0.2093279395994023    
  0.2112689571992052    
  0.2132391543213884    
  0.2152389557538115    
  0.2172688006759837    
  0.2193291431994615    
  0.2214204529787704    
  0.2235432157945044    
  0.2256979341339826    
  0.2278851278741143    
  0.2301053350464366    
  0.2323591125821504    
  0.2346470370612109    
  0.2369697055753219    
  0.2393277366874289    
  0.2417217713814929    
  0.2441524740252765    
  0.2466205334615561    
  0.2491266642131282    
  0.2516716076911161    
  0.2542561334280276    
  0.2568810404569348    
  0.2595471588248024    
  0.2622553511245585    
  0.2650065140658897    
  0.2678015802123109    
  0.2706415198746755    
  0.2735273430394189    
  0.2764601013490197    
  0.2794408902678590    
  0.2824708514241941    
  0.2855511749972334    
  0.2886831021612491    
  0.2918679277226174    
  0.2951070029364745    
  0.2984017383558303    
  0.3017536067116882    
  0.3051641459538661    
  0.3086349624229406    
  0.3121677339734878    
  0.3157642130140312    
  0.3194262295631494    
  0.3231556942441888    
  0.3269546009651489    
  0.3308250291660743    
  0.3347691456411063    
  0.3387892057287609    
  0.3428875534396187    
  0.3470666201921643    
  0.3513289219107227    
  0.3556770539431691    
  0.3601136829252035    
  0.3646415347171421    
  0.3692633774935964    
  0.3739819985707225    
  0.3788001729711524    
  0.3837206214436531    
  0.3887459552521096    
  0.3938786040600654    
  0.3991207220354503    
  0.4044740662948523    
  0.4099398405091543    
  0.4155184943598784    
  0.4212094669665774    
  0.4270108598599518    
  0.4329190220441144    
  0.4389280256772926    
  0.4450290065902184    
  0.4512093402045834    
  0.4574516205779027    
  0.4637324089811802    
  0.4700207213931341    
  0.4762762356043007    
  0.4824472225893986    
  0.4884682495978734    
  0.4942577731883824    
  0.4997158483256514    
  0.5047223284561502    
  0.5091361140680161    
  0.5127961959962108    
  0.5155253716026016    
  0.5171374800376909    
  0.5174486734901880    
  0.5162925107871994    
  0.5135375492142116    
  0.5091048672234204    
  0.5029820641239360    
  0.4952303128160873    
  0.4859822764639686    
  0.4754308628857832    
  0.4638110757200161    
  0.4513787156454832    
  0.4383898868913378    
  0.4250843156406605    
  0.4116739799698469    
  0.3983371254544251    
  0.3852167837054276    
  0.3724224992719484    
  0.3600339783152474    
  0.3481056121175927    
  0.3366711400271115    
  0.3257480025761521    
  0.3153411562740722    
  0.3054462721333552    
  0.2960523309110644    
  0.2871436751052579    
  0.2787015967503489    
  0.2707055429512123    
  0.2631340150313946    
  0.2559652267509508    
  0.2491775758590750    
  0.2427499731383016    
  0.2366620641158080    
  0.2308943706660515    
  0.2254283733452553    
  0.2202465505965869    
  0.2153323872085686    
  0.2106703611456206    
  0.2062459154199226    
  0.2020454201297158    
  0.1980561285677300    
  0.1942661300771572    
  0.1906643014523764    
  0.1872402583076422    
  0.1839843075246769    
  0.1808874013911207    
  0.1779410937005169    
  0.1751374980872823    
  0.1724692488542747    
  0.1699294643019831    
  0.1675117124030270    
  0.1652099787751234    
  0.1630186369804535    
  0.1609324210201624    
  0.1589463997826881    
  0.1570559533344336    
  0.1552567510407859    
  0.1535447313823168    
  0.1519160832369478    
  0.1503672285229012    
  0.1488948062013351    
  0.1474956575327049    
  0.1461668123905282    
  0.1449054765478296    
  0.1437090199545338    
  0.1425749659313344    
  0.1415009811153103    
  0.1404848660912039    
  0.1395245467432008    
  0.1386180662790064    
  0.1377635777868495    
  0.1369593372727931    
  0.1362036972249492    
  0.1354951006767934    
  0.1348320756495289    
  0.1342132299295563    
  0.1336372462352055    
  0.1331028777605230    
  0.1326089439906097    
  0.1321543267495307    
  0.1317379665392896    
  0.1313588591696524    
  0.1310160525844492    
  0.1307086438478469    
  0.1304357763511742    
  0.1301966372493052    
  0.1299904550407277    
  0.1298164972555689    
  0.1296740683129161    
  0.1295625075638654    
  0.1294811874410210    
  0.1294295116781406    
  0.1294069136609536    
  0.1294128549317622    
  0.1294468237739983    
  0.1295083338391715    
  0.1295969228762299    
  0.1297121515909902    
  0.1298536025662101    
  0.1300208792030145    
  0.1302136047425101    
  0.1304314213997800    
  0.1306739895445026    
  0.1309409868866732    
  0.1312321077246649    
  0.1315470622919399    
  0.1318855761400774    
  0.1322473895143547    
  0.1326322567773980    
  0.1330399459207728    
  0.1334702381050649    
  0.1339229271823732    
  0.1343978192551931    
  0.1348947323150990    
  0.1354134959043656    
  0.1359539507518611    
  0.1365159484354807    
  0.1370993511179741    
  0.1377040313019220    
  0.1383298715527032    
  0.1389767642399234    
  0.1396446113473003    
  0.1403333242991590    
  0.1410428237499920    
  0.1417730393859464    
  0.1425239097912792    
  0.1432953823300699    
  0.1440874129871144    
  0.1448999662153262    
  0.1457330148458060    
  0.1465865400129423    
  0.1474605310358173    
  0.1483549853016224    
  0.1492699082103481    
  0.1502053131351775    
  0.1511612213371921    
  0.1521376618783921    
  0.1531346715953066    
  0.1541522950896893    
  0.1551905846722954    
  0.1562496003020396    
  0.1573294095856657    
  0.1584300877963422    
  0.1595517178446154    
  0.1606943902424853    
  0.1618582031286175    
  0.1630432623147891    
  0.1642496812842398    
  0.1654775811812561    
  0.1667270908631336    
  0.1679983469763277    
  0.1692914939844387    
  0.1706066841857453    
  0.1719440777946753    
  0.1733038430509413    
  0.1746861562809932    
  0.1760912019477388    
  0.1775191727660785    
  0.1789702698499309    
  0.1804447028124805    
  0.1819426898539217    
  0.1834644579173945    
  0.1850102428806581    
  0.1865802897022789    
  0.1881748525550393    
  0.1897941950305552    
  0.1914385903844461    
  0.1931083217377550    
  0.1948036822658802    
  0.1965249754625466    
  0.1982725154499462    
  0.2000466272474323    
  0.2018476470286110    
  0.2036759224582500    
  0.2055318130820759    
  0.2074156906783259    
  0.2093279395994023    
