  0.9778602946249076E-01
  0.9632479193568333E-01
  0.9486008568366167E-01
  0.9339195217320384E-01
  0.9192043303516129E-01
  0.9044557006651899E-01
  0.8896740523238250E-01
  0.8748598066789137E-01
  0.8600133868006399E-01
  0.8451352174956428E-01
  0.8302257253239986E-01
  0.8152853386154524E-01
  0.8003144874849388E-01
  0.7853136038473690E-01
  0.7702831214317052E-01
  0.7552234757942972E-01
  0.7401351043315324E-01
  0.7250184462917381E-01
  0.7098739427863948E-01
  0.6947020368006163E-01
  0.6795031732029533E-01
  0.6642777987544646E-01
  0.6490263621171155E-01
  0.6337493138614464E-01
  0.6184471064735925E-01
  0.6031201943615772E-01
  0.5877690338609481E-01
  0.5723940832397240E-01
  0.5569958027026867E-01
  0.5415746543949890E-01
  0.5261311024051207E-01
  0.5106656127672010E-01
  0.4951786534626684E-01
  0.4796706944212659E-01
  0.4641422075214546E-01
  0.4485936665901491E-01
  0.4330255474018685E-01
  0.4174383276772459E-01
  0.4018324870809575E-01
  0.3862085072190125E-01
  0.3705668716354987E-01
  0.3549080658086995E-01
  0.3392325771466714E-01
  0.3235408949822277E-01
  0.3078335105673879E-01
  0.2921109170672614E-01
  0.2763736095533992E-01
  0.2606220849965929E-01
  0.2448568422591801E-01
  0.2290783820867959E-01
  0.2132872070996378E-01
  0.1974838217832103E-01
  0.1816687324785921E-01
  0.1658424473722153E-01
  0.1500054764851749E-01
  0.1341583316620554E-01
  0.1183015265593451E-01
  0.1024355766333684E-01
  0.8656099912781157E-02
  0.7067831306080130E-02
  0.5478803921159903E-02
  0.3889070010685336E-02
  0.2298682000648589E-02
  0.7076924889153346E-03
 -0.8838457562630464E-03
 -0.2475879797778247E-02
 -0.4068356531226058E-02
 -0.5661222686506928E-02
 -0.7254424829455708E-02
 -0.8847909363506490E-02
 -0.1044162253138814E-01
 -0.1203551041685347E-01
 -0.1362951894643377E-01
 -0.1522359389122663E-01
 -0.1681768086870877E-01
 -0.1841172534457969E-01
 -0.2000567263462821E-01
 -0.2159946790662692E-01
 -0.2319305618224959E-01
 -0.2478638233901492E-01
 -0.2637939111224874E-01
 -0.2797202709707025E-01
 -0.2956423475039838E-01
 -0.3115595839297808E-01
 -0.3274714221142355E-01
 -0.3433773026028097E-01
 -0.3592766646410667E-01
 -0.3751689461956459E-01
 -0.3910535839753471E-01
 -0.4069300134524068E-01
 -0.4227976688838786E-01
 -0.4386559833331799E-01
 -0.4545043886917099E-01
 -0.4703423157006337E-01
 -0.4861691939727186E-01
 -0.5019844520143102E-01
 -0.5177875172473545E-01
 -0.5335778160315297E-01
 -0.5493547736864257E-01
 -0.5651178145138219E-01
 -0.5808663618199916E-01
 -0.5965998379380832E-01
 -0.6123176642505307E-01
 -0.6280192612115415E-01
 -0.6437040483695777E-01
 -0.6593714443898979E-01
 -0.6750208670771024E-01
 -0.6906517333977130E-01
 -0.7062634595027339E-01
 -0.7218554607502381E-01
 -0.7374271517279335E-01
 -0.7529779462757497E-01
 -0.7685072575083890E-01
 -0.7840144978378749E-01
 -0.7994990789960821E-01
 -0.8149604120572634E-01
 -0.8303979074605317E-01
 -0.8458109750323262E-01
 -0.8611990240088474E-01
 -0.8765614630584656E-01
 -0.8918977003040801E-01
 -0.9072071433454387E-01
 -0.9224891992814288E-01
 -0.9377432747323144E-01
 -0.9529687758619221E-01
 -0.9681651083998011E-01
 -0.9833316776633078E-01
 -0.9984678885796955E-01
 -0.1013573145708100    
 -0.1028646853261523    
 -0.1043688415128747    
 -0.1058697234896246    
 -0.1073672715870000    
 -0.1088614261097298    
 -0.1103521273388495    
 -0.1118393155338742    
 -0.1133229309349664    
 -0.1148029137651007    
 -0.1162792042322259    
 -0.1177517425314255    
 -0.1192204688470739    
 -0.1206853233549920    
 -0.1221462462246001    
 -0.1236031776210745    
 -0.1250560577074991    
 -0.1265048266470188    
 -0.1279494246049972    
 -0.1293897917511733    
 -0.1308258682618213    
 -0.1322575943219138    
 -0.1336849101272863    
 -0.1351077558868112    
 -0.1365260718245717    
 -0.1379397981820440    
 -0.1393488752202877    
 -0.1407532432221438    
 -0.1421528424944425    
 -0.1435476133702227    
 -0.1449374962109604    
 -0.1463224314088161    
 -0.1477023593888899    
 -0.1490772206114960    
 -0.1504469555744516    
 -0.1518115048153847    
 -0.1531708089140604    
 -0.1545248084947253    
 -0.1558734442284755    
 -0.1572166568356492    
 -0.1585543870882407    
 -0.1598865758123427    
 -0.1612131638906164    
 -0.1625340922647923    
 -0.1638493019382012    
 -0.1651587339783385    
 -0.1664623295194632    
 -0.1677600297652346    
 -0.1690517759913862    
 -0.1703375095484376    
 -0.1716171718644515    
 -0.1728907044478307    
 -0.1741580488901660    
 -0.1754191468691246    
 -0.1766739401513937    
 -0.1779223705956753    
 -0.1791643801557328    
 -0.1803999108834924    
 -0.1816289049322055    
 -0.1828513045596663    
 -0.1840670521314942    
 -0.1852760901244788    
 -0.1864783611299901    
 -0.1876738078574618    
 -0.1888623731379413    
 -0.1900439999277135    
 -0.1912186313119990    
 -0.1923862105087302    
 -0.1935466808724025    
 -0.1946999858980076    
 -0.1958460692250505    
 -0.1969848746416530    
 -0.1981163460887426    
 -0.1992404276643336    
 -0.2003570636278993    
 -0.2014661984048376    
 -0.2025677765910330    
 -0.2036617429575132    
 -0.2047480424552068    
 -0.2058266202198038    
 -0.2068974215767172    
 -0.2079603920461508    
 -0.2090154773482753    
 -0.2100626234085141    
 -0.2111017763629373    
 -0.2121328825637674    
 -0.2131558885849998    
 -0.2141707412281365    
 -0.2151773875280356    
 -0.2161757747588773    
 -0.2171658504402501    
 -0.2181475623433553    
 -0.2191208584973352    
 -0.2200856871957195    
 -0.2210419970029960    
 -0.2219897367613068    
 -0.2229288555972628    
 -0.2238593029288825    
 -0.2247810284726548    
 -0.2256939822507251    
 -0.2265981145982062    
 -0.2274933761706117    
 -0.2283797179514135    
 -0.2292570912597243    
 -0.2301254477580973    
 -0.2309847394604462    
 -0.2318349187400868    
 -0.2326759383378950    
 -0.2335077513705826    
 -0.2343303113390900    
 -0.2351435721370905    
 -0.2359474880596095    
 -0.2367420138117480    
 -0.2375271045175098    
 -0.2383027157287350    
 -0.2390688034341315    
 -0.2398253240684058    
 -0.2405722345214838    
 -0.2413094921478252    
 -0.2420370547758230    
 -0.2427548807172829    
 -0.2434629287769765    
 -0.2441611582622703    
 -0.2448495289928163    
 -0.2455280013103070    
 -0.2461965360882847    
 -0.2468550947420009    
 -0.2475036392383230    
 -0.2481421321056787    
 -0.2487705364440260    
 -0.2493888159348530    
 -0.2499969348511890    
 -0.2505948580676259    
 -0.2511825510703414    
 -0.2517599799671175    
 -0.2523271114973473    
 -0.2528839130420166    
 -0.2534303526336521    
 -0.2539663989662309    
 -0.2544920214050401    
 -0.2550071899964805    
 -0.2555118754777990    
 -0.2560060492867480    
 -0.2564896835711552    
 -0.2569627511983974    
 -0.2574252257647607    
 -0.2578770816046909    
 -0.2583182937999173    
 -0.2587488381884361    
 -0.2591686913733429    
 -0.2595778307315055    
 -0.2599762344220629    
 -0.2603638813947449    
 -0.2607407513980009    
 -0.2611068249869319    
 -0.2614620835310095    
 -0.2618065092215680    
 -0.2621400850790545    
 -0.2624627949600329    
 -0.2627746235639314    
 -0.2630755564395260    
 -0.2633655799911485    
 -0.2636446814846117    
 -0.2639128490528337    
 -0.2641700717011539    
 -0.2644163393123271    
 -0.2646516426511916    
 -0.2648759733690051    
 -0.2650893240074372    
 -0.2652916880022058    
 -0.2654830596863553    
 -0.2656634342931607    
 -0.2658328079586558    
 -0.2659911777237758    
 -0.2661385415361104    
 -0.2662748982512637    
 -0.2664002476338083    
 -0.2665145903578254    
 -0.2666179280070353    
 -0.2667102630745046    
 -0.2667915989619364    
 -0.2668619399785310    
 -0.2669212913394239    
 -0.2669696591636904    
 -0.2670070504719160    
 -0.2670334731833262    
 -0.2670489361124844    
 -0.2670534489655527    
 -0.2670470223361214    
 -0.2670296677006039    
 -0.2670013974132004    
 -0.2669622247004310    
 -0.2669121636552418    
 -0.2668512292306773    
 -0.2667794372331431    
 -0.2666968043152473    
 -0.2666033479682355    
 -0.2664990865140198    
 -0.2663840390968111    
 -0.2662582256743586    
 -0.2661216670088060    
 -0.2659743846571685    
 -0.2658164009614483    
 -0.2656477390383882    
 -0.2654684227688793    
 -0.2652784767870249    
 -0.2650779264688772    
 -0.2648667979208553    
 -0.2646451179678623    
 -0.2644129141411025    
 -0.2641702146656280    
 -0.2639170484476039    
 -0.2636534450613195    
 -0.2633794347359486    
 -0.2630950483420857    
 -0.2628003173780689    
 -0.2624952739561017    
 -0.2621799507881808    
 -0.2618543811718502    
 -0.2615185989757935    
 -0.2611726386252824    
 -0.2608165350874980    
 -0.2604503238567339    
 -0.2600740409394993    
 -0.2596877228395311    
 -0.2592914065427339    
 -0.2588851295020713    
 -0.2584689296224138    
 -0.2580428452453623    
 -0.2576069151340522    
 -0.2571611784579595    
 -0.2567056747777221    
 -0.2562404440299948    
 -0.2557655265123473    
 -0.2552809628682238    
 -0.2547867940719687    
 -0.2542830614139415    
 -0.2537698064857246    
 -0.2532470711654449    
 -0.2527148976032180    
 -0.2521733282067263    
 -0.2516224056269352    
 -0.2510621727439741    
 -0.2504926726531822    
 -0.2499139486513370    
 -0.2493260442230674    
 -0.2487290030274698    
 -0.2481228688849285    
 -0.2475076857641552    
 -0.2468834977694474    
 -0.2462503491281884    
 -0.2456082841785816    
 -0.2449573473576386    
 -0.2442975831894163    
 -0.2436290362735196    
 -0.2429517512738704    
 -0.2422657729077522    
 -0.2415711459351231    
 -0.2408679151482226    
 -0.2401561253614534    
 -0.2394358214015609    
 -0.2387070480981017    
 -0.2379698502742120    
 -0.2372242727376719    
 -0.2364703602722749    
 -0.2357081576294950    
 -0.2349377095204605    
 -0.2341590606082322    
 -0.2333722555003876    
 -0.2325773387419077    
 -0.2317743548083715    
 -0.2309633480994559    
 -0.2301443629327409    
 -0.2293174435378131    
 -0.2284826340506789    
 -0.2276399785084702    
 -0.2267895208444535    
 -0.2259313048833285    
 -0.2250653743368252    
 -0.2241917727995863    
 -0.2233105437453426    
 -0.2224217305233676    
 -0.2215253763552155    
 -0.2206215243317347    
 -0.2197102174103556    
 -0.2187914984126444    
 -0.2178654100221225    
 -0.2169319947823458    
 -0.2159912950952427    
 -0.2150433532196963    
 -0.2140882112703812    
 -0.2131259112168343    
 -0.2121564948827679    
 -0.2111800039456087    
 -0.2101964799362653    
 -0.2092059642391143    
 -0.2082084980922027    
 -0.2072041225876569    
 -0.2061928786723007    
 -0.2051748071484680    
 -0.2041499486750127    
 -0.2031183437685020    
 -0.2020800328045949    
 -0.2010350560195935    
 -0.1999834535121692    
 -0.1989252652452458    
 -0.1978605310480510    
 -0.1967892906183144    
 -0.1957115835246204    
 -0.1946274492088984    
 -0.1935369269890532    
 -0.1924400560617262    
 -0.1913368755051828    
 -0.1902274242823181    
 -0.1891117412437816    
 -0.1879898651312075    
 -0.1868618345805555    
 -0.1857276881255450    
 -0.1845874642011884    
 -0.1834412011474116    
 -0.1822889372127616    
 -0.1811307105581872    
 -0.1799665592609021    
 -0.1787965213183111    
 -0.1776206346520064    
 -0.1764389371118213    
 -0.1752514664799428    
 -0.1740582604750714    
 -0.1728593567566346    
 -0.1716547929290359    
 -0.1704446065459481    
 -0.1692288351146369    
 -0.1680075161003189    
 -0.1667806869305415    
 -0.1655483849995890    
 -0.1643106476729068    
 -0.1630675122915413    
 -0.1618190161765896    
 -0.1605651966336606    
 -0.1593060909573376    
 -0.1580417364356457    
 -0.1567721703545139    
 -0.1554974300022345    
 -0.1542175526739125    
 -0.1529325756759071    
 -0.1516425363302547    
 -0.1503474719790792    
 -0.1490474199889802    
 -0.1477424177554016    
 -0.1464325027069731    
 -0.1451177123098248    
 -0.1437980840718736    
 -0.1424736555470787    
 -0.1411444643396567    
 -0.1398105481082688    
 -0.1384719445701625    
 -0.1371286915052785    
 -0.1357808267603107    
 -0.1344283882527251    
 -0.1330714139747304    
 -0.1317099419972037    
 -0.1303440104735623    
 -0.1289736576435889    
 -0.1275989218372005    
 -0.1262198414781660    
 -0.1248364550877661    
 -0.1234488012883979    
 -0.1220569188071201    
 -0.1206608464791423    
 -0.1192606232512476    
 -0.1178562881851603    
 -0.1164478804608466    
 -0.1150354393797559    
 -0.1136190043679925    
 -0.1121986149794272    
 -0.1107743108987381    
 -0.1093461319443898    
 -0.1079141180715391    
 -0.1064783093748766    
 -0.1050387460913973    
 -0.1035954686031044    
 -0.1021485174396388    
 -0.1006979332808411    
 -0.9924375695924320E-01
 -0.9778602946249076E-01
 -0.9632479193568333E-01
 -0.9486008568366167E-01
 -0.9339195217320384E-01
 -0.9192043303516129E-01
 -0.9044557006651899E-01
 -0.8896740523238250E-01
 -0.8748598066789137E-01
 -0.8600133868006399E-01
 -0.8451352174956428E-01
 -0.8302257253239986E-01
 -0.8152853386154524E-01
 -0.8003144874849388E-01
 -0.7853136038473690E-01
 -0.7702831214317052E-01
 -0.7552234757942972E-01
 -0.7401351043315324E-01
 -0.7250184462917381E-01
 -0.7098739427863948E-01
 -0.6947020368006163E-01
 -0.6795031732029533E-01
 -0.6642777987544646E-01
 -0.6490263621171155E-01
 -0.6337493138614464E-01
 -0.6184471064735925E-01
 -0.6031201943615772E-01
 -0.5877690338609481E-01
 -0.5723940832397240E-01
 -0.5569958027026867E-01
 -0.5415746543949890E-01
 -0.5261311024051207E-01
 -0.5106656127672010E-01
 -0.4951786534626684E-01
 -0.4796706944212659E-01
 -0.4641422075214546E-01
 -0.4485936665901491E-01
 -0.4330255474018685E-01
 -0.4174383276772459E-01
 -0.4018324870809575E-01
 -0.3862085072190125E-01
 -0.3705668716354987E-01
 -0.3549080658086995E-01
 -0.3392325771466714E-01
 -0.3235408949822277E-01
 -0.3078335105673879E-01
 -0.2921109170672614E-01
 -0.2763736095533992E-01
 -0.2606220849965929E-01
 -0.2448568422591801E-01
 -0.2290783820867959E-01
 -0.2132872070996378E-01
 -0.1974838217832103E-01
 -0.1816687324785921E-01
 -0.1658424473722153E-01
 -0.1500054764851749E-01
 -0.1341583316620554E-01
 -0.1183015265593451E-01
 -0.1024355766333684E-01
 -0.8656099912781157E-02
 -0.7067831306080130E-02
 -0.5478803921159903E-02
 -0.3889070010685336E-02
 -0.2298682000648589E-02
 -0.7076924889153346E-03
  0.8838457562630464E-03
  0.2475879797778247E-02
  0.4068356531226058E-02
  0.5661222686506928E-02
  0.7254424829455708E-02
  0.8847909363506490E-02
  0.1044162253138814E-01
  0.1203551041685347E-01
  0.1362951894643377E-01
  0.1522359389122663E-01
  0.1681768086870877E-01
  0.1841172534457969E-01
  0.2000567263462821E-01
  0.2159946790662692E-01
  0.2319305618224959E-01
  0.2478638233901492E-01
  0.2637939111224874E-01
  0.2797202709707025E-01
  0.2956423475039838E-01
  0.3115595839297808E-01
  0.3274714221142355E-01
  0.3433773026028097E-01
  0.3592766646410667E-01
  0.3751689461956459E-01
  0.3910535839753471E-01
  0.4069300134524068E-01
  0.4227976688838786E-01
  0.4386559833331799E-01
  0.4545043886917099E-01
  0.4703423157006337E-01
  0.4861691939727186E-01
  0.5019844520143102E-01
  0.5177875172473545E-01
  0.5335778160315297E-01
  0.5493547736864257E-01
  0.5651178145138219E-01
  0.5808663618199916E-01
  0.5965998379380832E-01
  0.6123176642505307E-01
  0.6280192612115415E-01
  0.6437040483695777E-01
  0.6593714443898979E-01
  0.6750208670771024E-01
  0.6906517333977130E-01
  0.7062634595027339E-01
  0.7218554607502381E-01
  0.7374271517279335E-01
  0.7529779462757497E-01
  0.7685072575083890E-01
  0.7840144978378749E-01
  0.7994990789960821E-01
  0.8149604120572634E-01
  0.8303979074605317E-01
  0.8458109750323262E-01
  0.8611990240088474E-01
  0.8765614630584656E-01
  0.8918977003040801E-01
  0.9072071433454387E-01
  0.9224891992814288E-01
  0.9377432747323144E-01
  0.9529687758619221E-01
  0.9681651083998011E-01
  0.9833316776633078E-01
  0.9984678885796955E-01
  0.1013573145708100    
  0.1028646853261523    
  0.1043688415128747    
  0.1058697234896246    
  0.1073672715870000    
  0.1088614261097298    
  0.1103521273388495    
  0.1118393155338742    
  0.1133229309349664    
  0.1148029137651007    
  0.1162792042322259    
  0.1177517425314255    
  0.1192204688470739    
  0.1206853233549920    
  0.1221462462246001    
  0.1236031776210745    
  0.1250560577074991    
  0.1265048266470188    
  0.1279494246049972    
  0.1293897917511733    
  0.1308258682618213    
  0.1322575943219138    
  0.1336849101272863    
  0.1351077558868112    
  0.1365260718245717    
  0.1379397981820440    
  0.1393488752202877    
  0.1407532432221438    
  0.1421528424944425    
  0.1435476133702227    
  0.1449374962109604    
  0.1463224314088161    
  0.1477023593888899    
  0.1490772206114960    
  0.1504469555744516    
  0.1518115048153847    
  0.1531708089140604    
  0.1545248084947253    
  0.1558734442284755    
  0.1572166568356492    
  0.1585543870882407    
  0.1598865758123427    
  0.1612131638906164    
  0.1625340922647923    
  0.1638493019382012    
  0.1651587339783385    
  0.1664623295194632    
  0.1677600297652346    
  0.1690517759913862    
  0.1703375095484376    
  0.1716171718644515    
  0.1728907044478307    
  0.1741580488901660    
  0.1754191468691246    
  0.1766739401513937    
  0.1779223705956753    
  0.1791643801557328    
  0.1803999108834924    
  0.1816289049322055    
  0.1828513045596663    
  0.1840670521314942    
  0.1852760901244788    
  0.1864783611299901    
  0.1876738078574618    
  0.1888623731379413    
  0.1900439999277135    
  0.1912186313119990    
  0.1923862105087302    
  0.1935466808724025    
  0.1946999858980076    
  0.1958460692250505    
  0.1969848746416530    
  0.1981163460887426    
  0.1992404276643336    
  0.2003570636278993    
  0.2014661984048376    
  0.2025677765910330    
  0.2036617429575132    
  0.2047480424552068    
  0.2058266202198038    
  0.2068974215767172    
  0.2079603920461508    
  0.2090154773482753    
  0.2100626234085141    
  0.2111017763629373    
  0.2121328825637674    
  0.2131558885849998    
  0.2141707412281365    
  0.2151773875280356    
  0.2161757747588773    
  0.2171658504402501    
  0.2181475623433553    
  0.2191208584973352    
  0.2200856871957195    
  0.2210419970029960    
  0.2219897367613068    
  0.2229288555972628    
  0.2238593029288825    
  0.2247810284726548    
  0.2256939822507251    
  0.2265981145982062    
  0.2274933761706117    
  0.2283797179514135    
  0.2292570912597243    
  0.2301254477580973    
  0.2309847394604462    
  0.2318349187400868    
  0.2326759383378950    
  0.2335077513705826    
  0.2343303113390900    
  0.2351435721370905    
  0.2359474880596095    
  0.2367420138117480    
  0.2375271045175098    
  0.2383027157287350    
  0.2390688034341315    
  0.2398253240684058    
  0.2405722345214838    
  0.2413094921478252    
  0.2420370547758230    
  0.2427548807172829    
  0.2434629287769765    
  0.2441611582622703    
  0.2448495289928163    
  0.2455280013103070    
  0.2461965360882847    
  0.2468550947420009    
  0.2475036392383230    
  0.2481421321056787    
  0.2487705364440260    
  0.2493888159348530    
  0.2499969348511890    
  0.2505948580676259    
  0.2511825510703414    
  0.2517599799671175    
  0.2523271114973473    
  0.2528839130420166    
  0.2534303526336521    
  0.2539663989662309    
  0.2544920214050401    
  0.2550071899964805    
  0.2555118754777990    
  0.2560060492867480    
  0.2564896835711552    
  0.2569627511983974    
  0.2574252257647607    
  0.2578770816046909    
  0.2583182937999173    
  0.2587488381884361    
  0.2591686913733429    
  0.2595778307315055    
  0.2599762344220629    
  0.2603638813947449    
  0.2607407513980009    
  0.2611068249869319    
  0.2614620835310095    
  0.2618065092215680    
  0.2621400850790545    
  0.2624627949600329    
  0.2627746235639314    
  0.2630755564395260    
  0.2633655799911485    
  0.2636446814846117    
  0.2639128490528337    
  0.2641700717011539    
  0.2644163393123271    
  0.2646516426511916    
  0.2648759733690051    
  0.2650893240074372    
  0.2652916880022058    
  0.2654830596863553    
  0.2656634342931607    
  0.2658328079586558    
  0.2659911777237758    
  0.2661385415361104    
  0.2662748982512637    
  0.2664002476338083    
  0.2665145903578254    
  0.2666179280070353    
  0.2667102630745046    
  0.2667915989619364    
  0.2668619399785310    
  0.2669212913394239    
  0.2669696591636904    
  0.2670070504719160    
  0.2670334731833262    
  0.2670489361124844    
  0.2670534489655527    
  0.2670470223361214    
  0.2670296677006039    
  0.2670013974132004    
  0.2669622247004310    
  0.2669121636552418    
  0.2668512292306773    
  0.2667794372331431    
  0.2666968043152473    
  0.2666033479682355    
  0.2664990865140198    
  0.2663840390968111    
  0.2662582256743586    
  0.2661216670088060    
  0.2659743846571685    
  0.2658164009614483    
  0.2656477390383882    
  0.2654684227688793    
  0.2652784767870249    
  0.2650779264688772    
  0.2648667979208553    
  0.2646451179678623    
  0.2644129141411025    
  0.2641702146656280    
  0.2639170484476039    
  0.2636534450613195    
  0.2633794347359486    
  0.2630950483420857    
  0.2628003173780689    
  0.2624952739561017    
  0.2621799507881808    
  0.2618543811718502    
  0.2615185989757935    
  0.2611726386252824    
  0.2608165350874980    
  0.2604503238567339    
  0.2600740409394993    
  0.2596877228395311    
  0.2592914065427339    
  0.2588851295020713    
  0.2584689296224138    
  0.2580428452453623    
  0.2576069151340522    
  0.2571611784579595    
  0.2567056747777221    
  0.2562404440299948    
  0.2557655265123473    
  0.2552809628682238    
  0.2547867940719687    
  0.2542830614139415    
  0.2537698064857246    
  0.2532470711654449    
  0.2527148976032180    
  0.2521733282067263    
  0.2516224056269352    
  0.2510621727439741    
  0.2504926726531822    
  0.2499139486513370    
  0.2493260442230674    
  0.2487290030274698    
  0.2481228688849285    
  0.2475076857641552    
  0.2468834977694474    
  0.2462503491281884    
  0.2456082841785816    
  0.2449573473576386    
  0.2442975831894163    
  0.2436290362735196    
  0.2429517512738704    
  0.2422657729077522    
  0.2415711459351231    
  0.2408679151482226    
  0.2401561253614534    
  0.2394358214015609    
  0.2387070480981017    
  0.2379698502742120    
  0.2372242727376719    
  0.2364703602722749    
  0.2357081576294950    
  0.2349377095204605    
  0.2341590606082322    
  0.2333722555003876    
  0.2325773387419077    
  0.2317743548083715    
  0.2309633480994559    
  0.2301443629327409    
  0.2293174435378131    
  0.2284826340506789    
  0.2276399785084702    
  0.2267895208444535    
  0.2259313048833285    
  0.2250653743368252    
  0.2241917727995863    
  0.2233105437453426    
  0.2224217305233676    
  0.2215253763552155    
  0.2206215243317347    
  0.2197102174103556    
  0.2187914984126444    
  0.2178654100221225    
  0.2169319947823458    
  0.2159912950952427    
  0.2150433532196963    
  0.2140882112703812    
  0.2131259112168343    
  0.2121564948827679    
  0.2111800039456087    
  0.2101964799362653    
  0.2092059642391143    
  0.2082084980922027    
  0.2072041225876569    
  0.2061928786723007    
  0.2051748071484680    
  0.2041499486750127    
  0.2031183437685020    
  0.2020800328045949    
  0.2010350560195935    
  0.1999834535121692    
  0.1989252652452458    
  0.1978605310480510    
  0.1967892906183144    
  0.1957115835246204    
  0.1946274492088984    
  0.1935369269890532    
  0.1924400560617262    
  0.1913368755051828    
  0.1902274242823181    
  0.1891117412437816    
  0.1879898651312075    
  0.1868618345805555    
  0.1857276881255450    
  0.1845874642011884    
  0.1834412011474116    
  0.1822889372127616    
  0.1811307105581872    
  0.1799665592609021    
  0.1787965213183111    
  0.1776206346520064    
  0.1764389371118213    
  0.1752514664799428    
  0.1740582604750714    
  0.1728593567566346    
  0.1716547929290359    
  0.1704446065459481    
  0.1692288351146369    
  0.1680075161003189    
  0.1667806869305415    
  0.1655483849995890    
  0.1643106476729068    
  0.1630675122915413    
  0.1618190161765896    
  0.1605651966336606    
  0.1593060909573376    
  0.1580417364356457    
  0.1567721703545139    
  0.1554974300022345    
  0.1542175526739125    
  0.1529325756759071    
  0.1516425363302547    
  0.1503474719790792    
  0.1490474199889802    
  0.1477424177554016    
  0.1464325027069731    
  0.1451177123098248    
  0.1437980840718736    
  0.1424736555470787    
  0.1411444643396567    
  0.1398105481082688    
  0.1384719445701625    
  0.1371286915052785    
  0.1357808267603107    
  0.1344283882527251    
  0.1330714139747304    
  0.1317099419972037    
  0.1303440104735623    
  0.1289736576435889    
  0.1275989218372005    
  0.1262198414781660    
  0.1248364550877661    
  0.1234488012883979    
  0.1220569188071201    
  0.1206608464791423    
  0.1192606232512476    
  0.1178562881851603    
  0.1164478804608466    
  0.1150354393797559    
  0.1136190043679925    
  0.1121986149794272    
  0.1107743108987381    
  0.1093461319443898    
  0.1079141180715391    
  0.1064783093748766    
  0.1050387460913973    
  0.1035954686031044    
  0.1021485174396388    
  0.1006979332808411    
  0.9924375695924320E-01
