   2.405904433080343    
   2.427241619737217    
   2.449910706750250    
   2.473640708249503    
   2.498110393062570    
   2.523623533226741    
   2.550478382673845    
   2.578351213821659    
   2.606932921221281    
   2.636484051630007    
   2.667169588283268    
   2.698534035172067    
   2.730170518037617    
   2.762185226452811    
   2.794472755151955    
   2.826246483404060    
   2.856745327810983    
   2.885609069866814    
   2.912046981893272    
   2.934375809005186    
   2.950752138946714    
   2.959419041569420    
   2.957656643857493    
   2.941206222125418    
   2.904928041661912    
   2.842749378277236    
   2.746101868599089    
   2.602892487850777    
   2.397733293794805    
   2.111100827019894    
   1.716628255476776    
   1.179135323291534    
  0.4544260426261632    
 -0.5114619116448930    
  -1.783190455668034    
  -3.431681575243953    
  -5.519946628674594    
  -8.078962692900674    
  -11.07249062933951    
  -14.35286978767901    
  -17.63047156378226    
  -20.49988868778602    
  -22.54608693606783    
  -23.49115841107738    
  -23.29509430993082    
  -22.14804345115407    
  -20.36915808962193    
  -18.28472730225644    
  -16.14990504000258    
  -14.12832816886831    
  -12.30621049781885    
  -10.71509081356473    
  -9.352543685457043    
  -8.199151390663692    
  -7.229925104148575    
  -6.419118859099399    
  -5.741584655838348    
  -5.174619580077065    
  -4.699814503848134    
  -4.302306661924904    
  -3.968673880209198    
  -3.687058493429118    
  -3.448869461614286    
  -3.248071088638197    
  -3.078413427426296    
  -2.933342016299875    
  -2.808815305716320    
  -2.703437854986416    
  -2.614727645327621    
  -2.537954973341741    
  -2.470173879558168    
  -2.412375592813440    
  -2.365125023624544    
  -2.324780947128344    
  -2.287355712677973    
  -2.253822498559761    
  -2.227393481104453    
  -2.206913752665346    
  -2.187633686353225    
  -2.168198659913704    
  -2.152037575599083    
  -2.141003131438093    
  -2.132140056651844    
  -2.122504504599890    
  -2.113303011347762    
  -2.106867704035625    
  -2.102602811207444    
  -2.098553423166897    
  -2.094679766015620    
  -2.092038001840159    
  -2.090445862293998    
  -2.089182088990180    
  -2.088544849202636    
  -2.088846355328836    
  -2.089336219006628    
  -2.089768196831904    
  -2.091332488999110    
  -2.094357956527563    
  -2.097060623670795    
  -2.098540528280932    
  -2.100890683950807    
  -2.105870513488265    
  -2.111548448060216    
  -2.115278121245539    
  -2.118282816027433    
  -2.123741642974760    
  -2.131457060847545    
  -2.138285793966756    
  -2.143487369930301    
  -2.149741457905710    
  -2.158448608681529    
  -2.167671302114136    
  -2.175811547826332    
  -2.184158646015289    
  -2.194266734822155    
  -2.205395087355652    
  -2.216275786410102    
  -2.227397598986319    
  -2.239809688353129    
  -2.253212550677663    
  -2.266833791690171    
  -2.280986453966404    
  -2.296343235355701    
  -2.312652785789159    
  -2.329406293434323    
  -2.346923672204365    
  -2.365708139674298    
  -2.385498994913740    
  -2.405904433080343    
  -2.427241619737217    
  -2.449910706750250    
  -2.473640708249503    
  -2.498110393062570    
  -2.523623533226741    
  -2.550478382673845    
  -2.578351213821659    
  -2.606932921221281    
  -2.636484051630007    
  -2.667169588283268    
  -2.698534035172067    
  -2.730170518037617    
  -2.762185226452811    
  -2.794472755151955    
  -2.826246483404060    
  -2.856745327810983    
  -2.885609069866814    
  -2.912046981893272    
  -2.934375809005186    
  -2.950752138946714    
  -2.959419041569420    
  -2.957656643857493    
  -2.941206222125418    
  -2.904928041661912    
  -2.842749378277236    
  -2.746101868599089    
  -2.602892487850777    
  -2.397733293794805    
  -2.111100827019894    
  -1.716628255476776    
  -1.179135323291534    
 -0.4544260426261632    
  0.5114619116448930    
   1.783190455668034    
   3.431681575243953    
   5.519946628674594    
   8.078962692900674    
   11.07249062933951    
   14.35286978767901    
   17.63047156378226    
   20.49988868778602    
   22.54608693606783    
   23.49115841107738    
   23.29509430993082    
   22.14804345115407    
   20.36915808962193    
   18.28472730225644    
   16.14990504000258    
   14.12832816886831    
   12.30621049781885    
   10.71509081356473    
   9.352543685457043    
   8.199151390663692    
   7.229925104148575    
   6.419118859099399    
   5.741584655838348    
   5.174619580077065    
   4.699814503848134    
   4.302306661924904    
   3.968673880209198    
   3.687058493429118    
   3.448869461614286    
   3.248071088638197    
   3.078413427426296    
   2.933342016299875    
   2.808815305716320    
   2.703437854986416    
   2.614727645327621    
   2.537954973341741    
   2.470173879558168    
   2.412375592813440    
   2.365125023624544    
   2.324780947128344    
   2.287355712677973    
   2.253822498559761    
   2.227393481104453    
   2.206913752665346    
   2.187633686353225    
   2.168198659913704    
   2.152037575599083    
   2.141003131438093    
   2.132140056651844    
   2.122504504599890    
   2.113303011347762    
   2.106867704035625    
   2.102602811207444    
   2.098553423166897    
   2.094679766015620    
   2.092038001840159    
   2.090445862293998    
   2.089182088990180    
   2.088544849202636    
   2.088846355328836    
   2.089336219006628    
   2.089768196831904    
   2.091332488999110    
   2.094357956527563    
   2.097060623670795    
   2.098540528280932    
   2.100890683950807    
   2.105870513488265    
   2.111548448060216    
   2.115278121245539    
   2.118282816027433    
   2.123741642974760    
   2.131457060847545    
   2.138285793966756    
   2.143487369930301    
   2.149741457905710    
   2.158448608681529    
   2.167671302114136    
   2.175811547826332    
   2.184158646015289    
   2.194266734822155    
   2.205395087355652    
   2.216275786410102    
   2.227397598986319    
   2.239809688353129    
   2.253212550677663    
   2.266833791690171    
   2.280986453966404    
   2.296343235355701    
   2.312652785789159    
   2.329406293434323    
   2.346923672204365    
   2.365708139674298    
   2.385498994913740    
