   1.053972442686950    
   1.055426618435878    
   1.056889453538742    
   1.058360570269520    
   1.059839431014595    
   1.061325523153725    
   1.062818502327612    
   1.064318030088313    
   1.065823589070077    
   1.067334544648183    
   1.068850234256152    
   1.070369902776975    
   1.071892768548661    
   1.073418347391686    
   1.074946526271818    
   1.076477045061859    
   1.078008977236896    
   1.079540924416879    
   1.081071612477064    
   1.082600055293587    
   1.084125254108817    
   1.085646092080444    
   1.087161557813325    
   1.088670789274307    
   1.090172822592083    
   1.091666488962552    
   1.093150541911566    
   1.094623615207594    
   1.096084041537726    
   1.097530027868121    
   1.098960071638381    
   1.100372841471889    
   1.101766483370868    
   1.103138399531222    
   1.104485988071489    
   1.105807328951399    
   1.107100833187424    
   1.108364459711252    
   1.109595656102620    
   1.110791868327812    
   1.111950582307539    
   1.113068834227203    
   1.114143147806984    
   1.115170123728751    
   1.116146719228260    
   1.117069687329827    
   1.117934992240053    
   1.118738072290669    
   1.119474554282755    
   1.120140454877338    
   1.120731745733710    
   1.121243936482990    
   1.121672009317596    
   1.122010454890376    
   1.122253256571808    
   1.122394001619901    
   1.122426133866289    
   1.122343043625929    
   1.122137871177887    
   1.121803305993691    
   1.121331612785564    
   1.120714725745811    
   1.119944176983336    
   1.119010915375384    
   1.117905200137286    
   1.116616590498945    
   1.115133976125980    
   1.113445679106424    
   1.111539597004052    
   1.109403197456776    
   1.107023316731739    
   1.104386027006270    
   1.101476709814159    
   1.098279996350140    
   1.094779299250428    
   1.090956389490066    
   1.086791688765424    
   1.082265044339223    
   1.077355987348451    
   1.072043128399126    
   1.066303511208741    
   1.060112633242725    
   1.053444690122998    
   1.046272315363689    
   1.038566077271591    
   1.030294522412852    
   1.021424709544680    
   1.011922385845944    
   1.001751508706551    
  0.9908737388893991    
  0.9792483625398608    
  0.9668323097497113    
  0.9535799005844452    
  0.9394425617164823    
  0.9243688510541217    
  0.9083046050414363    
  0.8911928400390066    
  0.8729734110443192    
  0.8535826390168830    
  0.8329529591983683    
  0.8110126282600822    
  0.7876856803571238    
  0.7628921270925193    
  0.7365479891990022    
  0.7085648552730239    
  0.6788492455247261    
  0.6473022420480338    
  0.6138194017896370    
  0.5782906693491729    
  0.5406002451682967    
  0.5006265514636328    
  0.4582421893425194    
  0.4133136192779386    
  0.3657006366033294    
  0.3152560596376555    
  0.2618258429268073    
  0.2052493735093847    
  0.1453596224945315    
  0.8198311154133908E-01
  0.1493987239714812E-01
 -0.5595644663585854E-01
 -0.1308982711210298    
 -0.2100835700864325    
 -0.2937150905489985    
 -0.3819993829745085    
 -0.4751457478913458    
 -0.5733652713031010    
 -0.6768698758363734    
 -0.7858709336084828    
 -0.9005770252565806    
  -1.021191059358998    
  -1.147907431873557    
  -1.280909478721422    
  -1.420366665776293    
  -1.566430889492309    
  -1.719231978871926    
  -1.878872932892709    
  -2.045425082961070    
  -2.218922913577385    
  -2.399358331909451    
  -2.586674473172678    
  -2.780759251906337    
  -2.981438933921829    
  -3.188472080321320    
  -3.401543985185232    
  -3.620261261737228    
  -3.844146271600601    
  -4.072631904056563    
  -4.305057879640057    
  -4.540669374137427    
  -4.778617776314084    
  -5.017962944959591    
  -5.257676742635637    
  -5.496648287622421    
  -5.733691746153756    
  -5.967557444893432    
  -6.196946502736828    
  -6.420528164240539    
  -6.636958366531417    
  -6.844898648812549    
  -7.043035889568408    
  -7.230103885193445    
  -7.404906545705044    
  -7.566340679442463    
  -7.713416048943221    
  -7.845272003542417    
  -7.961191628563184    
  -8.060614089227938    
  -8.143144184952346    
  -8.208557335310118    
  -8.256799402208756    
  -8.287982478749125    
  -8.302378032893523    
  -8.300407578947407    
  -8.282630155920502    
  -8.249726496718990    
  -8.202481133117454    
  -8.141764256180490    
  -8.068514343176416    
  -7.983721205848222    
  -7.888408614423641    
  -7.783616602836431    
  -7.670384965410998    
  -7.549739601392352    
  -7.422681880705836    
  -7.290179746545949    
  -7.153159487159054    
  -7.012498478223741    
  -6.869019859413035    
  -6.723489441670936    
  -6.576614263938266    
  -6.429042088711868    
  -6.281361489053515    
  -6.134102523013558    
  -5.987738251671180    
  -5.842687368544540    
  -5.699317673262147    
  -5.557949513810368    
  -5.418858606658478    
  -5.282278658079377    
  -5.148404562869711    
  -5.017396144919601    
  -4.889381700342410    
  -4.764461026994455    
  -4.642708328987644    
  -4.524175191940576    
  -4.408893207262937    
  -4.296875968009920    
  -4.188120872055435    
  -4.082611262997977    
  -3.980318766827610    
  -3.881205290625082    
  -3.785224514021574    
  -3.692323129937223    
  -3.602442009071482    
  -3.515517211345822    
  -3.431480799789708    
  -3.350261583715644    
  -3.271785911452589    
  -3.195978489284562    
  -3.122763126579474    
  -3.052063335481270    
  -2.983802775592134    
  -2.917905576571242    
  -2.854296565468071    
  -2.792901409514255    
  -2.733646732898956    
  -2.676460305403447    
  -2.621271286581193    
  -2.568010368554649    
  -2.516609781038424    
  -2.467003373369923    
  -2.419126898168213    
  -2.372918237362733    
  -2.328317290731101    
  -2.285265730979645    
  -2.243707037477602    
  -2.203586734919279    
  -2.164852363653644    
  -2.127453112525449    
  -2.091339611883265    
  -2.056464143238570    
  -2.022780851300498    
  -1.990245559607112    
  -1.958815455192916    
  -1.928449116120599    
  -1.899106804409184    
  -1.870750564131274    
  -1.843344006464807    
  -1.816852101491332    
  -1.791241185047878    
  -1.766479028365707    
  -1.742534765475424    
  -1.719378683451289    
  -1.696982016802172    
  -1.675316881619998    
  -1.654356396067695    
  -1.634074853321768    
  -1.614447698740904    
  -1.595451265116281    
  -1.577062562099411    
  -1.559259386751834    
  -1.542020593483061    
  -1.525326140752295    
  -1.509156839973363    
  -1.493494105875221    
  -1.478319945021254    
  -1.463617096795715    
  -1.449369113618207    
  -1.435560291357193    
  -1.422175502361392    
  -1.409200045751566    
  -1.396619628761274    
  -1.384420489626886    
  -1.372589519267242    
  -1.361114237430793    
  -1.349982659536191    
  -1.339183199236759    
  -1.328704650764448    
  -1.318536183811137    
  -1.308667331004241    
  -1.299088013398095    
  -1.289788585851159    
  -1.280759819502629    
  -1.271992815529820    
  -1.263478943476774    
  -1.255209859068221    
  -1.247177556345791    
  -1.239374393725730    
  -1.231793077996604    
  -1.224426609521231    
  -1.217268208909902    
  -1.210311280354752    
  -1.203549443639800    
  -1.196976578084077    
  -1.190586801136654    
  -1.184374400897864    
  -1.178333808883690    
  -1.172459637078629    
  -1.166746721236231    
  -1.161190125779526    
  -1.155785117766805    
  -1.150527126259772    
  -1.145411703526210    
  -1.140434524473203    
  -1.135591437260393    
  -1.130878504793377    
  -1.126291967404665    
  -1.121828151232895    
  -1.117483416686985    
  -1.113254192552962    
  -1.109137053311642    
  -1.105128773707666    
  -1.101226322815348    
  -1.097426795981410    
  -1.093727328555761    
  -1.090125063011312    
  -1.086617193870019    
  -1.083201032232379    
  -1.079874026437001    
  -1.076633746118626    
  -1.073477864701890    
  -1.070404134678660    
  -1.067410343597613    
  -1.064494289454625    
  -1.061653816448573    
  -1.058886878381331    
  -1.056191561432999    
  -1.053566053630852    
  -1.051008601262564    
  -1.048517478813820    
  -1.046090975844211    
  -1.043727409511441    
  -1.041425159194033    
  -1.039182685953711    
  -1.036998511597943    
  -1.034871186054592    
  -1.032799279860273    
  -1.030781392731244    
  -1.028816157513482    
  -1.026902252697505    
  -1.025038431619743    
  -1.023223530299636    
  -1.021456426604218    
  -1.019735995984440    
  -1.018061125302477    
  -1.016430771467556    
  -1.014843996903078    
  -1.013299946646240    
  -1.011797785960268    
  -1.010336634534241    
  -1.008915537556420    
  -1.007533508368216    
  -1.006189623840416    
  -1.004883088376038    
  -1.003613201244555    
  -1.002379257467021    
  -1.001180469168736    
  -1.000015964503868    
 -0.9988848670495598    
 -0.9977864170251346    
 -0.9967200535394231    
 -0.9956853744153081    
 -0.9946819824899280    
 -0.9937093411002951    
 -0.9927667555493918    
 -0.9918534767948708    
 -0.9909688334681497    
 -0.9901123061665313    
 -0.9892835042099840    
 -0.9884820556741400    
 -0.9877074906994123    
 -0.9869592285568631    
 -0.9862366912464553    
 -0.9855394334958028    
 -0.9848671656468164    
 -0.9842196622405106    
 -0.9835966420006803    
 -0.9829976975082537    
 -0.9824223112008097    
 -0.9818699572298608    
 -0.9813402272462860    
 -0.9808328744563772    
 -0.9803477351827541    
 -0.9798846124689523    
 -0.9794432302834211    
 -0.9790232629905571    
 -0.9786243656999579    
 -0.9782461687230705    
 -0.9778882698708938    
 -0.9775502658735922    
 -0.9772318229602841    
 -0.9769327442344198    
 -0.9766529698030046    
 -0.9763924776365623    
 -0.9761511463782813    
 -0.9759287026810413    
 -0.9757248082255641    
 -0.9755392077915097    
 -0.9753718114624335    
 -0.9752226513981348    
 -0.9750917421348336    
 -0.9749789297237357    
 -0.9748838400792461    
 -0.9748059878079695    
 -0.9747449686513776    
 -0.9747005672762735    
 -0.9746727045494321    
 -0.9746613236004493    
 -0.9746663478265776    
 -0.9746877189696256    
 -0.9747254320607572    
 -0.9747795197472473    
 -0.9748500018231737    
 -0.9749368304218790    
 -0.9750398652725691    
 -0.9751589147471611    
 -0.9752938263213180    
 -0.9754445405282105    
 -0.9756110447417429    
 -0.9757932687147650    
 -0.9759910191224282    
 -0.9762040028692742    
 -0.9764319211032612    
 -0.9766745845394732    
 -0.9769319838112447    
 -0.9772042560502781    
 -0.9774915607109623    
 -0.9777939621568656    
 -0.9781114075464732    
 -0.9784437938378188    
 -0.9787910509143238    
 -0.9791531779952187    
 -0.9795302119069587    
 -0.9799221511331966    
 -0.9803289041371731    
 -0.9807503217281298    
 -0.9811862842643291    
 -0.9816367454323898    
 -0.9821016892043979    
 -0.9825810650656142    
 -0.9830747820528850    
 -0.9835827635897942    
 -0.9841050070867108    
 -0.9846415951716641    
 -0.9851926336987797    
 -0.9857581473307453    
 -0.9863380344184027    
 -0.9869321632813460    
 -0.9875405391242837    
 -0.9881633567069963    
 -0.9888008569904406    
 -0.9894531214551880    
 -0.9901200023709925    
 -0.9908012404894094    
 -0.9914966482718832    
 -0.9922061975931640    
 -0.9929299466251597    
 -0.9936678880697500    
 -0.9944198832465541    
 -0.9951857621084110    
 -0.9959654808322768    
 -0.9967591635252319    
 -0.9975670056310854    
 -0.9983891758453940    
 -0.9992258110646868    
  -1.000077051575954    
  -1.000943027359229    
  -1.001823785605538    
  -1.002719210410089    
  -1.003628999724382    
  -1.004552757136140    
  -1.005490176600508    
  -1.006441172204457    
  -1.007405823888201    
  -1.008384222422169    
  -1.009376420016044    
  -1.010382520379550    
  -1.011402723375836    
  -1.012437213314946    
  -1.013486025202516    
  -1.014549059908323    
  -1.015626213156936    
  -1.016717451183508    
  -1.017822758256904    
  -1.018942030064438    
  -1.020075030115461    
  -1.021221469648943    
  -1.022381162895222    
  -1.023554112764236    
  -1.024740416828336    
  -1.025940065926103    
  -1.027152839226232    
  -1.028378411827034    
  -1.029616585454701    
  -1.030867438682647    
  -1.032131245400156    
  -1.033408197528098    
  -1.034698182500918    
  -1.036000861881391    
  -1.037315955260268    
  -1.038643338269885    
  -1.039982806146178    
  -1.041333869401242    
  -1.042695938936646    
  -1.044068678177731    
  -1.045452053560543    
  -1.046846092398807    
  -1.048250747330187    
  -1.049665951993091    
  -1.051091577626220    
  -1.052527262510002    
  -1.053972442686950    
  -1.055426618435878    
  -1.056889453538742    
  -1.058360570269520    
  -1.059839431014595    
  -1.061325523153725    
  -1.062818502327612    
  -1.064318030088313    
  -1.065823589070077    
  -1.067334544648183    
  -1.068850234256152    
  -1.070369902776975    
  -1.071892768548661    
  -1.073418347391686    
  -1.074946526271818    
  -1.076477045061859    
  -1.078008977236896    
  -1.079540924416879    
  -1.081071612477064    
  -1.082600055293587    
  -1.084125254108817    
  -1.085646092080444    
  -1.087161557813325    
  -1.088670789274307    
  -1.090172822592083    
  -1.091666488962552    
  -1.093150541911566    
  -1.094623615207594    
  -1.096084041537726    
  -1.097530027868121    
  -1.098960071638381    
  -1.100372841471889    
  -1.101766483370868    
  -1.103138399531222    
  -1.104485988071489    
  -1.105807328951399    
  -1.107100833187424    
  -1.108364459711252    
  -1.109595656102620    
  -1.110791868327812    
  -1.111950582307539    
  -1.113068834227203    
  -1.114143147806984    
  -1.115170123728751    
  -1.116146719228260    
  -1.117069687329827    
  -1.117934992240053    
  -1.118738072290669    
  -1.119474554282755    
  -1.120140454877338    
  -1.120731745733710    
  -1.121243936482990    
  -1.121672009317596    
  -1.122010454890376    
  -1.122253256571808    
  -1.122394001619901    
  -1.122426133866289    
  -1.122343043625929    
  -1.122137871177887    
  -1.121803305993691    
  -1.121331612785564    
  -1.120714725745811    
  -1.119944176983336    
  -1.119010915375384    
  -1.117905200137286    
  -1.116616590498945    
  -1.115133976125980    
  -1.113445679106424    
  -1.111539597004052    
  -1.109403197456776    
  -1.107023316731739    
  -1.104386027006270    
  -1.101476709814159    
  -1.098279996350140    
  -1.094779299250428    
  -1.090956389490066    
  -1.086791688765424    
  -1.082265044339223    
  -1.077355987348451    
  -1.072043128399126    
  -1.066303511208741    
  -1.060112633242725    
  -1.053444690122998    
  -1.046272315363689    
  -1.038566077271591    
  -1.030294522412852    
  -1.021424709544680    
  -1.011922385845944    
  -1.001751508706551    
 -0.9908737388893991    
 -0.9792483625398608    
 -0.9668323097497113    
 -0.9535799005844452    
 -0.9394425617164823    
 -0.9243688510541217    
 -0.9083046050414363    
 -0.8911928400390066    
 -0.8729734110443192    
 -0.8535826390168830    
 -0.8329529591983683    
 -0.8110126282600822    
 -0.7876856803571238    
 -0.7628921270925193    
 -0.7365479891990022    
 -0.7085648552730239    
 -0.6788492455247261    
 -0.6473022420480338    
 -0.6138194017896370    
 -0.5782906693491729    
 -0.5406002451682967    
 -0.5006265514636328    
 -0.4582421893425194    
 -0.4133136192779386    
 -0.3657006366033294    
 -0.3152560596376555    
 -0.2618258429268073    
 -0.2052493735093847    
 -0.1453596224945315    
 -0.8198311154133908E-01
 -0.1493987239714812E-01
  0.5595644663585854E-01
  0.1308982711210298    
  0.2100835700864325    
  0.2937150905489985    
  0.3819993829745085    
  0.4751457478913458    
  0.5733652713031010    
  0.6768698758363734    
  0.7858709336084828    
  0.9005770252565806    
   1.021191059358998    
   1.147907431873557    
   1.280909478721422    
   1.420366665776293    
   1.566430889492309    
   1.719231978871926    
   1.878872932892709    
   2.045425082961070    
   2.218922913577385    
   2.399358331909451    
   2.586674473172678    
   2.780759251906337    
   2.981438933921829    
   3.188472080321320    
   3.401543985185232    
   3.620261261737228    
   3.844146271600601    
   4.072631904056563    
   4.305057879640057    
   4.540669374137427    
   4.778617776314084    
   5.017962944959591    
   5.257676742635637    
   5.496648287622421    
   5.733691746153756    
   5.967557444893432    
   6.196946502736828    
   6.420528164240539    
   6.636958366531417    
   6.844898648812549    
   7.043035889568408    
   7.230103885193445    
   7.404906545705044    
   7.566340679442463    
   7.713416048943221    
   7.845272003542417    
   7.961191628563184    
   8.060614089227938    
   8.143144184952346    
   8.208557335310118    
   8.256799402208756    
   8.287982478749125    
   8.302378032893523    
   8.300407578947407    
   8.282630155920502    
   8.249726496718990    
   8.202481133117454    
   8.141764256180490    
   8.068514343176416    
   7.983721205848222    
   7.888408614423641    
   7.783616602836431    
   7.670384965410998    
   7.549739601392352    
   7.422681880705836    
   7.290179746545949    
   7.153159487159054    
   7.012498478223741    
   6.869019859413035    
   6.723489441670936    
   6.576614263938266    
   6.429042088711868    
   6.281361489053515    
   6.134102523013558    
   5.987738251671180    
   5.842687368544540    
   5.699317673262147    
   5.557949513810368    
   5.418858606658478    
   5.282278658079377    
   5.148404562869711    
   5.017396144919601    
   4.889381700342410    
   4.764461026994455    
   4.642708328987644    
   4.524175191940576    
   4.408893207262937    
   4.296875968009920    
   4.188120872055435    
   4.082611262997977    
   3.980318766827610    
   3.881205290625082    
   3.785224514021574    
   3.692323129937223    
   3.602442009071482    
   3.515517211345822    
   3.431480799789708    
   3.350261583715644    
   3.271785911452589    
   3.195978489284562    
   3.122763126579474    
   3.052063335481270    
   2.983802775592134    
   2.917905576571242    
   2.854296565468071    
   2.792901409514255    
   2.733646732898956    
   2.676460305403447    
   2.621271286581193    
   2.568010368554649    
   2.516609781038424    
   2.467003373369923    
   2.419126898168213    
   2.372918237362733    
   2.328317290731101    
   2.285265730979645    
   2.243707037477602    
   2.203586734919279    
   2.164852363653644    
   2.127453112525449    
   2.091339611883265    
   2.056464143238570    
   2.022780851300498    
   1.990245559607112    
   1.958815455192916    
   1.928449116120599    
   1.899106804409184    
   1.870750564131274    
   1.843344006464807    
   1.816852101491332    
   1.791241185047878    
   1.766479028365707    
   1.742534765475424    
   1.719378683451289    
   1.696982016802172    
   1.675316881619998    
   1.654356396067695    
   1.634074853321768    
   1.614447698740904    
   1.595451265116281    
   1.577062562099411    
   1.559259386751834    
   1.542020593483061    
   1.525326140752295    
   1.509156839973363    
   1.493494105875221    
   1.478319945021254    
   1.463617096795715    
   1.449369113618207    
   1.435560291357193    
   1.422175502361392    
   1.409200045751566    
   1.396619628761274    
   1.384420489626886    
   1.372589519267242    
   1.361114237430793    
   1.349982659536191    
   1.339183199236759    
   1.328704650764448    
   1.318536183811137    
   1.308667331004241    
   1.299088013398095    
   1.289788585851159    
   1.280759819502629    
   1.271992815529820    
   1.263478943476774    
   1.255209859068221    
   1.247177556345791    
   1.239374393725730    
   1.231793077996604    
   1.224426609521231    
   1.217268208909902    
   1.210311280354752    
   1.203549443639800    
   1.196976578084077    
   1.190586801136654    
   1.184374400897864    
   1.178333808883690    
   1.172459637078629    
   1.166746721236231    
   1.161190125779526    
   1.155785117766805    
   1.150527126259772    
   1.145411703526210    
   1.140434524473203    
   1.135591437260393    
   1.130878504793377    
   1.126291967404665    
   1.121828151232895    
   1.117483416686985    
   1.113254192552962    
   1.109137053311642    
   1.105128773707666    
   1.101226322815348    
   1.097426795981410    
   1.093727328555761    
   1.090125063011312    
   1.086617193870019    
   1.083201032232379    
   1.079874026437001    
   1.076633746118626    
   1.073477864701890    
   1.070404134678660    
   1.067410343597613    
   1.064494289454625    
   1.061653816448573    
   1.058886878381331    
   1.056191561432999    
   1.053566053630852    
   1.051008601262564    
   1.048517478813820    
   1.046090975844211    
   1.043727409511441    
   1.041425159194033    
   1.039182685953711    
   1.036998511597943    
   1.034871186054592    
   1.032799279860273    
   1.030781392731244    
   1.028816157513482    
   1.026902252697505    
   1.025038431619743    
   1.023223530299636    
   1.021456426604218    
   1.019735995984440    
   1.018061125302477    
   1.016430771467556    
   1.014843996903078    
   1.013299946646240    
   1.011797785960268    
   1.010336634534241    
   1.008915537556420    
   1.007533508368216    
   1.006189623840416    
   1.004883088376038    
   1.003613201244555    
   1.002379257467021    
   1.001180469168736    
   1.000015964503868    
  0.9988848670495598    
  0.9977864170251346    
  0.9967200535394231    
  0.9956853744153081    
  0.9946819824899280    
  0.9937093411002951    
  0.9927667555493918    
  0.9918534767948708    
  0.9909688334681497    
  0.9901123061665313    
  0.9892835042099840    
  0.9884820556741400    
  0.9877074906994123    
  0.9869592285568631    
  0.9862366912464553    
  0.9855394334958028    
  0.9848671656468164    
  0.9842196622405106    
  0.9835966420006803    
  0.9829976975082537    
  0.9824223112008097    
  0.9818699572298608    
  0.9813402272462860    
  0.9808328744563772    
  0.9803477351827541    
  0.9798846124689523    
  0.9794432302834211    
  0.9790232629905571    
  0.9786243656999579    
  0.9782461687230705    
  0.9778882698708938    
  0.9775502658735922    
  0.9772318229602841    
  0.9769327442344198    
  0.9766529698030046    
  0.9763924776365623    
  0.9761511463782813    
  0.9759287026810413    
  0.9757248082255641    
  0.9755392077915097    
  0.9753718114624335    
  0.9752226513981348    
  0.9750917421348336    
  0.9749789297237357    
  0.9748838400792461    
  0.9748059878079695    
  0.9747449686513776    
  0.9747005672762735    
  0.9746727045494321    
  0.9746613236004493    
  0.9746663478265776    
  0.9746877189696256    
  0.9747254320607572    
  0.9747795197472473    
  0.9748500018231737    
  0.9749368304218790    
  0.9750398652725691    
  0.9751589147471611    
  0.9752938263213180    
  0.9754445405282105    
  0.9756110447417429    
  0.9757932687147650    
  0.9759910191224282    
  0.9762040028692742    
  0.9764319211032612    
  0.9766745845394732    
  0.9769319838112447    
  0.9772042560502781    
  0.9774915607109623    
  0.9777939621568656    
  0.9781114075464732    
  0.9784437938378188    
  0.9787910509143238    
  0.9791531779952187    
  0.9795302119069587    
  0.9799221511331966    
  0.9803289041371731    
  0.9807503217281298    
  0.9811862842643291    
  0.9816367454323898    
  0.9821016892043979    
  0.9825810650656142    
  0.9830747820528850    
  0.9835827635897942    
  0.9841050070867108    
  0.9846415951716641    
  0.9851926336987797    
  0.9857581473307453    
  0.9863380344184027    
  0.9869321632813460    
  0.9875405391242837    
  0.9881633567069963    
  0.9888008569904406    
  0.9894531214551880    
  0.9901200023709925    
  0.9908012404894094    
  0.9914966482718832    
  0.9922061975931640    
  0.9929299466251597    
  0.9936678880697500    
  0.9944198832465541    
  0.9951857621084110    
  0.9959654808322768    
  0.9967591635252319    
  0.9975670056310854    
  0.9983891758453940    
  0.9992258110646868    
   1.000077051575954    
   1.000943027359229    
   1.001823785605538    
   1.002719210410089    
   1.003628999724382    
   1.004552757136140    
   1.005490176600508    
   1.006441172204457    
   1.007405823888201    
   1.008384222422169    
   1.009376420016044    
   1.010382520379550    
   1.011402723375836    
   1.012437213314946    
   1.013486025202516    
   1.014549059908323    
   1.015626213156936    
   1.016717451183508    
   1.017822758256904    
   1.018942030064438    
   1.020075030115461    
   1.021221469648943    
   1.022381162895222    
   1.023554112764236    
   1.024740416828336    
   1.025940065926103    
   1.027152839226232    
   1.028378411827034    
   1.029616585454701    
   1.030867438682647    
   1.032131245400156    
   1.033408197528098    
   1.034698182500918    
   1.036000861881391    
   1.037315955260268    
   1.038643338269885    
   1.039982806146178    
   1.041333869401242    
   1.042695938936646    
   1.044068678177731    
   1.045452053560543    
   1.046846092398807    
   1.048250747330187    
   1.049665951993091    
   1.051091577626220    
   1.052527262510002    
