  0.2519330267827574    
  0.2563582311221060    
  0.2609179426154020    
  0.2656169140590293    
  0.2704605351546341    
  0.2754544007167672    
  0.2806042928201115    
  0.2859166993949013    
  0.2913988741750193    
  0.2970583843493143    
  0.3029031821983151    
  0.3089421808319940    
  0.3151852558555691    
  0.3216427751212177    
  0.3283257801028337    
  0.3352466258484602    
  0.3424189070715866    
  0.3498569627938806    
  0.3575761787698155    
  0.3655936727453835    
  0.3739280766315392    
  0.3825989431271362    
  0.3916270902571713    
  0.4010351550155831    
  0.4108469069222757    
  0.4210861177785830    
  0.4317763272100149    
  0.4429402230676230    
  0.4545968235692750    
  0.4667573901678688    
  0.4794210165847805    
  0.4925672524074398    
  0.5061427761991178    
  0.5200424442001963    
  0.5340842422470752    
  0.5479736172169209    
  0.5612557742537021    
  0.5732652237907585    
  0.5830915616881631    
  0.5895929698384696    
  0.5915079471672566    
  0.5877072200110212    
  0.5775464840010509    
  0.5611622393014318    
  0.5395228867258928    
  0.5141781980880816    
  0.4868437591939385    
  0.4590363836025593    
  0.4318887540450053    
  0.4061311164736618    
  0.3821608451525799    
  0.3601358854488660    
  0.3400611634815747    
  0.3218542193234762    
  0.3053872979642395    
  0.2905130683383939    
  0.2770816062878029    
  0.2649501993555169    
  0.2539866568892092    
  0.2440702031324803    
  0.2350927198139016    
  0.2269588688976888    
  0.2195842000472137    
  0.2128935231785508    
  0.2068207259941464    
  0.2013081711240489    
  0.1963048642051181    
  0.1917652398720354    
  0.1876492385863245    
  0.1839219248910118    
  0.1805521074403226    
  0.1775116120956521    
  0.1747756102306489    
  0.1723224093619838    
  0.1701323904764960    
  0.1681875993071878    
  0.1664722030223067    
  0.1649723579294785    
  0.1636753462015417    
  0.1625693666145444    
  0.1616440421236970    
  0.1608903091739248    
  0.1602996847127672    
  0.1598641879849647    
  0.1595768582991888    
  0.1594316384276119    
  0.1594227332357593    
  0.1595446233802276    
  0.1597925724037622    
  0.1601624911851475    
  0.1606503660243194    
  0.1612523408447186    
  0.1619652024747779    
  0.1627862199821401    
  0.1637126290843062    
  0.1647417683510004    
  0.1658715364283814    
  0.1671002033068431    
  0.1684259430508784    
  0.1698470148497444    
  0.1713621887375567    
  0.1729705276845471    
  0.1746709638931367    
  0.1764625188189831    
  0.1783446954156670    
  0.1803172311347001    
  0.1823797155436536    
  0.1845318456853805    
  0.1867737834125872    
  0.1891058798855111    
  0.1915283342203963    
  0.1940414823337280    
  0.1966461180599386    
  0.1993431897657238    
  0.2021335011446836    
  0.2050180330499314    
  0.2079982270346225    
  0.2110756546487764    
  0.2142517626987362    
  0.2175282285916084    
  0.2209072046564595    
  0.2243909607065024    
  0.2279816774713174    
  0.2316818369505989    
  0.2354944253880261    
  0.2394225497963056    
  0.2434692850927148    
  0.2476381021631391    
  0.2519330267827574    
  0.2563582311221060    
  0.2609179426154020    
  0.2656169140590293    
  0.2704605351546341    
  0.2754544007167672    
  0.2806042928201115    
  0.2859166993949013    
  0.2913988741750193    
  0.2970583843493143    
  0.3029031821983151    
  0.3089421808319940    
  0.3151852558555691    
  0.3216427751212177    
  0.3283257801028337    
  0.3352466258484602    
  0.3424189070715866    
  0.3498569627938806    
  0.3575761787698155    
  0.3655936727453835    
  0.3739280766315392    
  0.3825989431271362    
  0.3916270902571713    
  0.4010351550155831    
  0.4108469069222757    
  0.4210861177785830    
  0.4317763272100149    
  0.4429402230676230    
  0.4545968235692750    
  0.4667573901678688    
  0.4794210165847805    
  0.4925672524074398    
  0.5061427761991178    
  0.5200424442001963    
  0.5340842422470752    
  0.5479736172169209    
  0.5612557742537021    
  0.5732652237907585    
  0.5830915616881631    
  0.5895929698384696    
  0.5915079471672566    
  0.5877072200110212    
  0.5775464840010509    
  0.5611622393014318    
  0.5395228867258928    
  0.5141781980880816    
  0.4868437591939385    
  0.4590363836025593    
  0.4318887540450053    
  0.4061311164736618    
  0.3821608451525799    
  0.3601358854488660    
  0.3400611634815747    
  0.3218542193234762    
  0.3053872979642395    
  0.2905130683383939    
  0.2770816062878029    
  0.2649501993555169    
  0.2539866568892092    
  0.2440702031324803    
  0.2350927198139016    
  0.2269588688976888    
  0.2195842000472137    
  0.2128935231785508    
  0.2068207259941464    
  0.2013081711240489    
  0.1963048642051181    
  0.1917652398720354    
  0.1876492385863245    
  0.1839219248910118    
  0.1805521074403226    
  0.1775116120956521    
  0.1747756102306489    
  0.1723224093619838    
  0.1701323904764960    
  0.1681875993071878    
  0.1664722030223067    
  0.1649723579294785    
  0.1636753462015417    
  0.1625693666145444    
  0.1616440421236970    
  0.1608903091739248    
  0.1602996847127672    
  0.1598641879849647    
  0.1595768582991888    
  0.1594316384276119    
  0.1594227332357593    
  0.1595446233802276    
  0.1597925724037622    
  0.1601624911851475    
  0.1606503660243194    
  0.1612523408447186    
  0.1619652024747779    
  0.1627862199821401    
  0.1637126290843062    
  0.1647417683510004    
  0.1658715364283814    
  0.1671002033068431    
  0.1684259430508784    
  0.1698470148497444    
  0.1713621887375567    
  0.1729705276845471    
  0.1746709638931367    
  0.1764625188189831    
  0.1783446954156670    
  0.1803172311347001    
  0.1823797155436536    
  0.1845318456853805    
  0.1867737834125872    
  0.1891058798855111    
  0.1915283342203963    
  0.1940414823337280    
  0.1966461180599386    
  0.1993431897657238    
  0.2021335011446836    
  0.2050180330499314    
  0.2079982270346225    
  0.2110756546487764    
  0.2142517626987362    
  0.2175282285916084    
  0.2209072046564595    
  0.2243909607065024    
  0.2279816774713174    
  0.2316818369505989    
  0.2354944253880261    
  0.2394225497963056    
  0.2434692850927148    
  0.2476381021631391    
