  0.5260444358465842    
  0.5197180168801028    
  0.5131903709629487    
  0.5064661165541295    
  0.4995495701916526    
  0.4924447642558132    
  0.4851554635013641    
  0.4776851781831506    
  0.4700371767105626    
  0.4622145006494988    
  0.4542199795501881    
  0.4460562419131294    
  0.4377257238528822    
  0.4292306796292286    
  0.4205731936263687    
  0.4117551895058155    
  0.4027784357692262    
  0.3936445517639738    
  0.3843550161333267    
  0.3749111745652350    
  0.3653142441884848    
  0.3555653169138858    
  0.3456653649082220    
  0.3356152471245879    
  0.3254157139158175    
  0.3150674100736210    
  0.3045708790994273    
  0.2939265692060668    
  0.2831348389536091    
  0.2721959618924613    
  0.2611101320802889    
  0.2498774715303340    
  0.2384980384289732    
  0.2269718353663587    
  0.2152988187997978    
  0.2034789108516026    
  0.1915120127945591    
  0.1793980194966873    
  0.1671368356563707    
  0.1547283949033833    
  0.1421726814634472    
  0.1294697537173919    
  0.1166197701922503    
  0.1036230189731074    
  0.9047995047331125E-01
  0.7719121298263137E-01
  0.6375769129001654E-01
  0.5018054916561743E-01
  0.3646127565340085E-01
  0.2260173453941905E-01
  0.8604216991005942E-02
 -0.5528502182306494E-02
 -0.1979310490331629E-01
 -0.3418566771916079E-01
 -0.4870159763848525E-01
 -0.6333556594346279E-01
 -0.7808144067056846E-01
 -0.9293221913169852E-01
 -0.1078799615161071    
 -0.1229157262490374    
 -0.1380295084230521    
 -0.1532101833315982    
 -0.1684454568336674    
 -0.1837218238302862    
 -0.1990245366570172    
 -0.2143375858555605    
 -0.2296436953877200    
 -0.2449243336626235    
 -0.2601597419994689    
 -0.2753289826067025    
 -0.2904100075031533    
 -0.3053797487151649    
 -0.3202142299550388    
 -0.3348887001964705    
 -0.3493777886348857    
 -0.3636556790525138    
 -0.3776963012284243    
 -0.3914735372551875    
 -0.4049614397403715    
 -0.4181344573516801    
 -0.4309676629332158    
 -0.4434369801736647    
 -0.4555194045021133    
 -0.4671932127373790    
 -0.4784381562931211    
 -0.4892356344190434    
 -0.4995688445376466    
 -0.5094229059707278    
 -0.5187849539302073    
 -0.5276442030865729    
 -0.5359919813375288    
 -0.5438217335564102    
 -0.5511289951926293    
 -0.5579113381060828    
 -0.5641682926920843    
 -0.5699012490398324    
 -0.5751133387775368    
 -0.5798093012165497    
 -0.5839953393210389    
 -0.5876789693159181    
 -0.5908688652467904    
 -0.5935747009803573    
 -0.5958069946810156    
 -0.5975769594331575    
 -0.5988963599335801    
 -0.5997773751429527    
 -0.6002324700692261    
 -0.6002742798729628    
 -0.5999155053264397    
 -0.5991688171661781    
 -0.5980467704441742    
 -0.5965617318662407    
 -0.5947258193430727    
 -0.5925508497925256    
 -0.5900482941269715    
 -0.5872292421004894    
 -0.5841043774473142    
 -0.5806839593763248    
 -0.5769778077797092    
 -0.5729952942114069    
 -0.5687453404428258    
 -0.5642364217110424    
 -0.5594765710941252    
 -0.5544733859992570    
 -0.5492340393693047    
 -0.5437652941083957    
 -0.5380735169681554    
 -0.5321646918967418    
 -0.5260444358465842    
 -0.5197180168801028    
 -0.5131903709629487    
 -0.5064661165541295    
 -0.4995495701916526    
 -0.4924447642558132    
 -0.4851554635013641    
 -0.4776851781831506    
 -0.4700371767105626    
 -0.4622145006494988    
 -0.4542199795501881    
 -0.4460562419131294    
 -0.4377257238528822    
 -0.4292306796292286    
 -0.4205731936263687    
 -0.4117551895058155    
 -0.4027784357692262    
 -0.3936445517639738    
 -0.3843550161333267    
 -0.3749111745652350    
 -0.3653142441884848    
 -0.3555653169138858    
 -0.3456653649082220    
 -0.3356152471245879    
 -0.3254157139158175    
 -0.3150674100736210    
 -0.3045708790994273    
 -0.2939265692060668    
 -0.2831348389536091    
 -0.2721959618924613    
 -0.2611101320802889    
 -0.2498774715303340    
 -0.2384980384289732    
 -0.2269718353663587    
 -0.2152988187997978    
 -0.2034789108516026    
 -0.1915120127945591    
 -0.1793980194966873    
 -0.1671368356563707    
 -0.1547283949033833    
 -0.1421726814634472    
 -0.1294697537173919    
 -0.1166197701922503    
 -0.1036230189731074    
 -0.9047995047331125E-01
 -0.7719121298263137E-01
 -0.6375769129001654E-01
 -0.5018054916561743E-01
 -0.3646127565340085E-01
 -0.2260173453941905E-01
 -0.8604216991005942E-02
  0.5528502182306494E-02
  0.1979310490331629E-01
  0.3418566771916079E-01
  0.4870159763848525E-01
  0.6333556594346279E-01
  0.7808144067056846E-01
  0.9293221913169852E-01
  0.1078799615161071    
  0.1229157262490374    
  0.1380295084230521    
  0.1532101833315982    
  0.1684454568336674    
  0.1837218238302862    
  0.1990245366570172    
  0.2143375858555605    
  0.2296436953877200    
  0.2449243336626235    
  0.2601597419994689    
  0.2753289826067025    
  0.2904100075031533    
  0.3053797487151649    
  0.3202142299550388    
  0.3348887001964705    
  0.3493777886348857    
  0.3636556790525138    
  0.3776963012284243    
  0.3914735372551875    
  0.4049614397403715    
  0.4181344573516801    
  0.4309676629332158    
  0.4434369801736647    
  0.4555194045021133    
  0.4671932127373790    
  0.4784381562931211    
  0.4892356344190434    
  0.4995688445376466    
  0.5094229059707278    
  0.5187849539302073    
  0.5276442030865729    
  0.5359919813375288    
  0.5438217335564102    
  0.5511289951926293    
  0.5579113381060828    
  0.5641682926920843    
  0.5699012490398324    
  0.5751133387775368    
  0.5798093012165497    
  0.5839953393210389    
  0.5876789693159181    
  0.5908688652467904    
  0.5935747009803573    
  0.5958069946810156    
  0.5975769594331575    
  0.5988963599335801    
  0.5997773751429527    
  0.6002324700692261    
  0.6002742798729628    
  0.5999155053264397    
  0.5991688171661781    
  0.5980467704441742    
  0.5965617318662407    
  0.5947258193430727    
  0.5925508497925256    
  0.5900482941269715    
  0.5872292421004894    
  0.5841043774473142    
  0.5806839593763248    
  0.5769778077797092    
  0.5729952942114069    
  0.5687453404428258    
  0.5642364217110424    
  0.5594765710941252    
  0.5544733859992570    
  0.5492340393693047    
  0.5437652941083957    
  0.5380735169681554    
  0.5321646918967418    
