   2.031294955160722    
   2.035461195310411    
   2.039673726692659    
   2.043932359872512    
   2.048236836240713    
   2.052586947719439    
   2.056982588708582    
   2.061423813386319    
   2.065910946129871    
   2.070444565711934    
   2.075025248967485    
   2.079653297908741    
   2.084328684420210    
   2.089051094762289    
   2.093819900063915    
   2.098634209184101    
   2.103493187522187    
   2.108396412633612    
   2.113343916132754    
   2.118335961850885    
   2.123372828732725    
   2.128454608704267    
   2.133580921182524    
   2.138750746253126    
   2.143962650724327    
   2.149215261994875    
   2.154507596712133    
   2.159839116607211    
   2.165209604982279    
   2.170618845416064    
   2.176066126837572    
   2.181549915508552    
   2.187068006383980    
   2.192617993935588    
   2.198197715952226    
   2.203805591453380    
   2.209440795647239    
   2.215102930358546    
   2.220791097121821    
   2.226503051229406    
   2.232235214062027    
   2.237983436327576    
   2.243743793260695    
   2.249513048935005    
   2.255288820185411    
   2.261069267411457    
   2.266852162434203    
   2.272633899687148    
   2.278409352373856    
   2.284172683835695    
   2.289918327153659    
   2.295641429811213    
   2.301337632847498    
   2.307002308772921    
   2.312629591834762    
   2.318211935872215    
   2.323740757297072    
   2.329207671638330    
   2.334605145465988    
   2.339926018504620    
   2.345162426731944    
   2.350304945867249    
   2.355342418820968    
   2.360262555199491    
   2.365052912459674    
   2.369701370529020    
   2.374195524576746    
   2.378521577634828    
   2.382663879817303    
   2.386605429706421    
   2.390328603393363    
   2.393815369298736    
   2.397046872059541    
   2.400002663969423    
   2.402660075921501    
   2.404994292038531    
   2.406979108531431    
   2.408587477151004    
   2.409791106072848    
   2.410559602490992    
   2.410860090300745    
   2.410657307828276    
   2.409913555406886    
   2.408588453806309    
   2.406638920248525    
   2.404019207202446    
   2.400680575092439    
   2.396570877265308    
   2.391634559884362    
   2.385812676503892    
   2.379042230768424    
   2.371255267309218    
   2.362378644394969    
   2.352334295818976    
   2.341039084028570    
   2.328404313396862    
   2.314335552257999    
   2.298732351316427    
   2.281487049209703    
   2.262483435925850    
   2.241596737219235    
   2.218694348757634    
   2.193635313886769    
   2.166268525452065    
   2.136431750017667    
   2.103951963492134    
   2.068644933674960    
   2.030313174066328    
   1.988744328327485    
   1.943711440375139    
   1.894973370636888    
   1.842273361873633    
   1.785336722099624    
   1.723869606084711    
   1.657558637452789    
   1.586069932893367    
   1.509047677892803    
   1.426113295337510    
   1.336864839545186    
   1.240875559518644    
   1.137692078639063    
   1.026833490491644    
  0.9077912847684078    
  0.7800289109237273    
  0.6429807207138067    
  0.4960511697887400    
  0.3386149384561517    
  0.1700180249429419    
 -0.1042048152654903E-01
 -0.2034068029746047    
 -0.4096717009265184    
 -0.6299691285103229    
 -0.8650716637898137    
  -1.115762807539028    
  -1.382829724208316    
  -1.667058173517213    
  -1.969225918015551    
  -2.290090281614024    
  -2.630371472418025    
  -2.990736905771927    
  -3.371787320666796    
  -3.774039578523968    
  -4.197902420989104    
  -4.643648017977093    
  -5.111384734789605    
  -5.601032123643686    
  -6.112293836715901    
  -6.644624818556540    
  -7.197195393234519    
  -7.768859390400580    
  -8.358129998228645    
  -8.963159287989180    
  -9.581716502914421    
  -10.21116929533519    
  -10.84847859656967    
  -11.49021082558343    
  -12.13256030549075    
  -12.77137721282559    
  -13.40220842395331    
  -14.02035988036801    
  -14.62097637479346    
  -15.19912842149972    
  -15.74990536230192    
  -16.26852042213151    
  -16.75042341690803    
  -17.19140720223673    
  -17.58770281589920    
  -17.93607054008473    
  -18.23388616245779    
  -18.47920501814178    
  -18.67079133528123    
  -18.80812349960297    
  -18.89139181181417    
  -18.92148473645385    
  -18.89994596638144    
  -18.82890044845980    
  -18.71096894382271    
  -18.54918700565445    
  -18.34692496781733    
  -18.10780036931736    
  -17.83558587480851    
  -17.53412266141714    
  -17.20724415009302    
  -16.85871071037655    
  -16.49215742660147    
  -16.11105479568322    
  -15.71867563776962    
  -15.31806299488922    
  -14.91200497139487    
  -14.50302686745977    
  -14.09339970503175    
  -13.68515178601833    
  -13.28007300566434    
  -12.87971542856876    
  -12.48540061071583    
  -12.09823827811616    
  -11.71915150877934    
  -11.34889997135744    
  -10.98809593239950    
  -10.63721380895668    
  -10.29659882155098    
  -9.966480316962040    
  -9.646990359511182    
  -9.338182882727216    
  -9.040048066117368    
  -8.752520418494095    
  -8.475483090093817    
  -8.208772330816320    
  -7.952184822312091    
  -7.705487907024930    
  -7.468430016737966    
  -7.240747942080194    
  -7.022169715181603    
  -6.812414750463534    
  -6.611193946765002    
  -6.418211506779851    
  -6.233168718427160    
  -6.055768691631820    
  -5.885720302887025    
  -5.722739964789989    
  -5.566551335846063    
  -5.416884327861293    
  -5.273474583075339    
  -5.136063661132126    
  -5.004399750835559    
  -4.878238740721265    
  -4.757345273292820    
  -4.641493237088997    
  -4.530465592625297    
  -4.424054005178583    
  -4.322058648297528    
  -4.224288029051174    
  -4.130558613155695    
  -4.040694357537161    
  -3.954526343372545    
  -3.871892513015451    
  -3.792637485396919    
  -3.716612512192902    
  -3.643675520256191    
  -3.573691037841656    
  -3.506529954050533    
  -3.442069267525602    
  -3.380191856065943    
  -3.320786098898555    
  -3.263745343285064    
  -3.208967486220992    
  -3.156354836849109    
  -3.105814091593782    
  -3.057256215071928    
  -3.010596247939378    
  -2.965753126769870    
  -2.922649483135091    
  -2.881211409190778    
  -2.841368299891994    
  -2.803052812793751    
  -2.766200808195565    
  -2.730751176454518    
  -2.696645656595899    
  -2.663828743007888    
  -2.632247586700457    
  -2.601851778598062    
  -2.572593085220082    
  -2.544425267682205    
  -2.517303979353783    
  -2.491186673817185    
  -2.466032543390746    
  -2.441802528401015    
  -2.418459330717636    
  -2.395967346482851    
  -2.374292557636328    
  -2.353402470655644    
  -2.333266085565316    
  -2.313853822036828    
  -2.295137419796857    
  -2.277089888195243    
  -2.259685496591733    
  -2.242899729586873    
  -2.226709194283619    
  -2.211091529145495    
  -2.196025313532067    
  -2.181489931331762    
  -2.167465411016837    
  -2.153932331838306    
  -2.140871825735295    
  -2.128265617209786    
  -2.116096069586214    
  -2.104346271709526    
  -2.093000163622715    
  -2.082042621171152    
  -2.071459443652047    
  -2.061237278225153    
  -2.051363523337859    
  -2.041826195729557    
  -2.032613756803773    
  -2.023714964739712    
  -2.015118811384564    
  -2.006814516987882    
  -1.998791534001142    
  -1.991039574592399    
  -1.983548690260597    
  -1.976309364601518    
  -1.969312560828508    
  -1.962549731333994    
  -1.956012821388224    
  -1.949694242444713    
  -1.943586779981034    
  -1.937683479241266    
  -1.931977581246037    
  -1.926462502742524    
  -1.921131808449768    
  -1.915979187243782    
  -1.910998481455493    
  -1.906183748422845    
  -1.901529289497564    
  -1.897029652448451    
  -1.892679661948962    
  -1.888474459996771    
  -1.884409482985095    
  -1.880480380435383    
  -1.876682956259823    
  -1.873013153762947    
  -1.869467031560127    
  -1.866040726290844    
  -1.862730458725958    
  -1.859532579354910    
  -1.856443581028668    
  -1.853460068280427    
  -1.850578751469138    
  -1.847796480401388    
  -1.845110253565581    
  -1.842517187083342    
  -1.840014501108605    
  -1.837599532415935    
  -1.835269713353298    
  -1.833022516818745    
  -1.830855443598959    
  -1.828766066538961    
  -1.826752059350057    
  -1.824811191301294    
  -1.822941350366106    
  -1.821140597752845    
  -1.819407171944238    
  -1.817739427002250    
  -1.816135788370715    
  -1.814594750626265    
  -1.813114843171065    
  -1.811694550659449    
  -1.810332279761913    
  -1.809026403797171    
  -1.807775302632538    
  -1.806577364329434    
  -1.805431022420518    
  -1.804334847054561    
  -1.803287593270667    
  -1.802288164951299    
  -1.801335578539339    
  -1.800428968362646    
  -1.799567557778154    
  -1.798750567722887    
  -1.797977156717413    
  -1.797246438893461    
  -1.796557497236561    
  -1.795909349716489    
  -1.795300952614708    
  -1.794731281377900    
  -1.794199395072260    
  -1.793704428683299    
  -1.793245592740446    
  -1.792822225229242    
  -1.792433807663540    
  -1.792079895723414    
  -1.791760056369828    
  -1.791473872354537    
  -1.791220935609138    
  -1.791000781480983    
  -1.790812854628616    
  -1.790656562782720    
  -1.790531327307002    
  -1.790436567939136    
  -1.790371705738604    
  -1.790336238974732    
  -1.790329795800569    
  -1.790352095733297    
  -1.790402908982901    
  -1.790482080986198    
  -1.790589533614691    
  -1.790725177989578    
  -1.790888838146212    
  -1.791080269476113    
  -1.791299189655736    
  -1.791545245654925    
  -1.791817998838306    
  -1.792116999782136    
  -1.792441861428323    
  -1.792792246812424    
  -1.793167853223138    
  -1.793568471255608    
  -1.793994031352792    
  -1.794444551472080    
  -1.794920067997284    
  -1.795420639183763    
  -1.795946350474005    
  -1.796497249218903    
  -1.797073296535505    
  -1.797674417836410    
  -1.798300558853539    
  -1.798951649724431    
  -1.799627556842157    
  -1.800328117713409    
  -1.801053186811562    
  -1.801802609025365    
  -1.802576203258863    
  -1.803373841665708    
  -1.804195529727136    
  -1.805041379452910    
  -1.805911551667070    
  -1.806806268656876    
  -1.807725824985047    
  -1.808670504098043    
  -1.809640485941096    
  -1.810635853371799    
  -1.811656624690518    
  -1.812702712356548    
  -1.813773888834969    
  -1.814869870050820    
  -1.815990439198296    
  -1.817135486260459    
  -1.818305009789242    
  -1.819499171946968    
  -1.820718337419885    
  -1.821962998528882    
  -1.823233662808885    
  -1.824530814853397    
  -1.825854892497961    
  -1.827206184213890    
  -1.828584732028117    
  -1.829990362914572    
  -1.831422791525374    
  -1.832881683489896    
  -1.834366723666125    
  -1.835877760867798    
  -1.837414929446771    
  -1.838978625106039    
  -1.840569405914113    
  -1.842187940443891    
  -1.843834953447649    
  -1.845511082806849    
  -1.847216740516282    
  -1.848952105264471    
  -1.850717183068240    
  -1.852511821393398    
  -1.854335738613865    
  -1.856188666951875    
  -1.858070514131930    
  -1.859981400870807    
  -1.861921625067534    
  -1.863891664720053    
  -1.865892157935103    
  -1.867923762148999    
  -1.869986994352613    
  -1.872082205362064    
  -1.874209633807205    
  -1.876369407354807    
  -1.878561536616004    
  -1.880786007471893    
  -1.883042896296348    
  -1.885332378763842    
  -1.887654692632488    
  -1.890010172118745    
  -1.892399281114937    
  -1.894822520603664    
  -1.897280294370024    
  -1.899772892286898    
  -1.902300552092061    
  -1.904863472426681    
  -1.907461817151718    
  -1.910095805956445    
  -1.912765801433813    
  -1.915472255439368    
  -1.918215590305733    
  -1.920996169947125    
  -1.923814324514319    
  -1.926670316274490    
  -1.929564309006658    
  -1.932496446752852    
  -1.935466944499280    
  -1.938476050526046    
  -1.941523975604300    
  -1.944610956806060    
  -1.947737378724169    
  -1.950903759283051    
  -1.954110624093016    
  -1.957358434676268    
  -1.960647582262074    
  -1.963978358084585    
  -1.967350941110967    
  -1.970765479567249    
  -1.974222169770191    
  -1.977721215411133    
  -1.981262766837820    
  -1.984846979893044    
  -1.988474102257936    
  -1.992144437636392    
  -1.995858271913557    
  -1.999615910812375    
  -2.003417741251258    
  -2.007264159934300    
  -2.011155464914311    
  -2.015091895431172    
  -2.019073747860007    
  -2.023101367957305    
  -2.027175042765631    
  -2.031294955160722    
  -2.035461195310411    
  -2.039673726692659    
  -2.043932359872512    
  -2.048236836240713    
  -2.052586947719439    
  -2.056982588708582    
  -2.061423813386319    
  -2.065910946129871    
  -2.070444565711934    
  -2.075025248967485    
  -2.079653297908741    
  -2.084328684420210    
  -2.089051094762289    
  -2.093819900063915    
  -2.098634209184101    
  -2.103493187522187    
  -2.108396412633612    
  -2.113343916132754    
  -2.118335961850885    
  -2.123372828732725    
  -2.128454608704267    
  -2.133580921182524    
  -2.138750746253126    
  -2.143962650724327    
  -2.149215261994875    
  -2.154507596712133    
  -2.159839116607211    
  -2.165209604982279    
  -2.170618845416064    
  -2.176066126837572    
  -2.181549915508552    
  -2.187068006383980    
  -2.192617993935588    
  -2.198197715952226    
  -2.203805591453380    
  -2.209440795647239    
  -2.215102930358546    
  -2.220791097121821    
  -2.226503051229406    
  -2.232235214062027    
  -2.237983436327576    
  -2.243743793260695    
  -2.249513048935005    
  -2.255288820185411    
  -2.261069267411457    
  -2.266852162434203    
  -2.272633899687148    
  -2.278409352373856    
  -2.284172683835695    
  -2.289918327153659    
  -2.295641429811213    
  -2.301337632847498    
  -2.307002308772921    
  -2.312629591834762    
  -2.318211935872215    
  -2.323740757297072    
  -2.329207671638330    
  -2.334605145465988    
  -2.339926018504620    
  -2.345162426731944    
  -2.350304945867249    
  -2.355342418820968    
  -2.360262555199491    
  -2.365052912459674    
  -2.369701370529020    
  -2.374195524576746    
  -2.378521577634828    
  -2.382663879817303    
  -2.386605429706421    
  -2.390328603393363    
  -2.393815369298736    
  -2.397046872059541    
  -2.400002663969423    
  -2.402660075921501    
  -2.404994292038531    
  -2.406979108531431    
  -2.408587477151004    
  -2.409791106072848    
  -2.410559602490992    
  -2.410860090300745    
  -2.410657307828276    
  -2.409913555406886    
  -2.408588453806309    
  -2.406638920248525    
  -2.404019207202446    
  -2.400680575092439    
  -2.396570877265308    
  -2.391634559884362    
  -2.385812676503892    
  -2.379042230768424    
  -2.371255267309218    
  -2.362378644394969    
  -2.352334295818976    
  -2.341039084028570    
  -2.328404313396862    
  -2.314335552257999    
  -2.298732351316427    
  -2.281487049209703    
  -2.262483435925850    
  -2.241596737219235    
  -2.218694348757634    
  -2.193635313886769    
  -2.166268525452065    
  -2.136431750017667    
  -2.103951963492134    
  -2.068644933674960    
  -2.030313174066328    
  -1.988744328327485    
  -1.943711440375139    
  -1.894973370636888    
  -1.842273361873633    
  -1.785336722099624    
  -1.723869606084711    
  -1.657558637452789    
  -1.586069932893367    
  -1.509047677892803    
  -1.426113295337510    
  -1.336864839545186    
  -1.240875559518644    
  -1.137692078639063    
  -1.026833490491644    
 -0.9077912847684078    
 -0.7800289109237273    
 -0.6429807207138067    
 -0.4960511697887400    
 -0.3386149384561517    
 -0.1700180249429419    
  0.1042048152654903E-01
  0.2034068029746047    
  0.4096717009265184    
  0.6299691285103229    
  0.8650716637898137    
   1.115762807539028    
   1.382829724208316    
   1.667058173517213    
   1.969225918015551    
   2.290090281614024    
   2.630371472418025    
   2.990736905771927    
   3.371787320666796    
   3.774039578523968    
   4.197902420989104    
   4.643648017977093    
   5.111384734789605    
   5.601032123643686    
   6.112293836715901    
   6.644624818556540    
   7.197195393234519    
   7.768859390400580    
   8.358129998228645    
   8.963159287989180    
   9.581716502914421    
   10.21116929533519    
   10.84847859656967    
   11.49021082558343    
   12.13256030549075    
   12.77137721282559    
   13.40220842395331    
   14.02035988036801    
   14.62097637479346    
   15.19912842149972    
   15.74990536230192    
   16.26852042213151    
   16.75042341690803    
   17.19140720223673    
   17.58770281589920    
   17.93607054008473    
   18.23388616245779    
   18.47920501814178    
   18.67079133528123    
   18.80812349960297    
   18.89139181181417    
   18.92148473645385    
   18.89994596638144    
   18.82890044845980    
   18.71096894382271    
   18.54918700565445    
   18.34692496781733    
   18.10780036931736    
   17.83558587480851    
   17.53412266141714    
   17.20724415009302    
   16.85871071037655    
   16.49215742660147    
   16.11105479568322    
   15.71867563776962    
   15.31806299488922    
   14.91200497139487    
   14.50302686745977    
   14.09339970503175    
   13.68515178601833    
   13.28007300566434    
   12.87971542856876    
   12.48540061071583    
   12.09823827811616    
   11.71915150877934    
   11.34889997135744    
   10.98809593239950    
   10.63721380895668    
   10.29659882155098    
   9.966480316962040    
   9.646990359511182    
   9.338182882727216    
   9.040048066117368    
   8.752520418494095    
   8.475483090093817    
   8.208772330816320    
   7.952184822312091    
   7.705487907024930    
   7.468430016737966    
   7.240747942080194    
   7.022169715181603    
   6.812414750463534    
   6.611193946765002    
   6.418211506779851    
   6.233168718427160    
   6.055768691631820    
   5.885720302887025    
   5.722739964789989    
   5.566551335846063    
   5.416884327861293    
   5.273474583075339    
   5.136063661132126    
   5.004399750835559    
   4.878238740721265    
   4.757345273292820    
   4.641493237088997    
   4.530465592625297    
   4.424054005178583    
   4.322058648297528    
   4.224288029051174    
   4.130558613155695    
   4.040694357537161    
   3.954526343372545    
   3.871892513015451    
   3.792637485396919    
   3.716612512192902    
   3.643675520256191    
   3.573691037841656    
   3.506529954050533    
   3.442069267525602    
   3.380191856065943    
   3.320786098898555    
   3.263745343285064    
   3.208967486220992    
   3.156354836849109    
   3.105814091593782    
   3.057256215071928    
   3.010596247939378    
   2.965753126769870    
   2.922649483135091    
   2.881211409190778    
   2.841368299891994    
   2.803052812793751    
   2.766200808195565    
   2.730751176454518    
   2.696645656595899    
   2.663828743007888    
   2.632247586700457    
   2.601851778598062    
   2.572593085220082    
   2.544425267682205    
   2.517303979353783    
   2.491186673817185    
   2.466032543390746    
   2.441802528401015    
   2.418459330717636    
   2.395967346482851    
   2.374292557636328    
   2.353402470655644    
   2.333266085565316    
   2.313853822036828    
   2.295137419796857    
   2.277089888195243    
   2.259685496591733    
   2.242899729586873    
   2.226709194283619    
   2.211091529145495    
   2.196025313532067    
   2.181489931331762    
   2.167465411016837    
   2.153932331838306    
   2.140871825735295    
   2.128265617209786    
   2.116096069586214    
   2.104346271709526    
   2.093000163622715    
   2.082042621171152    
   2.071459443652047    
   2.061237278225153    
   2.051363523337859    
   2.041826195729557    
   2.032613756803773    
   2.023714964739712    
   2.015118811384564    
   2.006814516987882    
   1.998791534001142    
   1.991039574592399    
   1.983548690260597    
   1.976309364601518    
   1.969312560828508    
   1.962549731333994    
   1.956012821388224    
   1.949694242444713    
   1.943586779981034    
   1.937683479241266    
   1.931977581246037    
   1.926462502742524    
   1.921131808449768    
   1.915979187243782    
   1.910998481455493    
   1.906183748422845    
   1.901529289497564    
   1.897029652448451    
   1.892679661948962    
   1.888474459996771    
   1.884409482985095    
   1.880480380435383    
   1.876682956259823    
   1.873013153762947    
   1.869467031560127    
   1.866040726290844    
   1.862730458725958    
   1.859532579354910    
   1.856443581028668    
   1.853460068280427    
   1.850578751469138    
   1.847796480401388    
   1.845110253565581    
   1.842517187083342    
   1.840014501108605    
   1.837599532415935    
   1.835269713353298    
   1.833022516818745    
   1.830855443598959    
   1.828766066538961    
   1.826752059350057    
   1.824811191301294    
   1.822941350366106    
   1.821140597752845    
   1.819407171944238    
   1.817739427002250    
   1.816135788370715    
   1.814594750626265    
   1.813114843171065    
   1.811694550659449    
   1.810332279761913    
   1.809026403797171    
   1.807775302632538    
   1.806577364329434    
   1.805431022420518    
   1.804334847054561    
   1.803287593270667    
   1.802288164951299    
   1.801335578539339    
   1.800428968362646    
   1.799567557778154    
   1.798750567722887    
   1.797977156717413    
   1.797246438893461    
   1.796557497236561    
   1.795909349716489    
   1.795300952614708    
   1.794731281377900    
   1.794199395072260    
   1.793704428683299    
   1.793245592740446    
   1.792822225229242    
   1.792433807663540    
   1.792079895723414    
   1.791760056369828    
   1.791473872354537    
   1.791220935609138    
   1.791000781480983    
   1.790812854628616    
   1.790656562782720    
   1.790531327307002    
   1.790436567939136    
   1.790371705738604    
   1.790336238974732    
   1.790329795800569    
   1.790352095733297    
   1.790402908982901    
   1.790482080986198    
   1.790589533614691    
   1.790725177989578    
   1.790888838146212    
   1.791080269476113    
   1.791299189655736    
   1.791545245654925    
   1.791817998838306    
   1.792116999782136    
   1.792441861428323    
   1.792792246812424    
   1.793167853223138    
   1.793568471255608    
   1.793994031352792    
   1.794444551472080    
   1.794920067997284    
   1.795420639183763    
   1.795946350474005    
   1.796497249218903    
   1.797073296535505    
   1.797674417836410    
   1.798300558853539    
   1.798951649724431    
   1.799627556842157    
   1.800328117713409    
   1.801053186811562    
   1.801802609025365    
   1.802576203258863    
   1.803373841665708    
   1.804195529727136    
   1.805041379452910    
   1.805911551667070    
   1.806806268656876    
   1.807725824985047    
   1.808670504098043    
   1.809640485941096    
   1.810635853371799    
   1.811656624690518    
   1.812702712356548    
   1.813773888834969    
   1.814869870050820    
   1.815990439198296    
   1.817135486260459    
   1.818305009789242    
   1.819499171946968    
   1.820718337419885    
   1.821962998528882    
   1.823233662808885    
   1.824530814853397    
   1.825854892497961    
   1.827206184213890    
   1.828584732028117    
   1.829990362914572    
   1.831422791525374    
   1.832881683489896    
   1.834366723666125    
   1.835877760867798    
   1.837414929446771    
   1.838978625106039    
   1.840569405914113    
   1.842187940443891    
   1.843834953447649    
   1.845511082806849    
   1.847216740516282    
   1.848952105264471    
   1.850717183068240    
   1.852511821393398    
   1.854335738613865    
   1.856188666951875    
   1.858070514131930    
   1.859981400870807    
   1.861921625067534    
   1.863891664720053    
   1.865892157935103    
   1.867923762148999    
   1.869986994352613    
   1.872082205362064    
   1.874209633807205    
   1.876369407354807    
   1.878561536616004    
   1.880786007471893    
   1.883042896296348    
   1.885332378763842    
   1.887654692632488    
   1.890010172118745    
   1.892399281114937    
   1.894822520603664    
   1.897280294370024    
   1.899772892286898    
   1.902300552092061    
   1.904863472426681    
   1.907461817151718    
   1.910095805956445    
   1.912765801433813    
   1.915472255439368    
   1.918215590305733    
   1.920996169947125    
   1.923814324514319    
   1.926670316274490    
   1.929564309006658    
   1.932496446752852    
   1.935466944499280    
   1.938476050526046    
   1.941523975604300    
   1.944610956806060    
   1.947737378724169    
   1.950903759283051    
   1.954110624093016    
   1.957358434676268    
   1.960647582262074    
   1.963978358084585    
   1.967350941110967    
   1.970765479567249    
   1.974222169770191    
   1.977721215411133    
   1.981262766837820    
   1.984846979893044    
   1.988474102257936    
   1.992144437636392    
   1.995858271913557    
   1.999615910812375    
   2.003417741251258    
   2.007264159934300    
   2.011155464914311    
   2.015091895431172    
   2.019073747860007    
   2.023101367957305    
   2.027175042765631    
