  0.3914410464234662    
  0.3912993048707881    
  0.3911490469542809    
  0.3909902998901449    
  0.3908230896946125    
  0.3906474411956782    
  0.3904633780447980    
  0.3902709227285555    
  0.3900700965802929    
  0.3898609197917164    
  0.3896434114244716    
  0.3894175894216909    
  0.3891834706195013    
  0.3889410707584866    
  0.3886904044950841    
  0.3884314854129039    
  0.3881643260339553    
  0.3878889378297766    
  0.3876053312324627    
  0.3873135156455934    
  0.3870134994550679    
  0.3867052900398472    
  0.3863888937826082    
  0.3860643160803137    
  0.3857315613546937    
  0.3853906330626390    
  0.3850415337065026    
  0.3846842648443043    
  0.3843188270998324    
  0.3839452201726311    
  0.3835634428478648    
  0.3831734930060564    
  0.3827753676326899    
  0.3823690628276845    
  0.3819545738147345    
  0.3815318949505354    
  0.3811010197338970    
  0.3806619408147600    
  0.3802146500031141    
  0.3797591382778292    
  0.3792953957953871    
  0.3788234118985159    
  0.3783431751247109    
  0.3778546732146409    
  0.3773578931204298    
  0.3768528210138066    
  0.3763394422941201    
  0.3758177415962197    
  0.3752877027982099    
  0.3747493090290970    
  0.3742025426763390    
  0.3736473853933203    
  0.3730838181067619    
  0.3725118210240696    
  0.3719313736406156    
  0.3713424547469470    
  0.3707450424359050    
  0.3701391141096425    
  0.3695246464865236    
  0.3689016156079038    
  0.3682699968447900    
  0.3676297649043935    
  0.3669808938365915    
  0.3663233570403249    
  0.3656571272699488    
  0.3649821766415662    
  0.3642984766393341    
  0.3636059981217585    
  0.3629047113279518    
  0.3621945858838420    
  0.3614755908083055    
  0.3607476945192202    
  0.3600108648394287    
  0.3592650690026313    
  0.3585102736592208    
  0.3577464448820938    
  0.3569735481724580    
  0.3561915484656636    
  0.3554004101370590    
  0.3546000970078803    
  0.3537905723511558    
  0.3529717988976200    
  0.3521437388416087    
  0.3513063538469362    
  0.3504596050527437    
  0.3496034530793279    
  0.3487378580339622    
  0.3478627795167374    
  0.3469781766264461    
  0.3460840079665405    
  0.3451802316511688    
  0.3442668053113073    
  0.3433436861009769    
  0.3424108307035420    
  0.3414681953380730    
  0.3405157357657740    
  0.3395534072964587    
  0.3385811647950880    
  0.3375989626883595    
  0.3366067549713816    
  0.3356044952144410    
  0.3345921365698946    
  0.3335696317792008    
  0.3325369331801169    
  0.3314939927140675    
  0.3304407619337000    
  0.3293771920106091    
  0.3283032337432347    
  0.3272188375649106    
  0.3261239535520640    
  0.3250185314325558    
  0.3239025205941732    
  0.3227758700932818    
  0.3216385286636650    
  0.3204904447255686    
  0.3193315663949907    
  0.3181618414932430    
  0.3169812175568029    
  0.3157896418474609    
  0.3145870613627646    
  0.3133734228467354    
  0.3121486728008496    
  0.3109127574952516    
  0.3096656229802131    
  0.3084072150978394    
  0.3071374794940690    
  0.3058563616309968    
  0.3045638067995674    
  0.3032597601326535    
  0.3019441666185401    
  0.3006169711147836    
  0.2992781183624693    
  0.2979275530008372    
  0.2965652195822893    
  0.2951910625877765    
  0.2938050264425934    
  0.2924070555325967    
  0.2909970942208788    
  0.2895750868648953    
  0.2881409778340666    
  0.2866947115278385    
  0.2852362323942129    
  0.2837654849487314    
  0.2822824137939383    
  0.2807869636393407    
  0.2792790793219264    
  0.2777587058272591    
  0.2762257883111921    
  0.2746802721221853    
  0.2731221028242229    
  0.2715512262203075    
  0.2699675883765185    
  0.2683711356466123    
  0.2667618146971747    
  0.2651395725333325    
  0.2635043565250775    
  0.2618561144342425    
  0.2601947944421803    
  0.2585203451781664    
  0.2568327157485433    
  0.2551318557665903    
  0.2534177153831264    
  0.2516902453178126    
  0.2499493968911796    
  0.2481951220573686    
  0.2464273734376050    
  0.2446461043543876    
  0.2428512688663890    
  0.2410428218040395    
  0.2392207188058225    
  0.2373849163552962    
  0.2355353718189092    
  0.2336720434846425    
  0.2317948906015334    
  0.2299038734200936    
  0.2279989532336176    
  0.2260800924203143    
  0.2241472544862029    
  0.2222004041087018    
  0.2202395071809215    
  0.2182645308566758    
  0.2162754435962898    
  0.2142722152132726    
  0.2122548169219255    
  0.2102232213858775    
  0.2081774027674970    
  0.2061173367780602    
  0.2040430007285990    
  0.2019543735813639    
  0.1998514360019382    
  0.1977341704120798    
  0.1956025610434199    
  0.1934565939920866    
  0.1912962572742576    
  0.1891215408825040    
  0.1869324368428148    
  0.1847289392721474    
  0.1825110444364555    
  0.1802787508091837    
  0.1780320591303139    
  0.1757709724660656    
  0.1734954962693523    
  0.1712056384409585    
  0.1689014093913315    
  0.1665828221028045    
  0.1642498921921599    
  0.1619026379734776    
  0.1595410805212948    
  0.1571652437340696    
  0.1547751543979739    
  0.1523708422509796    
  0.1499523400472266    
  0.1475196836215834    
  0.1450729119543386    
  0.1426120672359407    
  0.1401371949317378    
  0.1376483438466317    
  0.1351455661895769    
  0.1326289176378032    
  0.1300984574006935    
  0.1275542482832699    
  0.1249963567493510    
  0.1224248529844227    
  0.1198398109581993    
  0.1172413084866824    
  0.1146294272934959    
  0.1120042530702731    
  0.1093658755360413    
  0.1067143884955701    
  0.1040498898967459    
  0.1013724818869916    
  0.9868227086868886E-01
  0.9597936755338154E-01
  0.9326388701449440E-01
  0.9053594873832582E-01
  0.8779567667329664E-01
  0.8504319927750989E-01
  0.8227864956470514E-01
  0.7950216514853251E-01
  0.7671388828497182E-01
  0.7391396591262679E-01
  0.7110254969068927E-01
  0.6827979603442905E-01
  0.6544586614820505E-01
  0.6260092605595476E-01
  0.5974514662910796E-01
  0.5687870361181164E-01
  0.5400177764337833E-01
  0.5111455427782303E-01
  0.4821722400033185E-01
  0.4530998224045216E-01
  0.4239302938189186E-01
  0.3946657076884771E-01
  0.3653081670883906E-01
  0.3358598247196520E-01
  0.3063228828652615E-01
  0.2766995933091534E-01
  0.2469922572168733E-01
  0.2172032249755646E-01
  0.1873348959920549E-01
  0.1573897184481701E-01
  0.1273701890145946E-01
  0.9727885252377064E-02
  0.6711830160040577E-02
  0.3689117624570239E-02
  0.6600163372056122E-03
 -0.2375200371241569E-02
 -0.5416254586609982E-02
 -0.8462863871871611E-02
 -0.1151474133168830E-01
 -0.1457159568139844E-01
 -0.1763313132111688E-01
 -0.2069904841554738E-01
 -0.2376904297947436E-01
 -0.2684280696827676E-01
 -0.2992002837255267E-01
 -0.3300039131647977E-01
 -0.3608357616033707E-01
 -0.3916925960818581E-01
 -0.4225711482147437E-01
 -0.4534681153854920E-01
 -0.4843801619921893E-01
 -0.5153039207333916E-01
 -0.5462359939282180E-01
 -0.5771729548731608E-01
 -0.6081113492431484E-01
 -0.6390476965440861E-01
 -0.6699784916177023E-01
 -0.7009002061929018E-01
 -0.7318092904747621E-01
 -0.7627021747658166E-01
 -0.7935752711192137E-01
 -0.8244249750273001E-01
 -0.8552476671475459E-01
 -0.8860397150645020E-01
 -0.9167974750835180E-01
 -0.9475172940522174E-01
 -0.9781955112071718E-01
 -0.1008828460045510    
 -0.1039412470221421    
 -0.1069943869467035    
 -0.1100418985534636    
 -0.1130834148155589    
 -0.1161185691010776    
 -0.1191469953709335    
 -0.1221683283774880    
 -0.1251822038640373    
 -0.1281882587651786    
 -0.1311861314078599    
 -0.1341754617126001    
 -0.1371558913942741    
 -0.1401270641619340    
 -0.1430886259174103    
 -0.1460402249526445    
 -0.1489815121458558    
 -0.1519121411565564    
 -0.1548317686192587    
 -0.1577400543353603    
 -0.1606366614625171    
 -0.1635212567008612    
 -0.1663935104758300    
 -0.1692530971177464    
 -0.1720996950384605    
 -0.1749329869049982    
 -0.1777526598097787    
 -0.1805584054366360    
 -0.1833499202220809    
 -0.1861269055117126    
 -0.1888890677121521    
 -0.1916361184387689    
 -0.1943677746589030    
 -0.1970837588296301    
 -0.1997837990292377    
 -0.2024676290824123    
 -0.2051349886800604    
 -0.2077856234945896    
 -0.2104192852903899    
 -0.2130357320281115    
 -0.2156347279614720    
 -0.2182160437266018    
 -0.2207794564252118    
 -0.2233247497026943    
 -0.2258517138209422    
 -0.2283601457245306    
 -0.2308498490992323    
 -0.2333206344231683    
 -0.2357723190118427    
 -0.2382047270577919    
 -0.2406176896643363    
 -0.2430110448722236    
 -0.2453846376786660    
 -0.2477383200494970    
 -0.2500719509257035    
 -0.2523853962248432    
 -0.2546785288367643    
 -0.2569512286126299    
 -0.2592033823469791    
 -0.2614348837534524    
 -0.2636456334350910    
 -0.2658355388495662    
 -0.2680045142690858    
 -0.2701524807346237    
 -0.2722793660046072    
 -0.2743851044985515    
 -0.2764696372360822    
 -0.2785329117713332    
 -0.2805748821224853    
 -0.2825955086963641    
 -0.2845947582084553    
 -0.2865726035989052    
 -0.2885290239449676    
 -0.2904640043699923    
 -0.2923775359488917    
 -0.2942696156100554    
 -0.2961402460339034    
 -0.2979894355483630    
 -0.2998171980215254    
 -0.3016235527516176    
 -0.3034085243544427    
 -0.3051721426485022    
 -0.3069144425381415    
 -0.3086354638949870    
 -0.3103352514378271    
 -0.3120138546109386    
 -0.3136713274608747    
 -0.3153077285118416    
 -0.3169231206399633    
 -0.3185175709467288    
 -0.3200911506319107    
 -0.3216439348660922    
 -0.3231760026629046    
 -0.3246874367510557    
 -0.3261783234462795    
 -0.3276487525233233    
 -0.3290988170881003    
 -0.3305286134501040    
 -0.3319382409952436    
 -0.3333278020592806    
 -0.3346974018020916    
 -0.3360471480829272    
 -0.3373771513367748    
 -0.3386875244518345    
 -0.3399783826481008    
 -0.3412498433570480    
 -0.3425020261025313    
 -0.3437350523830542    
 -0.3449490455556031    
 -0.3461441307211918    
 -0.3473204346122055    
 -0.3484780854815459    
 -0.3496172129935767    
 -0.3507379481168523    
 -0.3518404230186700    
 -0.3529247709614962    
 -0.3539911262013543    
 -0.3550396238882512    
 -0.3560703999687188    
 -0.3570835910905246    
 -0.3580793345095808    
 -0.3590577679990339    
 -0.3600190297605134    
 -0.3609632583374941    
 -0.3618905925307684    
 -0.3628011713160454    
 -0.3636951337637412    
 -0.3645726189610063    
 -0.3654337659360298    
 -0.3662787135846031    
 -0.3671076005989162    
 -0.3679205653985240    
 -0.3687177460634429    
 -0.3694992802693525    
 -0.3702653052249131    
 -0.3710159576112179    
 -0.3717513735233968    
 -0.3724716884143439    
 -0.3731770370405416    
 -0.3738675534099086    
 -0.3745433707316271    
 -0.3752046213679069    
 -0.3758514367876802    
 -0.3764839475222188    
 -0.3771022831226740    
 -0.3777065721195039    
 -0.3782969419837647    
 -0.3788735190902016    
 -0.3794364286820984    
 -0.3799857948378270    
 -0.3805217404390596    
 -0.3810443871406044    
 -0.3815538553418496    
 -0.3820502641597784    
 -0.3825337314035453    
 -0.3830043735505759    
 -0.3834623057241597    
 -0.3839076416724831    
 -0.3843404937490622    
 -0.3847609728945187    
 -0.3851691886196633    
 -0.3855652489898433    
 -0.3859492606105331    
 -0.3863213286141344    
 -0.3866815566479589    
 -0.3870300468633536    
 -0.3873668999059331    
 -0.3876922149068776    
 -0.3880060894752572    
 -0.3883086196913401    
 -0.3885999001008570    
 -0.3888800237101845    
 -0.3891490819824228    
 -0.3894071648343388    
 -0.3896543606341538    
 -0.3898907562001481    
 -0.3901164368000534    
 -0.3903314861511897    
 -0.3905359864213168    
 -0.3907300182301553    
 -0.3909136606515508    
 -0.3910869912162503    
 -0.3912500859152669    
 -0.3914030192038156    
 -0.3915458640057984    
 -0.3916786917188096    
 -0.3918015722196442    
 -0.3919145738702789    
 -0.3920177635243072    
 -0.3921112065338000    
 -0.3921949667565734    
 -0.3922691065638351    
 -0.3923336868481916    
 -0.3923887670319886    
 -0.3924344050759698    
 -0.3924706574882328    
 -0.3924975793334637    
 -0.3925152242424361    
 -0.3925236444217563    
 -0.3925228906638416    
 -0.3925130123571172    
 -0.3924940574964134    
 -0.3924660726935507    
 -0.3924291031880897    
 -0.3923831928582266    
 -0.3923283842318173    
 -0.3922647184975133    
 -0.3921922355160028    
 -0.3921109738313442    
 -0.3920209706823863    
 -0.3919222620142714    
 -0.3918148824900126    
 -0.3916988655021378    
 -0.3915742431843895    
 -0.3914410464234662    
 -0.3912993048707881    
 -0.3911490469542809    
 -0.3909902998901449    
 -0.3908230896946125    
 -0.3906474411956782    
 -0.3904633780447980    
 -0.3902709227285555    
 -0.3900700965802929    
 -0.3898609197917164    
 -0.3896434114244716    
 -0.3894175894216909    
 -0.3891834706195013    
 -0.3889410707584866    
 -0.3886904044950841    
 -0.3884314854129039    
 -0.3881643260339553    
 -0.3878889378297766    
 -0.3876053312324627    
 -0.3873135156455934    
 -0.3870134994550679    
 -0.3867052900398472    
 -0.3863888937826082    
 -0.3860643160803137    
 -0.3857315613546937    
 -0.3853906330626390    
 -0.3850415337065026    
 -0.3846842648443043    
 -0.3843188270998324    
 -0.3839452201726311    
 -0.3835634428478648    
 -0.3831734930060564    
 -0.3827753676326899    
 -0.3823690628276845    
 -0.3819545738147345    
 -0.3815318949505354    
 -0.3811010197338970    
 -0.3806619408147600    
 -0.3802146500031141    
 -0.3797591382778292    
 -0.3792953957953871    
 -0.3788234118985159    
 -0.3783431751247109    
 -0.3778546732146409    
 -0.3773578931204298    
 -0.3768528210138066    
 -0.3763394422941201    
 -0.3758177415962197    
 -0.3752877027982099    
 -0.3747493090290970    
 -0.3742025426763390    
 -0.3736473853933203    
 -0.3730838181067619    
 -0.3725118210240696    
 -0.3719313736406156    
 -0.3713424547469470    
 -0.3707450424359050    
 -0.3701391141096425    
 -0.3695246464865236    
 -0.3689016156079038    
 -0.3682699968447900    
 -0.3676297649043935    
 -0.3669808938365915    
 -0.3663233570403249    
 -0.3656571272699488    
 -0.3649821766415662    
 -0.3642984766393341    
 -0.3636059981217585    
 -0.3629047113279518    
 -0.3621945858838420    
 -0.3614755908083055    
 -0.3607476945192202    
 -0.3600108648394287    
 -0.3592650690026313    
 -0.3585102736592208    
 -0.3577464448820938    
 -0.3569735481724580    
 -0.3561915484656636    
 -0.3554004101370590    
 -0.3546000970078803    
 -0.3537905723511558    
 -0.3529717988976200    
 -0.3521437388416087    
 -0.3513063538469362    
 -0.3504596050527437    
 -0.3496034530793279    
 -0.3487378580339622    
 -0.3478627795167374    
 -0.3469781766264461    
 -0.3460840079665405    
 -0.3451802316511688    
 -0.3442668053113073    
 -0.3433436861009769    
 -0.3424108307035420    
 -0.3414681953380730    
 -0.3405157357657740    
 -0.3395534072964587    
 -0.3385811647950880    
 -0.3375989626883595    
 -0.3366067549713816    
 -0.3356044952144410    
 -0.3345921365698946    
 -0.3335696317792008    
 -0.3325369331801169    
 -0.3314939927140675    
 -0.3304407619337000    
 -0.3293771920106091    
 -0.3283032337432347    
 -0.3272188375649106    
 -0.3261239535520640    
 -0.3250185314325558    
 -0.3239025205941732    
 -0.3227758700932818    
 -0.3216385286636650    
 -0.3204904447255686    
 -0.3193315663949907    
 -0.3181618414932430    
 -0.3169812175568029    
 -0.3157896418474609    
 -0.3145870613627646    
 -0.3133734228467354    
 -0.3121486728008496    
 -0.3109127574952516    
 -0.3096656229802131    
 -0.3084072150978394    
 -0.3071374794940690    
 -0.3058563616309968    
 -0.3045638067995674    
 -0.3032597601326535    
 -0.3019441666185401    
 -0.3006169711147836    
 -0.2992781183624693    
 -0.2979275530008372    
 -0.2965652195822893    
 -0.2951910625877765    
 -0.2938050264425934    
 -0.2924070555325967    
 -0.2909970942208788    
 -0.2895750868648953    
 -0.2881409778340666    
 -0.2866947115278385    
 -0.2852362323942129    
 -0.2837654849487314    
 -0.2822824137939383    
 -0.2807869636393407    
 -0.2792790793219264    
 -0.2777587058272591    
 -0.2762257883111921    
 -0.2746802721221853    
 -0.2731221028242229    
 -0.2715512262203075    
 -0.2699675883765185    
 -0.2683711356466123    
 -0.2667618146971747    
 -0.2651395725333325    
 -0.2635043565250775    
 -0.2618561144342425    
 -0.2601947944421803    
 -0.2585203451781664    
 -0.2568327157485433    
 -0.2551318557665903    
 -0.2534177153831264    
 -0.2516902453178126    
 -0.2499493968911796    
 -0.2481951220573686    
 -0.2464273734376050    
 -0.2446461043543876    
 -0.2428512688663890    
 -0.2410428218040395    
 -0.2392207188058225    
 -0.2373849163552962    
 -0.2355353718189092    
 -0.2336720434846425    
 -0.2317948906015334    
 -0.2299038734200936    
 -0.2279989532336176    
 -0.2260800924203143    
 -0.2241472544862029    
 -0.2222004041087018    
 -0.2202395071809215    
 -0.2182645308566758    
 -0.2162754435962898    
 -0.2142722152132726    
 -0.2122548169219255    
 -0.2102232213858775    
 -0.2081774027674970    
 -0.2061173367780602    
 -0.2040430007285990    
 -0.2019543735813639    
 -0.1998514360019382    
 -0.1977341704120798    
 -0.1956025610434199    
 -0.1934565939920866    
 -0.1912962572742576    
 -0.1891215408825040    
 -0.1869324368428148    
 -0.1847289392721474    
 -0.1825110444364555    
 -0.1802787508091837    
 -0.1780320591303139    
 -0.1757709724660656    
 -0.1734954962693523    
 -0.1712056384409585    
 -0.1689014093913315    
 -0.1665828221028045    
 -0.1642498921921599    
 -0.1619026379734776    
 -0.1595410805212948    
 -0.1571652437340696    
 -0.1547751543979739    
 -0.1523708422509796    
 -0.1499523400472266    
 -0.1475196836215834    
 -0.1450729119543386    
 -0.1426120672359407    
 -0.1401371949317378    
 -0.1376483438466317    
 -0.1351455661895769    
 -0.1326289176378032    
 -0.1300984574006935    
 -0.1275542482832699    
 -0.1249963567493510    
 -0.1224248529844227    
 -0.1198398109581993    
 -0.1172413084866824    
 -0.1146294272934959    
 -0.1120042530702731    
 -0.1093658755360413    
 -0.1067143884955701    
 -0.1040498898967459    
 -0.1013724818869916    
 -0.9868227086868886E-01
 -0.9597936755338154E-01
 -0.9326388701449440E-01
 -0.9053594873832582E-01
 -0.8779567667329664E-01
 -0.8504319927750989E-01
 -0.8227864956470514E-01
 -0.7950216514853251E-01
 -0.7671388828497182E-01
 -0.7391396591262679E-01
 -0.7110254969068927E-01
 -0.6827979603442905E-01
 -0.6544586614820505E-01
 -0.6260092605595476E-01
 -0.5974514662910796E-01
 -0.5687870361181164E-01
 -0.5400177764337833E-01
 -0.5111455427782303E-01
 -0.4821722400033185E-01
 -0.4530998224045216E-01
 -0.4239302938189186E-01
 -0.3946657076884771E-01
 -0.3653081670883906E-01
 -0.3358598247196520E-01
 -0.3063228828652615E-01
 -0.2766995933091534E-01
 -0.2469922572168733E-01
 -0.2172032249755646E-01
 -0.1873348959920549E-01
 -0.1573897184481701E-01
 -0.1273701890145946E-01
 -0.9727885252377064E-02
 -0.6711830160040577E-02
 -0.3689117624570239E-02
 -0.6600163372056122E-03
  0.2375200371241569E-02
  0.5416254586609982E-02
  0.8462863871871611E-02
  0.1151474133168830E-01
  0.1457159568139844E-01
  0.1763313132111688E-01
  0.2069904841554738E-01
  0.2376904297947436E-01
  0.2684280696827676E-01
  0.2992002837255267E-01
  0.3300039131647977E-01
  0.3608357616033707E-01
  0.3916925960818581E-01
  0.4225711482147437E-01
  0.4534681153854920E-01
  0.4843801619921893E-01
  0.5153039207333916E-01
  0.5462359939282180E-01
  0.5771729548731608E-01
  0.6081113492431484E-01
  0.6390476965440861E-01
  0.6699784916177023E-01
  0.7009002061929018E-01
  0.7318092904747621E-01
  0.7627021747658166E-01
  0.7935752711192137E-01
  0.8244249750273001E-01
  0.8552476671475459E-01
  0.8860397150645020E-01
  0.9167974750835180E-01
  0.9475172940522174E-01
  0.9781955112071718E-01
  0.1008828460045510    
  0.1039412470221421    
  0.1069943869467035    
  0.1100418985534636    
  0.1130834148155589    
  0.1161185691010776    
  0.1191469953709335    
  0.1221683283774880    
  0.1251822038640373    
  0.1281882587651786    
  0.1311861314078599    
  0.1341754617126001    
  0.1371558913942741    
  0.1401270641619340    
  0.1430886259174103    
  0.1460402249526445    
  0.1489815121458558    
  0.1519121411565564    
  0.1548317686192587    
  0.1577400543353603    
  0.1606366614625171    
  0.1635212567008612    
  0.1663935104758300    
  0.1692530971177464    
  0.1720996950384605    
  0.1749329869049982    
  0.1777526598097787    
  0.1805584054366360    
  0.1833499202220809    
  0.1861269055117126    
  0.1888890677121521    
  0.1916361184387689    
  0.1943677746589030    
  0.1970837588296301    
  0.1997837990292377    
  0.2024676290824123    
  0.2051349886800604    
  0.2077856234945896    
  0.2104192852903899    
  0.2130357320281115    
  0.2156347279614720    
  0.2182160437266018    
  0.2207794564252118    
  0.2233247497026943    
  0.2258517138209422    
  0.2283601457245306    
  0.2308498490992323    
  0.2333206344231683    
  0.2357723190118427    
  0.2382047270577919    
  0.2406176896643363    
  0.2430110448722236    
  0.2453846376786660    
  0.2477383200494970    
  0.2500719509257035    
  0.2523853962248432    
  0.2546785288367643    
  0.2569512286126299    
  0.2592033823469791    
  0.2614348837534524    
  0.2636456334350910    
  0.2658355388495662    
  0.2680045142690858    
  0.2701524807346237    
  0.2722793660046072    
  0.2743851044985515    
  0.2764696372360822    
  0.2785329117713332    
  0.2805748821224853    
  0.2825955086963641    
  0.2845947582084553    
  0.2865726035989052    
  0.2885290239449676    
  0.2904640043699923    
  0.2923775359488917    
  0.2942696156100554    
  0.2961402460339034    
  0.2979894355483630    
  0.2998171980215254    
  0.3016235527516176    
  0.3034085243544427    
  0.3051721426485022    
  0.3069144425381415    
  0.3086354638949870    
  0.3103352514378271    
  0.3120138546109386    
  0.3136713274608747    
  0.3153077285118416    
  0.3169231206399633    
  0.3185175709467288    
  0.3200911506319107    
  0.3216439348660922    
  0.3231760026629046    
  0.3246874367510557    
  0.3261783234462795    
  0.3276487525233233    
  0.3290988170881003    
  0.3305286134501040    
  0.3319382409952436    
  0.3333278020592806    
  0.3346974018020916    
  0.3360471480829272    
  0.3373771513367748    
  0.3386875244518345    
  0.3399783826481008    
  0.3412498433570480    
  0.3425020261025313    
  0.3437350523830542    
  0.3449490455556031    
  0.3461441307211918    
  0.3473204346122055    
  0.3484780854815459    
  0.3496172129935767    
  0.3507379481168523    
  0.3518404230186700    
  0.3529247709614962    
  0.3539911262013543    
  0.3550396238882512    
  0.3560703999687188    
  0.3570835910905246    
  0.3580793345095808    
  0.3590577679990339    
  0.3600190297605134    
  0.3609632583374941    
  0.3618905925307684    
  0.3628011713160454    
  0.3636951337637412    
  0.3645726189610063    
  0.3654337659360298    
  0.3662787135846031    
  0.3671076005989162    
  0.3679205653985240    
  0.3687177460634429    
  0.3694992802693525    
  0.3702653052249131    
  0.3710159576112179    
  0.3717513735233968    
  0.3724716884143439    
  0.3731770370405416    
  0.3738675534099086    
  0.3745433707316271    
  0.3752046213679069    
  0.3758514367876802    
  0.3764839475222188    
  0.3771022831226740    
  0.3777065721195039    
  0.3782969419837647    
  0.3788735190902016    
  0.3794364286820984    
  0.3799857948378270    
  0.3805217404390596    
  0.3810443871406044    
  0.3815538553418496    
  0.3820502641597784    
  0.3825337314035453    
  0.3830043735505759    
  0.3834623057241597    
  0.3839076416724831    
  0.3843404937490622    
  0.3847609728945187    
  0.3851691886196633    
  0.3855652489898433    
  0.3859492606105331    
  0.3863213286141344    
  0.3866815566479589    
  0.3870300468633536    
  0.3873668999059331    
  0.3876922149068776    
  0.3880060894752572    
  0.3883086196913401    
  0.3885999001008570    
  0.3888800237101845    
  0.3891490819824228    
  0.3894071648343388    
  0.3896543606341538    
  0.3898907562001481    
  0.3901164368000534    
  0.3903314861511897    
  0.3905359864213168    
  0.3907300182301553    
  0.3909136606515508    
  0.3910869912162503    
  0.3912500859152669    
  0.3914030192038156    
  0.3915458640057984    
  0.3916786917188096    
  0.3918015722196442    
  0.3919145738702789    
  0.3920177635243072    
  0.3921112065338000    
  0.3921949667565734    
  0.3922691065638351    
  0.3923336868481916    
  0.3923887670319886    
  0.3924344050759698    
  0.3924706574882328    
  0.3924975793334637    
  0.3925152242424361    
  0.3925236444217563    
  0.3925228906638416    
  0.3925130123571172    
  0.3924940574964134    
  0.3924660726935507    
  0.3924291031880897    
  0.3923831928582266    
  0.3923283842318173    
  0.3922647184975133    
  0.3921922355160028    
  0.3921109738313442    
  0.3920209706823863    
  0.3919222620142714    
  0.3918148824900126    
  0.3916988655021378    
  0.3915742431843895    
