  0.4736074773145103E-01
  0.4801607890706280E-01
  0.4868428684594396E-01
  0.4936540219543117E-01
  0.5005949933814668E-01
  0.5076671201715981E-01
  0.5148712019859835E-01
  0.5222073303613303E-01
  0.5296759232942159E-01
  0.5372778905851759E-01
  0.5450136786788148E-01
  0.5528830893974908E-01
  0.5608861318212119E-01
  0.5690231985105200E-01
  0.5772942981467122E-01
  0.5856988614692103E-01
  0.5942363978401762E-01
  0.6029066843453980E-01
  0.6117091998422051E-01
  0.6206429157095404E-01
  0.6297067420634198E-01
  0.6388997322793943E-01
  0.6482207349001250E-01
  0.6576681664425962E-01
  0.6672402292212470E-01
  0.6769351341476235E-01
  0.6867509899586319E-01
  0.6966855545832104E-01
  0.7067362029924715E-01
  0.7169001721144767E-01
  0.7271747111424556E-01
  0.7375568071071532E-01
  0.7480428763123587E-01
  0.7586290358583975E-01
  0.7693115438443375E-01
  0.7800864937470894E-01
  0.7909491972876972E-01
  0.8018944885450729E-01
  0.8129174897404418E-01
  0.8240132676109288E-01
  0.8351758678821308E-01
  0.8463986596630060E-01
  0.8576754712316689E-01
  0.8690001994243991E-01
  0.8803654457459040E-01
  0.8917629115259518E-01
  0.9031849605223308E-01
  0.9146241700126889E-01
  0.9260715053276039E-01
  0.9375167803980264E-01
  0.9489507208713677E-01
  0.9603644419100885E-01
  0.9717470794321120E-01
  0.9830863369674128E-01
  0.9943711472180829E-01
  0.1005591056638116    
  0.1016733206173010    
  0.1027782996099463    
  0.1038727480332361    
  0.1049554630991013    
  0.1060249524861799    
  0.1070795176091395    
  0.1081176853254056    
  0.1091381185953675    
  0.1101391357881191    
  0.1111188188330709    
  0.1120755649126731    
  0.1130079752205638    
  0.1139142457136493    
  0.1147923130476547    
  0.1156405667197652    
  0.1164577021408383    
  0.1172419329343024    
  0.1179911890126599    
  0.1187040374321958    
  0.1193794448844512    
  0.1200156827610627    
  0.1206105286507573    
  0.1211623356018512    
  0.1216693481669137    
  0.1221276535778923    
  0.1225306011733754    
  0.1228686454272827    
  0.1231253796185836    
  0.1232700217596532    
  0.1232501375215206    
  0.1229832514160785    
  0.1223461809704999    
  0.1211783259521971    
  0.1193249210015658    
  0.1167153403535762    
  0.1134222884184785    
  0.1096460954468610    
  0.1056312185760017    
  0.1015807766249256    
  0.9762309494422990E-01
  0.9382549941458701E-01
  0.9021852291085386E-01
  0.8681052874739741E-01
  0.8359687163907117E-01
  0.8056818120648553E-01
  0.7771441023966211E-01
  0.7502434438715885E-01
  0.7248579985547868E-01
  0.7008787994407842E-01
  0.6782155678976287E-01
  0.6567799948299249E-01
  0.6364820358464446E-01
  0.6172447485140723E-01
  0.5990064226527710E-01
  0.5817059116597822E-01
  0.5652796820619269E-01
  0.5496740122414444E-01
  0.5348462996177707E-01
  0.5207527027885864E-01
  0.5073462212355582E-01
  0.4945875153682554E-01
  0.4824459628488274E-01
  0.4708889554481877E-01
  0.4598805210826179E-01
  0.4493909887871698E-01
  0.4393978178345350E-01
  0.4298760889192214E-01
  0.4207974798335339E-01
  0.4121390474118492E-01
  0.4038839166531748E-01
  0.3960126937755931E-01
  0.3885026698240497E-01
  0.3813358719644903E-01
  0.3744996329068365E-01
  0.3679787219646800E-01
  0.3617546987441827E-01
  0.3558133580873368E-01
  0.3501452106424914E-01
  0.3447382049388924E-01
  0.3395771931110315E-01
  0.3346508686716932E-01
  0.3299521803562804E-01
  0.3254715493153149E-01
  0.3211964175829431E-01
  0.3171177503484596E-01
  0.3132303960679211E-01
  0.3095267251325013E-01
  0.3059962408604383E-01
  0.3026317032620155E-01
  0.2994294465513878E-01
  0.2963833841656644E-01
  0.2934846692577777E-01
  0.2907274861036140E-01
  0.2881093338825721E-01
  0.2856253547139952E-01
  0.2832680338562774E-01
  0.2810326953031096E-01
  0.2789177580227851E-01
  0.2769193517421981E-01
  0.2750310490076865E-01
  0.2732490943288008E-01
  0.2715726375022053E-01
  0.2699986085035208E-01
  0.2685214754412442E-01
  0.2671382314688669E-01
  0.2658486089537386E-01
  0.2646501901179381E-01
  0.2635381863947495E-01
  0.2625102034461625E-01
  0.2615664395234956E-01
  0.2607050128215044E-01
  0.2599217587872574E-01
  0.2592147900774907E-01
  0.2585846815048647E-01
  0.2580299978426433E-01
  0.2575471059610931E-01
  0.2571345435936499E-01
  0.2567931926843593E-01
  0.2565219940004400E-01
  0.2563177717286556E-01
  0.2561794231364918E-01
  0.2561080823257802E-01
  0.2561030105450815E-01
  0.2561614313486257E-01
  0.2562825510773546E-01
  0.2564677142087119E-01
  0.2567164594931230E-01
  0.2570263637858654E-01
  0.2573969018127449E-01
  0.2578295946129688E-01
  0.2583242238611959E-01
  0.2588786833273850E-01
  0.2594926851940087E-01
  0.2601679024859133E-01
  0.2609043344187535E-01
  0.2617001638856293E-01
  0.2625553161701503E-01
  0.2634715964961072E-01
  0.2644492011414553E-01
  0.2654865802004218E-01
  0.2665838536847090E-01
  0.2677429447470861E-01
  0.2689642315180417E-01
  0.2702464140120404E-01
  0.2715897918280911E-01
  0.2729963941423909E-01
  0.2744667687341383E-01
  0.2759998521627460E-01
  0.2775961120795643E-01
  0.2792576744474493E-01
  0.2809852467408067E-01
  0.2827779907970676E-01
  0.2846365324313980E-01
  0.2865630865112872E-01
  0.2885585118752784E-01
  0.2906221859571686E-01
  0.2927548835016163E-01
  0.2949589001848935E-01
  0.2972352377110907E-01
  0.2995834794548289E-01
  0.3020045393334186E-01
  0.3045007845081962E-01
  0.3070733497529533E-01
  0.3097220134950980E-01
  0.3124478173761040E-01
  0.3152531885720380E-01
  0.3181393831102300E-01
  0.3211063616652769E-01
  0.3241552797299966E-01
  0.3272886101152088E-01
  0.3305077155019011E-01
  0.3338127232991907E-01
  0.3372048856817036E-01
  0.3406867028268282E-01
  0.3442596256268100E-01
  0.3479239289042898E-01
  0.3516809399371706E-01
  0.3555331630343807E-01
  0.3594821140223829E-01
  0.3635281911264026E-01
  0.3676727699677205E-01
  0.3719183301337614E-01
  0.3762664237489637E-01
  0.3807175432832240E-01
  0.3852730802759488E-01
  0.3899354545707832E-01
  0.3947062199796855E-01
  0.3995859281962996E-01
  0.4045759477246571E-01
  0.4096785965249646E-01
  0.4148953886177419E-01
  0.4202268932671796E-01
  0.4256744098251221E-01
  0.4312401046872393E-01
  0.4369254036209962E-01
  0.4427308453108127E-01
  0.4486576068738764E-01
  0.4547076460795189E-01
  0.4608822451080115E-01
  0.4671818573629656E-01
  0.4736074773145103E-01
  0.4801607890706280E-01
  0.4868428684594396E-01
  0.4936540219543117E-01
  0.5005949933814668E-01
  0.5076671201715981E-01
  0.5148712019859835E-01
  0.5222073303613303E-01
  0.5296759232942159E-01
  0.5372778905851759E-01
  0.5450136786788148E-01
  0.5528830893974908E-01
  0.5608861318212119E-01
  0.5690231985105200E-01
  0.5772942981467122E-01
  0.5856988614692103E-01
  0.5942363978401762E-01
  0.6029066843453980E-01
  0.6117091998422051E-01
  0.6206429157095404E-01
  0.6297067420634198E-01
  0.6388997322793943E-01
  0.6482207349001250E-01
  0.6576681664425962E-01
  0.6672402292212470E-01
  0.6769351341476235E-01
  0.6867509899586319E-01
  0.6966855545832104E-01
  0.7067362029924715E-01
  0.7169001721144767E-01
  0.7271747111424556E-01
  0.7375568071071532E-01
  0.7480428763123587E-01
  0.7586290358583975E-01
  0.7693115438443375E-01
  0.7800864937470894E-01
  0.7909491972876972E-01
  0.8018944885450729E-01
  0.8129174897404418E-01
  0.8240132676109288E-01
  0.8351758678821308E-01
  0.8463986596630060E-01
  0.8576754712316689E-01
  0.8690001994243991E-01
  0.8803654457459040E-01
  0.8917629115259518E-01
  0.9031849605223308E-01
  0.9146241700126889E-01
  0.9260715053276039E-01
  0.9375167803980264E-01
  0.9489507208713677E-01
  0.9603644419100885E-01
  0.9717470794321120E-01
  0.9830863369674128E-01
  0.9943711472180829E-01
  0.1005591056638116    
  0.1016733206173010    
  0.1027782996099463    
  0.1038727480332361    
  0.1049554630991013    
  0.1060249524861799    
  0.1070795176091395    
  0.1081176853254056    
  0.1091381185953675    
  0.1101391357881191    
  0.1111188188330709    
  0.1120755649126731    
  0.1130079752205638    
  0.1139142457136493    
  0.1147923130476547    
  0.1156405667197652    
  0.1164577021408383    
  0.1172419329343024    
  0.1179911890126599    
  0.1187040374321958    
  0.1193794448844512    
  0.1200156827610627    
  0.1206105286507573    
  0.1211623356018512    
  0.1216693481669137    
  0.1221276535778923    
  0.1225306011733754    
  0.1228686454272827    
  0.1231253796185836    
  0.1232700217596532    
  0.1232501375215206    
  0.1229832514160785    
  0.1223461809704999    
  0.1211783259521971    
  0.1193249210015658    
  0.1167153403535762    
  0.1134222884184785    
  0.1096460954468610    
  0.1056312185760017    
  0.1015807766249256    
  0.9762309494422990E-01
  0.9382549941458701E-01
  0.9021852291085386E-01
  0.8681052874739741E-01
  0.8359687163907117E-01
  0.8056818120648553E-01
  0.7771441023966211E-01
  0.7502434438715885E-01
  0.7248579985547868E-01
  0.7008787994407842E-01
  0.6782155678976287E-01
  0.6567799948299249E-01
  0.6364820358464446E-01
  0.6172447485140723E-01
  0.5990064226527710E-01
  0.5817059116597822E-01
  0.5652796820619269E-01
  0.5496740122414444E-01
  0.5348462996177707E-01
  0.5207527027885864E-01
  0.5073462212355582E-01
  0.4945875153682554E-01
  0.4824459628488274E-01
  0.4708889554481877E-01
  0.4598805210826179E-01
  0.4493909887871698E-01
  0.4393978178345350E-01
  0.4298760889192214E-01
  0.4207974798335339E-01
  0.4121390474118492E-01
  0.4038839166531748E-01
  0.3960126937755931E-01
  0.3885026698240497E-01
  0.3813358719644903E-01
  0.3744996329068365E-01
  0.3679787219646800E-01
  0.3617546987441827E-01
  0.3558133580873368E-01
  0.3501452106424914E-01
  0.3447382049388924E-01
  0.3395771931110315E-01
  0.3346508686716932E-01
  0.3299521803562804E-01
  0.3254715493153149E-01
  0.3211964175829431E-01
  0.3171177503484596E-01
  0.3132303960679211E-01
  0.3095267251325013E-01
  0.3059962408604383E-01
  0.3026317032620155E-01
  0.2994294465513878E-01
  0.2963833841656644E-01
  0.2934846692577777E-01
  0.2907274861036140E-01
  0.2881093338825721E-01
  0.2856253547139952E-01
  0.2832680338562774E-01
  0.2810326953031096E-01
  0.2789177580227851E-01
  0.2769193517421981E-01
  0.2750310490076865E-01
  0.2732490943288008E-01
  0.2715726375022053E-01
  0.2699986085035208E-01
  0.2685214754412442E-01
  0.2671382314688669E-01
  0.2658486089537386E-01
  0.2646501901179381E-01
  0.2635381863947495E-01
  0.2625102034461625E-01
  0.2615664395234956E-01
  0.2607050128215044E-01
  0.2599217587872574E-01
  0.2592147900774907E-01
  0.2585846815048647E-01
  0.2580299978426433E-01
  0.2575471059610931E-01
  0.2571345435936499E-01
  0.2567931926843593E-01
  0.2565219940004400E-01
  0.2563177717286556E-01
  0.2561794231364918E-01
  0.2561080823257802E-01
  0.2561030105450815E-01
  0.2561614313486257E-01
  0.2562825510773546E-01
  0.2564677142087119E-01
  0.2567164594931230E-01
  0.2570263637858654E-01
  0.2573969018127449E-01
  0.2578295946129688E-01
  0.2583242238611959E-01
  0.2588786833273850E-01
  0.2594926851940087E-01
  0.2601679024859133E-01
  0.2609043344187535E-01
  0.2617001638856293E-01
  0.2625553161701503E-01
  0.2634715964961072E-01
  0.2644492011414553E-01
  0.2654865802004218E-01
  0.2665838536847090E-01
  0.2677429447470861E-01
  0.2689642315180417E-01
  0.2702464140120404E-01
  0.2715897918280911E-01
  0.2729963941423909E-01
  0.2744667687341383E-01
  0.2759998521627460E-01
  0.2775961120795643E-01
  0.2792576744474493E-01
  0.2809852467408067E-01
  0.2827779907970676E-01
  0.2846365324313980E-01
  0.2865630865112872E-01
  0.2885585118752784E-01
  0.2906221859571686E-01
  0.2927548835016163E-01
  0.2949589001848935E-01
  0.2972352377110907E-01
  0.2995834794548289E-01
  0.3020045393334186E-01
  0.3045007845081962E-01
  0.3070733497529533E-01
  0.3097220134950980E-01
  0.3124478173761040E-01
  0.3152531885720380E-01
  0.3181393831102300E-01
  0.3211063616652769E-01
  0.3241552797299966E-01
  0.3272886101152088E-01
  0.3305077155019011E-01
  0.3338127232991907E-01
  0.3372048856817036E-01
  0.3406867028268282E-01
  0.3442596256268100E-01
  0.3479239289042898E-01
  0.3516809399371706E-01
  0.3555331630343807E-01
  0.3594821140223829E-01
  0.3635281911264026E-01
  0.3676727699677205E-01
  0.3719183301337614E-01
  0.3762664237489637E-01
  0.3807175432832240E-01
  0.3852730802759488E-01
  0.3899354545707832E-01
  0.3947062199796855E-01
  0.3995859281962996E-01
  0.4045759477246571E-01
  0.4096785965249646E-01
  0.4148953886177419E-01
  0.4202268932671796E-01
  0.4256744098251221E-01
  0.4312401046872393E-01
  0.4369254036209962E-01
  0.4427308453108127E-01
  0.4486576068738764E-01
  0.4547076460795189E-01
  0.4608822451080115E-01
  0.4671818573629656E-01
