  0.3099732011454546    
  0.3112003757014166    
  0.3124370308620475    
  0.3136832598664352    
  0.3149391578109974    
  0.3162048216828747    
  0.3174803503940731    
  0.3187658448164212    
  0.3200614078173720    
  0.3213671442966065    
  0.3226831612234439    
  0.3240095676751366    
  0.3253464748760768    
  0.3266939962378596    
  0.3280522474002006    
  0.3294213462727856    
  0.3308014130780738    
  0.3321925703949850    
  0.3335949432034838    
  0.3350086589301446    
  0.3364338474947172    
  0.3378706413576072    
  0.3393191755682792    
  0.3407795878146815    
  0.3422520184737066    
  0.3437366106625671    
  0.3452335102910885    
  0.3467428661150302    
  0.3482648297904540    
  0.3497995559289949    
  0.3513472021540129    
  0.3529079291577327    
  0.3544819007593809    
  0.3560692839641432    
  0.3576702490228993    
  0.3592849694928455    
  0.3609136222990227    
  0.3625563877965512    
  0.3642134498334861    
  0.3658849958143859    
  0.3675712167645611    
  0.3692723073947523    
  0.3709884661661241    
  0.3727198953556472    
  0.3744668011218212    
  0.3762293935704299    
  0.3780078868201412    
  0.3798024990679739    
  0.3816134526545251    
  0.3834409741285825    
  0.3852852943108754    
  0.3871466483569330    
  0.3890252758188587    
  0.3909214207055045    
  0.3928353315406535    
  0.3947672614190669    
  0.3967174680601073    
  0.3986862138582928    
  0.4006737659302487    
  0.4026803961577600    
  0.4047063812264499    
  0.4067520026592166    
  0.4088175468436749    
  0.4109033050530924    
  0.4130095734600911    
  0.4151366531419069    
  0.4172848500760965    
  0.4194544751258527    
  0.4216458440138636    
  0.4238592772831060    
  0.4260951002429887    
  0.4283536428995180    
  0.4306352398678810    
  0.4329402302652294    
  0.4352689575814232    
  0.4376217695257000    
  0.4399990178468688    
  0.4424010581239079    
  0.4448282495237657    
  0.4472809545233620    
  0.4497595385923078    
  0.4522643698319718    
  0.4547958185662962    
  0.4573542568798799    
  0.4599400580982500    
  0.4625535962041624    
  0.4651952451833765    
  0.4678653782933441    
  0.4705643672474774    
  0.4732925813063098    
  0.4760503862662286    
  0.4788381433362426    
  0.4816562078922301    
  0.4845049280964039    
  0.4873846433687513    
  0.4902956826967269    
  0.4932383627681587    
  0.4962129859102225    
  0.4992198378159318    
  0.5022591850386779    
  0.5053312722335634    
  0.5084363191216470    
  0.5115745171513528    
  0.5147460258300054    
  0.5179509686961675    
  0.5211894289002339    
  0.5244614443583140    
  0.5277670024427322    
  0.5311060341698174    
  0.5344784078419802    
  0.5378839220983331    
  0.5413222983263137    
  0.5447931723841342    
  0.5482960855802818    
  0.5518304748539045    
  0.5553956620989088    
  0.5589908425731535    
  0.5626150723320680    
  0.5662672546257684    
  0.5699461252007307    
  0.5736502364494431    
  0.5773779403540893    
  0.5811273701759518    
  0.5848964208516881    
  0.5886827280690914    
  0.5924836460083409    
  0.5962962237532592    
  0.6001171804020627    
  0.6039428789367410    
  0.6077692989444679    
  0.6115920083268855    
  0.6154061341854735    
  0.6192063331316420    
  0.6229867613381572    
  0.6267410447274074    
  0.6304622497834678    
  0.6341428555761031    
  0.6377747276936135    
  0.6413490948993669    
  0.6448565294535304    
  0.6482869321709166    
  0.6516295234117728    
  0.6548728413220400    
  0.6580047487480531    
  0.6610124503360539    
  0.6638825213760973    
  0.6666009499537413    
  0.6691531939210883    
  0.6715242540753640    
  0.6736987647224262    
  0.6756611024953728    
  0.6773955138892918    
  0.6788862614558012    
  0.6801177879744247    
  0.6810748971947904    
  0.6817429489476535    
  0.6821080655820808    
  0.6821573458374579    
  0.6818790814534412    
  0.6812629711185840    
  0.6803003258169286    
  0.6789842593051278    
  0.6773098573922169    
  0.6752743199406923    
  0.6728770700774198    
  0.6701198259864107    
  0.6670066318229899    
  0.6635438456896030    
  0.6597400841702609    
  0.6556061245368789    
  0.6511547673171896    
  0.6464006633572450    
  0.6413601107348711    
  0.6360508278109449    
  0.6304917092981974    
  0.6247025724693939    
  0.6187039005282725    
  0.6125165897563234    
  0.6061617063768930    
  0.5996602582133960    
  0.5930329852315731    
  0.5863001720117678    
  0.5794814841568177    
  0.5725958296603235    
  0.5656612453806017    
  0.5586948080115945    
  0.5517125683263520    
  0.5447295069984195    
  0.5377595099782093    
  0.5308153612005341    
  0.5239087503077118    
  0.5170502930743845    
  0.5102495622983025    
  0.5035151270547966    
  0.4968545983822535    
  0.4902746796594120    
  0.4837812201424195    
  0.4773792703385181    
  0.4710731380939796    
  0.4648664444630650    
  0.4587621786007989    
  0.4527627510814176    
  0.4468700451832852    
  0.4410854658015481    
  0.4354099857544919    
  0.4298441893382026    
  0.4243883130559060    
  0.4190422835062091    
  0.4138057524619378    
  0.4086781292088079    
  0.4036586102402023    
  0.3987462064234774    
  0.3939397677674846    
  0.3892380059306358    
  0.3846395146128423    
  0.3801427879749351    
  0.3757462372281078    
  0.3714482055333739    
  0.3672469813457073    
  0.3631408103307576    
  0.3591279059757008    
  0.3552064590095101    
  0.3513746457402616    
  0.3476306354089614    
  0.3439725966524367    
  0.3403987031615412    
  0.3369071386137996    
  0.3334961009524236    
  0.3301638060777571    
  0.3269084910121857    
  0.3237284165938807    
  0.3206218697490576    
  0.3175871653880235    
  0.3146226479667144    
  0.3117266927512323    
  0.3088977068186459    
  0.3061341298242133    
  0.3034344345628168    
  0.3007971273494334    
  0.2982207482403662    
  0.2957038711148621    
  0.2932451036352985    
  0.2908430871020463    
  0.2884964962168864    
  0.2862040387674852    
  0.2839644552446330    
  0.2817765184025268    
  0.2796390327707449    
  0.2775508341257068    
  0.2755107889290449    
  0.2735177937393273    
  0.2715707746023554    
  0.2696686864247552    
  0.2678105123354946    
  0.2659952630392679    
  0.2642219761647508    
  0.2624897156104586    
  0.2607975708910488    
  0.2591446564863912    
  0.2575301111950170    
  0.2559530974934041    
  0.2544128009027932    
  0.2529084293648525    
  0.2514392126269032    
  0.2500044016373849    
  0.2486032679525379    
  0.2472351031549805    
  0.2458992182843520    
  0.2445949432802119    
  0.2433216264377305    
  0.2420786338764691    
  0.2408653490220954    
  0.2396811721009359    
  0.2385255196476280    
  0.2373978240259415    
  0.2362975329624320    
  0.2352241090926707    
  0.2341770295201607    
  0.2331557853878769    
  0.2321598814619877    
  0.2311888357274224    
  0.2302421789953148    
  0.2293194545221970    
  0.2284202176404566    
  0.2275440353996797    
  0.2266904862188736    
  0.2258591595494204    
  0.2250496555482613    
  0.2242615847609276    
  0.2234945678144013    
  0.2227482351196457    
  0.2220222265833220    
  0.2213161913283149    
  0.2206297874230501    
  0.2199626816194632    
  0.2193145490991459    
  0.2186850732273133    
  0.2180739453145833    
  0.2174808643864443    
  0.2169055369599671    
  0.2163476768274192    
  0.2158070048467972    
  0.2152832487391688    
  0.2147761428924037    
  0.2142854281709769    
  0.2138108517318728    
  0.2133521668465100    
  0.2129091327282922    
  0.2124815143654821    
  0.2120690823594441    
  0.2116716127682026    
  0.2112888869549447    
  0.2109206914411849    
  0.2105668177646479    
  0.2102270623418405    
  0.2099012263349676    
  0.2095891155229228    
  0.2092905401764158    
  0.2090053149372378    
  0.2087332587013459    
  0.2084741945055072    
  0.2082279494175731    
  0.2079943544303955    
  0.2077732443591002    
  0.2075644577414684    
  0.2073678367414981    
  0.2071832270561836    
  0.2070104778252446    
  0.2068494415435670    
  0.2066999739764235    
  0.2065619340775284    
  0.2064351839096929    
  0.2063195885678535    
  0.2062150161045314    
  0.2061213374577840    
  0.2060384263814447    
  0.2059661593774332    
  0.2059044156301958    
  0.2058530769433396    
  0.2058120276782838    
  0.2057811546947213    
  0.2057603472929390    
  0.2057494971580661    
  0.2057484983060986    
  0.2057572470315119    
  0.2057756418565016    
  0.2058035834819182    
  0.2058409747397623    
  0.2058877205470727    
  0.2059437278612367    
  0.2060089056367912    
  0.2060831647835950    
  0.2061664181262226    
  0.2062585803646091    
  0.2063595680359977    
  0.2064692994780935    
  0.2065876947932911    
  0.2067146758140000    
  0.2068501660691165    
  0.2069940907515495    
  0.2071463766866911    
  0.2073069523018542    
  0.2074757475967179    
  0.2076526941146984    
  0.2078377249151447    
  0.2080307745463914    
  0.2082317790197005    
  0.2084406757840134    
  0.2086574037014263    
  0.2088819030234247    
  0.2091141153679048    
  0.2093539836969027    
  0.2096014522949601    
  0.2098564667481615    
  0.2101189739238724    
  0.2103889219510986    
  0.2106662602014035    
  0.2109509392704223    
  0.2112429109600036    
  0.2115421282608985    
  0.2118485453359390    
  0.2121621175037500    
  0.2124828012230229    
  0.2128105540772719    
  0.2131453347600242    
  0.2134871030604857    
  0.2138358198497130    
  0.2141914470672173    
  0.2145539477079503    
  0.2149232858097178    
  0.2152994264410493    
  0.2156823356894557    
  0.2160719806500285    
  0.2164683294144272    
  0.2168713510602840    
  0.2172810156409598    
  0.2176972941756034    
  0.2181201586395629    
  0.2185495819551802    
  0.2189855379829070    
  0.2194280015126970    
  0.2198769482557175    
  0.2203323548364129    
  0.2207941987848664    
  0.2212624585294137    
  0.2217371133895539    
  0.2222181435691895    
  0.2227055301501397    
  0.2231992550858912    
  0.2236993011956194    
  0.2242056521585222    
  0.2247182925084150    
  0.2252372076285480    
  0.2257623837466756    
  0.2262938079304189    
  0.2268314680828813    
  0.2273753529384773    
  0.2279254520590000    
  0.2284817558299599    
  0.2290442554571686    
  0.2296129429635335    
  0.2301878111860847    
  0.2307688537732625    
  0.2313560651824414    
  0.2319494406776618    
  0.2325489763275821    
  0.2331546690036854    
  0.2337665163787199    
  0.2343845169253488    
  0.2350086699150218    
  0.2356389754170908    
  0.2362754342981558    
  0.2369180482216231    
  0.2375668196474812    
  0.2382217518323157    
  0.2388828488295581    
  0.2395501154899514    
  0.2402235574622363    
  0.2409031811940706    
  0.2415889939331805    
  0.2422810037287377    
  0.2429792194329630    
  0.2436836507029683    
  0.2443943080028363    
  0.2451112026059317    
  0.2458343465974414    
  0.2465637528771558    
  0.2472994351624948    
  0.2480414079917808    
  0.2487896867277505    
  0.2495442875613063    
  0.2503052275155133    
  0.2510725244498578    
  0.2518461970647571    
  0.2526262649063188    
  0.2534127483713543    
  0.2542056687126627    
  0.2550050480445802    
  0.2558109093487918    
  0.2566232764804079    
  0.2574421741743278    
  0.2582676280518796    
  0.2590996646277354    
  0.2599383113171131    
  0.2607835964432828    
  0.2616355492453680    
  0.2624941998864307    
  0.2633595794618556    
  0.2642317200080614    
  0.2651106545115279    
  0.2659964169181229    
  0.2668890421427432    
  0.2677885660793025    
  0.2686950256110565    
  0.2696084586212552    
  0.2705289040041248    
  0.2714564016762168    
  0.2723909925881189    
  0.2733327187365226    
  0.2742816231766568    
  0.2752377500351156    
  0.2762011445230627    
  0.2771718529498144    
  0.2781499227368197    
  0.2791354024320744    
  0.2801283417249452    
  0.2811287914613857    
  0.2821368036595776    
  0.2831524315260360    
  0.2841757294721635    
  0.2852067531312318    
  0.2862455593758163    
  0.2872922063357319    
  0.2883467534164639    
  0.2894092613180733    
  0.2904797920545928    
  0.2915584089739545    
  0.2926451767784435    
  0.2937401615456719    
  0.2948434307500933    
  0.2959550532850890    
  0.2970750994856077    
  0.2982036411513659    
  0.2993407515706399    
  0.3004865055446894    
  0.3016409794127815    
  0.3028042510778212    
  0.3039764000326202    
  0.3051575073868451    
  0.3063476558946152    
  0.3075469299827573    
  0.3087554157797586    
  0.3099732011454546    
  0.3112003757014166    
  0.3124370308620475    
  0.3136832598664352    
  0.3149391578109974    
  0.3162048216828747    
  0.3174803503940731    
  0.3187658448164212    
  0.3200614078173720    
  0.3213671442966065    
  0.3226831612234439    
  0.3240095676751366    
  0.3253464748760768    
  0.3266939962378596    
  0.3280522474002006    
  0.3294213462727856    
  0.3308014130780738    
  0.3321925703949850    
  0.3335949432034838    
  0.3350086589301446    
  0.3364338474947172    
  0.3378706413576072    
  0.3393191755682792    
  0.3407795878146815    
  0.3422520184737066    
  0.3437366106625671    
  0.3452335102910885    
  0.3467428661150302    
  0.3482648297904540    
  0.3497995559289949    
  0.3513472021540129    
  0.3529079291577327    
  0.3544819007593809    
  0.3560692839641432    
  0.3576702490228993    
  0.3592849694928455    
  0.3609136222990227    
  0.3625563877965512    
  0.3642134498334861    
  0.3658849958143859    
  0.3675712167645611    
  0.3692723073947523    
  0.3709884661661241    
  0.3727198953556472    
  0.3744668011218212    
  0.3762293935704299    
  0.3780078868201412    
  0.3798024990679739    
  0.3816134526545251    
  0.3834409741285825    
  0.3852852943108754    
  0.3871466483569330    
  0.3890252758188587    
  0.3909214207055045    
  0.3928353315406535    
  0.3947672614190669    
  0.3967174680601073    
  0.3986862138582928    
  0.4006737659302487    
  0.4026803961577600    
  0.4047063812264499    
  0.4067520026592166    
  0.4088175468436749    
  0.4109033050530924    
  0.4130095734600911    
  0.4151366531419069    
  0.4172848500760965    
  0.4194544751258527    
  0.4216458440138636    
  0.4238592772831060    
  0.4260951002429887    
  0.4283536428995180    
  0.4306352398678810    
  0.4329402302652294    
  0.4352689575814232    
  0.4376217695257000    
  0.4399990178468688    
  0.4424010581239079    
  0.4448282495237657    
  0.4472809545233620    
  0.4497595385923078    
  0.4522643698319718    
  0.4547958185662962    
  0.4573542568798799    
  0.4599400580982500    
  0.4625535962041624    
  0.4651952451833765    
  0.4678653782933441    
  0.4705643672474774    
  0.4732925813063098    
  0.4760503862662286    
  0.4788381433362426    
  0.4816562078922301    
  0.4845049280964039    
  0.4873846433687513    
  0.4902956826967269    
  0.4932383627681587    
  0.4962129859102225    
  0.4992198378159318    
  0.5022591850386779    
  0.5053312722335634    
  0.5084363191216470    
  0.5115745171513528    
  0.5147460258300054    
  0.5179509686961675    
  0.5211894289002339    
  0.5244614443583140    
  0.5277670024427322    
  0.5311060341698174    
  0.5344784078419802    
  0.5378839220983331    
  0.5413222983263137    
  0.5447931723841342    
  0.5482960855802818    
  0.5518304748539045    
  0.5553956620989088    
  0.5589908425731535    
  0.5626150723320680    
  0.5662672546257684    
  0.5699461252007307    
  0.5736502364494431    
  0.5773779403540893    
  0.5811273701759518    
  0.5848964208516881    
  0.5886827280690914    
  0.5924836460083409    
  0.5962962237532592    
  0.6001171804020627    
  0.6039428789367410    
  0.6077692989444679    
  0.6115920083268855    
  0.6154061341854735    
  0.6192063331316420    
  0.6229867613381572    
  0.6267410447274074    
  0.6304622497834678    
  0.6341428555761031    
  0.6377747276936135    
  0.6413490948993669    
  0.6448565294535304    
  0.6482869321709166    
  0.6516295234117728    
  0.6548728413220400    
  0.6580047487480531    
  0.6610124503360539    
  0.6638825213760973    
  0.6666009499537413    
  0.6691531939210883    
  0.6715242540753640    
  0.6736987647224262    
  0.6756611024953728    
  0.6773955138892918    
  0.6788862614558012    
  0.6801177879744247    
  0.6810748971947904    
  0.6817429489476535    
  0.6821080655820808    
  0.6821573458374579    
  0.6818790814534412    
  0.6812629711185840    
  0.6803003258169286    
  0.6789842593051278    
  0.6773098573922169    
  0.6752743199406923    
  0.6728770700774198    
  0.6701198259864107    
  0.6670066318229899    
  0.6635438456896030    
  0.6597400841702609    
  0.6556061245368789    
  0.6511547673171896    
  0.6464006633572450    
  0.6413601107348711    
  0.6360508278109449    
  0.6304917092981974    
  0.6247025724693939    
  0.6187039005282725    
  0.6125165897563234    
  0.6061617063768930    
  0.5996602582133960    
  0.5930329852315731    
  0.5863001720117678    
  0.5794814841568177    
  0.5725958296603235    
  0.5656612453806017    
  0.5586948080115945    
  0.5517125683263520    
  0.5447295069984195    
  0.5377595099782093    
  0.5308153612005341    
  0.5239087503077118    
  0.5170502930743845    
  0.5102495622983025    
  0.5035151270547966    
  0.4968545983822535    
  0.4902746796594120    
  0.4837812201424195    
  0.4773792703385181    
  0.4710731380939796    
  0.4648664444630650    
  0.4587621786007989    
  0.4527627510814176    
  0.4468700451832852    
  0.4410854658015481    
  0.4354099857544919    
  0.4298441893382026    
  0.4243883130559060    
  0.4190422835062091    
  0.4138057524619378    
  0.4086781292088079    
  0.4036586102402023    
  0.3987462064234774    
  0.3939397677674846    
  0.3892380059306358    
  0.3846395146128423    
  0.3801427879749351    
  0.3757462372281078    
  0.3714482055333739    
  0.3672469813457073    
  0.3631408103307576    
  0.3591279059757008    
  0.3552064590095101    
  0.3513746457402616    
  0.3476306354089614    
  0.3439725966524367    
  0.3403987031615412    
  0.3369071386137996    
  0.3334961009524236    
  0.3301638060777571    
  0.3269084910121857    
  0.3237284165938807    
  0.3206218697490576    
  0.3175871653880235    
  0.3146226479667144    
  0.3117266927512323    
  0.3088977068186459    
  0.3061341298242133    
  0.3034344345628168    
  0.3007971273494334    
  0.2982207482403662    
  0.2957038711148621    
  0.2932451036352985    
  0.2908430871020463    
  0.2884964962168864    
  0.2862040387674852    
  0.2839644552446330    
  0.2817765184025268    
  0.2796390327707449    
  0.2775508341257068    
  0.2755107889290449    
  0.2735177937393273    
  0.2715707746023554    
  0.2696686864247552    
  0.2678105123354946    
  0.2659952630392679    
  0.2642219761647508    
  0.2624897156104586    
  0.2607975708910488    
  0.2591446564863912    
  0.2575301111950170    
  0.2559530974934041    
  0.2544128009027932    
  0.2529084293648525    
  0.2514392126269032    
  0.2500044016373849    
  0.2486032679525379    
  0.2472351031549805    
  0.2458992182843520    
  0.2445949432802119    
  0.2433216264377305    
  0.2420786338764691    
  0.2408653490220954    
  0.2396811721009359    
  0.2385255196476280    
  0.2373978240259415    
  0.2362975329624320    
  0.2352241090926707    
  0.2341770295201607    
  0.2331557853878769    
  0.2321598814619877    
  0.2311888357274224    
  0.2302421789953148    
  0.2293194545221970    
  0.2284202176404566    
  0.2275440353996797    
  0.2266904862188736    
  0.2258591595494204    
  0.2250496555482613    
  0.2242615847609276    
  0.2234945678144013    
  0.2227482351196457    
  0.2220222265833220    
  0.2213161913283149    
  0.2206297874230501    
  0.2199626816194632    
  0.2193145490991459    
  0.2186850732273133    
  0.2180739453145833    
  0.2174808643864443    
  0.2169055369599671    
  0.2163476768274192    
  0.2158070048467972    
  0.2152832487391688    
  0.2147761428924037    
  0.2142854281709769    
  0.2138108517318728    
  0.2133521668465100    
  0.2129091327282922    
  0.2124815143654821    
  0.2120690823594441    
  0.2116716127682026    
  0.2112888869549447    
  0.2109206914411849    
  0.2105668177646479    
  0.2102270623418405    
  0.2099012263349676    
  0.2095891155229228    
  0.2092905401764158    
  0.2090053149372378    
  0.2087332587013459    
  0.2084741945055072    
  0.2082279494175731    
  0.2079943544303955    
  0.2077732443591002    
  0.2075644577414684    
  0.2073678367414981    
  0.2071832270561836    
  0.2070104778252446    
  0.2068494415435670    
  0.2066999739764235    
  0.2065619340775284    
  0.2064351839096929    
  0.2063195885678535    
  0.2062150161045314    
  0.2061213374577840    
  0.2060384263814447    
  0.2059661593774332    
  0.2059044156301958    
  0.2058530769433396    
  0.2058120276782838    
  0.2057811546947213    
  0.2057603472929390    
  0.2057494971580661    
  0.2057484983060986    
  0.2057572470315119    
  0.2057756418565016    
  0.2058035834819182    
  0.2058409747397623    
  0.2058877205470727    
  0.2059437278612367    
  0.2060089056367912    
  0.2060831647835950    
  0.2061664181262226    
  0.2062585803646091    
  0.2063595680359977    
  0.2064692994780935    
  0.2065876947932911    
  0.2067146758140000    
  0.2068501660691165    
  0.2069940907515495    
  0.2071463766866911    
  0.2073069523018542    
  0.2074757475967179    
  0.2076526941146984    
  0.2078377249151447    
  0.2080307745463914    
  0.2082317790197005    
  0.2084406757840134    
  0.2086574037014263    
  0.2088819030234247    
  0.2091141153679048    
  0.2093539836969027    
  0.2096014522949601    
  0.2098564667481615    
  0.2101189739238724    
  0.2103889219510986    
  0.2106662602014035    
  0.2109509392704223    
  0.2112429109600036    
  0.2115421282608985    
  0.2118485453359390    
  0.2121621175037500    
  0.2124828012230229    
  0.2128105540772719    
  0.2131453347600242    
  0.2134871030604857    
  0.2138358198497130    
  0.2141914470672173    
  0.2145539477079503    
  0.2149232858097178    
  0.2152994264410493    
  0.2156823356894557    
  0.2160719806500285    
  0.2164683294144272    
  0.2168713510602840    
  0.2172810156409598    
  0.2176972941756034    
  0.2181201586395629    
  0.2185495819551802    
  0.2189855379829070    
  0.2194280015126970    
  0.2198769482557175    
  0.2203323548364129    
  0.2207941987848664    
  0.2212624585294137    
  0.2217371133895539    
  0.2222181435691895    
  0.2227055301501397    
  0.2231992550858912    
  0.2236993011956194    
  0.2242056521585222    
  0.2247182925084150    
  0.2252372076285480    
  0.2257623837466756    
  0.2262938079304189    
  0.2268314680828813    
  0.2273753529384773    
  0.2279254520590000    
  0.2284817558299599    
  0.2290442554571686    
  0.2296129429635335    
  0.2301878111860847    
  0.2307688537732625    
  0.2313560651824414    
  0.2319494406776618    
  0.2325489763275821    
  0.2331546690036854    
  0.2337665163787199    
  0.2343845169253488    
  0.2350086699150218    
  0.2356389754170908    
  0.2362754342981558    
  0.2369180482216231    
  0.2375668196474812    
  0.2382217518323157    
  0.2388828488295581    
  0.2395501154899514    
  0.2402235574622363    
  0.2409031811940706    
  0.2415889939331805    
  0.2422810037287377    
  0.2429792194329630    
  0.2436836507029683    
  0.2443943080028363    
  0.2451112026059317    
  0.2458343465974414    
  0.2465637528771558    
  0.2472994351624948    
  0.2480414079917808    
  0.2487896867277505    
  0.2495442875613063    
  0.2503052275155133    
  0.2510725244498578    
  0.2518461970647571    
  0.2526262649063188    
  0.2534127483713543    
  0.2542056687126627    
  0.2550050480445802    
  0.2558109093487918    
  0.2566232764804079    
  0.2574421741743278    
  0.2582676280518796    
  0.2590996646277354    
  0.2599383113171131    
  0.2607835964432828    
  0.2616355492453680    
  0.2624941998864307    
  0.2633595794618556    
  0.2642317200080614    
  0.2651106545115279    
  0.2659964169181229    
  0.2668890421427432    
  0.2677885660793025    
  0.2686950256110565    
  0.2696084586212552    
  0.2705289040041248    
  0.2714564016762168    
  0.2723909925881189    
  0.2733327187365226    
  0.2742816231766568    
  0.2752377500351156    
  0.2762011445230627    
  0.2771718529498144    
  0.2781499227368197    
  0.2791354024320744    
  0.2801283417249452    
  0.2811287914613857    
  0.2821368036595776    
  0.2831524315260360    
  0.2841757294721635    
  0.2852067531312318    
  0.2862455593758163    
  0.2872922063357319    
  0.2883467534164639    
  0.2894092613180733    
  0.2904797920545928    
  0.2915584089739545    
  0.2926451767784435    
  0.2937401615456719    
  0.2948434307500933    
  0.2959550532850890    
  0.2970750994856077    
  0.2982036411513659    
  0.2993407515706399    
  0.3004865055446894    
  0.3016409794127815    
  0.3028042510778212    
  0.3039764000326202    
  0.3051575073868451    
  0.3063476558946152    
  0.3075469299827573    
  0.3087554157797586    
