   1.509688926514855    
   1.512358644159294    
   1.515053439255971    
   1.517773182468564    
   1.520517710843386    
   1.523286642129074    
   1.526079537673856    
   1.528896143832163    
   1.531736296688490    
   1.534599698341354    
   1.537485975550322    
   1.540394857792762    
   1.543326076027557    
   1.546279125226577    
   1.549253318318380    
   1.552248051429819    
   1.555262833812320    
   1.558297058399809    
   1.561349925019320    
   1.564420636644992    
   1.567508525498750    
   1.570612903932570    
   1.573732876508089    
   1.576867375947758    
   1.580015336890522    
   1.583175759498789    
   1.586347603967834    
   1.589529673644325    
   1.592720625086417    
   1.595919052679529    
   1.599123489823982    
   1.602332304651371    
   1.605543664324255    
   1.608755671183360    
   1.611966499125102    
   1.615174323512771    
   1.618377134461293    
   1.621572673176028    
   1.624758497985011    
   1.627932002426113    
   1.631090378426013    
   1.634230666240580    
   1.637349846203653    
   1.640444779650786    
   1.643512032679006    
   1.646547829708829    
   1.649548185675168    
   1.652509002281568    
   1.655426024079462    
   1.658294770896835    
   1.661110495391117    
   1.663868083837110    
   1.666561947931745    
   1.669186071400623    
   1.671734168636364    
   1.674199719553661    
   1.676575834732703    
   1.678855153754464    
   1.681029869711304    
   1.683091754932180    
   1.685032121548551    
   1.686841784361883    
   1.688511012537853    
   1.690029398614188    
   1.691385749261910    
   1.692568159871035    
   1.693564153808417    
   1.694360617926908    
   1.694943574895489    
   1.695298091881464    
   1.695408375742800    
   1.695257791909946    
   1.694828700132458    
   1.694102294050259    
   1.693058550711133    
   1.691676183702068    
   1.689932568219352    
   1.687803728417540    
   1.685264325714694    
   1.682287486176788    
   1.678844549518548    
   1.674904977914957    
   1.670436380914292    
   1.665404391957746    
   1.659772406999508    
   1.653501454362279    
   1.646550198315207    
   1.638874790904143    
   1.630428547781921    
   1.621161743074633    
   1.611021564080643    
   1.599951912673813    
   1.587892990095563    
   1.574781014562978    
   1.560548204239837    
   1.545122672686734    
   1.528428000438413    
   1.510382746052054    
   1.490900167977694    
   1.469888009921924    
   1.447248140505357    
   1.422876149793530    
   1.396661031469511    
   1.368484815085689    
   1.338222040991423    
   1.305739247568985    
   1.270894596400425    
   1.233537466928621    
   1.193507889075623    
   1.150635978565142    
   1.104741506583079    
   1.055633436618982    
   1.003109293074079    
  0.9469545398946151    
  0.8869421388136280    
  0.8228321445687294    
  0.7543711765650116    
  0.6812918991421100    
  0.6033126786485994    
  0.5201373306835287    
  0.4314548492739581    
  0.3369392444785578    
  0.2362496160554338    
  0.1290303709700862    
  0.1491153262900732E-01
 -0.1064906670873487    
 -0.2355727776174164    
 -0.3727428272431251    
 -0.5184187752013087    
 -0.6730264603868790    
 -0.8369968655706115    
  -1.010762859502236    
  -1.194755504749951    
  -1.389399608032377    
  -1.595108201911198    
  -1.812276078950446    
  -2.041272563710409    
  -2.282433333632309    
  -2.536051062440649    
  -2.802365043904842    
  -3.081549960009133    
  -3.373703520260479    
  -3.678832754164966    
  -3.996839439936912    
  -4.327505404616337    
  -4.670477832952740    
  -5.025254384614605    
  -5.391168518050986    
  -5.767375992248391    
  -6.152843231771499    
  -6.546337880235461    
  -6.946422298194639    
  -7.351451257826241    
  -7.759574665781996    
  -8.168745431295440    
  -8.576732732724683    
  -8.981141526918162    
  -9.379438970881729    
  -9.768987547186430    
  -10.14708416197722    
  -10.51100445397696    
  -10.85805127567621    
  -11.18560579435150    
  -11.49117957305302    
  -11.77246613778406    
  -12.02739014886987    
  -12.25415170942534    
  -12.45126366580293    
  -12.61758080643787    
  -12.75232029387612    
  -12.85507230576204    
  -12.92580009658761    
  -12.96482996936116    
  -12.97283255933435    
  -12.95079650706290    
  -12.89999518362960    
  -12.82194777858453    
  -12.71837700192275    
  -12.59116561750388    
  -12.44231329183519    
  -12.27389484383024    
  -12.08802095337466    
  -11.88680217979193    
  -11.67231689042248    
  -11.44658372544260    
  -11.21153907782415    
  -10.96901938047944    
  -10.72074750065718    
  -10.46832291464713    
  -10.21321580737578    
  -9.956764826935768    
  -9.700177515331529    
  -9.444532604537002    
  -9.190784078019215    
  -8.939766946399047    
  -8.692204151812422    
  -8.448713982619536    
  -8.209817879158015    
  -7.975948588212260    
  -7.747458246345325    
  -7.524626034536396    
  -7.307665553732692    
  -7.096732112075177    
  -6.891929656986965    
  -6.693317041846569    
  -6.500913765679167    
  -6.314705393540264    
  -6.134648479232910    
  -5.960674813842793    
  -5.792695250495653    
  -5.630603347574399    
  -5.474278623425114    
  -5.323589226775325    
  -5.178394287938730    
  -5.038546181671109    
  -4.903892444241688    
  -4.774277163201485    
  -4.649542225733489    
  -4.529528726234480    
  -4.414078159257850    
  -4.303033061005750    
  -4.196237521031192    
  -4.093538014809347    
  -3.994784169872967    
  -3.899828948611690    
  -3.808528620171279    
  -3.720743144355939    
  -3.636336685951527    
  -3.555177601600777    
  -3.477138124838351    
  -3.402094469890081    
  -3.329927244365633    
  -3.260521457785975    
  -3.193766144718097    
  -3.129554281620557    
  -3.067783048352051    
  -3.008353809162151    
  -2.951171723821032    
  -2.896145562932302    
  -2.843187843634244    
  -2.792214776383361    
  -2.743145915093859    
  -2.695903972861333    
  -2.650414894617536    
  -2.606607774756046    
  -2.564414576019741    
  -2.523770035004739    
  -2.484611734841912    
  -2.446879958403199    
  -2.410517408675498    
  -2.375469209153724    
  -2.341683024627514    
  -2.309108819073751    
  -2.277698457113082    
  -2.247405736093607    
  -2.218186653289455    
  -2.189999234499502    
  -2.162803073424425    
  -2.136559302260982    
  -2.111230887345785    
  -2.086782511789891    
  -2.063180137604210    
  -2.040391008796509    
  -2.018383993807642    
  -1.997129446489483    
  -1.976598679024826    
  -1.956763951045500    
  -1.937598938179165    
  -1.919078714326245    
  -1.901179192427023    
  -1.883876988251418    
  -1.867149831020716    
  -1.850976603998997    
  -1.835336893584820    
  -1.820210932535553    
  -1.805579995346736    
  -1.791426319148334    
  -1.777732554609234    
  -1.764481782950287    
  -1.751658086117656    
  -1.739246506020410    
  -1.727232359240712    
  -1.715601178167330    
  -1.704339382068737    
  -1.693434323866232    
  -1.682873538014183    
  -1.672644617247098    
  -1.662735958909503    
  -1.653136873895121    
  -1.643836749451481    
  -1.634824868144879    
  -1.626091280509134    
  -1.617627024562669    
  -1.609423167079373    
  -1.601470454243525    
  -1.593760243186679    
  -1.586284883469263    
  -1.579036753208286    
  -1.572007824295973    
  -1.565190655025549    
  -1.558578853507656    
  -1.552165985225918    
  -1.545944991122604    
  -1.539909328830997    
  -1.534053670444977    
  -1.528372699646632    
  -1.522860230154642    
  -1.517510381603824    
  -1.512318597958816    
  -1.507280499025565    
  -1.502390729853445    
  -1.497644064968880    
  -1.493036654072427    
  -1.488564900968989    
  -1.484224043677260    
  -1.480009243544440    
  -1.475917205107903    
  -1.471945181087968    
  -1.468089159867563    
  -1.464344690849714    
  -1.460708797360286    
  -1.457179278989557    
  -1.453752708917255    
  -1.450425039819720    
  -1.447193732483583    
  -1.444057232667176    
  -1.441012622174011    
  -1.438055931840145    
  -1.435184680260268    
  -1.432397880823444    
  -1.429693435044779    
  -1.427067789028353    
  -1.424518467104860    
  -1.422044626254630    
  -1.419644571576010    
  -1.417315043019651    
  -1.415053722983232    
  -1.412860156860019    
  -1.410733196589614    
  -1.408669761411727    
  -1.406667339995110    
  -1.404725570922647    
  -1.402843919844281    
  -1.401019833983373    
  -1.399250834824975    
  -1.397536534754708    
  -1.395876738187861    
  -1.394269259819708    
  -1.392711621937139    
  -1.391203393689467    
  -1.389744722076876    
  -1.388333860657079    
  -1.386968384086686    
  -1.385647745283354    
  -1.384372312763805    
  -1.383140753058992    
  -1.381950732614109    
  -1.380801559491495    
  -1.379693740500043    
  -1.378626347640758    
  -1.377597201990006    
  -1.376605454279211    
  -1.375651636823633    
  -1.374735166481704    
  -1.373854088851677    
  -1.373007482748883    
  -1.372195900139149    
  -1.371419054231993    
  -1.370675186586433    
  -1.369963246249458    
  -1.369283687427814    
  -1.368636449780957    
  -1.368020042660759    
  -1.367433411530198    
  -1.366876942621163    
  -1.366350734714770    
  -1.365853515107296    
  -1.365384235560267    
  -1.364943232431794    
  -1.364530766292058    
  -1.364145783972353    
  -1.363787212125265    
  -1.363455233459891    
  -1.363150163378600    
  -1.362871182718748    
  -1.362617322300523    
  -1.362388697889735    
  -1.362185615362357    
  -1.362007342223846    
  -1.361852926738214    
  -1.361722464890521    
  -1.361616414872262    
  -1.361534325524981    
  -1.361475358283587    
  -1.361439481695240    
  -1.361427051185478    
  -1.361437701831201    
  -1.361470719085724    
  -1.361526082676260    
  -1.361604117676920    
  -1.361704474049785    
  -1.361826447601046    
  -1.361970011543568    
  -1.362135570081659    
  -1.362322935773113    
  -1.362531475317190    
  -1.362761072759865    
  -1.363012059137016    
  -1.363284333861852    
  -1.363577404322481    
  -1.363891196423055    
  -1.364226028641864    
  -1.364581851423305    
  -1.364958255590166    
  -1.365355171599093    
  -1.365772842662632    
  -1.366211150198481    
  -1.366669664539740    
  -1.367148354242012    
  -1.367647588251509    
  -1.368167426916915    
  -1.368707526471621    
  -1.369267756041926    
  -1.369848315521727    
  -1.370449221304404    
  -1.371070251277869    
  -1.371711445356995    
  -1.372373121956958    
  -1.373055340870100    
  -1.373757843689098    
  -1.374480567052523    
  -1.375223734681077    
  -1.375987405173673    
  -1.376771404623528    
  -1.377575753555205    
  -1.378400694924325    
  -1.379246236848202    
  -1.380112116564286    
  -1.380998300650164    
  -1.381905106988052    
  -1.382832746769743    
  -1.383781132400201    
  -1.384750220346465    
  -1.385740179585531    
  -1.386751141157115    
  -1.387783118061468    
  -1.388836234308128    
  -1.389910705140806    
  -1.391006540186317    
  -1.392123588303558    
  -1.393261915529160    
  -1.394421813046315    
  -1.395603395686924    
  -1.396806531244599    
  -1.398031222877101    
  -1.399277729042677    
  -1.400546227310534    
  -1.401836668254463    
  -1.403149050906758    
  -1.404483569304022    
  -1.405840411956892    
  -1.407219670274907    
  -1.408621498876988    
  -1.410046113520735    
  -1.411493584949581    
  -1.412963881108013    
  -1.414457139938197    
  -1.415973639813257    
  -1.417513475324984    
  -1.419076541312590    
  -1.420662882197017    
  -1.422272774601985    
  -1.423906390613592    
  -1.425563645294013    
  -1.427244482691298    
  -1.428949100610466    
  -1.430677798895077    
  -1.432430772734875    
  -1.434208110402129    
  -1.436009847456932    
  -1.437836012049961    
  -1.439686756549482    
  -1.441562393236821    
  -1.443463124705024    
  -1.445388831270549    
  -1.447339355137734    
  -1.449314881903601    
  -1.451315736577763    
  -1.453341901304541    
  -1.455393125723492    
  -1.457469497803509    
  -1.459571489900594    
  -1.461699372918053    
  -1.463852981161319    
  -1.466032180430421    
  -1.468237195825415    
  -1.470468291061742    
  -1.472725432450222    
  -1.475008471431933    
  -1.477317407331971    
  -1.479652283262884    
  -1.482013049087771    
  -1.484399708446222    
  -1.486812400277686    
  -1.489251167643008    
  -1.491715831438204    
  -1.494206240993944    
  -1.496722457229188    
  -1.499264537215053    
  -1.501832332888017    
  -1.504425668908527    
  -1.507044535636041    
  -1.509688926514855    
  -1.512358644159294    
  -1.515053439255971    
  -1.517773182468564    
  -1.520517710843386    
  -1.523286642129074    
  -1.526079537673856    
  -1.528896143832163    
  -1.531736296688490    
  -1.534599698341354    
  -1.537485975550322    
  -1.540394857792762    
  -1.543326076027557    
  -1.546279125226577    
  -1.549253318318380    
  -1.552248051429819    
  -1.555262833812320    
  -1.558297058399809    
  -1.561349925019320    
  -1.564420636644992    
  -1.567508525498750    
  -1.570612903932570    
  -1.573732876508089    
  -1.576867375947758    
  -1.580015336890522    
  -1.583175759498789    
  -1.586347603967834    
  -1.589529673644325    
  -1.592720625086417    
  -1.595919052679529    
  -1.599123489823982    
  -1.602332304651371    
  -1.605543664324255    
  -1.608755671183360    
  -1.611966499125102    
  -1.615174323512771    
  -1.618377134461293    
  -1.621572673176028    
  -1.624758497985011    
  -1.627932002426113    
  -1.631090378426013    
  -1.634230666240580    
  -1.637349846203653    
  -1.640444779650786    
  -1.643512032679006    
  -1.646547829708829    
  -1.649548185675168    
  -1.652509002281568    
  -1.655426024079462    
  -1.658294770896835    
  -1.661110495391117    
  -1.663868083837110    
  -1.666561947931745    
  -1.669186071400623    
  -1.671734168636364    
  -1.674199719553661    
  -1.676575834732703    
  -1.678855153754464    
  -1.681029869711304    
  -1.683091754932180    
  -1.685032121548551    
  -1.686841784361883    
  -1.688511012537853    
  -1.690029398614188    
  -1.691385749261910    
  -1.692568159871035    
  -1.693564153808417    
  -1.694360617926908    
  -1.694943574895489    
  -1.695298091881464    
  -1.695408375742800    
  -1.695257791909946    
  -1.694828700132458    
  -1.694102294050259    
  -1.693058550711133    
  -1.691676183702068    
  -1.689932568219352    
  -1.687803728417540    
  -1.685264325714694    
  -1.682287486176788    
  -1.678844549518548    
  -1.674904977914957    
  -1.670436380914292    
  -1.665404391957746    
  -1.659772406999508    
  -1.653501454362279    
  -1.646550198315207    
  -1.638874790904143    
  -1.630428547781921    
  -1.621161743074633    
  -1.611021564080643    
  -1.599951912673813    
  -1.587892990095563    
  -1.574781014562978    
  -1.560548204239837    
  -1.545122672686734    
  -1.528428000438413    
  -1.510382746052054    
  -1.490900167977694    
  -1.469888009921924    
  -1.447248140505357    
  -1.422876149793530    
  -1.396661031469511    
  -1.368484815085689    
  -1.338222040991423    
  -1.305739247568985    
  -1.270894596400425    
  -1.233537466928621    
  -1.193507889075623    
  -1.150635978565142    
  -1.104741506583079    
  -1.055633436618982    
  -1.003109293074079    
 -0.9469545398946151    
 -0.8869421388136280    
 -0.8228321445687294    
 -0.7543711765650116    
 -0.6812918991421100    
 -0.6033126786485994    
 -0.5201373306835287    
 -0.4314548492739581    
 -0.3369392444785578    
 -0.2362496160554338    
 -0.1290303709700862    
 -0.1491153262900732E-01
  0.1064906670873487    
  0.2355727776174164    
  0.3727428272431251    
  0.5184187752013087    
  0.6730264603868790    
  0.8369968655706115    
   1.010762859502236    
   1.194755504749951    
   1.389399608032377    
   1.595108201911198    
   1.812276078950446    
   2.041272563710409    
   2.282433333632309    
   2.536051062440649    
   2.802365043904842    
   3.081549960009133    
   3.373703520260479    
   3.678832754164966    
   3.996839439936912    
   4.327505404616337    
   4.670477832952740    
   5.025254384614605    
   5.391168518050986    
   5.767375992248391    
   6.152843231771499    
   6.546337880235461    
   6.946422298194639    
   7.351451257826241    
   7.759574665781996    
   8.168745431295440    
   8.576732732724683    
   8.981141526918162    
   9.379438970881729    
   9.768987547186430    
   10.14708416197722    
   10.51100445397696    
   10.85805127567621    
   11.18560579435150    
   11.49117957305302    
   11.77246613778406    
   12.02739014886987    
   12.25415170942534    
   12.45126366580293    
   12.61758080643787    
   12.75232029387612    
   12.85507230576204    
   12.92580009658761    
   12.96482996936116    
   12.97283255933435    
   12.95079650706290    
   12.89999518362960    
   12.82194777858453    
   12.71837700192275    
   12.59116561750388    
   12.44231329183519    
   12.27389484383024    
   12.08802095337466    
   11.88680217979193    
   11.67231689042248    
   11.44658372544260    
   11.21153907782415    
   10.96901938047944    
   10.72074750065718    
   10.46832291464713    
   10.21321580737578    
   9.956764826935768    
   9.700177515331529    
   9.444532604537002    
   9.190784078019215    
   8.939766946399047    
   8.692204151812422    
   8.448713982619536    
   8.209817879158015    
   7.975948588212260    
   7.747458246345325    
   7.524626034536396    
   7.307665553732692    
   7.096732112075177    
   6.891929656986965    
   6.693317041846569    
   6.500913765679167    
   6.314705393540264    
   6.134648479232910    
   5.960674813842793    
   5.792695250495653    
   5.630603347574399    
   5.474278623425114    
   5.323589226775325    
   5.178394287938730    
   5.038546181671109    
   4.903892444241688    
   4.774277163201485    
   4.649542225733489    
   4.529528726234480    
   4.414078159257850    
   4.303033061005750    
   4.196237521031192    
   4.093538014809347    
   3.994784169872967    
   3.899828948611690    
   3.808528620171279    
   3.720743144355939    
   3.636336685951527    
   3.555177601600777    
   3.477138124838351    
   3.402094469890081    
   3.329927244365633    
   3.260521457785975    
   3.193766144718097    
   3.129554281620557    
   3.067783048352051    
   3.008353809162151    
   2.951171723821032    
   2.896145562932302    
   2.843187843634244    
   2.792214776383361    
   2.743145915093859    
   2.695903972861333    
   2.650414894617536    
   2.606607774756046    
   2.564414576019741    
   2.523770035004739    
   2.484611734841912    
   2.446879958403199    
   2.410517408675498    
   2.375469209153724    
   2.341683024627514    
   2.309108819073751    
   2.277698457113082    
   2.247405736093607    
   2.218186653289455    
   2.189999234499502    
   2.162803073424425    
   2.136559302260982    
   2.111230887345785    
   2.086782511789891    
   2.063180137604210    
   2.040391008796509    
   2.018383993807642    
   1.997129446489483    
   1.976598679024826    
   1.956763951045500    
   1.937598938179165    
   1.919078714326245    
   1.901179192427023    
   1.883876988251418    
   1.867149831020716    
   1.850976603998997    
   1.835336893584820    
   1.820210932535553    
   1.805579995346736    
   1.791426319148334    
   1.777732554609234    
   1.764481782950287    
   1.751658086117656    
   1.739246506020410    
   1.727232359240712    
   1.715601178167330    
   1.704339382068737    
   1.693434323866232    
   1.682873538014183    
   1.672644617247098    
   1.662735958909503    
   1.653136873895121    
   1.643836749451481    
   1.634824868144879    
   1.626091280509134    
   1.617627024562669    
   1.609423167079373    
   1.601470454243525    
   1.593760243186679    
   1.586284883469263    
   1.579036753208286    
   1.572007824295973    
   1.565190655025549    
   1.558578853507656    
   1.552165985225918    
   1.545944991122604    
   1.539909328830997    
   1.534053670444977    
   1.528372699646632    
   1.522860230154642    
   1.517510381603824    
   1.512318597958816    
   1.507280499025565    
   1.502390729853445    
   1.497644064968880    
   1.493036654072427    
   1.488564900968989    
   1.484224043677260    
   1.480009243544440    
   1.475917205107903    
   1.471945181087968    
   1.468089159867563    
   1.464344690849714    
   1.460708797360286    
   1.457179278989557    
   1.453752708917255    
   1.450425039819720    
   1.447193732483583    
   1.444057232667176    
   1.441012622174011    
   1.438055931840145    
   1.435184680260268    
   1.432397880823444    
   1.429693435044779    
   1.427067789028353    
   1.424518467104860    
   1.422044626254630    
   1.419644571576010    
   1.417315043019651    
   1.415053722983232    
   1.412860156860019    
   1.410733196589614    
   1.408669761411727    
   1.406667339995110    
   1.404725570922647    
   1.402843919844281    
   1.401019833983373    
   1.399250834824975    
   1.397536534754708    
   1.395876738187861    
   1.394269259819708    
   1.392711621937139    
   1.391203393689467    
   1.389744722076876    
   1.388333860657079    
   1.386968384086686    
   1.385647745283354    
   1.384372312763805    
   1.383140753058992    
   1.381950732614109    
   1.380801559491495    
   1.379693740500043    
   1.378626347640758    
   1.377597201990006    
   1.376605454279211    
   1.375651636823633    
   1.374735166481704    
   1.373854088851677    
   1.373007482748883    
   1.372195900139149    
   1.371419054231993    
   1.370675186586433    
   1.369963246249458    
   1.369283687427814    
   1.368636449780957    
   1.368020042660759    
   1.367433411530198    
   1.366876942621163    
   1.366350734714770    
   1.365853515107296    
   1.365384235560267    
   1.364943232431794    
   1.364530766292058    
   1.364145783972353    
   1.363787212125265    
   1.363455233459891    
   1.363150163378600    
   1.362871182718748    
   1.362617322300523    
   1.362388697889735    
   1.362185615362357    
   1.362007342223846    
   1.361852926738214    
   1.361722464890521    
   1.361616414872262    
   1.361534325524981    
   1.361475358283587    
   1.361439481695240    
   1.361427051185478    
   1.361437701831201    
   1.361470719085724    
   1.361526082676260    
   1.361604117676920    
   1.361704474049785    
   1.361826447601046    
   1.361970011543568    
   1.362135570081659    
   1.362322935773113    
   1.362531475317190    
   1.362761072759865    
   1.363012059137016    
   1.363284333861852    
   1.363577404322481    
   1.363891196423055    
   1.364226028641864    
   1.364581851423305    
   1.364958255590166    
   1.365355171599093    
   1.365772842662632    
   1.366211150198481    
   1.366669664539740    
   1.367148354242012    
   1.367647588251509    
   1.368167426916915    
   1.368707526471621    
   1.369267756041926    
   1.369848315521727    
   1.370449221304404    
   1.371070251277869    
   1.371711445356995    
   1.372373121956958    
   1.373055340870100    
   1.373757843689098    
   1.374480567052523    
   1.375223734681077    
   1.375987405173673    
   1.376771404623528    
   1.377575753555205    
   1.378400694924325    
   1.379246236848202    
   1.380112116564286    
   1.380998300650164    
   1.381905106988052    
   1.382832746769743    
   1.383781132400201    
   1.384750220346465    
   1.385740179585531    
   1.386751141157115    
   1.387783118061468    
   1.388836234308128    
   1.389910705140806    
   1.391006540186317    
   1.392123588303558    
   1.393261915529160    
   1.394421813046315    
   1.395603395686924    
   1.396806531244599    
   1.398031222877101    
   1.399277729042677    
   1.400546227310534    
   1.401836668254463    
   1.403149050906758    
   1.404483569304022    
   1.405840411956892    
   1.407219670274907    
   1.408621498876988    
   1.410046113520735    
   1.411493584949581    
   1.412963881108013    
   1.414457139938197    
   1.415973639813257    
   1.417513475324984    
   1.419076541312590    
   1.420662882197017    
   1.422272774601985    
   1.423906390613592    
   1.425563645294013    
   1.427244482691298    
   1.428949100610466    
   1.430677798895077    
   1.432430772734875    
   1.434208110402129    
   1.436009847456932    
   1.437836012049961    
   1.439686756549482    
   1.441562393236821    
   1.443463124705024    
   1.445388831270549    
   1.447339355137734    
   1.449314881903601    
   1.451315736577763    
   1.453341901304541    
   1.455393125723492    
   1.457469497803509    
   1.459571489900594    
   1.461699372918053    
   1.463852981161319    
   1.466032180430421    
   1.468237195825415    
   1.470468291061742    
   1.472725432450222    
   1.475008471431933    
   1.477317407331971    
   1.479652283262884    
   1.482013049087771    
   1.484399708446222    
   1.486812400277686    
   1.489251167643008    
   1.491715831438204    
   1.494206240993944    
   1.496722457229188    
   1.499264537215053    
   1.501832332888017    
   1.504425668908527    
   1.507044535636041    
