  0.3674077027701806    
  0.3666200100932556    
  0.3657054475973135    
  0.3646651065923054    
  0.3634998482221982    
  0.3622102851226709    
  0.3607967675740495    
  0.3592594156580179    
  0.3575981573391603    
  0.3558127218445915    
  0.3539026158537427    
  0.3518671384882939    
  0.3497054214744227    
  0.3474164372680713    
  0.3449989750213086    
  0.3424516388657621    
  0.3397728809935807    
  0.3369610212661263    
  0.3340142312511660    
  0.3309305227016303    
  0.3277077692428616    
  0.3243437307049021    
  0.3208360480925986    
  0.3171822307780673    
  0.3133796687162007    
  0.3094256563194144    
  0.3053173967371273    
  0.3010519935833623    
  0.2966264590206583    
  0.2920377362882475    
  0.2872827110696846    
  0.2823582103903886    
  0.2772610118401294    
  0.2719878670744096    
  0.2665355199091176    
  0.2609007137673398    
  0.2550802060163996    
  0.2490707958634772    
  0.2428693507358379    
  0.2364728239940859    
  0.2298782774678729    
  0.2230829168639960    
  0.2160841285841067    
  0.2088795097777519    
  0.2014669017399706    
  0.1938444352124059    
  0.1860105790044196    
  0.1779641833325800    
  0.1697045251319020    
  0.1612313637122885    
  0.1525450002782804    
  0.1436463325535844    
  0.1345369093494225    
  0.1252189927854878    
  0.1156956230364009    
  0.1059706767302243    
  0.9604892182103014E-01
  0.8593607573239428E-01
  0.7563886235113985E-01
  0.6516505880317877E-01
  0.5452353331436950E-01
  0.4372428027354745E-01
  0.3277844854064186E-01
  0.2169835372379633E-01
  0.1049747485282418E-01
 -0.8095582673056492E-03
 -0.1220698999832563E-01
 -0.2367798519563726E-01
 -0.3520469653681886E-01
 -0.4676834511707482E-01
 -0.5834931514983285E-01
 -0.6992727093597426E-01
 -0.8148129498595472E-01
 -0.9299003692312971E-01
 -0.1044318707804922    
 -0.1157850676200820    
 -0.1270279817795382    
 -0.1381392375623480    
 -0.1490979105660746    
 -0.1598837102318369    
 -0.1704771632033107    
 -0.1808597829817080    
 -0.1910142175422396    
 -0.2009243829172800    
 -0.2105755866409057    
 -0.2199546276175918    
 -0.2290498623566541    
 -0.2378512480657824    
 -0.2463503734511102    
 -0.2545404668884513    
 -0.2624163694000783    
 -0.2699744839457498    
 -0.2772127197320451    
 -0.2841304257443917    
 -0.2907282963830811    
 -0.2970082575646711    
 -0.3029733587968940    
 -0.3086276718359914    
 -0.3139761730051437    
 -0.3190246088990257    
 -0.3237793749677784    
 -0.3282474170953198    
 -0.3324361294320146    
 -0.3363532348091688    
 -0.3400066761910198    
 -0.3434045417319633    
 -0.3465549988691530    
 -0.3494662087722600    
 -0.3521462416445543    
 -0.3546030279094963    
 -0.3568443308912753    
 -0.3588777003934991    
 -0.3607104129461335    
 -0.3623494417579902    
 -0.3638014585644234    
 -0.3650728219387705    
 -0.3661695393232341    
 -0.3670972464428691    
 -0.3678612253671415    
 -0.3684664192290494    
 -0.3689174120122965    
 -0.3692184097902791    
 -0.3693732630043132    
 -0.3693854994064555    
 -0.3692583194465832    
 -0.3689945748593899    
 -0.3685967844730355    
 -0.3680671770644397    
 -0.3674077027701806    
 -0.3666200100932556    
 -0.3657054475973135    
 -0.3646651065923054    
 -0.3634998482221982    
 -0.3622102851226709    
 -0.3607967675740495    
 -0.3592594156580179    
 -0.3575981573391603    
 -0.3558127218445915    
 -0.3539026158537427    
 -0.3518671384882939    
 -0.3497054214744227    
 -0.3474164372680713    
 -0.3449989750213086    
 -0.3424516388657621    
 -0.3397728809935807    
 -0.3369610212661263    
 -0.3340142312511660    
 -0.3309305227016303    
 -0.3277077692428616    
 -0.3243437307049021    
 -0.3208360480925986    
 -0.3171822307780673    
 -0.3133796687162007    
 -0.3094256563194144    
 -0.3053173967371273    
 -0.3010519935833623    
 -0.2966264590206583    
 -0.2920377362882475    
 -0.2872827110696846    
 -0.2823582103903886    
 -0.2772610118401294    
 -0.2719878670744096    
 -0.2665355199091176    
 -0.2609007137673398    
 -0.2550802060163996    
 -0.2490707958634772    
 -0.2428693507358379    
 -0.2364728239940859    
 -0.2298782774678729    
 -0.2230829168639960    
 -0.2160841285841067    
 -0.2088795097777519    
 -0.2014669017399706    
 -0.1938444352124059    
 -0.1860105790044196    
 -0.1779641833325800    
 -0.1697045251319020    
 -0.1612313637122885    
 -0.1525450002782804    
 -0.1436463325535844    
 -0.1345369093494225    
 -0.1252189927854878    
 -0.1156956230364009    
 -0.1059706767302243    
 -0.9604892182103014E-01
 -0.8593607573239428E-01
 -0.7563886235113985E-01
 -0.6516505880317877E-01
 -0.5452353331436950E-01
 -0.4372428027354745E-01
 -0.3277844854064186E-01
 -0.2169835372379633E-01
 -0.1049747485282418E-01
  0.8095582673056492E-03
  0.1220698999832563E-01
  0.2367798519563726E-01
  0.3520469653681886E-01
  0.4676834511707482E-01
  0.5834931514983285E-01
  0.6992727093597426E-01
  0.8148129498595472E-01
  0.9299003692312971E-01
  0.1044318707804922    
  0.1157850676200820    
  0.1270279817795382    
  0.1381392375623480    
  0.1490979105660746    
  0.1598837102318369    
  0.1704771632033107    
  0.1808597829817080    
  0.1910142175422396    
  0.2009243829172800    
  0.2105755866409057    
  0.2199546276175918    
  0.2290498623566541    
  0.2378512480657824    
  0.2463503734511102    
  0.2545404668884513    
  0.2624163694000783    
  0.2699744839457498    
  0.2772127197320451    
  0.2841304257443917    
  0.2907282963830811    
  0.2970082575646711    
  0.3029733587968940    
  0.3086276718359914    
  0.3139761730051437    
  0.3190246088990257    
  0.3237793749677784    
  0.3282474170953198    
  0.3324361294320146    
  0.3363532348091688    
  0.3400066761910198    
  0.3434045417319633    
  0.3465549988691530    
  0.3494662087722600    
  0.3521462416445543    
  0.3546030279094963    
  0.3568443308912753    
  0.3588777003934991    
  0.3607104129461335    
  0.3623494417579902    
  0.3638014585644234    
  0.3650728219387705    
  0.3661695393232341    
  0.3670972464428691    
  0.3678612253671415    
  0.3684664192290494    
  0.3689174120122965    
  0.3692184097902791    
  0.3693732630043132    
  0.3693854994064555    
  0.3692583194465832    
  0.3689945748593899    
  0.3685967844730355    
  0.3680671770644397    
