  0.4548635036047733    
  0.4485204678977240    
  0.4420008262418305    
  0.4353083035118334    
  0.4284464433817571    
  0.4214185905210607    
  0.4142278775782624    
  0.4068772579238568    
  0.3993695435129725    
  0.3917073976531611    
  0.3838933108564692    
  0.3759296155398913    
  0.3678185252638707    
  0.3595621413767404    
  0.3511624276371179    
  0.3426212074014602    
  0.3339401952517918    
  0.3251210145765449    
  0.3161651795437829    
  0.3070740818218924    
  0.2978490104186229    
  0.2884911737061274    
  0.2790016919318637    
  0.2693815822128655    
  0.2596317686386247    
  0.2497531037419349    
  0.2397463701941988    
  0.2296122701362298    
  0.2193514310266177    
  0.2089644257830690    
  0.1984517816053056    
  0.1878139764534386    
  0.1770514460219998    
  0.1661646049211480    
  0.1551538623152057    
  0.1440196269851035    
  0.1327623194229974    
  0.1213823974352326    
  0.1098803800846978    
  0.9825686297003197E-01
  0.8651253840860629E-01
  0.7464822841605501E-01
  0.6266491890366804E-01
  0.5056378701923628E-01
  0.3834623181679597E-01
  0.2601391668526504E-01
  0.1356881482538452E-01
  0.1013249233838526E-02
 -0.1165006548102143E-01
 -0.2441797118259742E-01
 -0.3728681079787186E-01
 -0.5025237814085620E-01
 -0.6330986805837327E-01
 -0.7645381926597114E-01
 -0.8967805511462965E-01
 -0.1029756311319828    
 -0.1163387864337660    
 -0.1297588922478475    
 -0.1432264020530351    
 -0.1567308123513678    
 -0.1702606326556618    
 -0.1838033585626673    
 -0.1973454519017183    
 -0.2108723371431157    
 -0.2243684134699046    
 -0.2378170761539188    
 -0.2512007501908855    
 -0.2645009451460009    
 -0.2776983306020313    
 -0.2907728243459605    
 -0.3037036940809379    
 -0.3164696806721526    
 -0.3290491415649534    
 -0.3414202038633624    
 -0.3535609246568152    
 -0.3654494654193410    
 -0.3770642785824859    
 -0.3883842930121149    
 -0.3993890926591779    
 -0.4100590949880002    
 -0.4203757286703359    
 -0.4303215960412358    
 -0.4398806121965856    
 -0.4490381289180632    
 -0.4577810473331231    
 -0.4660979059553259    
 -0.4739789343658248    
 -0.4814160833388731    
 -0.4884030423327239    
 -0.4949352340765317    
 -0.5010097740150709    
 -0.5066254064879916    
 -0.5117824364160810    
 -0.5164826506480347    
 -0.5207292120756257    
 -0.5245265352450998    
 -0.5278801690144634    
 -0.5307966866490184    
 -0.5332835604819726    
 -0.5353490212030312    
 -0.5370019313288876    
 -0.5382516826191146    
 -0.5391080905307472    
 -0.5395812723288145    
 -0.5396815374664624    
 -0.5394193124166022    
 -0.5388050750092744    
 -0.5378492697952699    
 -0.5365622252339675    
 -0.5349541074481126    
 -0.5330348956203920    
 -0.5308143384815062    
 -0.5283018980889800    
 -0.5255067238420013    
 -0.5224376583237267    
 -0.5191032293869859    
 -0.5155116162160694    
 -0.5116706331806169    
 -0.5075877521856148    
 -0.5032701211678572    
 -0.4987245475809456    
 -0.4939574836452120    
 -0.4889750525194980    
 -0.4837830844686845    
 -0.4783871150946976    
 -0.4727923669845372    
 -0.4670037685949913    
 -0.4610259995084151    
 -0.4548635036047733    
 -0.4485204678977240    
 -0.4420008262418305    
 -0.4353083035118334    
 -0.4284464433817571    
 -0.4214185905210607    
 -0.4142278775782624    
 -0.4068772579238568    
 -0.3993695435129725    
 -0.3917073976531611    
 -0.3838933108564692    
 -0.3759296155398913    
 -0.3678185252638707    
 -0.3595621413767404    
 -0.3511624276371179    
 -0.3426212074014602    
 -0.3339401952517918    
 -0.3251210145765449    
 -0.3161651795437829    
 -0.3070740818218924    
 -0.2978490104186229    
 -0.2884911737061274    
 -0.2790016919318637    
 -0.2693815822128655    
 -0.2596317686386247    
 -0.2497531037419349    
 -0.2397463701941988    
 -0.2296122701362298    
 -0.2193514310266177    
 -0.2089644257830690    
 -0.1984517816053056    
 -0.1878139764534386    
 -0.1770514460219998    
 -0.1661646049211480    
 -0.1551538623152057    
 -0.1440196269851035    
 -0.1327623194229974    
 -0.1213823974352326    
 -0.1098803800846978    
 -0.9825686297003197E-01
 -0.8651253840860629E-01
 -0.7464822841605501E-01
 -0.6266491890366804E-01
 -0.5056378701923628E-01
 -0.3834623181679597E-01
 -0.2601391668526504E-01
 -0.1356881482538452E-01
 -0.1013249233838526E-02
  0.1165006548102143E-01
  0.2441797118259742E-01
  0.3728681079787186E-01
  0.5025237814085620E-01
  0.6330986805837327E-01
  0.7645381926597114E-01
  0.8967805511462965E-01
  0.1029756311319828    
  0.1163387864337660    
  0.1297588922478475    
  0.1432264020530351    
  0.1567308123513678    
  0.1702606326556618    
  0.1838033585626673    
  0.1973454519017183    
  0.2108723371431157    
  0.2243684134699046    
  0.2378170761539188    
  0.2512007501908855    
  0.2645009451460009    
  0.2776983306020313    
  0.2907728243459605    
  0.3037036940809379    
  0.3164696806721526    
  0.3290491415649534    
  0.3414202038633624    
  0.3535609246568152    
  0.3654494654193410    
  0.3770642785824859    
  0.3883842930121149    
  0.3993890926591779    
  0.4100590949880002    
  0.4203757286703359    
  0.4303215960412358    
  0.4398806121965856    
  0.4490381289180632    
  0.4577810473331231    
  0.4660979059553259    
  0.4739789343658248    
  0.4814160833388731    
  0.4884030423327239    
  0.4949352340765317    
  0.5010097740150709    
  0.5066254064879916    
  0.5117824364160810    
  0.5164826506480347    
  0.5207292120756257    
  0.5245265352450998    
  0.5278801690144634    
  0.5307966866490184    
  0.5332835604819726    
  0.5353490212030312    
  0.5370019313288876    
  0.5382516826191146    
  0.5391080905307472    
  0.5395812723288145    
  0.5396815374664624    
  0.5394193124166022    
  0.5388050750092744    
  0.5378492697952699    
  0.5365622252339675    
  0.5349541074481126    
  0.5330348956203920    
  0.5308143384815062    
  0.5283018980889800    
  0.5255067238420013    
  0.5224376583237267    
  0.5191032293869859    
  0.5155116162160694    
  0.5116706331806169    
  0.5075877521856148    
  0.5032701211678572    
  0.4987245475809456    
  0.4939574836452120    
  0.4889750525194980    
  0.4837830844686845    
  0.4783871150946976    
  0.4727923669845372    
  0.4670037685949913    
  0.4610259995084151    
