   7.102065223157801    
   7.187034940173266    
   7.281864550019205    
   7.380124704714878    
   7.478692798526996    
   7.584873770944577    
   7.702988342257218    
   7.826337445283830    
   7.950939971148420    
   8.084569036097321    
   8.232644537303985    
   8.388076115463791    
   8.545764493783466    
   8.713983224551747    
   8.899389965340299    
   9.094193066467270    
   9.291596632847856    
   9.500160851192449    
   9.727647061266650    
   9.964615923027440    
   10.20101385810451    
   10.44442797660752    
   10.70223230249334    
   10.96002076729707    
   11.19938293594102    
   11.42121748299738    
   11.62480582806289    
   11.77758655165514    
   11.83303811084070    
   11.75945075711134    
   11.51101940111339    
   10.97902846832450    
   10.00320646968484    
   8.401168983479858    
   5.916542467709432    
   2.132200567304317    
  -3.517081189092220    
  -11.65250186441109    
  -22.87797667406121    
  -37.57164574281497    
  -55.26762285478360    
  -73.89635080831611    
  -89.82075994375968    
  -99.24861388238398    
  -100.2318811872217    
  -93.63845017714488    
  -82.33486349012978    
  -69.44217103661033    
  -57.10387006014111    
  -46.32568381135405    
  -37.39173187053037    
  -30.22882447081931    
  -24.58396171721756    
  -20.15229752662064    
  -16.67953258612592    
  -13.97594578650432    
  -11.87618017542476    
  -10.23243101291570    
  -8.939598026385239    
  -7.931912102360812    
  -7.151556526646730    
  -6.540133775990022    
  -6.057256970753691    
  -5.683914117666429    
  -5.402395969287058    
  -5.187764047017035    
  -5.021721561733671    
  -4.899744313011543    
  -4.818197401953365    
  -4.765180438204292    
  -4.729954716757135    
  -4.711808627355344    
  -4.712262069519785    
  -4.725515802722842    
  -4.743948704088373    
  -4.767471245890246    
  -4.799541451537175    
  -4.837708585174570    
  -4.875967759382447    
  -4.913969587725553    
  -4.955867664436747    
  -5.001179342685547    
  -5.044724445072430    
  -5.085589068157613    
  -5.128220795304644    
  -5.173529591782183    
  -5.216697394938201    
  -5.255945843878127    
  -5.295805927357893    
  -5.338505905095807    
  -5.379556513009806    
  -5.416070454642620    
  -5.452313080196244    
  -5.491805186954652    
  -5.530655938415732    
  -5.564873277279933    
  -5.598062055655220    
  -5.634836475968591    
  -5.672201709938925    
  -5.705296920446074    
  -5.736780797251907    
  -5.772004029725402    
  -5.809017323694306    
  -5.842455426361971    
  -5.873975063845936    
  -5.909290421750036    
  -5.947418476600006    
  -5.982777084874566    
  -6.016164576932352    
  -6.053463371419480    
  -6.094489800087757    
  -6.133548677715622    
  -6.170729228191023    
  -6.212048695809235    
  -6.258021531422789    
  -6.302849527229052    
  -6.345988900315256    
  -6.393610310588107    
  -6.446892669324825    
  -6.499923330640295    
  -6.551554810384041    
  -6.608147555529417    
  -6.671552576340213    
  -6.735719219550321    
  -6.798892488375540    
  -6.867676808395473    
  -6.944643893481694    
  -7.023573497530393    
  -7.102065223157801    
  -7.187034940173266    
  -7.281864550019205    
  -7.380124704714878    
  -7.478692798526996    
  -7.584873770944577    
  -7.702988342257218    
  -7.826337445283830    
  -7.950939971148420    
  -8.084569036097321    
  -8.232644537303985    
  -8.388076115463791    
  -8.545764493783466    
  -8.713983224551747    
  -8.899389965340299    
  -9.094193066467270    
  -9.291596632847856    
  -9.500160851192449    
  -9.727647061266650    
  -9.964615923027440    
  -10.20101385810451    
  -10.44442797660752    
  -10.70223230249334    
  -10.96002076729707    
  -11.19938293594102    
  -11.42121748299738    
  -11.62480582806289    
  -11.77758655165514    
  -11.83303811084070    
  -11.75945075711134    
  -11.51101940111339    
  -10.97902846832450    
  -10.00320646968484    
  -8.401168983479858    
  -5.916542467709432    
  -2.132200567304317    
   3.517081189092220    
   11.65250186441109    
   22.87797667406121    
   37.57164574281497    
   55.26762285478360    
   73.89635080831611    
   89.82075994375968    
   99.24861388238398    
   100.2318811872217    
   93.63845017714488    
   82.33486349012978    
   69.44217103661033    
   57.10387006014111    
   46.32568381135405    
   37.39173187053037    
   30.22882447081931    
   24.58396171721756    
   20.15229752662064    
   16.67953258612592    
   13.97594578650432    
   11.87618017542476    
   10.23243101291570    
   8.939598026385239    
   7.931912102360812    
   7.151556526646730    
   6.540133775990022    
   6.057256970753691    
   5.683914117666429    
   5.402395969287058    
   5.187764047017035    
   5.021721561733671    
   4.899744313011543    
   4.818197401953365    
   4.765180438204292    
   4.729954716757135    
   4.711808627355344    
   4.712262069519785    
   4.725515802722842    
   4.743948704088373    
   4.767471245890246    
   4.799541451537175    
   4.837708585174570    
   4.875967759382447    
   4.913969587725553    
   4.955867664436747    
   5.001179342685547    
   5.044724445072430    
   5.085589068157613    
   5.128220795304644    
   5.173529591782183    
   5.216697394938201    
   5.255945843878127    
   5.295805927357893    
   5.338505905095807    
   5.379556513009806    
   5.416070454642620    
   5.452313080196244    
   5.491805186954652    
   5.530655938415732    
   5.564873277279933    
   5.598062055655220    
   5.634836475968591    
   5.672201709938925    
   5.705296920446074    
   5.736780797251907    
   5.772004029725402    
   5.809017323694306    
   5.842455426361971    
   5.873975063845936    
   5.909290421750036    
   5.947418476600006    
   5.982777084874566    
   6.016164576932352    
   6.053463371419480    
   6.094489800087757    
   6.133548677715622    
   6.170729228191023    
   6.212048695809235    
   6.258021531422789    
   6.302849527229052    
   6.345988900315256    
   6.393610310588107    
   6.446892669324825    
   6.499923330640295    
   6.551554810384041    
   6.608147555529417    
   6.671552576340213    
   6.735719219550321    
   6.798892488375540    
   6.867676808395473    
   6.944643893481694    
   7.023573497530393    
