  0.5202136246103799    
  0.5209650685917203    
  0.5215346092228772    
  0.5219266413056256    
  0.5221449843940058    
  0.5221928990938630    
  0.5220731076108577    
  0.5217878156488975    
  0.5213387314504530    
  0.5207270837681157    
  0.5199536433098187    
  0.5190187468333194    
  0.5179223190131488    
  0.5166638914626100    
  0.5152426230440865    
  0.5136573223551875    
  0.5119064680661833    
  0.5099882250266962    
  0.5079004595415388    
  0.5056407560899197    
  0.5032064325447720    
  0.5005945514719042    
  0.4978019302557593    
  0.4948251530358768    
  0.4916605826847495    
  0.4883043704481732    
  0.4847524652848325    
  0.4810006256940813    
  0.4770444324826618    
  0.4728792998147586    
  0.4685004857639696    
  0.4639031043948685    
  0.4590821374746443    
  0.4540324435798995    
  0.4487487671793742    
  0.4432257508230933    
  0.4374579477269931    
  0.4314398307773872    
  0.4251658011862486    
  0.4186302034964476    
  0.4118273463867577    
  0.4047515227548034    
  0.3973970282418174    
  0.3897581846717921    
  0.3818293709437168    
  0.3736050558483232    
  0.3650798291771780    
  0.3562484354702822    
  0.3471058148053722    
  0.3376471482175376    
  0.3278679045416230    
  0.3177638915086925    
  0.3073313151975227    
  0.2965668463958094    
  0.2854676904102271    
  0.2740316612518741    
  0.2622572628486683    
  0.2501437758403627    
  0.2376913467160592    
  0.2249010797980769    
  0.2117751343374152    
  0.1983168253345777    
  0.1845307245417182    
  0.1704227609258100    
  0.1560003212830597    
  0.1412723482980343    
  0.1262494313236228    
  0.1109438880006550    
  0.9536983654323711E-01
  0.7954325546042144E-01
  0.6348202545963469E-01
  0.4720595105017469E-01
  0.3073676131760637E-01
  0.1409808660774921E-01
 -0.2684593941907331E-02
 -0.1958403579335209E-01
 -0.3657134225033209E-01
 -0.5361610861320405E-01
 -0.7068659999779851E-01
 -0.8774996189815221E-01
 -0.1047724588263608    
 -0.1217197379944806    
 -0.1385571170573252    
 -0.1552498915172345    
 -0.1717636531560417    
 -0.1880646123057630    
 -0.2041199199025594    
 -0.2198979833018067    
 -0.2353687661881837    
 -0.2505040645898882    
 -0.2652777551557581    
 -0.2796660114678999    
 -0.2936474817559907    
 -0.3072034239672585    
 -0.3203177990686183    
 -0.3329773230003921    
 -0.3451714744167806    
 -0.3568924581608035    
 -0.3681351314379316    
 -0.3788969002111124    
 -0.3891775871359400    
 -0.3989792707938180    
 -0.4083061023098645    
 -0.4171641091595808    
 -0.4255609915463711    
 -0.4335059128399140    
 -0.4410092886723721    
 -0.4480825820147148    
 -0.4547381068082031    
 -0.4609888374277225    
 -0.4668482243677589    
 -0.4723300228004766    
 -0.4774481392331424    
 -0.4822164944831158    
 -0.4866488996641584    
 -0.4907589468417423    
 -0.4945599173189751    
 -0.4980647048799703    
 -0.5012857479978245    
 -0.5042349697876956    
 -0.5069237296961961    
 -0.5093627882945116    
 -0.5115622808862070    
 -0.5135316965469777    
 -0.5152798649754923    
 -0.5168149541201854    
 -0.5181444755535245    
 -0.5192752917667725    
 -0.5202136246103799    
 -0.5209650685917203    
 -0.5215346092228772    
 -0.5219266413056256    
 -0.5221449843940058    
 -0.5221928990938630    
 -0.5220731076108577    
 -0.5217878156488975    
 -0.5213387314504530    
 -0.5207270837681157    
 -0.5199536433098187    
 -0.5190187468333194    
 -0.5179223190131488    
 -0.5166638914626100    
 -0.5152426230440865    
 -0.5136573223551875    
 -0.5119064680661833    
 -0.5099882250266962    
 -0.5079004595415388    
 -0.5056407560899197    
 -0.5032064325447720    
 -0.5005945514719042    
 -0.4978019302557593    
 -0.4948251530358768    
 -0.4916605826847495    
 -0.4883043704481732    
 -0.4847524652848325    
 -0.4810006256940813    
 -0.4770444324826618    
 -0.4728792998147586    
 -0.4685004857639696    
 -0.4639031043948685    
 -0.4590821374746443    
 -0.4540324435798995    
 -0.4487487671793742    
 -0.4432257508230933    
 -0.4374579477269931    
 -0.4314398307773872    
 -0.4251658011862486    
 -0.4186302034964476    
 -0.4118273463867577    
 -0.4047515227548034    
 -0.3973970282418174    
 -0.3897581846717921    
 -0.3818293709437168    
 -0.3736050558483232    
 -0.3650798291771780    
 -0.3562484354702822    
 -0.3471058148053722    
 -0.3376471482175376    
 -0.3278679045416230    
 -0.3177638915086925    
 -0.3073313151975227    
 -0.2965668463958094    
 -0.2854676904102271    
 -0.2740316612518741    
 -0.2622572628486683    
 -0.2501437758403627    
 -0.2376913467160592    
 -0.2249010797980769    
 -0.2117751343374152    
 -0.1983168253345777    
 -0.1845307245417182    
 -0.1704227609258100    
 -0.1560003212830597    
 -0.1412723482980343    
 -0.1262494313236228    
 -0.1109438880006550    
 -0.9536983654323711E-01
 -0.7954325546042144E-01
 -0.6348202545963469E-01
 -0.4720595105017469E-01
 -0.3073676131760637E-01
 -0.1409808660774921E-01
  0.2684593941907331E-02
  0.1958403579335209E-01
  0.3657134225033209E-01
  0.5361610861320405E-01
  0.7068659999779851E-01
  0.8774996189815221E-01
  0.1047724588263608    
  0.1217197379944806    
  0.1385571170573252    
  0.1552498915172345    
  0.1717636531560417    
  0.1880646123057630    
  0.2041199199025594    
  0.2198979833018067    
  0.2353687661881837    
  0.2505040645898882    
  0.2652777551557581    
  0.2796660114678999    
  0.2936474817559907    
  0.3072034239672585    
  0.3203177990686183    
  0.3329773230003921    
  0.3451714744167806    
  0.3568924581608035    
  0.3681351314379316    
  0.3788969002111124    
  0.3891775871359400    
  0.3989792707938180    
  0.4083061023098645    
  0.4171641091595808    
  0.4255609915463711    
  0.4335059128399140    
  0.4410092886723721    
  0.4480825820147148    
  0.4547381068082031    
  0.4609888374277225    
  0.4668482243677589    
  0.4723300228004766    
  0.4774481392331424    
  0.4822164944831158    
  0.4866488996641584    
  0.4907589468417423    
  0.4945599173189751    
  0.4980647048799703    
  0.5012857479978245    
  0.5042349697876956    
  0.5069237296961961    
  0.5093627882945116    
  0.5115622808862070    
  0.5135316965469777    
  0.5152798649754923    
  0.5168149541201854    
  0.5181444755535245    
  0.5192752917667725    
