   260.2680943333673    
   264.1739754194263    
   267.7175881019941    
   270.4853184603061    
   273.7682516095359    
   277.9952073593427    
   281.8422675978637    
   284.8821577954193    
   288.4918937216455    
   293.1166649824324    
   297.3435887268925    
   300.7308056023807    
   304.7548775432971    
   309.8820304655053    
   314.5961238002347    
   318.4333769004816    
   322.9822097468808    
   328.7356876722718    
   334.0610360645354    
   338.4685810891148    
   343.6770607309930    
   350.2145337898674    
   356.3136719629231    
   361.4504530624524    
   367.4933712811228    
   375.0151265349741    
   382.0939046680970    
   388.1632447489535    
   395.2668145410834    
   404.0345178431942    
   412.3648277596801    
   419.6371419423741    
   428.1010127905754    
   438.4604453969501    
   448.4044722078071    
   457.2440754428326    
   467.4731349898989    
   479.8918855261553    
   491.9431339846478    
   502.8509608496473    
   515.4026915651293    
   530.5252283025688    
   545.3698167538647    
   559.0494109516042    
   574.7082837809900    
   593.4423971929103    
   612.0550715653268    
   629.5161967341810    
   649.4109299903450    
   673.0646533272843    
   696.8619201622236    
   719.5867786938505    
   745.3787493002581    
   775.8805043803213    
   806.9675307348705    
   837.1793693194463    
   871.3667397959716    
   911.6196794225543    
   953.1860255141569    
   994.2760962889024    
   1040.671388179637    
   1095.101332991349    
   1152.017415628459    
   1209.161519068211    
   1273.544420252092    
   1348.797440670603    
   1428.279110183987    
   1508.959413558094    
   1599.396220680543    
   1704.333221593087    
   1815.252333681207    
   1927.351383056117    
   2050.458730552665    
   2189.556074054238    
   2331.002465344289    
   2463.478261284973    
   2592.833723146046    
   2715.124108099382    
   2793.545998445396    
   2782.391933156119    
   2643.828945316391    
   2301.270328541145    
   1591.971144532282    
   293.4043180707973    
  -1840.328062372829    
  -5092.149142930071    
  -9683.588238287779    
  -15391.02281715315    
  -21145.96632028027    
  -25220.96586020168    
  -26155.81183852918    
  -23718.16514384218    
  -19013.91509470624    
  -13680.80107231128    
  -8950.098546132029    
  -5295.440379569707    
  -2663.071543387594    
  -827.3144201338082    
   425.0894428516475    
   1257.314172061757    
   1786.829707299754    
   2100.446027155578    
   2271.675886319326    
   2359.824163323851    
   2397.492274240669    
   2394.775715198575    
   2358.315914604602    
   2298.812806976659    
   2224.643338453370    
   2140.908087412014    
   2054.982597342856    
   1974.288650170352    
   1899.154779112442    
   1825.007761235173    
   1750.466792793108    
   1677.398947324162    
   1605.437263324272    
   1533.015736533453    
   1462.215505220669    
   1396.803008897182    
   1336.811047852341    
   1279.835432337032    
   1225.844303261384    
   1176.056737002243    
   1128.931117368894    
   1081.823024367708    
   1035.109016178675    
   990.7219751789692    
   948.2780467444342    
   906.3770535649637    
   866.0045489013263    
   829.0036960593877    
   794.7143065298936    
   761.4140660102846    
   729.4964248501929    
   700.1108965196149    
   672.2668192547168    
   644.2979090371369    
   616.6951058965620    
   590.7098318015160    
   565.6835659024219    
   540.4193291446489    
   515.6796712128630    
   492.7698840446416    
   471.1051346223877    
   449.5723745586182    
   428.8213358606395    
   409.8968654329319    
   392.0526364787366    
   374.1273120521388    
   356.6609746212200    
   340.5532565648404    
   325.0601055267500    
   309.1504678757001    
   293.4421539760001    
   278.8557408125437    
   264.7513389914958    
   250.2613936446940    
   236.0711489238060    
   223.0749197007450    
   210.6463468376515    
   197.9668321592912    
   185.6857173746549    
   174.5894676526893    
   163.9977752524545    
   153.0960012113159    
   142.4919000732022    
   132.8916813144864    
   123.6014046490320    
   113.8587197661451    
   104.2911808606638    
   95.58818518766424    
   87.08863405748218    
   78.11028120894386    
   69.31855160548591    
   61.39103487458920    
   53.68257040033836    
   45.55856646738645    
   37.68846004490342    
   30.70447201253533    
   23.93964859176605    
   16.77222683324099    
   9.855173691775271    
   3.767812870626180    
  -2.180677387301960    
  -8.593563063328588    
  -14.81545751030623    
  -20.29365472558550    
  -25.71913451692015    
  -31.65538275957035    
  -37.42202928989751    
  -42.47460370140534    
  -47.49752804900773    
  -53.01661115819773    
  -58.33127938977384    
  -62.91497754386313    
  -67.46377303655939    
  -72.48685481954350    
  -77.27993266749363    
  -81.34773615831975    
  -85.41137754869698    
  -89.97202419441744    
  -94.32035543468088    
  -97.98519057415828    
  -101.7049460726062    
  -105.9620066407006    
  -110.0257581356394    
  -113.4332472117802    
  -116.9305558673032    
  -120.9751096989370    
  -124.8092637999989    
  -127.9776127813215    
  -131.2417403237961    
  -135.0450586499150    
  -138.6118998354238    
  -141.5045242317825    
  -144.5131791089918    
  -148.0771439693051    
  -151.4047474521643    
  -154.0746195142782    
  -156.9045954476171    
  -160.3243537488372    
  -163.5141353234865    
  -166.0572793652745    
  -168.7929319684371    
  -172.1358978563807    
  -175.2317462806717    
  -177.6672139334314    
  -180.3099370974156    
  -183.5683578735863    
  -186.5585813389594    
  -188.8778441348979    
  -191.4331456059340    
  -194.6328390199809    
  -197.5609867937915    
  -199.8212486787309    
  -202.3585254460432    
  -205.5754883588974    
  -208.5123033175506    
  -210.7708686524732    
  -213.3345494282207    
  -216.6015727694931    
  -219.5662664146807    
  -221.8323235763583    
  -224.4333984352265    
  -227.7718104796841    
  -230.7955049890138    
  -233.1098391790307    
  -235.8031548900246    
  -239.2799846252245    
  -242.4301735104798    
  -244.8527903236473    
  -247.6932791934358    
  -251.3594456151711    
  -254.6776902697220    
  -257.2421914480914    
  -260.2680943333673    
  -264.1739754194263    
  -267.7175881019941    
  -270.4853184603061    
  -273.7682516095359    
  -277.9952073593427    
  -281.8422675978637    
  -284.8821577954193    
  -288.4918937216455    
  -293.1166649824324    
  -297.3435887268925    
  -300.7308056023807    
  -304.7548775432971    
  -309.8820304655053    
  -314.5961238002347    
  -318.4333769004816    
  -322.9822097468808    
  -328.7356876722718    
  -334.0610360645354    
  -338.4685810891148    
  -343.6770607309930    
  -350.2145337898674    
  -356.3136719629231    
  -361.4504530624524    
  -367.4933712811228    
  -375.0151265349741    
  -382.0939046680970    
  -388.1632447489535    
  -395.2668145410834    
  -404.0345178431942    
  -412.3648277596801    
  -419.6371419423741    
  -428.1010127905754    
  -438.4604453969501    
  -448.4044722078071    
  -457.2440754428326    
  -467.4731349898989    
  -479.8918855261553    
  -491.9431339846478    
  -502.8509608496473    
  -515.4026915651293    
  -530.5252283025688    
  -545.3698167538647    
  -559.0494109516042    
  -574.7082837809900    
  -593.4423971929103    
  -612.0550715653268    
  -629.5161967341810    
  -649.4109299903450    
  -673.0646533272843    
  -696.8619201622236    
  -719.5867786938505    
  -745.3787493002581    
  -775.8805043803213    
  -806.9675307348705    
  -837.1793693194463    
  -871.3667397959716    
  -911.6196794225543    
  -953.1860255141569    
  -994.2760962889024    
  -1040.671388179637    
  -1095.101332991349    
  -1152.017415628459    
  -1209.161519068211    
  -1273.544420252092    
  -1348.797440670603    
  -1428.279110183987    
  -1508.959413558094    
  -1599.396220680543    
  -1704.333221593087    
  -1815.252333681207    
  -1927.351383056117    
  -2050.458730552665    
  -2189.556074054238    
  -2331.002465344289    
  -2463.478261284973    
  -2592.833723146046    
  -2715.124108099382    
  -2793.545998445396    
  -2782.391933156119    
  -2643.828945316391    
  -2301.270328541145    
  -1591.971144532282    
  -293.4043180707973    
   1840.328062372829    
   5092.149142930071    
   9683.588238287779    
   15391.02281715315    
   21145.96632028027    
   25220.96586020168    
   26155.81183852918    
   23718.16514384218    
   19013.91509470624    
   13680.80107231128    
   8950.098546132029    
   5295.440379569707    
   2663.071543387594    
   827.3144201338082    
  -425.0894428516475    
  -1257.314172061757    
  -1786.829707299754    
  -2100.446027155578    
  -2271.675886319326    
  -2359.824163323851    
  -2397.492274240669    
  -2394.775715198575    
  -2358.315914604602    
  -2298.812806976659    
  -2224.643338453370    
  -2140.908087412014    
  -2054.982597342856    
  -1974.288650170352    
  -1899.154779112442    
  -1825.007761235173    
  -1750.466792793108    
  -1677.398947324162    
  -1605.437263324272    
  -1533.015736533453    
  -1462.215505220669    
  -1396.803008897182    
  -1336.811047852341    
  -1279.835432337032    
  -1225.844303261384    
  -1176.056737002243    
  -1128.931117368894    
  -1081.823024367708    
  -1035.109016178675    
  -990.7219751789692    
  -948.2780467444342    
  -906.3770535649637    
  -866.0045489013263    
  -829.0036960593877    
  -794.7143065298936    
  -761.4140660102846    
  -729.4964248501929    
  -700.1108965196149    
  -672.2668192547168    
  -644.2979090371369    
  -616.6951058965620    
  -590.7098318015160    
  -565.6835659024219    
  -540.4193291446489    
  -515.6796712128630    
  -492.7698840446416    
  -471.1051346223877    
  -449.5723745586182    
  -428.8213358606395    
  -409.8968654329319    
  -392.0526364787366    
  -374.1273120521388    
  -356.6609746212200    
  -340.5532565648404    
  -325.0601055267500    
  -309.1504678757001    
  -293.4421539760001    
  -278.8557408125437    
  -264.7513389914958    
  -250.2613936446940    
  -236.0711489238060    
  -223.0749197007450    
  -210.6463468376515    
  -197.9668321592912    
  -185.6857173746549    
  -174.5894676526893    
  -163.9977752524545    
  -153.0960012113159    
  -142.4919000732022    
  -132.8916813144864    
  -123.6014046490320    
  -113.8587197661451    
  -104.2911808606638    
  -95.58818518766424    
  -87.08863405748218    
  -78.11028120894386    
  -69.31855160548591    
  -61.39103487458920    
  -53.68257040033836    
  -45.55856646738645    
  -37.68846004490342    
  -30.70447201253533    
  -23.93964859176605    
  -16.77222683324099    
  -9.855173691775271    
  -3.767812870626180    
   2.180677387301960    
   8.593563063328588    
   14.81545751030623    
   20.29365472558550    
   25.71913451692015    
   31.65538275957035    
   37.42202928989751    
   42.47460370140534    
   47.49752804900773    
   53.01661115819773    
   58.33127938977384    
   62.91497754386313    
   67.46377303655939    
   72.48685481954350    
   77.27993266749363    
   81.34773615831975    
   85.41137754869698    
   89.97202419441744    
   94.32035543468088    
   97.98519057415828    
   101.7049460726062    
   105.9620066407006    
   110.0257581356394    
   113.4332472117802    
   116.9305558673032    
   120.9751096989370    
   124.8092637999989    
   127.9776127813215    
   131.2417403237961    
   135.0450586499150    
   138.6118998354238    
   141.5045242317825    
   144.5131791089918    
   148.0771439693051    
   151.4047474521643    
   154.0746195142782    
   156.9045954476171    
   160.3243537488372    
   163.5141353234865    
   166.0572793652745    
   168.7929319684371    
   172.1358978563807    
   175.2317462806717    
   177.6672139334314    
   180.3099370974156    
   183.5683578735863    
   186.5585813389594    
   188.8778441348979    
   191.4331456059340    
   194.6328390199809    
   197.5609867937915    
   199.8212486787309    
   202.3585254460432    
   205.5754883588974    
   208.5123033175506    
   210.7708686524732    
   213.3345494282207    
   216.6015727694931    
   219.5662664146807    
   221.8323235763583    
   224.4333984352265    
   227.7718104796841    
   230.7955049890138    
   233.1098391790307    
   235.8031548900246    
   239.2799846252245    
   242.4301735104798    
   244.8527903236473    
   247.6932791934358    
   251.3594456151711    
   254.6776902697220    
   257.2421914480914    
