  0.4722766532362024    
  0.4659179356047007    
  0.4593766034530171    
  0.4526565888632478    
  0.4457615938355198    
  0.4386951072350401    
  0.4314604182453408    
  0.4240606232629796    
  0.4164986328988252    
  0.4087771839793813    
  0.4008988520449480    
  0.3928660586585917    
  0.3846810756513784    
  0.3763460316325125    
  0.3678629206163189    
  0.3592336087196342    
  0.3504598380906105    
  0.3415432307177158    
  0.3324852932561818    
  0.3232874216616503    
  0.3139509051451404    
  0.3044769300231901    
  0.2948665832624362    
  0.2851208554778000    
  0.2752406445868470    
  0.2652267609187213    
  0.2550799322471273    
  0.2448008074860619    
  0.2343899609360064    
  0.2238478993489315    
  0.2131750704583164    
  0.2023718703330689    
  0.1914386506111977    
  0.1803757289458520    
  0.1691834026598474    
  0.1578619624913370    
  0.1464117059873012    
  0.1348329538034988    
  0.1231260703411324    
  0.1112914861684486    
  0.9932972062377710E-01
  0.8724140697122934E-01
  0.7502732231980069E-01
  0.6268842073044009E-01
  0.5022586738977700E-01
  0.3764107510868314E-01
  0.2493574539411397E-01
  0.1211191331666817E-01
 -0.8280060293378577E-03
 -0.1388116920124208E-01
 -0.2704425245461345E-01
 -0.4031339662962297E-01
 -0.5368415111377933E-01
 -0.6715141741554409E-01
 -0.8070939129239749E-01
 -0.9435150405006790E-01
 -0.1080703654955085    
 -0.1218577098378306    
 -0.1357043442267636    
 -0.1496001009008083    
 -0.1635337957963586    
 -0.1774931955644816    
 -0.1914649932256662    
 -0.2054347936083000    
 -0.2193871115426908    
 -0.2333053849509871    
 -0.2471720029426237    
 -0.2609683494944377    
 -0.2746748650408819    
 -0.2882711274255111    
 -0.3017359511263625    
 -0.3150475036042861    
 -0.3281834394038630    
 -0.3411210518692204    
 -0.3538374393098155    
 -0.3663096819035219    
 -0.3785150277750539    
 -0.3904310865189961    
 -0.4020360252139863    
 -0.4133087611047067    
 -0.4242291480968845    
 -0.4347781553195759    
 -0.4449380329108593    
 -0.4546924588507295    
 -0.4640266645364650    
 -0.4729275397368988    
 -0.4813837147692874    
 -0.4893856152146510    
 -0.4969254885152634    
 -0.5039974067295694    
 -0.5105972474772416    
 -0.5167226504294743    
 -0.5223729494255546    
 -0.5275490870528325    
 -0.5322535176877971    
 -0.5364900978628946    
 -0.5402639625074508    
 -0.5435813935469355    
 -0.5464496894867413    
 -0.5488770362098134    
 -0.5508723744916533    
 -0.5524452672067134    
 -0.5536057756385937    
 -0.5543643473903141    
 -0.5547317091842617    
 -0.5547187621451037    
 -0.5543364873586565    
 -0.5535958672530070    
 -0.5525078168775153    
 -0.5510831180180060    
 -0.5493323599342405    
 -0.5472658941601195    
 -0.5448938009329398    
 -0.5422258587016563    
 -0.5392715159776404    
 -0.5360398722175362    
 -0.5325396687231680    
 -0.5287792826298242    
 -0.5247667209072615    
 -0.5205096191018543    
 -0.5160152470355022    
 -0.5112905162444540    
 -0.5063419858160374    
 -0.5011758707963678    
 -0.4957980560366553    
 -0.4902141103770501    
 -0.4844292966458066    
 -0.4784485818783309    
 -0.4722766532362024    
 -0.4659179356047007    
 -0.4593766034530171    
 -0.4526565888632478    
 -0.4457615938355198    
 -0.4386951072350401    
 -0.4314604182453408    
 -0.4240606232629796    
 -0.4164986328988252    
 -0.4087771839793813    
 -0.4008988520449480    
 -0.3928660586585917    
 -0.3846810756513784    
 -0.3763460316325125    
 -0.3678629206163189    
 -0.3592336087196342    
 -0.3504598380906105    
 -0.3415432307177158    
 -0.3324852932561818    
 -0.3232874216616503    
 -0.3139509051451404    
 -0.3044769300231901    
 -0.2948665832624362    
 -0.2851208554778000    
 -0.2752406445868470    
 -0.2652267609187213    
 -0.2550799322471273    
 -0.2448008074860619    
 -0.2343899609360064    
 -0.2238478993489315    
 -0.2131750704583164    
 -0.2023718703330689    
 -0.1914386506111977    
 -0.1803757289458520    
 -0.1691834026598474    
 -0.1578619624913370    
 -0.1464117059873012    
 -0.1348329538034988    
 -0.1231260703411324    
 -0.1112914861684486    
 -0.9932972062377710E-01
 -0.8724140697122934E-01
 -0.7502732231980069E-01
 -0.6268842073044009E-01
 -0.5022586738977700E-01
 -0.3764107510868314E-01
 -0.2493574539411397E-01
 -0.1211191331666817E-01
  0.8280060293378577E-03
  0.1388116920124208E-01
  0.2704425245461345E-01
  0.4031339662962297E-01
  0.5368415111377933E-01
  0.6715141741554409E-01
  0.8070939129239749E-01
  0.9435150405006790E-01
  0.1080703654955085    
  0.1218577098378306    
  0.1357043442267636    
  0.1496001009008083    
  0.1635337957963586    
  0.1774931955644816    
  0.1914649932256662    
  0.2054347936083000    
  0.2193871115426908    
  0.2333053849509871    
  0.2471720029426237    
  0.2609683494944377    
  0.2746748650408819    
  0.2882711274255111    
  0.3017359511263625    
  0.3150475036042861    
  0.3281834394038630    
  0.3411210518692204    
  0.3538374393098155    
  0.3663096819035219    
  0.3785150277750539    
  0.3904310865189961    
  0.4020360252139863    
  0.4133087611047067    
  0.4242291480968845    
  0.4347781553195759    
  0.4449380329108593    
  0.4546924588507295    
  0.4640266645364650    
  0.4729275397368988    
  0.4813837147692874    
  0.4893856152146510    
  0.4969254885152634    
  0.5039974067295694    
  0.5105972474772416    
  0.5167226504294743    
  0.5223729494255546    
  0.5275490870528325    
  0.5322535176877971    
  0.5364900978628946    
  0.5402639625074508    
  0.5435813935469355    
  0.5464496894867413    
  0.5488770362098134    
  0.5508723744916533    
  0.5524452672067134    
  0.5536057756385937    
  0.5543643473903141    
  0.5547317091842617    
  0.5547187621451037    
  0.5543364873586565    
  0.5535958672530070    
  0.5525078168775153    
  0.5510831180180060    
  0.5493323599342405    
  0.5472658941601195    
  0.5448938009329398    
  0.5422258587016563    
  0.5392715159776404    
  0.5360398722175362    
  0.5325396687231680    
  0.5287792826298242    
  0.5247667209072615    
  0.5205096191018543    
  0.5160152470355022    
  0.5112905162444540    
  0.5063419858160374    
  0.5011758707963678    
  0.4957980560366553    
  0.4902141103770501    
  0.4844292966458066    
  0.4784485818783309    
