   2.763778945444431    
   3.393460722344532    
  0.1032077357161913E-01
  -1.123255492443555    
   1.865499749381272    
   3.314969164778657    
  0.7576706103580326    
 -0.8202062124565805    
   1.371761670662331    
   2.979988889040236    
   1.085768283363739    
 -0.4890500917493064    
   1.195376349572548    
   2.745286399549689    
   1.240824308245395    
 -0.2791281406183931    
   1.073592730470920    
   2.576454843898804    
   1.386376486868102    
 -0.6934507537263862E-01
  0.9810121317579938    
   2.380758118820240    
   1.460384027591707    
  0.1422879786643192    
  0.9712913530785924    
   2.216016474413690    
   1.463516588843333    
  0.2936321666742968    
  0.9916976543773486    
   2.099175031011134    
   1.449495790819109    
  0.4010718250816309    
   1.009571451863123    
   2.000104638654040    
   1.420887728691462    
  0.4766491314597722    
   1.020819898770320    
   1.906413527934044    
   1.372288916084242    
  0.5178338477606482    
   1.016963080809643    
   1.807971349054152    
   1.297773772991613    
  0.5173806046466872    
  0.9835062997402169    
   1.688217844825928    
   1.185117485667293    
  0.4634906696116023    
  0.9023997434756637    
   1.524402575336088    
   1.011749569358837    
  0.3326725372744963    
  0.7455167482424490    
   1.284854018772944    
  0.7449899575216270    
  0.8837364615900778E-01
  0.4677013978049014    
  0.9170075504515840    
  0.3297787089273321    
 -0.3269050829600214    
  0.3741225548958080E-02
  0.3450947917233941    
 -0.3176763745154274    
  -1.002574104836282    
 -0.7428237400575759    
 -0.5358832880648874    
  -1.308552317502621    
  -2.052464617701570    
  -1.887924068021744    
  -1.844171916986039    
  -2.758883332302081    
  -3.581273051731770    
  -3.516661002784113    
  -3.639161513331344    
  -4.693026549235283    
  -5.563388494393870    
  -5.538517210056121    
  -5.755124333968504    
  -6.860982077054026    
  -7.653850187272903    
  -7.507700898083046    
  -7.651660393881057    
  -8.643213897010439    
  -9.173483079483654    
  -8.713148556982492    
  -8.626693995407638    
  -9.391996273393726    
  -9.566519469370954    
  -8.722693919803492    
  -8.403114802379658    
  -9.006075264853042    
  -8.903455869548871    
  -7.757832684031160    
  -7.334051296695805    
  -7.947412353462025    
  -7.713679683271299    
  -6.368672893621889    
  -5.965667454883812    
  -6.747360292019287    
  -6.487176006573780    
  -4.973387388851727    
  -4.648972155703770    
  -5.715078659653239    
  -5.481789330457014    
  -3.745266183544931    
  -3.489663590530109    
  -4.950075867568867    
  -4.794350014400913    
  -2.711886947198421    
  -2.443175943342850    
  -4.438799397432098    
  -4.479370383207747    
  -1.869470632757158    
  -1.368222018952777    
  -4.061943220628786    
  -4.609907885238503    
  -1.332610580407875    
 -0.1370130069523026    
  -3.534672664290289    
  -5.142158832888024    
  -1.352632676387782    
   1.168642857453803    
  -2.530092394526577    
  -5.812273196627976    
  -2.178586656152596    
   2.216729938176978    
 -0.7479867880703024    
  -5.987649743597842    
  -3.927640020175974    
   2.045350481372213    
   1.436739440683415    
  -4.489754610431504    
  -5.165316165733685    
  0.1897222437457753    
   1.742025488175277    
  -2.673829530262746    
  -4.188411755007366    
 -0.2591824943912599E-01
   1.318145385433070    
  -3.498139718323596    
  -5.531715505920014    
  0.3006106831999509    
   4.846723481275565    
 -0.3763681472709327    
  -8.207840868529923    
  -6.510049742239520    
   2.925974880859429    
   7.046799881213364    
  0.2765347819881084    
  -8.583996386030959    
  -8.507721077196708    
  0.4889361075275894    
   7.825302480077329    
   4.381628349203612    
  -6.463514074849189    
  -11.37183595764039    
  -3.192586901532810    
   8.181232869869037    
   7.466895815051402    
  -4.861265437326087    
  -12.23520011686457    
  -4.786716520332931    
   7.114185409723488    
   7.777272161296539    
  -2.777043095463390    
  -10.52797072781328    
  -6.438841388386199    
   3.668659179130182    
   7.756761979438601    
   1.370914265354476    
  -8.029479618441792    
  -9.273541666373173    
 -0.3737923467188057    
   7.944130139596284    
   4.832552330787729    
  -5.972704022131520    
  -10.21834075523187    
  -2.421263369305780    
   6.590574672116213    
   4.991486116454571    
  -4.141044477487323    
  -8.383505615060074    
  -3.070543091949515    
   4.088349519861778    
   4.315153484257873    
  -1.883883733223653    
  -6.723479670110094    
  -4.662652377589540    
   1.576400979557138    
   4.472415881390521    
  0.8124212023366084    
  -4.518573729760019    
  -5.315431644053007    
  -1.899045334372119    
   1.122611003701356    
   1.967633507356970    
   1.503938131652449    
  -1.141953308353142    
  -5.881839154252679    
  -6.927847785008659    
  0.2665292335749063    
   8.294194393040600    
   4.906357224176855    
  -7.659466161577432    
  -12.45445861491379    
  -1.811477588629494    
   10.02592855306987    
   6.783481392249050    
  -6.563577473327806    
  -11.63381568124726    
  -2.633935024411656    
   7.336326736860711    
   5.569822147263450    
  -4.340038672725922    
  -9.119747876078629    
  -3.113394680984409    
   5.346021270650347    
   4.853365967934085    
  -4.027916725367061    
  -8.741768926323280    
  -2.025615280983489    
   6.456440759470858    
   3.512688939134808    
  -6.800691304885635    
  -8.309106791693612    
   1.722177711765853    
   7.428724368433328    
 -0.3544073644422970    
  -9.094331873931997    
  -4.981085847138259    
   4.885380418826789    
   4.860012671307267    
  -4.014663697351487    
  -7.331318377935401    
  -1.104224857635323    
   3.891062603434579    
  0.9172410813755911    
  -3.879491963172021    
  -3.657164322549823    
 -0.4688435279829004    
  0.8223599989442663    
 -0.2277275168866427    
  -1.703342308007811    
  -2.546805246988859    
  -1.876068227237534    
  0.1481855036040252    
  0.7222980462933237    
  -1.713291176960828    
  -3.543415547888503    
  -1.327856045549646    
   1.482256005833104    
 -0.1411953969656506    
  -3.582181100837670    
  -2.736657020184049    
  0.9642059849711601    
  0.8999484865898869    
  -2.763778945444431    
  -3.393460722344532    
 -0.1032077357161913E-01
   1.123255492443555    
  -1.865499749381272    
  -3.314969164778657    
 -0.7576706103580326    
  0.8202062124565805    
  -1.371761670662331    
  -2.979988889040236    
  -1.085768283363739    
  0.4890500917493064    
  -1.195376349572548    
  -2.745286399549689    
  -1.240824308245395    
  0.2791281406183931    
  -1.073592730470920    
  -2.576454843898804    
  -1.386376486868102    
  0.6934507537263862E-01
 -0.9810121317579938    
  -2.380758118820240    
  -1.460384027591707    
 -0.1422879786643192    
 -0.9712913530785924    
  -2.216016474413690    
  -1.463516588843333    
 -0.2936321666742968    
 -0.9916976543773486    
  -2.099175031011134    
  -1.449495790819109    
 -0.4010718250816309    
  -1.009571451863123    
  -2.000104638654040    
  -1.420887728691462    
 -0.4766491314597722    
  -1.020819898770320    
  -1.906413527934044    
  -1.372288916084242    
 -0.5178338477606482    
  -1.016963080809643    
  -1.807971349054152    
  -1.297773772991613    
 -0.5173806046466872    
 -0.9835062997402169    
  -1.688217844825928    
  -1.185117485667293    
 -0.4634906696116023    
 -0.9023997434756637    
  -1.524402575336088    
  -1.011749569358837    
 -0.3326725372744963    
 -0.7455167482424490    
  -1.284854018772944    
 -0.7449899575216270    
 -0.8837364615900778E-01
 -0.4677013978049014    
 -0.9170075504515840    
 -0.3297787089273321    
  0.3269050829600214    
 -0.3741225548958080E-02
 -0.3450947917233941    
  0.3176763745154274    
   1.002574104836282    
  0.7428237400575759    
  0.5358832880648874    
   1.308552317502621    
   2.052464617701570    
   1.887924068021744    
   1.844171916986039    
   2.758883332302081    
   3.581273051731770    
   3.516661002784113    
   3.639161513331344    
   4.693026549235283    
   5.563388494393870    
   5.538517210056121    
   5.755124333968504    
   6.860982077054026    
   7.653850187272903    
   7.507700898083046    
   7.651660393881057    
   8.643213897010439    
   9.173483079483654    
   8.713148556982492    
   8.626693995407638    
   9.391996273393726    
   9.566519469370954    
   8.722693919803492    
   8.403114802379658    
   9.006075264853042    
   8.903455869548871    
   7.757832684031160    
   7.334051296695805    
   7.947412353462025    
   7.713679683271299    
   6.368672893621889    
   5.965667454883812    
   6.747360292019287    
   6.487176006573780    
   4.973387388851727    
   4.648972155703770    
   5.715078659653239    
   5.481789330457014    
   3.745266183544931    
   3.489663590530109    
   4.950075867568867    
   4.794350014400913    
   2.711886947198421    
   2.443175943342850    
   4.438799397432098    
   4.479370383207747    
   1.869470632757158    
   1.368222018952777    
   4.061943220628786    
   4.609907885238503    
   1.332610580407875    
  0.1370130069523026    
   3.534672664290289    
   5.142158832888024    
   1.352632676387782    
  -1.168642857453803    
   2.530092394526577    
   5.812273196627976    
   2.178586656152596    
  -2.216729938176978    
  0.7479867880703024    
   5.987649743597842    
   3.927640020175974    
  -2.045350481372213    
  -1.436739440683415    
   4.489754610431504    
   5.165316165733685    
 -0.1897222437457753    
  -1.742025488175277    
   2.673829530262746    
   4.188411755007366    
  0.2591824943912599E-01
  -1.318145385433070    
   3.498139718323596    
   5.531715505920014    
 -0.3006106831999509    
  -4.846723481275565    
  0.3763681472709327    
   8.207840868529923    
   6.510049742239520    
  -2.925974880859429    
  -7.046799881213364    
 -0.2765347819881084    
   8.583996386030959    
   8.507721077196708    
 -0.4889361075275894    
  -7.825302480077329    
  -4.381628349203612    
   6.463514074849189    
   11.37183595764039    
   3.192586901532810    
  -8.181232869869037    
  -7.466895815051402    
   4.861265437326087    
   12.23520011686457    
   4.786716520332931    
  -7.114185409723488    
  -7.777272161296539    
   2.777043095463390    
   10.52797072781328    
   6.438841388386199    
  -3.668659179130182    
  -7.756761979438601    
  -1.370914265354476    
   8.029479618441792    
   9.273541666373173    
  0.3737923467188057    
  -7.944130139596284    
  -4.832552330787729    
   5.972704022131520    
   10.21834075523187    
   2.421263369305780    
  -6.590574672116213    
  -4.991486116454571    
   4.141044477487323    
   8.383505615060074    
   3.070543091949515    
  -4.088349519861778    
  -4.315153484257873    
   1.883883733223653    
   6.723479670110094    
   4.662652377589540    
  -1.576400979557138    
  -4.472415881390521    
 -0.8124212023366084    
   4.518573729760019    
   5.315431644053007    
   1.899045334372119    
  -1.122611003701356    
  -1.967633507356970    
  -1.503938131652449    
   1.141953308353142    
   5.881839154252679    
   6.927847785008659    
 -0.2665292335749063    
  -8.294194393040600    
  -4.906357224176855    
   7.659466161577432    
   12.45445861491379    
   1.811477588629494    
  -10.02592855306987    
  -6.783481392249050    
   6.563577473327806    
   11.63381568124726    
   2.633935024411656    
  -7.336326736860711    
  -5.569822147263450    
   4.340038672725922    
   9.119747876078629    
   3.113394680984409    
  -5.346021270650347    
  -4.853365967934085    
   4.027916725367061    
   8.741768926323280    
   2.025615280983489    
  -6.456440759470858    
  -3.512688939134808    
   6.800691304885635    
   8.309106791693612    
  -1.722177711765853    
  -7.428724368433328    
  0.3544073644422970    
   9.094331873931997    
   4.981085847138259    
  -4.885380418826789    
  -4.860012671307267    
   4.014663697351487    
   7.331318377935401    
   1.104224857635323    
  -3.891062603434579    
 -0.9172410813755911    
   3.879491963172021    
   3.657164322549823    
  0.4688435279829004    
 -0.8223599989442663    
  0.2277275168866427    
   1.703342308007811    
   2.546805246988859    
   1.876068227237534    
 -0.1481855036040252    
 -0.7222980462933237    
   1.713291176960828    
   3.543415547888503    
   1.327856045549646    
  -1.482256005833104    
  0.1411953969656506    
   3.582181100837670    
   2.736657020184049    
 -0.9642059849711601    
 -0.8999484865898869    
