  0.1885633110907796    
  0.1922472101377667    
  0.1960419344853973    
  0.1999509353127802    
  0.2039799073934884    
  0.2081321031059196    
  0.2124088517534506    
  0.2168144854804852    
  0.2213558545894284    
  0.2260372241787574    
  0.2308608164228630    
  0.2358322108408767    
  0.2409598553358019    
  0.2462494784612596    
  0.2517046801731240    
  0.2573329036311903    
  0.2631449291277129    
  0.2691487059739543    
  0.2753500316216135    
  0.2817592343314453    
  0.2883906198251553    
  0.2952555689860710    
  0.3023633534399297    
  0.3097287054304581    
  0.3173710993044218    
  0.3253067790486140    
  0.3335496452873971    
  0.3421197274755580    
  0.3510416406582754    
  0.3603342775059555    
  0.3700105352405957    
  0.3800847611931326    
  0.3905659279399990    
  0.4014374954633003    
  0.4126453579341618    
  0.4240869838150776    
  0.4355698357775507    
  0.4467388669169405    
  0.4570025277631728    
  0.4654611795295200    
  0.4708509150404651    
  0.4716270174946924    
  0.4663534572244688    
  0.4543346761707715    
  0.4360911078760514    
  0.4132741113134587    
  0.3880439809704318    
  0.3623560786085281    
  0.3375746534035775    
  0.3144673036197908    
  0.2933697638874966    
  0.2743443654249464    
  0.2572967218092061    
  0.2420636115630626    
  0.2284654644975380    
  0.2163238479487347    
  0.2054677411695623    
  0.1957432449988344    
  0.1870184227780602    
  0.1791781921279793    
  0.1721195066763884    
  0.1657529589000697    
  0.1600037039553990    
  0.1548071116132854    
  0.1501050067431616    
  0.1458465483545827    
  0.1419891826954586    
  0.1384961021279427    
  0.1353336717461451    
  0.1324719663572159    
  0.1298858318047975    
  0.1275535990785025    
  0.1254552101936754    
  0.1235723509877941    
  0.1218895095431137    
  0.1203935520445200    
  0.1190722569251573    
  0.1179140288549227    
  0.1169089028466729    
  0.1160487551397128    
  0.1153260915315649    
  0.1147333628788919    
  0.1142639007317058    
  0.1139126296505820    
  0.1136750256906536    
  0.1135460638382664    
  0.1135210863832370    
  0.1135969336760581    
  0.1137710241322459    
  0.1140399629964710    
  0.1144003497704078    
  0.1148502733027641    
  0.1153884831591214    
  0.1160126841076160    
  0.1167202897639884    
  0.1175102455541247    
  0.1183822713662697    
  0.1193348602107279    
  0.1203659845581783    
  0.1214752224273090    
  0.1226630570995328    
  0.1239285927635045    
  0.1252702191194349    
  0.1266880244597617    
  0.1281831419473322    
  0.1297551900275502    
  0.1314029002651001    
  0.1331268083338284    
  0.1349286389188412    
  0.1368084740937401    
  0.1387653490732643    
  0.1408002182631739    
  0.1429153726333940    
  0.1451113347617839    
  0.1473874271147556    
  0.1497450161829045    
  0.1521869573631241    
  0.1547142106507373    
  0.1573263861902034    
  0.1600252754482527    
  0.1628143192643060    
  0.1656949328282855    
  0.1686670336329235    
  0.1717328751814244    
  0.1748965340684229    
  0.1781599266188410    
  0.1815233252696030    
  0.1849895181937479    
  0.1885633110907796    
  0.1922472101377667    
  0.1960419344853973    
  0.1999509353127802    
  0.2039799073934884    
  0.2081321031059196    
  0.2124088517534506    
  0.2168144854804852    
  0.2213558545894284    
  0.2260372241787574    
  0.2308608164228630    
  0.2358322108408767    
  0.2409598553358019    
  0.2462494784612596    
  0.2517046801731240    
  0.2573329036311903    
  0.2631449291277129    
  0.2691487059739543    
  0.2753500316216135    
  0.2817592343314453    
  0.2883906198251553    
  0.2952555689860710    
  0.3023633534399297    
  0.3097287054304581    
  0.3173710993044218    
  0.3253067790486140    
  0.3335496452873971    
  0.3421197274755580    
  0.3510416406582754    
  0.3603342775059555    
  0.3700105352405957    
  0.3800847611931326    
  0.3905659279399990    
  0.4014374954633003    
  0.4126453579341618    
  0.4240869838150776    
  0.4355698357775507    
  0.4467388669169405    
  0.4570025277631728    
  0.4654611795295200    
  0.4708509150404651    
  0.4716270174946924    
  0.4663534572244688    
  0.4543346761707715    
  0.4360911078760514    
  0.4132741113134587    
  0.3880439809704318    
  0.3623560786085281    
  0.3375746534035775    
  0.3144673036197908    
  0.2933697638874966    
  0.2743443654249464    
  0.2572967218092061    
  0.2420636115630626    
  0.2284654644975380    
  0.2163238479487347    
  0.2054677411695623    
  0.1957432449988344    
  0.1870184227780602    
  0.1791781921279793    
  0.1721195066763884    
  0.1657529589000697    
  0.1600037039553990    
  0.1548071116132854    
  0.1501050067431616    
  0.1458465483545827    
  0.1419891826954586    
  0.1384961021279427    
  0.1353336717461451    
  0.1324719663572159    
  0.1298858318047975    
  0.1275535990785025    
  0.1254552101936754    
  0.1235723509877941    
  0.1218895095431137    
  0.1203935520445200    
  0.1190722569251573    
  0.1179140288549227    
  0.1169089028466729    
  0.1160487551397128    
  0.1153260915315649    
  0.1147333628788919    
  0.1142639007317058    
  0.1139126296505820    
  0.1136750256906536    
  0.1135460638382664    
  0.1135210863832370    
  0.1135969336760581    
  0.1137710241322459    
  0.1140399629964710    
  0.1144003497704078    
  0.1148502733027641    
  0.1153884831591214    
  0.1160126841076160    
  0.1167202897639884    
  0.1175102455541247    
  0.1183822713662697    
  0.1193348602107279    
  0.1203659845581783    
  0.1214752224273090    
  0.1226630570995328    
  0.1239285927635045    
  0.1252702191194349    
  0.1266880244597617    
  0.1281831419473322    
  0.1297551900275502    
  0.1314029002651001    
  0.1331268083338284    
  0.1349286389188412    
  0.1368084740937401    
  0.1387653490732643    
  0.1408002182631739    
  0.1429153726333940    
  0.1451113347617839    
  0.1473874271147556    
  0.1497450161829045    
  0.1521869573631241    
  0.1547142106507373    
  0.1573263861902034    
  0.1600252754482527    
  0.1628143192643060    
  0.1656949328282855    
  0.1686670336329235    
  0.1717328751814244    
  0.1748965340684229    
  0.1781599266188410    
  0.1815233252696030    
  0.1849895181937479    
