  0.2910612441827520    
  0.2907810948402059    
  0.2904945860601547    
  0.2902017266997456    
  0.2899025248935612    
  0.2895969880602767    
  0.2892851229108698    
  0.2889669354570542    
  0.2886424310171010    
  0.2883116142195258    
  0.2879744890081091    
  0.2876310586489963    
  0.2872813257371531    
  0.2869252922016227    
  0.2865629593123252    
  0.2861943276884871    
  0.2858193973045690    
  0.2854381674923411    
  0.2850506369439930    
  0.2846568037202446    
  0.2842566652600661    
  0.2838502183862968    
  0.2834374593074797    
  0.2830183836209856    
  0.2825929863196656    
  0.2821612617995287    
  0.2817232038658876    
  0.2812788057380691    
  0.2808280600536442    
  0.2803709588726568    
  0.2799074936823933    
  0.2794376554030641    
  0.2789614343937314    
  0.2784788204575803    
  0.2779898028465019    
  0.2774943702652102    
  0.2769925108748746    
  0.2764842122972132    
  0.2759694616205938    
  0.2754482454073518    
  0.2749205496990305    
  0.2743863600185047    
  0.2738456613723757    
  0.2732984382563863    
  0.2727446746616858    
  0.2721843540790157    
  0.2716174595023467    
  0.2710439734346225    
  0.2704638778935862    
  0.2698771544141876    
  0.2692837840497369    
  0.2686837473772704    
  0.2680770245068116    
  0.2674635950881445    
  0.2668434383120494    
  0.2662165329101893    
  0.2655828571584405    
  0.2649423888838027    
  0.2642951054726497    
  0.2636409838778775    
  0.2629800006216624    
  0.2623121317932969    
  0.2616373530491993    
  0.2609556396231777    
  0.2602669663422428    
  0.2595713076328316    
  0.2588686375129600    
  0.2581589295859198    
  0.2574421570510068    
  0.2567182927243177    
  0.2559873090489632    
  0.2552491780880979    
  0.2545038715159297    
  0.2537513606231976    
  0.2529916163356241    
  0.2522246092298750    
  0.2514503095354800    
  0.2506686871267432    
  0.2498797115199606    
  0.2490833518861731    
  0.2482795770713767    
  0.2474683556055830    
  0.2466496556956124    
  0.2458234452190277    
  0.2449896917362729    
  0.2441483625128855    
  0.2432994245291202    
  0.2424428444723773    
  0.2415785887324485    
  0.2407066234152758    
  0.2398269143650714    
  0.2389394271743963    
  0.2380441271792456    
  0.2371409794556303    
  0.2362299488311813    
  0.2353109999063290    
  0.2343840970681858    
  0.2334492044891324    
  0.2325062861214114    
  0.2315553057059591    
  0.2305962267969364    
  0.2296290127818759    
  0.2286536268812187    
  0.2276700321389286    
  0.2266781914297817    
  0.2256780674870374    
  0.2246696229263520    
  0.2236528202479471    
  0.2226276218296298    
  0.2215939899344164    
  0.2205518867350153    
  0.2195012743361040    
  0.2184421147815636    
  0.2173743700546524    
  0.2162980020865072    
  0.2152129727767175    
  0.2141192440155395    
  0.2130167776964160    
  0.2119055357198635    
  0.2107854800010857    
  0.2096565724895282    
  0.2085187751933653    
  0.2073720501960226    
  0.2062163596637476    
  0.2050516658554700    
  0.2038779311419355    
  0.2026951180289489    
  0.2015031891769712    
  0.2003021074153112    
  0.1990918357535648    
  0.1978723373955157    
  0.1966435757621454    
  0.1954055145221713    
  0.1941581176152041    
  0.1929013492580728    
  0.1916351739508078    
  0.1903595565056004    
  0.1890744620901415    
  0.1877798562520186    
  0.1864757049179772    
  0.1851619744025643    
  0.1838386314481320    
  0.1825056432697235    
  0.1811629775723039    
  0.1798106025532826    
  0.1784484869250671    
  0.1770765999579228    
  0.1756949115138282    
  0.1743033920630500    
  0.1729020127041051    
  0.1714907451965527    
  0.1700695619927137    
  0.1686384362619785    
  0.1671973419194953    
  0.1657462536624332    
  0.1642851470005945    
  0.1628139982784996    
  0.1613327847041902    
  0.1598414843899375    
  0.1583400763897604    
  0.1568285407261043    
  0.1553068584186649    
  0.1537750115230672    
  0.1522329831675098    
  0.1506807575807103    
  0.1491183201249951    
  0.1475456573427346    
  0.1459627569998732    
  0.1443696081128129    
  0.1427662009736710    
  0.1411525271940624    
  0.1395285797583629    
  0.1378943530624875    
  0.1362498429384406    
  0.1345950466880520    
  0.1329299631349216    
  0.1312545926762080    
  0.1295689373176617    
  0.1278730007010208    
  0.1261667881438532    
  0.1244503066939818    
  0.1227235651803834    
  0.1209865742479285    
  0.1192393463870865    
  0.1174818959779587    
  0.1157142393472344    
  0.1139363948169498    
  0.1121483827371574    
  0.1103502255209290    
  0.1085419476955148    
  0.1067235759548141    
  0.1048951391965807    
  0.1030566685575021    
  0.1012081974652036    
  0.9934976169362955E-01
  0.9748139939769515E-01
  0.9560315114012724E-01
  0.9371505994204726E-01
  0.9181717134804004E-01
  0.8990953346630466E-01
  0.8799219698529076E-01
  0.8606521521164109E-01
  0.8412864413807447E-01
  0.8218254249420802E-01
  0.8022697176109779E-01
  0.7826199619626997E-01
  0.7628768289901866E-01
  0.7430410187109501E-01
  0.7231132603098982E-01
  0.7030943122084839E-01
  0.6829849625925803E-01
  0.6627860301136146E-01
  0.6424983641493477E-01
  0.6221228447780306E-01
  0.6016603831119879E-01
  0.5811119219621640E-01
  0.5604784361768864E-01
  0.5397609325590761E-01
  0.5189604500138292E-01
  0.4980780601617894E-01
  0.4771148678011338E-01
  0.4560720108228734E-01
  0.4349506600911823E-01
  0.4137520198217869E-01
  0.3924773281241362E-01
  0.3711278571096369E-01
  0.3497049126836787E-01
  0.3282098345782275E-01
  0.3066439966932328E-01
  0.2850088073132847E-01
  0.2633057090107023E-01
  0.2415361784984532E-01
  0.2197017266549459E-01
  0.1978038986348478E-01
  0.1758442739007027E-01
  0.1538244661195299E-01
  0.1317461229495120E-01
  0.1096109258202071E-01
  0.8742058983866940E-02
  0.6517686377127001E-02
  0.4288152985680948E-02
  0.2053640338698478E-02
 -0.1856667665306421E-03
 -0.2429580278133422E-02
 -0.4677908904740692E-02
 -0.6930458161663699E-02
 -0.9187030431632683E-02
 -0.1144742500461952E-01
 -0.1371143810178192E-01
 -0.1597886291865658E-01
 -0.1824948969331567E-01
 -0.2052310577007911E-01
 -0.2279949564618626E-01
 -0.2507844102234973E-01
 -0.2735972087210668E-01
 -0.2964311151774486E-01
 -0.3192838669999702E-01
 -0.3421531764673767E-01
 -0.3650367314810936E-01
 -0.3879321963636151E-01
 -0.4108372127003352E-01
 -0.4337494002461126E-01
 -0.4566663578362088E-01
 -0.4795856642357571E-01
 -0.5025048790208814E-01
 -0.5254215436137488E-01
 -0.5483331823771461E-01
 -0.5712373035951377E-01
 -0.5941314004187079E-01
 -0.6170129519942640E-01
 -0.6398794247219730E-01
 -0.6627282733740614E-01
 -0.6855569420647893E-01
 -0.7083628653671739E-01
 -0.7311434696670457E-01
 -0.7538961744787440E-01
 -0.7766183935641648E-01
 -0.7993075360768220E-01
 -0.8219610079144610E-01
 -0.8445762130975819E-01
 -0.8671505549748065E-01
 -0.8896814374078287E-01
 -0.9121662661559435E-01
 -0.9346024503407016E-01
 -0.9569874037419226E-01
 -0.9793185459792826E-01
 -0.1001593303824578    
 -0.1023809112657010    
 -0.1045963417857004    
 -0.1068053676083914    
 -0.1090077356578488    
 -0.1112031942533805    
 -0.1133914932425721    
 -0.1155723841277711    
 -0.1177456201964281    
 -0.1199109566572633    
 -0.1220681507717447    
 -0.1242169619774362    
 -0.1263571520111240    
 -0.1284884850338516    
 -0.1306107277517757    
 -0.1327236495342425    
 -0.1348270225367493    
 -0.1369206218238187    
 -0.1390042254775613    
 -0.1410776146945077    
 -0.1431405738910091    
 -0.1451928908225924    
 -0.1472343566962827    
 -0.1492647662607489    
 -0.1512839178883773    
 -0.1532916136682735    
 -0.1552876595044509    
 -0.1572718652023354    
 -0.1592440445448580    
 -0.1612040153709129    
 -0.1631515996541269    
 -0.1650866235693083    
 -0.1670089175499599    
 -0.1689183163533667    
 -0.1708146591319133    
 -0.1726977894886010    
 -0.1745675555103785    
 -0.1764238098033512    
 -0.1782664095477533    
 -0.1800952165532830    
 -0.1819100972864336    
 -0.1837109228776806    
 -0.1854975691414870    
 -0.1872699166155582    
 -0.1890278505894432    
 -0.1907712611038119    
 -0.1925000429415167    
 -0.1942140956360712    
 -0.1959133234875485    
 -0.1975976355593111    
 -0.1992669456564775    
 -0.2009211723104543    
 -0.2025602387748017    
 -0.2041840730104694    
 -0.2057926076502163    
 -0.2073857799625102    
 -0.2089635318319134    
 -0.2105258097400396    
 -0.2120725647232440    
 -0.2136037523144922    
 -0.2151193324974623    
 -0.2166192696774260    
 -0.2181035326426027    
 -0.2195720944995393    
 -0.2210249326013211    
 -0.2224620284942368    
 -0.2238833678771176    
 -0.2252889405452535    
 -0.2266787403104536    
 -0.2280527649208856    
 -0.2294110160015556    
 -0.2307534990025846    
 -0.2320802231275945    
 -0.2333912012411526    
 -0.2346864497835702    
 -0.2359659887088628    
 -0.2372298414247222    
 -0.2384780347076830    
 -0.2397105986024318    
 -0.2409275663373544    
 -0.2421289742623897    
 -0.2433148617792416    
 -0.2444852712442689    
 -0.2456402478658019    
 -0.2467798396258508    
 -0.2479040972178910    
 -0.2490130739670194    
 -0.2501068257255561    
 -0.2511854107746896    
 -0.2522488897535505    
 -0.2532973255957676    
 -0.2543307834425386    
 -0.2553493305362492    
 -0.2563530361274881    
 -0.2573419714097365    
 -0.2583162094576702    
 -0.2592758251409204    
 -0.2602208950197830    
 -0.2611514972546471    
 -0.2620677115430381    
 -0.2629696190621201    
 -0.2638573023886612    
 -0.2647308454003364    
 -0.2655903331886018    
 -0.2664358519987631    
 -0.2672674891773313    
 -0.2680853330988113    
 -0.2688894730739836    
 -0.2696799992679633    
 -0.2704570026434829    
 -0.2712205749122794    
 -0.2719708084699812    
 -0.2727077963154240    
 -0.2734316319769971    
 -0.2741424094584811    
 -0.2748402231918686    
 -0.2755251679791751    
 -0.2761973389236562    
 -0.2768568313662603    
 -0.2775037408361687    
 -0.2781381630067888    
 -0.2787601936441353    
 -0.2793699285474474    
 -0.2799674634939873    
 -0.2805528941958400    
 -0.2811263162622558    
 -0.2816878251554652    
 -0.2822375161382394    
 -0.2827754842245088    
 -0.2833018241427627    
 -0.2838166303069777    
 -0.2843199967808652    
 -0.2848120172312317    
 -0.2852927848828778    
 -0.2857623924879552    
 -0.2862209323050415    
 -0.2866684960713466    
 -0.2871051749625215    
 -0.2875310595534425    
 -0.2879462397931739    
 -0.2883508049886894    
 -0.2887448437821251    
 -0.2891284441186330    
 -0.2895016932165918    
 -0.2898646775478007    
 -0.2902174828213092    
 -0.2905601939629626    
 -0.2908928950933005    
 -0.2912156695099749    
 -0.2915285996726059    
 -0.2918317671840868    
 -0.2921252527703785    
 -0.2924091362667809    
 -0.2926834966112576    
 -0.2929484118356941    
 -0.2932039590492838    
 -0.2934502144197325    
 -0.2936872531612252    
 -0.2939151495301572    
 -0.2941339768223700    
 -0.2943438073664646    
 -0.2945447125124699    
 -0.2947367626188954    
 -0.2949200270435952    
 -0.2950945741427875    
 -0.2952604712751842    
 -0.2954177848009745    
 -0.2955665800700704    
 -0.2957069214084841    
 -0.2958388721169047    
 -0.2959624944813251    
 -0.2960778497793529    
 -0.2961849982710489    
 -0.2962839991845250    
 -0.2963749107148547    
 -0.2964577900378267    
 -0.2965326933208255    
 -0.2965996757178173    
 -0.2966587913568970    
 -0.2967100933380207    
 -0.2967536337449698    
 -0.2967894636588168    
 -0.2968176331605157    
 -0.2968381913241237    
 -0.2968511862120202    
 -0.2968566648803680    
 -0.2968546733924358    
 -0.2968452568297270    
 -0.2968284592931680    
 -0.2968043238974901    
 -0.2967728927704071    
 -0.2967342070634430    
 -0.2966883069675407    
 -0.2966352317209042    
 -0.2965750196065675    
 -0.2965077079497368    
 -0.2964333331241366    
 -0.2963519305652041    
 -0.2962635347813807    
 -0.2961681793589254    
 -0.2960658969628285    
 -0.2959567193389340    
 -0.2958406773205587    
 -0.2957178008393053    
 -0.2955881189360662    
 -0.2954516597675854    
 -0.2953084506084648    
 -0.2951585178538285    
 -0.2950018870271290    
 -0.2948385827915174    
 -0.2946686289593884    
 -0.2944920484971679    
 -0.2943088635275665    
 -0.2941190953341659    
 -0.2939227643712160    
 -0.2937198902760643    
 -0.2935104918776372    
 -0.2932945871978799    
 -0.2930721934520770    
 -0.2928433270567921    
 -0.2926080036447954    
 -0.2923662380765286    
 -0.2921180444418615    
 -0.2918634360588547    
 -0.2916024254794919    
 -0.2913350245021691    
 -0.2910612441827520    
 -0.2907810948402059    
 -0.2904945860601547    
 -0.2902017266997456    
 -0.2899025248935612    
 -0.2895969880602767    
 -0.2892851229108698    
 -0.2889669354570542    
 -0.2886424310171010    
 -0.2883116142195258    
 -0.2879744890081091    
 -0.2876310586489963    
 -0.2872813257371531    
 -0.2869252922016227    
 -0.2865629593123252    
 -0.2861943276884871    
 -0.2858193973045690    
 -0.2854381674923411    
 -0.2850506369439930    
 -0.2846568037202446    
 -0.2842566652600661    
 -0.2838502183862968    
 -0.2834374593074797    
 -0.2830183836209856    
 -0.2825929863196656    
 -0.2821612617995287    
 -0.2817232038658876    
 -0.2812788057380691    
 -0.2808280600536442    
 -0.2803709588726568    
 -0.2799074936823933    
 -0.2794376554030641    
 -0.2789614343937314    
 -0.2784788204575803    
 -0.2779898028465019    
 -0.2774943702652102    
 -0.2769925108748746    
 -0.2764842122972132    
 -0.2759694616205938    
 -0.2754482454073518    
 -0.2749205496990305    
 -0.2743863600185047    
 -0.2738456613723757    
 -0.2732984382563863    
 -0.2727446746616858    
 -0.2721843540790157    
 -0.2716174595023467    
 -0.2710439734346225    
 -0.2704638778935862    
 -0.2698771544141876    
 -0.2692837840497369    
 -0.2686837473772704    
 -0.2680770245068116    
 -0.2674635950881445    
 -0.2668434383120494    
 -0.2662165329101893    
 -0.2655828571584405    
 -0.2649423888838027    
 -0.2642951054726497    
 -0.2636409838778775    
 -0.2629800006216624    
 -0.2623121317932969    
 -0.2616373530491993    
 -0.2609556396231777    
 -0.2602669663422428    
 -0.2595713076328316    
 -0.2588686375129600    
 -0.2581589295859198    
 -0.2574421570510068    
 -0.2567182927243177    
 -0.2559873090489632    
 -0.2552491780880979    
 -0.2545038715159297    
 -0.2537513606231976    
 -0.2529916163356241    
 -0.2522246092298750    
 -0.2514503095354800    
 -0.2506686871267432    
 -0.2498797115199606    
 -0.2490833518861731    
 -0.2482795770713767    
 -0.2474683556055830    
 -0.2466496556956124    
 -0.2458234452190277    
 -0.2449896917362729    
 -0.2441483625128855    
 -0.2432994245291202    
 -0.2424428444723773    
 -0.2415785887324485    
 -0.2407066234152758    
 -0.2398269143650714    
 -0.2389394271743963    
 -0.2380441271792456    
 -0.2371409794556303    
 -0.2362299488311813    
 -0.2353109999063290    
 -0.2343840970681858    
 -0.2334492044891324    
 -0.2325062861214114    
 -0.2315553057059591    
 -0.2305962267969364    
 -0.2296290127818759    
 -0.2286536268812187    
 -0.2276700321389286    
 -0.2266781914297817    
 -0.2256780674870374    
 -0.2246696229263520    
 -0.2236528202479471    
 -0.2226276218296298    
 -0.2215939899344164    
 -0.2205518867350153    
 -0.2195012743361040    
 -0.2184421147815636    
 -0.2173743700546524    
 -0.2162980020865072    
 -0.2152129727767175    
 -0.2141192440155395    
 -0.2130167776964160    
 -0.2119055357198635    
 -0.2107854800010857    
 -0.2096565724895282    
 -0.2085187751933653    
 -0.2073720501960226    
 -0.2062163596637476    
 -0.2050516658554700    
 -0.2038779311419355    
 -0.2026951180289489    
 -0.2015031891769712    
 -0.2003021074153112    
 -0.1990918357535648    
 -0.1978723373955157    
 -0.1966435757621454    
 -0.1954055145221713    
 -0.1941581176152041    
 -0.1929013492580728    
 -0.1916351739508078    
 -0.1903595565056004    
 -0.1890744620901415    
 -0.1877798562520186    
 -0.1864757049179772    
 -0.1851619744025643    
 -0.1838386314481320    
 -0.1825056432697235    
 -0.1811629775723039    
 -0.1798106025532826    
 -0.1784484869250671    
 -0.1770765999579228    
 -0.1756949115138282    
 -0.1743033920630500    
 -0.1729020127041051    
 -0.1714907451965527    
 -0.1700695619927137    
 -0.1686384362619785    
 -0.1671973419194953    
 -0.1657462536624332    
 -0.1642851470005945    
 -0.1628139982784996    
 -0.1613327847041902    
 -0.1598414843899375    
 -0.1583400763897604    
 -0.1568285407261043    
 -0.1553068584186649    
 -0.1537750115230672    
 -0.1522329831675098    
 -0.1506807575807103    
 -0.1491183201249951    
 -0.1475456573427346    
 -0.1459627569998732    
 -0.1443696081128129    
 -0.1427662009736710    
 -0.1411525271940624    
 -0.1395285797583629    
 -0.1378943530624875    
 -0.1362498429384406    
 -0.1345950466880520    
 -0.1329299631349216    
 -0.1312545926762080    
 -0.1295689373176617    
 -0.1278730007010208    
 -0.1261667881438532    
 -0.1244503066939818    
 -0.1227235651803834    
 -0.1209865742479285    
 -0.1192393463870865    
 -0.1174818959779587    
 -0.1157142393472344    
 -0.1139363948169498    
 -0.1121483827371574    
 -0.1103502255209290    
 -0.1085419476955148    
 -0.1067235759548141    
 -0.1048951391965807    
 -0.1030566685575021    
 -0.1012081974652036    
 -0.9934976169362955E-01
 -0.9748139939769515E-01
 -0.9560315114012724E-01
 -0.9371505994204726E-01
 -0.9181717134804004E-01
 -0.8990953346630466E-01
 -0.8799219698529076E-01
 -0.8606521521164109E-01
 -0.8412864413807447E-01
 -0.8218254249420802E-01
 -0.8022697176109779E-01
 -0.7826199619626997E-01
 -0.7628768289901866E-01
 -0.7430410187109501E-01
 -0.7231132603098982E-01
 -0.7030943122084839E-01
 -0.6829849625925803E-01
 -0.6627860301136146E-01
 -0.6424983641493477E-01
 -0.6221228447780306E-01
 -0.6016603831119879E-01
 -0.5811119219621640E-01
 -0.5604784361768864E-01
 -0.5397609325590761E-01
 -0.5189604500138292E-01
 -0.4980780601617894E-01
 -0.4771148678011338E-01
 -0.4560720108228734E-01
 -0.4349506600911823E-01
 -0.4137520198217869E-01
 -0.3924773281241362E-01
 -0.3711278571096369E-01
 -0.3497049126836787E-01
 -0.3282098345782275E-01
 -0.3066439966932328E-01
 -0.2850088073132847E-01
 -0.2633057090107023E-01
 -0.2415361784984532E-01
 -0.2197017266549459E-01
 -0.1978038986348478E-01
 -0.1758442739007027E-01
 -0.1538244661195299E-01
 -0.1317461229495120E-01
 -0.1096109258202071E-01
 -0.8742058983866940E-02
 -0.6517686377127001E-02
 -0.4288152985680948E-02
 -0.2053640338698478E-02
  0.1856667665306421E-03
  0.2429580278133422E-02
  0.4677908904740692E-02
  0.6930458161663699E-02
  0.9187030431632683E-02
  0.1144742500461952E-01
  0.1371143810178192E-01
  0.1597886291865658E-01
  0.1824948969331567E-01
  0.2052310577007911E-01
  0.2279949564618626E-01
  0.2507844102234973E-01
  0.2735972087210668E-01
  0.2964311151774486E-01
  0.3192838669999702E-01
  0.3421531764673767E-01
  0.3650367314810936E-01
  0.3879321963636151E-01
  0.4108372127003352E-01
  0.4337494002461126E-01
  0.4566663578362088E-01
  0.4795856642357571E-01
  0.5025048790208814E-01
  0.5254215436137488E-01
  0.5483331823771461E-01
  0.5712373035951377E-01
  0.5941314004187079E-01
  0.6170129519942640E-01
  0.6398794247219730E-01
  0.6627282733740614E-01
  0.6855569420647893E-01
  0.7083628653671739E-01
  0.7311434696670457E-01
  0.7538961744787440E-01
  0.7766183935641648E-01
  0.7993075360768220E-01
  0.8219610079144610E-01
  0.8445762130975819E-01
  0.8671505549748065E-01
  0.8896814374078287E-01
  0.9121662661559435E-01
  0.9346024503407016E-01
  0.9569874037419226E-01
  0.9793185459792826E-01
  0.1001593303824578    
  0.1023809112657010    
  0.1045963417857004    
  0.1068053676083914    
  0.1090077356578488    
  0.1112031942533805    
  0.1133914932425721    
  0.1155723841277711    
  0.1177456201964281    
  0.1199109566572633    
  0.1220681507717447    
  0.1242169619774362    
  0.1263571520111240    
  0.1284884850338516    
  0.1306107277517757    
  0.1327236495342425    
  0.1348270225367493    
  0.1369206218238187    
  0.1390042254775613    
  0.1410776146945077    
  0.1431405738910091    
  0.1451928908225924    
  0.1472343566962827    
  0.1492647662607489    
  0.1512839178883773    
  0.1532916136682735    
  0.1552876595044509    
  0.1572718652023354    
  0.1592440445448580    
  0.1612040153709129    
  0.1631515996541269    
  0.1650866235693083    
  0.1670089175499599    
  0.1689183163533667    
  0.1708146591319133    
  0.1726977894886010    
  0.1745675555103785    
  0.1764238098033512    
  0.1782664095477533    
  0.1800952165532830    
  0.1819100972864336    
  0.1837109228776806    
  0.1854975691414870    
  0.1872699166155582    
  0.1890278505894432    
  0.1907712611038119    
  0.1925000429415167    
  0.1942140956360712    
  0.1959133234875485    
  0.1975976355593111    
  0.1992669456564775    
  0.2009211723104543    
  0.2025602387748017    
  0.2041840730104694    
  0.2057926076502163    
  0.2073857799625102    
  0.2089635318319134    
  0.2105258097400396    
  0.2120725647232440    
  0.2136037523144922    
  0.2151193324974623    
  0.2166192696774260    
  0.2181035326426027    
  0.2195720944995393    
  0.2210249326013211    
  0.2224620284942368    
  0.2238833678771176    
  0.2252889405452535    
  0.2266787403104536    
  0.2280527649208856    
  0.2294110160015556    
  0.2307534990025846    
  0.2320802231275945    
  0.2333912012411526    
  0.2346864497835702    
  0.2359659887088628    
  0.2372298414247222    
  0.2384780347076830    
  0.2397105986024318    
  0.2409275663373544    
  0.2421289742623897    
  0.2433148617792416    
  0.2444852712442689    
  0.2456402478658019    
  0.2467798396258508    
  0.2479040972178910    
  0.2490130739670194    
  0.2501068257255561    
  0.2511854107746896    
  0.2522488897535505    
  0.2532973255957676    
  0.2543307834425386    
  0.2553493305362492    
  0.2563530361274881    
  0.2573419714097365    
  0.2583162094576702    
  0.2592758251409204    
  0.2602208950197830    
  0.2611514972546471    
  0.2620677115430381    
  0.2629696190621201    
  0.2638573023886612    
  0.2647308454003364    
  0.2655903331886018    
  0.2664358519987631    
  0.2672674891773313    
  0.2680853330988113    
  0.2688894730739836    
  0.2696799992679633    
  0.2704570026434829    
  0.2712205749122794    
  0.2719708084699812    
  0.2727077963154240    
  0.2734316319769971    
  0.2741424094584811    
  0.2748402231918686    
  0.2755251679791751    
  0.2761973389236562    
  0.2768568313662603    
  0.2775037408361687    
  0.2781381630067888    
  0.2787601936441353    
  0.2793699285474474    
  0.2799674634939873    
  0.2805528941958400    
  0.2811263162622558    
  0.2816878251554652    
  0.2822375161382394    
  0.2827754842245088    
  0.2833018241427627    
  0.2838166303069777    
  0.2843199967808652    
  0.2848120172312317    
  0.2852927848828778    
  0.2857623924879552    
  0.2862209323050415    
  0.2866684960713466    
  0.2871051749625215    
  0.2875310595534425    
  0.2879462397931739    
  0.2883508049886894    
  0.2887448437821251    
  0.2891284441186330    
  0.2895016932165918    
  0.2898646775478007    
  0.2902174828213092    
  0.2905601939629626    
  0.2908928950933005    
  0.2912156695099749    
  0.2915285996726059    
  0.2918317671840868    
  0.2921252527703785    
  0.2924091362667809    
  0.2926834966112576    
  0.2929484118356941    
  0.2932039590492838    
  0.2934502144197325    
  0.2936872531612252    
  0.2939151495301572    
  0.2941339768223700    
  0.2943438073664646    
  0.2945447125124699    
  0.2947367626188954    
  0.2949200270435952    
  0.2950945741427875    
  0.2952604712751842    
  0.2954177848009745    
  0.2955665800700704    
  0.2957069214084841    
  0.2958388721169047    
  0.2959624944813251    
  0.2960778497793529    
  0.2961849982710489    
  0.2962839991845250    
  0.2963749107148547    
  0.2964577900378267    
  0.2965326933208255    
  0.2965996757178173    
  0.2966587913568970    
  0.2967100933380207    
  0.2967536337449698    
  0.2967894636588168    
  0.2968176331605157    
  0.2968381913241237    
  0.2968511862120202    
  0.2968566648803680    
  0.2968546733924358    
  0.2968452568297270    
  0.2968284592931680    
  0.2968043238974901    
  0.2967728927704071    
  0.2967342070634430    
  0.2966883069675407    
  0.2966352317209042    
  0.2965750196065675    
  0.2965077079497368    
  0.2964333331241366    
  0.2963519305652041    
  0.2962635347813807    
  0.2961681793589254    
  0.2960658969628285    
  0.2959567193389340    
  0.2958406773205587    
  0.2957178008393053    
  0.2955881189360662    
  0.2954516597675854    
  0.2953084506084648    
  0.2951585178538285    
  0.2950018870271290    
  0.2948385827915174    
  0.2946686289593884    
  0.2944920484971679    
  0.2943088635275665    
  0.2941190953341659    
  0.2939227643712160    
  0.2937198902760643    
  0.2935104918776372    
  0.2932945871978799    
  0.2930721934520770    
  0.2928433270567921    
  0.2926080036447954    
  0.2923662380765286    
  0.2921180444418615    
  0.2918634360588547    
  0.2916024254794919    
  0.2913350245021691    
