  0.3703528599296704    
  0.3695845763512385    
  0.3686884352690424    
  0.3676655658771471    
  0.3665168397742642    
  0.3652428887509344    
  0.3638441058354312    
  0.3623206446937240    
  0.3606724347769750    
  0.3588992022444277    
  0.3570004766285566    
  0.3549755867497392    
  0.3528236659666734    
  0.3505436697448513    
  0.3481343881443136    
  0.3455944452318906    
  0.3429222982732592    
  0.3401162474414245    
  0.3371744484811193    
  0.3340949175590702    
  0.3308755315437543    
  0.3275140329269914    
  0.3240080391256679    
  0.3203550494959351    
  0.3165524492681946    
  0.3125975150729708    
  0.3084874230915907    
  0.3042192567932474    
  0.2997900138603987    
  0.2951966148821936    
  0.2904359140678474    
  0.2855047098728757    
  0.2803997556844229    
  0.2751177728762926    
  0.2696554664732794    
  0.2640095415653756    
  0.2581767203902198    
  0.2521537620176804    
  0.2459374851442784    
  0.2395247926837864    
  0.2329126979749607    
  0.2260983539720980    
  0.2190790858072076    
  0.2118524258282734    
  0.2044161511088614    
  0.1967683244071086    
  0.1889073385345464    
  0.1808319632025015    
  0.1725413944696721    
  0.1640353076294092    
  0.1553139130237101    
  0.1463780133462274    
  0.1372290622922885    
  0.1278692252648323    
  0.1183014412558253    
  0.1085294837529100    
  0.9855801985220296E-01
  0.8839266793792366E-01
  0.7804005272972618E-01
  0.6750785487809996E-01
  0.5680485352122275E-01
  0.4594096177873056E-01
  0.3492725384103373E-01
  0.2377598047642411E-01
  0.1250057095146669E-01
  0.1115621412646488E-02
 -0.1036313111460916E-01
 -0.2191885188812369E-01
 -0.3353367037406758E-01
 -0.4518875986896004E-01
 -0.5686443409311858E-01
 -0.6854026208295966E-01
 -0.8019520162126979E-01
 -0.9180774816693901E-01
 -0.1033560960801969    
 -0.1148183114239186    
 -0.1261725150398126    
 -0.1373970708956234    
 -0.1484707741427264    
 -0.1593730367414798    
 -0.1700840691651899    
 -0.1805850528509043    
 -0.1908582969598717    
 -0.2008873775399325    
 -0.2106572597061256    
 -0.2201543996239911    
 -0.2293668207439309    
 -0.2382841639128817    
 -0.2468977157464115    
 -0.2552004158545397    
 -0.2631868387278697    
 -0.2708531507565992    
 -0.2781970502257000    
 -0.2852176950602410    
 -0.2919156147471283    
 -0.2982926051832478    
 -0.3043516155155486    
 -0.3100966356499305    
 -0.3155325811255372    
 -0.3206651695646242    
 -0.3255007956468562    
 -0.3300464169606915    
 -0.3343094494316991    
 -0.3382976609802744    
 -0.3420190643352518    
 -0.3454818238294594    
 -0.3486941804714120    
 -0.3516643809152292    
 -0.3544006021118402    
 -0.3569108851912351    
 -0.3592030911024716    
 -0.3612848665056797    
 -0.3631636026523521    
 -0.3648463938122006    
 -0.3663400143801339    
 -0.3676509122523420    
 -0.3687851970556216    
 -0.3697486188689434    
 -0.3705465571235524    
 -0.3711840284189384    
 -0.3716656949043913    
 -0.3719958590256153    
 -0.3721784585959416    
 -0.3722170789295798    
 -0.3721149715230161    
 -0.3718750597445149    
 -0.3714999370499513    
 -0.3709918779047179    
 -0.3703528599296704    
 -0.3695845763512385    
 -0.3686884352690424    
 -0.3676655658771471    
 -0.3665168397742642    
 -0.3652428887509344    
 -0.3638441058354312    
 -0.3623206446937240    
 -0.3606724347769750    
 -0.3588992022444277    
 -0.3570004766285566    
 -0.3549755867497392    
 -0.3528236659666734    
 -0.3505436697448513    
 -0.3481343881443136    
 -0.3455944452318906    
 -0.3429222982732592    
 -0.3401162474414245    
 -0.3371744484811193    
 -0.3340949175590702    
 -0.3308755315437543    
 -0.3275140329269914    
 -0.3240080391256679    
 -0.3203550494959351    
 -0.3165524492681946    
 -0.3125975150729708    
 -0.3084874230915907    
 -0.3042192567932474    
 -0.2997900138603987    
 -0.2951966148821936    
 -0.2904359140678474    
 -0.2855047098728757    
 -0.2803997556844229    
 -0.2751177728762926    
 -0.2696554664732794    
 -0.2640095415653756    
 -0.2581767203902198    
 -0.2521537620176804    
 -0.2459374851442784    
 -0.2395247926837864    
 -0.2329126979749607    
 -0.2260983539720980    
 -0.2190790858072076    
 -0.2118524258282734    
 -0.2044161511088614    
 -0.1967683244071086    
 -0.1889073385345464    
 -0.1808319632025015    
 -0.1725413944696721    
 -0.1640353076294092    
 -0.1553139130237101    
 -0.1463780133462274    
 -0.1372290622922885    
 -0.1278692252648323    
 -0.1183014412558253    
 -0.1085294837529100    
 -0.9855801985220296E-01
 -0.8839266793792366E-01
 -0.7804005272972618E-01
 -0.6750785487809996E-01
 -0.5680485352122275E-01
 -0.4594096177873056E-01
 -0.3492725384103373E-01
 -0.2377598047642411E-01
 -0.1250057095146669E-01
 -0.1115621412646488E-02
  0.1036313111460916E-01
  0.2191885188812369E-01
  0.3353367037406758E-01
  0.4518875986896004E-01
  0.5686443409311858E-01
  0.6854026208295966E-01
  0.8019520162126979E-01
  0.9180774816693901E-01
  0.1033560960801969    
  0.1148183114239186    
  0.1261725150398126    
  0.1373970708956234    
  0.1484707741427264    
  0.1593730367414798    
  0.1700840691651899    
  0.1805850528509043    
  0.1908582969598717    
  0.2008873775399325    
  0.2106572597061256    
  0.2201543996239911    
  0.2293668207439309    
  0.2382841639128817    
  0.2468977157464115    
  0.2552004158545397    
  0.2631868387278697    
  0.2708531507565992    
  0.2781970502257000    
  0.2852176950602410    
  0.2919156147471283    
  0.2982926051832478    
  0.3043516155155486    
  0.3100966356499305    
  0.3155325811255372    
  0.3206651695646242    
  0.3255007956468562    
  0.3300464169606915    
  0.3343094494316991    
  0.3382976609802744    
  0.3420190643352518    
  0.3454818238294594    
  0.3486941804714120    
  0.3516643809152292    
  0.3544006021118402    
  0.3569108851912351    
  0.3592030911024716    
  0.3612848665056797    
  0.3631636026523521    
  0.3648463938122006    
  0.3663400143801339    
  0.3676509122523420    
  0.3687851970556216    
  0.3697486188689434    
  0.3705465571235524    
  0.3711840284189384    
  0.3716656949043913    
  0.3719958590256153    
  0.3721784585959416    
  0.3722170789295798    
  0.3721149715230161    
  0.3718750597445149    
  0.3714999370499513    
  0.3709918779047179    
