  0.3434415384010714    
  0.3432198758146539    
  0.3429907415092693    
  0.3427541528665563    
  0.3425101258679270    
  0.3422586757294586    
  0.3419998171825470    
  0.3417335639089195    
  0.3414599282696239    
  0.3411789218437552    
  0.3408905557265056    
  0.3405948400497935    
  0.3402917836933325    
  0.3399813947383707    
  0.3396636807740957    
  0.3393386484990556    
  0.3390063034395628    
  0.3386666503383484    
  0.3383196934418420    
  0.3379654361385279    
  0.3376038806902520    
  0.3372350286100290    
  0.3368588809604770    
  0.3364754379918308    
  0.3360846988280519    
  0.3356866618302838    
  0.3352813249629124    
  0.3348686854762712    
  0.3344487395248977    
  0.3340214824568544    
  0.3335869092265480    
  0.3331450141624784    
  0.3326957905633832    
  0.3322392309091365    
  0.3317753272791431    
  0.3313040711798697    
  0.3308254531332227    
  0.3303394628423755    
  0.3298460896355413    
  0.3293453223396282    
  0.3288371488199156    
  0.3283215560740392    
  0.3277985307313938    
  0.3272680590362484    
  0.3267301263505876    
  0.3261847171070958    
  0.3256318153036998    
  0.3250714046360701    
  0.3245034680529469    
  0.3239279875761966    
  0.3233449447027368    
  0.3227543206311647    
  0.3221560959263693    
  0.3215502502904586    
  0.3209367628659238    
  0.3203156124787238    
  0.3196867773726567    
  0.3190502349702209    
  0.3184059621320293    
  0.3177539354249670    
  0.3170941308920764    
  0.3164265237652331    
  0.3157510886728412    
  0.3150677999680794    
  0.3143766315831636    
  0.3136775566948551    
  0.3129705478168322    
  0.3122555771359081    
  0.3115326164886540    
  0.3108016370661925    
  0.3100626094081072    
  0.3093155036685685    
  0.3085602896508760    
  0.3077969365859982    
  0.3070254131041646    
  0.3062456874423110    
  0.3054577274808816    
  0.3046615005615857    
  0.3038569734646601    
  0.3030441125955446    
  0.3022228840168192    
  0.3013932532712593    
  0.3005551853560402    
  0.2997086449151070    
  0.2988535962898860    
  0.2979900033372320    
  0.2971178293695708    
  0.2962370373409147    
  0.2953475899401040    
  0.2944494494340868    
  0.2935425775703779    
  0.2926269357221417    
  0.2917024850058925    
  0.2907691861750750    
  0.2898269995174129    
  0.2888758849517212    
  0.2879158021345987    
  0.2869467103946578    
  0.2859685686545264    
  0.2849813355014167    
  0.2839849692631743    
  0.2829794279537788    
  0.2819646692280206    
  0.2809406504597614    
  0.2799073287946404    
  0.2788646610745625    
  0.2778126038001859    
  0.2767511132369880    
  0.2756801454826369    
  0.2745996563734306    
  0.2735096014184739    
  0.2724099359077731    
  0.2713006150127212    
  0.2701815937107711    
  0.2690528266977391    
  0.2679142684699716    
  0.2667658734353159    
  0.2656075958651892    
  0.2644393898073760    
  0.2632612091477629    
  0.2620730077209216    
  0.2608747392834539    
  0.2596663574308826    
  0.2584478156387630    
  0.2572190673663790    
  0.2559800660531644    
  0.2547307650535328    
  0.2534711176644963    
  0.2522010772095840    
  0.2509205970408301    
  0.2496296304933826    
  0.2483281309194720    
  0.2470160517655056    
  0.2456933465699290    
  0.2443599689171546    
  0.2430158724707565    
  0.2416610110591406    
  0.2402953386908266    
  0.2389188095096703    
  0.2375313778047197    
  0.2361329980840629    
  0.2347236251175755    
  0.2333032139233549    
  0.2318717197634976    
  0.2304290981806474    
  0.2289753050441516    
  0.2275102965800716    
  0.2260340293822956    
  0.2245464604139108    
  0.2230475470312857    
  0.2215372470470804    
  0.2200155187765984    
  0.2184823210189454    
  0.2169376130434051    
  0.2153813546666443    
  0.2138135063458442    
  0.2122340291635379    
  0.2106428847726614    
  0.2090400354621098    
  0.2074254442904261    
  0.2057990750970749    
  0.2041608924208575    
  0.2025108615389574    
  0.2008489486235875    
  0.1991751207867982    
  0.1974893459884422    
  0.1957915930463641    
  0.1940818318023937    
  0.1923600332013448    
  0.1906261692013992    
  0.1888802127566439    
  0.1871221379796325    
  0.1853519202502964    
  0.1835695361402594    
  0.1817749633753180    
  0.1799681809863959    
  0.1781491694392611    
  0.1763179105766966    
  0.1744743875683276    
  0.1726185850478531    
  0.1707504892585605    
  0.1688700880167268    
  0.1669773706537854    
  0.1650723281343019    
  0.1631549532083354    
  0.1612252403998705    
  0.1592831859540773    
  0.1573287879376939    
  0.1553620463848250    
  0.1533829633011077    
  0.1513915426232702    
  0.1493877903133239    
  0.1473717144975882    
  0.1453433254784484    
  0.1433026357029485    
  0.1412496598530746    
  0.1391844149775690    
  0.1371069205083505    
  0.1350171982403036    
  0.1329152724237692    
  0.1308011698889461    
  0.1286749200579539    
  0.1265365549289967    
  0.1243861091750948    
  0.1222236202694379    
  0.1200491284938619    
  0.1178626769198951    
  0.1156643115081208    
  0.1134540812368605    
  0.1112320381119047    
  0.1089982371434269    
  0.1067527364397157    
  0.1044955973358780    
  0.1022268844084772    
  0.9994666545269586E-01
  0.9765501156752127E-01
  0.9535199727637328E-01
  0.9303770054343094E-01
  0.9071220275634197E-01
  0.8837558880802231E-01
  0.8602794720549584E-01
  0.8366937007929960E-01
  0.8129995316876582E-01
  0.7891979590458735E-01
  0.7652900150855078E-01
  0.7412767699252078E-01
  0.7171593314189979E-01
  0.6929388459881376E-01
  0.6686164995368112E-01
  0.6441935173127088E-01
  0.6196711636871215E-01
  0.5950507429865057E-01
  0.5703336003297076E-01
  0.5455211213328148E-01
  0.5206147318055058E-01
  0.4956158986018630E-01
  0.4705261304146185E-01
  0.4453469772883169E-01
  0.4200800301285595E-01
  0.3947269215174709E-01
  0.3692893265220114E-01
  0.3437689620904626E-01
  0.3181675863490801E-01
  0.2924869992865120E-01
  0.2667290435377479E-01
  0.2408956037109451E-01
  0.2149886054942497E-01
  0.1890100161372789E-01
  0.1629618451303029E-01
  0.1368461434857733E-01
  0.1106650027449890E-01
  0.8442055526773420E-02
  0.5811497470247526E-02
  0.3175047513275955E-02
  0.5329310017089822E-03
 -0.2114622762598509E-02
 -0.4767380495668036E-02
 -0.7425105039639231E-02
 -0.1008755548145063E-01
 -0.1275448714071143E-01
 -0.1542565155867538E-01
 -0.1810079663101409E-01
 -0.2077966674475412E-01
 -0.2346200277341155E-01
 -0.2614754207758741E-01
 -0.2883601866206577E-01
 -0.3152716333547027E-01
 -0.3422070371477411E-01
 -0.3691636423381424E-01
 -0.3961386632077880E-01
 -0.4231292858195238E-01
 -0.4501326681944327E-01
 -0.4771459404785075E-01
 -0.5041662068861573E-01
 -0.5311905477537526E-01
 -0.5582160198547619E-01
 -0.5852396566572762E-01
 -0.6122584704262651E-01
 -0.6392694544748488E-01
 -0.6662695836070348E-01
 -0.6932558144579284E-01
 -0.7202250877356058E-01
 -0.7471743306442673E-01
 -0.7741004574358620E-01
 -0.8010003698223818E-01
 -0.8278709593435195E-01
 -0.8547091099423496E-01
 -0.8815116986105785E-01
 -0.9082755958597191E-01
 -0.9349976681844351E-01
 -0.9616747807402570E-01
 -0.9883037980413453E-01
 -0.1014881584483899    
 -0.1041405006910287    
 -0.1067870937364924    
 -0.1094276253795715    
 -0.1120617840592381    
 -0.1146892591228306    
 -0.1173097411053741    
 -0.1199229217946778    
 -0.1225284942847505    
 -0.1251261532495848    
 -0.1277155952247326    
 -0.1302965186588442    
 -0.1328686239575965    
 -0.1354316137649339    
 -0.1379851932494525    
 -0.1405290701423592    
 -0.1430629547674707    
 -0.1455865603237345    
 -0.1480996031694893    
 -0.1506018028404112    
 -0.1530928820641387    
 -0.1555725670482022    
 -0.1580405877633725    
 -0.1604966779334408    
 -0.1629405750237889    
 -0.1653720205315489    
 -0.1677907602700497    
 -0.1701965443292006    
 -0.1725891270345229    
 -0.1749682672391812    
 -0.1773337286076155    
 -0.1796852795365281    
 -0.1820226930757919    
 -0.1843457472287723    
 -0.1866542252471303    
 -0.1889479155074291    
 -0.1912266113740853    
 -0.1934901115004946    
 -0.1957382201484426    
 -0.1979707470302414    
 -0.2001875071039133    
 -0.2023883208630781    
 -0.2045730146844295    
 -0.2067414206421904    
 -0.2088933762301421    
 -0.2110287246342313    
 -0.2131473151155538    
 -0.2152490028036673    
 -0.2173336483342065    
 -0.2194011180922266    
 -0.2214512846421978    
 -0.2234840265196513    
 -0.2254992277787430    
 -0.2274967781834734    
 -0.2294765736832713    
 -0.2314385162265767    
 -0.2333825132287836    
 -0.2353084776939116    
 -0.2372163287230097    
 -0.2391059913638517    
 -0.2409773960162099    
 -0.2428304784783343    
 -0.2446651804758739    
 -0.2464814495533989    
 -0.2482792384306382    
 -0.2500585049724989    
 -0.2518192127289165    
 -0.2535613308721580    
 -0.2552848335183460    
 -0.2569896996244507    
 -0.2586759135299757    
 -0.2603434649374777    
 -0.2619923482103061    
 -0.2636225622067192    
 -0.2652341108214024    
 -0.2668270030015725    
 -0.2684012520210150    
 -0.2699568752633039    
 -0.2714938947767105    
 -0.2730123373249334    
 -0.2745122336215132    
 -0.2759936180555741    
 -0.2774565292813292    
 -0.2789010103295039    
 -0.2803271077946176    
 -0.2817348714715351    
 -0.2831243549758589    
 -0.2844956159532940    
 -0.2858487152443422    
 -0.2871837164073828    
 -0.2885006863396476    
 -0.2897996956003199    
 -0.2910808175891447    
 -0.2923441279552023    
 -0.2935897051887771    
 -0.2948176310562322    
 -0.2960279898226094    
 -0.2972208675560332    
 -0.2983963526668472    
 -0.2995545364441348    
 -0.3006955123459555    
 -0.3018193752154649    
 -0.3029262217504500    
 -0.3040161511268872    
 -0.3050892643729523    
 -0.3061456635142239    
 -0.3071854519626099    
 -0.3082087352127750    
 -0.3092156203123849    
 -0.3102062149524492    
 -0.3111806277645817    
 -0.3121389690745590    
 -0.3130813504822781    
 -0.3140078839181378    
 -0.3149186818370392    
 -0.3158138580041754    
 -0.3166935271948933    
 -0.3175578042502022    
 -0.3184068041657123    
 -0.3192406428715415    
 -0.3200594370417973    
 -0.3208633031887093    
 -0.3216523576738718    
 -0.3224267174517227    
 -0.3231864999472352    
 -0.3239318222016460    
 -0.3246628008531032    
 -0.3253795528531631    
 -0.3260821953733247    
 -0.3267708449755959    
 -0.3274456175845608    
 -0.3281066292093687    
 -0.3287539958754832    
 -0.3293878327930919    
 -0.3300082543120236    
 -0.3306153746643538    
 -0.3312093079316826    
 -0.3317901672057047    
 -0.3323580645202004    
 -0.3329131116155166    
 -0.3334554199392986    
 -0.3339850997947725    
 -0.3345022602565930    
 -0.3350070099680169    
 -0.3354994571660569    
 -0.3359797087963671    
 -0.3364478704178110    
 -0.3369040470624364    
 -0.3373483432876638    
 -0.3377808622184323    
 -0.3382017054241478    
 -0.3386109738859478    
 -0.3390087681094789    
 -0.3393951870473547    
 -0.3397703278895478    
 -0.3401342871752693    
 -0.3404871610513994    
 -0.3408290440608209    
 -0.3411600287394544    
 -0.3414802068480643    
 -0.3417896698869902    
 -0.3420885078189682    
 -0.3423768083782382    
 -0.3426546583135160    
 -0.3429221442155886    
 -0.3431793513038447    
 -0.3434263624370499    
 -0.3436632592397140    
 -0.3438901232085951    
 -0.3441070346656936    
 -0.3443140715305602    
 -0.3445113102621727    
 -0.3446988271811410    
 -0.3448766976249752    
 -0.3450449945251692    
 -0.3452037891388637    
 -0.3453531525689210    
 -0.3454931551621284    
 -0.3456238648951075    
 -0.3457453478202450    
 -0.3458576697631039    
 -0.3459608960706159    
 -0.3460550898720237    
 -0.3461403121235823    
 -0.3462166233525948    
 -0.3462840838371619    
 -0.3463427519265527    
 -0.3463926836764326    
 -0.3464339344411616    
 -0.3464665594029522    
 -0.3464906121047926    
 -0.3465061438208780    
 -0.3465132049306025    
 -0.3465118456501748    
 -0.3465021147604965    
 -0.3464840588002325    
 -0.3464577232697520    
 -0.3464231535543225    
 -0.3463803938335229    
 -0.3463294860676063    
 -0.3462704709760272    
 -0.3462033891582055    
 -0.3461282802875880    
 -0.3460451819502282    
 -0.3459541302988230    
 -0.3458551612482629    
 -0.3457483100014257    
 -0.3456336098885963    
 -0.3455110927166645    
 -0.3453807899092222    
 -0.3452427322952803    
 -0.3450969490338838    
 -0.3449434677411840    
 -0.3447823155352217    
 -0.3446135190194361    
 -0.3444371033081630    
 -0.3442530919745946    
 -0.3440615079827986    
 -0.3438623738367431    
 -0.3436557107396710    
 -0.3434415384010714    
 -0.3432198758146539    
 -0.3429907415092693    
 -0.3427541528665563    
 -0.3425101258679270    
 -0.3422586757294586    
 -0.3419998171825470    
 -0.3417335639089195    
 -0.3414599282696239    
 -0.3411789218437552    
 -0.3408905557265056    
 -0.3405948400497935    
 -0.3402917836933325    
 -0.3399813947383707    
 -0.3396636807740957    
 -0.3393386484990556    
 -0.3390063034395628    
 -0.3386666503383484    
 -0.3383196934418420    
 -0.3379654361385279    
 -0.3376038806902520    
 -0.3372350286100290    
 -0.3368588809604770    
 -0.3364754379918308    
 -0.3360846988280519    
 -0.3356866618302838    
 -0.3352813249629124    
 -0.3348686854762712    
 -0.3344487395248977    
 -0.3340214824568544    
 -0.3335869092265480    
 -0.3331450141624784    
 -0.3326957905633832    
 -0.3322392309091365    
 -0.3317753272791431    
 -0.3313040711798697    
 -0.3308254531332227    
 -0.3303394628423755    
 -0.3298460896355413    
 -0.3293453223396282    
 -0.3288371488199156    
 -0.3283215560740392    
 -0.3277985307313938    
 -0.3272680590362484    
 -0.3267301263505876    
 -0.3261847171070958    
 -0.3256318153036998    
 -0.3250714046360701    
 -0.3245034680529469    
 -0.3239279875761966    
 -0.3233449447027368    
 -0.3227543206311647    
 -0.3221560959263693    
 -0.3215502502904586    
 -0.3209367628659238    
 -0.3203156124787238    
 -0.3196867773726567    
 -0.3190502349702209    
 -0.3184059621320293    
 -0.3177539354249670    
 -0.3170941308920764    
 -0.3164265237652331    
 -0.3157510886728412    
 -0.3150677999680794    
 -0.3143766315831636    
 -0.3136775566948551    
 -0.3129705478168322    
 -0.3122555771359081    
 -0.3115326164886540    
 -0.3108016370661925    
 -0.3100626094081072    
 -0.3093155036685685    
 -0.3085602896508760    
 -0.3077969365859982    
 -0.3070254131041646    
 -0.3062456874423110    
 -0.3054577274808816    
 -0.3046615005615857    
 -0.3038569734646601    
 -0.3030441125955446    
 -0.3022228840168192    
 -0.3013932532712593    
 -0.3005551853560402    
 -0.2997086449151070    
 -0.2988535962898860    
 -0.2979900033372320    
 -0.2971178293695708    
 -0.2962370373409147    
 -0.2953475899401040    
 -0.2944494494340868    
 -0.2935425775703779    
 -0.2926269357221417    
 -0.2917024850058925    
 -0.2907691861750750    
 -0.2898269995174129    
 -0.2888758849517212    
 -0.2879158021345987    
 -0.2869467103946578    
 -0.2859685686545264    
 -0.2849813355014167    
 -0.2839849692631743    
 -0.2829794279537788    
 -0.2819646692280206    
 -0.2809406504597614    
 -0.2799073287946404    
 -0.2788646610745625    
 -0.2778126038001859    
 -0.2767511132369880    
 -0.2756801454826369    
 -0.2745996563734306    
 -0.2735096014184739    
 -0.2724099359077731    
 -0.2713006150127212    
 -0.2701815937107711    
 -0.2690528266977391    
 -0.2679142684699716    
 -0.2667658734353159    
 -0.2656075958651892    
 -0.2644393898073760    
 -0.2632612091477629    
 -0.2620730077209216    
 -0.2608747392834539    
 -0.2596663574308826    
 -0.2584478156387630    
 -0.2572190673663790    
 -0.2559800660531644    
 -0.2547307650535328    
 -0.2534711176644963    
 -0.2522010772095840    
 -0.2509205970408301    
 -0.2496296304933826    
 -0.2483281309194720    
 -0.2470160517655056    
 -0.2456933465699290    
 -0.2443599689171546    
 -0.2430158724707565    
 -0.2416610110591406    
 -0.2402953386908266    
 -0.2389188095096703    
 -0.2375313778047197    
 -0.2361329980840629    
 -0.2347236251175755    
 -0.2333032139233549    
 -0.2318717197634976    
 -0.2304290981806474    
 -0.2289753050441516    
 -0.2275102965800716    
 -0.2260340293822956    
 -0.2245464604139108    
 -0.2230475470312857    
 -0.2215372470470804    
 -0.2200155187765984    
 -0.2184823210189454    
 -0.2169376130434051    
 -0.2153813546666443    
 -0.2138135063458442    
 -0.2122340291635379    
 -0.2106428847726614    
 -0.2090400354621098    
 -0.2074254442904261    
 -0.2057990750970749    
 -0.2041608924208575    
 -0.2025108615389574    
 -0.2008489486235875    
 -0.1991751207867982    
 -0.1974893459884422    
 -0.1957915930463641    
 -0.1940818318023937    
 -0.1923600332013448    
 -0.1906261692013992    
 -0.1888802127566439    
 -0.1871221379796325    
 -0.1853519202502964    
 -0.1835695361402594    
 -0.1817749633753180    
 -0.1799681809863959    
 -0.1781491694392611    
 -0.1763179105766966    
 -0.1744743875683276    
 -0.1726185850478531    
 -0.1707504892585605    
 -0.1688700880167268    
 -0.1669773706537854    
 -0.1650723281343019    
 -0.1631549532083354    
 -0.1612252403998705    
 -0.1592831859540773    
 -0.1573287879376939    
 -0.1553620463848250    
 -0.1533829633011077    
 -0.1513915426232702    
 -0.1493877903133239    
 -0.1473717144975882    
 -0.1453433254784484    
 -0.1433026357029485    
 -0.1412496598530746    
 -0.1391844149775690    
 -0.1371069205083505    
 -0.1350171982403036    
 -0.1329152724237692    
 -0.1308011698889461    
 -0.1286749200579539    
 -0.1265365549289967    
 -0.1243861091750948    
 -0.1222236202694379    
 -0.1200491284938619    
 -0.1178626769198951    
 -0.1156643115081208    
 -0.1134540812368605    
 -0.1112320381119047    
 -0.1089982371434269    
 -0.1067527364397157    
 -0.1044955973358780    
 -0.1022268844084772    
 -0.9994666545269586E-01
 -0.9765501156752127E-01
 -0.9535199727637328E-01
 -0.9303770054343094E-01
 -0.9071220275634197E-01
 -0.8837558880802231E-01
 -0.8602794720549584E-01
 -0.8366937007929960E-01
 -0.8129995316876582E-01
 -0.7891979590458735E-01
 -0.7652900150855078E-01
 -0.7412767699252078E-01
 -0.7171593314189979E-01
 -0.6929388459881376E-01
 -0.6686164995368112E-01
 -0.6441935173127088E-01
 -0.6196711636871215E-01
 -0.5950507429865057E-01
 -0.5703336003297076E-01
 -0.5455211213328148E-01
 -0.5206147318055058E-01
 -0.4956158986018630E-01
 -0.4705261304146185E-01
 -0.4453469772883169E-01
 -0.4200800301285595E-01
 -0.3947269215174709E-01
 -0.3692893265220114E-01
 -0.3437689620904626E-01
 -0.3181675863490801E-01
 -0.2924869992865120E-01
 -0.2667290435377479E-01
 -0.2408956037109451E-01
 -0.2149886054942497E-01
 -0.1890100161372789E-01
 -0.1629618451303029E-01
 -0.1368461434857733E-01
 -0.1106650027449890E-01
 -0.8442055526773420E-02
 -0.5811497470247526E-02
 -0.3175047513275955E-02
 -0.5329310017089822E-03
  0.2114622762598509E-02
  0.4767380495668036E-02
  0.7425105039639231E-02
  0.1008755548145063E-01
  0.1275448714071143E-01
  0.1542565155867538E-01
  0.1810079663101409E-01
  0.2077966674475412E-01
  0.2346200277341155E-01
  0.2614754207758741E-01
  0.2883601866206577E-01
  0.3152716333547027E-01
  0.3422070371477411E-01
  0.3691636423381424E-01
  0.3961386632077880E-01
  0.4231292858195238E-01
  0.4501326681944327E-01
  0.4771459404785075E-01
  0.5041662068861573E-01
  0.5311905477537526E-01
  0.5582160198547619E-01
  0.5852396566572762E-01
  0.6122584704262651E-01
  0.6392694544748488E-01
  0.6662695836070348E-01
  0.6932558144579284E-01
  0.7202250877356058E-01
  0.7471743306442673E-01
  0.7741004574358620E-01
  0.8010003698223818E-01
  0.8278709593435195E-01
  0.8547091099423496E-01
  0.8815116986105785E-01
  0.9082755958597191E-01
  0.9349976681844351E-01
  0.9616747807402570E-01
  0.9883037980413453E-01
  0.1014881584483899    
  0.1041405006910287    
  0.1067870937364924    
  0.1094276253795715    
  0.1120617840592381    
  0.1146892591228306    
  0.1173097411053741    
  0.1199229217946778    
  0.1225284942847505    
  0.1251261532495848    
  0.1277155952247326    
  0.1302965186588442    
  0.1328686239575965    
  0.1354316137649339    
  0.1379851932494525    
  0.1405290701423592    
  0.1430629547674707    
  0.1455865603237345    
  0.1480996031694893    
  0.1506018028404112    
  0.1530928820641387    
  0.1555725670482022    
  0.1580405877633725    
  0.1604966779334408    
  0.1629405750237889    
  0.1653720205315489    
  0.1677907602700497    
  0.1701965443292006    
  0.1725891270345229    
  0.1749682672391812    
  0.1773337286076155    
  0.1796852795365281    
  0.1820226930757919    
  0.1843457472287723    
  0.1866542252471303    
  0.1889479155074291    
  0.1912266113740853    
  0.1934901115004946    
  0.1957382201484426    
  0.1979707470302414    
  0.2001875071039133    
  0.2023883208630781    
  0.2045730146844295    
  0.2067414206421904    
  0.2088933762301421    
  0.2110287246342313    
  0.2131473151155538    
  0.2152490028036673    
  0.2173336483342065    
  0.2194011180922266    
  0.2214512846421978    
  0.2234840265196513    
  0.2254992277787430    
  0.2274967781834734    
  0.2294765736832713    
  0.2314385162265767    
  0.2333825132287836    
  0.2353084776939116    
  0.2372163287230097    
  0.2391059913638517    
  0.2409773960162099    
  0.2428304784783343    
  0.2446651804758739    
  0.2464814495533989    
  0.2482792384306382    
  0.2500585049724989    
  0.2518192127289165    
  0.2535613308721580    
  0.2552848335183460    
  0.2569896996244507    
  0.2586759135299757    
  0.2603434649374777    
  0.2619923482103061    
  0.2636225622067192    
  0.2652341108214024    
  0.2668270030015725    
  0.2684012520210150    
  0.2699568752633039    
  0.2714938947767105    
  0.2730123373249334    
  0.2745122336215132    
  0.2759936180555741    
  0.2774565292813292    
  0.2789010103295039    
  0.2803271077946176    
  0.2817348714715351    
  0.2831243549758589    
  0.2844956159532940    
  0.2858487152443422    
  0.2871837164073828    
  0.2885006863396476    
  0.2897996956003199    
  0.2910808175891447    
  0.2923441279552023    
  0.2935897051887771    
  0.2948176310562322    
  0.2960279898226094    
  0.2972208675560332    
  0.2983963526668472    
  0.2995545364441348    
  0.3006955123459555    
  0.3018193752154649    
  0.3029262217504500    
  0.3040161511268872    
  0.3050892643729523    
  0.3061456635142239    
  0.3071854519626099    
  0.3082087352127750    
  0.3092156203123849    
  0.3102062149524492    
  0.3111806277645817    
  0.3121389690745590    
  0.3130813504822781    
  0.3140078839181378    
  0.3149186818370392    
  0.3158138580041754    
  0.3166935271948933    
  0.3175578042502022    
  0.3184068041657123    
  0.3192406428715415    
  0.3200594370417973    
  0.3208633031887093    
  0.3216523576738718    
  0.3224267174517227    
  0.3231864999472352    
  0.3239318222016460    
  0.3246628008531032    
  0.3253795528531631    
  0.3260821953733247    
  0.3267708449755959    
  0.3274456175845608    
  0.3281066292093687    
  0.3287539958754832    
  0.3293878327930919    
  0.3300082543120236    
  0.3306153746643538    
  0.3312093079316826    
  0.3317901672057047    
  0.3323580645202004    
  0.3329131116155166    
  0.3334554199392986    
  0.3339850997947725    
  0.3345022602565930    
  0.3350070099680169    
  0.3354994571660569    
  0.3359797087963671    
  0.3364478704178110    
  0.3369040470624364    
  0.3373483432876638    
  0.3377808622184323    
  0.3382017054241478    
  0.3386109738859478    
  0.3390087681094789    
  0.3393951870473547    
  0.3397703278895478    
  0.3401342871752693    
  0.3404871610513994    
  0.3408290440608209    
  0.3411600287394544    
  0.3414802068480643    
  0.3417896698869902    
  0.3420885078189682    
  0.3423768083782382    
  0.3426546583135160    
  0.3429221442155886    
  0.3431793513038447    
  0.3434263624370499    
  0.3436632592397140    
  0.3438901232085951    
  0.3441070346656936    
  0.3443140715305602    
  0.3445113102621727    
  0.3446988271811410    
  0.3448766976249752    
  0.3450449945251692    
  0.3452037891388637    
  0.3453531525689210    
  0.3454931551621284    
  0.3456238648951075    
  0.3457453478202450    
  0.3458576697631039    
  0.3459608960706159    
  0.3460550898720237    
  0.3461403121235823    
  0.3462166233525948    
  0.3462840838371619    
  0.3463427519265527    
  0.3463926836764326    
  0.3464339344411616    
  0.3464665594029522    
  0.3464906121047926    
  0.3465061438208780    
  0.3465132049306025    
  0.3465118456501748    
  0.3465021147604965    
  0.3464840588002325    
  0.3464577232697520    
  0.3464231535543225    
  0.3463803938335229    
  0.3463294860676063    
  0.3462704709760272    
  0.3462033891582055    
  0.3461282802875880    
  0.3460451819502282    
  0.3459541302988230    
  0.3458551612482629    
  0.3457483100014257    
  0.3456336098885963    
  0.3455110927166645    
  0.3453807899092222    
  0.3452427322952803    
  0.3450969490338838    
  0.3449434677411840    
  0.3447823155352217    
  0.3446135190194361    
  0.3444371033081630    
  0.3442530919745946    
  0.3440615079827986    
  0.3438623738367431    
  0.3436557107396710    
