   27.48163441938051    
   27.58738593841338    
   27.69453453711006    
   27.80311271040675    
   27.91315360756591    
   28.02469106663317    
   28.13775962693311    
   28.25239454261731    
   28.36863181014428    
   28.48650818731869    
   28.60606120415806    
   28.72732919645414    
   28.85035135360106    
   28.97516773494732    
   29.10181926173259    
   29.23034774549378    
   29.36079595689813    
   29.49320766441442    
   29.62762762090750    
   29.76410156804151    
   29.90267629882012    
   30.04339972111181    
   30.18632087303999    
   30.33148993103346    
   30.47895825671923    
   30.62877845180284    
   30.78100438183127    
   30.93569119718813    
   31.09289538518562    
   31.25267482376892    
   31.41508880627360    
   31.58019807180158    
   31.74806487398484    
   31.91875304794905    
   32.09232803237762    
   32.26885688420501    
   32.44840833967061    
   32.63105289610631    
   32.81686285959624    
   33.00591237390123    
   33.19827748107695    
   33.39403620247163    
   33.59326859142396    
   33.79605676439322    
   34.00248495754291    
   34.21263960896140    
   34.42660942680879    
   34.64448544137930    
   34.86636107225842    
   35.09233220682394    
   35.32249726047353    
   35.55695722816856    
   35.79581576102188    
   36.03917925679291    
   36.28715692556740    
   36.53986084047858    
   36.79740601661329    
   37.05991050974377    
   37.32749548390845    
   37.60028524890898    
   37.87840732572438    
   38.16199255299361    
   38.45117517542274    
   38.74609288117840    
   39.04688683465994    
   39.35370175012506    
   39.66668597934097    
   39.98599156507546    
   40.31177426463950    
   40.64419357856463    
   40.98341278970773    
   41.32959899095207    
   41.68292309325746    
   42.04355982206791    
   42.41168770191581    
   42.78748902041659    
   43.17114976944979    
   43.56285956631756    
   43.96281155307037    
   44.37120226868770    
   44.78823148733812    
   45.21410201288838    
   45.64901942430431    
   46.09319177742142    
   46.54682926322529    
   47.01014380181211    
   47.48334855017061    
   47.96665732622556    
   48.46028395560805    
   48.96444151776050    
   49.47934145722326    
   50.00519255692942    
   50.54219978281962    
   51.09056296833589    
   51.65047527978201    
   52.22212144169603    
   52.80567573763249    
   53.40129976090250    
   54.00913983063948    
   54.62932400834307    
   55.26195870955861    
   55.90712489173484    
   56.56487372381304    
   57.23522162234590    
   57.91814459082264    
   58.61357181482194    
   59.32137840264253    
   60.04137711026925    
   60.77330890923275    
   61.51683227492619    
   62.27151102500952    
   63.03680047361676    
   63.81203165308548    
   64.59639335566781    
   65.38891170008675    
   66.18842685268733    
   66.99356648418531    
   67.80271550607472    
   68.61398155844250    
   69.42515562343006    
   70.23366705363348    
   71.03653221722750    
   71.83029583267319    
   72.61096390990515    
   73.37392706810643    
   74.11387284238444    
   74.82468537867859    
   75.49933066429097    
   76.12972519485105    
   76.70658571717360    
   77.21925735712691    
   77.65551706007822    
   78.00134890419642    
   78.24068748730785    
   78.35512517167759    
   78.32357851723907    
   78.12190885482350    
   77.72249170130108    
   77.09372956169648    
   76.19950264103608    
   74.99855230463344    
   73.44379300045638    
   71.48154992904892    
   69.05072222089058    
   66.08187519053058    
   62.49627095879537    
   58.20485496146642    
   53.10722729716532    
   47.09064348057747    
   40.02911013386989    
   31.78266864676879    
   22.19699497117601    
   11.10348744323363    
  -1.679932780613290    
  -16.34702338592547    
  -33.10007382023384    
  -52.14499466442864    
  -73.68417758534989    
  -97.90663989047350    
  -124.9750047444934    
  -155.0089967975473    
  -188.0653940687360    
  -224.1148112523775    
  -263.0163254381991    
  -304.4917880725923    
  -348.1026335422824    
  -393.2329471119333    
  -439.0832472086506    
  -484.6795431237695    
  -528.9014104561747    
  -570.5308547506202    
  -608.3206445913240    
  -641.0770120698426    
  -667.7479599918702    
  -687.5059245103492    
  -699.8131459369022    
  -704.4602199708718    
  -701.5726014162339    
  -691.5852677775534    
  -675.1909196717484    
  -653.2707449938622    
  -626.8182145639845    
  -596.8656340969956    
  -564.4208519186595    
  -530.4184769127562    
  -495.6870014085763    
  -460.9308912512605    
  -426.7252255397235    
  -393.5198085115011    
  -361.6496515619759    
  -331.3491014677361    
  -302.7674603411343    
  -275.9845477753712    
  -251.0252007856696    
  -227.8721476437216    
  -206.4770176049855    
  -186.7694702110649    
  -168.6645647758573    
  -152.0685641744505    
  -136.8833965086407    
  -123.0099993474602    
  -110.3507557516741    
  -98.81120733571157    
  -88.30120260528129    
  -78.73561212742644    
  -70.03471760576411    
  -62.12436043599652    
  -54.93591701838810    
  -48.40615295437441    
  -42.47699599409241    
  -37.09525780462405    
  -32.21232686734024    
  -27.78384875762054    
  -23.76940541961321    
  -20.13220152097872    
  -16.83876330798273    
  -13.85865340337497    
  -11.16420353008803    
  -8.730266049980315    
  -6.533984421988215    
  -4.554582200185056    
  -2.773169906503405    
  -1.172568868101214    
  0.2628491044350919    
   1.547307380534566    
   2.693756604253082    
   3.713994253436596    
   4.618772760750748    
   5.417897312852045    
   6.120314289982312    
   6.734191129678312    
   7.266988384060587    
   7.725524802960449    
   8.116036200111640    
   8.444228665984745    
   8.715326593048362    
   8.934116031523558    
   9.104983920725401    
   9.231953637343572    
   9.318717177736263    
   9.368664264614505    
   9.384908695087393    
   9.370312234906780    
   9.327506314584680    
   9.258911739947838    
   9.166756594601297    
   9.053092485262741    
   8.919809289262568    
   8.768648588255177    
   8.601215944583455    
   8.418992097388911    
   8.223343123559037    
   8.015529667495175    
   7.796715394270443    
   7.567974769911910    
   7.330300183070202    
   7.084608413934552    
   6.831746521219690    
   6.572497248159128    
   6.307584007872808    
   6.037675466335022    
   5.763389742048219    
   5.485298252016643    
   5.203929228710376    
   4.919770938563903    
   4.633274654220106    
   4.344857425058366    
   4.054904642985269    
   3.763772376890384    
   3.471789489454145    
   3.179259595350614    
   2.886462901231083    
   2.593657916740926    
   2.301083019783258    
   2.008957894512748    
   1.717484868216978    
   1.426850144267536    
   1.137224924418264    
  0.8487664486705476    
  0.5616189896934350    
  0.2759147945782079    
 -0.8225063687350090E-02
 -0.2906899294386407    
 -0.5713788625685601    
 -0.8501999631391955    
  -1.127069732818075    
  -1.401912487363026    
  -1.674659811789126    
  -1.945250051039614    
  -2.213627846930833    
  -2.479743722544952    
  -2.743553688870144    
  -3.005018855465520    
  -3.264105061566817    
  -3.520782550080463    
  -3.775025675978632    
  -4.026812625096504    
  -4.276125140465107    
  -4.522948271048566    
  -4.767270146303131    
  -5.009081765679242    
  -5.248376797563273    
  -5.485151390594212    
  -5.719403996881210    
  -5.951135204022404    
  -6.180347578678102    
  -6.407045525647725    
  -6.631235159249883    
  -6.852924181893743    
  -7.072121769553022    
  -7.288838463194654    
  -7.503086061749901    
  -7.714877518025336    
  -7.924226846307482    
  -8.131149044392318    
  -8.335660023060942    
  -8.537776538522213    
  -8.737516127445650    
  -8.934897038002322    
  -9.129938152633034    
  -9.322658919217121    
  -9.513079311686782    
  -9.701219807601733    
  -9.887101347049216    
  -10.07074526847877    
  -10.25217325580021    
  -10.43140731197252    
  -10.60846973161907    
  -10.78338305565480    
  -10.95617003394395    
  -11.12685361527135    
  -11.29545693666082    
  -11.46200328385282    
  -11.62651604572236    
  -11.78901869736766    
  -11.94953479895069    
  -12.10808797593631    
  -12.26470188609101    
  -12.41940020399506    
  -12.57220662150100    
  -12.72314483589441    
  -12.87223852289261    
  -13.01951131751136    
  -13.16498680807191    
  -13.30868852874427    
  -13.45063995030200    
  -13.59086447935417    
  -13.72938545685464    
  -13.86622613990754    
  -14.00140967851630    
  -14.13495910994543    
  -14.26689736378950    
  -14.39724725685620    
  -14.52603148579125    
  -14.65327263654370    
  -14.77899319367970    
  -14.90321551870784    
  -15.02596181397370    
  -15.14725411875316    
  -15.26711433751074    
  -15.38556425262633    
  -15.50262550650645    
  -15.61831959124425    
  -15.73266786411612    
  -15.84569155401373    
  -15.95741173570506    
  -16.06784930527045    
  -16.17702499219996    
  -16.28495938908468    
  -16.39167295940623    
  -16.49718602254989    
  -16.60151874328981    
  -16.70469113458115    
  -16.80672306065565    
  -16.90763423421020    
  -17.00744421389150    
  -17.10617240617010    
  -17.20383807086250    
  -17.30046032881071    
  -17.39605816646657    
  -17.49065043145634    
  -17.58425582404960    
  -17.67689289610130    
  -17.76858005778640    
  -17.85933558255046    
  -17.94917760927146    
  -18.03812414773220    
  -18.12619308286707    
  -18.21340216863445    
  -18.29976901958756    
  -18.38531111643253    
  -18.47004582076090    
  -18.55399037938766    
  -18.63716191797482    
  -18.71957744123880    
  -18.80125384039614    
  -18.88220789200762    
  -18.96245625087978    
  -19.04201545709976    
  -19.12090195450856    
  -19.19913209375031    
  -19.27672211595352    
  -19.35368814641536    
  -19.43004621160192    
  -19.50581225429971    
  -19.58100212753097    
  -19.65563158530795    
  -19.72971629129091    
  -19.80327183339751    
  -19.87631372279879    
  -19.94885738235462    
  -20.02091814462934    
  -20.09251126337134    
  -20.16365192664348    
  -20.23435526362415    
  -20.30463634445884    
  -20.37451017448534    
  -20.44399168817909    
  -20.51309575032732    
  -20.58183716436254    
  -20.65023068188491    
  -20.71829101241212    
  -20.78603283320521    
  -20.85347078937557    
  -20.92061947829224    
  -20.98749343581596    
  -21.05410714753103    
  -21.12047507759639    
  -21.18661168393047    
  -21.25253140785812    
  -21.31824865820741    
  -21.38377780996113    
  -21.44913321660594    
  -21.51432922539410    
  -21.57938018581399    
  -21.64430044470472    
  -21.70910433477252    
  -21.77380617713266    
  -21.83842030301493    
  -21.90296106880284    
  -21.96744284568067    
  -22.03188000581800    
  -22.09628693200252    
  -22.16067803650772    
  -22.22506776240280    
  -22.28947057814384    
  -22.35390098853497    
  -22.41837354626751    
  -22.48290283933915    
  -22.54750347889149    
  -22.61219012424912    
  -22.67697751828326    
  -22.74188047836459    
  -22.80691385943100    
  -22.87209255690382    
  -22.93743155225815    
  -23.00294593258203    
  -23.06865086231578    
  -23.13456156526030    
  -23.20069334911725    
  -23.26706163049725    
  -23.33368193076975    
  -23.40056987349263    
  -23.46774120003100    
  -23.53521176934740    
  -23.60299753658232    
  -23.67111456290309    
  -23.73957906771512    
  -23.80840745118473    
  -23.87761624958071    
  -23.94722209640798    
  -24.01724175869294    
  -24.08769219979417    
  -24.15859058456178    
  -24.22995424047200    
  -24.30180064796103    
  -24.37414746998256    
  -24.44701257298080    
  -24.52041402743000    
  -24.59437011520691    
  -24.66889934261934    
  -24.74402043593836    
  -24.81975233223130    
  -24.89611419761525    
  -24.97312546233910    
  -25.05080583305803    
  -25.12917527786044    
  -25.20825401589647    
  -25.28806252989932    
  -25.36862159460480    
  -25.44995230697938    
  -25.53207609706370    
  -25.61501470551291    
  -25.69879016082385    
  -25.78342481102538    
  -25.86894139274120    
  -25.95536304970189    
  -26.04271327958615    
  -26.13101590682294    
  -26.22029514583293    
  -26.31057567242446    
  -26.40188260684164    
  -26.49424146046696    
  -26.58767815651707    
  -26.68221910559478    
  -26.77789122850206    
  -26.87472191921737    
  -26.97273904315053    
  -27.07197099409587    
  -27.17244672966880    
  -27.27419575308356    
  -27.37724810749204    
  -27.48163441938051    
  -27.58738593841338    
  -27.69453453711006    
  -27.80311271040675    
  -27.91315360756591    
  -28.02469106663317    
  -28.13775962693311    
  -28.25239454261731    
  -28.36863181014428    
  -28.48650818731869    
  -28.60606120415806    
  -28.72732919645414    
  -28.85035135360106    
  -28.97516773494732    
  -29.10181926173259    
  -29.23034774549378    
  -29.36079595689813    
  -29.49320766441442    
  -29.62762762090750    
  -29.76410156804151    
  -29.90267629882012    
  -30.04339972111181    
  -30.18632087303999    
  -30.33148993103346    
  -30.47895825671923    
  -30.62877845180284    
  -30.78100438183127    
  -30.93569119718813    
  -31.09289538518562    
  -31.25267482376892    
  -31.41508880627360    
  -31.58019807180158    
  -31.74806487398484    
  -31.91875304794905    
  -32.09232803237762    
  -32.26885688420501    
  -32.44840833967061    
  -32.63105289610631    
  -32.81686285959624    
  -33.00591237390123    
  -33.19827748107695    
  -33.39403620247163    
  -33.59326859142396    
  -33.79605676439322    
  -34.00248495754291    
  -34.21263960896140    
  -34.42660942680879    
  -34.64448544137930    
  -34.86636107225842    
  -35.09233220682394    
  -35.32249726047353    
  -35.55695722816856    
  -35.79581576102188    
  -36.03917925679291    
  -36.28715692556740    
  -36.53986084047858    
  -36.79740601661329    
  -37.05991050974377    
  -37.32749548390845    
  -37.60028524890898    
  -37.87840732572438    
  -38.16199255299361    
  -38.45117517542274    
  -38.74609288117840    
  -39.04688683465994    
  -39.35370175012506    
  -39.66668597934097    
  -39.98599156507546    
  -40.31177426463950    
  -40.64419357856463    
  -40.98341278970773    
  -41.32959899095207    
  -41.68292309325746    
  -42.04355982206791    
  -42.41168770191581    
  -42.78748902041659    
  -43.17114976944979    
  -43.56285956631756    
  -43.96281155307037    
  -44.37120226868770    
  -44.78823148733812    
  -45.21410201288838    
  -45.64901942430431    
  -46.09319177742142    
  -46.54682926322529    
  -47.01014380181211    
  -47.48334855017061    
  -47.96665732622556    
  -48.46028395560805    
  -48.96444151776050    
  -49.47934145722326    
  -50.00519255692942    
  -50.54219978281962    
  -51.09056296833589    
  -51.65047527978201    
  -52.22212144169603    
  -52.80567573763249    
  -53.40129976090250    
  -54.00913983063948    
  -54.62932400834307    
  -55.26195870955861    
  -55.90712489173484    
  -56.56487372381304    
  -57.23522162234590    
  -57.91814459082264    
  -58.61357181482194    
  -59.32137840264253    
  -60.04137711026925    
  -60.77330890923275    
  -61.51683227492619    
  -62.27151102500952    
  -63.03680047361676    
  -63.81203165308548    
  -64.59639335566781    
  -65.38891170008675    
  -66.18842685268733    
  -66.99356648418531    
  -67.80271550607472    
  -68.61398155844250    
  -69.42515562343006    
  -70.23366705363348    
  -71.03653221722750    
  -71.83029583267319    
  -72.61096390990515    
  -73.37392706810643    
  -74.11387284238444    
  -74.82468537867859    
  -75.49933066429097    
  -76.12972519485105    
  -76.70658571717360    
  -77.21925735712691    
  -77.65551706007822    
  -78.00134890419642    
  -78.24068748730785    
  -78.35512517167759    
  -78.32357851723907    
  -78.12190885482350    
  -77.72249170130108    
  -77.09372956169648    
  -76.19950264103608    
  -74.99855230463344    
  -73.44379300045638    
  -71.48154992904892    
  -69.05072222089058    
  -66.08187519053058    
  -62.49627095879537    
  -58.20485496146642    
  -53.10722729716532    
  -47.09064348057747    
  -40.02911013386989    
  -31.78266864676879    
  -22.19699497117601    
  -11.10348744323363    
   1.679932780613290    
   16.34702338592547    
   33.10007382023384    
   52.14499466442864    
   73.68417758534989    
   97.90663989047350    
   124.9750047444934    
   155.0089967975473    
   188.0653940687360    
   224.1148112523775    
   263.0163254381991    
   304.4917880725923    
   348.1026335422824    
   393.2329471119333    
   439.0832472086506    
   484.6795431237695    
   528.9014104561747    
   570.5308547506202    
   608.3206445913240    
   641.0770120698426    
   667.7479599918702    
   687.5059245103492    
   699.8131459369022    
   704.4602199708718    
   701.5726014162339    
   691.5852677775534    
   675.1909196717484    
   653.2707449938622    
   626.8182145639845    
   596.8656340969956    
   564.4208519186595    
   530.4184769127562    
   495.6870014085763    
   460.9308912512605    
   426.7252255397235    
   393.5198085115011    
   361.6496515619759    
   331.3491014677361    
   302.7674603411343    
   275.9845477753712    
   251.0252007856696    
   227.8721476437216    
   206.4770176049855    
   186.7694702110649    
   168.6645647758573    
   152.0685641744505    
   136.8833965086407    
   123.0099993474602    
   110.3507557516741    
   98.81120733571157    
   88.30120260528129    
   78.73561212742644    
   70.03471760576411    
   62.12436043599652    
   54.93591701838810    
   48.40615295437441    
   42.47699599409241    
   37.09525780462405    
   32.21232686734024    
   27.78384875762054    
   23.76940541961321    
   20.13220152097872    
   16.83876330798273    
   13.85865340337497    
   11.16420353008803    
   8.730266049980315    
   6.533984421988215    
   4.554582200185056    
   2.773169906503405    
   1.172568868101214    
 -0.2628491044350919    
  -1.547307380534566    
  -2.693756604253082    
  -3.713994253436596    
  -4.618772760750748    
  -5.417897312852045    
  -6.120314289982312    
  -6.734191129678312    
  -7.266988384060587    
  -7.725524802960449    
  -8.116036200111640    
  -8.444228665984745    
  -8.715326593048362    
  -8.934116031523558    
  -9.104983920725401    
  -9.231953637343572    
  -9.318717177736263    
  -9.368664264614505    
  -9.384908695087393    
  -9.370312234906780    
  -9.327506314584680    
  -9.258911739947838    
  -9.166756594601297    
  -9.053092485262741    
  -8.919809289262568    
  -8.768648588255177    
  -8.601215944583455    
  -8.418992097388911    
  -8.223343123559037    
  -8.015529667495175    
  -7.796715394270443    
  -7.567974769911910    
  -7.330300183070202    
  -7.084608413934552    
  -6.831746521219690    
  -6.572497248159128    
  -6.307584007872808    
  -6.037675466335022    
  -5.763389742048219    
  -5.485298252016643    
  -5.203929228710376    
  -4.919770938563903    
  -4.633274654220106    
  -4.344857425058366    
  -4.054904642985269    
  -3.763772376890384    
  -3.471789489454145    
  -3.179259595350614    
  -2.886462901231083    
  -2.593657916740926    
  -2.301083019783258    
  -2.008957894512748    
  -1.717484868216978    
  -1.426850144267536    
  -1.137224924418264    
 -0.8487664486705476    
 -0.5616189896934350    
 -0.2759147945782079    
  0.8225063687350090E-02
  0.2906899294386407    
  0.5713788625685601    
  0.8501999631391955    
   1.127069732818075    
   1.401912487363026    
   1.674659811789126    
   1.945250051039614    
   2.213627846930833    
   2.479743722544952    
   2.743553688870144    
   3.005018855465520    
   3.264105061566817    
   3.520782550080463    
   3.775025675978632    
   4.026812625096504    
   4.276125140465107    
   4.522948271048566    
   4.767270146303131    
   5.009081765679242    
   5.248376797563273    
   5.485151390594212    
   5.719403996881210    
   5.951135204022404    
   6.180347578678102    
   6.407045525647725    
   6.631235159249883    
   6.852924181893743    
   7.072121769553022    
   7.288838463194654    
   7.503086061749901    
   7.714877518025336    
   7.924226846307482    
   8.131149044392318    
   8.335660023060942    
   8.537776538522213    
   8.737516127445650    
   8.934897038002322    
   9.129938152633034    
   9.322658919217121    
   9.513079311686782    
   9.701219807601733    
   9.887101347049216    
   10.07074526847877    
   10.25217325580021    
   10.43140731197252    
   10.60846973161907    
   10.78338305565480    
   10.95617003394395    
   11.12685361527135    
   11.29545693666082    
   11.46200328385282    
   11.62651604572236    
   11.78901869736766    
   11.94953479895069    
   12.10808797593631    
   12.26470188609101    
   12.41940020399506    
   12.57220662150100    
   12.72314483589441    
   12.87223852289261    
   13.01951131751136    
   13.16498680807191    
   13.30868852874427    
   13.45063995030200    
   13.59086447935417    
   13.72938545685464    
   13.86622613990754    
   14.00140967851630    
   14.13495910994543    
   14.26689736378950    
   14.39724725685620    
   14.52603148579125    
   14.65327263654370    
   14.77899319367970    
   14.90321551870784    
   15.02596181397370    
   15.14725411875316    
   15.26711433751074    
   15.38556425262633    
   15.50262550650645    
   15.61831959124425    
   15.73266786411612    
   15.84569155401373    
   15.95741173570506    
   16.06784930527045    
   16.17702499219996    
   16.28495938908468    
   16.39167295940623    
   16.49718602254989    
   16.60151874328981    
   16.70469113458115    
   16.80672306065565    
   16.90763423421020    
   17.00744421389150    
   17.10617240617010    
   17.20383807086250    
   17.30046032881071    
   17.39605816646657    
   17.49065043145634    
   17.58425582404960    
   17.67689289610130    
   17.76858005778640    
   17.85933558255046    
   17.94917760927146    
   18.03812414773220    
   18.12619308286707    
   18.21340216863445    
   18.29976901958756    
   18.38531111643253    
   18.47004582076090    
   18.55399037938766    
   18.63716191797482    
   18.71957744123880    
   18.80125384039614    
   18.88220789200762    
   18.96245625087978    
   19.04201545709976    
   19.12090195450856    
   19.19913209375031    
   19.27672211595352    
   19.35368814641536    
   19.43004621160192    
   19.50581225429971    
   19.58100212753097    
   19.65563158530795    
   19.72971629129091    
   19.80327183339751    
   19.87631372279879    
   19.94885738235462    
   20.02091814462934    
   20.09251126337134    
   20.16365192664348    
   20.23435526362415    
   20.30463634445884    
   20.37451017448534    
   20.44399168817909    
   20.51309575032732    
   20.58183716436254    
   20.65023068188491    
   20.71829101241212    
   20.78603283320521    
   20.85347078937557    
   20.92061947829224    
   20.98749343581596    
   21.05410714753103    
   21.12047507759639    
   21.18661168393047    
   21.25253140785812    
   21.31824865820741    
   21.38377780996113    
   21.44913321660594    
   21.51432922539410    
   21.57938018581399    
   21.64430044470472    
   21.70910433477252    
   21.77380617713266    
   21.83842030301493    
   21.90296106880284    
   21.96744284568067    
   22.03188000581800    
   22.09628693200252    
   22.16067803650772    
   22.22506776240280    
   22.28947057814384    
   22.35390098853497    
   22.41837354626751    
   22.48290283933915    
   22.54750347889149    
   22.61219012424912    
   22.67697751828326    
   22.74188047836459    
   22.80691385943100    
   22.87209255690382    
   22.93743155225815    
   23.00294593258203    
   23.06865086231578    
   23.13456156526030    
   23.20069334911725    
   23.26706163049725    
   23.33368193076975    
   23.40056987349263    
   23.46774120003100    
   23.53521176934740    
   23.60299753658232    
   23.67111456290309    
   23.73957906771512    
   23.80840745118473    
   23.87761624958071    
   23.94722209640798    
   24.01724175869294    
   24.08769219979417    
   24.15859058456178    
   24.22995424047200    
   24.30180064796103    
   24.37414746998256    
   24.44701257298080    
   24.52041402743000    
   24.59437011520691    
   24.66889934261934    
   24.74402043593836    
   24.81975233223130    
   24.89611419761525    
   24.97312546233910    
   25.05080583305803    
   25.12917527786044    
   25.20825401589647    
   25.28806252989932    
   25.36862159460480    
   25.44995230697938    
   25.53207609706370    
   25.61501470551291    
   25.69879016082385    
   25.78342481102538    
   25.86894139274120    
   25.95536304970189    
   26.04271327958615    
   26.13101590682294    
   26.22029514583293    
   26.31057567242446    
   26.40188260684164    
   26.49424146046696    
   26.58767815651707    
   26.68221910559478    
   26.77789122850206    
   26.87472191921737    
   26.97273904315053    
   27.07197099409587    
   27.17244672966880    
   27.27419575308356    
   27.37724810749204    
