  0.7473201540127095E-01
  0.7220149362162825E-01
  0.6965944084880205E-01
  0.6710616251602480E-01
  0.6454196730250228E-01
  0.6196716716109663E-01
  0.5938207735512296E-01
  0.5678701646134238E-01
  0.5418230633716176E-01
  0.5156827210068310E-01
  0.4894524215307389E-01
  0.4631354820624511E-01
  0.4367352526253759E-01
  0.4102551155448753E-01
  0.3836984850550684E-01
  0.3570688074058675E-01
  0.3303695610294932E-01
  0.3036042561879276E-01
  0.2767764341757578E-01
  0.2498896667226763E-01
  0.2229475559488109E-01
  0.1959537344357903E-01
  0.1689118647549326E-01
  0.1418256384929956E-01
  0.1146987755046697E-01
  0.8753502379148959E-02
  0.6033815946514143E-02
  0.3311198607070409E-02
  0.5860333453233113E-03
 -0.2141294298265983E-02
 -0.4870396238946861E-02
 -0.7600881872437348E-02
 -0.1033235817028144E-01
 -0.1306442979605227E-01
 -0.1579669916469489E-01
 -0.1852876646077789E-01
 -0.2126022969565339E-01
 -0.2399068481965738E-01
 -0.2671972582193138E-01
 -0.2944694477911397E-01
 -0.3217193189889661E-01
 -0.3489427560623470E-01
 -0.3761356264713323E-01
 -0.4032937816373822E-01
 -0.4304130575111653E-01
 -0.4574892753581228E-01
 -0.4845182427282785E-01
 -0.5114957542502507E-01
 -0.5384175922436829E-01
 -0.5652795275048811E-01
 -0.5920773203231883E-01
 -0.6188067213613979E-01
 -0.6454634722506875E-01
 -0.6720433062519504E-01
 -0.6985419492500222E-01
 -0.7249551207958227E-01
 -0.7512785348165124E-01
 -0.7775079001498580E-01
 -0.8036389213526390E-01
 -0.8296672997993954E-01
 -0.8555887346227858E-01
 -0.8813989232976582E-01
 -0.9070935622361609E-01
 -0.9326683477414188E-01
 -0.9581189770988674E-01
 -0.9834411493718892E-01
 -0.1008630565943416    
 -0.1033682931247984    
 -0.1058593953833173    
 -0.1083359347369843    
 -0.1107974831324394    
 -0.1132436131553067    
 -0.1156738981201190    
 -0.1180879121806639    
 -0.1204852304202231    
 -0.1228654289158984    
 -0.1252280848131151    
 -0.1275727764293304    
 -0.1298990833608898    
 -0.1322065865665407    
 -0.1344948684419340    
 -0.1367635129140252    
 -0.1390121055529148    
 -0.1412402336749556    
 -0.1434474864303286    
 -0.1456334548957476    
 -0.1477977321861232    
 -0.1499399135729207    
 -0.1520595965926226    
 -0.1541563811489508    
 -0.1562298696248010    
 -0.1582796670084847    
 -0.1603053810231108    
 -0.1623066222497280    
 -0.1642830042494767    
 -0.1662341436960466    
 -0.1681596605193916    
 -0.1700591780507648    
 -0.1719323231641430    
 -0.1737787264219053    
 -0.1755980222323923    
 -0.1773898490140133    
 -0.1791538493570648    
 -0.1808896701867344    
 -0.1825969629369877    
 -0.1842753837334703    
 -0.1859245935749330    
 -0.1875442585134048    
 -0.1891340498441871    
 -0.1906936443070568    
 -0.1922227242869321    
 -0.1937209780102742    
 -0.1951880997484328    
 -0.1966237900330812    
 -0.1980277558725787    
 -0.1993997109618537    
 -0.2007393758953712    
 -0.2020464783909479    
 -0.2033207535148762    
 -0.2045619438987316    
 -0.2057697999555662    
 -0.2069440801047173    
 -0.2080845509969300    
 -0.2091909877284692    
 -0.2102631740505587    
 -0.2113009025848105    
 -0.2123039750372535    
 -0.2132722023976844    
 -0.2142054051296067    
 -0.2151034133637131    
 -0.2159660670886610    
 -0.2167932163226222    
 -0.2175847212686461    
 -0.2183404524703189    
 -0.2190602909651318    
 -0.2197441284159205    
 -0.2203918672183151    
 -0.2210034206027063    
 -0.2215787127342086    
 -0.2221176787906323    
 -0.2226202650103750    
 -0.2230864287281185    
 -0.2235161384082048    
 -0.2239093736579624    
 -0.2242661252071136    
 -0.2245863948680347    
 -0.2248701954924898    
 -0.2251175509120040    
 -0.2253284958439243    
 -0.2255030757731105    
 -0.2256413468289379    
 -0.2257433756509375    
 -0.2258092392223491    
 -0.2258390246751482    
 -0.2258328290887717    
 -0.2257907592840727    
 -0.2257129315918127    
 -0.2255994715915601    
 -0.2254505138422221    
 -0.2252662016138460    
 -0.2250466866029528    
 -0.2247921286199455    
 -0.2245026952661189    
 -0.2241785616177867    
 -0.2238199099060196    
 -0.2234269291737325    
 -0.2229998149194392    
 -0.2225387687505664    
 -0.2220439980451274    
 -0.2215157156008198    
 -0.2209541392696251    
 -0.2203594916007412    
 -0.2197319995021000    
 -0.2190718939020939    
 -0.2183794093979139    
 -0.2176547839076592    
 -0.2168982583476162    
 -0.2161100763254364    
 -0.2152904838255995    
 -0.2144397288904192    
 -0.2135580613236230    
 -0.2126457324237855    
 -0.2117029947237370    
 -0.2107301017213761    
 -0.2097273076221353    
 -0.2086948671156854    
 -0.2076330351748789    
 -0.2065420668504763    
 -0.2054222170650261    
 -0.2042737404341519    
 -0.2030968911222701    
 -0.2018919227069512    
 -0.2006590880351553    
 -0.1993986390905489    
 -0.1981108268961467    
 -0.1967959014428950    
 -0.1954541116159567    
 -0.1940857051151043    
 -0.1926909283949427    
 -0.1912700266399913    
 -0.1898232437558720    
 -0.1883508223515766    
 -0.1868530037182121    
 -0.1853300278321206    
 -0.1837821333912239    
 -0.1822095578589517    
 -0.1806125374909928    
 -0.1789913073585125    
 -0.1773461014024805    
 -0.1756771525221210    
 -0.1739846926588492    
 -0.1722689528502956    
 -0.1705301632839034    
 -0.1687685533937795    
 -0.1669843519898589    
 -0.1651777873640777    
 -0.1633490873561719    
 -0.1614984794299149    
 -0.1596261908040526    
 -0.1577324486054507    
 -0.1558174799800715    
 -0.1538815121620147    
 -0.1519247725671102    
 -0.1499474889449497    
 -0.1479498895387839    
 -0.1459322031915979    
 -0.1438946594154864    
 -0.1418374884943951    
 -0.1397609216411496    
 -0.1376651911512088    
 -0.1355505305005444    
 -0.1334171744136352    
 -0.1312653589663153    
 -0.1290953217344686    
 -0.1269073019327760    
 -0.1247015405016350    
 -0.1224782801712763    
 -0.1202377655582134    
 -0.1179802432972071    
 -0.1157059621591528    
 -0.1134151731245354    
 -0.1111081294409679    
 -0.1087850867077618    
 -0.1064463029851452    
 -0.1040920388884046    
 -0.1017225576473137    
 -0.9933812515502943E-01
 -0.9693901003655103E-01
 -0.9452548373167025E-01
 -0.9209782056352106E-01
 -0.8965629778239470E-01
 -0.8720119560496836E-01
 -0.8473279726721317E-01
 -0.8225138908051277E-01
 -0.7975726047017301E-01
 -0.7725070399942324E-01
 -0.7473201540127095E-01
 -0.7220149362162825E-01
 -0.6965944084880205E-01
 -0.6710616251602480E-01
 -0.6454196730250228E-01
 -0.6196716716109663E-01
 -0.5938207735512296E-01
 -0.5678701646134238E-01
 -0.5418230633716176E-01
 -0.5156827210068310E-01
 -0.4894524215307389E-01
 -0.4631354820624511E-01
 -0.4367352526253759E-01
 -0.4102551155448753E-01
 -0.3836984850550684E-01
 -0.3570688074058675E-01
 -0.3303695610294932E-01
 -0.3036042561879276E-01
 -0.2767764341757578E-01
 -0.2498896667226763E-01
 -0.2229475559488109E-01
 -0.1959537344357903E-01
 -0.1689118647549326E-01
 -0.1418256384929956E-01
 -0.1146987755046697E-01
 -0.8753502379148959E-02
 -0.6033815946514143E-02
 -0.3311198607070409E-02
 -0.5860333453233113E-03
  0.2141294298265983E-02
  0.4870396238946861E-02
  0.7600881872437348E-02
  0.1033235817028144E-01
  0.1306442979605227E-01
  0.1579669916469489E-01
  0.1852876646077789E-01
  0.2126022969565339E-01
  0.2399068481965738E-01
  0.2671972582193138E-01
  0.2944694477911397E-01
  0.3217193189889661E-01
  0.3489427560623470E-01
  0.3761356264713323E-01
  0.4032937816373822E-01
  0.4304130575111653E-01
  0.4574892753581228E-01
  0.4845182427282785E-01
  0.5114957542502507E-01
  0.5384175922436829E-01
  0.5652795275048811E-01
  0.5920773203231883E-01
  0.6188067213613979E-01
  0.6454634722506875E-01
  0.6720433062519504E-01
  0.6985419492500222E-01
  0.7249551207958227E-01
  0.7512785348165124E-01
  0.7775079001498580E-01
  0.8036389213526390E-01
  0.8296672997993954E-01
  0.8555887346227858E-01
  0.8813989232976582E-01
  0.9070935622361609E-01
  0.9326683477414188E-01
  0.9581189770988674E-01
  0.9834411493718892E-01
  0.1008630565943416    
  0.1033682931247984    
  0.1058593953833173    
  0.1083359347369843    
  0.1107974831324394    
  0.1132436131553067    
  0.1156738981201190    
  0.1180879121806639    
  0.1204852304202231    
  0.1228654289158984    
  0.1252280848131151    
  0.1275727764293304    
  0.1298990833608898    
  0.1322065865665407    
  0.1344948684419340    
  0.1367635129140252    
  0.1390121055529148    
  0.1412402336749556    
  0.1434474864303286    
  0.1456334548957476    
  0.1477977321861232    
  0.1499399135729207    
  0.1520595965926226    
  0.1541563811489508    
  0.1562298696248010    
  0.1582796670084847    
  0.1603053810231108    
  0.1623066222497280    
  0.1642830042494767    
  0.1662341436960466    
  0.1681596605193916    
  0.1700591780507648    
  0.1719323231641430    
  0.1737787264219053    
  0.1755980222323923    
  0.1773898490140133    
  0.1791538493570648    
  0.1808896701867344    
  0.1825969629369877    
  0.1842753837334703    
  0.1859245935749330    
  0.1875442585134048    
  0.1891340498441871    
  0.1906936443070568    
  0.1922227242869321    
  0.1937209780102742    
  0.1951880997484328    
  0.1966237900330812    
  0.1980277558725787    
  0.1993997109618537    
  0.2007393758953712    
  0.2020464783909479    
  0.2033207535148762    
  0.2045619438987316    
  0.2057697999555662    
  0.2069440801047173    
  0.2080845509969300    
  0.2091909877284692    
  0.2102631740505587    
  0.2113009025848105    
  0.2123039750372535    
  0.2132722023976844    
  0.2142054051296067    
  0.2151034133637131    
  0.2159660670886610    
  0.2167932163226222    
  0.2175847212686461    
  0.2183404524703189    
  0.2190602909651318    
  0.2197441284159205    
  0.2203918672183151    
  0.2210034206027063    
  0.2215787127342086    
  0.2221176787906323    
  0.2226202650103750    
  0.2230864287281185    
  0.2235161384082048    
  0.2239093736579624    
  0.2242661252071136    
  0.2245863948680347    
  0.2248701954924898    
  0.2251175509120040    
  0.2253284958439243    
  0.2255030757731105    
  0.2256413468289379    
  0.2257433756509375    
  0.2258092392223491    
  0.2258390246751482    
  0.2258328290887717    
  0.2257907592840727    
  0.2257129315918127    
  0.2255994715915601    
  0.2254505138422221    
  0.2252662016138460    
  0.2250466866029528    
  0.2247921286199455    
  0.2245026952661189    
  0.2241785616177867    
  0.2238199099060196    
  0.2234269291737325    
  0.2229998149194392    
  0.2225387687505664    
  0.2220439980451274    
  0.2215157156008198    
  0.2209541392696251    
  0.2203594916007412    
  0.2197319995021000    
  0.2190718939020939    
  0.2183794093979139    
  0.2176547839076592    
  0.2168982583476162    
  0.2161100763254364    
  0.2152904838255995    
  0.2144397288904192    
  0.2135580613236230    
  0.2126457324237855    
  0.2117029947237370    
  0.2107301017213761    
  0.2097273076221353    
  0.2086948671156854    
  0.2076330351748789    
  0.2065420668504763    
  0.2054222170650261    
  0.2042737404341519    
  0.2030968911222701    
  0.2018919227069512    
  0.2006590880351553    
  0.1993986390905489    
  0.1981108268961467    
  0.1967959014428950    
  0.1954541116159567    
  0.1940857051151043    
  0.1926909283949427    
  0.1912700266399913    
  0.1898232437558720    
  0.1883508223515766    
  0.1868530037182121    
  0.1853300278321206    
  0.1837821333912239    
  0.1822095578589517    
  0.1806125374909928    
  0.1789913073585125    
  0.1773461014024805    
  0.1756771525221210    
  0.1739846926588492    
  0.1722689528502956    
  0.1705301632839034    
  0.1687685533937795    
  0.1669843519898589    
  0.1651777873640777    
  0.1633490873561719    
  0.1614984794299149    
  0.1596261908040526    
  0.1577324486054507    
  0.1558174799800715    
  0.1538815121620147    
  0.1519247725671102    
  0.1499474889449497    
  0.1479498895387839    
  0.1459322031915979    
  0.1438946594154864    
  0.1418374884943951    
  0.1397609216411496    
  0.1376651911512088    
  0.1355505305005444    
  0.1334171744136352    
  0.1312653589663153    
  0.1290953217344686    
  0.1269073019327760    
  0.1247015405016350    
  0.1224782801712763    
  0.1202377655582134    
  0.1179802432972071    
  0.1157059621591528    
  0.1134151731245354    
  0.1111081294409679    
  0.1087850867077618    
  0.1064463029851452    
  0.1040920388884046    
  0.1017225576473137    
  0.9933812515502943E-01
  0.9693901003655103E-01
  0.9452548373167025E-01
  0.9209782056352106E-01
  0.8965629778239470E-01
  0.8720119560496836E-01
  0.8473279726721317E-01
  0.8225138908051277E-01
  0.7975726047017301E-01
  0.7725070399942324E-01
