   3.279315148352555    
   3.287337489498761    
   3.295461516230925    
   3.303688244212817    
   3.312018604644924    
   3.320453520101512    
   3.328993953705236    
   3.337640922162097    
   3.346395503985997    
   3.355258837060020    
   3.364232083932911    
   3.373316388835641    
   3.382512859105155    
   3.391822550127188    
   3.401246428830730    
   3.410785358170704    
   3.420440151235538    
   3.430211652074923    
   3.440100759212063    
   3.450108387741187    
   3.460235432684368    
   3.470482755144760    
   3.480851163397247    
   3.491341390668225    
   3.501954100863388    
   3.512689913468784    
   3.523549406333837    
   3.534533093182604    
   3.545641410327536    
   3.556874725636782    
   3.568233356101660    
   3.579717583724435    
   3.591327650777189    
   3.603063705176396    
   3.614925717657657    
   3.626913451810005    
   3.639026516705005    
   3.651264427667008    
   3.663626618046028    
   3.676112448557513    
   3.688721242143271    
   3.701452248505127    
   3.714304467897268    
   3.727276461887353    
   3.740366345209558    
   3.753571962488166    
   3.766891079277938    
   3.780321463729750    
   3.793860840954135    
   3.807506711205167    
   3.821256067505330    
   3.835105196757735    
   3.849049758930831    
   3.863085080582762    
   3.877206373716670    
   3.891408691170605    
   3.905686681587385    
   3.920034300181459    
   3.934444600953540    
   3.948909741623686    
   3.963421261722389    
   3.977970425578031    
   3.992548239618272    
   4.007145005046725    
   4.021749745267175    
   4.036349986825489    
   4.050932015191347    
   4.065481290608202    
   4.079982610551444    
   4.094419851870154    
   4.108775469939922    
   4.123030121087870    
   4.137162654166533    
   4.151150360891951    
   4.164969114659812    
   4.178593141159601    
   4.191994530599051    
   4.205142834892112    
   4.218004980652450    
   4.230545409152485    
   4.242726132651678    
   4.254506478805538    
   4.265842605825766    
   4.276687075416080    
   4.286988628336822    
   4.296692021817599    
   4.305737755511312    
   4.314061728028761    
   4.321594940493442    
   4.328263186498874    
   4.333986585163688    
   4.338678994262535    
   4.342247469399685    
   4.344591793086154    
   4.345603945200225    
   4.345167463951729    
   4.343156763866251    
   4.339436436102515    
   4.333860504536717    
   4.326271646701799    
   4.316500331179356    
   4.304363704830819    
   4.289664229617895    
   4.272188418130700    
   4.251705903389785    
   4.227968469084887    
   4.200708501007631    
   4.169637001176240    
   4.134441799956068    
   4.094786056041937    
   4.050306430966395    
   4.000610676853990    
   3.945275195298054    
   3.883842964406959    
   3.815821320432064    
   3.740678995720730    
   3.657842748195776    
   3.566694313225320    
   3.466567628096896    
   3.356745648876276    
   3.236456571341638    
   3.104869944800805    
   2.961092969410862    
   2.804166774090026    
   2.633062620179854    
   2.446678325348661    
   2.243834928735841    
   2.023273219875716    
   1.783650183117603    
   1.523536189812498    
   1.241413625552958    
  0.9356766861533885    
  0.6046317810673405    
  0.2464988626242832    
 -0.1405851797143242    
 -0.5585602202077800    
  -1.009433632852007    
  -1.495268029957218    
  -2.018165253067004    
  -2.580245483366722    
  -3.183620748004027    
  -3.830362506038796    
  -4.522462655238431    
  -5.261786749563327    
  -6.050018520087438    
  -6.888595778965340    
  -7.778638117788811    
  -8.720866138300931    
  -9.715511818807554    
  -10.76222117787228    
  -11.85995228585111    
  -13.00687190219841    
  -14.20025331718954    
  -15.43637894259976    
  -16.71045400257535    
  -18.01653938429951    
  -19.34751076718522    
  -20.69504986524797    
  -22.04967427849298    
  -23.40081341178347    
  -24.73693621886015    
  -26.04573257824636    
  -27.31434660199473    
  -28.52965748394769    
  -29.67859974166830    
  -30.74851005505251    
  -31.72748482672037    
  -32.60473149735925    
  -33.37089527114324    
  -34.01834127780995    
  -34.54137407969029    
  -34.93638319099023    
  -35.20191021617332    
  -35.33863595641422    
  -35.34928739606445    
  -35.23847072390656    
  -35.01244595557320    
  -34.67886302760305    
  -34.24647526508257    
  -33.72484109394371    
  -33.12402619100312    
  -32.45432267213373    
  -31.72600024353227    
  -30.94909502554229    
  -30.13323378660841    
  -29.28749156697234    
  -28.42028511024353    
  -27.53930440319033    
  -26.65147849563953    
  -25.76296662925338    
  -24.87916698198422    
  -24.00474024570522    
  -23.14364748314913    
  -22.29919956691483    
  -21.47411279286626    
  -20.67056552773423    
  -19.89025343901928    
  -19.13444317991128    
  -18.40402486361101    
  -17.69956283245382    
  -17.02134334529946    
  -16.36941767869333    
  -15.74363991365589    
  -15.14369984689998    
  -14.56915215241745    
  -14.01944269033394    
  -13.49393215028509    
  -12.99191676510222    
  -12.51264587771990    
  -12.05533642879228    
  -11.61918471333894    
  -11.20337597171176    
  -10.80709244838255    
  -10.42952037329864    
  -10.06985599631476    
  -9.727310582810112    
  -9.401114270857352    
  -9.090518811560203    
  -8.794799357287300    
  -8.513255574996723    
  -8.245212383439464    
  -7.990020505116012    
  -7.747056859310935    
  -7.515724727148244    
  -7.295453630817731    
  -7.085698932227541    
  -6.885941219372815    
  -6.695685580810452    
  -6.514460840198797    
  -6.341818753601102    
  -6.177333144082928    
  -6.020598992270803    
  -5.871231537325027    
  -5.728865406073512    
  -5.593153741696639    
  -5.463767327629188    
  -5.340393753746000    
  -5.222736659362749    
  -5.110515026209491    
  -5.003462470859342    
  -4.901326516348070    
  -4.803867851838388    
  -4.710859595708405    
  -4.622086582339794    
  -4.537344693149563    
  -4.456440233896918    
  -4.379189349222002    
  -4.305417487080192    
  -4.234958941822049    
  -4.167656469573742    
  -4.103360919777161    
  -4.041930833061421    
  -3.983232010535174    
  -3.927137091640500    
  -3.873525161544179    
  -3.822281385961586    
  -3.773296669419980    
  -3.726467336555968    
  -3.681694833159115    
  -3.638885444823960    
  -3.597950037000501    
  -3.558803817661571    
  -3.521366115147289    
  -3.485560164530780    
  -3.451312904813451    
  -3.418554791655582    
  -3.387219625168711    
  -3.357244389683187    
  -3.328569102381867    
  -3.301136664830180    
  -3.274892710611251    
  -3.249785449407336    
  -3.225765515658285    
  -3.202785829499578    
  -3.180801472714237    
  -3.159769579294593    
  -3.139649237745312    
  -3.120401400482192    
  -3.101988798819214    
  -3.084375866509272    
  -3.067528671552945    
  -3.051414848422650    
  -3.036003523387988    
  -3.021265233497018    
  -3.007171843135862    
  -2.993696460661901    
  -2.980813360069660    
  -2.968497915477355    
  -2.956726550165517    
  -2.945476694098476    
  -2.934726746831239    
  -2.924456048743050    
  -2.914644858318360    
  -2.905274325096769    
  -2.896326453209467    
  -2.887784060751130    
  -2.879630737799151    
  -2.871850798377133    
  -2.864429226910698    
  -2.857351629287457    
  -2.850604193831397    
  -2.844173657415720    
  -2.838047276213054    
  -2.832212809458555    
  -2.826658517070235    
  -2.821373158370806    
  -2.816345983034284    
  -2.811566718386341    
  -2.807025555705480    
  -2.802713129029499    
  -2.798620484885967    
  -2.794739052280210    
  -2.791060617814853    
  -2.787577300355740    
  -2.784281524788611    
  -2.781166004363748    
  -2.778223733651437    
  -2.775447981571444    
  -2.772832280378472    
  -2.770370419301324    
  -2.768056445414052    
  -2.765884661636530    
  -2.763849618176061    
  -2.761946106294472    
  -2.760169155901424    
  -2.758514025337194    
  -2.756976180534913    
  -2.755551276754713    
  -2.754235149322607    
  -2.753023803933671    
  -2.751913402565684    
  -2.750900254993766    
  -2.749980818487372    
  -2.749151693619106    
  -2.748409612673423    
  -2.747751433373145    
  -2.747174142057087    
  -2.746674852841920    
  -2.746250797309226    
  -2.745899317913574    
  -2.745617871597701    
  -2.745404031663707    
  -2.745255481870990    
  -2.745170013839324    
  -2.745145531427466    
  -2.745180048110619    
  -2.745271672310665    
  -2.745418595996686    
  -2.745619094393742    
  -2.745871523394080    
  -2.746174306979318    
  -2.746525927335258    
  -2.746924924988948    
  -2.747369897118635    
  -2.747859489056167    
  -2.748392393802282    
  -2.748967365858996    
  -2.749583232503583    
  -2.750238891563937    
  -2.750933307934295    
  -2.751665517109414    
  -2.752434623255831    
  -2.753239785232423    
  -2.754080205475543    
  -2.754955129871946    
  -2.755863843781649    
  -2.756805656271171    
  -2.757779889577227    
  -2.758785885481943    
  -2.759823014463475    
  -2.760890676257426    
  -2.761988303798520    
  -2.763115378020113    
  -2.764271436934225    
  -2.765456067967650    
  -2.766668899299257    
  -2.767909602647771    
  -2.769177893253671    
  -2.770473515063054    
  -2.771796225976706    
  -2.773145797246812    
  -2.774522015210448    
  -2.775924673660652    
  -2.777353569370034    
  -2.778808511534502    
  -2.780289330854393    
  -2.781795876197162    
  -2.783328013205729    
  -2.784885637507210    
  -2.786468687240574    
  -2.788077139072888    
  -2.789710999277800    
  -2.791370303858584    
  -2.793055117052570    
  -2.794765517267780    
  -2.796501585031720    
  -2.798263407051809    
  -2.800051082539513    
  -2.801864715897283    
  -2.803704407425319    
  -2.805570257835913    
  -2.807462377045556    
  -2.809380883588185    
  -2.811325904067662    
  -2.813297583700612    
  -2.815296095140258    
  -2.817321632537745    
  -2.819374404065746    
  -2.821454637830172    
  -2.823562589299410    
  -2.825698535044631    
  -2.827862763448124    
  -2.830055576788907    
  -2.832277294070536    
  -2.834528240491306    
  -2.836808734552567    
  -2.839119087864066    
  -2.841459608733373    
  -2.843830597325625    
  -2.846232343759821    
  -2.848665142196614    
  -2.851129308143932    
  -2.853625182500948    
  -2.856153130761918    
  -2.858713550128480    
  -2.861306874191027    
  -2.863933562336531    
  -2.866594084885637    
  -2.869288917410831    
  -2.872018534511523    
  -2.874783393171653    
  -2.877583921545373    
  -2.880420529234288    
  -2.883293625793097    
  -2.886203628525316    
  -2.889150966069417    
  -2.892136089912470    
  -2.895159483830714    
  -2.898221659377108    
  -2.901323148955835    
  -2.904464508415158    
  -2.907646316087902    
  -2.910869155765198    
  -2.914133599080767    
  -2.917440204480938    
  -2.920789521949644    
  -2.924182089690362    
  -2.927618435727778    
  -2.931099098607640    
  -2.934624651104733    
  -2.938195704881862    
  -2.941812901331656    
  -2.945476902186039    
  -2.949188374717999    
  -2.952947968309274    
  -2.956756302611974    
  -2.960613980792931    
  -2.964521607843679    
  -2.968479793982026    
  -2.972489157517884    
  -2.976550345809559    
  -2.980664059390580    
  -2.984831055394844    
  -2.989052134583988    
  -2.993328125930920    
  -2.997659863434838    
  -3.002048152110240    
  -3.006493745617034    
  -3.010997351974867    
  -3.015559648878666    
  -3.020181289425080    
  -3.024862913367706    
  -3.029605181235876    
  -3.034408812600183    
  -3.039274602104703    
  -3.044203418140772    
  -3.049196197208305    
  -3.054253922852153    
  -3.059377580575912    
  -3.064568113334257    
  -3.069826403667594    
  -3.075153274779872    
  -3.080549497778347    
  -3.086015818257868    
  -3.091553007488794    
  -3.097161904330294    
  -3.102843418145146    
  -3.108598511670800    
  -3.114428193675002    
  -3.120333510993410    
  -3.126315517173890    
  -3.132375232020864    
  -3.138513622931515    
  -3.144731610861773    
  -3.151030087910027    
  -3.157409946364289    
  -3.163872114128683    
  -3.170417571732097    
  -3.177047343536568    
  -3.183762490939174    
  -3.190564119081849    
  -3.197453364452469    
  -3.204431346436315    
  -3.211499123952240    
  -3.218657697038682    
  -3.225908034741618    
  -3.233251096966968    
  -3.240687858311318    
  -3.248219344406440    
  -3.255846651764986    
  -3.263570930732564    
  -3.271393361908751    
  -3.279315148352555    
  -3.287337489498761    
  -3.295461516230925    
  -3.303688244212817    
  -3.312018604644924    
  -3.320453520101512    
  -3.328993953705236    
  -3.337640922162097    
  -3.346395503985997    
  -3.355258837060020    
  -3.364232083932911    
  -3.373316388835641    
  -3.382512859105155    
  -3.391822550127188    
  -3.401246428830730    
  -3.410785358170704    
  -3.420440151235538    
  -3.430211652074923    
  -3.440100759212063    
  -3.450108387741187    
  -3.460235432684368    
  -3.470482755144760    
  -3.480851163397247    
  -3.491341390668225    
  -3.501954100863388    
  -3.512689913468784    
  -3.523549406333837    
  -3.534533093182604    
  -3.545641410327536    
  -3.556874725636782    
  -3.568233356101660    
  -3.579717583724435    
  -3.591327650777189    
  -3.603063705176396    
  -3.614925717657657    
  -3.626913451810005    
  -3.639026516705005    
  -3.651264427667008    
  -3.663626618046028    
  -3.676112448557513    
  -3.688721242143271    
  -3.701452248505127    
  -3.714304467897268    
  -3.727276461887353    
  -3.740366345209558    
  -3.753571962488166    
  -3.766891079277938    
  -3.780321463729750    
  -3.793860840954135    
  -3.807506711205167    
  -3.821256067505330    
  -3.835105196757735    
  -3.849049758930831    
  -3.863085080582762    
  -3.877206373716670    
  -3.891408691170605    
  -3.905686681587385    
  -3.920034300181459    
  -3.934444600953540    
  -3.948909741623686    
  -3.963421261722389    
  -3.977970425578031    
  -3.992548239618272    
  -4.007145005046725    
  -4.021749745267175    
  -4.036349986825489    
  -4.050932015191347    
  -4.065481290608202    
  -4.079982610551444    
  -4.094419851870154    
  -4.108775469939922    
  -4.123030121087870    
  -4.137162654166533    
  -4.151150360891951    
  -4.164969114659812    
  -4.178593141159601    
  -4.191994530599051    
  -4.205142834892112    
  -4.218004980652450    
  -4.230545409152485    
  -4.242726132651678    
  -4.254506478805538    
  -4.265842605825766    
  -4.276687075416080    
  -4.286988628336822    
  -4.296692021817599    
  -4.305737755511312    
  -4.314061728028761    
  -4.321594940493442    
  -4.328263186498874    
  -4.333986585163688    
  -4.338678994262535    
  -4.342247469399685    
  -4.344591793086154    
  -4.345603945200225    
  -4.345167463951729    
  -4.343156763866251    
  -4.339436436102515    
  -4.333860504536717    
  -4.326271646701799    
  -4.316500331179356    
  -4.304363704830819    
  -4.289664229617895    
  -4.272188418130700    
  -4.251705903389785    
  -4.227968469084887    
  -4.200708501007631    
  -4.169637001176240    
  -4.134441799956068    
  -4.094786056041937    
  -4.050306430966395    
  -4.000610676853990    
  -3.945275195298054    
  -3.883842964406959    
  -3.815821320432064    
  -3.740678995720730    
  -3.657842748195776    
  -3.566694313225320    
  -3.466567628096896    
  -3.356745648876276    
  -3.236456571341638    
  -3.104869944800805    
  -2.961092969410862    
  -2.804166774090026    
  -2.633062620179854    
  -2.446678325348661    
  -2.243834928735841    
  -2.023273219875716    
  -1.783650183117603    
  -1.523536189812498    
  -1.241413625552958    
 -0.9356766861533885    
 -0.6046317810673405    
 -0.2464988626242832    
  0.1405851797143242    
  0.5585602202077800    
   1.009433632852007    
   1.495268029957218    
   2.018165253067004    
   2.580245483366722    
   3.183620748004027    
   3.830362506038796    
   4.522462655238431    
   5.261786749563327    
   6.050018520087438    
   6.888595778965340    
   7.778638117788811    
   8.720866138300931    
   9.715511818807554    
   10.76222117787228    
   11.85995228585111    
   13.00687190219841    
   14.20025331718954    
   15.43637894259976    
   16.71045400257535    
   18.01653938429951    
   19.34751076718522    
   20.69504986524797    
   22.04967427849298    
   23.40081341178347    
   24.73693621886015    
   26.04573257824636    
   27.31434660199473    
   28.52965748394769    
   29.67859974166830    
   30.74851005505251    
   31.72748482672037    
   32.60473149735925    
   33.37089527114324    
   34.01834127780995    
   34.54137407969029    
   34.93638319099023    
   35.20191021617332    
   35.33863595641422    
   35.34928739606445    
   35.23847072390656    
   35.01244595557320    
   34.67886302760305    
   34.24647526508257    
   33.72484109394371    
   33.12402619100312    
   32.45432267213373    
   31.72600024353227    
   30.94909502554229    
   30.13323378660841    
   29.28749156697234    
   28.42028511024353    
   27.53930440319033    
   26.65147849563953    
   25.76296662925338    
   24.87916698198422    
   24.00474024570522    
   23.14364748314913    
   22.29919956691483    
   21.47411279286626    
   20.67056552773423    
   19.89025343901928    
   19.13444317991128    
   18.40402486361101    
   17.69956283245382    
   17.02134334529946    
   16.36941767869333    
   15.74363991365589    
   15.14369984689998    
   14.56915215241745    
   14.01944269033394    
   13.49393215028509    
   12.99191676510222    
   12.51264587771990    
   12.05533642879228    
   11.61918471333894    
   11.20337597171176    
   10.80709244838255    
   10.42952037329864    
   10.06985599631476    
   9.727310582810112    
   9.401114270857352    
   9.090518811560203    
   8.794799357287300    
   8.513255574996723    
   8.245212383439464    
   7.990020505116012    
   7.747056859310935    
   7.515724727148244    
   7.295453630817731    
   7.085698932227541    
   6.885941219372815    
   6.695685580810452    
   6.514460840198797    
   6.341818753601102    
   6.177333144082928    
   6.020598992270803    
   5.871231537325027    
   5.728865406073512    
   5.593153741696639    
   5.463767327629188    
   5.340393753746000    
   5.222736659362749    
   5.110515026209491    
   5.003462470859342    
   4.901326516348070    
   4.803867851838388    
   4.710859595708405    
   4.622086582339794    
   4.537344693149563    
   4.456440233896918    
   4.379189349222002    
   4.305417487080192    
   4.234958941822049    
   4.167656469573742    
   4.103360919777161    
   4.041930833061421    
   3.983232010535174    
   3.927137091640500    
   3.873525161544179    
   3.822281385961586    
   3.773296669419980    
   3.726467336555968    
   3.681694833159115    
   3.638885444823960    
   3.597950037000501    
   3.558803817661571    
   3.521366115147289    
   3.485560164530780    
   3.451312904813451    
   3.418554791655582    
   3.387219625168711    
   3.357244389683187    
   3.328569102381867    
   3.301136664830180    
   3.274892710611251    
   3.249785449407336    
   3.225765515658285    
   3.202785829499578    
   3.180801472714237    
   3.159769579294593    
   3.139649237745312    
   3.120401400482192    
   3.101988798819214    
   3.084375866509272    
   3.067528671552945    
   3.051414848422650    
   3.036003523387988    
   3.021265233497018    
   3.007171843135862    
   2.993696460661901    
   2.980813360069660    
   2.968497915477355    
   2.956726550165517    
   2.945476694098476    
   2.934726746831239    
   2.924456048743050    
   2.914644858318360    
   2.905274325096769    
   2.896326453209467    
   2.887784060751130    
   2.879630737799151    
   2.871850798377133    
   2.864429226910698    
   2.857351629287457    
   2.850604193831397    
   2.844173657415720    
   2.838047276213054    
   2.832212809458555    
   2.826658517070235    
   2.821373158370806    
   2.816345983034284    
   2.811566718386341    
   2.807025555705480    
   2.802713129029499    
   2.798620484885967    
   2.794739052280210    
   2.791060617814853    
   2.787577300355740    
   2.784281524788611    
   2.781166004363748    
   2.778223733651437    
   2.775447981571444    
   2.772832280378472    
   2.770370419301324    
   2.768056445414052    
   2.765884661636530    
   2.763849618176061    
   2.761946106294472    
   2.760169155901424    
   2.758514025337194    
   2.756976180534913    
   2.755551276754713    
   2.754235149322607    
   2.753023803933671    
   2.751913402565684    
   2.750900254993766    
   2.749980818487372    
   2.749151693619106    
   2.748409612673423    
   2.747751433373145    
   2.747174142057087    
   2.746674852841920    
   2.746250797309226    
   2.745899317913574    
   2.745617871597701    
   2.745404031663707    
   2.745255481870990    
   2.745170013839324    
   2.745145531427466    
   2.745180048110619    
   2.745271672310665    
   2.745418595996686    
   2.745619094393742    
   2.745871523394080    
   2.746174306979318    
   2.746525927335258    
   2.746924924988948    
   2.747369897118635    
   2.747859489056167    
   2.748392393802282    
   2.748967365858996    
   2.749583232503583    
   2.750238891563937    
   2.750933307934295    
   2.751665517109414    
   2.752434623255831    
   2.753239785232423    
   2.754080205475543    
   2.754955129871946    
   2.755863843781649    
   2.756805656271171    
   2.757779889577227    
   2.758785885481943    
   2.759823014463475    
   2.760890676257426    
   2.761988303798520    
   2.763115378020113    
   2.764271436934225    
   2.765456067967650    
   2.766668899299257    
   2.767909602647771    
   2.769177893253671    
   2.770473515063054    
   2.771796225976706    
   2.773145797246812    
   2.774522015210448    
   2.775924673660652    
   2.777353569370034    
   2.778808511534502    
   2.780289330854393    
   2.781795876197162    
   2.783328013205729    
   2.784885637507210    
   2.786468687240574    
   2.788077139072888    
   2.789710999277800    
   2.791370303858584    
   2.793055117052570    
   2.794765517267780    
   2.796501585031720    
   2.798263407051809    
   2.800051082539513    
   2.801864715897283    
   2.803704407425319    
   2.805570257835913    
   2.807462377045556    
   2.809380883588185    
   2.811325904067662    
   2.813297583700612    
   2.815296095140258    
   2.817321632537745    
   2.819374404065746    
   2.821454637830172    
   2.823562589299410    
   2.825698535044631    
   2.827862763448124    
   2.830055576788907    
   2.832277294070536    
   2.834528240491306    
   2.836808734552567    
   2.839119087864066    
   2.841459608733373    
   2.843830597325625    
   2.846232343759821    
   2.848665142196614    
   2.851129308143932    
   2.853625182500948    
   2.856153130761918    
   2.858713550128480    
   2.861306874191027    
   2.863933562336531    
   2.866594084885637    
   2.869288917410831    
   2.872018534511523    
   2.874783393171653    
   2.877583921545373    
   2.880420529234288    
   2.883293625793097    
   2.886203628525316    
   2.889150966069417    
   2.892136089912470    
   2.895159483830714    
   2.898221659377108    
   2.901323148955835    
   2.904464508415158    
   2.907646316087902    
   2.910869155765198    
   2.914133599080767    
   2.917440204480938    
   2.920789521949644    
   2.924182089690362    
   2.927618435727778    
   2.931099098607640    
   2.934624651104733    
   2.938195704881862    
   2.941812901331656    
   2.945476902186039    
   2.949188374717999    
   2.952947968309274    
   2.956756302611974    
   2.960613980792931    
   2.964521607843679    
   2.968479793982026    
   2.972489157517884    
   2.976550345809559    
   2.980664059390580    
   2.984831055394844    
   2.989052134583988    
   2.993328125930920    
   2.997659863434838    
   3.002048152110240    
   3.006493745617034    
   3.010997351974867    
   3.015559648878666    
   3.020181289425080    
   3.024862913367706    
   3.029605181235876    
   3.034408812600183    
   3.039274602104703    
   3.044203418140772    
   3.049196197208305    
   3.054253922852153    
   3.059377580575912    
   3.064568113334257    
   3.069826403667594    
   3.075153274779872    
   3.080549497778347    
   3.086015818257868    
   3.091553007488794    
   3.097161904330294    
   3.102843418145146    
   3.108598511670800    
   3.114428193675002    
   3.120333510993410    
   3.126315517173890    
   3.132375232020864    
   3.138513622931515    
   3.144731610861773    
   3.151030087910027    
   3.157409946364289    
   3.163872114128683    
   3.170417571732097    
   3.177047343536568    
   3.183762490939174    
   3.190564119081849    
   3.197453364452469    
   3.204431346436315    
   3.211499123952240    
   3.218657697038682    
   3.225908034741618    
   3.233251096966968    
   3.240687858311318    
   3.248219344406440    
   3.255846651764986    
   3.263570930732564    
   3.271393361908751    
