  0.8108672512930037E-01
  0.7975893775853488E-01
  0.7842807329834928E-01
  0.7709417099825339E-01
  0.7575727030240365E-01
  0.7441741084840198E-01
  0.7307463247075785E-01
  0.7172897520374022E-01
  0.7038047927958480E-01
  0.6902918512698020E-01
  0.6767513337393605E-01
  0.6631836485040782E-01
  0.6495892058656039E-01
  0.6359684181099712E-01
  0.6223216995309805E-01
  0.6086494664540254E-01
  0.5949521372190419E-01
  0.5812301321603930E-01
  0.5674838736250848E-01
  0.5537137859939789E-01
  0.5399202956650601E-01
  0.5261038310314614E-01
  0.5122648224947374E-01
  0.4984037024830462E-01
  0.4845209054345473E-01
  0.4706168677741024E-01
  0.4566920279221809E-01
  0.4427468263097145E-01
  0.4287817053610987E-01
  0.4147971094698066E-01
  0.4007934850035783E-01
  0.3867712803161694E-01
  0.3727309457296873E-01
  0.3586729335090677E-01
  0.3445976978638643E-01
  0.3305056949570506E-01
  0.3163973828866390E-01
  0.3022732216591195E-01
  0.2881336731881112E-01
  0.2739792013003045E-01
  0.2598102717163325E-01
  0.2456273520233671E-01
  0.2314309116709573E-01
  0.2172214219742363E-01
  0.2029993560939491E-01
  0.1887651890082559E-01
  0.1745193975059406E-01
  0.1602624601869174E-01
  0.1459948574414832E-01
  0.1317170714216842E-01
  0.1174295860323848E-01
  0.1031328869290604E-01
  0.8882746149589948E-02
  0.7451379881679987E-02
  0.6019238966484375E-02
  0.4586372649774739E-02
  0.3152830343447821E-02
  0.1718661622557960E-02
  0.2839162241543569E-03
 -0.1151355953324940E-02
 -0.2587104852512623E-02
 -0.4023280260204043E-02
 -0.5459831808681370E-02
 -0.6896708976441734E-02
 -0.8333861090693173E-02
 -0.9771237330515714E-02
 -0.1120878672835873E-01
 -0.1264645817093935E-01
 -0.1408420040178582E-01
 -0.1552196202440936E-01
 -0.1695969150392185E-01
 -0.1839733716810277E-01
 -0.1983484721003298E-01
 -0.2127216969128742E-01
 -0.2270925254360145E-01
 -0.2414604357003070E-01
 -0.2558249044767957E-01
 -0.2701854073099330E-01
 -0.2845414185351758E-01
 -0.2988924112908320E-01
 -0.3132378575450828E-01
 -0.3275772281294426E-01
 -0.3419099927580133E-01
 -0.3562356200405464E-01
 -0.3705535775091295E-01
 -0.3848633316510419E-01
 -0.3991643479287821E-01
 -0.4134560907945528E-01
 -0.4277380237173833E-01
 -0.4420096092156184E-01
 -0.4562703088771008E-01
 -0.4705195833744846E-01
 -0.4847568924927770E-01
 -0.4989816951616644E-01
 -0.5131934494758150E-01
 -0.5273916127107731E-01
 -0.5415756413509304E-01
 -0.5557449911218310E-01
 -0.5698991170104062E-01
 -0.5840374732809517E-01
 -0.5981595135032475E-01
 -0.6122646905851625E-01
 -0.6263524567932893E-01
 -0.6404222637689050E-01
 -0.6544735625555775E-01
 -0.6685058036316188E-01
 -0.6825184369313148E-01
 -0.6965109118614188E-01
 -0.7104826773282907E-01
 -0.7244331817696276E-01
 -0.7383618731759145E-01
 -0.7522681991076619E-01
 -0.7661516067225266E-01
 -0.7800115428062515E-01
 -0.7938474537938234E-01
 -0.8076587857872397E-01
 -0.8214449845829913E-01
 -0.8352054957025623E-01
 -0.8489397644130281E-01
 -0.8626472357448356E-01
 -0.8763273545196321E-01
 -0.8899795653807652E-01
 -0.9036033128136056E-01
 -0.9171980411631120E-01
 -0.9307631946616102E-01
 -0.9442982174593123E-01
 -0.9578025536446361E-01
 -0.9712756472616846E-01
 -0.9847169423378738E-01
 -0.9981258829144596E-01
 -0.1011501913066988    
 -0.1024844476922839    
 -0.1038153018688643    
 -0.1051426982680608    
 -0.1064665813345165    
 -0.1077868955276831    
 -0.1091035853245665    
 -0.1104165952227403    
 -0.1117258697424134    
 -0.1130313534282496    
 -0.1143329908521349    
 -0.1156307266161991    
 -0.1169245053548990    
 -0.1182142717368659    
 -0.1194999704677018    
 -0.1207815462930197    
 -0.1220589440005546    
 -0.1233321084220529    
 -0.1246009844361093    
 -0.1258655169712426    
 -0.1271256510080513    
 -0.1283813315811553    
 -0.1296325037820816    
 -0.1308791127623956    
 -0.1321211037359217    
 -0.1333584219807507    
 -0.1345910128421861    
 -0.1358188217359400    
 -0.1370417941504456    
 -0.1382598756489548    
 -0.1394730118725574    
 -0.1406811485434600    
 -0.1418842314674051    
 -0.1430822065358894    
 -0.1442750197292777    
 -0.1454626171201705    
 -0.1466449448759482    
 -0.1478219492611363    
 -0.1489935766406503    
 -0.1501597734832769    
 -0.1513204863643527    
 -0.1524756619682901    
 -0.1536252470919743    
 -0.1547691886483888    
 -0.1559074336694639    
 -0.1570399293087910    
 -0.1581666228451957    
 -0.1592874616865143    
 -0.1604023933726220    
 -0.1615113655783715    
 -0.1626143261173811    
 -0.1637112229460020    
 -0.1648020041665370    
 -0.1658866180304033    
 -0.1669650129421660    
 -0.1680371374637322    
 -0.1691029403177970    
 -0.1701623703912627    
 -0.1712153767395314    
 -0.1722619085909403    
 -0.1733019153504478    
 -0.1743353466033222    
 -0.1753621521197333    
 -0.1763822818594805    
 -0.1773956859759538    
 -0.1784023148200922    
 -0.1794021189452610    
 -0.1803950491122814    
 -0.1813810562937101    
 -0.1823600916781243    
 -0.1833321066753081    
 -0.1842970529215797    
 -0.1852548822843851    
 -0.1862055468669244    
 -0.1871489990136774    
 -0.1880851913160519    
 -0.1890140766173018    
 -0.1899356080175003    
 -0.1908497388794170    
 -0.1917564228344975    
 -0.1926556137881135    
 -0.1935472659248933    
 -0.1944313337149522    
 -0.1953077719202079    
 -0.1961765355999610    
 -0.1970375801165796    
 -0.1978908611420938    
 -0.1987363346648378    
 -0.1995739569953483    
 -0.2004036847723989    
 -0.2012254749699540    
 -0.2020392849041385    
 -0.2028450722394346    
 -0.2036427949950283    
 -0.2044324115521008    
 -0.2052138806611162    
 -0.2059871614483078    
 -0.2067522134223132    
 -0.2075089964817629    
 -0.2082574709228528    
 -0.2089975974460898    
 -0.2097293371631865    
 -0.2104526516048995    
 -0.2111675027288222    
 -0.2118738529263428    
 -0.2125716650297687    
 -0.2132609023203937    
 -0.2139415285364603    
 -0.2146135078802449    
 -0.2152768050253282    
 -0.2159313851248298    
 -0.2165772138194960    
 -0.2172142572448463    
 -0.2178424820385068    
 -0.2184618553485334    
 -0.2190723448415630    
 -0.2196739187099557    
 -0.2202665456790855    
 -0.2208501950156403    
 -0.2214248365357356    
 -0.2219904406119826    
 -0.2225469781806704    
 -0.2230944207499315    
 -0.2236327404076910    
 -0.2241619098285446    
 -0.2246819022807462    
 -0.2251926916341546    
 -0.2256942523678985    
 -0.2261865595769252    
 -0.2266695889786605    
 -0.2271433169206323    
 -0.2276077203877542    
 -0.2280627770084100    
 -0.2285084650606597    
 -0.2289447634794197    
 -0.2293716518632425    
 -0.2297891104798178    
 -0.2301971202715749    
 -0.2305956628622852    
 -0.2309847205632207    
 -0.2313642763779478    
 -0.2317343140071952    
 -0.2320948178547413    
 -0.2324457730328208    
 -0.2327871653660900    
 -0.2331189813956367    
 -0.2334412083840234    
 -0.2337538343198191    
 -0.2340568479206104    
 -0.2343502386360314    
 -0.2346339966518396    
 -0.2349081128934511    
 -0.2351725790278814    
 -0.2354273874656927    
 -0.2356725313640038    
 -0.2359080046289230    
 -0.2361338019163148    
 -0.2363499186325562    
 -0.2365563509363864    
 -0.2367530957401455    
 -0.2369401507092805    
 -0.2371175142618374    
 -0.2372851855690889    
 -0.2374431645555180    
 -0.2375914518969875    
 -0.2377300490188985    
 -0.2378589580955419    
 -0.2379781820487850    
 -0.2380877245448640    
 -0.2381875899911789    
 -0.2382777835343561    
 -0.2383583110576206    
 -0.2384291791761808    
 -0.2384903952326263    
 -0.2385419672937072    
 -0.2385839041464408    
 -0.2386162152921222    
 -0.2386389109403249    
 -0.2386520020043899    
 -0.2386555000962885    
 -0.2386494175193214    
 -0.2386337672607945    
 -0.2386085629862913    
 -0.2385738190333548    
 -0.2385295504029281    
 -0.2384757727507651    
 -0.2384125023805593    
 -0.2383397562365557    
 -0.2382575518938562    
 -0.2381659075486802    
 -0.2380648420104448    
 -0.2379543746933929    
 -0.2378345256058825    
 -0.2377053153396398    
 -0.2375667650609603    
 -0.2374188965015056    
 -0.2372617319466770    
 -0.2370952942239843    
 -0.2369196066935274    
 -0.2367346932381493    
 -0.2365405782510845    
 -0.2363372866235887    
 -0.2361248437348449    
 -0.2359032754416406    
 -0.2356726080654676    
 -0.2354328683796001    
 -0.2351840835986243    
 -0.2349262813678150    
 -0.2346594897498409    
 -0.2343837372114491    
 -0.2340990526128157    
 -0.2338054651968684    
 -0.2335030045757809    
 -0.2331917007173974    
 -0.2328715839345552    
 -0.2325426848745524    
 -0.2322050345056657    
 -0.2318586641034841    
 -0.2315036052403467    
 -0.2311398897751293    
 -0.2307675498399767    
 -0.2303866178267346    
 -0.2299971263766631    
 -0.2295991083706982    
 -0.2291925969165571    
 -0.2287776253354068    
 -0.2283542271520151    
 -0.2279224360856782    
 -0.2274822860378520    
 -0.2270338110791665    
 -0.2265770454401169    
 -0.2261120235028200    
 -0.2256387797893582    
 -0.2251573489492439    
 -0.2246677657507048    
 -0.2241700650733753    
 -0.2236642818975263    
 -0.2231504512921170    
 -0.2226286084067324    
 -0.2220987884652565    
 -0.2215610267560992    
 -0.2210153586209573    
 -0.2204618194474659    
 -0.2199004446639036    
 -0.2193312697304868    
 -0.2187543301289250    
 -0.2181696613558384    
 -0.2175772989185150    
 -0.2169772783273320    
 -0.2163696350861773    
 -0.2157544046866611    
 -0.2151316226049221    
 -0.2145013242951840    
 -0.2138635451810904    
 -0.2132183206507623    
 -0.2125656860546570    
 -0.2119056767002336    
 -0.2112383278441823    
 -0.2105636746883444    
 -0.2098817523786569    
 -0.2091925960009100    
 -0.2084962405738169    
 -0.2077927210457537    
 -0.2070820722948059    
 -0.2063643291256450    
 -0.2056395262633836    
 -0.2049076983510243    
 -0.2041688799505700    
 -0.2034231055410700    
 -0.2026704095132585    
 -0.2019108261675990    
 -0.2011443897163200    
 -0.2003711342826167    
 -0.1995910938961254    
 -0.1988043024915207    
 -0.1980107939113444    
 -0.1972106019062521    
 -0.1964037601313116    
 -0.1955903021451422    
 -0.1947702614134501    
 -0.1939436713102180    
 -0.1931105651147695    
 -0.1922709760114186    
 -0.1914249370936425    
 -0.1905724813661074    
 -0.1897136417424201    
 -0.1888484510452508    
 -0.1879769420110970    
 -0.1870991472930617    
 -0.1862150994591767    
 -0.1853248309929194    
 -0.1844283742985304    
 -0.1835257617044974    
 -0.1826170254623704    
 -0.1817021977475549    
 -0.1807813106651114    
 -0.1798543962539074    
 -0.1789214864858578    
 -0.1779826132668956    
 -0.1770378084431665    
 -0.1760871038058194    
 -0.1751305310906230    
 -0.1741681219790028    
 -0.1731999081045157    
 -0.1722259210582451    
 -0.1712461923887880    
 -0.1702607536032743    
 -0.1692696361739983    
 -0.1682728715443451    
 -0.1672704911291443    
 -0.1662625263156250    
 -0.1652490084700768    
 -0.1642299689442188    
 -0.1632054390759115    
 -0.1621754501900381    
 -0.1611400336051129    
 -0.1600992206399727    
 -0.1590530426147838    
 -0.1580015308518367    
 -0.1569447166820728    
 -0.1558826314520483    
 -0.1548153065251572    
 -0.1537427732822576    
 -0.1526650631280579    
 -0.1515822074983333    
 -0.1504942378613787    
 -0.1494011857184070    
 -0.1483030826096696    
 -0.1471999601218598    
 -0.1460918498898165    
 -0.1449787835967142    
 -0.1438607929798409    
 -0.1427379098380655    
 -0.1416101660337559    
 -0.1404775934927929    
 -0.1393402242099995    
 -0.1381980902566033    
 -0.1370512237822943    
 -0.1358996570150295    
 -0.1347434222660973    
 -0.1335825519375538    
 -0.1324170785244042    
 -0.1312470346141685    
 -0.1300724528915294    
 -0.1288933661456964    
 -0.1277098072726981    
 -0.1265218092747086    
 -0.1253294052642522    
 -0.1241326284714605    
 -0.1229315122464578    
 -0.1217260900584263    
 -0.1205163954993172    
 -0.1193024622909706    
 -0.1180843242876159    
 -0.1168620154747020    
 -0.1156355699720734    
 -0.1144050220408628    
 -0.1131704060860785    
 -0.1119317566552371    
 -0.1106891084410421    
 -0.1094424962880404    
 -0.1081919551952402    
 -0.1069375203144751    
 -0.1056792269525384    
 -0.1044171105776502    
 -0.1031512068222182    
 -0.1018815514809515    
 -0.1006081805122971    
 -0.9933113004456473E-01
 -0.9805043637889210E-01
 -0.9676613598730954E-01
 -0.9547826551353000E-01
 -0.9418686177855257E-01
 -0.9289196178368053E-01
 -0.9159360270859329E-01
 -0.9029182191163687E-01
 -0.8898665693494462E-01
 -0.8767814550742409E-01
 -0.8636632554276824E-01
 -0.8505123513923629E-01
 -0.8373291258430854E-01
 -0.8241139635768802E-01
 -0.8108672512930037E-01
 -0.7975893775853488E-01
 -0.7842807329834928E-01
 -0.7709417099825339E-01
 -0.7575727030240365E-01
 -0.7441741084840198E-01
 -0.7307463247075785E-01
 -0.7172897520374022E-01
 -0.7038047927958480E-01
 -0.6902918512698020E-01
 -0.6767513337393605E-01
 -0.6631836485040782E-01
 -0.6495892058656039E-01
 -0.6359684181099712E-01
 -0.6223216995309805E-01
 -0.6086494664540254E-01
 -0.5949521372190419E-01
 -0.5812301321603930E-01
 -0.5674838736250848E-01
 -0.5537137859939789E-01
 -0.5399202956650601E-01
 -0.5261038310314614E-01
 -0.5122648224947374E-01
 -0.4984037024830462E-01
 -0.4845209054345473E-01
 -0.4706168677741024E-01
 -0.4566920279221809E-01
 -0.4427468263097145E-01
 -0.4287817053610987E-01
 -0.4147971094698066E-01
 -0.4007934850035783E-01
 -0.3867712803161694E-01
 -0.3727309457296873E-01
 -0.3586729335090677E-01
 -0.3445976978638643E-01
 -0.3305056949570506E-01
 -0.3163973828866390E-01
 -0.3022732216591195E-01
 -0.2881336731881112E-01
 -0.2739792013003045E-01
 -0.2598102717163325E-01
 -0.2456273520233671E-01
 -0.2314309116709573E-01
 -0.2172214219742363E-01
 -0.2029993560939491E-01
 -0.1887651890082559E-01
 -0.1745193975059406E-01
 -0.1602624601869174E-01
 -0.1459948574414832E-01
 -0.1317170714216842E-01
 -0.1174295860323848E-01
 -0.1031328869290604E-01
 -0.8882746149589948E-02
 -0.7451379881679987E-02
 -0.6019238966484375E-02
 -0.4586372649774739E-02
 -0.3152830343447821E-02
 -0.1718661622557960E-02
 -0.2839162241543569E-03
  0.1151355953324940E-02
  0.2587104852512623E-02
  0.4023280260204043E-02
  0.5459831808681370E-02
  0.6896708976441734E-02
  0.8333861090693173E-02
  0.9771237330515714E-02
  0.1120878672835873E-01
  0.1264645817093935E-01
  0.1408420040178582E-01
  0.1552196202440936E-01
  0.1695969150392185E-01
  0.1839733716810277E-01
  0.1983484721003298E-01
  0.2127216969128742E-01
  0.2270925254360145E-01
  0.2414604357003070E-01
  0.2558249044767957E-01
  0.2701854073099330E-01
  0.2845414185351758E-01
  0.2988924112908320E-01
  0.3132378575450828E-01
  0.3275772281294426E-01
  0.3419099927580133E-01
  0.3562356200405464E-01
  0.3705535775091295E-01
  0.3848633316510419E-01
  0.3991643479287821E-01
  0.4134560907945528E-01
  0.4277380237173833E-01
  0.4420096092156184E-01
  0.4562703088771008E-01
  0.4705195833744846E-01
  0.4847568924927770E-01
  0.4989816951616644E-01
  0.5131934494758150E-01
  0.5273916127107731E-01
  0.5415756413509304E-01
  0.5557449911218310E-01
  0.5698991170104062E-01
  0.5840374732809517E-01
  0.5981595135032475E-01
  0.6122646905851625E-01
  0.6263524567932893E-01
  0.6404222637689050E-01
  0.6544735625555775E-01
  0.6685058036316188E-01
  0.6825184369313148E-01
  0.6965109118614188E-01
  0.7104826773282907E-01
  0.7244331817696276E-01
  0.7383618731759145E-01
  0.7522681991076619E-01
  0.7661516067225266E-01
  0.7800115428062515E-01
  0.7938474537938234E-01
  0.8076587857872397E-01
  0.8214449845829913E-01
  0.8352054957025623E-01
  0.8489397644130281E-01
  0.8626472357448356E-01
  0.8763273545196321E-01
  0.8899795653807652E-01
  0.9036033128136056E-01
  0.9171980411631120E-01
  0.9307631946616102E-01
  0.9442982174593123E-01
  0.9578025536446361E-01
  0.9712756472616846E-01
  0.9847169423378738E-01
  0.9981258829144596E-01
  0.1011501913066988    
  0.1024844476922839    
  0.1038153018688643    
  0.1051426982680608    
  0.1064665813345165    
  0.1077868955276831    
  0.1091035853245665    
  0.1104165952227403    
  0.1117258697424134    
  0.1130313534282496    
  0.1143329908521349    
  0.1156307266161991    
  0.1169245053548990    
  0.1182142717368659    
  0.1194999704677018    
  0.1207815462930197    
  0.1220589440005546    
  0.1233321084220529    
  0.1246009844361093    
  0.1258655169712426    
  0.1271256510080513    
  0.1283813315811553    
  0.1296325037820816    
  0.1308791127623956    
  0.1321211037359217    
  0.1333584219807507    
  0.1345910128421861    
  0.1358188217359400    
  0.1370417941504456    
  0.1382598756489548    
  0.1394730118725574    
  0.1406811485434600    
  0.1418842314674051    
  0.1430822065358894    
  0.1442750197292777    
  0.1454626171201705    
  0.1466449448759482    
  0.1478219492611363    
  0.1489935766406503    
  0.1501597734832769    
  0.1513204863643527    
  0.1524756619682901    
  0.1536252470919743    
  0.1547691886483888    
  0.1559074336694639    
  0.1570399293087910    
  0.1581666228451957    
  0.1592874616865143    
  0.1604023933726220    
  0.1615113655783715    
  0.1626143261173811    
  0.1637112229460020    
  0.1648020041665370    
  0.1658866180304033    
  0.1669650129421660    
  0.1680371374637322    
  0.1691029403177970    
  0.1701623703912627    
  0.1712153767395314    
  0.1722619085909403    
  0.1733019153504478    
  0.1743353466033222    
  0.1753621521197333    
  0.1763822818594805    
  0.1773956859759538    
  0.1784023148200922    
  0.1794021189452610    
  0.1803950491122814    
  0.1813810562937101    
  0.1823600916781243    
  0.1833321066753081    
  0.1842970529215797    
  0.1852548822843851    
  0.1862055468669244    
  0.1871489990136774    
  0.1880851913160519    
  0.1890140766173018    
  0.1899356080175003    
  0.1908497388794170    
  0.1917564228344975    
  0.1926556137881135    
  0.1935472659248933    
  0.1944313337149522    
  0.1953077719202079    
  0.1961765355999610    
  0.1970375801165796    
  0.1978908611420938    
  0.1987363346648378    
  0.1995739569953483    
  0.2004036847723989    
  0.2012254749699540    
  0.2020392849041385    
  0.2028450722394346    
  0.2036427949950283    
  0.2044324115521008    
  0.2052138806611162    
  0.2059871614483078    
  0.2067522134223132    
  0.2075089964817629    
  0.2082574709228528    
  0.2089975974460898    
  0.2097293371631865    
  0.2104526516048995    
  0.2111675027288222    
  0.2118738529263428    
  0.2125716650297687    
  0.2132609023203937    
  0.2139415285364603    
  0.2146135078802449    
  0.2152768050253282    
  0.2159313851248298    
  0.2165772138194960    
  0.2172142572448463    
  0.2178424820385068    
  0.2184618553485334    
  0.2190723448415630    
  0.2196739187099557    
  0.2202665456790855    
  0.2208501950156403    
  0.2214248365357356    
  0.2219904406119826    
  0.2225469781806704    
  0.2230944207499315    
  0.2236327404076910    
  0.2241619098285446    
  0.2246819022807462    
  0.2251926916341546    
  0.2256942523678985    
  0.2261865595769252    
  0.2266695889786605    
  0.2271433169206323    
  0.2276077203877542    
  0.2280627770084100    
  0.2285084650606597    
  0.2289447634794197    
  0.2293716518632425    
  0.2297891104798178    
  0.2301971202715749    
  0.2305956628622852    
  0.2309847205632207    
  0.2313642763779478    
  0.2317343140071952    
  0.2320948178547413    
  0.2324457730328208    
  0.2327871653660900    
  0.2331189813956367    
  0.2334412083840234    
  0.2337538343198191    
  0.2340568479206104    
  0.2343502386360314    
  0.2346339966518396    
  0.2349081128934511    
  0.2351725790278814    
  0.2354273874656927    
  0.2356725313640038    
  0.2359080046289230    
  0.2361338019163148    
  0.2363499186325562    
  0.2365563509363864    
  0.2367530957401455    
  0.2369401507092805    
  0.2371175142618374    
  0.2372851855690889    
  0.2374431645555180    
  0.2375914518969875    
  0.2377300490188985    
  0.2378589580955419    
  0.2379781820487850    
  0.2380877245448640    
  0.2381875899911789    
  0.2382777835343561    
  0.2383583110576206    
  0.2384291791761808    
  0.2384903952326263    
  0.2385419672937072    
  0.2385839041464408    
  0.2386162152921222    
  0.2386389109403249    
  0.2386520020043899    
  0.2386555000962885    
  0.2386494175193214    
  0.2386337672607945    
  0.2386085629862913    
  0.2385738190333548    
  0.2385295504029281    
  0.2384757727507651    
  0.2384125023805593    
  0.2383397562365557    
  0.2382575518938562    
  0.2381659075486802    
  0.2380648420104448    
  0.2379543746933929    
  0.2378345256058825    
  0.2377053153396398    
  0.2375667650609603    
  0.2374188965015056    
  0.2372617319466770    
  0.2370952942239843    
  0.2369196066935274    
  0.2367346932381493    
  0.2365405782510845    
  0.2363372866235887    
  0.2361248437348449    
  0.2359032754416406    
  0.2356726080654676    
  0.2354328683796001    
  0.2351840835986243    
  0.2349262813678150    
  0.2346594897498409    
  0.2343837372114491    
  0.2340990526128157    
  0.2338054651968684    
  0.2335030045757809    
  0.2331917007173974    
  0.2328715839345552    
  0.2325426848745524    
  0.2322050345056657    
  0.2318586641034841    
  0.2315036052403467    
  0.2311398897751293    
  0.2307675498399767    
  0.2303866178267346    
  0.2299971263766631    
  0.2295991083706982    
  0.2291925969165571    
  0.2287776253354068    
  0.2283542271520151    
  0.2279224360856782    
  0.2274822860378520    
  0.2270338110791665    
  0.2265770454401169    
  0.2261120235028200    
  0.2256387797893582    
  0.2251573489492439    
  0.2246677657507048    
  0.2241700650733753    
  0.2236642818975263    
  0.2231504512921170    
  0.2226286084067324    
  0.2220987884652565    
  0.2215610267560992    
  0.2210153586209573    
  0.2204618194474659    
  0.2199004446639036    
  0.2193312697304868    
  0.2187543301289250    
  0.2181696613558384    
  0.2175772989185150    
  0.2169772783273320    
  0.2163696350861773    
  0.2157544046866611    
  0.2151316226049221    
  0.2145013242951840    
  0.2138635451810904    
  0.2132183206507623    
  0.2125656860546570    
  0.2119056767002336    
  0.2112383278441823    
  0.2105636746883444    
  0.2098817523786569    
  0.2091925960009100    
  0.2084962405738169    
  0.2077927210457537    
  0.2070820722948059    
  0.2063643291256450    
  0.2056395262633836    
  0.2049076983510243    
  0.2041688799505700    
  0.2034231055410700    
  0.2026704095132585    
  0.2019108261675990    
  0.2011443897163200    
  0.2003711342826167    
  0.1995910938961254    
  0.1988043024915207    
  0.1980107939113444    
  0.1972106019062521    
  0.1964037601313116    
  0.1955903021451422    
  0.1947702614134501    
  0.1939436713102180    
  0.1931105651147695    
  0.1922709760114186    
  0.1914249370936425    
  0.1905724813661074    
  0.1897136417424201    
  0.1888484510452508    
  0.1879769420110970    
  0.1870991472930617    
  0.1862150994591767    
  0.1853248309929194    
  0.1844283742985304    
  0.1835257617044974    
  0.1826170254623704    
  0.1817021977475549    
  0.1807813106651114    
  0.1798543962539074    
  0.1789214864858578    
  0.1779826132668956    
  0.1770378084431665    
  0.1760871038058194    
  0.1751305310906230    
  0.1741681219790028    
  0.1731999081045157    
  0.1722259210582451    
  0.1712461923887880    
  0.1702607536032743    
  0.1692696361739983    
  0.1682728715443451    
  0.1672704911291443    
  0.1662625263156250    
  0.1652490084700768    
  0.1642299689442188    
  0.1632054390759115    
  0.1621754501900381    
  0.1611400336051129    
  0.1600992206399727    
  0.1590530426147838    
  0.1580015308518367    
  0.1569447166820728    
  0.1558826314520483    
  0.1548153065251572    
  0.1537427732822576    
  0.1526650631280579    
  0.1515822074983333    
  0.1504942378613787    
  0.1494011857184070    
  0.1483030826096696    
  0.1471999601218598    
  0.1460918498898165    
  0.1449787835967142    
  0.1438607929798409    
  0.1427379098380655    
  0.1416101660337559    
  0.1404775934927929    
  0.1393402242099995    
  0.1381980902566033    
  0.1370512237822943    
  0.1358996570150295    
  0.1347434222660973    
  0.1335825519375538    
  0.1324170785244042    
  0.1312470346141685    
  0.1300724528915294    
  0.1288933661456964    
  0.1277098072726981    
  0.1265218092747086    
  0.1253294052642522    
  0.1241326284714605    
  0.1229315122464578    
  0.1217260900584263    
  0.1205163954993172    
  0.1193024622909706    
  0.1180843242876159    
  0.1168620154747020    
  0.1156355699720734    
  0.1144050220408628    
  0.1131704060860785    
  0.1119317566552371    
  0.1106891084410421    
  0.1094424962880404    
  0.1081919551952402    
  0.1069375203144751    
  0.1056792269525384    
  0.1044171105776502    
  0.1031512068222182    
  0.1018815514809515    
  0.1006081805122971    
  0.9933113004456473E-01
  0.9805043637889210E-01
  0.9676613598730954E-01
  0.9547826551353000E-01
  0.9418686177855257E-01
  0.9289196178368053E-01
  0.9159360270859329E-01
  0.9029182191163687E-01
  0.8898665693494462E-01
  0.8767814550742409E-01
  0.8636632554276824E-01
  0.8505123513923629E-01
  0.8373291258430854E-01
  0.8241139635768802E-01
