   63.00713126976788    
   63.57557728586362    
   64.15487774147461    
   64.75672220213991    
   65.37731414934161    
   66.00627866302834    
   66.64916797769142    
   67.31835498350988    
   68.00997139198405    
   68.71323109356314    
   69.43409902343859    
   70.18575453656376    
   70.96428525688358    
   71.75845911707221    
   72.57472873334903    
   73.42723063792796    
   74.31204932023155    
   75.21747431002822    
   76.15054185484622    
   77.12653275549158    
   78.14158831961969    
   79.18349250487931    
   80.25998971557303    
   81.38774049987002    
   82.56302993941542    
   83.77311888744489    
   85.02662351838092    
   86.34188441588572    
   87.71545552402884    
   89.13407282676545    
   90.60744115352070    
   92.15596827521399    
   93.77665501092449    
   95.45573409753629    
   97.20428717998124    
   99.04529142897289    
   100.9764430030312    
   102.9835229545729    
   105.0793686708007    
   107.2901758476040    
   109.6146692602206    
   112.0382551506587    
   114.5760055552328    
   117.2581520023095    
   120.0848548620276    
   123.0411993812097    
   126.1450298194814    
   129.4315582746480    
   132.9027505579642    
   136.5432061774363    
   140.3739141855150    
   144.4358651751930    
   148.7327141643128    
   153.2475225954886    
   158.0037987254049    
   163.0478884250154    
   168.3829664012570    
   173.9864074571030    
   179.8797487231810    
   186.1092503206313    
   192.6680441281495    
   199.5131700970704    
   206.6459591886087    
   214.0887653779745    
   221.7890738009618    
   229.6325585782267    
   237.5330454024561    
   245.3981419414962    
   252.9999060602181    
   259.9700247914861    
   265.8865296069312    
   270.2008515799263    
   272.0287192330476    
   270.0764400890679    
   262.6669904724907    
   247.5395182662116    
   221.4400296855096    
   179.8716462123663    
   117.0089992444537    
   25.42858500173978    
  -104.1379309951798    
  -282.1533569761307    
  -518.1650807184318    
  -817.1501839975970    
  -1173.952852993333    
  -1566.259827405642    
  -1950.255597561081    
  -2266.060400852040    
  -2455.820479844645    
  -2486.609567488029    
  -2363.608783733067    
  -2124.915561749585    
  -1822.926398999622    
  -1505.327454859025    
  -1205.088743337387    
  -939.8220266114153    
  -715.7026625255681    
  -531.9089989518181    
  -384.1107930456432    
  -266.8070878655468    
  -174.5754643995243    
  -102.5489120771778    
  -46.57258971929275    
  -3.262262038861232    
   30.05021968956836    
   55.46549653874093    
   74.65592243897461    
   88.94857301852051    
   99.38293814857310    
   106.7680245936771    
   111.7379236632045    
   114.8001668028382    
   116.3639907210907    
   116.7458659638125    
   116.1819404799270    
   114.8647990393941    
   112.9681877290243    
   110.6319733610422    
   107.9487291512819    
   104.9909027199221    
   101.8381258769034    
   98.55919204852106    
   95.18809087396966    
   91.74524029591696    
   88.26749366239503    
   84.79251393230142    
   81.33086168080378    
   77.88213660016709    
   74.46499900626341    
   71.10403275175065    
   67.80085155485952    
   64.54661471380459    
   61.35119624070249    
   58.23237974363079    
   55.18762380370352    
   52.20423398979602    
   49.28736082818789    
   46.45101727002490    
   43.69100842325346    
   40.99342048381732    
   38.36122144380546    
   35.80655111510063    
   33.32491228846705    
   30.90244270916956    
   28.54112261830659    
   26.25198969884297    
   24.03060788185291    
   21.86350260891750    
   19.75209230859338    
   17.70658981527156    
   15.72268676923427    
   13.78740881182089    
   11.90188821136290    
   10.07575314677754    
   8.304910146650736    
   6.576985041979352    
   4.893048390530448    
   3.262339640660043    
   1.681024056378792    
  0.1373433637717860    
  -1.367587829143735    
  -2.824829066481652    
  -4.237993935960949    
  -5.618291130156718    
  -6.964540073169139    
  -8.268065522363127    
  -9.532317903037784    
  -10.76803214433972    
  -11.97394973114397    
  -13.14162180493291    
  -14.27436922877678    
  -15.38250560340921    
  -16.46467197602202    
  -17.51259790689788    
  -18.52949369952928    
  -19.52529644503734    
  -20.49853147459387    
  -21.44106989785072    
  -22.35603642871359    
  -23.25304439050783    
  -24.13050374255385    
  -24.98040491137320    
  -25.80581779679397    
  -26.61608724898510    
  -27.40951351502604    
  -28.17818691082667    
  -28.92514815534841    
  -29.65952100758257    
  -30.37949706194270    
  -31.07724269519280    
  -31.75578673965178    
  -32.42407089533208    
  -33.08017566045447    
  -33.71631843983810    
  -34.33553068471857    
  -34.94660897592158    
  -35.54752215877391    
  -36.13051714819543    
  -36.69864414299915    
  -37.26059252054316    
  -37.81422155642169    
  -38.35178877816760    
  -38.87637938663965    
  -39.39661220226717    
  -39.91023833887189    
  -40.40950616069363    
  -40.89754964874737    
  -41.38295058443265    
  -41.86335102569071    
  -42.33096864942639    
  -42.78899815242905    
  -43.24601635546770    
  -43.69955486369636    
  -44.14177928427886    
  -44.57595747187294    
  -45.01069420610180    
  -45.44341011168433    
  -45.86619812053516    
  -46.28241273009263    
  -46.70072062879606    
  -47.11843101583557    
  -47.52754293091922    
  -47.93151096426302    
  -48.33909793272421    
  -48.74750026998976    
  -49.14860042945595    
  -49.54596655203457    
  -49.94849282310712    
  -50.35326131036067    
  -50.75201431229212    
  -51.14844822089960    
  -51.55162639451812    
  -51.95851556659181    
  -52.36069375033222    
  -52.76200205913558    
  -53.17171393442317    
  -53.58668013560480    
  -53.99828886953070    
  -54.41054399636320    
  -54.83297339330175    
  -55.26231144965397    
  -55.68972937966736    
  -56.11941403757418    
  -56.56119689121948    
  -57.01169654580467    
  -57.46183860346989    
  -57.91601638816671    
  -58.38442047698884    
  -58.86355591240728    
  -59.34407254480669    
  -59.83059758760839    
  -60.33374394129482    
  -60.84990727276900    
  -61.36942971136958    
  -61.89720476548415    
  -62.44434074556534    
  -63.00713126976788    
  -63.57557728586362    
  -64.15487774147461    
  -64.75672220213991    
  -65.37731414934161    
  -66.00627866302834    
  -66.64916797769142    
  -67.31835498350988    
  -68.00997139198405    
  -68.71323109356314    
  -69.43409902343859    
  -70.18575453656376    
  -70.96428525688358    
  -71.75845911707221    
  -72.57472873334903    
  -73.42723063792796    
  -74.31204932023155    
  -75.21747431002822    
  -76.15054185484622    
  -77.12653275549158    
  -78.14158831961969    
  -79.18349250487931    
  -80.25998971557303    
  -81.38774049987002    
  -82.56302993941542    
  -83.77311888744489    
  -85.02662351838092    
  -86.34188441588572    
  -87.71545552402884    
  -89.13407282676545    
  -90.60744115352070    
  -92.15596827521399    
  -93.77665501092449    
  -95.45573409753629    
  -97.20428717998124    
  -99.04529142897289    
  -100.9764430030312    
  -102.9835229545729    
  -105.0793686708007    
  -107.2901758476040    
  -109.6146692602206    
  -112.0382551506587    
  -114.5760055552328    
  -117.2581520023095    
  -120.0848548620276    
  -123.0411993812097    
  -126.1450298194814    
  -129.4315582746480    
  -132.9027505579642    
  -136.5432061774363    
  -140.3739141855150    
  -144.4358651751930    
  -148.7327141643128    
  -153.2475225954886    
  -158.0037987254049    
  -163.0478884250154    
  -168.3829664012570    
  -173.9864074571030    
  -179.8797487231810    
  -186.1092503206313    
  -192.6680441281495    
  -199.5131700970704    
  -206.6459591886087    
  -214.0887653779745    
  -221.7890738009618    
  -229.6325585782267    
  -237.5330454024561    
  -245.3981419414962    
  -252.9999060602181    
  -259.9700247914861    
  -265.8865296069312    
  -270.2008515799263    
  -272.0287192330476    
  -270.0764400890679    
  -262.6669904724907    
  -247.5395182662116    
  -221.4400296855096    
  -179.8716462123663    
  -117.0089992444537    
  -25.42858500173978    
   104.1379309951798    
   282.1533569761307    
   518.1650807184318    
   817.1501839975970    
   1173.952852993333    
   1566.259827405642    
   1950.255597561081    
   2266.060400852040    
   2455.820479844645    
   2486.609567488029    
   2363.608783733067    
   2124.915561749585    
   1822.926398999622    
   1505.327454859025    
   1205.088743337387    
   939.8220266114153    
   715.7026625255681    
   531.9089989518181    
   384.1107930456432    
   266.8070878655468    
   174.5754643995243    
   102.5489120771778    
   46.57258971929275    
   3.262262038861232    
  -30.05021968956836    
  -55.46549653874093    
  -74.65592243897461    
  -88.94857301852051    
  -99.38293814857310    
  -106.7680245936771    
  -111.7379236632045    
  -114.8001668028382    
  -116.3639907210907    
  -116.7458659638125    
  -116.1819404799270    
  -114.8647990393941    
  -112.9681877290243    
  -110.6319733610422    
  -107.9487291512819    
  -104.9909027199221    
  -101.8381258769034    
  -98.55919204852106    
  -95.18809087396966    
  -91.74524029591696    
  -88.26749366239503    
  -84.79251393230142    
  -81.33086168080378    
  -77.88213660016709    
  -74.46499900626341    
  -71.10403275175065    
  -67.80085155485952    
  -64.54661471380459    
  -61.35119624070249    
  -58.23237974363079    
  -55.18762380370352    
  -52.20423398979602    
  -49.28736082818789    
  -46.45101727002490    
  -43.69100842325346    
  -40.99342048381732    
  -38.36122144380546    
  -35.80655111510063    
  -33.32491228846705    
  -30.90244270916956    
  -28.54112261830659    
  -26.25198969884297    
  -24.03060788185291    
  -21.86350260891750    
  -19.75209230859338    
  -17.70658981527156    
  -15.72268676923427    
  -13.78740881182089    
  -11.90188821136290    
  -10.07575314677754    
  -8.304910146650736    
  -6.576985041979352    
  -4.893048390530448    
  -3.262339640660043    
  -1.681024056378792    
 -0.1373433637717860    
   1.367587829143735    
   2.824829066481652    
   4.237993935960949    
   5.618291130156718    
   6.964540073169139    
   8.268065522363127    
   9.532317903037784    
   10.76803214433972    
   11.97394973114397    
   13.14162180493291    
   14.27436922877678    
   15.38250560340921    
   16.46467197602202    
   17.51259790689788    
   18.52949369952928    
   19.52529644503734    
   20.49853147459387    
   21.44106989785072    
   22.35603642871359    
   23.25304439050783    
   24.13050374255385    
   24.98040491137320    
   25.80581779679397    
   26.61608724898510    
   27.40951351502604    
   28.17818691082667    
   28.92514815534841    
   29.65952100758257    
   30.37949706194270    
   31.07724269519280    
   31.75578673965178    
   32.42407089533208    
   33.08017566045447    
   33.71631843983810    
   34.33553068471857    
   34.94660897592158    
   35.54752215877391    
   36.13051714819543    
   36.69864414299915    
   37.26059252054316    
   37.81422155642169    
   38.35178877816760    
   38.87637938663965    
   39.39661220226717    
   39.91023833887189    
   40.40950616069363    
   40.89754964874737    
   41.38295058443265    
   41.86335102569071    
   42.33096864942639    
   42.78899815242905    
   43.24601635546770    
   43.69955486369636    
   44.14177928427886    
   44.57595747187294    
   45.01069420610180    
   45.44341011168433    
   45.86619812053516    
   46.28241273009263    
   46.70072062879606    
   47.11843101583557    
   47.52754293091922    
   47.93151096426302    
   48.33909793272421    
   48.74750026998976    
   49.14860042945595    
   49.54596655203457    
   49.94849282310712    
   50.35326131036067    
   50.75201431229212    
   51.14844822089960    
   51.55162639451812    
   51.95851556659181    
   52.36069375033222    
   52.76200205913558    
   53.17171393442317    
   53.58668013560480    
   53.99828886953070    
   54.41054399636320    
   54.83297339330175    
   55.26231144965397    
   55.68972937966736    
   56.11941403757418    
   56.56119689121948    
   57.01169654580467    
   57.46183860346989    
   57.91601638816671    
   58.38442047698884    
   58.86355591240728    
   59.34407254480669    
   59.83059758760839    
   60.33374394129482    
   60.84990727276900    
   61.36942971136958    
   61.89720476548415    
   62.44434074556534    
