  0.3207458812638112    
  0.3204952361839223    
  0.3202376049044058    
  0.3199730007712978    
  0.3197014362906020    
  0.3194229231417902    
  0.3191374721889897    
  0.3188450934850691    
  0.3185457962709428    
  0.3182395889789548    
  0.3179264792473435    
  0.3176064739404050    
  0.3172795791588787    
  0.3169458002337767    
  0.3166051417181149    
  0.3162576073966806    
  0.3159032003125640    
  0.3155419227869734    
  0.3151737764161198    
  0.3147987620571333    
  0.3144168798280081    
  0.3140281291291805    
  0.3136325086690754    
  0.3132300164721259    
  0.3128206498680193    
  0.3124044054820858    
  0.3119812792455197    
  0.3115512664211014    
  0.3111143616210679    
  0.3106705588026235    
  0.3102198512542163    
  0.3097622315974319    
  0.3092976918093022    
  0.3088262232440048    
  0.3083478166347235    
  0.3078624620819003    
  0.3073701490496108    
  0.3068708663800314    
  0.3063646023143337    
  0.3058513445023632    
  0.3053310799972380    
  0.3048037952476915    
  0.3042694761028560    
  0.3037281078297323    
  0.3031796751289372    
  0.3026241621366769    
  0.3020615524175821    
  0.3014918289633939    
  0.3009149742041788    
  0.3003309700236753    
  0.2997397977670203    
  0.2991414382389788    
  0.2985358717006626    
  0.2979230778732783    
  0.2973030359499332    
  0.2966757246080143    
  0.2960411220134324    
  0.2953992058171618    
  0.2947499531543369    
  0.2940933406530940    
  0.2934293444472924    
  0.2927579401826670    
  0.2920791030161082    
  0.2913928076165647    
  0.2906990281712842    
  0.2899977383931245    
  0.2892889115260474    
  0.2885725203505586    
  0.2878485371888349    
  0.2871169339069205    
  0.2863776819164823    
  0.2856307521821476    
  0.2848761152326525    
  0.2841137411663737    
  0.2833435996491923    
  0.2825656599151211    
  0.2817798907769026    
  0.2809862606387906    
  0.2801847375003793    
  0.2793752889538870    
  0.2785578821867777    
  0.2777324839933788    
  0.2768990607862639    
  0.2760575785991933    
  0.2752080030859587    
  0.2743502995256211    
  0.2734844328355781    
  0.2726103675819631    
  0.2717280679798674    
  0.2708374978915706    
  0.2699386208361448    
  0.2690314000073998    
  0.2681157982823536    
  0.2671917782152784    
  0.2662593020364268    
  0.2653183316703780    
  0.2643688287585495    
  0.2634107546613492    
  0.2624440704458973    
  0.2614687368896757    
  0.2604847145084641    
  0.2594919635800165    
  0.2584904441397071    
  0.2574801159652518    
  0.2564609385846812    
  0.2554328713101490    
  0.2543958732642559    
  0.2533499033748442    
  0.2522949203565923    
  0.2512308827172998    
  0.2501577487957829    
  0.2490754767951384    
  0.2479840247789666    
  0.2468833506490743    
  0.2457734121518906    
  0.2446541669218713    
  0.2435255725160840    
  0.2423875864067973    
  0.2412401659621599    
  0.2400832684625168    
  0.2389168511447042    
  0.2377408712262937    
  0.2365552858973892    
  0.2353600523174083    
  0.2341551276402777    
  0.2329404690455134    
  0.2317160337514099    
  0.2304817790212311    
  0.2292376621793878    
  0.2279836406310179    
  0.2267196718759509    
  0.2254457135266335    
  0.2241617233348063    
  0.2228676592107209    
  0.2215634792281573    
  0.2202491416373519    
  0.2189246048996182    
  0.2175898277201852    
  0.2162447690567370    
  0.2148893881232575    
  0.2135236444184600    
  0.2121474977667015    
  0.2107609083392211    
  0.2093638366594485    
  0.2079562436235310    
  0.2065380905395564    
  0.2051093391581460    
  0.2036699516862633    
  0.2022198908064262    
  0.2007591197112826    
  0.1992876021358480    
  0.1978053023779112    
  0.1963121853219286    
  0.1948082164754755    
  0.1932933620036097    
  0.1917675887507132    
  0.1902308642629748    
  0.1886831568245398    
  0.1871244354983580    
  0.1855546701579622    
  0.1839738315132283    
  0.1823818911406112    
  0.1807788215188597    
  0.1791645960661273    
  0.1775391891780789    
  0.1759025762654284    
  0.1742547337863225    
  0.1725956392767388    
  0.1709252713894870    
  0.1692436099416978    
  0.1675506359563156    
  0.1658463316919010    
  0.1641306806755453    
  0.1624036677511062    
  0.1606652791311341    
  0.1589155024346609    
  0.1571543267160058    
  0.1553817425057601    
  0.1535977418677099    
  0.1518023184509203    
  0.1499954675230947    
  0.1481771860008566    
  0.1463474724996395    
  0.1445063273973227    
  0.1426537528839641    
  0.1407897529910240    
  0.1389143336271069    
  0.1370275026388075    
  0.1351292698748226    
  0.1332196472253904    
  0.1312986486508557    
  0.1293662902335156    
  0.1274225902481009    
  0.1254675692133405    
  0.1235012499194944    
  0.1215236574698681    
  0.1195348193502283    
  0.1175347654897499    
  0.1155235282920371    
  0.1135011426703364    
  0.1114676461152020    
  0.1094230787629152    
  0.1073674834284057    
  0.1053009056296897    
  0.1032233936480714    
  0.1011349986054478    
  0.9903577450894677E-01
  0.9692577827039525E-01
  0.9480506975053588E-01
  0.9267371183053555E-01
  0.9053177046485603E-01
  0.8837931470692356E-01
  0.8621641674846396E-01
  0.8404315198275784E-01
  0.8185959905288095E-01
  0.7966583987360977E-01
  0.7746195966675289E-01
  0.7524804702458815E-01
  0.7302419396032270E-01
  0.7079049592455018E-01
  0.6854705182726646E-01
  0.6629396409332829E-01
  0.6403133871605156E-01
  0.6175928527510233E-01
  0.5947791694669963E-01
  0.5718735054300675E-01
  0.5488770656129329E-01
  0.5257910920702680E-01
  0.5026168640222611E-01
  0.4793556980936273E-01
  0.4560089486304374E-01
  0.4325780078599512E-01
  0.4090643059829456E-01
  0.3854693113828434E-01
  0.3617945308116838E-01
  0.3380415093765352E-01
  0.3142118305223211E-01
  0.2903071162201609E-01
  0.2663290271208474E-01
  0.2422792623953089E-01
  0.2181595595091404E-01
  0.1939716942902440E-01
  0.1697174810735205E-01
  0.1453987724878199E-01
  0.1210174590292217E-01
  0.9657546890280807E-02
  0.7207476808279658E-02
  0.4751736010132067E-02
  0.2290528551713052E-02
 -0.1759378483337378E-03
 -0.2647451823188482E-02
 -0.5123798386419093E-02
 -0.7604758990712731E-02
 -0.1009011158384655E-01
 -0.1257963064429297E-01
 -0.1507308722358935E-01
 -0.1757024901268630E-01
 -0.2007088041021155E-01
 -0.2257474257796067E-01
 -0.2508159350226407E-01
 -0.2759118807230811E-01
 -0.3010327815774272E-01
 -0.3261761267838868E-01
 -0.3513393768483321E-01
 -0.3765199645396835E-01
 -0.4017152957750816E-01
 -0.4269227504107376E-01
 -0.4521396832026175E-01
 -0.4773634249651884E-01
 -0.5025912836109118E-01
 -0.5278205450116728E-01
 -0.5530484740462118E-01
 -0.5782723159469707E-01
 -0.6034892975486473E-01
 -0.6286966282493478E-01
 -0.6538915010868727E-01
 -0.6790710941983805E-01
 -0.7042325722750209E-01
 -0.7293730876608027E-01
 -0.7544897814429768E-01
 -0.7795797849616228E-01
 -0.8046402214566213E-01
 -0.8296682073589447E-01
 -0.8546608534083065E-01
 -0.8796152661132295E-01
 -0.9045285494698369E-01
 -0.9293978064343489E-01
 -0.9542201401492385E-01
 -0.9789926553951832E-01
 -0.1003712460323397    
 -0.1028376668020885    
 -0.1052982397797346    
 -0.1077526776607947    
 -0.1102006940772452    
 -0.1126420037618619    
 -0.1150763226844700    
 -0.1175033681911788    
 -0.1199228591681041    
 -0.1223345162031075    
 -0.1247380617243288    
 -0.1271332201392956    
 -0.1295197179952224    
 -0.1318972841368750    
 -0.1342656498389446    
 -0.1366245489349318    
 -0.1389737179684095    
 -0.1413128963475305    
 -0.1436418264742782    
 -0.1459602538634812    
 -0.1482679272806648    
 -0.1505645988862067    
 -0.1528500243550882    
 -0.1551239629822949    
 -0.1573861778072452    
 -0.1596364357505465    
 -0.1618745077252078    
 -0.1641001687217142    
 -0.1663131979071482    
 -0.1685133787488687    
 -0.1707004991241033    
 -0.1728743513945671    
 -0.1750347324780840    
 -0.1771814439448086    
 -0.1793142921141034    
 -0.1814330881214206    
 -0.1835376479719167    
 -0.1856277926125777    
 -0.1877033480110394    
 -0.1897641452070593    
 -0.1918100203431864    
 -0.1938408147124335    
 -0.1958563748245064    
 -0.1978565524497218    
 -0.1998412046267428    
 -0.2018101936735221    
 -0.2037633872293610    
 -0.2057006582969875    
 -0.2076218852452215    
 -0.2095269517894896    
 -0.2114157469953603    
 -0.2132881653043721    
 -0.2151441065383698    
 -0.2169834758678149    
 -0.2188061837803064    
 -0.2206121460754017    
 -0.2224012838614094    
 -0.2241735235227408    
 -0.2259287966696771    
 -0.2276670401021133    
 -0.2293881957861878    
 -0.2310922108161559    
 -0.2327790373553837    
 -0.2344486325792880    
 -0.2361009586311363    
 -0.2377359825731036    
 -0.2393536763190457    
 -0.2409540165624564    
 -0.2425369847155923    
 -0.2441025668510939    
 -0.2456507536285681    
 -0.2471815402096212    
 -0.2486949261795435    
 -0.2501909154786850    
 -0.2516695163276548    
 -0.2531307411379833    
 -0.2545746064197889    
 -0.2560011326985817    
 -0.2574103444358593    
 -0.2588022699410562    
 -0.2601769412746936    
 -0.2615343941533512    
 -0.2628746678609271    
 -0.2641978051595445    
 -0.2655038521942172    
 -0.2667928583945509    
 -0.2680648763793202    
 -0.2693199618634277    
 -0.2705581735625808    
 -0.2717795730948387    
 -0.2729842248828763    
 -0.2741721960593806    
 -0.2753435563732822    
 -0.2764983780935886    
 -0.2776367359112205    
 -0.2787587068424431    
 -0.2798643701362232    
 -0.2809538071835336    
 -0.2820271014241845    
 -0.2830843382501650    
 -0.2841256049105469    
 -0.2851509904233789    
 -0.2861605854919793    
 -0.2871544824169801    
 -0.2881327750018292    
 -0.2890955584610593    
 -0.2900429293396708    
 -0.2909749854376183    
 -0.2918918257265001    
 -0.2927935502582457    
 -0.2936802600800799    
 -0.2945520571638228    
 -0.2954090443385289    
 -0.2962513252119204    
 -0.2970790040841185    
 -0.2978921858708135    
 -0.2986909760420640    
 -0.2994754805629292    
 -0.3002458058215847    
 -0.3010020585502273    
 -0.3017443457563042    
 -0.3024727746694944    
 -0.3031874526903724    
 -0.3038884873268828    
 -0.3045759861240532    
 -0.3052500566036326    
 -0.3059108062179351    
 -0.3065583423044652    
 -0.3071927720303698    
 -0.3078142023337156    
 -0.3084227398745344    
 -0.3090184909945438    
 -0.3096015616735013    
 -0.3101720574794570    
 -0.3107300835235703    
 -0.3112757444251066    
 -0.3118091442769452    
 -0.3123303866022639    
 -0.3128395743096597    
 -0.3133368096602460    
 -0.3138221942448282    
 -0.3142958289552640    
 -0.3147578139437531    
 -0.3152082485836963    
 -0.3156472314463451    
 -0.3160748602869811    
 -0.3164912320219904    
 -0.3168964426921979    
 -0.3172905874291407    
 -0.3176737604394737    
 -0.3180460549994386    
 -0.3184075634382121    
 -0.3187583771050438    
 -0.3190985863391747    
 -0.3194282804600057    
 -0.3197475477690328    
 -0.3200564755401518    
 -0.3203551499919435    
 -0.3206436562611515    
 -0.3209220783957684    
 -0.3211904993607566    
 -0.3214490010343984    
 -0.3216976641879019    
 -0.3219365684640987    
 -0.3221657923720960    
 -0.3223854132940756    
 -0.3225955074863289    
 -0.3227961500664236    
 -0.3229874149974921    
 -0.3231693750839545    
 -0.3233421019778830    
 -0.3235056661829260    
 -0.3236601370485338    
 -0.3238055827611293    
 -0.3239420703417070    
 -0.3240696656497642    
 -0.3241884333867643    
 -0.3242984370962283    
 -0.3243997391632965    
 -0.3244924008158184    
 -0.3245764821259529    
 -0.3246520420121418    
 -0.3247191382429602    
 -0.3247778274421014    
 -0.3248281650915441    
 -0.3248702055330015    
 -0.3249040019716185    
 -0.3249296064834003    
 -0.3249470700221348    
 -0.3249564424219085    
 -0.3249577723980415    
 -0.3249511075526947    
 -0.3249364943861489    
 -0.3249139783073755    
 -0.3248836036376944    
 -0.3248454136095749    
 -0.3247994503695489    
 -0.3247457549906195    
 -0.3246843674882655    
 -0.3246153268287837    
 -0.3245386709276019    
 -0.3244544366482708    
 -0.3243626598126670    
 -0.3242633752188172    
 -0.3241566166532852    
 -0.3240424168926835    
 -0.3239208077028030    
 -0.3237918198458925    
 -0.3236554830957191    
 -0.3235118262510930    
 -0.3233608771416102    
 -0.3232026626290734    
 -0.3230372086127640    
 -0.3228645400416367    
 -0.3226846809278747    
 -0.3224976543546278    
 -0.3223034824786117    
 -0.3221021865353261    
 -0.3218937868507338    
 -0.3216783028537463    
 -0.3214557530829950    
 -0.3212261551904015    
 -0.3209895259487670    
 -0.3207458812638112    
 -0.3204952361839223    
 -0.3202376049044058    
 -0.3199730007712978    
 -0.3197014362906020    
 -0.3194229231417902    
 -0.3191374721889897    
 -0.3188450934850691    
 -0.3185457962709428    
 -0.3182395889789548    
 -0.3179264792473435    
 -0.3176064739404050    
 -0.3172795791588787    
 -0.3169458002337767    
 -0.3166051417181149    
 -0.3162576073966806    
 -0.3159032003125640    
 -0.3155419227869734    
 -0.3151737764161198    
 -0.3147987620571333    
 -0.3144168798280081    
 -0.3140281291291805    
 -0.3136325086690754    
 -0.3132300164721259    
 -0.3128206498680193    
 -0.3124044054820858    
 -0.3119812792455197    
 -0.3115512664211014    
 -0.3111143616210679    
 -0.3106705588026235    
 -0.3102198512542163    
 -0.3097622315974319    
 -0.3092976918093022    
 -0.3088262232440048    
 -0.3083478166347235    
 -0.3078624620819003    
 -0.3073701490496108    
 -0.3068708663800314    
 -0.3063646023143337    
 -0.3058513445023632    
 -0.3053310799972380    
 -0.3048037952476915    
 -0.3042694761028560    
 -0.3037281078297323    
 -0.3031796751289372    
 -0.3026241621366769    
 -0.3020615524175821    
 -0.3014918289633939    
 -0.3009149742041788    
 -0.3003309700236753    
 -0.2997397977670203    
 -0.2991414382389788    
 -0.2985358717006626    
 -0.2979230778732783    
 -0.2973030359499332    
 -0.2966757246080143    
 -0.2960411220134324    
 -0.2953992058171618    
 -0.2947499531543369    
 -0.2940933406530940    
 -0.2934293444472924    
 -0.2927579401826670    
 -0.2920791030161082    
 -0.2913928076165647    
 -0.2906990281712842    
 -0.2899977383931245    
 -0.2892889115260474    
 -0.2885725203505586    
 -0.2878485371888349    
 -0.2871169339069205    
 -0.2863776819164823    
 -0.2856307521821476    
 -0.2848761152326525    
 -0.2841137411663737    
 -0.2833435996491923    
 -0.2825656599151211    
 -0.2817798907769026    
 -0.2809862606387906    
 -0.2801847375003793    
 -0.2793752889538870    
 -0.2785578821867777    
 -0.2777324839933788    
 -0.2768990607862639    
 -0.2760575785991933    
 -0.2752080030859587    
 -0.2743502995256211    
 -0.2734844328355781    
 -0.2726103675819631    
 -0.2717280679798674    
 -0.2708374978915706    
 -0.2699386208361448    
 -0.2690314000073998    
 -0.2681157982823536    
 -0.2671917782152784    
 -0.2662593020364268    
 -0.2653183316703780    
 -0.2643688287585495    
 -0.2634107546613492    
 -0.2624440704458973    
 -0.2614687368896757    
 -0.2604847145084641    
 -0.2594919635800165    
 -0.2584904441397071    
 -0.2574801159652518    
 -0.2564609385846812    
 -0.2554328713101490    
 -0.2543958732642559    
 -0.2533499033748442    
 -0.2522949203565923    
 -0.2512308827172998    
 -0.2501577487957829    
 -0.2490754767951384    
 -0.2479840247789666    
 -0.2468833506490743    
 -0.2457734121518906    
 -0.2446541669218713    
 -0.2435255725160840    
 -0.2423875864067973    
 -0.2412401659621599    
 -0.2400832684625168    
 -0.2389168511447042    
 -0.2377408712262937    
 -0.2365552858973892    
 -0.2353600523174083    
 -0.2341551276402777    
 -0.2329404690455134    
 -0.2317160337514099    
 -0.2304817790212311    
 -0.2292376621793878    
 -0.2279836406310179    
 -0.2267196718759509    
 -0.2254457135266335    
 -0.2241617233348063    
 -0.2228676592107209    
 -0.2215634792281573    
 -0.2202491416373519    
 -0.2189246048996182    
 -0.2175898277201852    
 -0.2162447690567370    
 -0.2148893881232575    
 -0.2135236444184600    
 -0.2121474977667015    
 -0.2107609083392211    
 -0.2093638366594485    
 -0.2079562436235310    
 -0.2065380905395564    
 -0.2051093391581460    
 -0.2036699516862633    
 -0.2022198908064262    
 -0.2007591197112826    
 -0.1992876021358480    
 -0.1978053023779112    
 -0.1963121853219286    
 -0.1948082164754755    
 -0.1932933620036097    
 -0.1917675887507132    
 -0.1902308642629748    
 -0.1886831568245398    
 -0.1871244354983580    
 -0.1855546701579622    
 -0.1839738315132283    
 -0.1823818911406112    
 -0.1807788215188597    
 -0.1791645960661273    
 -0.1775391891780789    
 -0.1759025762654284    
 -0.1742547337863225    
 -0.1725956392767388    
 -0.1709252713894870    
 -0.1692436099416978    
 -0.1675506359563156    
 -0.1658463316919010    
 -0.1641306806755453    
 -0.1624036677511062    
 -0.1606652791311341    
 -0.1589155024346609    
 -0.1571543267160058    
 -0.1553817425057601    
 -0.1535977418677099    
 -0.1518023184509203    
 -0.1499954675230947    
 -0.1481771860008566    
 -0.1463474724996395    
 -0.1445063273973227    
 -0.1426537528839641    
 -0.1407897529910240    
 -0.1389143336271069    
 -0.1370275026388075    
 -0.1351292698748226    
 -0.1332196472253904    
 -0.1312986486508557    
 -0.1293662902335156    
 -0.1274225902481009    
 -0.1254675692133405    
 -0.1235012499194944    
 -0.1215236574698681    
 -0.1195348193502283    
 -0.1175347654897499    
 -0.1155235282920371    
 -0.1135011426703364    
 -0.1114676461152020    
 -0.1094230787629152    
 -0.1073674834284057    
 -0.1053009056296897    
 -0.1032233936480714    
 -0.1011349986054478    
 -0.9903577450894677E-01
 -0.9692577827039525E-01
 -0.9480506975053588E-01
 -0.9267371183053555E-01
 -0.9053177046485603E-01
 -0.8837931470692356E-01
 -0.8621641674846396E-01
 -0.8404315198275784E-01
 -0.8185959905288095E-01
 -0.7966583987360977E-01
 -0.7746195966675289E-01
 -0.7524804702458815E-01
 -0.7302419396032270E-01
 -0.7079049592455018E-01
 -0.6854705182726646E-01
 -0.6629396409332829E-01
 -0.6403133871605156E-01
 -0.6175928527510233E-01
 -0.5947791694669963E-01
 -0.5718735054300675E-01
 -0.5488770656129329E-01
 -0.5257910920702680E-01
 -0.5026168640222611E-01
 -0.4793556980936273E-01
 -0.4560089486304374E-01
 -0.4325780078599512E-01
 -0.4090643059829456E-01
 -0.3854693113828434E-01
 -0.3617945308116838E-01
 -0.3380415093765352E-01
 -0.3142118305223211E-01
 -0.2903071162201609E-01
 -0.2663290271208474E-01
 -0.2422792623953089E-01
 -0.2181595595091404E-01
 -0.1939716942902440E-01
 -0.1697174810735205E-01
 -0.1453987724878199E-01
 -0.1210174590292217E-01
 -0.9657546890280807E-02
 -0.7207476808279658E-02
 -0.4751736010132067E-02
 -0.2290528551713052E-02
  0.1759378483337378E-03
  0.2647451823188482E-02
  0.5123798386419093E-02
  0.7604758990712731E-02
  0.1009011158384655E-01
  0.1257963064429297E-01
  0.1507308722358935E-01
  0.1757024901268630E-01
  0.2007088041021155E-01
  0.2257474257796067E-01
  0.2508159350226407E-01
  0.2759118807230811E-01
  0.3010327815774272E-01
  0.3261761267838868E-01
  0.3513393768483321E-01
  0.3765199645396835E-01
  0.4017152957750816E-01
  0.4269227504107376E-01
  0.4521396832026175E-01
  0.4773634249651884E-01
  0.5025912836109118E-01
  0.5278205450116728E-01
  0.5530484740462118E-01
  0.5782723159469707E-01
  0.6034892975486473E-01
  0.6286966282493478E-01
  0.6538915010868727E-01
  0.6790710941983805E-01
  0.7042325722750209E-01
  0.7293730876608027E-01
  0.7544897814429768E-01
  0.7795797849616228E-01
  0.8046402214566213E-01
  0.8296682073589447E-01
  0.8546608534083065E-01
  0.8796152661132295E-01
  0.9045285494698369E-01
  0.9293978064343489E-01
  0.9542201401492385E-01
  0.9789926553951832E-01
  0.1003712460323397    
  0.1028376668020885    
  0.1052982397797346    
  0.1077526776607947    
  0.1102006940772452    
  0.1126420037618619    
  0.1150763226844700    
  0.1175033681911788    
  0.1199228591681041    
  0.1223345162031075    
  0.1247380617243288    
  0.1271332201392956    
  0.1295197179952224    
  0.1318972841368750    
  0.1342656498389446    
  0.1366245489349318    
  0.1389737179684095    
  0.1413128963475305    
  0.1436418264742782    
  0.1459602538634812    
  0.1482679272806648    
  0.1505645988862067    
  0.1528500243550882    
  0.1551239629822949    
  0.1573861778072452    
  0.1596364357505465    
  0.1618745077252078    
  0.1641001687217142    
  0.1663131979071482    
  0.1685133787488687    
  0.1707004991241033    
  0.1728743513945671    
  0.1750347324780840    
  0.1771814439448086    
  0.1793142921141034    
  0.1814330881214206    
  0.1835376479719167    
  0.1856277926125777    
  0.1877033480110394    
  0.1897641452070593    
  0.1918100203431864    
  0.1938408147124335    
  0.1958563748245064    
  0.1978565524497218    
  0.1998412046267428    
  0.2018101936735221    
  0.2037633872293610    
  0.2057006582969875    
  0.2076218852452215    
  0.2095269517894896    
  0.2114157469953603    
  0.2132881653043721    
  0.2151441065383698    
  0.2169834758678149    
  0.2188061837803064    
  0.2206121460754017    
  0.2224012838614094    
  0.2241735235227408    
  0.2259287966696771    
  0.2276670401021133    
  0.2293881957861878    
  0.2310922108161559    
  0.2327790373553837    
  0.2344486325792880    
  0.2361009586311363    
  0.2377359825731036    
  0.2393536763190457    
  0.2409540165624564    
  0.2425369847155923    
  0.2441025668510939    
  0.2456507536285681    
  0.2471815402096212    
  0.2486949261795435    
  0.2501909154786850    
  0.2516695163276548    
  0.2531307411379833    
  0.2545746064197889    
  0.2560011326985817    
  0.2574103444358593    
  0.2588022699410562    
  0.2601769412746936    
  0.2615343941533512    
  0.2628746678609271    
  0.2641978051595445    
  0.2655038521942172    
  0.2667928583945509    
  0.2680648763793202    
  0.2693199618634277    
  0.2705581735625808    
  0.2717795730948387    
  0.2729842248828763    
  0.2741721960593806    
  0.2753435563732822    
  0.2764983780935886    
  0.2776367359112205    
  0.2787587068424431    
  0.2798643701362232    
  0.2809538071835336    
  0.2820271014241845    
  0.2830843382501650    
  0.2841256049105469    
  0.2851509904233789    
  0.2861605854919793    
  0.2871544824169801    
  0.2881327750018292    
  0.2890955584610593    
  0.2900429293396708    
  0.2909749854376183    
  0.2918918257265001    
  0.2927935502582457    
  0.2936802600800799    
  0.2945520571638228    
  0.2954090443385289    
  0.2962513252119204    
  0.2970790040841185    
  0.2978921858708135    
  0.2986909760420640    
  0.2994754805629292    
  0.3002458058215847    
  0.3010020585502273    
  0.3017443457563042    
  0.3024727746694944    
  0.3031874526903724    
  0.3038884873268828    
  0.3045759861240532    
  0.3052500566036326    
  0.3059108062179351    
  0.3065583423044652    
  0.3071927720303698    
  0.3078142023337156    
  0.3084227398745344    
  0.3090184909945438    
  0.3096015616735013    
  0.3101720574794570    
  0.3107300835235703    
  0.3112757444251066    
  0.3118091442769452    
  0.3123303866022639    
  0.3128395743096597    
  0.3133368096602460    
  0.3138221942448282    
  0.3142958289552640    
  0.3147578139437531    
  0.3152082485836963    
  0.3156472314463451    
  0.3160748602869811    
  0.3164912320219904    
  0.3168964426921979    
  0.3172905874291407    
  0.3176737604394737    
  0.3180460549994386    
  0.3184075634382121    
  0.3187583771050438    
  0.3190985863391747    
  0.3194282804600057    
  0.3197475477690328    
  0.3200564755401518    
  0.3203551499919435    
  0.3206436562611515    
  0.3209220783957684    
  0.3211904993607566    
  0.3214490010343984    
  0.3216976641879019    
  0.3219365684640987    
  0.3221657923720960    
  0.3223854132940756    
  0.3225955074863289    
  0.3227961500664236    
  0.3229874149974921    
  0.3231693750839545    
  0.3233421019778830    
  0.3235056661829260    
  0.3236601370485338    
  0.3238055827611293    
  0.3239420703417070    
  0.3240696656497642    
  0.3241884333867643    
  0.3242984370962283    
  0.3243997391632965    
  0.3244924008158184    
  0.3245764821259529    
  0.3246520420121418    
  0.3247191382429602    
  0.3247778274421014    
  0.3248281650915441    
  0.3248702055330015    
  0.3249040019716185    
  0.3249296064834003    
  0.3249470700221348    
  0.3249564424219085    
  0.3249577723980415    
  0.3249511075526947    
  0.3249364943861489    
  0.3249139783073755    
  0.3248836036376944    
  0.3248454136095749    
  0.3247994503695489    
  0.3247457549906195    
  0.3246843674882655    
  0.3246153268287837    
  0.3245386709276019    
  0.3244544366482708    
  0.3243626598126670    
  0.3242633752188172    
  0.3241566166532852    
  0.3240424168926835    
  0.3239208077028030    
  0.3237918198458925    
  0.3236554830957191    
  0.3235118262510930    
  0.3233608771416102    
  0.3232026626290734    
  0.3230372086127640    
  0.3228645400416367    
  0.3226846809278747    
  0.3224976543546278    
  0.3223034824786117    
  0.3221021865353261    
  0.3218937868507338    
  0.3216783028537463    
  0.3214557530829950    
  0.3212261551904015    
  0.3209895259487670    
