  0.7659660110746302E-01
  0.7531319509966306E-01
  0.7402682221920726E-01
  0.7273752077877610E-01
  0.7144532929198188E-01
  0.7015028647400351E-01
  0.6885243124213686E-01
  0.6755180271628164E-01
  0.6624844021940102E-01
  0.6494238327795099E-01
  0.6363367162224742E-01
  0.6232234518671831E-01
  0.6100844411005740E-01
  0.5969200873534253E-01
  0.5837307961017246E-01
  0.5705169748678163E-01
  0.5572790332203947E-01
  0.5440173827730654E-01
  0.5307324371822664E-01
  0.5174246121454268E-01
  0.5040943253993330E-01
  0.4907419967177146E-01
  0.4773680479074027E-01
  0.4639729028033973E-01
  0.4505569872638393E-01
  0.4371207291653084E-01
  0.4236645583979343E-01
  0.4101889068593612E-01
  0.3966942084474034E-01
  0.3831808990521351E-01
  0.3696494165483061E-01
  0.3561002007878961E-01
  0.3425336935918688E-01
  0.3289503387405701E-01
  0.3153505819633556E-01
  0.3017348709283069E-01
  0.2881036552322214E-01
  0.2744573863901434E-01
  0.2607965178238120E-01
  0.2471215048491415E-01
  0.2334328046634848E-01
  0.2197308763330735E-01
  0.2060161807804078E-01
  0.1922891807709154E-01
  0.1785503408986427E-01
  0.1648001275713268E-01
  0.1510390089955127E-01
  0.1372674551617759E-01
  0.1234859378295838E-01
  0.1096949305113459E-01
  0.9589490845577586E-02
  0.8208634863099806E-02
  0.6826972970772838E-02
  0.5444553204234648E-02
  0.4061423765949090E-02
  0.2677633023395909E-02
  0.1293229507212390E-02
 -0.9173809067303251E-04
 -0.1477220918899791E-02
 -0.2863169968558343E-02
 -0.4249536075132010E-02
 -0.5636269920493098E-02
 -0.7023322034911850E-02
 -0.8410642799067169E-02
 -0.9798182446074666E-02
 -0.1118589106355228E-01
 -0.1257371859571621E-01
 -0.1396161484550235E-01
 -0.1534952947671075E-01
 -0.1673741201616741E-01
 -0.1812521185588989E-01
 -0.1951287825527070E-01
 -0.2090036034329984E-01
 -0.2228760712082750E-01
 -0.2367456746282359E-01
 -0.2506119012062508E-01
 -0.2644742372419873E-01
 -0.2783321678445555E-01
 -0.2921851769559708E-01
 -0.3060327473745023E-01
 -0.3198743607778343E-01
 -0.3337094977464661E-01
 -0.3475376377875494E-01
 -0.3613582593589332E-01
 -0.3751708398930376E-01
 -0.3889748558206119E-01
 -0.4027697825947874E-01
 -0.4165550947155250E-01
 -0.4303302657540931E-01
 -0.4440947683772628E-01
 -0.4578480743714092E-01
 -0.4715896546670906E-01
 -0.4853189793640494E-01
 -0.4990355177559880E-01
 -0.5127387383547943E-01
 -0.5264281089149075E-01
 -0.5401030964584147E-01
 -0.5537631673005050E-01
 -0.5674077870742633E-01
 -0.5810364207548152E-01
 -0.5946485326839251E-01
 -0.6082435865955715E-01
 -0.6218210456416506E-01
 -0.6353803724166979E-01
 -0.6489210289819236E-01
 -0.6624424768899129E-01
 -0.6759441772104652E-01
 -0.6894255905565189E-01
 -0.7028861771089123E-01
 -0.7163253966402833E-01
 -0.7297427085396135E-01
 -0.7431375718381256E-01
 -0.7565094452354099E-01
 -0.7698577871242501E-01
 -0.7831820556143981E-01
 -0.7964817085570780E-01
 -0.8097562035709527E-01
 -0.8230049980681775E-01
 -0.8362275492790344E-01
 -0.8494233142757768E-01
 -0.8625917499974273E-01
 -0.8757323132757194E-01
 -0.8888444608607132E-01
 -0.9019276494452866E-01
 -0.9149813356894781E-01
 -0.9280049762456022E-01
 -0.9409980277836993E-01
 -0.9539599470166743E-01
 -0.9668901907251343E-01
 -0.9797882157824178E-01
 -0.9926534791796193E-01
 -0.1005485438050537    
 -0.1018283549696872    
 -0.1031047271613768    
 -0.1043776061515054    
 -0.1056469377357964    
 -0.1069126677368089    
 -0.1081747420065201    
 -0.1094331064289134    
 -0.1106877069224930    
 -0.1119384894427722    
 -0.1131853999848445    
 -0.1144283845860123    
 -0.1156673893283695    
 -0.1169023603413331    
 -0.1181332438042222    
 -0.1193599859489083    
 -0.1205825330624595    
 -0.1218008314897464    
 -0.1230148276360672    
 -0.1242244679698302    
 -0.1254296990252455    
 -0.1266304674049989    
 -0.1278267197829535    
 -0.1290184029069106    
 -0.1302054636013823    
 -0.1313878487703399    
 -0.1325655053999764    
 -0.1337383805615349    
 -0.1349064214141855    
 -0.1360695752079026    
 -0.1372277892863467    
 -0.1383810110897692    
 -0.1395291881579625    
 -0.1406722681332480    
 -0.1418101987635110    
 -0.1429429279052644    
 -0.1440704035267206    
 -0.1451925737108801    
 -0.1463093866586884    
 -0.1474207906922647    
 -0.1485267342581547    
 -0.1496271659305746    
 -0.1507220344147004    
 -0.1518112885500536    
 -0.1528948773139525    
 -0.1539727498249621    
 -0.1550448553463486    
 -0.1561111432896186    
 -0.1571715632181681    
 -0.1582260648509790    
 -0.1592745980662975    
 -0.1603171129053407    
 -0.1613535595761222    
 -0.1623838884573940    
 -0.1634080501026101    
 -0.1644259952438712    
 -0.1654376747959374    
 -0.1664430398603862    
 -0.1674420417298577    
 -0.1684346318922851    
 -0.1694207620351448    
 -0.1704003840498425    
 -0.1713734500362365    
 -0.1723399123071777    
 -0.1732997233930347    
 -0.1742528360463236    
 -0.1751992032464991    
 -0.1761387782048018    
 -0.1770715143690789    
 -0.1779973654286904    
 -0.1789162853195940    
 -0.1798282282295187    
 -0.1807331486030921    
 -0.1816310011470059    
 -0.1825217408353692    
 -0.1834053229152115    
 -0.1842817029119674    
 -0.1851508366349477    
 -0.1860126801829473    
 -0.1868671899500221    
 -0.1877143226312947    
 -0.1885540352287595    
 -0.1893862850571985    
 -0.1902110297502453    
 -0.1910282272664733    
 -0.1918378358954731    
 -0.1926398142640446    
 -0.1934341213425595    
 -0.1942207164513549    
 -0.1949995592670879    
 -0.1957706098291626    
 -0.1965338285463327    
 -0.1972891762033744    
 -0.1980366139677101    
 -0.1987761033960532    
 -0.1995076064411980    
 -0.2002310854589026    
 -0.2009465032147622    
 -0.2016538228910810    
 -0.2023530080938276    
 -0.2030440228596506    
 -0.2037268316628946    
 -0.2044013994226410    
 -0.2050676915098211    
 -0.2057256737543404    
 -0.2063753124521601    
 -0.2070165743724059    
 -0.2076494267645681    
 -0.2082738373657025    
 -0.2088897744075355    
 -0.2094972066235388    
 -0.2100961032561067    
 -0.2106864340637564    
 -0.2112681693282055    
 -0.2118412798613475    
 -0.2124057370122857    
 -0.2129615126744147    
 -0.2135085792923967    
 -0.2140469098689859    
 -0.2145764779718375    
 -0.2150972577403356    
 -0.2156092238923275    
 -0.2161123517307011    
 -0.2166066171498836    
 -0.2170919966423220    
 -0.2175684673048573    
 -0.2180360068449349    
 -0.2184945935867075    
 -0.2189442064770535    
 -0.2193848250914606    
 -0.2198164296397380    
 -0.2202390009716031    
 -0.2206525205821459    
 -0.2210569706171064    
 -0.2214523338779535    
 -0.2218385938268324    
 -0.2222157345913685    
 -0.2225837409692393    
 -0.2229425984324900    
 -0.2232922931317067    
 -0.2236328119000481    
 -0.2239641422570147    
 -0.2242862724118988    
 -0.2245991912670460    
 -0.2249028884209845    
 -0.2251973541712939    
 -0.2254825795171034    
 -0.2257585561613462    
 -0.2260252765128739    
 -0.2262827336883281    
 -0.2265309215136127    
 -0.2267698345250429    
 -0.2269994679703227    
 -0.2272198178093154    
 -0.2274308807144314    
 -0.2276326540706456    
 -0.2278251359752859    
 -0.2280083252376059    
 -0.2281822213779936    
 -0.2283468246267927    
 -0.2285021359228623    
 -0.2286481569119219    
 -0.2287848899445530    
 -0.2289123380737996    
 -0.2290305050524682    
 -0.2291393953302002    
 -0.2292390140502278    
 -0.2293293670457548    
 -0.2294104608360263    
 -0.2294823026221556    
 -0.2295449002826360    
 -0.2295982623684791    
 -0.2296423980980520    
 -0.2296773173516966    
 -0.2297030306660583    
 -0.2297195492280570    
 -0.2297268848685430    
 -0.2297250500557417    
 -0.2297140578884416    
 -0.2296939220888520    
 -0.2296646569951649    
 -0.2296262775539253    
 -0.2295787993121823    
 -0.2295222384093272    
 -0.2294566115686281    
 -0.2293819360886086    
 -0.2292982298342803    
 -0.2292055112281182    
 -0.2291037992407245    
 -0.2289931133813146    
 -0.2288734736881035    
 -0.2287449007185354    
 -0.2286074155392492    
 -0.2284610397158611    
 -0.2283057953026668    
 -0.2281417048322356    
 -0.2279687913048023    
 -0.2277870781775000    
 -0.2275965893535533    
 -0.2273973491714340    
 -0.2271893823938547    
 -0.2269727141965970    
 -0.2267473701573144    
 -0.2265133762443992    
 -0.2262707588057908    
 -0.2260195445576300    
 -0.2257597605728411    
 -0.2254914342698133    
 -0.2252145934011511    
 -0.2249292660423599    
 -0.2246354805804383    
 -0.2243332657025368    
 -0.2240226503847582    
 -0.2237036638810140    
 -0.2233763357118391    
 -0.2230406956532371    
 -0.2226967737256660    
 -0.2223446001831666    
 -0.2219842055025369    
 -0.2216156203725530    
 -0.2212388756833212    
 -0.2208540025158072    
 -0.2204610321314766    
 -0.2200599959620288    
 -0.2196509255992645    
 -0.2192338527851534    
 -0.2188088094020633    
 -0.2183758274631136    
 -0.2179349391026706    
 -0.2174861765670572    
 -0.2170295722054740    
 -0.2165651584610926    
 -0.2160929678622900    
 -0.2156130330140864    
 -0.2151253865898191    
 -0.2146300613230406    
 -0.2141270899995908    
 -0.2136165054498578    
 -0.2130983405412659    
 -0.2125726281710150    
 -0.2120394012590352    
 -0.2114986927411455    
 -0.2109505355624255    
 -0.2103949626708308    
 -0.2098320070110450    
 -0.2092617015185552    
 -0.2086840791139433    
 -0.2080991726974193    
 -0.2075070151435913    
 -0.2069076392964684    
 -0.2063010779646832    
 -0.2056873639169394    
 -0.2050665298776968    
 -0.2044386085231005    
 -0.2038036324771278    
 -0.2031616343079601    
 -0.2025126465245588    
 -0.2018567015734840    
 -0.2011938318359474    
 -0.2005240696250929    
 -0.1998474471834672    
 -0.1991639966806873    
 -0.1984737502113334    
 -0.1977767397930863    
 -0.1970729973650707    
 -0.1963625547863689    
 -0.1956454438347064    
 -0.1949216962053671    
 -0.1941913435103395    
 -0.1934544172776493    
 -0.1927109489508230    
 -0.1919609698885207    
 -0.1912045113643846    
 -0.1904416045671082    
 -0.1896722806006585    
 -0.1888965704846148    
 -0.1881145051546482    
 -0.1873261154632095    
 -0.1865314321804127    
 -0.1857304859950561    
 -0.1849233075157326    
 -0.1841099272720660    
 -0.1832903757161248    
 -0.1824646832240147    
 -0.1816328800975848    
 -0.1807949965662146    
 -0.1799510627887051    
 -0.1791011088553285    
 -0.1782451647900067    
 -0.1773832605525856    
 -0.1765154260411832    
 -0.1756416910946531    
 -0.1747620854951660    
 -0.1738766389708770    
 -0.1729853811986459    
 -0.1720883418068444    
 -0.1711855503782778    
 -0.1702770364532040    
 -0.1693628295323850    
 -0.1684429590801686    
 -0.1675174545276486    
 -0.1665863452759409    
 -0.1656496606995245    
 -0.1647074301495914    
 -0.1637596829573990    
 -0.1628064484376948    
 -0.1618477558922433    
 -0.1608836346134038    
 -0.1599141138876858    
 -0.1589392229992852    
 -0.1579589912336772    
 -0.1569734478813091    
 -0.1559826222413301    
 -0.1549865436252780    
 -0.1539852413607186    
 -0.1529787447949263    
 -0.1519670832986497    
 -0.1509502862699121    
 -0.1499283831377538    
 -0.1489014033659233    
 -0.1478693764565755    
 -0.1468323319540363    
 -0.1457902994485896    
 -0.1447433085802153    
 -0.1436913890422600    
 -0.1426345705851009    
 -0.1415728830198402    
 -0.1405063562220195    
 -0.1394350201352829    
 -0.1383589047749832    
 -0.1372780402317517    
 -0.1361924566750773    
 -0.1351021843568789    
 -0.1340072536150450    
 -0.1329076948769157    
 -0.1318035386627328    
 -0.1306948155890573    
 -0.1295815563721590    
 -0.1284637918313691    
 -0.1273415528923967    
 -0.1262148705906043    
 -0.1250837760742356    
 -0.1239483006075925    
 -0.1228084755741800    
 -0.1216643324798101    
 -0.1205159029556568    
 -0.1193632187612463    
 -0.1182063117873999    
 -0.1170452140591460    
 -0.1158799577385954    
 -0.1147105751277460    
 -0.1135370986712139    
 -0.1123595609588999    
 -0.1111779947286327    
 -0.1099924328687840    
 -0.1088029084208253    
 -0.1076094545817883    
 -0.1064121047066418    
 -0.1052108923106282    
 -0.1040058510715900    
 -0.1027970148322499    
 -0.1015844176023999    
 -0.1003680935609874    
 -0.9914807705814721E-01
 -0.9792440261721141E-01
 -0.9669710493668426E-01
 -0.9546621889213530E-01
 -0.9423177953799938E-01
 -0.9299382210930479E-01
 -0.9175238202336522E-01
 -0.9050749488143128E-01
 -0.8925919647027869E-01
 -0.8800752276370688E-01
 -0.8675250992396211E-01
 -0.8549419430311245E-01
 -0.8423261244438446E-01
 -0.8296780108343310E-01
 -0.8169979714952968E-01
 -0.8042863776667608E-01
 -0.7915436025467271E-01
 -0.7787700213013909E-01
 -0.7659660110746302E-01
 -0.7531319509966306E-01
 -0.7402682221920726E-01
 -0.7273752077877610E-01
 -0.7144532929198188E-01
 -0.7015028647400351E-01
 -0.6885243124213686E-01
 -0.6755180271628164E-01
 -0.6624844021940102E-01
 -0.6494238327795099E-01
 -0.6363367162224742E-01
 -0.6232234518671831E-01
 -0.6100844411005740E-01
 -0.5969200873534253E-01
 -0.5837307961017246E-01
 -0.5705169748678163E-01
 -0.5572790332203947E-01
 -0.5440173827730654E-01
 -0.5307324371822664E-01
 -0.5174246121454268E-01
 -0.5040943253993330E-01
 -0.4907419967177146E-01
 -0.4773680479074027E-01
 -0.4639729028033973E-01
 -0.4505569872638393E-01
 -0.4371207291653084E-01
 -0.4236645583979343E-01
 -0.4101889068593612E-01
 -0.3966942084474034E-01
 -0.3831808990521351E-01
 -0.3696494165483061E-01
 -0.3561002007878961E-01
 -0.3425336935918688E-01
 -0.3289503387405701E-01
 -0.3153505819633556E-01
 -0.3017348709283069E-01
 -0.2881036552322214E-01
 -0.2744573863901434E-01
 -0.2607965178238120E-01
 -0.2471215048491415E-01
 -0.2334328046634848E-01
 -0.2197308763330735E-01
 -0.2060161807804078E-01
 -0.1922891807709154E-01
 -0.1785503408986427E-01
 -0.1648001275713268E-01
 -0.1510390089955127E-01
 -0.1372674551617759E-01
 -0.1234859378295838E-01
 -0.1096949305113459E-01
 -0.9589490845577586E-02
 -0.8208634863099806E-02
 -0.6826972970772838E-02
 -0.5444553204234648E-02
 -0.4061423765949090E-02
 -0.2677633023395909E-02
 -0.1293229507212390E-02
  0.9173809067303251E-04
  0.1477220918899791E-02
  0.2863169968558343E-02
  0.4249536075132010E-02
  0.5636269920493098E-02
  0.7023322034911850E-02
  0.8410642799067169E-02
  0.9798182446074666E-02
  0.1118589106355228E-01
  0.1257371859571621E-01
  0.1396161484550235E-01
  0.1534952947671075E-01
  0.1673741201616741E-01
  0.1812521185588989E-01
  0.1951287825527070E-01
  0.2090036034329984E-01
  0.2228760712082750E-01
  0.2367456746282359E-01
  0.2506119012062508E-01
  0.2644742372419873E-01
  0.2783321678445555E-01
  0.2921851769559708E-01
  0.3060327473745023E-01
  0.3198743607778343E-01
  0.3337094977464661E-01
  0.3475376377875494E-01
  0.3613582593589332E-01
  0.3751708398930376E-01
  0.3889748558206119E-01
  0.4027697825947874E-01
  0.4165550947155250E-01
  0.4303302657540931E-01
  0.4440947683772628E-01
  0.4578480743714092E-01
  0.4715896546670906E-01
  0.4853189793640494E-01
  0.4990355177559880E-01
  0.5127387383547943E-01
  0.5264281089149075E-01
  0.5401030964584147E-01
  0.5537631673005050E-01
  0.5674077870742633E-01
  0.5810364207548152E-01
  0.5946485326839251E-01
  0.6082435865955715E-01
  0.6218210456416506E-01
  0.6353803724166979E-01
  0.6489210289819236E-01
  0.6624424768899129E-01
  0.6759441772104652E-01
  0.6894255905565189E-01
  0.7028861771089123E-01
  0.7163253966402833E-01
  0.7297427085396135E-01
  0.7431375718381256E-01
  0.7565094452354099E-01
  0.7698577871242501E-01
  0.7831820556143981E-01
  0.7964817085570780E-01
  0.8097562035709527E-01
  0.8230049980681775E-01
  0.8362275492790344E-01
  0.8494233142757768E-01
  0.8625917499974273E-01
  0.8757323132757194E-01
  0.8888444608607132E-01
  0.9019276494452866E-01
  0.9149813356894781E-01
  0.9280049762456022E-01
  0.9409980277836993E-01
  0.9539599470166743E-01
  0.9668901907251343E-01
  0.9797882157824178E-01
  0.9926534791796193E-01
  0.1005485438050537    
  0.1018283549696872    
  0.1031047271613768    
  0.1043776061515054    
  0.1056469377357964    
  0.1069126677368089    
  0.1081747420065201    
  0.1094331064289134    
  0.1106877069224930    
  0.1119384894427722    
  0.1131853999848445    
  0.1144283845860123    
  0.1156673893283695    
  0.1169023603413331    
  0.1181332438042222    
  0.1193599859489083    
  0.1205825330624595    
  0.1218008314897464    
  0.1230148276360672    
  0.1242244679698302    
  0.1254296990252455    
  0.1266304674049989    
  0.1278267197829535    
  0.1290184029069106    
  0.1302054636013823    
  0.1313878487703399    
  0.1325655053999764    
  0.1337383805615349    
  0.1349064214141855    
  0.1360695752079026    
  0.1372277892863467    
  0.1383810110897692    
  0.1395291881579625    
  0.1406722681332480    
  0.1418101987635110    
  0.1429429279052644    
  0.1440704035267206    
  0.1451925737108801    
  0.1463093866586884    
  0.1474207906922647    
  0.1485267342581547    
  0.1496271659305746    
  0.1507220344147004    
  0.1518112885500536    
  0.1528948773139525    
  0.1539727498249621    
  0.1550448553463486    
  0.1561111432896186    
  0.1571715632181681    
  0.1582260648509790    
  0.1592745980662975    
  0.1603171129053407    
  0.1613535595761222    
  0.1623838884573940    
  0.1634080501026101    
  0.1644259952438712    
  0.1654376747959374    
  0.1664430398603862    
  0.1674420417298577    
  0.1684346318922851    
  0.1694207620351448    
  0.1704003840498425    
  0.1713734500362365    
  0.1723399123071777    
  0.1732997233930347    
  0.1742528360463236    
  0.1751992032464991    
  0.1761387782048018    
  0.1770715143690789    
  0.1779973654286904    
  0.1789162853195940    
  0.1798282282295187    
  0.1807331486030921    
  0.1816310011470059    
  0.1825217408353692    
  0.1834053229152115    
  0.1842817029119674    
  0.1851508366349477    
  0.1860126801829473    
  0.1868671899500221    
  0.1877143226312947    
  0.1885540352287595    
  0.1893862850571985    
  0.1902110297502453    
  0.1910282272664733    
  0.1918378358954731    
  0.1926398142640446    
  0.1934341213425595    
  0.1942207164513549    
  0.1949995592670879    
  0.1957706098291626    
  0.1965338285463327    
  0.1972891762033744    
  0.1980366139677101    
  0.1987761033960532    
  0.1995076064411980    
  0.2002310854589026    
  0.2009465032147622    
  0.2016538228910810    
  0.2023530080938276    
  0.2030440228596506    
  0.2037268316628946    
  0.2044013994226410    
  0.2050676915098211    
  0.2057256737543404    
  0.2063753124521601    
  0.2070165743724059    
  0.2076494267645681    
  0.2082738373657025    
  0.2088897744075355    
  0.2094972066235388    
  0.2100961032561067    
  0.2106864340637564    
  0.2112681693282055    
  0.2118412798613475    
  0.2124057370122857    
  0.2129615126744147    
  0.2135085792923967    
  0.2140469098689859    
  0.2145764779718375    
  0.2150972577403356    
  0.2156092238923275    
  0.2161123517307011    
  0.2166066171498836    
  0.2170919966423220    
  0.2175684673048573    
  0.2180360068449349    
  0.2184945935867075    
  0.2189442064770535    
  0.2193848250914606    
  0.2198164296397380    
  0.2202390009716031    
  0.2206525205821459    
  0.2210569706171064    
  0.2214523338779535    
  0.2218385938268324    
  0.2222157345913685    
  0.2225837409692393    
  0.2229425984324900    
  0.2232922931317067    
  0.2236328119000481    
  0.2239641422570147    
  0.2242862724118988    
  0.2245991912670460    
  0.2249028884209845    
  0.2251973541712939    
  0.2254825795171034    
  0.2257585561613462    
  0.2260252765128739    
  0.2262827336883281    
  0.2265309215136127    
  0.2267698345250429    
  0.2269994679703227    
  0.2272198178093154    
  0.2274308807144314    
  0.2276326540706456    
  0.2278251359752859    
  0.2280083252376059    
  0.2281822213779936    
  0.2283468246267927    
  0.2285021359228623    
  0.2286481569119219    
  0.2287848899445530    
  0.2289123380737996    
  0.2290305050524682    
  0.2291393953302002    
  0.2292390140502278    
  0.2293293670457548    
  0.2294104608360263    
  0.2294823026221556    
  0.2295449002826360    
  0.2295982623684791    
  0.2296423980980520    
  0.2296773173516966    
  0.2297030306660583    
  0.2297195492280570    
  0.2297268848685430    
  0.2297250500557417    
  0.2297140578884416    
  0.2296939220888520    
  0.2296646569951649    
  0.2296262775539253    
  0.2295787993121823    
  0.2295222384093272    
  0.2294566115686281    
  0.2293819360886086    
  0.2292982298342803    
  0.2292055112281182    
  0.2291037992407245    
  0.2289931133813146    
  0.2288734736881035    
  0.2287449007185354    
  0.2286074155392492    
  0.2284610397158611    
  0.2283057953026668    
  0.2281417048322356    
  0.2279687913048023    
  0.2277870781775000    
  0.2275965893535533    
  0.2273973491714340    
  0.2271893823938547    
  0.2269727141965970    
  0.2267473701573144    
  0.2265133762443992    
  0.2262707588057908    
  0.2260195445576300    
  0.2257597605728411    
  0.2254914342698133    
  0.2252145934011511    
  0.2249292660423599    
  0.2246354805804383    
  0.2243332657025368    
  0.2240226503847582    
  0.2237036638810140    
  0.2233763357118391    
  0.2230406956532371    
  0.2226967737256660    
  0.2223446001831666    
  0.2219842055025369    
  0.2216156203725530    
  0.2212388756833212    
  0.2208540025158072    
  0.2204610321314766    
  0.2200599959620288    
  0.2196509255992645    
  0.2192338527851534    
  0.2188088094020633    
  0.2183758274631136    
  0.2179349391026706    
  0.2174861765670572    
  0.2170295722054740    
  0.2165651584610926    
  0.2160929678622900    
  0.2156130330140864    
  0.2151253865898191    
  0.2146300613230406    
  0.2141270899995908    
  0.2136165054498578    
  0.2130983405412659    
  0.2125726281710150    
  0.2120394012590352    
  0.2114986927411455    
  0.2109505355624255    
  0.2103949626708308    
  0.2098320070110450    
  0.2092617015185552    
  0.2086840791139433    
  0.2080991726974193    
  0.2075070151435913    
  0.2069076392964684    
  0.2063010779646832    
  0.2056873639169394    
  0.2050665298776968    
  0.2044386085231005    
  0.2038036324771278    
  0.2031616343079601    
  0.2025126465245588    
  0.2018567015734840    
  0.2011938318359474    
  0.2005240696250929    
  0.1998474471834672    
  0.1991639966806873    
  0.1984737502113334    
  0.1977767397930863    
  0.1970729973650707    
  0.1963625547863689    
  0.1956454438347064    
  0.1949216962053671    
  0.1941913435103395    
  0.1934544172776493    
  0.1927109489508230    
  0.1919609698885207    
  0.1912045113643846    
  0.1904416045671082    
  0.1896722806006585    
  0.1888965704846148    
  0.1881145051546482    
  0.1873261154632095    
  0.1865314321804127    
  0.1857304859950561    
  0.1849233075157326    
  0.1841099272720660    
  0.1832903757161248    
  0.1824646832240147    
  0.1816328800975848    
  0.1807949965662146    
  0.1799510627887051    
  0.1791011088553285    
  0.1782451647900067    
  0.1773832605525856    
  0.1765154260411832    
  0.1756416910946531    
  0.1747620854951660    
  0.1738766389708770    
  0.1729853811986459    
  0.1720883418068444    
  0.1711855503782778    
  0.1702770364532040    
  0.1693628295323850    
  0.1684429590801686    
  0.1675174545276486    
  0.1665863452759409    
  0.1656496606995245    
  0.1647074301495914    
  0.1637596829573990    
  0.1628064484376948    
  0.1618477558922433    
  0.1608836346134038    
  0.1599141138876858    
  0.1589392229992852    
  0.1579589912336772    
  0.1569734478813091    
  0.1559826222413301    
  0.1549865436252780    
  0.1539852413607186    
  0.1529787447949263    
  0.1519670832986497    
  0.1509502862699121    
  0.1499283831377538    
  0.1489014033659233    
  0.1478693764565755    
  0.1468323319540363    
  0.1457902994485896    
  0.1447433085802153    
  0.1436913890422600    
  0.1426345705851009    
  0.1415728830198402    
  0.1405063562220195    
  0.1394350201352829    
  0.1383589047749832    
  0.1372780402317517    
  0.1361924566750773    
  0.1351021843568789    
  0.1340072536150450    
  0.1329076948769157    
  0.1318035386627328    
  0.1306948155890573    
  0.1295815563721590    
  0.1284637918313691    
  0.1273415528923967    
  0.1262148705906043    
  0.1250837760742356    
  0.1239483006075925    
  0.1228084755741800    
  0.1216643324798101    
  0.1205159029556568    
  0.1193632187612463    
  0.1182063117873999    
  0.1170452140591460    
  0.1158799577385954    
  0.1147105751277460    
  0.1135370986712139    
  0.1123595609588999    
  0.1111779947286327    
  0.1099924328687840    
  0.1088029084208253    
  0.1076094545817883    
  0.1064121047066418    
  0.1052108923106282    
  0.1040058510715900    
  0.1027970148322499    
  0.1015844176023999    
  0.1003680935609874    
  0.9914807705814721E-01
  0.9792440261721141E-01
  0.9669710493668426E-01
  0.9546621889213530E-01
  0.9423177953799938E-01
  0.9299382210930479E-01
  0.9175238202336522E-01
  0.9050749488143128E-01
  0.8925919647027869E-01
  0.8800752276370688E-01
  0.8675250992396211E-01
  0.8549419430311245E-01
  0.8423261244438446E-01
  0.8296780108343310E-01
  0.8169979714952968E-01
  0.8042863776667608E-01
  0.7915436025467271E-01
  0.7787700213013909E-01
