   106.7936884076916    
   108.5081505164640    
   105.0623222196143    
   107.8849784702799    
   116.5202621851439    
   118.9135180099995    
   115.3493791309729    
   118.4744939151324    
   128.1747738707586    
   131.2140193542631    
   127.6887371575143    
   131.7366410076199    
   143.4849008325248    
   147.8787062343129    
   144.5914902615717    
   149.8238846599535    
   164.2906753664143    
   170.6579542902246    
   167.9914628526310    
   175.2556747878808    
   193.9926037533446    
   203.6370126322907    
   202.2689345744385    
   212.8618503154685    
   238.4332157827279    
   253.7424334402946    
   255.1170349503467    
   271.5294283933513    
   308.6712763568770    
   334.0942943872202    
   340.7762431830676    
   367.2599475336200    
   424.1909981516537    
   466.2773877683956    
   478.2977533602619    
   513.8830867214137    
   589.7157318468371    
   624.1931465233345    
   561.2929002866106    
   446.8480107914686    
   228.9323804182295    
  -423.7833858341430    
  -1825.787997809982    
  -3705.754082687286    
  -5146.889364837521    
  -5307.263455911723    
  -4176.043843930743    
  -2522.979041963256    
  -1166.091950440272    
  -401.3011536181414    
  -63.21589309247280    
   96.18432787348870    
   198.0683366104668    
   273.5374990613039    
   337.3858261082983    
   391.5621771485555    
   416.5941771033627    
   396.3560407320135    
   342.3791483373458    
   284.2246862001319    
   241.8372530671708    
   213.8688215398204    
   191.8563316576109    
   177.6883501993720    
   178.5847135582063    
   188.6696044196627    
   190.4624402507592    
   177.9143583309274    
   162.8216232908599    
   152.3090161377182    
   136.6791349674811    
   109.4473392443323    
   82.43836663478879    
   67.26380167554684    
   56.96296257045920    
   41.49473679339982    
   27.43245211459285    
   25.02363275127268    
   28.03284453764253    
   24.80103950181733    
   18.84486251407577    
   19.86182634803255    
   23.51454690315154    
   19.13510330896853    
   9.709587638799544    
   5.351058655903259    
   3.656701757914843    
  -4.777545367342844    
  -17.21573406192088    
  -23.66193658565008    
  -25.73361580579406    
  -32.48717166076050    
  -41.96814058703221    
  -44.93880395087200    
  -43.03997279900749    
  -45.45959465203796    
  -50.99891837329195    
  -51.02057526776453    
  -47.11109624943771    
  -48.34507767620845    
  -53.72125655913185    
  -54.61494269100619    
  -52.19632539329880    
  -55.15561308740232    
  -62.34330978387150    
  -64.89607578184582    
  -63.62400160622172    
  -67.07598464619898    
  -74.15840335007181    
  -75.98963049596226    
  -73.41817099596535    
  -75.31053719593356    
  -80.89206597030756    
  -81.34179777049329    
  -77.62880451122854    
  -78.97782807849110    
  -84.72272876068762    
  -85.69490231450696    
  -82.65644056183923    
  -84.99376132375363    
  -91.90034817834604    
  -93.60251237551012    
  -90.67438348109098    
  -92.97522001815938    
  -99.85012860227110    
  -101.0992385295588    
  -97.39669640532179    
  -99.44171902429855    
  -106.7936884076916    
  -108.5081505164640    
  -105.0623222196143    
  -107.8849784702799    
  -116.5202621851439    
  -118.9135180099995    
  -115.3493791309729    
  -118.4744939151324    
  -128.1747738707586    
  -131.2140193542631    
  -127.6887371575143    
  -131.7366410076199    
  -143.4849008325248    
  -147.8787062343129    
  -144.5914902615717    
  -149.8238846599535    
  -164.2906753664143    
  -170.6579542902246    
  -167.9914628526310    
  -175.2556747878808    
  -193.9926037533446    
  -203.6370126322907    
  -202.2689345744385    
  -212.8618503154685    
  -238.4332157827279    
  -253.7424334402946    
  -255.1170349503467    
  -271.5294283933513    
  -308.6712763568770    
  -334.0942943872202    
  -340.7762431830676    
  -367.2599475336200    
  -424.1909981516537    
  -466.2773877683956    
  -478.2977533602619    
  -513.8830867214137    
  -589.7157318468371    
  -624.1931465233345    
  -561.2929002866106    
  -446.8480107914686    
  -228.9323804182295    
   423.7833858341430    
   1825.787997809982    
   3705.754082687286    
   5146.889364837521    
   5307.263455911723    
   4176.043843930743    
   2522.979041963256    
   1166.091950440272    
   401.3011536181414    
   63.21589309247280    
  -96.18432787348870    
  -198.0683366104668    
  -273.5374990613039    
  -337.3858261082983    
  -391.5621771485555    
  -416.5941771033627    
  -396.3560407320135    
  -342.3791483373458    
  -284.2246862001319    
  -241.8372530671708    
  -213.8688215398204    
  -191.8563316576109    
  -177.6883501993720    
  -178.5847135582063    
  -188.6696044196627    
  -190.4624402507592    
  -177.9143583309274    
  -162.8216232908599    
  -152.3090161377182    
  -136.6791349674811    
  -109.4473392443323    
  -82.43836663478879    
  -67.26380167554684    
  -56.96296257045920    
  -41.49473679339982    
  -27.43245211459285    
  -25.02363275127268    
  -28.03284453764253    
  -24.80103950181733    
  -18.84486251407577    
  -19.86182634803255    
  -23.51454690315154    
  -19.13510330896853    
  -9.709587638799544    
  -5.351058655903259    
  -3.656701757914843    
   4.777545367342844    
   17.21573406192088    
   23.66193658565008    
   25.73361580579406    
   32.48717166076050    
   41.96814058703221    
   44.93880395087200    
   43.03997279900749    
   45.45959465203796    
   50.99891837329195    
   51.02057526776453    
   47.11109624943771    
   48.34507767620845    
   53.72125655913185    
   54.61494269100619    
   52.19632539329880    
   55.15561308740232    
   62.34330978387150    
   64.89607578184582    
   63.62400160622172    
   67.07598464619898    
   74.15840335007181    
   75.98963049596226    
   73.41817099596535    
   75.31053719593356    
   80.89206597030756    
   81.34179777049329    
   77.62880451122854    
   78.97782807849110    
   84.72272876068762    
   85.69490231450696    
   82.65644056183923    
   84.99376132375363    
   91.90034817834604    
   93.60251237551012    
   90.67438348109098    
   92.97522001815938    
   99.85012860227110    
   101.0992385295588    
   97.39669640532179    
   99.44171902429855    
