   1.056587914515355    
   1.061953942857664    
   1.066314612858124    
   1.069725120423211    
   1.072242659048119    
   1.073904320859283    
   1.074743952043861    
   1.074820893721402    
   1.074210055225491    
   1.072970146791421    
   1.071142792122311    
   1.068778326848451    
   1.065939106670154    
   1.062674228954966    
   1.059009064813214    
   1.054965084045563    
   1.050575782649218    
   1.045876301043930    
   1.040888269980735    
   1.035624087943416    
   1.030102138593396    
   1.024351432137425    
   1.018401656290004    
   1.012272518160697    
   1.005976221607860    
  0.9995309891084003    
  0.9929665879921079    
  0.9863099825082096    
  0.9795699620216975    
  0.9727469057910807    
  0.9658549044062461    
  0.9589180994544166    
  0.9519430773899108    
  0.9449131658644071    
  0.9378169528762937    
  0.9306632543176572    
  0.9234554844407092    
  0.9161692636648573    
  0.9087730895660823    
  0.9012570924934522    
  0.8936213820366501    
  0.8858472358259022    
  0.8779030062974202    
  0.8697733186220469    
  0.8614609004516425    
  0.8529621389196482    
  0.8442617460934488    
  0.8353520808705952    
  0.8262384987097571    
  0.8169218940571334    
  0.8073899815839558    
  0.7976262402391531    
  0.7876114541565036    
  0.7773123601502674    
  0.7666795442627692    
  0.7556577811571634    
  0.7441912488374609    
  0.7322267393241570    
  0.7197289581139743    
  0.7066904531187478    
  0.6931125412513055    
  0.6789836609897646    
  0.6642956003733318    
  0.6490708708563062    
  0.6333403981224183    
  0.6170867217521230    
  0.6002328694470747    
  0.5826927037811556    
  0.5644088011824341    
  0.5453396675114077    
  0.5254493966612459    
  0.5047364365592434    
  0.4832505505280820    
  0.4610518462027160    
  0.4381556212843084    
  0.4145253180369205    
  0.3901019036773165    
  0.3648263923057330    
  0.3386577077509816    
  0.3116010881192997    
  0.2837160722101484    
  0.2550730468708247    
  0.2256969571991004    
  0.1955616373070863    
  0.1646334635672065    
  0.1329110258187204    
  0.1004329149619659    
  0.6726334928019578E-01
  0.3346541181176810E-01
 -0.9252111058629109E-03
 -0.3589624107858697E-01
 -0.7141954749937485E-01
 -0.1074248792398588    
 -0.1438238348617651    
 -0.1805472007181301    
 -0.2175406300494425    
 -0.2547331340329473    
 -0.2920317300252323    
 -0.3293435095514234    
 -0.3665825388724530    
 -0.4036555666239222    
 -0.4404594690544137    
 -0.4768946104909899    
 -0.5128661440041300    
 -0.5482724194321354    
 -0.5830072041659242    
 -0.6169741650867926    
 -0.6500865088203888    
 -0.6822543688954210    
 -0.7133874209478817    
 -0.7434092603083156    
 -0.7722557202246549    
 -0.7998622593092480    
 -0.8261695244090929    
 -0.8511392200181862    
 -0.8747468119908255    
 -0.8969603911547488    
 -0.9177469450642353    
 -0.9371002663827843    
 -0.9550417659437311    
 -0.9715905584602995    
 -0.9867530006034499    
  -1.000544906138041    
  -1.013000949510713    
  -1.024154950334776    
  -1.034034179790722    
  -1.042684463710846    
  -1.050179135332291    
  -1.056587914515355    
  -1.061953942857664    
  -1.066314612858124    
  -1.069725120423211    
  -1.072242659048119    
  -1.073904320859283    
  -1.074743952043861    
  -1.074820893721402    
  -1.074210055225491    
  -1.072970146791421    
  -1.071142792122311    
  -1.068778326848451    
  -1.065939106670154    
  -1.062674228954966    
  -1.059009064813214    
  -1.054965084045563    
  -1.050575782649218    
  -1.045876301043930    
  -1.040888269980735    
  -1.035624087943416    
  -1.030102138593396    
  -1.024351432137425    
  -1.018401656290004    
  -1.012272518160697    
  -1.005976221607860    
 -0.9995309891084003    
 -0.9929665879921079    
 -0.9863099825082096    
 -0.9795699620216975    
 -0.9727469057910807    
 -0.9658549044062461    
 -0.9589180994544166    
 -0.9519430773899108    
 -0.9449131658644071    
 -0.9378169528762937    
 -0.9306632543176572    
 -0.9234554844407092    
 -0.9161692636648573    
 -0.9087730895660823    
 -0.9012570924934522    
 -0.8936213820366501    
 -0.8858472358259022    
 -0.8779030062974202    
 -0.8697733186220469    
 -0.8614609004516425    
 -0.8529621389196482    
 -0.8442617460934488    
 -0.8353520808705952    
 -0.8262384987097571    
 -0.8169218940571334    
 -0.8073899815839558    
 -0.7976262402391531    
 -0.7876114541565036    
 -0.7773123601502674    
 -0.7666795442627692    
 -0.7556577811571634    
 -0.7441912488374609    
 -0.7322267393241570    
 -0.7197289581139743    
 -0.7066904531187478    
 -0.6931125412513055    
 -0.6789836609897646    
 -0.6642956003733318    
 -0.6490708708563062    
 -0.6333403981224183    
 -0.6170867217521230    
 -0.6002328694470747    
 -0.5826927037811556    
 -0.5644088011824341    
 -0.5453396675114077    
 -0.5254493966612459    
 -0.5047364365592434    
 -0.4832505505280820    
 -0.4610518462027160    
 -0.4381556212843084    
 -0.4145253180369205    
 -0.3901019036773165    
 -0.3648263923057330    
 -0.3386577077509816    
 -0.3116010881192997    
 -0.2837160722101484    
 -0.2550730468708247    
 -0.2256969571991004    
 -0.1955616373070863    
 -0.1646334635672065    
 -0.1329110258187204    
 -0.1004329149619659    
 -0.6726334928019578E-01
 -0.3346541181176810E-01
  0.9252111058629109E-03
  0.3589624107858697E-01
  0.7141954749937485E-01
  0.1074248792398588    
  0.1438238348617651    
  0.1805472007181301    
  0.2175406300494425    
  0.2547331340329473    
  0.2920317300252323    
  0.3293435095514234    
  0.3665825388724530    
  0.4036555666239222    
  0.4404594690544137    
  0.4768946104909899    
  0.5128661440041300    
  0.5482724194321354    
  0.5830072041659242    
  0.6169741650867926    
  0.6500865088203888    
  0.6822543688954210    
  0.7133874209478817    
  0.7434092603083156    
  0.7722557202246549    
  0.7998622593092480    
  0.8261695244090929    
  0.8511392200181862    
  0.8747468119908255    
  0.8969603911547488    
  0.9177469450642353    
  0.9371002663827843    
  0.9550417659437311    
  0.9715905584602995    
  0.9867530006034499    
   1.000544906138041    
   1.013000949510713    
   1.024154950334776    
   1.034034179790722    
   1.042684463710846    
   1.050179135332291    
