   41.02586446492931    
   41.16359850217037    
   41.55773259495484    
   42.87678551750523    
   44.03332857326826    
   44.31646702196788    
   44.85014820521096    
   46.41073012111610    
   47.85168531785275    
   48.34463282574800    
   49.08750418723819    
   50.99660846852270    
   52.84717632673851    
   53.65788267903683    
   54.72444460807054    
   57.14811737181218    
   59.60070275231649    
   60.89626044983721    
   62.46336097448213    
   65.65993671262079    
   69.02042698569691    
   71.07147082474538    
   73.42284209997099    
   77.80288878001554    
   82.55573106341153    
   85.77637985101521    
   89.32175958288924    
   95.47294249601967    
   102.2701637592516    
   107.0658259190650    
   111.9982925559340    
   120.1192737687856    
   128.7171073589687    
   133.3567397473745    
   135.8241183951851    
   139.1879346400486    
   136.7005610016002    
   115.6652869847459    
   69.38647293926766    
  -11.31964281643512    
  -159.1216340910216    
  -414.0965201025386    
  -760.4011933161537    
  -1088.630031102913    
  -1253.598507800299    
  -1186.786158594119    
  -947.3317922308242    
  -661.8545986983632    
  -425.8133222802483    
  -263.2242146762402    
  -156.1557641147113    
  -84.94843661285636    
  -38.78134217294650    
  -8.821129546163403    
   12.72259464708710    
   28.36744730761506    
   36.93832198583138    
   39.22918301809923    
   38.77490199072385    
   37.81039855284758    
   35.81760612221190    
   32.41623555769019    
   29.12170416024253    
   27.25019158565194    
   25.95701463029354    
   23.79574244813740    
   21.06053454206370    
   19.00532645279486    
   17.47572338048158    
   15.13500026604668    
   11.84735179945428    
   8.967863706143248    
   7.005266385018031    
   4.834800464219191    
   1.867300228346135    
 -0.7840913822735770    
  -2.287274181466829    
  -3.584504042014591    
  -5.635483516297796    
  -7.665242903753154    
  -8.666916682223833    
  -9.331558803302235    
  -10.78520430133199    
  -12.52344698186686    
  -13.43048715815680    
  -13.92308248506218    
  -15.15349830172237    
  -16.82226978533741    
  -17.77423294535463    
  -18.20419283278911    
  -19.24499612379761    
  -20.76863532226868    
  -21.64071849316642    
  -21.90464634506314    
  -22.66940305202423    
  -23.95098655507286    
  -24.66116248329137    
  -24.73674361553928    
  -25.25883052922005    
  -26.35241495547675    
  -26.96906474385319    
  -26.95636126259695    
  -27.36051292962189    
  -28.38351011417887    
  -29.00137051780604    
  -28.98195645098350    
  -29.33907639487173    
  -30.33666238481366    
  -30.96817196664315    
  -30.93565663275215    
  -31.23508642093810    
  -32.19184275015139    
  -32.81470148545558    
  -32.75126582469310    
  -32.99403073061978    
  -33.92963116109224    
  -34.57246998785263    
  -34.51433849976591    
  -34.75046685357712    
  -35.72497435644040    
  -36.44236733249968    
  -36.43114853232012    
  -36.69719224906768    
  -37.74645939346505    
  -38.56402287401019    
  -38.61135828831210    
  -38.92070212525702    
  -40.07320817474195    
  -41.02586446492931    
  -41.16359850217037    
  -41.55773259495484    
  -42.87678551750523    
  -44.03332857326826    
  -44.31646702196788    
  -44.85014820521096    
  -46.41073012111610    
  -47.85168531785275    
  -48.34463282574800    
  -49.08750418723819    
  -50.99660846852270    
  -52.84717632673851    
  -53.65788267903683    
  -54.72444460807054    
  -57.14811737181218    
  -59.60070275231649    
  -60.89626044983721    
  -62.46336097448213    
  -65.65993671262079    
  -69.02042698569691    
  -71.07147082474538    
  -73.42284209997099    
  -77.80288878001554    
  -82.55573106341153    
  -85.77637985101521    
  -89.32175958288924    
  -95.47294249601967    
  -102.2701637592516    
  -107.0658259190650    
  -111.9982925559340    
  -120.1192737687856    
  -128.7171073589687    
  -133.3567397473745    
  -135.8241183951851    
  -139.1879346400486    
  -136.7005610016002    
  -115.6652869847459    
  -69.38647293926766    
   11.31964281643512    
   159.1216340910216    
   414.0965201025386    
   760.4011933161537    
   1088.630031102913    
   1253.598507800299    
   1186.786158594119    
   947.3317922308242    
   661.8545986983632    
   425.8133222802483    
   263.2242146762402    
   156.1557641147113    
   84.94843661285636    
   38.78134217294650    
   8.821129546163403    
  -12.72259464708710    
  -28.36744730761506    
  -36.93832198583138    
  -39.22918301809923    
  -38.77490199072385    
  -37.81039855284758    
  -35.81760612221190    
  -32.41623555769019    
  -29.12170416024253    
  -27.25019158565194    
  -25.95701463029354    
  -23.79574244813740    
  -21.06053454206370    
  -19.00532645279486    
  -17.47572338048158    
  -15.13500026604668    
  -11.84735179945428    
  -8.967863706143248    
  -7.005266385018031    
  -4.834800464219191    
  -1.867300228346135    
  0.7840913822735770    
   2.287274181466829    
   3.584504042014591    
   5.635483516297796    
   7.665242903753154    
   8.666916682223833    
   9.331558803302235    
   10.78520430133199    
   12.52344698186686    
   13.43048715815680    
   13.92308248506218    
   15.15349830172237    
   16.82226978533741    
   17.77423294535463    
   18.20419283278911    
   19.24499612379761    
   20.76863532226868    
   21.64071849316642    
   21.90464634506314    
   22.66940305202423    
   23.95098655507286    
   24.66116248329137    
   24.73674361553928    
   25.25883052922005    
   26.35241495547675    
   26.96906474385319    
   26.95636126259695    
   27.36051292962189    
   28.38351011417887    
   29.00137051780604    
   28.98195645098350    
   29.33907639487173    
   30.33666238481366    
   30.96817196664315    
   30.93565663275215    
   31.23508642093810    
   32.19184275015139    
   32.81470148545558    
   32.75126582469310    
   32.99403073061978    
   33.92963116109224    
   34.57246998785263    
   34.51433849976591    
   34.75046685357712    
   35.72497435644040    
   36.44236733249968    
   36.43114853232012    
   36.69719224906768    
   37.74645939346505    
   38.56402287401019    
   38.61135828831210    
   38.92070212525702    
   40.07320817474195    
