  0.7188410357760699    
  0.7243691791596344    
  0.7294858947383137    
  0.7342188283270137    
  0.7385936073984394    
  0.7426343630672942    
  0.7463638417189605    
  0.7498027687789214    
  0.7529692576635489    
  0.7558794853913028    
  0.7585491987075040    
  0.7609939005345487    
  0.7632273053216645    
  0.7652607792387688    
  0.7671052073007386    
  0.7687723146775733    
  0.7702728217821238    
  0.7716142714786044    
  0.7728023575649343    
  0.7738435162157429    
  0.7747439584031202    
  0.7755064711383024    
  0.7761305462932991    
  0.7766157042145541    
  0.7769621385914487    
  0.7771675465101876    
  0.7772259242448432    
  0.7771306703281995    
  0.7768766813370507    
  0.7764580805020980    
  0.7758661097150995    
  0.7750912134385507    
  0.7741256631506862    
  0.7729623007788866    
  0.7715920956889043    
  0.7700049568016910    
  0.7681919126127710    
  0.7661444162460320    
  0.7638520349239264    
  0.7613024440802201    
  0.7584829506649038    
  0.7553801283367525    
  0.7519782301153133    
  0.7482595102667754    
  0.7442059543037264    
  0.7397997275266975    
  0.7350228902044191    
  0.7298584413291543    
  0.7242913361976022    
  0.7183072752791606    
  0.7118913733951421    
  0.7050296106071487    
  0.6977104536728763    
  0.6899224679958975    
  0.6816503379059813    
  0.6728751243114225    
  0.6635780755475692    
  0.6537419724153520    
  0.6433491518083825    
  0.6323815114201906    
  0.6208239161855932    
  0.6086658603249911    
  0.5958988407820868    
  0.5825135958592074    
  0.5685003465362454    
  0.5538494372832111    
  0.5385502154354824    
  0.5225908420763782    
  0.5059610363962130    
  0.4886547125353175    
  0.4706695499271782    
  0.4520053284877762    
  0.4326635850798722    
  0.4126475677350065    
  0.3919612340496653    
  0.3706092005481262    
  0.3485989897230797    
  0.3259430327441376    
  0.3026580482517693    
  0.2787635549537708    
  0.2542819638669397    
  0.2292393249431766    
  0.2036651163000470    
  0.1775921593844828    
  0.1510577562045368    
  0.1241043132850986    
  0.9677810585565066E-01
  0.6912818533701960E-01
  0.4120719941907965E-01
  0.1307224677567137E-01
 -0.1521621625075318E-01
 -0.4359574391447008E-01
 -0.7200155597922972E-01
 -0.1003660926616586    
 -0.1286204647217776    
 -0.1566961268998966    
 -0.1845246322816198    
 -0.2120371481427807    
 -0.2391660850850709    
 -0.2658472011627717    
 -0.2920195220858772    
 -0.3176244612108637    
 -0.3426069670172621    
 -0.3669176166211903    
 -0.3905127774072732    
 -0.4133535904076850    
 -0.4354064651442766    
 -0.4566443761842149    
 -0.4770463950891483    
 -0.4965963956036696    
 -0.5152837840889126    
 -0.5331052122016355    
 -0.5500637276215714    
 -0.5661658790593597    
 -0.5814208197858078    
 -0.5958419940965953    
 -0.6094477637207609    
 -0.6222597496623243    
 -0.6343018511393899    
 -0.6456011422338036    
 -0.6561878102804585    
 -0.6660927284256258    
 -0.6753455298160649    
 -0.6839753937079759    
 -0.6920124813186436    
 -0.6994875354878333    
 -0.7064307144313692    
 -0.7128717762947370    
 -0.7188410357760699    
 -0.7243691791596344    
 -0.7294858947383137    
 -0.7342188283270137    
 -0.7385936073984394    
 -0.7426343630672942    
 -0.7463638417189605    
 -0.7498027687789214    
 -0.7529692576635489    
 -0.7558794853913028    
 -0.7585491987075040    
 -0.7609939005345487    
 -0.7632273053216645    
 -0.7652607792387688    
 -0.7671052073007386    
 -0.7687723146775733    
 -0.7702728217821238    
 -0.7716142714786044    
 -0.7728023575649343    
 -0.7738435162157429    
 -0.7747439584031202    
 -0.7755064711383024    
 -0.7761305462932991    
 -0.7766157042145541    
 -0.7769621385914487    
 -0.7771675465101876    
 -0.7772259242448432    
 -0.7771306703281995    
 -0.7768766813370507    
 -0.7764580805020980    
 -0.7758661097150995    
 -0.7750912134385507    
 -0.7741256631506862    
 -0.7729623007788866    
 -0.7715920956889043    
 -0.7700049568016910    
 -0.7681919126127710    
 -0.7661444162460320    
 -0.7638520349239264    
 -0.7613024440802201    
 -0.7584829506649038    
 -0.7553801283367525    
 -0.7519782301153133    
 -0.7482595102667754    
 -0.7442059543037264    
 -0.7397997275266975    
 -0.7350228902044191    
 -0.7298584413291543    
 -0.7242913361976022    
 -0.7183072752791606    
 -0.7118913733951421    
 -0.7050296106071487    
 -0.6977104536728763    
 -0.6899224679958975    
 -0.6816503379059813    
 -0.6728751243114225    
 -0.6635780755475692    
 -0.6537419724153520    
 -0.6433491518083825    
 -0.6323815114201906    
 -0.6208239161855932    
 -0.6086658603249911    
 -0.5958988407820868    
 -0.5825135958592074    
 -0.5685003465362454    
 -0.5538494372832111    
 -0.5385502154354824    
 -0.5225908420763782    
 -0.5059610363962130    
 -0.4886547125353175    
 -0.4706695499271782    
 -0.4520053284877762    
 -0.4326635850798722    
 -0.4126475677350065    
 -0.3919612340496653    
 -0.3706092005481262    
 -0.3485989897230797    
 -0.3259430327441376    
 -0.3026580482517693    
 -0.2787635549537708    
 -0.2542819638669397    
 -0.2292393249431766    
 -0.2036651163000470    
 -0.1775921593844828    
 -0.1510577562045368    
 -0.1241043132850986    
 -0.9677810585565066E-01
 -0.6912818533701960E-01
 -0.4120719941907965E-01
 -0.1307224677567137E-01
  0.1521621625075318E-01
  0.4359574391447008E-01
  0.7200155597922972E-01
  0.1003660926616586    
  0.1286204647217776    
  0.1566961268998966    
  0.1845246322816198    
  0.2120371481427807    
  0.2391660850850709    
  0.2658472011627717    
  0.2920195220858772    
  0.3176244612108637    
  0.3426069670172621    
  0.3669176166211903    
  0.3905127774072732    
  0.4133535904076850    
  0.4354064651442766    
  0.4566443761842149    
  0.4770463950891483    
  0.4965963956036696    
  0.5152837840889126    
  0.5331052122016355    
  0.5500637276215714    
  0.5661658790593597    
  0.5814208197858078    
  0.5958419940965953    
  0.6094477637207609    
  0.6222597496623243    
  0.6343018511393899    
  0.6456011422338036    
  0.6561878102804585    
  0.6660927284256258    
  0.6753455298160649    
  0.6839753937079759    
  0.6920124813186436    
  0.6994875354878333    
  0.7064307144313692    
  0.7128717762947370    
