  0.9480943973811027    
  0.9466009425778201    
  0.9446111056794458    
  0.9421564207704409    
  0.9392661867431769    
  0.9359680048803117    
  0.9322879020423059    
  0.9282497090770236    
  0.9238744924276125    
  0.9191812528706474    
  0.9141884416146209    
  0.9089141458106210    
  0.9033745517185380    
  0.8975834071400650    
  0.8915539030858013    
  0.8852999886610460    
  0.8788345225117878    
  0.8721671227097715    
  0.8653055239248619    
  0.8582581717547593    
  0.8510332467578623    
  0.8436354844802241    
  0.8360663435724285    
  0.8283273461213490    
  0.8204207129536614    
  0.8123462008557716    
  0.8040999347496546    
  0.7956775348770588    
  0.7870762025959351    
  0.7782924406719600    
  0.7693199664268449    
  0.7601518170340886    
  0.7507829642092190    
  0.7412090392620434    
  0.7314238965622968    
  0.7214204425007307    
  0.7111928117201198    
  0.7007356582524493    
  0.6900418509227472    
  0.6791024879078642    
  0.6679084290730053    
  0.6564499319072582    
  0.6447150781395863    
  0.6326901181065494    
  0.6203612095948137    
  0.6077148618542809    
  0.5947376474157364    
  0.5814172390204135    
  0.5677434065158269    
  0.5537067857278744    
  0.5392975449930604    
  0.5245068333750631    
  0.5093283783388546    
  0.4937560766792293    
  0.4777800336879422    
  0.4613868633643469    
  0.4445635154158730    
  0.4272986041893980    
  0.4095804230728458    
  0.3913969556168380    
  0.3727392677414909    
  0.3536031234129052    
  0.3339863187276272    
  0.3138859157702841    
  0.2932984932042183    
  0.2722207884420117    
  0.2506485819181223    
  0.2285765239953519    
  0.2060008815631649    
  0.1829221447109829    
  0.1593445552450003    
  0.1352744153562896    
  0.1107197299668871    
  0.8569014764735400E-01
  0.6019595243782899E-01
  0.3424801556216317E-01
  0.7860033115952625E-02
 -0.1894950607891710E-01
 -0.4615798356963918E-01
 -0.7374016553534252E-01
 -0.1016681284519068    
 -0.1299105364725698    
 -0.1584328790341333    
 -0.1871975788212487    
 -0.2161628835146834    
 -0.2452822826684491    
 -0.2745057809478044    
 -0.3037810132309352    
 -0.3330524463300671    
 -0.3622605587646832    
 -0.3913429685864225    
 -0.4202358214774046    
 -0.4488734611936599    
 -0.4771880086881192    
 -0.5051108331267267    
 -0.5325742285805968    
 -0.5595111655897821    
 -0.5858548131873051    
 -0.6115401707512844    
 -0.6365061536667445    
 -0.6606954850762363    
 -0.6840537973487593    
 -0.7065307624140953    
 -0.7280821490990889    
 -0.7486699359011818    
 -0.7682612533649714    
 -0.7868288425976773    
 -0.8043523034666231    
 -0.8208175721942463    
 -0.8362155839896055    
 -0.8505429647940075    
 -0.8638036880168048    
 -0.8760081612282273    
 -0.8871702890881964    
 -0.8973065571610583    
 -0.9064376909983706    
 -0.9145892380019327    
 -0.9217898702241575    
 -0.9280703801469179    
 -0.9334645521849558    
 -0.9380090671520259    
 -0.9417410541313527    
 -0.9446961699947858    
 -0.9469093963491553    
 -0.9484164705663318    
 -0.9492534736257506    
 -0.9494556622054720    
 -0.9490576574141397    
 -0.9480943973811027    
 -0.9466009425778201    
 -0.9446111056794458    
 -0.9421564207704409    
 -0.9392661867431769    
 -0.9359680048803117    
 -0.9322879020423059    
 -0.9282497090770236    
 -0.9238744924276125    
 -0.9191812528706474    
 -0.9141884416146209    
 -0.9089141458106210    
 -0.9033745517185380    
 -0.8975834071400650    
 -0.8915539030858013    
 -0.8852999886610460    
 -0.8788345225117878    
 -0.8721671227097715    
 -0.8653055239248619    
 -0.8582581717547593    
 -0.8510332467578623    
 -0.8436354844802241    
 -0.8360663435724285    
 -0.8283273461213490    
 -0.8204207129536614    
 -0.8123462008557716    
 -0.8040999347496546    
 -0.7956775348770588    
 -0.7870762025959351    
 -0.7782924406719600    
 -0.7693199664268449    
 -0.7601518170340886    
 -0.7507829642092190    
 -0.7412090392620434    
 -0.7314238965622968    
 -0.7214204425007307    
 -0.7111928117201198    
 -0.7007356582524493    
 -0.6900418509227472    
 -0.6791024879078642    
 -0.6679084290730053    
 -0.6564499319072582    
 -0.6447150781395863    
 -0.6326901181065494    
 -0.6203612095948137    
 -0.6077148618542809    
 -0.5947376474157364    
 -0.5814172390204135    
 -0.5677434065158269    
 -0.5537067857278744    
 -0.5392975449930604    
 -0.5245068333750631    
 -0.5093283783388546    
 -0.4937560766792293    
 -0.4777800336879422    
 -0.4613868633643469    
 -0.4445635154158730    
 -0.4272986041893980    
 -0.4095804230728458    
 -0.3913969556168380    
 -0.3727392677414909    
 -0.3536031234129052    
 -0.3339863187276272    
 -0.3138859157702841    
 -0.2932984932042183    
 -0.2722207884420117    
 -0.2506485819181223    
 -0.2285765239953519    
 -0.2060008815631649    
 -0.1829221447109829    
 -0.1593445552450003    
 -0.1352744153562896    
 -0.1107197299668871    
 -0.8569014764735400E-01
 -0.6019595243782899E-01
 -0.3424801556216317E-01
 -0.7860033115952625E-02
  0.1894950607891710E-01
  0.4615798356963918E-01
  0.7374016553534252E-01
  0.1016681284519068    
  0.1299105364725698    
  0.1584328790341333    
  0.1871975788212487    
  0.2161628835146834    
  0.2452822826684491    
  0.2745057809478044    
  0.3037810132309352    
  0.3330524463300671    
  0.3622605587646832    
  0.3913429685864225    
  0.4202358214774046    
  0.4488734611936599    
  0.4771880086881192    
  0.5051108331267267    
  0.5325742285805968    
  0.5595111655897821    
  0.5858548131873051    
  0.6115401707512844    
  0.6365061536667445    
  0.6606954850762363    
  0.6840537973487593    
  0.7065307624140953    
  0.7280821490990889    
  0.7486699359011818    
  0.7682612533649714    
  0.7868288425976773    
  0.8043523034666231    
  0.8208175721942463    
  0.8362155839896055    
  0.8505429647940075    
  0.8638036880168048    
  0.8760081612282273    
  0.8871702890881964    
  0.8973065571610583    
  0.9064376909983706    
  0.9145892380019327    
  0.9217898702241575    
  0.9280703801469179    
  0.9334645521849558    
  0.9380090671520259    
  0.9417410541313527    
  0.9446961699947858    
  0.9469093963491553    
  0.9484164705663318    
  0.9492534736257506    
  0.9494556622054720    
  0.9490576574141397    
