  0.3063976467761587    
  0.3076174007316005    
  0.3088465532888993    
  0.3100851961278959    
  0.3113334227544107    
  0.3125913285334378    
  0.3138590107229015    
  0.3151365685079823    
  0.3164241030364892    
  0.3177217174552837    
  0.3190295169473163    
  0.3203476087692892    
  0.3216761022904378    
  0.3230151090324313    
  0.3243647427099239    
  0.3257251192717684    
  0.3270963569434058    
  0.3284785762704237    
  0.3298719001628100    
  0.3312764539399089    
  0.3326923653766142    
  0.3341197647507832    
  0.3355587848913744    
  0.3370095612273187    
  0.3384722318376647    
  0.3399469375029756    
  0.3414338217574504    
  0.3429330309417817    
  0.3444447142573060    
  0.3459690238214128    
  0.3475061147236503    
  0.3490561450825278    
  0.3506192761035783    
  0.3521956721386345    
  0.3537855007457254    
  0.3553889327495794    
  0.3570061423033073    
  0.3586373069512081    
  0.3602826076920526    
  0.3619422290427996    
  0.3636163591033014    
  0.3653051896218978    
  0.3670089160612144    
  0.3687277376640943    
  0.3704618575202165    
  0.3722114826332620    
  0.3739768239878476    
  0.3757580966161023    
  0.3775555196644008    
  0.3793693164600671    
  0.3811997145771951    
  0.3830469459013792    
  0.3849112466938084    
  0.3867928576544221    
  0.3886920239831256    
  0.3906089954387533    
  0.3925440263961581    
  0.3944973759010209    
  0.3964693077212075    
  0.3984600903941885    
  0.4004699972707385    
  0.4024993065543249    
  0.4045483013347805    
  0.4066172696155399    
  0.4087065043344345    
  0.4108163033771619    
  0.4129469695816918    
  0.4150988107325372    
  0.4172721395445796    
  0.4194672736351854    
  0.4216845354823893    
  0.4239242523675923    
  0.4261867563019537    
  0.4284723839346632    
  0.4307814764402140    
  0.4331143793824092    
  0.4354714425535426    
  0.4378530197861015    
  0.4402594687331537    
  0.4426911506141544    
  0.4451484299235767    
  0.4476316740985372    
  0.4501412531402205    
  0.4526775391843673    
  0.4552409060166934    
  0.4578317285276972    
  0.4604503820997370    
  0.4630972419195686    
  0.4657726822099976    
  0.4684770753726583    
  0.4712107910320510    
  0.4739741949710585    
  0.4767676479484400    
  0.4795915043868392    
  0.4824461109175828    
  0.4853318047683217    
  0.4882489119795879    
  0.4911977454339619    
  0.4941786026787612    
  0.4971917635224917    
  0.5002374873849531    
  0.5033160103780501    
  0.5064275420909918    
  0.5095722620524151    
  0.5127503158411654    
  0.5159618108140464    
  0.5192068114148072    
  0.5224853340269449    
  0.5257973413317298    
  0.5291427361290120    
  0.5325213545738356    
  0.5359329587799408    
  0.5393772287400384    
  0.5428537535089221    
  0.5463620215910288    
  0.5499014104726007    
  0.5534711752384700    
  0.5570704362110853    
  0.5606981655467714    
  0.5643531727253697    
  0.5680340888728633    
  0.5717393498586333    
  0.5754671781117388    
  0.5792155631086673    
  0.5829822404972249    
  0.5867646698338602    
  0.5905600109269564    
  0.5943650988016580    
  0.5981764173319661    
  0.6019900716193293    
  0.6058017592360275    
  0.6096067405020394    
  0.6133998080254803    
  0.6171752558048734    
  0.6209268482683291    
  0.6246477897158313    
  0.6283306947354967    
  0.6319675602770127    
  0.6355497401852203    
  0.6390679231277290    
  0.6425121149892732    
  0.6458716269423227    
  0.6491350705329837    
  0.6522903612422153    
  0.6553247320859925    
  0.6582247588872545    
  0.6609763988743982    
  0.6635650442282267    
  0.6659755920981271    
  0.6681925324181792    
  0.6702000545604383    
  0.6719821734613773    
  0.6735228753438816    
  0.6748062825252297    
  0.6758168360577608    
  0.6765394941182615    
  0.6769599431765448    
  0.6770648180679522    
  0.6768419262168373    
  0.6762804704738954    
  0.6753712644070864    
  0.6741069334820549    
  0.6724820954366220    
  0.6704935133438911    
  0.6681402153975013    
  0.6654235763350365    
  0.6623473566094352    
  0.6589176968728544    
  0.6551430669774904    
  0.6510341704210459    
  0.6466038068585073    
  0.6418666968635695    
  0.6368392744606404    
  0.6315394539810035    
  0.6259863784679476    
  0.6202001571466724    
  0.6142015993981758    
  0.6080119522633491    
  0.6016526478038656    
  0.5951450657315585    
  0.5885103156685434    
  0.5817690422894520    
  0.5749412554877273    
  0.5680461866587031    
  0.5611021712520489    
  0.5541265569439747    
  0.5471356361265003    
  0.5401446009117792    
  0.5331675185025566    
  0.5262173245721278    
  0.5193058322065242    
  0.5124437539681210    
  0.5056407347265690    
  0.4989053930500369    
  0.4922453691349882    
  0.4856673774602648    
  0.4791772625714379    
  0.4727800566243177    
  0.4664800375306524    
  0.4602807867483053    
  0.4541852459419697    
  0.4481957719073807    
  0.4423141892981233    
  0.4365418408190412    
  0.4308796346573188    
  0.4253280890136627    
  0.4198873736705229    
  0.4145573485930376    
  0.4093375996053036    
  0.4042274712222453    
  0.3992260967450948    
  0.3943324257471583    
  0.3895452490892705    
  0.3848632216132039    
  0.3802848826653831    
  0.3758086746027753    
  0.3714329594301751    
  0.3671560337146898    
  0.3629761419179492    
  0.3588914882792544    
  0.3549002473752029    
  0.3510005734743201    
  0.3471906087977183    
  0.3434684907884102    
  0.3398323584839177    
  0.3362803580799476    
  0.3328106477660405    
  0.3294214019068842    
  0.3261108146363166    
  0.3228771029255681    
  0.3197185091819406    
  0.3166333034285487    
  0.3136197851107660    
  0.3106762845710506    
  0.3078011642299562    
  0.3049928195070876    
  0.3022496795122126    
  0.2995702075340456    
  0.2969529013515493    
  0.2943962933897399    
  0.2918989507395489    
  0.2894594750595464    
  0.2870765023755391    
  0.2847487027920777    
  0.2824747801282620    
  0.2802534714891524    
  0.2780835467829244    
  0.2759638081925413    
  0.2738930896096262    
  0.2718702560375746    
  0.2698942029701810    
  0.2679638557511245    
  0.2660781689189465    
  0.2642361255417970    
  0.2624367365457200    
  0.2606790400396066    
  0.2589621006395034    
  0.2572850087947934    
  0.2556468801184102    
  0.2540468547228167    
  0.2524840965632038    
  0.2509577927893125    
  0.2494671531070428    
  0.2480114091506826    
  0.2465898138664648    
  0.2452016409081670    
  0.2438461840452819    
  0.2425227565840559    
  0.2412306908016408    
  0.2399693373936645    
  0.2387380649353683    
  0.2375362593562754    
  0.2363633234283684    
  0.2352186762678407    
  0.2341017528503427    
  0.2330120035395105    
  0.2319488936286050    
  0.2309119028951817    
  0.2299005251685945    
  0.2289142679100178    
  0.2279526518047485    
  0.2270152103666424    
  0.2261014895544149    
  0.2252110473994535    
  0.2243434536448766    
  0.2234982893956641    
  0.2226751467795658    
  0.2218736286184182    
  0.2210933481096126    
  0.2203339285175373    
  0.2195950028746858    
  0.2188762136920768    
  0.2181772126787460    
  0.2174976604701417    
  0.2168372263651279    
  0.2161955880712467    
  0.2155724314580297    
  0.2149674503182149    
  0.2143803461365817    
  0.2138108278660841    
  0.2132586117110893    
  0.2127234209176002    
  0.2122049855701998    
  0.2117030423954227    
  0.2112173345713868    
  0.2107476115435740    
  0.2102936288465176    
  0.2098551479311410    
  0.2094319359976056    
  0.2090237658335679    
  0.2086304156576166    
  0.2082516689676650    
  0.2078873143941912    
  0.2075371455582320    
  0.2072009609339104    
  0.2068785637153084    
  0.2065697616876020    
  0.2062743671023751    
  0.2059921965568982    
  0.2057230708772084    
  0.2054668150049441    
  0.2052232578878518    
  0.2049922323737577    
  0.2047735751078635    
  0.2045671264333515    
  0.2043727302952180    
  0.2041902341471298    
  0.2040194888611808    
  0.2038603486405711    
  0.2037126709351310    
  0.2035763163594796    
  0.2034511486137157    
  0.2033370344066830    
  0.2032338433817455    
  0.2031414480448565    
  0.2030597236948367    
  0.2029885483559290    
  0.2029278027125691    
  0.2028773700461418    
  0.2028371361736614    
  0.2028069893884745    
  0.2027868204029235    
  0.2027765222927323    
  0.2027759904430582    
  0.2027851224963356    
  0.2028038183018615    
  0.2028319798668696    
  0.2028695113090493    
  0.2029163188106611    
  0.2029723105741977    
  0.2030373967793275    
  0.2031114895410792    
  0.2031945028694536    
  0.2032863526304208    
  0.2033869565080189    
  0.2034962339675110    
  0.2036141062198144    
  0.2037404961871776    
  0.2038753284698089    
  0.2040185293134017    
  0.2041700265777923    
  0.2043297497067435    
  0.2044976296985488    
  0.2046735990773972    
  0.2048575918657447    
  0.2050495435577077    
  0.2052493910931647    
  0.2054570728324961    
  0.2056725285322224    
  0.2058956993215689    
  0.2061265276796419    
  0.2063649574131432    
  0.2066109336348884    
  0.2068644027431681    
  0.2071253124016331    
  0.2073936115196283    
  0.2076692502332500    
  0.2079521798871811    
  0.2082423530169766    
  0.2085397233317154    
  0.2088442456973048    
  0.2091558761204975    
  0.2094745717333031    
  0.2098002907777032    
  0.2101329925909537    
  0.2104726375915448    
  0.2108191872655022    
  0.2111726041529346    
  0.2115328518351212    
  0.2118998949222097    
  0.2122736990412076    
  0.2126542308241700    
  0.2130414578968887    
  0.2134353488681541    
  0.2138358733192719    
  0.2142430017937342    
  0.2146567057873508    
  0.2150769577389237    
  0.2155037310211439    
  0.2159369999316098    
  0.2163767396842743    
  0.2168229264014078    
  0.2172755371057523    
  0.2177345497127684    
  0.2181999430232929    
  0.2186716967166879    
  0.2191497913441619    
  0.2196342083221552    
  0.2201249299261110    
  0.2206219392847276    
  0.2211252203743625    
  0.2216347580134835    
  0.2221505378574891    
  0.2226725463939943    
  0.2232007709382559    
  0.2237351996286257    
  0.2242758214223617    
  0.2248226260918951    
  0.2253756042212228    
  0.2259347472023182    
  0.2265000472318925    
  0.2270714973086063    
  0.2276490912303983    
  0.2282328235918182    
  0.2288226897817028    
  0.2294186859813034    
  0.2300208091625292    
  0.2306290570861849    
  0.2312434283005427    
  0.2318639221403641    
  0.2324905387260382    
  0.2331232789627170    
  0.2337621445397782    
  0.2344071379307338    
  0.2350582623932520    
  0.2357155219691801    
  0.2363789214848983    
  0.2370484665521192    
  0.2377241635688028    
  0.2384060197200714    
  0.2390940429794619    
  0.2397882421106295    
  0.2404886266691707    
  0.2411952070044483    
  0.2419079942617576    
  0.2426270003849492    
  0.2433522381191796    
  0.2440837210136737    
  0.2448214634248320    
  0.2455654805197970    
  0.2463157882801557    
  0.2470724035056625    
  0.2478353438183215    
  0.2486046276669328    
  0.2493802743317779    
  0.2501623039293414    
  0.2509507374174110    
  0.2517455966006521    
  0.2525469041363298    
  0.2533546835400763    
  0.2541689591920481    
  0.2549897563435779    
  0.2558171011239868    
  0.2566510205474593    
  0.2574915425203260    
  0.2583386958488528    
  0.2591925102472010    
  0.2600530163454678    
  0.2609202456981560    
  0.2617942307931669    
  0.2626750050609817    
  0.2635626028839430    
  0.2644570596059903    
  0.2653584115429321    
  0.2662666959929250    
  0.2671819512470739    
  0.2681042166005213    
  0.2690335323640985    
  0.2699699398762013    
  0.2709134815148139    
  0.2718642007100465    
  0.2728221419572645    
  0.2737873508304653    
  0.2747598739958300    
  0.2757397592258208    
  0.2767270554138966    
  0.2777218125895016    
  0.2787240819332616    
  0.2797339157927620    
  0.2807513676989706    
  0.2817764923829625    
  0.2828093457928971    
  0.2838499851116242    
  0.2848984687749725    
  0.2859548564903631    
  0.2870192092557111    
  0.2880915893790055    
  0.2891720604986093    
  0.2902606876039134    
  0.2913575370563191    
  0.2924626766109492    
  0.2935761754391286    
  0.2946981041512515    
  0.2958285348200207    
  0.2969675410044795    
  0.2981151977748615    
  0.2992715817378702    
  0.3004367710623728    
  0.3016108455059448    
  0.3027938864422880    
  0.3039859768891161    
  0.3051872015365056    
  0.3063976467761587    
  0.3076174007316005    
  0.3088465532888993    
  0.3100851961278959    
  0.3113334227544107    
  0.3125913285334378    
  0.3138590107229015    
  0.3151365685079823    
  0.3164241030364892    
  0.3177217174552837    
  0.3190295169473163    
  0.3203476087692892    
  0.3216761022904378    
  0.3230151090324313    
  0.3243647427099239    
  0.3257251192717684    
  0.3270963569434058    
  0.3284785762704237    
  0.3298719001628100    
  0.3312764539399089    
  0.3326923653766142    
  0.3341197647507832    
  0.3355587848913744    
  0.3370095612273187    
  0.3384722318376647    
  0.3399469375029756    
  0.3414338217574504    
  0.3429330309417817    
  0.3444447142573060    
  0.3459690238214128    
  0.3475061147236503    
  0.3490561450825278    
  0.3506192761035783    
  0.3521956721386345    
  0.3537855007457254    
  0.3553889327495794    
  0.3570061423033073    
  0.3586373069512081    
  0.3602826076920526    
  0.3619422290427996    
  0.3636163591033014    
  0.3653051896218978    
  0.3670089160612144    
  0.3687277376640943    
  0.3704618575202165    
  0.3722114826332620    
  0.3739768239878476    
  0.3757580966161023    
  0.3775555196644008    
  0.3793693164600671    
  0.3811997145771951    
  0.3830469459013792    
  0.3849112466938084    
  0.3867928576544221    
  0.3886920239831256    
  0.3906089954387533    
  0.3925440263961581    
  0.3944973759010209    
  0.3964693077212075    
  0.3984600903941885    
  0.4004699972707385    
  0.4024993065543249    
  0.4045483013347805    
  0.4066172696155399    
  0.4087065043344345    
  0.4108163033771619    
  0.4129469695816918    
  0.4150988107325372    
  0.4172721395445796    
  0.4194672736351854    
  0.4216845354823893    
  0.4239242523675923    
  0.4261867563019537    
  0.4284723839346632    
  0.4307814764402140    
  0.4331143793824092    
  0.4354714425535426    
  0.4378530197861015    
  0.4402594687331537    
  0.4426911506141544    
  0.4451484299235767    
  0.4476316740985372    
  0.4501412531402205    
  0.4526775391843673    
  0.4552409060166934    
  0.4578317285276972    
  0.4604503820997370    
  0.4630972419195686    
  0.4657726822099976    
  0.4684770753726583    
  0.4712107910320510    
  0.4739741949710585    
  0.4767676479484400    
  0.4795915043868392    
  0.4824461109175828    
  0.4853318047683217    
  0.4882489119795879    
  0.4911977454339619    
  0.4941786026787612    
  0.4971917635224917    
  0.5002374873849531    
  0.5033160103780501    
  0.5064275420909918    
  0.5095722620524151    
  0.5127503158411654    
  0.5159618108140464    
  0.5192068114148072    
  0.5224853340269449    
  0.5257973413317298    
  0.5291427361290120    
  0.5325213545738356    
  0.5359329587799408    
  0.5393772287400384    
  0.5428537535089221    
  0.5463620215910288    
  0.5499014104726007    
  0.5534711752384700    
  0.5570704362110853    
  0.5606981655467714    
  0.5643531727253697    
  0.5680340888728633    
  0.5717393498586333    
  0.5754671781117388    
  0.5792155631086673    
  0.5829822404972249    
  0.5867646698338602    
  0.5905600109269564    
  0.5943650988016580    
  0.5981764173319661    
  0.6019900716193293    
  0.6058017592360275    
  0.6096067405020394    
  0.6133998080254803    
  0.6171752558048734    
  0.6209268482683291    
  0.6246477897158313    
  0.6283306947354967    
  0.6319675602770127    
  0.6355497401852203    
  0.6390679231277290    
  0.6425121149892732    
  0.6458716269423227    
  0.6491350705329837    
  0.6522903612422153    
  0.6553247320859925    
  0.6582247588872545    
  0.6609763988743982    
  0.6635650442282267    
  0.6659755920981271    
  0.6681925324181792    
  0.6702000545604383    
  0.6719821734613773    
  0.6735228753438816    
  0.6748062825252297    
  0.6758168360577608    
  0.6765394941182615    
  0.6769599431765448    
  0.6770648180679522    
  0.6768419262168373    
  0.6762804704738954    
  0.6753712644070864    
  0.6741069334820549    
  0.6724820954366220    
  0.6704935133438911    
  0.6681402153975013    
  0.6654235763350365    
  0.6623473566094352    
  0.6589176968728544    
  0.6551430669774904    
  0.6510341704210459    
  0.6466038068585073    
  0.6418666968635695    
  0.6368392744606404    
  0.6315394539810035    
  0.6259863784679476    
  0.6202001571466724    
  0.6142015993981758    
  0.6080119522633491    
  0.6016526478038656    
  0.5951450657315585    
  0.5885103156685434    
  0.5817690422894520    
  0.5749412554877273    
  0.5680461866587031    
  0.5611021712520489    
  0.5541265569439747    
  0.5471356361265003    
  0.5401446009117792    
  0.5331675185025566    
  0.5262173245721278    
  0.5193058322065242    
  0.5124437539681210    
  0.5056407347265690    
  0.4989053930500369    
  0.4922453691349882    
  0.4856673774602648    
  0.4791772625714379    
  0.4727800566243177    
  0.4664800375306524    
  0.4602807867483053    
  0.4541852459419697    
  0.4481957719073807    
  0.4423141892981233    
  0.4365418408190412    
  0.4308796346573188    
  0.4253280890136627    
  0.4198873736705229    
  0.4145573485930376    
  0.4093375996053036    
  0.4042274712222453    
  0.3992260967450948    
  0.3943324257471583    
  0.3895452490892705    
  0.3848632216132039    
  0.3802848826653831    
  0.3758086746027753    
  0.3714329594301751    
  0.3671560337146898    
  0.3629761419179492    
  0.3588914882792544    
  0.3549002473752029    
  0.3510005734743201    
  0.3471906087977183    
  0.3434684907884102    
  0.3398323584839177    
  0.3362803580799476    
  0.3328106477660405    
  0.3294214019068842    
  0.3261108146363166    
  0.3228771029255681    
  0.3197185091819406    
  0.3166333034285487    
  0.3136197851107660    
  0.3106762845710506    
  0.3078011642299562    
  0.3049928195070876    
  0.3022496795122126    
  0.2995702075340456    
  0.2969529013515493    
  0.2943962933897399    
  0.2918989507395489    
  0.2894594750595464    
  0.2870765023755391    
  0.2847487027920777    
  0.2824747801282620    
  0.2802534714891524    
  0.2780835467829244    
  0.2759638081925413    
  0.2738930896096262    
  0.2718702560375746    
  0.2698942029701810    
  0.2679638557511245    
  0.2660781689189465    
  0.2642361255417970    
  0.2624367365457200    
  0.2606790400396066    
  0.2589621006395034    
  0.2572850087947934    
  0.2556468801184102    
  0.2540468547228167    
  0.2524840965632038    
  0.2509577927893125    
  0.2494671531070428    
  0.2480114091506826    
  0.2465898138664648    
  0.2452016409081670    
  0.2438461840452819    
  0.2425227565840559    
  0.2412306908016408    
  0.2399693373936645    
  0.2387380649353683    
  0.2375362593562754    
  0.2363633234283684    
  0.2352186762678407    
  0.2341017528503427    
  0.2330120035395105    
  0.2319488936286050    
  0.2309119028951817    
  0.2299005251685945    
  0.2289142679100178    
  0.2279526518047485    
  0.2270152103666424    
  0.2261014895544149    
  0.2252110473994535    
  0.2243434536448766    
  0.2234982893956641    
  0.2226751467795658    
  0.2218736286184182    
  0.2210933481096126    
  0.2203339285175373    
  0.2195950028746858    
  0.2188762136920768    
  0.2181772126787460    
  0.2174976604701417    
  0.2168372263651279    
  0.2161955880712467    
  0.2155724314580297    
  0.2149674503182149    
  0.2143803461365817    
  0.2138108278660841    
  0.2132586117110893    
  0.2127234209176002    
  0.2122049855701998    
  0.2117030423954227    
  0.2112173345713868    
  0.2107476115435740    
  0.2102936288465176    
  0.2098551479311410    
  0.2094319359976056    
  0.2090237658335679    
  0.2086304156576166    
  0.2082516689676650    
  0.2078873143941912    
  0.2075371455582320    
  0.2072009609339104    
  0.2068785637153084    
  0.2065697616876020    
  0.2062743671023751    
  0.2059921965568982    
  0.2057230708772084    
  0.2054668150049441    
  0.2052232578878518    
  0.2049922323737577    
  0.2047735751078635    
  0.2045671264333515    
  0.2043727302952180    
  0.2041902341471298    
  0.2040194888611808    
  0.2038603486405711    
  0.2037126709351310    
  0.2035763163594796    
  0.2034511486137157    
  0.2033370344066830    
  0.2032338433817455    
  0.2031414480448565    
  0.2030597236948367    
  0.2029885483559290    
  0.2029278027125691    
  0.2028773700461418    
  0.2028371361736614    
  0.2028069893884745    
  0.2027868204029235    
  0.2027765222927323    
  0.2027759904430582    
  0.2027851224963356    
  0.2028038183018615    
  0.2028319798668696    
  0.2028695113090493    
  0.2029163188106611    
  0.2029723105741977    
  0.2030373967793275    
  0.2031114895410792    
  0.2031945028694536    
  0.2032863526304208    
  0.2033869565080189    
  0.2034962339675110    
  0.2036141062198144    
  0.2037404961871776    
  0.2038753284698089    
  0.2040185293134017    
  0.2041700265777923    
  0.2043297497067435    
  0.2044976296985488    
  0.2046735990773972    
  0.2048575918657447    
  0.2050495435577077    
  0.2052493910931647    
  0.2054570728324961    
  0.2056725285322224    
  0.2058956993215689    
  0.2061265276796419    
  0.2063649574131432    
  0.2066109336348884    
  0.2068644027431681    
  0.2071253124016331    
  0.2073936115196283    
  0.2076692502332500    
  0.2079521798871811    
  0.2082423530169766    
  0.2085397233317154    
  0.2088442456973048    
  0.2091558761204975    
  0.2094745717333031    
  0.2098002907777032    
  0.2101329925909537    
  0.2104726375915448    
  0.2108191872655022    
  0.2111726041529346    
  0.2115328518351212    
  0.2118998949222097    
  0.2122736990412076    
  0.2126542308241700    
  0.2130414578968887    
  0.2134353488681541    
  0.2138358733192719    
  0.2142430017937342    
  0.2146567057873508    
  0.2150769577389237    
  0.2155037310211439    
  0.2159369999316098    
  0.2163767396842743    
  0.2168229264014078    
  0.2172755371057523    
  0.2177345497127684    
  0.2181999430232929    
  0.2186716967166879    
  0.2191497913441619    
  0.2196342083221552    
  0.2201249299261110    
  0.2206219392847276    
  0.2211252203743625    
  0.2216347580134835    
  0.2221505378574891    
  0.2226725463939943    
  0.2232007709382559    
  0.2237351996286257    
  0.2242758214223617    
  0.2248226260918951    
  0.2253756042212228    
  0.2259347472023182    
  0.2265000472318925    
  0.2270714973086063    
  0.2276490912303983    
  0.2282328235918182    
  0.2288226897817028    
  0.2294186859813034    
  0.2300208091625292    
  0.2306290570861849    
  0.2312434283005427    
  0.2318639221403641    
  0.2324905387260382    
  0.2331232789627170    
  0.2337621445397782    
  0.2344071379307338    
  0.2350582623932520    
  0.2357155219691801    
  0.2363789214848983    
  0.2370484665521192    
  0.2377241635688028    
  0.2384060197200714    
  0.2390940429794619    
  0.2397882421106295    
  0.2404886266691707    
  0.2411952070044483    
  0.2419079942617576    
  0.2426270003849492    
  0.2433522381191796    
  0.2440837210136737    
  0.2448214634248320    
  0.2455654805197970    
  0.2463157882801557    
  0.2470724035056625    
  0.2478353438183215    
  0.2486046276669328    
  0.2493802743317779    
  0.2501623039293414    
  0.2509507374174110    
  0.2517455966006521    
  0.2525469041363298    
  0.2533546835400763    
  0.2541689591920481    
  0.2549897563435779    
  0.2558171011239868    
  0.2566510205474593    
  0.2574915425203260    
  0.2583386958488528    
  0.2591925102472010    
  0.2600530163454678    
  0.2609202456981560    
  0.2617942307931669    
  0.2626750050609817    
  0.2635626028839430    
  0.2644570596059903    
  0.2653584115429321    
  0.2662666959929250    
  0.2671819512470739    
  0.2681042166005213    
  0.2690335323640985    
  0.2699699398762013    
  0.2709134815148139    
  0.2718642007100465    
  0.2728221419572645    
  0.2737873508304653    
  0.2747598739958300    
  0.2757397592258208    
  0.2767270554138966    
  0.2777218125895016    
  0.2787240819332616    
  0.2797339157927620    
  0.2807513676989706    
  0.2817764923829625    
  0.2828093457928971    
  0.2838499851116242    
  0.2848984687749725    
  0.2859548564903631    
  0.2870192092557111    
  0.2880915893790055    
  0.2891720604986093    
  0.2902606876039134    
  0.2913575370563191    
  0.2924626766109492    
  0.2935761754391286    
  0.2946981041512515    
  0.2958285348200207    
  0.2969675410044795    
  0.2981151977748615    
  0.2992715817378702    
  0.3004367710623728    
  0.3016108455059448    
  0.3027938864422880    
  0.3039859768891161    
  0.3051872015365056    
