   1.583549913777633    
   1.586425692743780    
   1.589329330429788    
   1.592260728477539    
   1.595219754314021    
   1.598206106120468    
   1.601219493576632    
   1.604259776567156    
   1.607326790088480    
   1.610420218357004    
   1.613539768796616    
   1.616685252325478    
   1.619856331901552    
   1.623052397442095    
   1.626272847889506    
   1.629517281999731    
   1.632785243984316    
   1.636076012993421    
   1.639388844245573    
   1.642723198425643    
   1.646078511984025    
   1.649453935886811    
   1.652848514687662    
   1.656261423532083    
   1.659691797672232    
   1.663138513939950    
   1.666600374542442    
   1.670076324166299    
   1.673565235454968    
   1.677065639051715    
   1.680575905420578    
   1.684094530118974    
   1.687619986787544    
   1.691150455093546    
   1.694683966671428    
   1.698218686805950    
   1.701752761352514    
   1.705283959073390    
   1.708809704268259    
   1.712327374647713    
   1.715834327230513    
   1.719327703864681    
   1.722804434146473    
   1.726261356181523    
   1.729695112820117    
   1.733101978523975    
   1.736477966575829    
   1.739819028250228    
   1.743120966120021    
   1.746379226142315    
   1.749588917958733    
   1.752744897895939    
   1.755841626443559    
   1.758873051172482    
   1.761832818316819    
   1.764714469743808    
   1.767511211331884    
   1.770215590036019    
   1.772819596525563    
   1.775314941884287    
   1.777692962415537    
   1.779944310174510    
   1.782058937149093    
   1.784026268426308    
   1.785835125767196    
   1.787473518406745    
   1.788928697876920    
   1.790187312096191    
   1.791235244532061    
   1.792057326408526    
   1.792637380524818    
   1.792958428277342    
   1.793002566103510    
   1.792750623855758    
   1.792182090762786    
   1.791275251496365    
   1.790007103606076    
   1.788353111570859    
   1.786287173577226    
   1.783781698784408    
   1.780807414864164    
   1.777333038673805    
   1.773325222362545    
   1.768748648611024    
   1.763565843849603    
   1.757736815432532    
   1.751218940491566    
   1.743967006365185    
   1.735932975521353    
   1.727065574086372    
   1.717310137155478    
   1.706608616529667    
   1.694899311525021    
   1.682116411320707    
   1.668189791295601    
   1.653044967131148    
   1.636602732594847    
   1.618778557682233    
   1.599482255679705    
   1.578617903910621    
   1.556083525341913    
   1.531770497055696    
   1.505563120633051    
   1.477338371944891    
   1.446965411569794    
   1.414304861609706    
   1.379208293691323    
   1.341517946092173    
   1.301066226658763    
   1.257674960485426    
   1.211154803996209    
   1.161304861073042    
   1.107912080076833    
   1.050750403395212    
  0.9895801249693301    
  0.9241475397250208    
  0.8541844645953832    
  0.7794075415693624    
  0.6995177267067969    
  0.6142000612415275    
  0.5231233511071225    
  0.4259397084009357    
  0.3222844066427802    
  0.2117761917552174    
  0.9401766911510319E-01
 -0.3140433856765393E-01
 -0.1649180366092646    
 -0.3069653038161819    
 -0.4580000330845974    
 -0.6184862497150777    
 -0.7888956042836790    
 -0.9697040254386082    
  -1.161387757310962    
  -1.364418787915663    
  -1.579259246110655    
  -1.806354607180759    
  -2.046126017801768    
  -2.298961792254237    
  -2.565207637240273    
  -2.845155416123180    
  -3.139030783482856    
  -3.446979804535771    
  -3.769054233835361    
  -4.105195531797708    
  -4.455218386696391    
  -4.818794249912597    
  -5.195434689094348    
  -5.584474633687979    
  -5.985056508726013    
  -6.396116341940073    
  -6.816372311110047    
  -7.244316297165724    
  -7.678209736467615    
  -8.116084943112048    
  -8.555752137092847    
  -8.994812319671370    
  -9.430677051466024    
  -9.860596287786450    
  -10.28169409797672    
  -10.69101105492775    
  -11.08555237115277    
  -11.46234119272389    
  -11.81847572270865    
  -12.15118797287730    
  -12.45790196314380    
  -12.73628939264197    
  -12.98432042220024    
  -13.20030705063097    
  -13.38293738312449    
  -13.53129992208602    
  -13.64489694739523    
  -13.72364606190103    
  -13.76787012186373    
  -13.77827702251876    
  -13.75593073201490    
  -13.70221437254317    
  -13.61878673705318    
  -13.50753491089336    
  -13.37052571140154    
  -13.20995742588635    
  -13.02811268707939    
  -12.82731384797127    
  -12.60988245763842    
  -12.37810366194517    
  -12.13419563959580    
  -11.88028424002786    
  -11.61838300606985    
  -11.35037823750343    
  -11.07801847567859    
  -10.80290814515347    
  -10.52650516496952    
  -10.25012173687156    
  -9.974927272861724    
  -9.701953094741608    
  -9.432099015400611    
  -9.166141389742769    
  -8.904741706096198    
  -8.648455260944868    
  -8.397740097506469    
  -8.152966139743446    
  -7.914423974056911    
  -7.682333054089856    
  -7.456849651063641    
  -7.238074609138456    
  -7.026060429137587    
  -6.820817473541585    
  -6.622319693805496    
  -6.430510108412419    
  -6.245305686233942    
  -6.066601447880883    
  -5.894274183048538    
  -5.728186052912424    
  -5.568187741676764    
  -5.414120898601686    
  -5.265820221810561    
  -5.123115531216849    
  -4.985833616289995    
  -4.853799612257538    
  -4.726838151785816    
  -4.604774549572963    
  -4.487435811869696    
  -4.374651274040911    
  -4.266253116700156    
  -4.162076970470232    
  -4.061962376345737    
  -3.965752941576601    
  -3.873296481142620    
  -3.784445325599923    
  -3.699056501670156    
  -3.616991629829230    
  -3.538116887123534    
  -3.462303214247874    
  -3.389426392164646    
  -3.319366793667426    
  -3.252009213898690    
  -3.187242996468802    
  -3.124962030164103    
  -3.065064389878245    
  -3.007452089918457    
  -2.952031211113245    
  -2.898711903131753    
  -2.847407964625520    
  -2.798036534682791    
  -2.750518250850020    
  -2.704777331408303    
  -2.660741178653787    
  -2.618340046401876    
  -2.577507211118257    
  -2.538179094802130    
  -2.500294857574502    
  -2.463796014215191    
  -2.428626599326433    
  -2.394733334489927    
  -2.362065244026328    
  -2.330573265849810    
  -2.300210436420708    
  -2.270932095774914    
  -2.242695505678271    
  -2.215459448865978    
  -2.189184452551174    
  -2.163833054750067    
  -2.139369424239661    
  -2.115758916233833    
  -2.092968294553422    
  -2.070966049623358    
  -2.049722062123331    
  -2.029207179777341    
  -2.009393451962593    
  -1.990254419204286    
  -1.971764714197225    
  -1.953899657287428    
  -1.936635629338823    
  -1.919950439624035    
  -1.903822807610010    
  -1.888231818286377    
  -1.873157370753978    
  -1.858580728875286    
  -1.844484010659688    
  -1.830849500325951    
  -1.817660069345042    
  -1.804899842354830    
  -1.792553721384576    
  -1.780606625597381    
  -1.769043929250133    
  -1.757852224267368    
  -1.747018802953635    
  -1.736530755882829    
  -1.726375449475241    
  -1.716541492777248    
  -1.707018249856181    
  -1.697794747868304    
  -1.688860092140837    
  -1.680204586243635    
  -1.671819283032543    
  -1.663694735970744    
  -1.655821420619642    
  -1.648191095231617    
  -1.640796381143542    
  -1.633629206915748    
  -1.626681119983516    
  -1.619944984762257    
  -1.613414779780477    
  -1.607083733617332    
  -1.600944333031058    
  -1.594990260762411    
  -1.589216541183821    
  -1.583617519928811    
  -1.578186543652303    
  -1.572918029867566    
  -1.567807929684128    
  -1.562851559992529    
  -1.558042927401361    
  -1.553376946388897    
  -1.548850336121759    
  -1.544459366966835    
  -1.540198704874701    
  -1.536063633595486    
  -1.532051441700416    
  -1.528159242351710    
  -1.524382346058589    
  -1.520716363400247    
  -1.517159056445611    
  -1.513708314209068    
  -1.510360034675775    
  -1.507109982974000    
  -1.503956126546922    
  -1.500896982422121    
  -1.497929130043203    
  -1.495048666164785    
  -1.492253792164741    
  -1.489543494480594    
  -1.486914809952876    
  -1.484363986948563    
  -1.481889382077336    
  -1.479490491885035    
  -1.477164889565567    
  -1.474908940582746    
  -1.472720985904994    
  -1.470600903460512    
  -1.468546856412846    
  -1.466555455460998    
  -1.464625031556481    
  -1.462755711909807    
  -1.460946114007352    
  -1.459193023202663    
  -1.457494735377495    
  -1.455851654386855    
  -1.454262925263649    
  -1.452725513525559    
  -1.451237532704820    
  -1.449799491082786    
  -1.448411054087114    
  -1.447069476387973    
  -1.445772697942350    
  -1.444521214059157    
  -1.443315163883281    
  -1.442152179031704    
  -1.441030061527420    
  -1.439949171106977    
  -1.438910003075969    
  -1.437910600024845    
  -1.436948699388485    
  -1.436024492456482    
  -1.435138772623187    
  -1.434290033333069    
  -1.433475983320684    
  -1.432696525993173    
  -1.431952591536327    
  -1.431243152219506    
  -1.430566061736690    
  -1.429920982585473    
  -1.429308826838713    
  -1.428728909584641    
  -1.428179266912613    
  -1.427659423100722    
  -1.427170309126139    
  -1.426711590074348    
  -1.426281499874716    
  -1.425879358129877    
  -1.425505938529467    
  -1.425161145772378    
  -1.424843513912250    
  -1.424552345718559    
  -1.424288298073062    
  -1.424051389989821    
  -1.423840335836389    
  -1.423654395027241    
  -1.423494117306938    
  -1.423359654498094    
  -1.423249975637867    
  -1.423164405151162    
  -1.423103414866708    
  -1.423067202988893    
  -1.423054896168865    
  -1.423065867924465    
  -1.423100536964960    
  -1.423159128450489    
  -1.423240855950259    
  -1.423345072299320    
  -1.423472112133145    
  -1.423622253101816    
  -1.423794883487431    
  -1.423989444319294    
  -1.424206233945946    
  -1.424445536031138    
  -1.424706835470795    
  -1.424989627131151    
  -1.425294179051581    
  -1.425620778628532    
  -1.425968990992191    
  -1.426338372093636    
  -1.426729201316696    
  -1.427141804268519    
  -1.427575803600810    
  -1.428030724747876    
  -1.428506740317169    
  -1.429004153537666    
  -1.429522712310666    
  -1.430062086157761    
  -1.430622498074077    
  -1.431204246793225    
  -1.431807082604634    
  -1.432430668407971    
  -1.433075211197000    
  -1.433741045165457    
  -1.434428010730193    
  -1.435135824507049    
  -1.435864671566244    
  -1.436614864400373    
  -1.437386272503534    
  -1.438178635241316    
  -1.438992110526579    
  -1.439826988926214    
  -1.440683167916437    
  -1.441560413160258    
  -1.442458864213159    
  -1.443378809586304    
  -1.444320226922099    
  -1.445282995350297    
  -1.446267304323954    
  -1.447273417540315    
  -1.448301280233779    
  -1.449350778430314    
  -1.450422144258686    
  -1.451515695077484    
  -1.452631403938999    
  -1.453769128504618    
  -1.454929041226711    
  -1.456111434452409    
  -1.457316302437104    
  -1.458543504656507    
  -1.459793168023543    
  -1.461065571513806    
  -1.462360803132483    
  -1.463678862548977    
  -1.465019928513936    
  -1.466384206797054    
  -1.467771690392438    
  -1.469182377290083    
  -1.470616545354722    
  -1.472074511962710    
  -1.473556307446957    
  -1.475061886559509    
  -1.476591472209240    
  -1.478145372990651    
  -1.479723630859298    
  -1.481326168224901    
  -1.482953141587429    
  -1.484604849340331    
  -1.486281415475707    
  -1.487982839453022    
  -1.489709235625207    
  -1.491460771854634    
  -1.493237506652687    
  -1.495039532501995    
  -1.496867140936564    
  -1.498720607772065    
  -1.500599962075816    
  -1.502505201874797    
  -1.504436573679939    
  -1.506394380595553    
  -1.508378668768813    
  -1.510389379799844    
  -1.512426683436390    
  -1.514490876015523    
  -1.516582043476070    
  -1.518700096502199    
  -1.520845083666597    
  -1.523017239972418    
  -1.525216776058276    
  -1.527443820032441    
  -1.529698517018164    
  -1.531981007412322    
  -1.534291348724749    
  -1.536629591953905    
  -1.538995864754235    
  -1.541390264713198    
  -1.543812770342588    
  -1.546263373362422    
  -1.548742187409143    
  -1.551249317326757    
  -1.553784751951987    
  -1.556348499288705    
  -1.558940686043101    
  -1.561561404074745    
  -1.564210598868611    
  -1.566888217810666    
  -1.569594309943652    
  -1.572328867224326    
  -1.575091740536003    
  -1.577882837199290    
  -1.580702225838267    
  -1.583549913777633    
  -1.586425692743780    
  -1.589329330429788    
  -1.592260728477539    
  -1.595219754314021    
  -1.598206106120468    
  -1.601219493576632    
  -1.604259776567156    
  -1.607326790088480    
  -1.610420218357004    
  -1.613539768796616    
  -1.616685252325478    
  -1.619856331901552    
  -1.623052397442095    
  -1.626272847889506    
  -1.629517281999731    
  -1.632785243984316    
  -1.636076012993421    
  -1.639388844245573    
  -1.642723198425643    
  -1.646078511984025    
  -1.649453935886811    
  -1.652848514687662    
  -1.656261423532083    
  -1.659691797672232    
  -1.663138513939950    
  -1.666600374542442    
  -1.670076324166299    
  -1.673565235454968    
  -1.677065639051715    
  -1.680575905420578    
  -1.684094530118974    
  -1.687619986787544    
  -1.691150455093546    
  -1.694683966671428    
  -1.698218686805950    
  -1.701752761352514    
  -1.705283959073390    
  -1.708809704268259    
  -1.712327374647713    
  -1.715834327230513    
  -1.719327703864681    
  -1.722804434146473    
  -1.726261356181523    
  -1.729695112820117    
  -1.733101978523975    
  -1.736477966575829    
  -1.739819028250228    
  -1.743120966120021    
  -1.746379226142315    
  -1.749588917958733    
  -1.752744897895939    
  -1.755841626443559    
  -1.758873051172482    
  -1.761832818316819    
  -1.764714469743808    
  -1.767511211331884    
  -1.770215590036019    
  -1.772819596525563    
  -1.775314941884287    
  -1.777692962415537    
  -1.779944310174510    
  -1.782058937149093    
  -1.784026268426308    
  -1.785835125767196    
  -1.787473518406745    
  -1.788928697876920    
  -1.790187312096191    
  -1.791235244532061    
  -1.792057326408526    
  -1.792637380524818    
  -1.792958428277342    
  -1.793002566103510    
  -1.792750623855758    
  -1.792182090762786    
  -1.791275251496365    
  -1.790007103606076    
  -1.788353111570859    
  -1.786287173577226    
  -1.783781698784408    
  -1.780807414864164    
  -1.777333038673805    
  -1.773325222362545    
  -1.768748648611024    
  -1.763565843849603    
  -1.757736815432532    
  -1.751218940491566    
  -1.743967006365185    
  -1.735932975521353    
  -1.727065574086372    
  -1.717310137155478    
  -1.706608616529667    
  -1.694899311525021    
  -1.682116411320707    
  -1.668189791295601    
  -1.653044967131148    
  -1.636602732594847    
  -1.618778557682233    
  -1.599482255679705    
  -1.578617903910621    
  -1.556083525341913    
  -1.531770497055696    
  -1.505563120633051    
  -1.477338371944891    
  -1.446965411569794    
  -1.414304861609706    
  -1.379208293691323    
  -1.341517946092173    
  -1.301066226658763    
  -1.257674960485426    
  -1.211154803996209    
  -1.161304861073042    
  -1.107912080076833    
  -1.050750403395212    
 -0.9895801249693301    
 -0.9241475397250208    
 -0.8541844645953832    
 -0.7794075415693624    
 -0.6995177267067969    
 -0.6142000612415275    
 -0.5231233511071225    
 -0.4259397084009357    
 -0.3222844066427802    
 -0.2117761917552174    
 -0.9401766911510319E-01
  0.3140433856765393E-01
  0.1649180366092646    
  0.3069653038161819    
  0.4580000330845974    
  0.6184862497150777    
  0.7888956042836790    
  0.9697040254386082    
   1.161387757310962    
   1.364418787915663    
   1.579259246110655    
   1.806354607180759    
   2.046126017801768    
   2.298961792254237    
   2.565207637240273    
   2.845155416123180    
   3.139030783482856    
   3.446979804535771    
   3.769054233835361    
   4.105195531797708    
   4.455218386696391    
   4.818794249912597    
   5.195434689094348    
   5.584474633687979    
   5.985056508726013    
   6.396116341940073    
   6.816372311110047    
   7.244316297165724    
   7.678209736467615    
   8.116084943112048    
   8.555752137092847    
   8.994812319671370    
   9.430677051466024    
   9.860596287786450    
   10.28169409797672    
   10.69101105492775    
   11.08555237115277    
   11.46234119272389    
   11.81847572270865    
   12.15118797287730    
   12.45790196314380    
   12.73628939264197    
   12.98432042220024    
   13.20030705063097    
   13.38293738312449    
   13.53129992208602    
   13.64489694739523    
   13.72364606190103    
   13.76787012186373    
   13.77827702251876    
   13.75593073201490    
   13.70221437254317    
   13.61878673705318    
   13.50753491089336    
   13.37052571140154    
   13.20995742588635    
   13.02811268707939    
   12.82731384797127    
   12.60988245763842    
   12.37810366194517    
   12.13419563959580    
   11.88028424002786    
   11.61838300606985    
   11.35037823750343    
   11.07801847567859    
   10.80290814515347    
   10.52650516496952    
   10.25012173687156    
   9.974927272861724    
   9.701953094741608    
   9.432099015400611    
   9.166141389742769    
   8.904741706096198    
   8.648455260944868    
   8.397740097506469    
   8.152966139743446    
   7.914423974056911    
   7.682333054089856    
   7.456849651063641    
   7.238074609138456    
   7.026060429137587    
   6.820817473541585    
   6.622319693805496    
   6.430510108412419    
   6.245305686233942    
   6.066601447880883    
   5.894274183048538    
   5.728186052912424    
   5.568187741676764    
   5.414120898601686    
   5.265820221810561    
   5.123115531216849    
   4.985833616289995    
   4.853799612257538    
   4.726838151785816    
   4.604774549572963    
   4.487435811869696    
   4.374651274040911    
   4.266253116700156    
   4.162076970470232    
   4.061962376345737    
   3.965752941576601    
   3.873296481142620    
   3.784445325599923    
   3.699056501670156    
   3.616991629829230    
   3.538116887123534    
   3.462303214247874    
   3.389426392164646    
   3.319366793667426    
   3.252009213898690    
   3.187242996468802    
   3.124962030164103    
   3.065064389878245    
   3.007452089918457    
   2.952031211113245    
   2.898711903131753    
   2.847407964625520    
   2.798036534682791    
   2.750518250850020    
   2.704777331408303    
   2.660741178653787    
   2.618340046401876    
   2.577507211118257    
   2.538179094802130    
   2.500294857574502    
   2.463796014215191    
   2.428626599326433    
   2.394733334489927    
   2.362065244026328    
   2.330573265849810    
   2.300210436420708    
   2.270932095774914    
   2.242695505678271    
   2.215459448865978    
   2.189184452551174    
   2.163833054750067    
   2.139369424239661    
   2.115758916233833    
   2.092968294553422    
   2.070966049623358    
   2.049722062123331    
   2.029207179777341    
   2.009393451962593    
   1.990254419204286    
   1.971764714197225    
   1.953899657287428    
   1.936635629338823    
   1.919950439624035    
   1.903822807610010    
   1.888231818286377    
   1.873157370753978    
   1.858580728875286    
   1.844484010659688    
   1.830849500325951    
   1.817660069345042    
   1.804899842354830    
   1.792553721384576    
   1.780606625597381    
   1.769043929250133    
   1.757852224267368    
   1.747018802953635    
   1.736530755882829    
   1.726375449475241    
   1.716541492777248    
   1.707018249856181    
   1.697794747868304    
   1.688860092140837    
   1.680204586243635    
   1.671819283032543    
   1.663694735970744    
   1.655821420619642    
   1.648191095231617    
   1.640796381143542    
   1.633629206915748    
   1.626681119983516    
   1.619944984762257    
   1.613414779780477    
   1.607083733617332    
   1.600944333031058    
   1.594990260762411    
   1.589216541183821    
   1.583617519928811    
   1.578186543652303    
   1.572918029867566    
   1.567807929684128    
   1.562851559992529    
   1.558042927401361    
   1.553376946388897    
   1.548850336121759    
   1.544459366966835    
   1.540198704874701    
   1.536063633595486    
   1.532051441700416    
   1.528159242351710    
   1.524382346058589    
   1.520716363400247    
   1.517159056445611    
   1.513708314209068    
   1.510360034675775    
   1.507109982974000    
   1.503956126546922    
   1.500896982422121    
   1.497929130043203    
   1.495048666164785    
   1.492253792164741    
   1.489543494480594    
   1.486914809952876    
   1.484363986948563    
   1.481889382077336    
   1.479490491885035    
   1.477164889565567    
   1.474908940582746    
   1.472720985904994    
   1.470600903460512    
   1.468546856412846    
   1.466555455460998    
   1.464625031556481    
   1.462755711909807    
   1.460946114007352    
   1.459193023202663    
   1.457494735377495    
   1.455851654386855    
   1.454262925263649    
   1.452725513525559    
   1.451237532704820    
   1.449799491082786    
   1.448411054087114    
   1.447069476387973    
   1.445772697942350    
   1.444521214059157    
   1.443315163883281    
   1.442152179031704    
   1.441030061527420    
   1.439949171106977    
   1.438910003075969    
   1.437910600024845    
   1.436948699388485    
   1.436024492456482    
   1.435138772623187    
   1.434290033333069    
   1.433475983320684    
   1.432696525993173    
   1.431952591536327    
   1.431243152219506    
   1.430566061736690    
   1.429920982585473    
   1.429308826838713    
   1.428728909584641    
   1.428179266912613    
   1.427659423100722    
   1.427170309126139    
   1.426711590074348    
   1.426281499874716    
   1.425879358129877    
   1.425505938529467    
   1.425161145772378    
   1.424843513912250    
   1.424552345718559    
   1.424288298073062    
   1.424051389989821    
   1.423840335836389    
   1.423654395027241    
   1.423494117306938    
   1.423359654498094    
   1.423249975637867    
   1.423164405151162    
   1.423103414866708    
   1.423067202988893    
   1.423054896168865    
   1.423065867924465    
   1.423100536964960    
   1.423159128450489    
   1.423240855950259    
   1.423345072299320    
   1.423472112133145    
   1.423622253101816    
   1.423794883487431    
   1.423989444319294    
   1.424206233945946    
   1.424445536031138    
   1.424706835470795    
   1.424989627131151    
   1.425294179051581    
   1.425620778628532    
   1.425968990992191    
   1.426338372093636    
   1.426729201316696    
   1.427141804268519    
   1.427575803600810    
   1.428030724747876    
   1.428506740317169    
   1.429004153537666    
   1.429522712310666    
   1.430062086157761    
   1.430622498074077    
   1.431204246793225    
   1.431807082604634    
   1.432430668407971    
   1.433075211197000    
   1.433741045165457    
   1.434428010730193    
   1.435135824507049    
   1.435864671566244    
   1.436614864400373    
   1.437386272503534    
   1.438178635241316    
   1.438992110526579    
   1.439826988926214    
   1.440683167916437    
   1.441560413160258    
   1.442458864213159    
   1.443378809586304    
   1.444320226922099    
   1.445282995350297    
   1.446267304323954    
   1.447273417540315    
   1.448301280233779    
   1.449350778430314    
   1.450422144258686    
   1.451515695077484    
   1.452631403938999    
   1.453769128504618    
   1.454929041226711    
   1.456111434452409    
   1.457316302437104    
   1.458543504656507    
   1.459793168023543    
   1.461065571513806    
   1.462360803132483    
   1.463678862548977    
   1.465019928513936    
   1.466384206797054    
   1.467771690392438    
   1.469182377290083    
   1.470616545354722    
   1.472074511962710    
   1.473556307446957    
   1.475061886559509    
   1.476591472209240    
   1.478145372990651    
   1.479723630859298    
   1.481326168224901    
   1.482953141587429    
   1.484604849340331    
   1.486281415475707    
   1.487982839453022    
   1.489709235625207    
   1.491460771854634    
   1.493237506652687    
   1.495039532501995    
   1.496867140936564    
   1.498720607772065    
   1.500599962075816    
   1.502505201874797    
   1.504436573679939    
   1.506394380595553    
   1.508378668768813    
   1.510389379799844    
   1.512426683436390    
   1.514490876015523    
   1.516582043476070    
   1.518700096502199    
   1.520845083666597    
   1.523017239972418    
   1.525216776058276    
   1.527443820032441    
   1.529698517018164    
   1.531981007412322    
   1.534291348724749    
   1.536629591953905    
   1.538995864754235    
   1.541390264713198    
   1.543812770342588    
   1.546263373362422    
   1.548742187409143    
   1.551249317326757    
   1.553784751951987    
   1.556348499288705    
   1.558940686043101    
   1.561561404074745    
   1.564210598868611    
   1.566888217810666    
   1.569594309943652    
   1.572328867224326    
   1.575091740536003    
   1.577882837199290    
   1.580702225838267    
