  0.3322750820355000    
  0.3317944983261980    
  0.3312850472948640    
  0.3307468393611121    
  0.3301799729785053    
  0.3295845336193414    
  0.3289605917962691    
  0.3283082034748301    
  0.3276274125809207    
  0.3269182520794248    
  0.3261807423764418    
  0.3254148900188613    
  0.3246206890989236    
  0.3237981233860145    
  0.3229471661302605    
  0.3220677783357416    
  0.3211599086831009    
  0.3202234954417547    
  0.3192584675122072    
  0.3182647433211166    
  0.3172422297938752    
  0.3161908233485101    
  0.3151104115204102    
  0.3140008728968073    
  0.3128620757907069    
  0.3116938780404496    
  0.3104961285331880    
  0.3092686683672802    
  0.3080113300699995    
  0.3067239362581585    
  0.3054063001077068    
  0.3040582272877650    
  0.3026795165689581    
  0.3012699582082081    
  0.2998293329041493    
  0.2983574135107855    
  0.2968539671136031    
  0.2953187540365855    
  0.2937515253961318    
  0.2921520237849576    
  0.2905199866818604    
  0.2888551470648409    
  0.2871572299428182    
  0.2854259508362755    
  0.2836610195955500    
  0.2818621437129414    
  0.2800290254602023    
  0.2781613576468139    
  0.2762588257648413    
  0.2743211136407785    
  0.2723479033220083    
  0.2703388695141341    
  0.2682936784417491    
  0.2662119936270950    
  0.2640934791338459    
  0.2619377952079999    
  0.2597445945122994    
  0.2575135260179880    
  0.2552442400900163    
  0.2529363863722118    
  0.2505896090801977    
  0.2482035489031996    
  0.2457778487271842    
  0.2433121535202702    
  0.2408061053910082    
  0.2382593436882333    
  0.2356715109357708    
  0.2330422547965605    
  0.2303712234230771    
  0.2276580635946719    
  0.2249024261426155    
  0.2221039700979700    
  0.2192623593285224    
  0.2163772589421023    
  0.2134483391316150    
  0.2104752808654262    
  0.2074577747685068    
  0.2043955168892484    
  0.2012882104531390    
  0.1981355718347201    
  0.1949373317108719    
  0.1916932313874304    
  0.1884030228646598    
  0.1850664741816999    
  0.1816833722445939    
  0.1782535203583239    
  0.1747767372877594    
  0.1712528615499736    
  0.1676817551920846    
  0.1640633027594533    
  0.1603974101201521    
  0.1566840077264496    
  0.1529230546116090    
  0.1491145384639521    
  0.1452584746757871    
  0.1413549090004888    
  0.1374039215800380    
  0.1334056277482324    
  0.1293601772424217    
  0.1252677563403824    
  0.1211285918489786    
  0.1169429525485332    
  0.1127111486338280    
  0.1084335333431782    
  0.1041105066769529    
  0.9974251724426025E-01
  0.9533006195454154E-01
  0.9087368724046194E-01
  0.8637399236461454E-01
  0.8183163135527866E-01
  0.7724731278251705E-01
  0.7262180059785035E-01
  0.6795591699442997E-01
  0.6325054422954798E-01
  0.5850662425525394E-01
  0.5372515902162525E-01
  0.4890721275885967E-01
  0.4405391353314406E-01
  0.3916645259459438E-01
  0.3424608401225921E-01
  0.2929412617670997E-01
  0.2431196283276786E-01
  0.1930104195175365E-01
  0.1426287460815385E-01
  0.9199035607700126E-02
  0.4111163809061485E-02
 -0.9990397019691156E-03
 -0.6129813652609980E-02
 -0.1127933693498792E-01
 -0.1644572912784959E-01
 -0.2162705318148012E-01
 -0.2682131847403677E-01
 -0.3202648214670627E-01
 -0.3724045048021807E-01
 -0.4246108256265468E-01
 -0.4768619451812904E-01
 -0.5291356182304454E-01
 -0.5814092135896302E-01
 -0.6336597592676511E-01
 -0.6858639968905814E-01
 -0.7379984150878885E-01
 -0.7900392749478499E-01
 -0.8419626605515530E-01
 -0.8937445439031161E-01
 -0.9453608280365250E-01
 -0.9967873750552586E-01
 -0.1048000057439814    
 -0.1098974829790118    
 -0.1149687780384542    
 -0.1200115160072178    
 -0.1250233429754838    
 -0.1300019333576815    
 -0.1349449955493922    
 -0.1398502746077123    
 -0.1447155561338664    
 -0.1495386732318427    
 -0.1543175124172492    
 -0.1590500158988491    
 -0.1637341840683848    
 -0.1683680813852355    
 -0.1729498421716054    
 -0.1774776724856481    
 -0.1819498509871630    
 -0.1863647331227862    
 -0.1907207563528704    
 -0.1950164416606807    
 -0.1992503928246672    
 -0.2034212984445449    
 -0.2075279360763296    
 -0.2115691734247908    
 -0.2155439663841722    
 -0.2194513588429010    
 -0.2232904852566240    
 -0.2270605713734069    
 -0.2307609314330797    
 -0.2343909660927636    
 -0.2379501633740361    
 -0.2414380988482500    
 -0.2448544322645671    
 -0.2481989039228320    
 -0.2514713340756844    
 -0.2546716226763630    
 -0.2577997458596100    
 -0.2608557512346635    
 -0.2638397558945809    
 -0.2667519457603608    
 -0.2695925722259653    
 -0.2723619468558297    
 -0.2750604383190283    
 -0.2776884715453616    
 -0.2802465248775042    
 -0.2827351244657266    
 -0.2851548401517162    
 -0.2875062845764679    
 -0.2897901115040393    
 -0.2920070105669691    
 -0.2941577019227379    
 -0.2962429347518367    
 -0.2982634871044829    
 -0.3002201622203722    
 -0.3021137823991250    
 -0.3039451859079604    
 -0.3057152276763895    
 -0.3074247782928313    
 -0.3090747185537561    
 -0.3106659343159686    
 -0.3121993163172871    
 -0.3136757617653722    
 -0.3150961715820639    
 -0.3164614442690030    
 -0.3177724731481969    
 -0.3190301486418812    
 -0.3202353592514213    
 -0.3213889869873765    
 -0.3224919020646726    
 -0.3235449631310603    
 -0.3245490206545567    
 -0.3255049161871394    
 -0.3264134769331304    
 -0.3272755126069821    
 -0.3280918179754780    
 -0.3288631756807301    
 -0.3295903538697715    
 -0.3302741014991026    
 -0.3309151476102959    
 -0.3315142045289809    
 -0.3320719692318445    
 -0.3325891205115471    
 -0.3330663160357491    
 -0.3335041931183856    
 -0.3339033713006478    
 -0.3342644526131725    
 -0.3345880192749747    
 -0.3348746322422103    
 -0.3351248324595614    
 -0.3353391427723930    
 -0.3355180677929366    
 -0.3356620921067081    
 -0.3357716795577104    
 -0.3358472747929474    
 -0.3358893050227497    
 -0.3358981796160594    
 -0.3358742882854450    
 -0.3358180007864613    
 -0.3357296689749635    
 -0.3356096286066583    
 -0.3354581985382367    
 -0.3352756787440959    
 -0.3350623503441206    
 -0.3348184780130351    
 -0.3345443117735744    
 -0.3342400860432266    
 -0.3339060176122356    
 -0.3335423056821528    
 -0.3331491342850720    
 -0.3327266741832444    
 -0.3322750820355000    
 -0.3317944983261980    
 -0.3312850472948640    
 -0.3307468393611121    
 -0.3301799729785053    
 -0.3295845336193414    
 -0.3289605917962691    
 -0.3283082034748301    
 -0.3276274125809207    
 -0.3269182520794248    
 -0.3261807423764418    
 -0.3254148900188613    
 -0.3246206890989236    
 -0.3237981233860145    
 -0.3229471661302605    
 -0.3220677783357416    
 -0.3211599086831009    
 -0.3202234954417547    
 -0.3192584675122072    
 -0.3182647433211166    
 -0.3172422297938752    
 -0.3161908233485101    
 -0.3151104115204102    
 -0.3140008728968073    
 -0.3128620757907069    
 -0.3116938780404496    
 -0.3104961285331880    
 -0.3092686683672802    
 -0.3080113300699995    
 -0.3067239362581585    
 -0.3054063001077068    
 -0.3040582272877650    
 -0.3026795165689581    
 -0.3012699582082081    
 -0.2998293329041493    
 -0.2983574135107855    
 -0.2968539671136031    
 -0.2953187540365855    
 -0.2937515253961318    
 -0.2921520237849576    
 -0.2905199866818604    
 -0.2888551470648409    
 -0.2871572299428182    
 -0.2854259508362755    
 -0.2836610195955500    
 -0.2818621437129414    
 -0.2800290254602023    
 -0.2781613576468139    
 -0.2762588257648413    
 -0.2743211136407785    
 -0.2723479033220083    
 -0.2703388695141341    
 -0.2682936784417491    
 -0.2662119936270950    
 -0.2640934791338459    
 -0.2619377952079999    
 -0.2597445945122994    
 -0.2575135260179880    
 -0.2552442400900163    
 -0.2529363863722118    
 -0.2505896090801977    
 -0.2482035489031996    
 -0.2457778487271842    
 -0.2433121535202702    
 -0.2408061053910082    
 -0.2382593436882333    
 -0.2356715109357708    
 -0.2330422547965605    
 -0.2303712234230771    
 -0.2276580635946719    
 -0.2249024261426155    
 -0.2221039700979700    
 -0.2192623593285224    
 -0.2163772589421023    
 -0.2134483391316150    
 -0.2104752808654262    
 -0.2074577747685068    
 -0.2043955168892484    
 -0.2012882104531390    
 -0.1981355718347201    
 -0.1949373317108719    
 -0.1916932313874304    
 -0.1884030228646598    
 -0.1850664741816999    
 -0.1816833722445939    
 -0.1782535203583239    
 -0.1747767372877594    
 -0.1712528615499736    
 -0.1676817551920846    
 -0.1640633027594533    
 -0.1603974101201521    
 -0.1566840077264496    
 -0.1529230546116090    
 -0.1491145384639521    
 -0.1452584746757871    
 -0.1413549090004888    
 -0.1374039215800380    
 -0.1334056277482324    
 -0.1293601772424217    
 -0.1252677563403824    
 -0.1211285918489786    
 -0.1169429525485332    
 -0.1127111486338280    
 -0.1084335333431782    
 -0.1041105066769529    
 -0.9974251724426025E-01
 -0.9533006195454154E-01
 -0.9087368724046194E-01
 -0.8637399236461454E-01
 -0.8183163135527866E-01
 -0.7724731278251705E-01
 -0.7262180059785035E-01
 -0.6795591699442997E-01
 -0.6325054422954798E-01
 -0.5850662425525394E-01
 -0.5372515902162525E-01
 -0.4890721275885967E-01
 -0.4405391353314406E-01
 -0.3916645259459438E-01
 -0.3424608401225921E-01
 -0.2929412617670997E-01
 -0.2431196283276786E-01
 -0.1930104195175365E-01
 -0.1426287460815385E-01
 -0.9199035607700126E-02
 -0.4111163809061485E-02
  0.9990397019691156E-03
  0.6129813652609980E-02
  0.1127933693498792E-01
  0.1644572912784959E-01
  0.2162705318148012E-01
  0.2682131847403677E-01
  0.3202648214670627E-01
  0.3724045048021807E-01
  0.4246108256265468E-01
  0.4768619451812904E-01
  0.5291356182304454E-01
  0.5814092135896302E-01
  0.6336597592676511E-01
  0.6858639968905814E-01
  0.7379984150878885E-01
  0.7900392749478499E-01
  0.8419626605515530E-01
  0.8937445439031161E-01
  0.9453608280365250E-01
  0.9967873750552586E-01
  0.1048000057439814    
  0.1098974829790118    
  0.1149687780384542    
  0.1200115160072178    
  0.1250233429754838    
  0.1300019333576815    
  0.1349449955493922    
  0.1398502746077123    
  0.1447155561338664    
  0.1495386732318427    
  0.1543175124172492    
  0.1590500158988491    
  0.1637341840683848    
  0.1683680813852355    
  0.1729498421716054    
  0.1774776724856481    
  0.1819498509871630    
  0.1863647331227862    
  0.1907207563528704    
  0.1950164416606807    
  0.1992503928246672    
  0.2034212984445449    
  0.2075279360763296    
  0.2115691734247908    
  0.2155439663841722    
  0.2194513588429010    
  0.2232904852566240    
  0.2270605713734069    
  0.2307609314330797    
  0.2343909660927636    
  0.2379501633740361    
  0.2414380988482500    
  0.2448544322645671    
  0.2481989039228320    
  0.2514713340756844    
  0.2546716226763630    
  0.2577997458596100    
  0.2608557512346635    
  0.2638397558945809    
  0.2667519457603608    
  0.2695925722259653    
  0.2723619468558297    
  0.2750604383190283    
  0.2776884715453616    
  0.2802465248775042    
  0.2827351244657266    
  0.2851548401517162    
  0.2875062845764679    
  0.2897901115040393    
  0.2920070105669691    
  0.2941577019227379    
  0.2962429347518367    
  0.2982634871044829    
  0.3002201622203722    
  0.3021137823991250    
  0.3039451859079604    
  0.3057152276763895    
  0.3074247782928313    
  0.3090747185537561    
  0.3106659343159686    
  0.3121993163172871    
  0.3136757617653722    
  0.3150961715820639    
  0.3164614442690030    
  0.3177724731481969    
  0.3190301486418812    
  0.3202353592514213    
  0.3213889869873765    
  0.3224919020646726    
  0.3235449631310603    
  0.3245490206545567    
  0.3255049161871394    
  0.3264134769331304    
  0.3272755126069821    
  0.3280918179754780    
  0.3288631756807301    
  0.3295903538697715    
  0.3302741014991026    
  0.3309151476102959    
  0.3315142045289809    
  0.3320719692318445    
  0.3325891205115471    
  0.3330663160357491    
  0.3335041931183856    
  0.3339033713006478    
  0.3342644526131725    
  0.3345880192749747    
  0.3348746322422103    
  0.3351248324595614    
  0.3353391427723930    
  0.3355180677929366    
  0.3356620921067081    
  0.3357716795577104    
  0.3358472747929474    
  0.3358893050227497    
  0.3358981796160594    
  0.3358742882854450    
  0.3358180007864613    
  0.3357296689749635    
  0.3356096286066583    
  0.3354581985382367    
  0.3352756787440959    
  0.3350623503441206    
  0.3348184780130351    
  0.3345443117735744    
  0.3342400860432266    
  0.3339060176122356    
  0.3335423056821528    
  0.3331491342850720    
  0.3327266741832444    
