  0.7917979120900598E-01
  0.7655773952095085E-01
  0.7392372144210019E-01
  0.7127805034080520E-01
  0.6862104277152709E-01
  0.6595301848001234E-01
  0.6327430042348953E-01
  0.6058521479830875E-01
  0.5788609105058867E-01
  0.5517726186612365E-01
  0.5245906316202187E-01
  0.4973183409319537E-01
  0.4699591705720857E-01
  0.4425165767857714E-01
  0.4149940478140240E-01
  0.3873951037167217E-01
  0.3597232962851016E-01
  0.3319822088424501E-01
  0.3041754558724241E-01
  0.2763066826429394E-01
  0.2483795649397585E-01
  0.2203978087934089E-01
  0.1923651500538998E-01
  0.1642853538725886E-01
  0.1361622142538238E-01
  0.1079995536844991E-01
  0.7980122268669065E-02
  0.5157109921887004E-02
  0.2331308805096910E-02
 -0.4968879748703525E-03
 -0.3327084727957841E-02
 -0.6158883240627189E-02
 -0.8991882849766597E-02
 -0.1182568051129890E-01
 -0.1465987085384746E-01
 -0.1749404623544365E-01
 -0.2032779682089680E-01
 -0.2316071066523873E-01
 -0.2599237377760882E-01
 -0.2882237017399730E-01
 -0.3165028195151698E-01
 -0.3447568938466006E-01
 -0.3729817100518806E-01
 -0.4011730365262434E-01
 -0.4293266253538919E-01
 -0.4574382133025262E-01
 -0.4855035228338012E-01
 -0.5135182627006629E-01
 -0.5414781284013648E-01
 -0.5693788030438346E-01
 -0.5972159584998549E-01
 -0.6249852562203517E-01
 -0.6526823476475524E-01
 -0.6803028748562223E-01
 -0.7078424716700299E-01
 -0.7352967646825509E-01
 -0.7626613737865134E-01
 -0.7899319126747062E-01
 -0.8171039898097621E-01
 -0.8441732095198534E-01
 -0.8711351726632532E-01
 -0.8979854770881118E-01
 -0.9247197184779776E-01
 -0.9513334914665844E-01
 -0.9778223904127153E-01
 -0.1004182009843513    
 -0.1030407945181906    
 -0.1056495793863423    
 -0.1082441156239242    
 -0.1108239636044067    
 -0.1133886840996806    
 -0.1159378383872823    
 -0.1184709883547534    
 -0.1209876965570196    
 -0.1234875262673818    
 -0.1259700415743109    
 -0.1284348074954398    
 -0.1308813900523642    
 -0.1333093563225789    
 -0.1357182745260579    
 -0.1381077141423360    
 -0.1404772460030217    
 -0.1428264423537318    
 -0.1451548769365223    
 -0.1474621251077668    
 -0.1497477639465294    
 -0.1520113723321717    
 -0.1542525310297269    
 -0.1564708228092300    
 -0.1586658325679602    
 -0.1608371474274086    
 -0.1629843568297413    
 -0.1651070526629199    
 -0.1672048293955657    
 -0.1692772841930990    
 -0.1713240170301638    
 -0.1733446308277440    
 -0.1753387316039445    
 -0.1773059286107100    
 -0.1792458344643251    
 -0.1811580652970974    
 -0.1830422409260234    
 -0.1848979850123493    
 -0.1867249252134324    
 -0.1885226933516957    
 -0.1902909256018943    
 -0.1920292626736865    
 -0.1937373499864157    
 -0.1954148378574248    
 -0.1970613817083003    
 -0.1986766422690552    
 -0.2002602857745812    
 -0.2018119841719075    
 -0.2033314153446039    
 -0.2048182633363920    
 -0.2062722185660819    
 -0.2076929780501472    
 -0.2090802456411551    
 -0.2104337322661300    
 -0.2117531561549559    
 -0.2130382430726003    
 -0.2142887265645657    
 -0.2155043482016772    
 -0.2166848578131714    
 -0.2178300137198454    
 -0.2189395829772887    
 -0.2200133416166115    
 -0.2210510748706302    
 -0.2220525773958321    
 -0.2230176535008046    
 -0.2239461173694366    
 -0.2248377932658889    
 -0.2256925157309618    
 -0.2265101297816123    
 -0.2272904911020657    
 -0.2280334662116248    
 -0.2287389326185852    
 -0.2294067789747079    
 -0.2300369052194349    
 -0.2306292226957019    
 -0.2311836542453658    
 -0.2317001343024493    
 -0.2321786089758737    
 -0.2326190361000053    
 -0.2330213852579905    
 -0.2333856377999982    
 -0.2337117868526712    
 -0.2339998372952026    
 -0.2342498057019906    
 -0.2344617202766584    
 -0.2346356207800921    
 -0.2347715584269303    
 -0.2348695957446205    
 -0.2349298064210261    
 -0.2349522751503902    
 -0.2349370974523949    
 -0.2348843794513398    
 -0.2347942376407574    
 -0.2346667986518964    
 -0.2345021990041670    
 -0.2343005848167686    
 -0.2340621115023516    
 -0.2337869434691204    
 -0.2334752538164215    
 -0.2331272239967421    
 -0.2327430434569510    
 -0.2323229092905610    
 -0.2318670258960218    
 -0.2313756046110642    
 -0.2308488633253869    
 -0.2302870261041294    
 -0.2296903228278890    
 -0.2290589888212453    
 -0.2283932644622693    
 -0.2276933948015648    
 -0.2269596292048948    
 -0.2261922209961085    
 -0.2253914270854860    
 -0.2245575076063289    
 -0.2236907255800141    
 -0.2227913465922982    
 -0.2218596384601397    
 -0.2208958709043123    
 -0.2199003152521258    
 -0.2188732441606718    
 -0.2178149313365336    
 -0.2167256512588001    
 -0.2156056789312839    
 -0.2144552896620622    
 -0.2132747588445498    
 -0.2120643617382081    
 -0.2108243732756407    
 -0.2095550679036409    
 -0.2082567194317897    
 -0.2069296008745223    
 -0.2055739843110025    
 -0.2041901407840542    
 -0.2027783402179494    
 -0.2013388513261801    
 -0.1998719415211980    
 -0.1983778768599809    
 -0.1968569220233356    
 -0.1953093402917520    
 -0.1937353935061595    
 -0.1921353420478670    
 -0.1905094448617639    
 -0.1888579594948716    
 -0.1871811421133494    
 -0.1854792475121034    
 -0.1837525291602943    
 -0.1820012392841472    
 -0.1802256289415525    
 -0.1784259480678760    
 -0.1766024455308384    
 -0.1747553692300481    
 -0.1728849662159264    
 -0.1709914827806560    
 -0.1690751645264664    
 -0.1671362564601311    
 -0.1651750031277144    
 -0.1631916487464922    
 -0.1611864373016652    
 -0.1591596126350710    
 -0.1571114185674150    
 -0.1550420990453498    
 -0.1529518982706519    
 -0.1508410608006197    
 -0.1487098316529866    
 -0.1465584564388567    
 -0.1443871815040476    
 -0.1421962540492401    
 -0.1399859222322279    
 -0.1377564352789153    
 -0.1355080436122442    
 -0.1332409989799562    
 -0.1309555545633221    
 -0.1286519650744795    
 -0.1263304868623838    
 -0.1239913780306830    
 -0.1216348985497429    
 -0.1192613103494518    
 -0.1168708774031209    
 -0.1144638658218691    
 -0.1120405439593042    
 -0.1096011825057805    
 -0.1071460545606740    
 -0.1046754356978425    
 -0.1021896040447530    
 -0.9968884037111336E-01
 -0.9717342816350077E-01
 -0.9464365367636879E-01
 -0.9209980597726802E-01
 -0.8954217700669242E-01
 -0.8697106164743013E-01
 -0.8438675777984811E-01
 -0.8178956631304590E-01
 -0.7917979120900598E-01
 -0.7655773952095085E-01
 -0.7392372144210019E-01
 -0.7127805034080520E-01
 -0.6862104277152709E-01
 -0.6595301848001234E-01
 -0.6327430042348953E-01
 -0.6058521479830875E-01
 -0.5788609105058867E-01
 -0.5517726186612365E-01
 -0.5245906316202187E-01
 -0.4973183409319537E-01
 -0.4699591705720857E-01
 -0.4425165767857714E-01
 -0.4149940478140240E-01
 -0.3873951037167217E-01
 -0.3597232962851016E-01
 -0.3319822088424501E-01
 -0.3041754558724241E-01
 -0.2763066826429394E-01
 -0.2483795649397585E-01
 -0.2203978087934089E-01
 -0.1923651500538998E-01
 -0.1642853538725886E-01
 -0.1361622142538238E-01
 -0.1079995536844991E-01
 -0.7980122268669065E-02
 -0.5157109921887004E-02
 -0.2331308805096910E-02
  0.4968879748703525E-03
  0.3327084727957841E-02
  0.6158883240627189E-02
  0.8991882849766597E-02
  0.1182568051129890E-01
  0.1465987085384746E-01
  0.1749404623544365E-01
  0.2032779682089680E-01
  0.2316071066523873E-01
  0.2599237377760882E-01
  0.2882237017399730E-01
  0.3165028195151698E-01
  0.3447568938466006E-01
  0.3729817100518806E-01
  0.4011730365262434E-01
  0.4293266253538919E-01
  0.4574382133025262E-01
  0.4855035228338012E-01
  0.5135182627006629E-01
  0.5414781284013648E-01
  0.5693788030438346E-01
  0.5972159584998549E-01
  0.6249852562203517E-01
  0.6526823476475524E-01
  0.6803028748562223E-01
  0.7078424716700299E-01
  0.7352967646825509E-01
  0.7626613737865134E-01
  0.7899319126747062E-01
  0.8171039898097621E-01
  0.8441732095198534E-01
  0.8711351726632532E-01
  0.8979854770881118E-01
  0.9247197184779776E-01
  0.9513334914665844E-01
  0.9778223904127153E-01
  0.1004182009843513    
  0.1030407945181906    
  0.1056495793863423    
  0.1082441156239242    
  0.1108239636044067    
  0.1133886840996806    
  0.1159378383872823    
  0.1184709883547534    
  0.1209876965570196    
  0.1234875262673818    
  0.1259700415743109    
  0.1284348074954398    
  0.1308813900523642    
  0.1333093563225789    
  0.1357182745260579    
  0.1381077141423360    
  0.1404772460030217    
  0.1428264423537318    
  0.1451548769365223    
  0.1474621251077668    
  0.1497477639465294    
  0.1520113723321717    
  0.1542525310297269    
  0.1564708228092300    
  0.1586658325679602    
  0.1608371474274086    
  0.1629843568297413    
  0.1651070526629199    
  0.1672048293955657    
  0.1692772841930990    
  0.1713240170301638    
  0.1733446308277440    
  0.1753387316039445    
  0.1773059286107100    
  0.1792458344643251    
  0.1811580652970974    
  0.1830422409260234    
  0.1848979850123493    
  0.1867249252134324    
  0.1885226933516957    
  0.1902909256018943    
  0.1920292626736865    
  0.1937373499864157    
  0.1954148378574248    
  0.1970613817083003    
  0.1986766422690552    
  0.2002602857745812    
  0.2018119841719075    
  0.2033314153446039    
  0.2048182633363920    
  0.2062722185660819    
  0.2076929780501472    
  0.2090802456411551    
  0.2104337322661300    
  0.2117531561549559    
  0.2130382430726003    
  0.2142887265645657    
  0.2155043482016772    
  0.2166848578131714    
  0.2178300137198454    
  0.2189395829772887    
  0.2200133416166115    
  0.2210510748706302    
  0.2220525773958321    
  0.2230176535008046    
  0.2239461173694366    
  0.2248377932658889    
  0.2256925157309618    
  0.2265101297816123    
  0.2272904911020657    
  0.2280334662116248    
  0.2287389326185852    
  0.2294067789747079    
  0.2300369052194349    
  0.2306292226957019    
  0.2311836542453658    
  0.2317001343024493    
  0.2321786089758737    
  0.2326190361000053    
  0.2330213852579905    
  0.2333856377999982    
  0.2337117868526712    
  0.2339998372952026    
  0.2342498057019906    
  0.2344617202766584    
  0.2346356207800921    
  0.2347715584269303    
  0.2348695957446205    
  0.2349298064210261    
  0.2349522751503902    
  0.2349370974523949    
  0.2348843794513398    
  0.2347942376407574    
  0.2346667986518964    
  0.2345021990041670    
  0.2343005848167686    
  0.2340621115023516    
  0.2337869434691204    
  0.2334752538164215    
  0.2331272239967421    
  0.2327430434569510    
  0.2323229092905610    
  0.2318670258960218    
  0.2313756046110642    
  0.2308488633253869    
  0.2302870261041294    
  0.2296903228278890    
  0.2290589888212453    
  0.2283932644622693    
  0.2276933948015648    
  0.2269596292048948    
  0.2261922209961085    
  0.2253914270854860    
  0.2245575076063289    
  0.2236907255800141    
  0.2227913465922982    
  0.2218596384601397    
  0.2208958709043123    
  0.2199003152521258    
  0.2188732441606718    
  0.2178149313365336    
  0.2167256512588001    
  0.2156056789312839    
  0.2144552896620622    
  0.2132747588445498    
  0.2120643617382081    
  0.2108243732756407    
  0.2095550679036409    
  0.2082567194317897    
  0.2069296008745223    
  0.2055739843110025    
  0.2041901407840542    
  0.2027783402179494    
  0.2013388513261801    
  0.1998719415211980    
  0.1983778768599809    
  0.1968569220233356    
  0.1953093402917520    
  0.1937353935061595    
  0.1921353420478670    
  0.1905094448617639    
  0.1888579594948716    
  0.1871811421133494    
  0.1854792475121034    
  0.1837525291602943    
  0.1820012392841472    
  0.1802256289415525    
  0.1784259480678760    
  0.1766024455308384    
  0.1747553692300481    
  0.1728849662159264    
  0.1709914827806560    
  0.1690751645264664    
  0.1671362564601311    
  0.1651750031277144    
  0.1631916487464922    
  0.1611864373016652    
  0.1591596126350710    
  0.1571114185674150    
  0.1550420990453498    
  0.1529518982706519    
  0.1508410608006197    
  0.1487098316529866    
  0.1465584564388567    
  0.1443871815040476    
  0.1421962540492401    
  0.1399859222322279    
  0.1377564352789153    
  0.1355080436122442    
  0.1332409989799562    
  0.1309555545633221    
  0.1286519650744795    
  0.1263304868623838    
  0.1239913780306830    
  0.1216348985497429    
  0.1192613103494518    
  0.1168708774031209    
  0.1144638658218691    
  0.1120405439593042    
  0.1096011825057805    
  0.1071460545606740    
  0.1046754356978425    
  0.1021896040447530    
  0.9968884037111336E-01
  0.9717342816350077E-01
  0.9464365367636879E-01
  0.9209980597726802E-01
  0.8954217700669242E-01
  0.8697106164743013E-01
  0.8438675777984811E-01
  0.8178956631304590E-01
