  0.4458879070103520    
  0.4395580641909885    
  0.4330547205030646    
  0.4263815110084732    
  0.4195418724703237    
  0.4125390551116080    
  0.4053761335818376    
  0.3980560165002133    
  0.3905814532854428    
  0.3829550393850232    
  0.3751792240681129    
  0.3672563215083392    
  0.3591885190959313    
  0.3509778787287494    
  0.3426263369271043    
  0.3341357119705032    
  0.3255077150534059    
  0.3167439548164208    
  0.3078459339883829    
  0.2988150491513482    
  0.2896525996360840    
  0.2803597968158665    
  0.2709377645037314    
  0.2613875356578947    
  0.2517100564076137    
  0.2419061964997780    
  0.2319767557375592    
  0.2219224640038207    
  0.2117439837812896    
  0.2014419202085539    
  0.1910168323943948    
  0.1804692400379691    
  0.1697996295176689    
  0.1590084658819377    
  0.1480962088719627    
  0.1370633272476992    
  0.1259103120929012    
  0.1146376944403270    
  0.1032460678773918    
  0.9173611184465977E-01
  0.8010861455310733E-01
  0.6836449932845329E-01
  0.5650485614316339E-01
  0.4453097542473539E-01
  0.3244438228019361E-01
  0.2024687353043092E-01
  0.7940559553881510E-02
 -0.4472091004367185E-02
 -0.1698820586516764E-01
 -0.2960446186518045E-01
 -0.4231703405331816E-01
 -0.5512154260325330E-01
 -0.6801300009782474E-01
 -0.8098575904159536E-01
 -0.9403345828169341E-01
 -0.1071489696120724    
 -0.1203243475250443    
 -0.1335507830822702    
 -0.1468185612216746    
 -0.1601170226776026    
 -0.1734345337016313    
 -0.1867584654263609    
 -0.2000751827221940    
 -0.2133700434663720    
 -0.2266274111629855    
 -0.2398306829415841    
 -0.2529623326427566    
 -0.2660039689677545    
 -0.2789364105575475    
 -0.2917397792657386    
 -0.3043936102029027    
 -0.3168769765789279    
 -0.3291686291886681    
 -0.3412471503149374    
 -0.3530911189866218    
 -0.3646792832385973    
 -0.3759907369461947    
 -0.3870050997664634    
 -0.3977026962536995    
 -0.4080647283444619    
 -0.4180734375309044    
 -0.4277122555525729    
 -0.4369659409560380    
 -0.4458206963501593    
 -0.4542642629759581    
 -0.4622859933081533    
 -0.4698769025063118    
 -0.4770296962320840    
 -0.4837387725671928    
 -0.4900002005879966    
 -0.4958116803216148    
 -0.5011724851350235    
 -0.5060833850051029    
 -0.5105465529954492    
 -0.5145654617643771    
 -0.5181447744421501    
 -0.5212902286625773    
 -0.5240085133199806    
 -0.5263071436693028    
 -0.5281943413499453    
 -0.5296789194165734    
 -0.5307701686443855    
 -0.5314777463980382    
 -0.5318115747871379    
 -0.5317817510894283    
 -0.5313984657551309    
 -0.5306719238244706    
 -0.5296122735345543    
 -0.5282295482288033    
 -0.5265336199358132    
 -0.5245341570369094    
 -0.5222405839558814    
 -0.5196620493183722    
 -0.5168074067429640    
 -0.5136852023475844    
 -0.5103036610283096    
 -0.5066706732912196    
 -0.5027937908497481    
 -0.4986802319218872    
 -0.4943368873041306    
 -0.4897703214555091    
 -0.4849867743003570    
 -0.4799921714120610    
 -0.4747921398092033    
 -0.4693920202063647    
 -0.4637968737797842    
 -0.4580114905701107    
 -0.4520404039936560    
 -0.4458879070103520    
 -0.4395580641909885    
 -0.4330547205030646    
 -0.4263815110084732    
 -0.4195418724703237    
 -0.4125390551116080    
 -0.4053761335818376    
 -0.3980560165002133    
 -0.3905814532854428    
 -0.3829550393850232    
 -0.3751792240681129    
 -0.3672563215083392    
 -0.3591885190959313    
 -0.3509778787287494    
 -0.3426263369271043    
 -0.3341357119705032    
 -0.3255077150534059    
 -0.3167439548164208    
 -0.3078459339883829    
 -0.2988150491513482    
 -0.2896525996360840    
 -0.2803597968158665    
 -0.2709377645037314    
 -0.2613875356578947    
 -0.2517100564076137    
 -0.2419061964997780    
 -0.2319767557375592    
 -0.2219224640038207    
 -0.2117439837812896    
 -0.2014419202085539    
 -0.1910168323943948    
 -0.1804692400379691    
 -0.1697996295176689    
 -0.1590084658819377    
 -0.1480962088719627    
 -0.1370633272476992    
 -0.1259103120929012    
 -0.1146376944403270    
 -0.1032460678773918    
 -0.9173611184465977E-01
 -0.8010861455310733E-01
 -0.6836449932845329E-01
 -0.5650485614316339E-01
 -0.4453097542473539E-01
 -0.3244438228019361E-01
 -0.2024687353043092E-01
 -0.7940559553881510E-02
  0.4472091004367185E-02
  0.1698820586516764E-01
  0.2960446186518045E-01
  0.4231703405331816E-01
  0.5512154260325330E-01
  0.6801300009782474E-01
  0.8098575904159536E-01
  0.9403345828169341E-01
  0.1071489696120724    
  0.1203243475250443    
  0.1335507830822702    
  0.1468185612216746    
  0.1601170226776026    
  0.1734345337016313    
  0.1867584654263609    
  0.2000751827221940    
  0.2133700434663720    
  0.2266274111629855    
  0.2398306829415841    
  0.2529623326427566    
  0.2660039689677545    
  0.2789364105575475    
  0.2917397792657386    
  0.3043936102029027    
  0.3168769765789279    
  0.3291686291886681    
  0.3412471503149374    
  0.3530911189866218    
  0.3646792832385973    
  0.3759907369461947    
  0.3870050997664634    
  0.3977026962536995    
  0.4080647283444619    
  0.4180734375309044    
  0.4277122555525729    
  0.4369659409560380    
  0.4458206963501593    
  0.4542642629759581    
  0.4622859933081533    
  0.4698769025063118    
  0.4770296962320840    
  0.4837387725671928    
  0.4900002005879966    
  0.4958116803216148    
  0.5011724851350235    
  0.5060833850051029    
  0.5105465529954492    
  0.5145654617643771    
  0.5181447744421501    
  0.5212902286625773    
  0.5240085133199806    
  0.5263071436693028    
  0.5281943413499453    
  0.5296789194165734    
  0.5307701686443855    
  0.5314777463980382    
  0.5318115747871379    
  0.5317817510894283    
  0.5313984657551309    
  0.5306719238244706    
  0.5296122735345543    
  0.5282295482288033    
  0.5265336199358132    
  0.5245341570369094    
  0.5222405839558814    
  0.5196620493183722    
  0.5168074067429640    
  0.5136852023475844    
  0.5103036610283096    
  0.5066706732912196    
  0.5027937908497481    
  0.4986802319218872    
  0.4943368873041306    
  0.4897703214555091    
  0.4849867743003570    
  0.4799921714120610    
  0.4747921398092033    
  0.4693920202063647    
  0.4637968737797842    
  0.4580114905701107    
  0.4520404039936560    
