  0.2915038095638325    
  0.2963097438656586    
  0.3012649047205258    
  0.3063752163741279    
  0.3116471034265430    
  0.3170875636631559    
  0.3227041505589540    
  0.3285049848818694    
  0.3344988497238019    
  0.3406952799500874    
  0.3471045911818225    
  0.3537379071146404    
  0.3606072417473204    
  0.3677256087096075    
  0.3751070966157876    
  0.3827669014825590    
  0.3907213761299480    
  0.3989881338022885    
  0.4075861290922413    
  0.4165356228112524    
  0.4258580894440103    
  0.4355761636039334    
  0.4457134967741278    
  0.4562942942528958    
  0.4673425510885713    
  0.4788810862857453    
  0.4909300636332535    
  0.5035044453261179    
  0.5166101570389718    
  0.5302387867805096    
  0.5443598733256890    
  0.5589093738423437    
  0.5737734256557203    
  0.5887667814305902    
  0.6036048955484991    
  0.6178700401767087    
  0.6309768351086543    
  0.6421496904786431    
  0.6504325772460342    
  0.6547589241592692    
  0.6541056719679263    
  0.6477225872427333    
  0.6353684890848920    
  0.6174442447951647    
  0.5949408943208234    
  0.5692166087395520    
  0.5417065755684660    
  0.5136848378483333    
  0.4861387302262420    
  0.4597466150547924    
  0.4349172887579462    
  0.4118531831767712    
  0.3906138159851041    
  0.3711675505719444    
  0.3534287903841455    
  0.3372834905209382    
  0.3226063425147931    
  0.3092712433891102    
  0.2971567733076874    
  0.2861491856466774    
  0.2761442474836858    
  0.2670477216361865    
  0.2587747157585483    
  0.2512490134525127    
  0.2444027226996717    
  0.2381755649325217    
  0.2325137477620166    
  0.2273691893718207    
  0.2226991889979799    
  0.2184658498687135    
  0.2146352096129008    
  0.2111767490588378    
  0.2080632918265047    
  0.2052706291276984    
  0.2027768659097065    
  0.2005621402057656    
  0.1986087062002427    
  0.1969007188914781    
  0.1954237045321312    
  0.1941643632928940    
  0.1931107455314217    
  0.1922521782368817    
  0.1915788608077401    
  0.1910816945813744    
  0.1907524393907400    
  0.1905836985771169    
  0.1905686507481273    
  0.1907009614195286    
  0.1909749105705216    
  0.1913853362290515    
  0.1919274098665524    
  0.1925966411330834    
  0.1933890543742769    
  0.1943011146308098    
  0.1953294717530177    
  0.1964709720840149    
  0.1977228850951130    
  0.1990828807056433    
  0.2005487744285084    
  0.2021184941617168    
  0.2037902881777829    
  0.2055627542488808    
  0.2074346453572380    
  0.2094048216199230    
  0.2114723955983944    
  0.2136367541368925    
  0.2158974298601300    
  0.2182540970545319    
  0.2207066815663064    
  0.2232553314741782    
  0.2259003007673133    
  0.2286420005423605    
  0.2314811318164933    
  0.2344186265285731    
  0.2374554984784015    
  0.2405929035157322    
  0.2438323121034506    
  0.2471754740047753    
  0.2506242511957842    
  0.2541806480298174    
  0.2578469914655860    
  0.2616259377936126    
  0.2655203236435107    
  0.2695331678394500    
  0.2736678325619732    
  0.2779280634590165    
  0.2823178804166577    
  0.2868415682773491    
  0.2915038095638325    
  0.2963097438656586    
  0.3012649047205258    
  0.3063752163741279    
  0.3116471034265430    
  0.3170875636631559    
  0.3227041505589540    
  0.3285049848818694    
  0.3344988497238019    
  0.3406952799500874    
  0.3471045911818225    
  0.3537379071146404    
  0.3606072417473204    
  0.3677256087096075    
  0.3751070966157876    
  0.3827669014825590    
  0.3907213761299480    
  0.3989881338022885    
  0.4075861290922413    
  0.4165356228112524    
  0.4258580894440103    
  0.4355761636039334    
  0.4457134967741278    
  0.4562942942528958    
  0.4673425510885713    
  0.4788810862857453    
  0.4909300636332535    
  0.5035044453261179    
  0.5166101570389718    
  0.5302387867805096    
  0.5443598733256890    
  0.5589093738423437    
  0.5737734256557203    
  0.5887667814305902    
  0.6036048955484991    
  0.6178700401767087    
  0.6309768351086543    
  0.6421496904786431    
  0.6504325772460342    
  0.6547589241592692    
  0.6541056719679263    
  0.6477225872427333    
  0.6353684890848920    
  0.6174442447951647    
  0.5949408943208234    
  0.5692166087395520    
  0.5417065755684660    
  0.5136848378483333    
  0.4861387302262420    
  0.4597466150547924    
  0.4349172887579462    
  0.4118531831767712    
  0.3906138159851041    
  0.3711675505719444    
  0.3534287903841455    
  0.3372834905209382    
  0.3226063425147931    
  0.3092712433891102    
  0.2971567733076874    
  0.2861491856466774    
  0.2761442474836858    
  0.2670477216361865    
  0.2587747157585483    
  0.2512490134525127    
  0.2444027226996717    
  0.2381755649325217    
  0.2325137477620166    
  0.2273691893718207    
  0.2226991889979799    
  0.2184658498687135    
  0.2146352096129008    
  0.2111767490588378    
  0.2080632918265047    
  0.2052706291276984    
  0.2027768659097065    
  0.2005621402057656    
  0.1986087062002427    
  0.1969007188914781    
  0.1954237045321312    
  0.1941643632928940    
  0.1931107455314217    
  0.1922521782368817    
  0.1915788608077401    
  0.1910816945813744    
  0.1907524393907400    
  0.1905836985771169    
  0.1905686507481273    
  0.1907009614195286    
  0.1909749105705216    
  0.1913853362290515    
  0.1919274098665524    
  0.1925966411330834    
  0.1933890543742769    
  0.1943011146308098    
  0.1953294717530177    
  0.1964709720840149    
  0.1977228850951130    
  0.1990828807056433    
  0.2005487744285084    
  0.2021184941617168    
  0.2037902881777829    
  0.2055627542488808    
  0.2074346453572380    
  0.2094048216199230    
  0.2114723955983944    
  0.2136367541368925    
  0.2158974298601300    
  0.2182540970545319    
  0.2207066815663064    
  0.2232553314741782    
  0.2259003007673133    
  0.2286420005423605    
  0.2314811318164933    
  0.2344186265285731    
  0.2374554984784015    
  0.2405929035157322    
  0.2438323121034506    
  0.2471754740047753    
  0.2506242511957842    
  0.2541806480298174    
  0.2578469914655860    
  0.2616259377936126    
  0.2655203236435107    
  0.2695331678394500    
  0.2736678325619732    
  0.2779280634590165    
  0.2823178804166577    
  0.2868415682773491    
