  0.3427495946110598E-01
  0.3454430538681675E-01
  0.3481657404765139E-01
  0.3509177670310146E-01
  0.3536992454546348E-01
  0.3565102815248859E-01
  0.3593509721052243E-01
  0.3622214103288694E-01
  0.3651216879158087E-01
  0.3680518895826644E-01
  0.3710120904746641E-01
  0.3740023614498424E-01
  0.3770227711750793E-01
  0.3800733804173582E-01
  0.3831542396833470E-01
  0.3862653946071340E-01
  0.3894068878190658E-01
  0.3925787531162200E-01
  0.3957810133171456E-01
  0.3990136857563992E-01
  0.4022767839192919E-01
  0.4055703114891996E-01
  0.4088942604257864E-01
  0.4122486165700066E-01
  0.4156333610372503E-01
  0.4190484641388255E-01
  0.4224938836926408E-01
  0.4259695707425940E-01
  0.4294754707018737E-01
  0.4330115171455944E-01
  0.4365776303635326E-01
  0.4401737231979648E-01
  0.4437997019280156E-01
  0.4474554599301687E-01
  0.4511408764835895E-01
  0.4548558227307620E-01
  0.4586001622926608E-01
  0.4623737447931998E-01
  0.4661764049282874E-01
  0.4700079685538109E-01
  0.4738682530204132E-01
  0.4777570605575946E-01
  0.4816741776186017E-01
  0.4856193811003740E-01
  0.4895924383852149E-01
  0.4935931005795439E-01
  0.4976211021476640E-01
  0.5016761672685470E-01
  0.5057580095702784E-01
  0.5098663252178304E-01
  0.5140007928497916E-01
  0.5181610800768881E-01
  0.5223468428932367E-01
  0.5265577186067515E-01
  0.5307933260943054E-01
  0.5350532724472690E-01
  0.5393371520416725E-01
  0.5436445393038211E-01
  0.5479749893005854E-01
  0.5523280445374602E-01
  0.5567032336677373E-01
  0.5611000640852021E-01
  0.5655180228679885E-01
  0.5699565837348851E-01
  0.5744152053709959E-01
  0.5788933238382757E-01
  0.5833903538934894E-01
  0.5879056961092404E-01
  0.5924387347910952E-01
  0.5969888301955539E-01
  0.6015553202446753E-01
  0.6061375278188556E-01
  0.6107347582377190E-01
  0.6153462912744150E-01
  0.6199713832923655E-01
  0.6246092747173727E-01
  0.6292591870511105E-01
  0.6339203146697368E-01
  0.6385918274119821E-01
  0.6432728782394964E-01
  0.6479625997481306E-01
  0.6526600957377607E-01
  0.6573644442851864E-01
  0.6620747056032894E-01
  0.6667899180115347E-01
  0.6715090892631709E-01
  0.6762312001416465E-01
  0.6809552125312025E-01
  0.6856800648038495E-01
  0.6904046628898787E-01
  0.6951278844433392E-01
  0.6998485871393462E-01
  0.7045656034298253E-01
  0.7092777313431248E-01
  0.7139837392729489E-01
  0.7186823745220805E-01
  0.7233723573744527E-01
  0.7280523716100896E-01
  0.7327210699824126E-01
  0.7373770830331630E-01
  0.7420190124232118E-01
  0.7466454211511117E-01
  0.7512548397983509E-01
  0.7558457756481800E-01
  0.7604167052124754E-01
  0.7649660641452977E-01
  0.7694922543537600E-01
  0.7739936534634555E-01
  0.7784686064738812E-01
  0.7829154153650422E-01
  0.7873323471974758E-01
  0.7917176439825480E-01
  0.7960695133950367E-01
  0.8003861180800712E-01
  0.8046655848987055E-01
  0.8089060152822805E-01
  0.8131054749293049E-01
  0.8172619828367550E-01
  0.8213735218944919E-01
  0.8254380498343183E-01
  0.8294534878408930E-01
  0.8334177093569098E-01
  0.8373285522933538E-01
  0.8411838307278388E-01
  0.8449813223673999E-01
  0.8487187572164387E-01
  0.8523938317599963E-01
  0.8560042216316399E-01
  0.8595475678857588E-01
  0.8630214656778024E-01
  0.8664234809037707E-01
  0.8697511641501243E-01
  0.8730020357647902E-01
  0.8761735747855824E-01
  0.8792632386915011E-01
  0.8822684790720423E-01
  0.8851867255275825E-01
  0.8880153751943656E-01
  0.8907518164847619E-01
  0.8933934470578324E-01
  0.8959376565960292E-01
  0.8983818173705789E-01
  0.9007233130633344E-01
  0.9029595596847433E-01
  0.9050879871053802E-01
  0.9071060309771441E-01
  0.9090111676613646E-01
  0.9108009383016885E-01
  0.9124729280157884E-01
  0.9140247582967034E-01
  0.9154541275614564E-01
  0.9167588359583292E-01
  0.9179367569362076E-01
  0.9189858236621973E-01
  0.9199040670666889E-01
  0.9206896274023482E-01
  0.9213406958801360E-01
  0.9218554650731452E-01
  0.9222321231887254E-01
  0.9224687899291296E-01
  0.9225633358534517E-01
  0.9225131678092457E-01
  0.9223149970799635E-01
  0.9219644332068910E-01
  0.9214552971548017E-01
  0.9207787020592093E-01
  0.9199218372624460E-01
  0.9188661579658226E-01
  0.9175847494337669E-01
  0.9160388399169610E-01
  0.9141733578092712E-01
  0.9119113860588141E-01
  0.9091480369245092E-01
  0.9057455272108131E-01
  0.9015325596834661E-01
  0.8963125241445828E-01
  0.8898856413934927E-01
  0.8820867061893325E-01
  0.8728305300328196E-01
  0.8621468578042114E-01
  0.8501860813228217E-01
  0.8371907608771850E-01
  0.8234463190132424E-01
  0.8092326092953686E-01
  0.7947916912381858E-01
  0.7803145891145914E-01
  0.7659416477330909E-01
  0.7517698679343181E-01
  0.7378625133598049E-01
  0.7242581849145115E-01
  0.7109781001443982E-01
  0.6980315449830948E-01
  0.6854199151823499E-01
  0.6731395887987379E-01
  0.6611838115754182E-01
  0.6495439469723044E-01
  0.6382103867002120E-01
  0.6271731598308289E-01
  0.6164222483844042E-01
  0.6059477742491032E-01
  0.5957401809457416E-01
  0.5857903458456074E-01
  0.5760895719334305E-01
  0.5666295620112909E-01
  0.5574024501211124E-01
  0.5484008148558059E-01
  0.5396176212111278E-01
  0.5310461703376428E-01
  0.5226801094310597E-01
  0.5145134294180458E-01
  0.5065404059080683E-01
  0.4987555547956442E-01
  0.4911536444809047E-01
  0.4837296968818482E-01
  0.4764789384921579E-01
  0.4693967659453507E-01
  0.4624787614315345E-01
  0.4557206961152835E-01
  0.4491184890859772E-01
  0.4426681813455879E-01
  0.4363659546664174E-01
  0.4302081376012700E-01
  0.4241911705598508E-01
  0.4183115853426115E-01
  0.4125660250941127E-01
  0.4069512510687260E-01
  0.4014641119757958E-01
  0.3961015277384489E-01
  0.3908605101817835E-01
  0.3857381702387812E-01
  0.3807316904404968E-01
  0.3758383114844477E-01
  0.3710553526962167E-01
  0.3663802189272202E-01
  0.3618103752758049E-01
  0.3573433357796611E-01
  0.3529766835360292E-01
  0.3487080772661338E-01
  0.3445352278512853E-01
  0.3404558886289324E-01
  0.3364678749085089E-01
  0.3325690699590891E-01
  0.3287574028902047E-01
  0.3250308401548777E-01
  0.3213874044115605E-01
  0.3178251799665899E-01
  0.3143422918341587E-01
  0.3109368982724820E-01
  0.3076072090078355E-01
  0.3043514901300860E-01
  0.3011680441240651E-01
  0.2980552032275604E-01
  0.2950113469966869E-01
  0.2920349066621277E-01
  0.2891243460076339E-01
  0.2862781554474942E-01
  0.2834948689919657E-01
  0.2807730681277649E-01
  0.2781113634690285E-01
  0.2755083894729338E-01
  0.2729628208407043E-01
  0.2704733759514283E-01
  0.2680387991985371E-01
  0.2656578562617202E-01
  0.2633293499744576E-01
  0.2610521233473294E-01
  0.2588250425343564E-01
  0.2566469926134679E-01
  0.2545168929675203E-01
  0.2524336999415937E-01
  0.2503963903967329E-01
  0.2484039579570197E-01
  0.2464554279390891E-01
  0.2445498596730898E-01
  0.2426863305980027E-01
  0.2408639329328333E-01
  0.2390817881826331E-01
  0.2373390491493251E-01
  0.2356348845315776E-01
  0.2339684759882906E-01
  0.2323390322516714E-01
  0.2307457908557055E-01
  0.2291880032110792E-01
  0.2276649320344350E-01
  0.2261758650950776E-01
  0.2247201166833350E-01
  0.2232970131312034E-01
  0.2219058905807313E-01
  0.2205461083850836E-01
  0.2192170503341172E-01
  0.2179181105932007E-01
  0.2166486917868076E-01
  0.2154082180730084E-01
  0.2141961361426301E-01
  0.2130119015528685E-01
  0.2118549771061231E-01
  0.2107248456160755E-01
  0.2096210106954990E-01
  0.2085429834635600E-01
  0.2074902812015083E-01
  0.2064624398258233E-01
  0.2054590144770187E-01
  0.2044795665803901E-01
  0.2035236627609245E-01
  0.2025908870365559E-01
  0.2016808412184238E-01
  0.2007931323064269E-01
  0.1999273716473433E-01
  0.1990831868600575E-01
  0.1982602220569771E-01
  0.1974581255580035E-01
  0.1966765492778526E-01
  0.1959151603942528E-01
  0.1951736413993527E-01
  0.1944516781172403E-01
  0.1937489593077081E-01
  0.1930651880871948E-01
  0.1924000818178973E-01
  0.1917533604150248E-01
  0.1911247461550002E-01
  0.1905139748574596E-01
  0.1899207956186497E-01
  0.1893449593958647E-01
  0.1887862190093809E-01
  0.1882443400930063E-01
  0.1877191006774271E-01
  0.1872102800403800E-01
  0.1867176588930052E-01
  0.1862410301061170E-01
  0.1857801981486050E-01
  0.1853349681928211E-01
  0.1849051464771395E-01
  0.1844905508147861E-01
  0.1840910098917158E-01
  0.1837063526171956E-01
  0.1833364086551331E-01
  0.1829810187220520E-01
  0.1826400337483756E-01
  0.1823133044644640E-01
  0.1820006820937044E-01
  0.1817020284461316E-01
  0.1814172149470330E-01
  0.1811461124490835E-01
  0.1808885920802797E-01
  0.1806445351394939E-01
  0.1804138319967493E-01
  0.1801963721229535E-01
  0.1799920450857066E-01
  0.1798007502523554E-01
  0.1796223955665773E-01
  0.1794568877883927E-01
  0.1793041336309711E-01
  0.1791640492756341E-01
  0.1790365590292870E-01
  0.1789215857688121E-01
  0.1788190522125622E-01
  0.1787288902505324E-01
  0.1786510394864356E-01
  0.1785854378817604E-01
  0.1785320231568326E-01
  0.1784907419386964E-01
  0.1784615481906206E-01
  0.1784443940517884E-01
  0.1784392313640912E-01
  0.1784460206401107E-01
  0.1784647293816740E-01
  0.1784953231110242E-01
  0.1785377670205971E-01
  0.1785920347639666E-01
  0.1786581066643342E-01
  0.1787359609323129E-01
  0.1788255754362674E-01
  0.1789269363199988E-01
  0.1790400361024862E-01
  0.1791648650771170E-01
  0.1793014131998266E-01
  0.1794496785376350E-01
  0.1796096652617406E-01
  0.1797813752231974E-01
  0.1799648099553375E-01
  0.1801599789567414E-01
  0.1803668975802677E-01
  0.1805855787806802E-01
  0.1808160352270791E-01
  0.1810582874227401E-01
  0.1813123614929851E-01
  0.1815782811016607E-01
  0.1818560696697395E-01
  0.1821457583337075E-01
  0.1824473836351775E-01
  0.1827609796044950E-01
  0.1830865800825199E-01
  0.1834242265183205E-01
  0.1837739655622178E-01
  0.1841358413148318E-01
  0.1845098977494017E-01
  0.1848961863488603E-01
  0.1852947636030185E-01
  0.1857056834216424E-01
  0.1861289996559705E-01
  0.1865647735760650E-01
  0.1870130712729004E-01
  0.1874739562342215E-01
  0.1879474919642993E-01
  0.1884337493022190E-01
  0.1889328037285246E-01
  0.1894447281014472E-01
  0.1899695953735128E-01
  0.1905074857516931E-01
  0.1910584839088984E-01
  0.1916226718790245E-01
  0.1922001318699681E-01
  0.1927909532673084E-01
  0.1933952297510265E-01
  0.1940130523469832E-01
  0.1946445123343939E-01
  0.1952897080934153E-01
  0.1959487421272055E-01
  0.1966217142681218E-01
  0.1973087246787224E-01
  0.1980098805446978E-01
  0.1987252930033816E-01
  0.1994550705032271E-01
  0.2001993218963057E-01
  0.2009581629760951E-01
  0.2017317133123146E-01
  0.2025200897624762E-01
  0.2033234096549594E-01
  0.2041417971724873E-01
  0.2049753800943301E-01
  0.2058242834591812E-01
  0.2066886328369470E-01
  0.2075685605567430E-01
  0.2084642023561151E-01
  0.2093756911947706E-01
  0.2103031606146262E-01
  0.2112467508125714E-01
  0.2122066051970990E-01
  0.2131828643521395E-01
  0.2141756694835013E-01
  0.2151851683349131E-01
  0.2162115116519596E-01
  0.2172548472965613E-01
  0.2183153237797368E-01
  0.2193930960201614E-01
  0.2204883217146341E-01
  0.2216011556024586E-01
  0.2227317530834305E-01
  0.2238802758180429E-01
  0.2250468880047685E-01
  0.2262317507950120E-01
  0.2274350259955476E-01
  0.2286568815083635E-01
  0.2298974875137141E-01
  0.2311570110360960E-01
  0.2324356197311939E-01
  0.2337334871642181E-01
  0.2350507888979363E-01
  0.2363876972097351E-01
  0.2377443849623637E-01
  0.2391210307191523E-01
  0.2405178147366443E-01
  0.2419349138337169E-01
  0.2433725053457215E-01
  0.2448307720743712E-01
  0.2463098981840241E-01
  0.2478100642240300E-01
  0.2493314511663487E-01
  0.2508742451879566E-01
  0.2524386334696013E-01
  0.2540247993724267E-01
  0.2556329265591396E-01
  0.2572632036067589E-01
  0.2589158197067857E-01
  0.2605909599973956E-01
  0.2622888097681630E-01
  0.2640095589006732E-01
  0.2657533974690984E-01
  0.2675205112297359E-01
  0.2693110859095540E-01
  0.2711253114718905E-01
  0.2729633776161863E-01
  0.2748254694268727E-01
  0.2767117717462055E-01
  0.2786224732621443E-01
  0.2805577619059443E-01
  0.2825178206626165E-01
  0.2845028320285892E-01
  0.2865129819185647E-01
  0.2885484549595991E-01
  0.2906094304658136E-01
  0.2926960869817444E-01
  0.2948086060048703E-01
  0.2969471671747426E-01
  0.2991119444148707E-01
  0.3013031105627586E-01
  0.3035208409045717E-01
  0.3057653082578818E-01
  0.3080366792840550E-01
  0.3103351192060584E-01
  0.3126607951513580E-01
  0.3150138711267656E-01
  0.3173945045051827E-01
  0.3198028508326752E-01
  0.3222390669754851E-01
  0.3247033059853321E-01
  0.3271957137647666E-01
  0.3297164339652770E-01
  0.3322656109341496E-01
  0.3348433844685682E-01
  0.3374498866641949E-01
  0.3400852469061582E-01
  0.3427495946110598E-01
  0.3454430538681675E-01
  0.3481657404765139E-01
  0.3509177670310146E-01
  0.3536992454546348E-01
  0.3565102815248859E-01
  0.3593509721052243E-01
  0.3622214103288694E-01
  0.3651216879158087E-01
  0.3680518895826644E-01
  0.3710120904746641E-01
  0.3740023614498424E-01
  0.3770227711750793E-01
  0.3800733804173582E-01
  0.3831542396833470E-01
  0.3862653946071340E-01
  0.3894068878190658E-01
  0.3925787531162200E-01
  0.3957810133171456E-01
  0.3990136857563992E-01
  0.4022767839192919E-01
  0.4055703114891996E-01
  0.4088942604257864E-01
  0.4122486165700066E-01
  0.4156333610372503E-01
  0.4190484641388255E-01
  0.4224938836926408E-01
  0.4259695707425940E-01
  0.4294754707018737E-01
  0.4330115171455944E-01
  0.4365776303635326E-01
  0.4401737231979648E-01
  0.4437997019280156E-01
  0.4474554599301687E-01
  0.4511408764835895E-01
  0.4548558227307620E-01
  0.4586001622926608E-01
  0.4623737447931998E-01
  0.4661764049282874E-01
  0.4700079685538109E-01
  0.4738682530204132E-01
  0.4777570605575946E-01
  0.4816741776186017E-01
  0.4856193811003740E-01
  0.4895924383852149E-01
  0.4935931005795439E-01
  0.4976211021476640E-01
  0.5016761672685470E-01
  0.5057580095702784E-01
  0.5098663252178304E-01
  0.5140007928497916E-01
  0.5181610800768881E-01
  0.5223468428932367E-01
  0.5265577186067515E-01
  0.5307933260943054E-01
  0.5350532724472690E-01
  0.5393371520416725E-01
  0.5436445393038211E-01
  0.5479749893005854E-01
  0.5523280445374602E-01
  0.5567032336677373E-01
  0.5611000640852021E-01
  0.5655180228679885E-01
  0.5699565837348851E-01
  0.5744152053709959E-01
  0.5788933238382757E-01
  0.5833903538934894E-01
  0.5879056961092404E-01
  0.5924387347910952E-01
  0.5969888301955539E-01
  0.6015553202446753E-01
  0.6061375278188556E-01
  0.6107347582377190E-01
  0.6153462912744150E-01
  0.6199713832923655E-01
  0.6246092747173727E-01
  0.6292591870511105E-01
  0.6339203146697368E-01
  0.6385918274119821E-01
  0.6432728782394964E-01
  0.6479625997481306E-01
  0.6526600957377607E-01
  0.6573644442851864E-01
  0.6620747056032894E-01
  0.6667899180115347E-01
  0.6715090892631709E-01
  0.6762312001416465E-01
  0.6809552125312025E-01
  0.6856800648038495E-01
  0.6904046628898787E-01
  0.6951278844433392E-01
  0.6998485871393462E-01
  0.7045656034298253E-01
  0.7092777313431248E-01
  0.7139837392729489E-01
  0.7186823745220805E-01
  0.7233723573744527E-01
  0.7280523716100896E-01
  0.7327210699824126E-01
  0.7373770830331630E-01
  0.7420190124232118E-01
  0.7466454211511117E-01
  0.7512548397983509E-01
  0.7558457756481800E-01
  0.7604167052124754E-01
  0.7649660641452977E-01
  0.7694922543537600E-01
  0.7739936534634555E-01
  0.7784686064738812E-01
  0.7829154153650422E-01
  0.7873323471974758E-01
  0.7917176439825480E-01
  0.7960695133950367E-01
  0.8003861180800712E-01
  0.8046655848987055E-01
  0.8089060152822805E-01
  0.8131054749293049E-01
  0.8172619828367550E-01
  0.8213735218944919E-01
  0.8254380498343183E-01
  0.8294534878408930E-01
  0.8334177093569098E-01
  0.8373285522933538E-01
  0.8411838307278388E-01
  0.8449813223673999E-01
  0.8487187572164387E-01
  0.8523938317599963E-01
  0.8560042216316399E-01
  0.8595475678857588E-01
  0.8630214656778024E-01
  0.8664234809037707E-01
  0.8697511641501243E-01
  0.8730020357647902E-01
  0.8761735747855824E-01
  0.8792632386915011E-01
  0.8822684790720423E-01
  0.8851867255275825E-01
  0.8880153751943656E-01
  0.8907518164847619E-01
  0.8933934470578324E-01
  0.8959376565960292E-01
  0.8983818173705789E-01
  0.9007233130633344E-01
  0.9029595596847433E-01
  0.9050879871053802E-01
  0.9071060309771441E-01
  0.9090111676613646E-01
  0.9108009383016885E-01
  0.9124729280157884E-01
  0.9140247582967034E-01
  0.9154541275614564E-01
  0.9167588359583292E-01
  0.9179367569362076E-01
  0.9189858236621973E-01
  0.9199040670666889E-01
  0.9206896274023482E-01
  0.9213406958801360E-01
  0.9218554650731452E-01
  0.9222321231887254E-01
  0.9224687899291296E-01
  0.9225633358534517E-01
  0.9225131678092457E-01
  0.9223149970799635E-01
  0.9219644332068910E-01
  0.9214552971548017E-01
  0.9207787020592093E-01
  0.9199218372624460E-01
  0.9188661579658226E-01
  0.9175847494337669E-01
  0.9160388399169610E-01
  0.9141733578092712E-01
  0.9119113860588141E-01
  0.9091480369245092E-01
  0.9057455272108131E-01
  0.9015325596834661E-01
  0.8963125241445828E-01
  0.8898856413934927E-01
  0.8820867061893325E-01
  0.8728305300328196E-01
  0.8621468578042114E-01
  0.8501860813228217E-01
  0.8371907608771850E-01
  0.8234463190132424E-01
  0.8092326092953686E-01
  0.7947916912381858E-01
  0.7803145891145914E-01
  0.7659416477330909E-01
  0.7517698679343181E-01
  0.7378625133598049E-01
  0.7242581849145115E-01
  0.7109781001443982E-01
  0.6980315449830948E-01
  0.6854199151823499E-01
  0.6731395887987379E-01
  0.6611838115754182E-01
  0.6495439469723044E-01
  0.6382103867002120E-01
  0.6271731598308289E-01
  0.6164222483844042E-01
  0.6059477742491032E-01
  0.5957401809457416E-01
  0.5857903458456074E-01
  0.5760895719334305E-01
  0.5666295620112909E-01
  0.5574024501211124E-01
  0.5484008148558059E-01
  0.5396176212111278E-01
  0.5310461703376428E-01
  0.5226801094310597E-01
  0.5145134294180458E-01
  0.5065404059080683E-01
  0.4987555547956442E-01
  0.4911536444809047E-01
  0.4837296968818482E-01
  0.4764789384921579E-01
  0.4693967659453507E-01
  0.4624787614315345E-01
  0.4557206961152835E-01
  0.4491184890859772E-01
  0.4426681813455879E-01
  0.4363659546664174E-01
  0.4302081376012700E-01
  0.4241911705598508E-01
  0.4183115853426115E-01
  0.4125660250941127E-01
  0.4069512510687260E-01
  0.4014641119757958E-01
  0.3961015277384489E-01
  0.3908605101817835E-01
  0.3857381702387812E-01
  0.3807316904404968E-01
  0.3758383114844477E-01
  0.3710553526962167E-01
  0.3663802189272202E-01
  0.3618103752758049E-01
  0.3573433357796611E-01
  0.3529766835360292E-01
  0.3487080772661338E-01
  0.3445352278512853E-01
  0.3404558886289324E-01
  0.3364678749085089E-01
  0.3325690699590891E-01
  0.3287574028902047E-01
  0.3250308401548777E-01
  0.3213874044115605E-01
  0.3178251799665899E-01
  0.3143422918341587E-01
  0.3109368982724820E-01
  0.3076072090078355E-01
  0.3043514901300860E-01
  0.3011680441240651E-01
  0.2980552032275604E-01
  0.2950113469966869E-01
  0.2920349066621277E-01
  0.2891243460076339E-01
  0.2862781554474942E-01
  0.2834948689919657E-01
  0.2807730681277649E-01
  0.2781113634690285E-01
  0.2755083894729338E-01
  0.2729628208407043E-01
  0.2704733759514283E-01
  0.2680387991985371E-01
  0.2656578562617202E-01
  0.2633293499744576E-01
  0.2610521233473294E-01
  0.2588250425343564E-01
  0.2566469926134679E-01
  0.2545168929675203E-01
  0.2524336999415937E-01
  0.2503963903967329E-01
  0.2484039579570197E-01
  0.2464554279390891E-01
  0.2445498596730898E-01
  0.2426863305980027E-01
  0.2408639329328333E-01
  0.2390817881826331E-01
  0.2373390491493251E-01
  0.2356348845315776E-01
  0.2339684759882906E-01
  0.2323390322516714E-01
  0.2307457908557055E-01
  0.2291880032110792E-01
  0.2276649320344350E-01
  0.2261758650950776E-01
  0.2247201166833350E-01
  0.2232970131312034E-01
  0.2219058905807313E-01
  0.2205461083850836E-01
  0.2192170503341172E-01
  0.2179181105932007E-01
  0.2166486917868076E-01
  0.2154082180730084E-01
  0.2141961361426301E-01
  0.2130119015528685E-01
  0.2118549771061231E-01
  0.2107248456160755E-01
  0.2096210106954990E-01
  0.2085429834635600E-01
  0.2074902812015083E-01
  0.2064624398258233E-01
  0.2054590144770187E-01
  0.2044795665803901E-01
  0.2035236627609245E-01
  0.2025908870365559E-01
  0.2016808412184238E-01
  0.2007931323064269E-01
  0.1999273716473433E-01
  0.1990831868600575E-01
  0.1982602220569771E-01
  0.1974581255580035E-01
  0.1966765492778526E-01
  0.1959151603942528E-01
  0.1951736413993527E-01
  0.1944516781172403E-01
  0.1937489593077081E-01
  0.1930651880871948E-01
  0.1924000818178973E-01
  0.1917533604150248E-01
  0.1911247461550002E-01
  0.1905139748574596E-01
  0.1899207956186497E-01
  0.1893449593958647E-01
  0.1887862190093809E-01
  0.1882443400930063E-01
  0.1877191006774271E-01
  0.1872102800403800E-01
  0.1867176588930052E-01
  0.1862410301061170E-01
  0.1857801981486050E-01
  0.1853349681928211E-01
  0.1849051464771395E-01
  0.1844905508147861E-01
  0.1840910098917158E-01
  0.1837063526171956E-01
  0.1833364086551331E-01
  0.1829810187220520E-01
  0.1826400337483756E-01
  0.1823133044644640E-01
  0.1820006820937044E-01
  0.1817020284461316E-01
  0.1814172149470330E-01
  0.1811461124490835E-01
  0.1808885920802797E-01
  0.1806445351394939E-01
  0.1804138319967493E-01
  0.1801963721229535E-01
  0.1799920450857066E-01
  0.1798007502523554E-01
  0.1796223955665773E-01
  0.1794568877883927E-01
  0.1793041336309711E-01
  0.1791640492756341E-01
  0.1790365590292870E-01
  0.1789215857688121E-01
  0.1788190522125622E-01
  0.1787288902505324E-01
  0.1786510394864356E-01
  0.1785854378817604E-01
  0.1785320231568326E-01
  0.1784907419386964E-01
  0.1784615481906206E-01
  0.1784443940517884E-01
  0.1784392313640912E-01
  0.1784460206401107E-01
  0.1784647293816740E-01
  0.1784953231110242E-01
  0.1785377670205971E-01
  0.1785920347639666E-01
  0.1786581066643342E-01
  0.1787359609323129E-01
  0.1788255754362674E-01
  0.1789269363199988E-01
  0.1790400361024862E-01
  0.1791648650771170E-01
  0.1793014131998266E-01
  0.1794496785376350E-01
  0.1796096652617406E-01
  0.1797813752231974E-01
  0.1799648099553375E-01
  0.1801599789567414E-01
  0.1803668975802677E-01
  0.1805855787806802E-01
  0.1808160352270791E-01
  0.1810582874227401E-01
  0.1813123614929851E-01
  0.1815782811016607E-01
  0.1818560696697395E-01
  0.1821457583337075E-01
  0.1824473836351775E-01
  0.1827609796044950E-01
  0.1830865800825199E-01
  0.1834242265183205E-01
  0.1837739655622178E-01
  0.1841358413148318E-01
  0.1845098977494017E-01
  0.1848961863488603E-01
  0.1852947636030185E-01
  0.1857056834216424E-01
  0.1861289996559705E-01
  0.1865647735760650E-01
  0.1870130712729004E-01
  0.1874739562342215E-01
  0.1879474919642993E-01
  0.1884337493022190E-01
  0.1889328037285246E-01
  0.1894447281014472E-01
  0.1899695953735128E-01
  0.1905074857516931E-01
  0.1910584839088984E-01
  0.1916226718790245E-01
  0.1922001318699681E-01
  0.1927909532673084E-01
  0.1933952297510265E-01
  0.1940130523469832E-01
  0.1946445123343939E-01
  0.1952897080934153E-01
  0.1959487421272055E-01
  0.1966217142681218E-01
  0.1973087246787224E-01
  0.1980098805446978E-01
  0.1987252930033816E-01
  0.1994550705032271E-01
  0.2001993218963057E-01
  0.2009581629760951E-01
  0.2017317133123146E-01
  0.2025200897624762E-01
  0.2033234096549594E-01
  0.2041417971724873E-01
  0.2049753800943301E-01
  0.2058242834591812E-01
  0.2066886328369470E-01
  0.2075685605567430E-01
  0.2084642023561151E-01
  0.2093756911947706E-01
  0.2103031606146262E-01
  0.2112467508125714E-01
  0.2122066051970990E-01
  0.2131828643521395E-01
  0.2141756694835013E-01
  0.2151851683349131E-01
  0.2162115116519596E-01
  0.2172548472965613E-01
  0.2183153237797368E-01
  0.2193930960201614E-01
  0.2204883217146341E-01
  0.2216011556024586E-01
  0.2227317530834305E-01
  0.2238802758180429E-01
  0.2250468880047685E-01
  0.2262317507950120E-01
  0.2274350259955476E-01
  0.2286568815083635E-01
  0.2298974875137141E-01
  0.2311570110360960E-01
  0.2324356197311939E-01
  0.2337334871642181E-01
  0.2350507888979363E-01
  0.2363876972097351E-01
  0.2377443849623637E-01
  0.2391210307191523E-01
  0.2405178147366443E-01
  0.2419349138337169E-01
  0.2433725053457215E-01
  0.2448307720743712E-01
  0.2463098981840241E-01
  0.2478100642240300E-01
  0.2493314511663487E-01
  0.2508742451879566E-01
  0.2524386334696013E-01
  0.2540247993724267E-01
  0.2556329265591396E-01
  0.2572632036067589E-01
  0.2589158197067857E-01
  0.2605909599973956E-01
  0.2622888097681630E-01
  0.2640095589006732E-01
  0.2657533974690984E-01
  0.2675205112297359E-01
  0.2693110859095540E-01
  0.2711253114718905E-01
  0.2729633776161863E-01
  0.2748254694268727E-01
  0.2767117717462055E-01
  0.2786224732621443E-01
  0.2805577619059443E-01
  0.2825178206626165E-01
  0.2845028320285892E-01
  0.2865129819185647E-01
  0.2885484549595991E-01
  0.2906094304658136E-01
  0.2926960869817444E-01
  0.2948086060048703E-01
  0.2969471671747426E-01
  0.2991119444148707E-01
  0.3013031105627586E-01
  0.3035208409045717E-01
  0.3057653082578818E-01
  0.3080366792840550E-01
  0.3103351192060584E-01
  0.3126607951513580E-01
  0.3150138711267656E-01
  0.3173945045051827E-01
  0.3198028508326752E-01
  0.3222390669754851E-01
  0.3247033059853321E-01
  0.3271957137647666E-01
  0.3297164339652770E-01
  0.3322656109341496E-01
  0.3348433844685682E-01
  0.3374498866641949E-01
  0.3400852469061582E-01
