  0.6256836586551761    
  0.6270068092262256    
  0.6282675735669406    
  0.6294674419071173    
  0.6306078426064463    
  0.6316901421917644    
  0.6327156454915284    
  0.6336855959701738    
  0.6346011761750381    
  0.6354635081577862    
  0.6362736539056999    
  0.6370326159143306    
  0.6377413378933935    
  0.6384007054691495    
  0.6390115468427375    
  0.6395746335109725    
  0.6400906811102767    
  0.6405603502974397    
  0.6409842475784832    
  0.6413629261283401    
  0.6416968866893492    
  0.6419865785358176    
  0.6422324004163915    
  0.6424347014474133    
  0.6425937820228859    
  0.6427098947898910    
  0.6427832456455520    
  0.6428139946855328    
  0.6428022571133279    
  0.6427481041832980    
  0.6426515641974919    
  0.6425126234853631    
  0.6423312273141517    
  0.6421072807842660    
  0.6418406497839793    
  0.6415311619688597    
  0.6411786076734856    
  0.6407827407625987    
  0.6403432795207481    
  0.6398599075992664    
  0.6393322749208261    
  0.6387599984960123    
  0.6381426632434808    
  0.6374798228812801    
  0.6367710008104210    
  0.6360156909048534    
  0.6352133582697885    
  0.6343634400670206    
  0.6334653463643944    
  0.6325184609033558    
  0.6315221418080209    
  0.6304757223442162    
  0.6293785117232781    
  0.6282297958435860    
  0.6270288379584209    
  0.6257748793722913    
  0.6244671401908899    
  0.6231048200296390    
  0.6216870986456001    
  0.6202131365816623    
  0.6186820758680893    
  0.6170930407010051    
  0.6154451380463757    
  0.6137374582424334    
  0.6119690756565606    
  0.6101390493300352    
  0.6082464235511176    
  0.6062902284194173    
  0.6042694804685891    
  0.6021831832945652    
  0.6000303281222820    
  0.5978098943582688    
  0.5955208501946412    
  0.5931621532166516    
  0.5907327509451216    
  0.5882315813651090    
  0.5856575735254544    
  0.5830096481732978    
  0.5802867183386451    
  0.5774876898917622    
  0.5746114621446604    
  0.5716569284697381    
  0.5686229768807050    
  0.5655084906410630    
  0.5623123489819226    
  0.5590334278371893    
  0.5556706004554119    
  0.5522227379732642    
  0.5486887101664247    
  0.5450673863601752    
  0.5413576362504215    
  0.5375583305683362    
  0.5336683418322079    
  0.5296865453418120    
  0.5256118202298157    
  0.5214430503691815    
  0.5171791252583324    
  0.5128189411080966    
  0.5083614020820695    
  0.5038054214840822    
  0.4991499228964372    
  0.4943938414569829    
  0.4895361253127213    
  0.4845757370993191    
  0.4795116553972112    
  0.4743428762945671    
  0.4690684151229993    
  0.4636873082671780    
  0.4581986149874621    
  0.4526014193428697    
  0.4468948322815469    
  0.4410779938332514    
  0.4351500753461983    
  0.4291102818291029    
  0.4229578544588624    
  0.4166920732073379    
  0.4103122595352573    
  0.4038177791978193    
  0.3972080452145819    
  0.3904825209670902    
  0.3836407233763490    
  0.3766822261936181    
  0.3696066634496575    
  0.3624137330306084    
  0.3551032003345166    
  0.3476749020333341    
  0.3401287499782651    
  0.3324647352174863    
  0.3246829320796975    
  0.3167835023408077    
  0.3087666995046184    
  0.3006328731645999    
  0.2923824733969857    
  0.2840160551948371    
  0.2755342829671437    
  0.2669379350663257    
  0.2582279082892656    
  0.2494052223534323    
  0.2404710243652133    
  0.2314265932388617    
  0.2222733440047246    
  0.2130128320002807    
  0.2036467569547226    
  0.1941769669203135    
  0.1846054619823487    
  0.1749343977339523    
  0.1651660885215025    
  0.1553030104097979    
  0.1453478037930228    
  0.1353032756326623    
  0.1251724013262465    
  0.1149583261545342    
  0.1046643662300527    
  0.9429400892704516E-01
  0.8385091279990771E-01
  0.7333890694087500E-01
  0.6276198970074441E-01
  0.5212432675685479E-01
  0.4143024854565748E-01
  0.3068424702072369E-01
  0.1989097166661480E-01
  0.9055224763023798E-02
 -0.1818044065707678E-02
 -0.1272374403703589E-01
 -0.2365665018915841E-01
 -0.3461141114153996E-01
 -0.4558255757667524E-01
 -0.5656451143966271E-01
 -0.6755159589417407E-01
 -0.7853804600329722E-01
 -0.8951802004437651E-01
 -0.1004856114247366    
 -0.1114348612171539    
 -0.1223597712629246    
 -0.1332543177200883    
 -0.1441124649932482    
 -0.1549281800470428    
 -0.1656954470361081    
 -0.1764082821019842    
 -0.1870607482471046    
 -0.1976469702794448    
 -0.2081611497574016    
 -0.2185975797680194    
 -0.2289506594303508    
 -0.2392149081213000    
 -0.2493849793674024    
 -0.2594556742327037    
 -0.2694219540854886    
 -0.2792789527572818    
 -0.2890219880703679    
 -0.2986465725778135    
 -0.3081484233982099    
 -0.3175234711830811    
 -0.3267678682421766    
 -0.3358779957002010    
 -0.3448504695715221    
 -0.3536821458166453    
 -0.3623701244647056    
 -0.3709117527175917    
 -0.3793046269266557    
 -0.3875465935232230    
 -0.3956357490472487    
 -0.4035704392408353    
 -0.4113492570988073    
 -0.4189710399577519    
 -0.4264348658185854    
 -0.4337400489260222    
 -0.4408861344958692    
 -0.4478728926488076    
 -0.4547003117765550    
 -0.4613685914228194    
 -0.4678781345721201    
 -0.4742295393608445    
 -0.4804235904380366    
 -0.4864612501134682    
 -0.4923436491993379    
 -0.4980720775039269    
 -0.5036479741737729    
 -0.5090729180650837    
 -0.5143486180806529    
 -0.5194769033773986    
 -0.5244597135796203    
 -0.5292990891988276    
 -0.5339971622432028    
 -0.5385561468907437    
 -0.5429783302825291    
 -0.5472660636238884    
 -0.5514217536276028    
 -0.5554478541752906    
 -0.5593468581785769    
 -0.5631212897809951    
 -0.5667736969727621    
 -0.5703066445304747    
 -0.5737227072165927    
 -0.5770244633107667    
 -0.5802144885502774    
 -0.5832953504426859    
 -0.5862696028814424    
 -0.5891397810709899    
 -0.5919083968062255    
 -0.5945779341093170    
 -0.5971508451908879    
 -0.5996295467085740    
 -0.6020164163113328    
 -0.6043137894755052    
 -0.6065239566505118    
 -0.6086491607002167    
 -0.6106915945781423    
 -0.6126533992039759    
 -0.6145366615913298    
 -0.6163434132646700    
 -0.6180756288914524    
 -0.6197352250371657    
 -0.6213240590812309    
 -0.6228439283903158    
 -0.6242965697126163    
 -0.6256836586551761    
 -0.6270068092262256    
 -0.6282675735669406    
 -0.6294674419071173    
 -0.6306078426064463    
 -0.6316901421917644    
 -0.6327156454915284    
 -0.6336855959701738    
 -0.6346011761750381    
 -0.6354635081577862    
 -0.6362736539056999    
 -0.6370326159143306    
 -0.6377413378933935    
 -0.6384007054691495    
 -0.6390115468427375    
 -0.6395746335109725    
 -0.6400906811102767    
 -0.6405603502974397    
 -0.6409842475784832    
 -0.6413629261283401    
 -0.6416968866893492    
 -0.6419865785358176    
 -0.6422324004163915    
 -0.6424347014474133    
 -0.6425937820228859    
 -0.6427098947898910    
 -0.6427832456455520    
 -0.6428139946855328    
 -0.6428022571133279    
 -0.6427481041832980    
 -0.6426515641974919    
 -0.6425126234853631    
 -0.6423312273141517    
 -0.6421072807842660    
 -0.6418406497839793    
 -0.6415311619688597    
 -0.6411786076734856    
 -0.6407827407625987    
 -0.6403432795207481    
 -0.6398599075992664    
 -0.6393322749208261    
 -0.6387599984960123    
 -0.6381426632434808    
 -0.6374798228812801    
 -0.6367710008104210    
 -0.6360156909048534    
 -0.6352133582697885    
 -0.6343634400670206    
 -0.6334653463643944    
 -0.6325184609033558    
 -0.6315221418080209    
 -0.6304757223442162    
 -0.6293785117232781    
 -0.6282297958435860    
 -0.6270288379584209    
 -0.6257748793722913    
 -0.6244671401908899    
 -0.6231048200296390    
 -0.6216870986456001    
 -0.6202131365816623    
 -0.6186820758680893    
 -0.6170930407010051    
 -0.6154451380463757    
 -0.6137374582424334    
 -0.6119690756565606    
 -0.6101390493300352    
 -0.6082464235511176    
 -0.6062902284194173    
 -0.6042694804685891    
 -0.6021831832945652    
 -0.6000303281222820    
 -0.5978098943582688    
 -0.5955208501946412    
 -0.5931621532166516    
 -0.5907327509451216    
 -0.5882315813651090    
 -0.5856575735254544    
 -0.5830096481732978    
 -0.5802867183386451    
 -0.5774876898917622    
 -0.5746114621446604    
 -0.5716569284697381    
 -0.5686229768807050    
 -0.5655084906410630    
 -0.5623123489819226    
 -0.5590334278371893    
 -0.5556706004554119    
 -0.5522227379732642    
 -0.5486887101664247    
 -0.5450673863601752    
 -0.5413576362504215    
 -0.5375583305683362    
 -0.5336683418322079    
 -0.5296865453418120    
 -0.5256118202298157    
 -0.5214430503691815    
 -0.5171791252583324    
 -0.5128189411080966    
 -0.5083614020820695    
 -0.5038054214840822    
 -0.4991499228964372    
 -0.4943938414569829    
 -0.4895361253127213    
 -0.4845757370993191    
 -0.4795116553972112    
 -0.4743428762945671    
 -0.4690684151229993    
 -0.4636873082671780    
 -0.4581986149874621    
 -0.4526014193428697    
 -0.4468948322815469    
 -0.4410779938332514    
 -0.4351500753461983    
 -0.4291102818291029    
 -0.4229578544588624    
 -0.4166920732073379    
 -0.4103122595352573    
 -0.4038177791978193    
 -0.3972080452145819    
 -0.3904825209670902    
 -0.3836407233763490    
 -0.3766822261936181    
 -0.3696066634496575    
 -0.3624137330306084    
 -0.3551032003345166    
 -0.3476749020333341    
 -0.3401287499782651    
 -0.3324647352174863    
 -0.3246829320796975    
 -0.3167835023408077    
 -0.3087666995046184    
 -0.3006328731645999    
 -0.2923824733969857    
 -0.2840160551948371    
 -0.2755342829671437    
 -0.2669379350663257    
 -0.2582279082892656    
 -0.2494052223534323    
 -0.2404710243652133    
 -0.2314265932388617    
 -0.2222733440047246    
 -0.2130128320002807    
 -0.2036467569547226    
 -0.1941769669203135    
 -0.1846054619823487    
 -0.1749343977339523    
 -0.1651660885215025    
 -0.1553030104097979    
 -0.1453478037930228    
 -0.1353032756326623    
 -0.1251724013262465    
 -0.1149583261545342    
 -0.1046643662300527    
 -0.9429400892704516E-01
 -0.8385091279990771E-01
 -0.7333890694087500E-01
 -0.6276198970074441E-01
 -0.5212432675685479E-01
 -0.4143024854565748E-01
 -0.3068424702072369E-01
 -0.1989097166661480E-01
 -0.9055224763023798E-02
  0.1818044065707678E-02
  0.1272374403703589E-01
  0.2365665018915841E-01
  0.3461141114153996E-01
  0.4558255757667524E-01
  0.5656451143966271E-01
  0.6755159589417407E-01
  0.7853804600329722E-01
  0.8951802004437651E-01
  0.1004856114247366    
  0.1114348612171539    
  0.1223597712629246    
  0.1332543177200883    
  0.1441124649932482    
  0.1549281800470428    
  0.1656954470361081    
  0.1764082821019842    
  0.1870607482471046    
  0.1976469702794448    
  0.2081611497574016    
  0.2185975797680194    
  0.2289506594303508    
  0.2392149081213000    
  0.2493849793674024    
  0.2594556742327037    
  0.2694219540854886    
  0.2792789527572818    
  0.2890219880703679    
  0.2986465725778135    
  0.3081484233982099    
  0.3175234711830811    
  0.3267678682421766    
  0.3358779957002010    
  0.3448504695715221    
  0.3536821458166453    
  0.3623701244647056    
  0.3709117527175917    
  0.3793046269266557    
  0.3875465935232230    
  0.3956357490472487    
  0.4035704392408353    
  0.4113492570988073    
  0.4189710399577519    
  0.4264348658185854    
  0.4337400489260222    
  0.4408861344958692    
  0.4478728926488076    
  0.4547003117765550    
  0.4613685914228194    
  0.4678781345721201    
  0.4742295393608445    
  0.4804235904380366    
  0.4864612501134682    
  0.4923436491993379    
  0.4980720775039269    
  0.5036479741737729    
  0.5090729180650837    
  0.5143486180806529    
  0.5194769033773986    
  0.5244597135796203    
  0.5292990891988276    
  0.5339971622432028    
  0.5385561468907437    
  0.5429783302825291    
  0.5472660636238884    
  0.5514217536276028    
  0.5554478541752906    
  0.5593468581785769    
  0.5631212897809951    
  0.5667736969727621    
  0.5703066445304747    
  0.5737227072165927    
  0.5770244633107667    
  0.5802144885502774    
  0.5832953504426859    
  0.5862696028814424    
  0.5891397810709899    
  0.5919083968062255    
  0.5945779341093170    
  0.5971508451908879    
  0.5996295467085740    
  0.6020164163113328    
  0.6043137894755052    
  0.6065239566505118    
  0.6086491607002167    
  0.6106915945781423    
  0.6126533992039759    
  0.6145366615913298    
  0.6163434132646700    
  0.6180756288914524    
  0.6197352250371657    
  0.6213240590812309    
  0.6228439283903158    
  0.6242965697126163    
