  0.1053940673481766    
  0.1038850803908686    
  0.1023724580709321    
  0.1008562423925086    
  0.9933647550341473E-01
  0.9781319969787461E-01
  0.9628645741917907E-01
  0.9475629126226814E-01
  0.9322274397624103E-01
  0.9168585846678862E-01
  0.9014567779855165E-01
  0.8860224519740051E-01
  0.8705560405264268E-01
  0.8550579791915064E-01
  0.8395287051941619E-01
  0.8239686574552585E-01
  0.8083782766106345E-01
  0.7927580050293304E-01
  0.7771082868310958E-01
  0.7614295679030919E-01
  0.7457222959158916E-01
  0.7299869203386766E-01
  0.7142238924537292E-01
  0.6984336653701217E-01
  0.6826166940367223E-01
  0.6667734352543975E-01
  0.6509043476875204E-01
  0.6350098918747110E-01
  0.6190905302388722E-01
  0.6031467270964730E-01
  0.5871789486661250E-01
  0.5711876630764268E-01
  0.5551733403731290E-01
  0.5391364525255399E-01
  0.5230774734322918E-01
  0.5069968789263529E-01
  0.4908951467793971E-01
  0.4747727567054749E-01
  0.4586301903640133E-01
  0.4424679313621210E-01
  0.4262864652562776E-01
  0.4100862795533150E-01
  0.3938678637107995E-01
  0.3776317091367148E-01
  0.3613783091885781E-01
  0.3451081591718674E-01
  0.3288217563378909E-01
  0.3125195998809888E-01
  0.2962021909351953E-01
  0.2798700325702574E-01
  0.2635236297871191E-01
  0.2471634895127761E-01
  0.2307901205946239E-01
  0.2144040337942044E-01
  0.1980057417804315E-01
  0.1815957591222461E-01
  0.1651746022807904E-01
  0.1487427896010024E-01
  0.1323008413027527E-01
  0.1158492794714355E-01
  0.9938862804811155E-02
  0.8291941281914017E-02
  0.6644216140534842E-02
  0.4995740325074161E-02
  0.3346566961077935E-02
  0.1696749354016758E-02
  0.4634098802708264E-04
 -0.1604604475396287E-02
 -0.3256033198741459E-02
 -0.4907891169866785E-02
 -0.6560124203423945E-02
 -0.8212677942322166E-02
 -0.9865497859226469E-02
 -0.1151852925809388E-01
 -0.1317171727574351E-01
 -0.1482500688346322E-01
 -0.1647834288864486E-01
 -0.1813166993645515E-01
 -0.1978493251153518E-01
 -0.2143807493973254E-01
 -0.2309104138985923E-01
 -0.2474377587548005E-01
 -0.2639622225672689E-01
 -0.2804832424214015E-01
 -0.2970002539053462E-01
 -0.3135126911288877E-01
 -0.3300199867425690E-01
 -0.3465215719570591E-01
 -0.3630168765626940E-01
 -0.3795053289492478E-01
 -0.3959863561258703E-01
 -0.4124593837412310E-01
 -0.4289238361038206E-01
 -0.4453791362024168E-01
 -0.4618247057267166E-01
 -0.4782599650881192E-01
 -0.4946843334406209E-01
 -0.5110972287018822E-01
 -0.5274980675743657E-01
 -0.5438862655666465E-01
 -0.5602612370147758E-01
 -0.5766223951037558E-01
 -0.5929691518890978E-01
 -0.6093009183184850E-01
 -0.6256171042534614E-01
 -0.6419171184912237E-01
 -0.6582003687864507E-01
 -0.6744662618732139E-01
 -0.6907142034868863E-01
 -0.7069435983861411E-01
 -0.7231538503749402E-01
 -0.7393443623245854E-01
 -0.7555145361957583E-01
 -0.7716637730605919E-01
 -0.7877914731247349E-01
 -0.8038970357494413E-01
 -0.8199798594736302E-01
 -0.8360393420359480E-01
 -0.8520748803968137E-01
 -0.8680858707604738E-01
 -0.8840717085969985E-01
 -0.9000317886642883E-01
 -0.9159655050300347E-01
 -0.9318722510936728E-01
 -0.9477514196082731E-01
 -0.9636024027024148E-01
 -0.9794245919020272E-01
 -0.9952173781521734E-01
 -0.1010980151838792    
 -0.1026712302810417    
 -0.1042413220399822    
 -0.1058082293445655    
 -0.1073718910313997    
 -0.1089322458919883    
 -0.1104892326748779    
 -0.1120427900878034    
 -0.1135928567998259    
 -0.1151393714434684    
 -0.1166822726168468    
 -0.1182214988857984    
 -0.1197569887860052    
 -0.1212886808251137    
 -0.1228165134848536    
 -0.1243404252231529    
 -0.1258603544762489    
 -0.1273762396608003    
 -0.1288880191759938    
 -0.1303956314056567    
 -0.1318990147203616    
 -0.1333981074795362    
 -0.1348928480335725    
 -0.1363831747259405    
 -0.1378690258953008    
 -0.1393503398776235    
 -0.1408270550083086    
 -0.1422991096243147    
 -0.1437664420662896    
 -0.1452289906807092    
 -0.1466866938220242    
 -0.1481394898548154    
 -0.1495873171559574    
 -0.1510301141167949    
 -0.1524678191453306    
 -0.1539003706684270    
 -0.1553277071340222    
 -0.1567497670133605    
 -0.1581664888032423    
 -0.1595778110282920    
 -0.1609836722432462    
 -0.1623840110352610    
 -0.1637787660262453    
 -0.1651678758752182    
 -0.1665512792806916    
 -0.1679289149830800    
 -0.1693007217671412    
 -0.1706666384644477    
 -0.1720266039558908    
 -0.1733805571742195    
 -0.1747284371066160    
 -0.1760701827973124    
 -0.1774057333502441    
 -0.1787350279317473    
 -0.1800580057733021    
 -0.1813746061743196    
 -0.1826847685049808    
 -0.1839884322091221    
 -0.1852855368071774    
 -0.1865760218991745    
 -0.1878598271677885    
 -0.1891368923814536    
 -0.1904071573975382    
 -0.1916705621655825    
 -0.1929270467306031    
 -0.1941765512364650    
 -0.1954190159293248    
 -0.1966543811611501    
 -0.1978825873933126    
 -0.1991035752002581    
 -0.2003172852732593    
 -0.2015236584242517    
 -0.2027226355897527    
 -0.2039141578348680    
 -0.2050981663573890    
 -0.2062746024919837    
 -0.2074434077144813    
 -0.2086045236462548    
 -0.2097578920587034    
 -0.2109034548778375    
 -0.2120411541889662    
 -0.2131709322414908    
 -0.2142927314538070    
 -0.2154064944183207    
 -0.2165121639065735    
 -0.2176096828744856    
 -0.2186989944677161    
 -0.2197800420271443    
 -0.2208527690944710    
 -0.2219171194179426    
 -0.2229730369581997    
 -0.2240204658942559    
 -0.2250593506296006    
 -0.2260896357984323    
 -0.2271112662720269    
 -0.2281241871652362    
 -0.2291283438431224    
 -0.2301236819277270    
 -0.2311101473049772    
 -0.2320876861317298    
 -0.2330562448429536    
 -0.2340157701590465    
 -0.2349662090932967    
 -0.2359075089594822    
 -0.2368396173796110    
 -0.2377624822918005    
 -0.2386760519582982    
 -0.2395802749736426    
 -0.2404751002729609    
 -0.2413604771404068    
 -0.2422363552177325    
 -0.2431026845130029    
 -0.2439594154094419    
 -0.2448064986744127    
 -0.2456438854685317    
 -0.2464715273549122    
 -0.2472893763085349    
 -0.2480973847257413    
 -0.2488955054338539    
 -0.2496836917009149    
 -0.2504618972455430    
 -0.2512300762469027    
 -0.2519881833547837    
 -0.2527361736997862    
 -0.2534740029036053    
 -0.2542016270894136    
 -0.2549190028923334    
 -0.2556260874699992    
 -0.2563228385132008    
 -0.2570092142565990    
 -0.2576851734895167    
 -0.2583506755667895    
 -0.2590056804196748    
 -0.2596501485668081    
 -0.2602840411252036    
 -0.2609073198212897    
 -0.2615199470019733    
 -0.2621218856457234    
 -0.2627130993736662    
 -0.2632935524606856    
 -0.2638632098465143    
 -0.2644220371468076    
 -0.2649700006641940    
 -0.2655070673992909    
 -0.2660332050616793    
 -0.2665483820808209    
 -0.2670525676169142    
 -0.2675457315716749    
 -0.2680278445990276    
 -0.2684988781156969    
 -0.2689588043116953    
 -0.2694075961606885    
 -0.2698452274302334    
 -0.2702716726918699    
 -0.2706869073310605    
 -0.2710909075569625    
 -0.2714836504120228    
 -0.2718651137813817    
 -0.2722352764020756    
 -0.2725941178720241    
 -0.2729416186587921    
 -0.2732777601081062    
 -0.2736025244521276    
 -0.2739158948174589    
 -0.2742178552328807    
 -0.2745083906367979    
 -0.2747874868843905    
 -0.2750551307544506    
 -0.2753113099559006    
 -0.2755560131339732    
 -0.2757892298760574    
 -0.2760109507171868    
 -0.2762211671451662    
 -0.2764198716053183    
 -0.2766070575048472    
 -0.2767827192168064    
 -0.2769468520836673    
 -0.2770994524204720    
 -0.2772405175175712    
 -0.2773700456429307    
 -0.2774880360440026    
 -0.2775944889491491    
 -0.2776894055686217    
 -0.2777727880950853    
 -0.2778446397036842    
 -0.2779049645516392    
 -0.2779537677773753    
 -0.2779910554991754    
 -0.2780168348133556    
 -0.2780311137919620    
 -0.2780339014799911    
 -0.2780252078921266    
 -0.2780050440089967    
 -0.2779734217729382    
 -0.2779303540832869    
 -0.2778758547911824    
 -0.2778099386938963    
 -0.2777326215286853    
 -0.2776439199661722    
 -0.2775438516032578    
 -0.2774324349555701    
 -0.2773096894494503    
 -0.2771756354134904    
 -0.2770302940696239    
 -0.2768736875237802    
 -0.2767058387561043    
 -0.2765267716107582    
 -0.2763365107853079    
 -0.2761350818197071    
 -0.2759225110848860    
 -0.2756988257709630    
 -0.2754640538750839    
 -0.2752182241889038    
 -0.2749613662857178    
 -0.2746935105072583    
 -0.2744146879501739    
 -0.2741249304522033    
 -0.2738242705780538    
 -0.2735127416050074    
 -0.2731903775082563    
 -0.2728572129459939    
 -0.2725132832442658    
 -0.2721586243816101    
 -0.2717932729734953    
 -0.2714172662565741    
 -0.2710306420727591    
 -0.2706334388531526    
 -0.2702256956018350    
 -0.2698074518795386    
 -0.2693787477872116    
 -0.2689396239494983    
 -0.2684901214981421    
 -0.2680302820553372    
 -0.2675601477170384    
 -0.2670797610362529    
 -0.2665891650063244    
 -0.2660884030442272    
 -0.2655775189738798    
 -0.2650565570095056    
 -0.2645255617390447    
 -0.2639845781076434    
 -0.2634336514012199    
 -0.2628728272301376    
 -0.2623021515129866    
 -0.2617216704604974    
 -0.2611314305595922    
 -0.2605314785575943    
 -0.2599218614466023    
 -0.2593026264480440    
 -0.2586738209974169    
 -0.2580354927292354    
 -0.2573876894621887    
 -0.2567304591845256    
 -0.2560638500396682    
 -0.2553879103120714    
 -0.2547026884133330    
 -0.2540082328685689    
 -0.2533045923030468    
 -0.2525918154291105    
 -0.2518699510333753    
 -0.2511390479642218    
 -0.2503991551195802    
 -0.2496503214350219    
 -0.2488925958721537    
 -0.2481260274073314    
 -0.2473506650206801    
 -0.2465665576854437    
 -0.2457737543576503    
 -0.2449723039661105    
 -0.2441622554027385    
 -0.2433436575132097    
 -0.2425165590879466    
 -0.2416810088534427    
 -0.2408370554639139    
 -0.2399847474932928    
 -0.2391241334275502    
 -0.2382552616573577    
 -0.2373781804710773    
 -0.2364929380480877    
 -0.2355995824524388    
 -0.2346981616268400    
 -0.2337887233869678    
 -0.2328713154161057    
 -0.2319459852601002    
 -0.2310127803226406    
 -0.2300717478608490    
 -0.2291229349811856    
 -0.2281663886356604    
 -0.2272021556183537    
 -0.2262302825622287    
 -0.2252508159362487    
 -0.2242638020427781    
 -0.2232692870152742    
 -0.2222673168162577    
 -0.2212579372355608    
 -0.2202411938888451    
 -0.2192171322163879    
 -0.2181857974821245    
 -0.2171472347729493    
 -0.2161014889982622    
 -0.2150486048897629    
 -0.2139886270014764    
 -0.2129215997100147    
 -0.2118475672150615    
 -0.2107665735400785    
 -0.2096786625332205    
 -0.2085838778684639    
 -0.2074822630469298    
 -0.2063738613984090    
 -0.2052587160830686    
 -0.2041368700933481    
 -0.2030083662560266    
 -0.2018732472344655    
 -0.2007315555310105    
 -0.1995833334895563    
 -0.1984286232982604    
 -0.1972674669924074    
 -0.1960999064574085    
 -0.1949259834319399    
 -0.1937457395112067    
 -0.1925592161503349    
 -0.1913664546678713    
 -0.1901674962494053    
 -0.1889623819512887    
 -0.1877511527044611    
 -0.1865338493183681    
 -0.1853105124849697    
 -0.1840811827828315    
 -0.1828459006813004    
 -0.1816047065447464    
 -0.1803576406368808    
 -0.1791047431251329    
 -0.1778460540850911    
 -0.1765816135049938    
 -0.1753114612902735    
 -0.1740356372681442    
 -0.1727541811922330    
 -0.1714671327472419    
 -0.1701745315536493    
 -0.1688764171724331    
 -0.1675728291098228    
 -0.1662638068220672    
 -0.1649493897202215    
 -0.1636296171749435    
 -0.1623045285213025    
 -0.1609741630635879    
 -0.1596385600801236    
 -0.1582977588280774    
 -0.1569517985482680    
 -0.1556007184699595    
 -0.1542445578156478    
 -0.1528833558058291    
 -0.1515171516637554    
 -0.1501459846201607    
 -0.1487698939179740    
 -0.1473889188169966    
 -0.1460030985985590    
 -0.1446124725701396    
 -0.1432170800699546    
 -0.1418169604715074    
 -0.1404121531881062    
 -0.1390026976773321    
 -0.1375886334454733    
 -0.1361700000519073    
 -0.1347468371134422    
 -0.1333191843086055    
 -0.1318870813818843    
 -0.1304505681479118    
 -0.1290096844956035    
 -0.1275644703922321    
 -0.1261149658874520    
 -0.1246612111172590    
 -0.1232032463078963    
 -0.1217411117796944    
 -0.1202748479508522    
 -0.1188044953411511    
 -0.1173300945756093    
 -0.1158516863880648    
 -0.1143693116246963    
 -0.1128830112474724    
 -0.1113928263375368    
 -0.1098987980985193    
 -0.1084009678597790    
 -0.1068993770795763    
 -0.1053940673481766    
 -0.1038850803908686    
 -0.1023724580709321    
 -0.1008562423925086    
 -0.9933647550341473E-01
 -0.9781319969787461E-01
 -0.9628645741917907E-01
 -0.9475629126226814E-01
 -0.9322274397624103E-01
 -0.9168585846678862E-01
 -0.9014567779855165E-01
 -0.8860224519740051E-01
 -0.8705560405264268E-01
 -0.8550579791915064E-01
 -0.8395287051941619E-01
 -0.8239686574552585E-01
 -0.8083782766106345E-01
 -0.7927580050293304E-01
 -0.7771082868310958E-01
 -0.7614295679030919E-01
 -0.7457222959158916E-01
 -0.7299869203386766E-01
 -0.7142238924537292E-01
 -0.6984336653701217E-01
 -0.6826166940367223E-01
 -0.6667734352543975E-01
 -0.6509043476875204E-01
 -0.6350098918747110E-01
 -0.6190905302388722E-01
 -0.6031467270964730E-01
 -0.5871789486661250E-01
 -0.5711876630764268E-01
 -0.5551733403731290E-01
 -0.5391364525255399E-01
 -0.5230774734322918E-01
 -0.5069968789263529E-01
 -0.4908951467793971E-01
 -0.4747727567054749E-01
 -0.4586301903640133E-01
 -0.4424679313621210E-01
 -0.4262864652562776E-01
 -0.4100862795533150E-01
 -0.3938678637107995E-01
 -0.3776317091367148E-01
 -0.3613783091885781E-01
 -0.3451081591718674E-01
 -0.3288217563378909E-01
 -0.3125195998809888E-01
 -0.2962021909351953E-01
 -0.2798700325702574E-01
 -0.2635236297871191E-01
 -0.2471634895127761E-01
 -0.2307901205946239E-01
 -0.2144040337942044E-01
 -0.1980057417804315E-01
 -0.1815957591222461E-01
 -0.1651746022807904E-01
 -0.1487427896010024E-01
 -0.1323008413027527E-01
 -0.1158492794714355E-01
 -0.9938862804811155E-02
 -0.8291941281914017E-02
 -0.6644216140534842E-02
 -0.4995740325074161E-02
 -0.3346566961077935E-02
 -0.1696749354016758E-02
 -0.4634098802708264E-04
  0.1604604475396287E-02
  0.3256033198741459E-02
  0.4907891169866785E-02
  0.6560124203423945E-02
  0.8212677942322166E-02
  0.9865497859226469E-02
  0.1151852925809388E-01
  0.1317171727574351E-01
  0.1482500688346322E-01
  0.1647834288864486E-01
  0.1813166993645515E-01
  0.1978493251153518E-01
  0.2143807493973254E-01
  0.2309104138985923E-01
  0.2474377587548005E-01
  0.2639622225672689E-01
  0.2804832424214015E-01
  0.2970002539053462E-01
  0.3135126911288877E-01
  0.3300199867425690E-01
  0.3465215719570591E-01
  0.3630168765626940E-01
  0.3795053289492478E-01
  0.3959863561258703E-01
  0.4124593837412310E-01
  0.4289238361038206E-01
  0.4453791362024168E-01
  0.4618247057267166E-01
  0.4782599650881192E-01
  0.4946843334406209E-01
  0.5110972287018822E-01
  0.5274980675743657E-01
  0.5438862655666465E-01
  0.5602612370147758E-01
  0.5766223951037558E-01
  0.5929691518890978E-01
  0.6093009183184850E-01
  0.6256171042534614E-01
  0.6419171184912237E-01
  0.6582003687864507E-01
  0.6744662618732139E-01
  0.6907142034868863E-01
  0.7069435983861411E-01
  0.7231538503749402E-01
  0.7393443623245854E-01
  0.7555145361957583E-01
  0.7716637730605919E-01
  0.7877914731247349E-01
  0.8038970357494413E-01
  0.8199798594736302E-01
  0.8360393420359480E-01
  0.8520748803968137E-01
  0.8680858707604738E-01
  0.8840717085969985E-01
  0.9000317886642883E-01
  0.9159655050300347E-01
  0.9318722510936728E-01
  0.9477514196082731E-01
  0.9636024027024148E-01
  0.9794245919020272E-01
  0.9952173781521734E-01
  0.1010980151838792    
  0.1026712302810417    
  0.1042413220399822    
  0.1058082293445655    
  0.1073718910313997    
  0.1089322458919883    
  0.1104892326748779    
  0.1120427900878034    
  0.1135928567998259    
  0.1151393714434684    
  0.1166822726168468    
  0.1182214988857984    
  0.1197569887860052    
  0.1212886808251137    
  0.1228165134848536    
  0.1243404252231529    
  0.1258603544762489    
  0.1273762396608003    
  0.1288880191759938    
  0.1303956314056567    
  0.1318990147203616    
  0.1333981074795362    
  0.1348928480335725    
  0.1363831747259405    
  0.1378690258953008    
  0.1393503398776235    
  0.1408270550083086    
  0.1422991096243147    
  0.1437664420662896    
  0.1452289906807092    
  0.1466866938220242    
  0.1481394898548154    
  0.1495873171559574    
  0.1510301141167949    
  0.1524678191453306    
  0.1539003706684270    
  0.1553277071340222    
  0.1567497670133605    
  0.1581664888032423    
  0.1595778110282920    
  0.1609836722432462    
  0.1623840110352610    
  0.1637787660262453    
  0.1651678758752182    
  0.1665512792806916    
  0.1679289149830800    
  0.1693007217671412    
  0.1706666384644477    
  0.1720266039558908    
  0.1733805571742195    
  0.1747284371066160    
  0.1760701827973124    
  0.1774057333502441    
  0.1787350279317473    
  0.1800580057733021    
  0.1813746061743196    
  0.1826847685049808    
  0.1839884322091221    
  0.1852855368071774    
  0.1865760218991745    
  0.1878598271677885    
  0.1891368923814536    
  0.1904071573975382    
  0.1916705621655825    
  0.1929270467306031    
  0.1941765512364650    
  0.1954190159293248    
  0.1966543811611501    
  0.1978825873933126    
  0.1991035752002581    
  0.2003172852732593    
  0.2015236584242517    
  0.2027226355897527    
  0.2039141578348680    
  0.2050981663573890    
  0.2062746024919837    
  0.2074434077144813    
  0.2086045236462548    
  0.2097578920587034    
  0.2109034548778375    
  0.2120411541889662    
  0.2131709322414908    
  0.2142927314538070    
  0.2154064944183207    
  0.2165121639065735    
  0.2176096828744856    
  0.2186989944677161    
  0.2197800420271443    
  0.2208527690944710    
  0.2219171194179426    
  0.2229730369581997    
  0.2240204658942559    
  0.2250593506296006    
  0.2260896357984323    
  0.2271112662720269    
  0.2281241871652362    
  0.2291283438431224    
  0.2301236819277270    
  0.2311101473049772    
  0.2320876861317298    
  0.2330562448429536    
  0.2340157701590465    
  0.2349662090932967    
  0.2359075089594822    
  0.2368396173796110    
  0.2377624822918005    
  0.2386760519582982    
  0.2395802749736426    
  0.2404751002729609    
  0.2413604771404068    
  0.2422363552177325    
  0.2431026845130029    
  0.2439594154094419    
  0.2448064986744127    
  0.2456438854685317    
  0.2464715273549122    
  0.2472893763085349    
  0.2480973847257413    
  0.2488955054338539    
  0.2496836917009149    
  0.2504618972455430    
  0.2512300762469027    
  0.2519881833547837    
  0.2527361736997862    
  0.2534740029036053    
  0.2542016270894136    
  0.2549190028923334    
  0.2556260874699992    
  0.2563228385132008    
  0.2570092142565990    
  0.2576851734895167    
  0.2583506755667895    
  0.2590056804196748    
  0.2596501485668081    
  0.2602840411252036    
  0.2609073198212897    
  0.2615199470019733    
  0.2621218856457234    
  0.2627130993736662    
  0.2632935524606856    
  0.2638632098465143    
  0.2644220371468076    
  0.2649700006641940    
  0.2655070673992909    
  0.2660332050616793    
  0.2665483820808209    
  0.2670525676169142    
  0.2675457315716749    
  0.2680278445990276    
  0.2684988781156969    
  0.2689588043116953    
  0.2694075961606885    
  0.2698452274302334    
  0.2702716726918699    
  0.2706869073310605    
  0.2710909075569625    
  0.2714836504120228    
  0.2718651137813817    
  0.2722352764020756    
  0.2725941178720241    
  0.2729416186587921    
  0.2732777601081062    
  0.2736025244521276    
  0.2739158948174589    
  0.2742178552328807    
  0.2745083906367979    
  0.2747874868843905    
  0.2750551307544506    
  0.2753113099559006    
  0.2755560131339732    
  0.2757892298760574    
  0.2760109507171868    
  0.2762211671451662    
  0.2764198716053183    
  0.2766070575048472    
  0.2767827192168064    
  0.2769468520836673    
  0.2770994524204720    
  0.2772405175175712    
  0.2773700456429307    
  0.2774880360440026    
  0.2775944889491491    
  0.2776894055686217    
  0.2777727880950853    
  0.2778446397036842    
  0.2779049645516392    
  0.2779537677773753    
  0.2779910554991754    
  0.2780168348133556    
  0.2780311137919620    
  0.2780339014799911    
  0.2780252078921266    
  0.2780050440089967    
  0.2779734217729382    
  0.2779303540832869    
  0.2778758547911824    
  0.2778099386938963    
  0.2777326215286853    
  0.2776439199661722    
  0.2775438516032578    
  0.2774324349555701    
  0.2773096894494503    
  0.2771756354134904    
  0.2770302940696239    
  0.2768736875237802    
  0.2767058387561043    
  0.2765267716107582    
  0.2763365107853079    
  0.2761350818197071    
  0.2759225110848860    
  0.2756988257709630    
  0.2754640538750839    
  0.2752182241889038    
  0.2749613662857178    
  0.2746935105072583    
  0.2744146879501739    
  0.2741249304522033    
  0.2738242705780538    
  0.2735127416050074    
  0.2731903775082563    
  0.2728572129459939    
  0.2725132832442658    
  0.2721586243816101    
  0.2717932729734953    
  0.2714172662565741    
  0.2710306420727591    
  0.2706334388531526    
  0.2702256956018350    
  0.2698074518795386    
  0.2693787477872116    
  0.2689396239494983    
  0.2684901214981421    
  0.2680302820553372    
  0.2675601477170384    
  0.2670797610362529    
  0.2665891650063244    
  0.2660884030442272    
  0.2655775189738798    
  0.2650565570095056    
  0.2645255617390447    
  0.2639845781076434    
  0.2634336514012199    
  0.2628728272301376    
  0.2623021515129866    
  0.2617216704604974    
  0.2611314305595922    
  0.2605314785575943    
  0.2599218614466023    
  0.2593026264480440    
  0.2586738209974169    
  0.2580354927292354    
  0.2573876894621887    
  0.2567304591845256    
  0.2560638500396682    
  0.2553879103120714    
  0.2547026884133330    
  0.2540082328685689    
  0.2533045923030468    
  0.2525918154291105    
  0.2518699510333753    
  0.2511390479642218    
  0.2503991551195802    
  0.2496503214350219    
  0.2488925958721537    
  0.2481260274073314    
  0.2473506650206801    
  0.2465665576854437    
  0.2457737543576503    
  0.2449723039661105    
  0.2441622554027385    
  0.2433436575132097    
  0.2425165590879466    
  0.2416810088534427    
  0.2408370554639139    
  0.2399847474932928    
  0.2391241334275502    
  0.2382552616573577    
  0.2373781804710773    
  0.2364929380480877    
  0.2355995824524388    
  0.2346981616268400    
  0.2337887233869678    
  0.2328713154161057    
  0.2319459852601002    
  0.2310127803226406    
  0.2300717478608490    
  0.2291229349811856    
  0.2281663886356604    
  0.2272021556183537    
  0.2262302825622287    
  0.2252508159362487    
  0.2242638020427781    
  0.2232692870152742    
  0.2222673168162577    
  0.2212579372355608    
  0.2202411938888451    
  0.2192171322163879    
  0.2181857974821245    
  0.2171472347729493    
  0.2161014889982622    
  0.2150486048897629    
  0.2139886270014764    
  0.2129215997100147    
  0.2118475672150615    
  0.2107665735400785    
  0.2096786625332205    
  0.2085838778684639    
  0.2074822630469298    
  0.2063738613984090    
  0.2052587160830686    
  0.2041368700933481    
  0.2030083662560266    
  0.2018732472344655    
  0.2007315555310105    
  0.1995833334895563    
  0.1984286232982604    
  0.1972674669924074    
  0.1960999064574085    
  0.1949259834319399    
  0.1937457395112067    
  0.1925592161503349    
  0.1913664546678713    
  0.1901674962494053    
  0.1889623819512887    
  0.1877511527044611    
  0.1865338493183681    
  0.1853105124849697    
  0.1840811827828315    
  0.1828459006813004    
  0.1816047065447464    
  0.1803576406368808    
  0.1791047431251329    
  0.1778460540850911    
  0.1765816135049938    
  0.1753114612902735    
  0.1740356372681442    
  0.1727541811922330    
  0.1714671327472419    
  0.1701745315536493    
  0.1688764171724331    
  0.1675728291098228    
  0.1662638068220672    
  0.1649493897202215    
  0.1636296171749435    
  0.1623045285213025    
  0.1609741630635879    
  0.1596385600801236    
  0.1582977588280774    
  0.1569517985482680    
  0.1556007184699595    
  0.1542445578156478    
  0.1528833558058291    
  0.1515171516637554    
  0.1501459846201607    
  0.1487698939179740    
  0.1473889188169966    
  0.1460030985985590    
  0.1446124725701396    
  0.1432170800699546    
  0.1418169604715074    
  0.1404121531881062    
  0.1390026976773321    
  0.1375886334454733    
  0.1361700000519073    
  0.1347468371134422    
  0.1333191843086055    
  0.1318870813818843    
  0.1304505681479118    
  0.1290096844956035    
  0.1275644703922321    
  0.1261149658874520    
  0.1246612111172590    
  0.1232032463078963    
  0.1217411117796944    
  0.1202748479508522    
  0.1188044953411511    
  0.1173300945756093    
  0.1158516863880648    
  0.1143693116246963    
  0.1128830112474724    
  0.1113928263375368    
  0.1098987980985193    
  0.1084009678597790    
  0.1068993770795763    
