  0.9818612036392582    
  0.9831333335008791    
  0.9844117405141574    
  0.9856961079951260    
  0.9869860089227070    
  0.9882808989870754    
  0.9895802961192005    
  0.9908839520518326    
  0.9921916389100326    
  0.9935026334454663    
  0.9948156158311531    
  0.9961293195682740    
  0.9974431592963547    
  0.9987569962717348    
   1.000070475811657    
   1.001382961256539    
   1.002693970840230    
   1.004003104151792    
   1.005309370807680    
   1.006611033502642    
   1.007906398318473    
   1.009194482908986    
   1.010474674162702    
   1.011746018558031    
   1.013007155476916    
   1.014256715906825    
   1.015493405792032    
   1.016715789955993    
   1.017922345598417    
   1.019111743505552    
   1.020282807866700    
   1.021434112108370    
   1.022563709951215    
   1.023669220233931    
   1.024748061216881    
   1.025797709824071    
   1.026815947851940    
   1.027800864552733    
   1.028750509474834    
   1.029662561945146    
   1.030534335021830    
   1.031362869011863    
   1.032144878124651    
   1.032876882862714    
   1.033555681109217    
   1.034178439331884    
   1.034741893358494    
   1.035241585043743    
   1.035672356487328    
   1.036029581186345    
   1.036309441399921    
   1.036507939669739    
   1.036620130368337    
   1.036640482834104    
   1.036563481692840    
   1.036383478821094    
   1.036094237214535    
   1.035688974902125    
   1.035160680092232    
   1.034502085299234    
   1.033705472662534    
   1.032762780462088    
   1.031665801841586    
   1.030406028863666    
   1.028974330497936    
   1.027360887094517    
   1.025555256633397    
   1.023546274489471    
   1.021321968583055    
   1.018869720899734    
   1.016176406624472    
   1.013228311484116    
   1.010011184814665    
   1.006510523200443    
   1.002711371218073    
  0.9985973318853646    
  0.9941498606854510    
  0.9893488588221141    
  0.9841737736837314    
  0.9786036978302417    
  0.9726165801165256    
  0.9661889418954979    
  0.9592963509506016    
  0.9519134462201357    
  0.9440130669976915    
  0.9355656034297224    
  0.9265393385146650    
  0.9169010291607697    
  0.9066158887697146    
  0.8956473285870444    
  0.8839570119069811    
  0.8715048385856476    
  0.8582483626838853    
  0.8441420952575192    
  0.8291373872728515    
  0.8131827395355531    
  0.7962239773061527    
  0.7782042254978510    
  0.7590638366294895    
  0.7387400783039435    
  0.7171665151412837    
  0.6942725856251063    
  0.6699836755291241    
  0.6442212023673421    
  0.6169023227588473    
  0.5879397227944325    
  0.5572418404476268    
  0.5247128472262765    
  0.4902518099916042    
  0.4537518485259260    
  0.4151003847396766    
  0.3741799793156162    
  0.3308683427169057    
  0.2850374682645571    
  0.2365532037343707    
  0.1852757007353616    
  0.1310596810520211    
  0.7375394297235904E-01
  0.1320108387543692E-01
 -0.5076169497393489E-01
 -0.1183014447550999    
 -0.1895891884360612    
 -0.2648003365854625    
 -0.3441145897571524    
 -0.4277147671886024    
 -0.5157851555585957    
 -0.6085101407899263    
 -0.7060732136927523    
 -0.8086558531694126    
 -0.9164357472431862    
  -1.029584277866310    
  -1.148263755868385    
  -1.272624848506449    
  -1.402803921576531    
  -1.538919638821611    
  -1.681068784376065    
  -1.829321957888463    
  -1.983719445434035    
  -2.144266834018736    
  -2.310930050217510    
  -2.483630091205588    
  -2.662237620778889    
  -2.846567205270052    
  -3.036371461873208    
  -3.231336201677879    
  -3.431077062070005    
  -3.635136541546377    
  -3.842980212298235    
  -4.053992798368361    
  -4.267476282303547    
  -4.482651290906401    
  -4.698661017749315    
  -4.914576235903256    
  -5.129400853212188    
  -5.342078655948203    
  -5.551502481349174    
  -5.756526811554263    
  -5.955983588900185    
  -6.148699600804280    
  -6.333513612522759    
  -6.509292981426355    
  -6.674950975141591    
  -6.829465548876193    
  -6.971898487019496    
  -7.101412775518666    
  -7.217286824125570    
  -7.318925638506032    
  -7.405869756105336    
  -7.477802218614017    
  -7.534552725130431    
  -7.576097677844409    
  -7.602555882264515    
  -7.614181297633238    
  -7.611354484244075    
  -7.594572779737727    
  -7.564437837917943    
  -7.521640058566569    
  -7.466941723733333    
  -7.401161443057182    
  -7.325160681524295    
  -7.239830802283917    
  -7.146078905069468    
  -7.044812895888428    
  -6.936928193972526    
  -6.823298016593655    
  -6.704766775335838    
  -6.582144450672333    
  -6.456200638932989    
  -6.327659038027929    
  -6.197193882255893    
  -6.065428655923226    
  -5.932936112496896    
  -5.800238633809609    
  -5.667808715020748    
  -5.536069799455989    
  -5.405397789487799    
  -5.276123547331717    
  -5.148536242577544    
  -5.022886660359149    
  -4.899389656480301    
  -4.778226084214167    
  -4.659545212658176    
  -4.543467877921027    
  -4.430089606890131    
  -4.319483233430907    
  -4.211701348082141    
  -4.106778760926155    
  -4.004734483235946    
  -3.905573034058222    
  -3.809285769813731    
  -3.715852787140204    
  -3.625244924767658    
  -3.537425232022835    
  -3.452350146307979    
  -3.369970851129519    
  -3.290234480318732    
  -3.213084608290443    
  -3.138461389969913    
  -3.066302169357053    
  -2.996542498420423    
  -2.929116810139069    
  -2.863958650375562    
  -2.801001134508706    
  -2.740177769767986    
  -2.681422945869017    
  -2.624671778470337    
  -2.569859940465814    
  -2.516924003178439    
  -2.465801878019001    
  -2.416432783689137    
  -2.368756943301946    
  -2.322715594111912    
  -2.278251366463326    
  -2.235308609344095    
  -2.193833434747160    
  -2.153773617990246    
  -2.115078532219690    
  -2.077699185112237    
  -2.041588340318486    
  -2.006700567226837    
  -1.972992036539547    
  -1.940420189584722    
  -1.908943669824716    
  -1.878522585672278    
  -1.849118655371661    
  -1.820694920458439    
  -1.793215374822776    
  -1.766645021350920    
  -1.740950270508770    
  -1.716099152427973    
  -1.692061135989595    
  -1.668806857173017    
  -1.646308040739964    
  -1.624537550881961    
  -1.603469389890809    
  -1.583078605391315    
  -1.563341156893143    
  -1.544233786190002    
  -1.525733951875240    
  -1.507819870572765    
  -1.490470595089382    
  -1.473666006505749    
  -1.457386714259039    
  -1.441613982860071    
  -1.426329763897943    
  -1.411516787941273    
  -1.397158616963771    
  -1.383239588058528    
  -1.369744656436187    
  -1.356659248784815    
  -1.343969261087889    
  -1.331661180958601    
  -1.319722140683578    
  -1.308139780300204    
  -1.296902056879118    
  -1.285997216336763    
  -1.275413934632069    
  -1.265141440380374    
  -1.255169491427760    
  -1.245488252261379    
  -1.236088181514701    
  -1.226959992678986    
  -1.218094694100398    
  -1.209483656207358    
  -1.201118615957896    
  -1.192991590952605    
  -1.185094797941034    
  -1.177420679865764    
  -1.169962011748833    
  -1.162711964311615    
  -1.155664065779784    
  -1.148812102112195    
  -1.142150018467739    
  -1.135671869643449    
  -1.129371855470002    
  -1.123244421637014    
  -1.117284327215525    
  -1.111486598097065    
  -1.105846407149022    
  -1.100358988658636    
  -1.095019632841541    
  -1.089823732084240    
  -1.084766849868794    
  -1.079844788464290    
  -1.075053602512801    
  -1.070389526432066    
  -1.065848876111721    
  -1.061428021814853    
  -1.057123441924036    
  -1.052931776397627    
  -1.048849820133536    
  -1.044874473520843    
  -1.041002697468699    
  -1.037231504760796    
  -1.033557997746827    
  -1.029979426641176    
  -1.026493207650226    
  -1.023096868701575    
  -1.019787973186981    
  -1.016564100236227    
  -1.013422890258878    
  -1.010362093661699    
  -1.007379573375935    
  -1.004473267124810    
  -1.001641143357598    
 -0.9988811847539376    
 -0.9961914203784634    
 -0.9935699897176582    
 -0.9910151805003009    
 -0.9885253967325301    
 -0.9860990796772628    
 -0.9837346431559334    
 -0.9814304607193768    
 -0.9791849041897082    
 -0.9769964138163678    
 -0.9748635624867728    
 -0.9727850678312960    
 -0.9707597409380370    
 -0.9687864124064745    
 -0.9668638789751187    
 -0.9649908764666318    
 -0.9631660780839424    
 -0.9613881394369925    
 -0.9596557918621854    
 -0.9579679264831935    
 -0.9563236020804193    
 -0.9547219750469589    
 -0.9531622089487223    
 -0.9516434194499002    
 -0.9501646786714908    
 -0.9487250723166547    
 -0.9473237676323230    
 -0.9459600323336458    
 -0.9446331839394075    
 -0.9433425157137169    
 -0.9420872614845497    
 -0.9408666173563853    
 -0.9396797950938414    
 -0.9385260677940733    
 -0.9374047690145944    
 -0.9363152352643476    
 -0.9352567463862063    
 -0.9342285454601080    
 -0.9332299422458741    
 -0.9322604003923247    
 -0.9313195174385865    
 -0.9304069179994803    
 -0.9295221527927218    
 -0.9286646688829431    
 -0.9278338599777949    
 -0.9270291681292477    
 -0.9262501708183906    
 -0.9254965736157230    
 -0.9247680974893600    
 -0.9240643568692246    
 -0.9233848395495516    
 -0.9227289972269503    
 -0.9220963577699643    
 -0.9214865699824089    
 -0.9208993557942282    
 -0.9203344107950422    
 -0.9197913364731223    
 -0.9192696749301104    
 -0.9187690290822944    
 -0.9182891611291888    
 -0.9178299775819494    
 -0.9173914165512189    
 -0.9169733283375763    
 -0.9165754244853774    
 -0.9161973159522971    
 -0.9158386113268215    
 -0.9154990007021777    
 -0.9151782480523540    
 -0.9148760998993187    
 -0.9145922173553329    
 -0.9143262176444676    
 -0.9140777828132527    
 -0.9138467233944692    
 -0.9136329535740539    
 -0.9134364328200841    
 -0.9132571374302707    
 -0.9130950655517954    
 -0.9129502343194116    
 -0.9128226291592358    
 -0.9127121078380656    
 -0.9126183282925382    
 -0.9125407954691527    
 -0.9124790405556580    
 -0.9124328082837071    
 -0.9124020897830225    
 -0.9123869659013688    
 -0.9123873976938991    
 -0.9124031472086298    
 -0.9124338938454926    
 -0.9124794389669899    
 -0.9125398150479223    
 -0.9126152069966516    
 -0.9127057710568176    
 -0.9128115217214242    
 -0.9129323624580628    
 -0.9130681805254807    
 -0.9132188877245336    
 -0.9133843815490379    
 -0.9135644889698691    
 -0.9137589537310215    
 -0.9139674804108849    
 -0.9141898137974439    
 -0.9144258140288413    
 -0.9146754827724524    
 -0.9149389187702650    
 -0.9152162261804544    
 -0.9155074326810118    
 -0.9158124732744271    
 -0.9161312553637607    
 -0.9164637532274584    
 -0.9168100396430017    
 -0.9171702120311578    
 -0.9175442784411271    
 -0.9179321127491993    
 -0.9183335170047054    
 -0.9187483333624812    
 -0.9191765216065615    
 -0.9196181472610925    
 -0.9200732764550832    
 -0.9205418525049033    
 -0.9210236791701427    
 -0.9215185475928852    
 -0.9220263713535263    
 -0.9225471714082285    
 -0.9230809513272475    
 -0.9236276590309721    
 -0.9241873102735615    
 -0.9247601130980689    
 -0.9253464062882134    
 -0.9259464342828259    
 -0.9265601621334991    
 -0.9271873060031650    
 -0.9278275674177857    
 -0.9284808644178959    
 -0.9291473167756029    
 -0.9298269641771290    
 -0.9305195101121562    
 -0.9312244109843215    
 -0.9319412622163920    
 -0.9326700929493630    
 -0.9334113001825385    
 -0.9341653598169924    
 -0.9349326212782558    
 -0.9357132871235386    
 -0.9365074527817840    
 -0.9373150965448714    
 -0.9381360426337291    
 -0.9389699709410307    
 -0.9398165040042349    
 -0.9406753331984532    
 -0.9415462945367774    
 -0.9424293318589014    
 -0.9433244068182167    
 -0.9442314880503831    
 -0.9451506424800163    
 -0.9460820849176825    
 -0.9470260604809498    
 -0.9479826361029260    
 -0.9489516121126869    
 -0.9499326712509505    
 -0.9509256541286558    
 -0.9519307030958615    
 -0.9529481106802753    
 -0.9539779995942855    
 -0.9550201497579472    
 -0.9560741164710480    
 -0.9571394507608066    
 -0.9582157921794562    
 -0.9593028669896517    
 -0.9604005212719480    
 -0.9615087214517313    
 -0.9626274208408865    
 -0.9637564701040477    
 -0.9648957903555909    
 -0.9660455954719125    
 -0.9672062477297738    
 -0.9683778335061457    
 -0.9695600020381512    
 -0.9707522195179165    
 -0.9719539697159159    
 -0.9731646398526842    
 -0.9743834923423349    
 -0.9756100300802681    
 -0.9768443175857779    
 -0.9780867209416517    
 -0.9793373212816088    
 -0.9805956946644013    
 -0.9818612036392582    
 -0.9831333335008791    
 -0.9844117405141574    
 -0.9856961079951260    
 -0.9869860089227070    
 -0.9882808989870754    
 -0.9895802961192005    
 -0.9908839520518326    
 -0.9921916389100326    
 -0.9935026334454663    
 -0.9948156158311531    
 -0.9961293195682740    
 -0.9974431592963547    
 -0.9987569962717348    
  -1.000070475811657    
  -1.001382961256539    
  -1.002693970840230    
  -1.004003104151792    
  -1.005309370807680    
  -1.006611033502642    
  -1.007906398318473    
  -1.009194482908986    
  -1.010474674162702    
  -1.011746018558031    
  -1.013007155476916    
  -1.014256715906825    
  -1.015493405792032    
  -1.016715789955993    
  -1.017922345598417    
  -1.019111743505552    
  -1.020282807866700    
  -1.021434112108370    
  -1.022563709951215    
  -1.023669220233931    
  -1.024748061216881    
  -1.025797709824071    
  -1.026815947851940    
  -1.027800864552733    
  -1.028750509474834    
  -1.029662561945146    
  -1.030534335021830    
  -1.031362869011863    
  -1.032144878124651    
  -1.032876882862714    
  -1.033555681109217    
  -1.034178439331884    
  -1.034741893358494    
  -1.035241585043743    
  -1.035672356487328    
  -1.036029581186345    
  -1.036309441399921    
  -1.036507939669739    
  -1.036620130368337    
  -1.036640482834104    
  -1.036563481692840    
  -1.036383478821094    
  -1.036094237214535    
  -1.035688974902125    
  -1.035160680092232    
  -1.034502085299234    
  -1.033705472662534    
  -1.032762780462088    
  -1.031665801841586    
  -1.030406028863666    
  -1.028974330497936    
  -1.027360887094517    
  -1.025555256633397    
  -1.023546274489471    
  -1.021321968583055    
  -1.018869720899734    
  -1.016176406624472    
  -1.013228311484116    
  -1.010011184814665    
  -1.006510523200443    
  -1.002711371218073    
 -0.9985973318853646    
 -0.9941498606854510    
 -0.9893488588221141    
 -0.9841737736837314    
 -0.9786036978302417    
 -0.9726165801165256    
 -0.9661889418954979    
 -0.9592963509506016    
 -0.9519134462201357    
 -0.9440130669976915    
 -0.9355656034297224    
 -0.9265393385146650    
 -0.9169010291607697    
 -0.9066158887697146    
 -0.8956473285870444    
 -0.8839570119069811    
 -0.8715048385856476    
 -0.8582483626838853    
 -0.8441420952575192    
 -0.8291373872728515    
 -0.8131827395355531    
 -0.7962239773061527    
 -0.7782042254978510    
 -0.7590638366294895    
 -0.7387400783039435    
 -0.7171665151412837    
 -0.6942725856251063    
 -0.6699836755291241    
 -0.6442212023673421    
 -0.6169023227588473    
 -0.5879397227944325    
 -0.5572418404476268    
 -0.5247128472262765    
 -0.4902518099916042    
 -0.4537518485259260    
 -0.4151003847396766    
 -0.3741799793156162    
 -0.3308683427169057    
 -0.2850374682645571    
 -0.2365532037343707    
 -0.1852757007353616    
 -0.1310596810520211    
 -0.7375394297235904E-01
 -0.1320108387543692E-01
  0.5076169497393489E-01
  0.1183014447550999    
  0.1895891884360612    
  0.2648003365854625    
  0.3441145897571524    
  0.4277147671886024    
  0.5157851555585957    
  0.6085101407899263    
  0.7060732136927523    
  0.8086558531694126    
  0.9164357472431862    
   1.029584277866310    
   1.148263755868385    
   1.272624848506449    
   1.402803921576531    
   1.538919638821611    
   1.681068784376065    
   1.829321957888463    
   1.983719445434035    
   2.144266834018736    
   2.310930050217510    
   2.483630091205588    
   2.662237620778889    
   2.846567205270052    
   3.036371461873208    
   3.231336201677879    
   3.431077062070005    
   3.635136541546377    
   3.842980212298235    
   4.053992798368361    
   4.267476282303547    
   4.482651290906401    
   4.698661017749315    
   4.914576235903256    
   5.129400853212188    
   5.342078655948203    
   5.551502481349174    
   5.756526811554263    
   5.955983588900185    
   6.148699600804280    
   6.333513612522759    
   6.509292981426355    
   6.674950975141591    
   6.829465548876193    
   6.971898487019496    
   7.101412775518666    
   7.217286824125570    
   7.318925638506032    
   7.405869756105336    
   7.477802218614017    
   7.534552725130431    
   7.576097677844409    
   7.602555882264515    
   7.614181297633238    
   7.611354484244075    
   7.594572779737727    
   7.564437837917943    
   7.521640058566569    
   7.466941723733333    
   7.401161443057182    
   7.325160681524295    
   7.239830802283917    
   7.146078905069468    
   7.044812895888428    
   6.936928193972526    
   6.823298016593655    
   6.704766775335838    
   6.582144450672333    
   6.456200638932989    
   6.327659038027929    
   6.197193882255893    
   6.065428655923226    
   5.932936112496896    
   5.800238633809609    
   5.667808715020748    
   5.536069799455989    
   5.405397789487799    
   5.276123547331717    
   5.148536242577544    
   5.022886660359149    
   4.899389656480301    
   4.778226084214167    
   4.659545212658176    
   4.543467877921027    
   4.430089606890131    
   4.319483233430907    
   4.211701348082141    
   4.106778760926155    
   4.004734483235946    
   3.905573034058222    
   3.809285769813731    
   3.715852787140204    
   3.625244924767658    
   3.537425232022835    
   3.452350146307979    
   3.369970851129519    
   3.290234480318732    
   3.213084608290443    
   3.138461389969913    
   3.066302169357053    
   2.996542498420423    
   2.929116810139069    
   2.863958650375562    
   2.801001134508706    
   2.740177769767986    
   2.681422945869017    
   2.624671778470337    
   2.569859940465814    
   2.516924003178439    
   2.465801878019001    
   2.416432783689137    
   2.368756943301946    
   2.322715594111912    
   2.278251366463326    
   2.235308609344095    
   2.193833434747160    
   2.153773617990246    
   2.115078532219690    
   2.077699185112237    
   2.041588340318486    
   2.006700567226837    
   1.972992036539547    
   1.940420189584722    
   1.908943669824716    
   1.878522585672278    
   1.849118655371661    
   1.820694920458439    
   1.793215374822776    
   1.766645021350920    
   1.740950270508770    
   1.716099152427973    
   1.692061135989595    
   1.668806857173017    
   1.646308040739964    
   1.624537550881961    
   1.603469389890809    
   1.583078605391315    
   1.563341156893143    
   1.544233786190002    
   1.525733951875240    
   1.507819870572765    
   1.490470595089382    
   1.473666006505749    
   1.457386714259039    
   1.441613982860071    
   1.426329763897943    
   1.411516787941273    
   1.397158616963771    
   1.383239588058528    
   1.369744656436187    
   1.356659248784815    
   1.343969261087889    
   1.331661180958601    
   1.319722140683578    
   1.308139780300204    
   1.296902056879118    
   1.285997216336763    
   1.275413934632069    
   1.265141440380374    
   1.255169491427760    
   1.245488252261379    
   1.236088181514701    
   1.226959992678986    
   1.218094694100398    
   1.209483656207358    
   1.201118615957896    
   1.192991590952605    
   1.185094797941034    
   1.177420679865764    
   1.169962011748833    
   1.162711964311615    
   1.155664065779784    
   1.148812102112195    
   1.142150018467739    
   1.135671869643449    
   1.129371855470002    
   1.123244421637014    
   1.117284327215525    
   1.111486598097065    
   1.105846407149022    
   1.100358988658636    
   1.095019632841541    
   1.089823732084240    
   1.084766849868794    
   1.079844788464290    
   1.075053602512801    
   1.070389526432066    
   1.065848876111721    
   1.061428021814853    
   1.057123441924036    
   1.052931776397627    
   1.048849820133536    
   1.044874473520843    
   1.041002697468699    
   1.037231504760796    
   1.033557997746827    
   1.029979426641176    
   1.026493207650226    
   1.023096868701575    
   1.019787973186981    
   1.016564100236227    
   1.013422890258878    
   1.010362093661699    
   1.007379573375935    
   1.004473267124810    
   1.001641143357598    
  0.9988811847539376    
  0.9961914203784634    
  0.9935699897176582    
  0.9910151805003009    
  0.9885253967325301    
  0.9860990796772628    
  0.9837346431559334    
  0.9814304607193768    
  0.9791849041897082    
  0.9769964138163678    
  0.9748635624867728    
  0.9727850678312960    
  0.9707597409380370    
  0.9687864124064745    
  0.9668638789751187    
  0.9649908764666318    
  0.9631660780839424    
  0.9613881394369925    
  0.9596557918621854    
  0.9579679264831935    
  0.9563236020804193    
  0.9547219750469589    
  0.9531622089487223    
  0.9516434194499002    
  0.9501646786714908    
  0.9487250723166547    
  0.9473237676323230    
  0.9459600323336458    
  0.9446331839394075    
  0.9433425157137169    
  0.9420872614845497    
  0.9408666173563853    
  0.9396797950938414    
  0.9385260677940733    
  0.9374047690145944    
  0.9363152352643476    
  0.9352567463862063    
  0.9342285454601080    
  0.9332299422458741    
  0.9322604003923247    
  0.9313195174385865    
  0.9304069179994803    
  0.9295221527927218    
  0.9286646688829431    
  0.9278338599777949    
  0.9270291681292477    
  0.9262501708183906    
  0.9254965736157230    
  0.9247680974893600    
  0.9240643568692246    
  0.9233848395495516    
  0.9227289972269503    
  0.9220963577699643    
  0.9214865699824089    
  0.9208993557942282    
  0.9203344107950422    
  0.9197913364731223    
  0.9192696749301104    
  0.9187690290822944    
  0.9182891611291888    
  0.9178299775819494    
  0.9173914165512189    
  0.9169733283375763    
  0.9165754244853774    
  0.9161973159522971    
  0.9158386113268215    
  0.9154990007021777    
  0.9151782480523540    
  0.9148760998993187    
  0.9145922173553329    
  0.9143262176444676    
  0.9140777828132527    
  0.9138467233944692    
  0.9136329535740539    
  0.9134364328200841    
  0.9132571374302707    
  0.9130950655517954    
  0.9129502343194116    
  0.9128226291592358    
  0.9127121078380656    
  0.9126183282925382    
  0.9125407954691527    
  0.9124790405556580    
  0.9124328082837071    
  0.9124020897830225    
  0.9123869659013688    
  0.9123873976938991    
  0.9124031472086298    
  0.9124338938454926    
  0.9124794389669899    
  0.9125398150479223    
  0.9126152069966516    
  0.9127057710568176    
  0.9128115217214242    
  0.9129323624580628    
  0.9130681805254807    
  0.9132188877245336    
  0.9133843815490379    
  0.9135644889698691    
  0.9137589537310215    
  0.9139674804108849    
  0.9141898137974439    
  0.9144258140288413    
  0.9146754827724524    
  0.9149389187702650    
  0.9152162261804544    
  0.9155074326810118    
  0.9158124732744271    
  0.9161312553637607    
  0.9164637532274584    
  0.9168100396430017    
  0.9171702120311578    
  0.9175442784411271    
  0.9179321127491993    
  0.9183335170047054    
  0.9187483333624812    
  0.9191765216065615    
  0.9196181472610925    
  0.9200732764550832    
  0.9205418525049033    
  0.9210236791701427    
  0.9215185475928852    
  0.9220263713535263    
  0.9225471714082285    
  0.9230809513272475    
  0.9236276590309721    
  0.9241873102735615    
  0.9247601130980689    
  0.9253464062882134    
  0.9259464342828259    
  0.9265601621334991    
  0.9271873060031650    
  0.9278275674177857    
  0.9284808644178959    
  0.9291473167756029    
  0.9298269641771290    
  0.9305195101121562    
  0.9312244109843215    
  0.9319412622163920    
  0.9326700929493630    
  0.9334113001825385    
  0.9341653598169924    
  0.9349326212782558    
  0.9357132871235386    
  0.9365074527817840    
  0.9373150965448714    
  0.9381360426337291    
  0.9389699709410307    
  0.9398165040042349    
  0.9406753331984532    
  0.9415462945367774    
  0.9424293318589014    
  0.9433244068182167    
  0.9442314880503831    
  0.9451506424800163    
  0.9460820849176825    
  0.9470260604809498    
  0.9479826361029260    
  0.9489516121126869    
  0.9499326712509505    
  0.9509256541286558    
  0.9519307030958615    
  0.9529481106802753    
  0.9539779995942855    
  0.9550201497579472    
  0.9560741164710480    
  0.9571394507608066    
  0.9582157921794562    
  0.9593028669896517    
  0.9604005212719480    
  0.9615087214517313    
  0.9626274208408865    
  0.9637564701040477    
  0.9648957903555909    
  0.9660455954719125    
  0.9672062477297738    
  0.9683778335061457    
  0.9695600020381512    
  0.9707522195179165    
  0.9719539697159159    
  0.9731646398526842    
  0.9743834923423349    
  0.9756100300802681    
  0.9768443175857779    
  0.9780867209416517    
  0.9793373212816088    
  0.9805956946644013    
