  0.3495510917399149E-01
  0.3522718448580690E-01
  0.3550219300152993E-01
  0.3578014609387580E-01
  0.3606105507466816E-01
  0.3634493056205321E-01
  0.3663178228368322E-01
  0.3692161968155705E-01
  0.3721445206650455E-01
  0.3751028797186975E-01
  0.3780913497125730E-01
  0.3811100029531901E-01
  0.3841589096971934E-01
  0.3872381315501947E-01
  0.3903477197952843E-01
  0.3934877216842087E-01
  0.3966581816472816E-01
  0.3998591345513485E-01
  0.4030906041852211E-01
  0.4063526096782425E-01
  0.4096451665353472E-01
  0.4129682797509630E-01
  0.4163219424578417E-01
  0.4197061424775621E-01
  0.4231208631752181E-01
  0.4265660764257113E-01
  0.4300417414329132E-01
  0.4335478114169252E-01
  0.4370842342822481E-01
  0.4406509454324826E-01
  0.4442478667672368E-01
  0.4478749135112554E-01
  0.4515319946892853E-01
  0.4552190057848542E-01
  0.4589358279230000E-01
  0.4626823348466351E-01
  0.4664583931903278E-01
  0.4702638549780921E-01
  0.4740985570005906E-01
  0.4779623279445509E-01
  0.4818549884568627E-01
  0.4857763434756388E-01
  0.4897261818110860E-01
  0.4937042834340202E-01
  0.4977104193206000E-01
  0.5017443436101637E-01
  0.5058057933996069E-01
  0.5098944961973614E-01
  0.5140101695379194E-01
  0.5181525129591788E-01
  0.5223212080209216E-01
  0.5265159259308284E-01
  0.5307363269164213E-01
  0.5349820520136843E-01
  0.5392527233212602E-01
  0.5435479518056487E-01
  0.5478673364166621E-01
  0.5522104556778966E-01
  0.5565768681891373E-01
  0.5609661206183590E-01
  0.5653777465451860E-01
  0.5698112578427358E-01
  0.5742661454419142E-01
  0.5787418875183796E-01
  0.5832379480465907E-01
  0.5877537679613715E-01
  0.5922887661992777E-01
  0.5968423480894151E-01
  0.6014139035985434E-01
  0.6060027982594411E-01
  0.6106083745063355E-01
  0.6152299602794559E-01
  0.6198668669393725E-01
  0.6245183799478968E-01
  0.6291837605168439E-01
  0.6338622544374974E-01
  0.6385530896398545E-01
  0.6432554666103585E-01
  0.6479685603759454E-01
  0.6526915295712762E-01
  0.6574235136160034E-01
  0.6621636228523685E-01
  0.6669109408898879E-01
  0.6716645339252066E-01
  0.6764234475075098E-01
  0.6811866963778176E-01
  0.6859532672041790E-01
  0.6907221281718837E-01
  0.6954922253039995E-01
  0.7002624719828754E-01
  0.7050317521111578E-01
  0.7097989299938892E-01
  0.7145628461781839E-01
  0.7193223066368640E-01
  0.7240760863976684E-01
  0.7288229397434004E-01
  0.7335615955312116E-01
  0.7382907460179659E-01
  0.7430090510095255E-01
  0.7477151484120530E-01
  0.7524076489884710E-01
  0.7570851248057932E-01
  0.7617461139683612E-01
  0.7663891315620736E-01
  0.7710126638025683E-01
  0.7756151560866563E-01
  0.7801950183898544E-01
  0.7847506366582262E-01
  0.7892803663016194E-01
  0.7937825198358207E-01
  0.7982553730462588E-01
  0.8026971768986990E-01
  0.8071061503303253E-01
  0.8114804674769635E-01
  0.8158182647350404E-01
  0.8201176532871357E-01
  0.8243767111473507E-01
  0.8285934699817774E-01
  0.8327659232422277E-01
  0.8368920394366469E-01
  0.8409697533927160E-01
  0.8449969527011184E-01
  0.8489714871522183E-01
  0.8528911829306195E-01
  0.8567538330775286E-01
  0.8605571836216541E-01
  0.8642989446320028E-01
  0.8679768055863835E-01
  0.8715884250409273E-01
  0.8751314165660179E-01
  0.8786033618418863E-01
  0.8820018275488603E-01
  0.8853243542946554E-01
  0.8885684425483539E-01
  0.8917315683608834E-01
  0.8948112022561557E-01
  0.8978047975195863E-01
  0.9007097764162368E-01
  0.9035235493102234E-01
  0.9062435361812154E-01
  0.9088671543998061E-01
  0.9113918055734530E-01
  0.9138148990009790E-01
  0.9161338764895825E-01
  0.9183461995629313E-01
  0.9204493370710458E-01
  0.9224407937407191E-01
  0.9243181384698744E-01
  0.9260789898712238E-01
  0.9277210034081984E-01
  0.9292419040520700E-01
  0.9306395154109780E-01
  0.9319117380857464E-01
  0.9330565290642882E-01
  0.9340719292985844E-01
  0.9349560789338890E-01
  0.9357071652633617E-01
  0.9363233625233905E-01
  0.9368028108394200E-01
  0.9371435531952424E-01
  0.9373433584382397E-01
  0.9373994890590331E-01
  0.9373084455591321E-01
  0.9370655568417355E-01
  0.9366642938172999E-01
  0.9360953268037571E-01
  0.9353452855074731E-01
  0.9343949626807282E-01
  0.9332167166272060E-01
  0.9317710233259330E-01
  0.9300021174762933E-01
  0.9278326258258282E-01
  0.9251576604612391E-01
  0.9218400160464753E-01
  0.9177094106612793E-01
  0.9125699970611523E-01
  0.9062209415090194E-01
  0.8984919728745797E-01
  0.8892873614682775E-01
  0.8786218803597177E-01
  0.8666304935036551E-01
  0.8535449057773135E-01
  0.8396474761141592E-01
  0.8252227118088748E-01
  0.8105224977622216E-01
  0.7957497515622020E-01
  0.7810564463980452E-01
  0.7665496561876922E-01
  0.7523006749972913E-01
  0.7383541320735837E-01
  0.7247355839103822E-01
  0.7114573228744821E-01
  0.6985227209967698E-01
  0.6859293671118882E-01
  0.6736711830173568E-01
  0.6617398357174537E-01
  0.6501257479730893E-01
  0.6388187921644353E-01
  0.6278086841671729E-01
  0.6170852137667121E-01
  0.6066384404883141E-01
  0.5964588267437121E-01
  0.5865372595875426E-01
  0.5768650356072638E-01
  0.5674338852859750E-01
  0.5582359901452139E-01
  0.5492639396500035E-01
  0.5405106823467727E-01
  0.5319695246734565E-01
  0.5236341291178602E-01
  0.5154984661913121E-01
  0.5075567691517455E-01
  0.4998035347339803E-01
  0.4922335235817719E-01
  0.4848417206056362E-01
  0.4776232994774240E-01
  0.4705736276875799E-01
  0.4636882695437551E-01
  0.4569629535165654E-01
  0.4503935450749968E-01
  0.4439760559969607E-01
  0.4377066500767094E-01
  0.4315816160612893E-01
  0.4255973462895304E-01
  0.4197503480208697E-01
  0.4140372500772141E-01
  0.4084547795462735E-01
  0.4029997447354758E-01
  0.3976690478817076E-01
  0.3924596923207316E-01
  0.3873687619450369E-01
  0.3823934071329592E-01
  0.3775308578523223E-01
  0.3727784306129054E-01
  0.3681335097933899E-01
  0.3635935357814878E-01
  0.3591560182014666E-01
  0.3548185425559894E-01
  0.3505787530371891E-01
  0.3464343423622376E-01
  0.3423830648254893E-01
  0.3384227423992106E-01
  0.3345512486068434E-01
  0.3307664996405429E-01
  0.3270664671134285E-01
  0.3234491836145562E-01
  0.3199127274875761E-01
  0.3164552150362362E-01
  0.3130748129478771E-01
  0.3097697433009478E-01
  0.3065382690782795E-01
  0.3033786872524902E-01
  0.3002893408292599E-01
  0.2972686233092285E-01
  0.2943149648283010E-01
  0.2914268260071088E-01
  0.2886027096351097E-01
  0.2858411646409791E-01
  0.2831407728016436E-01
  0.2805001432701852E-01
  0.2779179239140013E-01
  0.2753928048241647E-01
  0.2729235055266888E-01
  0.2705087701057929E-01
  0.2681473782068654E-01
  0.2658381481184716E-01
  0.2635799244428228E-01
  0.2613715737610759E-01
  0.2592119953278582E-01
  0.2571001237676462E-01
  0.2550349171739514E-01
  0.2530153532721385E-01
  0.2510404398260923E-01
  0.2491092169793214E-01
  0.2472207457496847E-01
  0.2453741046460530E-01
  0.2435683998026473E-01
  0.2418027669911218E-01
  0.2400763604837372E-01
  0.2383883500895182E-01
  0.2367379310345474E-01
  0.2351243256720289E-01
  0.2335467726928729E-01
  0.2320045245528605E-01
  0.2304968571153262E-01
  0.2290230710816411E-01
  0.2275824815282103E-01
  0.2261744156969949E-01
  0.2247982224129741E-01
  0.2234532732530208E-01
  0.2221389523892855E-01
  0.2208546547180306E-01
  0.2195997950631172E-01
  0.2183738090997944E-01
  0.2171761434874384E-01
  0.2160062543154360E-01
  0.2148636161036991E-01
  0.2137477224965229E-01
  0.2126580766693312E-01
  0.2115941900723122E-01
  0.2105555912373087E-01
  0.2095418262544347E-01
  0.2085524494379835E-01
  0.2075870223495930E-01
  0.2066451224192714E-01
  0.2057263432156058E-01
  0.2048302853569745E-01
  0.2039565557976341E-01
  0.2031047762699533E-01
  0.2022745833581448E-01
  0.2014656196424943E-01
  0.2006775332336749E-01
  0.1999099860428964E-01
  0.1991626536682671E-01
  0.1984352167608559E-01
  0.1977273607938540E-01
  0.1970387841666160E-01
  0.1963691979116527E-01
  0.1957183172719811E-01
  0.1950858616926525E-01
  0.1944715627639425E-01
  0.1938751637561124E-01
  0.1932964113982171E-01
  0.1927350560803919E-01
  0.1921908596408878E-01
  0.1916635947351937E-01
  0.1911530368075054E-01
  0.1906589644932514E-01
  0.1901811672543529E-01
  0.1897194445889312E-01
  0.1892735981875941E-01
  0.1888434325266286E-01
  0.1884287623553518E-01
  0.1880294117520705E-01
  0.1876452064581626E-01
  0.1872759746532403E-01
  0.1869215542980034E-01
  0.1865817920414970E-01
  0.1862565357265632E-01
  0.1859456353390092E-01
  0.1856489502088791E-01
  0.1853663477734860E-01
  0.1850976962485170E-01
  0.1848428657441432E-01
  0.1846017353273061E-01
  0.1843741916443206E-01
  0.1841601217524234E-01
  0.1839594143967804E-01
  0.1837719669364205E-01
  0.1835976838296677E-01
  0.1834364696210945E-01
  0.1832882303740637E-01
  0.1831528804630809E-01
  0.1830303409250517E-01
  0.1829205325968090E-01
  0.1828233776983567E-01
  0.1827388064944893E-01
  0.1826667555146132E-01
  0.1826071608360192E-01
  0.1825599598132309E-01
  0.1825250976118540E-01
  0.1825025252997188E-01
  0.1824921932711440E-01
  0.1824940531177262E-01
  0.1825080640372053E-01
  0.1825341907988183E-01
  0.1825723973041523E-01
  0.1826226485947240E-01
  0.1826849171384649E-01
  0.1827591806725461E-01
  0.1828454158971671E-01
  0.1829436006154129E-01
  0.1830537198994638E-01
  0.1831757638141782E-01
  0.1833097212409318E-01
  0.1834555821454390E-01
  0.1836133436249959E-01
  0.1837830075155542E-01
  0.1839645743431443E-01
  0.1841580457156898E-01
  0.1843634302520170E-01
  0.1845807410746803E-01
  0.1848099898870935E-01
  0.1850511894861889E-01
  0.1853043595739292E-01
  0.1855695241379293E-01
  0.1858467056529815E-01
  0.1861359277121868E-01
  0.1864372207214710E-01
  0.1867506191690563E-01
  0.1870761559495535E-01
  0.1874138651113129E-01
  0.1877637874344807E-01
  0.1881259675901471E-01
  0.1885004485852855E-01
  0.1888872746246690E-01
  0.1892864965735233E-01
  0.1896981690074254E-01
  0.1901223447765580E-01
  0.1905590779806406E-01
  0.1910084293169349E-01
  0.1914704630212384E-01
  0.1919452415491692E-01
  0.1924328286621278E-01
  0.1929332946614814E-01
  0.1934467132216179E-01
  0.1939731561869028E-01
  0.1945126967674304E-01
  0.1950654146604771E-01
  0.1956313927764750E-01
  0.1962107121498247E-01
  0.1968034552422800E-01
  0.1974097109517523E-01
  0.1980295712317072E-01
  0.1986631261145796E-01
  0.1993104671215779E-01
  0.1999716921597333E-01
  0.2006469020358203E-01
  0.2013361955912812E-01
  0.2020396732164895E-01
  0.2027574416354556E-01
  0.2034896103142894E-01
  0.2042362867066565E-01
  0.2049975798715162E-01
  0.2057736051460166E-01
  0.2065644804493795E-01
  0.2073703216381929E-01
  0.2081912462259174E-01
  0.2090273779429919E-01
  0.2098788429359226E-01
  0.2107457652319371E-01
  0.2116282705596972E-01
  0.2125264907967517E-01
  0.2134405600641354E-01
  0.2143706102996945E-01
  0.2153167751784500E-01
  0.2162791944462326E-01
  0.2172580099096037E-01
  0.2182533611179557E-01
  0.2192653893832743E-01
  0.2202942419994445E-01
  0.2213400681269458E-01
  0.2224030145829668E-01
  0.2234832299594685E-01
  0.2245808687273477E-01
  0.2256960870159923E-01
  0.2268290385117728E-01
  0.2279798786738081E-01
  0.2291487687214964E-01
  0.2303358713079752E-01
  0.2315413465270587E-01
  0.2327653562266230E-01
  0.2340080678786270E-01
  0.2352696501457307E-01
  0.2365502689964980E-01
  0.2378500921157749E-01
  0.2391692926559164E-01
  0.2405080446960374E-01
  0.2418665194659939E-01
  0.2432448898534214E-01
  0.2446433340344049E-01
  0.2460620308243056E-01
  0.2475011560111318E-01
  0.2489608869593671E-01
  0.2504414061184957E-01
  0.2519428962642120E-01
  0.2534655369416910E-01
  0.2550095091662719E-01
  0.2565749988081409E-01
  0.2581621917227688E-01
  0.2597712703048274E-01
  0.2614024182858709E-01
  0.2630558239932386E-01
  0.2647316753684116E-01
  0.2664301566325369E-01
  0.2681514531814567E-01
  0.2698957547168000E-01
  0.2716632501508880E-01
  0.2734541243850275E-01
  0.2752685633023628E-01
  0.2771067567689722E-01
  0.2789688934238944E-01
  0.2808551575716340E-01
  0.2827657342734638E-01
  0.2847008122160628E-01
  0.2866605783850387E-01
  0.2886452150733468E-01
  0.2906549050719720E-01
  0.2926898344035523E-01
  0.2947501868776439E-01
  0.2968361412169952E-01
  0.2989478763487925E-01
  0.3010855740006389E-01
  0.3032494131357261E-01
  0.3054395671991346E-01
  0.3076562095110348E-01
  0.3098995157222840E-01
  0.3121696581276188E-01
  0.3144668030344255E-01
  0.3167911162594324E-01
  0.3191427654409461E-01
  0.3215219142281156E-01
  0.3239287197750439E-01
  0.3263633383428730E-01
  0.3288259274655760E-01
  0.3313166400132649E-01
  0.3338356218148698E-01
  0.3363830173677695E-01
  0.3389589718538383E-01
  0.3415636250746426E-01
  0.3441971092062764E-01
  0.3468595546189759E-01
  0.3495510917399149E-01
  0.3522718448580690E-01
  0.3550219300152993E-01
  0.3578014609387580E-01
  0.3606105507466816E-01
  0.3634493056205321E-01
  0.3663178228368322E-01
  0.3692161968155705E-01
  0.3721445206650455E-01
  0.3751028797186975E-01
  0.3780913497125730E-01
  0.3811100029531901E-01
  0.3841589096971934E-01
  0.3872381315501947E-01
  0.3903477197952843E-01
  0.3934877216842087E-01
  0.3966581816472816E-01
  0.3998591345513485E-01
  0.4030906041852211E-01
  0.4063526096782425E-01
  0.4096451665353472E-01
  0.4129682797509630E-01
  0.4163219424578417E-01
  0.4197061424775621E-01
  0.4231208631752181E-01
  0.4265660764257113E-01
  0.4300417414329132E-01
  0.4335478114169252E-01
  0.4370842342822481E-01
  0.4406509454324826E-01
  0.4442478667672368E-01
  0.4478749135112554E-01
  0.4515319946892853E-01
  0.4552190057848542E-01
  0.4589358279230000E-01
  0.4626823348466351E-01
  0.4664583931903278E-01
  0.4702638549780921E-01
  0.4740985570005906E-01
  0.4779623279445509E-01
  0.4818549884568627E-01
  0.4857763434756388E-01
  0.4897261818110860E-01
  0.4937042834340202E-01
  0.4977104193206000E-01
  0.5017443436101637E-01
  0.5058057933996069E-01
  0.5098944961973614E-01
  0.5140101695379194E-01
  0.5181525129591788E-01
  0.5223212080209216E-01
  0.5265159259308284E-01
  0.5307363269164213E-01
  0.5349820520136843E-01
  0.5392527233212602E-01
  0.5435479518056487E-01
  0.5478673364166621E-01
  0.5522104556778966E-01
  0.5565768681891373E-01
  0.5609661206183590E-01
  0.5653777465451860E-01
  0.5698112578427358E-01
  0.5742661454419142E-01
  0.5787418875183796E-01
  0.5832379480465907E-01
  0.5877537679613715E-01
  0.5922887661992777E-01
  0.5968423480894151E-01
  0.6014139035985434E-01
  0.6060027982594411E-01
  0.6106083745063355E-01
  0.6152299602794559E-01
  0.6198668669393725E-01
  0.6245183799478968E-01
  0.6291837605168439E-01
  0.6338622544374974E-01
  0.6385530896398545E-01
  0.6432554666103585E-01
  0.6479685603759454E-01
  0.6526915295712762E-01
  0.6574235136160034E-01
  0.6621636228523685E-01
  0.6669109408898879E-01
  0.6716645339252066E-01
  0.6764234475075098E-01
  0.6811866963778176E-01
  0.6859532672041790E-01
  0.6907221281718837E-01
  0.6954922253039995E-01
  0.7002624719828754E-01
  0.7050317521111578E-01
  0.7097989299938892E-01
  0.7145628461781839E-01
  0.7193223066368640E-01
  0.7240760863976684E-01
  0.7288229397434004E-01
  0.7335615955312116E-01
  0.7382907460179659E-01
  0.7430090510095255E-01
  0.7477151484120530E-01
  0.7524076489884710E-01
  0.7570851248057932E-01
  0.7617461139683612E-01
  0.7663891315620736E-01
  0.7710126638025683E-01
  0.7756151560866563E-01
  0.7801950183898544E-01
  0.7847506366582262E-01
  0.7892803663016194E-01
  0.7937825198358207E-01
  0.7982553730462588E-01
  0.8026971768986990E-01
  0.8071061503303253E-01
  0.8114804674769635E-01
  0.8158182647350404E-01
  0.8201176532871357E-01
  0.8243767111473507E-01
  0.8285934699817774E-01
  0.8327659232422277E-01
  0.8368920394366469E-01
  0.8409697533927160E-01
  0.8449969527011184E-01
  0.8489714871522183E-01
  0.8528911829306195E-01
  0.8567538330775286E-01
  0.8605571836216541E-01
  0.8642989446320028E-01
  0.8679768055863835E-01
  0.8715884250409273E-01
  0.8751314165660179E-01
  0.8786033618418863E-01
  0.8820018275488603E-01
  0.8853243542946554E-01
  0.8885684425483539E-01
  0.8917315683608834E-01
  0.8948112022561557E-01
  0.8978047975195863E-01
  0.9007097764162368E-01
  0.9035235493102234E-01
  0.9062435361812154E-01
  0.9088671543998061E-01
  0.9113918055734530E-01
  0.9138148990009790E-01
  0.9161338764895825E-01
  0.9183461995629313E-01
  0.9204493370710458E-01
  0.9224407937407191E-01
  0.9243181384698744E-01
  0.9260789898712238E-01
  0.9277210034081984E-01
  0.9292419040520700E-01
  0.9306395154109780E-01
  0.9319117380857464E-01
  0.9330565290642882E-01
  0.9340719292985844E-01
  0.9349560789338890E-01
  0.9357071652633617E-01
  0.9363233625233905E-01
  0.9368028108394200E-01
  0.9371435531952424E-01
  0.9373433584382397E-01
  0.9373994890590331E-01
  0.9373084455591321E-01
  0.9370655568417355E-01
  0.9366642938172999E-01
  0.9360953268037571E-01
  0.9353452855074731E-01
  0.9343949626807282E-01
  0.9332167166272060E-01
  0.9317710233259330E-01
  0.9300021174762933E-01
  0.9278326258258282E-01
  0.9251576604612391E-01
  0.9218400160464753E-01
  0.9177094106612793E-01
  0.9125699970611523E-01
  0.9062209415090194E-01
  0.8984919728745797E-01
  0.8892873614682775E-01
  0.8786218803597177E-01
  0.8666304935036551E-01
  0.8535449057773135E-01
  0.8396474761141592E-01
  0.8252227118088748E-01
  0.8105224977622216E-01
  0.7957497515622020E-01
  0.7810564463980452E-01
  0.7665496561876922E-01
  0.7523006749972913E-01
  0.7383541320735837E-01
  0.7247355839103822E-01
  0.7114573228744821E-01
  0.6985227209967698E-01
  0.6859293671118882E-01
  0.6736711830173568E-01
  0.6617398357174537E-01
  0.6501257479730893E-01
  0.6388187921644353E-01
  0.6278086841671729E-01
  0.6170852137667121E-01
  0.6066384404883141E-01
  0.5964588267437121E-01
  0.5865372595875426E-01
  0.5768650356072638E-01
  0.5674338852859750E-01
  0.5582359901452139E-01
  0.5492639396500035E-01
  0.5405106823467727E-01
  0.5319695246734565E-01
  0.5236341291178602E-01
  0.5154984661913121E-01
  0.5075567691517455E-01
  0.4998035347339803E-01
  0.4922335235817719E-01
  0.4848417206056362E-01
  0.4776232994774240E-01
  0.4705736276875799E-01
  0.4636882695437551E-01
  0.4569629535165654E-01
  0.4503935450749968E-01
  0.4439760559969607E-01
  0.4377066500767094E-01
  0.4315816160612893E-01
  0.4255973462895304E-01
  0.4197503480208697E-01
  0.4140372500772141E-01
  0.4084547795462735E-01
  0.4029997447354758E-01
  0.3976690478817076E-01
  0.3924596923207316E-01
  0.3873687619450369E-01
  0.3823934071329592E-01
  0.3775308578523223E-01
  0.3727784306129054E-01
  0.3681335097933899E-01
  0.3635935357814878E-01
  0.3591560182014666E-01
  0.3548185425559894E-01
  0.3505787530371891E-01
  0.3464343423622376E-01
  0.3423830648254893E-01
  0.3384227423992106E-01
  0.3345512486068434E-01
  0.3307664996405429E-01
  0.3270664671134285E-01
  0.3234491836145562E-01
  0.3199127274875761E-01
  0.3164552150362362E-01
  0.3130748129478771E-01
  0.3097697433009478E-01
  0.3065382690782795E-01
  0.3033786872524902E-01
  0.3002893408292599E-01
  0.2972686233092285E-01
  0.2943149648283010E-01
  0.2914268260071088E-01
  0.2886027096351097E-01
  0.2858411646409791E-01
  0.2831407728016436E-01
  0.2805001432701852E-01
  0.2779179239140013E-01
  0.2753928048241647E-01
  0.2729235055266888E-01
  0.2705087701057929E-01
  0.2681473782068654E-01
  0.2658381481184716E-01
  0.2635799244428228E-01
  0.2613715737610759E-01
  0.2592119953278582E-01
  0.2571001237676462E-01
  0.2550349171739514E-01
  0.2530153532721385E-01
  0.2510404398260923E-01
  0.2491092169793214E-01
  0.2472207457496847E-01
  0.2453741046460530E-01
  0.2435683998026473E-01
  0.2418027669911218E-01
  0.2400763604837372E-01
  0.2383883500895182E-01
  0.2367379310345474E-01
  0.2351243256720289E-01
  0.2335467726928729E-01
  0.2320045245528605E-01
  0.2304968571153262E-01
  0.2290230710816411E-01
  0.2275824815282103E-01
  0.2261744156969949E-01
  0.2247982224129741E-01
  0.2234532732530208E-01
  0.2221389523892855E-01
  0.2208546547180306E-01
  0.2195997950631172E-01
  0.2183738090997944E-01
  0.2171761434874384E-01
  0.2160062543154360E-01
  0.2148636161036991E-01
  0.2137477224965229E-01
  0.2126580766693312E-01
  0.2115941900723122E-01
  0.2105555912373087E-01
  0.2095418262544347E-01
  0.2085524494379835E-01
  0.2075870223495930E-01
  0.2066451224192714E-01
  0.2057263432156058E-01
  0.2048302853569745E-01
  0.2039565557976341E-01
  0.2031047762699533E-01
  0.2022745833581448E-01
  0.2014656196424943E-01
  0.2006775332336749E-01
  0.1999099860428964E-01
  0.1991626536682671E-01
  0.1984352167608559E-01
  0.1977273607938540E-01
  0.1970387841666160E-01
  0.1963691979116527E-01
  0.1957183172719811E-01
  0.1950858616926525E-01
  0.1944715627639425E-01
  0.1938751637561124E-01
  0.1932964113982171E-01
  0.1927350560803919E-01
  0.1921908596408878E-01
  0.1916635947351937E-01
  0.1911530368075054E-01
  0.1906589644932514E-01
  0.1901811672543529E-01
  0.1897194445889312E-01
  0.1892735981875941E-01
  0.1888434325266286E-01
  0.1884287623553518E-01
  0.1880294117520705E-01
  0.1876452064581626E-01
  0.1872759746532403E-01
  0.1869215542980034E-01
  0.1865817920414970E-01
  0.1862565357265632E-01
  0.1859456353390092E-01
  0.1856489502088791E-01
  0.1853663477734860E-01
  0.1850976962485170E-01
  0.1848428657441432E-01
  0.1846017353273061E-01
  0.1843741916443206E-01
  0.1841601217524234E-01
  0.1839594143967804E-01
  0.1837719669364205E-01
  0.1835976838296677E-01
  0.1834364696210945E-01
  0.1832882303740637E-01
  0.1831528804630809E-01
  0.1830303409250517E-01
  0.1829205325968090E-01
  0.1828233776983567E-01
  0.1827388064944893E-01
  0.1826667555146132E-01
  0.1826071608360192E-01
  0.1825599598132309E-01
  0.1825250976118540E-01
  0.1825025252997188E-01
  0.1824921932711440E-01
  0.1824940531177262E-01
  0.1825080640372053E-01
  0.1825341907988183E-01
  0.1825723973041523E-01
  0.1826226485947240E-01
  0.1826849171384649E-01
  0.1827591806725461E-01
  0.1828454158971671E-01
  0.1829436006154129E-01
  0.1830537198994638E-01
  0.1831757638141782E-01
  0.1833097212409318E-01
  0.1834555821454390E-01
  0.1836133436249959E-01
  0.1837830075155542E-01
  0.1839645743431443E-01
  0.1841580457156898E-01
  0.1843634302520170E-01
  0.1845807410746803E-01
  0.1848099898870935E-01
  0.1850511894861889E-01
  0.1853043595739292E-01
  0.1855695241379293E-01
  0.1858467056529815E-01
  0.1861359277121868E-01
  0.1864372207214710E-01
  0.1867506191690563E-01
  0.1870761559495535E-01
  0.1874138651113129E-01
  0.1877637874344807E-01
  0.1881259675901471E-01
  0.1885004485852855E-01
  0.1888872746246690E-01
  0.1892864965735233E-01
  0.1896981690074254E-01
  0.1901223447765580E-01
  0.1905590779806406E-01
  0.1910084293169349E-01
  0.1914704630212384E-01
  0.1919452415491692E-01
  0.1924328286621278E-01
  0.1929332946614814E-01
  0.1934467132216179E-01
  0.1939731561869028E-01
  0.1945126967674304E-01
  0.1950654146604771E-01
  0.1956313927764750E-01
  0.1962107121498247E-01
  0.1968034552422800E-01
  0.1974097109517523E-01
  0.1980295712317072E-01
  0.1986631261145796E-01
  0.1993104671215779E-01
  0.1999716921597333E-01
  0.2006469020358203E-01
  0.2013361955912812E-01
  0.2020396732164895E-01
  0.2027574416354556E-01
  0.2034896103142894E-01
  0.2042362867066565E-01
  0.2049975798715162E-01
  0.2057736051460166E-01
  0.2065644804493795E-01
  0.2073703216381929E-01
  0.2081912462259174E-01
  0.2090273779429919E-01
  0.2098788429359226E-01
  0.2107457652319371E-01
  0.2116282705596972E-01
  0.2125264907967517E-01
  0.2134405600641354E-01
  0.2143706102996945E-01
  0.2153167751784500E-01
  0.2162791944462326E-01
  0.2172580099096037E-01
  0.2182533611179557E-01
  0.2192653893832743E-01
  0.2202942419994445E-01
  0.2213400681269458E-01
  0.2224030145829668E-01
  0.2234832299594685E-01
  0.2245808687273477E-01
  0.2256960870159923E-01
  0.2268290385117728E-01
  0.2279798786738081E-01
  0.2291487687214964E-01
  0.2303358713079752E-01
  0.2315413465270587E-01
  0.2327653562266230E-01
  0.2340080678786270E-01
  0.2352696501457307E-01
  0.2365502689964980E-01
  0.2378500921157749E-01
  0.2391692926559164E-01
  0.2405080446960374E-01
  0.2418665194659939E-01
  0.2432448898534214E-01
  0.2446433340344049E-01
  0.2460620308243056E-01
  0.2475011560111318E-01
  0.2489608869593671E-01
  0.2504414061184957E-01
  0.2519428962642120E-01
  0.2534655369416910E-01
  0.2550095091662719E-01
  0.2565749988081409E-01
  0.2581621917227688E-01
  0.2597712703048274E-01
  0.2614024182858709E-01
  0.2630558239932386E-01
  0.2647316753684116E-01
  0.2664301566325369E-01
  0.2681514531814567E-01
  0.2698957547168000E-01
  0.2716632501508880E-01
  0.2734541243850275E-01
  0.2752685633023628E-01
  0.2771067567689722E-01
  0.2789688934238944E-01
  0.2808551575716340E-01
  0.2827657342734638E-01
  0.2847008122160628E-01
  0.2866605783850387E-01
  0.2886452150733468E-01
  0.2906549050719720E-01
  0.2926898344035523E-01
  0.2947501868776439E-01
  0.2968361412169952E-01
  0.2989478763487925E-01
  0.3010855740006389E-01
  0.3032494131357261E-01
  0.3054395671991346E-01
  0.3076562095110348E-01
  0.3098995157222840E-01
  0.3121696581276188E-01
  0.3144668030344255E-01
  0.3167911162594324E-01
  0.3191427654409461E-01
  0.3215219142281156E-01
  0.3239287197750439E-01
  0.3263633383428730E-01
  0.3288259274655760E-01
  0.3313166400132649E-01
  0.3338356218148698E-01
  0.3363830173677695E-01
  0.3389589718538383E-01
  0.3415636250746426E-01
  0.3441971092062764E-01
  0.3468595546189759E-01
