   882.1379294651642    
   890.7189522226494    
   899.2581001502117    
   907.2288450378177    
   915.3685601956254    
   924.2033097516095    
   933.0005262618130    
   941.2429932218694    
   949.6673370853011    
   958.7909696652612    
   967.8822062073658    
   976.4338523107948    
   985.1853962933895    
   994.6474791275050    
   1004.085824654202    
   1012.999045477381    
   1022.129121414595    
   1031.980439066885    
   1041.814506166133    
   1051.135669206742    
   1060.692621689680    
   1070.987211402526    
   1081.275663955640    
   1091.065687101124    
   1101.112808713787    
   1111.916087450966    
   1122.723405720121    
   1133.044272183041    
   1143.644288785163    
   1155.023312687209    
   1166.420470857905    
   1177.345733109223    
   1188.575847018933    
   1200.611715275839    
   1212.680565763366    
   1224.290846706773    
   1236.233261558231    
   1249.012962534968    
   1261.844496943672    
   1274.233347843312    
   1286.985624924958    
   1300.611553469231    
   1314.310240578424    
   1327.582483223986    
   1341.252843965080    
   1355.839634437593    
   1370.524937286177    
   1384.802765952129    
   1399.517855163431    
   1415.198243141593    
   1431.006786121210    
   1446.429268903574    
   1462.333851082148    
   1479.261003089812    
   1496.351823246228    
   1513.081324194991    
   1530.343719902574    
   1548.694779937903    
   1567.251788666434    
   1585.477003156654    
   1604.293833505000    
   1624.276158277897    
   1644.514664889062    
   1664.456453190096    
   1685.057882423568    
   1706.914567214574    
   1729.087778428757    
   1751.006622687749    
   1773.664312082730    
   1797.682255021477    
   1822.089420821006    
   1846.293966549483    
   1871.330403212854    
   1897.850521793455    
   1924.847778868168    
   1951.706081989043    
   1979.506387681880    
   2008.936306015267    
   2038.950308286367    
   2068.904289465613    
   2099.931543079760    
   2132.761967599473    
   2166.307362363160    
   2199.891356217591    
   2234.706380172520    
   2271.532356724365    
   2309.234512749922    
   2347.099401448277    
   2386.386536805887    
   2427.935218158706    
   2470.560017661297    
   2513.504956139212    
   2558.106008016574    
   2605.273287625687    
   2653.766533723277    
   2702.781041510242    
   2753.740431809381    
   2807.639784461941    
   2863.179885785180    
   2919.500291916621    
   2978.125765908106    
   3040.154065975507    
   3104.223234596534    
   3169.409197355776    
   3237.354352500227    
   3309.281585901983    
   3383.763176950690    
   3459.802643086160    
   3539.180456383890    
   3623.273454416811    
   3710.586631506490    
   3800.041529772043    
   3893.582417166772    
   3992.777605777824    
   4096.065954673954    
   4202.276961156766    
   4313.551597635034    
   4431.699192008831    
   4555.098161070573    
   4682.476003433681    
   4816.213239625074    
   4958.426575625879    
   5107.447184111265    
   5261.891878184920    
   5424.437465283449    
   5597.598155950700    
   5779.683163262842    
   5969.193115162296    
   6169.177357678742    
   6382.671428371445    
   6608.006745004463    
   6843.568153206603    
   7092.880757888244    
   7359.672491469943    
   7642.369069903070    
   7939.248225924775    
   8254.448929579372    
   8592.625709330450    
   8952.406912986133    
   9331.976112884489    
   9736.259600318019    
   10171.14420665344    
   10635.59758228285    
   11127.69174364004    
   11653.30920593778    
   12219.90344837305    
   12826.85867201933    
   13471.92927333917    
   14161.91008059241    
   14905.91471818762    
   15703.34344613368    
   16550.59700505763    
   17454.24736765576    
   18423.72218547498    
   19455.80491797040    
   20541.11043910498    
   21680.16719630901    
   22874.88853084932    
   24107.28278485579    
   25343.80070583739    
   26553.42614680685    
   27694.89689842278    
   28683.00499710297    
   29383.60189013281    
   29626.60173735078    
   29176.80080834779    
   27668.47049200265    
   24571.39988842386    
   19185.10536518168    
   10588.26195669290    
  -2432.950781752681    
  -21332.92763878711    
  -47545.63680894603    
  -82019.18242510669    
  -124463.8147410899    
  -172270.7769082950    
  -219641.7604368397    
  -258105.7340931735    
  -279122.3687021657    
  -277735.8744158836    
  -254896.8156020598    
  -216785.6638306117    
  -171750.7494565740    
  -127074.1496452155    
  -87327.55435028019    
  -54452.12811559474    
  -28631.90623903683    
  -9133.129462632553    
   5142.783523246235    
   15329.93661967591    
   22421.09807756547    
   27207.11016919311    
   30288.73997456987    
   32118.74961987654    
   33046.26916624804    
   33342.59148484020    
   33204.99655112383    
   32761.78745162632    
   32097.24294990338    
   31280.85657629826    
   30375.46151921281    
   29427.99365949332    
   28465.41094024904    
   27501.75564553281    
   26545.40604999309    
   25602.47478690295    
   24680.49575124902    
   23789.98822166810    
   22939.12014280741    
   22127.63721397449    
   21349.43221862537    
   20600.27676337037    
   19880.36869246185    
   19191.23440641852    
   18534.03881413473    
   17910.03251418849    
   17318.89116565176    
   16756.56338067913    
   16217.48743750630    
   15698.99134038612    
   15201.70043779991    
   14726.47251804425    
   14273.21314763844    
   13841.89068992419    
   13431.97998095069    
   13040.85850648963    
   12664.83994337503    
   12301.96817280874    
   11952.38972344249    
   11616.40391706238    
   11293.84654859477    
   10985.02667516804    
   10690.33064409549    
   10408.69105664023    
   10137.82506682941    
   9876.078029717142    
   9622.936497231214    
   9377.972155931848    
   9140.663651183180    
   8911.285750920222    
   8690.710263616180    
   8479.087549391616    
   8275.580906047582    
   8079.365472771424    
   7889.954294104874    
   7706.563068148470    
   7528.146595417868    
   7354.268075128019    
   7185.239030408070    
   7021.330450538033    
   6862.479206796625    
   6708.750378655910    
   6560.373583885601    
   6417.183747247152    
   6278.539736284545    
   6143.865376286274    
   6012.850683295666    
   5885.154457575765    
   5760.382380651269    
   5638.415531238949    
   5519.426639539549    
   5403.566274999605    
   5290.878830420360    
   5181.434676053638    
   5075.269039108494    
   4972.237577403711    
   4872.096818975340    
   4774.616641384225    
   4679.513263974756    
   4586.469979816311    
   4495.334339691678    
   4406.104043328979    
   4318.700246875046    
   4233.029097416769    
   4149.244379228292    
   4067.590463586329    
   3988.011287327098    
   3910.301646566816    
   3834.543716653216    
   3760.897827336009    
   3689.079003588691    
   3618.625159305192    
   3549.554303282287    
   3482.099660790820    
   3415.973658829731    
   3350.686500931181    
   3286.421464353037    
   3223.694755404965    
   3162.327464321369    
   3101.778230296984    
   3042.303961853855    
   2984.600484691400    
   2928.445131458452    
   2873.029945240758    
   2818.509994235259    
   2765.704183367426    
   2714.339168165050    
   2663.308904197658    
   2612.688574651925    
   2563.576263185506    
   2515.828577313980    
   2468.104888273805    
   2420.420754291343    
   2374.271143149514    
   2329.764695511657    
   2285.262845165620    
   2240.553140506559    
   2197.494824218443    
   2156.510389721901    
   2115.555677987577    
   2073.943606066145    
   2033.844443472661    
   1996.170677862579    
   1958.510097620550    
   1919.498057654045    
   1881.575632628728    
   1846.449272292389    
   1811.543728509835    
   1774.615518911999    
   1738.203024637336    
   1705.086169707831    
   1672.839991621786    
   1638.113242081905    
   1603.126218530078    
   1571.863974044403    
   1542.493128270497    
   1510.432652973481    
   1476.981272975554    
   1447.254584203012    
   1420.614419472013    
   1391.440774978907    
   1359.465810872447    
   1330.569272718140    
   1305.960081819579    
   1279.592155397368    
   1249.117227438921    
   1220.423326792255    
   1196.984911016082    
   1173.312358741009    
   1144.810811746658    
   1116.273762507721    
   1093.321206226072    
   1072.168980620951    
   1046.396317709699    
   1018.543896241276    
   995.5600022126619    
   976.3398000239815    
   953.7551766804742    
   927.3489444233115    
   903.9758123140844    
   885.5839665848061    
   865.9585325104447    
   841.7402223899825    
   818.0342612837009    
   799.2790783806969    
   781.7698061099193    
   760.3358989531268    
   737.0176267724020    
   717.2323739096896    
   700.7047667587287    
   682.2933348740788    
   660.5717095768307    
   639.9074533724090    
   623.2365252845100    
   607.4366221896320    
   588.4155341794898    
   567.6841071106189    
   550.0148867032137    
   535.7116061536768    
   519.8228695697157    
   500.1249873136437    
   481.1535684922878    
   466.9136934030892    
   453.7673197279383    
   436.1402559853641    
   416.2976980686252    
   400.9849336951764    
   389.6247062150044    
   374.7570957208260    
   355.0806721214525    
   338.2689192925441    
   327.5544747524050    
   315.5648793543602    
   297.2429329026505    
   279.2054263593031    
   268.1156258780000    
   258.4905624909647    
   242.3624690406685    
   223.7802699486866    
   211.6214518661845    
   203.4164537956627    
   189.7459481592772    
   171.4098404773529    
   157.9530375478183    
   150.1817551657244    
   138.7601474033575    
   121.3845898025865    
   106.8731459834245    
   98.83832584497007    
   89.21569719483435    
   73.31404664856483    
   58.28647139746482    
   49.66569191341660    
   41.31152037204987    
   27.09612010411197    
   12.11033320535265    
   2.842092445144651    
  -4.776916703950160    
  -17.40572992735921    
  -31.96071524240430    
  -41.80434786933949    
  -49.14095443570115    
  -60.46913765014521    
  -74.38110099853759    
  -84.63689310690113    
  -91.96870882043189    
  -102.2922013680798    
  -115.4441476404814    
  -125.8784376589500    
  -133.2910614644121    
  -142.8312064410045    
  -155.1694400412216    
  -165.5547953464007    
  -173.0339268058973    
  -181.9701141791237    
  -193.5316983811303    
  -203.7338845172104    
  -211.2669765838381    
  -219.7764179180160    
  -230.6791647317354    
  -240.6576255121115    
  -248.2431728171305    
  -256.4681795256447    
  -266.8320345828009    
  -276.5655785988274    
  -284.1663747655846    
  -292.1691231963572    
  -302.0599749659387    
  -311.5095846554458    
  -319.0577260584997    
  -326.8502199500226    
  -336.3123370709600    
  -345.4625116011101    
  -352.9215297429133    
  -360.5344039754454    
  -369.6418504314340    
  -378.5309908327814    
  -385.9146533583107    
  -393.4017472608110    
  -402.2373701673009    
  -410.9130039274772    
  -418.2318601403137    
  -425.6175347227864    
  -434.2211716492631    
  -442.6935591487468    
  -449.9259090702325    
  -457.2001153707726    
  -465.5839571994640    
  -473.8565989279653    
  -480.9929334381267    
  -488.1656951540592    
  -496.3682580498870    
  -504.4808856479341    
  -511.5513855077500    
  -518.6630177855999    
  -526.7393316188422    
  -534.7377436945096    
  -541.7675730102185    
  -548.8383729698363    
  -556.8115428757862    
  -564.7073841785855    
  -571.6916746356851    
  -578.7174832357745    
  -586.5951908082523    
  -594.3993510149094    
  -601.3478133745143    
  -608.3489924293349    
  -616.1681774593303    
  -623.9224930943152    
  -630.8725502195857    
  -637.8869738048029    
  -645.6881698579787    
  -653.4254979047133    
  -660.3957496320484    
  -667.4351507854595    
  -675.2302571684459    
  -682.9595367891345    
  -689.9549152895289    
  -697.0293167612327    
  -704.8402392588554    
  -712.5909177131537    
  -719.6434570624414    
  -726.7899348947906    
  -734.6593792666915    
  -742.4718904868479    
  -749.6132010066952    
  -756.8569914213999    
  -764.8073328213115    
  -772.6991731567430    
  -779.9416042802072    
  -787.2968588840758    
  -795.3501613098615    
  -803.3499073843001    
  -810.7258644612621    
  -818.2303993779852    
  -826.4298726832791    
  -834.5799698039531    
  -842.1256684687010    
  -849.8105746087452    
  -858.1847388810523    
  -866.5102728351353    
  -874.2478544129290    
  -882.1379294651642    
  -890.7189522226494    
  -899.2581001502117    
  -907.2288450378177    
  -915.3685601956254    
  -924.2033097516095    
  -933.0005262618130    
  -941.2429932218694    
  -949.6673370853011    
  -958.7909696652612    
  -967.8822062073658    
  -976.4338523107948    
  -985.1853962933895    
  -994.6474791275050    
  -1004.085824654202    
  -1012.999045477381    
  -1022.129121414595    
  -1031.980439066885    
  -1041.814506166133    
  -1051.135669206742    
  -1060.692621689680    
  -1070.987211402526    
  -1081.275663955640    
  -1091.065687101124    
  -1101.112808713787    
  -1111.916087450966    
  -1122.723405720121    
  -1133.044272183041    
  -1143.644288785163    
  -1155.023312687209    
  -1166.420470857905    
  -1177.345733109223    
  -1188.575847018933    
  -1200.611715275839    
  -1212.680565763366    
  -1224.290846706773    
  -1236.233261558231    
  -1249.012962534968    
  -1261.844496943672    
  -1274.233347843312    
  -1286.985624924958    
  -1300.611553469231    
  -1314.310240578424    
  -1327.582483223986    
  -1341.252843965080    
  -1355.839634437593    
  -1370.524937286177    
  -1384.802765952129    
  -1399.517855163431    
  -1415.198243141593    
  -1431.006786121210    
  -1446.429268903574    
  -1462.333851082148    
  -1479.261003089812    
  -1496.351823246228    
  -1513.081324194991    
  -1530.343719902574    
  -1548.694779937903    
  -1567.251788666434    
  -1585.477003156654    
  -1604.293833505000    
  -1624.276158277897    
  -1644.514664889062    
  -1664.456453190096    
  -1685.057882423568    
  -1706.914567214574    
  -1729.087778428757    
  -1751.006622687749    
  -1773.664312082730    
  -1797.682255021477    
  -1822.089420821006    
  -1846.293966549483    
  -1871.330403212854    
  -1897.850521793455    
  -1924.847778868168    
  -1951.706081989043    
  -1979.506387681880    
  -2008.936306015267    
  -2038.950308286367    
  -2068.904289465613    
  -2099.931543079760    
  -2132.761967599473    
  -2166.307362363160    
  -2199.891356217591    
  -2234.706380172520    
  -2271.532356724365    
  -2309.234512749922    
  -2347.099401448277    
  -2386.386536805887    
  -2427.935218158706    
  -2470.560017661297    
  -2513.504956139212    
  -2558.106008016574    
  -2605.273287625687    
  -2653.766533723277    
  -2702.781041510242    
  -2753.740431809381    
  -2807.639784461941    
  -2863.179885785180    
  -2919.500291916621    
  -2978.125765908106    
  -3040.154065975507    
  -3104.223234596534    
  -3169.409197355776    
  -3237.354352500227    
  -3309.281585901983    
  -3383.763176950690    
  -3459.802643086160    
  -3539.180456383890    
  -3623.273454416811    
  -3710.586631506490    
  -3800.041529772043    
  -3893.582417166772    
  -3992.777605777824    
  -4096.065954673954    
  -4202.276961156766    
  -4313.551597635034    
  -4431.699192008831    
  -4555.098161070573    
  -4682.476003433681    
  -4816.213239625074    
  -4958.426575625879    
  -5107.447184111265    
  -5261.891878184920    
  -5424.437465283449    
  -5597.598155950700    
  -5779.683163262842    
  -5969.193115162296    
  -6169.177357678742    
  -6382.671428371445    
  -6608.006745004463    
  -6843.568153206603    
  -7092.880757888244    
  -7359.672491469943    
  -7642.369069903070    
  -7939.248225924775    
  -8254.448929579372    
  -8592.625709330450    
  -8952.406912986133    
  -9331.976112884489    
  -9736.259600318019    
  -10171.14420665344    
  -10635.59758228285    
  -11127.69174364004    
  -11653.30920593778    
  -12219.90344837305    
  -12826.85867201933    
  -13471.92927333917    
  -14161.91008059241    
  -14905.91471818762    
  -15703.34344613368    
  -16550.59700505763    
  -17454.24736765576    
  -18423.72218547498    
  -19455.80491797040    
  -20541.11043910498    
  -21680.16719630901    
  -22874.88853084932    
  -24107.28278485579    
  -25343.80070583739    
  -26553.42614680685    
  -27694.89689842278    
  -28683.00499710297    
  -29383.60189013281    
  -29626.60173735078    
  -29176.80080834779    
  -27668.47049200265    
  -24571.39988842386    
  -19185.10536518168    
  -10588.26195669290    
   2432.950781752681    
   21332.92763878711    
   47545.63680894603    
   82019.18242510669    
   124463.8147410899    
   172270.7769082950    
   219641.7604368397    
   258105.7340931735    
   279122.3687021657    
   277735.8744158836    
   254896.8156020598    
   216785.6638306117    
   171750.7494565740    
   127074.1496452155    
   87327.55435028019    
   54452.12811559474    
   28631.90623903683    
   9133.129462632553    
  -5142.783523246235    
  -15329.93661967591    
  -22421.09807756547    
  -27207.11016919311    
  -30288.73997456987    
  -32118.74961987654    
  -33046.26916624804    
  -33342.59148484020    
  -33204.99655112383    
  -32761.78745162632    
  -32097.24294990338    
  -31280.85657629826    
  -30375.46151921281    
  -29427.99365949332    
  -28465.41094024904    
  -27501.75564553281    
  -26545.40604999309    
  -25602.47478690295    
  -24680.49575124902    
  -23789.98822166810    
  -22939.12014280741    
  -22127.63721397449    
  -21349.43221862537    
  -20600.27676337037    
  -19880.36869246185    
  -19191.23440641852    
  -18534.03881413473    
  -17910.03251418849    
  -17318.89116565176    
  -16756.56338067913    
  -16217.48743750630    
  -15698.99134038612    
  -15201.70043779991    
  -14726.47251804425    
  -14273.21314763844    
  -13841.89068992419    
  -13431.97998095069    
  -13040.85850648963    
  -12664.83994337503    
  -12301.96817280874    
  -11952.38972344249    
  -11616.40391706238    
  -11293.84654859477    
  -10985.02667516804    
  -10690.33064409549    
  -10408.69105664023    
  -10137.82506682941    
  -9876.078029717142    
  -9622.936497231214    
  -9377.972155931848    
  -9140.663651183180    
  -8911.285750920222    
  -8690.710263616180    
  -8479.087549391616    
  -8275.580906047582    
  -8079.365472771424    
  -7889.954294104874    
  -7706.563068148470    
  -7528.146595417868    
  -7354.268075128019    
  -7185.239030408070    
  -7021.330450538033    
  -6862.479206796625    
  -6708.750378655910    
  -6560.373583885601    
  -6417.183747247152    
  -6278.539736284545    
  -6143.865376286274    
  -6012.850683295666    
  -5885.154457575765    
  -5760.382380651269    
  -5638.415531238949    
  -5519.426639539549    
  -5403.566274999605    
  -5290.878830420360    
  -5181.434676053638    
  -5075.269039108494    
  -4972.237577403711    
  -4872.096818975340    
  -4774.616641384225    
  -4679.513263974756    
  -4586.469979816311    
  -4495.334339691678    
  -4406.104043328979    
  -4318.700246875046    
  -4233.029097416769    
  -4149.244379228292    
  -4067.590463586329    
  -3988.011287327098    
  -3910.301646566816    
  -3834.543716653216    
  -3760.897827336009    
  -3689.079003588691    
  -3618.625159305192    
  -3549.554303282287    
  -3482.099660790820    
  -3415.973658829731    
  -3350.686500931181    
  -3286.421464353037    
  -3223.694755404965    
  -3162.327464321369    
  -3101.778230296984    
  -3042.303961853855    
  -2984.600484691400    
  -2928.445131458452    
  -2873.029945240758    
  -2818.509994235259    
  -2765.704183367426    
  -2714.339168165050    
  -2663.308904197658    
  -2612.688574651925    
  -2563.576263185506    
  -2515.828577313980    
  -2468.104888273805    
  -2420.420754291343    
  -2374.271143149514    
  -2329.764695511657    
  -2285.262845165620    
  -2240.553140506559    
  -2197.494824218443    
  -2156.510389721901    
  -2115.555677987577    
  -2073.943606066145    
  -2033.844443472661    
  -1996.170677862579    
  -1958.510097620550    
  -1919.498057654045    
  -1881.575632628728    
  -1846.449272292389    
  -1811.543728509835    
  -1774.615518911999    
  -1738.203024637336    
  -1705.086169707831    
  -1672.839991621786    
  -1638.113242081905    
  -1603.126218530078    
  -1571.863974044403    
  -1542.493128270497    
  -1510.432652973481    
  -1476.981272975554    
  -1447.254584203012    
  -1420.614419472013    
  -1391.440774978907    
  -1359.465810872447    
  -1330.569272718140    
  -1305.960081819579    
  -1279.592155397368    
  -1249.117227438921    
  -1220.423326792255    
  -1196.984911016082    
  -1173.312358741009    
  -1144.810811746658    
  -1116.273762507721    
  -1093.321206226072    
  -1072.168980620951    
  -1046.396317709699    
  -1018.543896241276    
  -995.5600022126619    
  -976.3398000239815    
  -953.7551766804742    
  -927.3489444233115    
  -903.9758123140844    
  -885.5839665848061    
  -865.9585325104447    
  -841.7402223899825    
  -818.0342612837009    
  -799.2790783806969    
  -781.7698061099193    
  -760.3358989531268    
  -737.0176267724020    
  -717.2323739096896    
  -700.7047667587287    
  -682.2933348740788    
  -660.5717095768307    
  -639.9074533724090    
  -623.2365252845100    
  -607.4366221896320    
  -588.4155341794898    
  -567.6841071106189    
  -550.0148867032137    
  -535.7116061536768    
  -519.8228695697157    
  -500.1249873136437    
  -481.1535684922878    
  -466.9136934030892    
  -453.7673197279383    
  -436.1402559853641    
  -416.2976980686252    
  -400.9849336951764    
  -389.6247062150044    
  -374.7570957208260    
  -355.0806721214525    
  -338.2689192925441    
  -327.5544747524050    
  -315.5648793543602    
  -297.2429329026505    
  -279.2054263593031    
  -268.1156258780000    
  -258.4905624909647    
  -242.3624690406685    
  -223.7802699486866    
  -211.6214518661845    
  -203.4164537956627    
  -189.7459481592772    
  -171.4098404773529    
  -157.9530375478183    
  -150.1817551657244    
  -138.7601474033575    
  -121.3845898025865    
  -106.8731459834245    
  -98.83832584497007    
  -89.21569719483435    
  -73.31404664856483    
  -58.28647139746482    
  -49.66569191341660    
  -41.31152037204987    
  -27.09612010411197    
  -12.11033320535265    
  -2.842092445144651    
   4.776916703950160    
   17.40572992735921    
   31.96071524240430    
   41.80434786933949    
   49.14095443570115    
   60.46913765014521    
   74.38110099853759    
   84.63689310690113    
   91.96870882043189    
   102.2922013680798    
   115.4441476404814    
   125.8784376589500    
   133.2910614644121    
   142.8312064410045    
   155.1694400412216    
   165.5547953464007    
   173.0339268058973    
   181.9701141791237    
   193.5316983811303    
   203.7338845172104    
   211.2669765838381    
   219.7764179180160    
   230.6791647317354    
   240.6576255121115    
   248.2431728171305    
   256.4681795256447    
   266.8320345828009    
   276.5655785988274    
   284.1663747655846    
   292.1691231963572    
   302.0599749659387    
   311.5095846554458    
   319.0577260584997    
   326.8502199500226    
   336.3123370709600    
   345.4625116011101    
   352.9215297429133    
   360.5344039754454    
   369.6418504314340    
   378.5309908327814    
   385.9146533583107    
   393.4017472608110    
   402.2373701673009    
   410.9130039274772    
   418.2318601403137    
   425.6175347227864    
   434.2211716492631    
   442.6935591487468    
   449.9259090702325    
   457.2001153707726    
   465.5839571994640    
   473.8565989279653    
   480.9929334381267    
   488.1656951540592    
   496.3682580498870    
   504.4808856479341    
   511.5513855077500    
   518.6630177855999    
   526.7393316188422    
   534.7377436945096    
   541.7675730102185    
   548.8383729698363    
   556.8115428757862    
   564.7073841785855    
   571.6916746356851    
   578.7174832357745    
   586.5951908082523    
   594.3993510149094    
   601.3478133745143    
   608.3489924293349    
   616.1681774593303    
   623.9224930943152    
   630.8725502195857    
   637.8869738048029    
   645.6881698579787    
   653.4254979047133    
   660.3957496320484    
   667.4351507854595    
   675.2302571684459    
   682.9595367891345    
   689.9549152895289    
   697.0293167612327    
   704.8402392588554    
   712.5909177131537    
   719.6434570624414    
   726.7899348947906    
   734.6593792666915    
   742.4718904868479    
   749.6132010066952    
   756.8569914213999    
   764.8073328213115    
   772.6991731567430    
   779.9416042802072    
   787.2968588840758    
   795.3501613098615    
   803.3499073843001    
   810.7258644612621    
   818.2303993779852    
   826.4298726832791    
   834.5799698039531    
   842.1256684687010    
   849.8105746087452    
   858.1847388810523    
   866.5102728351353    
   874.2478544129290    
