  0.3610881610386510    
  0.3614175284898684    
  0.3617221503767534    
  0.3620019647241361    
  0.3622569159446658    
  0.3624869548839701    
  0.3626920388734522    
  0.3628721317809565    
  0.3630272040461175    
  0.3631572327095243    
  0.3632622014484341    
  0.3633421006100532    
  0.3633969272295285    
  0.3634266850411514    
  0.3634313844952990    
  0.3634110427727093    
  0.3633656837834213    
  0.3632953381584072    
  0.3632000432463591    
  0.3630798431076927    
  0.3629347884931944    
  0.3627649368149388    
  0.3625703521219803    
  0.3623511050733019    
  0.3621072728954486    
  0.3618389393321819    
  0.3615461945987137    
  0.3612291353333479    
  0.3608878645340008    
  0.3605224914867147    
  0.3601331316987402    
  0.3597199068292416    
  0.3592829446051979    
  0.3588223787296079    
  0.3583383487945309    
  0.3578310001918861    
  0.3573004840097491    
  0.3567469569217201    
  0.3561705810819072    
  0.3555715240176820    
  0.3549499585077842    
  0.3543060624546435    
  0.3536400187641356    
  0.3529520152232943    
  0.3522422443621698    
  0.3515109033106483    
  0.3507581936660510    
  0.3499843213602800    
  0.3491894965087309    
  0.3483739332527129    
  0.3475378496166754    
  0.3466814673699199    
  0.3458050118686748    
  0.3449087118865679    
  0.3439927994607799    
  0.3430575097505957    
  0.3421030808806322    
  0.3411297537671802    
  0.3401377719539400    
  0.3391273814636389    
  0.3380988306444888    
  0.3370523700038739    
  0.3359882520447566    
  0.3349067311097249    
  0.3338080632215106    
  0.3326925059222679    
  0.3315603181251467    
  0.3304117599696379    
  0.3292470926589424    
  0.3280665782883578    
  0.3268704796979054    
  0.3256590603501781    
  0.3244325841955833    
  0.3231913155086459    
  0.3219355187257049    
  0.3206654583109321    
  0.3193813986378722    
  0.3180836038645367    
  0.3167723378024468    
  0.3154478637851121    
  0.3141104445311882    
  0.3127603420081222    
  0.3113978173183254    
  0.3100231306107371    
  0.3086365409878458    
  0.3072383063859268    
  0.3058286834441970    
  0.3044079273895235    
  0.3029762919416972    
  0.3015340292319846    
  0.3000813897316943    
  0.2986186221808862    
  0.2971459734983617    
  0.2956636886720163    
  0.2941720106565154    
  0.2926711803002822    
  0.2911614362945081    
  0.2896430151268492    
  0.2881161510336021    
  0.2865810759449441    
  0.2850380194126334    
  0.2834872085247545    
  0.2819288678332263    
  0.2803632193107216    
  0.2787904823264241    
  0.2772108736248193    
  0.2756246073047779    
  0.2740318947945485    
  0.2724329448093576    
  0.2708279632919524    
  0.2692171533589092    
  0.2676007152695168    
  0.2659788464106778    
  0.2643517412890570    
  0.2627195915341192    
  0.2610825859084684    
  0.2594409103058712    
  0.2577947477278031    
  0.2561442782539430    
  0.2544896790206082    
  0.2528311242026295    
  0.2511687849972768    
  0.2495028296247379    
  0.2478334233502881    
  0.2461607285100202    
  0.2444849045259125    
  0.2428061079179957    
  0.2411244923191269    
  0.2394402084796510    
  0.2377534042562555    
  0.2360642246028131    
  0.2343728115766377    
  0.2326793043500655    
  0.2309838392191541    
  0.2292865496223846    
  0.2275875661769899    
  0.2258870167160044    
  0.2241850263121794    
  0.2224817172999856    
  0.2207772093053775    
  0.2190716192694491    
  0.2173650614553893    
  0.2156576474546270    
  0.2139494862066540    
  0.2122406840205771    
  0.2105313445868418    
  0.2088215689939088    
  0.2071114557634042    
  0.2054011008888958    
  0.2036905978625330    
  0.2019800377021932    
  0.2002695089929757    
  0.1985590979278140    
  0.1968488883303177    
  0.1951389616737016    
  0.1934293971130661    
  0.1917202715175552    
  0.1900116594849748    
  0.1883036333537260    
  0.1865962632321532    
  0.1848896170321379    
  0.1831837604867712    
  0.1814787571660589    
  0.1797746685125434    
  0.1780715538832145    
  0.1763694705736902    
  0.1746684738372799    
  0.1729686169237037    
  0.1712699511244553    
  0.1695725257970586    
  0.1678763883797671    
  0.1661815844259845    
  0.1644881576475914    
  0.1627961499352859    
  0.1611056013655201    
  0.1594165502287881    
  0.1577290330720313    
  0.1560430847180212    
  0.1543587382670384    
  0.1526760251212900    
  0.1509949750305333    
  0.1493156161158107    
  0.1476379748689687    
  0.1459620761737770    
  0.1442879433561952    
  0.1426155982156372    
  0.1409450610232818    
  0.1392763505366614    
  0.1376094840516595    
  0.1359444774421648    
  0.1342813451577001    
  0.1326201002269229    
  0.1309607543056108    
  0.1293033177246488    
  0.1276477994900758    
  0.1259942072732958    
  0.1243425474483657    
  0.1226928251471780    
  0.1210450442682158    
  0.1193992074563843    
  0.1177553161235776    
  0.1161133705067123    
  0.1144733696920037    
  0.1128353115931462    
  0.1111991929522325    
  0.1095650093917673    
  0.1079327554565874    
  0.1063024246028257    
  0.1046740091828544    
  0.1030475004802491    
  0.1014228887623538    
  0.9980016329026115E-01
  0.9817931229982668E-01
  0.9656032301337691E-01
  0.9494318168740129E-01
  0.9332787364376038E-01
  0.9171438326298098E-01
  0.9010269397858867E-01
  0.8849278830450635E-01
  0.8688464787387368E-01
  0.8527825345414480E-01
  0.8367358494172622E-01
  0.8207062136633736E-01
  0.8046934091714508E-01
  0.7886972097250489E-01
  0.7727173811205090E-01
  0.7567536811330128E-01
  0.7408058595469874E-01
  0.7248736583909704E-01
  0.7089568122350309E-01
  0.6930550482956471E-01
  0.6771680863488783E-01
  0.6612956387451430E-01
  0.6454374106871530E-01
  0.6295931005335076E-01
  0.6137623998342123E-01
  0.5979449932054215E-01
  0.5821405583937173E-01
  0.5663487665894484E-01
  0.5505692826803354E-01
  0.5348017652462639E-01
  0.5190458664760728E-01
  0.5033012322656222E-01
  0.4875675024806259E-01
  0.4718443111765408E-01
  0.4561312866626821E-01
  0.4404280514785075E-01
  0.4247342224210304E-01
  0.4090494107165488E-01
  0.3933732222921305E-01
  0.3777052579642320E-01
  0.3620451134222424E-01
  0.3463923791504819E-01
  0.3307466405463177E-01
  0.3151074782365448E-01
  0.2994744683148420E-01
  0.2838471823458066E-01
  0.2682251873096764E-01
  0.2526080456988272E-01
  0.2369953157232946E-01
  0.2213865514789815E-01
  0.2057813030650002E-01
  0.1901791166957967E-01
  0.1745795347683415E-01
  0.1589820958750948E-01
  0.1433863348892284E-01
  0.1277917831885983E-01
  0.1121979688639740E-01
  0.9660441676691223E-02
  0.8101064850639217E-02
  0.6541618256573178E-02
  0.4982053448247814E-02
  0.3422321694607655E-02
  0.1862373986836252E-02
  0.3021610562261023E-03
 -0.1258366605125405E-02
 -0.2819258737669861E-02
 -0.4380565314463569E-02
 -0.5942336526595371E-02
 -0.7504622756533630E-02
 -0.9067474560948086E-02
 -0.1063094266463877E-01
 -0.1219507794657071E-01
 -0.1375993141610476E-01
 -0.1532555419770437E-01
 -0.1689199752539539E-01
 -0.1845931272615225E-01
 -0.2002755118853550E-01
 -0.2159676433915103E-01
 -0.2316700363572943E-01
 -0.2473832055642622E-01
 -0.2631076657370990E-01
 -0.2788439312959318E-01
 -0.2945925162359453E-01
 -0.3103539339772521E-01
 -0.3261286970756011E-01
 -0.3419173169629053E-01
 -0.3577203038560506E-01
 -0.3735381666710386E-01
 -0.3893714127636155E-01
 -0.4052205476138959E-01
 -0.4210860746436218E-01
 -0.4369684950963171E-01
 -0.4528683078153950E-01
 -0.4687860089672324E-01
 -0.4847220918465678E-01
 -0.5006770467108246E-01
 -0.5166513605059797E-01
 -0.5326455165258887E-01
 -0.5486599941432213E-01
 -0.5646952685968248E-01
 -0.5807518107241710E-01
 -0.5968300866376319E-01
 -0.6129305574045413E-01
 -0.6290536787014878E-01
 -0.6451999004178305E-01
 -0.6613696663079760E-01
 -0.6775634137484005E-01
 -0.6937815734526787E-01
 -0.7100245690208395E-01
 -0.7262928164677440E-01
 -0.7425867239285650E-01
 -0.7589066914568443E-01
 -0.7752531106964167E-01
 -0.7916263644453747E-01
 -0.8080268263114299E-01
 -0.8244548604754720E-01
 -0.8409108213912075E-01
 -0.8573950533855967E-01
 -0.8739078903093667E-01
 -0.8904496552716568E-01
 -0.9070206603009145E-01
 -0.9236212058589816E-01
 -0.9402515803485323E-01
 -0.9569120597272573E-01
 -0.9736029071317853E-01
 -0.9903243723622301E-01
 -0.1007076691252224    
 -0.1023860085082751    
 -0.1040674760122242    
 -0.1057520907201895    
 -0.1074398701190233    
 -0.1091308300383451    
 -0.1108249845992053    
 -0.1125223461823464    
 -0.1142229254005635    
 -0.1159267310553936    
 -0.1176337700864452    
 -0.1193440475373735    
 -0.1210575665359933    
 -0.1227743282590683    
 -0.1244943318730487    
 -0.1262175744765919    
 -0.1279440510587273    
 -0.1296737544488864    
 -0.1314066752404104    
 -0.1331428017089038    
 -0.1348821197505312    
 -0.1366246128281643    
 -0.1383702619049378    
 -0.1401190453792668    
 -0.1418709390469401    
 -0.1436259160823426    
 -0.1453839470138469    
 -0.1471449996950118    
 -0.1489090392880974    
 -0.1506760282497470    
 -0.1524459262927996    
 -0.1542186903244178    
 -0.1559942743809413    
 -0.1577726295608650    
 -0.1595537039436766    
 -0.1613374425045149    
 -0.1631237870498046    
 -0.1649126761759189    
 -0.1667040452349821    
 -0.1684978263103241    
 -0.1702939482172626    
 -0.1720923365215814    
 -0.1738929135501384    
 -0.1756955983854396    
 -0.1775003068483343    
 -0.1793069514541084    
 -0.1811154413241673    
 -0.1829256820744169    
 -0.1847375757270516    
 -0.1865510206656320    
 -0.1883659116234173    
 -0.1901821397010865    
 -0.1919995924139127    
 -0.1938181537446522    
 -0.1956377041757595    
 -0.1974581207068398    
 -0.1992792768617510    
 -0.2011010426434288    
 -0.2029232844068512    
 -0.2047458647194320    
 -0.2065686423203519    
 -0.2083914721886255    
 -0.2102142056284613    
 -0.2120366903283970    
 -0.2138587704430401    
 -0.2156802867043953    
 -0.2175010764634351    
 -0.2193209735945345    
 -0.2211398083442682    
 -0.2229574072534348    
 -0.2247735931783423    
 -0.2265881853641596    
 -0.2284009995621136    
 -0.2302118481996474    
 -0.2320205405361348    
 -0.2338268826981995    
 -0.2356306775836285    
 -0.2374317247344264    
 -0.2392298202769401    
 -0.2410247569604106    
 -0.2428163242943759    
 -0.2446043087638560    
 -0.2463884940394971    
 -0.2481686610673777    
 -0.2499445880027735    
 -0.2517160500769349    
 -0.2534828195273323    
 -0.2552446656654117    
 -0.2570013550771492    
 -0.2587526518843872    
 -0.2604983179447808    
 -0.2622381128865594    
 -0.2639717939936741    
 -0.2656991160865969    
 -0.2674198315524152    
 -0.2691336905566921    
 -0.2708404413342445    
 -0.2725398304050328    
 -0.2742316026145792    
 -0.2759155010264804    
 -0.2775912668224509    
 -0.2792586393775052    
 -0.2809173565312666    
 -0.2825671548942745    
 -0.2842077699951603    
 -0.2858389362265135    
 -0.2874603867334490    
 -0.2890718534372703    
 -0.2906730672619680    
 -0.2922637584439602    
 -0.2938436567219918    
 -0.2954124913162217    
 -0.2969699908228276    
 -0.2985158832474575    
 -0.3000498962545624    
 -0.3015717574704522    
 -0.3030811946209093    
 -0.3045779354773541    
 -0.3060617078031256    
 -0.3075322394831286    
 -0.3089892588038046    
 -0.3104324946796969    
 -0.3118616766928242    
 -0.3132765350377129    
 -0.3146768005789129    
 -0.3160622050857158    
 -0.3174324814822831    
 -0.3187873639331933    
 -0.3201265878069571    
 -0.3214498897252085    
 -0.3227570077815387    
 -0.3240476817739162    
 -0.3253216532833342    
 -0.3265786656610377    
 -0.3278184641145737    
 -0.3290407959245441    
 -0.3302454106296009    
 -0.3314320600795182    
 -0.3326004984630147    
 -0.3337504824433395    
 -0.3348817713563915    
 -0.3359941273361107    
 -0.3370873153602937    
 -0.3381611033337348    
 -0.3392152622516473    
 -0.3402495663539305    
 -0.3412637932073703    
 -0.3422577237761652    
 -0.3432311425508228    
 -0.3441838377000266    
 -0.3451156011768632    
 -0.3460262287950353    
 -0.3469155203373697    
 -0.3477832796947515    
 -0.3486293149812392    
 -0.3494534386179180    
 -0.3502554674313079    
 -0.3510352227790685    
 -0.3517925306645808    
 -0.3525272218245013    
 -0.3532391318211963    
 -0.3539281011570259    
 -0.3545939753836167    
 -0.3552366051885709    
 -0.3558558464822192    
 -0.3564515605014693    
 -0.3570236139111689    
 -0.3575718788861444    
 -0.3580962331908504    
 -0.3585965602725543    
 -0.3590727493528508    
 -0.3595246955019045    
 -0.3599522997088982    
 -0.3603554689634481    
 -0.3607341163354250    
 -0.3610881610386510    
 -0.3614175284898684    
 -0.3617221503767534    
 -0.3620019647241361    
 -0.3622569159446658    
 -0.3624869548839701    
 -0.3626920388734522    
 -0.3628721317809565    
 -0.3630272040461175    
 -0.3631572327095243    
 -0.3632622014484341    
 -0.3633421006100532    
 -0.3633969272295285    
 -0.3634266850411514    
 -0.3634313844952990    
 -0.3634110427727093    
 -0.3633656837834213    
 -0.3632953381584072    
 -0.3632000432463591    
 -0.3630798431076927    
 -0.3629347884931944    
 -0.3627649368149388    
 -0.3625703521219803    
 -0.3623511050733019    
 -0.3621072728954486    
 -0.3618389393321819    
 -0.3615461945987137    
 -0.3612291353333479    
 -0.3608878645340008    
 -0.3605224914867147    
 -0.3601331316987402    
 -0.3597199068292416    
 -0.3592829446051979    
 -0.3588223787296079    
 -0.3583383487945309    
 -0.3578310001918861    
 -0.3573004840097491    
 -0.3567469569217201    
 -0.3561705810819072    
 -0.3555715240176820    
 -0.3549499585077842    
 -0.3543060624546435    
 -0.3536400187641356    
 -0.3529520152232943    
 -0.3522422443621698    
 -0.3515109033106483    
 -0.3507581936660510    
 -0.3499843213602800    
 -0.3491894965087309    
 -0.3483739332527129    
 -0.3475378496166754    
 -0.3466814673699199    
 -0.3458050118686748    
 -0.3449087118865679    
 -0.3439927994607799    
 -0.3430575097505957    
 -0.3421030808806322    
 -0.3411297537671802    
 -0.3401377719539400    
 -0.3391273814636389    
 -0.3380988306444888    
 -0.3370523700038739    
 -0.3359882520447566    
 -0.3349067311097249    
 -0.3338080632215106    
 -0.3326925059222679    
 -0.3315603181251467    
 -0.3304117599696379    
 -0.3292470926589424    
 -0.3280665782883578    
 -0.3268704796979054    
 -0.3256590603501781    
 -0.3244325841955833    
 -0.3231913155086459    
 -0.3219355187257049    
 -0.3206654583109321    
 -0.3193813986378722    
 -0.3180836038645367    
 -0.3167723378024468    
 -0.3154478637851121    
 -0.3141104445311882    
 -0.3127603420081222    
 -0.3113978173183254    
 -0.3100231306107371    
 -0.3086365409878458    
 -0.3072383063859268    
 -0.3058286834441970    
 -0.3044079273895235    
 -0.3029762919416972    
 -0.3015340292319846    
 -0.3000813897316943    
 -0.2986186221808862    
 -0.2971459734983617    
 -0.2956636886720163    
 -0.2941720106565154    
 -0.2926711803002822    
 -0.2911614362945081    
 -0.2896430151268492    
 -0.2881161510336021    
 -0.2865810759449441    
 -0.2850380194126334    
 -0.2834872085247545    
 -0.2819288678332263    
 -0.2803632193107216    
 -0.2787904823264241    
 -0.2772108736248193    
 -0.2756246073047779    
 -0.2740318947945485    
 -0.2724329448093576    
 -0.2708279632919524    
 -0.2692171533589092    
 -0.2676007152695168    
 -0.2659788464106778    
 -0.2643517412890570    
 -0.2627195915341192    
 -0.2610825859084684    
 -0.2594409103058712    
 -0.2577947477278031    
 -0.2561442782539430    
 -0.2544896790206082    
 -0.2528311242026295    
 -0.2511687849972768    
 -0.2495028296247379    
 -0.2478334233502881    
 -0.2461607285100202    
 -0.2444849045259125    
 -0.2428061079179957    
 -0.2411244923191269    
 -0.2394402084796510    
 -0.2377534042562555    
 -0.2360642246028131    
 -0.2343728115766377    
 -0.2326793043500655    
 -0.2309838392191541    
 -0.2292865496223846    
 -0.2275875661769899    
 -0.2258870167160044    
 -0.2241850263121794    
 -0.2224817172999856    
 -0.2207772093053775    
 -0.2190716192694491    
 -0.2173650614553893    
 -0.2156576474546270    
 -0.2139494862066540    
 -0.2122406840205771    
 -0.2105313445868418    
 -0.2088215689939088    
 -0.2071114557634042    
 -0.2054011008888958    
 -0.2036905978625330    
 -0.2019800377021932    
 -0.2002695089929757    
 -0.1985590979278140    
 -0.1968488883303177    
 -0.1951389616737016    
 -0.1934293971130661    
 -0.1917202715175552    
 -0.1900116594849748    
 -0.1883036333537260    
 -0.1865962632321532    
 -0.1848896170321379    
 -0.1831837604867712    
 -0.1814787571660589    
 -0.1797746685125434    
 -0.1780715538832145    
 -0.1763694705736902    
 -0.1746684738372799    
 -0.1729686169237037    
 -0.1712699511244553    
 -0.1695725257970586    
 -0.1678763883797671    
 -0.1661815844259845    
 -0.1644881576475914    
 -0.1627961499352859    
 -0.1611056013655201    
 -0.1594165502287881    
 -0.1577290330720313    
 -0.1560430847180212    
 -0.1543587382670384    
 -0.1526760251212900    
 -0.1509949750305333    
 -0.1493156161158107    
 -0.1476379748689687    
 -0.1459620761737770    
 -0.1442879433561952    
 -0.1426155982156372    
 -0.1409450610232818    
 -0.1392763505366614    
 -0.1376094840516595    
 -0.1359444774421648    
 -0.1342813451577001    
 -0.1326201002269229    
 -0.1309607543056108    
 -0.1293033177246488    
 -0.1276477994900758    
 -0.1259942072732958    
 -0.1243425474483657    
 -0.1226928251471780    
 -0.1210450442682158    
 -0.1193992074563843    
 -0.1177553161235776    
 -0.1161133705067123    
 -0.1144733696920037    
 -0.1128353115931462    
 -0.1111991929522325    
 -0.1095650093917673    
 -0.1079327554565874    
 -0.1063024246028257    
 -0.1046740091828544    
 -0.1030475004802491    
 -0.1014228887623538    
 -0.9980016329026115E-01
 -0.9817931229982668E-01
 -0.9656032301337691E-01
 -0.9494318168740129E-01
 -0.9332787364376038E-01
 -0.9171438326298098E-01
 -0.9010269397858867E-01
 -0.8849278830450635E-01
 -0.8688464787387368E-01
 -0.8527825345414480E-01
 -0.8367358494172622E-01
 -0.8207062136633736E-01
 -0.8046934091714508E-01
 -0.7886972097250489E-01
 -0.7727173811205090E-01
 -0.7567536811330128E-01
 -0.7408058595469874E-01
 -0.7248736583909704E-01
 -0.7089568122350309E-01
 -0.6930550482956471E-01
 -0.6771680863488783E-01
 -0.6612956387451430E-01
 -0.6454374106871530E-01
 -0.6295931005335076E-01
 -0.6137623998342123E-01
 -0.5979449932054215E-01
 -0.5821405583937173E-01
 -0.5663487665894484E-01
 -0.5505692826803354E-01
 -0.5348017652462639E-01
 -0.5190458664760728E-01
 -0.5033012322656222E-01
 -0.4875675024806259E-01
 -0.4718443111765408E-01
 -0.4561312866626821E-01
 -0.4404280514785075E-01
 -0.4247342224210304E-01
 -0.4090494107165488E-01
 -0.3933732222921305E-01
 -0.3777052579642320E-01
 -0.3620451134222424E-01
 -0.3463923791504819E-01
 -0.3307466405463177E-01
 -0.3151074782365448E-01
 -0.2994744683148420E-01
 -0.2838471823458066E-01
 -0.2682251873096764E-01
 -0.2526080456988272E-01
 -0.2369953157232946E-01
 -0.2213865514789815E-01
 -0.2057813030650002E-01
 -0.1901791166957967E-01
 -0.1745795347683415E-01
 -0.1589820958750948E-01
 -0.1433863348892284E-01
 -0.1277917831885983E-01
 -0.1121979688639740E-01
 -0.9660441676691223E-02
 -0.8101064850639217E-02
 -0.6541618256573178E-02
 -0.4982053448247814E-02
 -0.3422321694607655E-02
 -0.1862373986836252E-02
 -0.3021610562261023E-03
  0.1258366605125405E-02
  0.2819258737669861E-02
  0.4380565314463569E-02
  0.5942336526595371E-02
  0.7504622756533630E-02
  0.9067474560948086E-02
  0.1063094266463877E-01
  0.1219507794657071E-01
  0.1375993141610476E-01
  0.1532555419770437E-01
  0.1689199752539539E-01
  0.1845931272615225E-01
  0.2002755118853550E-01
  0.2159676433915103E-01
  0.2316700363572943E-01
  0.2473832055642622E-01
  0.2631076657370990E-01
  0.2788439312959318E-01
  0.2945925162359453E-01
  0.3103539339772521E-01
  0.3261286970756011E-01
  0.3419173169629053E-01
  0.3577203038560506E-01
  0.3735381666710386E-01
  0.3893714127636155E-01
  0.4052205476138959E-01
  0.4210860746436218E-01
  0.4369684950963171E-01
  0.4528683078153950E-01
  0.4687860089672324E-01
  0.4847220918465678E-01
  0.5006770467108246E-01
  0.5166513605059797E-01
  0.5326455165258887E-01
  0.5486599941432213E-01
  0.5646952685968248E-01
  0.5807518107241710E-01
  0.5968300866376319E-01
  0.6129305574045413E-01
  0.6290536787014878E-01
  0.6451999004178305E-01
  0.6613696663079760E-01
  0.6775634137484005E-01
  0.6937815734526787E-01
  0.7100245690208395E-01
  0.7262928164677440E-01
  0.7425867239285650E-01
  0.7589066914568443E-01
  0.7752531106964167E-01
  0.7916263644453747E-01
  0.8080268263114299E-01
  0.8244548604754720E-01
  0.8409108213912075E-01
  0.8573950533855967E-01
  0.8739078903093667E-01
  0.8904496552716568E-01
  0.9070206603009145E-01
  0.9236212058589816E-01
  0.9402515803485323E-01
  0.9569120597272573E-01
  0.9736029071317853E-01
  0.9903243723622301E-01
  0.1007076691252224    
  0.1023860085082751    
  0.1040674760122242    
  0.1057520907201895    
  0.1074398701190233    
  0.1091308300383451    
  0.1108249845992053    
  0.1125223461823464    
  0.1142229254005635    
  0.1159267310553936    
  0.1176337700864452    
  0.1193440475373735    
  0.1210575665359933    
  0.1227743282590683    
  0.1244943318730487    
  0.1262175744765919    
  0.1279440510587273    
  0.1296737544488864    
  0.1314066752404104    
  0.1331428017089038    
  0.1348821197505312    
  0.1366246128281643    
  0.1383702619049378    
  0.1401190453792668    
  0.1418709390469401    
  0.1436259160823426    
  0.1453839470138469    
  0.1471449996950118    
  0.1489090392880974    
  0.1506760282497470    
  0.1524459262927996    
  0.1542186903244178    
  0.1559942743809413    
  0.1577726295608650    
  0.1595537039436766    
  0.1613374425045149    
  0.1631237870498046    
  0.1649126761759189    
  0.1667040452349821    
  0.1684978263103241    
  0.1702939482172626    
  0.1720923365215814    
  0.1738929135501384    
  0.1756955983854396    
  0.1775003068483343    
  0.1793069514541084    
  0.1811154413241673    
  0.1829256820744169    
  0.1847375757270516    
  0.1865510206656320    
  0.1883659116234173    
  0.1901821397010865    
  0.1919995924139127    
  0.1938181537446522    
  0.1956377041757595    
  0.1974581207068398    
  0.1992792768617510    
  0.2011010426434288    
  0.2029232844068512    
  0.2047458647194320    
  0.2065686423203519    
  0.2083914721886255    
  0.2102142056284613    
  0.2120366903283970    
  0.2138587704430401    
  0.2156802867043953    
  0.2175010764634351    
  0.2193209735945345    
  0.2211398083442682    
  0.2229574072534348    
  0.2247735931783423    
  0.2265881853641596    
  0.2284009995621136    
  0.2302118481996474    
  0.2320205405361348    
  0.2338268826981995    
  0.2356306775836285    
  0.2374317247344264    
  0.2392298202769401    
  0.2410247569604106    
  0.2428163242943759    
  0.2446043087638560    
  0.2463884940394971    
  0.2481686610673777    
  0.2499445880027735    
  0.2517160500769349    
  0.2534828195273323    
  0.2552446656654117    
  0.2570013550771492    
  0.2587526518843872    
  0.2604983179447808    
  0.2622381128865594    
  0.2639717939936741    
  0.2656991160865969    
  0.2674198315524152    
  0.2691336905566921    
  0.2708404413342445    
  0.2725398304050328    
  0.2742316026145792    
  0.2759155010264804    
  0.2775912668224509    
  0.2792586393775052    
  0.2809173565312666    
  0.2825671548942745    
  0.2842077699951603    
  0.2858389362265135    
  0.2874603867334490    
  0.2890718534372703    
  0.2906730672619680    
  0.2922637584439602    
  0.2938436567219918    
  0.2954124913162217    
  0.2969699908228276    
  0.2985158832474575    
  0.3000498962545624    
  0.3015717574704522    
  0.3030811946209093    
  0.3045779354773541    
  0.3060617078031256    
  0.3075322394831286    
  0.3089892588038046    
  0.3104324946796969    
  0.3118616766928242    
  0.3132765350377129    
  0.3146768005789129    
  0.3160622050857158    
  0.3174324814822831    
  0.3187873639331933    
  0.3201265878069571    
  0.3214498897252085    
  0.3227570077815387    
  0.3240476817739162    
  0.3253216532833342    
  0.3265786656610377    
  0.3278184641145737    
  0.3290407959245441    
  0.3302454106296009    
  0.3314320600795182    
  0.3326004984630147    
  0.3337504824433395    
  0.3348817713563915    
  0.3359941273361107    
  0.3370873153602937    
  0.3381611033337348    
  0.3392152622516473    
  0.3402495663539305    
  0.3412637932073703    
  0.3422577237761652    
  0.3432311425508228    
  0.3441838377000266    
  0.3451156011768632    
  0.3460262287950353    
  0.3469155203373697    
  0.3477832796947515    
  0.3486293149812392    
  0.3494534386179180    
  0.3502554674313079    
  0.3510352227790685    
  0.3517925306645808    
  0.3525272218245013    
  0.3532391318211963    
  0.3539281011570259    
  0.3545939753836167    
  0.3552366051885709    
  0.3558558464822192    
  0.3564515605014693    
  0.3570236139111689    
  0.3575718788861444    
  0.3580962331908504    
  0.3585965602725543    
  0.3590727493528508    
  0.3595246955019045    
  0.3599522997088982    
  0.3603554689634481    
  0.3607341163354250    
