  0.2833276813380037    
  0.2880593637252795    
  0.2929371699755746    
  0.2979667838053912    
  0.3031543904695305    
  0.3085066904536535    
  0.3140308931595635    
  0.3197347846602762    
  0.3256268085080575    
  0.3317160966818268    
  0.3380125123625184    
  0.3445267346204171    
  0.3512703237660295    
  0.3582557728856247    
  0.3654966043466971    
  0.3730074639227228    
  0.3808041523309886    
  0.3889036791141506    
  0.3973243852514044    
  0.4060859853247407    
  0.4152094657456901    
  0.4247170087990454    
  0.4346319451348486    
  0.4449784244273141    
  0.4557806998194634    
  0.4670622395311722    
  0.4788445003795329    
  0.4911446966212895    
  0.5039722208295232    
  0.5173237098328120    
  0.5311759596170836    
  0.5454750681191782    
  0.5601206990066525    
  0.5749448938869576    
  0.5896841825884321    
  0.6039444475837079    
  0.6171629103272993    
  0.6285792503212183    
  0.6372364342595558    
  0.6420411338798264    
  0.6419138132081281    
  0.6360274991962040    
  0.6240683204659364    
  0.6063964017460367    
  0.5840078682399196    
  0.5583030343746321    
  0.5307729411356282    
  0.5027394605364202    
  0.4752195738255602    
  0.4489035174167844    
  0.4241992975412154    
  0.4013015078330527    
  0.3802592775315837    
  0.3610307889575262    
  0.3435215796868313    
  0.3276103433082532    
  0.3131662295440737    
  0.3000591946448405    
  0.2881650596191462    
  0.2773681431718456    
  0.2675630088075567    
  0.2586548425104890    
  0.2505585284212655    
  0.2431977956870035    
  0.2365049066791222    
  0.2304199558039528    
  0.2248895836384087    
  0.2198661010931011    
  0.2153072433563849    
  0.2111756455613527    
  0.2074378663394133    
  0.2040638181163209    
  0.2010267419942351    
  0.1983029009584799    
  0.1958708656677398    
  0.1937111684532052    
  0.1918064200659578    
  0.1901411388417044    
  0.1887012059407377    
  0.1874736564723012    
  0.1864468706116949    
  0.1856104783673662    
  0.1849549216406935    
  0.1844713279432425    
  0.1841517367747096    
  0.1839890461022081    
  0.1839766442736693    
  0.1841083331233971    
  0.1843785666956780    
  0.1847824212367987    
  0.1853152771732455    
  0.1859727727796123    
  0.1867510408427027    
  0.1876466899893177    
  0.1886565249898493    
  0.1897775217686145    
  0.1910070553063379    
  0.1923428845094340    
  0.1937829016295703    
  0.1953251222831702    
  0.1969679024163038    
  0.1987099243860559    
  0.2005499701927020    
  0.2024869210476926    
  0.2045199610789368    
  0.2066485643218803    
  0.2088722905532434    
  0.2111907919223035    
  0.2136040013660343    
  0.2161121197510032    
  0.2187154340495276    
  0.2214143305298927    
  0.2242094673818393    
  0.2271017619635617    
  0.2300922314054695    
  0.2331820120910144    
  0.2363725164049768    
  0.2396654209752976    
  0.2430625308709737    
  0.2465658055224253    
  0.2501774994293145    
  0.2539001527228915    
  0.2577364811626307    
  0.2616894093506442    
  0.2657621954579183    
  0.2699584260350125    
  0.2742819350837523    
  0.2787368461141201    
  0.2833276813380037    
  0.2880593637252795    
  0.2929371699755746    
  0.2979667838053912    
  0.3031543904695305    
  0.3085066904536535    
  0.3140308931595635    
  0.3197347846602762    
  0.3256268085080575    
  0.3317160966818268    
  0.3380125123625184    
  0.3445267346204171    
  0.3512703237660295    
  0.3582557728856247    
  0.3654966043466971    
  0.3730074639227228    
  0.3808041523309886    
  0.3889036791141506    
  0.3973243852514044    
  0.4060859853247407    
  0.4152094657456901    
  0.4247170087990454    
  0.4346319451348486    
  0.4449784244273141    
  0.4557806998194634    
  0.4670622395311722    
  0.4788445003795329    
  0.4911446966212895    
  0.5039722208295232    
  0.5173237098328120    
  0.5311759596170836    
  0.5454750681191782    
  0.5601206990066525    
  0.5749448938869576    
  0.5896841825884321    
  0.6039444475837079    
  0.6171629103272993    
  0.6285792503212183    
  0.6372364342595558    
  0.6420411338798264    
  0.6419138132081281    
  0.6360274991962040    
  0.6240683204659364    
  0.6063964017460367    
  0.5840078682399196    
  0.5583030343746321    
  0.5307729411356282    
  0.5027394605364202    
  0.4752195738255602    
  0.4489035174167844    
  0.4241992975412154    
  0.4013015078330527    
  0.3802592775315837    
  0.3610307889575262    
  0.3435215796868313    
  0.3276103433082532    
  0.3131662295440737    
  0.3000591946448405    
  0.2881650596191462    
  0.2773681431718456    
  0.2675630088075567    
  0.2586548425104890    
  0.2505585284212655    
  0.2431977956870035    
  0.2365049066791222    
  0.2304199558039528    
  0.2248895836384087    
  0.2198661010931011    
  0.2153072433563849    
  0.2111756455613527    
  0.2074378663394133    
  0.2040638181163209    
  0.2010267419942351    
  0.1983029009584799    
  0.1958708656677398    
  0.1937111684532052    
  0.1918064200659578    
  0.1901411388417044    
  0.1887012059407377    
  0.1874736564723012    
  0.1864468706116949    
  0.1856104783673662    
  0.1849549216406935    
  0.1844713279432425    
  0.1841517367747096    
  0.1839890461022081    
  0.1839766442736693    
  0.1841083331233971    
  0.1843785666956780    
  0.1847824212367987    
  0.1853152771732455    
  0.1859727727796123    
  0.1867510408427027    
  0.1876466899893177    
  0.1886565249898493    
  0.1897775217686145    
  0.1910070553063379    
  0.1923428845094340    
  0.1937829016295703    
  0.1953251222831702    
  0.1969679024163038    
  0.1987099243860559    
  0.2005499701927020    
  0.2024869210476926    
  0.2045199610789368    
  0.2066485643218803    
  0.2088722905532434    
  0.2111907919223035    
  0.2136040013660343    
  0.2161121197510032    
  0.2187154340495276    
  0.2214143305298927    
  0.2242094673818393    
  0.2271017619635617    
  0.2300922314054695    
  0.2331820120910144    
  0.2363725164049768    
  0.2396654209752976    
  0.2430625308709737    
  0.2465658055224253    
  0.2501774994293145    
  0.2539001527228915    
  0.2577364811626307    
  0.2616894093506442    
  0.2657621954579183    
  0.2699584260350125    
  0.2742819350837523    
  0.2787368461141201    
