  0.2736837694425300    
  0.2783250193668168    
  0.2831087871435400    
  0.2880404635009615    
  0.2931259557414038    
  0.2983716236229744    
  0.3037842661576028    
  0.3093712666941419    
  0.3151406720594196    
  0.3211011396071603    
  0.3272619839345495    
  0.3336333458647050    
  0.3402262455054521    
  0.3470525448074618    
  0.3541250634707533    
  0.3614577682608029    
  0.3690657833483953    
  0.3769653556955457    
  0.3851740247278062    
  0.3937107835201692    
  0.4025959594389345    
  0.4118510725355480    
  0.4214989001250790    
  0.4315633352348833    
  0.4420687109100992    
  0.4530389510292354    
  0.4644966412901550    
  0.4764612035096985    
  0.4889455958389005    
  0.5019517650161307    
  0.5154643394592815    
  0.5294406727831054    
  0.5437957868601073    
  0.5583817879365011    
  0.5729603898400979    
  0.5871668431446392    
  0.6004682314595429    
  0.6121274133174903    
  0.6211929861745913    
  0.6265468543995274    
  0.6270465742983664    
  0.6217726525324528    
  0.6103181769145347    
  0.5929864839562394    
  0.5707739602048175    
  0.5451294424177825    
  0.5176114140772330    
  0.4895997578028481    
  0.4621467429556912    
  0.4359559142485973    
  0.4114333288856392    
  0.3887634199649623    
  0.3679824312278912    
  0.3490362653861999    
  0.3318200436538780    
  0.3162041044107575    
  0.3020513325938732    
  0.2892273423792823    
  0.2776050269475651    
  0.2670667345568322    
  0.2575058762572983    
  0.2488271803345237    
  0.2409454631372926    
  0.2337845695757841    
  0.2272770977342666    
  0.2213636939124430    
  0.2159915935063328    
  0.2111136591266314    
  0.2066882298691659    
  0.2026786214069367    
  0.1990520238240008    
  0.1957788926663078    
  0.1928330294316689    
  0.1901912966172362    
  0.1878327965652658    
  0.1857385074979438    
  0.1838915024081676    
  0.1822767910805725    
  0.1808806785021305    
  0.1796905497797041    
  0.1786951560277871    
  0.1778845231839278    
  0.1772494258974270    
  0.1767812636373084    
  0.1764723728115267    
  0.1763159682527855    
  0.1763056953531453    
  0.1764355645504799    
  0.1767002678277669    
  0.1770951341093009    
  0.1776157376039946    
  0.1782578714959717    
  0.1790178571607206    
  0.1798925031497489    
  0.1808787561057386    
  0.1819737017651470    
  0.1831748607350674    
  0.1844801459941895    
  0.1858875481773319    
  0.1873951559286002    
  0.1890014343343941    
  0.1907051787499204    
  0.1925052305316536    
  0.1944005121879502    
  0.1963902857274011    
  0.1984741013547896    
  0.2006515418630889    
  0.2029222706799910    
  0.2052862689890723    
  0.2077437785773957    
  0.2102950739122284    
  0.2129405221290270    
  0.2156807986800334    
  0.2185168247097505    
  0.2214495669324865    
  0.2244801090012618    
  0.2276098453954140    
  0.2308404143233249    
  0.2341735267627062    
  0.2376110492672437    
  0.2411551756485506    
  0.2448083567596896    
  0.2485731612012463    
  0.2524523703162281    
  0.2564491272097721    
  0.2605668653253173    
  0.2648092046701896    
  0.2691800605311779    
  0.2736837694425300    
  0.2783250193668168    
  0.2831087871435400    
  0.2880404635009615    
  0.2931259557414038    
  0.2983716236229744    
  0.3037842661576028    
  0.3093712666941419    
  0.3151406720594196    
  0.3211011396071603    
  0.3272619839345495    
  0.3336333458647050    
  0.3402262455054521    
  0.3470525448074618    
  0.3541250634707533    
  0.3614577682608029    
  0.3690657833483953    
  0.3769653556955457    
  0.3851740247278062    
  0.3937107835201692    
  0.4025959594389345    
  0.4118510725355480    
  0.4214989001250790    
  0.4315633352348833    
  0.4420687109100992    
  0.4530389510292354    
  0.4644966412901550    
  0.4764612035096985    
  0.4889455958389005    
  0.5019517650161307    
  0.5154643394592815    
  0.5294406727831054    
  0.5437957868601073    
  0.5583817879365011    
  0.5729603898400979    
  0.5871668431446392    
  0.6004682314595429    
  0.6121274133174903    
  0.6211929861745913    
  0.6265468543995274    
  0.6270465742983664    
  0.6217726525324528    
  0.6103181769145347    
  0.5929864839562394    
  0.5707739602048175    
  0.5451294424177825    
  0.5176114140772330    
  0.4895997578028481    
  0.4621467429556912    
  0.4359559142485973    
  0.4114333288856392    
  0.3887634199649623    
  0.3679824312278912    
  0.3490362653861999    
  0.3318200436538780    
  0.3162041044107575    
  0.3020513325938732    
  0.2892273423792823    
  0.2776050269475651    
  0.2670667345568322    
  0.2575058762572983    
  0.2488271803345237    
  0.2409454631372926    
  0.2337845695757841    
  0.2272770977342666    
  0.2213636939124430    
  0.2159915935063328    
  0.2111136591266314    
  0.2066882298691659    
  0.2026786214069367    
  0.1990520238240008    
  0.1957788926663078    
  0.1928330294316689    
  0.1901912966172362    
  0.1878327965652658    
  0.1857385074979438    
  0.1838915024081676    
  0.1822767910805725    
  0.1808806785021305    
  0.1796905497797041    
  0.1786951560277871    
  0.1778845231839278    
  0.1772494258974270    
  0.1767812636373084    
  0.1764723728115267    
  0.1763159682527855    
  0.1763056953531453    
  0.1764355645504799    
  0.1767002678277669    
  0.1770951341093009    
  0.1776157376039946    
  0.1782578714959717    
  0.1790178571607206    
  0.1798925031497489    
  0.1808787561057386    
  0.1819737017651470    
  0.1831748607350674    
  0.1844801459941895    
  0.1858875481773319    
  0.1873951559286002    
  0.1890014343343941    
  0.1907051787499204    
  0.1925052305316536    
  0.1944005121879502    
  0.1963902857274011    
  0.1984741013547896    
  0.2006515418630889    
  0.2029222706799910    
  0.2052862689890723    
  0.2077437785773957    
  0.2102950739122284    
  0.2129405221290270    
  0.2156807986800334    
  0.2185168247097505    
  0.2214495669324865    
  0.2244801090012618    
  0.2276098453954140    
  0.2308404143233249    
  0.2341735267627062    
  0.2376110492672437    
  0.2411551756485506    
  0.2448083567596896    
  0.2485731612012463    
  0.2524523703162281    
  0.2564491272097721    
  0.2605668653253173    
  0.2648092046701896    
  0.2691800605311779    
