  0.3341819673884336    
  0.3354570056706033    
  0.3367420905423804    
  0.3380373258012833    
  0.3393428173002800    
  0.3406586729834403    
  0.3419850029222934    
  0.3433219193528600    
  0.3446695367135217    
  0.3460279716837507    
  0.3473973432235792    
  0.3487777726138167    
  0.3501693834971610    
  0.3515723019201537    
  0.3529866563758436    
  0.3544125778472626    
  0.3558501998519486    
  0.3572996584874015    
  0.3587610924771555    
  0.3602346432174510    
  0.3617204548248210    
  0.3632186741846337    
  0.3647294510003411    
  0.3662529378433880    
  0.3677892902040318    
  0.3693386665430721    
  0.3709012283442116    
  0.3724771401670047    
  0.3740665697006400    
  0.3756696878185131    
  0.3772866686332139    
  0.3789176895518487    
  0.3805629313320535    
  0.3822225781387511    
  0.3838968176011999    
  0.3855858408700278    
  0.3872898426745108    
  0.3890090213802633    
  0.3907435790470234    
  0.3924937214862089    
  0.3942596583183313    
  0.3960416030303132    
  0.3978397730323394    
  0.3996543897138385    
  0.4014856784986055    
  0.4033338688990935    
  0.4051991945695412    
  0.4070818933574751    
  0.4089822073533895    
  0.4109003829384221    
  0.4128366708296590    
  0.4147913261226805    
  0.4167646083311358    
  0.4187567814229323    
  0.4207681138523369    
  0.4227988785873574    
  0.4248493531320378    
  0.4269198195431509    
  0.4290105644404324    
  0.4311218790095539    
  0.4332540589972833    
  0.4354074046980623    
  0.4375822209308258    
  0.4397788170048949    
  0.4419975066740333    
  0.4442386080774929    
  0.4465024436664108    
  0.4487893401138686    
  0.4510996282072592    
  0.4534336427213837    
  0.4557917222701950    
  0.4581742091349560    
  0.4605814490667468    
  0.4630137910609610    
  0.4654715871008345    
  0.4679551918668118    
  0.4704649624086248    
  0.4730012577766078    
  0.4755644386082127    
  0.4781548666655320    
  0.4807729043196418    
  0.4834189139769223    
  0.4860932574415922    
  0.4887962952083199    
  0.4915283856788223    
  0.4942898842956934    
  0.4970811425855601    
  0.4999025071030118    
  0.5027543182666133    
  0.5056369090775921    
  0.5085506037104930    
  0.5114957159641452    
  0.5144725475608152    
  0.5174813862803923    
  0.5205225039147960    
  0.5235961540265062    
  0.5267025694944187    
  0.5298419598291079    
  0.5330145082377711    
  0.5362203684174522    
  0.5394596610539436    
  0.5427324700021530    
  0.5460388381216015    
  0.5493787627388925    
  0.5527521907077403    
  0.5561590130355163    
  0.5595990590429805    
  0.5630720900217192    
  0.5665777923523919    
  0.5701157700454960    
  0.5736855366647542    
  0.5772865065919361    
  0.5809179855913484    
  0.5845791606318265    
  0.5882690889238198    
  0.5919866861297211    
  0.5957307137074097    
  0.5994997653496700    
  0.6032922524859984    
  0.6071063888189213    
  0.6109401738744349    
  0.6147913755551929    
  0.6186575116963721    
  0.6225358306390789    
  0.6264232908549421    
  0.6303165396773809    
  0.6342118912204476    
  0.6381053035967483    
  0.6419923555824514    
  0.6458682229191468    
  0.6497276544896058    
  0.6535649486585360    
  0.6573739301304453    
  0.6611479277433812    
  0.6648797536892703    
  0.6685616847293869    
  0.6721854460560039    
  0.6757421985351424    
  0.6792225301477801    
  0.6826164525264005    
  0.6859134035571948    
  0.6891022570792150    
  0.6921713407536061    
  0.6951084631931459    
  0.6979009514280804    
  0.7005356997300065    
  0.7029992307135016    
  0.7052777694797967    
  0.7073573313526114    
  0.7092238234768375    
  0.7108631602029315    
  0.7122613917671086    
  0.7134048453080263    
  0.7142802767455128    
  0.7148750315017411    
  0.7151772114930222    
  0.7151758452889165    
  0.7148610578546972    
  0.7142242358962541    
  0.7132581845492936    
  0.7119572710298450    
  0.7103175509137469    
  0.7083368729522854    
  0.7060149587655468    
  0.7033534543796643    
  0.7003559513679273    
  0.6970279762819646    
  0.6933769480720882    
  0.6894121042440461    
  0.6851443975266930    
  0.6805863657739686    
  0.6757519786441737    
  0.6706564652500010    
  0.6653161274257922    
  0.6597481434981901    
  0.6539703674724564    
  0.6480011283738428    
  0.6418590341366437    
  0.6355627839449527    
  0.6291309923370587    
  0.6225820277308975    
  0.6159338673493771    
  0.6092039698544583    
  0.6024091663665208    
  0.5955655699752371    
  0.5886885033562586    
  0.5817924437011026    
  0.5748909838471535    
  0.5679968082596394    
  0.5611216823635512    
  0.5542764536412670    
  0.5474710628897477    
  0.5407145640591293    
  0.5340151511625145    
  0.5273801908440019    
  0.5208162593086341    
  0.5143291824466225    
  0.5079240781192452    
  0.5016053997088846    
  0.4953769801656321    
  0.4892420759052628    
  0.4832034100275540    
  0.4772632144282452    
  0.4714232704706740    
  0.4656849479640618    
  0.4600492422660152    
  0.4545168093875449    
  0.4490879990297971    
  0.4437628855234109    
  0.4385412966757440    
  0.4334228405590836    
  0.4284069302947032    
  0.4234928069037948    
  0.4186795603082899    
  0.4139661485730809    
  0.4093514154864040    
  0.4048341065776325    
  0.4004128836725055    
  0.3960863380852099    
  0.3918530025446726    
  0.3877113619490946    
  0.3836598630390470    
  0.3796969230754688    
  0.3758209376044104    
  0.3720302873852999    
  0.3683233445546389    
  0.3646984780924542    
  0.3611540586542897    
  0.3576884628267152    
  0.3543000768598655    
  0.3509872999264994    
  0.3477485469532258    
  0.3445822510656547    
  0.3414868656856630    
  0.3384608663158269    
  0.3355027520430819    
  0.3326110467906503    
  0.3297843003446154    
  0.3270210891792797    
  0.3243200171033151    
  0.3216797157464514    
  0.3190988449044818    
  0.3165760927588156    
  0.3141101759854245    
  0.3116998397664220    
  0.3093438577160671    
  0.3070410317318964    
  0.3047901917807951    
  0.3025901956287492    
  0.3004399285220010    
  0.2983383028265444    
  0.2962842576323101    
  0.2942767583276488    
  0.2923147961490538    
  0.2903973877105522    
  0.2885235745168119    
  0.2866924224634805    
  0.2849030213277997    
  0.2831544842522431    
  0.2814459472237668    
  0.2797765685508445    
  0.2781455283400859    
  0.2765520279740251    
  0.2749952895916322    
  0.2734745555728791    
  0.2719890880284032    
  0.2705381682951337    
  0.2691210964387233    
  0.2677371907634996    
  0.2663857873304781    
  0.2650662394838882    
  0.2637779173866588    
  0.2625202075651908    
  0.2612925124635853    
  0.2600942500074720    
  0.2589248531776463    
  0.2577837695936522    
  0.2566704611073025    
  0.2555844034060802    
  0.2545250856264433    
  0.2534920099770221    
  0.2524846913715923    
  0.2515026570716727    
  0.2505454463386934    
  0.2496126100956289    
  0.2487037105979206    
  0.2478183211134793    
  0.2469560256116595    
  0.2461164184610778    
  0.2452991041360552    
  0.2445036969314425    
  0.2437298206857016    
  0.2429771085120869    
  0.2422452025377025    
  0.2415337536501935    
  0.2408424212519418    
  0.2401708730216220    
  0.2395187846828795    
  0.2388858397798771    
  0.2382717294595753    
  0.2376761522606184    
  0.2370988139086214    
  0.2365394271176225    
  0.2359977113975667    
  0.2354733928677007    
  0.2349662040756646    
  0.2344758838220577    
  0.2340021769903728    
  0.2335448343822035    
  0.2331036125575303    
  0.2326782736798608    
  0.2322685853661148    
  0.2318743205411761    
  0.2314952572969540    
  0.2311311787557472    
  0.2307818729378203    
  0.2304471326331199    
  0.2301267552769696    
  0.2298205428295546    
  0.2295283016591140    
  0.2292498424287992    
  0.2289849799870553    
  0.2287335332613450    
  0.2284953251551439    
  0.2282701824481705    
  0.2280579356997247    
  0.2278584191549676    
  0.2276714706540813    
  0.2274969315442887    
  0.2273346465946183    
  0.2271844639132539    
  0.2270462348674152    
  0.2269198140057569    
  0.2268050589831876    
  0.2267018304879587    
  0.2266099921709848    
  0.2265294105773963    
  0.2264599550802206    
  0.2264014978160512    
  0.2263539136226649    
  0.2263170799786049    
  0.2262908769446421    
  0.2262751871069859    
  0.2262698955222153    
  0.2262748896639518    
  0.2262900593711919    
  0.2263152967981579    
  0.2263504963656546    
  0.2263955547139609    
  0.2264503706571931    
  0.2265148451390068    
  0.2265888811896197    
  0.2266723838841923    
  0.2267652603024976    
  0.2268674194897518    
  0.2269787724185997    
  0.2270992319523116    
  0.2272287128091376    
  0.2273671315276828    
  0.2275144064332845    
  0.2276704576054456    
  0.2278352068462771    
  0.2280085776498452    
  0.2281904951724139    
  0.2283808862036457    
  0.2285796791387082    
  0.2287868039511612    
  0.2290021921666140    
  0.2292257768372185    
  0.2294574925169613    
  0.2296972752376502    
  0.2299450624855944    
  0.2302007931790485    
  0.2304644076463717    
  0.2307358476047787    
  0.2310150561396815    
  0.2313019776847145    
  0.2315965580024183    
  0.2318987441654594    
  0.2322084845383821    
  0.2325257287599624    
  0.2328504277261439    
  0.2331825335734347    
  0.2335219996627687    
  0.2338687805639278    
  0.2342228320405016    
  0.2345841110352702    
  0.2349525756559949    
  0.2353281851617097    
  0.2357108999494980    
  0.2361006815416412    
  0.2364974925731340    
  0.2369012967796532    
  0.2373120589859701    
  0.2377297450947038    
  0.2381543220754163    
  0.2385857579541441    
  0.2390240218033463    
  0.2394690837321465    
  0.2399209148768617    
  0.2403794873919222    
  0.2408447744411847    
  0.2413167501895362    
  0.2417953897947698    
  0.2422806693998281    
  0.2427725661254005    
  0.2432710580627754    
  0.2437761242669461    
  0.2442877447500705    
  0.2448059004752754    
  0.2453305733506957    
  0.2458617462237455    
  0.2463994028757271    
  0.2469435280167809    
  0.2474941072810697    
  0.2480511272221893    
  0.2486145753089000    
  0.2491844399211691    
  0.2497607103464128    
  0.2503433767759403    
  0.2509324303017154    
  0.2515278629134464    
  0.2521296674958931    
  0.2527378378263716    
  0.2533523685725516    
  0.2539732552905418    
  0.2546004944231788    
  0.2552340832985256    
  0.2558740201286949    
  0.2565203040089803    
  0.2571729349171819    
  0.2578319137131136    
  0.2584972421384159    
  0.2591689228166685    
  0.2598469592537087    
  0.2605313558381465    
  0.2612221178421897    
  0.2619192514227701    
  0.2626227636228566    
  0.2633326623729604    
  0.2640489564929533    
  0.2647716556942076    
  0.2655007705819368    
  0.2662363126577314    
  0.2669782943224042    
  0.2677267288791568    
  0.2684816305369669    
  0.2692430144141904    
  0.2700108965424876    
  0.2707852938710557    
  0.2715662242710590    
  0.2723537065402764    
  0.2731477604081095    
  0.2739484065409562    
  0.2747556665478048    
  0.2755695629860216    
  0.2763901193674572    
  0.2772173601648980    
  0.2780513108187752    
  0.2788919977441265    
  0.2797394483379220    
  0.2805936909867381    
  0.2814547550746673    
  0.2823226709914800    
  0.2831974701411856    
  0.2840791849509856    
  0.2849678488804983    
  0.2858634964312412    
  0.2867661631565218    
  0.2876758856717376    
  0.2885927016649553    
  0.2895166499077602    
  0.2904477702665082    
  0.2913861037139928    
  0.2923316923414169    
  0.2932845793706755    
  0.2942448091670857    
  0.2952124272525706    
  0.2961874803191726    
  0.2971700162429137    
  0.2981600840981566    
  0.2991577341724522    
  0.3001630179817281    
  0.3011759882858009    
  0.3021966991043870    
  0.3032252057336438    
  0.3042615647631092    
  0.3053058340930245    
  0.3063580729521768    
  0.3074183419162605    
  0.3084867029266421    
  0.3095632193095436    
  0.3106479557958307    
  0.3117409785414062    
  0.3128423551480458    
  0.3139521546846446    
  0.3150704477090573    
  0.3161973062905831    
  0.3173328040329857    
  0.3184770160980182    
  0.3196300192295852    
  0.3207918917785503    
  0.3219627137280690    
  0.3231425667194517    
  0.3243315340787053    
  0.3255297008437583    
  0.3267371537922398    
  0.3279539814698451    
  0.3291802742194609    
  0.3304161242110533    
  0.3316616254721611    
  0.3329168739190096    
  0.3341819673884336    
  0.3354570056706033    
  0.3367420905423804    
  0.3380373258012833    
  0.3393428173002800    
  0.3406586729834403    
  0.3419850029222934    
  0.3433219193528600    
  0.3446695367135217    
  0.3460279716837507    
  0.3473973432235792    
  0.3487777726138167    
  0.3501693834971610    
  0.3515723019201537    
  0.3529866563758436    
  0.3544125778472626    
  0.3558501998519486    
  0.3572996584874015    
  0.3587610924771555    
  0.3602346432174510    
  0.3617204548248210    
  0.3632186741846337    
  0.3647294510003411    
  0.3662529378433880    
  0.3677892902040318    
  0.3693386665430721    
  0.3709012283442116    
  0.3724771401670047    
  0.3740665697006400    
  0.3756696878185131    
  0.3772866686332139    
  0.3789176895518487    
  0.3805629313320535    
  0.3822225781387511    
  0.3838968176011999    
  0.3855858408700278    
  0.3872898426745108    
  0.3890090213802633    
  0.3907435790470234    
  0.3924937214862089    
  0.3942596583183313    
  0.3960416030303132    
  0.3978397730323394    
  0.3996543897138385    
  0.4014856784986055    
  0.4033338688990935    
  0.4051991945695412    
  0.4070818933574751    
  0.4089822073533895    
  0.4109003829384221    
  0.4128366708296590    
  0.4147913261226805    
  0.4167646083311358    
  0.4187567814229323    
  0.4207681138523369    
  0.4227988785873574    
  0.4248493531320378    
  0.4269198195431509    
  0.4290105644404324    
  0.4311218790095539    
  0.4332540589972833    
  0.4354074046980623    
  0.4375822209308258    
  0.4397788170048949    
  0.4419975066740333    
  0.4442386080774929    
  0.4465024436664108    
  0.4487893401138686    
  0.4510996282072592    
  0.4534336427213837    
  0.4557917222701950    
  0.4581742091349560    
  0.4605814490667468    
  0.4630137910609610    
  0.4654715871008345    
  0.4679551918668118    
  0.4704649624086248    
  0.4730012577766078    
  0.4755644386082127    
  0.4781548666655320    
  0.4807729043196418    
  0.4834189139769223    
  0.4860932574415922    
  0.4887962952083199    
  0.4915283856788223    
  0.4942898842956934    
  0.4970811425855601    
  0.4999025071030118    
  0.5027543182666133    
  0.5056369090775921    
  0.5085506037104930    
  0.5114957159641452    
  0.5144725475608152    
  0.5174813862803923    
  0.5205225039147960    
  0.5235961540265062    
  0.5267025694944187    
  0.5298419598291079    
  0.5330145082377711    
  0.5362203684174522    
  0.5394596610539436    
  0.5427324700021530    
  0.5460388381216015    
  0.5493787627388925    
  0.5527521907077403    
  0.5561590130355163    
  0.5595990590429805    
  0.5630720900217192    
  0.5665777923523919    
  0.5701157700454960    
  0.5736855366647542    
  0.5772865065919361    
  0.5809179855913484    
  0.5845791606318265    
  0.5882690889238198    
  0.5919866861297211    
  0.5957307137074097    
  0.5994997653496700    
  0.6032922524859984    
  0.6071063888189213    
  0.6109401738744349    
  0.6147913755551929    
  0.6186575116963721    
  0.6225358306390789    
  0.6264232908549421    
  0.6303165396773809    
  0.6342118912204476    
  0.6381053035967483    
  0.6419923555824514    
  0.6458682229191468    
  0.6497276544896058    
  0.6535649486585360    
  0.6573739301304453    
  0.6611479277433812    
  0.6648797536892703    
  0.6685616847293869    
  0.6721854460560039    
  0.6757421985351424    
  0.6792225301477801    
  0.6826164525264005    
  0.6859134035571948    
  0.6891022570792150    
  0.6921713407536061    
  0.6951084631931459    
  0.6979009514280804    
  0.7005356997300065    
  0.7029992307135016    
  0.7052777694797967    
  0.7073573313526114    
  0.7092238234768375    
  0.7108631602029315    
  0.7122613917671086    
  0.7134048453080263    
  0.7142802767455128    
  0.7148750315017411    
  0.7151772114930222    
  0.7151758452889165    
  0.7148610578546972    
  0.7142242358962541    
  0.7132581845492936    
  0.7119572710298450    
  0.7103175509137469    
  0.7083368729522854    
  0.7060149587655468    
  0.7033534543796643    
  0.7003559513679273    
  0.6970279762819646    
  0.6933769480720882    
  0.6894121042440461    
  0.6851443975266930    
  0.6805863657739686    
  0.6757519786441737    
  0.6706564652500010    
  0.6653161274257922    
  0.6597481434981901    
  0.6539703674724564    
  0.6480011283738428    
  0.6418590341366437    
  0.6355627839449527    
  0.6291309923370587    
  0.6225820277308975    
  0.6159338673493771    
  0.6092039698544583    
  0.6024091663665208    
  0.5955655699752371    
  0.5886885033562586    
  0.5817924437011026    
  0.5748909838471535    
  0.5679968082596394    
  0.5611216823635512    
  0.5542764536412670    
  0.5474710628897477    
  0.5407145640591293    
  0.5340151511625145    
  0.5273801908440019    
  0.5208162593086341    
  0.5143291824466225    
  0.5079240781192452    
  0.5016053997088846    
  0.4953769801656321    
  0.4892420759052628    
  0.4832034100275540    
  0.4772632144282452    
  0.4714232704706740    
  0.4656849479640618    
  0.4600492422660152    
  0.4545168093875449    
  0.4490879990297971    
  0.4437628855234109    
  0.4385412966757440    
  0.4334228405590836    
  0.4284069302947032    
  0.4234928069037948    
  0.4186795603082899    
  0.4139661485730809    
  0.4093514154864040    
  0.4048341065776325    
  0.4004128836725055    
  0.3960863380852099    
  0.3918530025446726    
  0.3877113619490946    
  0.3836598630390470    
  0.3796969230754688    
  0.3758209376044104    
  0.3720302873852999    
  0.3683233445546389    
  0.3646984780924542    
  0.3611540586542897    
  0.3576884628267152    
  0.3543000768598655    
  0.3509872999264994    
  0.3477485469532258    
  0.3445822510656547    
  0.3414868656856630    
  0.3384608663158269    
  0.3355027520430819    
  0.3326110467906503    
  0.3297843003446154    
  0.3270210891792797    
  0.3243200171033151    
  0.3216797157464514    
  0.3190988449044818    
  0.3165760927588156    
  0.3141101759854245    
  0.3116998397664220    
  0.3093438577160671    
  0.3070410317318964    
  0.3047901917807951    
  0.3025901956287492    
  0.3004399285220010    
  0.2983383028265444    
  0.2962842576323101    
  0.2942767583276488    
  0.2923147961490538    
  0.2903973877105522    
  0.2885235745168119    
  0.2866924224634805    
  0.2849030213277997    
  0.2831544842522431    
  0.2814459472237668    
  0.2797765685508445    
  0.2781455283400859    
  0.2765520279740251    
  0.2749952895916322    
  0.2734745555728791    
  0.2719890880284032    
  0.2705381682951337    
  0.2691210964387233    
  0.2677371907634996    
  0.2663857873304781    
  0.2650662394838882    
  0.2637779173866588    
  0.2625202075651908    
  0.2612925124635853    
  0.2600942500074720    
  0.2589248531776463    
  0.2577837695936522    
  0.2566704611073025    
  0.2555844034060802    
  0.2545250856264433    
  0.2534920099770221    
  0.2524846913715923    
  0.2515026570716727    
  0.2505454463386934    
  0.2496126100956289    
  0.2487037105979206    
  0.2478183211134793    
  0.2469560256116595    
  0.2461164184610778    
  0.2452991041360552    
  0.2445036969314425    
  0.2437298206857016    
  0.2429771085120869    
  0.2422452025377025    
  0.2415337536501935    
  0.2408424212519418    
  0.2401708730216220    
  0.2395187846828795    
  0.2388858397798771    
  0.2382717294595753    
  0.2376761522606184    
  0.2370988139086214    
  0.2365394271176225    
  0.2359977113975667    
  0.2354733928677007    
  0.2349662040756646    
  0.2344758838220577    
  0.2340021769903728    
  0.2335448343822035    
  0.2331036125575303    
  0.2326782736798608    
  0.2322685853661148    
  0.2318743205411761    
  0.2314952572969540    
  0.2311311787557472    
  0.2307818729378203    
  0.2304471326331199    
  0.2301267552769696    
  0.2298205428295546    
  0.2295283016591140    
  0.2292498424287992    
  0.2289849799870553    
  0.2287335332613450    
  0.2284953251551439    
  0.2282701824481705    
  0.2280579356997247    
  0.2278584191549676    
  0.2276714706540813    
  0.2274969315442887    
  0.2273346465946183    
  0.2271844639132539    
  0.2270462348674152    
  0.2269198140057569    
  0.2268050589831876    
  0.2267018304879587    
  0.2266099921709848    
  0.2265294105773963    
  0.2264599550802206    
  0.2264014978160512    
  0.2263539136226649    
  0.2263170799786049    
  0.2262908769446421    
  0.2262751871069859    
  0.2262698955222153    
  0.2262748896639518    
  0.2262900593711919    
  0.2263152967981579    
  0.2263504963656546    
  0.2263955547139609    
  0.2264503706571931    
  0.2265148451390068    
  0.2265888811896197    
  0.2266723838841923    
  0.2267652603024976    
  0.2268674194897518    
  0.2269787724185997    
  0.2270992319523116    
  0.2272287128091376    
  0.2273671315276828    
  0.2275144064332845    
  0.2276704576054456    
  0.2278352068462771    
  0.2280085776498452    
  0.2281904951724139    
  0.2283808862036457    
  0.2285796791387082    
  0.2287868039511612    
  0.2290021921666140    
  0.2292257768372185    
  0.2294574925169613    
  0.2296972752376502    
  0.2299450624855944    
  0.2302007931790485    
  0.2304644076463717    
  0.2307358476047787    
  0.2310150561396815    
  0.2313019776847145    
  0.2315965580024183    
  0.2318987441654594    
  0.2322084845383821    
  0.2325257287599624    
  0.2328504277261439    
  0.2331825335734347    
  0.2335219996627687    
  0.2338687805639278    
  0.2342228320405016    
  0.2345841110352702    
  0.2349525756559949    
  0.2353281851617097    
  0.2357108999494980    
  0.2361006815416412    
  0.2364974925731340    
  0.2369012967796532    
  0.2373120589859701    
  0.2377297450947038    
  0.2381543220754163    
  0.2385857579541441    
  0.2390240218033463    
  0.2394690837321465    
  0.2399209148768617    
  0.2403794873919222    
  0.2408447744411847    
  0.2413167501895362    
  0.2417953897947698    
  0.2422806693998281    
  0.2427725661254005    
  0.2432710580627754    
  0.2437761242669461    
  0.2442877447500705    
  0.2448059004752754    
  0.2453305733506957    
  0.2458617462237455    
  0.2463994028757271    
  0.2469435280167809    
  0.2474941072810697    
  0.2480511272221893    
  0.2486145753089000    
  0.2491844399211691    
  0.2497607103464128    
  0.2503433767759403    
  0.2509324303017154    
  0.2515278629134464    
  0.2521296674958931    
  0.2527378378263716    
  0.2533523685725516    
  0.2539732552905418    
  0.2546004944231788    
  0.2552340832985256    
  0.2558740201286949    
  0.2565203040089803    
  0.2571729349171819    
  0.2578319137131136    
  0.2584972421384159    
  0.2591689228166685    
  0.2598469592537087    
  0.2605313558381465    
  0.2612221178421897    
  0.2619192514227701    
  0.2626227636228566    
  0.2633326623729604    
  0.2640489564929533    
  0.2647716556942076    
  0.2655007705819368    
  0.2662363126577314    
  0.2669782943224042    
  0.2677267288791568    
  0.2684816305369669    
  0.2692430144141904    
  0.2700108965424876    
  0.2707852938710557    
  0.2715662242710590    
  0.2723537065402764    
  0.2731477604081095    
  0.2739484065409562    
  0.2747556665478048    
  0.2755695629860216    
  0.2763901193674572    
  0.2772173601648980    
  0.2780513108187752    
  0.2788919977441265    
  0.2797394483379220    
  0.2805936909867381    
  0.2814547550746673    
  0.2823226709914800    
  0.2831974701411856    
  0.2840791849509856    
  0.2849678488804983    
  0.2858634964312412    
  0.2867661631565218    
  0.2876758856717376    
  0.2885927016649553    
  0.2895166499077602    
  0.2904477702665082    
  0.2913861037139928    
  0.2923316923414169    
  0.2932845793706755    
  0.2942448091670857    
  0.2952124272525706    
  0.2961874803191726    
  0.2971700162429137    
  0.2981600840981566    
  0.2991577341724522    
  0.3001630179817281    
  0.3011759882858009    
  0.3021966991043870    
  0.3032252057336438    
  0.3042615647631092    
  0.3053058340930245    
  0.3063580729521768    
  0.3074183419162605    
  0.3084867029266421    
  0.3095632193095436    
  0.3106479557958307    
  0.3117409785414062    
  0.3128423551480458    
  0.3139521546846446    
  0.3150704477090573    
  0.3161973062905831    
  0.3173328040329857    
  0.3184770160980182    
  0.3196300192295852    
  0.3207918917785503    
  0.3219627137280690    
  0.3231425667194517    
  0.3243315340787053    
  0.3255297008437583    
  0.3267371537922398    
  0.3279539814698451    
  0.3291802742194609    
  0.3304161242110533    
  0.3316616254721611    
  0.3329168739190096    
