  0.4420749255117357E-01
  0.5953391323609368E-01
  0.7482515561572770E-01
  0.9007733051753906E-01
  0.1052865689032096    
  0.1204490249065839    
  0.1355608797791781    
  0.1506183451377438    
  0.1656176652558305    
  0.1805551200075207    
  0.1954270287555434    
  0.2102297535561569    
  0.2249597013257165    
  0.2396133265795623    
  0.2541871351383424    
  0.2686776871991817    
  0.2830815993176174    
  0.2973955468529465    
  0.3116162673531883    
  0.3257405633718695    
  0.3397653042231025    
  0.3536874281050091    
  0.3675039450422335    
  0.3812119392715594    
  0.3948085706955474    
  0.4082910767386478    
  0.4216567748369016    
  0.4349030641864406    
  0.4480274266835191    
  0.4610274285625424    
  0.4739007226375631    
  0.4866450493713945    
  0.4992582369305556    
  0.5117382023737888    
  0.5240829539257483    
  0.5362905917823089    
  0.5483593071408375    
  0.5602873822928364    
  0.5720731926608249    
  0.5837152079543971    
  0.5952119909276233    
  0.6065621961513920    
  0.6177645707425669    
  0.6288179553726507    
  0.6397212836993571    
  0.6504735811866672    
  0.6610739645180846    
  0.6715216408679936    
  0.6818159067482473    
  0.6919561477367178    
  0.7019418388554362    
  0.7117725431800956    
  0.7214479084928163    
  0.7309676652696606    
  0.7403316274599139    
  0.7495396929924022    
  0.7585918414322674    
  0.7674881305722218    
  0.7762286944419592    
  0.7848137421623242    
  0.7932435565269809    
  0.8015184931184770    
  0.8096389799001102    
  0.8176055149118352    
  0.8254186616509338    
  0.8330790456592473    
  0.8405873545076458    
  0.8479443384384296    
  0.8551508086174769    
  0.8622076340384769    
  0.8691157389609567    
  0.8758761000391061    
  0.8824897426877141    
  0.8889577392049827    
  0.8952812097715075    
  0.9014613228706680    
  0.9074992921818755    
  0.9133963721076936    
  0.9191538549955781    
  0.9247730691582911    
  0.9302553761915695    
  0.9356021694953577    
  0.9408148753709733    
  0.9458949534825820    
  0.9508438936359035    
  0.9556632112035508    
  0.9603544446437118    
  0.9649191539904127    
  0.9693589181502773    
  0.9736753330044706    
  0.9778700125843642    
  0.9819445904455272    
  0.9859007175450623    
  0.9897400584575737    
  0.9934642895063694    
  0.9970750975327742    
   1.000574176565261    
   1.003963224637462    
   1.007243944293364    
   1.010418044597964    
   1.013487240356317    
   1.016453249766258    
   1.019317794184364    
   1.022082598431871    
   1.024749387806082    
   1.027319883717511    
   1.029795802665408    
   1.032178857408412    
   1.034470755822884    
   1.036673198509481    
   1.038787879597611    
   1.040816489374288    
   1.042760713554275    
   1.044622229969651    
   1.046402707877053    
   1.048103809351042    
   1.049727187592126    
   1.051274482811235    
   1.052747321447895    
   1.054147318594795    
   1.055476077789297    
   1.056735187998196    
   1.057926223702202    
   1.059050748329331    
   1.060110314654269    
   1.061106461346616    
   1.062040712122877    
   1.062914578657819    
   1.063729560639082    
   1.064487141500525    
   1.065188786805704    
   1.065835947382133    
   1.066430060189531    
   1.066972544385958    
   1.067464799803707    
   1.067908210933079    
   1.068304149005881    
   1.068653968342665    
   1.068959004360556    
   1.069220577693542    
   1.069439996913116    
   1.069618554565968    
   1.069757523994209    
   1.069858163090630    
   1.069921717677375    
   1.069949417476124    
   1.069942471808561    
   1.069902073112975    
   1.069829401554865    
   1.069725621623713    
   1.069591876917432    
   1.069429293318918    
   1.069238985092429    
   1.069022052570206    
   1.068779575897920    
   1.068512617204760    
   1.068222227932822    
   1.067909447951977    
   1.067575298185983    
   1.067220780925525    
   1.066846887897582    
   1.066454601344394    
   1.066044885975065    
   1.065618686774804    
   1.065176937121961    
   1.064720562458824    
   1.064250472638121    
   1.063767556963692    
   1.063272691284829    
   1.062766744492439    
   1.062250572730284    
   1.061725011978828    
   1.061190882700940    
   1.060648998500722    
   1.060100163642157    
   1.059545164338918    
   1.058984769662127    
   1.058419740610142    
   1.057850831715200    
   1.057278783103691    
   1.056704317363153    
   1.056128146554785    
   1.055550977306895    
   1.054973506029672    
   1.054396413144142    
   1.053820365905707    
   1.053246024679386    
   1.052674042740691    
   1.052105060861204    
   1.051539705562005    
   1.050978593278619    
   1.050422333917104    
   1.049871528987783    
   1.049326767485333    
   1.048788625537918    
   1.048257670480790    
   1.047734463735628    
   1.047219558223377    
   1.046713493962276    
   1.046216798844951    
   1.045729994110970    
   1.045253596253813    
   1.044788112117633    
   1.044334034969623    
   1.043891848262947    
   1.043462031415348    
   1.043045058464461    
   1.042641392017117    
   1.042251482420563    
   1.041875773320136    
   1.041514704696706    
   1.041168709244449    
   1.040838208460929    
   1.040523614137331    
   1.040225332168104    
   1.039943763303114    
   1.039679300897075    
   1.039432328978309    
   1.039203222341270    
   1.038992348448774    
   1.038800069600956    
   1.038626742537978    
   1.038472714916215    
   1.038338323294457    
   1.038223896541237    
   1.038129760299079    
   1.038056235271172    
   1.038003631290177    
   1.037972246309226    
   1.037962372028312    
   1.037974297429970    
   1.038008305125277    
   1.038064666650997    
   1.038143643372284    
   1.038245490313064    
   1.038370457192300    
   1.038518786864322    
   1.038690714219999    
   1.038886465503134    
   1.039106257517665    
   1.039350298804759    
   1.039618792696644    
   1.039911937571616    
   1.040229922671430    
   1.040572925313767    
   1.040941113916405    
   1.041334652110357    
   1.041753697690919    
   1.042198398710092    
   1.042668892801422    
   1.043165309301543    
   1.043687769515332    
   1.044236385312388    
   1.044811259657025    
   1.045412488115278    
   1.046040157457800    
   1.046694342625969    
   1.047375106957095    
   1.048082505324031    
   1.048816584899549    
   1.049577382417665    
   1.050364922435904    
   1.051179218530704    
   1.052020274148651    
   1.052888081429036    
   1.053782620719176    
   1.054703861993638    
   1.055651765175974    
   1.056626277882816    
   1.057627333810264    
   1.058654854209688    
   1.059708749902664    
   1.060788920659710    
   1.061895253122282    
   1.063027620192341    
   1.064185881787134    
   1.065369884905680    
   1.066579462889844    
   1.067814435376835    
   1.069074608864331    
   1.070359776182740    
   1.071669714618590    
   1.073004184784001    
   1.074362931692707    
   1.075745686361348    
   1.077152165105340    
   1.078582066728883    
   1.080035071024740    
   1.081510840309687    
   1.083009021161900    
   1.084529243276231    
   1.086071117159490    
   1.087634234244442    
   1.089218168511829    
   1.090822475903252    
   1.092446692199222    
   1.094090333612948    
   1.095752899571427    
   1.097433872203655    
   1.099132712125097    
   1.100848857273795    
   1.102581727173881    
   1.104330725375161    
   1.106095235092511    
   1.107874614381704    
   1.109668198066993    
   1.111475302233491    
   1.113295223077865    
   1.115127231820895    
   1.116970573535826    
   1.118824470232191    
   1.120688121788502    
   1.122560703560248    
   1.124441365483344    
   1.126329233585730    
   1.128223410173047    
   1.130122972710332    
   1.132026974854601    
   1.133934448473223    
   1.135844402495644    
   1.137755820354664    
   1.139667661236085    
   1.141578863301043    
   1.143488342376605    
   1.145394987328826    
   1.147297659679452    
   1.149195197398669    
   1.151086414819160    
   1.152970097599280    
   1.154845001103604    
   1.156709854723787    
   1.158563364181199    
   1.160404208282322    
   1.162231037563755    
   1.164042479104756    
   1.165837140500323    
   1.167613607747810    
   1.169370442924616    
   1.171106186921392    
   1.172819361819919    
   1.174508467455837    
   1.176171977242171    
   1.177808339282516    
   1.179415978781758    
   1.180993296213251    
   1.182538665095546    
   1.184050434889516    
   1.185526935295445    
   1.186966476261810    
   1.188367347036587    
   1.189727819799609    
   1.191046154474924    
   1.192320598636696    
   1.193549384864284    
   1.194730730653935    
   1.195862838222053    
   1.196943889945851    
   1.197972044257152    
   1.198945438798023    
   1.199862197295763    
   1.200720432424052    
   1.201518245865498    
   1.202253731241953    
   1.202924978132307    
   1.203530072513099    
   1.204067096360174    
   1.204534129640039    
   1.204929248433567    
   1.205250515006807    
   1.205495971509566    
   1.205663649349578    
   1.205751584100876    
   1.205757817235177    
   1.205680388560785    
   1.205517339363079    
   1.205266726347905    
   1.204926624159998    
   1.204495109666821    
   1.203970249558045    
   1.203350106494705    
   1.202632750355643    
   1.201816258977087    
   1.200898716737826    
   1.199878224225153    
   1.198752910351116    
   1.197520930313872    
   1.196180452864239    
   1.194729653422175    
   1.193166716356202    
   1.191489837283895    
   1.189697224638156    
   1.187787108041146    
   1.185757750901226    
   1.183607454653148    
   1.181334551244144    
   1.178937393725805    
   1.176414352304151    
   1.173763814307808    
   1.170984187489584    
   1.168073909545080    
   1.165031460289298    
   1.161855366062712    
   1.158544192584463    
   1.155096534267445    
   1.151511008908976    
   1.147786259486879    
   1.143920961555292    
   1.139913834291062    
   1.135763649135227    
   1.131469228213398    
   1.127029433184739    
   1.122443155350482    
   1.117709316199755    
   1.112826877037244    
   1.107794850003146    
   1.102612303862662    
   1.097278361203389    
   1.091792188547755    
   1.086152987699824    
   1.080359997759509    
   1.074412507302863    
   1.068309865250433    
   1.062051480629129    
   1.055636813305738    
   1.049065365649252    
   1.042336682617961    
   1.035450360133390    
   1.028406054916697    
   1.021203487044998    
   1.013842432563477    
   1.006322714173349    
  0.9986442011472318    
  0.9908068192319370    
  0.9828105593698353    
  0.9746554759806894    
  0.9663416784129000    
  0.9578693263839784    
  0.9492386343160698    
  0.9404498793107882    
  0.9315034043643956    
  0.9223996141486001    
  0.9131389688868261    
  0.9037219841397405    
  0.8941492373702883    
  0.8844213733754923    
  0.8745391018333057    
  0.8645031909649288    
  0.8543144667760962    
  0.8439738191248851    
  0.8334822059930513    
  0.8228406505593627    
  0.8120502365424141    
  0.8011121090818627    
  0.7900274794427296    
  0.7787976266145928    
  0.7674238944771239    
  0.7559076896953247    
  0.7442504834128136    
  0.7324538138313590    
  0.7205192861341290    
  0.7084485706097743    
  0.6962434020810646    
  0.6839055812739894    
  0.6714369759258478    
  0.6588395201169409    
  0.6461152130024961    
  0.6332661188132437    
  0.6202943678614194    
  0.6072021566777288    
  0.5939917468216080    
  0.5806654640364309    
  0.5672256987059163    
  0.5536749062168106    
  0.5400156059477103    
  0.5262503799841961    
  0.5123818730178075    
  0.4984127925844107    
  0.4843459080920873    
  0.4701840492630745    
  0.4559301055655199    
  0.4415870261759651    
  0.4271578188956846    
  0.4126455483467699    
  0.3980533350028626    
  0.3833843548217477    
  0.3686418379463706    
  0.3538290666324810    
  0.3389493739095906    
  0.3240061428677740    
  0.3090028050833213    
  0.2939428382495090    
  0.2788297644812989    
  0.2636671492569152    
  0.2484585995400081    
  0.2332077610962045    
  0.2179183164530506    
  0.2025939835093406    
  0.1872385133504119    
  0.1718556872497645    
  0.1564493143035379    
  0.1410232297343853    
  0.1255812924182560    
  0.1101273815888325    
  0.9466539417856464E-01
  0.7919924285967539E-01
  0.6373285332164082E-01
  0.4827016071478465E-01
  0.3281510674440337E-01
  0.1737163750798806E-01
  0.1943700582903873E-02
 -0.1346475873646824E-01
 -0.2884980053141920E-01
 -0.4420749255117357E-01
 -0.5953391323609368E-01
 -0.7482515561572770E-01
 -0.9007733051753906E-01
 -0.1052865689032096    
 -0.1204490249065839    
 -0.1355608797791781    
 -0.1506183451377438    
 -0.1656176652558305    
 -0.1805551200075207    
 -0.1954270287555434    
 -0.2102297535561569    
 -0.2249597013257165    
 -0.2396133265795623    
 -0.2541871351383424    
 -0.2686776871991817    
 -0.2830815993176174    
 -0.2973955468529465    
 -0.3116162673531883    
 -0.3257405633718695    
 -0.3397653042231025    
 -0.3536874281050091    
 -0.3675039450422335    
 -0.3812119392715594    
 -0.3948085706955474    
 -0.4082910767386478    
 -0.4216567748369016    
 -0.4349030641864406    
 -0.4480274266835191    
 -0.4610274285625424    
 -0.4739007226375631    
 -0.4866450493713945    
 -0.4992582369305556    
 -0.5117382023737888    
 -0.5240829539257483    
 -0.5362905917823089    
 -0.5483593071408375    
 -0.5602873822928364    
 -0.5720731926608249    
 -0.5837152079543971    
 -0.5952119909276233    
 -0.6065621961513920    
 -0.6177645707425669    
 -0.6288179553726507    
 -0.6397212836993571    
 -0.6504735811866672    
 -0.6610739645180846    
 -0.6715216408679936    
 -0.6818159067482473    
 -0.6919561477367178    
 -0.7019418388554362    
 -0.7117725431800956    
 -0.7214479084928163    
 -0.7309676652696606    
 -0.7403316274599139    
 -0.7495396929924022    
 -0.7585918414322674    
 -0.7674881305722218    
 -0.7762286944419592    
 -0.7848137421623242    
 -0.7932435565269809    
 -0.8015184931184770    
 -0.8096389799001102    
 -0.8176055149118352    
 -0.8254186616509338    
 -0.8330790456592473    
 -0.8405873545076458    
 -0.8479443384384296    
 -0.8551508086174769    
 -0.8622076340384769    
 -0.8691157389609567    
 -0.8758761000391061    
 -0.8824897426877141    
 -0.8889577392049827    
 -0.8952812097715075    
 -0.9014613228706680    
 -0.9074992921818755    
 -0.9133963721076936    
 -0.9191538549955781    
 -0.9247730691582911    
 -0.9302553761915695    
 -0.9356021694953577    
 -0.9408148753709733    
 -0.9458949534825820    
 -0.9508438936359035    
 -0.9556632112035508    
 -0.9603544446437118    
 -0.9649191539904127    
 -0.9693589181502773    
 -0.9736753330044706    
 -0.9778700125843642    
 -0.9819445904455272    
 -0.9859007175450623    
 -0.9897400584575737    
 -0.9934642895063694    
 -0.9970750975327742    
  -1.000574176565261    
  -1.003963224637462    
  -1.007243944293364    
  -1.010418044597964    
  -1.013487240356317    
  -1.016453249766258    
  -1.019317794184364    
  -1.022082598431871    
  -1.024749387806082    
  -1.027319883717511    
  -1.029795802665408    
  -1.032178857408412    
  -1.034470755822884    
  -1.036673198509481    
  -1.038787879597611    
  -1.040816489374288    
  -1.042760713554275    
  -1.044622229969651    
  -1.046402707877053    
  -1.048103809351042    
  -1.049727187592126    
  -1.051274482811235    
  -1.052747321447895    
  -1.054147318594795    
  -1.055476077789297    
  -1.056735187998196    
  -1.057926223702202    
  -1.059050748329331    
  -1.060110314654269    
  -1.061106461346616    
  -1.062040712122877    
  -1.062914578657819    
  -1.063729560639082    
  -1.064487141500525    
  -1.065188786805704    
  -1.065835947382133    
  -1.066430060189531    
  -1.066972544385958    
  -1.067464799803707    
  -1.067908210933079    
  -1.068304149005881    
  -1.068653968342665    
  -1.068959004360556    
  -1.069220577693542    
  -1.069439996913116    
  -1.069618554565968    
  -1.069757523994209    
  -1.069858163090630    
  -1.069921717677375    
  -1.069949417476124    
  -1.069942471808561    
  -1.069902073112975    
  -1.069829401554865    
  -1.069725621623713    
  -1.069591876917432    
  -1.069429293318918    
  -1.069238985092429    
  -1.069022052570206    
  -1.068779575897920    
  -1.068512617204760    
  -1.068222227932822    
  -1.067909447951977    
  -1.067575298185983    
  -1.067220780925525    
  -1.066846887897582    
  -1.066454601344394    
  -1.066044885975065    
  -1.065618686774804    
  -1.065176937121961    
  -1.064720562458824    
  -1.064250472638121    
  -1.063767556963692    
  -1.063272691284829    
  -1.062766744492439    
  -1.062250572730284    
  -1.061725011978828    
  -1.061190882700940    
  -1.060648998500722    
  -1.060100163642157    
  -1.059545164338918    
  -1.058984769662127    
  -1.058419740610142    
  -1.057850831715200    
  -1.057278783103691    
  -1.056704317363153    
  -1.056128146554785    
  -1.055550977306895    
  -1.054973506029672    
  -1.054396413144142    
  -1.053820365905707    
  -1.053246024679386    
  -1.052674042740691    
  -1.052105060861204    
  -1.051539705562005    
  -1.050978593278619    
  -1.050422333917104    
  -1.049871528987783    
  -1.049326767485333    
  -1.048788625537918    
  -1.048257670480790    
  -1.047734463735628    
  -1.047219558223377    
  -1.046713493962276    
  -1.046216798844951    
  -1.045729994110970    
  -1.045253596253813    
  -1.044788112117633    
  -1.044334034969623    
  -1.043891848262947    
  -1.043462031415348    
  -1.043045058464461    
  -1.042641392017117    
  -1.042251482420563    
  -1.041875773320136    
  -1.041514704696706    
  -1.041168709244449    
  -1.040838208460929    
  -1.040523614137331    
  -1.040225332168104    
  -1.039943763303114    
  -1.039679300897075    
  -1.039432328978309    
  -1.039203222341270    
  -1.038992348448774    
  -1.038800069600956    
  -1.038626742537978    
  -1.038472714916215    
  -1.038338323294457    
  -1.038223896541237    
  -1.038129760299079    
  -1.038056235271172    
  -1.038003631290177    
  -1.037972246309226    
  -1.037962372028312    
  -1.037974297429970    
  -1.038008305125277    
  -1.038064666650997    
  -1.038143643372284    
  -1.038245490313064    
  -1.038370457192300    
  -1.038518786864322    
  -1.038690714219999    
  -1.038886465503134    
  -1.039106257517665    
  -1.039350298804759    
  -1.039618792696644    
  -1.039911937571616    
  -1.040229922671430    
  -1.040572925313767    
  -1.040941113916405    
  -1.041334652110357    
  -1.041753697690919    
  -1.042198398710092    
  -1.042668892801422    
  -1.043165309301543    
  -1.043687769515332    
  -1.044236385312388    
  -1.044811259657025    
  -1.045412488115278    
  -1.046040157457800    
  -1.046694342625969    
  -1.047375106957095    
  -1.048082505324031    
  -1.048816584899549    
  -1.049577382417665    
  -1.050364922435904    
  -1.051179218530704    
  -1.052020274148651    
  -1.052888081429036    
  -1.053782620719176    
  -1.054703861993638    
  -1.055651765175974    
  -1.056626277882816    
  -1.057627333810264    
  -1.058654854209688    
  -1.059708749902664    
  -1.060788920659710    
  -1.061895253122282    
  -1.063027620192341    
  -1.064185881787134    
  -1.065369884905680    
  -1.066579462889844    
  -1.067814435376835    
  -1.069074608864331    
  -1.070359776182740    
  -1.071669714618590    
  -1.073004184784001    
  -1.074362931692707    
  -1.075745686361348    
  -1.077152165105340    
  -1.078582066728883    
  -1.080035071024740    
  -1.081510840309687    
  -1.083009021161900    
  -1.084529243276231    
  -1.086071117159490    
  -1.087634234244442    
  -1.089218168511829    
  -1.090822475903252    
  -1.092446692199222    
  -1.094090333612948    
  -1.095752899571427    
  -1.097433872203655    
  -1.099132712125097    
  -1.100848857273795    
  -1.102581727173881    
  -1.104330725375161    
  -1.106095235092511    
  -1.107874614381704    
  -1.109668198066993    
  -1.111475302233491    
  -1.113295223077865    
  -1.115127231820895    
  -1.116970573535826    
  -1.118824470232191    
  -1.120688121788502    
  -1.122560703560248    
  -1.124441365483344    
  -1.126329233585730    
  -1.128223410173047    
  -1.130122972710332    
  -1.132026974854601    
  -1.133934448473223    
  -1.135844402495644    
  -1.137755820354664    
  -1.139667661236085    
  -1.141578863301043    
  -1.143488342376605    
  -1.145394987328826    
  -1.147297659679452    
  -1.149195197398669    
  -1.151086414819160    
  -1.152970097599280    
  -1.154845001103604    
  -1.156709854723787    
  -1.158563364181199    
  -1.160404208282322    
  -1.162231037563755    
  -1.164042479104756    
  -1.165837140500323    
  -1.167613607747810    
  -1.169370442924616    
  -1.171106186921392    
  -1.172819361819919    
  -1.174508467455837    
  -1.176171977242171    
  -1.177808339282516    
  -1.179415978781758    
  -1.180993296213251    
  -1.182538665095546    
  -1.184050434889516    
  -1.185526935295445    
  -1.186966476261810    
  -1.188367347036587    
  -1.189727819799609    
  -1.191046154474924    
  -1.192320598636696    
  -1.193549384864284    
  -1.194730730653935    
  -1.195862838222053    
  -1.196943889945851    
  -1.197972044257152    
  -1.198945438798023    
  -1.199862197295763    
  -1.200720432424052    
  -1.201518245865498    
  -1.202253731241953    
  -1.202924978132307    
  -1.203530072513099    
  -1.204067096360174    
  -1.204534129640039    
  -1.204929248433567    
  -1.205250515006807    
  -1.205495971509566    
  -1.205663649349578    
  -1.205751584100876    
  -1.205757817235177    
  -1.205680388560785    
  -1.205517339363079    
  -1.205266726347905    
  -1.204926624159998    
  -1.204495109666821    
  -1.203970249558045    
  -1.203350106494705    
  -1.202632750355643    
  -1.201816258977087    
  -1.200898716737826    
  -1.199878224225153    
  -1.198752910351116    
  -1.197520930313872    
  -1.196180452864239    
  -1.194729653422175    
  -1.193166716356202    
  -1.191489837283895    
  -1.189697224638156    
  -1.187787108041146    
  -1.185757750901226    
  -1.183607454653148    
  -1.181334551244144    
  -1.178937393725805    
  -1.176414352304151    
  -1.173763814307808    
  -1.170984187489584    
  -1.168073909545080    
  -1.165031460289298    
  -1.161855366062712    
  -1.158544192584463    
  -1.155096534267445    
  -1.151511008908976    
  -1.147786259486879    
  -1.143920961555292    
  -1.139913834291062    
  -1.135763649135227    
  -1.131469228213398    
  -1.127029433184739    
  -1.122443155350482    
  -1.117709316199755    
  -1.112826877037244    
  -1.107794850003146    
  -1.102612303862662    
  -1.097278361203389    
  -1.091792188547755    
  -1.086152987699824    
  -1.080359997759509    
  -1.074412507302863    
  -1.068309865250433    
  -1.062051480629129    
  -1.055636813305738    
  -1.049065365649252    
  -1.042336682617961    
  -1.035450360133390    
  -1.028406054916697    
  -1.021203487044998    
  -1.013842432563477    
  -1.006322714173349    
 -0.9986442011472318    
 -0.9908068192319370    
 -0.9828105593698353    
 -0.9746554759806894    
 -0.9663416784129000    
 -0.9578693263839784    
 -0.9492386343160698    
 -0.9404498793107882    
 -0.9315034043643956    
 -0.9223996141486001    
 -0.9131389688868261    
 -0.9037219841397405    
 -0.8941492373702883    
 -0.8844213733754923    
 -0.8745391018333057    
 -0.8645031909649288    
 -0.8543144667760962    
 -0.8439738191248851    
 -0.8334822059930513    
 -0.8228406505593627    
 -0.8120502365424141    
 -0.8011121090818627    
 -0.7900274794427296    
 -0.7787976266145928    
 -0.7674238944771239    
 -0.7559076896953247    
 -0.7442504834128136    
 -0.7324538138313590    
 -0.7205192861341290    
 -0.7084485706097743    
 -0.6962434020810646    
 -0.6839055812739894    
 -0.6714369759258478    
 -0.6588395201169409    
 -0.6461152130024961    
 -0.6332661188132437    
 -0.6202943678614194    
 -0.6072021566777288    
 -0.5939917468216080    
 -0.5806654640364309    
 -0.5672256987059163    
 -0.5536749062168106    
 -0.5400156059477103    
 -0.5262503799841961    
 -0.5123818730178075    
 -0.4984127925844107    
 -0.4843459080920873    
 -0.4701840492630745    
 -0.4559301055655199    
 -0.4415870261759651    
 -0.4271578188956846    
 -0.4126455483467699    
 -0.3980533350028626    
 -0.3833843548217477    
 -0.3686418379463706    
 -0.3538290666324810    
 -0.3389493739095906    
 -0.3240061428677740    
 -0.3090028050833213    
 -0.2939428382495090    
 -0.2788297644812989    
 -0.2636671492569152    
 -0.2484585995400081    
 -0.2332077610962045    
 -0.2179183164530506    
 -0.2025939835093406    
 -0.1872385133504119    
 -0.1718556872497645    
 -0.1564493143035379    
 -0.1410232297343853    
 -0.1255812924182560    
 -0.1101273815888325    
 -0.9466539417856464E-01
 -0.7919924285967539E-01
 -0.6373285332164082E-01
 -0.4827016071478465E-01
 -0.3281510674440337E-01
 -0.1737163750798806E-01
 -0.1943700582903873E-02
  0.1346475873646824E-01
  0.2884980053141920E-01
