  0.2471196441820057    
  0.2482011428761234    
  0.2492907399315076    
  0.2503885021599091    
  0.2514944976330117    
  0.2526087957060467    
  0.2537314670420722    
  0.2548625836369296    
  0.2560022188448869    
  0.2571504474049843    
  0.2583073454681118    
  0.2594729906248318    
  0.2606474619339578    
  0.2618308399519091    
  0.2630232067628713    
  0.2642246460097871    
  0.2654352429261878    
  0.2666550843688860    
  0.2678842588515708    
  0.2691228565793156    
  0.2703709694840180    
  0.2716286912607885    
  0.2728961174053263    
  0.2741733452523029    
  0.2754604740147675    
  0.2767576048246002    
  0.2780648407740544    
  0.2793822869584069    
  0.2807100505197362    
  0.2820482406918478    
  0.2833969688463908    
  0.2847563485401842    
  0.2861264955637687    
  0.2875075279912044    
  0.2888995662311649    
  0.2903027330793392    
  0.2917171537721637    
  0.2931429560418986    
  0.2945802701730918    
  0.2960292290604489    
  0.2974899682681118    
  0.2989626260903600    
  0.3004473436137689    
  0.3019442647808325    
  0.3034535364550583    
  0.3049753084875440    
  0.3065097337850596    
  0.3080569683796393    
  0.3096171714996570    
  0.3111905056423688    
  0.3127771366479218    
  0.3143772337747980    
  0.3159909697766666    
  0.3176185209806140    
  0.3192600673667353    
  0.3209157926490231    
  0.3225858843574657    
  0.3242705339212565    
  0.3259699367530383    
  0.3276842923340675    
  0.3294138043001801    
  0.3311586805284070    
  0.3329191332240788    
  0.3346953790082018    
  0.3364876390048430    
  0.3382961389282620    
  0.3401211091695363    
  0.3419627848823538    
  0.3438214060675970    
  0.3456972176562626    
  0.3475904695902337    
  0.3495014169003389    
  0.3514303197810783    
  0.3533774436613408    
  0.3553430592703717    
  0.3573274426981096    
  0.3593308754488899    
  0.3613536444874072    
  0.3633960422757457    
  0.3654583668001298    
  0.3675409215858620    
  0.3696440156987272    
  0.3717679637309601    
  0.3739130857696291    
  0.3760797073450605    
  0.3782681593566625    
  0.3804787779732280    
  0.3827119045044118    
  0.3849678852396909    
  0.3872470712507030    
  0.3895498181524167    
  0.3918764858180235    
  0.3942274380418609    
  0.3966030421440428    
  0.3990036685097856    
  0.4014296900555903    
  0.4038814816135232    
  0.4063594192238528    
  0.4088638793252271    
  0.4113952378303028    
  0.4139538690733692    
  0.4165401446149931    
  0.4191544318870708    
  0.4217970926597937    
  0.4244684813099554    
  0.4271689428677256    
  0.4298988108164705    
  0.4326584046173462    
  0.4354480269272978    
  0.4382679604757355    
  0.4411184645614195    
  0.4439997711269250    
  0.4469120803635085    
  0.4498555557942706    
  0.4528303187781377    
  0.4558364423712845    
  0.4588739444763819    
  0.4619427802033940    
  0.4650428333585011    
  0.4681739069699790    
  0.4713357127518161    
  0.4745278593976698    
  0.4777498395895213    
  0.4810010155970075    
  0.4842806033352693    
  0.4875876547415969    
  0.4909210383246353    
  0.4942794177348971    
  0.4976612282025713    
  0.5010646506889496    
  0.5044875836020436    
  0.5079276119363618    
  0.5113819737132490    
  0.5148475236236478    
  0.5183206938114571    
  0.5217974517850090    
  0.5252732555097585    
  0.5287430058207849    
  0.5322009964025716    
  0.5356408617188770    
  0.5390555234411165    
  0.5424371361235606    
  0.5457770331109704    
  0.5490656739403430    
  0.5522925948130469    
  0.5554463640645897    
  0.5585145449407490    
  0.5614836683895488    
  0.5643392189813345    
  0.5670656374499883    
  0.5696463436751062    
  0.5720637841564593    
  0.5742995081184220    
  0.5763342762668239    
  0.5781482058437446    
  0.5797209549278705    
  0.5810319478582423    
  0.5820606421847936    
  0.5827868356661728    
  0.5831910095795241    
  0.5832547020628374    
  0.5829609025183988    
  0.5822944554611789    
  0.5812424598394269    
  0.5797946480524485    
  0.5779437279053194    
  0.5756856707957787    
  0.5730199306710728    
  0.5699495807571459    
  0.5664813586515254    
  0.5626256148510014    
  0.5583961648054709    
  0.5538100497221434    
  0.5488872161373428    
  0.5436501283086215    
  0.5381233304291169    
  0.5323329773292046    
  0.5263063526543537    
  0.5200713925800052    
  0.5136562311472007    
  0.5070887805573807    
  0.5003963565671582    
  0.4936053557823941    
  0.4867409884331463    
  0.4798270673231113    
  0.4728858512264377    
  0.4659379391214532    
  0.4590022103158630    
  0.4520958046956940    
  0.4452341369546283    
  0.4384309386496544    
  0.4316983221971482    
  0.4250468613876304    
  0.4184856835835903    
  0.4120225694111895    
  0.4056640564156489    
  0.3994155437864930    
  0.3932813958490428    
  0.3872650425481601    
  0.3813690756123813    
  0.3755953394796230    
  0.3699450163920894    
  0.3644187053329192    
  0.3590164946872272    
  0.3537380286725391    
  0.3485825677052482    
  0.3435490429572727    
  0.3386361054168415    
  0.3338421698047027    
  0.3291654537168833    
  0.3246040123714256    
  0.3201557693328104    
  0.3158185435766840    
  0.3115900732412669    
  0.3074680363921273    
  0.3034500691053329    
  0.2995337811513252    
  0.2957167695390419    
  0.2919966301573447    
  0.2883709677292517    
  0.2848374042739774    
  0.2813935862525733    
  0.2780371905550346    
  0.2747659294702619    
  0.2715775547651323    
  0.2684698609851658    
  0.2654406880767267    
  0.2624879234194427    
  0.2596095033473465    
  0.2568034142281483    
  0.2540676931618517    
  0.2514004283526540    
  0.2487997592015718    
  0.2462638761614705    
  0.2437910203910177    
  0.2413794832395528    
  0.2390276055908326    
  0.2367337770900685    
  0.2344964352754967    
  0.2323140646329683    
  0.2301851955895923    
  0.2281084034603307    
  0.2260823073595215    
  0.2241055690876631    
  0.2221768920023257    
  0.2202950198807939    
  0.2184587357809022    
  0.2166668609055558    
  0.2149182534755669    
  0.2132118076147038    
  0.2115464522501717    
  0.2099211500311902    
  0.2083348962678313    
  0.2067867178918666    
  0.2052756724409812    
  0.2038008470674076    
  0.2023613575717417    
  0.2009563474624913    
  0.1995849870416659    
  0.1982464725165800    
  0.1969400251378654    
  0.1956648903635844    
  0.1944203370492128    
  0.1932056566631832    
  0.1920201625275990    
  0.1908631890836860    
  0.1897340911814784    
  0.1886322433932088    
  0.1875570393498407    
  0.1865078911001614    
  0.1854842284918300    
  0.1844854985737701    
  0.1835111650192822    
  0.1825607075692659    
  0.1816336214949226    
  0.1807294170793271    
  0.1798476191172546    
  0.1789877664326701    
  0.1781494114132833    
  0.1773321195615918    
  0.1765354690618402    
  0.1757590503623514    
  0.1750024657726835    
  0.1742653290750861    
  0.1735472651497441    
  0.1728479096133179    
  0.1721669084702983    
  0.1715039177767097    
  0.1708586033157071    
  0.1702306402846369    
  0.1696197129931422    
  0.1690255145719024    
  0.1684477466916175    
  0.1678861192918568    
  0.1673403503194104    
  0.1668101654757943    
  0.1662952979735616    
  0.1657954883011040    
  0.1653104839956258    
  0.1648400394239898    
  0.1643839155711439    
  0.1639418798358503    
  0.1635137058334493    
  0.1630991732054018    
  0.1626980674353575    
  0.1623101796715148    
  0.1619353065550441    
  0.1615732500543526    
  0.1612238173049757    
  0.1608868204548970    
  0.1605620765150994    
  0.1602494072151605    
  0.1599486388637064    
  0.1596596022135559    
  0.1593821323313890    
  0.1591160684717766    
  0.1588612539554176    
  0.1586175360514355    
  0.1583847658635940    
  0.1581627982202959    
  0.1579514915682276    
  0.1577507078695303    
  0.1575603125023695    
  0.1573801741647931    
  0.1572101647817572    
  0.1570501594152154    
  0.1569000361771682    
  0.1567596761455728    
  0.1566289632830085    
  0.1565077843580157    
  0.1563960288690114    
  0.1562935889706997    
  0.1562003594028883    
  0.1561162374216347    
  0.1560411227326463    
  0.1559749174268583    
  0.1559175259181134    
  0.1558688548828797    
  0.1558288132019393    
  0.1557973119039822    
  0.1557742641110385    
  0.1557595849856939    
  0.1557531916800337    
  0.1557550032862537    
  0.1557649407888815    
  0.1557829270185594    
  0.1558088866073435    
  0.1558427459454636    
  0.1558844331394950    
  0.1559338779718986    
  0.1559910118618901    
  0.1560557678275940    
  0.1561280804494323    
  0.1562078858347144    
  0.1562951215833923    
  0.1563897267549439    
  0.1564916418363405    
  0.1566008087110657    
  0.1567171706291580    
  0.1568406721782433    
  0.1569712592555166    
  0.1571088790406486    
  0.1572534799695878    
  0.1574050117092302    
  0.1575634251329238    
  0.1577286722967816    
  0.1579007064167811    
  0.1580794818466251    
  0.1582649540563321    
  0.1584570796115347    
  0.1586558161534719    
  0.1588611223796463    
  0.1590729580251209    
  0.1592912838444357    
  0.1595160615941329    
  0.1597472540158661    
  0.1599848248200682    
  0.1602287386701631    
  0.1604789611673094    
  0.1607354588356577    
  0.1609981991080977    
  0.1612671503124805    
  0.1615422816583060    
  0.1618235632238640    
  0.1621109659438039    
  0.1624044615971208    
  0.1627040227955512    
  0.1630096229723652    
  0.1633212363715386    
  0.1636388380372886    
  0.1639624038039715    
  0.1642919102863289    
  0.1646273348700669    
  0.1649686557027565    
  0.1653158516850553    
  0.1656689024622344    
  0.1660277884160022    
  0.1663924906566109    
  0.1667629910152455    
  0.1671392720366887    
  0.1675213169722465    
  0.1679091097729269    
  0.1683026350828719    
  0.1687018782330339    
  0.1691068252350865    
  0.1695174627755618    
  0.1699337782102172    
  0.1703557595586219    
  0.1707833954989539    
  0.1712166753630026    
  0.1716555891313800    
  0.1721001274289316    
  0.1725502815203394    
  0.1730060433059120    
  0.1734674053175667    
  0.1739343607149973    
  0.1744069032820177    
  0.1748850274230787    
  0.1753687281599639    
  0.1758580011286584    
  0.1763528425763848    
  0.1768532493588009    
  0.1773592189373657    
  0.1778707493768714    
  0.1783878393431322    
  0.1789104881008276    
  0.1794386955115081    
  0.1799724620317584    
  0.1805117887115132    
  0.1810566771925219    
  0.1816071297069691    
  0.1821631490762514    
  0.1827247387099019    
  0.1832919026046613    
  0.1838646453437064    
  0.1844429720960309    
  0.1850268886159739    
  0.1856164012428958    
  0.1862115169010116    
  0.1868122430993776    
  0.1874185879320262    
  0.1880305600782488    
  0.1886481688030383    
  0.1892714239576850    
  0.1899003359805283    
  0.1905349158978557    
  0.1911751753249649    
  0.1918211264673877    
  0.1924727821222705    
  0.1931301556799113    
  0.1937932611254689    
  0.1944621130408338    
  0.1951367266066682    
  0.1958171176046077    
  0.1965033024196401    
  0.1971952980426576    
  0.1978931220731821    
  0.1985967927222622    
  0.1993063288155575    
  0.2000217497966049    
  0.2007430757302697    
  0.2014703273063781    
  0.2022035258435479    
  0.2029426932932162    
  0.2036878522438605    
  0.2044390259254153    
  0.2051962382138998    
  0.2059595136362531    
  0.2067288773753776    
  0.2075043552753917    
  0.2082859738471096    
  0.2090737602737461    
  0.2098677424168441    
  0.2106679488224312    
  0.2114744087274197    
  0.2122871520662492    
  0.2131062094777715    
  0.2139316123123806    
  0.2147633926394039    
  0.2156015832547576    
  0.2164462176888630    
  0.2172973302148262    
  0.2181549558569057    
  0.2190191303992624    
  0.2198898903950010    
  0.2207672731755001    
  0.2216513168600535    
  0.2225420603658249    
  0.2234395434181162    
  0.2243438065609517    
  0.2252548911679997    
  0.2261728394538329    
  0.2270976944855321    
  0.2280295001946371    
  0.2289683013894661    
  0.2299141437678098    
  0.2308670739300037    
  0.2318271393923804    
  0.2327943886011348    
  0.2337688709465957    
  0.2347506367779146    
  0.2357397374181730    
  0.2367362251799359    
  0.2377401533812563    
  0.2387515763621350    
  0.2397705495014444    
  0.2407971292343477    
  0.2418313730702153    
  0.2428733396110486    
  0.2439230885704198    
  0.2449806807929520    
  0.2460461782743530    
  0.2471196441820057    
  0.2482011428761234    
  0.2492907399315076    
  0.2503885021599091    
  0.2514944976330117    
  0.2526087957060467    
  0.2537314670420722    
  0.2548625836369296    
  0.2560022188448869    
  0.2571504474049843    
  0.2583073454681118    
  0.2594729906248318    
  0.2606474619339578    
  0.2618308399519091    
  0.2630232067628713    
  0.2642246460097871    
  0.2654352429261878    
  0.2666550843688860    
  0.2678842588515708    
  0.2691228565793156    
  0.2703709694840180    
  0.2716286912607885    
  0.2728961174053263    
  0.2741733452523029    
  0.2754604740147675    
  0.2767576048246002    
  0.2780648407740544    
  0.2793822869584069    
  0.2807100505197362    
  0.2820482406918478    
  0.2833969688463908    
  0.2847563485401842    
  0.2861264955637687    
  0.2875075279912044    
  0.2888995662311649    
  0.2903027330793392    
  0.2917171537721637    
  0.2931429560418986    
  0.2945802701730918    
  0.2960292290604489    
  0.2974899682681118    
  0.2989626260903600    
  0.3004473436137689    
  0.3019442647808325    
  0.3034535364550583    
  0.3049753084875440    
  0.3065097337850596    
  0.3080569683796393    
  0.3096171714996570    
  0.3111905056423688    
  0.3127771366479218    
  0.3143772337747980    
  0.3159909697766666    
  0.3176185209806140    
  0.3192600673667353    
  0.3209157926490231    
  0.3225858843574657    
  0.3242705339212565    
  0.3259699367530383    
  0.3276842923340675    
  0.3294138043001801    
  0.3311586805284070    
  0.3329191332240788    
  0.3346953790082018    
  0.3364876390048430    
  0.3382961389282620    
  0.3401211091695363    
  0.3419627848823538    
  0.3438214060675970    
  0.3456972176562626    
  0.3475904695902337    
  0.3495014169003389    
  0.3514303197810783    
  0.3533774436613408    
  0.3553430592703717    
  0.3573274426981096    
  0.3593308754488899    
  0.3613536444874072    
  0.3633960422757457    
  0.3654583668001298    
  0.3675409215858620    
  0.3696440156987272    
  0.3717679637309601    
  0.3739130857696291    
  0.3760797073450605    
  0.3782681593566625    
  0.3804787779732280    
  0.3827119045044118    
  0.3849678852396909    
  0.3872470712507030    
  0.3895498181524167    
  0.3918764858180235    
  0.3942274380418609    
  0.3966030421440428    
  0.3990036685097856    
  0.4014296900555903    
  0.4038814816135232    
  0.4063594192238528    
  0.4088638793252271    
  0.4113952378303028    
  0.4139538690733692    
  0.4165401446149931    
  0.4191544318870708    
  0.4217970926597937    
  0.4244684813099554    
  0.4271689428677256    
  0.4298988108164705    
  0.4326584046173462    
  0.4354480269272978    
  0.4382679604757355    
  0.4411184645614195    
  0.4439997711269250    
  0.4469120803635085    
  0.4498555557942706    
  0.4528303187781377    
  0.4558364423712845    
  0.4588739444763819    
  0.4619427802033940    
  0.4650428333585011    
  0.4681739069699790    
  0.4713357127518161    
  0.4745278593976698    
  0.4777498395895213    
  0.4810010155970075    
  0.4842806033352693    
  0.4875876547415969    
  0.4909210383246353    
  0.4942794177348971    
  0.4976612282025713    
  0.5010646506889496    
  0.5044875836020436    
  0.5079276119363618    
  0.5113819737132490    
  0.5148475236236478    
  0.5183206938114571    
  0.5217974517850090    
  0.5252732555097585    
  0.5287430058207849    
  0.5322009964025716    
  0.5356408617188770    
  0.5390555234411165    
  0.5424371361235606    
  0.5457770331109704    
  0.5490656739403430    
  0.5522925948130469    
  0.5554463640645897    
  0.5585145449407490    
  0.5614836683895488    
  0.5643392189813345    
  0.5670656374499883    
  0.5696463436751062    
  0.5720637841564593    
  0.5742995081184220    
  0.5763342762668239    
  0.5781482058437446    
  0.5797209549278705    
  0.5810319478582423    
  0.5820606421847936    
  0.5827868356661728    
  0.5831910095795241    
  0.5832547020628374    
  0.5829609025183988    
  0.5822944554611789    
  0.5812424598394269    
  0.5797946480524485    
  0.5779437279053194    
  0.5756856707957787    
  0.5730199306710728    
  0.5699495807571459    
  0.5664813586515254    
  0.5626256148510014    
  0.5583961648054709    
  0.5538100497221434    
  0.5488872161373428    
  0.5436501283086215    
  0.5381233304291169    
  0.5323329773292046    
  0.5263063526543537    
  0.5200713925800052    
  0.5136562311472007    
  0.5070887805573807    
  0.5003963565671582    
  0.4936053557823941    
  0.4867409884331463    
  0.4798270673231113    
  0.4728858512264377    
  0.4659379391214532    
  0.4590022103158630    
  0.4520958046956940    
  0.4452341369546283    
  0.4384309386496544    
  0.4316983221971482    
  0.4250468613876304    
  0.4184856835835903    
  0.4120225694111895    
  0.4056640564156489    
  0.3994155437864930    
  0.3932813958490428    
  0.3872650425481601    
  0.3813690756123813    
  0.3755953394796230    
  0.3699450163920894    
  0.3644187053329192    
  0.3590164946872272    
  0.3537380286725391    
  0.3485825677052482    
  0.3435490429572727    
  0.3386361054168415    
  0.3338421698047027    
  0.3291654537168833    
  0.3246040123714256    
  0.3201557693328104    
  0.3158185435766840    
  0.3115900732412669    
  0.3074680363921273    
  0.3034500691053329    
  0.2995337811513252    
  0.2957167695390419    
  0.2919966301573447    
  0.2883709677292517    
  0.2848374042739774    
  0.2813935862525733    
  0.2780371905550346    
  0.2747659294702619    
  0.2715775547651323    
  0.2684698609851658    
  0.2654406880767267    
  0.2624879234194427    
  0.2596095033473465    
  0.2568034142281483    
  0.2540676931618517    
  0.2514004283526540    
  0.2487997592015718    
  0.2462638761614705    
  0.2437910203910177    
  0.2413794832395528    
  0.2390276055908326    
  0.2367337770900685    
  0.2344964352754967    
  0.2323140646329683    
  0.2301851955895923    
  0.2281084034603307    
  0.2260823073595215    
  0.2241055690876631    
  0.2221768920023257    
  0.2202950198807939    
  0.2184587357809022    
  0.2166668609055558    
  0.2149182534755669    
  0.2132118076147038    
  0.2115464522501717    
  0.2099211500311902    
  0.2083348962678313    
  0.2067867178918666    
  0.2052756724409812    
  0.2038008470674076    
  0.2023613575717417    
  0.2009563474624913    
  0.1995849870416659    
  0.1982464725165800    
  0.1969400251378654    
  0.1956648903635844    
  0.1944203370492128    
  0.1932056566631832    
  0.1920201625275990    
  0.1908631890836860    
  0.1897340911814784    
  0.1886322433932088    
  0.1875570393498407    
  0.1865078911001614    
  0.1854842284918300    
  0.1844854985737701    
  0.1835111650192822    
  0.1825607075692659    
  0.1816336214949226    
  0.1807294170793271    
  0.1798476191172546    
  0.1789877664326701    
  0.1781494114132833    
  0.1773321195615918    
  0.1765354690618402    
  0.1757590503623514    
  0.1750024657726835    
  0.1742653290750861    
  0.1735472651497441    
  0.1728479096133179    
  0.1721669084702983    
  0.1715039177767097    
  0.1708586033157071    
  0.1702306402846369    
  0.1696197129931422    
  0.1690255145719024    
  0.1684477466916175    
  0.1678861192918568    
  0.1673403503194104    
  0.1668101654757943    
  0.1662952979735616    
  0.1657954883011040    
  0.1653104839956258    
  0.1648400394239898    
  0.1643839155711439    
  0.1639418798358503    
  0.1635137058334493    
  0.1630991732054018    
  0.1626980674353575    
  0.1623101796715148    
  0.1619353065550441    
  0.1615732500543526    
  0.1612238173049757    
  0.1608868204548970    
  0.1605620765150994    
  0.1602494072151605    
  0.1599486388637064    
  0.1596596022135559    
  0.1593821323313890    
  0.1591160684717766    
  0.1588612539554176    
  0.1586175360514355    
  0.1583847658635940    
  0.1581627982202959    
  0.1579514915682276    
  0.1577507078695303    
  0.1575603125023695    
  0.1573801741647931    
  0.1572101647817572    
  0.1570501594152154    
  0.1569000361771682    
  0.1567596761455728    
  0.1566289632830085    
  0.1565077843580157    
  0.1563960288690114    
  0.1562935889706997    
  0.1562003594028883    
  0.1561162374216347    
  0.1560411227326463    
  0.1559749174268583    
  0.1559175259181134    
  0.1558688548828797    
  0.1558288132019393    
  0.1557973119039822    
  0.1557742641110385    
  0.1557595849856939    
  0.1557531916800337    
  0.1557550032862537    
  0.1557649407888815    
  0.1557829270185594    
  0.1558088866073435    
  0.1558427459454636    
  0.1558844331394950    
  0.1559338779718986    
  0.1559910118618901    
  0.1560557678275940    
  0.1561280804494323    
  0.1562078858347144    
  0.1562951215833923    
  0.1563897267549439    
  0.1564916418363405    
  0.1566008087110657    
  0.1567171706291580    
  0.1568406721782433    
  0.1569712592555166    
  0.1571088790406486    
  0.1572534799695878    
  0.1574050117092302    
  0.1575634251329238    
  0.1577286722967816    
  0.1579007064167811    
  0.1580794818466251    
  0.1582649540563321    
  0.1584570796115347    
  0.1586558161534719    
  0.1588611223796463    
  0.1590729580251209    
  0.1592912838444357    
  0.1595160615941329    
  0.1597472540158661    
  0.1599848248200682    
  0.1602287386701631    
  0.1604789611673094    
  0.1607354588356577    
  0.1609981991080977    
  0.1612671503124805    
  0.1615422816583060    
  0.1618235632238640    
  0.1621109659438039    
  0.1624044615971208    
  0.1627040227955512    
  0.1630096229723652    
  0.1633212363715386    
  0.1636388380372886    
  0.1639624038039715    
  0.1642919102863289    
  0.1646273348700669    
  0.1649686557027565    
  0.1653158516850553    
  0.1656689024622344    
  0.1660277884160022    
  0.1663924906566109    
  0.1667629910152455    
  0.1671392720366887    
  0.1675213169722465    
  0.1679091097729269    
  0.1683026350828719    
  0.1687018782330339    
  0.1691068252350865    
  0.1695174627755618    
  0.1699337782102172    
  0.1703557595586219    
  0.1707833954989539    
  0.1712166753630026    
  0.1716555891313800    
  0.1721001274289316    
  0.1725502815203394    
  0.1730060433059120    
  0.1734674053175667    
  0.1739343607149973    
  0.1744069032820177    
  0.1748850274230787    
  0.1753687281599639    
  0.1758580011286584    
  0.1763528425763848    
  0.1768532493588009    
  0.1773592189373657    
  0.1778707493768714    
  0.1783878393431322    
  0.1789104881008276    
  0.1794386955115081    
  0.1799724620317584    
  0.1805117887115132    
  0.1810566771925219    
  0.1816071297069691    
  0.1821631490762514    
  0.1827247387099019    
  0.1832919026046613    
  0.1838646453437064    
  0.1844429720960309    
  0.1850268886159739    
  0.1856164012428958    
  0.1862115169010116    
  0.1868122430993776    
  0.1874185879320262    
  0.1880305600782488    
  0.1886481688030383    
  0.1892714239576850    
  0.1899003359805283    
  0.1905349158978557    
  0.1911751753249649    
  0.1918211264673877    
  0.1924727821222705    
  0.1931301556799113    
  0.1937932611254689    
  0.1944621130408338    
  0.1951367266066682    
  0.1958171176046077    
  0.1965033024196401    
  0.1971952980426576    
  0.1978931220731821    
  0.1985967927222622    
  0.1993063288155575    
  0.2000217497966049    
  0.2007430757302697    
  0.2014703273063781    
  0.2022035258435479    
  0.2029426932932162    
  0.2036878522438605    
  0.2044390259254153    
  0.2051962382138998    
  0.2059595136362531    
  0.2067288773753776    
  0.2075043552753917    
  0.2082859738471096    
  0.2090737602737461    
  0.2098677424168441    
  0.2106679488224312    
  0.2114744087274197    
  0.2122871520662492    
  0.2131062094777715    
  0.2139316123123806    
  0.2147633926394039    
  0.2156015832547576    
  0.2164462176888630    
  0.2172973302148262    
  0.2181549558569057    
  0.2190191303992624    
  0.2198898903950010    
  0.2207672731755001    
  0.2216513168600535    
  0.2225420603658249    
  0.2234395434181162    
  0.2243438065609517    
  0.2252548911679997    
  0.2261728394538329    
  0.2270976944855321    
  0.2280295001946371    
  0.2289683013894661    
  0.2299141437678098    
  0.2308670739300037    
  0.2318271393923804    
  0.2327943886011348    
  0.2337688709465957    
  0.2347506367779146    
  0.2357397374181730    
  0.2367362251799359    
  0.2377401533812563    
  0.2387515763621350    
  0.2397705495014444    
  0.2407971292343477    
  0.2418313730702153    
  0.2428733396110486    
  0.2439230885704198    
  0.2449806807929520    
  0.2460461782743530    
