   14.09146339785296    
   14.25911949775290    
   14.48312923648373    
   14.73285903402016    
   14.94929419748202    
   15.16420118128912    
   15.44254067433869    
   15.75586105577309    
   16.03763451775185    
   16.31811314749390    
   16.67146766829932    
   17.07178576017244    
   17.44323820997461    
   17.81438763497214    
   18.27108070565467    
   18.79046020592761    
   19.28454817213674    
   19.77956894880746    
   20.37639990051363    
   21.05562125976617    
   21.71192688428641    
   22.36689681019619    
   23.14007109472153    
   24.01377659419220    
   24.85330270648106    
   25.66622518438133    
   26.58886989627777    
   27.59045921146382    
   28.46726328023189    
   29.16796342966558    
   29.79928101503653    
   30.22220644645394    
   29.98219048188667    
   28.71717141435710    
   26.15762018529517    
   21.46842125287426    
   12.98690286595925    
  -1.242338758771385    
  -23.34865019104230    
  -56.18538363447076    
  -102.1298545109057    
  -158.7024437321024    
  -214.8937231768078    
  -254.2318138714971    
  -264.4064684660191    
  -245.2523902150302    
  -207.6628686795461    
  -165.2296198669031    
  -126.8864258811042    
  -95.66045496914100    
  -71.42741038709643    
  -53.23381179617461    
  -39.86325401132524    
  -29.98244403624009    
  -22.58006538596401    
  -17.12465992767493    
  -13.22936820994918    
  -10.42823367157281    
  -8.349652310980188    
  -6.856005807606118    
  -5.875162591857308    
  -5.237600306292534    
  -4.778413307287837    
  -4.472737157509293    
  -4.352193034322902    
  -4.363538994308380    
  -4.412525927789152    
  -4.490041928895486    
  -4.647939412724970    
  -4.877043692017548    
  -5.106936709269728    
  -5.317754507126107    
  -5.558484222840029    
  -5.843937084122280    
  -6.119677844180750    
  -6.354917679291439    
  -6.591501101739665    
  -6.861131209152966    
  -7.124060019579725    
  -7.340898979621639    
  -7.543906706138153    
  -7.775995445779174    
  -8.010781009608273    
  -8.202093711642556    
  -8.370510101068296    
  -8.565185635558262    
  -8.772268721503650    
  -8.941635407751454    
  -9.081705571600011    
  -9.243726887514937    
  -9.425298289769973    
  -9.575724781407976    
  -9.692841328928331    
  -9.827180061176485    
  -9.985826257298225    
  -10.11971794997156    
  -10.21849524810961    
  -10.33083458844979    
  -10.47122822145694    
  -10.59276605412880    
  -10.67857968674672    
  -10.77536481313461    
  -10.90374104812024    
  -11.01878754489006    
  -11.09780455542905    
  -11.18542457509764    
  -11.30780378445819    
  -11.42209748620598    
  -11.50022089482156    
  -11.58456343337407    
  -11.70635477814130    
  -11.82498998000324    
  -11.90753706063019    
  -11.99421960141290    
  -12.12101830104048    
  -12.24949057703134    
  -12.34212376142282    
  -12.43719765556455    
  -12.57542320835363    
  -12.72034954103562    
  -12.82977801793976    
  -12.94019839872211    
  -13.09730007303141    
  -13.26653545774331    
  -13.40070597894498    
  -13.53463452891801    
  -13.71950290081053    
  -13.92268032380632    
  -14.09146339785296    
  -14.25911949775290    
  -14.48312923648373    
  -14.73285903402016    
  -14.94929419748202    
  -15.16420118128912    
  -15.44254067433869    
  -15.75586105577309    
  -16.03763451775185    
  -16.31811314749390    
  -16.67146766829932    
  -17.07178576017244    
  -17.44323820997461    
  -17.81438763497214    
  -18.27108070565467    
  -18.79046020592761    
  -19.28454817213674    
  -19.77956894880746    
  -20.37639990051363    
  -21.05562125976617    
  -21.71192688428641    
  -22.36689681019619    
  -23.14007109472153    
  -24.01377659419220    
  -24.85330270648106    
  -25.66622518438133    
  -26.58886989627777    
  -27.59045921146382    
  -28.46726328023189    
  -29.16796342966558    
  -29.79928101503653    
  -30.22220644645394    
  -29.98219048188667    
  -28.71717141435710    
  -26.15762018529517    
  -21.46842125287426    
  -12.98690286595925    
   1.242338758771385    
   23.34865019104230    
   56.18538363447076    
   102.1298545109057    
   158.7024437321024    
   214.8937231768078    
   254.2318138714971    
   264.4064684660191    
   245.2523902150302    
   207.6628686795461    
   165.2296198669031    
   126.8864258811042    
   95.66045496914100    
   71.42741038709643    
   53.23381179617461    
   39.86325401132524    
   29.98244403624009    
   22.58006538596401    
   17.12465992767493    
   13.22936820994918    
   10.42823367157281    
   8.349652310980188    
   6.856005807606118    
   5.875162591857308    
   5.237600306292534    
   4.778413307287837    
   4.472737157509293    
   4.352193034322902    
   4.363538994308380    
   4.412525927789152    
   4.490041928895486    
   4.647939412724970    
   4.877043692017548    
   5.106936709269728    
   5.317754507126107    
   5.558484222840029    
   5.843937084122280    
   6.119677844180750    
   6.354917679291439    
   6.591501101739665    
   6.861131209152966    
   7.124060019579725    
   7.340898979621639    
   7.543906706138153    
   7.775995445779174    
   8.010781009608273    
   8.202093711642556    
   8.370510101068296    
   8.565185635558262    
   8.772268721503650    
   8.941635407751454    
   9.081705571600011    
   9.243726887514937    
   9.425298289769973    
   9.575724781407976    
   9.692841328928331    
   9.827180061176485    
   9.985826257298225    
   10.11971794997156    
   10.21849524810961    
   10.33083458844979    
   10.47122822145694    
   10.59276605412880    
   10.67857968674672    
   10.77536481313461    
   10.90374104812024    
   11.01878754489006    
   11.09780455542905    
   11.18542457509764    
   11.30780378445819    
   11.42209748620598    
   11.50022089482156    
   11.58456343337407    
   11.70635477814130    
   11.82498998000324    
   11.90753706063019    
   11.99421960141290    
   12.12101830104048    
   12.24949057703134    
   12.34212376142282    
   12.43719765556455    
   12.57542320835363    
   12.72034954103562    
   12.82977801793976    
   12.94019839872211    
   13.09730007303141    
   13.26653545774331    
   13.40070597894498    
   13.53463452891801    
   13.71950290081053    
   13.92268032380632    
