   3.122220762201083    
   3.152809170057264    
   3.185335290966211    
   3.219202952919755    
   3.254357445137609    
   3.291508261231679    
   3.330797926408055    
   3.371589506619992    
   3.413809650673965    
   3.458144013786785    
   3.504651645959354    
   3.552556647808900    
   3.601658864051316    
   3.652523529514830    
   3.704982292189184    
   3.757887921517736    
   3.810626568254635    
   3.863310462325552    
   3.915084552487638    
   3.963775259004134    
   4.007512234322112    
   4.044885261546647    
   4.072884758883019    
   4.086270727498363    
   4.079209413393500    
   4.045186771658267    
   3.974116351088862    
   3.850888812315111    
   3.656530174108721    
   3.367112260345694    
   2.948792724775250    
   2.354278868498342    
   1.522738435090333    
  0.3776013342310606    
  -1.178732170672633    
  -3.263178856301951    
  -5.994784303713602    
  -9.462364858433594    
  -13.67253958252302    
  -18.46983134418180    
  -23.45589503456802    
  -27.99120417805423    
  -31.35223188446615    
  -33.00155628181206    
  -32.80728721322714    
  -31.06259687408890    
  -28.30830932073819    
  -25.10002649543335    
  -21.85941765439092    
  -18.84238915215445    
  -16.17208684421106    
  -13.88271508461921    
  -11.95640955119617    
  -10.35253985741153    
  -9.025943712284050    
  -7.932964989386427    
  -7.032641459454294    
  -6.289457360916271    
  -5.675453050686263    
  -5.168210699500999    
  -4.747897929910533    
  -4.397725842389677    
  -4.105583980316244    
  -3.862500209384616    
  -3.659708139538799    
  -3.488976973460442    
  -3.344999465750454    
  -3.224808084251284    
  -3.124668555129440    
  -3.039785248157830    
  -2.967248047245080    
  -2.906668333439386    
  -2.857013669032132    
  -2.815158733728189    
  -2.778752930409246    
  -2.748192092199214    
  -2.724017128921286    
  -2.704352861046925    
  -2.686969194749115    
  -2.672160453499860    
  -2.661189108781787    
  -2.653169079462584    
  -2.646054625675282    
  -2.639808927291575    
  -2.635904417735646    
  -2.634171870208033    
  -2.632830724327355    
  -2.631505711837193    
  -2.631571956782544    
  -2.633326440191811    
  -2.635354885696963    
  -2.637131391584346    
  -2.639811213376961    
  -2.643812330245175    
  -2.647944931068397    
  -2.651738570363492    
  -2.656367188031650    
  -2.662298723265365    
  -2.668241415623727    
  -2.673576085544828    
  -2.679666089972018    
  -2.687371677981423    
  -2.695351995975451    
  -2.702473143838879    
  -2.709953404491822    
  -2.719215307264025    
  -2.729338986524439    
  -2.738781731740050    
  -2.748182723718123    
  -2.759162072930671    
  -2.771443681675680    
  -2.783543747678081    
  -2.795550830626264    
  -2.808866203830311    
  -2.823633436704719    
  -2.838688361117414    
  -2.853872125649897    
  -2.870273978529728    
  -2.888172940801632    
  -2.906695917071270    
  -2.925653042219505    
  -2.945913504466180    
  -2.967749636584708    
  -2.990467471707714    
  -3.013928254630798    
  -3.038890216474361    
  -3.065579870518449    
  -3.093384402215788    
  -3.122220762201083    
  -3.152809170057264    
  -3.185335290966211    
  -3.219202952919755    
  -3.254357445137609    
  -3.291508261231679    
  -3.330797926408055    
  -3.371589506619992    
  -3.413809650673965    
  -3.458144013786785    
  -3.504651645959354    
  -3.552556647808900    
  -3.601658864051316    
  -3.652523529514830    
  -3.704982292189184    
  -3.757887921517736    
  -3.810626568254635    
  -3.863310462325552    
  -3.915084552487638    
  -3.963775259004134    
  -4.007512234322112    
  -4.044885261546647    
  -4.072884758883019    
  -4.086270727498363    
  -4.079209413393500    
  -4.045186771658267    
  -3.974116351088862    
  -3.850888812315111    
  -3.656530174108721    
  -3.367112260345694    
  -2.948792724775250    
  -2.354278868498342    
  -1.522738435090333    
 -0.3776013342310606    
   1.178732170672633    
   3.263178856301951    
   5.994784303713602    
   9.462364858433594    
   13.67253958252302    
   18.46983134418180    
   23.45589503456802    
   27.99120417805423    
   31.35223188446615    
   33.00155628181206    
   32.80728721322714    
   31.06259687408890    
   28.30830932073819    
   25.10002649543335    
   21.85941765439092    
   18.84238915215445    
   16.17208684421106    
   13.88271508461921    
   11.95640955119617    
   10.35253985741153    
   9.025943712284050    
   7.932964989386427    
   7.032641459454294    
   6.289457360916271    
   5.675453050686263    
   5.168210699500999    
   4.747897929910533    
   4.397725842389677    
   4.105583980316244    
   3.862500209384616    
   3.659708139538799    
   3.488976973460442    
   3.344999465750454    
   3.224808084251284    
   3.124668555129440    
   3.039785248157830    
   2.967248047245080    
   2.906668333439386    
   2.857013669032132    
   2.815158733728189    
   2.778752930409246    
   2.748192092199214    
   2.724017128921286    
   2.704352861046925    
   2.686969194749115    
   2.672160453499860    
   2.661189108781787    
   2.653169079462584    
   2.646054625675282    
   2.639808927291575    
   2.635904417735646    
   2.634171870208033    
   2.632830724327355    
   2.631505711837193    
   2.631571956782544    
   2.633326440191811    
   2.635354885696963    
   2.637131391584346    
   2.639811213376961    
   2.643812330245175    
   2.647944931068397    
   2.651738570363492    
   2.656367188031650    
   2.662298723265365    
   2.668241415623727    
   2.673576085544828    
   2.679666089972018    
   2.687371677981423    
   2.695351995975451    
   2.702473143838879    
   2.709953404491822    
   2.719215307264025    
   2.729338986524439    
   2.738781731740050    
   2.748182723718123    
   2.759162072930671    
   2.771443681675680    
   2.783543747678081    
   2.795550830626264    
   2.808866203830311    
   2.823633436704719    
   2.838688361117414    
   2.853872125649897    
   2.870273978529728    
   2.888172940801632    
   2.906695917071270    
   2.925653042219505    
   2.945913504466180    
   2.967749636584708    
   2.990467471707714    
   3.013928254630798    
   3.038890216474361    
   3.065579870518449    
   3.093384402215788    
