  0.2276934867596417E-01
  0.3822465562908966E-01
  0.5364968511240705E-01
  0.6904048276727852E-01
  0.8439311162616447E-01
  0.9970365469138313E-01
  0.1149682173684690    
  0.1301829312383097    
  0.1453439580002501    
  0.1604474920374659    
  0.1754897627485466    
  0.1904670382381963    
  0.2053756292337386    
  0.2202118915634471    
  0.2349722282803461    
  0.2496530931384716    
  0.2642509943803358    
  0.2787624970714605    
  0.2931842249395601    
  0.3075128634951595    
  0.3217451635508324    
  0.3358779433595882    
  0.3499080901560033    
  0.3638325628170596    
  0.3776483949217761    
  0.3913526965853821    
  0.4049426557550178    
  0.4184155404400032    
  0.4317687011258929    
  0.4449995720462845    
  0.4581056722270797    
  0.4710846075182598    
  0.4839340724046237    
  0.4966518503511312    
  0.5092358142547543    
  0.5216839284826723    
  0.5339942505892737    
  0.5461649307442887    
  0.5581942109143835    
  0.5700804264311958    
  0.5818220081348436    
  0.5934174818279542    
  0.6048654662015860    
  0.6161646727929054    
  0.6273139077231059    
  0.6383120719658755    
  0.6491581596590982    
  0.6598512568342495    
  0.6703905411449438    
  0.6807752812299626    
  0.6910048359102785    
  0.7010786541945742    
  0.7109962746774204    
  0.7207573226625339    
  0.7303615071573406    
  0.7398086208832613    
  0.7490985417402157    
  0.7582312315265884    
  0.7672067318671276    
  0.7760251611216572    
  0.7846867135643802    
  0.7931916587455158    
  0.8015403402507746    
  0.8097331747851770    
  0.8177706505616015    
  0.8256533232576629    
  0.8333818115715719    
  0.8409567961326592    
  0.8483790209574715    
  0.8556492930100670    
  0.8627684787144848    
  0.8697375003012026    
  0.8765573331714988    
  0.8832290029217017    
  0.8897535827602847    
  0.8961321936357972    
  0.9023660055830938    
  0.9084562359707583    
  0.9144041444135280    
  0.9202110284992270    
  0.9258782219527925    
  0.9314070929555006    
  0.9367990422222936    
  0.9420555031007604    
  0.9471779428107070    
  0.9521678606918477    
  0.9570267830776825    
  0.9617562591216449    
  0.9663578593449814    
  0.9708331741660624    
  0.9751838116551693    
  0.9794113974074643    
  0.9835175764924240    
  0.9875040130849515    
  0.9913723864492590    
  0.9951243872897706    
  0.9987617164455419    
   1.002286082973314    
   1.005699200672606    
   1.009002786840563    
   1.012198564472444    
   1.015288263484142    
   1.018273618563123    
   1.021156367156610    
   1.023938249637621    
   1.026621008097607    
   1.029206381978886    
   1.031696104873611    
   1.034091905272170    
   1.036395507433496    
   1.038608629456325    
   1.040732982103701    
   1.042770271044668    
   1.044722198386012    
   1.046590460059973    
   1.048376742902257    
   1.050082725171776    
   1.051710076990399    
   1.053260457037903    
   1.054735509369311    
   1.056136864680248    
   1.057466142424373    
   1.058724949108396    
   1.059914876078969    
   1.061037501575963    
   1.062094393594588    
   1.063087108146583    
   1.064017186024957    
   1.064886153815542    
   1.065695526312706    
   1.066446804309064    
   1.067141470515738    
   1.067780990258888    
   1.068366814665463    
   1.068900379353822    
   1.069383100592657    
   1.069816376354822    
   1.070201590669300    
   1.070540113274182    
   1.070833295539512    
   1.071082471018737    
   1.071288960172938    
   1.071454070387361    
   1.071579091010800    
   1.071665292754282    
   1.071713932573888    
   1.071726254348983    
   1.071703483349368    
   1.071646824590696    
   1.071557468223226    
   1.071436591637550    
   1.071285353933369    
   1.071104893201048    
   1.070896332338001    
   1.070660782971683    
   1.070399340215213    
   1.070113078376690    
   1.069803056498391    
   1.069470324125878    
   1.069115916685514    
   1.068740849157469    
   1.068346120395540    
   1.067932720694336    
   1.067501628582427    
   1.067053802528086    
   1.066590183096432    
   1.066111702066507    
   1.065619281792578    
   1.065113825704557    
   1.064596217414710    
   1.064067330531803    
   1.063528031597804    
   1.062979170814405    
   1.062421577515853    
   1.061856069018571    
   1.061283457368512    
   1.060704542224244    
   1.060120102970555    
   1.059530904471307    
   1.058937706565569    
   1.058341261007368    
   1.057742301869125    
   1.057141546526781    
   1.056539705432870    
   1.055937483996996    
   1.055335574181168    
   1.054734650710103    
   1.054135377949187    
   1.053538415570848    
   1.052944414316596    
   1.052354009790897    
   1.051767824203948    
   1.051186472505646    
   1.050610563436986    
   1.050040694902437    
   1.049477451060907    
   1.048921404994072    
   1.048373122958354    
   1.047833164591257    
   1.047302078942147    
   1.046780401885175    
   1.046268659090580    
   1.045767370916155    
   1.045277051914526    
   1.044798205214198    
   1.044331320582663    
   1.043876879997760    
   1.043435362392453    
   1.043007239909402    
   1.042592971641306    
   1.042193005154122    
   1.041807783459496    
   1.041437746377893    
   1.041083324661921    
   1.040744936633151    
   1.040422992136163    
   1.040117897018942    
   1.039830051880380    
   1.039559848194455    
   1.039307667368790    
   1.039073882798002    
   1.038858861965463    
   1.038662967026611    
   1.038486553250103    
   1.038329966090605    
   1.038193540656354    
   1.038077605709722    
   1.037982487103160    
   1.037908504571239    
   1.037855965762396    
   1.037825166904023    
   1.037816399650611    
   1.037829953581169    
   1.037866110599151    
   1.037925140145582    
   1.038007301955760    
   1.038112850973705    
   1.038242037343513    
   1.038395103440089    
   1.038572282839716    
   1.038773800595446    
   1.038999872891881    
   1.039250708076766    
   1.039526509474024    
   1.039827475227621    
   1.040153793695673    
   1.040505641002814    
   1.040883185018111    
   1.041286589627317    
   1.041716012665105    
   1.042171601360276    
   1.042653492334633    
   1.043161814465100    
   1.043696688777112    
   1.044258226457958    
   1.044846529692614    
   1.045461693594876    
   1.046103804353916    
   1.046772935688382    
   1.047469149571517    
   1.048192500044469    
   1.048943033592270    
   1.049720785652088    
   1.050525779081509    
   1.051358026021751    
   1.052217528602449    
   1.053104277185244    
   1.054018250068281    
   1.054959415503843    
   1.055927731823583    
   1.056923144508006    
   1.057945584673649    
   1.058994971235855    
   1.060071212952560    
   1.061174207206389    
   1.062303837841146    
   1.063459975030977    
   1.064642476073231    
   1.065851184987508    
   1.067085931732458    
   1.068346532612473    
   1.069632790913855    
   1.070944495925959    
   1.072281420872049    
   1.073643322051129    
   1.075029940063984    
   1.076441001268148    
   1.077876217008346    
   1.079335280837389    
   1.080817866892871    
   1.082323631360748    
   1.083852214439771    
   1.085403239337540    
   1.086976309712248    
   1.088571009634998    
   1.090186905514162    
   1.091823545669380    
   1.093480457853747    
   1.095157149711231    
   1.096853112072773    
   1.098567818683469    
   1.100300721346001    
   1.102051248308907    
   1.103818809156274    
   1.105602797858976    
   1.107402587827337    
   1.109217526243876    
   1.111046936297332    
   1.112890122454882    
   1.114746369110506    
   1.116614934734428    
   1.118495050741900    
   1.120385925172204    
   1.122286743593008    
   1.124196666278106    
   1.126114827480113    
   1.128040337392820    
   1.129972282158048    
   1.131909722398251    
   1.133851694630735    
   1.135797213777025    
   1.137745271614847    
   1.139694833642789    
   1.141644840705608    
   1.143594212791391    
   1.145541847227249    
   1.147486613230820    
   1.149427351786789    
   1.151362880117882    
   1.153291991224574    
   1.155213448037765    
   1.157125982104606    
   1.159028298808085    
   1.160919079592071    
   1.162796978112195    
   1.164660619290782    
   1.166508605091694    
   1.168339518399602    
   1.170151920122737    
   1.171944346945353    
   1.173715314618183    
   1.175463319862298    
   1.177186835891007    
   1.178884308254559    
   1.180554156661740    
   1.182194777219851    
   1.183804539975743    
   1.185381787163838    
   1.186924837142556    
   1.188431988652371    
   1.189901520255177    
   1.191331689968480    
   1.192720739988389    
   1.194066901230690    
   1.195368392102795    
   1.196623415620927    
   1.197830159412744    
   1.198986794399321    
   1.200091469110618    
   1.201142306643308    
   1.202137409923658    
   1.203074868982366    
   1.203952762991367    
   1.204769160650744    
   1.205522124106400    
   1.206209712623167    
   1.206829982242309    
   1.207380985802339    
   1.207860774521872    
   1.208267392962960    
   1.208598867144429    
   1.208853201907680    
   1.209028395455816    
   1.209122453510604    
   1.209133386488671    
   1.209059202362980    
   1.208897915111374    
   1.208647559079046    
   1.208306184477731    
   1.207871837182030    
   1.207342550475232    
   1.206716356457970    
   1.205991296156408    
   1.205165417647482    
   1.204236777601960    
   1.203203455229511    
   1.202063562070224    
   1.200815233599293    
   1.199456614567176    
   1.197985854999265    
   1.196401113994035    
   1.194700561549875    
   1.192882382297730    
   1.190944787956246    
   1.188886029890621    
   1.186704398394424    
   1.184398211190461    
   1.181965804085436    
   1.179405528434806    
   1.176715752405979    
   1.173894867268185    
   1.170941300598327    
   1.167853528249288    
   1.164630073795714    
   1.161269496701570    
   1.157770381134866    
   1.154131333142743    
   1.150350985688717    
   1.146428009421328    
   1.142361125432457    
   1.138149111131952    
   1.133790792685916    
   1.129285030434340    
   1.124630711470102    
   1.119826755646415    
   1.114872128879512    
   1.109765854112818    
   1.104507013717024    
   1.099094741686178    
   1.093528210941655    
   1.087806627542975    
   1.081929239269674    
   1.075895351355374    
   1.069704334187500    
   1.063355616826926    
   1.056848674648590    
   1.050183023315721    
   1.043358224047913    
   1.036373895640952    
   1.029229723052168    
   1.021925454417499    
   1.014460889291920    
   1.006835871347243    
  0.9990502947627755    
  0.9911041174270151    
  0.9829973659294224    
  0.9747301278907826    
  0.9663025422655722    
  0.9577147991496252    
  0.9489671485355836    
  0.9400599079924904    
  0.9309934615864044    
  0.9217682522892097    
  0.9123847773072777    
  0.9028435925173273    
  0.8931453210424320    
  0.8832906552331102    
  0.8732803498688045    
  0.8631152166670610    
  0.8527961282924051    
  0.8423240261144962    
  0.8316999208056454    
  0.8209248860973644    
  0.8100000559218279    
  0.7989266289850090    
  0.7877058734332312    
  0.7763391252690295    
  0.7648277842658036    
  0.7531733139837780    
  0.7413772452676265    
  0.7294411777631904    
  0.7173667779554281    
  0.7051557773989552    
  0.6928099736694927    
  0.6803312321922896    
  0.6677214862370576    
  0.6549827353950610    
  0.6421170448859200    
  0.6291265464651251    
  0.6160134391927065    
  0.6027799886116746    
  0.5894285254074900    
  0.5759614453437056    
  0.5623812099996641    
  0.5486903463873377    
  0.5348914454264158    
  0.5209871611829724    
  0.5069802112610540    
  0.4928733765204018    
  0.4786694994575941    
  0.4643714829625777    
  0.4499822902962042    
  0.4355049446853749    
  0.4209425275602361    
  0.4062981769303809    
  0.3915750869560797    
  0.3767765073015432    
  0.3619057411563054    
  0.3469661432636048    
  0.3319611191038824    
  0.3168941239490297    
  0.3017686606129997    
  0.2865882771378456    
  0.2713565656067123    
  0.2560771608774949    
  0.2407537380318461    
  0.2253900097216421    
  0.2099897246315837    
  0.1945566658947346    
  0.1790946482326949    
  0.1636075149742844    
  0.1480991361968440    
  0.1325734068468195    
  0.1170342435860105    
  0.1014855815083867    
  0.8593137200248996E-01
  0.7037558062025785E-01
  0.5482218366538427E-01
  0.3927516464976626E-01
  0.2373851193435231E-01
  0.8216216409432259E-02
 -0.7287732118779428E-02
 -0.2276934867596417E-01
 -0.3822465562908966E-01
 -0.5364968511240705E-01
 -0.6904048276727852E-01
 -0.8439311162616447E-01
 -0.9970365469138313E-01
 -0.1149682173684690    
 -0.1301829312383097    
 -0.1453439580002501    
 -0.1604474920374659    
 -0.1754897627485466    
 -0.1904670382381963    
 -0.2053756292337386    
 -0.2202118915634471    
 -0.2349722282803461    
 -0.2496530931384716    
 -0.2642509943803358    
 -0.2787624970714605    
 -0.2931842249395601    
 -0.3075128634951595    
 -0.3217451635508324    
 -0.3358779433595882    
 -0.3499080901560033    
 -0.3638325628170596    
 -0.3776483949217761    
 -0.3913526965853821    
 -0.4049426557550178    
 -0.4184155404400032    
 -0.4317687011258929    
 -0.4449995720462845    
 -0.4581056722270797    
 -0.4710846075182598    
 -0.4839340724046237    
 -0.4966518503511312    
 -0.5092358142547543    
 -0.5216839284826723    
 -0.5339942505892737    
 -0.5461649307442887    
 -0.5581942109143835    
 -0.5700804264311958    
 -0.5818220081348436    
 -0.5934174818279542    
 -0.6048654662015860    
 -0.6161646727929054    
 -0.6273139077231059    
 -0.6383120719658755    
 -0.6491581596590982    
 -0.6598512568342495    
 -0.6703905411449438    
 -0.6807752812299626    
 -0.6910048359102785    
 -0.7010786541945742    
 -0.7109962746774204    
 -0.7207573226625339    
 -0.7303615071573406    
 -0.7398086208832613    
 -0.7490985417402157    
 -0.7582312315265884    
 -0.7672067318671276    
 -0.7760251611216572    
 -0.7846867135643802    
 -0.7931916587455158    
 -0.8015403402507746    
 -0.8097331747851770    
 -0.8177706505616015    
 -0.8256533232576629    
 -0.8333818115715719    
 -0.8409567961326592    
 -0.8483790209574715    
 -0.8556492930100670    
 -0.8627684787144848    
 -0.8697375003012026    
 -0.8765573331714988    
 -0.8832290029217017    
 -0.8897535827602847    
 -0.8961321936357972    
 -0.9023660055830938    
 -0.9084562359707583    
 -0.9144041444135280    
 -0.9202110284992270    
 -0.9258782219527925    
 -0.9314070929555006    
 -0.9367990422222936    
 -0.9420555031007604    
 -0.9471779428107070    
 -0.9521678606918477    
 -0.9570267830776825    
 -0.9617562591216449    
 -0.9663578593449814    
 -0.9708331741660624    
 -0.9751838116551693    
 -0.9794113974074643    
 -0.9835175764924240    
 -0.9875040130849515    
 -0.9913723864492590    
 -0.9951243872897706    
 -0.9987617164455419    
  -1.002286082973314    
  -1.005699200672606    
  -1.009002786840563    
  -1.012198564472444    
  -1.015288263484142    
  -1.018273618563123    
  -1.021156367156610    
  -1.023938249637621    
  -1.026621008097607    
  -1.029206381978886    
  -1.031696104873611    
  -1.034091905272170    
  -1.036395507433496    
  -1.038608629456325    
  -1.040732982103701    
  -1.042770271044668    
  -1.044722198386012    
  -1.046590460059973    
  -1.048376742902257    
  -1.050082725171776    
  -1.051710076990399    
  -1.053260457037903    
  -1.054735509369311    
  -1.056136864680248    
  -1.057466142424373    
  -1.058724949108396    
  -1.059914876078969    
  -1.061037501575963    
  -1.062094393594588    
  -1.063087108146583    
  -1.064017186024957    
  -1.064886153815542    
  -1.065695526312706    
  -1.066446804309064    
  -1.067141470515738    
  -1.067780990258888    
  -1.068366814665463    
  -1.068900379353822    
  -1.069383100592657    
  -1.069816376354822    
  -1.070201590669300    
  -1.070540113274182    
  -1.070833295539512    
  -1.071082471018737    
  -1.071288960172938    
  -1.071454070387361    
  -1.071579091010800    
  -1.071665292754282    
  -1.071713932573888    
  -1.071726254348983    
  -1.071703483349368    
  -1.071646824590696    
  -1.071557468223226    
  -1.071436591637550    
  -1.071285353933369    
  -1.071104893201048    
  -1.070896332338001    
  -1.070660782971683    
  -1.070399340215213    
  -1.070113078376690    
  -1.069803056498391    
  -1.069470324125878    
  -1.069115916685514    
  -1.068740849157469    
  -1.068346120395540    
  -1.067932720694336    
  -1.067501628582427    
  -1.067053802528086    
  -1.066590183096432    
  -1.066111702066507    
  -1.065619281792578    
  -1.065113825704557    
  -1.064596217414710    
  -1.064067330531803    
  -1.063528031597804    
  -1.062979170814405    
  -1.062421577515853    
  -1.061856069018571    
  -1.061283457368512    
  -1.060704542224244    
  -1.060120102970555    
  -1.059530904471307    
  -1.058937706565569    
  -1.058341261007368    
  -1.057742301869125    
  -1.057141546526781    
  -1.056539705432870    
  -1.055937483996996    
  -1.055335574181168    
  -1.054734650710103    
  -1.054135377949187    
  -1.053538415570848    
  -1.052944414316596    
  -1.052354009790897    
  -1.051767824203948    
  -1.051186472505646    
  -1.050610563436986    
  -1.050040694902437    
  -1.049477451060907    
  -1.048921404994072    
  -1.048373122958354    
  -1.047833164591257    
  -1.047302078942147    
  -1.046780401885175    
  -1.046268659090580    
  -1.045767370916155    
  -1.045277051914526    
  -1.044798205214198    
  -1.044331320582663    
  -1.043876879997760    
  -1.043435362392453    
  -1.043007239909402    
  -1.042592971641306    
  -1.042193005154122    
  -1.041807783459496    
  -1.041437746377893    
  -1.041083324661921    
  -1.040744936633151    
  -1.040422992136163    
  -1.040117897018942    
  -1.039830051880380    
  -1.039559848194455    
  -1.039307667368790    
  -1.039073882798002    
  -1.038858861965463    
  -1.038662967026611    
  -1.038486553250103    
  -1.038329966090605    
  -1.038193540656354    
  -1.038077605709722    
  -1.037982487103160    
  -1.037908504571239    
  -1.037855965762396    
  -1.037825166904023    
  -1.037816399650611    
  -1.037829953581169    
  -1.037866110599151    
  -1.037925140145582    
  -1.038007301955760    
  -1.038112850973705    
  -1.038242037343513    
  -1.038395103440089    
  -1.038572282839716    
  -1.038773800595446    
  -1.038999872891881    
  -1.039250708076766    
  -1.039526509474024    
  -1.039827475227621    
  -1.040153793695673    
  -1.040505641002814    
  -1.040883185018111    
  -1.041286589627317    
  -1.041716012665105    
  -1.042171601360276    
  -1.042653492334633    
  -1.043161814465100    
  -1.043696688777112    
  -1.044258226457958    
  -1.044846529692614    
  -1.045461693594876    
  -1.046103804353916    
  -1.046772935688382    
  -1.047469149571517    
  -1.048192500044469    
  -1.048943033592270    
  -1.049720785652088    
  -1.050525779081509    
  -1.051358026021751    
  -1.052217528602449    
  -1.053104277185244    
  -1.054018250068281    
  -1.054959415503843    
  -1.055927731823583    
  -1.056923144508006    
  -1.057945584673649    
  -1.058994971235855    
  -1.060071212952560    
  -1.061174207206389    
  -1.062303837841146    
  -1.063459975030977    
  -1.064642476073231    
  -1.065851184987508    
  -1.067085931732458    
  -1.068346532612473    
  -1.069632790913855    
  -1.070944495925959    
  -1.072281420872049    
  -1.073643322051129    
  -1.075029940063984    
  -1.076441001268148    
  -1.077876217008346    
  -1.079335280837389    
  -1.080817866892871    
  -1.082323631360748    
  -1.083852214439771    
  -1.085403239337540    
  -1.086976309712248    
  -1.088571009634998    
  -1.090186905514162    
  -1.091823545669380    
  -1.093480457853747    
  -1.095157149711231    
  -1.096853112072773    
  -1.098567818683469    
  -1.100300721346001    
  -1.102051248308907    
  -1.103818809156274    
  -1.105602797858976    
  -1.107402587827337    
  -1.109217526243876    
  -1.111046936297332    
  -1.112890122454882    
  -1.114746369110506    
  -1.116614934734428    
  -1.118495050741900    
  -1.120385925172204    
  -1.122286743593008    
  -1.124196666278106    
  -1.126114827480113    
  -1.128040337392820    
  -1.129972282158048    
  -1.131909722398251    
  -1.133851694630735    
  -1.135797213777025    
  -1.137745271614847    
  -1.139694833642789    
  -1.141644840705608    
  -1.143594212791391    
  -1.145541847227249    
  -1.147486613230820    
  -1.149427351786789    
  -1.151362880117882    
  -1.153291991224574    
  -1.155213448037765    
  -1.157125982104606    
  -1.159028298808085    
  -1.160919079592071    
  -1.162796978112195    
  -1.164660619290782    
  -1.166508605091694    
  -1.168339518399602    
  -1.170151920122737    
  -1.171944346945353    
  -1.173715314618183    
  -1.175463319862298    
  -1.177186835891007    
  -1.178884308254559    
  -1.180554156661740    
  -1.182194777219851    
  -1.183804539975743    
  -1.185381787163838    
  -1.186924837142556    
  -1.188431988652371    
  -1.189901520255177    
  -1.191331689968480    
  -1.192720739988389    
  -1.194066901230690    
  -1.195368392102795    
  -1.196623415620927    
  -1.197830159412744    
  -1.198986794399321    
  -1.200091469110618    
  -1.201142306643308    
  -1.202137409923658    
  -1.203074868982366    
  -1.203952762991367    
  -1.204769160650744    
  -1.205522124106400    
  -1.206209712623167    
  -1.206829982242309    
  -1.207380985802339    
  -1.207860774521872    
  -1.208267392962960    
  -1.208598867144429    
  -1.208853201907680    
  -1.209028395455816    
  -1.209122453510604    
  -1.209133386488671    
  -1.209059202362980    
  -1.208897915111374    
  -1.208647559079046    
  -1.208306184477731    
  -1.207871837182030    
  -1.207342550475232    
  -1.206716356457970    
  -1.205991296156408    
  -1.205165417647482    
  -1.204236777601960    
  -1.203203455229511    
  -1.202063562070224    
  -1.200815233599293    
  -1.199456614567176    
  -1.197985854999265    
  -1.196401113994035    
  -1.194700561549875    
  -1.192882382297730    
  -1.190944787956246    
  -1.188886029890621    
  -1.186704398394424    
  -1.184398211190461    
  -1.181965804085436    
  -1.179405528434806    
  -1.176715752405979    
  -1.173894867268185    
  -1.170941300598327    
  -1.167853528249288    
  -1.164630073795714    
  -1.161269496701570    
  -1.157770381134866    
  -1.154131333142743    
  -1.150350985688717    
  -1.146428009421328    
  -1.142361125432457    
  -1.138149111131952    
  -1.133790792685916    
  -1.129285030434340    
  -1.124630711470102    
  -1.119826755646415    
  -1.114872128879512    
  -1.109765854112818    
  -1.104507013717024    
  -1.099094741686178    
  -1.093528210941655    
  -1.087806627542975    
  -1.081929239269674    
  -1.075895351355374    
  -1.069704334187500    
  -1.063355616826926    
  -1.056848674648590    
  -1.050183023315721    
  -1.043358224047913    
  -1.036373895640952    
  -1.029229723052168    
  -1.021925454417499    
  -1.014460889291920    
  -1.006835871347243    
 -0.9990502947627755    
 -0.9911041174270151    
 -0.9829973659294224    
 -0.9747301278907826    
 -0.9663025422655722    
 -0.9577147991496252    
 -0.9489671485355836    
 -0.9400599079924904    
 -0.9309934615864044    
 -0.9217682522892097    
 -0.9123847773072777    
 -0.9028435925173273    
 -0.8931453210424320    
 -0.8832906552331102    
 -0.8732803498688045    
 -0.8631152166670610    
 -0.8527961282924051    
 -0.8423240261144962    
 -0.8316999208056454    
 -0.8209248860973644    
 -0.8100000559218279    
 -0.7989266289850090    
 -0.7877058734332312    
 -0.7763391252690295    
 -0.7648277842658036    
 -0.7531733139837780    
 -0.7413772452676265    
 -0.7294411777631904    
 -0.7173667779554281    
 -0.7051557773989552    
 -0.6928099736694927    
 -0.6803312321922896    
 -0.6677214862370576    
 -0.6549827353950610    
 -0.6421170448859200    
 -0.6291265464651251    
 -0.6160134391927065    
 -0.6027799886116746    
 -0.5894285254074900    
 -0.5759614453437056    
 -0.5623812099996641    
 -0.5486903463873377    
 -0.5348914454264158    
 -0.5209871611829724    
 -0.5069802112610540    
 -0.4928733765204018    
 -0.4786694994575941    
 -0.4643714829625777    
 -0.4499822902962042    
 -0.4355049446853749    
 -0.4209425275602361    
 -0.4062981769303809    
 -0.3915750869560797    
 -0.3767765073015432    
 -0.3619057411563054    
 -0.3469661432636048    
 -0.3319611191038824    
 -0.3168941239490297    
 -0.3017686606129997    
 -0.2865882771378456    
 -0.2713565656067123    
 -0.2560771608774949    
 -0.2407537380318461    
 -0.2253900097216421    
 -0.2099897246315837    
 -0.1945566658947346    
 -0.1790946482326949    
 -0.1636075149742844    
 -0.1480991361968440    
 -0.1325734068468195    
 -0.1170342435860105    
 -0.1014855815083867    
 -0.8593137200248996E-01
 -0.7037558062025785E-01
 -0.5482218366538427E-01
 -0.3927516464976626E-01
 -0.2373851193435231E-01
 -0.8216216409432259E-02
  0.7287732118779428E-02
