  0.7717464692888210E-01
  0.7459278754003029E-01
  0.7199915736503543E-01
  0.6939406635226120E-01
  0.6677782769130181E-01
  0.6415075781958152E-01
  0.6151317641426129E-01
  0.5886540639898369E-01
  0.5620777396520599E-01
  0.5354060858276261E-01
  0.5086424298794689E-01
  0.4817901316479017E-01
  0.4548525833684303E-01
  0.4278332096520138E-01
  0.4007354673666469E-01
  0.3735628453699996E-01
  0.3463188641967735E-01
  0.3190070758033242E-01
  0.2916310633474395E-01
  0.2641944409026015E-01
  0.2367008530622555E-01
  0.2091539744976023E-01
  0.1815575095509425E-01
  0.1539151918545012E-01
  0.1262307838934862E-01
  0.9850807648313753E-02
  0.7075088822354469E-02
  0.4296306498916325E-02
  0.1514847941678943E-02
 -0.1268896967564048E-02
 -0.4054535792883174E-02
 -0.6841673606654053E-02
 -0.9629913047920435E-02
 -0.1241885438283608E-01
 -0.1520809557330072E-01
 -0.1799723235114931E-01
 -0.2078585828919777E-01
 -0.2357356486531548E-01
 -0.2635994152662735E-01
 -0.2914457576420043E-01
 -0.3192705319717426E-01
 -0.3470695765198578E-01
 -0.3748387122769370E-01
 -0.4025737435975785E-01
 -0.4302704590145895E-01
 -0.4579246321893965E-01
 -0.4855320227373028E-01
 -0.5130883768284539E-01
 -0.5405894278194823E-01
 -0.5680308971655462E-01
 -0.5954084954498851E-01
 -0.6227179231685526E-01
 -0.6499548712692022E-01
 -0.6771150218325261E-01
 -0.7041940490790882E-01
 -0.7311876203804335E-01
 -0.7580913969442299E-01
 -0.7849010343540441E-01
 -0.8116121833684842E-01
 -0.8382204909683882E-01
 -0.8647216012542430E-01
 -0.8911111560489665E-01
 -0.9173847955269565E-01
 -0.9435381591234310E-01
 -0.9695668865203944E-01
 -0.9954666184102323E-01
 -0.1021232997120487    
 -0.1046861667388195    
 -0.1072348277295945    
 -0.1097688479128474    
 -0.1122877930082253    
 -0.1147912293015296    
 -0.1172787237329269    
 -0.1197498439845170    
 -0.1222041585580203    
 -0.1246412368535126    
 -0.1270606492579212    
 -0.1294619672342512    
 -0.1318447634038415    
 -0.1342086116305039    
 -0.1365530871143021    
 -0.1388777664861692    
 -0.1411822278951325    
 -0.1434660510974424    
 -0.1457288175577965    
 -0.1479701105542974    
 -0.1501895152754314    
 -0.1523866189161664    
 -0.1545610107864939    
 -0.1567122824277085    
 -0.1588400277230634    
 -0.1609438430061538    
 -0.1630233271807546    
 -0.1650780818503279    
 -0.1671077114435384    
 -0.1691118233366848    
 -0.1710900279876131    
 -0.1730419390823306    
 -0.1749671736798080    
 -0.1768653523517130    
 -0.1787360993312497    
 -0.1805790426767457    
 -0.1823938144374622    
 -0.1841800508145762    
 -0.1859373923281060    
 -0.1876654839975989    
 -0.1893639755276777    
 -0.1910325214906969    
 -0.1926707815140027    
 -0.1942784204789869    
 -0.1958551087250178    
 -0.1974005222511631    
 -0.1989143429217961    
 -0.2003962586825487    
 -0.2018459637804348    
 -0.2032631589813593    
 -0.2046475517901993    
 -0.2059988566791542    
 -0.2073167953184860    
 -0.2086010968034088    
 -0.2098514978821600    
 -0.2110677431901444    
 -0.2122495854835840    
 -0.2133967858664989    
 -0.2145091140166375    
 -0.2155863484151896    
 -0.2166282765727521    
 -0.2176346952449886    
 -0.2186054106444584    
 -0.2195402386536325    
 -0.2204390050298794    
 -0.2213015455948881    
 -0.2221277064170686    
 -0.2229173439939107    
 -0.2236703254229329    
 -0.2243865285503208    
 -0.2250658421070844    
 -0.2257081658440425    
 -0.2263134106542574    
 -0.2268814986675494    
 -0.2274123633259956    
 -0.2279059494563779    
 -0.2283622133303265    
 -0.2287811226926144    
 -0.2291626567639410    
 -0.2295068062385703    
 -0.2298135732715259    
 -0.2300829714324775    
 -0.2303150256287796    
 -0.2305097720216056    
 -0.2306672579349305    
 -0.2307875417317269    
 -0.2308706926547190    
 -0.2309167906590839    
 -0.2309259262442265    
 -0.2308982002573530    
 -0.2308337236583577    
 -0.2307326172742152    
 -0.2305950115592042    
 -0.2304210463353786    
 -0.2302108704942654    
 -0.2299646416856228    
 -0.2296825260190265    
 -0.2293646977572626    
 -0.2290113389734607    
 -0.2286226391916761    
 -0.2281987950459922    
 -0.2277400099460818    
 -0.2272464937130596    
 -0.2267184621941322    
 -0.2261561368978129    
 -0.2255597446513828    
 -0.2249295172399754    
 -0.2242656910196270    
 -0.2235685065473558    
 -0.2228382082482632    
 -0.2220750440819184    
 -0.2212792651801308    
 -0.2204511254896941    
 -0.2195908814594525    
 -0.2186987917502503    
 -0.2177751169236006    
 -0.2168201191191348    
 -0.2158340617691137    
 -0.2148172093560266    
 -0.2137698271685615    
 -0.2126921810364918    
 -0.2115845370825724    
 -0.2104471615240950    
 -0.2092803204989049    
 -0.2080842798753733    
 -0.2068593050559817    
 -0.2056056608176762    
 -0.2043236111965812    
 -0.2030134193781907    
 -0.2016753475694768    
 -0.2003096568805496    
 -0.1989166072501356    
 -0.1974964574024292    
 -0.1960494647960889    
 -0.1945758855597426    
 -0.1930759744490300    
 -0.1915499848455106    
 -0.1899981687717412    
 -0.1884207768907891    
 -0.1868180585001489    
 -0.1851902615542083    
 -0.1835376327200180    
 -0.1818604174352152    
 -0.1801588599489483    
 -0.1784332033657053    
 -0.1766836897179926    
 -0.1749105600603435    
 -0.1731140545565815    
 -0.1712944125535942    
 -0.1694518726632366    
 -0.1675866728677745    
 -0.1656990506357836    
 -0.1637892430277654    
 -0.1618574867928797    
 -0.1599040184755742    
 -0.1579290745387676    
 -0.1559328914887685    
 -0.1539157059888121    
 -0.1518777549688989    
 -0.1498192757463547    
 -0.1477405061542825    
 -0.1456416846627004    
 -0.1435230504905208    
 -0.1413848437228680    
 -0.1392273054384469    
 -0.1370506778309970    
 -0.1348552043144278    
 -0.1326411296272829    
 -0.1304086999545053    
 -0.1281581630540980    
 -0.1258897683611344    
 -0.1236037670707007    
 -0.1213004122323699    
 -0.1189799588706117    
 -0.1166426641019360    
 -0.1142887872169980    
 -0.1119185897413842    
 -0.1095323355162353    
 -0.1071302908080674    
 -0.1047127244108720    
 -0.1022799077085887    
 -0.9983211471539133E-01
 -0.9736962213658135E-01
 -0.9489270945971123E-01
 -0.9240165903937037E-01
 -0.8989675614246379E-01
 -0.8737828896912503E-01
 -0.8484654869184127E-01
 -0.8230182952447224E-01
 -0.7974442878632076E-01
 -0.7717464692888210E-01
 -0.7459278754003029E-01
 -0.7199915736503543E-01
 -0.6939406635226120E-01
 -0.6677782769130181E-01
 -0.6415075781958152E-01
 -0.6151317641426129E-01
 -0.5886540639898369E-01
 -0.5620777396520599E-01
 -0.5354060858276261E-01
 -0.5086424298794689E-01
 -0.4817901316479017E-01
 -0.4548525833684303E-01
 -0.4278332096520138E-01
 -0.4007354673666469E-01
 -0.3735628453699996E-01
 -0.3463188641967735E-01
 -0.3190070758033242E-01
 -0.2916310633474395E-01
 -0.2641944409026015E-01
 -0.2367008530622555E-01
 -0.2091539744976023E-01
 -0.1815575095509425E-01
 -0.1539151918545012E-01
 -0.1262307838934862E-01
 -0.9850807648313753E-02
 -0.7075088822354469E-02
 -0.4296306498916325E-02
 -0.1514847941678943E-02
  0.1268896967564048E-02
  0.4054535792883174E-02
  0.6841673606654053E-02
  0.9629913047920435E-02
  0.1241885438283608E-01
  0.1520809557330072E-01
  0.1799723235114931E-01
  0.2078585828919777E-01
  0.2357356486531548E-01
  0.2635994152662735E-01
  0.2914457576420043E-01
  0.3192705319717426E-01
  0.3470695765198578E-01
  0.3748387122769370E-01
  0.4025737435975785E-01
  0.4302704590145895E-01
  0.4579246321893965E-01
  0.4855320227373028E-01
  0.5130883768284539E-01
  0.5405894278194823E-01
  0.5680308971655462E-01
  0.5954084954498851E-01
  0.6227179231685526E-01
  0.6499548712692022E-01
  0.6771150218325261E-01
  0.7041940490790882E-01
  0.7311876203804335E-01
  0.7580913969442299E-01
  0.7849010343540441E-01
  0.8116121833684842E-01
  0.8382204909683882E-01
  0.8647216012542430E-01
  0.8911111560489665E-01
  0.9173847955269565E-01
  0.9435381591234310E-01
  0.9695668865203944E-01
  0.9954666184102323E-01
  0.1021232997120487    
  0.1046861667388195    
  0.1072348277295945    
  0.1097688479128474    
  0.1122877930082253    
  0.1147912293015296    
  0.1172787237329269    
  0.1197498439845170    
  0.1222041585580203    
  0.1246412368535126    
  0.1270606492579212    
  0.1294619672342512    
  0.1318447634038415    
  0.1342086116305039    
  0.1365530871143021    
  0.1388777664861692    
  0.1411822278951325    
  0.1434660510974424    
  0.1457288175577965    
  0.1479701105542974    
  0.1501895152754314    
  0.1523866189161664    
  0.1545610107864939    
  0.1567122824277085    
  0.1588400277230634    
  0.1609438430061538    
  0.1630233271807546    
  0.1650780818503279    
  0.1671077114435384    
  0.1691118233366848    
  0.1710900279876131    
  0.1730419390823306    
  0.1749671736798080    
  0.1768653523517130    
  0.1787360993312497    
  0.1805790426767457    
  0.1823938144374622    
  0.1841800508145762    
  0.1859373923281060    
  0.1876654839975989    
  0.1893639755276777    
  0.1910325214906969    
  0.1926707815140027    
  0.1942784204789869    
  0.1958551087250178    
  0.1974005222511631    
  0.1989143429217961    
  0.2003962586825487    
  0.2018459637804348    
  0.2032631589813593    
  0.2046475517901993    
  0.2059988566791542    
  0.2073167953184860    
  0.2086010968034088    
  0.2098514978821600    
  0.2110677431901444    
  0.2122495854835840    
  0.2133967858664989    
  0.2145091140166375    
  0.2155863484151896    
  0.2166282765727521    
  0.2176346952449886    
  0.2186054106444584    
  0.2195402386536325    
  0.2204390050298794    
  0.2213015455948881    
  0.2221277064170686    
  0.2229173439939107    
  0.2236703254229329    
  0.2243865285503208    
  0.2250658421070844    
  0.2257081658440425    
  0.2263134106542574    
  0.2268814986675494    
  0.2274123633259956    
  0.2279059494563779    
  0.2283622133303265    
  0.2287811226926144    
  0.2291626567639410    
  0.2295068062385703    
  0.2298135732715259    
  0.2300829714324775    
  0.2303150256287796    
  0.2305097720216056    
  0.2306672579349305    
  0.2307875417317269    
  0.2308706926547190    
  0.2309167906590839    
  0.2309259262442265    
  0.2308982002573530    
  0.2308337236583577    
  0.2307326172742152    
  0.2305950115592042    
  0.2304210463353786    
  0.2302108704942654    
  0.2299646416856228    
  0.2296825260190265    
  0.2293646977572626    
  0.2290113389734607    
  0.2286226391916761    
  0.2281987950459922    
  0.2277400099460818    
  0.2272464937130596    
  0.2267184621941322    
  0.2261561368978129    
  0.2255597446513828    
  0.2249295172399754    
  0.2242656910196270    
  0.2235685065473558    
  0.2228382082482632    
  0.2220750440819184    
  0.2212792651801308    
  0.2204511254896941    
  0.2195908814594525    
  0.2186987917502503    
  0.2177751169236006    
  0.2168201191191348    
  0.2158340617691137    
  0.2148172093560266    
  0.2137698271685615    
  0.2126921810364918    
  0.2115845370825724    
  0.2104471615240950    
  0.2092803204989049    
  0.2080842798753733    
  0.2068593050559817    
  0.2056056608176762    
  0.2043236111965812    
  0.2030134193781907    
  0.2016753475694768    
  0.2003096568805496    
  0.1989166072501356    
  0.1974964574024292    
  0.1960494647960889    
  0.1945758855597426    
  0.1930759744490300    
  0.1915499848455106    
  0.1899981687717412    
  0.1884207768907891    
  0.1868180585001489    
  0.1851902615542083    
  0.1835376327200180    
  0.1818604174352152    
  0.1801588599489483    
  0.1784332033657053    
  0.1766836897179926    
  0.1749105600603435    
  0.1731140545565815    
  0.1712944125535942    
  0.1694518726632366    
  0.1675866728677745    
  0.1656990506357836    
  0.1637892430277654    
  0.1618574867928797    
  0.1599040184755742    
  0.1579290745387676    
  0.1559328914887685    
  0.1539157059888121    
  0.1518777549688989    
  0.1498192757463547    
  0.1477405061542825    
  0.1456416846627004    
  0.1435230504905208    
  0.1413848437228680    
  0.1392273054384469    
  0.1370506778309970    
  0.1348552043144278    
  0.1326411296272829    
  0.1304086999545053    
  0.1281581630540980    
  0.1258897683611344    
  0.1236037670707007    
  0.1213004122323699    
  0.1189799588706117    
  0.1166426641019360    
  0.1142887872169980    
  0.1119185897413842    
  0.1095323355162353    
  0.1071302908080674    
  0.1047127244108720    
  0.1022799077085887    
  0.9983211471539133E-01
  0.9736962213658135E-01
  0.9489270945971123E-01
  0.9240165903937037E-01
  0.8989675614246379E-01
  0.8737828896912503E-01
  0.8484654869184127E-01
  0.8230182952447224E-01
  0.7974442878632076E-01
