  0.3502022681976580    
  0.3497707053783586    
  0.3493087471518317    
  0.3488165262983199    
  0.3482941643778297    
  0.3477417712616758    
  0.3471594397376200    
  0.3465472437191337    
  0.3459052432458616    
  0.3452334891240645    
  0.3445320205642352    
  0.3438008598531027    
  0.3430400126107315    
  0.3422494736365069    
  0.3414292298125237    
  0.3405792559835787    
  0.3396995103942488    
  0.3387899370051012    
  0.3378504716458322    
  0.3368810430474997    
  0.3358815673974554    
  0.3348519449390096    
  0.3337920642083010    
  0.3327018078239697    
  0.3315810511765855    
  0.3304296563026733    
  0.3292474708521513    
  0.3280343340775858    
  0.3267900805676806    
  0.3255145360699389    
  0.3242075125240624    
  0.3228688105812366    
  0.3214982256037123    
  0.3200955476979914    
  0.3186605563455623    
  0.3171930186765260    
  0.3156926938970677    
  0.3141593366871747    
  0.3125926951044745    
  0.3109925073677586    
  0.3093585022157316    
  0.3076904012833112    
  0.3059879203990465    
  0.3042507696687987    
  0.3024786526261653    
  0.3006712643446091    
  0.2988282911007537    
  0.2969494139664539    
  0.2950343120758012    
  0.2930826595839988    
  0.2910941202184872    
  0.2890683491626005    
  0.2870050008252725    
  0.2849037300463125    
  0.2827641842713942    
  0.2805860000652080    
  0.2783688107773140    
  0.2761122529751258    
  0.2738159610396662    
  0.2714795598905096    
  0.2691026690659997    
  0.2666849113358097    
  0.2642259113265688    
  0.2617252878052724    
  0.2591826543224303    
  0.2565976273325424    
  0.2539698276343846    
  0.2512988738619207    
  0.2485843813278222    
  0.2458259690906019    
  0.2430232628225697    
  0.2401758893691220    
  0.2372834746491307    
  0.2343456501071264    
  0.2313620567861716    
  0.2283323407258333    
  0.2252561498404039    
  0.2221331396607676    
  0.2189629787323191    
  0.2157453452794898    
  0.2124799231941127    
  0.2091664065645474    
  0.2058045060162730    
  0.2023939470920836    
  0.1989344659861950    
  0.1954258126496246    
  0.1918677573523477    
  0.1882600907434193    
  0.1846026200436325    
  0.1808951710254806    
  0.1771375942327740    
  0.1733297662437104    
  0.1694715866538049    
  0.1655629794528474    
  0.1616038987954144    
  0.1575943310025363    
  0.1535342922481318    
  0.1494238295943044    
  0.1452630263652760    
  0.1410520046739502    
  0.1367909237427154    
  0.1324799807223501    
  0.1281194156302190    
  0.1237095141421926    
  0.1192506064192098    
  0.1147430678238802    
  0.1101873234593068    
  0.1055838509998762    
  0.1009331797762403    
  0.9623589134884072E-01
  0.9149262367385168E-01
  0.8670407385073768E-01
  0.8187099724759905E-01
  0.7699420777841764E-01
  0.7207458159222772E-01
  0.6711305958009009E-01
  0.6211064635652196E-01
  0.5706841011097095E-01
  0.5198748569814032E-01
  0.4686907669069837E-01
  0.4171445395707432E-01
  0.3652495491510707E-01
  0.3130198593604167E-01
  0.2604702379494168E-01
  0.2076161358035662E-01
  0.1544736709176852E-01
  0.1010596441195060E-01
  0.4739154654291445E-02
 -0.6512469703929200E-03
 -0.6063361834453794E-02
 -0.1149524730550418E-01
 -0.1694489678444148E-01
 -0.2241024360358611E-01
 -0.2788916496018914E-01
 -0.3337948241523987E-01
 -0.3887896270670284E-01
 -0.4438532262919824E-01
 -0.4989623434035986E-01
 -0.5540932701614626E-01
 -0.6092218832097931E-01
 -0.6643237010270665E-01
 -0.7193739505747823E-01
 -0.7743475957517597E-01
 -0.8292193569101346E-01
 -0.8839637725193139E-01
 -0.9385552771922781E-01
 -0.9929682414476440E-01
 -0.1047176994131944    
 -0.1101155884435893    
 -0.1154879367085645    
 -0.1208322050933476    
 -0.1261458721364828    
 -0.1314264397778186    
 -0.1366714421411455    
 -0.1418784510287693    
 -0.1470450778376861    
 -0.1521689782060605    
 -0.1572478603971666    
 -0.1622794911459818    
 -0.1672616971042092    
 -0.1721923678815213    
 -0.1770694633156467    
 -0.1818910193083454    
 -0.1866551487486784    
 -0.1913600425934630    
 -0.1960039752976270    
 -0.2005853102368187    
 -0.2051025002737099    
 -0.2095540868915445    
 -0.2139387031787923    
 -0.2182550782730043    
 -0.2225020377492881    
 -0.2266785012333498    
 -0.2307834827320479    
 -0.2348160935272907    
 -0.2387755424393425    
 -0.2426611325698410    
 -0.2464722591846064    
 -0.2502084105716117    
 -0.2538691680486440    
 -0.2574542026364859    
 -0.2609632712647135    
 -0.2643962153752258    
 -0.2677529601401271    
 -0.2710335114900352    
 -0.2742379518325082    
 -0.2773664369561321    
 -0.2804191939703733    
 -0.2833965183755505    
 -0.2862987701081140    
 -0.2891263699303507    
 -0.2918797963496987    
 -0.2945595821488298    
 -0.2971663106460003    
 -0.2997006125376561    
 -0.3021631628769801    
 -0.3045546770777522    
 -0.3068759066326540    
 -0.3091276363185224    
 -0.3113106823944165    
 -0.3134258892474351    
 -0.3154741242764794    
 -0.3174562742139081    
 -0.3193732443868945    
 -0.3212259576092064    
 -0.3230153495939393    
 -0.3247423635351186    
 -0.3264079485373367    
 -0.3280130607956031    
 -0.3295586618352770    
 -0.3310457126868516    
 -0.3324751697245809    
 -0.3338479857499043    
 -0.3351651117501460    
 -0.3364274936812968    
 -0.3376360665856557    
 -0.3387917527562790    
 -0.3398954645242976    
 -0.3409481052963076    
 -0.3419505654571056    
 -0.3429037177330866    
 -0.3438084173323964    
 -0.3446655050300368    
 -0.3454758073610237    
 -0.3462401327350840    
 -0.3469592682497016    
 -0.3476339807764977    
 -0.3482650198072648    
 -0.3488531173562291    
 -0.3493989846651684    
 -0.3499033100197580    
 -0.3503667603117125    
 -0.3507899836426282    
 -0.3511736089696487    
 -0.3515182433245064    
 -0.3518244707155622    
 -0.3520928541447327    
 -0.3523239374713361    
 -0.3525182443951696    
 -0.3526762765534083    
 -0.3527985140159722    
 -0.3528854174062346    
 -0.3529374282416330    
 -0.3529549671948603    
 -0.3529384336253734    
 -0.3528882077784045    
 -0.3528046525390274    
 -0.3526881120042999    
 -0.3525389091912497    
 -0.3523573470270219    
 -0.3521437120265848    
 -0.3518982756390728    
 -0.3516212912315120    
 -0.3513129912712248    
 -0.3509735895644046    
 -0.3506032861679989    
 -0.3502022681976580    
 -0.3497707053783586    
 -0.3493087471518317    
 -0.3488165262983199    
 -0.3482941643778297    
 -0.3477417712616758    
 -0.3471594397376200    
 -0.3465472437191337    
 -0.3459052432458616    
 -0.3452334891240645    
 -0.3445320205642352    
 -0.3438008598531027    
 -0.3430400126107315    
 -0.3422494736365069    
 -0.3414292298125237    
 -0.3405792559835787    
 -0.3396995103942488    
 -0.3387899370051012    
 -0.3378504716458322    
 -0.3368810430474997    
 -0.3358815673974554    
 -0.3348519449390096    
 -0.3337920642083010    
 -0.3327018078239697    
 -0.3315810511765855    
 -0.3304296563026733    
 -0.3292474708521513    
 -0.3280343340775858    
 -0.3267900805676806    
 -0.3255145360699389    
 -0.3242075125240624    
 -0.3228688105812366    
 -0.3214982256037123    
 -0.3200955476979914    
 -0.3186605563455623    
 -0.3171930186765260    
 -0.3156926938970677    
 -0.3141593366871747    
 -0.3125926951044745    
 -0.3109925073677586    
 -0.3093585022157316    
 -0.3076904012833112    
 -0.3059879203990465    
 -0.3042507696687987    
 -0.3024786526261653    
 -0.3006712643446091    
 -0.2988282911007537    
 -0.2969494139664539    
 -0.2950343120758012    
 -0.2930826595839988    
 -0.2910941202184872    
 -0.2890683491626005    
 -0.2870050008252725    
 -0.2849037300463125    
 -0.2827641842713942    
 -0.2805860000652080    
 -0.2783688107773140    
 -0.2761122529751258    
 -0.2738159610396662    
 -0.2714795598905096    
 -0.2691026690659997    
 -0.2666849113358097    
 -0.2642259113265688    
 -0.2617252878052724    
 -0.2591826543224303    
 -0.2565976273325424    
 -0.2539698276343846    
 -0.2512988738619207    
 -0.2485843813278222    
 -0.2458259690906019    
 -0.2430232628225697    
 -0.2401758893691220    
 -0.2372834746491307    
 -0.2343456501071264    
 -0.2313620567861716    
 -0.2283323407258333    
 -0.2252561498404039    
 -0.2221331396607676    
 -0.2189629787323191    
 -0.2157453452794898    
 -0.2124799231941127    
 -0.2091664065645474    
 -0.2058045060162730    
 -0.2023939470920836    
 -0.1989344659861950    
 -0.1954258126496246    
 -0.1918677573523477    
 -0.1882600907434193    
 -0.1846026200436325    
 -0.1808951710254806    
 -0.1771375942327740    
 -0.1733297662437104    
 -0.1694715866538049    
 -0.1655629794528474    
 -0.1616038987954144    
 -0.1575943310025363    
 -0.1535342922481318    
 -0.1494238295943044    
 -0.1452630263652760    
 -0.1410520046739502    
 -0.1367909237427154    
 -0.1324799807223501    
 -0.1281194156302190    
 -0.1237095141421926    
 -0.1192506064192098    
 -0.1147430678238802    
 -0.1101873234593068    
 -0.1055838509998762    
 -0.1009331797762403    
 -0.9623589134884072E-01
 -0.9149262367385168E-01
 -0.8670407385073768E-01
 -0.8187099724759905E-01
 -0.7699420777841764E-01
 -0.7207458159222772E-01
 -0.6711305958009009E-01
 -0.6211064635652196E-01
 -0.5706841011097095E-01
 -0.5198748569814032E-01
 -0.4686907669069837E-01
 -0.4171445395707432E-01
 -0.3652495491510707E-01
 -0.3130198593604167E-01
 -0.2604702379494168E-01
 -0.2076161358035662E-01
 -0.1544736709176852E-01
 -0.1010596441195060E-01
 -0.4739154654291445E-02
  0.6512469703929200E-03
  0.6063361834453794E-02
  0.1149524730550418E-01
  0.1694489678444148E-01
  0.2241024360358611E-01
  0.2788916496018914E-01
  0.3337948241523987E-01
  0.3887896270670284E-01
  0.4438532262919824E-01
  0.4989623434035986E-01
  0.5540932701614626E-01
  0.6092218832097931E-01
  0.6643237010270665E-01
  0.7193739505747823E-01
  0.7743475957517597E-01
  0.8292193569101346E-01
  0.8839637725193139E-01
  0.9385552771922781E-01
  0.9929682414476440E-01
  0.1047176994131944    
  0.1101155884435893    
  0.1154879367085645    
  0.1208322050933476    
  0.1261458721364828    
  0.1314264397778186    
  0.1366714421411455    
  0.1418784510287693    
  0.1470450778376861    
  0.1521689782060605    
  0.1572478603971666    
  0.1622794911459818    
  0.1672616971042092    
  0.1721923678815213    
  0.1770694633156467    
  0.1818910193083454    
  0.1866551487486784    
  0.1913600425934630    
  0.1960039752976270    
  0.2005853102368187    
  0.2051025002737099    
  0.2095540868915445    
  0.2139387031787923    
  0.2182550782730043    
  0.2225020377492881    
  0.2266785012333498    
  0.2307834827320479    
  0.2348160935272907    
  0.2387755424393425    
  0.2426611325698410    
  0.2464722591846064    
  0.2502084105716117    
  0.2538691680486440    
  0.2574542026364859    
  0.2609632712647135    
  0.2643962153752258    
  0.2677529601401271    
  0.2710335114900352    
  0.2742379518325082    
  0.2773664369561321    
  0.2804191939703733    
  0.2833965183755505    
  0.2862987701081140    
  0.2891263699303507    
  0.2918797963496987    
  0.2945595821488298    
  0.2971663106460003    
  0.2997006125376561    
  0.3021631628769801    
  0.3045546770777522    
  0.3068759066326540    
  0.3091276363185224    
  0.3113106823944165    
  0.3134258892474351    
  0.3154741242764794    
  0.3174562742139081    
  0.3193732443868945    
  0.3212259576092064    
  0.3230153495939393    
  0.3247423635351186    
  0.3264079485373367    
  0.3280130607956031    
  0.3295586618352770    
  0.3310457126868516    
  0.3324751697245809    
  0.3338479857499043    
  0.3351651117501460    
  0.3364274936812968    
  0.3376360665856557    
  0.3387917527562790    
  0.3398954645242976    
  0.3409481052963076    
  0.3419505654571056    
  0.3429037177330866    
  0.3438084173323964    
  0.3446655050300368    
  0.3454758073610237    
  0.3462401327350840    
  0.3469592682497016    
  0.3476339807764977    
  0.3482650198072648    
  0.3488531173562291    
  0.3493989846651684    
  0.3499033100197580    
  0.3503667603117125    
  0.3507899836426282    
  0.3511736089696487    
  0.3515182433245064    
  0.3518244707155622    
  0.3520928541447327    
  0.3523239374713361    
  0.3525182443951696    
  0.3526762765534083    
  0.3527985140159722    
  0.3528854174062346    
  0.3529374282416330    
  0.3529549671948603    
  0.3529384336253734    
  0.3528882077784045    
  0.3528046525390274    
  0.3526881120042999    
  0.3525389091912497    
  0.3523573470270219    
  0.3521437120265848    
  0.3518982756390728    
  0.3516212912315120    
  0.3513129912712248    
  0.3509735895644046    
  0.3506032861679989    
