   26.49128491423663    
   26.59255032469497    
   26.69515769267001    
   26.79913799944845    
   26.90452287061057    
   27.01134461910811    
   27.11963621540430    
   27.22943126986751    
   27.34076409190784    
   27.45366975377870    
   27.56818408342629    
   27.68434364326381    
   27.80218577469990    
   27.92174866481333    
   28.04307135529134    
   28.16619372718250    
   28.29115653936775    
   28.41800149316430    
   28.54677124584860    
   28.67750939730870    
   28.81026053051771    
   28.94507028773123    
   29.08198539735866    
   29.22105365957162    
   29.36232397683924    
   29.50584643192348    
   29.65167232860734    
   29.79985418269320    
   29.95044574528076    
   30.10350208143333    
   30.25907962858303    
   30.41723620317650    
   30.57803102237298    
   30.74152477606003    
   30.90777968897254    
   31.07685953466273    
   31.24882965659947    
   31.42375703980465    
   31.60171038608237    
   31.78276014719006    
   31.96697855375274    
   32.15443968312616    
   32.34521953242068    
   32.53939605344577    
   32.73704918046052    
   32.93826089882187    
   33.14311533360629    
   33.35169880943783    
   33.56409988834072    
   33.78040942461317    
   34.00072063704809    
   34.22512917261331    
   34.45373316306596    
   34.68663329181658    
   34.92393286485236    
   35.16573787231840    
   35.41215704970415    
   35.66330194679887    
   35.91928698957965    
   36.18022953052262    
   36.44624991184687    
   36.71747154780324    
   36.99402099000005    
   37.27602795804935    
   37.56362537440183    
   37.85694943400121    
   38.15613967436522    
   38.46133900415253    
   38.77269371096859    
   39.09035348911269    
   39.41447147423382    
   39.74520424744095    
   40.08271181677610    
   40.42715760649557    
   40.77870844048670    
   41.13753448258581    
   41.50380914164356    
   41.87770897885015    
   42.25941361181957    
   42.64910557064032    
   43.04697009319626    
   43.45319488976936    
   43.86796988793159    
   44.29148692862599    
   44.72393938998613    
   45.16552174414501    
   45.61642905090582    
   46.07685637262054    
   46.54699809281193    
   47.02704712857539    
   47.51719402503074    
   48.01762591931363    
   48.52852536279789    
   49.05006897532594    
   49.58242589055288    
   50.12575597164290    
   50.68020780170952    
   51.24591642278902    
   51.82300074302088    
   52.41156054640715    
   53.01167310374734    
   53.62338937588265    
   54.24672971127650    
   54.88167890679931    
   55.52818057159885    
   56.18613077261536    
   56.85537085994946    
   57.53567928875139    
   58.22676228639074    
   58.92824326978844    
   59.63965086702413    
   60.36040529672280    
   61.08980284120625    
   61.82699818667905    
   62.57098436874017    
   63.32056995711034    
   64.07435305115648    
   64.83069164978251    
   65.58766990908157    
   66.34305968570212    
   67.09427666087801    
   67.83833027294573    
   68.57176658753025    
   69.29060307745695    
   69.99025412127142    
   70.66544588204883    
   71.31011905098536    
   71.91731771057697    
   72.47906232227149    
   72.98620458596186    
   73.42826162674737    
   73.79322663587645    
   74.06735275481995    
   74.23490664244771    
   74.27788778945018    
   74.17570927835004    
   73.90483539510925    
   73.43837129389482    
   72.74559980642486    
   71.79146057645741    
   70.53596716709686    
   68.93355877500922    
   66.93238482281883    
   64.47352325962459    
   61.49013731670256    
   57.90658123144954    
   53.63747359630754    
   48.58676821063887    
   42.64686753234435    
   35.69784406404506    
   27.60686128030559    
   18.22791897374257    
   7.402088901212140    
  -5.041544609478572    
  -19.28396914620850    
  -35.51302541873553    
  -53.91850181645260    
  -74.68511863195364    
  -97.98296999928866    
  -123.9550399055405    
  -152.7015451259858    
  -184.2611189247603    
  -218.5892693773235    
  -255.5351456756125    
  -294.8184127407069    
  -336.0089015230222    
  -378.5125254122673    
  -421.5675031832438    
  -464.2549136222705    
  -505.5267373101510    
  -544.2526430586465    
  -579.2839239530304    
  -609.5295992473392    
  -634.0365257937350    
  -652.0633239880926    
  -663.1377957866163    
  -667.0896020475113    
  -664.0539142395372    
  -654.4466046859316    
  -638.9160587890425    
  -618.2798124162010    
  -593.4553757047016    
  -565.3938588248186    
  -535.0229103117742    
  -503.2027714945984    
  -470.6966379645725    
  -438.1544663492961    
  -406.1080630169615    
  -374.9747093817509    
  -345.0665548624621    
  -316.6033400645763    
  -289.7265148620909    
  -264.5133518436357    
  -240.9901407192938    
  -219.1439434220291    
  -198.9326831443207    
  -180.2935418027892    
  -163.1497660943996    
  -147.4160510358372    
  -133.0026987382976    
  -119.8187531011116    
  -107.7742985826742    
  -96.78209061917850    
  -86.75866156975266    
  -77.62502238719216    
  -69.30705828686015    
  -61.73569730457115    
  -54.84691404832694    
  -48.58161714004426    
  -42.88545761176368    
  -37.70858651726473    
  -33.00538285585016    
  -28.73416727245675    
  -24.85691266541951    
  -21.33895955287985    
  -18.14874155159463    
  -15.25752441140215    
  -12.63916063311826    
  -10.26986069737892    
  -8.127981219770360    
  -6.193829819767159    
  -4.449486129293181    
  -2.878638166131428    
  -1.466433186409716    
 -0.1993420352829839    
  0.9349640439953533    
   1.947725151615452    
   2.849193950774591    
   3.648727254510367    
   4.354868873517926    
   4.975424572796931    
   5.517529868097732    
   5.987711300996111    
   6.391941816819890    
   6.735690855079246    
   7.023969677741015    
   7.261372366700873    
   7.452112900157868    
   7.600058727159531    
   7.708761209925810    
   7.781483215269752    
   7.821224103907737    
   7.830742391462675    
   7.812576344781036    
   7.769062706966505    
   7.702353696997741    
   7.614432448701875    
   7.507127071478820    
   7.382123474193652    
   7.240977042825783    
   7.085123265421613    
   6.915887424482083    
   6.734493462917098    
   6.542072087845204    
   6.339668165758241    
   6.128247482772483    
   5.908702943313190    
   5.681860251402497    
   5.448483105207807    
   5.209277951795110    
   4.964898357311989    
   4.715949028669202    
   4.462989505778720    
   4.206537549578470    
   3.947072258727432    
   3.685036938455764    
   3.420841736957504    
   3.154866073378558    
   2.887460886510600    
   2.618950716966161    
   2.349635620114293    
   2.079792917944979    
   1.809678817593201    
   1.539529919980012    
   1.269564621128945    
  0.9999844033468224    
  0.7309750256147982    
  0.4627076260464085    
  0.1953397401644208    
 -0.7098376054345933E-01
 -0.3361297929827058    
 -0.5999762350430721    
 -0.8624111529321945    
  -1.123332098316209    
  -1.382645470579192    
  -1.640265920966332    
  -1.896115785097741    
  -2.150124549928478    
  -2.402228361358067    
  -2.652369567611104    
  -2.900496295187768    
  -3.146562061622452    
  -3.390525420946040    
  -3.632349624414309    
  -3.872002288563329    
  -4.109455085705985    
  -4.344683471354654    
  -4.577666437738821    
  -4.808386273474344    
  -5.036828330715054    
  -5.262980815383854    
  -5.486834599028027    
  -5.708383033644138    
  -5.927621765570607    
  -6.144548567553471    
  -6.359163200087038    
  -6.571467286329076    
  -6.781464181685886    
  -6.989158841660739    
  -7.194557702345354    
  -7.397668574505090    
  -7.598500542189374    
  -7.797063865503438    
  -7.993369894676372    
  -8.187430994375527    
  -8.379260469331884    
  -8.568872488891156    
  -8.756282016324437    
  -8.941504744901476    
  -9.124557036713723    
  -9.305455864206666    
  -9.484218759560648    
  -9.660863771846568    
  -9.835409424733406    
  -10.00787467127016    
  -10.17827885061137    
  -10.34664165087449    
  -10.51298307522734    
  -10.67732340712481    
  -10.83968317620460    
  -11.00008312950066    
  -11.15854420981387    
  -11.31508753804352    
  -11.46973439275820    
  -11.62250618185308    
  -11.77342440981480    
  -11.92251065209206    
  -12.06978654331899    
  -12.21527377243051    
  -12.35899407336289    
  -12.50096920953072    
  -12.64122095683026    
  -12.77977108545253    
  -12.91664133950324    
  -13.05185342192237    
  -13.18542899291997    
  -13.31738967461519    
  -13.44775704573203    
  -13.57655262503467    
  -13.70379785803484    
  -13.82951411248354    
  -13.95372267145301    
  -14.07644471940281    
  -14.19770133501087    
  -14.31751349950490    
  -14.43590210541391    
  -14.55288794758861    
  -14.66849170312395    
  -14.78273392136426    
  -14.89563502900938    
  -15.00721533597686    
  -15.11749503229684    
  -15.22649418187240    
  -15.33423272096062    
  -15.44073045990139    
  -15.54600708257931    
  -15.65008214233598    
  -15.75297505748372    
  -15.85470511010786    
  -15.95529144861822    
  -16.05475308986514    
  -16.15310891732387    
  -16.25037767943408    
  -16.34657799411444    
  -16.44172835431718    
  -16.53584712282114    
  -16.62895251903431    
  -16.72106261675800    
  -16.81219535989552    
  -16.90236857706585    
  -16.99159997724408    
  -17.07990713634988    
  -17.16730749518767    
  -17.25381836828905    
  -17.33945694829389    
  -17.42424030338372    
  -17.50818537818117    
  -17.59130899931157    
  -17.67362787705988    
  -17.75515860347189    
  -17.83591765504263    
  -17.91592139804028    
  -17.99518608732244    
  -18.07372786154420    
  -18.15156274624149    
  -18.22870666338937    
  -18.30517543533781    
  -18.38098478283866    
  -18.45615032752093    
  -18.53068759692080    
  -18.60461202027177    
  -18.67793891996809    
  -18.75068351812323    
  -18.82286095771040    
  -18.89448631246162    
  -18.96557457368431    
  -19.03614063561081    
  -19.10619930070741    
  -19.17576529577166    
  -19.24485327895544    
  -19.31347783783477    
  -19.38165349030006    
  -19.44939468801335    
  -19.51671581487428    
  -19.58363118391707    
  -19.65015504212748    
  -19.71630158147111    
  -19.78208494569783    
  -19.84751922940087    
  -19.91261847478653    
  -19.97739667117668    
  -20.04186775875970    
  -20.10604563610386    
  -20.16994416727266    
  -20.23357718325675    
  -20.29695847971065    
  -20.36010181859251    
  -20.42302093425098    
  -20.48572953662032    
  -20.54824131062529    
  -20.61056991972731    
  -20.67272901468958    
  -20.73473223794950    
  -20.79659322042366    
  -20.85832558042944    
  -20.91994293037829    
  -20.98145888424300    
  -21.04288706083378    
  -21.10424108766451    
  -21.16553460612237    
  -21.22678127007574    
  -21.28799473947312    
  -21.34918868446751    
  -21.41037680451064    
  -21.47157284292654    
  -21.53279058007631    
  -21.59404381668110    
  -21.65534637198937    
  -21.71671210294137    
  -21.77815492761875    
  -21.83968883342941    
  -21.90132786471557    
  -21.96308610398465    
  -22.02497767159894    
  -22.08701675318791    
  -22.14921763027027    
  -22.21159468081608    
  -22.27416235263061    
  -22.33693514744533    
  -22.39992763824889    
  -22.46315450074323    
  -22.52663052931742    
  -22.59037063190200    
  -22.65438981676809    
  -22.71870318523027    
  -22.78332594069306    
  -22.84827341320234    
  -22.91356107894948    
  -22.97920455615813    
  -23.04521959122592    
  -23.11162206247965    
  -23.17842799703350    
  -23.24565357567339    
  -23.31331513199788    
  -23.38142917275870    
  -23.45001240409279    
  -23.51908171870946    
  -23.58865415788708    
  -23.65874692086894    
  -23.72937743323148    
  -23.80056338533263    
  -23.87232268539407    
  -23.94467340289161    
  -24.01763379741096    
  -24.09122239950823    
  -24.16545803646390    
  -24.24035978583315    
  -24.31594694157840    
  -24.39223904333946    
  -24.46925592720173    
  -24.54701774476845    
  -24.62554495056900    
  -24.70485828599712    
  -24.78497878181757    
  -24.86592778892009    
  -24.94772701955337    
  -25.03039855660652    
  -25.11396482373819    
  -25.19844857371001    
  -25.28387293423632    
  -25.37026145922172    
  -25.45763812041872    
  -25.54602727329573    
  -25.63545367444846    
  -25.72594253805510    
  -25.81751955468851    
  -25.91021086957719    
  -26.00404308947279    
  -26.09904332664701    
  -26.19523921674659    
  -26.29265890335273    
  -26.39133105407952    
  -26.49128491423663    
  -26.59255032469497    
  -26.69515769267001    
  -26.79913799944845    
  -26.90452287061057    
  -27.01134461910811    
  -27.11963621540430    
  -27.22943126986751    
  -27.34076409190784    
  -27.45366975377870    
  -27.56818408342629    
  -27.68434364326381    
  -27.80218577469990    
  -27.92174866481333    
  -28.04307135529134    
  -28.16619372718250    
  -28.29115653936775    
  -28.41800149316430    
  -28.54677124584860    
  -28.67750939730870    
  -28.81026053051771    
  -28.94507028773123    
  -29.08198539735866    
  -29.22105365957162    
  -29.36232397683924    
  -29.50584643192348    
  -29.65167232860734    
  -29.79985418269320    
  -29.95044574528076    
  -30.10350208143333    
  -30.25907962858303    
  -30.41723620317650    
  -30.57803102237298    
  -30.74152477606003    
  -30.90777968897254    
  -31.07685953466273    
  -31.24882965659947    
  -31.42375703980465    
  -31.60171038608237    
  -31.78276014719006    
  -31.96697855375274    
  -32.15443968312616    
  -32.34521953242068    
  -32.53939605344577    
  -32.73704918046052    
  -32.93826089882187    
  -33.14311533360629    
  -33.35169880943783    
  -33.56409988834072    
  -33.78040942461317    
  -34.00072063704809    
  -34.22512917261331    
  -34.45373316306596    
  -34.68663329181658    
  -34.92393286485236    
  -35.16573787231840    
  -35.41215704970415    
  -35.66330194679887    
  -35.91928698957965    
  -36.18022953052262    
  -36.44624991184687    
  -36.71747154780324    
  -36.99402099000005    
  -37.27602795804935    
  -37.56362537440183    
  -37.85694943400121    
  -38.15613967436522    
  -38.46133900415253    
  -38.77269371096859    
  -39.09035348911269    
  -39.41447147423382    
  -39.74520424744095    
  -40.08271181677610    
  -40.42715760649557    
  -40.77870844048670    
  -41.13753448258581    
  -41.50380914164356    
  -41.87770897885015    
  -42.25941361181957    
  -42.64910557064032    
  -43.04697009319626    
  -43.45319488976936    
  -43.86796988793159    
  -44.29148692862599    
  -44.72393938998613    
  -45.16552174414501    
  -45.61642905090582    
  -46.07685637262054    
  -46.54699809281193    
  -47.02704712857539    
  -47.51719402503074    
  -48.01762591931363    
  -48.52852536279789    
  -49.05006897532594    
  -49.58242589055288    
  -50.12575597164290    
  -50.68020780170952    
  -51.24591642278902    
  -51.82300074302088    
  -52.41156054640715    
  -53.01167310374734    
  -53.62338937588265    
  -54.24672971127650    
  -54.88167890679931    
  -55.52818057159885    
  -56.18613077261536    
  -56.85537085994946    
  -57.53567928875139    
  -58.22676228639074    
  -58.92824326978844    
  -59.63965086702413    
  -60.36040529672280    
  -61.08980284120625    
  -61.82699818667905    
  -62.57098436874017    
  -63.32056995711034    
  -64.07435305115648    
  -64.83069164978251    
  -65.58766990908157    
  -66.34305968570212    
  -67.09427666087801    
  -67.83833027294573    
  -68.57176658753025    
  -69.29060307745695    
  -69.99025412127142    
  -70.66544588204883    
  -71.31011905098536    
  -71.91731771057697    
  -72.47906232227149    
  -72.98620458596186    
  -73.42826162674737    
  -73.79322663587645    
  -74.06735275481995    
  -74.23490664244771    
  -74.27788778945018    
  -74.17570927835004    
  -73.90483539510925    
  -73.43837129389482    
  -72.74559980642486    
  -71.79146057645741    
  -70.53596716709686    
  -68.93355877500922    
  -66.93238482281883    
  -64.47352325962459    
  -61.49013731670256    
  -57.90658123144954    
  -53.63747359630754    
  -48.58676821063887    
  -42.64686753234435    
  -35.69784406404506    
  -27.60686128030559    
  -18.22791897374257    
  -7.402088901212140    
   5.041544609478572    
   19.28396914620850    
   35.51302541873553    
   53.91850181645260    
   74.68511863195364    
   97.98296999928866    
   123.9550399055405    
   152.7015451259858    
   184.2611189247603    
   218.5892693773235    
   255.5351456756125    
   294.8184127407069    
   336.0089015230222    
   378.5125254122673    
   421.5675031832438    
   464.2549136222705    
   505.5267373101510    
   544.2526430586465    
   579.2839239530304    
   609.5295992473392    
   634.0365257937350    
   652.0633239880926    
   663.1377957866163    
   667.0896020475113    
   664.0539142395372    
   654.4466046859316    
   638.9160587890425    
   618.2798124162010    
   593.4553757047016    
   565.3938588248186    
   535.0229103117742    
   503.2027714945984    
   470.6966379645725    
   438.1544663492961    
   406.1080630169615    
   374.9747093817509    
   345.0665548624621    
   316.6033400645763    
   289.7265148620909    
   264.5133518436357    
   240.9901407192938    
   219.1439434220291    
   198.9326831443207    
   180.2935418027892    
   163.1497660943996    
   147.4160510358372    
   133.0026987382976    
   119.8187531011116    
   107.7742985826742    
   96.78209061917850    
   86.75866156975266    
   77.62502238719216    
   69.30705828686015    
   61.73569730457115    
   54.84691404832694    
   48.58161714004426    
   42.88545761176368    
   37.70858651726473    
   33.00538285585016    
   28.73416727245675    
   24.85691266541951    
   21.33895955287985    
   18.14874155159463    
   15.25752441140215    
   12.63916063311826    
   10.26986069737892    
   8.127981219770360    
   6.193829819767159    
   4.449486129293181    
   2.878638166131428    
   1.466433186409716    
  0.1993420352829839    
 -0.9349640439953533    
  -1.947725151615452    
  -2.849193950774591    
  -3.648727254510367    
  -4.354868873517926    
  -4.975424572796931    
  -5.517529868097732    
  -5.987711300996111    
  -6.391941816819890    
  -6.735690855079246    
  -7.023969677741015    
  -7.261372366700873    
  -7.452112900157868    
  -7.600058727159531    
  -7.708761209925810    
  -7.781483215269752    
  -7.821224103907737    
  -7.830742391462675    
  -7.812576344781036    
  -7.769062706966505    
  -7.702353696997741    
  -7.614432448701875    
  -7.507127071478820    
  -7.382123474193652    
  -7.240977042825783    
  -7.085123265421613    
  -6.915887424482083    
  -6.734493462917098    
  -6.542072087845204    
  -6.339668165758241    
  -6.128247482772483    
  -5.908702943313190    
  -5.681860251402497    
  -5.448483105207807    
  -5.209277951795110    
  -4.964898357311989    
  -4.715949028669202    
  -4.462989505778720    
  -4.206537549578470    
  -3.947072258727432    
  -3.685036938455764    
  -3.420841736957504    
  -3.154866073378558    
  -2.887460886510600    
  -2.618950716966161    
  -2.349635620114293    
  -2.079792917944979    
  -1.809678817593201    
  -1.539529919980012    
  -1.269564621128945    
 -0.9999844033468224    
 -0.7309750256147982    
 -0.4627076260464085    
 -0.1953397401644208    
  0.7098376054345933E-01
  0.3361297929827058    
  0.5999762350430721    
  0.8624111529321945    
   1.123332098316209    
   1.382645470579192    
   1.640265920966332    
   1.896115785097741    
   2.150124549928478    
   2.402228361358067    
   2.652369567611104    
   2.900496295187768    
   3.146562061622452    
   3.390525420946040    
   3.632349624414309    
   3.872002288563329    
   4.109455085705985    
   4.344683471354654    
   4.577666437738821    
   4.808386273474344    
   5.036828330715054    
   5.262980815383854    
   5.486834599028027    
   5.708383033644138    
   5.927621765570607    
   6.144548567553471    
   6.359163200087038    
   6.571467286329076    
   6.781464181685886    
   6.989158841660739    
   7.194557702345354    
   7.397668574505090    
   7.598500542189374    
   7.797063865503438    
   7.993369894676372    
   8.187430994375527    
   8.379260469331884    
   8.568872488891156    
   8.756282016324437    
   8.941504744901476    
   9.124557036713723    
   9.305455864206666    
   9.484218759560648    
   9.660863771846568    
   9.835409424733406    
   10.00787467127016    
   10.17827885061137    
   10.34664165087449    
   10.51298307522734    
   10.67732340712481    
   10.83968317620460    
   11.00008312950066    
   11.15854420981387    
   11.31508753804352    
   11.46973439275820    
   11.62250618185308    
   11.77342440981480    
   11.92251065209206    
   12.06978654331899    
   12.21527377243051    
   12.35899407336289    
   12.50096920953072    
   12.64122095683026    
   12.77977108545253    
   12.91664133950324    
   13.05185342192237    
   13.18542899291997    
   13.31738967461519    
   13.44775704573203    
   13.57655262503467    
   13.70379785803484    
   13.82951411248354    
   13.95372267145301    
   14.07644471940281    
   14.19770133501087    
   14.31751349950490    
   14.43590210541391    
   14.55288794758861    
   14.66849170312395    
   14.78273392136426    
   14.89563502900938    
   15.00721533597686    
   15.11749503229684    
   15.22649418187240    
   15.33423272096062    
   15.44073045990139    
   15.54600708257931    
   15.65008214233598    
   15.75297505748372    
   15.85470511010786    
   15.95529144861822    
   16.05475308986514    
   16.15310891732387    
   16.25037767943408    
   16.34657799411444    
   16.44172835431718    
   16.53584712282114    
   16.62895251903431    
   16.72106261675800    
   16.81219535989552    
   16.90236857706585    
   16.99159997724408    
   17.07990713634988    
   17.16730749518767    
   17.25381836828905    
   17.33945694829389    
   17.42424030338372    
   17.50818537818117    
   17.59130899931157    
   17.67362787705988    
   17.75515860347189    
   17.83591765504263    
   17.91592139804028    
   17.99518608732244    
   18.07372786154420    
   18.15156274624149    
   18.22870666338937    
   18.30517543533781    
   18.38098478283866    
   18.45615032752093    
   18.53068759692080    
   18.60461202027177    
   18.67793891996809    
   18.75068351812323    
   18.82286095771040    
   18.89448631246162    
   18.96557457368431    
   19.03614063561081    
   19.10619930070741    
   19.17576529577166    
   19.24485327895544    
   19.31347783783477    
   19.38165349030006    
   19.44939468801335    
   19.51671581487428    
   19.58363118391707    
   19.65015504212748    
   19.71630158147111    
   19.78208494569783    
   19.84751922940087    
   19.91261847478653    
   19.97739667117668    
   20.04186775875970    
   20.10604563610386    
   20.16994416727266    
   20.23357718325675    
   20.29695847971065    
   20.36010181859251    
   20.42302093425098    
   20.48572953662032    
   20.54824131062529    
   20.61056991972731    
   20.67272901468958    
   20.73473223794950    
   20.79659322042366    
   20.85832558042944    
   20.91994293037829    
   20.98145888424300    
   21.04288706083378    
   21.10424108766451    
   21.16553460612237    
   21.22678127007574    
   21.28799473947312    
   21.34918868446751    
   21.41037680451064    
   21.47157284292654    
   21.53279058007631    
   21.59404381668110    
   21.65534637198937    
   21.71671210294137    
   21.77815492761875    
   21.83968883342941    
   21.90132786471557    
   21.96308610398465    
   22.02497767159894    
   22.08701675318791    
   22.14921763027027    
   22.21159468081608    
   22.27416235263061    
   22.33693514744533    
   22.39992763824889    
   22.46315450074323    
   22.52663052931742    
   22.59037063190200    
   22.65438981676809    
   22.71870318523027    
   22.78332594069306    
   22.84827341320234    
   22.91356107894948    
   22.97920455615813    
   23.04521959122592    
   23.11162206247965    
   23.17842799703350    
   23.24565357567339    
   23.31331513199788    
   23.38142917275870    
   23.45001240409279    
   23.51908171870946    
   23.58865415788708    
   23.65874692086894    
   23.72937743323148    
   23.80056338533263    
   23.87232268539407    
   23.94467340289161    
   24.01763379741096    
   24.09122239950823    
   24.16545803646390    
   24.24035978583315    
   24.31594694157840    
   24.39223904333946    
   24.46925592720173    
   24.54701774476845    
   24.62554495056900    
   24.70485828599712    
   24.78497878181757    
   24.86592778892009    
   24.94772701955337    
   25.03039855660652    
   25.11396482373819    
   25.19844857371001    
   25.28387293423632    
   25.37026145922172    
   25.45763812041872    
   25.54602727329573    
   25.63545367444846    
   25.72594253805510    
   25.81751955468851    
   25.91021086957719    
   26.00404308947279    
   26.09904332664701    
   26.19523921674659    
   26.29265890335273    
   26.39133105407952    
