  0.1418262725833121    
  0.1425690646901014    
  0.1433176524324754    
  0.1440720686627094    
  0.1448323465127843    
  0.1455985193955020    
  0.1463706210057078    
  0.1471486853216101    
  0.1479327466062169    
  0.1487228394089005    
  0.1495189985670975    
  0.1503212592081319    
  0.1511296567511781    
  0.1519442269093753    
  0.1527650056921017    
  0.1535920294074074    
  0.1544253346646151    
  0.1552649583771041    
  0.1561109377652891    
  0.1569633103597883    
  0.1578221140047963    
  0.1586873868616743    
  0.1595591674127745    
  0.1604374944655021    
  0.1613224071566204    
  0.1622139449568178    
  0.1631121476755527    
  0.1640170554661848    
  0.1649287088314083    
  0.1658471486289945    
  0.1667724160778676    
  0.1677045527645282    
  0.1686436006498375    
  0.1695896020761759    
  0.1705425997750028    
  0.1715026368748293    
  0.1724697569096328    
  0.1734440038277214    
  0.1744254220010748    
  0.1754140562351842    
  0.1764099517794214    
  0.1774131543379538    
  0.1784237100812324    
  0.1794416656580743    
  0.1804670682083817    
  0.1814999653765199    
  0.1825404053253857    
  0.1835884367511910    
  0.1846441088990020    
  0.1857074715790728    
  0.1867785751840103    
  0.1878574707067988    
  0.1889442097597324    
  0.1900388445942965    
  0.1911414281220442    
  0.1922520139365094    
  0.1933706563362042    
  0.1944974103487495    
  0.1956323317561969    
  0.1967754771215907    
  0.1979269038168270    
  0.1990866700518639    
  0.2002548349053473    
  0.2014314583567132    
  0.2026166013198326    
  0.2038103256782623    
  0.2050126943221734    
  0.2062237711870188    
  0.2074436212940254    
  0.2086723107925756    
  0.2099099070045554    
  0.2111564784707388    
  0.2124120949992951    
  0.2136768277164942    
  0.2149507491196900    
  0.2162339331326464    
  0.2175264551632891    
  0.2188283921639585    
  0.2201398226942364    
  0.2214608269864048    
  0.2227914870135953    
  0.2241318865606866    
  0.2254821112980023    
  0.2268422488578296    
  0.2282123889137793    
  0.2295926232629897    
  0.2309830459111628    
  0.2323837531603873    
  0.2337948436996726    
  0.2352164186980895    
  0.2366485819003773    
  0.2380914397248186    
  0.2395451013631269    
  0.2410096788820315    
  0.2424852873261767    
  0.2439720448218443    
  0.2454700726808952    
  0.2469794955042104    
  0.2485004412837902    
  0.2500330415024810    
  0.2515774312300958    
  0.2531337492144572    
  0.2547021379656573    
  0.2562827438315143    
  0.2578757170618310    
  0.2594812118586260    
  0.2610993864090536    
  0.2627304028971724    
  0.2643744274900517    
  0.2660316302929133    
  0.2677021852671496    
  0.2693862701040385    
  0.2710840660457849    
  0.2727957576440867    
  0.2745215324448280    
  0.2762615805856216    
  0.2780160942907516    
  0.2797852672454810    
  0.2815692938287401    
  0.2833683681797745    
  0.2851826830703180    
  0.2870124285491591    
  0.2888577903205284    
  0.2907189478114229    
  0.2925960718756355    
  0.2944893220736599    
  0.2963988434576879    
  0.2983247627793663    
  0.3002671840245765    
  0.3022261831639378    
  0.3042018019897406    
  0.3061940408892490    
  0.3082028503803967    
  0.3102281212083935    
  0.3122696727703156    
  0.3143272395989692    
  0.3164004555968015    
  0.3184888356650818    
  0.3205917543229008    
  0.3227084208548490    
  0.3248378504660064    
  0.3269788308590764    
  0.3291298835830306    
  0.3312892194384967    
  0.3334546871668675    
  0.3356237146044030    
  0.3377932414590453    
  0.3399596428796832    
  0.3421186430533180    
  0.3442652182090944    
  0.3463934886608222    
  0.3484965999209899    
  0.3505665935176853    
  0.3525942689977801    
  0.3545690397676561    
  0.3564787869695597    
  0.3583097175707652    
  0.3600462352817314    
  0.3616708357961138    
  0.3631640410547661    
  0.3645043905490549    
  0.3656685107002005    
  0.3666312854824159    
  0.3673661518875964    
  0.3678455415775455    
  0.3680414841101137    
  0.3679263766156866    
  0.3674739094141808    
  0.3666601173791414    
  0.3654645046932721    
  0.3638711691705458    
  0.3618698357851123    
  0.3594567019763903    
  0.3566350033140429    
  0.3534152286167089    
  0.3498149469062546    
  0.3458582497305965    
  0.3415748542761481    
  0.3369989477771922    
  0.3321678760658777    
  0.3271207858105814    
  0.3218973216977453    
  0.3165364600553566    
  0.3110755342962415    
  0.3055494802711646    
  0.2999903053138448    
  0.2944267659673898    
  0.2888842270121260    
  0.2833846681045484    
  0.2779468029523965    
  0.2725862780582369    
  0.2673159222749414    
  0.2621460235840664    
  0.2570846147993411    
  0.2521377547821417    
  0.2473097959528123    
  0.2426036322903872    
  0.2380209246503507    
  0.2335623021778605    
  0.2292275399638862    
  0.2250157140005189    
  0.2209253350474106    
  0.2169544633168216    
  0.2131008059960488    
  0.2093617996124263    
  0.2057346791525568    
  0.2022165357067561    
  0.1988043642452296    
  0.1954951029601831    
  0.1922856654383817    
  0.1891729667679984    
  0.1861539445356546    
  0.1832255755359781    
  0.1803848888972699    
  0.1776289762225059    
  0.1749549992540275    
  0.1723601954917163    
  0.1698418821269672    
  0.1673974585970519    
  0.1650244080153450    
  0.1627202976911689    
  0.1604827789177145    
  0.1583095861766844    
  0.1561985358831973    
  0.1541475247733768    
  0.1521545280193296    
  0.1502175971413087    
  0.1483348577744376    
  0.1465045073369411    
  0.1447248126381587    
  0.1429941074573437    
  0.1413107901182122    
  0.1396733210791810    
  0.1380802205550833    
  0.1365300661826846    
  0.1350214907394727    
  0.1335531799228286    
  0.1321238701947589    
  0.1307323466957795    
  0.1293774412302504    
  0.1280580303244122    
  0.1267730333575315    
  0.1255214107658635    
  0.1243021623186184    
  0.1231143254646904    
  0.1219569737485915    
  0.1208292152937690    
  0.1197301913513070    
  0.1186590749118893    
  0.1176150693788266    
  0.1165974072998830    
  0.1156053491556239    
  0.1146381822020116    
  0.1136952193650073    
  0.1127757981849585    
  0.1118792798086004    
  0.1110050480265616    
  0.1101525083543389    
  0.1093210871547458    
  0.1085102307999286    
  0.1077194048711046    
  0.1069480933942694    
  0.1061957981101742    
  0.1054620377769414    
  0.1047463475037722    
  0.1040482781142787    
  0.1033673955380225    
  0.1027032802289012    
  0.1020555266090966    
  0.1014237425373788    
  0.1008075488006030    
  0.1002065786272798    
  0.9962047722215941E-01
  0.9904890132084809E-01
  0.9849151876350690E-01
  0.9794800808671855E-01
  0.9741805813265353E-01
  0.9690136767473256E-01
  0.9639764505901820E-01
  0.9590660786059138E-01
  0.9542798255420110E-01
  0.9496150419853572E-01
  0.9450691613348691E-01
  0.9406396968980416E-01
  0.9363242391055879E-01
  0.9321204528388660E-01
  0.9280260748650111E-01
  0.9240389113748214E-01
  0.9201568356186046E-01
  0.9163777856357055E-01
  0.9126997620735708E-01
  0.9091208260923500E-01
  0.9056390973510735E-01
  0.9022527520718510E-01
  0.8989600211787517E-01
  0.8957591885080918E-01
  0.8926485890868907E-01
  0.8896266074765702E-01
  0.8866916761791428E-01
  0.8838422741032045E-01
  0.8810769250870776E-01
  0.8783941964767036E-01
  0.8757926977560208E-01
  0.8732710792275997E-01
  0.8708280307413091E-01
  0.8684622804690753E-01
  0.8661725937239007E-01
  0.8639577718212961E-01
  0.8618166509812400E-01
  0.8597481012690258E-01
  0.8577510255735211E-01
  0.8558243586213607E-01
  0.8539670660254677E-01
  0.8521781433665289E-01
  0.8504566153061810E-01
  0.8488015347307284E-01
  0.8472119819240562E-01
  0.8456870637685532E-01
  0.8442259129730122E-01
  0.8428276873265433E-01
  0.8414915689774123E-01
  0.8402167637358016E-01
  0.8390025003995852E-01
  0.8378480301023582E-01
  0.8367526256828031E-01
  0.8357155810745481E-01
  0.8347362107157541E-01
  0.8338138489777810E-01
  0.8329478496122095E-01
  0.8321375852155069E-01
  0.8313824467106813E-01
  0.8306818428453280E-01
  0.8300351997054976E-01
  0.8294419602448197E-01
  0.8289015838283374E-01
  0.8284135457905262E-01
  0.8279773370069690E-01
  0.8275924634792611E-01
  0.8272584459327087E-01
  0.8269748194263642E-01
  0.8267411329749318E-01
  0.8265569491821696E-01
  0.8264218438854568E-01
  0.8263354058111437E-01
  0.8262972362402700E-01
  0.8263069486843394E-01
  0.8263641685708742E-01
  0.8264685329384396E-01
  0.8266196901407606E-01
  0.8268172995596572E-01
  0.8270610313266165E-01
  0.8273505660527400E-01
  0.8276855945666933E-01
  0.8280658176604126E-01
  0.8284909458424293E-01
  0.8289606990986643E-01
  0.8294748066603594E-01
  0.8300330067788730E-01
  0.8306350465072111E-01
  0.8312806814881736E-01
  0.8319696757488761E-01
  0.8327018015014220E-01
  0.8334768389495995E-01
  0.8342945761015100E-01
  0.8351548085878853E-01
  0.8360573394858695E-01
  0.8370019791482036E-01
  0.8379885450377382E-01
  0.8390168615670753E-01
  0.8400867599431255E-01
  0.8411980780165042E-01
  0.8423506601357543E-01
  0.8435443570061893E-01
  0.8447790255531391E-01
  0.8460545287895090E-01
  0.8473707356877160E-01
  0.8487275210558583E-01
  0.8501247654178758E-01
  0.8515623548975493E-01
  0.8530401811063984E-01
  0.8545581410354161E-01
  0.8561161369504725E-01
  0.8577140762911985E-01
  0.8593518715733522E-01
  0.8610294402946214E-01
  0.8627467048437223E-01
  0.8645035924126712E-01
  0.8663000349122134E-01
  0.8681359688903577E-01
  0.8700113354538586E-01
  0.8719260801924954E-01
  0.8738801531061866E-01
  0.8758735085349434E-01
  0.8779061050915105E-01
  0.8799779055965150E-01
  0.8820888770160666E-01
  0.8842389904018916E-01
  0.8864282208338915E-01
  0.8886565473649827E-01
  0.8909239529680892E-01
  0.8932304244853446E-01
  0.8955759525794632E-01
  0.8979605316871621E-01
  0.9003841599745022E-01
  0.9028468392941369E-01
  0.9053485751444451E-01
  0.9078893766304721E-01
  0.9104692564265696E-01
  0.9130882307407184E-01
  0.9157463192805015E-01
  0.9184435452206272E-01
  0.9211799351719066E-01
  0.9239555191516677E-01
  0.9267703305556232E-01
  0.9296244061311218E-01
  0.9325177859516334E-01
  0.9354505133924004E-01
  0.9384226351072777E-01
  0.9414342010068102E-01
  0.9444852642374135E-01
  0.9475758811615440E-01
  0.9507061113388068E-01
  0.9538760175080457E-01
  0.9570856655703872E-01
  0.9603351245731329E-01
  0.9636244666944352E-01
  0.9669537672287548E-01
  0.9703231045731114E-01
  0.9737325602140290E-01
  0.9771822187151036E-01
  0.9806721677051911E-01
  0.9842024978672276E-01
  0.9877733029276201E-01
  0.9913846796461159E-01
  0.9950367278061825E-01
  0.9987295502058603E-01
  0.1002463252649078    
  0.1006237943937325    
  0.1010053735861682    
  0.1013910743195219    
  0.1017809083685786    
  0.1021748878049053    
  0.1025730249961792    
  0.1029753326055427    
  0.1033818235909875    
  0.1037925112047583    
  0.1042074089927695    
  0.1046265307940413    
  0.1050498907401572    
  0.1054775032547363    
  0.1059093830529140    
  0.1063455451408280    
  0.1067860048151217    
  0.1072307776624612    
  0.1076798795590563    
  0.1081333266701804    
  0.1085911354496978    
  0.1090533226396016    
  0.1095199052695585    
  0.1099909006564500    
  0.1104663264039132    
  0.1109462004018855    
  0.1114305408261588    
  0.1119193661379298    
  0.1124126950833485    
  0.1129105466930635    
  0.1134129402817771    
  0.1139198954477983    
  0.1144314320725957    
  0.1149475703203438    
  0.1154683306374760    
  0.1159937337522395    
  0.1165238006742520    
  0.1170585526940538    
  0.1175980113826639    
  0.1181421985911389    
  0.1186911364501365    
  0.1192448473694769    
  0.1198033540377120    
  0.1203666794217022    
  0.1209348467661988    
  0.1215078795934239    
  0.1220858017026609    
  0.1226686371698561    
  0.1232564103472360    
  0.1238491458629272    
  0.1244468686205867    
  0.1250496037990492    
  0.1256573768519927    
  0.1262702135076119    
  0.1268881397683097    
  0.1275111819104120    
  0.1281393664839121    
  0.1287727203122274    
  0.1294112704919756    
  0.1300550443927792    
  0.1307040696571117    
  0.1313583742001693    
  0.1320179862097673    
  0.1326829341462706    
  0.1333532467425743    
  0.1340289530041243    
  0.1347100822089710    
  0.1353966639078646    
  0.1360887279244112    
  0.1367863043552832    
  0.1374894235704773    
  0.1381981162136215    
  0.1389124132023549    
  0.1396323457287771    
  0.1403579452599608    
  0.1410892435385284    
  0.1418262725833121    
  0.1425690646901014    
  0.1433176524324754    
  0.1440720686627094    
  0.1448323465127843    
  0.1455985193955020    
  0.1463706210057078    
  0.1471486853216101    
  0.1479327466062169    
  0.1487228394089005    
  0.1495189985670975    
  0.1503212592081319    
  0.1511296567511781    
  0.1519442269093753    
  0.1527650056921017    
  0.1535920294074074    
  0.1544253346646151    
  0.1552649583771041    
  0.1561109377652891    
  0.1569633103597883    
  0.1578221140047963    
  0.1586873868616743    
  0.1595591674127745    
  0.1604374944655021    
  0.1613224071566204    
  0.1622139449568178    
  0.1631121476755527    
  0.1640170554661848    
  0.1649287088314083    
  0.1658471486289945    
  0.1667724160778676    
  0.1677045527645282    
  0.1686436006498375    
  0.1695896020761759    
  0.1705425997750028    
  0.1715026368748293    
  0.1724697569096328    
  0.1734440038277214    
  0.1744254220010748    
  0.1754140562351842    
  0.1764099517794214    
  0.1774131543379538    
  0.1784237100812324    
  0.1794416656580743    
  0.1804670682083817    
  0.1814999653765199    
  0.1825404053253857    
  0.1835884367511910    
  0.1846441088990020    
  0.1857074715790728    
  0.1867785751840103    
  0.1878574707067988    
  0.1889442097597324    
  0.1900388445942965    
  0.1911414281220442    
  0.1922520139365094    
  0.1933706563362042    
  0.1944974103487495    
  0.1956323317561969    
  0.1967754771215907    
  0.1979269038168270    
  0.1990866700518639    
  0.2002548349053473    
  0.2014314583567132    
  0.2026166013198326    
  0.2038103256782623    
  0.2050126943221734    
  0.2062237711870188    
  0.2074436212940254    
  0.2086723107925756    
  0.2099099070045554    
  0.2111564784707388    
  0.2124120949992951    
  0.2136768277164942    
  0.2149507491196900    
  0.2162339331326464    
  0.2175264551632891    
  0.2188283921639585    
  0.2201398226942364    
  0.2214608269864048    
  0.2227914870135953    
  0.2241318865606866    
  0.2254821112980023    
  0.2268422488578296    
  0.2282123889137793    
  0.2295926232629897    
  0.2309830459111628    
  0.2323837531603873    
  0.2337948436996726    
  0.2352164186980895    
  0.2366485819003773    
  0.2380914397248186    
  0.2395451013631269    
  0.2410096788820315    
  0.2424852873261767    
  0.2439720448218443    
  0.2454700726808952    
  0.2469794955042104    
  0.2485004412837902    
  0.2500330415024810    
  0.2515774312300958    
  0.2531337492144572    
  0.2547021379656573    
  0.2562827438315143    
  0.2578757170618310    
  0.2594812118586260    
  0.2610993864090536    
  0.2627304028971724    
  0.2643744274900517    
  0.2660316302929133    
  0.2677021852671496    
  0.2693862701040385    
  0.2710840660457849    
  0.2727957576440867    
  0.2745215324448280    
  0.2762615805856216    
  0.2780160942907516    
  0.2797852672454810    
  0.2815692938287401    
  0.2833683681797745    
  0.2851826830703180    
  0.2870124285491591    
  0.2888577903205284    
  0.2907189478114229    
  0.2925960718756355    
  0.2944893220736599    
  0.2963988434576879    
  0.2983247627793663    
  0.3002671840245765    
  0.3022261831639378    
  0.3042018019897406    
  0.3061940408892490    
  0.3082028503803967    
  0.3102281212083935    
  0.3122696727703156    
  0.3143272395989692    
  0.3164004555968015    
  0.3184888356650818    
  0.3205917543229008    
  0.3227084208548490    
  0.3248378504660064    
  0.3269788308590764    
  0.3291298835830306    
  0.3312892194384967    
  0.3334546871668675    
  0.3356237146044030    
  0.3377932414590453    
  0.3399596428796832    
  0.3421186430533180    
  0.3442652182090944    
  0.3463934886608222    
  0.3484965999209899    
  0.3505665935176853    
  0.3525942689977801    
  0.3545690397676561    
  0.3564787869695597    
  0.3583097175707652    
  0.3600462352817314    
  0.3616708357961138    
  0.3631640410547661    
  0.3645043905490549    
  0.3656685107002005    
  0.3666312854824159    
  0.3673661518875964    
  0.3678455415775455    
  0.3680414841101137    
  0.3679263766156866    
  0.3674739094141808    
  0.3666601173791414    
  0.3654645046932721    
  0.3638711691705458    
  0.3618698357851123    
  0.3594567019763903    
  0.3566350033140429    
  0.3534152286167089    
  0.3498149469062546    
  0.3458582497305965    
  0.3415748542761481    
  0.3369989477771922    
  0.3321678760658777    
  0.3271207858105814    
  0.3218973216977453    
  0.3165364600553566    
  0.3110755342962415    
  0.3055494802711646    
  0.2999903053138448    
  0.2944267659673898    
  0.2888842270121260    
  0.2833846681045484    
  0.2779468029523965    
  0.2725862780582369    
  0.2673159222749414    
  0.2621460235840664    
  0.2570846147993411    
  0.2521377547821417    
  0.2473097959528123    
  0.2426036322903872    
  0.2380209246503507    
  0.2335623021778605    
  0.2292275399638862    
  0.2250157140005189    
  0.2209253350474106    
  0.2169544633168216    
  0.2131008059960488    
  0.2093617996124263    
  0.2057346791525568    
  0.2022165357067561    
  0.1988043642452296    
  0.1954951029601831    
  0.1922856654383817    
  0.1891729667679984    
  0.1861539445356546    
  0.1832255755359781    
  0.1803848888972699    
  0.1776289762225059    
  0.1749549992540275    
  0.1723601954917163    
  0.1698418821269672    
  0.1673974585970519    
  0.1650244080153450    
  0.1627202976911689    
  0.1604827789177145    
  0.1583095861766844    
  0.1561985358831973    
  0.1541475247733768    
  0.1521545280193296    
  0.1502175971413087    
  0.1483348577744376    
  0.1465045073369411    
  0.1447248126381587    
  0.1429941074573437    
  0.1413107901182122    
  0.1396733210791810    
  0.1380802205550833    
  0.1365300661826846    
  0.1350214907394727    
  0.1335531799228286    
  0.1321238701947589    
  0.1307323466957795    
  0.1293774412302504    
  0.1280580303244122    
  0.1267730333575315    
  0.1255214107658635    
  0.1243021623186184    
  0.1231143254646904    
  0.1219569737485915    
  0.1208292152937690    
  0.1197301913513070    
  0.1186590749118893    
  0.1176150693788266    
  0.1165974072998830    
  0.1156053491556239    
  0.1146381822020116    
  0.1136952193650073    
  0.1127757981849585    
  0.1118792798086004    
  0.1110050480265616    
  0.1101525083543389    
  0.1093210871547458    
  0.1085102307999286    
  0.1077194048711046    
  0.1069480933942694    
  0.1061957981101742    
  0.1054620377769414    
  0.1047463475037722    
  0.1040482781142787    
  0.1033673955380225    
  0.1027032802289012    
  0.1020555266090966    
  0.1014237425373788    
  0.1008075488006030    
  0.1002065786272798    
  0.9962047722215941E-01
  0.9904890132084809E-01
  0.9849151876350690E-01
  0.9794800808671855E-01
  0.9741805813265353E-01
  0.9690136767473256E-01
  0.9639764505901820E-01
  0.9590660786059138E-01
  0.9542798255420110E-01
  0.9496150419853572E-01
  0.9450691613348691E-01
  0.9406396968980416E-01
  0.9363242391055879E-01
  0.9321204528388660E-01
  0.9280260748650111E-01
  0.9240389113748214E-01
  0.9201568356186046E-01
  0.9163777856357055E-01
  0.9126997620735708E-01
  0.9091208260923500E-01
  0.9056390973510735E-01
  0.9022527520718510E-01
  0.8989600211787517E-01
  0.8957591885080918E-01
  0.8926485890868907E-01
  0.8896266074765702E-01
  0.8866916761791428E-01
  0.8838422741032045E-01
  0.8810769250870776E-01
  0.8783941964767036E-01
  0.8757926977560208E-01
  0.8732710792275997E-01
  0.8708280307413091E-01
  0.8684622804690753E-01
  0.8661725937239007E-01
  0.8639577718212961E-01
  0.8618166509812400E-01
  0.8597481012690258E-01
  0.8577510255735211E-01
  0.8558243586213607E-01
  0.8539670660254677E-01
  0.8521781433665289E-01
  0.8504566153061810E-01
  0.8488015347307284E-01
  0.8472119819240562E-01
  0.8456870637685532E-01
  0.8442259129730122E-01
  0.8428276873265433E-01
  0.8414915689774123E-01
  0.8402167637358016E-01
  0.8390025003995852E-01
  0.8378480301023582E-01
  0.8367526256828031E-01
  0.8357155810745481E-01
  0.8347362107157541E-01
  0.8338138489777810E-01
  0.8329478496122095E-01
  0.8321375852155069E-01
  0.8313824467106813E-01
  0.8306818428453280E-01
  0.8300351997054976E-01
  0.8294419602448197E-01
  0.8289015838283374E-01
  0.8284135457905262E-01
  0.8279773370069690E-01
  0.8275924634792611E-01
  0.8272584459327087E-01
  0.8269748194263642E-01
  0.8267411329749318E-01
  0.8265569491821696E-01
  0.8264218438854568E-01
  0.8263354058111437E-01
  0.8262972362402700E-01
  0.8263069486843394E-01
  0.8263641685708742E-01
  0.8264685329384396E-01
  0.8266196901407606E-01
  0.8268172995596572E-01
  0.8270610313266165E-01
  0.8273505660527400E-01
  0.8276855945666933E-01
  0.8280658176604126E-01
  0.8284909458424293E-01
  0.8289606990986643E-01
  0.8294748066603594E-01
  0.8300330067788730E-01
  0.8306350465072111E-01
  0.8312806814881736E-01
  0.8319696757488761E-01
  0.8327018015014220E-01
  0.8334768389495995E-01
  0.8342945761015100E-01
  0.8351548085878853E-01
  0.8360573394858695E-01
  0.8370019791482036E-01
  0.8379885450377382E-01
  0.8390168615670753E-01
  0.8400867599431255E-01
  0.8411980780165042E-01
  0.8423506601357543E-01
  0.8435443570061893E-01
  0.8447790255531391E-01
  0.8460545287895090E-01
  0.8473707356877160E-01
  0.8487275210558583E-01
  0.8501247654178758E-01
  0.8515623548975493E-01
  0.8530401811063984E-01
  0.8545581410354161E-01
  0.8561161369504725E-01
  0.8577140762911985E-01
  0.8593518715733522E-01
  0.8610294402946214E-01
  0.8627467048437223E-01
  0.8645035924126712E-01
  0.8663000349122134E-01
  0.8681359688903577E-01
  0.8700113354538586E-01
  0.8719260801924954E-01
  0.8738801531061866E-01
  0.8758735085349434E-01
  0.8779061050915105E-01
  0.8799779055965150E-01
  0.8820888770160666E-01
  0.8842389904018916E-01
  0.8864282208338915E-01
  0.8886565473649827E-01
  0.8909239529680892E-01
  0.8932304244853446E-01
  0.8955759525794632E-01
  0.8979605316871621E-01
  0.9003841599745022E-01
  0.9028468392941369E-01
  0.9053485751444451E-01
  0.9078893766304721E-01
  0.9104692564265696E-01
  0.9130882307407184E-01
  0.9157463192805015E-01
  0.9184435452206272E-01
  0.9211799351719066E-01
  0.9239555191516677E-01
  0.9267703305556232E-01
  0.9296244061311218E-01
  0.9325177859516334E-01
  0.9354505133924004E-01
  0.9384226351072777E-01
  0.9414342010068102E-01
  0.9444852642374135E-01
  0.9475758811615440E-01
  0.9507061113388068E-01
  0.9538760175080457E-01
  0.9570856655703872E-01
  0.9603351245731329E-01
  0.9636244666944352E-01
  0.9669537672287548E-01
  0.9703231045731114E-01
  0.9737325602140290E-01
  0.9771822187151036E-01
  0.9806721677051911E-01
  0.9842024978672276E-01
  0.9877733029276201E-01
  0.9913846796461159E-01
  0.9950367278061825E-01
  0.9987295502058603E-01
  0.1002463252649078    
  0.1006237943937325    
  0.1010053735861682    
  0.1013910743195219    
  0.1017809083685786    
  0.1021748878049053    
  0.1025730249961792    
  0.1029753326055427    
  0.1033818235909875    
  0.1037925112047583    
  0.1042074089927695    
  0.1046265307940413    
  0.1050498907401572    
  0.1054775032547363    
  0.1059093830529140    
  0.1063455451408280    
  0.1067860048151217    
  0.1072307776624612    
  0.1076798795590563    
  0.1081333266701804    
  0.1085911354496978    
  0.1090533226396016    
  0.1095199052695585    
  0.1099909006564500    
  0.1104663264039132    
  0.1109462004018855    
  0.1114305408261588    
  0.1119193661379298    
  0.1124126950833485    
  0.1129105466930635    
  0.1134129402817771    
  0.1139198954477983    
  0.1144314320725957    
  0.1149475703203438    
  0.1154683306374760    
  0.1159937337522395    
  0.1165238006742520    
  0.1170585526940538    
  0.1175980113826639    
  0.1181421985911389    
  0.1186911364501365    
  0.1192448473694769    
  0.1198033540377120    
  0.1203666794217022    
  0.1209348467661988    
  0.1215078795934239    
  0.1220858017026609    
  0.1226686371698561    
  0.1232564103472360    
  0.1238491458629272    
  0.1244468686205867    
  0.1250496037990492    
  0.1256573768519927    
  0.1262702135076119    
  0.1268881397683097    
  0.1275111819104120    
  0.1281393664839121    
  0.1287727203122274    
  0.1294112704919756    
  0.1300550443927792    
  0.1307040696571117    
  0.1313583742001693    
  0.1320179862097673    
  0.1326829341462706    
  0.1333532467425743    
  0.1340289530041243    
  0.1347100822089710    
  0.1353966639078646    
  0.1360887279244112    
  0.1367863043552832    
  0.1374894235704773    
  0.1381981162136215    
  0.1389124132023549    
  0.1396323457287771    
  0.1403579452599608    
  0.1410892435385284    
