  0.4698061158930592    
  0.4634488294090252    
  0.4569097848677814    
  0.4501928800465910    
  0.4433017909334031    
  0.4362399891668354    
  0.4290107454354198    
  0.4216171330006823    
  0.4140620437001865    
  0.4063482054295040    
  0.3984781867702838    
  0.3904543964312666    
  0.3822790929507526    
  0.3739544002682433    
  0.3654823132580873    
  0.3568646944917282    
  0.3481032782136022    
  0.3391996835882926    
  0.3301554219898120    
  0.3209718932393192    
  0.3116503847778138    
  0.3021920819157632    
  0.2925980774893522    
  0.2828693706216625    
  0.2730068636556383    
  0.2630113692563603    
  0.2528836219393790    
  0.2426242816877600    
  0.2322339325329560    
  0.2217130883469134    
  0.2110622060021652    
  0.2002816949744332    
  0.1893719212744339    
  0.1783332154001223    
  0.1671658883321508    
  0.1558702479452649    
  0.1444466111512565    
  0.1328953179632772    
  0.1212167529214260    
  0.1094113696120463    
  0.9747971313940407E-01
  0.8542244377055813E-01
  0.7324036692630670E-01
  0.6093446764335228E-01
  0.4850594498465460E-01
  0.3595624763335964E-01
  0.2328711480849383E-01
  0.1050062187612219E-01
 -0.2400773042716409E-02
 -0.1541418138620854E-01
 -0.2853623244197201E-01
 -0.4176301793392709E-01
 -0.5509003613321417E-01
 -0.6851213614830470E-01
 -0.8202346050123160E-01
 -0.9561738653977329E-01
 -0.1092864699266793    
 -0.1230223915566776    
 -0.1368159069156100    
 -0.1506567988235516    
 -0.1645338370349033    
 -0.1784347466548979    
 -0.1923461850199697    
 -0.2062537281779336    
 -0.2201418704632165    
 -0.2339940392607667    
 -0.2477926245190125    
 -0.2615190236009641    
 -0.2751537042727056    
 -0.2886762871759310    
 -0.3020656461353794    
 -0.3153000251764354    
 -0.3283571733594519    
 -0.3412144971627610    
 -0.3538492266685062    
 -0.3662385919008896    
 -0.3783600082960143    
 -0.3901912694569679    
 -0.4017107416473079    
 -0.4128975543298601    
 -0.4237317845620781    
 -0.4341946334204068    
 -0.4442685889801498    
 -0.4539375698875772    
 -0.4631870480529144    
 -0.4720041510089842    
 -0.4803777409989186    
 -0.4882984663874871    
 -0.4957587858215369    
 -0.5027529692529322    
 -0.5092770766815654    
 -0.5153289122284228    
 -0.5209079551645017    
 -0.5260152745950970    
 -0.5306534318878066    
 -0.5348263696586922    
 -0.5385392882156202    
 -0.5417985163048373    
 -0.5446113818473490    
 -0.5469860818402613    
 -0.5489315502834724    
 -0.5504573290076793    
 -0.5515734470141427    
 -0.5522903075427341    
 -0.5526185799134561    
 -0.5525690985509224    
 -0.5521527736549869    
 -0.5513805124039564    
 -0.5502631468522703    
 -0.5488113697999182    
 -0.5470356823156219    
 -0.5449463507049325    
 -0.5425533678077834    
 -0.5398664202026617    
 -0.5368948665611276    
 -0.5336477243606754    
 -0.5301336565699927    
 -0.5263609589739320    
 -0.5223375574360807    
 -0.5180710152954618    
 -0.5135685386485471    
 -0.5088369749631130    
 -0.5038828170544385    
 -0.4987122202068743    
 -0.4933310203828395    
 -0.4877447406609428    
 -0.4819585946454095    
 -0.4759775026937607    
 -0.4698061158930592    
 -0.4634488294090252    
 -0.4569097848677814    
 -0.4501928800465910    
 -0.4433017909334031    
 -0.4362399891668354    
 -0.4290107454354198    
 -0.4216171330006823    
 -0.4140620437001865    
 -0.4063482054295040    
 -0.3984781867702838    
 -0.3904543964312666    
 -0.3822790929507526    
 -0.3739544002682433    
 -0.3654823132580873    
 -0.3568646944917282    
 -0.3481032782136022    
 -0.3391996835882926    
 -0.3301554219898120    
 -0.3209718932393192    
 -0.3116503847778138    
 -0.3021920819157632    
 -0.2925980774893522    
 -0.2828693706216625    
 -0.2730068636556383    
 -0.2630113692563603    
 -0.2528836219393790    
 -0.2426242816877600    
 -0.2322339325329560    
 -0.2217130883469134    
 -0.2110622060021652    
 -0.2002816949744332    
 -0.1893719212744339    
 -0.1783332154001223    
 -0.1671658883321508    
 -0.1558702479452649    
 -0.1444466111512565    
 -0.1328953179632772    
 -0.1212167529214260    
 -0.1094113696120463    
 -0.9747971313940407E-01
 -0.8542244377055813E-01
 -0.7324036692630670E-01
 -0.6093446764335228E-01
 -0.4850594498465460E-01
 -0.3595624763335964E-01
 -0.2328711480849383E-01
 -0.1050062187612219E-01
  0.2400773042716409E-02
  0.1541418138620854E-01
  0.2853623244197201E-01
  0.4176301793392709E-01
  0.5509003613321417E-01
  0.6851213614830470E-01
  0.8202346050123160E-01
  0.9561738653977329E-01
  0.1092864699266793    
  0.1230223915566776    
  0.1368159069156100    
  0.1506567988235516    
  0.1645338370349033    
  0.1784347466548979    
  0.1923461850199697    
  0.2062537281779336    
  0.2201418704632165    
  0.2339940392607667    
  0.2477926245190125    
  0.2615190236009641    
  0.2751537042727056    
  0.2886762871759310    
  0.3020656461353794    
  0.3153000251764354    
  0.3283571733594519    
  0.3412144971627610    
  0.3538492266685062    
  0.3662385919008896    
  0.3783600082960143    
  0.3901912694569679    
  0.4017107416473079    
  0.4128975543298601    
  0.4237317845620781    
  0.4341946334204068    
  0.4442685889801498    
  0.4539375698875772    
  0.4631870480529144    
  0.4720041510089842    
  0.4803777409989186    
  0.4882984663874871    
  0.4957587858215369    
  0.5027529692529322    
  0.5092770766815654    
  0.5153289122284228    
  0.5209079551645017    
  0.5260152745950970    
  0.5306534318878066    
  0.5348263696586922    
  0.5385392882156202    
  0.5417985163048373    
  0.5446113818473490    
  0.5469860818402613    
  0.5489315502834724    
  0.5504573290076793    
  0.5515734470141427    
  0.5522903075427341    
  0.5526185799134561    
  0.5525690985509224    
  0.5521527736549869    
  0.5513805124039564    
  0.5502631468522703    
  0.5488113697999182    
  0.5470356823156219    
  0.5449463507049325    
  0.5425533678077834    
  0.5398664202026617    
  0.5368948665611276    
  0.5336477243606754    
  0.5301336565699927    
  0.5263609589739320    
  0.5223375574360807    
  0.5180710152954618    
  0.5135685386485471    
  0.5088369749631130    
  0.5038828170544385    
  0.4987122202068743    
  0.4933310203828395    
  0.4877447406609428    
  0.4819585946454095    
  0.4759775026937607    
