  0.2848497464927952    
  0.2895954172519660    
  0.2944877838383692    
  0.2995325784943730    
  0.3047360321597203    
  0.3101048973391849    
  0.3156464465790205    
  0.3213685312743821    
  0.3272796590797185    
  0.3333890346193998    
  0.3397066051961442    
  0.3462431357243974    
  0.3530102723389274    
  0.3600206041202939    
  0.3672877601218342    
  0.3748264922993418    
  0.3826527064297961    
  0.3907835255945122    
  0.3992374090871377    
  0.4080341798786170    
  0.4171949210063524    
  0.4267419047973703    
  0.4366985315661489    
  0.4470889748870051    
  0.4579374539278886    
  0.4692673323936037    
  0.4810998493167077    
  0.4934518286374623    
  0.5063320491049711    
  0.5197362427068983    
  0.5336398952347701    
  0.5479872591206973    
  0.5626755131396812    
  0.5775334918482929    
  0.5922937738846537    
  0.6065577516604876    
  0.6197582451180955    
  0.6311317810792872    
  0.6397211168542036    
  0.6444375300814560    
  0.6442118144107147    
  0.6382314221814709    
  0.6261964426097675    
  0.6084750835303314    
  0.5860628438280453    
  0.5603522486747894    
  0.5328238413300707    
  0.5047904948726509    
  0.4772636549656779    
  0.4509313875656823    
  0.4262019012132150    
  0.4032713010816478    
  0.3821906916911728    
  0.3629201701788532    
  0.3453669209650325    
  0.3294109759954288    
  0.3149225041915957    
  0.3017721810901632    
  0.2898363206706150    
  0.2789995807713007    
  0.2691567353690238    
  0.2602130685034020    
  0.2520834930296397    
  0.2446917336302640    
  0.2379700159631167    
  0.2318583630868610    
  0.2263033296830017    
  0.2212571430464358    
  0.2166774511210699    
  0.2125267925252484    
  0.2087716302466035    
  0.2053817889538914    
  0.2023304238709056    
  0.1995937116656753    
  0.1971501426280869    
  0.1949801748486486    
  0.1930663450377075    
  0.1913931000437461    
  0.1899462582045181    
  0.1887127958366062    
  0.1876810314178754    
  0.1868405364210316    
  0.1861817048096104    
  0.1856956190600330    
  0.1853742678310722    
  0.1852105007508614    
  0.1851976698819979    
  0.1853295439681398    
  0.1856005363982951    
  0.1860056835589520    
  0.1865403378906362    
  0.1872001136607984    
  0.1879811125632955    
  0.1888799121912644    
  0.1898932963651512    
  0.1910182228751328    
  0.1922520424090444    
  0.1935924913134506    
  0.1950374489115768    
  0.1965849181254615    
  0.1982332347013807    
  0.1999810641539917    
  0.2018271831917691    
  0.2037704671419808    
  0.2058100843085580    
  0.2079454955958434    
  0.2101762608779030    
  0.2125020331219122    
  0.2149227352882470    
  0.2174385593764034    
  0.2200497966753917    
  0.2227568398858504    
  0.2255603436136241    
  0.2284612219639222    
  0.2314605011350331    
  0.2345593293233812    
  0.2377591220441330    
  0.2410615595428093    
  0.2444684619638420    
  0.2479818066570669    
  0.2516038588048477    
  0.2553371705508305    
  0.2591844805307039    
  0.2631487388804645    
  0.2672332234881541    
  0.2714415432935567    
  0.2757775653505769    
  0.2802454486539713    
  0.2848497464927952    
  0.2895954172519660    
  0.2944877838383692    
  0.2995325784943730    
  0.3047360321597203    
  0.3101048973391849    
  0.3156464465790205    
  0.3213685312743821    
  0.3272796590797185    
  0.3333890346193998    
  0.3397066051961442    
  0.3462431357243974    
  0.3530102723389274    
  0.3600206041202939    
  0.3672877601218342    
  0.3748264922993418    
  0.3826527064297961    
  0.3907835255945122    
  0.3992374090871377    
  0.4080341798786170    
  0.4171949210063524    
  0.4267419047973703    
  0.4366985315661489    
  0.4470889748870051    
  0.4579374539278886    
  0.4692673323936037    
  0.4810998493167077    
  0.4934518286374623    
  0.5063320491049711    
  0.5197362427068983    
  0.5336398952347701    
  0.5479872591206973    
  0.5626755131396812    
  0.5775334918482929    
  0.5922937738846537    
  0.6065577516604876    
  0.6197582451180955    
  0.6311317810792872    
  0.6397211168542036    
  0.6444375300814560    
  0.6442118144107147    
  0.6382314221814709    
  0.6261964426097675    
  0.6084750835303314    
  0.5860628438280453    
  0.5603522486747894    
  0.5328238413300707    
  0.5047904948726509    
  0.4772636549656779    
  0.4509313875656823    
  0.4262019012132150    
  0.4032713010816478    
  0.3821906916911728    
  0.3629201701788532    
  0.3453669209650325    
  0.3294109759954288    
  0.3149225041915957    
  0.3017721810901632    
  0.2898363206706150    
  0.2789995807713007    
  0.2691567353690238    
  0.2602130685034020    
  0.2520834930296397    
  0.2446917336302640    
  0.2379700159631167    
  0.2318583630868610    
  0.2263033296830017    
  0.2212571430464358    
  0.2166774511210699    
  0.2125267925252484    
  0.2087716302466035    
  0.2053817889538914    
  0.2023304238709056    
  0.1995937116656753    
  0.1971501426280869    
  0.1949801748486486    
  0.1930663450377075    
  0.1913931000437461    
  0.1899462582045181    
  0.1887127958366062    
  0.1876810314178754    
  0.1868405364210316    
  0.1861817048096104    
  0.1856956190600330    
  0.1853742678310722    
  0.1852105007508614    
  0.1851976698819979    
  0.1853295439681398    
  0.1856005363982951    
  0.1860056835589520    
  0.1865403378906362    
  0.1872001136607984    
  0.1879811125632955    
  0.1888799121912644    
  0.1898932963651512    
  0.1910182228751328    
  0.1922520424090444    
  0.1935924913134506    
  0.1950374489115768    
  0.1965849181254615    
  0.1982332347013807    
  0.1999810641539917    
  0.2018271831917691    
  0.2037704671419808    
  0.2058100843085580    
  0.2079454955958434    
  0.2101762608779030    
  0.2125020331219122    
  0.2149227352882470    
  0.2174385593764034    
  0.2200497966753917    
  0.2227568398858504    
  0.2255603436136241    
  0.2284612219639222    
  0.2314605011350331    
  0.2345593293233812    
  0.2377591220441330    
  0.2410615595428093    
  0.2444684619638420    
  0.2479818066570669    
  0.2516038588048477    
  0.2553371705508305    
  0.2591844805307039    
  0.2631487388804645    
  0.2672332234881541    
  0.2714415432935567    
  0.2757775653505769    
  0.2802454486539713    
