   2.358665308014608    
   2.379840036039136    
   2.401539611660898    
   2.424228518765329    
   2.448316969116167    
   2.473437612826038    
   2.499218332108371    
   2.525947443467726    
   2.553919514860217    
   2.582817451830946    
   2.612250475685404    
   2.642303472998736    
   2.673070976996422    
   2.704135896771151    
   2.734927224615502    
   2.765157610223790    
   2.794489799764993    
   2.822076144560980    
   2.846735855120576    
   2.867266074042952    
   2.882192802789707    
   2.889306067653807    
   2.885577166233594    
   2.867245201148978    
   2.829529100294438    
   2.765976371377651    
   2.667856398312914    
   2.523706679329278    
   2.318644109712548    
   2.033048822684391    
   1.640855019266038    
   1.108116874006587    
  0.3919425266670398    
 -0.5605562350063410    
  -1.812096254265902    
  -3.430348634428285    
  -5.474905041776462    
  -7.974033653962501    
  -10.88975239855179    
  -14.07554286099021    
  -17.24929054732090    
  -20.02030361136678    
  -21.99101940391019    
  -22.89683636961725    
  -22.70196221853063    
  -21.59077414245379    
  -19.86987434009440    
  -17.85214852008678    
  -15.78335943434186    
  -13.82227730513000    
  -12.05257136836076    
  -10.50471945968761    
  -9.177258171811905    
  -8.052687407551264    
  -7.106862827516676    
  -6.314176567063074    
  -5.650764792501738    
  -5.095740358066410    
  -4.630864106910712    
  -4.240502070707708    
  -3.912096991222399    
  -3.635580551435388    
  -3.402078387516456    
  -3.203945469466597    
  -3.035604057316664    
  -2.892820592470808    
  -2.771199822041073    
  -2.666699503401728    
  -2.577121609612894    
  -2.501140338187040    
  -2.436120600792151    
  -2.379070858631773    
  -2.329434929731285    
  -2.288113093208961    
  -2.253587250301371    
  -2.222262597881605    
  -2.193315945905608    
  -2.169529305925789    
  -2.151734312858554    
  -2.136125864276027    
  -2.119620486660205    
  -2.104498083416309    
  -2.094270422670220    
  -2.087586555443733    
  -2.080288218639673    
  -2.071798265557339    
  -2.065192809453505    
  -2.061686078918253    
  -2.059153307896508    
  -2.056147324660305    
  -2.053678408237561    
  -2.052480640775865    
  -2.051707584938721    
  -2.051077445330223    
  -2.051547841930122    
  -2.053123404380785    
  -2.054497180233568    
  -2.055520916687686    
  -2.057590614064309    
  -2.060961012651214    
  -2.064184741639496    
  -2.066922869312851    
  -2.070699712391503    
  -2.075946408202070    
  -2.080970791335994    
  -2.085090365838190    
  -2.090128896807823    
  -2.097212008398585    
  -2.104616278726251    
  -2.110771495337750    
  -2.117097351827845    
  -2.125531494528006    
  -2.135180764630129    
  -2.144029219386195    
  -2.152490389469043    
  -2.162516086950595    
  -2.174155575178780    
  -2.185741752808410    
  -2.196998299751932    
  -2.209360365638954    
  -2.223298582760557    
  -2.237691745010717    
  -2.252072070401327    
  -2.267404214323103    
  -2.284217497827821    
  -2.301772793558898    
  -2.319618223862110    
  -2.338421473972449    
  -2.358665308014608    
  -2.379840036039136    
  -2.401539611660898    
  -2.424228518765329    
  -2.448316969116167    
  -2.473437612826038    
  -2.499218332108371    
  -2.525947443467726    
  -2.553919514860217    
  -2.582817451830946    
  -2.612250475685404    
  -2.642303472998736    
  -2.673070976996422    
  -2.704135896771151    
  -2.734927224615502    
  -2.765157610223790    
  -2.794489799764993    
  -2.822076144560980    
  -2.846735855120576    
  -2.867266074042952    
  -2.882192802789707    
  -2.889306067653807    
  -2.885577166233594    
  -2.867245201148978    
  -2.829529100294438    
  -2.765976371377651    
  -2.667856398312914    
  -2.523706679329278    
  -2.318644109712548    
  -2.033048822684391    
  -1.640855019266038    
  -1.108116874006587    
 -0.3919425266670398    
  0.5605562350063410    
   1.812096254265902    
   3.430348634428285    
   5.474905041776462    
   7.974033653962501    
   10.88975239855179    
   14.07554286099021    
   17.24929054732090    
   20.02030361136678    
   21.99101940391019    
   22.89683636961725    
   22.70196221853063    
   21.59077414245379    
   19.86987434009440    
   17.85214852008678    
   15.78335943434186    
   13.82227730513000    
   12.05257136836076    
   10.50471945968761    
   9.177258171811905    
   8.052687407551264    
   7.106862827516676    
   6.314176567063074    
   5.650764792501738    
   5.095740358066410    
   4.630864106910712    
   4.240502070707708    
   3.912096991222399    
   3.635580551435388    
   3.402078387516456    
   3.203945469466597    
   3.035604057316664    
   2.892820592470808    
   2.771199822041073    
   2.666699503401728    
   2.577121609612894    
   2.501140338187040    
   2.436120600792151    
   2.379070858631773    
   2.329434929731285    
   2.288113093208961    
   2.253587250301371    
   2.222262597881605    
   2.193315945905608    
   2.169529305925789    
   2.151734312858554    
   2.136125864276027    
   2.119620486660205    
   2.104498083416309    
   2.094270422670220    
   2.087586555443733    
   2.080288218639673    
   2.071798265557339    
   2.065192809453505    
   2.061686078918253    
   2.059153307896508    
   2.056147324660305    
   2.053678408237561    
   2.052480640775865    
   2.051707584938721    
   2.051077445330223    
   2.051547841930122    
   2.053123404380785    
   2.054497180233568    
   2.055520916687686    
   2.057590614064309    
   2.060961012651214    
   2.064184741639496    
   2.066922869312851    
   2.070699712391503    
   2.075946408202070    
   2.080970791335994    
   2.085090365838190    
   2.090128896807823    
   2.097212008398585    
   2.104616278726251    
   2.110771495337750    
   2.117097351827845    
   2.125531494528006    
   2.135180764630129    
   2.144029219386195    
   2.152490389469043    
   2.162516086950595    
   2.174155575178780    
   2.185741752808410    
   2.196998299751932    
   2.209360365638954    
   2.223298582760557    
   2.237691745010717    
   2.252072070401327    
   2.267404214323103    
   2.284217497827821    
   2.301772793558898    
   2.319618223862110    
   2.338421473972449    
