   1.717108611809721    
   1.723437689529904    
   1.730426708195649    
   1.737454168199128    
   1.744045471063945    
   1.750860148179568    
   1.758412442935025    
   1.766018314775084    
   1.773086668190902    
   1.780285153919039    
   1.788289757771267    
   1.796479580951865    
   1.804077289286602    
   1.811585412723390    
   1.819824733255635    
   1.828413935611047    
   1.836506923355355    
   1.844324076012307    
   1.852643748389762    
   1.861330130239843    
   1.869640336420419    
   1.877585901343070    
   1.885782630295842    
   1.894228845268513    
   1.902345799754175    
   1.910044235257034    
   1.917739820988454    
   1.925433748898378    
   1.932687324444148    
   1.939419962019937    
   1.945913880310107    
   1.952098733017757    
   1.957568106922296    
   1.962232395075208    
   1.966281639501838    
   1.969580002002245    
   1.971718609233888    
   1.972576237542829    
   1.972238969513348    
   1.970460020338832    
   1.966754421353887    
   1.960923314093824    
   1.952946580686985    
   1.942455245827477    
   1.928818490691206    
   1.911646779168515    
   1.890710599264688    
   1.865450707781790    
   1.835030568380471    
   1.798772515235334    
   1.756086919961888    
   1.706048082958624    
   1.647445823073132    
   1.579149853379815    
   1.500013334470883    
   1.408496796513173    
   1.302739655826142    
   1.180875318212226    
   1.040900575941338    
  0.8803289036080342    
  0.6962896085432841    
  0.4858231256386840    
  0.2457386021329742    
 -0.2768931825069580E-01
 -0.3385624104811195    
 -0.6910241677163992    
  -1.089337516986773    
  -1.538053724920924    
  -2.041678516277071    
  -2.604149543629541    
  -3.228677166992733    
  -3.917593146508706    
  -4.671656063732062    
  -5.489190455631823    
  -6.365628075344699    
  -7.293128028091934    
  -8.259846706962598    
  -9.249382479351500    
  -10.24103757377653    
  -11.21059472376185    
  -12.13119287288027    
  -12.97474374876980    
  -13.71423894518137    
  -14.32621492547183    
  -14.79257655023585    
  -15.10195455366296    
  -15.25079151044701    
  -15.24348755408761    
  -15.09121661286955    
  -14.81021859401861    
  -14.42030214445521    
  -13.94320645671788    
  -13.40061435143986    
  -12.81266183689811    
  -12.19744426855060    
  -11.57073896452285    
  -10.94542540485984    
  -10.33135066994491    
  -9.736024870981890    
  -9.165158517908084    
  -8.622490680706127    
  -8.109886798333367    
  -7.628232986303053    
  -7.177992673827091    
  -6.758791815786218    
  -6.369265893405238    
  -6.007917994675178    
  -5.673659397526163    
  -5.365138822061208    
  -5.080277629855984    
  -4.817102401863387    
  -4.574427574190727    
  -4.351100846568251    
  -4.145261258184244    
  -3.955100663040067    
  -3.779714542795138    
  -3.618369145392302    
  -3.469565276106675    
  -3.331763773503783    
  -3.204426709784396    
  -3.087287080268901    
  -2.979147375467737    
  -2.878572627908254    
  -2.785273904079748    
  -2.699482805755837    
  -2.620332517214712    
  -2.546318307748427    
  -2.477152503388595    
  -2.413573971743975    
  -2.355274658932446    
  -2.300644199382945    
  -2.248893325672754    
  -2.200856294094966    
  -2.157098859116660    
  -2.116638852578255    
  -2.078291085426974    
  -2.042056889803642    
  -2.008381273273273    
  -1.977140165964568    
  -1.948158047413959    
  -1.921591252016086    
  -1.896904301397228    
  -1.872710130075111    
  -1.848843426741238    
  -1.827357360974024    
  -1.809707976166883    
  -1.793820870642636    
  -1.776216195077280    
  -1.756958053078352    
  -1.740083143240728    
  -1.728195810131293    
  -1.718619771439537    
  -1.706674954849527    
  -1.691717052937976    
  -1.677830649584618    
  -1.668484718197355    
  -1.662307042739694    
  -1.655079675300247    
  -1.644864645393747    
  -1.633863442140455    
  -1.625399671500001    
  -1.620174745525451    
  -1.615921881291334    
  -1.610154655447760    
  -1.602657010069924    
  -1.595331673555145    
  -1.589980562893580    
  -1.586474598568867    
  -1.583162217806537    
  -1.578887721723954    
  -1.574129006407068    
  -1.569941658593102    
  -1.566426739849477    
  -1.563019587065701    
  -1.559875402105270    
  -1.557722429419746    
  -1.556205277823369    
  -1.553748771211494    
  -1.549840838645854    
  -1.546327548464444    
  -1.545194640422507    
  -1.545687057027925    
  -1.545057085067306    
  -1.542112110826448    
  -1.538710170439952    
  -1.537305908189179    
  -1.537955850093413    
  -1.538495593366824    
  -1.537300037688853    
  -1.535114761199328    
  -1.533917279429467    
  -1.534351369236656    
  -1.534981813919009    
  -1.534394093557024    
  -1.533279497948654    
  -1.533362480157967    
  -1.534603883987258    
  -1.535088134655108    
  -1.534065911515494    
  -1.533373326110337    
  -1.534707169442161    
  -1.536937035005364    
  -1.537753924967517    
  -1.537042694102351    
  -1.536807889944980    
  -1.538206756344329    
  -1.540369120722187    
  -1.542029553230678    
  -1.542861978430248    
  -1.543247033293381    
  -1.543950414879572    
  -1.545827511461288    
  -1.548671227360182    
  -1.550824535508299    
  -1.551324060521573    
  -1.551774843562890    
  -1.554275573446241    
  -1.558057307109828    
  -1.560471578945848    
  -1.561108835520326    
  -1.562354841525098    
  -1.565544759275820    
  -1.569166071305253    
  -1.571666708011599    
  -1.573637427840020    
  -1.576133491573404    
  -1.578993347074289    
  -1.581972886765071    
  -1.585517342245180    
  -1.589286898409089    
  -1.592024021674618    
  -1.594050878617599    
  -1.597548100550394    
  -1.602910564512994    
  -1.607420284247296    
  -1.609525317859222    
  -1.611791382865402    
  -1.616904911498512    
  -1.623122590219718    
  -1.627089819548905    
  -1.629400711064042    
  -1.633458461542280    
  -1.639756204542871    
  -1.645362130541342    
  -1.649038899997686    
  -1.652983770477397    
  -1.658754587996796    
  -1.664905961992279    
  -1.669934910322086    
  -1.674716104902323    
  -1.680486288166960    
  -1.686698877378531    
  -1.692441086837312    
  -1.698154360083538    
  -1.704491612275528    
  -1.710978337613323    
  -1.717108611809721    
  -1.723437689529904    
  -1.730426708195649    
  -1.737454168199128    
  -1.744045471063945    
  -1.750860148179568    
  -1.758412442935025    
  -1.766018314775084    
  -1.773086668190902    
  -1.780285153919039    
  -1.788289757771267    
  -1.796479580951865    
  -1.804077289286602    
  -1.811585412723390    
  -1.819824733255635    
  -1.828413935611047    
  -1.836506923355355    
  -1.844324076012307    
  -1.852643748389762    
  -1.861330130239843    
  -1.869640336420419    
  -1.877585901343070    
  -1.885782630295842    
  -1.894228845268513    
  -1.902345799754175    
  -1.910044235257034    
  -1.917739820988454    
  -1.925433748898378    
  -1.932687324444148    
  -1.939419962019937    
  -1.945913880310107    
  -1.952098733017757    
  -1.957568106922296    
  -1.962232395075208    
  -1.966281639501838    
  -1.969580002002245    
  -1.971718609233888    
  -1.972576237542829    
  -1.972238969513348    
  -1.970460020338832    
  -1.966754421353887    
  -1.960923314093824    
  -1.952946580686985    
  -1.942455245827477    
  -1.928818490691206    
  -1.911646779168515    
  -1.890710599264688    
  -1.865450707781790    
  -1.835030568380471    
  -1.798772515235334    
  -1.756086919961888    
  -1.706048082958624    
  -1.647445823073132    
  -1.579149853379815    
  -1.500013334470883    
  -1.408496796513173    
  -1.302739655826142    
  -1.180875318212226    
  -1.040900575941338    
 -0.8803289036080342    
 -0.6962896085432841    
 -0.4858231256386840    
 -0.2457386021329742    
  0.2768931825069580E-01
  0.3385624104811195    
  0.6910241677163992    
   1.089337516986773    
   1.538053724920924    
   2.041678516277071    
   2.604149543629541    
   3.228677166992733    
   3.917593146508706    
   4.671656063732062    
   5.489190455631823    
   6.365628075344699    
   7.293128028091934    
   8.259846706962598    
   9.249382479351500    
   10.24103757377653    
   11.21059472376185    
   12.13119287288027    
   12.97474374876980    
   13.71423894518137    
   14.32621492547183    
   14.79257655023585    
   15.10195455366296    
   15.25079151044701    
   15.24348755408761    
   15.09121661286955    
   14.81021859401861    
   14.42030214445521    
   13.94320645671788    
   13.40061435143986    
   12.81266183689811    
   12.19744426855060    
   11.57073896452285    
   10.94542540485984    
   10.33135066994491    
   9.736024870981890    
   9.165158517908084    
   8.622490680706127    
   8.109886798333367    
   7.628232986303053    
   7.177992673827091    
   6.758791815786218    
   6.369265893405238    
   6.007917994675178    
   5.673659397526163    
   5.365138822061208    
   5.080277629855984    
   4.817102401863387    
   4.574427574190727    
   4.351100846568251    
   4.145261258184244    
   3.955100663040067    
   3.779714542795138    
   3.618369145392302    
   3.469565276106675    
   3.331763773503783    
   3.204426709784396    
   3.087287080268901    
   2.979147375467737    
   2.878572627908254    
   2.785273904079748    
   2.699482805755837    
   2.620332517214712    
   2.546318307748427    
   2.477152503388595    
   2.413573971743975    
   2.355274658932446    
   2.300644199382945    
   2.248893325672754    
   2.200856294094966    
   2.157098859116660    
   2.116638852578255    
   2.078291085426974    
   2.042056889803642    
   2.008381273273273    
   1.977140165964568    
   1.948158047413959    
   1.921591252016086    
   1.896904301397228    
   1.872710130075111    
   1.848843426741238    
   1.827357360974024    
   1.809707976166883    
   1.793820870642636    
   1.776216195077280    
   1.756958053078352    
   1.740083143240728    
   1.728195810131293    
   1.718619771439537    
   1.706674954849527    
   1.691717052937976    
   1.677830649584618    
   1.668484718197355    
   1.662307042739694    
   1.655079675300247    
   1.644864645393747    
   1.633863442140455    
   1.625399671500001    
   1.620174745525451    
   1.615921881291334    
   1.610154655447760    
   1.602657010069924    
   1.595331673555145    
   1.589980562893580    
   1.586474598568867    
   1.583162217806537    
   1.578887721723954    
   1.574129006407068    
   1.569941658593102    
   1.566426739849477    
   1.563019587065701    
   1.559875402105270    
   1.557722429419746    
   1.556205277823369    
   1.553748771211494    
   1.549840838645854    
   1.546327548464444    
   1.545194640422507    
   1.545687057027925    
   1.545057085067306    
   1.542112110826448    
   1.538710170439952    
   1.537305908189179    
   1.537955850093413    
   1.538495593366824    
   1.537300037688853    
   1.535114761199328    
   1.533917279429467    
   1.534351369236656    
   1.534981813919009    
   1.534394093557024    
   1.533279497948654    
   1.533362480157967    
   1.534603883987258    
   1.535088134655108    
   1.534065911515494    
   1.533373326110337    
   1.534707169442161    
   1.536937035005364    
   1.537753924967517    
   1.537042694102351    
   1.536807889944980    
   1.538206756344329    
   1.540369120722187    
   1.542029553230678    
   1.542861978430248    
   1.543247033293381    
   1.543950414879572    
   1.545827511461288    
   1.548671227360182    
   1.550824535508299    
   1.551324060521573    
   1.551774843562890    
   1.554275573446241    
   1.558057307109828    
   1.560471578945848    
   1.561108835520326    
   1.562354841525098    
   1.565544759275820    
   1.569166071305253    
   1.571666708011599    
   1.573637427840020    
   1.576133491573404    
   1.578993347074289    
   1.581972886765071    
   1.585517342245180    
   1.589286898409089    
   1.592024021674618    
   1.594050878617599    
   1.597548100550394    
   1.602910564512994    
   1.607420284247296    
   1.609525317859222    
   1.611791382865402    
   1.616904911498512    
   1.623122590219718    
   1.627089819548905    
   1.629400711064042    
   1.633458461542280    
   1.639756204542871    
   1.645362130541342    
   1.649038899997686    
   1.652983770477397    
   1.658754587996796    
   1.664905961992279    
   1.669934910322086    
   1.674716104902323    
   1.680486288166960    
   1.686698877378531    
   1.692441086837312    
   1.698154360083538    
   1.704491612275528    
   1.710978337613323    
