  0.3331842710362667    
  0.3329488168262545    
  0.3327061104939586    
  0.3324561678062519    
  0.3321990038296248    
  0.3319346318972164    
  0.3316630642357845    
  0.3313843130256405    
  0.3310983898621193    
  0.3308053047191205    
  0.3305050664286355    
  0.3301976837045920    
  0.3298831647425415    
  0.3295615162538819    
  0.3292327438391107    
  0.3288968529280047    
  0.3285538484477425    
  0.3282037339278645    
  0.3278465118274748    
  0.3274821844283467    
  0.3271107535476731    
  0.3267322196717648    
  0.3263465822243484    
  0.3259538404307419    
  0.3255539931010240    
  0.3251470378050373    
  0.3247329710696106    
  0.3243117891863380    
  0.3238834880542988    
  0.3234480624186787    
  0.3230055060231875    
  0.3225558123539244    
  0.3220989745113656    
  0.3216349845039344    
  0.3211638333796852    
  0.3206855119277799    
  0.3202000105720805    
  0.3197073186977276    
  0.3192074247523319    
  0.3187003169119633    
  0.3181859830091200    
  0.3176644099018235    
  0.3171355835438564    
  0.3165994896030730    
  0.3160561134116859    
  0.3155054393812647    
  0.3149474510569187    
  0.3143821316947680    
  0.3138094642263830    
  0.3132294307092846    
  0.3126420123625642    
  0.3120471901063094    
  0.3114449445464417    
  0.3108352554715660    
  0.3102181018754657    
  0.3095934624446113    
  0.3089613155406024    
  0.3083216387422479    
  0.3076744088821043    
  0.3070196025036571    
  0.3063571958283669    
  0.3056871643135717    
  0.3050094826968416    
  0.3043241254451662    
  0.3036310667243775    
  0.3029302799630081    
  0.3022217378834498    
  0.3015054129410638    
  0.3007812773157292    
  0.3000493024965895    
  0.2993094592893067    
  0.2985617182212999    
  0.2978060495496094    
  0.2970424228875406    
  0.2962708072085324    
  0.2954911712099773    
  0.2947034833133081    
  0.2939077113270644    
  0.2931038224674655    
  0.2922917836940022    
  0.2914715616859233    
  0.2906431225213806    
  0.2898064317251612    
  0.2889614546069668    
  0.2881081562198088    
  0.2872465010207919    
  0.2863764529152396    
  0.2854979756159081    
  0.2846110326326708    
  0.2837155869319245    
  0.2828116009348531    
  0.2818990368461413    
  0.2809778566816203    
  0.2800480219873661    
  0.2791094938318990    
  0.2781622330703824    
  0.2772062003437782    
  0.2762413558433696    
  0.2752676593526192    
  0.2742850705003888    
  0.2732935487163033    
  0.2722930529808494    
  0.2712835418903594    
  0.2702649739341856    
  0.2692373074520187    
  0.2682005003704211    
  0.2671545102547541    
  0.2660992945867344    
  0.2650348107362787    
  0.2639610157095513    
  0.2628778661945616    
  0.2617853188265098    
  0.2606833301625486    
  0.2595718564424182    
  0.2584508536353188    
  0.2573202776972985    
  0.2561800845476355    
  0.2550302298381846    
  0.2538706689981049    
  0.2527013574835640    
  0.2515222507615614    
  0.2503333040942981    
  0.2491344725793198    
  0.2479257113805626    
  0.2467069757141285    
  0.2454782206575487    
  0.2442394011991477    
  0.2429904724487164    
  0.2417313896093725    
  0.2404621078042871    
  0.2391825821475953    
  0.2378927679493239    
  0.2365926206692364    
  0.2352820957444184    
  0.2339611486763545    
  0.2326297352426044    
  0.2312878114450510    
  0.2299353333352629    
  0.2285722571059042    
  0.2271985393044883    
  0.2258141367820909    
  0.2244190065241011    
  0.2230131057473183    
  0.2215963921113724    
  0.2201688236627205    
  0.2187303586695903    
  0.2172809557291910    
  0.2158205739828444    
  0.2143491730557738    
  0.2128667128898869    
  0.2113731538560140    
  0.2098684569764561    
  0.2083525838686717    
  0.2068254965771442    
  0.2052871576829737    
  0.2037375305279907    
  0.2021765791666444    
  0.2006042682052981    
  0.1990205629100342    
  0.1974254294255342    
  0.1958188347314565    
  0.1942007464934433    
  0.1925711331734471    
  0.1909299642403534    
  0.1892772101259337    
  0.1876128420902058    
  0.1859368323418304    
  0.1842491542411757    
  0.1825497822472726    
  0.1808386917911528    
  0.1791158594107566    
  0.1773812629553622    
  0.1756348815258682    
  0.1738766953511759    
  0.1721066859328416    
  0.1703248362497425    
  0.1685311306922932    
  0.1667255549438098    
  0.1649080961388504    
  0.1630787430703687    
  0.1612374861139505    
  0.1593843171077098    
  0.1575192295236400    
  0.1556422186825732    
  0.1537532816714729    
  0.1518524172194730    
  0.1499396258807924    
  0.1480149102599380    
  0.1460782749211866    
  0.1441297262528359    
  0.1421692726569628    
  0.1401969247934780    
  0.1382126954948982    
  0.1362165996177821    
  0.1342086542228158    
  0.1321888788257795    
  0.1301572953247234    
  0.1281139278543290    
  0.1260588029606857    
  0.1239919498487205    
  0.1219134003108892    
  0.1198231885841993    
  0.1177213515261260    
  0.1156079288622592    
  0.1134829631146446    
  0.1113464994573330    
  0.1091985858904816    
  0.1070392734878924    
  0.1048686163270288    
  0.1026866713446381    
  0.1004934985067008    
  0.9828916105102072E-01
  0.9607372541743148E-01
  0.9384726110709835E-01
  0.9160984085046350E-01
  0.8936154083987054E-01
  0.8710244065282029E-01
  0.8483262311521322E-01
  0.8255217447438561E-01
  0.8026118462470373E-01
  0.7795974701683733E-01
  0.7564795851584999E-01
  0.7332591957843977E-01
  0.7099373447735670E-01
  0.6865151119936522E-01
  0.6629936129347697E-01
  0.6393740004634409E-01
  0.6156574670499948E-01
  0.5918452436738098E-01
  0.5679385982198472E-01
  0.5439388371603653E-01
  0.5198473076823750E-01
  0.4956653964869675E-01
  0.4713945281544419E-01
  0.4470361668277621E-01
  0.4225918182304424E-01
  0.3980630282555750E-01
  0.3734513812101341E-01
  0.3487585015198397E-01
  0.3239860557156139E-01
  0.2991357508214565E-01
  0.2742093323921843E-01
  0.2492085861692509E-01
  0.2241353400661109E-01
  0.1989914624239477E-01
  0.1737788598331357E-01
  0.1484994786471363E-01
  0.1231553069018281E-01
  0.9774837247095877E-02
  0.7228074073371706E-02
  0.4675451593599735E-02
  0.2117184296412003E-02
 -0.4465094646371848E-03
 -0.3015407715561438E-02
 -0.5589284735147611E-02
 -0.8167910893995954E-02
 -0.1075105287656697E-01
 -0.1333847394140194E-01
 -0.1592993379995745E-01
 -0.1852518846723549E-01
 -0.2112399050844910E-01
 -0.2372608932026379E-01
 -0.2633123101594212E-01
 -0.2893915828313986E-01
 -0.3154961065314331E-01
 -0.3416232480716663E-01
 -0.3677703447217394E-01
 -0.3939347028418912E-01
 -0.4201136007503429E-01
 -0.4463042920244233E-01
 -0.4725040046024391E-01
 -0.4987099394955324E-01
 -0.5249192737998969E-01
 -0.5511291641910312E-01
 -0.5773367461646100E-01
 -0.6035391328506833E-01
 -0.6297334181672729E-01
 -0.6559166804686424E-01
 -0.6820859819003103E-01
 -0.7082383673290121E-01
 -0.7343708676461963E-01
 -0.7604805035373197E-01
 -0.7865642849080468E-01
 -0.8126192099173926E-01
 -0.8386422684246775E-01
 -0.8646304458410467E-01
 -0.8905807225888181E-01
 -0.9164900732542935E-01
 -0.9423554702093270E-01
 -0.9681738874998208E-01
 -0.9939423002307114E-01
 -0.1019657683785624    
 -0.1045317017661243    
 -0.1070917289416533    
 -0.1096455493921091    
 -0.1121928632570506    
 -0.1147333717333264    
 -0.1172667774769356    
 -0.1197927845072315    
 -0.1223110981188062    
 -0.1248214253071364    
 -0.1273234751830654    
 -0.1298169588549160    
 -0.1323015893196926    
 -0.1347770818999909    
 -0.1372431546694954    
 -0.1396995283149978    
 -0.1421459260074568    
 -0.1445820738491158    
 -0.1470077013058589    
 -0.1494225410394265    
 -0.1518263287483795    
 -0.1542188036245945    
 -0.1565997087993758    
 -0.1589687911481523    
 -0.1613258010933387    
 -0.1636704930600582    
 -0.1660026259319902    
 -0.1683219628290802    
 -0.1706282708731278    
 -0.1729213216431958    
 -0.1752008916393408    
 -0.1774667620257207    
 -0.1797187183497001    
 -0.1819565509964443    
 -0.1841800556690729    
 -0.1863890331014947    
 -0.1885832887230895    
 -0.1907626331010810    
 -0.1929268824341964    
 -0.1950758582400844    
 -0.1972093869700347    
 -0.1993273004396020    
 -0.2014294363325537    
 -0.2035156378564744    
 -0.2055857533025259    
 -0.2076396364678897    
 -0.2096771471796970    
 -0.2116981509214725    
 -0.2137025183283503    
 -0.2156901255921802    
 -0.2176608550092854    
 -0.2196145945887472    
 -0.2215512374869901    
 -0.2234706823900006    
 -0.2253728340794409    
 -0.2272576030242091    
 -0.2291249047609627    
 -0.2309746602591602    
 -0.2328067965047157    
 -0.2346212460680331    
 -0.2364179464279592    
 -0.2381968403296355    
 -0.2399578763982510    
 -0.2417010086812990    
 -0.2434261959028331    
 -0.2451334018132660    
 -0.2468225958497868    
 -0.2484937526632845    
 -0.2501468512936662    
 -0.2517818755022875    
 -0.2533988144883321    
 -0.2549976624141134    
 -0.2565784174996075    
 -0.2581410823303631    
 -0.2596856646362979    
 -0.2612121768257841    
 -0.2627206349946744    
 -0.2642110592011678    
 -0.2656834743179690    
 -0.2671379095943014    
 -0.2685743975761544    
 -0.2699929743283640    
 -0.2713936803607894    
 -0.2727765602438471    
 -0.2741416614525344    
 -0.2754890345182810    
 -0.2768187340139747    
 -0.2781308182368699    
 -0.2794253479980653    
 -0.2807023867032047    
 -0.2819620013815995    
 -0.2832042624355647    
 -0.2844292423891603    
 -0.2856370159053276    
 -0.2868276608536932    
 -0.2880012581208514    
 -0.2891578903222312    
 -0.2902976417647126    
 -0.2914205995584370    
 -0.2925268534847451    
 -0.2936164946637274    
 -0.2946896154631677    
 -0.2957463106672819    
 -0.2967866774107537    
 -0.2978108137918543    
 -0.2988188187153880    
 -0.2998107931281260    
 -0.3007868400386386    
 -0.3017470630725822    
 -0.3026915662282334    
 -0.3036204551788078    
 -0.3045338374038170    
 -0.3054318206935164    
 -0.3063145127904811    
 -0.3071820227457222    
 -0.3080344611904611    
 -0.3088719388146430    
 -0.3096945658700461    
 -0.3105024535437690    
 -0.3112957143844792    
 -0.3120744608010200    
 -0.3128388044327287    
 -0.3135888574965446    
 -0.3143247333421659    
 -0.3150465449999291    
 -0.3157544044559365    
 -0.3164484239663191    
 -0.3171287167060396    
 -0.3177953953521057    
 -0.3184485712847228    
 -0.3190883558940142    
 -0.3197148613208219    
 -0.3203281990496609    
 -0.3209284790182304    
 -0.3215158109314053    
 -0.3220903051240342    
 -0.3226520711657274    
 -0.3232012168458251    
 -0.3237378494740507    
 -0.3242620768895995    
 -0.3247740061097508    
 -0.3252737421793561    
 -0.3257613894228530    
 -0.3262370525966079    
 -0.3267008356108470    
 -0.3271528402534111    
 -0.3275931673702271    
 -0.3280219181489332    
 -0.3284391929313277    
 -0.3288450898215808    
 -0.3292397057788472    
 -0.3296231380211461    
 -0.3299954829428940    
 -0.3303568346188367    
 -0.3307072857950601    
 -0.3310469294001238    
 -0.3313758575781744    
 -0.3316941601004966    
 -0.3320019252455174    
 -0.3322992414049126    
 -0.3325861962384839    
 -0.3328628750031563    
 -0.3331293613177375    
 -0.3333857388580960    
 -0.3336320906370169    
 -0.3338684972482938    
 -0.3340950375057291    
 -0.3343117902334025    
 -0.3345188336922229    
 -0.3347162437357092    
 -0.3349040942883924    
 -0.3350824592212909    
 -0.3352514119653359    
 -0.3354110236058941    
 -0.3355613631635946    
 -0.3357024995097340    
 -0.3358345011880029    
 -0.3359574345018494    
 -0.3360713635966865    
 -0.3361763523637995    
 -0.3362724644524518    
 -0.3363597613864876    
 -0.3364383024728413    
 -0.3365081466740604    
 -0.3365693527888634    
 -0.3366219776044480    
 -0.3366660756411478    
 -0.3367017009905994    
 -0.3367289076683634    
 -0.3367477478106989    
 -0.3367582712410340    
 -0.3367605272493241    
 -0.3367545651305027    
 -0.3367404324675388    
 -0.3367181745192978    
 -0.3366878358883795    
 -0.3366494612214590    
 -0.3366030936241617    
 -0.3365487739137822    
 -0.3364865421510411    
 -0.3364164384554144    
 -0.3363385015555518    
 -0.3362527679421260    
 -0.3361592732668901    
 -0.3360580532485986    
 -0.3359491423564296    
 -0.3358325728823752    
 -0.3357083762096907    
 -0.3355765837938275    
 -0.3354372259761136    
 -0.3352903309828286    
 -0.3351359260579055    
 -0.3349740385160132    
 -0.3348046947079536    
 -0.3346279189602862    
 -0.3344437345383657    
 -0.3342521647291146    
 -0.3340532319805372    
 -0.3338469568505927    
 -0.3336333588168375    
 -0.3334124573234097    
 -0.3331842710362667    
 -0.3329488168262545    
 -0.3327061104939586    
 -0.3324561678062519    
 -0.3321990038296248    
 -0.3319346318972164    
 -0.3316630642357845    
 -0.3313843130256405    
 -0.3310983898621193    
 -0.3308053047191205    
 -0.3305050664286355    
 -0.3301976837045920    
 -0.3298831647425415    
 -0.3295615162538819    
 -0.3292327438391107    
 -0.3288968529280047    
 -0.3285538484477425    
 -0.3282037339278645    
 -0.3278465118274748    
 -0.3274821844283467    
 -0.3271107535476731    
 -0.3267322196717648    
 -0.3263465822243484    
 -0.3259538404307419    
 -0.3255539931010240    
 -0.3251470378050373    
 -0.3247329710696106    
 -0.3243117891863380    
 -0.3238834880542988    
 -0.3234480624186787    
 -0.3230055060231875    
 -0.3225558123539244    
 -0.3220989745113656    
 -0.3216349845039344    
 -0.3211638333796852    
 -0.3206855119277799    
 -0.3202000105720805    
 -0.3197073186977276    
 -0.3192074247523319    
 -0.3187003169119633    
 -0.3181859830091200    
 -0.3176644099018235    
 -0.3171355835438564    
 -0.3165994896030730    
 -0.3160561134116859    
 -0.3155054393812647    
 -0.3149474510569187    
 -0.3143821316947680    
 -0.3138094642263830    
 -0.3132294307092846    
 -0.3126420123625642    
 -0.3120471901063094    
 -0.3114449445464417    
 -0.3108352554715660    
 -0.3102181018754657    
 -0.3095934624446113    
 -0.3089613155406024    
 -0.3083216387422479    
 -0.3076744088821043    
 -0.3070196025036571    
 -0.3063571958283669    
 -0.3056871643135717    
 -0.3050094826968416    
 -0.3043241254451662    
 -0.3036310667243775    
 -0.3029302799630081    
 -0.3022217378834498    
 -0.3015054129410638    
 -0.3007812773157292    
 -0.3000493024965895    
 -0.2993094592893067    
 -0.2985617182212999    
 -0.2978060495496094    
 -0.2970424228875406    
 -0.2962708072085324    
 -0.2954911712099773    
 -0.2947034833133081    
 -0.2939077113270644    
 -0.2931038224674655    
 -0.2922917836940022    
 -0.2914715616859233    
 -0.2906431225213806    
 -0.2898064317251612    
 -0.2889614546069668    
 -0.2881081562198088    
 -0.2872465010207919    
 -0.2863764529152396    
 -0.2854979756159081    
 -0.2846110326326708    
 -0.2837155869319245    
 -0.2828116009348531    
 -0.2818990368461413    
 -0.2809778566816203    
 -0.2800480219873661    
 -0.2791094938318990    
 -0.2781622330703824    
 -0.2772062003437782    
 -0.2762413558433696    
 -0.2752676593526192    
 -0.2742850705003888    
 -0.2732935487163033    
 -0.2722930529808494    
 -0.2712835418903594    
 -0.2702649739341856    
 -0.2692373074520187    
 -0.2682005003704211    
 -0.2671545102547541    
 -0.2660992945867344    
 -0.2650348107362787    
 -0.2639610157095513    
 -0.2628778661945616    
 -0.2617853188265098    
 -0.2606833301625486    
 -0.2595718564424182    
 -0.2584508536353188    
 -0.2573202776972985    
 -0.2561800845476355    
 -0.2550302298381846    
 -0.2538706689981049    
 -0.2527013574835640    
 -0.2515222507615614    
 -0.2503333040942981    
 -0.2491344725793198    
 -0.2479257113805626    
 -0.2467069757141285    
 -0.2454782206575487    
 -0.2442394011991477    
 -0.2429904724487164    
 -0.2417313896093725    
 -0.2404621078042871    
 -0.2391825821475953    
 -0.2378927679493239    
 -0.2365926206692364    
 -0.2352820957444184    
 -0.2339611486763545    
 -0.2326297352426044    
 -0.2312878114450510    
 -0.2299353333352629    
 -0.2285722571059042    
 -0.2271985393044883    
 -0.2258141367820909    
 -0.2244190065241011    
 -0.2230131057473183    
 -0.2215963921113724    
 -0.2201688236627205    
 -0.2187303586695903    
 -0.2172809557291910    
 -0.2158205739828444    
 -0.2143491730557738    
 -0.2128667128898869    
 -0.2113731538560140    
 -0.2098684569764561    
 -0.2083525838686717    
 -0.2068254965771442    
 -0.2052871576829737    
 -0.2037375305279907    
 -0.2021765791666444    
 -0.2006042682052981    
 -0.1990205629100342    
 -0.1974254294255342    
 -0.1958188347314565    
 -0.1942007464934433    
 -0.1925711331734471    
 -0.1909299642403534    
 -0.1892772101259337    
 -0.1876128420902058    
 -0.1859368323418304    
 -0.1842491542411757    
 -0.1825497822472726    
 -0.1808386917911528    
 -0.1791158594107566    
 -0.1773812629553622    
 -0.1756348815258682    
 -0.1738766953511759    
 -0.1721066859328416    
 -0.1703248362497425    
 -0.1685311306922932    
 -0.1667255549438098    
 -0.1649080961388504    
 -0.1630787430703687    
 -0.1612374861139505    
 -0.1593843171077098    
 -0.1575192295236400    
 -0.1556422186825732    
 -0.1537532816714729    
 -0.1518524172194730    
 -0.1499396258807924    
 -0.1480149102599380    
 -0.1460782749211866    
 -0.1441297262528359    
 -0.1421692726569628    
 -0.1401969247934780    
 -0.1382126954948982    
 -0.1362165996177821    
 -0.1342086542228158    
 -0.1321888788257795    
 -0.1301572953247234    
 -0.1281139278543290    
 -0.1260588029606857    
 -0.1239919498487205    
 -0.1219134003108892    
 -0.1198231885841993    
 -0.1177213515261260    
 -0.1156079288622592    
 -0.1134829631146446    
 -0.1113464994573330    
 -0.1091985858904816    
 -0.1070392734878924    
 -0.1048686163270288    
 -0.1026866713446381    
 -0.1004934985067008    
 -0.9828916105102072E-01
 -0.9607372541743148E-01
 -0.9384726110709835E-01
 -0.9160984085046350E-01
 -0.8936154083987054E-01
 -0.8710244065282029E-01
 -0.8483262311521322E-01
 -0.8255217447438561E-01
 -0.8026118462470373E-01
 -0.7795974701683733E-01
 -0.7564795851584999E-01
 -0.7332591957843977E-01
 -0.7099373447735670E-01
 -0.6865151119936522E-01
 -0.6629936129347697E-01
 -0.6393740004634409E-01
 -0.6156574670499948E-01
 -0.5918452436738098E-01
 -0.5679385982198472E-01
 -0.5439388371603653E-01
 -0.5198473076823750E-01
 -0.4956653964869675E-01
 -0.4713945281544419E-01
 -0.4470361668277621E-01
 -0.4225918182304424E-01
 -0.3980630282555750E-01
 -0.3734513812101341E-01
 -0.3487585015198397E-01
 -0.3239860557156139E-01
 -0.2991357508214565E-01
 -0.2742093323921843E-01
 -0.2492085861692509E-01
 -0.2241353400661109E-01
 -0.1989914624239477E-01
 -0.1737788598331357E-01
 -0.1484994786471363E-01
 -0.1231553069018281E-01
 -0.9774837247095877E-02
 -0.7228074073371706E-02
 -0.4675451593599735E-02
 -0.2117184296412003E-02
  0.4465094646371848E-03
  0.3015407715561438E-02
  0.5589284735147611E-02
  0.8167910893995954E-02
  0.1075105287656697E-01
  0.1333847394140194E-01
  0.1592993379995745E-01
  0.1852518846723549E-01
  0.2112399050844910E-01
  0.2372608932026379E-01
  0.2633123101594212E-01
  0.2893915828313986E-01
  0.3154961065314331E-01
  0.3416232480716663E-01
  0.3677703447217394E-01
  0.3939347028418912E-01
  0.4201136007503429E-01
  0.4463042920244233E-01
  0.4725040046024391E-01
  0.4987099394955324E-01
  0.5249192737998969E-01
  0.5511291641910312E-01
  0.5773367461646100E-01
  0.6035391328506833E-01
  0.6297334181672729E-01
  0.6559166804686424E-01
  0.6820859819003103E-01
  0.7082383673290121E-01
  0.7343708676461963E-01
  0.7604805035373197E-01
  0.7865642849080468E-01
  0.8126192099173926E-01
  0.8386422684246775E-01
  0.8646304458410467E-01
  0.8905807225888181E-01
  0.9164900732542935E-01
  0.9423554702093270E-01
  0.9681738874998208E-01
  0.9939423002307114E-01
  0.1019657683785624    
  0.1045317017661243    
  0.1070917289416533    
  0.1096455493921091    
  0.1121928632570506    
  0.1147333717333264    
  0.1172667774769356    
  0.1197927845072315    
  0.1223110981188062    
  0.1248214253071364    
  0.1273234751830654    
  0.1298169588549160    
  0.1323015893196926    
  0.1347770818999909    
  0.1372431546694954    
  0.1396995283149978    
  0.1421459260074568    
  0.1445820738491158    
  0.1470077013058589    
  0.1494225410394265    
  0.1518263287483795    
  0.1542188036245945    
  0.1565997087993758    
  0.1589687911481523    
  0.1613258010933387    
  0.1636704930600582    
  0.1660026259319902    
  0.1683219628290802    
  0.1706282708731278    
  0.1729213216431958    
  0.1752008916393408    
  0.1774667620257207    
  0.1797187183497001    
  0.1819565509964443    
  0.1841800556690729    
  0.1863890331014947    
  0.1885832887230895    
  0.1907626331010810    
  0.1929268824341964    
  0.1950758582400844    
  0.1972093869700347    
  0.1993273004396020    
  0.2014294363325537    
  0.2035156378564744    
  0.2055857533025259    
  0.2076396364678897    
  0.2096771471796970    
  0.2116981509214725    
  0.2137025183283503    
  0.2156901255921802    
  0.2176608550092854    
  0.2196145945887472    
  0.2215512374869901    
  0.2234706823900006    
  0.2253728340794409    
  0.2272576030242091    
  0.2291249047609627    
  0.2309746602591602    
  0.2328067965047157    
  0.2346212460680331    
  0.2364179464279592    
  0.2381968403296355    
  0.2399578763982510    
  0.2417010086812990    
  0.2434261959028331    
  0.2451334018132660    
  0.2468225958497868    
  0.2484937526632845    
  0.2501468512936662    
  0.2517818755022875    
  0.2533988144883321    
  0.2549976624141134    
  0.2565784174996075    
  0.2581410823303631    
  0.2596856646362979    
  0.2612121768257841    
  0.2627206349946744    
  0.2642110592011678    
  0.2656834743179690    
  0.2671379095943014    
  0.2685743975761544    
  0.2699929743283640    
  0.2713936803607894    
  0.2727765602438471    
  0.2741416614525344    
  0.2754890345182810    
  0.2768187340139747    
  0.2781308182368699    
  0.2794253479980653    
  0.2807023867032047    
  0.2819620013815995    
  0.2832042624355647    
  0.2844292423891603    
  0.2856370159053276    
  0.2868276608536932    
  0.2880012581208514    
  0.2891578903222312    
  0.2902976417647126    
  0.2914205995584370    
  0.2925268534847451    
  0.2936164946637274    
  0.2946896154631677    
  0.2957463106672819    
  0.2967866774107537    
  0.2978108137918543    
  0.2988188187153880    
  0.2998107931281260    
  0.3007868400386386    
  0.3017470630725822    
  0.3026915662282334    
  0.3036204551788078    
  0.3045338374038170    
  0.3054318206935164    
  0.3063145127904811    
  0.3071820227457222    
  0.3080344611904611    
  0.3088719388146430    
  0.3096945658700461    
  0.3105024535437690    
  0.3112957143844792    
  0.3120744608010200    
  0.3128388044327287    
  0.3135888574965446    
  0.3143247333421659    
  0.3150465449999291    
  0.3157544044559365    
  0.3164484239663191    
  0.3171287167060396    
  0.3177953953521057    
  0.3184485712847228    
  0.3190883558940142    
  0.3197148613208219    
  0.3203281990496609    
  0.3209284790182304    
  0.3215158109314053    
  0.3220903051240342    
  0.3226520711657274    
  0.3232012168458251    
  0.3237378494740507    
  0.3242620768895995    
  0.3247740061097508    
  0.3252737421793561    
  0.3257613894228530    
  0.3262370525966079    
  0.3267008356108470    
  0.3271528402534111    
  0.3275931673702271    
  0.3280219181489332    
  0.3284391929313277    
  0.3288450898215808    
  0.3292397057788472    
  0.3296231380211461    
  0.3299954829428940    
  0.3303568346188367    
  0.3307072857950601    
  0.3310469294001238    
  0.3313758575781744    
  0.3316941601004966    
  0.3320019252455174    
  0.3322992414049126    
  0.3325861962384839    
  0.3328628750031563    
  0.3331293613177375    
  0.3333857388580960    
  0.3336320906370169    
  0.3338684972482938    
  0.3340950375057291    
  0.3343117902334025    
  0.3345188336922229    
  0.3347162437357092    
  0.3349040942883924    
  0.3350824592212909    
  0.3352514119653359    
  0.3354110236058941    
  0.3355613631635946    
  0.3357024995097340    
  0.3358345011880029    
  0.3359574345018494    
  0.3360713635966865    
  0.3361763523637995    
  0.3362724644524518    
  0.3363597613864876    
  0.3364383024728413    
  0.3365081466740604    
  0.3365693527888634    
  0.3366219776044480    
  0.3366660756411478    
  0.3367017009905994    
  0.3367289076683634    
  0.3367477478106989    
  0.3367582712410340    
  0.3367605272493241    
  0.3367545651305027    
  0.3367404324675388    
  0.3367181745192978    
  0.3366878358883795    
  0.3366494612214590    
  0.3366030936241617    
  0.3365487739137822    
  0.3364865421510411    
  0.3364164384554144    
  0.3363385015555518    
  0.3362527679421260    
  0.3361592732668901    
  0.3360580532485986    
  0.3359491423564296    
  0.3358325728823752    
  0.3357083762096907    
  0.3355765837938275    
  0.3354372259761136    
  0.3352903309828286    
  0.3351359260579055    
  0.3349740385160132    
  0.3348046947079536    
  0.3346279189602862    
  0.3344437345383657    
  0.3342521647291146    
  0.3340532319805372    
  0.3338469568505927    
  0.3336333588168375    
  0.3334124573234097    
