   22.50662957579435    
   22.59017137120170    
   22.67483410614483    
   22.76064292618421    
   22.84762349306182    
   22.93580196653784    
   23.02520501223154    
   23.11585984797225    
   23.20779427482312    
   23.30103666830508    
   23.39561597693694    
   23.49156176067256    
   23.58890422948946    
   23.68767424342121    
   23.78790330571364    
   23.88962359249604    
   23.99286799696795    
   24.09767014354510    
   24.20406438560873    
   24.31208583152872    
   24.42177039313599    
   24.53315481153015    
   24.64627665477790    
   24.76117432764375    
   24.87788710940313    
   24.99645519181870    
   25.11691969940001    
   25.23932270940663    
   25.36370728583068    
   25.49011751456591    
   25.61859852716458    
   25.74919652090282    
   25.88195878513557    
   26.01693373212402    
   26.15417093007412    
   26.29372114074926    
   26.43563635816896    
   26.57996984117560    
   26.72677614224905    
   26.87611113996360    
   27.02803207312732    
   27.18259757188183    
   27.33986769233447    
   27.49990396165677    
   27.66276942410150    
   27.82852867572398    
   27.99724789445384    
   28.16899487820683    
   28.34383908632881    
   28.52185167424422    
   28.70310552899767    
   28.88767531676758    
   29.07563753088939    
   29.26707052315180    
   29.46205452745850    
   29.66067169678078    
   29.86300614928541    
   30.06914400363524    
   30.27917340451927    
   30.49318455454378    
   30.71126974830944    
   30.93352339099463    
   31.16004200742740    
   31.39092426395212    
   31.62627099890408    
   31.86618523346063    
   32.11077215698705    
   32.36013911031264    
   32.61439557733569    
   32.87365316910928    
   33.13802559102205    
   33.40762860019384    
   33.68257994984277    
   33.96299930634875    
   34.24900814464301    
   34.54072964204341    
   34.83828856333433    
   35.14181110479048    
   35.45142469052586    
   35.76725774793744    
   36.08943946927791    
   36.41809952809625    
   36.75336773013075    
   37.09537361531913    
   37.44424602236823    
   37.80011259151013    
   38.16309917859310    
   38.53332918190784    
   38.91092278797006    
   39.29599612247337    
   39.68866028752382    
   40.08902027154184    
   40.49717370749343    
   40.91320945116573    
   41.33720597713834    
   41.76922959749150    
   42.20933245980842    
   42.65755024714181    
   43.11389955125492    
   43.57837494341720    
   44.05094571673327    
   44.53155218585090    
   45.02010144796758    
   45.51646259954321    
   46.02046139868287    
   46.53187425431388    
   47.05042138080096    
   47.57575903300463    
   48.10747077469766    
   48.64505764484484    
   49.18792700293999    
   49.73537986691187    
   50.28659660338252    
   50.84062076768294    
   51.39634078973819    
   51.95246918364690    
   52.50751897997857    
   53.05977702600536    
   53.60727369243580    
   54.14774846592799    
   54.67861088238341    
   55.19689617647876    
   55.69921489196486    
   56.18169559441024    
   56.63991975233787    
   57.06884773018421    
   57.46273466123043    
   57.81503480447140    
   58.11829284444823    
   58.36402041339562    
   58.54255589462534    
   58.64290535454482    
   58.65256225813123    
   58.55730341898615    
   58.34095843688804    
   57.98514974129233    
   57.46900030809694    
   56.76880614986995    
   55.85767086773681    
   54.70510001988612    
   53.27655389487630    
   51.53295855974898    
   49.43017697179407    
   46.91844478662771    
   43.94177955125681    
   40.43737753995694    
   36.33502000205610    
   31.55652060293822    
   26.01525892014160    
   19.61586153028879    
   12.25411298756383    
   3.817204192185939    
  -5.815544848316838    
  -16.77131797990100    
  -29.18158754815770    
  -43.17881517390445    
  -58.89181072590313    
  -76.43948816743813    
  -95.92278615289150    
  -117.4146003634137    
  -140.9477234917462    
  -166.5010266960886    
  -193.9844555292008    
  -223.2238500455545    
  -253.9471017199629    
  -285.7736586923587    
  -318.2097700481211    
  -350.6519651648316    
  -382.4009306740091    
  -412.6870510871616    
  -440.7074033242020    
  -465.6720927673496    
  -486.8558312793257    
  -503.6490669946511    
  -515.6022715375142    
  -522.4574965749796    
  -524.1630386279347    
  -520.8696512879363    
  -512.9096064100074    
  -500.7623569941809    
  -485.0120790171252    
  -466.3027557628211    
  -445.2958270332652    
  -422.6340958137295    
  -398.9139858577197    
  -374.6667419271556    
  -350.3479969428502    
  -326.3343895176624    
  -302.9255789941559    
  -280.3499841255581    
  -258.7727550392366    
  -238.3047744821441    
  -219.0117965944305    
  -200.9231204670913    
  -184.0394363076516    
  -168.3396662299379    
  -153.7867523041135    
  -140.3324298792424    
  -127.9210744485961    
  -116.4927350803674    
  -105.9854747599738    
  -96.33713427235530    
  -87.48662630144484    
  -79.37485356190777    
  -71.94533107097689    
  -65.14457935344169    
  -58.92234321754080    
  -53.23168013446583    
  -48.02895323752748    
  -43.27375638889956    
  -38.92879252323660    
  -34.95972147469301    
  -31.33498955265915    
  -28.02565001245942    
  -25.00518108809052    
  -22.24930632523030    
  -19.73582049715093    
  -17.44442329473375    
  -15.35656215482772    
  -13.45528497041536    
  -11.72510297304050    
  -10.15186375635770    
  -8.722634190656997    
  -7.425592836073653    
  -6.249931366597965    
  -5.185764450828388    
  -4.224047504956376    
  -3.356501738569837    
  -2.575545928351421    
  -1.874234362643383    
  -1.246200421762484    
 -0.6856053093774725    
 -0.1870914982469698    
  0.2542595312196875    
  0.6429656726784417    
  0.9831790658535674    
   1.278717768441164    
   1.533094510020862    
   1.749542813616020    
   1.931040754688885    
   2.080332578807860    
   2.199948361119211    
   2.292221887846960    
   2.359306941619316    
   2.403192148706297    
   2.425714513773714    
   2.428571754548689    
   2.413333550564922    
   2.381451815721385    
   2.334270088994079    
   2.273032121303310    
   2.198889726684990    
   2.112909963795651    
   2.016081714298869    
   1.909321717217535    
   1.793480101961691    
   1.669345454857249    
   1.537649464099039    
   1.399071194915358    
   1.254241029395883    
   1.103744283468352    
  0.9481245192969475    
  0.7878865935614562    
  0.6234994807398196    
  0.4553988840688121    
  0.2839896346299421    
  0.1096478946192149    
 -0.6727680686228567E-01
 -0.2464596870197951    
 -0.4275989642688074    
 -0.6104142444055194    
 -0.7946450258265823    
 -0.9800493199490851    
  -1.166402383186953    
  -1.353495542781868    
  -1.541135095422857    
  -1.729141276297058    
  -1.917347309788046    
  -2.105598540999077    
  -2.293751630579888    
  -2.481673798678700    
  -2.669242116633021    
  -2.856342847408181    
  -3.042870832859247    
  -3.228728928067761    
  -3.413827481814442    
  -3.598083852580283    
  -3.781421947891936    
  -3.963771789008400    
  -4.145069111218966    
  -4.325254998128370    
  -4.504275537208687    
  -4.682081492716534    
  -4.858628003412113    
  -5.033874305535370    
  -5.207783470475779    
  -5.380322152662472    
  -5.551460354741709    
  -5.721171213475669    
  -5.889430800174044    
  -6.056217932251142    
  -6.221513999026632    
  -6.385302799563528    
  -6.547570384513453    
  -6.708304903165876    
  -6.867496466399618    
  -7.025137026667514    
  -7.181220262735537    
  -7.335741463373450    
  -7.488697418394795    
  -7.640086321940807    
  -7.789907680603093    
  -7.938162222609215    
  -8.084851815962969    
  -8.229979398475491    
  -8.373548908995925    
  -8.515565213447131    
  -8.656034035143039    
  -8.794961897760292    
  -8.932356074085870    
  -9.068224532477116    
  -9.202575885902924    
  -9.335419349098824    
  -9.466764697012833    
  -9.596622218099396    
  -9.725002670154312    
  -9.851917247620134    
  -9.977377554545868    
  -10.10139557321586    
  -10.22398363071879    
  -10.34515437022221    
  -10.46492072410648    
  -10.58329588441885    
  -10.70029327687460    
  -10.81592654492769    
  -10.93020953640976    
  -11.04315628241158    
  -11.15478097266274    
  -11.26509793730802    
  -11.37412163265582    
  -11.48186662344542    
  -11.58834756634110    
  -11.69357920320485    
  -11.79757635740106    
  -11.90035391952017    
  -12.00192682549217    
  -12.10231004242455    
  -12.20151856483684    
  -12.29956740974131    
  -12.39647160685533    
  -12.49224619181268    
  -12.58690620285554    
  -12.68046667139884    
  -12.77294260643564    
  -12.86434898585506    
  -12.95470075925332    
  -13.04401285025687    
  -13.13230014979157    
  -13.21957750729695    
  -13.30585972713870    
  -13.39116156529360    
  -13.47549772137821    
  -13.55888283259487    
  -13.64133147624321    
  -13.72285817469425    
  -13.80347739320100    
  -13.88320353189500    
  -13.96205092000306    
  -14.04003381438643    
  -14.11716639898600    
  -14.19346278429181    
  -14.26893700809222    
  -14.34360303604635    
  -14.41747476010885    
  -14.49056599637558    
  -14.56289048421676    
  -14.63446188504867    
  -14.70529377962167    
  -14.77539966714219    
  -14.84479296885881    
  -14.91348703242620    
  -14.98149513165863    
  -15.04883046232410    
  -15.11550613923206    
  -15.18153519721281    
  -15.24693059409536    
  -15.31170521321292    
  -15.37587186465315    
  -15.43944328530142    
  -15.50243213804707    
  -15.56485101092682    
  -15.62671241690357    
  -15.68802879490188    
  -15.74881251286097    
  -15.80907587214091    
  -15.86883111003989    
  -15.92809039786212    
  -15.98686583696341    
  -16.04516945813337    
  -16.10301322608344    
  -16.16040904562933    
  -16.21736876571064    
  -16.27390418010331    
  -16.33002702525816    
  -16.38574897691155    
  -16.44108164926411    
  -16.49603659986446    
  -16.55062533788216    
  -16.60485932925461    
  -16.65874999514966    
  -16.71230870676984    
  -16.76554678240867    
  -16.81847549039138    
  -16.87110605712020    
  -16.92344967530015    
  -16.97551750649470    
  -17.02732067716100    
  -17.07887027424778    
  -17.13017734659827    
  -17.18125291131058    
  -17.23210795962485    
  -17.28275345977318    
  -17.33320035786990    
  -17.38345957734909    
  -17.43354201738330    
  -17.48345855375055    
  -17.53322004504667    
  -17.58283734037094    
  -17.63232128150364    
  -17.68168269962288    
  -17.73093241394480    
  -17.78008123623190    
  -17.82913997685302    
  -17.87811944771716    
  -17.92703046367796    
  -17.97588384554463    
  -18.02469042308418    
  -18.07346103490821    
  -18.12220652727347    
  -18.17093775713653    
  -18.21966560011960    
  -18.26840095737041    
  -18.31715475605167    
  -18.36593794585134    
  -18.41476149867101    
  -18.46363641456431    
  -18.51257372979787    
  -18.56158452189081    
  -18.61067991130642    
  -18.65987106195840    
  -18.70916918098715    
  -18.75858551889375    
  -18.80813137438169    
  -18.85781810509989    
  -18.90765713601089    
  -18.95765995671587    
  -19.00783811342287    
  -19.05820321087663    
  -19.10876692764255    
  -19.15954102996806    
  -19.21053737134445    
  -19.26176788369042    
  -19.31324457523803    
  -19.36497954030611    
  -19.41698497342954    
  -19.46927317795563    
  -19.52185656464555    
  -19.57474764441210    
  -19.62795902711468    
  -19.68150343487242    
  -19.73539372106719    
  -19.78964287621294    
  -19.84426401780014    
  -19.89927038379993    
  -19.95467534483363    
  -20.01049242385279    
  -20.06673530343659    
  -20.12341782036012    
  -20.18055396319124    
  -20.23815788038732    
  -20.29624389201561    
  -20.35482649821531    
  -20.41392038440429    
  -20.47354042451905    
  -20.53370168343626    
  -20.59441942235753    
  -20.65570910902440    
  -20.71758642777510    
  -20.78006728456817    
  -20.84316781035444    
  -20.90690436855592    
  -20.97129356541143    
  -21.03635225825849    
  -21.10209756098474    
  -21.16854684902879    
  -21.23571776607873    
  -21.30362823513171    
  -21.37229647330346    
  -21.44174100136951    
  -21.51198064209318    
  -21.58303452051280    
  -21.65492208335827    
  -21.72766312655897    
  -21.80127780195997    
  -21.87578660502956    
  -21.95121037953376    
  -22.02757035008414    
  -22.10488814554567    
  -22.18318579034815    
  -22.26248569780155    
  -22.34281069892840    
  -22.42418407846558    
  -22.50662957579435    
  -22.59017137120170    
  -22.67483410614483    
  -22.76064292618421    
  -22.84762349306182    
  -22.93580196653784    
  -23.02520501223154    
  -23.11585984797225    
  -23.20779427482312    
  -23.30103666830508    
  -23.39561597693694    
  -23.49156176067256    
  -23.58890422948946    
  -23.68767424342121    
  -23.78790330571364    
  -23.88962359249604    
  -23.99286799696795    
  -24.09767014354510    
  -24.20406438560873    
  -24.31208583152872    
  -24.42177039313599    
  -24.53315481153015    
  -24.64627665477790    
  -24.76117432764375    
  -24.87788710940313    
  -24.99645519181870    
  -25.11691969940001    
  -25.23932270940663    
  -25.36370728583068    
  -25.49011751456591    
  -25.61859852716458    
  -25.74919652090282    
  -25.88195878513557    
  -26.01693373212402    
  -26.15417093007412    
  -26.29372114074926    
  -26.43563635816896    
  -26.57996984117560    
  -26.72677614224905    
  -26.87611113996360    
  -27.02803207312732    
  -27.18259757188183    
  -27.33986769233447    
  -27.49990396165677    
  -27.66276942410150    
  -27.82852867572398    
  -27.99724789445384    
  -28.16899487820683    
  -28.34383908632881    
  -28.52185167424422    
  -28.70310552899767    
  -28.88767531676758    
  -29.07563753088939    
  -29.26707052315180    
  -29.46205452745850    
  -29.66067169678078    
  -29.86300614928541    
  -30.06914400363524    
  -30.27917340451927    
  -30.49318455454378    
  -30.71126974830944    
  -30.93352339099463    
  -31.16004200742740    
  -31.39092426395212    
  -31.62627099890408    
  -31.86618523346063    
  -32.11077215698705    
  -32.36013911031264    
  -32.61439557733569    
  -32.87365316910928    
  -33.13802559102205    
  -33.40762860019384    
  -33.68257994984277    
  -33.96299930634875    
  -34.24900814464301    
  -34.54072964204341    
  -34.83828856333433    
  -35.14181110479048    
  -35.45142469052586    
  -35.76725774793744    
  -36.08943946927791    
  -36.41809952809625    
  -36.75336773013075    
  -37.09537361531913    
  -37.44424602236823    
  -37.80011259151013    
  -38.16309917859310    
  -38.53332918190784    
  -38.91092278797006    
  -39.29599612247337    
  -39.68866028752382    
  -40.08902027154184    
  -40.49717370749343    
  -40.91320945116573    
  -41.33720597713834    
  -41.76922959749150    
  -42.20933245980842    
  -42.65755024714181    
  -43.11389955125492    
  -43.57837494341720    
  -44.05094571673327    
  -44.53155218585090    
  -45.02010144796758    
  -45.51646259954321    
  -46.02046139868287    
  -46.53187425431388    
  -47.05042138080096    
  -47.57575903300463    
  -48.10747077469766    
  -48.64505764484484    
  -49.18792700293999    
  -49.73537986691187    
  -50.28659660338252    
  -50.84062076768294    
  -51.39634078973819    
  -51.95246918364690    
  -52.50751897997857    
  -53.05977702600536    
  -53.60727369243580    
  -54.14774846592799    
  -54.67861088238341    
  -55.19689617647876    
  -55.69921489196486    
  -56.18169559441024    
  -56.63991975233787    
  -57.06884773018421    
  -57.46273466123043    
  -57.81503480447140    
  -58.11829284444823    
  -58.36402041339562    
  -58.54255589462534    
  -58.64290535454482    
  -58.65256225813123    
  -58.55730341898615    
  -58.34095843688804    
  -57.98514974129233    
  -57.46900030809694    
  -56.76880614986995    
  -55.85767086773681    
  -54.70510001988612    
  -53.27655389487630    
  -51.53295855974898    
  -49.43017697179407    
  -46.91844478662771    
  -43.94177955125681    
  -40.43737753995694    
  -36.33502000205610    
  -31.55652060293822    
  -26.01525892014160    
  -19.61586153028879    
  -12.25411298756383    
  -3.817204192185939    
   5.815544848316838    
   16.77131797990100    
   29.18158754815770    
   43.17881517390445    
   58.89181072590313    
   76.43948816743813    
   95.92278615289150    
   117.4146003634137    
   140.9477234917462    
   166.5010266960886    
   193.9844555292008    
   223.2238500455545    
   253.9471017199629    
   285.7736586923587    
   318.2097700481211    
   350.6519651648316    
   382.4009306740091    
   412.6870510871616    
   440.7074033242020    
   465.6720927673496    
   486.8558312793257    
   503.6490669946511    
   515.6022715375142    
   522.4574965749796    
   524.1630386279347    
   520.8696512879363    
   512.9096064100074    
   500.7623569941809    
   485.0120790171252    
   466.3027557628211    
   445.2958270332652    
   422.6340958137295    
   398.9139858577197    
   374.6667419271556    
   350.3479969428502    
   326.3343895176624    
   302.9255789941559    
   280.3499841255581    
   258.7727550392366    
   238.3047744821441    
   219.0117965944305    
   200.9231204670913    
   184.0394363076516    
   168.3396662299379    
   153.7867523041135    
   140.3324298792424    
   127.9210744485961    
   116.4927350803674    
   105.9854747599738    
   96.33713427235530    
   87.48662630144484    
   79.37485356190777    
   71.94533107097689    
   65.14457935344169    
   58.92234321754080    
   53.23168013446583    
   48.02895323752748    
   43.27375638889956    
   38.92879252323660    
   34.95972147469301    
   31.33498955265915    
   28.02565001245942    
   25.00518108809052    
   22.24930632523030    
   19.73582049715093    
   17.44442329473375    
   15.35656215482772    
   13.45528497041536    
   11.72510297304050    
   10.15186375635770    
   8.722634190656997    
   7.425592836073653    
   6.249931366597965    
   5.185764450828388    
   4.224047504956376    
   3.356501738569837    
   2.575545928351421    
   1.874234362643383    
   1.246200421762484    
  0.6856053093774725    
  0.1870914982469698    
 -0.2542595312196875    
 -0.6429656726784417    
 -0.9831790658535674    
  -1.278717768441164    
  -1.533094510020862    
  -1.749542813616020    
  -1.931040754688885    
  -2.080332578807860    
  -2.199948361119211    
  -2.292221887846960    
  -2.359306941619316    
  -2.403192148706297    
  -2.425714513773714    
  -2.428571754548689    
  -2.413333550564922    
  -2.381451815721385    
  -2.334270088994079    
  -2.273032121303310    
  -2.198889726684990    
  -2.112909963795651    
  -2.016081714298869    
  -1.909321717217535    
  -1.793480101961691    
  -1.669345454857249    
  -1.537649464099039    
  -1.399071194915358    
  -1.254241029395883    
  -1.103744283468352    
 -0.9481245192969475    
 -0.7878865935614562    
 -0.6234994807398196    
 -0.4553988840688121    
 -0.2839896346299421    
 -0.1096478946192149    
  0.6727680686228567E-01
  0.2464596870197951    
  0.4275989642688074    
  0.6104142444055194    
  0.7946450258265823    
  0.9800493199490851    
   1.166402383186953    
   1.353495542781868    
   1.541135095422857    
   1.729141276297058    
   1.917347309788046    
   2.105598540999077    
   2.293751630579888    
   2.481673798678700    
   2.669242116633021    
   2.856342847408181    
   3.042870832859247    
   3.228728928067761    
   3.413827481814442    
   3.598083852580283    
   3.781421947891936    
   3.963771789008400    
   4.145069111218966    
   4.325254998128370    
   4.504275537208687    
   4.682081492716534    
   4.858628003412113    
   5.033874305535370    
   5.207783470475779    
   5.380322152662472    
   5.551460354741709    
   5.721171213475669    
   5.889430800174044    
   6.056217932251142    
   6.221513999026632    
   6.385302799563528    
   6.547570384513453    
   6.708304903165876    
   6.867496466399618    
   7.025137026667514    
   7.181220262735537    
   7.335741463373450    
   7.488697418394795    
   7.640086321940807    
   7.789907680603093    
   7.938162222609215    
   8.084851815962969    
   8.229979398475491    
   8.373548908995925    
   8.515565213447131    
   8.656034035143039    
   8.794961897760292    
   8.932356074085870    
   9.068224532477116    
   9.202575885902924    
   9.335419349098824    
   9.466764697012833    
   9.596622218099396    
   9.725002670154312    
   9.851917247620134    
   9.977377554545868    
   10.10139557321586    
   10.22398363071879    
   10.34515437022221    
   10.46492072410648    
   10.58329588441885    
   10.70029327687460    
   10.81592654492769    
   10.93020953640976    
   11.04315628241158    
   11.15478097266274    
   11.26509793730802    
   11.37412163265582    
   11.48186662344542    
   11.58834756634110    
   11.69357920320485    
   11.79757635740106    
   11.90035391952017    
   12.00192682549217    
   12.10231004242455    
   12.20151856483684    
   12.29956740974131    
   12.39647160685533    
   12.49224619181268    
   12.58690620285554    
   12.68046667139884    
   12.77294260643564    
   12.86434898585506    
   12.95470075925332    
   13.04401285025687    
   13.13230014979157    
   13.21957750729695    
   13.30585972713870    
   13.39116156529360    
   13.47549772137821    
   13.55888283259487    
   13.64133147624321    
   13.72285817469425    
   13.80347739320100    
   13.88320353189500    
   13.96205092000306    
   14.04003381438643    
   14.11716639898600    
   14.19346278429181    
   14.26893700809222    
   14.34360303604635    
   14.41747476010885    
   14.49056599637558    
   14.56289048421676    
   14.63446188504867    
   14.70529377962167    
   14.77539966714219    
   14.84479296885881    
   14.91348703242620    
   14.98149513165863    
   15.04883046232410    
   15.11550613923206    
   15.18153519721281    
   15.24693059409536    
   15.31170521321292    
   15.37587186465315    
   15.43944328530142    
   15.50243213804707    
   15.56485101092682    
   15.62671241690357    
   15.68802879490188    
   15.74881251286097    
   15.80907587214091    
   15.86883111003989    
   15.92809039786212    
   15.98686583696341    
   16.04516945813337    
   16.10301322608344    
   16.16040904562933    
   16.21736876571064    
   16.27390418010331    
   16.33002702525816    
   16.38574897691155    
   16.44108164926411    
   16.49603659986446    
   16.55062533788216    
   16.60485932925461    
   16.65874999514966    
   16.71230870676984    
   16.76554678240867    
   16.81847549039138    
   16.87110605712020    
   16.92344967530015    
   16.97551750649470    
   17.02732067716100    
   17.07887027424778    
   17.13017734659827    
   17.18125291131058    
   17.23210795962485    
   17.28275345977318    
   17.33320035786990    
   17.38345957734909    
   17.43354201738330    
   17.48345855375055    
   17.53322004504667    
   17.58283734037094    
   17.63232128150364    
   17.68168269962288    
   17.73093241394480    
   17.78008123623190    
   17.82913997685302    
   17.87811944771716    
   17.92703046367796    
   17.97588384554463    
   18.02469042308418    
   18.07346103490821    
   18.12220652727347    
   18.17093775713653    
   18.21966560011960    
   18.26840095737041    
   18.31715475605167    
   18.36593794585134    
   18.41476149867101    
   18.46363641456431    
   18.51257372979787    
   18.56158452189081    
   18.61067991130642    
   18.65987106195840    
   18.70916918098715    
   18.75858551889375    
   18.80813137438169    
   18.85781810509989    
   18.90765713601089    
   18.95765995671587    
   19.00783811342287    
   19.05820321087663    
   19.10876692764255    
   19.15954102996806    
   19.21053737134445    
   19.26176788369042    
   19.31324457523803    
   19.36497954030611    
   19.41698497342954    
   19.46927317795563    
   19.52185656464555    
   19.57474764441210    
   19.62795902711468    
   19.68150343487242    
   19.73539372106719    
   19.78964287621294    
   19.84426401780014    
   19.89927038379993    
   19.95467534483363    
   20.01049242385279    
   20.06673530343659    
   20.12341782036012    
   20.18055396319124    
   20.23815788038732    
   20.29624389201561    
   20.35482649821531    
   20.41392038440429    
   20.47354042451905    
   20.53370168343626    
   20.59441942235753    
   20.65570910902440    
   20.71758642777510    
   20.78006728456817    
   20.84316781035444    
   20.90690436855592    
   20.97129356541143    
   21.03635225825849    
   21.10209756098474    
   21.16854684902879    
   21.23571776607873    
   21.30362823513171    
   21.37229647330346    
   21.44174100136951    
   21.51198064209318    
   21.58303452051280    
   21.65492208335827    
   21.72766312655897    
   21.80127780195997    
   21.87578660502956    
   21.95121037953376    
   22.02757035008414    
   22.10488814554567    
   22.18318579034815    
   22.26248569780155    
   22.34281069892840    
   22.42418407846558    
