  0.3339600105084399    
  0.3352346279519773    
  0.3365192867150855    
  0.3378140904989817    
  0.3391191450586311    
  0.3404345582383608    
  0.3417604400081637    
  0.3430969025007222    
  0.3444440600493072    
  0.3458020292265145    
  0.3471709288837290    
  0.3485508801913538    
  0.3499420066799338    
  0.3513444342820875    
  0.3527582913751510    
  0.3541837088246664    
  0.3556208200288963    
  0.3570697609642013    
  0.3585306702310263    
  0.3600036891005720    
  0.3614889615624232    
  0.3629866343730831    
  0.3644968571052040    
  0.3660197821975651    
  0.3675555650060063    
  0.3691043638551941    
  0.3706663400909555    
  0.3722416581332392    
  0.3738304855299492    
  0.3754329930114966    
  0.3770493545457058    
  0.3786797473931255    
  0.3803243521631081    
  0.3819833528705949    
  0.3836569369931475    
  0.3853452955280545    
  0.3870486230498040    
  0.3887671177679415    
  0.3905009815849221    
  0.3922504201537301    
  0.3940156429354099    
  0.3957968632564487    
  0.3975942983656001    
  0.3994081694898786    
  0.4012387018898315    
  0.4030861249140166    
  0.4049506720522583    
  0.4068325809872962    
  0.4087320936447324    
  0.4106494562410277    
  0.4125849193290579    
  0.4145387378408604    
  0.4165111711274254    
  0.4185024829951131    
  0.4205129417379645    
  0.4225428201653181    
  0.4245923956244242    
  0.4266619500175044    
  0.4287517698123903    
  0.4308621460460020    
  0.4329933743201382    
  0.4351457547886954    
  0.4373195921350408    
  0.4395151955384111    
  0.4417328786285099    
  0.4439729594271351    
  0.4462357602751866    
  0.4485216077434344    
  0.4508308325257384    
  0.4531637693131241    
  0.4555207566466015    
  0.4579021367465093    
  0.4603082553162784    
  0.4627394613181388    
  0.4651961067178080    
  0.4676785461950945    
  0.4701871368173925    
  0.4727222376725658    
  0.4752842094571945    
  0.4778734140160654    
  0.4804902138286946    
  0.4831349714378756    
  0.4858080488144091    
  0.4885098066520032    
  0.4912406035863515    
  0.4940007953316031    
  0.4967907337263528    
  0.4996107656807550    
  0.5024612320161214    
  0.5053424661873996    
  0.5082547928776895    
  0.5111985264532277    
  0.5141739692668172    
  0.5171814097964746    
  0.5202211206044827    
  0.5232933561009607    
  0.5263983500953178    
  0.5295363131175150    
  0.5327074294892141    
  0.5359118541234145    
  0.5391497090300501    
  0.5424210795032824    
  0.5457260099641601    
  0.5490644994307118    
  0.5524364965861830    
  0.5558418944140995    
  0.5592805243664856    
  0.5627521500297764    
  0.5662564602517454    
  0.5697930616912174    
  0.5733614707505854    
  0.5769611048499207    
  0.5805912730007795    
  0.5842511656370852    
  0.5879398436602027    
  0.5916562266563183    
  0.5953990802463203    
  0.5991670025308511    
  0.6029584095966734    
  0.6067715200559485    
  0.6106043385975131    
  0.6144546385382832    
  0.6183199433744022    
  0.6221975073467234    
  0.6260842950536263    
  0.6299769601656385    
  0.6338718233220292    
  0.6377648493207033    
  0.6416516237490166    
  0.6455273292440564    
  0.6493867216180836    
  0.6532241061396890    
  0.6570333143226696    
  0.6608076816407236    
  0.6645400266575753    
  0.6682226321405909    
  0.6718472288093191    
  0.6754049824542501    
  0.6788864852432821    
  0.6822817521134996    
  0.6855802232203829    
  0.6887707734782096    
  0.6918417302674960    
  0.6947809004030265    
  0.6975756074427135    
  0.7002127403640448    
  0.7026788145335242    
  0.7049600457401084    
  0.7070424378501309    
  0.7089118843615857    
  0.7105542837871662    
  0.7119556683824190    
  0.7131023452658002    
  0.7139810484612168    
  0.7145790998463345    
  0.7148845764350600    
  0.7148864808883835    
  0.7145749116641953    
  0.7139412288169278    
  0.7129782111779490    
  0.7116802005199634    
  0.7100432283564454    
  0.7080651212647154    
  0.7057455810555010    
  0.7030862367373307    
  0.7000906660190660    
  0.6967643850220557    
  0.6931148058897885    
  0.6891511630356474    
  0.6848844098009977    
  0.6803270882488703    
  0.6754931756425737    
  0.6703979118133707    
  0.6650576120774561    
  0.6594894706039636    
  0.6537113591630821    
  0.6477416260110439    
  0.6415988993211401    
  0.6353018990794399    
  0.6288692607699047    
  0.6223193735170885    
  0.6156702346731617    
  0.6089393221627046    
  0.6021434852638845    
  0.5952988539327972    
  0.5884207662840483    
  0.5815237134315745    
  0.5746213005718293    
  0.5677262229562582    
  0.5608502552460133    
  0.5540042526590745    
  0.5471981622978537    
  0.5404410430740183    
  0.5337410927160626    
  0.5271056804425547    
  0.5205413840009268    
  0.5140540299011692    
  0.5076487358096600    
  0.5013299542036429    
  0.4951015165170576    
  0.4889666771315148    
  0.4829281566809885    
  0.4769881842431276    
  0.4711485380827757    
  0.4654105846947051    
  0.4597753159635879    
  0.4542433843198458    
  0.4488151358206790    
  0.4434906411275772    
  0.4382697243862875    
  0.4331519900429129    
  0.4281368476512676    
  0.4232235347428992    
  0.4184111378434298    
  0.4136986117272023    
  0.4090847970071804    
  0.4045684361596652    
  0.4001481880843900    
  0.3958226412997742    
  0.3915903258707622    
  0.3874497241634552    
  0.3833992805172758    
  0.3794374099212885    
  0.3755625057764978    
  0.3717729468209421    
  0.3680671032897658    
  0.3644433423778114    
  0.3609000330674605    
  0.3574355503796869    
  0.3540482791020416    
  0.3507366170432075    
  0.3474989778597030    
  0.3443337934964328    
  0.3412395162794286    
  0.3382146206959398    
  0.3352576048938531    
  0.3323669919294132    
  0.3295413307897428    
  0.3267791972143797    
  0.3240791943377411    
  0.3214399531721956    
  0.3188601329496210    
  0.3163384213377495    
  0.3138735345460580    
  0.3114642173343634    
  0.3091092429359961    
  0.3068074129063239    
  0.3045575569063517    
  0.3023585324300727    
  0.3002092244833559    
  0.2981085452213616    
  0.2960554335507574    
  0.2940488547022897    
  0.2920877997787236    
  0.2901712852826203    
  0.2882983526279150    
  0.2864680676387495    
  0.2846795200386871    
  0.2829318229331050    
  0.2812241122872720    
  0.2795555464022160    
  0.2779253053902480    
  0.2763325906517892    
  0.2747766243549868    
  0.2732566489193852    
  0.2717719265047485    
  0.2703217385059482    
  0.2689053850547029    
  0.2675221845288374    
  0.2661714730696556    
  0.2648526041079210    
  0.2635649478988220    
  0.2623078910662040    
  0.2610808361563017    
  0.2598832012011544    
  0.2587144192918614    
  0.2575739381617597    
  0.2564612197795645    
  0.2553757399524621    
  0.2543169879391289    
  0.2532844660726185    
  0.2522776893930458    
  0.2512961852899555    
  0.2503394931542709    
  0.2494071640396915    
  0.2484987603334015    
  0.2476138554359082    
  0.2467520334498570    
  0.2459128888776591    
  0.2450960263277684    
  0.2443010602293931    
  0.2435276145554602    
  0.2427753225536492    
  0.2420438264853229    
  0.2413327773721477    
  0.2406418347502158    
  0.2399706664314890    
  0.2393189482723757    
  0.2386863639492238    
  0.2380726047405473    
  0.2374773693158279    
  0.2369003635307284    
  0.2363413002285163    
  0.2357998990475120    
  0.2352758862344076    
  0.2347689944632985    
  0.2342789626602357    
  0.2338055358331479    
  0.2333484649069962    
  0.2329075065640100    
  0.2324824230888174    
  0.2320729822183209    
  0.2316789569962117    
  0.2313001256319967    
  0.2309362713643683    
  0.2305871823287821    
  0.2302526514291371    
  0.2299324762134427    
  0.2296264587533101    
  0.2293344055271525    
  0.2290561273070135    
  0.2287914390489285    
  0.2285401597866594    
  0.2283021125287030    
  0.2280771241584985    
  0.2278650253377497    
  0.2276656504127235    
  0.2274788373234264    
  0.2273044275156052    
  0.2271422658554964    
  0.2269922005471926    
  0.2268540830525386    
  0.2267277680135165    
  0.2266131131770514    
  0.2265099793221247    
  0.2264182301891191    
  0.2263377324113555    
  0.2262683554487647    
  0.2262099715235728    
  0.2261624555579378    
  0.2261256851135240    
  0.2260995403329566    
  0.2260839038830550    
  0.2260786608997850    
  0.2260836989349242    
  0.2260989079043903    
  0.2261241800381179    
  0.2261594098314325    
  0.2262044939979315    
  0.2262593314238422    
  0.2263238231237524    
  0.2263978721976564    
  0.2264813837893240    
  0.2265742650459602    
  0.2266764250790624    
  0.2267877749264348    
  0.2269082275153773    
  0.2270376976270293    
  0.2271761018617675    
  0.2273233586056097    
  0.2274793879976419    
  0.2276441118984554    
  0.2278174538595157    
  0.2279993390934357    
  0.2281896944451721    
  0.2283884483641232    
  0.2285955308770360    
  0.2288108735616824    
  0.2290344095213456    
  0.2292660733601041    
  0.2295058011588449    
  0.2297535304519758    
  0.2300092002048653    
  0.2302727507919862    
  0.2305441239756801    
  0.2308232628855281    
  0.2311101119983784    
  0.2314046171190228    
  0.2317067253614343    
  0.2320163851305405    
  0.2323335461045742    
  0.2326581592179975    
  0.2329901766449164    
  0.2333295517829716    
  0.2336762392377618    
  0.2340301948077917    
  0.2343913754698629    
  0.2347597393648850    
  0.2351352457841624    
  0.2355178551561589    
  0.2359075290336625    
  0.2363042300813268    
  0.2367079220636457    
  0.2371185698333544    
  0.2375361393201912    
  0.2379605975200158    
  0.2383919124843442    
  0.2388300533102858    
  0.2392749901307919    
  0.2397266941051995    
  0.2401851374101492    
  0.2406502932308900    
  0.2411221357528908    
  0.2416006401537383    
  0.2420857825953781    
  0.2425775402166962    
  0.2430758911263738    
  0.2435808143960102    
  0.2440922900535852    
  0.2446102990772521    
  0.2451348233893820    
  0.2456658458508523    
  0.2462033502556602    
  0.2467473213258624    
  0.2472977447067636    
  0.2478546069623471    
  0.2484178955710076    
  0.2489875989215730    
  0.2495637063095385    
  0.2501462079335219    
  0.2507350948920352    
  0.2513303591805666    
  0.2519319936888844    
  0.2525399921985425    
  0.2531543493806742    
  0.2537750607940684    
  0.2544021228834614    
  0.2550355329780509    
  0.2556752892903200    
  0.2563213909151545    
  0.2569738378291622    
  0.2576326308901893    
  0.2582977718371342    
  0.2589692632900544    
  0.2596471087504832    
  0.2603313126019501    
  0.2610218801107977    
  0.2617188174272845    
  0.2624221315868918    
  0.2631318305118368    
  0.2638479230128976    
  0.2645704187915368    
  0.2652993284422315    
  0.2660346634550098    
  0.2667764362182988    
  0.2675246600220869    
  0.2682793490613062    
  0.2690405184394364    
  0.2698081841724219    
  0.2705823631928881    
  0.2713630733545693    
  0.2721503334369643    
  0.2729441631503465    
  0.2737445831411169    
  0.2745516149973779    
  0.2753652812547109    
  0.2761856054022770    
  0.2770126118892584    
  0.2778463261315616    
  0.2786867745187742    
  0.2795339844214773    
  0.2803879841988973    
  0.2812488032068148    
  0.2821164718057415    
  0.2829910213694858    
  0.2838724842940952    
  0.2847608940070681    
  0.2856562849768364    
  0.2865586927226429    
  0.2874681538248096    
  0.2883847059352964    
  0.2893083877885442    
  0.2902392392127171    
  0.2911773011413424    
  0.2921226156252612    
  0.2930752258449047    
  0.2940351761230212    
  0.2950025119378426    
  0.2959772799365941    
  0.2969595279493689    
  0.2979493050034965    
  0.2989466613383681    
  0.2999516484205990    
  0.3009643189595319    
  0.3019847269232389    
  0.3030129275550366    
  0.3040489773904014    
  0.3050929342742789    
  0.3061448573789030    
  0.3072048072221163    
  0.3082728456861074    
  0.3093490360366031    
  0.3104334429426708    
  0.3115261324970991    
  0.3126271722372058    
  0.3137366311660705    
  0.3148545797743725    
  0.3159810900628667    
  0.3171162355653887    
  0.3182600913723663    
  0.3194127341549584    
  0.3205742421898283    
  0.3217446953844563    
  0.3229241753029899    
  0.3241127651927534    
  0.3253105500114201    
  0.3265176164547807    
  0.3277340529851442    
  0.3289599498604838    
  0.3301953991642876    
  0.3314404948360131    
  0.3326953327022078    
  0.3339600105084399    
  0.3352346279519773    
  0.3365192867150855    
  0.3378140904989817    
  0.3391191450586311    
  0.3404345582383608    
  0.3417604400081637    
  0.3430969025007222    
  0.3444440600493072    
  0.3458020292265145    
  0.3471709288837290    
  0.3485508801913538    
  0.3499420066799338    
  0.3513444342820875    
  0.3527582913751510    
  0.3541837088246664    
  0.3556208200288963    
  0.3570697609642013    
  0.3585306702310263    
  0.3600036891005720    
  0.3614889615624232    
  0.3629866343730831    
  0.3644968571052040    
  0.3660197821975651    
  0.3675555650060063    
  0.3691043638551941    
  0.3706663400909555    
  0.3722416581332392    
  0.3738304855299492    
  0.3754329930114966    
  0.3770493545457058    
  0.3786797473931255    
  0.3803243521631081    
  0.3819833528705949    
  0.3836569369931475    
  0.3853452955280545    
  0.3870486230498040    
  0.3887671177679415    
  0.3905009815849221    
  0.3922504201537301    
  0.3940156429354099    
  0.3957968632564487    
  0.3975942983656001    
  0.3994081694898786    
  0.4012387018898315    
  0.4030861249140166    
  0.4049506720522583    
  0.4068325809872962    
  0.4087320936447324    
  0.4106494562410277    
  0.4125849193290579    
  0.4145387378408604    
  0.4165111711274254    
  0.4185024829951131    
  0.4205129417379645    
  0.4225428201653181    
  0.4245923956244242    
  0.4266619500175044    
  0.4287517698123903    
  0.4308621460460020    
  0.4329933743201382    
  0.4351457547886954    
  0.4373195921350408    
  0.4395151955384111    
  0.4417328786285099    
  0.4439729594271351    
  0.4462357602751866    
  0.4485216077434344    
  0.4508308325257384    
  0.4531637693131241    
  0.4555207566466015    
  0.4579021367465093    
  0.4603082553162784    
  0.4627394613181388    
  0.4651961067178080    
  0.4676785461950945    
  0.4701871368173925    
  0.4727222376725658    
  0.4752842094571945    
  0.4778734140160654    
  0.4804902138286946    
  0.4831349714378756    
  0.4858080488144091    
  0.4885098066520032    
  0.4912406035863515    
  0.4940007953316031    
  0.4967907337263528    
  0.4996107656807550    
  0.5024612320161214    
  0.5053424661873996    
  0.5082547928776895    
  0.5111985264532277    
  0.5141739692668172    
  0.5171814097964746    
  0.5202211206044827    
  0.5232933561009607    
  0.5263983500953178    
  0.5295363131175150    
  0.5327074294892141    
  0.5359118541234145    
  0.5391497090300501    
  0.5424210795032824    
  0.5457260099641601    
  0.5490644994307118    
  0.5524364965861830    
  0.5558418944140995    
  0.5592805243664856    
  0.5627521500297764    
  0.5662564602517454    
  0.5697930616912174    
  0.5733614707505854    
  0.5769611048499207    
  0.5805912730007795    
  0.5842511656370852    
  0.5879398436602027    
  0.5916562266563183    
  0.5953990802463203    
  0.5991670025308511    
  0.6029584095966734    
  0.6067715200559485    
  0.6106043385975131    
  0.6144546385382832    
  0.6183199433744022    
  0.6221975073467234    
  0.6260842950536263    
  0.6299769601656385    
  0.6338718233220292    
  0.6377648493207033    
  0.6416516237490166    
  0.6455273292440564    
  0.6493867216180836    
  0.6532241061396890    
  0.6570333143226696    
  0.6608076816407236    
  0.6645400266575753    
  0.6682226321405909    
  0.6718472288093191    
  0.6754049824542501    
  0.6788864852432821    
  0.6822817521134996    
  0.6855802232203829    
  0.6887707734782096    
  0.6918417302674960    
  0.6947809004030265    
  0.6975756074427135    
  0.7002127403640448    
  0.7026788145335242    
  0.7049600457401084    
  0.7070424378501309    
  0.7089118843615857    
  0.7105542837871662    
  0.7119556683824190    
  0.7131023452658002    
  0.7139810484612168    
  0.7145790998463345    
  0.7148845764350600    
  0.7148864808883835    
  0.7145749116641953    
  0.7139412288169278    
  0.7129782111779490    
  0.7116802005199634    
  0.7100432283564454    
  0.7080651212647154    
  0.7057455810555010    
  0.7030862367373307    
  0.7000906660190660    
  0.6967643850220557    
  0.6931148058897885    
  0.6891511630356474    
  0.6848844098009977    
  0.6803270882488703    
  0.6754931756425737    
  0.6703979118133707    
  0.6650576120774561    
  0.6594894706039636    
  0.6537113591630821    
  0.6477416260110439    
  0.6415988993211401    
  0.6353018990794399    
  0.6288692607699047    
  0.6223193735170885    
  0.6156702346731617    
  0.6089393221627046    
  0.6021434852638845    
  0.5952988539327972    
  0.5884207662840483    
  0.5815237134315745    
  0.5746213005718293    
  0.5677262229562582    
  0.5608502552460133    
  0.5540042526590745    
  0.5471981622978537    
  0.5404410430740183    
  0.5337410927160626    
  0.5271056804425547    
  0.5205413840009268    
  0.5140540299011692    
  0.5076487358096600    
  0.5013299542036429    
  0.4951015165170576    
  0.4889666771315148    
  0.4829281566809885    
  0.4769881842431276    
  0.4711485380827757    
  0.4654105846947051    
  0.4597753159635879    
  0.4542433843198458    
  0.4488151358206790    
  0.4434906411275772    
  0.4382697243862875    
  0.4331519900429129    
  0.4281368476512676    
  0.4232235347428992    
  0.4184111378434298    
  0.4136986117272023    
  0.4090847970071804    
  0.4045684361596652    
  0.4001481880843900    
  0.3958226412997742    
  0.3915903258707622    
  0.3874497241634552    
  0.3833992805172758    
  0.3794374099212885    
  0.3755625057764978    
  0.3717729468209421    
  0.3680671032897658    
  0.3644433423778114    
  0.3609000330674605    
  0.3574355503796869    
  0.3540482791020416    
  0.3507366170432075    
  0.3474989778597030    
  0.3443337934964328    
  0.3412395162794286    
  0.3382146206959398    
  0.3352576048938531    
  0.3323669919294132    
  0.3295413307897428    
  0.3267791972143797    
  0.3240791943377411    
  0.3214399531721956    
  0.3188601329496210    
  0.3163384213377495    
  0.3138735345460580    
  0.3114642173343634    
  0.3091092429359961    
  0.3068074129063239    
  0.3045575569063517    
  0.3023585324300727    
  0.3002092244833559    
  0.2981085452213616    
  0.2960554335507574    
  0.2940488547022897    
  0.2920877997787236    
  0.2901712852826203    
  0.2882983526279150    
  0.2864680676387495    
  0.2846795200386871    
  0.2829318229331050    
  0.2812241122872720    
  0.2795555464022160    
  0.2779253053902480    
  0.2763325906517892    
  0.2747766243549868    
  0.2732566489193852    
  0.2717719265047485    
  0.2703217385059482    
  0.2689053850547029    
  0.2675221845288374    
  0.2661714730696556    
  0.2648526041079210    
  0.2635649478988220    
  0.2623078910662040    
  0.2610808361563017    
  0.2598832012011544    
  0.2587144192918614    
  0.2575739381617597    
  0.2564612197795645    
  0.2553757399524621    
  0.2543169879391289    
  0.2532844660726185    
  0.2522776893930458    
  0.2512961852899555    
  0.2503394931542709    
  0.2494071640396915    
  0.2484987603334015    
  0.2476138554359082    
  0.2467520334498570    
  0.2459128888776591    
  0.2450960263277684    
  0.2443010602293931    
  0.2435276145554602    
  0.2427753225536492    
  0.2420438264853229    
  0.2413327773721477    
  0.2406418347502158    
  0.2399706664314890    
  0.2393189482723757    
  0.2386863639492238    
  0.2380726047405473    
  0.2374773693158279    
  0.2369003635307284    
  0.2363413002285163    
  0.2357998990475120    
  0.2352758862344076    
  0.2347689944632985    
  0.2342789626602357    
  0.2338055358331479    
  0.2333484649069962    
  0.2329075065640100    
  0.2324824230888174    
  0.2320729822183209    
  0.2316789569962117    
  0.2313001256319967    
  0.2309362713643683    
  0.2305871823287821    
  0.2302526514291371    
  0.2299324762134427    
  0.2296264587533101    
  0.2293344055271525    
  0.2290561273070135    
  0.2287914390489285    
  0.2285401597866594    
  0.2283021125287030    
  0.2280771241584985    
  0.2278650253377497    
  0.2276656504127235    
  0.2274788373234264    
  0.2273044275156052    
  0.2271422658554964    
  0.2269922005471926    
  0.2268540830525386    
  0.2267277680135165    
  0.2266131131770514    
  0.2265099793221247    
  0.2264182301891191    
  0.2263377324113555    
  0.2262683554487647    
  0.2262099715235728    
  0.2261624555579378    
  0.2261256851135240    
  0.2260995403329566    
  0.2260839038830550    
  0.2260786608997850    
  0.2260836989349242    
  0.2260989079043903    
  0.2261241800381179    
  0.2261594098314325    
  0.2262044939979315    
  0.2262593314238422    
  0.2263238231237524    
  0.2263978721976564    
  0.2264813837893240    
  0.2265742650459602    
  0.2266764250790624    
  0.2267877749264348    
  0.2269082275153773    
  0.2270376976270293    
  0.2271761018617675    
  0.2273233586056097    
  0.2274793879976419    
  0.2276441118984554    
  0.2278174538595157    
  0.2279993390934357    
  0.2281896944451721    
  0.2283884483641232    
  0.2285955308770360    
  0.2288108735616824    
  0.2290344095213456    
  0.2292660733601041    
  0.2295058011588449    
  0.2297535304519758    
  0.2300092002048653    
  0.2302727507919862    
  0.2305441239756801    
  0.2308232628855281    
  0.2311101119983784    
  0.2314046171190228    
  0.2317067253614343    
  0.2320163851305405    
  0.2323335461045742    
  0.2326581592179975    
  0.2329901766449164    
  0.2333295517829716    
  0.2336762392377618    
  0.2340301948077917    
  0.2343913754698629    
  0.2347597393648850    
  0.2351352457841624    
  0.2355178551561589    
  0.2359075290336625    
  0.2363042300813268    
  0.2367079220636457    
  0.2371185698333544    
  0.2375361393201912    
  0.2379605975200158    
  0.2383919124843442    
  0.2388300533102858    
  0.2392749901307919    
  0.2397266941051995    
  0.2401851374101492    
  0.2406502932308900    
  0.2411221357528908    
  0.2416006401537383    
  0.2420857825953781    
  0.2425775402166962    
  0.2430758911263738    
  0.2435808143960102    
  0.2440922900535852    
  0.2446102990772521    
  0.2451348233893820    
  0.2456658458508523    
  0.2462033502556602    
  0.2467473213258624    
  0.2472977447067636    
  0.2478546069623471    
  0.2484178955710076    
  0.2489875989215730    
  0.2495637063095385    
  0.2501462079335219    
  0.2507350948920352    
  0.2513303591805666    
  0.2519319936888844    
  0.2525399921985425    
  0.2531543493806742    
  0.2537750607940684    
  0.2544021228834614    
  0.2550355329780509    
  0.2556752892903200    
  0.2563213909151545    
  0.2569738378291622    
  0.2576326308901893    
  0.2582977718371342    
  0.2589692632900544    
  0.2596471087504832    
  0.2603313126019501    
  0.2610218801107977    
  0.2617188174272845    
  0.2624221315868918    
  0.2631318305118368    
  0.2638479230128976    
  0.2645704187915368    
  0.2652993284422315    
  0.2660346634550098    
  0.2667764362182988    
  0.2675246600220869    
  0.2682793490613062    
  0.2690405184394364    
  0.2698081841724219    
  0.2705823631928881    
  0.2713630733545693    
  0.2721503334369643    
  0.2729441631503465    
  0.2737445831411169    
  0.2745516149973779    
  0.2753652812547109    
  0.2761856054022770    
  0.2770126118892584    
  0.2778463261315616    
  0.2786867745187742    
  0.2795339844214773    
  0.2803879841988973    
  0.2812488032068148    
  0.2821164718057415    
  0.2829910213694858    
  0.2838724842940952    
  0.2847608940070681    
  0.2856562849768364    
  0.2865586927226429    
  0.2874681538248096    
  0.2883847059352964    
  0.2893083877885442    
  0.2902392392127171    
  0.2911773011413424    
  0.2921226156252612    
  0.2930752258449047    
  0.2940351761230212    
  0.2950025119378426    
  0.2959772799365941    
  0.2969595279493689    
  0.2979493050034965    
  0.2989466613383681    
  0.2999516484205990    
  0.3009643189595319    
  0.3019847269232389    
  0.3030129275550366    
  0.3040489773904014    
  0.3050929342742789    
  0.3061448573789030    
  0.3072048072221163    
  0.3082728456861074    
  0.3093490360366031    
  0.3104334429426708    
  0.3115261324970991    
  0.3126271722372058    
  0.3137366311660705    
  0.3148545797743725    
  0.3159810900628667    
  0.3171162355653887    
  0.3182600913723663    
  0.3194127341549584    
  0.3205742421898283    
  0.3217446953844563    
  0.3229241753029899    
  0.3241127651927534    
  0.3253105500114201    
  0.3265176164547807    
  0.3277340529851442    
  0.3289599498604838    
  0.3301953991642876    
  0.3314404948360131    
  0.3326953327022078    
