  0.8152409061585258E-01
  0.8019220118805115E-01
  0.7885722403175444E-01
  0.7751919847703048E-01
  0.7617816404749900E-01
  0.7483416046297725E-01
  0.7348722764017762E-01
  0.7213740569182225E-01
  0.7078473492747506E-01
  0.6942925585575127E-01
  0.6807100918476339E-01
  0.6671003582111834E-01
  0.6534637687050759E-01
  0.6398007363957708E-01
  0.6261116763613533E-01
  0.6123970056797295E-01
  0.5986571434316262E-01
  0.5848925107159864E-01
  0.5711035306502105E-01
  0.5572906283571605E-01
  0.5434542309655027E-01
  0.5295947676214469E-01
  0.5157126694864050E-01
  0.5018083697226167E-01
  0.4878823034915625E-01
  0.4739349079629346E-01
  0.4599666223099014E-01
  0.4459778876927500E-01
  0.4319691472549231E-01
  0.4179408461295125E-01
  0.4038934314327736E-01
  0.3898273522461632E-01
  0.3757430596098144E-01
  0.3616410065261211E-01
  0.3475216479514032E-01
  0.3333854407767656E-01
  0.3192328438196529E-01
  0.3050643178248547E-01
  0.2908803254540437E-01
  0.2766813312651295E-01
  0.2624678017020515E-01
  0.2482402050936727E-01
  0.2339990116415058E-01
  0.2197446933973568E-01
  0.2054777242510641E-01
  0.1911985799275429E-01
  0.1769077379733885E-01
  0.1626056777333384E-01
  0.1482928803357586E-01
  0.1339698286871793E-01
  0.1196370074576425E-01
  0.1052949030566447E-01
  0.9094400361721267E-02
  0.7658479898804416E-02
  0.6221778071697326E-02
  0.4784344202619195E-02
  0.3346227779558897E-02
  0.1907478455332956E-02
  0.4681460457365283E-03
 -0.9717194730953782E-03
 -0.2412067966466536E-02
 -0.3852849142136738E-02
 -0.5294012552224781E-02
 -0.6735507595961254E-02
 -0.8177283521664691E-02
 -0.9619289427944100E-02
 -0.1106147426566367E-01
 -0.1250378684068831E-01
 -0.1394617581593738E-01
 -0.1538858971276680E-01
 -0.1683097691308477E-01
 -0.1827328566214415E-01
 -0.1971546407062347E-01
 -0.2115746011609754E-01
 -0.2259922164527733E-01
 -0.2404069637689793E-01
 -0.2548183190385300E-01
 -0.2692257569470469E-01
 -0.2836287509597218E-01
 -0.2980267733510034E-01
 -0.3124192952270022E-01
 -0.3268057865413992E-01
 -0.3411857161185100E-01
 -0.3555585516830129E-01
 -0.3699237598829042E-01
 -0.3842808063062719E-01
 -0.3986291555049437E-01
 -0.4129682710244786E-01
 -0.4272976154275487E-01
 -0.4416166503111785E-01
 -0.4559248363304569E-01
 -0.4702216332284581E-01
 -0.4845064998601090E-01
 -0.4987788942104121E-01
 -0.5130382734185718E-01
 -0.5272840938074741E-01
 -0.5415158109071799E-01
 -0.5557328794735600E-01
 -0.5699347535133231E-01
 -0.5841208863138858E-01
 -0.5982907304665458E-01
 -0.6124437378846359E-01
 -0.6265793598285457E-01
 -0.6406970469361911E-01
 -0.6547962492468190E-01
 -0.6688764162191019E-01
 -0.6829369967553872E-01
 -0.6969774392317502E-01
 -0.7109971915223673E-01
 -0.7249957010184011E-01
 -0.7389724146521393E-01
 -0.7529267789261307E-01
 -0.7668582399371560E-01
 -0.7807662433956647E-01
 -0.7946502346504297E-01
 -0.8085096587174440E-01
 -0.8223439603033317E-01
 -0.8361525838246747E-01
 -0.8499349734328093E-01
 -0.8636905730426020E-01
 -0.8774188263556842E-01
 -0.8911191768799087E-01
 -0.9047910679543381E-01
 -0.9184339427776916E-01
 -0.9320472444309752E-01
 -0.9456304158968609E-01
 -0.9591829000852381E-01
 -0.9727041398619779E-01
 -0.9861935780710662E-01
 -0.9996506575532843E-01
 -0.1013074821171789    
 -0.1026465511841608    
 -0.1039822172552138    
 -0.1053144246385320    
 -0.1066431176540538    
 -0.1079682406364231    
 -0.1092897379373170    
 -0.1106075539273018    
 -0.1119216329982864    
 -0.1132319195664433    
 -0.1145383580745669    
 -0.1158408929939987    
 -0.1171394688271032    
 -0.1184340301101654    
 -0.1197245214157596    
 -0.1210108873547358    
 -0.1222930725787512    
 -0.1235710217831756    
 -0.1248446797094553    
 -0.1261139911471525    
 -0.1273789009365682    
 -0.1286393539717076    
 -0.1298952952026575    
 -0.1311466696376438    
 -0.1323934223457299    
 -0.1336354984598893    
 -0.1348728431794561    
 -0.1361054017722170    
 -0.1373331195771685    
 -0.1385559420076938    
 -0.1397738145541285    
 -0.1409866827859242    
 -0.1421944923544674    
 -0.1433971889963722    
 -0.1445947185361933    
 -0.1457870268886983    
 -0.1469740600617481    
 -0.1481557641596998    
 -0.1493320853863040    
 -0.1505029700471505    
 -0.1516683645526404    
 -0.1528282154214742    
 -0.1539824692837233    
 -0.1551310728834991    
 -0.1562739730820926    
 -0.1574111168615693    
 -0.1585424513280021    
 -0.1596679237143678    
 -0.1607874813838934    
 -0.1619010718338068    
 -0.1630086426987445    
 -0.1641101417538962    
 -0.1652055169185915    
 -0.1662947162602322    
 -0.1673776879978854    
 -0.1684543805056875    
 -0.1695247423167192    
 -0.1705887221271696    
 -0.1716462688001332    
 -0.1726973313692675    
 -0.1737418590429640    
 -0.1747798012087848    
 -0.1758111074375053    
 -0.1768357274870491    
 -0.1778536113069791    
 -0.1788647090432278    
 -0.1798689710423994    
 -0.1808663478559904    
 -0.1818567902452133    
 -0.1828402491860618    
 -0.1838166758739166    
 -0.1847860217280661    
 -0.1857482383968558    
 -0.1867032777630905    
 -0.1876510919489670    
 -0.1885916333209290    
 -0.1895248544951669    
 -0.1904507083433553    
 -0.1913691479979118    
 -0.1922801268571963    
 -0.1931835985913792    
 -0.1940795171485387    
 -0.1949678367602428    
 -0.1958485119470791    
 -0.1967214975248900    
 -0.1975867486112408    
 -0.1984442206313424    
 -0.1992938693239064    
 -0.2001356507477228    
 -0.2009695212884881    
 -0.2017954376650709    
 -0.2026133569356963    
 -0.2034232365048543    
 -0.2042250341304512    
 -0.2050187079303928    
 -0.2058042163890830    
 -0.2065815183646565    
 -0.2073505730964369    
 -0.2081113402118027    
 -0.2088637797329607    
 -0.2096078520844633    
 -0.2103435181009488    
 -0.2110707390342512    
 -0.2117894765603998    
 -0.2124996927873690    
 -0.2132013502630543    
 -0.2138944119826025    
 -0.2145788413955969    
 -0.2152546024139655    
 -0.2159216594201065    
 -0.2165799772743646    
 -0.2172295213223565    
 -0.2178702574029941    
 -0.2185021518566801    
 -0.2191251715328397    
 -0.2197392837973118    
 -0.2203444565404195    
 -0.2209406581851587    
 -0.2215278576946703    
 -0.2221060245795834    
 -0.2226751289060607    
 -0.2232351413039095    
 -0.2237860329739050    
 -0.2243277756949620    
 -0.2248603418320281    
 -0.2253837043440248    
 -0.2258978367909350    
 -0.2264027133406883    
 -0.2268983087767671    
 -0.2273845985058454    
 -0.2278615585645332    
 -0.2283291656258786    
 -0.2287873970065618    
 -0.2292362306740974    
 -0.2296756452531011    
 -0.2301056200312908    
 -0.2305261349661532    
 -0.2309371706915718    
 -0.2313387085234721    
 -0.2317307304651913    
 -0.2321132192135007    
 -0.2324861581645315    
 -0.2328495314186620    
 -0.2332033237851161    
 -0.2335475207872195    
 -0.2338821086675064    
 -0.2342070743917133    
 -0.2345224056524771    
 -0.2348280908736955    
 -0.2351241192146956    
 -0.2354104805732142    
 -0.2356871655880655    
 -0.2359541656424967    
 -0.2362114728673086    
 -0.2364590801427151    
 -0.2366969810998731    
 -0.2369251701231276    
 -0.2371436423519850    
 -0.2373523936817449    
 -0.2375514207637910    
 -0.2377407210066451    
 -0.2379202925767250    
 -0.2380901343976806    
 -0.2382502461493714    
 -0.2384006282676496    
 -0.2385412819438411    
 -0.2386722091227278    
 -0.2387934125001583    
 -0.2389048955215242    
 -0.2390066623799341    
 -0.2390987180128192    
 -0.2391810680981501    
 -0.2392537190515782    
 -0.2393166780232878    
 -0.2393699528932209    
 -0.2394135522659155    
 -0.2394474854663460    
 -0.2394717625354721    
 -0.2394863942240786    
 -0.2394913919862474    
 -0.2394867679739421    
 -0.2394725350313365    
 -0.2394487066873470    
 -0.2394152971477803    
 -0.2393723212887144    
 -0.2393197946496710    
 -0.2392577334249228    
 -0.2391861544544183    
 -0.2391050752160656    
 -0.2390145138178719    
 -0.2389144889881313    
 -0.2388050200651997    
 -0.2386861269887954    
 -0.2385578302912559    
 -0.2384201510867676    
 -0.2382731110601397    
 -0.2381167324572229    
 -0.2379510380754113    
 -0.2377760512520801    
 -0.2375917958525338    
 -0.2373982962597274    
 -0.2371955773641714    
 -0.2369836645517225    
 -0.2367625836908644    
 -0.2365323611219071    
 -0.2362930236464942    
 -0.2360445985149380    
 -0.2357871134130014    
 -0.2355205964507379    
 -0.2352450761517759    
 -0.2349605814403946    
 -0.2346671416280178    
 -0.2343647864018961    
 -0.2340535458143347    
 -0.2337334502696520    
 -0.2334045305105514    
 -0.2330668176068760    
 -0.2327203429450064    
 -0.2323651382148570    
 -0.2320012353962480    
 -0.2316286667478964    
 -0.2312474647972279    
 -0.2308576623276107    
 -0.2304592923648361    
 -0.2300523881664733    
 -0.2296369832122793    
 -0.2292131111918825    
 -0.2287808059915142    
 -0.2283401016838247    
 -0.2278910325190535    
 -0.2274336329133369    
 -0.2269679374358182    
 -0.2264939807990253    
 -0.2260117978509324    
 -0.2255214235640534    
 -0.2250228930230361    
 -0.2245162414156696    
 -0.2240015040259568    
 -0.2234787162241521    
 -0.2229479134549396    
 -0.2224091312290923    
 -0.2218624051176137    
 -0.2213077707428550    
 -0.2207452637674010    
 -0.2201749198864198    
 -0.2195967748228866    
 -0.2190108643198516    
 -0.2184172241301172    
 -0.2178158900093323    
 -0.2172068977123274    
 -0.2165902829865614    
 -0.2159660815626261    
 -0.2153343291480975    
 -0.2146950614250103    
 -0.2140483140445382    
 -0.2133941226183331    
 -0.2127325227131085    
 -0.2120635498492418    
 -0.2113872394967173    
 -0.2107036270673219    
 -0.2100127479099073    
 -0.2093146373100971    
 -0.2086093304875180    
 -0.2078968625888395    
 -0.2071772686836515    
 -0.2064505837652115    
 -0.2057168427489810    
 -0.2049760804665282    
 -0.2042283316619318    
 -0.2034736309934722    
 -0.2027120130334632    
 -0.2019435122630305    
 -0.2011681630689717    
 -0.2003859997462709    
 -0.1995970564991905    
 -0.1988013674369470    
 -0.1979989665709596    
 -0.1971898878180502    
 -0.1963741650027218    
 -0.1955518318537344    
 -0.1947229220017095    
 -0.1938874689828988    
 -0.1930455062425565    
 -0.1921970671323894    
 -0.1913421849084525    
 -0.1904808927353674    
 -0.1896132236907218    
 -0.1887392107633898    
 -0.1878588868516633    
 -0.1869722847677653    
 -0.1860794372431562    
 -0.1851803769277261    
 -0.1842751363881541    
 -0.1833637481126049    
 -0.1824462445167975    
 -0.1815226579440099    
 -0.1805930206636515    
 -0.1796573648760602    
 -0.1787157227192263    
 -0.1777681262695460    
 -0.1768146075405646    
 -0.1758551984877919    
 -0.1748899310159857    
 -0.1739188369806015    
 -0.1729419481866519    
 -0.1719592963934446    
 -0.1709709133223463    
 -0.1699768306589107    
 -0.1689770800518131    
 -0.1679716931173789    
 -0.1669607014477124    
 -0.1659441366135037    
 -0.1649220301630566    
 -0.1638944136265060    
 -0.1628613185241465    
 -0.1618227763698719    
 -0.1607788186703458    
 -0.1597294769288689    
 -0.1586747826537632    
 -0.1576147673623376    
 -0.1565494625802104    
 -0.1554788998448298    
 -0.1544031107138371    
 -0.1533221267694757    
 -0.1522359796180066    
 -0.1511447008928359    
 -0.1500483222628037    
 -0.1489468754370247    
 -0.1478403921644007    
 -0.1467289042362641    
 -0.1456124434944683    
 -0.1444910418366285    
 -0.1433647312157933    
 -0.1422335436425979    
 -0.1410975111930239    
 -0.1399566660139522    
 -0.1388110403230243    
 -0.1376606664103166    
 -0.1365055766456786    
 -0.1353458034845227    
 -0.1341813794679085    
 -0.1330123372237693    
 -0.1318387094737232    
 -0.1306605290389804    
 -0.1294778288406758    
 -0.1282906419007315    
 -0.1270990013481159    
 -0.1259029404247425    
 -0.1247024924859863    
 -0.1234976910012029    
 -0.1222885695594456    
 -0.1210751618753438    
 -0.1198575017898109    
 -0.1186356232702015    
 -0.1174095604153747    
 -0.1161793474614583    
 -0.1149450187828196    
 -0.1137066088920036    
 -0.1124641524441168    
 -0.1112176842422809    
 -0.1099672392387669    
 -0.1087128525348255    
 -0.1074545593845175    
 -0.1061923951998145    
 -0.1049263955517590    
 -0.1036565961701443    
 -0.1023830329468394    
 -0.1011057419405685    
 -0.9982475937810031E-01
 -0.9854012165375131E-01
 -0.9725186533216679E-01
 -0.9596002715273766E-01
 -0.9466464403083963E-01
 -0.9336575305724887E-01
 -0.9206339150038034E-01
 -0.9075759681021855E-01
 -0.8944840661951631E-01
 -0.8813585874320640E-01
 -0.8681999118024897E-01
 -0.8550084211707332E-01
 -0.8417844992858847E-01
 -0.8285285317750368E-01
 -0.8152409061585258E-01
 -0.8019220118805115E-01
 -0.7885722403175444E-01
 -0.7751919847703048E-01
 -0.7617816404749900E-01
 -0.7483416046297725E-01
 -0.7348722764017762E-01
 -0.7213740569182225E-01
 -0.7078473492747506E-01
 -0.6942925585575127E-01
 -0.6807100918476339E-01
 -0.6671003582111834E-01
 -0.6534637687050759E-01
 -0.6398007363957708E-01
 -0.6261116763613533E-01
 -0.6123970056797295E-01
 -0.5986571434316262E-01
 -0.5848925107159864E-01
 -0.5711035306502105E-01
 -0.5572906283571605E-01
 -0.5434542309655027E-01
 -0.5295947676214469E-01
 -0.5157126694864050E-01
 -0.5018083697226167E-01
 -0.4878823034915625E-01
 -0.4739349079629346E-01
 -0.4599666223099014E-01
 -0.4459778876927500E-01
 -0.4319691472549231E-01
 -0.4179408461295125E-01
 -0.4038934314327736E-01
 -0.3898273522461632E-01
 -0.3757430596098144E-01
 -0.3616410065261211E-01
 -0.3475216479514032E-01
 -0.3333854407767656E-01
 -0.3192328438196529E-01
 -0.3050643178248547E-01
 -0.2908803254540437E-01
 -0.2766813312651295E-01
 -0.2624678017020515E-01
 -0.2482402050936727E-01
 -0.2339990116415058E-01
 -0.2197446933973568E-01
 -0.2054777242510641E-01
 -0.1911985799275429E-01
 -0.1769077379733885E-01
 -0.1626056777333384E-01
 -0.1482928803357586E-01
 -0.1339698286871793E-01
 -0.1196370074576425E-01
 -0.1052949030566447E-01
 -0.9094400361721267E-02
 -0.7658479898804416E-02
 -0.6221778071697326E-02
 -0.4784344202619195E-02
 -0.3346227779558897E-02
 -0.1907478455332956E-02
 -0.4681460457365283E-03
  0.9717194730953782E-03
  0.2412067966466536E-02
  0.3852849142136738E-02
  0.5294012552224781E-02
  0.6735507595961254E-02
  0.8177283521664691E-02
  0.9619289427944100E-02
  0.1106147426566367E-01
  0.1250378684068831E-01
  0.1394617581593738E-01
  0.1538858971276680E-01
  0.1683097691308477E-01
  0.1827328566214415E-01
  0.1971546407062347E-01
  0.2115746011609754E-01
  0.2259922164527733E-01
  0.2404069637689793E-01
  0.2548183190385300E-01
  0.2692257569470469E-01
  0.2836287509597218E-01
  0.2980267733510034E-01
  0.3124192952270022E-01
  0.3268057865413992E-01
  0.3411857161185100E-01
  0.3555585516830129E-01
  0.3699237598829042E-01
  0.3842808063062719E-01
  0.3986291555049437E-01
  0.4129682710244786E-01
  0.4272976154275487E-01
  0.4416166503111785E-01
  0.4559248363304569E-01
  0.4702216332284581E-01
  0.4845064998601090E-01
  0.4987788942104121E-01
  0.5130382734185718E-01
  0.5272840938074741E-01
  0.5415158109071799E-01
  0.5557328794735600E-01
  0.5699347535133231E-01
  0.5841208863138858E-01
  0.5982907304665458E-01
  0.6124437378846359E-01
  0.6265793598285457E-01
  0.6406970469361911E-01
  0.6547962492468190E-01
  0.6688764162191019E-01
  0.6829369967553872E-01
  0.6969774392317502E-01
  0.7109971915223673E-01
  0.7249957010184011E-01
  0.7389724146521393E-01
  0.7529267789261307E-01
  0.7668582399371560E-01
  0.7807662433956647E-01
  0.7946502346504297E-01
  0.8085096587174440E-01
  0.8223439603033317E-01
  0.8361525838246747E-01
  0.8499349734328093E-01
  0.8636905730426020E-01
  0.8774188263556842E-01
  0.8911191768799087E-01
  0.9047910679543381E-01
  0.9184339427776916E-01
  0.9320472444309752E-01
  0.9456304158968609E-01
  0.9591829000852381E-01
  0.9727041398619779E-01
  0.9861935780710662E-01
  0.9996506575532843E-01
  0.1013074821171789    
  0.1026465511841608    
  0.1039822172552138    
  0.1053144246385320    
  0.1066431176540538    
  0.1079682406364231    
  0.1092897379373170    
  0.1106075539273018    
  0.1119216329982864    
  0.1132319195664433    
  0.1145383580745669    
  0.1158408929939987    
  0.1171394688271032    
  0.1184340301101654    
  0.1197245214157596    
  0.1210108873547358    
  0.1222930725787512    
  0.1235710217831756    
  0.1248446797094553    
  0.1261139911471525    
  0.1273789009365682    
  0.1286393539717076    
  0.1298952952026575    
  0.1311466696376438    
  0.1323934223457299    
  0.1336354984598893    
  0.1348728431794561    
  0.1361054017722170    
  0.1373331195771685    
  0.1385559420076938    
  0.1397738145541285    
  0.1409866827859242    
  0.1421944923544674    
  0.1433971889963722    
  0.1445947185361933    
  0.1457870268886983    
  0.1469740600617481    
  0.1481557641596998    
  0.1493320853863040    
  0.1505029700471505    
  0.1516683645526404    
  0.1528282154214742    
  0.1539824692837233    
  0.1551310728834991    
  0.1562739730820926    
  0.1574111168615693    
  0.1585424513280021    
  0.1596679237143678    
  0.1607874813838934    
  0.1619010718338068    
  0.1630086426987445    
  0.1641101417538962    
  0.1652055169185915    
  0.1662947162602322    
  0.1673776879978854    
  0.1684543805056875    
  0.1695247423167192    
  0.1705887221271696    
  0.1716462688001332    
  0.1726973313692675    
  0.1737418590429640    
  0.1747798012087848    
  0.1758111074375053    
  0.1768357274870491    
  0.1778536113069791    
  0.1788647090432278    
  0.1798689710423994    
  0.1808663478559904    
  0.1818567902452133    
  0.1828402491860618    
  0.1838166758739166    
  0.1847860217280661    
  0.1857482383968558    
  0.1867032777630905    
  0.1876510919489670    
  0.1885916333209290    
  0.1895248544951669    
  0.1904507083433553    
  0.1913691479979118    
  0.1922801268571963    
  0.1931835985913792    
  0.1940795171485387    
  0.1949678367602428    
  0.1958485119470791    
  0.1967214975248900    
  0.1975867486112408    
  0.1984442206313424    
  0.1992938693239064    
  0.2001356507477228    
  0.2009695212884881    
  0.2017954376650709    
  0.2026133569356963    
  0.2034232365048543    
  0.2042250341304512    
  0.2050187079303928    
  0.2058042163890830    
  0.2065815183646565    
  0.2073505730964369    
  0.2081113402118027    
  0.2088637797329607    
  0.2096078520844633    
  0.2103435181009488    
  0.2110707390342512    
  0.2117894765603998    
  0.2124996927873690    
  0.2132013502630543    
  0.2138944119826025    
  0.2145788413955969    
  0.2152546024139655    
  0.2159216594201065    
  0.2165799772743646    
  0.2172295213223565    
  0.2178702574029941    
  0.2185021518566801    
  0.2191251715328397    
  0.2197392837973118    
  0.2203444565404195    
  0.2209406581851587    
  0.2215278576946703    
  0.2221060245795834    
  0.2226751289060607    
  0.2232351413039095    
  0.2237860329739050    
  0.2243277756949620    
  0.2248603418320281    
  0.2253837043440248    
  0.2258978367909350    
  0.2264027133406883    
  0.2268983087767671    
  0.2273845985058454    
  0.2278615585645332    
  0.2283291656258786    
  0.2287873970065618    
  0.2292362306740974    
  0.2296756452531011    
  0.2301056200312908    
  0.2305261349661532    
  0.2309371706915718    
  0.2313387085234721    
  0.2317307304651913    
  0.2321132192135007    
  0.2324861581645315    
  0.2328495314186620    
  0.2332033237851161    
  0.2335475207872195    
  0.2338821086675064    
  0.2342070743917133    
  0.2345224056524771    
  0.2348280908736955    
  0.2351241192146956    
  0.2354104805732142    
  0.2356871655880655    
  0.2359541656424967    
  0.2362114728673086    
  0.2364590801427151    
  0.2366969810998731    
  0.2369251701231276    
  0.2371436423519850    
  0.2373523936817449    
  0.2375514207637910    
  0.2377407210066451    
  0.2379202925767250    
  0.2380901343976806    
  0.2382502461493714    
  0.2384006282676496    
  0.2385412819438411    
  0.2386722091227278    
  0.2387934125001583    
  0.2389048955215242    
  0.2390066623799341    
  0.2390987180128192    
  0.2391810680981501    
  0.2392537190515782    
  0.2393166780232878    
  0.2393699528932209    
  0.2394135522659155    
  0.2394474854663460    
  0.2394717625354721    
  0.2394863942240786    
  0.2394913919862474    
  0.2394867679739421    
  0.2394725350313365    
  0.2394487066873470    
  0.2394152971477803    
  0.2393723212887144    
  0.2393197946496710    
  0.2392577334249228    
  0.2391861544544183    
  0.2391050752160656    
  0.2390145138178719    
  0.2389144889881313    
  0.2388050200651997    
  0.2386861269887954    
  0.2385578302912559    
  0.2384201510867676    
  0.2382731110601397    
  0.2381167324572229    
  0.2379510380754113    
  0.2377760512520801    
  0.2375917958525338    
  0.2373982962597274    
  0.2371955773641714    
  0.2369836645517225    
  0.2367625836908644    
  0.2365323611219071    
  0.2362930236464942    
  0.2360445985149380    
  0.2357871134130014    
  0.2355205964507379    
  0.2352450761517759    
  0.2349605814403946    
  0.2346671416280178    
  0.2343647864018961    
  0.2340535458143347    
  0.2337334502696520    
  0.2334045305105514    
  0.2330668176068760    
  0.2327203429450064    
  0.2323651382148570    
  0.2320012353962480    
  0.2316286667478964    
  0.2312474647972279    
  0.2308576623276107    
  0.2304592923648361    
  0.2300523881664733    
  0.2296369832122793    
  0.2292131111918825    
  0.2287808059915142    
  0.2283401016838247    
  0.2278910325190535    
  0.2274336329133369    
  0.2269679374358182    
  0.2264939807990253    
  0.2260117978509324    
  0.2255214235640534    
  0.2250228930230361    
  0.2245162414156696    
  0.2240015040259568    
  0.2234787162241521    
  0.2229479134549396    
  0.2224091312290923    
  0.2218624051176137    
  0.2213077707428550    
  0.2207452637674010    
  0.2201749198864198    
  0.2195967748228866    
  0.2190108643198516    
  0.2184172241301172    
  0.2178158900093323    
  0.2172068977123274    
  0.2165902829865614    
  0.2159660815626261    
  0.2153343291480975    
  0.2146950614250103    
  0.2140483140445382    
  0.2133941226183331    
  0.2127325227131085    
  0.2120635498492418    
  0.2113872394967173    
  0.2107036270673219    
  0.2100127479099073    
  0.2093146373100971    
  0.2086093304875180    
  0.2078968625888395    
  0.2071772686836515    
  0.2064505837652115    
  0.2057168427489810    
  0.2049760804665282    
  0.2042283316619318    
  0.2034736309934722    
  0.2027120130334632    
  0.2019435122630305    
  0.2011681630689717    
  0.2003859997462709    
  0.1995970564991905    
  0.1988013674369470    
  0.1979989665709596    
  0.1971898878180502    
  0.1963741650027218    
  0.1955518318537344    
  0.1947229220017095    
  0.1938874689828988    
  0.1930455062425565    
  0.1921970671323894    
  0.1913421849084525    
  0.1904808927353674    
  0.1896132236907218    
  0.1887392107633898    
  0.1878588868516633    
  0.1869722847677653    
  0.1860794372431562    
  0.1851803769277261    
  0.1842751363881541    
  0.1833637481126049    
  0.1824462445167975    
  0.1815226579440099    
  0.1805930206636515    
  0.1796573648760602    
  0.1787157227192263    
  0.1777681262695460    
  0.1768146075405646    
  0.1758551984877919    
  0.1748899310159857    
  0.1739188369806015    
  0.1729419481866519    
  0.1719592963934446    
  0.1709709133223463    
  0.1699768306589107    
  0.1689770800518131    
  0.1679716931173789    
  0.1669607014477124    
  0.1659441366135037    
  0.1649220301630566    
  0.1638944136265060    
  0.1628613185241465    
  0.1618227763698719    
  0.1607788186703458    
  0.1597294769288689    
  0.1586747826537632    
  0.1576147673623376    
  0.1565494625802104    
  0.1554788998448298    
  0.1544031107138371    
  0.1533221267694757    
  0.1522359796180066    
  0.1511447008928359    
  0.1500483222628037    
  0.1489468754370247    
  0.1478403921644007    
  0.1467289042362641    
  0.1456124434944683    
  0.1444910418366285    
  0.1433647312157933    
  0.1422335436425979    
  0.1410975111930239    
  0.1399566660139522    
  0.1388110403230243    
  0.1376606664103166    
  0.1365055766456786    
  0.1353458034845227    
  0.1341813794679085    
  0.1330123372237693    
  0.1318387094737232    
  0.1306605290389804    
  0.1294778288406758    
  0.1282906419007315    
  0.1270990013481159    
  0.1259029404247425    
  0.1247024924859863    
  0.1234976910012029    
  0.1222885695594456    
  0.1210751618753438    
  0.1198575017898109    
  0.1186356232702015    
  0.1174095604153747    
  0.1161793474614583    
  0.1149450187828196    
  0.1137066088920036    
  0.1124641524441168    
  0.1112176842422809    
  0.1099672392387669    
  0.1087128525348255    
  0.1074545593845175    
  0.1061923951998145    
  0.1049263955517590    
  0.1036565961701443    
  0.1023830329468394    
  0.1011057419405685    
  0.9982475937810031E-01
  0.9854012165375131E-01
  0.9725186533216679E-01
  0.9596002715273766E-01
  0.9466464403083963E-01
  0.9336575305724887E-01
  0.9206339150038034E-01
  0.9075759681021855E-01
  0.8944840661951631E-01
  0.8813585874320640E-01
  0.8681999118024897E-01
  0.8550084211707332E-01
  0.8417844992858847E-01
  0.8285285317750368E-01
