  0.8425974798016928E-01
  0.8154310718344071E-01
  0.7881401027683332E-01
  0.7607277803058210E-01
  0.7331973429055422E-01
  0.7055520601148974E-01
  0.6777952328160763E-01
  0.6499301933898288E-01
  0.6219603058586026E-01
  0.5938889660377183E-01
  0.5657196016489846E-01
  0.5374556723484353E-01
  0.5091006696952477E-01
  0.4806581171224011E-01
  0.4521315699046974E-01
  0.4235246150623245E-01
  0.3948408711854712E-01
  0.3660839882373113E-01
  0.3372576473677386E-01
  0.3083655606947278E-01
  0.2794114710150830E-01
  0.2503991514754267E-01
  0.2213324052426652E-01
  0.1922150651541488E-01
  0.1630509933155483E-01
  0.1338440806664848E-01
  0.1045982465460998E-01
  0.7531743823891379E-02
  0.4600563046534445E-02
  0.1666682483495885E-02
 -0.1269495069091020E-02
 -0.4207564232786398E-02
 -0.7147117103412481E-02
 -0.1008774331342011E-01
 -0.1302903009688822E-01
 -0.1597056235282057E-01
 -0.1891192270612407E-01
 -0.2185269157055858E-01
 -0.2479244721861068E-01
 -0.2773076585653667E-01
 -0.3066722169572172E-01
 -0.3360138701645043E-01
 -0.3653283223364201E-01
 -0.3946112597486540E-01
 -0.4238583516364502E-01
 -0.4530652509209082E-01
 -0.4822275948389415E-01
 -0.5113410056608592E-01
 -0.5404010915540569E-01
 -0.5694034474158965E-01
 -0.5983436555508792E-01
 -0.6272172863295572E-01
 -0.6560198989972310E-01
 -0.6847470425503949E-01
 -0.7133942564956181E-01
 -0.7419570715122248E-01
 -0.7704310101902045E-01
 -0.7988115878689594E-01
 -0.8270943134385123E-01
 -0.8552746900510733E-01
 -0.8833482158393524E-01
 -0.9113103846959575E-01
 -0.9391566870545853E-01
 -0.9668826106354178E-01
 -0.9944836411893476E-01
 -0.1021955263250137    
 -0.1049292960867068    
 -0.1076492218342131    
 -0.1103548521012286    
 -0.1130457356027861    
 -0.1157214213058995    
 -0.1183814584990825    
 -0.1210253968712616    
 -0.1236527865949940    
 -0.1262631784004160    
 -0.1288561236428221    
 -0.1314311743798049    
 -0.1339878834585224    
 -0.1365258045966169    
 -0.1390444924530703    
 -0.1415435027052034    
 -0.1440223921388821    
 -0.1464807187375661    
 -0.1489180417612115    
 -0.1513339218275661    
 -0.1537279210064928    
 -0.1560996029174153    
 -0.1584485328192193    
 -0.1607742777009722    
 -0.1630764063843469    
 -0.1653544896312376    
 -0.1676081002464458    
 -0.1698368131813544    
 -0.1720402056488295    
 -0.1742178572447270    
 -0.1763693500664545    
 -0.1784942688327911    
 -0.1805922010145322    
 -0.1826627369728865    
 -0.1847054700970427    
 -0.1867199969438811    
 -0.1887059173881878    
 -0.1906628347809347    
 -0.1925903561080820    
 -0.1944880921526259    
 -0.1963556576673588    
 -0.1981926715557489    
 -0.1999987570538069    
 -0.2017735419157521    
 -0.2035166586106593    
 -0.2052277445272519    
 -0.2069064421795874    
 -0.2085523994163940    
 -0.2101652696411913    
 -0.2117447120401359    
 -0.2132903918100078    
 -0.2148019803890736    
 -0.2162791556981449    
 -0.2177216023884261    
 -0.2191290120877283    
 -0.2205010836476187    
 -0.2218375233995664    
 -0.2231380454167970    
 -0.2244023717721950    
 -0.2256302327938826    
 -0.2268213673271633    
 -0.2279755230003095    
 -0.2290924564837628    
 -0.2301719337431681    
 -0.2312137302951434    
 -0.2322176314640412    
 -0.2331834326287523    
 -0.2341109394588621    
 -0.2349999681492068    
 -0.2358503456519637    
 -0.2366619098949645    
 -0.2374345099844155    
 -0.2381680064012142    
 -0.2388622711910597    
 -0.2395171881369361    
 -0.2401326529110321    
 -0.2407085732153482    
 -0.2412448689124072    
 -0.2417414721349127    
 -0.2421983273705299    
 -0.2426153915310620    
 -0.2429926340086048    
 -0.2433300367078206    
 -0.2436275940498769    
 -0.2438853129577968    
 -0.2441032128273734    
 -0.2442813254730229    
 -0.2444196950429591    
 -0.2445183779137099    
 -0.2445774425702696    
 -0.2445969694622583    
 -0.2445770508293985    
 -0.2445177905061642    
 -0.2444193037138662    
 -0.2442817168316314    
 -0.2441051671384074    
 -0.2438898025355538    
 -0.2436357812605942    
 -0.2433432715851653    
 -0.2430124514878165    
 -0.2426435083100655    
 -0.2422366384084003    
 -0.2417920467974217    
 -0.2413099467733764    
 -0.2407905595245641    
 -0.2402341137431199    
 -0.2396408452361423    
 -0.2390109965241089    
 -0.2383448164298852    
 -0.2376425596737366    
 -0.2369044864761058    
 -0.2361308621560512    
 -0.2353219567246025    
 -0.2344780444873021    
 -0.2335994036611326    
 -0.2326863159952426    
 -0.2317390663913783    
 -0.2307579425359332    
 -0.2297432345512933    
 -0.2286952346579652    
 -0.2276142368404772    
 -0.2265005365257597    
 -0.2253544302836957    
 -0.2241762155445488    
 -0.2229661903241111    
 -0.2217246529606408    
 -0.2204519018736819    
 -0.2191482353437622    
 -0.2178139513039485    
 -0.2164493471424933    
 -0.2150547195246599    
 -0.2136303642364148    
 -0.2121765760433130    
 -0.2106936485602824    
 -0.2091818741366847    
 -0.2076415437613299    
 -0.2060729469845521    
 -0.2044763718518321    
 -0.2028521048490268    
 -0.2012004308634046    
 -0.1995216331611902    
 -0.1978159933773846    
 -0.1960837915148497    
 -0.1943253059546295    
 -0.1925408134801310    
 -0.1907305893132769    
 -0.1888949071584449    
 -0.1870340392537060    
 -0.1851482564323180    
 -0.1832378281948857    
 -0.1813030227883374    
 -0.1793441072892024    
 -0.1773613476931830    
 -0.1753550090129858    
 -0.1733253553821087    
 -0.1712726501613013    
 -0.1691971560479780    
 -0.1670991351905493    
 -0.1649788493070609    
 -0.1628365598058846    
 -0.1606725279077892    
 -0.1584870147697970    
 -0.1562802816101880    
 -0.1540525898340754    
 -0.1518042011602971    
 -0.1495353777494803    
 -0.1472463823307759    
 -0.1449374783258206    
 -0.1426089299720288    
 -0.1402610024471964    
 -0.1378939619933802    
 -0.1355080760368898    
 -0.1331036133046062    
 -0.1306808439388048    
 -0.1282400396107382    
 -0.1257814736318189    
 -0.1233054210619611    
 -0.1208121588143371    
 -0.1183019657549429    
 -0.1157751227978481    
 -0.1132319129998871    
 -0.1106726216551528    
 -0.1080975363834604    
 -0.1055069472090241    
 -0.1029011466347729    
 -0.1002804297194788    
 -0.9764509415488792E-01
 -0.9499544033344515E-01
 -0.9233177140476845E-01
 -0.8965439332951530E-01
 -0.8696361493681071E-01
 -0.8425974798016928E-01
 -0.8154310718344071E-01
 -0.7881401027683332E-01
 -0.7607277803058210E-01
 -0.7331973429055422E-01
 -0.7055520601148974E-01
 -0.6777952328160763E-01
 -0.6499301933898288E-01
 -0.6219603058586026E-01
 -0.5938889660377183E-01
 -0.5657196016489846E-01
 -0.5374556723484353E-01
 -0.5091006696952477E-01
 -0.4806581171224011E-01
 -0.4521315699046974E-01
 -0.4235246150623245E-01
 -0.3948408711854712E-01
 -0.3660839882373113E-01
 -0.3372576473677386E-01
 -0.3083655606947278E-01
 -0.2794114710150830E-01
 -0.2503991514754267E-01
 -0.2213324052426652E-01
 -0.1922150651541488E-01
 -0.1630509933155483E-01
 -0.1338440806664848E-01
 -0.1045982465460998E-01
 -0.7531743823891379E-02
 -0.4600563046534445E-02
 -0.1666682483495885E-02
  0.1269495069091020E-02
  0.4207564232786398E-02
  0.7147117103412481E-02
  0.1008774331342011E-01
  0.1302903009688822E-01
  0.1597056235282057E-01
  0.1891192270612407E-01
  0.2185269157055858E-01
  0.2479244721861068E-01
  0.2773076585653667E-01
  0.3066722169572172E-01
  0.3360138701645043E-01
  0.3653283223364201E-01
  0.3946112597486540E-01
  0.4238583516364502E-01
  0.4530652509209082E-01
  0.4822275948389415E-01
  0.5113410056608592E-01
  0.5404010915540569E-01
  0.5694034474158965E-01
  0.5983436555508792E-01
  0.6272172863295572E-01
  0.6560198989972310E-01
  0.6847470425503949E-01
  0.7133942564956181E-01
  0.7419570715122248E-01
  0.7704310101902045E-01
  0.7988115878689594E-01
  0.8270943134385123E-01
  0.8552746900510733E-01
  0.8833482158393524E-01
  0.9113103846959575E-01
  0.9391566870545853E-01
  0.9668826106354178E-01
  0.9944836411893476E-01
  0.1021955263250137    
  0.1049292960867068    
  0.1076492218342131    
  0.1103548521012286    
  0.1130457356027861    
  0.1157214213058995    
  0.1183814584990825    
  0.1210253968712616    
  0.1236527865949940    
  0.1262631784004160    
  0.1288561236428221    
  0.1314311743798049    
  0.1339878834585224    
  0.1365258045966169    
  0.1390444924530703    
  0.1415435027052034    
  0.1440223921388821    
  0.1464807187375661    
  0.1489180417612115    
  0.1513339218275661    
  0.1537279210064928    
  0.1560996029174153    
  0.1584485328192193    
  0.1607742777009722    
  0.1630764063843469    
  0.1653544896312376    
  0.1676081002464458    
  0.1698368131813544    
  0.1720402056488295    
  0.1742178572447270    
  0.1763693500664545    
  0.1784942688327911    
  0.1805922010145322    
  0.1826627369728865    
  0.1847054700970427    
  0.1867199969438811    
  0.1887059173881878    
  0.1906628347809347    
  0.1925903561080820    
  0.1944880921526259    
  0.1963556576673588    
  0.1981926715557489    
  0.1999987570538069    
  0.2017735419157521    
  0.2035166586106593    
  0.2052277445272519    
  0.2069064421795874    
  0.2085523994163940    
  0.2101652696411913    
  0.2117447120401359    
  0.2132903918100078    
  0.2148019803890736    
  0.2162791556981449    
  0.2177216023884261    
  0.2191290120877283    
  0.2205010836476187    
  0.2218375233995664    
  0.2231380454167970    
  0.2244023717721950    
  0.2256302327938826    
  0.2268213673271633    
  0.2279755230003095    
  0.2290924564837628    
  0.2301719337431681    
  0.2312137302951434    
  0.2322176314640412    
  0.2331834326287523    
  0.2341109394588621    
  0.2349999681492068    
  0.2358503456519637    
  0.2366619098949645    
  0.2374345099844155    
  0.2381680064012142    
  0.2388622711910597    
  0.2395171881369361    
  0.2401326529110321    
  0.2407085732153482    
  0.2412448689124072    
  0.2417414721349127    
  0.2421983273705299    
  0.2426153915310620    
  0.2429926340086048    
  0.2433300367078206    
  0.2436275940498769    
  0.2438853129577968    
  0.2441032128273734    
  0.2442813254730229    
  0.2444196950429591    
  0.2445183779137099    
  0.2445774425702696    
  0.2445969694622583    
  0.2445770508293985    
  0.2445177905061642    
  0.2444193037138662    
  0.2442817168316314    
  0.2441051671384074    
  0.2438898025355538    
  0.2436357812605942    
  0.2433432715851653    
  0.2430124514878165    
  0.2426435083100655    
  0.2422366384084003    
  0.2417920467974217    
  0.2413099467733764    
  0.2407905595245641    
  0.2402341137431199    
  0.2396408452361423    
  0.2390109965241089    
  0.2383448164298852    
  0.2376425596737366    
  0.2369044864761058    
  0.2361308621560512    
  0.2353219567246025    
  0.2344780444873021    
  0.2335994036611326    
  0.2326863159952426    
  0.2317390663913783    
  0.2307579425359332    
  0.2297432345512933    
  0.2286952346579652    
  0.2276142368404772    
  0.2265005365257597    
  0.2253544302836957    
  0.2241762155445488    
  0.2229661903241111    
  0.2217246529606408    
  0.2204519018736819    
  0.2191482353437622    
  0.2178139513039485    
  0.2164493471424933    
  0.2150547195246599    
  0.2136303642364148    
  0.2121765760433130    
  0.2106936485602824    
  0.2091818741366847    
  0.2076415437613299    
  0.2060729469845521    
  0.2044763718518321    
  0.2028521048490268    
  0.2012004308634046    
  0.1995216331611902    
  0.1978159933773846    
  0.1960837915148497    
  0.1943253059546295    
  0.1925408134801310    
  0.1907305893132769    
  0.1888949071584449    
  0.1870340392537060    
  0.1851482564323180    
  0.1832378281948857    
  0.1813030227883374    
  0.1793441072892024    
  0.1773613476931830    
  0.1753550090129858    
  0.1733253553821087    
  0.1712726501613013    
  0.1691971560479780    
  0.1670991351905493    
  0.1649788493070609    
  0.1628365598058846    
  0.1606725279077892    
  0.1584870147697970    
  0.1562802816101880    
  0.1540525898340754    
  0.1518042011602971    
  0.1495353777494803    
  0.1472463823307759    
  0.1449374783258206    
  0.1426089299720288    
  0.1402610024471964    
  0.1378939619933802    
  0.1355080760368898    
  0.1331036133046062    
  0.1306808439388048    
  0.1282400396107382    
  0.1257814736318189    
  0.1233054210619611    
  0.1208121588143371    
  0.1183019657549429    
  0.1157751227978481    
  0.1132319129998871    
  0.1106726216551528    
  0.1080975363834604    
  0.1055069472090241    
  0.1029011466347729    
  0.1002804297194788    
  0.9764509415488792E-01
  0.9499544033344515E-01
  0.9233177140476845E-01
  0.8965439332951530E-01
  0.8696361493681071E-01
