  0.8745580073042714E-01
  0.8607176990025334E-01
  0.8468450887632462E-01
  0.8329405796037581E-01
  0.8190045763924125E-01
  0.8050374858612375E-01
  0.7910397166179850E-01
  0.7770116791574760E-01
  0.7629537858722868E-01
  0.7488664510627546E-01
  0.7347500909463234E-01
  0.7206051236662048E-01
  0.7064319692993909E-01
  0.6922310498639989E-01
  0.6780027893259560E-01
  0.6637476136050369E-01
  0.6494659505802641E-01
  0.6351582300946473E-01
  0.6208248839593061E-01
  0.6064663459569392E-01
  0.5920830518446807E-01
  0.5776754393563160E-01
  0.5632439482038931E-01
  0.5487890200786816E-01
  0.5343110986515631E-01
  0.5198106295727722E-01
  0.5052880604710697E-01
  0.4907438409522902E-01
  0.4761784225973370E-01
  0.4615922589595706E-01
  0.4469858055616371E-01
  0.4323595198917207E-01
  0.4177138613992648E-01
  0.4030492914900963E-01
  0.3883662735210480E-01
  0.3736652727939993E-01
  0.3589467565494298E-01
  0.3442111939594023E-01
  0.3294590561200628E-01
  0.3146908160435991E-01
  0.2999069486497108E-01
  0.2851079307565735E-01
  0.2702942410713227E-01
  0.2554663601800439E-01
  0.2406247705373143E-01
  0.2257699564552612E-01
  0.2109024040921903E-01
  0.1960226014407546E-01
  0.1811310383157100E-01
  0.1662282063412152E-01
  0.1513145989377368E-01
  0.1363907113085094E-01
  0.1214570404256232E-01
  0.1065140850156748E-01
  0.9156234554505982E-02
  0.7660232420484803E-02
  0.6163452489532872E-02
  0.4665945321016995E-02
  0.3167761642024758E-02
  0.1668952345712293E-02
  0.1695684896214633E-03
 -0.1330338706036660E-02
 -0.2830717860129672E-02
 -0.4331517432382526E-02
 -0.5832685725185582E-02
 -0.7334170885435309E-02
 -0.8835920906400008E-02
 -0.1033788362961879E-01
 -0.1184000674682117E-01
 -0.1334223780187677E-01
 -0.1484452419276594E-01
 -0.1634681317357711E-01
 -0.1784905185652219E-01
 -0.1935118721397600E-01
 -0.2085316608053461E-01
 -0.2235493515509690E-01
 -0.2385644100296269E-01
 -0.2535763005795161E-01
 -0.2685844862454134E-01
 -0.2835884288002360E-01
 -0.2985875887667522E-01
 -0.3135814254394775E-01
 -0.3285693969066822E-01
 -0.3435509600725672E-01
 -0.3585255706795221E-01
 -0.3734926833305391E-01
 -0.3884517515117075E-01
 -0.4034022276148419E-01
 -0.4183435629601900E-01
 -0.4332752078192570E-01
 -0.4481966114377317E-01
 -0.4631072220584986E-01
 -0.4780064869447176E-01
 -0.4928938524029980E-01
 -0.5077687638066042E-01
 -0.5226306656187490E-01
 -0.5374790014158770E-01
 -0.5523132139110287E-01
 -0.5671327449772123E-01
 -0.5819370356708226E-01
 -0.5967255262550647E-01
 -0.6114976562234314E-01
 -0.6262528643231741E-01
 -0.6409905885788447E-01
 -0.6557102663157938E-01
 -0.6704113341837109E-01
 -0.6850932281801514E-01
 -0.6997553836740705E-01
 -0.7143972354293160E-01
 -0.7290182176281212E-01
 -0.7436177638945668E-01
 -0.7581953073180375E-01
 -0.7727502804766301E-01
 -0.7872821154605586E-01
 -0.8017902438955371E-01
 -0.8162740969661436E-01
 -0.8307331054391437E-01
 -0.8451666996868085E-01
 -0.8595743097101871E-01
 -0.8739553651623705E-01
 -0.8883092953716959E-01
 -0.9026355293649235E-01
 -0.9169334958903680E-01
 -0.9312026234410070E-01
 -0.9454423402775253E-01
 -0.9596520744513387E-01
 -0.9738312538275862E-01
 -0.9879793061080933E-01
 -0.1002095658854295    
 -0.1016179739510155    
 -0.1030230975425059    
 -0.1044248793876699    
 -0.1058232622093909    
 -0.1072181887279517    
 -0.1086096016633147    
 -0.1099974437374043    
 -0.1113816576763864    
 -0.1127621862129473    
 -0.1141389720885742    
 -0.1155119580558377    
 -0.1168810868806736    
 -0.1182463013446689    
 -0.1196075442473487    
 -0.1209647584084697    
 -0.1223178866703140    
 -0.1236668718999905    
 -0.1250116569917408    
 -0.1263521848692544    
 -0.1276883984879882    
 -0.1290202408374970    
 -0.1303476549437695    
 -0.1316705838715774    
 -0.1329889707268310    
 -0.1343027586589483    
 -0.1356118908632352    
 -0.1369163105832831    
 -0.1382159611133787    
 -0.1395107858009323    
 -0.1408007280489257    
 -0.1420857313183779    
 -0.1433657391308313    
 -0.1446406950708596    
 -0.1459105427885973    
 -0.1471752260022940    
 -0.1484346885008916    
 -0.1496888741466280    
 -0.1509377268776684    
 -0.1521811907107673    
 -0.1534192097439596    
 -0.1546517281592835    
 -0.1558786902255398    
 -0.1571000403010875    
 -0.1583157228366777    
 -0.1595256823783278    
 -0.1607298635702386    
 -0.1619282111577543    
 -0.1631206699903649    
 -0.1643071850247528    
 -0.1654877013278855    
 -0.1666621640801551    
 -0.1678305185785685    
 -0.1689927102399897    
 -0.1701486846044377    
 -0.1712983873384440    
 -0.1724417642384692    
 -0.1735787612343773    
 -0.1747093243929752    
 -0.1758333999216105    
 -0.1769509341718354    
 -0.1780618736431360    
 -0.1791661649867309    
 -0.1802637550094426    
 -0.1813545906776409    
 -0.1824386191212612    
 -0.1835157876379001    
 -0.1845860436969878    
 -0.1856493349440345    
 -0.1867056092049598    
 -0.1877548144905006    
 -0.1887968990007067    
 -0.1898318111295190    
 -0.1908594994694376    
 -0.1918799128162786    
 -0.1928930001740219    
 -0.1938987107597475    
 -0.1948969940086662    
 -0.1958877995792410    
 -0.1968710773584061    
 -0.1978467774668788    
 -0.1988148502645679    
 -0.1997752463560785    
 -0.2007279165963147    
 -0.2016728120961815    
 -0.2026098842283867    
 -0.2035390846333425    
 -0.2044603652251722    
 -0.2053736781978148    
 -0.2062789760312282    
 -0.2071762114976961    
 -0.2080653376682304    
 -0.2089463079190770    
 -0.2098190759383212    
 -0.2106835957325963    
 -0.2115398216338928    
 -0.2123877083064655    
 -0.2132272107538349    
 -0.2140582843258876    
 -0.2148808847260668    
 -0.2156949680186577    
 -0.2165004906361665    
 -0.2172974093867882    
 -0.2180856814619669    
 -0.2188652644440379    
 -0.2196361163139529    
 -0.2203981954590864    
 -0.2211514606811229    
 -0.2218958712040170    
 -0.2226313866820306    
 -0.2233579672078392    
 -0.2240755733207041    
 -0.2247841660147043    
 -0.2254837067470210    
 -0.2261741574462779    
 -0.2268554805209293    
 -0.2275276388676921    
 -0.2281905958800190    
 -0.2288443154566076    
 -0.2294887620099384    
 -0.2301239004748348    
 -0.2307496963170388    
 -0.2313661155417994    
 -0.2319731247024637    
 -0.2325706909090686    
 -0.2331587818369252    
 -0.2337373657351937    
 -0.2343064114354385    
 -0.2348658883601524    
 -0.2354157665312384    
 -0.2359560165784498    
 -0.2364866097477735    
 -0.2370075179097579    
 -0.2375187135677793    
 -0.2380201698662367    
 -0.2385118605986653    
 -0.2389937602157524    
 -0.2394658438332428    
 -0.2399280872397314    
 -0.2403804669043368    
 -0.2408229599842551    
 -0.2412555443321845    
 -0.2416781985036109    
 -0.2420909017639370    
 -0.2424936340954396    
 -0.2428863762040465    
 -0.2432691095259314    
 -0.2436418162339196    
 -0.2440044792436995    
 -0.2443570822198299    
 -0.2446996095815299    
 -0.2450320465082394    
 -0.2453543789449389    
 -0.2456665936072204    
 -0.2459686779861094    
 -0.2462606203526254    
 -0.2465424097620759    
 -0.2468140360580708    
 -0.2470754898762539    
 -0.2473267626477406    
 -0.2475678466022555    
 -0.2477987347709596    
 -0.2480194209889670    
 -0.2482298998975336    
 -0.2484301669459217    
 -0.2486202183929302    
 -0.2488000513080892    
 -0.2489696635725122    
 -0.2491290538794004    
 -0.2492782217341898    
 -0.2494171674543442    
 -0.2495458921687848    
 -0.2496643978169554    
 -0.2497726871475180    
 -0.2498707637166801    
 -0.2499586318861502    
 -0.2500362968207228    
 -0.2501037644854893    
 -0.2501610416426851    
 -0.2502081358481592    
 -0.2502450554474769    
 -0.2502718095716412    
 -0.2502884081324441    
 -0.2502948618174430    
 -0.2502911820845755    
 -0.2502773811564097    
 -0.2502534720140503    
 -0.2502194683906842    
 -0.2501753847647797    
 -0.2501212363529324    
 -0.2500570391023675    
 -0.2499828096831105    
 -0.2498985654798344    
 -0.2498043245833874    
 -0.2497001057820191    
 -0.2495859285522917    
 -0.2494618130496937    
 -0.2493277800989655    
 -0.2491838511841473    
 -0.2490300484383654    
 -0.2488663946333593    
 -0.2486929131687520    
 -0.2485096280610801    
 -0.2483165639325900    
 -0.2481137459998263    
 -0.2479012000620209    
 -0.2476789524892951    
 -0.2474470302106719    
 -0.2472054607019118    
 -0.2469542719731763    
 -0.2466934925565589    
 -0.2464231514934834    
 -0.2461432783219921    
 -0.2458539030639215    
 -0.2455550562119783    
 -0.2452467687167275    
 -0.2449290719735171    
 -0.2446019978093453    
 -0.2442655784696888    
 -0.2439198466052901    
 -0.2435648352589252    
 -0.2432005778521577    
 -0.2428271081721087    
 -0.2424444603582478    
 -0.2420526688892188    
 -0.2416517685696968    
 -0.2412417945173038    
 -0.2408227821495801    
 -0.2403947671710389    
 -0.2399577855603068    
 -0.2395118735573671    
 -0.2390570676509087    
 -0.2385934045657954    
 -0.2381209212506610    
 -0.2376396548656547    
 -0.2371496427703270    
 -0.2366509225116793    
 -0.2361435318123705    
 -0.2356275085591009    
 -0.2351028907911779    
 -0.2345697166892771    
 -0.2340280245643969    
 -0.2334778528470270    
 -0.2329192400765212    
 -0.2323522248906898    
 -0.2317768460156135    
 -0.2311931422556872    
 -0.2306011524838973    
 -0.2300009156323373    
 -0.2293924706829635    
 -0.2287758566586042    
 -0.2281511126142182    
 -0.2275182776284110    
 -0.2268773907952070    
 -0.2262284912160810    
 -0.2255716179922496    
 -0.2249068102172287    
 -0.2242341069696457    
 -0.2235535473063326    
 -0.2228651702556756    
 -0.2221690148112418    
 -0.2214651199256691    
 -0.2207535245048262    
 -0.2200342674022375    
 -0.2193073874137776    
 -0.2185729232726257    
 -0.2178309136444908    
 -0.2170813971230952    
 -0.2163244122259255    
 -0.2155599973902378    
 -0.2147881909693268    
 -0.2140090312290460    
 -0.2132225563445842    
 -0.2124288043974845    
 -0.2116278133729157    
 -0.2108196211571803    
 -0.2100042655354684    
 -0.2091817841898431    
 -0.2083522146974639    
 -0.2075155945290368    
 -0.2066719610474931    
 -0.2058213515068834    
 -0.2049638030514935    
 -0.2040993527151676    
 -0.2032280374208415    
 -0.2023498939802764    
 -0.2014649590939954    
 -0.2005732693514116    
 -0.1996748612311516    
 -0.1987697711015555    
 -0.1978580352213679    
 -0.1969396897405937    
 -0.1960147707015307    
 -0.1950833140399619    
 -0.1941453555865116    
 -0.1932009310681548    
 -0.1922500761098803    
 -0.1912928262364952    
 -0.1903292168745760    
 -0.1893592833545505    
 -0.1883830609129142    
 -0.1874005846945686    
 -0.1864118897552829    
 -0.1854170110642697    
 -0.1844159835068742    
 -0.1834088418873654    
 -0.1823956209318358    
 -0.1813763552911916    
 -0.1803510795442409    
 -0.1793198282008665    
 -0.1782826357052822    
 -0.1772395364393692    
 -0.1761905647260855    
 -0.1751357548329432    
 -0.1740751409755559    
 -0.1730087573212420    
 -0.1719366379926892    
 -0.1708588170716694    
 -0.1697753286028043    
 -0.1686862065973739    
 -0.1675914850371709    
 -0.1664911978783830    
 -0.1653853790555198    
 -0.1642740624853590    
 -0.1631572820709268    
 -0.1620350717054963    
 -0.1609074652766064    
 -0.1597744966700967    
 -0.1586361997741548    
 -0.1574926084833706    
 -0.1563437567028008    
 -0.1551896783520306    
 -0.1540304073692416    
 -0.1528659777152717    
 -0.1516964233776723    
 -0.1505217783747552    
 -0.1493420767596307    
 -0.1481573526242279    
 -0.1469676401033024    
 -0.1457729733784220    
 -0.1445733866819339    
 -0.1433689143009060    
 -0.1421595905810436    
 -0.1409454499305767    
 -0.1397265268241190    
 -0.1385028558064918    
 -0.1372744714965171    
 -0.1360414085907711    
 -0.1348037018673038    
 -0.1335613861893148    
 -0.1323144965087908    
 -0.1310630678700975    
 -0.1298071354135308    
 -0.1285467343788143    
 -0.1272819001085581    
 -0.1260126680516602    
 -0.1247390737666643    
 -0.1234611529250611    
 -0.1221789413145412    
 -0.1208924748421896    
 -0.1196017895376293    
 -0.1183069215561043    
 -0.1170079071815092    
 -0.1157047828293564    
 -0.1143975850496881    
 -0.1130863505299240    
 -0.1117711160976527    
 -0.1104519187233572    
 -0.1091287955230831    
 -0.1078017837610392    
 -0.1064709208521393    
 -0.1051362443644757    
 -0.1037977920217317    
 -0.1024556017055260    
 -0.1011097114576938    
 -0.9976015948249972E-01
 -0.9840698414878690E-01
 -0.9705022399205654E-01
 -0.9568991771648344E-01
 -0.9432610419686199E-01
 -0.9295882248048754E-01
 -0.9158811178896653E-01
 -0.9021401151996195E-01
 -0.8883656124886902E-01
 -0.8745580073042714E-01
 -0.8607176990025334E-01
 -0.8468450887632462E-01
 -0.8329405796037581E-01
 -0.8190045763924125E-01
 -0.8050374858612375E-01
 -0.7910397166179850E-01
 -0.7770116791574760E-01
 -0.7629537858722868E-01
 -0.7488664510627546E-01
 -0.7347500909463234E-01
 -0.7206051236662048E-01
 -0.7064319692993909E-01
 -0.6922310498639989E-01
 -0.6780027893259560E-01
 -0.6637476136050369E-01
 -0.6494659505802641E-01
 -0.6351582300946473E-01
 -0.6208248839593061E-01
 -0.6064663459569392E-01
 -0.5920830518446807E-01
 -0.5776754393563160E-01
 -0.5632439482038931E-01
 -0.5487890200786816E-01
 -0.5343110986515631E-01
 -0.5198106295727722E-01
 -0.5052880604710697E-01
 -0.4907438409522902E-01
 -0.4761784225973370E-01
 -0.4615922589595706E-01
 -0.4469858055616371E-01
 -0.4323595198917207E-01
 -0.4177138613992648E-01
 -0.4030492914900963E-01
 -0.3883662735210480E-01
 -0.3736652727939993E-01
 -0.3589467565494298E-01
 -0.3442111939594023E-01
 -0.3294590561200628E-01
 -0.3146908160435991E-01
 -0.2999069486497108E-01
 -0.2851079307565735E-01
 -0.2702942410713227E-01
 -0.2554663601800439E-01
 -0.2406247705373143E-01
 -0.2257699564552612E-01
 -0.2109024040921903E-01
 -0.1960226014407546E-01
 -0.1811310383157100E-01
 -0.1662282063412152E-01
 -0.1513145989377368E-01
 -0.1363907113085094E-01
 -0.1214570404256232E-01
 -0.1065140850156748E-01
 -0.9156234554505982E-02
 -0.7660232420484803E-02
 -0.6163452489532872E-02
 -0.4665945321016995E-02
 -0.3167761642024758E-02
 -0.1668952345712293E-02
 -0.1695684896214633E-03
  0.1330338706036660E-02
  0.2830717860129672E-02
  0.4331517432382526E-02
  0.5832685725185582E-02
  0.7334170885435309E-02
  0.8835920906400008E-02
  0.1033788362961879E-01
  0.1184000674682117E-01
  0.1334223780187677E-01
  0.1484452419276594E-01
  0.1634681317357711E-01
  0.1784905185652219E-01
  0.1935118721397600E-01
  0.2085316608053461E-01
  0.2235493515509690E-01
  0.2385644100296269E-01
  0.2535763005795161E-01
  0.2685844862454134E-01
  0.2835884288002360E-01
  0.2985875887667522E-01
  0.3135814254394775E-01
  0.3285693969066822E-01
  0.3435509600725672E-01
  0.3585255706795221E-01
  0.3734926833305391E-01
  0.3884517515117075E-01
  0.4034022276148419E-01
  0.4183435629601900E-01
  0.4332752078192570E-01
  0.4481966114377317E-01
  0.4631072220584986E-01
  0.4780064869447176E-01
  0.4928938524029980E-01
  0.5077687638066042E-01
  0.5226306656187490E-01
  0.5374790014158770E-01
  0.5523132139110287E-01
  0.5671327449772123E-01
  0.5819370356708226E-01
  0.5967255262550647E-01
  0.6114976562234314E-01
  0.6262528643231741E-01
  0.6409905885788447E-01
  0.6557102663157938E-01
  0.6704113341837109E-01
  0.6850932281801514E-01
  0.6997553836740705E-01
  0.7143972354293160E-01
  0.7290182176281212E-01
  0.7436177638945668E-01
  0.7581953073180375E-01
  0.7727502804766301E-01
  0.7872821154605586E-01
  0.8017902438955371E-01
  0.8162740969661436E-01
  0.8307331054391437E-01
  0.8451666996868085E-01
  0.8595743097101871E-01
  0.8739553651623705E-01
  0.8883092953716959E-01
  0.9026355293649235E-01
  0.9169334958903680E-01
  0.9312026234410070E-01
  0.9454423402775253E-01
  0.9596520744513387E-01
  0.9738312538275862E-01
  0.9879793061080933E-01
  0.1002095658854295    
  0.1016179739510155    
  0.1030230975425059    
  0.1044248793876699    
  0.1058232622093909    
  0.1072181887279517    
  0.1086096016633147    
  0.1099974437374043    
  0.1113816576763864    
  0.1127621862129473    
  0.1141389720885742    
  0.1155119580558377    
  0.1168810868806736    
  0.1182463013446689    
  0.1196075442473487    
  0.1209647584084697    
  0.1223178866703140    
  0.1236668718999905    
  0.1250116569917408    
  0.1263521848692544    
  0.1276883984879882    
  0.1290202408374970    
  0.1303476549437695    
  0.1316705838715774    
  0.1329889707268310    
  0.1343027586589483    
  0.1356118908632352    
  0.1369163105832831    
  0.1382159611133787    
  0.1395107858009323    
  0.1408007280489257    
  0.1420857313183779    
  0.1433657391308313    
  0.1446406950708596    
  0.1459105427885973    
  0.1471752260022940    
  0.1484346885008916    
  0.1496888741466280    
  0.1509377268776684    
  0.1521811907107673    
  0.1534192097439596    
  0.1546517281592835    
  0.1558786902255398    
  0.1571000403010875    
  0.1583157228366777    
  0.1595256823783278    
  0.1607298635702386    
  0.1619282111577543    
  0.1631206699903649    
  0.1643071850247528    
  0.1654877013278855    
  0.1666621640801551    
  0.1678305185785685    
  0.1689927102399897    
  0.1701486846044377    
  0.1712983873384440    
  0.1724417642384692    
  0.1735787612343773    
  0.1747093243929752    
  0.1758333999216105    
  0.1769509341718354    
  0.1780618736431360    
  0.1791661649867309    
  0.1802637550094426    
  0.1813545906776409    
  0.1824386191212612    
  0.1835157876379001    
  0.1845860436969878    
  0.1856493349440345    
  0.1867056092049598    
  0.1877548144905006    
  0.1887968990007067    
  0.1898318111295190    
  0.1908594994694376    
  0.1918799128162786    
  0.1928930001740219    
  0.1938987107597475    
  0.1948969940086662    
  0.1958877995792410    
  0.1968710773584061    
  0.1978467774668788    
  0.1988148502645679    
  0.1997752463560785    
  0.2007279165963147    
  0.2016728120961815    
  0.2026098842283867    
  0.2035390846333425    
  0.2044603652251722    
  0.2053736781978148    
  0.2062789760312282    
  0.2071762114976961    
  0.2080653376682304    
  0.2089463079190770    
  0.2098190759383212    
  0.2106835957325963    
  0.2115398216338928    
  0.2123877083064655    
  0.2132272107538349    
  0.2140582843258876    
  0.2148808847260668    
  0.2156949680186577    
  0.2165004906361665    
  0.2172974093867882    
  0.2180856814619669    
  0.2188652644440379    
  0.2196361163139529    
  0.2203981954590864    
  0.2211514606811229    
  0.2218958712040170    
  0.2226313866820306    
  0.2233579672078392    
  0.2240755733207041    
  0.2247841660147043    
  0.2254837067470210    
  0.2261741574462779    
  0.2268554805209293    
  0.2275276388676921    
  0.2281905958800190    
  0.2288443154566076    
  0.2294887620099384    
  0.2301239004748348    
  0.2307496963170388    
  0.2313661155417994    
  0.2319731247024637    
  0.2325706909090686    
  0.2331587818369252    
  0.2337373657351937    
  0.2343064114354385    
  0.2348658883601524    
  0.2354157665312384    
  0.2359560165784498    
  0.2364866097477735    
  0.2370075179097579    
  0.2375187135677793    
  0.2380201698662367    
  0.2385118605986653    
  0.2389937602157524    
  0.2394658438332428    
  0.2399280872397314    
  0.2403804669043368    
  0.2408229599842551    
  0.2412555443321845    
  0.2416781985036109    
  0.2420909017639370    
  0.2424936340954396    
  0.2428863762040465    
  0.2432691095259314    
  0.2436418162339196    
  0.2440044792436995    
  0.2443570822198299    
  0.2446996095815299    
  0.2450320465082394    
  0.2453543789449389    
  0.2456665936072204    
  0.2459686779861094    
  0.2462606203526254    
  0.2465424097620759    
  0.2468140360580708    
  0.2470754898762539    
  0.2473267626477406    
  0.2475678466022555    
  0.2477987347709596    
  0.2480194209889670    
  0.2482298998975336    
  0.2484301669459217    
  0.2486202183929302    
  0.2488000513080892    
  0.2489696635725122    
  0.2491290538794004    
  0.2492782217341898    
  0.2494171674543442    
  0.2495458921687848    
  0.2496643978169554    
  0.2497726871475180    
  0.2498707637166801    
  0.2499586318861502    
  0.2500362968207228    
  0.2501037644854893    
  0.2501610416426851    
  0.2502081358481592    
  0.2502450554474769    
  0.2502718095716412    
  0.2502884081324441    
  0.2502948618174430    
  0.2502911820845755    
  0.2502773811564097    
  0.2502534720140503    
  0.2502194683906842    
  0.2501753847647797    
  0.2501212363529324    
  0.2500570391023675    
  0.2499828096831105    
  0.2498985654798344    
  0.2498043245833874    
  0.2497001057820191    
  0.2495859285522917    
  0.2494618130496937    
  0.2493277800989655    
  0.2491838511841473    
  0.2490300484383654    
  0.2488663946333593    
  0.2486929131687520    
  0.2485096280610801    
  0.2483165639325900    
  0.2481137459998263    
  0.2479012000620209    
  0.2476789524892951    
  0.2474470302106719    
  0.2472054607019118    
  0.2469542719731763    
  0.2466934925565589    
  0.2464231514934834    
  0.2461432783219921    
  0.2458539030639215    
  0.2455550562119783    
  0.2452467687167275    
  0.2449290719735171    
  0.2446019978093453    
  0.2442655784696888    
  0.2439198466052901    
  0.2435648352589252    
  0.2432005778521577    
  0.2428271081721087    
  0.2424444603582478    
  0.2420526688892188    
  0.2416517685696968    
  0.2412417945173038    
  0.2408227821495801    
  0.2403947671710389    
  0.2399577855603068    
  0.2395118735573671    
  0.2390570676509087    
  0.2385934045657954    
  0.2381209212506610    
  0.2376396548656547    
  0.2371496427703270    
  0.2366509225116793    
  0.2361435318123705    
  0.2356275085591009    
  0.2351028907911779    
  0.2345697166892771    
  0.2340280245643969    
  0.2334778528470270    
  0.2329192400765212    
  0.2323522248906898    
  0.2317768460156135    
  0.2311931422556872    
  0.2306011524838973    
  0.2300009156323373    
  0.2293924706829635    
  0.2287758566586042    
  0.2281511126142182    
  0.2275182776284110    
  0.2268773907952070    
  0.2262284912160810    
  0.2255716179922496    
  0.2249068102172287    
  0.2242341069696457    
  0.2235535473063326    
  0.2228651702556756    
  0.2221690148112418    
  0.2214651199256691    
  0.2207535245048262    
  0.2200342674022375    
  0.2193073874137776    
  0.2185729232726257    
  0.2178309136444908    
  0.2170813971230952    
  0.2163244122259255    
  0.2155599973902378    
  0.2147881909693268    
  0.2140090312290460    
  0.2132225563445842    
  0.2124288043974845    
  0.2116278133729157    
  0.2108196211571803    
  0.2100042655354684    
  0.2091817841898431    
  0.2083522146974639    
  0.2075155945290368    
  0.2066719610474931    
  0.2058213515068834    
  0.2049638030514935    
  0.2040993527151676    
  0.2032280374208415    
  0.2023498939802764    
  0.2014649590939954    
  0.2005732693514116    
  0.1996748612311516    
  0.1987697711015555    
  0.1978580352213679    
  0.1969396897405937    
  0.1960147707015307    
  0.1950833140399619    
  0.1941453555865116    
  0.1932009310681548    
  0.1922500761098803    
  0.1912928262364952    
  0.1903292168745760    
  0.1893592833545505    
  0.1883830609129142    
  0.1874005846945686    
  0.1864118897552829    
  0.1854170110642697    
  0.1844159835068742    
  0.1834088418873654    
  0.1823956209318358    
  0.1813763552911916    
  0.1803510795442409    
  0.1793198282008665    
  0.1782826357052822    
  0.1772395364393692    
  0.1761905647260855    
  0.1751357548329432    
  0.1740751409755559    
  0.1730087573212420    
  0.1719366379926892    
  0.1708588170716694    
  0.1697753286028043    
  0.1686862065973739    
  0.1675914850371709    
  0.1664911978783830    
  0.1653853790555198    
  0.1642740624853590    
  0.1631572820709268    
  0.1620350717054963    
  0.1609074652766064    
  0.1597744966700967    
  0.1586361997741548    
  0.1574926084833706    
  0.1563437567028008    
  0.1551896783520306    
  0.1540304073692416    
  0.1528659777152717    
  0.1516964233776723    
  0.1505217783747552    
  0.1493420767596307    
  0.1481573526242279    
  0.1469676401033024    
  0.1457729733784220    
  0.1445733866819339    
  0.1433689143009060    
  0.1421595905810436    
  0.1409454499305767    
  0.1397265268241190    
  0.1385028558064918    
  0.1372744714965171    
  0.1360414085907711    
  0.1348037018673038    
  0.1335613861893148    
  0.1323144965087908    
  0.1310630678700975    
  0.1298071354135308    
  0.1285467343788143    
  0.1272819001085581    
  0.1260126680516602    
  0.1247390737666643    
  0.1234611529250611    
  0.1221789413145412    
  0.1208924748421896    
  0.1196017895376293    
  0.1183069215561043    
  0.1170079071815092    
  0.1157047828293564    
  0.1143975850496881    
  0.1130863505299240    
  0.1117711160976527    
  0.1104519187233572    
  0.1091287955230831    
  0.1078017837610392    
  0.1064709208521393    
  0.1051362443644757    
  0.1037977920217317    
  0.1024556017055260    
  0.1011097114576938    
  0.9976015948249972E-01
  0.9840698414878690E-01
  0.9705022399205654E-01
  0.9568991771648344E-01
  0.9432610419686199E-01
  0.9295882248048754E-01
  0.9158811178896653E-01
  0.9021401151996195E-01
  0.8883656124886902E-01
