  0.2960836014213299    
  0.2984884055263219    
  0.3009302189952459    
  0.3034097597483424    
  0.3059277750357709    
  0.3084850426880059    
  0.3110823711189834    
  0.3137206001963354    
  0.3164006034441635    
  0.3191232897375217    
  0.3218896038696776    
  0.3247005275597515    
  0.3275570815891505    
  0.3304603277519195    
  0.3334113699374033    
  0.3364113554624891    
  0.3394614772937259    
  0.3425629761902558    
  0.3457171421830534    
  0.3489253162537477    
  0.3521888927404161    
  0.3555093216749616    
  0.3588881105619219    
  0.3623268263306841    
  0.3658270979026190    
  0.3693906186608150    
  0.3730191483745075    
  0.3767145152172827    
  0.3804786182697368    
  0.3843134298572939    
  0.3882209972864010    
  0.3922034445075664    
  0.3962629740150863    
  0.4004018683587319    
  0.4046224908298677    
  0.4089272857423593    
  0.4133187785032535    
  0.4177995747990463    
  0.4223723583886686    
  0.4270398877548146    
  0.4318049916069595    
  0.4366705623994597    
  0.4416395471834150    
  0.4467149357727552    
  0.4518997458387107    
  0.4571970036586791    
  0.4626097193694481    
  0.4681408561743651    
  0.4737932924512192    
  0.4795697746211628    
  0.4854728585778957    
  0.4915048379410547    
  0.4976676567274870    
  0.5039628026613409    
  0.5103911769384966    
  0.5169529364348960    
  0.5236473034143527    
  0.5304723360918508    
  0.5374246526708681    
  0.5444991014699467    
  0.5516883688592887    
  0.5589825153093426    
  0.5663684298485666    
  0.5738291947677652    
  0.5813433541783232    
  0.5888840827435049    
  0.5964182571090781    
  0.6039054431693198    
  0.6112968266110911    
  0.6185341332739243    
  0.6255486124445209    
  0.6322601905075155    
  0.6385769412233767    
  0.6443950584168684    
  0.6495995518441940    
  0.6540659064554072    
  0.6576629318257912    
  0.6602569642875349    
  0.6617174565188088    
  0.6619237943590868    
  0.6607729315605949    
  0.6581871703350046    
  0.6541212062805962    
  0.6485674768243551    
  0.6415589592738901    
  0.6331688690337083    
  0.6235071614678334    
  0.6127142382704092    
  0.6009526740898706    
  0.5883980107881933    
  0.5752296779750021    
  0.5616229196861253    
  0.5477423121363603    
  0.5337371325709351    
  0.5197385569946193    
  0.5058584668118445    
  0.4921895385268142    
  0.4788062608972463    
  0.4657665474585598    
  0.4531136672164330    
  0.4408782826832992    
  0.4290804472242836    
  0.4177314662986642    
  0.4068355693758718    
  0.3963913711124510    
  0.3863931210774477    
  0.3768317529706282    
  0.3676957513124675    
  0.3589718579858561    
  0.3506456417459368    
  0.3427019514672243    
  0.3351252716591148    
  0.3278999978317270    
  0.3210106474236073    
  0.3144420183963638    
  0.3081793048785442    
  0.3022081787722131    
  0.2965148455477109    
  0.2910860798465726    
  0.2859092443426104    
  0.2809722955981062    
  0.2762637811593846    
  0.2717728304348372    
  0.2674891399540877    
  0.2634029541532494    
  0.2595050441492517    
  0.2557866859478496    
  0.2522396374973788    
  0.2488561143480087    
  0.2456287655269007    
  0.2425506509376284    
  0.2396152194378939    
  0.2368162865186648    
  0.2341480125297102    
  0.2316048829156564    
  0.2291816899443553    
  0.2268735144612185    
  0.2246757079020662    
  0.2225838760022228    
  0.2205938642412558    
  0.2187017436631786    
  0.2169037967337561    
  0.2151965043351885    
  0.2135765343135052    
  0.2120407306083036    
  0.2105861023928325    
  0.2092098139165403    
  0.2079091755662215    
  0.2066816355577348    
  0.2055247716816846    
  0.2044362834447657    
  0.2034139850544436    
  0.2024557990080323    
  0.2015597499160208    
  0.2007239586300399    
  0.1999466367760598    
  0.1992260815451541    
  0.1985606708000365    
  0.1979488587930622    
  0.1973891723433330    
  0.1968802068836229    
  0.1964206223109378    
  0.1960091393078200    
  0.1956445364841301    
  0.1953256478122138    
  0.1950513597738278    
  0.1948206083406257    
  0.1946323762339258    
  0.1944856906380221    
  0.1943796212986565    
  0.1943132788170377    
  0.1942858127738974    
  0.1942964094963627    
  0.1943442899392059    
  0.1944287083222904    
  0.1945489513054348    
  0.1947043367910768    
  0.1948942120890538    
  0.1951179522238690    
  0.1953749590147199    
  0.1956646605286744    
  0.1959865101800592    
  0.1963399854322723    
  0.1967245866230799    
  0.1971398362409151    
  0.1975852784819548    
  0.1980604786735919    
  0.1985650223375637    
  0.1990985141770045    
  0.1996605775395852    
  0.2002508543684816    
  0.2008690048975730    
  0.2015147066505383    
  0.2021876534375682    
  0.2028875552099490    
  0.2036141383842391    
  0.2043671455267665    
  0.2051463343104594    
  0.2059514767897967    
  0.2067823595040376    
  0.2076387836981009    
  0.2085205649733766    
  0.2094275326536467    
  0.2103595294287665    
  0.2113164112718107    
  0.2122980473525479    
  0.2133043199137949    
  0.2143351241454250    
  0.2153903679534378    
  0.2164699716579298    
  0.2175738678606177    
  0.2187020015214006    
  0.2198543299784539    
  0.2210308227719706    
  0.2222314614433298    
  0.2234562394807028    
  0.2247051623823159    
  0.2259782477219986    
  0.2272755251089726    
  0.2285970360373421    
  0.2299428338502589    
  0.2313129839971707    
  0.2327075642604403    
  0.2341266645257091    
  0.2355703864761669    
  0.2370388439799192    
  0.2385321638420880    
  0.2400504857327608    
  0.2415939613835904    
  0.2431627546571759    
  0.2447570428549076    
  0.2463770173750037    
  0.2480228827192398    
  0.2496948557854342    
  0.2513931671500785    
  0.2531180626325073    
  0.2548698028038673    
  0.2566486616867316    
  0.2584549274448633    
  0.2602889044300620    
  0.2621509135480243    
  0.2640412909234974    
  0.2659603879296903    
  0.2679085732111491    
  0.2698862337755350    
  0.2718937740145295    
  0.2739316153431355    
  0.2760001980121120    
  0.2780999826951415    
  0.2802314499664775    
  0.2823950997493374    
  0.2845914528894803    
  0.2868210531283001    
  0.2890844671181755    
  0.2913822838234720    
  0.2937151157996848    
  0.2960836014213299    
  0.2984884055263219    
  0.3009302189952459    
  0.3034097597483424    
  0.3059277750357709    
  0.3084850426880059    
  0.3110823711189834    
  0.3137206001963354    
  0.3164006034441635    
  0.3191232897375217    
  0.3218896038696776    
  0.3247005275597515    
  0.3275570815891505    
  0.3304603277519195    
  0.3334113699374033    
  0.3364113554624891    
  0.3394614772937259    
  0.3425629761902558    
  0.3457171421830534    
  0.3489253162537477    
  0.3521888927404161    
  0.3555093216749616    
  0.3588881105619219    
  0.3623268263306841    
  0.3658270979026190    
  0.3693906186608150    
  0.3730191483745075    
  0.3767145152172827    
  0.3804786182697368    
  0.3843134298572939    
  0.3882209972864010    
  0.3922034445075664    
  0.3962629740150863    
  0.4004018683587319    
  0.4046224908298677    
  0.4089272857423593    
  0.4133187785032535    
  0.4177995747990463    
  0.4223723583886686    
  0.4270398877548146    
  0.4318049916069595    
  0.4366705623994597    
  0.4416395471834150    
  0.4467149357727552    
  0.4518997458387107    
  0.4571970036586791    
  0.4626097193694481    
  0.4681408561743651    
  0.4737932924512192    
  0.4795697746211628    
  0.4854728585778957    
  0.4915048379410547    
  0.4976676567274870    
  0.5039628026613409    
  0.5103911769384966    
  0.5169529364348960    
  0.5236473034143527    
  0.5304723360918508    
  0.5374246526708681    
  0.5444991014699467    
  0.5516883688592887    
  0.5589825153093426    
  0.5663684298485666    
  0.5738291947677652    
  0.5813433541783232    
  0.5888840827435049    
  0.5964182571090781    
  0.6039054431693198    
  0.6112968266110911    
  0.6185341332739243    
  0.6255486124445209    
  0.6322601905075155    
  0.6385769412233767    
  0.6443950584168684    
  0.6495995518441940    
  0.6540659064554072    
  0.6576629318257912    
  0.6602569642875349    
  0.6617174565188088    
  0.6619237943590868    
  0.6607729315605949    
  0.6581871703350046    
  0.6541212062805962    
  0.6485674768243551    
  0.6415589592738901    
  0.6331688690337083    
  0.6235071614678334    
  0.6127142382704092    
  0.6009526740898706    
  0.5883980107881933    
  0.5752296779750021    
  0.5616229196861253    
  0.5477423121363603    
  0.5337371325709351    
  0.5197385569946193    
  0.5058584668118445    
  0.4921895385268142    
  0.4788062608972463    
  0.4657665474585598    
  0.4531136672164330    
  0.4408782826832992    
  0.4290804472242836    
  0.4177314662986642    
  0.4068355693758718    
  0.3963913711124510    
  0.3863931210774477    
  0.3768317529706282    
  0.3676957513124675    
  0.3589718579858561    
  0.3506456417459368    
  0.3427019514672243    
  0.3351252716591148    
  0.3278999978317270    
  0.3210106474236073    
  0.3144420183963638    
  0.3081793048785442    
  0.3022081787722131    
  0.2965148455477109    
  0.2910860798465726    
  0.2859092443426104    
  0.2809722955981062    
  0.2762637811593846    
  0.2717728304348372    
  0.2674891399540877    
  0.2634029541532494    
  0.2595050441492517    
  0.2557866859478496    
  0.2522396374973788    
  0.2488561143480087    
  0.2456287655269007    
  0.2425506509376284    
  0.2396152194378939    
  0.2368162865186648    
  0.2341480125297102    
  0.2316048829156564    
  0.2291816899443553    
  0.2268735144612185    
  0.2246757079020662    
  0.2225838760022228    
  0.2205938642412558    
  0.2187017436631786    
  0.2169037967337561    
  0.2151965043351885    
  0.2135765343135052    
  0.2120407306083036    
  0.2105861023928325    
  0.2092098139165403    
  0.2079091755662215    
  0.2066816355577348    
  0.2055247716816846    
  0.2044362834447657    
  0.2034139850544436    
  0.2024557990080323    
  0.2015597499160208    
  0.2007239586300399    
  0.1999466367760598    
  0.1992260815451541    
  0.1985606708000365    
  0.1979488587930622    
  0.1973891723433330    
  0.1968802068836229    
  0.1964206223109378    
  0.1960091393078200    
  0.1956445364841301    
  0.1953256478122138    
  0.1950513597738278    
  0.1948206083406257    
  0.1946323762339258    
  0.1944856906380221    
  0.1943796212986565    
  0.1943132788170377    
  0.1942858127738974    
  0.1942964094963627    
  0.1943442899392059    
  0.1944287083222904    
  0.1945489513054348    
  0.1947043367910768    
  0.1948942120890538    
  0.1951179522238690    
  0.1953749590147199    
  0.1956646605286744    
  0.1959865101800592    
  0.1963399854322723    
  0.1967245866230799    
  0.1971398362409151    
  0.1975852784819548    
  0.1980604786735919    
  0.1985650223375637    
  0.1990985141770045    
  0.1996605775395852    
  0.2002508543684816    
  0.2008690048975730    
  0.2015147066505383    
  0.2021876534375682    
  0.2028875552099490    
  0.2036141383842391    
  0.2043671455267665    
  0.2051463343104594    
  0.2059514767897967    
  0.2067823595040376    
  0.2076387836981009    
  0.2085205649733766    
  0.2094275326536467    
  0.2103595294287665    
  0.2113164112718107    
  0.2122980473525479    
  0.2133043199137949    
  0.2143351241454250    
  0.2153903679534378    
  0.2164699716579298    
  0.2175738678606177    
  0.2187020015214006    
  0.2198543299784539    
  0.2210308227719706    
  0.2222314614433298    
  0.2234562394807028    
  0.2247051623823159    
  0.2259782477219986    
  0.2272755251089726    
  0.2285970360373421    
  0.2299428338502589    
  0.2313129839971707    
  0.2327075642604403    
  0.2341266645257091    
  0.2355703864761669    
  0.2370388439799192    
  0.2385321638420880    
  0.2400504857327608    
  0.2415939613835904    
  0.2431627546571759    
  0.2447570428549076    
  0.2463770173750037    
  0.2480228827192398    
  0.2496948557854342    
  0.2513931671500785    
  0.2531180626325073    
  0.2548698028038673    
  0.2566486616867316    
  0.2584549274448633    
  0.2602889044300620    
  0.2621509135480243    
  0.2640412909234974    
  0.2659603879296903    
  0.2679085732111491    
  0.2698862337755350    
  0.2718937740145295    
  0.2739316153431355    
  0.2760001980121120    
  0.2780999826951415    
  0.2802314499664775    
  0.2823950997493374    
  0.2845914528894803    
  0.2868210531283001    
  0.2890844671181755    
  0.2913822838234720    
  0.2937151157996848    
