  0.1440450647987692    
  0.1423766781967830    
  0.1407039467254382    
  0.1390269136238007    
  0.1373456220886882    
  0.1356601152813053    
  0.1339704363338310    
  0.1322766283559476    
  0.1305787344413181    
  0.1288767976739995    
  0.1271708611348010    
  0.1254609679075733    
  0.1237471610854386    
  0.1220294837769496    
  0.1203079791121837    
  0.1185826902487628    
  0.1168536603778079    
  0.1151209327298117    
  0.1133845505804454    
  0.1116445572562817    
  0.1099009961404462    
  0.1081539106781850    
  0.1064033443823578    
  0.1046493408388434    
  0.1028919437118698    
  0.1011311967492546    
  0.9936714378756695E-01
  0.9759982875719869E-01
  0.9582929568735649E-01
  0.9405558871095931E-01
  0.9227875206945546E-01
  0.9049883011754578E-01
  0.8871586732782455E-01
  0.8692990829532210E-01
  0.8514099774196765E-01
  0.8334918052095186E-01
  0.8155450162100686E-01
  0.7975700617058962E-01
  0.7795673944197729E-01
  0.7615374685526644E-01
  0.7434807398228599E-01
  0.7253976655041133E-01
  0.7072887044629184E-01
  0.6891543171948039E-01
  0.6709949658597547E-01
  0.6528111143166537E-01
  0.6346032281568381E-01
  0.6163717747366876E-01
  0.5981172232093401E-01
  0.5798400445554064E-01
  0.5615407116128379E-01
  0.5432196991057969E-01
  0.5248774836726744E-01
  0.5065145438931284E-01
  0.4881313603142523E-01
  0.4697284154757947E-01
  0.4513061939344998E-01
  0.4328651822875007E-01
  0.4144058691948599E-01
  0.3959287454011523E-01
  0.3774343037562233E-01
  0.3589230392349796E-01
  0.3403954489563671E-01
  0.3218520322014018E-01
  0.3032932904304109E-01
  0.2847197272992896E-01
  0.2661318486750286E-01
  0.2475301626502602E-01
  0.2289151795570438E-01
  0.2102874119797699E-01
  0.1916473747672404E-01
  0.1729955850439019E-01
  0.1543325622202896E-01
  0.1356588280026222E-01
  0.1169749064016218E-01
  0.9828132374051002E-02
  0.7957860866223576E-02
  0.6086729213591269E-02
  0.4214790746248642E-02
  0.2342099027962563E-02
  0.4687078565897007E-03
 -0.1405328735586631E-02
 -0.3279956481586244E-02
 -0.5155120879541508E-02
 -0.7030767192572007E-02
 -0.8906840448734632E-02
 -0.1078328544103946E-01
 -0.1266004672753945E-01
 -0.1453706863148096E-01
 -0.1641429524152827E-01
 -0.1829167041204616E-01
 -0.2016913776345453E-01
 -0.2204664068263934E-01
 -0.2392412232343166E-01
 -0.2580152560714355E-01
 -0.2767879322316918E-01
 -0.2955586762963680E-01
 -0.3143269105412894E-01
 -0.3330920549444993E-01
 -0.3518535271945678E-01
 -0.3706107426993843E-01
 -0.3893631145955295E-01
 -0.4081100537581217E-01
 -0.4268509688112343E-01
 -0.4455852661387527E-01
 -0.4643123498957702E-01
 -0.4830316220204067E-01
 -0.5017424822461486E-01
 -0.5204443281145915E-01
 -0.5391365549886640E-01
 -0.5578185560662385E-01
 -0.5764897223942178E-01
 -0.5951494428829540E-01
 -0.6137971043211432E-01
 -0.6324320913910247E-01
 -0.6510537866840282E-01
 -0.6696615707167131E-01
 -0.6882548219471030E-01
 -0.7068329167913356E-01
 -0.7253952296406552E-01
 -0.7439411328786988E-01
 -0.7624699968991266E-01
 -0.7809811901234864E-01
 -0.7994740790194355E-01
 -0.8179480281191664E-01
 -0.8364024000381448E-01
 -0.8548365554940718E-01
 -0.8732498533261129E-01
 -0.8916416505143054E-01
 -0.9100113021992828E-01
 -0.9283581617020936E-01
 -0.9466815805443396E-01
 -0.9649809084684358E-01
 -0.9832554934580573E-01
 -0.1001504681758787    
 -0.1019727817898941    
 -0.1037924244710511    
 -0.1056093303350307    
 -0.1074234333321193    
 -0.1092346672493520    
 -0.1110429657126615    
 -0.1128482621890470    
 -0.1146504899887466    
 -0.1164495822674290    
 -0.1182454720283868    
 -0.1200380921247468    
 -0.1218273752616839    
 -0.1236132539986486    
 -0.1253956607515989    
 -0.1271745277952406    
 -0.1289497872652763    
 -0.1307213711606610    
 -0.1324892113458627    
 -0.1342532395531324    
 -0.1360133873847766    
 -0.1377695863154396    
 -0.1395217676943876    
 -0.1412698627478026    
 -0.1430138025810770    
 -0.1447535181811193    
 -0.1464889404186600    
 -0.1482200000505678    
 -0.1499466277221673    
 -0.1516687539695678    
 -0.1533863092219941    
 -0.1550992238041238    
 -0.1568074279384342    
 -0.1585108517475548    
 -0.1602094252566268    
 -0.1619030783956727    
 -0.1635917410019705    
 -0.1652753428224427    
 -0.1669538135160511    
 -0.1686270826562031    
 -0.1702950797331690    
 -0.1719577341565150    
 -0.1736149752575431    
 -0.1752667322917514    
 -0.1769129344413036    
 -0.1785535108175207    
 -0.1801883904633851    
 -0.1818175023560649    
 -0.1834407754094580    
 -0.1850581384767587    
 -0.1866695203530437    
 -0.1882748497778850    
 -0.1898740554379859    
 -0.1914670659698472    
 -0.1930538099624586    
 -0.1946342159600230    
 -0.1962082124647115    
 -0.1977757279394543    
 -0.1993366908107645    
 -0.2008910294716058    
 -0.2024386722842906    
 -0.2039795475834328    
 -0.2055135836789348    
 -0.2070407088590251    
 -0.2085608513933442    
 -0.2100739395360841    
 -0.2115799015291788    
 -0.2130786656055530    
 -0.2145701599924270    
 -0.2160543129146884    
 -0.2175310525983223    
 -0.2190003072739133    
 -0.2204620051802129    
 -0.2219160745677848    
 -0.2233624437027217    
 -0.2248010408704428    
 -0.2262317943795715    
 -0.2276546325659030    
 -0.2290694837964526    
 -0.2304762764736010    
 -0.2318749390393305    
 -0.2332653999795628    
 -0.2346475878285949    
 -0.2360214311736400    
 -0.2373868586594768    
 -0.2387437989932126    
 -0.2400921809491567    
 -0.2414319333738166    
 -0.2427629851910121    
 -0.2440852654071202    
 -0.2453987031164433    
 -0.2467032275067145    
 -0.2479987678647348    
 -0.2492852535821570    
 -0.2505626141614061    
 -0.2518307792217500    
 -0.2530896785055190    
 -0.2543392418844841    
 -0.2555793993663875    
 -0.2568100811016372    
 -0.2580312173901635    
 -0.2592427386884495    
 -0.2604445756167262    
 -0.2616366589663477    
 -0.2628189197073387    
 -0.2639912889961311    
 -0.2651536981834781    
 -0.2663060788225592    
 -0.2674483626772728    
 -0.2685804817307271    
 -0.2697023681939212    
 -0.2708139545146283    
 -0.2719151733864769    
 -0.2730059577582395    
 -0.2740862408433251    
 -0.2751559561294765    
 -0.2762150373886807    
 -0.2772634186872902    
 -0.2783010343963557    
 -0.2793278192021726    
 -0.2803437081170434    
 -0.2813486364902589    
 -0.2823425400192914    
 -0.2833253547612082    
 -0.2842970171443011    
 -0.2852574639799352    
 -0.2862066324746142    
 -0.2871444602422581    
 -0.2880708853167024    
 -0.2889858461644090    
 -0.2898892816973901    
 -0.2907811312863427    
 -0.2916613347739914    
 -0.2925298324886398    
 -0.2933865652579228    
 -0.2942314744227601    
 -0.2950645018515053    
 -0.2958855899542903    
 -0.2966946816975540    
 -0.2974917206187560    
 -0.2982766508412675    
 -0.2990494170894378    
 -0.2998099647038230    
 -0.3005582396565756    
 -0.3012941885669881    
 -0.3020177587171812    
 -0.3027288980679315    
 -0.3034275552746237    
 -0.3041136797033273    
 -0.3047872214469844    
 -0.3054481313416999    
 -0.3060963609831169    
 -0.3067318627428808    
 -0.3073545897851686    
 -0.3079644960832784    
 -0.3085615364362615    
 -0.3091456664855916    
 -0.3097168427318539    
 -0.3102750225514418    
 -0.3108201642132439    
 -0.3113522268953137    
 -0.3118711707015021    
 -0.3123769566780403    
 -0.3128695468300546    
 -0.3133489041380002    
 -0.3138149925739993    
 -0.3142677771180631    
 -0.3147072237741793    
 -0.3151332995862517    
 -0.3155459726538767    
 -0.3159452121479334    
 -0.3163309883259693    
 -0.3167032725473691    
 -0.3170620372882842    
 -0.3174072561563028    
 -0.3177389039048437    
 -0.3180569564472555    
 -0.3183613908706025    
 -0.3186521854491202    
 -0.3189293196573111    
 -0.3191927741826772    
 -0.3194425309380580    
 -0.3196785730735641    
 -0.3199008849880771    
 -0.3201094523403105    
 -0.3203042620594028    
 -0.3204853023550307    
 -0.3206525627270174    
 -0.3208060339744299    
 -0.3209457082041387    
 -0.3210715788388300    
 -0.3211836406244437    
 -0.3212818896370355    
 -0.3213663232890376    
 -0.3214369403349091    
 -0.3214937408761566    
 -0.3215367263657175    
 -0.3215658996116901    
 -0.3215812647803991    
 -0.3215828273987835    
 -0.3215705943561020    
 -0.3215445739049387    
 -0.3215047756615097    
 -0.3214512106052490    
 -0.3213838910776816    
 -0.3213028307805688    
 -0.3212080447733239    
 -0.3210995494696917    
 -0.3209773626336903    
 -0.3208415033748144    
 -0.3206919921424984    
 -0.3205288507198321    
 -0.3203521022165436    
 -0.3201617710612421    
 -0.3199578829929244    
 -0.3197404650517506    
 -0.3195095455690946    
 -0.3192651541568772    
 -0.3190073216961866    
 -0.3187360803251911    
 -0.3184514634263660    
 -0.3181535056130290    
 -0.3178422427152110    
 -0.3175177117648584    
 -0.3171799509803983    
 -0.3168289997506650    
 -0.3164648986182175    
 -0.3160876892620470    
 -0.3156974144797089    
 -0.3152941181688864    
 -0.3148778453084083    
 -0.3144486419387378    
 -0.3140065551419542    
 -0.3135516330212520    
 -0.3130839246799719    
 -0.3126034802001851    
 -0.3121103506208647    
 -0.3116045879156543    
 -0.3110862449702658    
 -0.3105553755595245    
 -0.3100120343240897    
 -0.3094562767468743    
 -0.3088881591291898    
 -0.3083077385666346    
 -0.3077150729247635    
 -0.3071102208145502    
 -0.3064932415676802    
 -0.3058641952116873    
 -0.3052231424449701    
 -0.3045701446117079    
 -0.3039052636767068    
 -0.3032285622001850    
 -0.3025401033125494    
 -0.3018399506891587    
 -0.3011281685251217    
 -0.3004048215101354    
 -0.2996699748034033    
 -0.2989236940086408    
 -0.2981660451492071    
 -0.2973970946433679    
 -0.2966169092797282    
 -0.2958255561928422    
 -0.2950231028390309    
 -0.2942096169724202    
 -0.2933851666212226    
 -0.2925498200642816    
 -0.2917036458078976    
 -0.2908467125629439    
 -0.2899790892223067    
 -0.2891008448386463    
 -0.2882120486025097    
 -0.2873127698207976    
 -0.2864030778956099    
 -0.2854830423034737    
 -0.2845527325749762    
 -0.2836122182747987    
 -0.2826615689821814    
 -0.2817008542718145    
 -0.2807301436951728    
 -0.2797495067622962    
 -0.2787590129240305    
 -0.2777587315547310    
 -0.2767487319354405    
 -0.2757290832375350    
 -0.2746998545068613    
 -0.2736611146483512    
 -0.2726129324111326    
 -0.2715553763741256    
 -0.2704885149321390    
 -0.2694124162824576    
 -0.2683271484119329    
 -0.2672327790845632    
 -0.2661293758295786    
 -0.2650170059300165    
 -0.2638957364117998    
 -0.2627656340332982    
 -0.2616267652753916    
 -0.2604791963320126    
 -0.2593229931011842    
 -0.2581582211765261    
 -0.2569849458392515    
 -0.2558032320506258    
 -0.2546131444449025    
 -0.2534147473227131    
 -0.2522081046449201    
 -0.2509932800269175    
 -0.2497703367333803    
 -0.2485393376734444    
 -0.2473003453963263    
 -0.2460534220873614    
 -0.2447986295644631    
 -0.2435360292749868    
 -0.2422656822930002    
 -0.2409876493169445    
 -0.2397019906676860    
 -0.2384087662869360    
 -0.2371080357360522    
 -0.2357998581951908    
 -0.2344842924628183    
 -0.2331613969555615    
 -0.2318312297083984    
 -0.2304938483751703    
 -0.2291493102294177    
 -0.2277976721655179    
 -0.2264389907001302    
 -0.2250733219739272    
 -0.2237007217536136    
 -0.2223212454342134    
 -0.2209349480416280    
 -0.2195418842354464    
 -0.2181421083120083    
 -0.2167356742076997    
 -0.2153226355024869    
 -0.2139030454236659    
 -0.2124769568498332    
 -0.2110444223150536    
 -0.2096054940132341    
 -0.2081602238026810    
 -0.2067086632108421    
 -0.2052508634392198    
 -0.2037868753684516    
 -0.2023167495635476    
 -0.2008405362792800    
 -0.1993582854657128    
 -0.1978700467738697    
 -0.1963758695615285    
 -0.1948758028991413    
 -0.1933698955758603    
 -0.1918581961056813    
 -0.1903407527336806    
 -0.1888176134423510    
 -0.1872888259580225    
 -0.1857544377573677    
 -0.1842144960739787    
 -0.1826690479050202    
 -0.1811181400179377    
 -0.1795618189572312    
 -0.1780001310512756    
 -0.1764331224191944    
 -0.1748608389777664    
 -0.1732833264483773    
 -0.1717006303639961    
 -0.1701127960761839    
 -0.1685198687621167    
 -0.1669218934316331    
 -0.1653189149342880    
 -0.1637109779664190    
 -0.1620981270782131    
 -0.1604804066807741    
 -0.1588578610531854    
 -0.1572305343495668    
 -0.1555984706061118    
 -0.1539617137481181    
 -0.1523203075969906    
 -0.1506742958772289    
 -0.1490237222233800    
 -0.1473686301869683    
 -0.1457090632433879    
 -0.1440450647987692    
 -0.1423766781967830    
 -0.1407039467254382    
 -0.1390269136238007    
 -0.1373456220886882    
 -0.1356601152813053    
 -0.1339704363338310    
 -0.1322766283559476    
 -0.1305787344413181    
 -0.1288767976739995    
 -0.1271708611348010    
 -0.1254609679075733    
 -0.1237471610854386    
 -0.1220294837769496    
 -0.1203079791121837    
 -0.1185826902487628    
 -0.1168536603778079    
 -0.1151209327298117    
 -0.1133845505804454    
 -0.1116445572562817    
 -0.1099009961404462    
 -0.1081539106781850    
 -0.1064033443823578    
 -0.1046493408388434    
 -0.1028919437118698    
 -0.1011311967492546    
 -0.9936714378756695E-01
 -0.9759982875719869E-01
 -0.9582929568735649E-01
 -0.9405558871095931E-01
 -0.9227875206945546E-01
 -0.9049883011754578E-01
 -0.8871586732782455E-01
 -0.8692990829532210E-01
 -0.8514099774196765E-01
 -0.8334918052095186E-01
 -0.8155450162100686E-01
 -0.7975700617058962E-01
 -0.7795673944197729E-01
 -0.7615374685526644E-01
 -0.7434807398228599E-01
 -0.7253976655041133E-01
 -0.7072887044629184E-01
 -0.6891543171948039E-01
 -0.6709949658597547E-01
 -0.6528111143166537E-01
 -0.6346032281568381E-01
 -0.6163717747366876E-01
 -0.5981172232093401E-01
 -0.5798400445554064E-01
 -0.5615407116128379E-01
 -0.5432196991057969E-01
 -0.5248774836726744E-01
 -0.5065145438931284E-01
 -0.4881313603142523E-01
 -0.4697284154757947E-01
 -0.4513061939344998E-01
 -0.4328651822875007E-01
 -0.4144058691948599E-01
 -0.3959287454011523E-01
 -0.3774343037562233E-01
 -0.3589230392349796E-01
 -0.3403954489563671E-01
 -0.3218520322014018E-01
 -0.3032932904304109E-01
 -0.2847197272992896E-01
 -0.2661318486750286E-01
 -0.2475301626502602E-01
 -0.2289151795570438E-01
 -0.2102874119797699E-01
 -0.1916473747672404E-01
 -0.1729955850439019E-01
 -0.1543325622202896E-01
 -0.1356588280026222E-01
 -0.1169749064016218E-01
 -0.9828132374051002E-02
 -0.7957860866223576E-02
 -0.6086729213591269E-02
 -0.4214790746248642E-02
 -0.2342099027962563E-02
 -0.4687078565897007E-03
  0.1405328735586631E-02
  0.3279956481586244E-02
  0.5155120879541508E-02
  0.7030767192572007E-02
  0.8906840448734632E-02
  0.1078328544103946E-01
  0.1266004672753945E-01
  0.1453706863148096E-01
  0.1641429524152827E-01
  0.1829167041204616E-01
  0.2016913776345453E-01
  0.2204664068263934E-01
  0.2392412232343166E-01
  0.2580152560714355E-01
  0.2767879322316918E-01
  0.2955586762963680E-01
  0.3143269105412894E-01
  0.3330920549444993E-01
  0.3518535271945678E-01
  0.3706107426993843E-01
  0.3893631145955295E-01
  0.4081100537581217E-01
  0.4268509688112343E-01
  0.4455852661387527E-01
  0.4643123498957702E-01
  0.4830316220204067E-01
  0.5017424822461486E-01
  0.5204443281145915E-01
  0.5391365549886640E-01
  0.5578185560662385E-01
  0.5764897223942178E-01
  0.5951494428829540E-01
  0.6137971043211432E-01
  0.6324320913910247E-01
  0.6510537866840282E-01
  0.6696615707167131E-01
  0.6882548219471030E-01
  0.7068329167913356E-01
  0.7253952296406552E-01
  0.7439411328786988E-01
  0.7624699968991266E-01
  0.7809811901234864E-01
  0.7994740790194355E-01
  0.8179480281191664E-01
  0.8364024000381448E-01
  0.8548365554940718E-01
  0.8732498533261129E-01
  0.8916416505143054E-01
  0.9100113021992828E-01
  0.9283581617020936E-01
  0.9466815805443396E-01
  0.9649809084684358E-01
  0.9832554934580573E-01
  0.1001504681758787    
  0.1019727817898941    
  0.1037924244710511    
  0.1056093303350307    
  0.1074234333321193    
  0.1092346672493520    
  0.1110429657126615    
  0.1128482621890470    
  0.1146504899887466    
  0.1164495822674290    
  0.1182454720283868    
  0.1200380921247468    
  0.1218273752616839    
  0.1236132539986486    
  0.1253956607515989    
  0.1271745277952406    
  0.1289497872652763    
  0.1307213711606610    
  0.1324892113458627    
  0.1342532395531324    
  0.1360133873847766    
  0.1377695863154396    
  0.1395217676943876    
  0.1412698627478026    
  0.1430138025810770    
  0.1447535181811193    
  0.1464889404186600    
  0.1482200000505678    
  0.1499466277221673    
  0.1516687539695678    
  0.1533863092219941    
  0.1550992238041238    
  0.1568074279384342    
  0.1585108517475548    
  0.1602094252566268    
  0.1619030783956727    
  0.1635917410019705    
  0.1652753428224427    
  0.1669538135160511    
  0.1686270826562031    
  0.1702950797331690    
  0.1719577341565150    
  0.1736149752575431    
  0.1752667322917514    
  0.1769129344413036    
  0.1785535108175207    
  0.1801883904633851    
  0.1818175023560649    
  0.1834407754094580    
  0.1850581384767587    
  0.1866695203530437    
  0.1882748497778850    
  0.1898740554379859    
  0.1914670659698472    
  0.1930538099624586    
  0.1946342159600230    
  0.1962082124647115    
  0.1977757279394543    
  0.1993366908107645    
  0.2008910294716058    
  0.2024386722842906    
  0.2039795475834328    
  0.2055135836789348    
  0.2070407088590251    
  0.2085608513933442    
  0.2100739395360841    
  0.2115799015291788    
  0.2130786656055530    
  0.2145701599924270    
  0.2160543129146884    
  0.2175310525983223    
  0.2190003072739133    
  0.2204620051802129    
  0.2219160745677848    
  0.2233624437027217    
  0.2248010408704428    
  0.2262317943795715    
  0.2276546325659030    
  0.2290694837964526    
  0.2304762764736010    
  0.2318749390393305    
  0.2332653999795628    
  0.2346475878285949    
  0.2360214311736400    
  0.2373868586594768    
  0.2387437989932126    
  0.2400921809491567    
  0.2414319333738166    
  0.2427629851910121    
  0.2440852654071202    
  0.2453987031164433    
  0.2467032275067145    
  0.2479987678647348    
  0.2492852535821570    
  0.2505626141614061    
  0.2518307792217500    
  0.2530896785055190    
  0.2543392418844841    
  0.2555793993663875    
  0.2568100811016372    
  0.2580312173901635    
  0.2592427386884495    
  0.2604445756167262    
  0.2616366589663477    
  0.2628189197073387    
  0.2639912889961311    
  0.2651536981834781    
  0.2663060788225592    
  0.2674483626772728    
  0.2685804817307271    
  0.2697023681939212    
  0.2708139545146283    
  0.2719151733864769    
  0.2730059577582395    
  0.2740862408433251    
  0.2751559561294765    
  0.2762150373886807    
  0.2772634186872902    
  0.2783010343963557    
  0.2793278192021726    
  0.2803437081170434    
  0.2813486364902589    
  0.2823425400192914    
  0.2833253547612082    
  0.2842970171443011    
  0.2852574639799352    
  0.2862066324746142    
  0.2871444602422581    
  0.2880708853167024    
  0.2889858461644090    
  0.2898892816973901    
  0.2907811312863427    
  0.2916613347739914    
  0.2925298324886398    
  0.2933865652579228    
  0.2942314744227601    
  0.2950645018515053    
  0.2958855899542903    
  0.2966946816975540    
  0.2974917206187560    
  0.2982766508412675    
  0.2990494170894378    
  0.2998099647038230    
  0.3005582396565756    
  0.3012941885669881    
  0.3020177587171812    
  0.3027288980679315    
  0.3034275552746237    
  0.3041136797033273    
  0.3047872214469844    
  0.3054481313416999    
  0.3060963609831169    
  0.3067318627428808    
  0.3073545897851686    
  0.3079644960832784    
  0.3085615364362615    
  0.3091456664855916    
  0.3097168427318539    
  0.3102750225514418    
  0.3108201642132439    
  0.3113522268953137    
  0.3118711707015021    
  0.3123769566780403    
  0.3128695468300546    
  0.3133489041380002    
  0.3138149925739993    
  0.3142677771180631    
  0.3147072237741793    
  0.3151332995862517    
  0.3155459726538767    
  0.3159452121479334    
  0.3163309883259693    
  0.3167032725473691    
  0.3170620372882842    
  0.3174072561563028    
  0.3177389039048437    
  0.3180569564472555    
  0.3183613908706025    
  0.3186521854491202    
  0.3189293196573111    
  0.3191927741826772    
  0.3194425309380580    
  0.3196785730735641    
  0.3199008849880771    
  0.3201094523403105    
  0.3203042620594028    
  0.3204853023550307    
  0.3206525627270174    
  0.3208060339744299    
  0.3209457082041387    
  0.3210715788388300    
  0.3211836406244437    
  0.3212818896370355    
  0.3213663232890376    
  0.3214369403349091    
  0.3214937408761566    
  0.3215367263657175    
  0.3215658996116901    
  0.3215812647803991    
  0.3215828273987835    
  0.3215705943561020    
  0.3215445739049387    
  0.3215047756615097    
  0.3214512106052490    
  0.3213838910776816    
  0.3213028307805688    
  0.3212080447733239    
  0.3210995494696917    
  0.3209773626336903    
  0.3208415033748144    
  0.3206919921424984    
  0.3205288507198321    
  0.3203521022165436    
  0.3201617710612421    
  0.3199578829929244    
  0.3197404650517506    
  0.3195095455690946    
  0.3192651541568772    
  0.3190073216961866    
  0.3187360803251911    
  0.3184514634263660    
  0.3181535056130290    
  0.3178422427152110    
  0.3175177117648584    
  0.3171799509803983    
  0.3168289997506650    
  0.3164648986182175    
  0.3160876892620470    
  0.3156974144797089    
  0.3152941181688864    
  0.3148778453084083    
  0.3144486419387378    
  0.3140065551419542    
  0.3135516330212520    
  0.3130839246799719    
  0.3126034802001851    
  0.3121103506208647    
  0.3116045879156543    
  0.3110862449702658    
  0.3105553755595245    
  0.3100120343240897    
  0.3094562767468743    
  0.3088881591291898    
  0.3083077385666346    
  0.3077150729247635    
  0.3071102208145502    
  0.3064932415676802    
  0.3058641952116873    
  0.3052231424449701    
  0.3045701446117079    
  0.3039052636767068    
  0.3032285622001850    
  0.3025401033125494    
  0.3018399506891587    
  0.3011281685251217    
  0.3004048215101354    
  0.2996699748034033    
  0.2989236940086408    
  0.2981660451492071    
  0.2973970946433679    
  0.2966169092797282    
  0.2958255561928422    
  0.2950231028390309    
  0.2942096169724202    
  0.2933851666212226    
  0.2925498200642816    
  0.2917036458078976    
  0.2908467125629439    
  0.2899790892223067    
  0.2891008448386463    
  0.2882120486025097    
  0.2873127698207976    
  0.2864030778956099    
  0.2854830423034737    
  0.2845527325749762    
  0.2836122182747987    
  0.2826615689821814    
  0.2817008542718145    
  0.2807301436951728    
  0.2797495067622962    
  0.2787590129240305    
  0.2777587315547310    
  0.2767487319354405    
  0.2757290832375350    
  0.2746998545068613    
  0.2736611146483512    
  0.2726129324111326    
  0.2715553763741256    
  0.2704885149321390    
  0.2694124162824576    
  0.2683271484119329    
  0.2672327790845632    
  0.2661293758295786    
  0.2650170059300165    
  0.2638957364117998    
  0.2627656340332982    
  0.2616267652753916    
  0.2604791963320126    
  0.2593229931011842    
  0.2581582211765261    
  0.2569849458392515    
  0.2558032320506258    
  0.2546131444449025    
  0.2534147473227131    
  0.2522081046449201    
  0.2509932800269175    
  0.2497703367333803    
  0.2485393376734444    
  0.2473003453963263    
  0.2460534220873614    
  0.2447986295644631    
  0.2435360292749868    
  0.2422656822930002    
  0.2409876493169445    
  0.2397019906676860    
  0.2384087662869360    
  0.2371080357360522    
  0.2357998581951908    
  0.2344842924628183    
  0.2331613969555615    
  0.2318312297083984    
  0.2304938483751703    
  0.2291493102294177    
  0.2277976721655179    
  0.2264389907001302    
  0.2250733219739272    
  0.2237007217536136    
  0.2223212454342134    
  0.2209349480416280    
  0.2195418842354464    
  0.2181421083120083    
  0.2167356742076997    
  0.2153226355024869    
  0.2139030454236659    
  0.2124769568498332    
  0.2110444223150536    
  0.2096054940132341    
  0.2081602238026810    
  0.2067086632108421    
  0.2052508634392198    
  0.2037868753684516    
  0.2023167495635476    
  0.2008405362792800    
  0.1993582854657128    
  0.1978700467738697    
  0.1963758695615285    
  0.1948758028991413    
  0.1933698955758603    
  0.1918581961056813    
  0.1903407527336806    
  0.1888176134423510    
  0.1872888259580225    
  0.1857544377573677    
  0.1842144960739787    
  0.1826690479050202    
  0.1811181400179377    
  0.1795618189572312    
  0.1780001310512756    
  0.1764331224191944    
  0.1748608389777664    
  0.1732833264483773    
  0.1717006303639961    
  0.1701127960761839    
  0.1685198687621167    
  0.1669218934316331    
  0.1653189149342880    
  0.1637109779664190    
  0.1620981270782131    
  0.1604804066807741    
  0.1588578610531854    
  0.1572305343495668    
  0.1555984706061118    
  0.1539617137481181    
  0.1523203075969906    
  0.1506742958772289    
  0.1490237222233800    
  0.1473686301869683    
  0.1457090632433879    
