  0.8086931178355528E-01
  0.7821468698999651E-01
  0.7554793196665704E-01
  0.7286936272636385E-01
  0.7017929842931570E-01
  0.6747806140439128E-01
  0.6476597717258259E-01
  0.6204337446453317E-01
  0.5931058522777000E-01
  0.5656794462947667E-01
  0.5381579106087059E-01
  0.5105446613978287E-01
  0.4828431470511929E-01
  0.4550568480487888E-01
  0.4271892768426655E-01
  0.3992439777408391E-01
  0.3712245267301323E-01
  0.3431345312152306E-01
  0.3149776297328644E-01
  0.2867574916943649E-01
  0.2584778171236518E-01
  0.2301423363136346E-01
  0.2017548093892813E-01
  0.1733190258600259E-01
  0.1448388042349130E-01
  0.1163179916513002E-01
  0.8776046339588561E-02
  0.5917012230447938E-02
  0.3055089818133849E-02
  0.1906747332581227E-03
 -0.2675834790034803E-02
 -0.5544037976707716E-02
 -0.8413531583777722E-02
 -0.1128390996378087E-01
 -0.1415476511684671E-01
 -0.1702568675087784E-01
 -0.1989626235812697E-01
 -0.2276607729131758E-01
 -0.2563471482620699E-01
 -0.2850175622319900E-01
 -0.3136678080347721E-01
 -0.3422936603113308E-01
 -0.3708908758465324E-01
 -0.3994551942207836E-01
 -0.4279823385591247E-01
 -0.4564680163676865E-01
 -0.4849079203099560E-01
 -0.5132977289064250E-01
 -0.5416331072822023E-01
 -0.5699097079909232E-01
 -0.5981231718115265E-01
 -0.6262691284854754E-01
 -0.6543431974763286E-01
 -0.6823409887769549E-01
 -0.7102581036970457E-01
 -0.7380901356189767E-01
 -0.7658326707818869E-01
 -0.7934812890860571E-01
 -0.8210315648511085E-01
 -0.8484790675526432E-01
 -0.8758193626211858E-01
 -0.9030480122701512E-01
 -0.9301605762448073E-01
 -0.9571526125232527E-01
 -0.9840196781029853E-01
 -0.1010757329854897    
 -0.1037361125288460    
 -0.1063826623225340    
 -0.1090149384556243    
 -0.1116324973114726    
 -0.1142348956485275    
 -0.1168216906678619    
 -0.1193924400856012    
 -0.1219467022205187    
 -0.1244840360800954    
 -0.1270040014320632    
 -0.1295061588763179    
 -0.1319900699326495    
 -0.1344552971320847    
 -0.1369014040951107    
 -0.1393279556066444    
 -0.1417345177056441    
 -0.1441206577824272    
 -0.1464859446658328    
 -0.1488299487050819    
 -0.1511522418643340    
 -0.1534523978275129    
 -0.1557299920961679    
 -0.1579846020813770    
 -0.1602158072069289    
 -0.1624231890249627    
 -0.1646063313277193    
 -0.1667648202526231    
 -0.1688982443964485    
 -0.1710061949436992    
 -0.1730882657955235    
 -0.1751440536930599    
 -0.1771731583471419    
 -0.1791751825812752    
 -0.1811497324782412    
 -0.1830964175240042    
 -0.1850148507575125    
 -0.1869046489324593    
 -0.1887654326834349    
 -0.1905968266910765    
 -0.1923984598535334    
 -0.1941699654696005    
 -0.1959109814266071    
 -0.1976211503877408    
 -0.1993001199852806    
 -0.2009475430249821    
 -0.2025630776954677    
 -0.2041463877772701    
 -0.2056971428570176    
 -0.2072150185515952    
 -0.2086996967365487    
 -0.2101508657734665    
 -0.2115682207413434    
 -0.2129514636765583    
 -0.2143003038157469    
 -0.2156144578358430    
 -0.2168936500957985    
 -0.2181376128848702    
 -0.2193460866720785    
 -0.2205188203504763    
 -0.2216555714798729    
 -0.2227561065330859    
 -0.2238202011408257    
 -0.2248476403282802    
 -0.2258382187461208    
 -0.2267917409013436    
 -0.2277080213839173    
 -0.2285868850817159    
 -0.2294281673850039    
 -0.2302317143859520    
 -0.2309973830707204    
 -0.2317250414968790    
 -0.2324145689558237    
 -0.2330658561248171    
 -0.2336788052075373    
 -0.2342533300572291    
 -0.2347893562813593    
 -0.2352868213311157    
 -0.2357456745751569    
 -0.2361658773533238    
 -0.2365474030096100    
 -0.2368902369068602    
 -0.2371943764223723    
 -0.2374598309211086    
 -0.2376866217066799    
 -0.2378747819526365    
 -0.2380243566133851    
 -0.2381354023121898    
 -0.2382079872070195    
 -0.2382421908367025    
 -0.2382381039467051    
 -0.2381958282928869    
 -0.2381154764251708    
 -0.2379971714539828    
 -0.2378410467985516    
 -0.2376472459156185    
 -0.2374159220114067    
 -0.2371472377403707    
 -0.2368413648897236    
 -0.2364984840482942    
 -0.2361187842633674    
 -0.2357024626898640    
 -0.2352497242307172    
 -0.2347607811664228    
 -0.2342358527777124    
 -0.2336751649666375    
 -0.2330789498750883    
 -0.2324474454981371    
 -0.2317808952961551    
 -0.2310795478114995    
 -0.2303436562883454    
 -0.2295734782919485    
 -0.2287692753317478    
 -0.2279313124959050    
 -0.2270598580955292    
 -0.2261551833117084    
 -0.2252175618483319    
 -0.2242472696012829    
 -0.2232445843447375    
 -0.2222097854245642    
 -0.2211431534571777    
 -0.2200449700458411    
 -0.2189155175203532    
 -0.2177550786895565    
 -0.2165639365981871    
 -0.2153423742979201    
 -0.2140906746452476    
 -0.2128091201198197    
 -0.2114979926477258    
 -0.2101575734314078    
 -0.2087881428034212    
 -0.2073899801085231    
 -0.2059633635972678    
 -0.2045085703194363    
 -0.2030258760298614    
 -0.2015155551236458    
 -0.1999778805942069    
 -0.1984131239929272    
 -0.1968215553873107    
 -0.1952034433377151    
 -0.1935590549040493    
 -0.1918886556658670    
 -0.1901925097357188    
 -0.1884708797729279    
 -0.1867240270208792    
 -0.1849522113700754    
 -0.1831556914235584    
 -0.1813347245509966    
 -0.1794895669477981    
 -0.1776204737193312    
 -0.1757276989821694    
 -0.1738114959582858    
 -0.1718721170585147    
 -0.1699098139760467    
 -0.1679248378018452    
 -0.1659174391467100    
 -0.1638878682511078    
 -0.1618363750880092    
 -0.1597632094782079    
 -0.1576686212214051    
 -0.1555528602255044    
 -0.1534161766222615    
 -0.1512588208797945    
 -0.1490810439276249    
 -0.1468830972908979    
 -0.1446652332165705    
 -0.1424277047863600    
 -0.1401707660304179    
 -0.1378946720526800    
 -0.1355996791586049    
 -0.1332860449699828    
 -0.1309540285289164    
 -0.1286038904064812    
 -0.1262358928202316    
 -0.1238502997470041    
 -0.1214473770212490    
 -0.1190273924274670    
 -0.1165906157990002    
 -0.1141373191197672    
 -0.1116677766162598    
 -0.1091822648378351    
 -0.1066810627357857    
 -0.1041644517469056    
 -0.1016327158743802    
 -0.9908614175775293E-01
 -0.9652501873457381E-01
 -0.9394963890233021E-01
 -0.9136029718271327E-01
 -0.8875729138133431E-01
 -0.8614092223673664E-01
 -0.8351149346150583E-01
 -0.8086931178355528E-01
 -0.7821468698999651E-01
 -0.7554793196665704E-01
 -0.7286936272636385E-01
 -0.7017929842931570E-01
 -0.6747806140439128E-01
 -0.6476597717258259E-01
 -0.6204337446453317E-01
 -0.5931058522777000E-01
 -0.5656794462947667E-01
 -0.5381579106087059E-01
 -0.5105446613978287E-01
 -0.4828431470511929E-01
 -0.4550568480487888E-01
 -0.4271892768426655E-01
 -0.3992439777408391E-01
 -0.3712245267301323E-01
 -0.3431345312152306E-01
 -0.3149776297328644E-01
 -0.2867574916943649E-01
 -0.2584778171236518E-01
 -0.2301423363136346E-01
 -0.2017548093892813E-01
 -0.1733190258600259E-01
 -0.1448388042349130E-01
 -0.1163179916513002E-01
 -0.8776046339588561E-02
 -0.5917012230447938E-02
 -0.3055089818133849E-02
 -0.1906747332581227E-03
  0.2675834790034803E-02
  0.5544037976707716E-02
  0.8413531583777722E-02
  0.1128390996378087E-01
  0.1415476511684671E-01
  0.1702568675087784E-01
  0.1989626235812697E-01
  0.2276607729131758E-01
  0.2563471482620699E-01
  0.2850175622319900E-01
  0.3136678080347721E-01
  0.3422936603113308E-01
  0.3708908758465324E-01
  0.3994551942207836E-01
  0.4279823385591247E-01
  0.4564680163676865E-01
  0.4849079203099560E-01
  0.5132977289064250E-01
  0.5416331072822023E-01
  0.5699097079909232E-01
  0.5981231718115265E-01
  0.6262691284854754E-01
  0.6543431974763286E-01
  0.6823409887769549E-01
  0.7102581036970457E-01
  0.7380901356189767E-01
  0.7658326707818869E-01
  0.7934812890860571E-01
  0.8210315648511085E-01
  0.8484790675526432E-01
  0.8758193626211858E-01
  0.9030480122701512E-01
  0.9301605762448073E-01
  0.9571526125232527E-01
  0.9840196781029853E-01
  0.1010757329854897    
  0.1037361125288460    
  0.1063826623225340    
  0.1090149384556243    
  0.1116324973114726    
  0.1142348956485275    
  0.1168216906678619    
  0.1193924400856012    
  0.1219467022205187    
  0.1244840360800954    
  0.1270040014320632    
  0.1295061588763179    
  0.1319900699326495    
  0.1344552971320847    
  0.1369014040951107    
  0.1393279556066444    
  0.1417345177056441    
  0.1441206577824272    
  0.1464859446658328    
  0.1488299487050819    
  0.1511522418643340    
  0.1534523978275129    
  0.1557299920961679    
  0.1579846020813770    
  0.1602158072069289    
  0.1624231890249627    
  0.1646063313277193    
  0.1667648202526231    
  0.1688982443964485    
  0.1710061949436992    
  0.1730882657955235    
  0.1751440536930599    
  0.1771731583471419    
  0.1791751825812752    
  0.1811497324782412    
  0.1830964175240042    
  0.1850148507575125    
  0.1869046489324593    
  0.1887654326834349    
  0.1905968266910765    
  0.1923984598535334    
  0.1941699654696005    
  0.1959109814266071    
  0.1976211503877408    
  0.1993001199852806    
  0.2009475430249821    
  0.2025630776954677    
  0.2041463877772701    
  0.2056971428570176    
  0.2072150185515952    
  0.2086996967365487    
  0.2101508657734665    
  0.2115682207413434    
  0.2129514636765583    
  0.2143003038157469    
  0.2156144578358430    
  0.2168936500957985    
  0.2181376128848702    
  0.2193460866720785    
  0.2205188203504763    
  0.2216555714798729    
  0.2227561065330859    
  0.2238202011408257    
  0.2248476403282802    
  0.2258382187461208    
  0.2267917409013436    
  0.2277080213839173    
  0.2285868850817159    
  0.2294281673850039    
  0.2302317143859520    
  0.2309973830707204    
  0.2317250414968790    
  0.2324145689558237    
  0.2330658561248171    
  0.2336788052075373    
  0.2342533300572291    
  0.2347893562813593    
  0.2352868213311157    
  0.2357456745751569    
  0.2361658773533238    
  0.2365474030096100    
  0.2368902369068602    
  0.2371943764223723    
  0.2374598309211086    
  0.2376866217066799    
  0.2378747819526365    
  0.2380243566133851    
  0.2381354023121898    
  0.2382079872070195    
  0.2382421908367025    
  0.2382381039467051    
  0.2381958282928869    
  0.2381154764251708    
  0.2379971714539828    
  0.2378410467985516    
  0.2376472459156185    
  0.2374159220114067    
  0.2371472377403707    
  0.2368413648897236    
  0.2364984840482942    
  0.2361187842633674    
  0.2357024626898640    
  0.2352497242307172    
  0.2347607811664228    
  0.2342358527777124    
  0.2336751649666375    
  0.2330789498750883    
  0.2324474454981371    
  0.2317808952961551    
  0.2310795478114995    
  0.2303436562883454    
  0.2295734782919485    
  0.2287692753317478    
  0.2279313124959050    
  0.2270598580955292    
  0.2261551833117084    
  0.2252175618483319    
  0.2242472696012829    
  0.2232445843447375    
  0.2222097854245642    
  0.2211431534571777    
  0.2200449700458411    
  0.2189155175203532    
  0.2177550786895565    
  0.2165639365981871    
  0.2153423742979201    
  0.2140906746452476    
  0.2128091201198197    
  0.2114979926477258    
  0.2101575734314078    
  0.2087881428034212    
  0.2073899801085231    
  0.2059633635972678    
  0.2045085703194363    
  0.2030258760298614    
  0.2015155551236458    
  0.1999778805942069    
  0.1984131239929272    
  0.1968215553873107    
  0.1952034433377151    
  0.1935590549040493    
  0.1918886556658670    
  0.1901925097357188    
  0.1884708797729279    
  0.1867240270208792    
  0.1849522113700754    
  0.1831556914235584    
  0.1813347245509966    
  0.1794895669477981    
  0.1776204737193312    
  0.1757276989821694    
  0.1738114959582858    
  0.1718721170585147    
  0.1699098139760467    
  0.1679248378018452    
  0.1659174391467100    
  0.1638878682511078    
  0.1618363750880092    
  0.1597632094782079    
  0.1576686212214051    
  0.1555528602255044    
  0.1534161766222615    
  0.1512588208797945    
  0.1490810439276249    
  0.1468830972908979    
  0.1446652332165705    
  0.1424277047863600    
  0.1401707660304179    
  0.1378946720526800    
  0.1355996791586049    
  0.1332860449699828    
  0.1309540285289164    
  0.1286038904064812    
  0.1262358928202316    
  0.1238502997470041    
  0.1214473770212490    
  0.1190273924274670    
  0.1165906157990002    
  0.1141373191197672    
  0.1116677766162598    
  0.1091822648378351    
  0.1066810627357857    
  0.1041644517469056    
  0.1016327158743802    
  0.9908614175775293E-01
  0.9652501873457381E-01
  0.9394963890233021E-01
  0.9136029718271327E-01
  0.8875729138133431E-01
  0.8614092223673664E-01
  0.8351149346150583E-01
