  0.2773107027173528    
  0.2819863326997744    
  0.2868058318001980    
  0.2917747007741947    
  0.2968989488571799    
  0.3021850635620839    
  0.3076400004973663    
  0.3132712945969393    
  0.3190871396892710    
  0.3250963721394915    
  0.3313085162011097    
  0.3377339161459808    
  0.3443837941405694    
  0.3512702518310304    
  0.3584063787826628    
  0.3658064004235400    
  0.3734856970598991    
  0.3814608088364786    
  0.3897495873110324    
  0.3983713059124209    
  0.4073465486770328    
  0.4166971007153611    
  0.4264459701690083    
  0.4366171698607281    
  0.4472350294216263    
  0.4583233403807540    
  0.4699043147560660    
  0.4819966002727311    
  0.4946118794462296    
  0.5077501856704821    
  0.5213932984385878    
  0.5354944326146547    
  0.5499629169549438    
  0.5646433676567166    
  0.5792880071625568    
  0.5935208707796320    
  0.6067974236967952    
  0.6183711593344731    
  0.6272876733352191    
  0.6324372611091411    
  0.6327005780597611    
  0.6271931123161989    
  0.6155438632479002    
  0.5980786823275096    
  0.5757946468792303    
  0.5501225324279967    
  0.5225952717282708    
  0.4945707315000732    
  0.4670878736823128    
  0.4408453308720020    
  0.4162500254501325    
  0.3934903293567294    
  0.3726074104272513    
  0.3535518180213929    
  0.3362225802570274    
  0.3204931490822899    
  0.3062287290804314    
  0.2932965241703223    
  0.2815704836603102    
  0.2709336577484108    
  0.2612798580201402    
  0.2525139543984128    
  0.2445507612562466    
  0.2373140583217143    
  0.2307363002549294    
  0.2247579102632993    
  0.2193258866715227    
  0.2143928746054782    
  0.2099169778392612    
  0.2058612483598109    
  0.2021926327692912    
  0.1988813785758411    
  0.1959010728757600    
  0.1932283483615319    
  0.1908421043927656    
  0.1887231506015188    
  0.1868543852417972    
  0.1852206310339046    
  0.1838080314512237    
  0.1826038393486592    
  0.1815966664909748    
  0.1807763896671077    
  0.1801336575021038    
  0.1796597659948470    
  0.1793469391341687    
  0.1791882729790920    
  0.1791773170091808    
  0.1793080025873784    
  0.1795749305253132    
  0.1799733343138727    
  0.1804987164550741    
  0.1811468120941580    
  0.1819138701469684    
  0.1827966230981128    
  0.1837919650615220    
  0.1848969407990240    
  0.1861090148940005    
  0.1874260415632679    
  0.1888459749939831    
  0.1903668764060655    
  0.1919871687322598    
  0.1937056044269275    
  0.1955210030183329    
  0.1974322708458497    
  0.1994386391452898    
  0.2015396296243293    
  0.2037348175494642    
  0.2060238610737870    
  0.2084067207867191    
  0.2108836230821722    
  0.2134548490268882    
  0.2161207722834498    
  0.2188820587059490    
  0.2217396273098382    
  0.2246944658322818    
  0.2277476776186266    
  0.2309006607377662    
  0.2341550666121773    
  0.2375126433957218    
  0.2409752926272927    
  0.2445452279966978    
  0.2482249325782332    
  0.2520170318491487    
  0.2559243610027928    
  0.2599501036154255    
  0.2640977495093653    
  0.2683710006665213    
  0.2727738505245557    
  0.2773107027173528    
  0.2819863326997744    
  0.2868058318001980    
  0.2917747007741947    
  0.2968989488571799    
  0.3021850635620839    
  0.3076400004973663    
  0.3132712945969393    
  0.3190871396892710    
  0.3250963721394915    
  0.3313085162011097    
  0.3377339161459808    
  0.3443837941405694    
  0.3512702518310304    
  0.3584063787826628    
  0.3658064004235400    
  0.3734856970598991    
  0.3814608088364786    
  0.3897495873110324    
  0.3983713059124209    
  0.4073465486770328    
  0.4166971007153611    
  0.4264459701690083    
  0.4366171698607281    
  0.4472350294216263    
  0.4583233403807540    
  0.4699043147560660    
  0.4819966002727311    
  0.4946118794462296    
  0.5077501856704821    
  0.5213932984385878    
  0.5354944326146547    
  0.5499629169549438    
  0.5646433676567166    
  0.5792880071625568    
  0.5935208707796320    
  0.6067974236967952    
  0.6183711593344731    
  0.6272876733352191    
  0.6324372611091411    
  0.6327005780597611    
  0.6271931123161989    
  0.6155438632479002    
  0.5980786823275096    
  0.5757946468792303    
  0.5501225324279967    
  0.5225952717282708    
  0.4945707315000732    
  0.4670878736823128    
  0.4408453308720020    
  0.4162500254501325    
  0.3934903293567294    
  0.3726074104272513    
  0.3535518180213929    
  0.3362225802570274    
  0.3204931490822899    
  0.3062287290804314    
  0.2932965241703223    
  0.2815704836603102    
  0.2709336577484108    
  0.2612798580201402    
  0.2525139543984128    
  0.2445507612562466    
  0.2373140583217143    
  0.2307363002549294    
  0.2247579102632993    
  0.2193258866715227    
  0.2143928746054782    
  0.2099169778392612    
  0.2058612483598109    
  0.2021926327692912    
  0.1988813785758411    
  0.1959010728757600    
  0.1932283483615319    
  0.1908421043927656    
  0.1887231506015188    
  0.1868543852417972    
  0.1852206310339046    
  0.1838080314512237    
  0.1826038393486592    
  0.1815966664909748    
  0.1807763896671077    
  0.1801336575021038    
  0.1796597659948470    
  0.1793469391341687    
  0.1791882729790920    
  0.1791773170091808    
  0.1793080025873784    
  0.1795749305253132    
  0.1799733343138727    
  0.1804987164550741    
  0.1811468120941580    
  0.1819138701469684    
  0.1827966230981128    
  0.1837919650615220    
  0.1848969407990240    
  0.1861090148940005    
  0.1874260415632679    
  0.1888459749939831    
  0.1903668764060655    
  0.1919871687322598    
  0.1937056044269275    
  0.1955210030183329    
  0.1974322708458497    
  0.1994386391452898    
  0.2015396296243293    
  0.2037348175494642    
  0.2060238610737870    
  0.2084067207867191    
  0.2108836230821722    
  0.2134548490268882    
  0.2161207722834498    
  0.2188820587059490    
  0.2217396273098382    
  0.2246944658322818    
  0.2277476776186266    
  0.2309006607377662    
  0.2341550666121773    
  0.2375126433957218    
  0.2409752926272927    
  0.2445452279966978    
  0.2482249325782332    
  0.2520170318491487    
  0.2559243610027928    
  0.2599501036154255    
  0.2640977495093653    
  0.2683710006665213    
  0.2727738505245557    
