  0.4692597494758204    
  0.4629028166749805    
  0.4563643150118297    
  0.4496481317386862    
  0.4427579392194736    
  0.4356972092836890    
  0.4284692078347452    
  0.4210769986763725    
  0.4135234686537298    
  0.4058113477012862    
  0.3979432050448328    
  0.3899214434214553    
  0.3817483153718619    
  0.3734259457704454    
  0.3649563330538216    
  0.3563413381506843    
  0.3475826902763212    
  0.3386820078810558    
  0.3296408062441703    
  0.3204604867507125    
  0.3111423340649993    
  0.3016875321346335    
  0.2920971769265337    
  0.2823722707547030    
  0.2725137155513331    
  0.2625223231022570    
  0.2523988303759795    
  0.2421439011334583    
  0.2317581208820217    
  0.2212420038037122    
  0.2105960092196988    
  0.1998205507186383    
  0.1889159972193047    
  0.1778826810010117    
  0.1667209162004171    
  0.1554310154458399    
  0.1440132998933585    
  0.1324681129588353    
  0.1207958436049524    
  0.1089969513246812    
  0.9707198702695707E-01
  0.8502161621186766E-01
  0.7284665041348448E-01
  0.6054808221235558E-01
  0.4812711837728584E-01
  0.3558521490918687E-01
  0.2292411912804809E-01
  0.1014591587734459E-01
 -0.2746926931497223E-02
 -0.1575151126523808E-01
 -0.2886445632125087E-01
 -0.4208184251525598E-01
 -0.5539915652763844E-01
 -0.6881123632031205E-01
 -0.8231221298948702E-01
 -0.9589545160745835E-01
 -0.1095534955872673    
 -0.1232780144506921    
 -0.1370597526765205    
 -0.1508884819237465    
 -0.1647529614874495    
 -0.1786409077031342    
 -0.1925389705141666    
 -0.2064327194803934    
 -0.2203066442001355    
 -0.2341441701745293    
 -0.2479276881266793    
 -0.2616385983405082    
 -0.2752573744301801    
 -0.2887636469677963    
 -0.3021363035875849    
 -0.3153536052586716    
 -0.3283933216715578    
 -0.3412328847332949    
 -0.3538495544181417    
 -0.3662205939150530    
 -0.3783234552138510    
 -0.3901359728477234    
 -0.4016365578934904    
 -0.4128043867611171    
 -0.4236195851372363    
 -0.4340634053178412    
 -0.4441183887307216    
 -0.4537685073006528    
 -0.4629992851147348    
 -0.4717979017781886    
 -0.4801532714971318    
 -0.4880560921516216    
 -0.4954988679061070    
 -0.5024759114456644    
 -0.5089833236489244    
 -0.5150189456586125    
 -0.5205822878349435    
 -0.5256744456995515    
 -0.5302980045055159    
 -0.5344569270876618    
 -0.5381564277028508    
 -0.5414028435326700    
 -0.5442035085885271    
 -0.5465666238393765    
 -0.5485011222535581    
 -0.5500165392147852    
 -0.5511228953164298    
 -0.5518305852433768    
 -0.5521502670998271    
 -0.5520927596023146    
 -0.5516689554272549    
 -0.5508897454179745    
 -0.5497659451059154    
 -0.5483082279102933    
 -0.5465270738683188    
 -0.5444327297389850    
 -0.5420351701549653    
 -0.5393440623751293    
 -0.5363687447972669    
 -0.5331182160707505    
 -0.5296011219069876    
 -0.5258257404638707    
 -0.5217999799270836    
 -0.5175313881015833    
 -0.5130271571500825    
 -0.5082941195280871    
 -0.5033387526776152    
 -0.4981671998377730    
 -0.4927852879643311    
 -0.4871985293342316    
 -0.4814121240624694    
 -0.4754309820076441    
 -0.4692597494758204    
 -0.4629028166749805    
 -0.4563643150118297    
 -0.4496481317386862    
 -0.4427579392194736    
 -0.4356972092836890    
 -0.4284692078347452    
 -0.4210769986763725    
 -0.4135234686537298    
 -0.4058113477012862    
 -0.3979432050448328    
 -0.3899214434214553    
 -0.3817483153718619    
 -0.3734259457704454    
 -0.3649563330538216    
 -0.3563413381506843    
 -0.3475826902763212    
 -0.3386820078810558    
 -0.3296408062441703    
 -0.3204604867507125    
 -0.3111423340649993    
 -0.3016875321346335    
 -0.2920971769265337    
 -0.2823722707547030    
 -0.2725137155513331    
 -0.2625223231022570    
 -0.2523988303759795    
 -0.2421439011334583    
 -0.2317581208820217    
 -0.2212420038037122    
 -0.2105960092196988    
 -0.1998205507186383    
 -0.1889159972193047    
 -0.1778826810010117    
 -0.1667209162004171    
 -0.1554310154458399    
 -0.1440132998933585    
 -0.1324681129588353    
 -0.1207958436049524    
 -0.1089969513246812    
 -0.9707198702695707E-01
 -0.8502161621186766E-01
 -0.7284665041348448E-01
 -0.6054808221235558E-01
 -0.4812711837728584E-01
 -0.3558521490918687E-01
 -0.2292411912804809E-01
 -0.1014591587734459E-01
  0.2746926931497223E-02
  0.1575151126523808E-01
  0.2886445632125087E-01
  0.4208184251525598E-01
  0.5539915652763844E-01
  0.6881123632031205E-01
  0.8231221298948702E-01
  0.9589545160745835E-01
  0.1095534955872673    
  0.1232780144506921    
  0.1370597526765205    
  0.1508884819237465    
  0.1647529614874495    
  0.1786409077031342    
  0.1925389705141666    
  0.2064327194803934    
  0.2203066442001355    
  0.2341441701745293    
  0.2479276881266793    
  0.2616385983405082    
  0.2752573744301801    
  0.2887636469677963    
  0.3021363035875849    
  0.3153536052586716    
  0.3283933216715578    
  0.3412328847332949    
  0.3538495544181417    
  0.3662205939150530    
  0.3783234552138510    
  0.3901359728477234    
  0.4016365578934904    
  0.4128043867611171    
  0.4236195851372363    
  0.4340634053178412    
  0.4441183887307216    
  0.4537685073006528    
  0.4629992851147348    
  0.4717979017781886    
  0.4801532714971318    
  0.4880560921516216    
  0.4954988679061070    
  0.5024759114456644    
  0.5089833236489244    
  0.5150189456586125    
  0.5205822878349435    
  0.5256744456995515    
  0.5302980045055159    
  0.5344569270876618    
  0.5381564277028508    
  0.5414028435326700    
  0.5442035085885271    
  0.5465666238393765    
  0.5485011222535581    
  0.5500165392147852    
  0.5511228953164298    
  0.5518305852433768    
  0.5521502670998271    
  0.5520927596023146    
  0.5516689554272549    
  0.5508897454179745    
  0.5497659451059154    
  0.5483082279102933    
  0.5465270738683188    
  0.5444327297389850    
  0.5420351701549653    
  0.5393440623751293    
  0.5363687447972669    
  0.5331182160707505    
  0.5296011219069876    
  0.5258257404638707    
  0.5217999799270836    
  0.5175313881015833    
  0.5130271571500825    
  0.5082941195280871    
  0.5033387526776152    
  0.4981671998377730    
  0.4927852879643311    
  0.4871985293342316    
  0.4814121240624694    
  0.4754309820076441    
