  0.5724147823331938    
  0.5693402998619720    
  0.5662107732932077    
  0.5630269084210752    
  0.5597893860305124    
  0.5564988625123655    
  0.5531559704761047    
  0.5497613193603531    
  0.5463154960386620    
  0.5428190654219285    
  0.5392725710613679    
  0.5356765357481210    
  0.5320314620981303    
  0.5283378331178170    
  0.5245961127593143    
  0.5208067464746837    
  0.5169701617658451    
  0.5130867687182854    
  0.5091569605117927    
  0.5051811139128635    
  0.5011595897588356    
  0.4970927334382551    
  0.4929808753604650    
  0.4888243314024158    
  0.4846234033305686    
  0.4803783792098780    
  0.4760895338102925    
  0.4717571290044592    
  0.4673814141426165    
  0.4629626264037887    
  0.4585009911362886    
  0.4539967221946596    
  0.4494500222653677    
  0.4448610831722132    
  0.4402300861638464    
  0.4355572021919062    
  0.4308425921833333    
  0.4260864073035582    
  0.4212887892053974    
  0.4164498702619324    
  0.4115697737887976    
  0.4066486142648453    
  0.4016864975516312    
  0.3966835211000974    
  0.3916397741376623    
  0.3865553378482035    
  0.3814302855613528    
  0.3762646829460315    
  0.3710585881883637    
  0.3658120521511475    
  0.3605251185356455    
  0.3551978240599297    
  0.3498301986419623    
  0.3444222655693786    
  0.3389740416581900    
  0.3334855374187111    
  0.3279567572398679    
  0.3223876995855213    
  0.3167783571886135    
  0.3111287172377855    
  0.3054387615689498    
  0.2997084668812343    
  0.2939378049787839    
  0.2881267430169767    
  0.2822752437402941    
  0.2763832657326110    
  0.2704507637067809    
  0.2644776888243932    
  0.2584639890153745    
  0.2524096092985689    
  0.2463144921376636    
  0.2401785778446938    
  0.2340018050030808    
  0.2277841108934355    
  0.2215254319479686    
  0.2152257042583074    
  0.2088848641200506    
  0.2025028485901955    
  0.1960795960722164    
  0.1896150469574822    
  0.1831091443169901    
  0.1765618346180683    
  0.1699730684704225    
  0.1633428014290230    
  0.1566709948572501    
  0.1499576168289077    
  0.1432026430665843    
  0.1364060579387292    
  0.1295678555226706    
  0.1226880407158010    
  0.1157666303889917    
  0.1088036546016945    
  0.1017991578899042    
  0.9475320061237452E-01
  0.8766586034375334E-01
  0.8053723332731200E-01
  0.7336743600105611E-01
  0.6615660659021644E-01
  0.5890490675446380E-01
  0.5161252329377186E-01
  0.4427966992168580E-01
  0.3690658910304015E-01
  0.2949355394886854E-01
  0.2204087016938866E-01
  0.1454887808762723E-01
  0.7017954708883112E-02
 -0.5514841597279441E-03
 -0.8158981739757931E-02
 -0.1580403806334552E-01
 -0.2348610771394796E-01
 -0.3120459753183369E-01
 -0.3895886428598283E-01
 -0.4674821231823775E-01
 -0.5457189117116809E-01
 -0.6242909320677159E-01
 -0.7031895121813989E-01
 -0.7824053604300327E-01
 -0.8619285419548442E-01
 -0.9417484552676583E-01
 -0.1021853809187304    
 -0.1102232600221307    
 -0.1182872090596069    
 -0.1263758787074129    
 -0.1344878420613400    
 -0.1426215927004993    
 -0.1507755428737981    
 -0.1589480218277476    
 -0.1671372742829562    
 -0.1753414590724827    
 -0.1835586479675257    
 -0.1917868247123833    
 -0.2000238842796577    
 -0.2082676323599421    
 -0.2165157851095640    
 -0.2247659691757768    
 -0.2330157220098526    
 -0.2412624924837057    
 -0.2495036418336882    
 -0.2577364449465627    
 -0.2659580919908871    
 -0.2741656904039985    
 -0.2823562672556995    
 -0.2905267719999922    
 -0.2986740796106179    
 -0.3067949941017530    
 -0.3148862524470188    
 -0.3229445288988843    
 -0.3309664396919080    
 -0.3389485481198620    
 -0.3468873699926779    
 -0.3547793794674116    
 -0.3626210152222104    
 -0.3704086869458714    
 -0.3781387821368530    
 -0.3858076731984492    
 -0.3934117247879262    
 -0.4009473013762003    
 -0.4084107749991078    
 -0.4157985331800820    
 -0.4231069869737336    
 -0.4303325790736319    
 -0.4374717919542648    
 -0.4445211560233597    
 -0.4514772577317311    
 -0.4583367475770612    
 -0.4650963479651288    
 -0.4717528609050435    
 -0.4783031754892405    
 -0.4847442750954952    
 -0.4910732442759497    
 -0.4972872753167106    
 -0.5033836744269589    
 -0.5093598674995587    
 -0.5152134054161617    
 -0.5209419688981342    
 -0.5265433728800585    
 -0.5320155703535384    
 -0.5373566556577388    
 -0.5425648672383288    
 -0.5476385898835133    
 -0.5525763564023698    
 -0.5573768487200703    
 -0.5620388984178353    
 -0.5665614867565256    
 -0.5709437441805261    
 -0.5751849492837269    
 -0.5792845272614455    
 -0.5832420479012158    
 -0.5870572231382296    
 -0.5907299041724898    
 -0.5942600781668170    
 -0.5976478645794201    
 -0.6008935111759410    
 -0.6039973897349166    
 -0.6069599914623002    
 -0.6097819221591186    
 -0.6124638971929740    
 -0.6150067363015921    
 -0.6174113582449015    
 -0.6196787753369515    
 -0.6218100879014525    
 -0.6238064786839842    
 -0.6256692072387287    
 -0.6273996043106389    
 -0.6289990662462612    
 -0.6304690494650268    
 -0.6318110650077913    
 -0.6330266731719523    
 -0.6341174782519663    
 -0.6350851234132384    
 -0.6359312857185924    
 -0.6366576713095179    
 -0.6372660107433946    
 -0.6377580545031627    
 -0.6381355687010246    
 -0.6384003309802045    
 -0.6385541266029440    
 -0.6385987447230181    
 -0.6385359748609389    
 -0.6383676035958316    
 -0.6380954114623383    
 -0.6377211700309028    
 -0.6372466391703989    
 -0.6366735645120252    
 -0.6360036751218150    
 -0.6352386813611536    
 -0.6343802729095547    
 -0.6334301169483876    
 -0.6323898565233104    
 -0.6312611090888363    
 -0.6300454652096651    
 -0.6287444873908992    
 -0.6273597090382868    
 -0.6258926335690214    
 -0.6243447336731680    
 -0.6227174506929608    
 -0.6210121940912056    
 -0.6192303410175233    
 -0.6173732359973400    
 -0.6154421907379175    
 -0.6134384840130921    
 -0.6113633616026076    
 -0.6092180363022236    
 -0.6070036880280592    
 -0.6047214640039313    
 -0.6023724789952730    
 -0.5999578155723473    
 -0.5974785244195282    
 -0.5949356247098312    
 -0.5923301045349255    
 -0.5896629213614397    
 -0.5869350024983339    
 -0.5841472455867827    
 -0.5813005191290335    
 -0.5783956630521470    
 -0.5754334892848261    
 -0.5724147823331938    
 -0.5693402998619720    
 -0.5662107732932077    
 -0.5630269084210752    
 -0.5597893860305124    
 -0.5564988625123655    
 -0.5531559704761047    
 -0.5497613193603531    
 -0.5463154960386620    
 -0.5428190654219285    
 -0.5392725710613679    
 -0.5356765357481210    
 -0.5320314620981303    
 -0.5283378331178170    
 -0.5245961127593143    
 -0.5208067464746837    
 -0.5169701617658451    
 -0.5130867687182854    
 -0.5091569605117927    
 -0.5051811139128635    
 -0.5011595897588356    
 -0.4970927334382551    
 -0.4929808753604650    
 -0.4888243314024158    
 -0.4846234033305686    
 -0.4803783792098780    
 -0.4760895338102925    
 -0.4717571290044592    
 -0.4673814141426165    
 -0.4629626264037887    
 -0.4585009911362886    
 -0.4539967221946596    
 -0.4494500222653677    
 -0.4448610831722132    
 -0.4402300861638464    
 -0.4355572021919062    
 -0.4308425921833333    
 -0.4260864073035582    
 -0.4212887892053974    
 -0.4164498702619324    
 -0.4115697737887976    
 -0.4066486142648453    
 -0.4016864975516312    
 -0.3966835211000974    
 -0.3916397741376623    
 -0.3865553378482035    
 -0.3814302855613528    
 -0.3762646829460315    
 -0.3710585881883637    
 -0.3658120521511475    
 -0.3605251185356455    
 -0.3551978240599297    
 -0.3498301986419623    
 -0.3444222655693786    
 -0.3389740416581900    
 -0.3334855374187111    
 -0.3279567572398679    
 -0.3223876995855213    
 -0.3167783571886135    
 -0.3111287172377855    
 -0.3054387615689498    
 -0.2997084668812343    
 -0.2939378049787839    
 -0.2881267430169767    
 -0.2822752437402941    
 -0.2763832657326110    
 -0.2704507637067809    
 -0.2644776888243932    
 -0.2584639890153745    
 -0.2524096092985689    
 -0.2463144921376636    
 -0.2401785778446938    
 -0.2340018050030808    
 -0.2277841108934355    
 -0.2215254319479686    
 -0.2152257042583074    
 -0.2088848641200506    
 -0.2025028485901955    
 -0.1960795960722164    
 -0.1896150469574822    
 -0.1831091443169901    
 -0.1765618346180683    
 -0.1699730684704225    
 -0.1633428014290230    
 -0.1566709948572501    
 -0.1499576168289077    
 -0.1432026430665843    
 -0.1364060579387292    
 -0.1295678555226706    
 -0.1226880407158010    
 -0.1157666303889917    
 -0.1088036546016945    
 -0.1017991578899042    
 -0.9475320061237452E-01
 -0.8766586034375334E-01
 -0.8053723332731200E-01
 -0.7336743600105611E-01
 -0.6615660659021644E-01
 -0.5890490675446380E-01
 -0.5161252329377186E-01
 -0.4427966992168580E-01
 -0.3690658910304015E-01
 -0.2949355394886854E-01
 -0.2204087016938866E-01
 -0.1454887808762723E-01
 -0.7017954708883112E-02
  0.5514841597279441E-03
  0.8158981739757931E-02
  0.1580403806334552E-01
  0.2348610771394796E-01
  0.3120459753183369E-01
  0.3895886428598283E-01
  0.4674821231823775E-01
  0.5457189117116809E-01
  0.6242909320677159E-01
  0.7031895121813989E-01
  0.7824053604300327E-01
  0.8619285419548442E-01
  0.9417484552676583E-01
  0.1021853809187304    
  0.1102232600221307    
  0.1182872090596069    
  0.1263758787074129    
  0.1344878420613400    
  0.1426215927004993    
  0.1507755428737981    
  0.1589480218277476    
  0.1671372742829562    
  0.1753414590724827    
  0.1835586479675257    
  0.1917868247123833    
  0.2000238842796577    
  0.2082676323599421    
  0.2165157851095640    
  0.2247659691757768    
  0.2330157220098526    
  0.2412624924837057    
  0.2495036418336882    
  0.2577364449465627    
  0.2659580919908871    
  0.2741656904039985    
  0.2823562672556995    
  0.2905267719999922    
  0.2986740796106179    
  0.3067949941017530    
  0.3148862524470188    
  0.3229445288988843    
  0.3309664396919080    
  0.3389485481198620    
  0.3468873699926779    
  0.3547793794674116    
  0.3626210152222104    
  0.3704086869458714    
  0.3781387821368530    
  0.3858076731984492    
  0.3934117247879262    
  0.4009473013762003    
  0.4084107749991078    
  0.4157985331800820    
  0.4231069869737336    
  0.4303325790736319    
  0.4374717919542648    
  0.4445211560233597    
  0.4514772577317311    
  0.4583367475770612    
  0.4650963479651288    
  0.4717528609050435    
  0.4783031754892405    
  0.4847442750954952    
  0.4910732442759497    
  0.4972872753167106    
  0.5033836744269589    
  0.5093598674995587    
  0.5152134054161617    
  0.5209419688981342    
  0.5265433728800585    
  0.5320155703535384    
  0.5373566556577388    
  0.5425648672383288    
  0.5476385898835133    
  0.5525763564023698    
  0.5573768487200703    
  0.5620388984178353    
  0.5665614867565256    
  0.5709437441805261    
  0.5751849492837269    
  0.5792845272614455    
  0.5832420479012158    
  0.5870572231382296    
  0.5907299041724898    
  0.5942600781668170    
  0.5976478645794201    
  0.6008935111759410    
  0.6039973897349166    
  0.6069599914623002    
  0.6097819221591186    
  0.6124638971929740    
  0.6150067363015921    
  0.6174113582449015    
  0.6196787753369515    
  0.6218100879014525    
  0.6238064786839842    
  0.6256692072387287    
  0.6273996043106389    
  0.6289990662462612    
  0.6304690494650268    
  0.6318110650077913    
  0.6330266731719523    
  0.6341174782519663    
  0.6350851234132384    
  0.6359312857185924    
  0.6366576713095179    
  0.6372660107433946    
  0.6377580545031627    
  0.6381355687010246    
  0.6384003309802045    
  0.6385541266029440    
  0.6385987447230181    
  0.6385359748609389    
  0.6383676035958316    
  0.6380954114623383    
  0.6377211700309028    
  0.6372466391703989    
  0.6366735645120252    
  0.6360036751218150    
  0.6352386813611536    
  0.6343802729095547    
  0.6334301169483876    
  0.6323898565233104    
  0.6312611090888363    
  0.6300454652096651    
  0.6287444873908992    
  0.6273597090382868    
  0.6258926335690214    
  0.6243447336731680    
  0.6227174506929608    
  0.6210121940912056    
  0.6192303410175233    
  0.6173732359973400    
  0.6154421907379175    
  0.6134384840130921    
  0.6113633616026076    
  0.6092180363022236    
  0.6070036880280592    
  0.6047214640039313    
  0.6023724789952730    
  0.5999578155723473    
  0.5974785244195282    
  0.5949356247098312    
  0.5923301045349255    
  0.5896629213614397    
  0.5869350024983339    
  0.5841472455867827    
  0.5813005191290335    
  0.5783956630521470    
  0.5754334892848261    
