  0.3478539369405453E-01
  0.3505678488535834E-01
  0.3533110659926614E-01
  0.3560837018169680E-01
  0.3588858691924069E-01
  0.3617176742003452E-01
  0.3645792139838634E-01
  0.3674705826577512E-01
  0.3703918730322300E-01
  0.3733431702894706E-01
  0.3763245499884250E-01
  0.3793360840911257E-01
  0.3823778425080509E-01
  0.3854498866398561E-01
  0.3885522675466123E-01
  0.3916850320941462E-01
  0.3948482243160553E-01
  0.3980418788178479E-01
  0.4012660191168858E-01
  0.4045206639127559E-01
  0.4078058282604369E-01
  0.4111215168337687E-01
  0.4144677224429649E-01
  0.4178444324333992E-01
  0.4212516296639648E-01
  0.4246892856265131E-01
  0.4281573591483440E-01
  0.4316558029240485E-01
  0.4351845642923954E-01
  0.4387435782079355E-01
  0.4423327661364396E-01
  0.4459520427247519E-01
  0.4496013163688760E-01
  0.4532804820335492E-01
  0.4569894203492204E-01
  0.4607280044251114E-01
  0.4644961002002210E-01
  0.4682935591060762E-01
  0.4721202173744661E-01
  0.4759759029992035E-01
  0.4798604358607905E-01
  0.4837736202269441E-01
  0.4877152442810505E-01
  0.4916850872384000E-01
  0.4956829192340358E-01
  0.4997084936548093E-01
  0.5037615468992145E-01
  0.5078418056542383E-01
  0.5119489865347340E-01
  0.5160827882399561E-01
  0.5202428915561971E-01
  0.5244289668006095E-01
  0.5286406731989503E-01
  0.5328776508586913E-01
  0.5371395210268986E-01
  0.5414258937077663E-01
  0.5457363667639012E-01
  0.5500705176970201E-01
  0.5544279041746057E-01
  0.5588080718283597E-01
  0.5632105530624216E-01
  0.5676348586316087E-01
  0.5720804784516992E-01
  0.5765468895865306E-01
  0.5810335547444898E-01
  0.5855399136430417E-01
  0.5900653841191050E-01
  0.5946093703133028E-01
  0.5991712608339177E-01
  0.6037504198952198E-01
  0.6083461887462064E-01
  0.6129578940613328E-01
  0.6175848457487165E-01
  0.6222263278486180E-01
  0.6268816003013210E-01
  0.6315499075548328E-01
  0.6362304759913451E-01
  0.6409225045708328E-01
  0.6456251669617624E-01
  0.6503376203778978E-01
  0.6550590025942479E-01
  0.6597884223195409E-01
  0.6645249617170595E-01
  0.6692676854845707E-01
  0.6740156374277376E-01
  0.6787678305440659E-01
  0.6835232499659435E-01
  0.6882808623005909E-01
  0.6930396117255976E-01
  0.6977984097657365E-01
  0.7025561386958153E-01
  0.7073116611609717E-01
  0.7120638157556504E-01
  0.7168114064744111E-01
  0.7215532066199085E-01
  0.7262879687284494E-01
  0.7310144195896826E-01
  0.7357312493520930E-01
  0.7404371159910415E-01
  0.7451306555711570E-01
  0.7498104766608152E-01
  0.7544751490741788E-01
  0.7591232089669581E-01
  0.7637531694755870E-01
  0.7683635144767426E-01
  0.7729526869496671E-01
  0.7775190947841569E-01
  0.7820611218490008E-01
  0.7865771210449951E-01
  0.7910654022763862E-01
  0.7955242390781511E-01
  0.7999518801823782E-01
  0.8043465418116283E-01
  0.8087063952561428E-01
  0.8130295744583399E-01
  0.8173141881699347E-01
  0.8215583114350852E-01
  0.8257599727845259E-01
  0.8299171629580271E-01
  0.8340278477786184E-01
  0.8380899587811994E-01
  0.8421013800567327E-01
  0.8460599583522893E-01
  0.8499635168368523E-01
  0.8538098448457149E-01
  0.8575966844441266E-01
  0.8613217422287237E-01
  0.8649827042290814E-01
  0.8685772247641316E-01
  0.8721029128487939E-01
  0.8755573461370283E-01
  0.8789380873001995E-01
  0.8822426720313456E-01
  0.8854685954960992E-01
  0.8886133290171369E-01
  0.8916743384008047E-01
  0.8946490711753308E-01
  0.8975349433847764E-01
  0.9003293598139921E-01
  0.9030297348809257E-01
  0.9056334792157586E-01
  0.9081379871626219E-01
  0.9105406615193759E-01
  0.9128389376683166E-01
  0.9150302694267416E-01
  0.9171121174322933E-01
  0.9190819792232371E-01
  0.9209374167987516E-01
  0.9226760406466625E-01
  0.9242954978585725E-01
  0.9257935066863453E-01
  0.9271678849545759E-01
  0.9284165268059914E-01
  0.9295373834715918E-01
  0.9305284933823850E-01
  0.9313879969030102E-01
  0.9321140828141586E-01
  0.9327049303285606E-01
  0.9331586917832413E-01
  0.9334734298416816E-01
  0.9336469397368671E-01
  0.9336765209844988E-01
  0.9335587276439572E-01
  0.9332889602513733E-01
  0.9328607795971017E-01
  0.9322649695458704E-01
  0.9314883032478316E-01
  0.9305117445594974E-01
  0.9293078419290622E-01
  0.9278372711129257E-01
  0.9260444568068880E-01
  0.9238521641626081E-01
  0.9211555390219114E-01
  0.9178172725908842E-01
  0.9136668701019993E-01
  0.9085083171097266E-01
  0.9021410187904497E-01
  0.8943958669852647E-01
  0.8851795868527561E-01
  0.8745104916618675E-01
  0.8625272611411608E-01
  0.8494642912346750E-01
  0.8356047948178720E-01
  0.8212322577503817E-01
  0.8065962446613494E-01
  0.7918967985583324E-01
  0.7772830431272497E-01
  0.7628595588724511E-01
  0.7486956351895213E-01
  0.7348343854376349E-01
  0.7213002682804892E-01
  0.7081048106409335E-01
  0.6952508772083990E-01
  0.6827357424918219E-01
  0.6705531499408496E-01
  0.6586946832178003E-01
  0.6471507511166129E-01
  0.6359112602927322E-01
  0.6249659896742071E-01
  0.6143048094725226E-01
  0.6039178729742369E-01
  0.5937957445904413E-01
  0.5839294143197926E-01
  0.5743102796324120E-01
  0.5649301712359095E-01
  0.5557813694162657E-01
  0.5468565573868285E-01
  0.5381487718428775E-01
  0.5296514042870103E-01
  0.5213581992441096E-01
  0.5132632036793285E-01
  0.5053607217440986E-01
  0.4976453181607816E-01
  0.4901118189580908E-01
  0.4827552696922125E-01
  0.4755709000518072E-01
  0.4685541313220725E-01
  0.4617005796298955E-01
  0.4550060213580741E-01
  0.4484663661295639E-01
  0.4420776683400104E-01
  0.4358361330676654E-01
  0.4297380872006231E-01
  0.4237799581809694E-01
  0.4179582873416387E-01
  0.4122697366907182E-01
  0.4067110639164587E-01
  0.4012791054365697E-01
  0.3959707909660021E-01
  0.3907831507945476E-01
  0.3857132936343551E-01
  0.3807583926165140E-01
  0.3759157001085453E-01
  0.3711825547411079E-01
  0.3665563612053036E-01
  0.3620345784482542E-01
  0.3576147345060938E-01
  0.3532944332043855E-01
  0.3490713355145635E-01
  0.3449431494315095E-01
  0.3409076445315670E-01
  0.3369626581146486E-01
  0.3331060776869435E-01
  0.3293358321097642E-01
  0.3256499057750994E-01
  0.3220463441940063E-01
  0.3185232374470553E-01
  0.3150787124146968E-01
  0.3117109465523475E-01
  0.3084181729246257E-01
  0.3051986644445065E-01
  0.3020507269757237E-01
  0.2989727126629810E-01
  0.2959630244159487E-01
  0.2930201008258058E-01
  0.2901424100263271E-01
  0.2873284626088966E-01
  0.2845768156131769E-01
  0.2818860580591923E-01
  0.2792548054822148E-01
  0.2766817124511371E-01
  0.2741654760965493E-01
  0.2717048221871895E-01
  0.2692985002553808E-01
  0.2669452957341747E-01
  0.2646440330575502E-01
  0.2623935622353317E-01
  0.2601927545167546E-01
  0.2580405141778081E-01
  0.2559357812363523E-01
  0.2538775184923532E-01
  0.2518647076853664E-01
  0.2498963609559945E-01
  0.2479715232064810E-01
  0.2460892595702496E-01
  0.2442486520196472E-01
  0.2424488105199096E-01
  0.2406888750617498E-01
  0.2389680035308703E-01
  0.2372853687319783E-01
  0.2356401692563506E-01
  0.2340316312138139E-01
  0.2324589964792556E-01
  0.2309215201046878E-01
  0.2294184809192127E-01
  0.2279491829830399E-01
  0.2265129441881322E-01
  0.2251090940307212E-01
  0.2237369839579569E-01
  0.2223959885619409E-01
  0.2210854945127571E-01
  0.2198048986665194E-01
  0.2185536181717945E-01
  0.2173310914203263E-01
  0.2161367672939568E-01
  0.2149701035870522E-01
  0.2138305768852970E-01
  0.2127176832884081E-01
  0.2116309279543533E-01
  0.2105698238169740E-01
  0.2095339012478775E-01
  0.2085227085638456E-01
  0.2075358018523016E-01
  0.2065727439659565E-01
  0.2056331139767290E-01
  0.2047165074786588E-01
  0.2038225266797300E-01
  0.2029507796570615E-01
  0.2021008896110054E-01
  0.2012724949734313E-01
  0.2004652397526633E-01
  0.1996787730347043E-01
  0.1989127580452493E-01
  0.1981668720723729E-01
  0.1974407970524846E-01
  0.1967342193043510E-01
  0.1960468384059452E-01
  0.1953783669394816E-01
  0.1947285213070550E-01
  0.1940970216851305E-01
  0.1934836007222651E-01
  0.1928880031134100E-01
  0.1923099766346047E-01
  0.1917492723066037E-01
  0.1912056529190749E-01
  0.1906788924405681E-01
  0.1901687672625723E-01
  0.1896750565619501E-01
  0.1891975506569102E-01
  0.1887360502587518E-01
  0.1882903579165286E-01
  0.1878602785688026E-01
  0.1874456277362311E-01
  0.1870462306208063E-01
  0.1866619137432081E-01
  0.1862925056750687E-01
  0.1859378450724120E-01
  0.1855977796275931E-01
  0.1852721578921496E-01
  0.1849608301814296E-01
  0.1846636564525714E-01
  0.1843805051138884E-01
  0.1841112450268054E-01
  0.1838557465754383E-01
  0.1836138893923356E-01
  0.1833855610295852E-01
  0.1831706491341922E-01
  0.1829690426760681E-01
  0.1827806395244043E-01
  0.1826053449842185E-01
  0.1824430641400959E-01
  0.1822937032369163E-01
  0.1821571771095620E-01
  0.1820334075880451E-01
  0.1819223160048680E-01
  0.1818238247236012E-01
  0.1817378644246560E-01
  0.1816643723816813E-01
  0.1816032851278631E-01
  0.1815545401279801E-01
  0.1815180829231105E-01
  0.1814938652807295E-01
  0.1814818380152542E-01
  0.1814819527993798E-01
  0.1814941691706245E-01
  0.1815184525575525E-01
  0.1815547672499377E-01
  0.1816030783451897E-01
  0.1816633586195996E-01
  0.1817355864333989E-01
  0.1818197388464284E-01
  0.1819157936955956E-01
  0.1820237363335080E-01
  0.1821435574153181E-01
  0.1822752461563815E-01
  0.1824187925367083E-01
  0.1825741939090497E-01
  0.1827414526702446E-01
  0.1829205696577523E-01
  0.1831115464770537E-01
  0.1833143919805357E-01
  0.1835291198257420E-01
  0.1837557420083100E-01
  0.1839942713088498E-01
  0.1842447276436853E-01
  0.1845071355122394E-01
  0.1847815176646975E-01
  0.1850678976657762E-01
  0.1853663061182998E-01
  0.1856767780013196E-01
  0.1859993464706219E-01
  0.1863340455367882E-01
  0.1866809161620642E-01
  0.1870400034901683E-01
  0.1874113507778306E-01
  0.1877950021851920E-01
  0.1881910087468752E-01
  0.1885994254946460E-01
  0.1890203055186081E-01
  0.1894537028685148E-01
  0.1898996783999367E-01
  0.1903582967903075E-01
  0.1908296207276177E-01
  0.1913137139205986E-01
  0.1918106468205159E-01
  0.1923204935311795E-01
  0.1928433261235811E-01
  0.1933792177537777E-01
  0.1939282482616088E-01
  0.1944905009757375E-01
  0.1950660571526776E-01
  0.1956549992004884E-01
  0.1962574161545231E-01
  0.1968734003776804E-01
  0.1975030421221271E-01
  0.1981464328573444E-01
  0.1988036706237589E-01
  0.1994748566294178E-01
  0.2001600899336414E-01
  0.2008594708779418E-01
  0.2015731063172549E-01
  0.2023011061128650E-01
  0.2030435779364553E-01
  0.2038006308024439E-01
  0.2045723801771872E-01
  0.2053589443691983E-01
  0.2061604394533333E-01
  0.2069769829033488E-01
  0.2078086985783544E-01
  0.2086557130098368E-01
  0.2095181504448950E-01
  0.2103961365780049E-01
  0.2112898034148628E-01
  0.2121992854569272E-01
  0.2131247148634989E-01
  0.2140662252813974E-01
  0.2150239565849165E-01
  0.2159980509572523E-01
  0.2169886481710916E-01
  0.2179958895158501E-01
  0.2190199224135523E-01
  0.2200608963970771E-01
  0.2211189585087224E-01
  0.2221942573236974E-01
  0.2232869474406571E-01
  0.2243971853565572E-01
  0.2255251249836748E-01
  0.2266709217691695E-01
  0.2278347370591096E-01
  0.2290167338689110E-01
  0.2302170725184802E-01
  0.2314359148474211E-01
  0.2326734284517516E-01
  0.2339297823496134E-01
  0.2352051427346585E-01
  0.2364996772861244E-01
  0.2378135592765614E-01
  0.2391469631321056E-01
  0.2405000603047933E-01
  0.2418730236774232E-01
  0.2432660315406259E-01
  0.2446792630465571E-01
  0.2461128942005972E-01
  0.2475671023610363E-01
  0.2490420700839557E-01
  0.2505379804693199E-01
  0.2520550132726367E-01
  0.2535933494993860E-01
  0.2551531751159057E-01
  0.2567346762868451E-01
  0.2583380356076733E-01
  0.2599634367938942E-01
  0.2616110682558195E-01
  0.2632811182261476E-01
  0.2649737711144975E-01
  0.2666892122917527E-01
  0.2684276315264945E-01
  0.2701892180012995E-01
  0.2719741567906270E-01
  0.2737826337408380E-01
  0.2756148387659952E-01
  0.2774709607513991E-01
  0.2793511841563313E-01
  0.2812556939903882E-01
  0.2831846789661650E-01
  0.2851383262884787E-01
  0.2871168183837302E-01
  0.2891203379733747E-01
  0.2911490710808179E-01
  0.2932032017046777E-01
  0.2952829086768449E-01
  0.2973883708341633E-01
  0.2995197698767679E-01
  0.3016772849237052E-01
  0.3038610895020778E-01
  0.3060713568181888E-01
  0.3083082624643076E-01
  0.3105719788548374E-01
  0.3128626723492618E-01
  0.3151805086242666E-01
  0.3175256552257413E-01
  0.3198982758835845E-01
  0.3222985277715234E-01
  0.3247265669820264E-01
  0.3271825509202124E-01
  0.3296666324953482E-01
  0.3321789575210363E-01
  0.3347196702950202E-01
  0.3372889158314529E-01
  0.3398868339269994E-01
  0.3425135567052242E-01
  0.3451692143036388E-01
  0.3478539369405453E-01
  0.3505678488535834E-01
  0.3533110659926614E-01
  0.3560837018169680E-01
  0.3588858691924069E-01
  0.3617176742003452E-01
  0.3645792139838634E-01
  0.3674705826577512E-01
  0.3703918730322300E-01
  0.3733431702894706E-01
  0.3763245499884250E-01
  0.3793360840911257E-01
  0.3823778425080509E-01
  0.3854498866398561E-01
  0.3885522675466123E-01
  0.3916850320941462E-01
  0.3948482243160553E-01
  0.3980418788178479E-01
  0.4012660191168858E-01
  0.4045206639127559E-01
  0.4078058282604369E-01
  0.4111215168337687E-01
  0.4144677224429649E-01
  0.4178444324333992E-01
  0.4212516296639648E-01
  0.4246892856265131E-01
  0.4281573591483440E-01
  0.4316558029240485E-01
  0.4351845642923954E-01
  0.4387435782079355E-01
  0.4423327661364396E-01
  0.4459520427247519E-01
  0.4496013163688760E-01
  0.4532804820335492E-01
  0.4569894203492204E-01
  0.4607280044251114E-01
  0.4644961002002210E-01
  0.4682935591060762E-01
  0.4721202173744661E-01
  0.4759759029992035E-01
  0.4798604358607905E-01
  0.4837736202269441E-01
  0.4877152442810505E-01
  0.4916850872384000E-01
  0.4956829192340358E-01
  0.4997084936548093E-01
  0.5037615468992145E-01
  0.5078418056542383E-01
  0.5119489865347340E-01
  0.5160827882399561E-01
  0.5202428915561971E-01
  0.5244289668006095E-01
  0.5286406731989503E-01
  0.5328776508586913E-01
  0.5371395210268986E-01
  0.5414258937077663E-01
  0.5457363667639012E-01
  0.5500705176970201E-01
  0.5544279041746057E-01
  0.5588080718283597E-01
  0.5632105530624216E-01
  0.5676348586316087E-01
  0.5720804784516992E-01
  0.5765468895865306E-01
  0.5810335547444898E-01
  0.5855399136430417E-01
  0.5900653841191050E-01
  0.5946093703133028E-01
  0.5991712608339177E-01
  0.6037504198952198E-01
  0.6083461887462064E-01
  0.6129578940613328E-01
  0.6175848457487165E-01
  0.6222263278486180E-01
  0.6268816003013210E-01
  0.6315499075548328E-01
  0.6362304759913451E-01
  0.6409225045708328E-01
  0.6456251669617624E-01
  0.6503376203778978E-01
  0.6550590025942479E-01
  0.6597884223195409E-01
  0.6645249617170595E-01
  0.6692676854845707E-01
  0.6740156374277376E-01
  0.6787678305440659E-01
  0.6835232499659435E-01
  0.6882808623005909E-01
  0.6930396117255976E-01
  0.6977984097657365E-01
  0.7025561386958153E-01
  0.7073116611609717E-01
  0.7120638157556504E-01
  0.7168114064744111E-01
  0.7215532066199085E-01
  0.7262879687284494E-01
  0.7310144195896826E-01
  0.7357312493520930E-01
  0.7404371159910415E-01
  0.7451306555711570E-01
  0.7498104766608152E-01
  0.7544751490741788E-01
  0.7591232089669581E-01
  0.7637531694755870E-01
  0.7683635144767426E-01
  0.7729526869496671E-01
  0.7775190947841569E-01
  0.7820611218490008E-01
  0.7865771210449951E-01
  0.7910654022763862E-01
  0.7955242390781511E-01
  0.7999518801823782E-01
  0.8043465418116283E-01
  0.8087063952561428E-01
  0.8130295744583399E-01
  0.8173141881699347E-01
  0.8215583114350852E-01
  0.8257599727845259E-01
  0.8299171629580271E-01
  0.8340278477786184E-01
  0.8380899587811994E-01
  0.8421013800567327E-01
  0.8460599583522893E-01
  0.8499635168368523E-01
  0.8538098448457149E-01
  0.8575966844441266E-01
  0.8613217422287237E-01
  0.8649827042290814E-01
  0.8685772247641316E-01
  0.8721029128487939E-01
  0.8755573461370283E-01
  0.8789380873001995E-01
  0.8822426720313456E-01
  0.8854685954960992E-01
  0.8886133290171369E-01
  0.8916743384008047E-01
  0.8946490711753308E-01
  0.8975349433847764E-01
  0.9003293598139921E-01
  0.9030297348809257E-01
  0.9056334792157586E-01
  0.9081379871626219E-01
  0.9105406615193759E-01
  0.9128389376683166E-01
  0.9150302694267416E-01
  0.9171121174322933E-01
  0.9190819792232371E-01
  0.9209374167987516E-01
  0.9226760406466625E-01
  0.9242954978585725E-01
  0.9257935066863453E-01
  0.9271678849545759E-01
  0.9284165268059914E-01
  0.9295373834715918E-01
  0.9305284933823850E-01
  0.9313879969030102E-01
  0.9321140828141586E-01
  0.9327049303285606E-01
  0.9331586917832413E-01
  0.9334734298416816E-01
  0.9336469397368671E-01
  0.9336765209844988E-01
  0.9335587276439572E-01
  0.9332889602513733E-01
  0.9328607795971017E-01
  0.9322649695458704E-01
  0.9314883032478316E-01
  0.9305117445594974E-01
  0.9293078419290622E-01
  0.9278372711129257E-01
  0.9260444568068880E-01
  0.9238521641626081E-01
  0.9211555390219114E-01
  0.9178172725908842E-01
  0.9136668701019993E-01
  0.9085083171097266E-01
  0.9021410187904497E-01
  0.8943958669852647E-01
  0.8851795868527561E-01
  0.8745104916618675E-01
  0.8625272611411608E-01
  0.8494642912346750E-01
  0.8356047948178720E-01
  0.8212322577503817E-01
  0.8065962446613494E-01
  0.7918967985583324E-01
  0.7772830431272497E-01
  0.7628595588724511E-01
  0.7486956351895213E-01
  0.7348343854376349E-01
  0.7213002682804892E-01
  0.7081048106409335E-01
  0.6952508772083990E-01
  0.6827357424918219E-01
  0.6705531499408496E-01
  0.6586946832178003E-01
  0.6471507511166129E-01
  0.6359112602927322E-01
  0.6249659896742071E-01
  0.6143048094725226E-01
  0.6039178729742369E-01
  0.5937957445904413E-01
  0.5839294143197926E-01
  0.5743102796324120E-01
  0.5649301712359095E-01
  0.5557813694162657E-01
  0.5468565573868285E-01
  0.5381487718428775E-01
  0.5296514042870103E-01
  0.5213581992441096E-01
  0.5132632036793285E-01
  0.5053607217440986E-01
  0.4976453181607816E-01
  0.4901118189580908E-01
  0.4827552696922125E-01
  0.4755709000518072E-01
  0.4685541313220725E-01
  0.4617005796298955E-01
  0.4550060213580741E-01
  0.4484663661295639E-01
  0.4420776683400104E-01
  0.4358361330676654E-01
  0.4297380872006231E-01
  0.4237799581809694E-01
  0.4179582873416387E-01
  0.4122697366907182E-01
  0.4067110639164587E-01
  0.4012791054365697E-01
  0.3959707909660021E-01
  0.3907831507945476E-01
  0.3857132936343551E-01
  0.3807583926165140E-01
  0.3759157001085453E-01
  0.3711825547411079E-01
  0.3665563612053036E-01
  0.3620345784482542E-01
  0.3576147345060938E-01
  0.3532944332043855E-01
  0.3490713355145635E-01
  0.3449431494315095E-01
  0.3409076445315670E-01
  0.3369626581146486E-01
  0.3331060776869435E-01
  0.3293358321097642E-01
  0.3256499057750994E-01
  0.3220463441940063E-01
  0.3185232374470553E-01
  0.3150787124146968E-01
  0.3117109465523475E-01
  0.3084181729246257E-01
  0.3051986644445065E-01
  0.3020507269757237E-01
  0.2989727126629810E-01
  0.2959630244159487E-01
  0.2930201008258058E-01
  0.2901424100263271E-01
  0.2873284626088966E-01
  0.2845768156131769E-01
  0.2818860580591923E-01
  0.2792548054822148E-01
  0.2766817124511371E-01
  0.2741654760965493E-01
  0.2717048221871895E-01
  0.2692985002553808E-01
  0.2669452957341747E-01
  0.2646440330575502E-01
  0.2623935622353317E-01
  0.2601927545167546E-01
  0.2580405141778081E-01
  0.2559357812363523E-01
  0.2538775184923532E-01
  0.2518647076853664E-01
  0.2498963609559945E-01
  0.2479715232064810E-01
  0.2460892595702496E-01
  0.2442486520196472E-01
  0.2424488105199096E-01
  0.2406888750617498E-01
  0.2389680035308703E-01
  0.2372853687319783E-01
  0.2356401692563506E-01
  0.2340316312138139E-01
  0.2324589964792556E-01
  0.2309215201046878E-01
  0.2294184809192127E-01
  0.2279491829830399E-01
  0.2265129441881322E-01
  0.2251090940307212E-01
  0.2237369839579569E-01
  0.2223959885619409E-01
  0.2210854945127571E-01
  0.2198048986665194E-01
  0.2185536181717945E-01
  0.2173310914203263E-01
  0.2161367672939568E-01
  0.2149701035870522E-01
  0.2138305768852970E-01
  0.2127176832884081E-01
  0.2116309279543533E-01
  0.2105698238169740E-01
  0.2095339012478775E-01
  0.2085227085638456E-01
  0.2075358018523016E-01
  0.2065727439659565E-01
  0.2056331139767290E-01
  0.2047165074786588E-01
  0.2038225266797300E-01
  0.2029507796570615E-01
  0.2021008896110054E-01
  0.2012724949734313E-01
  0.2004652397526633E-01
  0.1996787730347043E-01
  0.1989127580452493E-01
  0.1981668720723729E-01
  0.1974407970524846E-01
  0.1967342193043510E-01
  0.1960468384059452E-01
  0.1953783669394816E-01
  0.1947285213070550E-01
  0.1940970216851305E-01
  0.1934836007222651E-01
  0.1928880031134100E-01
  0.1923099766346047E-01
  0.1917492723066037E-01
  0.1912056529190749E-01
  0.1906788924405681E-01
  0.1901687672625723E-01
  0.1896750565619501E-01
  0.1891975506569102E-01
  0.1887360502587518E-01
  0.1882903579165286E-01
  0.1878602785688026E-01
  0.1874456277362311E-01
  0.1870462306208063E-01
  0.1866619137432081E-01
  0.1862925056750687E-01
  0.1859378450724120E-01
  0.1855977796275931E-01
  0.1852721578921496E-01
  0.1849608301814296E-01
  0.1846636564525714E-01
  0.1843805051138884E-01
  0.1841112450268054E-01
  0.1838557465754383E-01
  0.1836138893923356E-01
  0.1833855610295852E-01
  0.1831706491341922E-01
  0.1829690426760681E-01
  0.1827806395244043E-01
  0.1826053449842185E-01
  0.1824430641400959E-01
  0.1822937032369163E-01
  0.1821571771095620E-01
  0.1820334075880451E-01
  0.1819223160048680E-01
  0.1818238247236012E-01
  0.1817378644246560E-01
  0.1816643723816813E-01
  0.1816032851278631E-01
  0.1815545401279801E-01
  0.1815180829231105E-01
  0.1814938652807295E-01
  0.1814818380152542E-01
  0.1814819527993798E-01
  0.1814941691706245E-01
  0.1815184525575525E-01
  0.1815547672499377E-01
  0.1816030783451897E-01
  0.1816633586195996E-01
  0.1817355864333989E-01
  0.1818197388464284E-01
  0.1819157936955956E-01
  0.1820237363335080E-01
  0.1821435574153181E-01
  0.1822752461563815E-01
  0.1824187925367083E-01
  0.1825741939090497E-01
  0.1827414526702446E-01
  0.1829205696577523E-01
  0.1831115464770537E-01
  0.1833143919805357E-01
  0.1835291198257420E-01
  0.1837557420083100E-01
  0.1839942713088498E-01
  0.1842447276436853E-01
  0.1845071355122394E-01
  0.1847815176646975E-01
  0.1850678976657762E-01
  0.1853663061182998E-01
  0.1856767780013196E-01
  0.1859993464706219E-01
  0.1863340455367882E-01
  0.1866809161620642E-01
  0.1870400034901683E-01
  0.1874113507778306E-01
  0.1877950021851920E-01
  0.1881910087468752E-01
  0.1885994254946460E-01
  0.1890203055186081E-01
  0.1894537028685148E-01
  0.1898996783999367E-01
  0.1903582967903075E-01
  0.1908296207276177E-01
  0.1913137139205986E-01
  0.1918106468205159E-01
  0.1923204935311795E-01
  0.1928433261235811E-01
  0.1933792177537777E-01
  0.1939282482616088E-01
  0.1944905009757375E-01
  0.1950660571526776E-01
  0.1956549992004884E-01
  0.1962574161545231E-01
  0.1968734003776804E-01
  0.1975030421221271E-01
  0.1981464328573444E-01
  0.1988036706237589E-01
  0.1994748566294178E-01
  0.2001600899336414E-01
  0.2008594708779418E-01
  0.2015731063172549E-01
  0.2023011061128650E-01
  0.2030435779364553E-01
  0.2038006308024439E-01
  0.2045723801771872E-01
  0.2053589443691983E-01
  0.2061604394533333E-01
  0.2069769829033488E-01
  0.2078086985783544E-01
  0.2086557130098368E-01
  0.2095181504448950E-01
  0.2103961365780049E-01
  0.2112898034148628E-01
  0.2121992854569272E-01
  0.2131247148634989E-01
  0.2140662252813974E-01
  0.2150239565849165E-01
  0.2159980509572523E-01
  0.2169886481710916E-01
  0.2179958895158501E-01
  0.2190199224135523E-01
  0.2200608963970771E-01
  0.2211189585087224E-01
  0.2221942573236974E-01
  0.2232869474406571E-01
  0.2243971853565572E-01
  0.2255251249836748E-01
  0.2266709217691695E-01
  0.2278347370591096E-01
  0.2290167338689110E-01
  0.2302170725184802E-01
  0.2314359148474211E-01
  0.2326734284517516E-01
  0.2339297823496134E-01
  0.2352051427346585E-01
  0.2364996772861244E-01
  0.2378135592765614E-01
  0.2391469631321056E-01
  0.2405000603047933E-01
  0.2418730236774232E-01
  0.2432660315406259E-01
  0.2446792630465571E-01
  0.2461128942005972E-01
  0.2475671023610363E-01
  0.2490420700839557E-01
  0.2505379804693199E-01
  0.2520550132726367E-01
  0.2535933494993860E-01
  0.2551531751159057E-01
  0.2567346762868451E-01
  0.2583380356076733E-01
  0.2599634367938942E-01
  0.2616110682558195E-01
  0.2632811182261476E-01
  0.2649737711144975E-01
  0.2666892122917527E-01
  0.2684276315264945E-01
  0.2701892180012995E-01
  0.2719741567906270E-01
  0.2737826337408380E-01
  0.2756148387659952E-01
  0.2774709607513991E-01
  0.2793511841563313E-01
  0.2812556939903882E-01
  0.2831846789661650E-01
  0.2851383262884787E-01
  0.2871168183837302E-01
  0.2891203379733747E-01
  0.2911490710808179E-01
  0.2932032017046777E-01
  0.2952829086768449E-01
  0.2973883708341633E-01
  0.2995197698767679E-01
  0.3016772849237052E-01
  0.3038610895020778E-01
  0.3060713568181888E-01
  0.3083082624643076E-01
  0.3105719788548374E-01
  0.3128626723492618E-01
  0.3151805086242666E-01
  0.3175256552257413E-01
  0.3198982758835845E-01
  0.3222985277715234E-01
  0.3247265669820264E-01
  0.3271825509202124E-01
  0.3296666324953482E-01
  0.3321789575210363E-01
  0.3347196702950202E-01
  0.3372889158314529E-01
  0.3398868339269994E-01
  0.3425135567052242E-01
  0.3451692143036388E-01
