  0.6613866122651596    
  0.6622769927664915    
  0.6631488861931452    
  0.6640025540720274    
  0.6648382535833507    
  0.6656562375382368    
  0.6664567543590103    
  0.6672400480620877    
  0.6680063582433831    
  0.6687559200661271    
  0.6694889642509996    
  0.6702057170684973    
  0.6709064003334608    
  0.6715912314016643    
  0.6722604231683844    
  0.6729141840688656    
  0.6735527180806223    
  0.6741762247274851    
  0.6747848990853179    
  0.6753789317893302    
  0.6759585090429312    
  0.6765238126280428    
  0.6770750199168073    
  0.6776123038846159    
  0.6781358331244183    
  0.6786457718622405    
  0.6791422799738454    
  0.6796255130024759    
  0.6800956221776510    
  0.6805527544349422    
  0.6809970524366786    
  0.6814286545935246    
  0.6818476950869010    
  0.6822543038921968    
  0.6826486068027225    
  0.6830307254543518    
  0.6834007773508280    
  0.6837588758896961    
  0.6841051303888093    
  0.6844396461133715    
  0.6847625243034939    
  0.6850738622022339    
  0.6853737530840669    
  0.6856622862837612    
  0.6859395472256407    
  0.6862056174532057    
  0.6864605746590772    
  0.6867044927152238    
  0.6869374417034706    
  0.6871594879462657    
  0.6873706940376714    
  0.6875711188745500    
  0.6877608176879385    
  0.6879398420745917    
  0.6881082400286791    
  0.6882660559735957    
  0.6884133307938868    
  0.6885501018672776    
  0.6886764030967845    
  0.6887922649428843    
  0.6888977144557387    
  0.6889927753074625    
  0.6890774678244227    
  0.6891518090195505    
  0.6892158126246587    
  0.6892694891227609    
  0.6893128457803784    
  0.6893458866798189    
  0.6893686127514268    
  0.6893810218058013    
  0.6893831085659706    
  0.6893748646995073    
  0.6893562788505848    
  0.6893273366719781    
  0.6892880208569940    
  0.6892383111713258    
  0.6891781844848208    
  0.6891076148031757    
  0.6890265732995446    
  0.6889350283460518    
  0.6888329455452094    
  0.6887202877612396    
  0.6885970151512993    
  0.6884630851965994    
  0.6883184527334159    
  0.6881630699839998    
  0.6879968865873771    
  0.6878198496300344    
  0.6876319036764894    
  0.6874329907997546    
  0.6872230506116851    
  0.6870020202932069    
  0.6867698346244302    
  0.6865264260146404    
  0.6862717245321789    
  0.6860056579341989    
  0.6857281516962987    
  0.6854391290420414    
  0.6851385109723515    
  0.6848262162947896    
  0.6845021616527051    
  0.6841662615542667    
  0.6838184284013776    
  0.6834585725184678    
  0.6830866021811576    
  0.6827024236448058    
  0.6823059411729357    
  0.6818970570655446    
  0.6814756716872838    
  0.6810416834955229    
  0.6805949890682934    
  0.6801354831321162    
  0.6796630585897032    
  0.6791776065475413    
  0.6786790163433558    
  0.6781671755734622    
  0.6776419701199965    
  0.6771032841780282    
  0.6765510002825541    
  0.6759849993353790    
  0.6754051606318788    
  0.6748113618876523    
  0.6742034792650551    
  0.6735813873996248    
  0.6729449594263884    
  0.6722940670060651    
  0.6716285803511536    
  0.6709483682519185    
  0.6702532981022600    
  0.6695432359254846    
  0.6688180463999611    
  0.6680775928846869    
  0.6673217374447458    
  0.6665503408766669    
  0.6657632627336798    
  0.6649603613508824    
  0.6641414938703110    
  0.6633065162659273    
  0.6624552833685025    
  0.6615876488904255    
  0.6607034654504247    
  0.6598025845982138    
  0.6588848568390572    
  0.6579501316582637    
  0.6569982575456073    
  0.6560290820196877    
  0.6550424516522246    
  0.6540382120923007    
  0.6530162080905468    
  0.6519762835232836    
  0.6509182814166177    
  0.6498420439705035    
  0.6487474125827716    
  0.6476342278731380    
  0.6465023297071899    
  0.6453515572203629    
  0.6441817488419108    
  0.6429927423188833    
  0.6417843747401100    
  0.6405564825602108    
  0.6393089016236246    
  0.6380414671886832    
  0.6367540139517185    
  0.6354463760712419    
  0.6341183871921744    
  0.6327698804701629    
  0.6314006885959763    
  0.6300106438200149    
  0.6285995779769189    
  0.6271673225103088    
  0.6257137084976492    
  0.6242385666752791    
  0.6227417274636002    
  0.6212230209924455    
  0.6196822771266337    
  0.6181193254917390    
  0.6165339955000855    
  0.6149261163769889    
  0.6132955171872398    
  0.6116420268618719    
  0.6099654742252246    
  0.6082656880223265    
  0.6065424969466018    
  0.6047957296679343    
  0.6030252148610963    
  0.6012307812345846    
  0.5994122575598635    
  0.5975694727010511    
  0.5957022556450542    
  0.5938104355321937    
  0.5918938416873317    
  0.5899523036515417    
  0.5879856512143210    
  0.5859937144463977    
  0.5839763237331277    
  0.5819333098085522    
  0.5798645037901065    
  0.5777697372140209    
  0.5756488420714296    
  0.5735016508452415    
  0.5713279965477855    
  0.5691277127592663    
  0.5669006336670385    
  0.5646465941057585    
  0.5623654295984352    
  0.5600569763984230    
  0.5577210715323648    
  0.5553575528441378    
  0.5529662590398222    
  0.5505470297337522    
  0.5480997054956458    
  0.5456241278988760    
  0.5431201395698949    
  0.5405875842388643    
  0.5380263067915141    
  0.5354361533222816    
  0.5328169711887460    
  0.5301686090674140    
  0.5274909170108705    
  0.5247837465063527    
  0.5220469505357678    
  0.5192803836371901    
  0.5164839019678731    
  0.5136573633688186    
  0.5108006274309211    
  0.5079135555627482    
  0.5049960110599556    
  0.5020478591764237    
  0.4990689671971046    
  0.4960592045126311    
  0.4930184426957007    
  0.4899465555792948    
  0.4868434193367376    
  0.4837089125636440    
  0.4805429163617540    
  0.4773453144247237    
  0.4741159931258757    
  0.4708548416079492    
  0.4675617518748494    
  0.4642366188854435    
  0.4608793406494083    
  0.4574898183251606    
  0.4540679563198596    
  0.4506136623915349    
  0.4471268477533320    
  0.4436074271799036    
  0.4400553191159272    
  0.4364704457867856    
  0.4328527333113947    
  0.4292021118172010    
  0.4255185155573083    
  0.4218018830297685    
  0.4180521570990007    
  0.4142692851193531    
  0.4104532190607659    
  0.4066039156365415    
  0.4027213364331802    
  0.3988054480422941    
  0.3948562221944902    
  0.3908736358952805    
  0.3868576715629068    
  0.3828083171680788    
  0.3787255663755459    
  0.3746094186874809    
  0.3704598795885933    
  0.3662769606929346    
  0.3620606798922861    
  0.3578110615060948    
  0.3535281364328369    
  0.3492119423027481    
  0.3448625236317983    
  0.3404799319768447    
  0.3360642260918344    
  0.3316154720849712    
  0.3271337435766778    
  0.3226191218582772    
  0.3180716960512192    
  0.3134915632667354    
  0.3088788287657436    
  0.3042336061188748    
  0.2995560173664390    
  0.2948461931781858    
  0.2901042730126412    
  0.2853304052758675    
  0.2805247474794293    
  0.2756874663973794    
  0.2708187382220294    
  0.2659187487183079    
  0.2609876933764617    
  0.2560257775629018    
  0.2510332166689006    
  0.2460102362569573    
  0.2409570722045153    
  0.2358739708447986    
  0.2307611891044610    
  0.2256189946378124    
  0.2204476659573159    
  0.2152474925601001    
  0.2100187750501438    
  0.2047618252558686    
  0.1994769663427917    
  0.1941645329209491    
  0.1888248711467501    
  0.1834583388189872    
  0.1780653054686582    
  0.1726461524422928    
  0.1672012729783879    
  0.1617310722766672    
  0.1562359675598126    
  0.1507163881273697    
  0.1451727754014631    
  0.1396055829640115    
  0.1340152765850812    
  0.1284023342420710    
  0.1227672461293675    
  0.1171105146582024    
  0.1114326544463780    
  0.1057341922975719    
  0.1000156671698631    
  0.9427763013320428E-01
  0.8852064431554579E-01
  0.8274528483739672E-01
  0.7695213873448913E-01
  0.7114180486835518E-01
  0.6531489382450514E-01
  0.5947202779801632E-01
  0.5361384046629750E-01
  0.4774097684887588E-01
  0.4185409315401065E-01
  0.3595385661199999E-01
  0.3004094529498459E-01
  0.2411604792316331E-01
  0.1817986365729602E-01
  0.1223310187745981E-01
  0.6276481947973270E-02
  0.3107329684883623E-03
 -0.5663406488785989E-02
 -0.1164518865567023E-01
 -0.1763385685841751E-01
 -0.2362864582180083E-01
 -0.2962878198680901E-01
 -0.3563348384178217E-01
 -0.4164196226687863E-01
 -0.4765342089166909E-01
 -0.5366705646565647E-01
 -0.5968205924140649E-01
 -0.6569761337003875E-01
 -0.7171289730874966E-01
 -0.7772708424009231E-01
 -0.8373934250261883E-01
 -0.8974883603247590E-01
 -0.9575472481546526E-01
 -0.1017561653491409    
 -0.1077523111144679    
 -0.1137423130566148    
 -0.1197253200742359    
 -0.1257004795166630    
 -0.1316669376883687    
 -0.1376238403601774    
 -0.1435703332866009    
 -0.1495055627286302    
 -0.1554286759811844    
 -0.1613388219045397    
 -0.1672351514590332    
 -0.1731168182423900    
 -0.1789829790288683    
 -0.1848327943094246    
 -0.1906654288320770    
 -0.1964800521417448    
 -0.2022758391187698    
 -0.2080519705153581    
 -0.2138076334890588    
 -0.2195420221325034    
 -0.2252543379985916    
 -0.2309437906203802    
 -0.2366095980248480    
 -0.2422509872397569    
 -0.2478671947927945    
 -0.2534574672022931    
 -0.2590210614587426    
 -0.2645572454963935    
 -0.2700652986541810    
 -0.2755445121253106    
 -0.2809941893948279    
 -0.2864136466645504    
 -0.2918022132646734    
 -0.2971592320515083    
 -0.3024840597907080    
 -0.3077760675255294    
 -0.3130346409295859    
 -0.3182591806436295    
 -0.3234491025958814    
 -0.3286038383055302    
 -0.3337228351690071    
 -0.3388055567287476    
 -0.3438514829241003    
 -0.3488601103241449    
 -0.3538309523421581    
 -0.3587635394315836    
 -0.3636574192633445    
 -0.3685121568844212    
 -0.3733273348575744    
 -0.3781025533822139    
 -0.3828374303963790    
 -0.3875316016599264    
 -0.3921847208189746    
 -0.3967964594517470    
 -0.4013665070959269    
 -0.4058945712577388    
 -0.4103803774029450    
 -0.4148236689300444    
 -0.4192242071259220    
 -0.4235817711042849    
 -0.4278961577271914    
 -0.4321671815100562    
 -0.4363946745105162    
 -0.4405784862015884    
 -0.4447184833295322    
 -0.4488145497569033    
 -0.4528665862912215    
 -0.4568745104997938    
 -0.4608382565111800    
 -0.4647577748038429    
 -0.4686330319824927    
 -0.4724640105426980    
 -0.4762507086242933    
 -0.4799931397541769    
 -0.4836913325790352    
 -0.4873453305885937    
 -0.4909551918299579    
 -0.4945209886136389    
 -0.4980428072118194    
 -0.5015207475494564    
 -0.5049549228887737    
 -0.5083454595077544    
 -0.5116924963731637    
 -0.5149961848086775    
 -0.5182566881586522    
 -0.5214741814481059    
 -0.5246488510394209    
 -0.5277808942863120    
 -0.5308705191855432    
 -0.5339179440269349    
 -0.5369233970421179    
 -0.5398871160525249    
 -0.5428093481170603    
 -0.5456903491799153    
 -0.5485303837189498    
 -0.5513297243950679    
 -0.5540886517029533    
 -0.5568074536235996    
 -0.5594864252789535    
 -0.5621258685890613    
 -0.5647260919320206    
 -0.5672874098070804    
 -0.5698101425011772    
 -0.5722946157592084    
 -0.5747411604582817    
 -0.5771501122862237    
 -0.5795218114245606    
 -0.5818566022362099    
 -0.5841548329580641    
 -0.5864168553986731    
 -0.5886430246411898    
 -0.5908336987517496    
 -0.5929892384933968    
 -0.5951100070457233    
 -0.5971963697303109    
 -0.5992486937420977    
 -0.6012673478867270    
 -0.6032527023239789    
 -0.6052051283173411    
 -0.6071249979897819    
 -0.6090126840857379    
 -0.6108685597393674    
 -0.6126929982490786    
 -0.6144863728583629    
 -0.6162490565428957    
 -0.6179814218039212    
 -0.6196838404678933    
 -0.6213566834923588    
 -0.6230003207780227    
 -0.6246151209869752    
 -0.6262014513670184    
 -0.6277596775820602    
 -0.6292901635484847    
 -0.6307932712774449    
 -0.6322693607230018    
 -0.6337187896360580    
 -0.6351419134239698    
 -0.6365390850157653    
 -0.6379106547328776    
 -0.6392569701653197    
 -0.6405783760531839    
 -0.6418752141733667    
 -0.6431478232314191    
 -0.6443965387584450    
 -0.6456216930129147    
 -0.6468236148872973    
 -0.6480026298193958    
 -0.6491590597083003    
 -0.6502932228348283    
 -0.6514054337863507    
 -0.6524960033858862    
 -0.6535652386253669    
 -0.6546134426029560    
 -0.6556409144643097    
 -0.6566479493476649    
 -0.6576348383326651    
 -0.6586018683927981    
 -0.6595493223513451    
 -0.6604774788407264    
 -0.6613866122651596    
 -0.6622769927664915    
 -0.6631488861931452    
 -0.6640025540720274    
 -0.6648382535833507    
 -0.6656562375382368    
 -0.6664567543590103    
 -0.6672400480620877    
 -0.6680063582433831    
 -0.6687559200661271    
 -0.6694889642509996    
 -0.6702057170684973    
 -0.6709064003334608    
 -0.6715912314016643    
 -0.6722604231683844    
 -0.6729141840688656    
 -0.6735527180806223    
 -0.6741762247274851    
 -0.6747848990853179    
 -0.6753789317893302    
 -0.6759585090429312    
 -0.6765238126280428    
 -0.6770750199168073    
 -0.6776123038846159    
 -0.6781358331244183    
 -0.6786457718622405    
 -0.6791422799738454    
 -0.6796255130024759    
 -0.6800956221776510    
 -0.6805527544349422    
 -0.6809970524366786    
 -0.6814286545935246    
 -0.6818476950869010    
 -0.6822543038921968    
 -0.6826486068027225    
 -0.6830307254543518    
 -0.6834007773508280    
 -0.6837588758896961    
 -0.6841051303888093    
 -0.6844396461133715    
 -0.6847625243034939    
 -0.6850738622022339    
 -0.6853737530840669    
 -0.6856622862837612    
 -0.6859395472256407    
 -0.6862056174532057    
 -0.6864605746590772    
 -0.6867044927152238    
 -0.6869374417034706    
 -0.6871594879462657    
 -0.6873706940376714    
 -0.6875711188745500    
 -0.6877608176879385    
 -0.6879398420745917    
 -0.6881082400286791    
 -0.6882660559735957    
 -0.6884133307938868    
 -0.6885501018672776    
 -0.6886764030967845    
 -0.6887922649428843    
 -0.6888977144557387    
 -0.6889927753074625    
 -0.6890774678244227    
 -0.6891518090195505    
 -0.6892158126246587    
 -0.6892694891227609    
 -0.6893128457803784    
 -0.6893458866798189    
 -0.6893686127514268    
 -0.6893810218058013    
 -0.6893831085659706    
 -0.6893748646995073    
 -0.6893562788505848    
 -0.6893273366719781    
 -0.6892880208569940    
 -0.6892383111713258    
 -0.6891781844848208    
 -0.6891076148031757    
 -0.6890265732995446    
 -0.6889350283460518    
 -0.6888329455452094    
 -0.6887202877612396    
 -0.6885970151512993    
 -0.6884630851965994    
 -0.6883184527334159    
 -0.6881630699839998    
 -0.6879968865873771    
 -0.6878198496300344    
 -0.6876319036764894    
 -0.6874329907997546    
 -0.6872230506116851    
 -0.6870020202932069    
 -0.6867698346244302    
 -0.6865264260146404    
 -0.6862717245321789    
 -0.6860056579341989    
 -0.6857281516962987    
 -0.6854391290420414    
 -0.6851385109723515    
 -0.6848262162947896    
 -0.6845021616527051    
 -0.6841662615542667    
 -0.6838184284013776    
 -0.6834585725184678    
 -0.6830866021811576    
 -0.6827024236448058    
 -0.6823059411729357    
 -0.6818970570655446    
 -0.6814756716872838    
 -0.6810416834955229    
 -0.6805949890682934    
 -0.6801354831321162    
 -0.6796630585897032    
 -0.6791776065475413    
 -0.6786790163433558    
 -0.6781671755734622    
 -0.6776419701199965    
 -0.6771032841780282    
 -0.6765510002825541    
 -0.6759849993353790    
 -0.6754051606318788    
 -0.6748113618876523    
 -0.6742034792650551    
 -0.6735813873996248    
 -0.6729449594263884    
 -0.6722940670060651    
 -0.6716285803511536    
 -0.6709483682519185    
 -0.6702532981022600    
 -0.6695432359254846    
 -0.6688180463999611    
 -0.6680775928846869    
 -0.6673217374447458    
 -0.6665503408766669    
 -0.6657632627336798    
 -0.6649603613508824    
 -0.6641414938703110    
 -0.6633065162659273    
 -0.6624552833685025    
 -0.6615876488904255    
 -0.6607034654504247    
 -0.6598025845982138    
 -0.6588848568390572    
 -0.6579501316582637    
 -0.6569982575456073    
 -0.6560290820196877    
 -0.6550424516522246    
 -0.6540382120923007    
 -0.6530162080905468    
 -0.6519762835232836    
 -0.6509182814166177    
 -0.6498420439705035    
 -0.6487474125827716    
 -0.6476342278731380    
 -0.6465023297071899    
 -0.6453515572203629    
 -0.6441817488419108    
 -0.6429927423188833    
 -0.6417843747401100    
 -0.6405564825602108    
 -0.6393089016236246    
 -0.6380414671886832    
 -0.6367540139517185    
 -0.6354463760712419    
 -0.6341183871921744    
 -0.6327698804701629    
 -0.6314006885959763    
 -0.6300106438200149    
 -0.6285995779769189    
 -0.6271673225103088    
 -0.6257137084976492    
 -0.6242385666752791    
 -0.6227417274636002    
 -0.6212230209924455    
 -0.6196822771266337    
 -0.6181193254917390    
 -0.6165339955000855    
 -0.6149261163769889    
 -0.6132955171872398    
 -0.6116420268618719    
 -0.6099654742252246    
 -0.6082656880223265    
 -0.6065424969466018    
 -0.6047957296679343    
 -0.6030252148610963    
 -0.6012307812345846    
 -0.5994122575598635    
 -0.5975694727010511    
 -0.5957022556450542    
 -0.5938104355321937    
 -0.5918938416873317    
 -0.5899523036515417    
 -0.5879856512143210    
 -0.5859937144463977    
 -0.5839763237331277    
 -0.5819333098085522    
 -0.5798645037901065    
 -0.5777697372140209    
 -0.5756488420714296    
 -0.5735016508452415    
 -0.5713279965477855    
 -0.5691277127592663    
 -0.5669006336670385    
 -0.5646465941057585    
 -0.5623654295984352    
 -0.5600569763984230    
 -0.5577210715323648    
 -0.5553575528441378    
 -0.5529662590398222    
 -0.5505470297337522    
 -0.5480997054956458    
 -0.5456241278988760    
 -0.5431201395698949    
 -0.5405875842388643    
 -0.5380263067915141    
 -0.5354361533222816    
 -0.5328169711887460    
 -0.5301686090674140    
 -0.5274909170108705    
 -0.5247837465063527    
 -0.5220469505357678    
 -0.5192803836371901    
 -0.5164839019678731    
 -0.5136573633688186    
 -0.5108006274309211    
 -0.5079135555627482    
 -0.5049960110599556    
 -0.5020478591764237    
 -0.4990689671971046    
 -0.4960592045126311    
 -0.4930184426957007    
 -0.4899465555792948    
 -0.4868434193367376    
 -0.4837089125636440    
 -0.4805429163617540    
 -0.4773453144247237    
 -0.4741159931258757    
 -0.4708548416079492    
 -0.4675617518748494    
 -0.4642366188854435    
 -0.4608793406494083    
 -0.4574898183251606    
 -0.4540679563198596    
 -0.4506136623915349    
 -0.4471268477533320    
 -0.4436074271799036    
 -0.4400553191159272    
 -0.4364704457867856    
 -0.4328527333113947    
 -0.4292021118172010    
 -0.4255185155573083    
 -0.4218018830297685    
 -0.4180521570990007    
 -0.4142692851193531    
 -0.4104532190607659    
 -0.4066039156365415    
 -0.4027213364331802    
 -0.3988054480422941    
 -0.3948562221944902    
 -0.3908736358952805    
 -0.3868576715629068    
 -0.3828083171680788    
 -0.3787255663755459    
 -0.3746094186874809    
 -0.3704598795885933    
 -0.3662769606929346    
 -0.3620606798922861    
 -0.3578110615060948    
 -0.3535281364328369    
 -0.3492119423027481    
 -0.3448625236317983    
 -0.3404799319768447    
 -0.3360642260918344    
 -0.3316154720849712    
 -0.3271337435766778    
 -0.3226191218582772    
 -0.3180716960512192    
 -0.3134915632667354    
 -0.3088788287657436    
 -0.3042336061188748    
 -0.2995560173664390    
 -0.2948461931781858    
 -0.2901042730126412    
 -0.2853304052758675    
 -0.2805247474794293    
 -0.2756874663973794    
 -0.2708187382220294    
 -0.2659187487183079    
 -0.2609876933764617    
 -0.2560257775629018    
 -0.2510332166689006    
 -0.2460102362569573    
 -0.2409570722045153    
 -0.2358739708447986    
 -0.2307611891044610    
 -0.2256189946378124    
 -0.2204476659573159    
 -0.2152474925601001    
 -0.2100187750501438    
 -0.2047618252558686    
 -0.1994769663427917    
 -0.1941645329209491    
 -0.1888248711467501    
 -0.1834583388189872    
 -0.1780653054686582    
 -0.1726461524422928    
 -0.1672012729783879    
 -0.1617310722766672    
 -0.1562359675598126    
 -0.1507163881273697    
 -0.1451727754014631    
 -0.1396055829640115    
 -0.1340152765850812    
 -0.1284023342420710    
 -0.1227672461293675    
 -0.1171105146582024    
 -0.1114326544463780    
 -0.1057341922975719    
 -0.1000156671698631    
 -0.9427763013320428E-01
 -0.8852064431554579E-01
 -0.8274528483739672E-01
 -0.7695213873448913E-01
 -0.7114180486835518E-01
 -0.6531489382450514E-01
 -0.5947202779801632E-01
 -0.5361384046629750E-01
 -0.4774097684887588E-01
 -0.4185409315401065E-01
 -0.3595385661199999E-01
 -0.3004094529498459E-01
 -0.2411604792316331E-01
 -0.1817986365729602E-01
 -0.1223310187745981E-01
 -0.6276481947973270E-02
 -0.3107329684883623E-03
  0.5663406488785989E-02
  0.1164518865567023E-01
  0.1763385685841751E-01
  0.2362864582180083E-01
  0.2962878198680901E-01
  0.3563348384178217E-01
  0.4164196226687863E-01
  0.4765342089166909E-01
  0.5366705646565647E-01
  0.5968205924140649E-01
  0.6569761337003875E-01
  0.7171289730874966E-01
  0.7772708424009231E-01
  0.8373934250261883E-01
  0.8974883603247590E-01
  0.9575472481546526E-01
  0.1017561653491409    
  0.1077523111144679    
  0.1137423130566148    
  0.1197253200742359    
  0.1257004795166630    
  0.1316669376883687    
  0.1376238403601774    
  0.1435703332866009    
  0.1495055627286302    
  0.1554286759811844    
  0.1613388219045397    
  0.1672351514590332    
  0.1731168182423900    
  0.1789829790288683    
  0.1848327943094246    
  0.1906654288320770    
  0.1964800521417448    
  0.2022758391187698    
  0.2080519705153581    
  0.2138076334890588    
  0.2195420221325034    
  0.2252543379985916    
  0.2309437906203802    
  0.2366095980248480    
  0.2422509872397569    
  0.2478671947927945    
  0.2534574672022931    
  0.2590210614587426    
  0.2645572454963935    
  0.2700652986541810    
  0.2755445121253106    
  0.2809941893948279    
  0.2864136466645504    
  0.2918022132646734    
  0.2971592320515083    
  0.3024840597907080    
  0.3077760675255294    
  0.3130346409295859    
  0.3182591806436295    
  0.3234491025958814    
  0.3286038383055302    
  0.3337228351690071    
  0.3388055567287476    
  0.3438514829241003    
  0.3488601103241449    
  0.3538309523421581    
  0.3587635394315836    
  0.3636574192633445    
  0.3685121568844212    
  0.3733273348575744    
  0.3781025533822139    
  0.3828374303963790    
  0.3875316016599264    
  0.3921847208189746    
  0.3967964594517470    
  0.4013665070959269    
  0.4058945712577388    
  0.4103803774029450    
  0.4148236689300444    
  0.4192242071259220    
  0.4235817711042849    
  0.4278961577271914    
  0.4321671815100562    
  0.4363946745105162    
  0.4405784862015884    
  0.4447184833295322    
  0.4488145497569033    
  0.4528665862912215    
  0.4568745104997938    
  0.4608382565111800    
  0.4647577748038429    
  0.4686330319824927    
  0.4724640105426980    
  0.4762507086242933    
  0.4799931397541769    
  0.4836913325790352    
  0.4873453305885937    
  0.4909551918299579    
  0.4945209886136389    
  0.4980428072118194    
  0.5015207475494564    
  0.5049549228887737    
  0.5083454595077544    
  0.5116924963731637    
  0.5149961848086775    
  0.5182566881586522    
  0.5214741814481059    
  0.5246488510394209    
  0.5277808942863120    
  0.5308705191855432    
  0.5339179440269349    
  0.5369233970421179    
  0.5398871160525249    
  0.5428093481170603    
  0.5456903491799153    
  0.5485303837189498    
  0.5513297243950679    
  0.5540886517029533    
  0.5568074536235996    
  0.5594864252789535    
  0.5621258685890613    
  0.5647260919320206    
  0.5672874098070804    
  0.5698101425011772    
  0.5722946157592084    
  0.5747411604582817    
  0.5771501122862237    
  0.5795218114245606    
  0.5818566022362099    
  0.5841548329580641    
  0.5864168553986731    
  0.5886430246411898    
  0.5908336987517496    
  0.5929892384933968    
  0.5951100070457233    
  0.5971963697303109    
  0.5992486937420977    
  0.6012673478867270    
  0.6032527023239789    
  0.6052051283173411    
  0.6071249979897819    
  0.6090126840857379    
  0.6108685597393674    
  0.6126929982490786    
  0.6144863728583629    
  0.6162490565428957    
  0.6179814218039212    
  0.6196838404678933    
  0.6213566834923588    
  0.6230003207780227    
  0.6246151209869752    
  0.6262014513670184    
  0.6277596775820602    
  0.6292901635484847    
  0.6307932712774449    
  0.6322693607230018    
  0.6337187896360580    
  0.6351419134239698    
  0.6365390850157653    
  0.6379106547328776    
  0.6392569701653197    
  0.6405783760531839    
  0.6418752141733667    
  0.6431478232314191    
  0.6443965387584450    
  0.6456216930129147    
  0.6468236148872973    
  0.6480026298193958    
  0.6491590597083003    
  0.6502932228348283    
  0.6514054337863507    
  0.6524960033858862    
  0.6535652386253669    
  0.6546134426029560    
  0.6556409144643097    
  0.6566479493476649    
  0.6576348383326651    
  0.6586018683927981    
  0.6595493223513451    
  0.6604774788407264    
