  0.4654497701275952E-01
  0.4719288819509426E-01
  0.4785359794472559E-01
  0.4852713407743475E-01
  0.4921357308838349E-01
  0.4991305061983937E-01
  0.5062564354195187E-01
  0.5135135816437606E-01
  0.5209023807875603E-01
  0.5284237532559598E-01
  0.5360781087458221E-01
  0.5438652195877997E-01
  0.5517851084466596E-01
  0.5598381687120368E-01
  0.5680243654257112E-01
  0.5763430980625349E-01
  0.5847938843162979E-01
  0.5933764910994672E-01
  0.6020903458303022E-01
  0.6109343863895914E-01
  0.6199075252779017E-01
  0.6290087936226188E-01
  0.6382369800068896E-01
  0.6475904650050980E-01
  0.6570674469015725E-01
  0.6666661014430877E-01
  0.6763844685516614E-01
  0.6862202680570381E-01
  0.6961708643619462E-01
  0.7062334455682734E-01
  0.7164051829223783E-01
  0.7266830236387892E-01
  0.7370633669503787E-01
  0.7475422669322712E-01
  0.7581158947927452E-01
  0.7687803035451407E-01
  0.7795307817259352E-01
  0.7903620855602268E-01
  0.8012692413850050E-01
  0.8122472756864460E-01
  0.8232902049566002E-01
  0.8343913046858203E-01
  0.8455442983868883E-01
  0.8567430442766658E-01
  0.8679801089014931E-01
  0.8792470829657917E-01
  0.8905362162642824E-01
  0.9018400500193322E-01
  0.9131495080966472E-01
  0.9244542738907606E-01
  0.9357449482556564E-01
  0.9470126129887141E-01
  0.9582463540441577E-01
  0.9694337198226574E-01
  0.9805635043998939E-01
  0.9916252226677863E-01
  0.1002605952986847    
  0.1013490907771818    
  0.1024266982267596    
  0.1034922115097012    
  0.1045441299231197    
  0.1055807313881449    
  0.1066005237375546    
  0.1076021655937753    
  0.1085839633455242    
  0.1095439684866784    
  0.1104805543212128    
  0.1113923157049776    
  0.1122774312124631    
  0.1131337975985786    
  0.1139597746334255    
  0.1147540504506792    
  0.1155148171919139    
  0.1162399580327164    
  0.1169280135033715    
  0.1175779603644988    
  0.1181880720429577    
  0.1187561168276924    
  0.1192805026490366    
  0.1197596305916479    
  0.1201898121779327    
  0.1205647362425257    
  0.1208754897895261    
  0.1211067230815977    
  0.1212291689891387    
  0.1211924853794179    
  0.1209169663540799    
  0.1202823977622253    
  0.1191301753485927    
  0.1173056734530627    
  0.1147369702518483    
  0.1114952900548995    
  0.1077798542567442    
  0.1038337047075698    
  0.9985747668919237E-01
  0.9597625737971549E-01
  0.9225442359057846E-01
  0.8872049860957509E-01
  0.8538169231152029E-01
  0.8223277740677540E-01
  0.7926424413976663E-01
  0.7646622200910541E-01
  0.7382777413148930E-01
  0.7133697810474084E-01
  0.6898322431543077E-01
  0.6675781326512133E-01
  0.6465220460521547E-01
  0.6265761760091748E-01
  0.6076657993820737E-01
  0.5897316362974431E-01
  0.5727145929228609E-01
  0.5565526310189546E-01
  0.5411935273621502E-01
  0.5265963580227294E-01
  0.5127186484526255E-01
  0.4995143300052297E-01
  0.4869450499561889E-01
  0.4749813609273938E-01
  0.4635915801075750E-01
  0.4527403134891687E-01
  0.4423985515685318E-01
  0.4325445996388097E-01
  0.4231541744851552E-01
  0.4141993030961197E-01
  0.4056574923525898E-01
  0.3975124970870149E-01
  0.3897453724135767E-01
  0.3823336150875972E-01
  0.3752595675828301E-01
  0.3685110490838116E-01
  0.3620731532956863E-01
  0.3559275518727564E-01
  0.3500602644589450E-01
  0.3444621879764313E-01
  0.3391215089428251E-01
  0.3340231290061674E-01
  0.3291559049691735E-01
  0.3245131010577387E-01
  0.3200853162423801E-01
  0.3158600007484803E-01
  0.3118282411025724E-01
  0.3079851501708297E-01
  0.3043232331675253E-01
  0.3008319737155592E-01
  0.2975042236640595E-01
  0.2943365434830405E-01
  0.2913229497858514E-01
  0.2884545569898853E-01
  0.2857256201580958E-01
  0.2831338356466272E-01
  0.2806744250866119E-01
  0.2783398220612355E-01
  0.2761254061651845E-01
  0.2740297708987516E-01
  0.2720491074643390E-01
  0.2701769280009451E-01
  0.2684095215499645E-01
  0.2667461944465260E-01
  0.2651839241565477E-01
  0.2637171126144851E-01
  0.2623427894407619E-01
  0.2610608291376155E-01
  0.2598688506721073E-01
  0.2587619959364491E-01
  0.2577379012947269E-01
  0.2567968951836774E-01
  0.2559371235694418E-01
  0.2551543498382592E-01
  0.2544467124481786E-01
  0.2538149058459744E-01
  0.2532575149698071E-01
  0.2527708331834522E-01
  0.2523534205318034E-01
  0.2520062700508894E-01
  0.2517283370028369E-01
  0.2515163719997605E-01
  0.2513692921938930E-01
  0.2512883350737642E-01
  0.2512727709346181E-01
  0.2513197493525455E-01
  0.2514284940005029E-01
  0.2516004455913934E-01
  0.2518351474338548E-01
  0.2521301030862699E-01
  0.2524848033040892E-01
  0.2529008593787142E-01
  0.2533780535261643E-01
  0.2539142065493388E-01
  0.2545090448241207E-01
  0.2551643255407630E-01
  0.2558800448391478E-01
  0.2566543137695113E-01
  0.2574870710713639E-01
  0.2583802010576278E-01
  0.2593338936593105E-01
  0.2603465278871238E-01
  0.2614182360366064E-01
  0.2625510153621846E-01
  0.2637452349991504E-01
  0.2649995254718935E-01
  0.2663141982313424E-01
  0.2676913519574928E-01
  0.2691315227388438E-01
  0.2706335790787007E-01
  0.2721980002872807E-01
  0.2738269779643356E-01
  0.2755212059861372E-01
  0.2772797800166445E-01
  0.2791033375070479E-01
  0.2809941552914781E-01
  0.2829530770957555E-01
  0.2849794166139070E-01
  0.2870739607781284E-01
  0.2892390640188610E-01
  0.2914757117158399E-01
  0.2937834262084869E-01
  0.2961631345363164E-01
  0.2986172598713136E-01
  0.3011469198547363E-01
  0.3037518348607344E-01
  0.3064330608280075E-01
  0.3091930784925288E-01
  0.3120331262661554E-01
  0.3149531100360393E-01
  0.3179542009856592E-01
  0.3210389232338733E-01
  0.3242086215886140E-01
  0.3274633721672450E-01
  0.3308044444062421E-01
  0.3342343876690455E-01
  0.3377546348587437E-01
  0.3413654131555237E-01
  0.3450680687668612E-01
  0.3488651530997279E-01
  0.3527581639260981E-01
  0.3567474555539392E-01
  0.3608344242114948E-01
  0.3650215944296576E-01
  0.3693105001756641E-01
  0.3737015937289097E-01
  0.3781962888258985E-01
  0.3827970478997410E-01
  0.3875054063216794E-01
  0.3923218791704057E-01
  0.3972478584503462E-01
  0.4022857019042690E-01
  0.4074369043816266E-01
  0.4127020016957257E-01
  0.4180823174360905E-01
  0.4235800542277286E-01
  0.4291966172329057E-01
  0.4349325142325675E-01
  0.4407889465569269E-01
  0.4467679037014820E-01
  0.4528706449243616E-01
  0.4590975944987234E-01
  0.4654497701275952E-01
  0.4719288819509426E-01
  0.4785359794472559E-01
  0.4852713407743475E-01
  0.4921357308838349E-01
  0.4991305061983937E-01
  0.5062564354195187E-01
  0.5135135816437606E-01
  0.5209023807875603E-01
  0.5284237532559598E-01
  0.5360781087458221E-01
  0.5438652195877997E-01
  0.5517851084466596E-01
  0.5598381687120368E-01
  0.5680243654257112E-01
  0.5763430980625349E-01
  0.5847938843162979E-01
  0.5933764910994672E-01
  0.6020903458303022E-01
  0.6109343863895914E-01
  0.6199075252779017E-01
  0.6290087936226188E-01
  0.6382369800068896E-01
  0.6475904650050980E-01
  0.6570674469015725E-01
  0.6666661014430877E-01
  0.6763844685516614E-01
  0.6862202680570381E-01
  0.6961708643619462E-01
  0.7062334455682734E-01
  0.7164051829223783E-01
  0.7266830236387892E-01
  0.7370633669503787E-01
  0.7475422669322712E-01
  0.7581158947927452E-01
  0.7687803035451407E-01
  0.7795307817259352E-01
  0.7903620855602268E-01
  0.8012692413850050E-01
  0.8122472756864460E-01
  0.8232902049566002E-01
  0.8343913046858203E-01
  0.8455442983868883E-01
  0.8567430442766658E-01
  0.8679801089014931E-01
  0.8792470829657917E-01
  0.8905362162642824E-01
  0.9018400500193322E-01
  0.9131495080966472E-01
  0.9244542738907606E-01
  0.9357449482556564E-01
  0.9470126129887141E-01
  0.9582463540441577E-01
  0.9694337198226574E-01
  0.9805635043998939E-01
  0.9916252226677863E-01
  0.1002605952986847    
  0.1013490907771818    
  0.1024266982267596    
  0.1034922115097012    
  0.1045441299231197    
  0.1055807313881449    
  0.1066005237375546    
  0.1076021655937753    
  0.1085839633455242    
  0.1095439684866784    
  0.1104805543212128    
  0.1113923157049776    
  0.1122774312124631    
  0.1131337975985786    
  0.1139597746334255    
  0.1147540504506792    
  0.1155148171919139    
  0.1162399580327164    
  0.1169280135033715    
  0.1175779603644988    
  0.1181880720429577    
  0.1187561168276924    
  0.1192805026490366    
  0.1197596305916479    
  0.1201898121779327    
  0.1205647362425257    
  0.1208754897895261    
  0.1211067230815977    
  0.1212291689891387    
  0.1211924853794179    
  0.1209169663540799    
  0.1202823977622253    
  0.1191301753485927    
  0.1173056734530627    
  0.1147369702518483    
  0.1114952900548995    
  0.1077798542567442    
  0.1038337047075698    
  0.9985747668919237E-01
  0.9597625737971549E-01
  0.9225442359057846E-01
  0.8872049860957509E-01
  0.8538169231152029E-01
  0.8223277740677540E-01
  0.7926424413976663E-01
  0.7646622200910541E-01
  0.7382777413148930E-01
  0.7133697810474084E-01
  0.6898322431543077E-01
  0.6675781326512133E-01
  0.6465220460521547E-01
  0.6265761760091748E-01
  0.6076657993820737E-01
  0.5897316362974431E-01
  0.5727145929228609E-01
  0.5565526310189546E-01
  0.5411935273621502E-01
  0.5265963580227294E-01
  0.5127186484526255E-01
  0.4995143300052297E-01
  0.4869450499561889E-01
  0.4749813609273938E-01
  0.4635915801075750E-01
  0.4527403134891687E-01
  0.4423985515685318E-01
  0.4325445996388097E-01
  0.4231541744851552E-01
  0.4141993030961197E-01
  0.4056574923525898E-01
  0.3975124970870149E-01
  0.3897453724135767E-01
  0.3823336150875972E-01
  0.3752595675828301E-01
  0.3685110490838116E-01
  0.3620731532956863E-01
  0.3559275518727564E-01
  0.3500602644589450E-01
  0.3444621879764313E-01
  0.3391215089428251E-01
  0.3340231290061674E-01
  0.3291559049691735E-01
  0.3245131010577387E-01
  0.3200853162423801E-01
  0.3158600007484803E-01
  0.3118282411025724E-01
  0.3079851501708297E-01
  0.3043232331675253E-01
  0.3008319737155592E-01
  0.2975042236640595E-01
  0.2943365434830405E-01
  0.2913229497858514E-01
  0.2884545569898853E-01
  0.2857256201580958E-01
  0.2831338356466272E-01
  0.2806744250866119E-01
  0.2783398220612355E-01
  0.2761254061651845E-01
  0.2740297708987516E-01
  0.2720491074643390E-01
  0.2701769280009451E-01
  0.2684095215499645E-01
  0.2667461944465260E-01
  0.2651839241565477E-01
  0.2637171126144851E-01
  0.2623427894407619E-01
  0.2610608291376155E-01
  0.2598688506721073E-01
  0.2587619959364491E-01
  0.2577379012947269E-01
  0.2567968951836774E-01
  0.2559371235694418E-01
  0.2551543498382592E-01
  0.2544467124481786E-01
  0.2538149058459744E-01
  0.2532575149698071E-01
  0.2527708331834522E-01
  0.2523534205318034E-01
  0.2520062700508894E-01
  0.2517283370028369E-01
  0.2515163719997605E-01
  0.2513692921938930E-01
  0.2512883350737642E-01
  0.2512727709346181E-01
  0.2513197493525455E-01
  0.2514284940005029E-01
  0.2516004455913934E-01
  0.2518351474338548E-01
  0.2521301030862699E-01
  0.2524848033040892E-01
  0.2529008593787142E-01
  0.2533780535261643E-01
  0.2539142065493388E-01
  0.2545090448241207E-01
  0.2551643255407630E-01
  0.2558800448391478E-01
  0.2566543137695113E-01
  0.2574870710713639E-01
  0.2583802010576278E-01
  0.2593338936593105E-01
  0.2603465278871238E-01
  0.2614182360366064E-01
  0.2625510153621846E-01
  0.2637452349991504E-01
  0.2649995254718935E-01
  0.2663141982313424E-01
  0.2676913519574928E-01
  0.2691315227388438E-01
  0.2706335790787007E-01
  0.2721980002872807E-01
  0.2738269779643356E-01
  0.2755212059861372E-01
  0.2772797800166445E-01
  0.2791033375070479E-01
  0.2809941552914781E-01
  0.2829530770957555E-01
  0.2849794166139070E-01
  0.2870739607781284E-01
  0.2892390640188610E-01
  0.2914757117158399E-01
  0.2937834262084869E-01
  0.2961631345363164E-01
  0.2986172598713136E-01
  0.3011469198547363E-01
  0.3037518348607344E-01
  0.3064330608280075E-01
  0.3091930784925288E-01
  0.3120331262661554E-01
  0.3149531100360393E-01
  0.3179542009856592E-01
  0.3210389232338733E-01
  0.3242086215886140E-01
  0.3274633721672450E-01
  0.3308044444062421E-01
  0.3342343876690455E-01
  0.3377546348587437E-01
  0.3413654131555237E-01
  0.3450680687668612E-01
  0.3488651530997279E-01
  0.3527581639260981E-01
  0.3567474555539392E-01
  0.3608344242114948E-01
  0.3650215944296576E-01
  0.3693105001756641E-01
  0.3737015937289097E-01
  0.3781962888258985E-01
  0.3827970478997410E-01
  0.3875054063216794E-01
  0.3923218791704057E-01
  0.3972478584503462E-01
  0.4022857019042690E-01
  0.4074369043816266E-01
  0.4127020016957257E-01
  0.4180823174360905E-01
  0.4235800542277286E-01
  0.4291966172329057E-01
  0.4349325142325675E-01
  0.4407889465569269E-01
  0.4467679037014820E-01
  0.4528706449243616E-01
  0.4590975944987234E-01
