  0.7473433103792043E-01
  0.7347062618343919E-01
  0.7220400064986771E-01
  0.7093449230891080E-01
  0.6966213923406905E-01
  0.6838697970325991E-01
  0.6710905219998126E-01
  0.6582839541174318E-01
  0.6454504822968415E-01
  0.6325904975078833E-01
  0.6197043927896018E-01
  0.6067925632340665E-01
  0.5938554059789530E-01
  0.5808933202252997E-01
  0.5679067072468330E-01
  0.5548959703737827E-01
  0.5418615149828554E-01
  0.5288037485104202E-01
  0.5157230804591756E-01
  0.5026199223815597E-01
  0.4894946878684142E-01
  0.4763477925590748E-01
  0.4631796541451522E-01
  0.4499906923519431E-01
  0.4367813289249400E-01
  0.4235519876378174E-01
  0.4103030942949615E-01
  0.3970350767111741E-01
  0.3837483646946588E-01
  0.3704433900516996E-01
  0.3571205865888194E-01
  0.3437803900932246E-01
  0.3304232383132599E-01
  0.3170495709575527E-01
  0.3036598296936655E-01
  0.2902544581294508E-01
  0.2768339017951660E-01
  0.2633986081406636E-01
  0.2499490265289245E-01
  0.2364856082130440E-01
  0.2230088063174190E-01
  0.2095190758365817E-01
  0.1960168736294898E-01
  0.1825026583933975E-01
  0.1689768906393008E-01
  0.1554400326874306E-01
  0.1418925486632094E-01
  0.1283349044738485E-01
  0.1147675677818366E-01
  0.1011910079944350E-01
  0.8760569625573478E-02
  0.7401210542436365E-02
  0.6041071004932563E-02
  0.4680198635839350E-02
  0.3318641224606456E-02
  0.1956446724783456E-02
  0.5936632515306517E-03
 -0.7696609194432491E-03
 -0.2133477353044755E-02
 -0.3497737457554162E-02
 -0.4862392487484379E-02
 -0.6227393544902204E-02
 -0.7592691580525557E-02
 -0.8958237396282376E-02
 -0.1032398164824638E-01
 -0.1168987484836115E-01
 -0.1305586736586001E-01
 -0.1442190942978111E-01
 -0.1578795113169695E-01
 -0.1715394242744356E-01
 -0.1851983313881123E-01
 -0.1988557295634341E-01
 -0.2125111144216829E-01
 -0.2261639803166227E-01
 -0.2398138203503825E-01
 -0.2534601264017505E-01
 -0.2671023891568652E-01
 -0.2807400981286179E-01
 -0.2943727416730413E-01
 -0.3079998070156326E-01
 -0.3216207802807891E-01
 -0.3352351465131953E-01
 -0.3488423896975695E-01
 -0.3624419927860784E-01
 -0.3760334377259422E-01
 -0.3896162054790603E-01
 -0.4031897760427378E-01
 -0.4167536284799006E-01
 -0.4303072409484393E-01
 -0.4438500907199772E-01
 -0.4573816541986919E-01
 -0.4709014069513234E-01
 -0.4844088237386640E-01
 -0.4979033785363923E-01
 -0.5113845445534876E-01
 -0.5248517942603415E-01
 -0.5383045994198965E-01
 -0.5517424311103314E-01
 -0.5651647597448961E-01
 -0.5785710550992818E-01
 -0.5919607863415810E-01
 -0.6053334220555140E-01
 -0.6186884302616241E-01
 -0.6320252784445834E-01
 -0.6453434335819913E-01
 -0.6586423621676385E-01
 -0.6719215302341297E-01
 -0.6851804033807718E-01
 -0.6984184468010901E-01
 -0.7116351253050279E-01
 -0.7248299033426209E-01
 -0.7380022450335821E-01
 -0.7511516141945179E-01
 -0.7642774743591702E-01
 -0.7773792888014053E-01
 -0.7904565205665876E-01
 -0.8035086325005497E-01
 -0.8165350872689198E-01
 -0.8295353473778211E-01
 -0.8425088752050053E-01
 -0.8554551330309934E-01
 -0.8683735830597356E-01
 -0.8812636874377661E-01
 -0.8941249082834402E-01
 -0.9069567077189383E-01
 -0.9197585478932074E-01
 -0.9325298910011387E-01
 -0.9452701993105439E-01
 -0.9579789351933515E-01
 -0.9706555611505951E-01
 -0.9832995398333266E-01
 -0.9959103340683945E-01
 -0.1008487406887777    
 -0.1021030221554275    
 -0.1033538241584548    
 -0.1046010930775092    
 -0.1058447753229979    
 -0.1070848173386317    
 -0.1083211656039100    
 -0.1095537666368206    
 -0.1107825669965091    
 -0.1120075132857468    
 -0.1132285521535485    
 -0.1144456302980399    
 -0.1156586944691076    
 -0.1168676914707705    
 -0.1180725681638606    
 -0.1192732714690705    
 -0.1204697483696775    
 -0.1216619459138565    
 -0.1228498112173578    
 -0.1240332914666906    
 -0.1252123339219857    
 -0.1263868859193551    
 -0.1275568948735932    
 -0.1287223082814366    
 -0.1298830737245154    
 -0.1310391388717818    
 -0.1321904514823151    
 -0.1333369594087328    
 -0.1344786106002527    
 -0.1356153531051516    
 -0.1367471350736216    
 -0.1378739047613410    
 -0.1389956105327319    
 -0.1401122008635385    
 -0.1412236243437466    
 -0.1423298296812661    
 -0.1434307657053600    
 -0.1445263813693841    
 -0.1456166257538500    
 -0.1467014480702578    
 -0.1477807976646855    
 -0.1488546240206612    
 -0.1499228767623708    
 -0.1509855056587164    
 -0.1520424606271449    
 -0.1530936917366679    
 -0.1541391492111590    
 -0.1551787834336062    
 -0.1562125449502567    
 -0.1572403844738948    
 -0.1582622528872457    
 -0.1592781012473359    
 -0.1602878807899182    
 -0.1612915429331119    
 -0.1622890392810368    
 -0.1632803216282732    
 -0.1642653419644684    
 -0.1652440524783141    
 -0.1662164055615181    
 -0.1671823538134745    
 -0.1681418500460365    
 -0.1690948472877480    
 -0.1700412987881426    
 -0.1709811580227008    
 -0.1719143786978659    
 -0.1728409147555378    
 -0.1737607203776551    
 -0.1746737499914175    
 -0.1755799582745472    
 -0.1764793001600840    
 -0.1773717308413116    
 -0.1782572057772736    
 -0.1791356806982547    
 -0.1800071116108099    
 -0.1808714548030201    
 -0.1817286668503724    
 -0.1825787046215243    
 -0.1834215252835403    
 -0.1842570863073847    
 -0.1850853454741300    
 -0.1859062608810731    
 -0.1867197909472440    
 -0.1875258944191061    
 -0.1883245303770076    
 -0.1891156582416080    
 -0.1898992377796886    
 -0.1906752291100770    
 -0.1914435927102831    
 -0.1922042894231799    
 -0.1929572804631232    
 -0.1937025274221367    
 -0.1944399922767097    
 -0.1951696373946268    
 -0.1958914255413138    
 -0.1966053198862749    
 -0.1973112840100689    
 -0.1980092819112531    
 -0.1986992780128825    
 -0.1993812371691426    
 -0.2000551246724795    
 -0.2007209062606101    
 -0.2013785481230892    
 -0.2020280169080710    
 -0.2026692797295555    
 -0.2033023041744273    
 -0.2039270583089985    
 -0.2045435106857945    
 -0.2051516303508607    
 -0.2057513868508047    
 -0.2063427502392527    
 -0.2069256910835406    
 -0.2075001804719710    
 -0.2080661900207956    
 -0.2086236918805354    
 -0.2091726587424659    
 -0.2097130638456863    
 -0.2102448809839521    
 -0.2107680845118208    
 -0.2112826493508773    
 -0.2117885509964776    
 -0.2122857655242731    
 -0.2127742695960740    
 -0.2132540404657526    
 -0.2137250559855703    
 -0.2141872946122556    
 -0.2146407354124562    
 -0.2150853580682404    
 -0.2155211428829271    
 -0.2159480707865880    
 -0.2163661233409511    
 -0.2167752827443774    
 -0.2171755318371038    
 -0.2175668541060598    
 -0.2179492336890909    
 -0.2183226553793026    
 -0.2186871046296168    
 -0.2190425675567866    
 -0.2193890309448034    
 -0.2197264822484990    
 -0.2200549095973425    
 -0.2203743017985627    
 -0.2206846483396065    
 -0.2209859393908691    
 -0.2212781658086327    
 -0.2215613191372132    
 -0.2218353916103660    
 -0.2221003761530316    
 -0.2223562663833444    
 -0.2226030566137513    
 -0.2228407418512901    
 -0.2230693177982432    
 -0.2232887808531094    
 -0.2234991281106141    
 -0.2237003573607958    
 -0.2238924670885218    
 -0.2240754564733964    
 -0.2242493253886240    
 -0.2244140743988313    
 -0.2245697047583621    
 -0.2247162184100666    
 -0.2248536179830167    
 -0.2249819067890688    
 -0.2251010888199121    
 -0.2252111687447158    
 -0.2253121519066734    
 -0.2254040443182828    
 -0.2254868526571439    
 -0.2255605842624926    
 -0.2256252471306373    
 -0.2256808499089979    
 -0.2257274018906408    
 -0.2257649130096819    
 -0.2257933938356473    
 -0.2258128555663454    
 -0.2258233100212181    
 -0.2258247696356884    
 -0.2258172474545206    
 -0.2258007571235843    
 -0.2257753128820572    
 -0.2257409295557786    
 -0.2256976225497409    
 -0.2256454078388987    
 -0.2255843019593133    
 -0.2255143220005376    
 -0.2254354855973146    
 -0.2253478109196059    
 -0.2252513166628620    
 -0.2251460220395700    
 -0.2250319467702389    
 -0.2249091110727564    
 -0.2247775356519399    
 -0.2246372416903659    
 -0.2244882508387802    
 -0.2243305852049877    
 -0.2241642673428755    
 -0.2239893202426519    
 -0.2238057673207370    
 -0.2236136324083204    
 -0.2234129397401441    
 -0.2232037139443865    
 -0.2229859800321011    
 -0.2227597633854737    
 -0.2225250897465541    
 -0.2222819852071101    
 -0.2220304761978280    
 -0.2217705894762942    
 -0.2215023521157486    
 -0.2212257914951636    
 -0.2209409352884855    
 -0.2206478114524547    
 -0.2203464482154007    
 -0.2200368740677094    
 -0.2197191177513995    
 -0.2193932082479644    
 -0.2190591747672515    
 -0.2187170467384063    
 -0.2183668538000294    
 -0.2180086257882727    
 -0.2176423927258420    
 -0.2172681848134352    
 -0.2168860324206658    
 -0.2164959660746883    
 -0.2160980164494598    
 -0.2156922143576339    
 -0.2152785907423052    
 -0.2148571766664216    
 -0.2144280033025259    
 -0.2139911019251207    
 -0.2135465039031657    
 -0.2130942406903757    
 -0.2126343438157065    
 -0.2121668448763419    
 -0.2116917755309012    
 -0.2112091674905814    
 -0.2107190525105231    
 -0.2102214623836250    
 -0.2097164289345055    
 -0.2092039840114033    
 -0.2086841594784325    
 -0.2081569872103946    
 -0.2076224990876301    
 -0.2070807269886343    
 -0.2065317027831055    
 -0.2059754583278246    
 -0.2054120254625604    
 -0.2048414360034205    
 -0.2042637217365709    
 -0.2036789144151219    
 -0.2030870457562128    
 -0.2024881474352280    
 -0.2018822510801173    
 -0.2012693882691436    
 -0.2006495905291446    
 -0.2000228893307210    
 -0.1993893160831990    
 -0.1987489021331137    
 -0.1981016787635275    
 -0.1974476771902294    
 -0.1967869285574091    
 -0.1961194639368684    
 -0.1954453143282731    
 -0.1947645106562514    
 -0.1940770837667838    
 -0.1933830644271881    
 -0.1926824833272838    
 -0.1919753710772509    
 -0.1912617582046041    
 -0.1905416751549572    
 -0.1898151522941873    
 -0.1890822199070178    
 -0.1883429081943573    
 -0.1875972472746763    
 -0.1868452671872392    
 -0.1860869978915485    
 -0.1853224692649487    
 -0.1845517111043251    
 -0.1837747531302680    
 -0.1829916249875008    
 -0.1822023562428514    
 -0.1814069763871127    
 -0.1806055148398893    
 -0.1797980009509491    
 -0.1789844639986355    
 -0.1781649331918685    
 -0.1773394376755122    
 -0.1765080065325300    
 -0.1756706687828573    
 -0.1748274533855423    
 -0.1739783892445156    
 -0.1731235052113731    
 -0.1722628300845992    
 -0.1713963926119015    
 -0.1705242214964762    
 -0.1696463454003740    
 -0.1687627929438044    
 -0.1678735927073571    
 -0.1669787732387844    
 -0.1660783630572715    
 -0.1651723906529562    
 -0.1642608844886574    
 -0.1633438730066563    
 -0.1624213846338575    
 -0.1614934477819884    
 -0.1605600908490608    
 -0.1596213422257626    
 -0.1586772303009817    
 -0.1577277834626469    
 -0.1567730300992880    
 -0.1558129986062085    
 -0.1548477173911158    
 -0.1538772148752702    
 -0.1529015194950868    
 -0.1519206597082345    
 -0.1509346639994382    
 -0.1499435608818190    
 -0.1489473788983746    
 -0.1479461466279246    
 -0.1469398926911145    
 -0.1459286457519962    
 -0.1449124345193217    
 -0.1438912877521940    
 -0.1428652342661902    
 -0.1418343029352276    
 -0.1407985226927337    
 -0.1397579225369109    
 -0.1387125315368172    
 -0.1376623788344882    
 -0.1366074936460684    
 -0.1355479052666945    
 -0.1344836430763943    
 -0.1334147365423599    
 -0.1323412152201122    
 -0.1312631087580811    
 -0.1301804469032137    
 -0.1290932595032150    
 -0.1280015765077255    
 -0.1269054279727599    
 -0.1258048440661048    
 -0.1246998550693654    
 -0.1235904913789438    
 -0.1224767835103123    
 -0.1213587621033496    
 -0.1202364579242960    
 -0.1191099018664496    
 -0.1179791249541228    
 -0.1168441583478599    
 -0.1157050333463375    
 -0.1145617813868096    
 -0.1134144340487311    
 -0.1122630230588329    
 -0.1111075802929793    
 -0.1099481377763472    
 -0.1087847276866398    
 -0.1076173823589617    
 -0.1064461342876541    
 -0.1052710161262931    
 -0.1040920606905150    
 -0.1029093009625937    
 -0.1017227700931533    
 -0.1005325014009883    
 -0.9933852837559914E-01
 -0.9814088468154192E-01
 -0.9693960415995329E-01
 -0.9573472082805318E-01
 -0.9452626888134552E-01
 -0.9331428269785058E-01
 -0.9209879683957017E-01
 -0.9087984605164251E-01
 -0.8965746526403184E-01
 -0.8843168959554748E-01
 -0.8720255435536406E-01
 -0.8597009504199016E-01
 -0.8473434734443791E-01
 -0.8349534714586598E-01
 -0.8225313052507460E-01
 -0.8100773375538645E-01
 -0.7975919330541398E-01
 -0.7850754584230102E-01
 -0.7725282823306995E-01
 -0.7599507754337020E-01
 -0.7473433103792043E-01
 -0.7347062618343919E-01
 -0.7220400064986771E-01
 -0.7093449230891080E-01
 -0.6966213923406905E-01
 -0.6838697970325991E-01
 -0.6710905219998126E-01
 -0.6582839541174318E-01
 -0.6454504822968415E-01
 -0.6325904975078833E-01
 -0.6197043927896018E-01
 -0.6067925632340665E-01
 -0.5938554059789530E-01
 -0.5808933202252997E-01
 -0.5679067072468330E-01
 -0.5548959703737827E-01
 -0.5418615149828554E-01
 -0.5288037485104202E-01
 -0.5157230804591756E-01
 -0.5026199223815597E-01
 -0.4894946878684142E-01
 -0.4763477925590748E-01
 -0.4631796541451522E-01
 -0.4499906923519431E-01
 -0.4367813289249400E-01
 -0.4235519876378174E-01
 -0.4103030942949615E-01
 -0.3970350767111741E-01
 -0.3837483646946588E-01
 -0.3704433900516996E-01
 -0.3571205865888194E-01
 -0.3437803900932246E-01
 -0.3304232383132599E-01
 -0.3170495709575527E-01
 -0.3036598296936655E-01
 -0.2902544581294508E-01
 -0.2768339017951660E-01
 -0.2633986081406636E-01
 -0.2499490265289245E-01
 -0.2364856082130440E-01
 -0.2230088063174190E-01
 -0.2095190758365817E-01
 -0.1960168736294898E-01
 -0.1825026583933975E-01
 -0.1689768906393008E-01
 -0.1554400326874306E-01
 -0.1418925486632094E-01
 -0.1283349044738485E-01
 -0.1147675677818366E-01
 -0.1011910079944350E-01
 -0.8760569625573478E-02
 -0.7401210542436365E-02
 -0.6041071004932563E-02
 -0.4680198635839350E-02
 -0.3318641224606456E-02
 -0.1956446724783456E-02
 -0.5936632515306517E-03
  0.7696609194432491E-03
  0.2133477353044755E-02
  0.3497737457554162E-02
  0.4862392487484379E-02
  0.6227393544902204E-02
  0.7592691580525557E-02
  0.8958237396282376E-02
  0.1032398164824638E-01
  0.1168987484836115E-01
  0.1305586736586001E-01
  0.1442190942978111E-01
  0.1578795113169695E-01
  0.1715394242744356E-01
  0.1851983313881123E-01
  0.1988557295634341E-01
  0.2125111144216829E-01
  0.2261639803166227E-01
  0.2398138203503825E-01
  0.2534601264017505E-01
  0.2671023891568652E-01
  0.2807400981286179E-01
  0.2943727416730413E-01
  0.3079998070156326E-01
  0.3216207802807891E-01
  0.3352351465131953E-01
  0.3488423896975695E-01
  0.3624419927860784E-01
  0.3760334377259422E-01
  0.3896162054790603E-01
  0.4031897760427378E-01
  0.4167536284799006E-01
  0.4303072409484393E-01
  0.4438500907199772E-01
  0.4573816541986919E-01
  0.4709014069513234E-01
  0.4844088237386640E-01
  0.4979033785363923E-01
  0.5113845445534876E-01
  0.5248517942603415E-01
  0.5383045994198965E-01
  0.5517424311103314E-01
  0.5651647597448961E-01
  0.5785710550992818E-01
  0.5919607863415810E-01
  0.6053334220555140E-01
  0.6186884302616241E-01
  0.6320252784445834E-01
  0.6453434335819913E-01
  0.6586423621676385E-01
  0.6719215302341297E-01
  0.6851804033807718E-01
  0.6984184468010901E-01
  0.7116351253050279E-01
  0.7248299033426209E-01
  0.7380022450335821E-01
  0.7511516141945179E-01
  0.7642774743591702E-01
  0.7773792888014053E-01
  0.7904565205665876E-01
  0.8035086325005497E-01
  0.8165350872689198E-01
  0.8295353473778211E-01
  0.8425088752050053E-01
  0.8554551330309934E-01
  0.8683735830597356E-01
  0.8812636874377661E-01
  0.8941249082834402E-01
  0.9069567077189383E-01
  0.9197585478932074E-01
  0.9325298910011387E-01
  0.9452701993105439E-01
  0.9579789351933515E-01
  0.9706555611505951E-01
  0.9832995398333266E-01
  0.9959103340683945E-01
  0.1008487406887777    
  0.1021030221554275    
  0.1033538241584548    
  0.1046010930775092    
  0.1058447753229979    
  0.1070848173386317    
  0.1083211656039100    
  0.1095537666368206    
  0.1107825669965091    
  0.1120075132857468    
  0.1132285521535485    
  0.1144456302980399    
  0.1156586944691076    
  0.1168676914707705    
  0.1180725681638606    
  0.1192732714690705    
  0.1204697483696775    
  0.1216619459138565    
  0.1228498112173578    
  0.1240332914666906    
  0.1252123339219857    
  0.1263868859193551    
  0.1275568948735932    
  0.1287223082814366    
  0.1298830737245154    
  0.1310391388717818    
  0.1321904514823151    
  0.1333369594087328    
  0.1344786106002527    
  0.1356153531051516    
  0.1367471350736216    
  0.1378739047613410    
  0.1389956105327319    
  0.1401122008635385    
  0.1412236243437466    
  0.1423298296812661    
  0.1434307657053600    
  0.1445263813693841    
  0.1456166257538500    
  0.1467014480702578    
  0.1477807976646855    
  0.1488546240206612    
  0.1499228767623708    
  0.1509855056587164    
  0.1520424606271449    
  0.1530936917366679    
  0.1541391492111590    
  0.1551787834336062    
  0.1562125449502567    
  0.1572403844738948    
  0.1582622528872457    
  0.1592781012473359    
  0.1602878807899182    
  0.1612915429331119    
  0.1622890392810368    
  0.1632803216282732    
  0.1642653419644684    
  0.1652440524783141    
  0.1662164055615181    
  0.1671823538134745    
  0.1681418500460365    
  0.1690948472877480    
  0.1700412987881426    
  0.1709811580227008    
  0.1719143786978659    
  0.1728409147555378    
  0.1737607203776551    
  0.1746737499914175    
  0.1755799582745472    
  0.1764793001600840    
  0.1773717308413116    
  0.1782572057772736    
  0.1791356806982547    
  0.1800071116108099    
  0.1808714548030201    
  0.1817286668503724    
  0.1825787046215243    
  0.1834215252835403    
  0.1842570863073847    
  0.1850853454741300    
  0.1859062608810731    
  0.1867197909472440    
  0.1875258944191061    
  0.1883245303770076    
  0.1891156582416080    
  0.1898992377796886    
  0.1906752291100770    
  0.1914435927102831    
  0.1922042894231799    
  0.1929572804631232    
  0.1937025274221367    
  0.1944399922767097    
  0.1951696373946268    
  0.1958914255413138    
  0.1966053198862749    
  0.1973112840100689    
  0.1980092819112531    
  0.1986992780128825    
  0.1993812371691426    
  0.2000551246724795    
  0.2007209062606101    
  0.2013785481230892    
  0.2020280169080710    
  0.2026692797295555    
  0.2033023041744273    
  0.2039270583089985    
  0.2045435106857945    
  0.2051516303508607    
  0.2057513868508047    
  0.2063427502392527    
  0.2069256910835406    
  0.2075001804719710    
  0.2080661900207956    
  0.2086236918805354    
  0.2091726587424659    
  0.2097130638456863    
  0.2102448809839521    
  0.2107680845118208    
  0.2112826493508773    
  0.2117885509964776    
  0.2122857655242731    
  0.2127742695960740    
  0.2132540404657526    
  0.2137250559855703    
  0.2141872946122556    
  0.2146407354124562    
  0.2150853580682404    
  0.2155211428829271    
  0.2159480707865880    
  0.2163661233409511    
  0.2167752827443774    
  0.2171755318371038    
  0.2175668541060598    
  0.2179492336890909    
  0.2183226553793026    
  0.2186871046296168    
  0.2190425675567866    
  0.2193890309448034    
  0.2197264822484990    
  0.2200549095973425    
  0.2203743017985627    
  0.2206846483396065    
  0.2209859393908691    
  0.2212781658086327    
  0.2215613191372132    
  0.2218353916103660    
  0.2221003761530316    
  0.2223562663833444    
  0.2226030566137513    
  0.2228407418512901    
  0.2230693177982432    
  0.2232887808531094    
  0.2234991281106141    
  0.2237003573607958    
  0.2238924670885218    
  0.2240754564733964    
  0.2242493253886240    
  0.2244140743988313    
  0.2245697047583621    
  0.2247162184100666    
  0.2248536179830167    
  0.2249819067890688    
  0.2251010888199121    
  0.2252111687447158    
  0.2253121519066734    
  0.2254040443182828    
  0.2254868526571439    
  0.2255605842624926    
  0.2256252471306373    
  0.2256808499089979    
  0.2257274018906408    
  0.2257649130096819    
  0.2257933938356473    
  0.2258128555663454    
  0.2258233100212181    
  0.2258247696356884    
  0.2258172474545206    
  0.2258007571235843    
  0.2257753128820572    
  0.2257409295557786    
  0.2256976225497409    
  0.2256454078388987    
  0.2255843019593133    
  0.2255143220005376    
  0.2254354855973146    
  0.2253478109196059    
  0.2252513166628620    
  0.2251460220395700    
  0.2250319467702389    
  0.2249091110727564    
  0.2247775356519399    
  0.2246372416903659    
  0.2244882508387802    
  0.2243305852049877    
  0.2241642673428755    
  0.2239893202426519    
  0.2238057673207370    
  0.2236136324083204    
  0.2234129397401441    
  0.2232037139443865    
  0.2229859800321011    
  0.2227597633854737    
  0.2225250897465541    
  0.2222819852071101    
  0.2220304761978280    
  0.2217705894762942    
  0.2215023521157486    
  0.2212257914951636    
  0.2209409352884855    
  0.2206478114524547    
  0.2203464482154007    
  0.2200368740677094    
  0.2197191177513995    
  0.2193932082479644    
  0.2190591747672515    
  0.2187170467384063    
  0.2183668538000294    
  0.2180086257882727    
  0.2176423927258420    
  0.2172681848134352    
  0.2168860324206658    
  0.2164959660746883    
  0.2160980164494598    
  0.2156922143576339    
  0.2152785907423052    
  0.2148571766664216    
  0.2144280033025259    
  0.2139911019251207    
  0.2135465039031657    
  0.2130942406903757    
  0.2126343438157065    
  0.2121668448763419    
  0.2116917755309012    
  0.2112091674905814    
  0.2107190525105231    
  0.2102214623836250    
  0.2097164289345055    
  0.2092039840114033    
  0.2086841594784325    
  0.2081569872103946    
  0.2076224990876301    
  0.2070807269886343    
  0.2065317027831055    
  0.2059754583278246    
  0.2054120254625604    
  0.2048414360034205    
  0.2042637217365709    
  0.2036789144151219    
  0.2030870457562128    
  0.2024881474352280    
  0.2018822510801173    
  0.2012693882691436    
  0.2006495905291446    
  0.2000228893307210    
  0.1993893160831990    
  0.1987489021331137    
  0.1981016787635275    
  0.1974476771902294    
  0.1967869285574091    
  0.1961194639368684    
  0.1954453143282731    
  0.1947645106562514    
  0.1940770837667838    
  0.1933830644271881    
  0.1926824833272838    
  0.1919753710772509    
  0.1912617582046041    
  0.1905416751549572    
  0.1898151522941873    
  0.1890822199070178    
  0.1883429081943573    
  0.1875972472746763    
  0.1868452671872392    
  0.1860869978915485    
  0.1853224692649487    
  0.1845517111043251    
  0.1837747531302680    
  0.1829916249875008    
  0.1822023562428514    
  0.1814069763871127    
  0.1806055148398893    
  0.1797980009509491    
  0.1789844639986355    
  0.1781649331918685    
  0.1773394376755122    
  0.1765080065325300    
  0.1756706687828573    
  0.1748274533855423    
  0.1739783892445156    
  0.1731235052113731    
  0.1722628300845992    
  0.1713963926119015    
  0.1705242214964762    
  0.1696463454003740    
  0.1687627929438044    
  0.1678735927073571    
  0.1669787732387844    
  0.1660783630572715    
  0.1651723906529562    
  0.1642608844886574    
  0.1633438730066563    
  0.1624213846338575    
  0.1614934477819884    
  0.1605600908490608    
  0.1596213422257626    
  0.1586772303009817    
  0.1577277834626469    
  0.1567730300992880    
  0.1558129986062085    
  0.1548477173911158    
  0.1538772148752702    
  0.1529015194950868    
  0.1519206597082345    
  0.1509346639994382    
  0.1499435608818190    
  0.1489473788983746    
  0.1479461466279246    
  0.1469398926911145    
  0.1459286457519962    
  0.1449124345193217    
  0.1438912877521940    
  0.1428652342661902    
  0.1418343029352276    
  0.1407985226927337    
  0.1397579225369109    
  0.1387125315368172    
  0.1376623788344882    
  0.1366074936460684    
  0.1355479052666945    
  0.1344836430763943    
  0.1334147365423599    
  0.1323412152201122    
  0.1312631087580811    
  0.1301804469032137    
  0.1290932595032150    
  0.1280015765077255    
  0.1269054279727599    
  0.1258048440661048    
  0.1246998550693654    
  0.1235904913789438    
  0.1224767835103123    
  0.1213587621033496    
  0.1202364579242960    
  0.1191099018664496    
  0.1179791249541228    
  0.1168441583478599    
  0.1157050333463375    
  0.1145617813868096    
  0.1134144340487311    
  0.1122630230588329    
  0.1111075802929793    
  0.1099481377763472    
  0.1087847276866398    
  0.1076173823589617    
  0.1064461342876541    
  0.1052710161262931    
  0.1040920606905150    
  0.1029093009625937    
  0.1017227700931533    
  0.1005325014009883    
  0.9933852837559914E-01
  0.9814088468154192E-01
  0.9693960415995329E-01
  0.9573472082805318E-01
  0.9452626888134552E-01
  0.9331428269785058E-01
  0.9209879683957017E-01
  0.9087984605164251E-01
  0.8965746526403184E-01
  0.8843168959554748E-01
  0.8720255435536406E-01
  0.8597009504199016E-01
  0.8473434734443791E-01
  0.8349534714586598E-01
  0.8225313052507460E-01
  0.8100773375538645E-01
  0.7975919330541398E-01
  0.7850754584230102E-01
  0.7725282823306995E-01
  0.7599507754337020E-01
