  0.2792406648202075    
  0.2839344065076418    
  0.2887727383258319    
  0.2937612197347282    
  0.2989059162188025    
  0.3042133833953495    
  0.3096906584410554    
  0.3153453569919499    
  0.3211857528214527    
  0.3272207772164010    
  0.3334600637691302    
  0.3399140646374597    
  0.3465941106575590    
  0.3535124297882757    
  0.3606822519027112    
  0.3681179386114674    
  0.3758350062959033    
  0.3838501478802177    
  0.3921813752404147    
  0.4008481067757230    
  0.4098710594457440    
  0.4192721514674926    
  0.4290745021132657    
  0.4393021767894997    
  0.4499794909953460    
  0.4611301465857406    
  0.4727761311116618    
  0.4849356530591256    
  0.4976196848421662    
  0.5108272002919385    
  0.5245384141289369    
  0.5387042920064626    
  0.5532310923198160    
  0.5679594160736268    
  0.5826364410884763    
  0.5968803152352733    
  0.6101405099869582    
  0.6216658524018573    
  0.6305007764924401    
  0.6355405047989806    
  0.6356782733539937    
  0.6300481042272930    
  0.6182976540390711    
  0.6007641781259727    
  0.5784447257853258    
  0.5527603654329518    
  0.5252305228478987    
  0.4972014455901441    
  0.4697050321238468    
  0.4434372562441081    
  0.4188054349370963    
  0.3959999767526131    
  0.3750646319429758    
  0.3559524106360433    
  0.3385644257276523    
  0.3227757990646811    
  0.3084529877956707    
  0.2954640649699617    
  0.2836835645132419    
  0.2729949279378526    
  0.2632921958698256    
  0.2544803303182255    
  0.2464741586682806    
  0.2391974349384958    
  0.2325825452678603    
  0.2265698035365182    
  0.2211060892943839    
  0.2161439350188775    
  0.2116413222957807    
  0.2075611685564125    
  0.2038702950384187    
  0.2005388382538101    
  0.1975402712898842    
  0.1948511089664872    
  0.1924501465126371    
  0.1903181020534732    
  0.1884377779398679    
  0.1867939001342876    
  0.1853725315035288    
  0.1841608542955845    
  0.1831474012064803    
  0.1823219686576190    
  0.1816751431421611    
  0.1811981688952757    
  0.1808832072231358    
  0.1807232871784284    
  0.1807119082618773    
  0.1808429634303429    
  0.1811110058918871    
  0.1815112163442013    
  0.1820390578565129    
  0.1826902353563037    
  0.1834609602018849    
  0.1843479249804945    
  0.1853479962592349    
  0.1864581966246550    
  0.1876759596256566    
  0.1889991081396139    
  0.1904255790198088    
  0.1919534203013081    
  0.1935810307969978    
  0.1953071380610859    
  0.1971305514769396    
  0.1990501718831287    
  0.2010652138233273    
  0.2031751807467787    
  0.2053796437234652    
  0.2076782616282942    
  0.2100709855494688    
  0.2125580308241150    
  0.2151396802944583    
  0.2178163139966028    
  0.2205885954495067    
  0.2234574407072633    
  0.2264238461215687    
  0.2294889272945219    
  0.2326540874628394    
  0.2359209844445215    
  0.2392913835793914    
  0.2427672058267833    
  0.2463506785095694    
  0.2500443020037285    
  0.2538507298683699    
  0.2577728262623340    
  0.2618137989223259    
  0.2659771681044805    
  0.2702666776143331    
  0.2746863626514358    
  0.2792406648202075    
  0.2839344065076418    
  0.2887727383258319    
  0.2937612197347282    
  0.2989059162188025    
  0.3042133833953495    
  0.3096906584410554    
  0.3153453569919499    
  0.3211857528214527    
  0.3272207772164010    
  0.3334600637691302    
  0.3399140646374597    
  0.3465941106575590    
  0.3535124297882757    
  0.3606822519027112    
  0.3681179386114674    
  0.3758350062959033    
  0.3838501478802177    
  0.3921813752404147    
  0.4008481067757230    
  0.4098710594457440    
  0.4192721514674926    
  0.4290745021132657    
  0.4393021767894997    
  0.4499794909953460    
  0.4611301465857406    
  0.4727761311116618    
  0.4849356530591256    
  0.4976196848421662    
  0.5108272002919385    
  0.5245384141289369    
  0.5387042920064626    
  0.5532310923198160    
  0.5679594160736268    
  0.5826364410884763    
  0.5968803152352733    
  0.6101405099869582    
  0.6216658524018573    
  0.6305007764924401    
  0.6355405047989806    
  0.6356782733539937    
  0.6300481042272930    
  0.6182976540390711    
  0.6007641781259727    
  0.5784447257853258    
  0.5527603654329518    
  0.5252305228478987    
  0.4972014455901441    
  0.4697050321238468    
  0.4434372562441081    
  0.4188054349370963    
  0.3959999767526131    
  0.3750646319429758    
  0.3559524106360433    
  0.3385644257276523    
  0.3227757990646811    
  0.3084529877956707    
  0.2954640649699617    
  0.2836835645132419    
  0.2729949279378526    
  0.2632921958698256    
  0.2544803303182255    
  0.2464741586682806    
  0.2391974349384958    
  0.2325825452678603    
  0.2265698035365182    
  0.2211060892943839    
  0.2161439350188775    
  0.2116413222957807    
  0.2075611685564125    
  0.2038702950384187    
  0.2005388382538101    
  0.1975402712898842    
  0.1948511089664872    
  0.1924501465126371    
  0.1903181020534732    
  0.1884377779398679    
  0.1867939001342876    
  0.1853725315035288    
  0.1841608542955845    
  0.1831474012064803    
  0.1823219686576190    
  0.1816751431421611    
  0.1811981688952757    
  0.1808832072231358    
  0.1807232871784284    
  0.1807119082618773    
  0.1808429634303429    
  0.1811110058918871    
  0.1815112163442013    
  0.1820390578565129    
  0.1826902353563037    
  0.1834609602018849    
  0.1843479249804945    
  0.1853479962592349    
  0.1864581966246550    
  0.1876759596256566    
  0.1889991081396139    
  0.1904255790198088    
  0.1919534203013081    
  0.1935810307969978    
  0.1953071380610859    
  0.1971305514769396    
  0.1990501718831287    
  0.2010652138233273    
  0.2031751807467787    
  0.2053796437234652    
  0.2076782616282942    
  0.2100709855494688    
  0.2125580308241150    
  0.2151396802944583    
  0.2178163139966028    
  0.2205885954495067    
  0.2234574407072633    
  0.2264238461215687    
  0.2294889272945219    
  0.2326540874628394    
  0.2359209844445215    
  0.2392913835793914    
  0.2427672058267833    
  0.2463506785095694    
  0.2500443020037285    
  0.2538507298683699    
  0.2577728262623340    
  0.2618137989223259    
  0.2659771681044805    
  0.2702666776143331    
  0.2746863626514358    
