  0.2896318496100562    
  0.2944209794404963    
  0.2993586134555322    
  0.3044506283726119    
  0.3097034017300468    
  0.3151238574175274    
  0.3207194635958341    
  0.3264982692997200    
  0.3324689857777802    
  0.3386410518406515    
  0.3450246747995355    
  0.3516308807632098    
  0.3584715859574200    
  0.3655596840124575    
  0.3729091316133920    
  0.3805350025679438    
  0.3884535289543416    
  0.3966821875924740    
  0.4052397946429028    
  0.4141464933840011    
  0.4234236561588975    
  0.4330938216484395    
  0.4431805771630359    
  0.4537081303615410    
  0.4647005538866179    
  0.4761808350126593    
  0.4881694583367789    
  0.5006819351561290    
  0.5137250239875049    
  0.5272915096528944    
  0.5413526367123046    
  0.5558467318966577    
  0.5706630698353642    
  0.5856203737768516    
  0.6004388844153787    
  0.6147061637083284    
  0.6278417804798917    
  0.6390732808532149    
  0.6474439440413075    
  0.6518806425032850    
  0.6513471902785032    
  0.6450759626077429    
  0.6328096327261975    
  0.6149403057913727    
  0.5924605510537910    
  0.5667382552451969    
  0.5392212749602122    
  0.5111944845714284    
  0.4836519849564351    
  0.4572749106941050    
  0.4324719437091941    
  0.4094437744437952    
  0.3882475870426229    
  0.3688494453834174    
  0.3511617247586267    
  0.3350686947040497    
  0.3204437569741136    
  0.3071598975173596    
  0.2950950497112992    
  0.2841349932037499    
  0.2741751935547576    
  0.2651212760957306    
  0.2568882942830698    
  0.2493999986456200    
  0.2425885099594912    
  0.2363936343921070    
  0.2307616868067387    
  0.2256446637133835    
  0.2209999418219749    
  0.2167897457998630    
  0.2129802504779086    
  0.2095410339309908    
  0.2064449888196247    
  0.2036680031126028    
  0.2011883109081692    
  0.1989861597432531    
  0.1970438679651847    
  0.1953456437793800    
  0.1938770955090408    
  0.1926250286719960    
  0.1915775845839652    
  0.1907241421776305    
  0.1900549294067261    
  0.1895608950803281    
  0.1892338856348409    
  0.1890665950180648    
  0.1890522447987807    
  0.1891845015896144    
  0.1894576674453544    
  0.1898666551783993    
  0.1904067162262439    
  0.1910733877732687    
  0.1918626850661337    
  0.1927710894686613    
  0.1937953100085330    
  0.1949322496969360    
  0.1961791938171132    
  0.1975338044561604    
  0.1989939071145135    
  0.2005574691528161    
  0.2022227809149301    
  0.2039884542982551    
  0.2058532296475771    
  0.2078159612032918    
  0.2098757887906666    
  0.2120321402731076    
  0.2142845575214117    
  0.2166326857928760    
  0.2190764333615726    
  0.2216159775666882    
  0.2242516108570201    
  0.2269837339793828    
  0.2298130018237851    
  0.2327403316880854    
  0.2357667698932241    
  0.2388934902494489    
  0.2421219268088110    
  0.2454537839930001    
  0.2488909233889269    
  0.2524353679264038    
  0.2560894230353987    
  0.2598556906123413    
  0.2637369770702460    
  0.2677363030382299    
  0.2718570135130100    
  0.2761027986515253    
  0.2804776263545177    
  0.2849857583414269    
  0.2896318496100562    
  0.2944209794404963    
  0.2993586134555322    
  0.3044506283726119    
  0.3097034017300468    
  0.3151238574175274    
  0.3207194635958341    
  0.3264982692997200    
  0.3324689857777802    
  0.3386410518406515    
  0.3450246747995355    
  0.3516308807632098    
  0.3584715859574200    
  0.3655596840124575    
  0.3729091316133920    
  0.3805350025679438    
  0.3884535289543416    
  0.3966821875924740    
  0.4052397946429028    
  0.4141464933840011    
  0.4234236561588975    
  0.4330938216484395    
  0.4431805771630359    
  0.4537081303615410    
  0.4647005538866179    
  0.4761808350126593    
  0.4881694583367789    
  0.5006819351561290    
  0.5137250239875049    
  0.5272915096528944    
  0.5413526367123046    
  0.5558467318966577    
  0.5706630698353642    
  0.5856203737768516    
  0.6004388844153787    
  0.6147061637083284    
  0.6278417804798917    
  0.6390732808532149    
  0.6474439440413075    
  0.6518806425032850    
  0.6513471902785032    
  0.6450759626077429    
  0.6328096327261975    
  0.6149403057913727    
  0.5924605510537910    
  0.5667382552451969    
  0.5392212749602122    
  0.5111944845714284    
  0.4836519849564351    
  0.4572749106941050    
  0.4324719437091941    
  0.4094437744437952    
  0.3882475870426229    
  0.3688494453834174    
  0.3511617247586267    
  0.3350686947040497    
  0.3204437569741136    
  0.3071598975173596    
  0.2950950497112992    
  0.2841349932037499    
  0.2741751935547576    
  0.2651212760957306    
  0.2568882942830698    
  0.2493999986456200    
  0.2425885099594912    
  0.2363936343921070    
  0.2307616868067387    
  0.2256446637133835    
  0.2209999418219749    
  0.2167897457998630    
  0.2129802504779086    
  0.2095410339309908    
  0.2064449888196247    
  0.2036680031126028    
  0.2011883109081692    
  0.1989861597432531    
  0.1970438679651847    
  0.1953456437793800    
  0.1938770955090408    
  0.1926250286719960    
  0.1915775845839652    
  0.1907241421776305    
  0.1900549294067261    
  0.1895608950803281    
  0.1892338856348409    
  0.1890665950180648    
  0.1890522447987807    
  0.1891845015896144    
  0.1894576674453544    
  0.1898666551783993    
  0.1904067162262439    
  0.1910733877732687    
  0.1918626850661337    
  0.1927710894686613    
  0.1937953100085330    
  0.1949322496969360    
  0.1961791938171132    
  0.1975338044561604    
  0.1989939071145135    
  0.2005574691528161    
  0.2022227809149301    
  0.2039884542982551    
  0.2058532296475771    
  0.2078159612032918    
  0.2098757887906666    
  0.2120321402731076    
  0.2142845575214117    
  0.2166326857928760    
  0.2190764333615726    
  0.2216159775666882    
  0.2242516108570201    
  0.2269837339793828    
  0.2298130018237851    
  0.2327403316880854    
  0.2357667698932241    
  0.2388934902494489    
  0.2421219268088110    
  0.2454537839930001    
  0.2488909233889269    
  0.2524353679264038    
  0.2560894230353987    
  0.2598556906123413    
  0.2637369770702460    
  0.2677363030382299    
  0.2718570135130100    
  0.2761027986515253    
  0.2804776263545177    
  0.2849857583414269    
