   1.987181118113639    
   2.002554379519519    
   2.019360912551475    
   2.038102416100926    
   2.056946200225100    
   2.075320544126067    
   2.094863528577870    
   2.116109494005842    
   2.137479160119236    
   2.158318978925594    
   2.179906758831741    
   2.202637763931367    
   2.225032301984357    
   2.246319291302386    
   2.267344625268986    
   2.288131355298459    
   2.307002076603332    
   2.322811161427694    
   2.335658569913024    
   2.344681301269365    
   2.347305358928696    
   2.341184731395907    
   2.324627813042027    
   2.294449591830548    
   2.245265057617190    
   2.171059408868468    
   2.065115779525383    
   1.917638523530923    
   1.714839646266465    
   1.439871186381650    
   1.071913469831486    
  0.5833924176617296    
 -0.6077786377238096E-01
 -0.9015952471816444    
  -1.984615784916583    
  -3.356599293918675    
  -5.054281533236660    
  -7.084166767289656    
  -9.397234201630049    
  -11.86403208798328    
  -14.26376326877399    
  -16.31134636755026    
  -17.73291533524685    
  -18.35939171785780    
  -18.18193396774267    
  -17.33737782090387    
  -16.04205035100148    
  -14.51788672104325    
  -12.94293056401374    
  -11.43453867764216    
  -10.05709354495973    
  -8.838513170568660    
  -7.783060654809167    
  -6.879742994772642    
  -6.111170409053283    
  -5.460809090040203    
  -4.913240056494496    
  -4.451465385594414    
  -4.059577477463267    
  -3.727501446118677    
  -3.448356538463122    
  -3.212242756974809    
  -3.008466663521914    
  -2.832934670497453    
  -2.685967648154798    
  -2.562591387757124    
  -2.453183380788251    
  -2.354920133689332    
  -2.273122075413315    
  -2.207977478453659    
  -2.149691967298509    
  -2.092186898723084    
  -2.041985242154656    
  -2.005635006423682    
  -1.976675341384709    
  -1.944931653509608    
  -1.912302342785022    
  -1.888118308250841    
  -1.872812415883273    
  -1.857689821224959    
  -1.839272565173300    
  -1.822948285176607    
  -1.812141361657170    
  -1.803570142506589    
  -1.794537734444558    
  -1.786555276451342    
  -1.780185957025865    
  -1.773629504094905    
  -1.767638380151730    
  -1.764901826645335    
  -1.763805757516520    
  -1.760014565679843    
  -1.754800490014181    
  -1.753834573693141    
  -1.756753381780417    
  -1.756750550462688    
  -1.752533584528151    
  -1.751286322091589    
  -1.756196397542618    
  -1.760445822529967    
  -1.758912993822242    
  -1.757117120654176    
  -1.761578532115989    
  -1.768705225385991    
  -1.771419333919314    
  -1.771161595000514    
  -1.774577015514025    
  -1.782051065541846    
  -1.788166869025632    
  -1.791481055637609    
  -1.795884704159445    
  -1.803034842210924    
  -1.810399253645116    
  -1.816801558974235    
  -1.823998345369819    
  -1.832487173794426    
  -1.840765225952613    
  -1.848952474189931    
  -1.858739967112598    
  -1.869746378683556    
  -1.880027020886029    
  -1.890007779524286    
  -1.901905742096588    
  -1.915503879757632    
  -1.928515761332012    
  -1.940954174757314    
  -1.955113863448481    
  -1.971238601210819    
  -1.987181118113639    
  -2.002554379519519    
  -2.019360912551475    
  -2.038102416100926    
  -2.056946200225100    
  -2.075320544126067    
  -2.094863528577870    
  -2.116109494005842    
  -2.137479160119236    
  -2.158318978925594    
  -2.179906758831741    
  -2.202637763931367    
  -2.225032301984357    
  -2.246319291302386    
  -2.267344625268986    
  -2.288131355298459    
  -2.307002076603332    
  -2.322811161427694    
  -2.335658569913024    
  -2.344681301269365    
  -2.347305358928696    
  -2.341184731395907    
  -2.324627813042027    
  -2.294449591830548    
  -2.245265057617190    
  -2.171059408868468    
  -2.065115779525383    
  -1.917638523530923    
  -1.714839646266465    
  -1.439871186381650    
  -1.071913469831486    
 -0.5833924176617296    
  0.6077786377238096E-01
  0.9015952471816444    
   1.984615784916583    
   3.356599293918675    
   5.054281533236660    
   7.084166767289656    
   9.397234201630049    
   11.86403208798328    
   14.26376326877399    
   16.31134636755026    
   17.73291533524685    
   18.35939171785780    
   18.18193396774267    
   17.33737782090387    
   16.04205035100148    
   14.51788672104325    
   12.94293056401374    
   11.43453867764216    
   10.05709354495973    
   8.838513170568660    
   7.783060654809167    
   6.879742994772642    
   6.111170409053283    
   5.460809090040203    
   4.913240056494496    
   4.451465385594414    
   4.059577477463267    
   3.727501446118677    
   3.448356538463122    
   3.212242756974809    
   3.008466663521914    
   2.832934670497453    
   2.685967648154798    
   2.562591387757124    
   2.453183380788251    
   2.354920133689332    
   2.273122075413315    
   2.207977478453659    
   2.149691967298509    
   2.092186898723084    
   2.041985242154656    
   2.005635006423682    
   1.976675341384709    
   1.944931653509608    
   1.912302342785022    
   1.888118308250841    
   1.872812415883273    
   1.857689821224959    
   1.839272565173300    
   1.822948285176607    
   1.812141361657170    
   1.803570142506589    
   1.794537734444558    
   1.786555276451342    
   1.780185957025865    
   1.773629504094905    
   1.767638380151730    
   1.764901826645335    
   1.763805757516520    
   1.760014565679843    
   1.754800490014181    
   1.753834573693141    
   1.756753381780417    
   1.756750550462688    
   1.752533584528151    
   1.751286322091589    
   1.756196397542618    
   1.760445822529967    
   1.758912993822242    
   1.757117120654176    
   1.761578532115989    
   1.768705225385991    
   1.771419333919314    
   1.771161595000514    
   1.774577015514025    
   1.782051065541846    
   1.788166869025632    
   1.791481055637609    
   1.795884704159445    
   1.803034842210924    
   1.810399253645116    
   1.816801558974235    
   1.823998345369819    
   1.832487173794426    
   1.840765225952613    
   1.848952474189931    
   1.858739967112598    
   1.869746378683556    
   1.880027020886029    
   1.890007779524286    
   1.901905742096588    
   1.915503879757632    
   1.928515761332012    
   1.940954174757314    
   1.955113863448481    
   1.971238601210819    
