  0.7621573894303091E-01
  0.7493629746810604E-01
  0.7365389854607468E-01
  0.7236858040205818E-01
  0.7108038146254964E-01
  0.6978934035604345E-01
  0.6849549591359799E-01
  0.6719888716932143E-01
  0.6589955336079423E-01
  0.6459753392944734E-01
  0.6329286852090132E-01
  0.6198559698523404E-01
  0.6067575937715564E-01
  0.5936339595610590E-01
  0.5804854718632574E-01
  0.5673125373692467E-01
  0.5541155648189777E-01
  0.5408949650002248E-01
  0.5276511507464071E-01
  0.5143845369340599E-01
  0.5010955404806078E-01
  0.4877845803420433E-01
  0.4744520775095395E-01
  0.4610984550045982E-01
  0.4477241378734442E-01
  0.4343295531816516E-01
  0.4209151300091496E-01
  0.4074812994446148E-01
  0.3940284945784128E-01
  0.3805571504943134E-01
  0.3670677042611281E-01
  0.3535605949249038E-01
  0.3400362635010579E-01
  0.3264951529653071E-01
  0.3129377082431550E-01
  0.2993643761988035E-01
  0.2857756056245481E-01
  0.2721718472305096E-01
  0.2585535536336953E-01
  0.2449211793455963E-01
  0.2312751807588320E-01
  0.2176160161338975E-01
  0.2039441455865149E-01
  0.1902600310747454E-01
  0.1765641363849318E-01
  0.1628569271164571E-01
  0.1491388706663122E-01
  0.1354104362141006E-01
  0.1216720947071037E-01
  0.1079243188445012E-01
  0.9416758306062478E-02
  0.8040236350775942E-02
  0.6662913803912540E-02
  0.5284838619193988E-02
  0.3906058917006072E-02
  0.2526622982585103E-02
  0.1146579264147130E-02
 -0.2340236289952169E-03
 -0.1615136928301786E-02
 -0.2996711707891231E-02
 -0.4378698886482402E-02
 -0.5761049229397963E-02
 -0.7143713350587222E-02
 -0.8526641714642791E-02
 -0.9909784638831687E-02
 -0.1129309229516906E-01
 -0.1267651471252657E-01
 -0.1406000177876132E-01
 -0.1544350324285498E-01
 -0.1682696871707973E-01
 -0.1821034767918328E-01
 -0.1959358947458645E-01
 -0.2097664331860094E-01
 -0.2235945829868130E-01
 -0.2374198337669825E-01
 -0.2512416739121254E-01
 -0.2650595905974668E-01
 -0.2788730698108410E-01
 -0.2926815963760743E-01
 -0.3064846539765442E-01
 -0.3202817251786239E-01
 -0.3340722914551120E-01
 -0.3478558332089032E-01
 -0.3616318297969756E-01
 -0.3753997595544956E-01
 -0.3891590998187988E-01
 -0.4029093269534251E-01
 -0.4166499163724463E-01
 -0.4303803425650332E-01
 -0.4441000791199157E-01
 -0.4578085987495589E-01
 -0.4715053733145352E-01
 -0.4851898738484545E-01
 -0.4988615705830840E-01
 -0.5125199329729607E-01
 -0.5261644297196111E-01
 -0.5397945287962475E-01
 -0.5534096974732466E-01
 -0.5670094023435185E-01
 -0.5805931093470501E-01
 -0.5941602837951671E-01
 -0.6077103903956171E-01
 -0.6212428932784286E-01
 -0.6347572560213216E-01
 -0.6482529416740990E-01
 -0.6617294127829393E-01
 -0.6751861314157592E-01
 -0.6886225591883433E-01
 -0.7020381572897838E-01
 -0.7154323865067069E-01
 -0.7288047072474102E-01
 -0.7421545795673529E-01
 -0.7554814631955176E-01
 -0.7687848175598938E-01
 -0.7820641018114527E-01
 -0.7953187748482221E-01
 -0.8085482953410300E-01
 -0.8217521217599782E-01
 -0.8349297123996124E-01
 -0.8480805254026375E-01
 -0.8612040187843140E-01
 -0.8742996504585671E-01
 -0.8873668782641780E-01
 -0.9004051599894330E-01
 -0.9134139533960428E-01
 -0.9263927162442198E-01
 -0.9393409063187397E-01
 -0.9522579814544035E-01
 -0.9651433995605108E-01
 -0.9779966186456157E-01
 -0.9908170968430824E-01
 -0.1003604292436615    
 -0.1016357663885211    
 -0.1029076669848272    
 -0.1041760769211191    
 -0.1054409421110827    
 -0.1067022084960458    
 -0.1079598220475064    
 -0.1092137287697264    
 -0.1104638747023223    
 -0.1117102059227864    
 -0.1129526685490139    
 -0.1141912087419126    
 -0.1154257727080483    
 -0.1166563067022302    
 -0.1178827570300650    
 -0.1191050700505754    
 -0.1203231921788797    
 -0.1215370698888575    
 -0.1227466497157821    
 -0.1239518782589775    
 -0.1251527021845253    
 -0.1263490682279836    
 -0.1275409231971083    
 -0.1287282139746047    
 -0.1299108875209106    
 -0.1310888908769786    
 -0.1322621711670579    
 -0.1334306756015287    
 -0.1345943514797919    
 -0.1357531461931720    
 -0.1369070072278085    
 -0.1380558821675766    
 -0.1391997186970619    
 -0.1403384646045738    
 -0.1414720677851787    
 -0.1426004762437667    
 -0.1437236380981595    
 -0.1448415015822457    
 -0.1459540150491399    
 -0.1470611269743907    
 -0.1481627859592561    
 -0.1492589407340061    
 -0.1503495401612378    
 -0.1514345332392390    
 -0.1525138691054366    
 -0.1535874970398992    
 -0.1546553664688455    
 -0.1557174269681746    
 -0.1567736282670877    
 -0.1578239202518055    
 -0.1588682529693155    
 -0.1599065766311152    
 -0.1609388416170141    
 -0.1619649984790550    
 -0.1629849979455160    
 -0.1639987909249172    
 -0.1650063285100483    
 -0.1660075619821004    
 -0.1670024428149121    
 -0.1679909226792550    
 -0.1689729534471236    
 -0.1699484871961063    
 -0.1709174762138850    
 -0.1718798730028119    
 -0.1728356302844911    
 -0.1737847010044195    
 -0.1747270383367421    
 -0.1756625956890994    
 -0.1765913267075048    
 -0.1775131852812826    
 -0.1784281255481316    
 -0.1793361018992738    
 -0.1802370689846171    
 -0.1811309817179612    
 -0.1820177952823487    
 -0.1828974651355413    
 -0.1837699470155108    
 -0.1846351969459386    
 -0.1854931712418326    
 -0.1863438265152912    
 -0.1871871196813075    
 -0.1880230079635811    
 -0.1888514489004323    
 -0.1896724003508596    
 -0.1904858205006310    
 -0.1912916678683629    
 -0.1920899013116932    
 -0.1928804800336283    
 -0.1936633635889433    
 -0.1944385118905365    
 -0.1952058852158278    
 -0.1959654442133331    
 -0.1967171499093372    
 -0.1974609637145217    
 -0.1981968474305744    
 -0.1989247632569351    
 -0.1996446737976696    
 -0.2003565420683429    
 -0.2010603315028559    
 -0.2017560059603458    
 -0.2024435297321756    
 -0.2031228675489438    
 -0.2037939845874910    
 -0.2044568464779483    
 -0.2051114193108262    
 -0.2057576696440786    
 -0.2063955645101642    
 -0.2070250714231743    
 -0.2076461583859872    
 -0.2082587938973504    
 -0.2088629469589094    
 -0.2094585870822990    
 -0.2100456842962755    
 -0.2106242091537585    
 -0.2111941327387549    
 -0.2117554266733093    
 -0.2123080631245085    
 -0.2128520148114017    
 -0.2133872550117599    
 -0.2139137575687892    
 -0.2144314968978795    
 -0.2149404479932782    
 -0.2154405864345872    
 -0.2159318883931596    
 -0.2164143306384813    
 -0.2168878905444765    
 -0.2173525460956351    
 -0.2178082758930009    
 -0.2182550591600824    
 -0.2186928757486553    
 -0.2191217061443820    
 -0.2195415314722763    
 -0.2199523335020551    
 -0.2203540946533258    
 -0.2207467980005600    
 -0.2211304272779073    
 -0.2215049668838858    
 -0.2218704018858609    
 -0.2222267180242476    
 -0.2225739017165298    
 -0.2229119400611681    
 -0.2232408208412878    
 -0.2235605325280217    
 -0.2238710642836019    
 -0.2241724059643346    
 -0.2244645481233865    
 -0.2247474820132001    
 -0.2250211995875826    
 -0.2252856935036420    
 -0.2255409571235563    
 -0.2257869845159737    
 -0.2260237704570207    
 -0.2262513104310957    
 -0.2264696006315135    
 -0.2266786379608163    
 -0.2268784200306685    
 -0.2270689451614696    
 -0.2272502123817943    
 -0.2274222214275206    
 -0.2275849727405423    
 -0.2277384674671632    
 -0.2278827074563007    
 -0.2280176952574118    
 -0.2281434341179984    
 -0.2282599279807558    
 -0.2283671814805035    
 -0.2284651999408633    
 -0.2285539893705584    
 -0.2286335564593509    
 -0.2287039085737364    
 -0.2287650537523818    
 -0.2288170007011972    
 -0.2288597587880563    
 -0.2288933380372848    
 -0.2289177491239255    
 -0.2289330033676653    
 -0.2289391127264004    
 -0.2289360897895575    
 -0.2289239477712133    
 -0.2289027005029314    
 -0.2288723624262652    
 -0.2288329485850265    
 -0.2287844746173633    
 -0.2287269567475840    
 -0.2286604117776703    
 -0.2285848570785826    
 -0.2285003105814274    
 -0.2284067907684241    
 -0.2283043166635697    
 -0.2281929078230867    
 -0.2280725843257581    
 -0.2279433667631499    
 -0.2278052762296007    
 -0.2276583343119998    
 -0.2275025630794594    
 -0.2273379850729098    
 -0.2271646232945279    
 -0.2269825011969984    
 -0.2267916426726997    
 -0.2265920720428664    
 -0.2263838140466337    
 -0.2261668938299217    
 -0.2259413369342622    
 -0.2257071692856795    
 -0.2254644171835572    
 -0.2252131072893738    
 -0.2249532666153378    
 -0.2246849225130957    
 -0.2244081026625396    
 -0.2241228350605926    
 -0.2238291480098911    
 -0.2235270701074874    
 -0.2232166302337041    
 -0.2228978575410956    
 -0.2225707814433839    
 -0.2222354316043778    
 -0.2218918379270102    
 -0.2215400305425641    
 -0.2211800397999863    
 -0.2208118962552201    
 -0.2204356306606201    
 -0.2200512739545646    
 -0.2196588572512352    
 -0.2192584118304948    
 -0.2188499691278436    
 -0.2184335607245597    
 -0.2180092183380527    
 -0.2175769738123770    
 -0.2171368591088486    
 -0.2166889062968341    
 -0.2162331475447741    
 -0.2157696151114257    
 -0.2152983413372529    
 -0.2148193586359668    
 -0.2143326994862871    
 -0.2138383964239632    
 -0.2133364820340045    
 -0.2128269889430779    
 -0.2123099498120951    
 -0.2117853973290518    
 -0.2112533642021149    
 -0.2107138831529294    
 -0.2101669869101133    
 -0.2096127082029769    
 -0.2090510797554815    
 -0.2084821342804453    
 -0.2079059044739686    
 -0.2073224230100832    
 -0.2067317225356247    
 -0.2061338356653450    
 -0.2055287949772538    
 -0.2049166330081926    
 -0.2042973822496305    
 -0.2036710751436873    
 -0.2030377440793803    
 -0.2023974213891089    
 -0.2017501393453518    
 -0.2010959301575881    
 -0.2004348259694350    
 -0.1997668588560130    
 -0.1990920608215236    
 -0.1984104637970308    
 -0.1977220996384448    
 -0.1970270001247305    
 -0.1963251969563272    
 -0.1956167217537630    
 -0.1949016060564439    
 -0.1941798813216419    
 -0.1934515789236988    
 -0.1927167301534303    
 -0.1919753662176851    
 -0.1912275182390639    
 -0.1904732172558263    
 -0.1897124942220100    
 -0.1889453800077212    
 -0.1881719053995508    
 -0.1873921011011215    
 -0.1866059977338205    
 -0.1858136258377303    
 -0.1850150158727146    
 -0.1842101982195916    
 -0.1833992031814158    
 -0.1825820609849249    
 -0.1817588017821796    
 -0.1809294556523262    
 -0.1800940526034325    
 -0.1792526225744026    
 -0.1784051954370480    
 -0.1775518009983133    
 -0.1766924690026075    
 -0.1758272291341867    
 -0.1749561110196198    
 -0.1740791442303765    
 -0.1731963582855393    
 -0.1723077826545807    
 -0.1714134467601900    
 -0.1705133799811797    
 -0.1696076116555033    
 -0.1686961710833557    
 -0.1677790875303058    
 -0.1668563902304570    
 -0.1659281083896886    
 -0.1649942711889982    
 -0.1640549077879032    
 -0.1631100473278373    
 -0.1621597189355553    
 -0.1612039517266071    
 -0.1602427748089201    
 -0.1592762172864124    
 -0.1583043082625697    
 -0.1573270768439963    
 -0.1563445521440434    
 -0.1553567632865394    
 -0.1543637394095398    
 -0.1533655096690008    
 -0.1523621032424132    
 -0.1513535493324957    
 -0.1503398771709870    
 -0.1493211160224415    
 -0.1482972951879511    
 -0.1472684440088023    
 -0.1462345918701713    
 -0.1451957682048883    
 -0.1441520024972114    
 -0.1431033242865281    
 -0.1420497631709852    
 -0.1409913488111174    
 -0.1399281109335251    
 -0.1388600793345630    
 -0.1377872838839735    
 -0.1367097545284345    
 -0.1356275212950733    
 -0.1345406142949948    
 -0.1334490637268240    
 -0.1323528998802121    
 -0.1312521531392736    
 -0.1301468539859594    
 -0.1290370330034021    
 -0.1279227208792446    
 -0.1268039484089531    
 -0.1256807464990899    
 -0.1245531461705303    
 -0.1234211785616073    
 -0.1222848749312098    
 -0.1211442666618510    
 -0.1199993852627170    
 -0.1188502623726667    
 -0.1176969297631620    
 -0.1165394193411305    
 -0.1153777631517880    
 -0.1142119933814237    
 -0.1130421423601437    
 -0.1118682425645374    
 -0.1106903266202814    
 -0.1095084273046938    
 -0.1083225775492584    
 -0.1071328104420942    
 -0.1059391592303430    
 -0.1047416573224766    
 -0.1035403382905589    
 -0.1023352358724833    
 -0.1011263839741645    
 -0.9991381667164156E-01
 -0.9869756821308956E-01
 -0.9747767302077109E-01
 -0.9625416569296408E-01
 -0.9502708100584861E-01
 -0.9379645391531927E-01
 -0.9256231955869887E-01
 -0.9132471325638386E-01
 -0.9008367051345245E-01
 -0.8883922702124014E-01
 -0.8759141865884207E-01
 -0.8634028149452311E-01
 -0.8508585178704980E-01
 -0.8382816598698950E-01
 -0.8256726073797321E-01
 -0.8130317287788746E-01
 -0.8003593943996851E-01
 -0.7876559765382440E-01
 -0.7749218494642091E-01
 -0.7621573894303091E-01
 -0.7493629746810604E-01
 -0.7365389854607468E-01
 -0.7236858040205818E-01
 -0.7108038146254964E-01
 -0.6978934035604345E-01
 -0.6849549591359799E-01
 -0.6719888716932143E-01
 -0.6589955336079423E-01
 -0.6459753392944734E-01
 -0.6329286852090132E-01
 -0.6198559698523404E-01
 -0.6067575937715564E-01
 -0.5936339595610590E-01
 -0.5804854718632574E-01
 -0.5673125373692467E-01
 -0.5541155648189777E-01
 -0.5408949650002248E-01
 -0.5276511507464071E-01
 -0.5143845369340599E-01
 -0.5010955404806078E-01
 -0.4877845803420433E-01
 -0.4744520775095395E-01
 -0.4610984550045982E-01
 -0.4477241378734442E-01
 -0.4343295531816516E-01
 -0.4209151300091496E-01
 -0.4074812994446148E-01
 -0.3940284945784128E-01
 -0.3805571504943134E-01
 -0.3670677042611281E-01
 -0.3535605949249038E-01
 -0.3400362635010579E-01
 -0.3264951529653071E-01
 -0.3129377082431550E-01
 -0.2993643761988035E-01
 -0.2857756056245481E-01
 -0.2721718472305096E-01
 -0.2585535536336953E-01
 -0.2449211793455963E-01
 -0.2312751807588320E-01
 -0.2176160161338975E-01
 -0.2039441455865149E-01
 -0.1902600310747454E-01
 -0.1765641363849318E-01
 -0.1628569271164571E-01
 -0.1491388706663122E-01
 -0.1354104362141006E-01
 -0.1216720947071037E-01
 -0.1079243188445012E-01
 -0.9416758306062478E-02
 -0.8040236350775942E-02
 -0.6662913803912540E-02
 -0.5284838619193988E-02
 -0.3906058917006072E-02
 -0.2526622982585103E-02
 -0.1146579264147130E-02
  0.2340236289952169E-03
  0.1615136928301786E-02
  0.2996711707891231E-02
  0.4378698886482402E-02
  0.5761049229397963E-02
  0.7143713350587222E-02
  0.8526641714642791E-02
  0.9909784638831687E-02
  0.1129309229516906E-01
  0.1267651471252657E-01
  0.1406000177876132E-01
  0.1544350324285498E-01
  0.1682696871707973E-01
  0.1821034767918328E-01
  0.1959358947458645E-01
  0.2097664331860094E-01
  0.2235945829868130E-01
  0.2374198337669825E-01
  0.2512416739121254E-01
  0.2650595905974668E-01
  0.2788730698108410E-01
  0.2926815963760743E-01
  0.3064846539765442E-01
  0.3202817251786239E-01
  0.3340722914551120E-01
  0.3478558332089032E-01
  0.3616318297969756E-01
  0.3753997595544956E-01
  0.3891590998187988E-01
  0.4029093269534251E-01
  0.4166499163724463E-01
  0.4303803425650332E-01
  0.4441000791199157E-01
  0.4578085987495589E-01
  0.4715053733145352E-01
  0.4851898738484545E-01
  0.4988615705830840E-01
  0.5125199329729607E-01
  0.5261644297196111E-01
  0.5397945287962475E-01
  0.5534096974732466E-01
  0.5670094023435185E-01
  0.5805931093470501E-01
  0.5941602837951671E-01
  0.6077103903956171E-01
  0.6212428932784286E-01
  0.6347572560213216E-01
  0.6482529416740990E-01
  0.6617294127829393E-01
  0.6751861314157592E-01
  0.6886225591883433E-01
  0.7020381572897838E-01
  0.7154323865067069E-01
  0.7288047072474102E-01
  0.7421545795673529E-01
  0.7554814631955176E-01
  0.7687848175598938E-01
  0.7820641018114527E-01
  0.7953187748482221E-01
  0.8085482953410300E-01
  0.8217521217599782E-01
  0.8349297123996124E-01
  0.8480805254026375E-01
  0.8612040187843140E-01
  0.8742996504585671E-01
  0.8873668782641780E-01
  0.9004051599894330E-01
  0.9134139533960428E-01
  0.9263927162442198E-01
  0.9393409063187397E-01
  0.9522579814544035E-01
  0.9651433995605108E-01
  0.9779966186456157E-01
  0.9908170968430824E-01
  0.1003604292436615    
  0.1016357663885211    
  0.1029076669848272    
  0.1041760769211191    
  0.1054409421110827    
  0.1067022084960458    
  0.1079598220475064    
  0.1092137287697264    
  0.1104638747023223    
  0.1117102059227864    
  0.1129526685490139    
  0.1141912087419126    
  0.1154257727080483    
  0.1166563067022302    
  0.1178827570300650    
  0.1191050700505754    
  0.1203231921788797    
  0.1215370698888575    
  0.1227466497157821    
  0.1239518782589775    
  0.1251527021845253    
  0.1263490682279836    
  0.1275409231971083    
  0.1287282139746047    
  0.1299108875209106    
  0.1310888908769786    
  0.1322621711670579    
  0.1334306756015287    
  0.1345943514797919    
  0.1357531461931720    
  0.1369070072278085    
  0.1380558821675766    
  0.1391997186970619    
  0.1403384646045738    
  0.1414720677851787    
  0.1426004762437667    
  0.1437236380981595    
  0.1448415015822457    
  0.1459540150491399    
  0.1470611269743907    
  0.1481627859592561    
  0.1492589407340061    
  0.1503495401612378    
  0.1514345332392390    
  0.1525138691054366    
  0.1535874970398992    
  0.1546553664688455    
  0.1557174269681746    
  0.1567736282670877    
  0.1578239202518055    
  0.1588682529693155    
  0.1599065766311152    
  0.1609388416170141    
  0.1619649984790550    
  0.1629849979455160    
  0.1639987909249172    
  0.1650063285100483    
  0.1660075619821004    
  0.1670024428149121    
  0.1679909226792550    
  0.1689729534471236    
  0.1699484871961063    
  0.1709174762138850    
  0.1718798730028119    
  0.1728356302844911    
  0.1737847010044195    
  0.1747270383367421    
  0.1756625956890994    
  0.1765913267075048    
  0.1775131852812826    
  0.1784281255481316    
  0.1793361018992738    
  0.1802370689846171    
  0.1811309817179612    
  0.1820177952823487    
  0.1828974651355413    
  0.1837699470155108    
  0.1846351969459386    
  0.1854931712418326    
  0.1863438265152912    
  0.1871871196813075    
  0.1880230079635811    
  0.1888514489004323    
  0.1896724003508596    
  0.1904858205006310    
  0.1912916678683629    
  0.1920899013116932    
  0.1928804800336283    
  0.1936633635889433    
  0.1944385118905365    
  0.1952058852158278    
  0.1959654442133331    
  0.1967171499093372    
  0.1974609637145217    
  0.1981968474305744    
  0.1989247632569351    
  0.1996446737976696    
  0.2003565420683429    
  0.2010603315028559    
  0.2017560059603458    
  0.2024435297321756    
  0.2031228675489438    
  0.2037939845874910    
  0.2044568464779483    
  0.2051114193108262    
  0.2057576696440786    
  0.2063955645101642    
  0.2070250714231743    
  0.2076461583859872    
  0.2082587938973504    
  0.2088629469589094    
  0.2094585870822990    
  0.2100456842962755    
  0.2106242091537585    
  0.2111941327387549    
  0.2117554266733093    
  0.2123080631245085    
  0.2128520148114017    
  0.2133872550117599    
  0.2139137575687892    
  0.2144314968978795    
  0.2149404479932782    
  0.2154405864345872    
  0.2159318883931596    
  0.2164143306384813    
  0.2168878905444765    
  0.2173525460956351    
  0.2178082758930009    
  0.2182550591600824    
  0.2186928757486553    
  0.2191217061443820    
  0.2195415314722763    
  0.2199523335020551    
  0.2203540946533258    
  0.2207467980005600    
  0.2211304272779073    
  0.2215049668838858    
  0.2218704018858609    
  0.2222267180242476    
  0.2225739017165298    
  0.2229119400611681    
  0.2232408208412878    
  0.2235605325280217    
  0.2238710642836019    
  0.2241724059643346    
  0.2244645481233865    
  0.2247474820132001    
  0.2250211995875826    
  0.2252856935036420    
  0.2255409571235563    
  0.2257869845159737    
  0.2260237704570207    
  0.2262513104310957    
  0.2264696006315135    
  0.2266786379608163    
  0.2268784200306685    
  0.2270689451614696    
  0.2272502123817943    
  0.2274222214275206    
  0.2275849727405423    
  0.2277384674671632    
  0.2278827074563007    
  0.2280176952574118    
  0.2281434341179984    
  0.2282599279807558    
  0.2283671814805035    
  0.2284651999408633    
  0.2285539893705584    
  0.2286335564593509    
  0.2287039085737364    
  0.2287650537523818    
  0.2288170007011972    
  0.2288597587880563    
  0.2288933380372848    
  0.2289177491239255    
  0.2289330033676653    
  0.2289391127264004    
  0.2289360897895575    
  0.2289239477712133    
  0.2289027005029314    
  0.2288723624262652    
  0.2288329485850265    
  0.2287844746173633    
  0.2287269567475840    
  0.2286604117776703    
  0.2285848570785826    
  0.2285003105814274    
  0.2284067907684241    
  0.2283043166635697    
  0.2281929078230867    
  0.2280725843257581    
  0.2279433667631499    
  0.2278052762296007    
  0.2276583343119998    
  0.2275025630794594    
  0.2273379850729098    
  0.2271646232945279    
  0.2269825011969984    
  0.2267916426726997    
  0.2265920720428664    
  0.2263838140466337    
  0.2261668938299217    
  0.2259413369342622    
  0.2257071692856795    
  0.2254644171835572    
  0.2252131072893738    
  0.2249532666153378    
  0.2246849225130957    
  0.2244081026625396    
  0.2241228350605926    
  0.2238291480098911    
  0.2235270701074874    
  0.2232166302337041    
  0.2228978575410956    
  0.2225707814433839    
  0.2222354316043778    
  0.2218918379270102    
  0.2215400305425641    
  0.2211800397999863    
  0.2208118962552201    
  0.2204356306606201    
  0.2200512739545646    
  0.2196588572512352    
  0.2192584118304948    
  0.2188499691278436    
  0.2184335607245597    
  0.2180092183380527    
  0.2175769738123770    
  0.2171368591088486    
  0.2166889062968341    
  0.2162331475447741    
  0.2157696151114257    
  0.2152983413372529    
  0.2148193586359668    
  0.2143326994862871    
  0.2138383964239632    
  0.2133364820340045    
  0.2128269889430779    
  0.2123099498120951    
  0.2117853973290518    
  0.2112533642021149    
  0.2107138831529294    
  0.2101669869101133    
  0.2096127082029769    
  0.2090510797554815    
  0.2084821342804453    
  0.2079059044739686    
  0.2073224230100832    
  0.2067317225356247    
  0.2061338356653450    
  0.2055287949772538    
  0.2049166330081926    
  0.2042973822496305    
  0.2036710751436873    
  0.2030377440793803    
  0.2023974213891089    
  0.2017501393453518    
  0.2010959301575881    
  0.2004348259694350    
  0.1997668588560130    
  0.1990920608215236    
  0.1984104637970308    
  0.1977220996384448    
  0.1970270001247305    
  0.1963251969563272    
  0.1956167217537630    
  0.1949016060564439    
  0.1941798813216419    
  0.1934515789236988    
  0.1927167301534303    
  0.1919753662176851    
  0.1912275182390639    
  0.1904732172558263    
  0.1897124942220100    
  0.1889453800077212    
  0.1881719053995508    
  0.1873921011011215    
  0.1866059977338205    
  0.1858136258377303    
  0.1850150158727146    
  0.1842101982195916    
  0.1833992031814158    
  0.1825820609849249    
  0.1817588017821796    
  0.1809294556523262    
  0.1800940526034325    
  0.1792526225744026    
  0.1784051954370480    
  0.1775518009983133    
  0.1766924690026075    
  0.1758272291341867    
  0.1749561110196198    
  0.1740791442303765    
  0.1731963582855393    
  0.1723077826545807    
  0.1714134467601900    
  0.1705133799811797    
  0.1696076116555033    
  0.1686961710833557    
  0.1677790875303058    
  0.1668563902304570    
  0.1659281083896886    
  0.1649942711889982    
  0.1640549077879032    
  0.1631100473278373    
  0.1621597189355553    
  0.1612039517266071    
  0.1602427748089201    
  0.1592762172864124    
  0.1583043082625697    
  0.1573270768439963    
  0.1563445521440434    
  0.1553567632865394    
  0.1543637394095398    
  0.1533655096690008    
  0.1523621032424132    
  0.1513535493324957    
  0.1503398771709870    
  0.1493211160224415    
  0.1482972951879511    
  0.1472684440088023    
  0.1462345918701713    
  0.1451957682048883    
  0.1441520024972114    
  0.1431033242865281    
  0.1420497631709852    
  0.1409913488111174    
  0.1399281109335251    
  0.1388600793345630    
  0.1377872838839735    
  0.1367097545284345    
  0.1356275212950733    
  0.1345406142949948    
  0.1334490637268240    
  0.1323528998802121    
  0.1312521531392736    
  0.1301468539859594    
  0.1290370330034021    
  0.1279227208792446    
  0.1268039484089531    
  0.1256807464990899    
  0.1245531461705303    
  0.1234211785616073    
  0.1222848749312098    
  0.1211442666618510    
  0.1199993852627170    
  0.1188502623726667    
  0.1176969297631620    
  0.1165394193411305    
  0.1153777631517880    
  0.1142119933814237    
  0.1130421423601437    
  0.1118682425645374    
  0.1106903266202814    
  0.1095084273046938    
  0.1083225775492584    
  0.1071328104420942    
  0.1059391592303430    
  0.1047416573224766    
  0.1035403382905589    
  0.1023352358724833    
  0.1011263839741645    
  0.9991381667164156E-01
  0.9869756821308956E-01
  0.9747767302077109E-01
  0.9625416569296408E-01
  0.9502708100584861E-01
  0.9379645391531927E-01
  0.9256231955869887E-01
  0.9132471325638386E-01
  0.9008367051345245E-01
  0.8883922702124014E-01
  0.8759141865884207E-01
  0.8634028149452311E-01
  0.8508585178704980E-01
  0.8382816598698950E-01
  0.8256726073797321E-01
  0.8130317287788746E-01
  0.8003593943996851E-01
  0.7876559765382440E-01
  0.7749218494642091E-01
