  0.4354908444032320    
  0.4352518362204359    
  0.4348625887742411    
  0.4343252063264613    
  0.4336414272274942    
  0.4328126395227808    
  0.4318398965610699    
  0.4307239310131966    
  0.4294651679631658    
  0.4280637387393664    
  0.4265194953092922    
  0.4248320234199412    
  0.4230006538903850    
  0.4210244735029564    
  0.4189023365053074    
  0.4166328756864067    
  0.4142145117593456    
  0.4116454616609886    
  0.4089237471915022    
  0.4060472039254415    
  0.4030134891603971    
  0.3998200887512319    
  0.3964643240589495    
  0.3929433595884659    
  0.3892542104290183    
  0.3853937488589400    
  0.3813587108996547    
  0.3771457037195914    
  0.3727512135219587    
  0.3681716131926406    
  0.3634031700882725    
  0.3584420549024591    
  0.3532843516726419    
  0.3479260683745269    
  0.3423631482885172    
  0.3365914830068975    
  0.3306069273573350    
  0.3244053157997566    
  0.3179824803239367    
  0.3113342706222597    
  0.3044565769704658    
  0.2973453555043389    
  0.2899966558124874    
  0.2824066515010796    
  0.2745716742667973    
  0.2664882513200560    
  0.2581531460257577    
  0.2495634022389220    
  0.2407163927855943    
  0.2316098718957800    
  0.2222420312797006    
  0.2126115600168713    
  0.2027177084276510    
  0.1925603554911991    
  0.1821400791660004    
  0.1714582293286975    
  0.1605170030216058    
  0.1493195210860517    
  0.1378699049661515    
  0.1261733527260812    
  0.1142362132625948    
  0.1020660570743838    
  0.8967174163593573E-01
  0.7706346969242081E-01
  0.6425283880336505E-01
  0.5125287992977508E-01
  0.3807808263737211E-01
  0.2474440492047916E-01
  0.1126926590614583E-01
 -0.2328480583026165E-02
 -0.1602859359876992E-01
 -0.2980951500068459E-01
 -0.4364846232767447E-01
 -0.5752154509170412E-01
 -0.7140390463400473E-01
 -0.8526987659477922E-01
 -0.9909317406604926E-01
 -0.1128470892092314    
 -0.1265047107236910    
 -0.1400391534646028    
 -0.1534237955988996    
 -0.1666325186827476    
 -0.1796399461359328    
 -0.1924216750219269    
 -0.2049544956644818    
 -0.2172165943274070    
 -0.2291877351250994    
 -0.2408494174908025    
 -0.2521850056689737    
 -0.2631798279430188    
 -0.2738212449030232    
 -0.2840986866275182    
 -0.2940036587385255    
 -0.3035297183328894    
 -0.3126724223786769    
 -0.3214292516893550    
 -0.3297995131877424    
 -0.3377842234420632    
 -0.3453859774604602    
 -0.3526088068917211    
 -0.3594580308675002    
 -0.3659401023191604    
 -0.3720624531723575    
 -0.3778333418532646    
 -0.3832617053744459    
 -0.3883570173364430    
 -0.3931291533936878    
 -0.3975882659193770    
 -0.4017446688006864    
 -0.4056087324883694    
 -0.4091907895616607    
 -0.4125010512697226    
 -0.4155495348540993    
 -0.4183460008016210    
 -0.4208998994664039    
 -0.4232203268682306    
 -0.4253159889279242    
 -0.4271951728618762    
 -0.4288657250627379    
 -0.4303350355246407    
 -0.4316100282649840    
 -0.4326971562205947    
 -0.4336023996399354    
 -0.4343312683133668    
 -0.4348888077344035    
 -0.4352796077370467    
 -0.4355078120467479    
 -0.4355771289881433    
 -0.4354908444032320    
 -0.4352518362204359    
 -0.4348625887742411    
 -0.4343252063264613    
 -0.4336414272274942    
 -0.4328126395227808    
 -0.4318398965610699    
 -0.4307239310131966    
 -0.4294651679631658    
 -0.4280637387393664    
 -0.4265194953092922    
 -0.4248320234199412    
 -0.4230006538903850    
 -0.4210244735029564    
 -0.4189023365053074    
 -0.4166328756864067    
 -0.4142145117593456    
 -0.4116454616609886    
 -0.4089237471915022    
 -0.4060472039254415    
 -0.4030134891603971    
 -0.3998200887512319    
 -0.3964643240589495    
 -0.3929433595884659    
 -0.3892542104290183    
 -0.3853937488589400    
 -0.3813587108996547    
 -0.3771457037195914    
 -0.3727512135219587    
 -0.3681716131926406    
 -0.3634031700882725    
 -0.3584420549024591    
 -0.3532843516726419    
 -0.3479260683745269    
 -0.3423631482885172    
 -0.3365914830068975    
 -0.3306069273573350    
 -0.3244053157997566    
 -0.3179824803239367    
 -0.3113342706222597    
 -0.3044565769704658    
 -0.2973453555043389    
 -0.2899966558124874    
 -0.2824066515010796    
 -0.2745716742667973    
 -0.2664882513200560    
 -0.2581531460257577    
 -0.2495634022389220    
 -0.2407163927855943    
 -0.2316098718957800    
 -0.2222420312797006    
 -0.2126115600168713    
 -0.2027177084276510    
 -0.1925603554911991    
 -0.1821400791660004    
 -0.1714582293286975    
 -0.1605170030216058    
 -0.1493195210860517    
 -0.1378699049661515    
 -0.1261733527260812    
 -0.1142362132625948    
 -0.1020660570743838    
 -0.8967174163593573E-01
 -0.7706346969242081E-01
 -0.6425283880336505E-01
 -0.5125287992977508E-01
 -0.3807808263737211E-01
 -0.2474440492047916E-01
 -0.1126926590614583E-01
  0.2328480583026165E-02
  0.1602859359876992E-01
  0.2980951500068459E-01
  0.4364846232767447E-01
  0.5752154509170412E-01
  0.7140390463400473E-01
  0.8526987659477922E-01
  0.9909317406604926E-01
  0.1128470892092314    
  0.1265047107236910    
  0.1400391534646028    
  0.1534237955988996    
  0.1666325186827476    
  0.1796399461359328    
  0.1924216750219269    
  0.2049544956644818    
  0.2172165943274070    
  0.2291877351250994    
  0.2408494174908025    
  0.2521850056689737    
  0.2631798279430188    
  0.2738212449030232    
  0.2840986866275182    
  0.2940036587385255    
  0.3035297183328894    
  0.3126724223786769    
  0.3214292516893550    
  0.3297995131877424    
  0.3377842234420632    
  0.3453859774604602    
  0.3526088068917211    
  0.3594580308675002    
  0.3659401023191604    
  0.3720624531723575    
  0.3778333418532646    
  0.3832617053744459    
  0.3883570173364430    
  0.3931291533936878    
  0.3975882659193770    
  0.4017446688006864    
  0.4056087324883694    
  0.4091907895616607    
  0.4125010512697226    
  0.4155495348540993    
  0.4183460008016210    
  0.4208998994664039    
  0.4232203268682306    
  0.4253159889279242    
  0.4271951728618762    
  0.4288657250627379    
  0.4303350355246407    
  0.4316100282649840    
  0.4326971562205947    
  0.4336023996399354    
  0.4343312683133668    
  0.4348888077344035    
  0.4352796077370467    
  0.4355078120467479    
  0.4355771289881433    
