  0.3881185216933265E-01
  0.3909996731843302E-01
  0.3939108634850171E-01
  0.3968522100987600E-01
  0.3998238279817085E-01
  0.4028258254466457E-01
  0.4058583042117202E-01
  0.4089213632064517E-01
  0.4120150981875090E-01
  0.4151395975522455E-01
  0.4182949423803259E-01
  0.4214812103150405E-01
  0.4246984751701110E-01
  0.4279468026509966E-01
  0.4312262503901342E-01
  0.4345368719064568E-01
  0.4378787162034049E-01
  0.4412518233959584E-01
  0.4446562247403157E-01
  0.4480919466747338E-01
  0.4515590104088352E-01
  0.4550574274540442E-01
  0.4585871996485525E-01
  0.4621483232828660E-01
  0.4657407886804272E-01
  0.4693645756287664E-01
  0.4730196534005286E-01
  0.4767059849673033E-01
  0.4804235265715368E-01
  0.4841722230554102E-01
  0.4879520078786180E-01
  0.4917628074241749E-01
  0.4956045405613790E-01
  0.4994771138690025E-01
  0.5033804216504918E-01
  0.5073143503356408E-01
  0.5112787780341441E-01
  0.5152735696491691E-01
  0.5192985768905185E-01
  0.5233536427762898E-01
  0.5274386011763241E-01
  0.5315532718116217E-01
  0.5356974602658459E-01
  0.5398709625912730E-01
  0.5440735648412146E-01
  0.5483050379501306E-01
  0.5525651377436790E-01
  0.5568536096534452E-01
  0.5611701882371209E-01
  0.5655145919335122E-01
  0.5698865230712033E-01
  0.5742856726967784E-01
  0.5787117200811678E-01
  0.5831643273430141E-01
  0.5876431394559459E-01
  0.5921477891953573E-01
  0.5966778966289295E-01
  0.6012330636008774E-01
  0.6058128737376930E-01
  0.6104168975190633E-01
  0.6150446917503813E-01
  0.6196957938995591E-01
  0.6243697221009209E-01
  0.6290659803562143E-01
  0.6337840579865642E-01
  0.6385234238126972E-01
  0.6432835261567957E-01
  0.6480637981802612E-01
  0.6528636573122085E-01
  0.6576824992629243E-01
  0.6625196980235926E-01
  0.6673746113484298E-01
  0.6722465801566287E-01
  0.6771349223678463E-01
  0.6820389328999718E-01
  0.6869578893044090E-01
  0.6918910511383028E-01
  0.6968376536099019E-01
  0.7017969075750180E-01
  0.7067680053357774E-01
  0.7117501199800345E-01
  0.7167423988235130E-01
  0.7217439634063869E-01
  0.7267539154678347E-01
  0.7317713362499194E-01
  0.7367952797226969E-01
  0.7418247725836716E-01
  0.7468588204232020E-01
  0.7518964069907687E-01
  0.7569364871885537E-01
  0.7619779870783377E-01
  0.7670198102564703E-01
  0.7720608370819422E-01
  0.7770999174239686E-01
  0.7821358706837567E-01
  0.7871674924025512E-01
  0.7921935534529610E-01
  0.7972127925264955E-01
  0.8022239161817389E-01
  0.8072256057156341E-01
  0.8122165163230292E-01
  0.8171952693117887E-01
  0.8221604521950587E-01
  0.8271106258652206E-01
  0.8320443237319936E-01
  0.8369600436558122E-01
  0.8418562481104309E-01
  0.8467313717114533E-01
  0.8515838203514950E-01
  0.8564119628483480E-01
  0.8612141312169605E-01
  0.8659886286221236E-01
  0.8707337285415601E-01
  0.8754476661350485E-01
  0.8801286386832957E-01
  0.8847748140589387E-01
  0.8893843299665255E-01
  0.8939552850538666E-01
  0.8984857396019370E-01
  0.9029737246430208E-01
  0.9074172413534273E-01
  0.9118142519518460E-01
  0.9161626807628603E-01
  0.9204604241598260E-01
  0.9247053502250299E-01
  0.9288952895145167E-01
  0.9330280366715527E-01
  0.9371013614385089E-01
  0.9411130087528863E-01
  0.9450606895063457E-01
  0.9489420829568734E-01
  0.9527548491413845E-01
  0.9564966296440375E-01
  0.9601650385354410E-01
  0.9637576659185051E-01
  0.9672720921732567E-01
  0.9707058896992395E-01
  0.9740566142627094E-01
  0.9773218100759073E-01
  0.9804990263673094E-01
  0.9835858203871861E-01
  0.9865797493105978E-01
  0.9894783771530299E-01
  0.9922792939906347E-01
  0.9949801201563943E-01
  0.9975784982746869E-01
  0.1000072101561756    
  0.1002458654944774    
  0.1004735938731752    
  0.1006901778016793    
  0.1008954048779043    
  0.1010890695808705    
  0.1012709727958115    
  0.1014409193602866    
  0.1015987169339811    
  0.1017441753608334    
  0.1018771023268727    
  0.1019972952926975    
  0.1021045328671176    
  0.1021985637664991    
  0.1022790874336949    
  0.1023457248842856    
  0.1023979813462826    
  0.1024351955304103    
  0.1024564648336874    
  0.1024605401424713    
  0.1024456860432036    
  0.1024094931250097    
  0.1023486231506101    
  0.1022584768742379    
  0.1021327859276810    
  0.1019631398251187    
  0.1017384936418759    
  0.1014447813310772    
  0.1010648634206366    
  0.1005791296809672    
  0.9996710477965569E-01
  0.9921024193277808E-01
  0.9829559975345961E-01
  0.9721939857445779E-01
  0.9598904514480455E-01
  0.9462260768934630E-01
  0.9314583622307002E-01
  0.9158791328004021E-01
  0.8997744550502804E-01
  0.8833969929529667E-01
  0.8669529181908490E-01
  0.8506001685324699E-01
  0.8344534079462501E-01
  0.8185918068274950E-01
  0.8030670984494485E-01
  0.7879106363592808E-01
  0.7731390966868983E-01
  0.7587588858540444E-01
  0.7447694059355790E-01
  0.7311653867173268E-01
  0.7179385442173401E-01
  0.7050787675258313E-01
  0.6925749356641589E-01
  0.6804154514080946E-01
  0.6685886031382748E-01
  0.6570828235134585E-01
  0.6458868508934089E-01
  0.6349898078721142E-01
  0.6243812458195177E-01
  0.6140511805215824E-01
  0.6039901017665201E-01
  0.5941889535394167E-01
  0.5846391136106386E-01
  0.5753323840898446E-01
  0.5662609726421870E-01
  0.5574174584389015E-01
  0.5487947647615230E-01
  0.5403861456224194E-01
  0.5321851673567915E-01
  0.5241856792136390E-01
  0.5163817909868720E-01
  0.5087678632952025E-01
  0.5013384938227505E-01
  0.4940884944396974E-01
  0.4870128747354080E-01
  0.4801068365094437E-01
  0.4733657645211667E-01
  0.4667852090988752E-01
  0.4603608741735442E-01
  0.4540886146494288E-01
  0.4479644302572527E-01
  0.4419844521271810E-01
  0.4361449340261547E-01
  0.4304422516521010E-01
  0.4248728986392351E-01
  0.4194334759764484E-01
  0.4141206854004727E-01
  0.4089313297727332E-01
  0.4038623104249323E-01
  0.3989106185730699E-01
  0.3940733301741649E-01
  0.3893476069146196E-01
  0.3847306944481081E-01
  0.3802199152863942E-01
  0.3758126646687277E-01
  0.3715064118350129E-01
  0.3672986988189784E-01
  0.3631871344234547E-01
  0.3591693907858979E-01
  0.3552432047422922E-01
  0.3514063769855674E-01
  0.3476567668910073E-01
  0.3439922895947361E-01
  0.3404109173454715E-01
  0.3369106789069246E-01
  0.3334896550606655E-01
  0.3301459760609216E-01
  0.3268778229036116E-01
  0.3236834268900263E-01
  0.3205610656870974E-01
  0.3175090610732419E-01
  0.3145257800952441E-01
  0.3116096347500367E-01
  0.3087590785226656E-01
  0.3059726043672884E-01
  0.3032487457374171E-01
  0.3005860763550156E-01
  0.2979832071623271E-01
  0.2954387844947489E-01
  0.2929514909773135E-01
  0.2905200453608503E-01
  0.2881431998402996E-01
  0.2858197383905537E-01
  0.2835484775309583E-01
  0.2813282662176786E-01
  0.2791579834928092E-01
  0.2770365369620947E-01
  0.2749628634313502E-01
  0.2729359288465343E-01
  0.2709547262430270E-01
  0.2690182743473946E-01
  0.2671256180897559E-01
  0.2652758285848923E-01
  0.2634680013560657E-01
  0.2617012550468748E-01
  0.2599747318148541E-01
  0.2582875973492784E-01
  0.2566390393483384E-01
  0.2550282663299520E-01
  0.2534545079119677E-01
  0.2519170148630089E-01
  0.2504150578142127E-01
  0.2489479261590259E-01
  0.2475149282245156E-01
  0.2461153913516360E-01
  0.2447486608245867E-01
  0.2434140988507086E-01
  0.2421110846269944E-01
  0.2408390144466814E-01
  0.2395973008313170E-01
  0.2383853715831079E-01
  0.2372026697505076E-01
  0.2360486537584646E-01
  0.2349227967299775E-01
  0.2338245856041521E-01
  0.2327535210042772E-01
  0.2317091173890762E-01
  0.2306909025516001E-01
  0.2296984167967966E-01
  0.2287312127150601E-01
  0.2277888553519650E-01
  0.2268709218734142E-01
  0.2259770007970413E-01
  0.2251066916738962E-01
  0.2242596052744126E-01
  0.2234353634098708E-01
  0.2226335982126186E-01
  0.2218539517283692E-01
  0.2210960761163564E-01
  0.2203596336181312E-01
  0.2196442958821030E-01
  0.2189497434687429E-01
  0.2182756660630658E-01
  0.2176217625825255E-01
  0.2169877405416995E-01
  0.2163733154723985E-01
  0.2157782111467429E-01
  0.2152021598167073E-01
  0.2146449016152033E-01
  0.2141061838929041E-01
  0.2135857614503117E-01
  0.2130833969021629E-01
  0.2125988601115655E-01
  0.2121319274452894E-01
  0.2116823820134084E-01
  0.2112500141524435E-01
  0.2108346208895845E-01
  0.2104360051181248E-01
  0.2100539758434349E-01
  0.2096883487792520E-01
  0.2093389458392983E-01
  0.2090055942344170E-01
  0.2086881267237391E-01
  0.2083863823189894E-01
  0.2081002058010101E-01
  0.2078294467400176E-01
  0.2075739597509688E-01
  0.2073336053012534E-01
  0.2071082492498995E-01
  0.2068977617922384E-01
  0.2067020177185112E-01
  0.2065208973207365E-01
  0.2063542859527198E-01
  0.2062020729005375E-01
  0.2060641516436373E-01
  0.2059404208569960E-01
  0.2058307839900838E-01
  0.2057351480643835E-01
  0.2056534239363437E-01
  0.2055855273913550E-01
  0.2055313787400397E-01
  0.2054909015438677E-01
  0.2054640228792739E-01
  0.2054506745202153E-01
  0.2054507925503225E-01
  0.2054643160177166E-01
  0.2054911871997910E-01
  0.2055313528714782E-01
  0.2055847639319785E-01
  0.2056513739898050E-01
  0.2057311396277642E-01
  0.2058240217542525E-01
  0.2059299852433085E-01
  0.2060489974507434E-01
  0.2061810284788240E-01
  0.2063260526081406E-01
  0.2064840479498934E-01
  0.2066549948940050E-01
  0.2068388763731700E-01
  0.2070356793731185E-01
  0.2072453945961928E-01
  0.2074680148422692E-01
  0.2077035352718239E-01
  0.2079519549924891E-01
  0.2082132767328963E-01
  0.2084875051570422E-01
  0.2087746471259824E-01
  0.2090747133587842E-01
  0.2093877181158154E-01
  0.2097136774473195E-01
  0.2100526094535971E-01
  0.2104045360186994E-01
  0.2107694825022994E-01
  0.2111474759229317E-01
  0.2115385452162924E-01
  0.2119427230400470E-01
  0.2123600454734879E-01
  0.2127905501359503E-01
  0.2132342764430669E-01
  0.2136912674813823E-01
  0.2141615697151552E-01
  0.2146452310403400E-01
  0.2151423010384444E-01
  0.2156528329195009E-01
  0.2161768832352417E-01
  0.2167145098689823E-01
  0.2172657722869060E-01
  0.2178307335482892E-01
  0.2184094600244581E-01
  0.2190020193248451E-01
  0.2196084805454140E-01
  0.2202289163449402E-01
  0.2208634026690088E-01
  0.2215120166123732E-01
  0.2221748366643277E-01
  0.2228519448501476E-01
  0.2235434264595996E-01
  0.2242493678457047E-01
  0.2249698566667064E-01
  0.2257049840916096E-01
  0.2264548445325081E-01
  0.2272195333797989E-01
  0.2279991472406100E-01
  0.2287937862076959E-01
  0.2296035535949630E-01
  0.2304285536089357E-01
  0.2312688915832323E-01
  0.2321246763100034E-01
  0.2329960197781247E-01
  0.2338830347808780E-01
  0.2347858351462272E-01
  0.2357045381300255E-01
  0.2366392641561491E-01
  0.2375901343600949E-01
  0.2385572708147865E-01
  0.2395407989849647E-01
  0.2405408474686598E-01
  0.2415575454763508E-01
  0.2425910230519376E-01
  0.2436414135876923E-01
  0.2447088535664010E-01
  0.2457934799756677E-01
  0.2468954305237537E-01
  0.2480148462146081E-01
  0.2491518710899890E-01
  0.2503066495782868E-01
  0.2514793267048031E-01
  0.2526700507264298E-01
  0.2538789728731962E-01
  0.2551062446310642E-01
  0.2563520179462091E-01
  0.2576164479188311E-01
  0.2588996925433855E-01
  0.2602019099246817E-01
  0.2615232584758395E-01
  0.2628638996708917E-01
  0.2642239977829498E-01
  0.2656037170327761E-01
  0.2670032217800097E-01
  0.2684226793343106E-01
  0.2698622596907342E-01
  0.2713221326098455E-01
  0.2728024678017925E-01
  0.2743034377958114E-01
  0.2758252176721102E-01
  0.2773679820725310E-01
  0.2789319053770051E-01
  0.2805171646312971E-01
  0.2821239392747086E-01
  0.2837524080802396E-01
  0.2854027493229852E-01
  0.2870751437660429E-01
  0.2887697743833249E-01
  0.2904868232281121E-01
  0.2922264715929929E-01
  0.2939889030539906E-01
  0.2957743031877658E-01
  0.2975828563673451E-01
  0.2994147459132144E-01
  0.3012701571958441E-01
  0.3031492773466356E-01
  0.3050522919796099E-01
  0.3069793853333280E-01
  0.3089307434320885E-01
  0.3109065537899149E-01
  0.3129070020568488E-01
  0.3149322721514454E-01
  0.3169825494811796E-01
  0.3190580206389301E-01
  0.3211588699724875E-01
  0.3232852797073173E-01
  0.3254374332267829E-01
  0.3276155147606540E-01
  0.3298197058764869E-01
  0.3320501855924998E-01
  0.3343071337183789E-01
  0.3365907305353663E-01
  0.3389011532081448E-01
  0.3412385758877863E-01
  0.3436031731141191E-01
  0.3459951194869947E-01
  0.3484145859972414E-01
  0.3508617401197691E-01
  0.3533367492787498E-01
  0.3558397805097962E-01
  0.3583709967085297E-01
  0.3609305567139962E-01
  0.3635186188381061E-01
  0.3661353405185460E-01
  0.3687808744834915E-01
  0.3714553688256370E-01
  0.3741589705976032E-01
  0.3768918254554893E-01
  0.3796540737382105E-01
  0.3824458505325423E-01
  0.3852672893364558E-01
  0.3881185216933265E-01
  0.3909996731843302E-01
  0.3939108634850171E-01
  0.3968522100987600E-01
  0.3998238279817085E-01
  0.4028258254466457E-01
  0.4058583042117202E-01
  0.4089213632064517E-01
  0.4120150981875090E-01
  0.4151395975522455E-01
  0.4182949423803259E-01
  0.4214812103150405E-01
  0.4246984751701110E-01
  0.4279468026509966E-01
  0.4312262503901342E-01
  0.4345368719064568E-01
  0.4378787162034049E-01
  0.4412518233959584E-01
  0.4446562247403157E-01
  0.4480919466747338E-01
  0.4515590104088352E-01
  0.4550574274540442E-01
  0.4585871996485525E-01
  0.4621483232828660E-01
  0.4657407886804272E-01
  0.4693645756287664E-01
  0.4730196534005286E-01
  0.4767059849673033E-01
  0.4804235265715368E-01
  0.4841722230554102E-01
  0.4879520078786180E-01
  0.4917628074241749E-01
  0.4956045405613790E-01
  0.4994771138690025E-01
  0.5033804216504918E-01
  0.5073143503356408E-01
  0.5112787780341441E-01
  0.5152735696491691E-01
  0.5192985768905185E-01
  0.5233536427762898E-01
  0.5274386011763241E-01
  0.5315532718116217E-01
  0.5356974602658459E-01
  0.5398709625912730E-01
  0.5440735648412146E-01
  0.5483050379501306E-01
  0.5525651377436790E-01
  0.5568536096534452E-01
  0.5611701882371209E-01
  0.5655145919335122E-01
  0.5698865230712033E-01
  0.5742856726967784E-01
  0.5787117200811678E-01
  0.5831643273430141E-01
  0.5876431394559459E-01
  0.5921477891953573E-01
  0.5966778966289295E-01
  0.6012330636008774E-01
  0.6058128737376930E-01
  0.6104168975190633E-01
  0.6150446917503813E-01
  0.6196957938995591E-01
  0.6243697221009209E-01
  0.6290659803562143E-01
  0.6337840579865642E-01
  0.6385234238126972E-01
  0.6432835261567957E-01
  0.6480637981802612E-01
  0.6528636573122085E-01
  0.6576824992629243E-01
  0.6625196980235926E-01
  0.6673746113484298E-01
  0.6722465801566287E-01
  0.6771349223678463E-01
  0.6820389328999718E-01
  0.6869578893044090E-01
  0.6918910511383028E-01
  0.6968376536099019E-01
  0.7017969075750180E-01
  0.7067680053357774E-01
  0.7117501199800345E-01
  0.7167423988235130E-01
  0.7217439634063869E-01
  0.7267539154678347E-01
  0.7317713362499194E-01
  0.7367952797226969E-01
  0.7418247725836716E-01
  0.7468588204232020E-01
  0.7518964069907687E-01
  0.7569364871885537E-01
  0.7619779870783377E-01
  0.7670198102564703E-01
  0.7720608370819422E-01
  0.7770999174239686E-01
  0.7821358706837567E-01
  0.7871674924025512E-01
  0.7921935534529610E-01
  0.7972127925264955E-01
  0.8022239161817389E-01
  0.8072256057156341E-01
  0.8122165163230292E-01
  0.8171952693117887E-01
  0.8221604521950587E-01
  0.8271106258652206E-01
  0.8320443237319936E-01
  0.8369600436558122E-01
  0.8418562481104309E-01
  0.8467313717114533E-01
  0.8515838203514950E-01
  0.8564119628483480E-01
  0.8612141312169605E-01
  0.8659886286221236E-01
  0.8707337285415601E-01
  0.8754476661350485E-01
  0.8801286386832957E-01
  0.8847748140589387E-01
  0.8893843299665255E-01
  0.8939552850538666E-01
  0.8984857396019370E-01
  0.9029737246430208E-01
  0.9074172413534273E-01
  0.9118142519518460E-01
  0.9161626807628603E-01
  0.9204604241598260E-01
  0.9247053502250299E-01
  0.9288952895145167E-01
  0.9330280366715527E-01
  0.9371013614385089E-01
  0.9411130087528863E-01
  0.9450606895063457E-01
  0.9489420829568734E-01
  0.9527548491413845E-01
  0.9564966296440375E-01
  0.9601650385354410E-01
  0.9637576659185051E-01
  0.9672720921732567E-01
  0.9707058896992395E-01
  0.9740566142627094E-01
  0.9773218100759073E-01
  0.9804990263673094E-01
  0.9835858203871861E-01
  0.9865797493105978E-01
  0.9894783771530299E-01
  0.9922792939906347E-01
  0.9949801201563943E-01
  0.9975784982746869E-01
  0.1000072101561756    
  0.1002458654944774    
  0.1004735938731752    
  0.1006901778016793    
  0.1008954048779043    
  0.1010890695808705    
  0.1012709727958115    
  0.1014409193602866    
  0.1015987169339811    
  0.1017441753608334    
  0.1018771023268727    
  0.1019972952926975    
  0.1021045328671176    
  0.1021985637664991    
  0.1022790874336949    
  0.1023457248842856    
  0.1023979813462826    
  0.1024351955304103    
  0.1024564648336874    
  0.1024605401424713    
  0.1024456860432036    
  0.1024094931250097    
  0.1023486231506101    
  0.1022584768742379    
  0.1021327859276810    
  0.1019631398251187    
  0.1017384936418759    
  0.1014447813310772    
  0.1010648634206366    
  0.1005791296809672    
  0.9996710477965569E-01
  0.9921024193277808E-01
  0.9829559975345961E-01
  0.9721939857445779E-01
  0.9598904514480455E-01
  0.9462260768934630E-01
  0.9314583622307002E-01
  0.9158791328004021E-01
  0.8997744550502804E-01
  0.8833969929529667E-01
  0.8669529181908490E-01
  0.8506001685324699E-01
  0.8344534079462501E-01
  0.8185918068274950E-01
  0.8030670984494485E-01
  0.7879106363592808E-01
  0.7731390966868983E-01
  0.7587588858540444E-01
  0.7447694059355790E-01
  0.7311653867173268E-01
  0.7179385442173401E-01
  0.7050787675258313E-01
  0.6925749356641589E-01
  0.6804154514080946E-01
  0.6685886031382748E-01
  0.6570828235134585E-01
  0.6458868508934089E-01
  0.6349898078721142E-01
  0.6243812458195177E-01
  0.6140511805215824E-01
  0.6039901017665201E-01
  0.5941889535394167E-01
  0.5846391136106386E-01
  0.5753323840898446E-01
  0.5662609726421870E-01
  0.5574174584389015E-01
  0.5487947647615230E-01
  0.5403861456224194E-01
  0.5321851673567915E-01
  0.5241856792136390E-01
  0.5163817909868720E-01
  0.5087678632952025E-01
  0.5013384938227505E-01
  0.4940884944396974E-01
  0.4870128747354080E-01
  0.4801068365094437E-01
  0.4733657645211667E-01
  0.4667852090988752E-01
  0.4603608741735442E-01
  0.4540886146494288E-01
  0.4479644302572527E-01
  0.4419844521271810E-01
  0.4361449340261547E-01
  0.4304422516521010E-01
  0.4248728986392351E-01
  0.4194334759764484E-01
  0.4141206854004727E-01
  0.4089313297727332E-01
  0.4038623104249323E-01
  0.3989106185730699E-01
  0.3940733301741649E-01
  0.3893476069146196E-01
  0.3847306944481081E-01
  0.3802199152863942E-01
  0.3758126646687277E-01
  0.3715064118350129E-01
  0.3672986988189784E-01
  0.3631871344234547E-01
  0.3591693907858979E-01
  0.3552432047422922E-01
  0.3514063769855674E-01
  0.3476567668910073E-01
  0.3439922895947361E-01
  0.3404109173454715E-01
  0.3369106789069246E-01
  0.3334896550606655E-01
  0.3301459760609216E-01
  0.3268778229036116E-01
  0.3236834268900263E-01
  0.3205610656870974E-01
  0.3175090610732419E-01
  0.3145257800952441E-01
  0.3116096347500367E-01
  0.3087590785226656E-01
  0.3059726043672884E-01
  0.3032487457374171E-01
  0.3005860763550156E-01
  0.2979832071623271E-01
  0.2954387844947489E-01
  0.2929514909773135E-01
  0.2905200453608503E-01
  0.2881431998402996E-01
  0.2858197383905537E-01
  0.2835484775309583E-01
  0.2813282662176786E-01
  0.2791579834928092E-01
  0.2770365369620947E-01
  0.2749628634313502E-01
  0.2729359288465343E-01
  0.2709547262430270E-01
  0.2690182743473946E-01
  0.2671256180897559E-01
  0.2652758285848923E-01
  0.2634680013560657E-01
  0.2617012550468748E-01
  0.2599747318148541E-01
  0.2582875973492784E-01
  0.2566390393483384E-01
  0.2550282663299520E-01
  0.2534545079119677E-01
  0.2519170148630089E-01
  0.2504150578142127E-01
  0.2489479261590259E-01
  0.2475149282245156E-01
  0.2461153913516360E-01
  0.2447486608245867E-01
  0.2434140988507086E-01
  0.2421110846269944E-01
  0.2408390144466814E-01
  0.2395973008313170E-01
  0.2383853715831079E-01
  0.2372026697505076E-01
  0.2360486537584646E-01
  0.2349227967299775E-01
  0.2338245856041521E-01
  0.2327535210042772E-01
  0.2317091173890762E-01
  0.2306909025516001E-01
  0.2296984167967966E-01
  0.2287312127150601E-01
  0.2277888553519650E-01
  0.2268709218734142E-01
  0.2259770007970413E-01
  0.2251066916738962E-01
  0.2242596052744126E-01
  0.2234353634098708E-01
  0.2226335982126186E-01
  0.2218539517283692E-01
  0.2210960761163564E-01
  0.2203596336181312E-01
  0.2196442958821030E-01
  0.2189497434687429E-01
  0.2182756660630658E-01
  0.2176217625825255E-01
  0.2169877405416995E-01
  0.2163733154723985E-01
  0.2157782111467429E-01
  0.2152021598167073E-01
  0.2146449016152033E-01
  0.2141061838929041E-01
  0.2135857614503117E-01
  0.2130833969021629E-01
  0.2125988601115655E-01
  0.2121319274452894E-01
  0.2116823820134084E-01
  0.2112500141524435E-01
  0.2108346208895845E-01
  0.2104360051181248E-01
  0.2100539758434349E-01
  0.2096883487792520E-01
  0.2093389458392983E-01
  0.2090055942344170E-01
  0.2086881267237391E-01
  0.2083863823189894E-01
  0.2081002058010101E-01
  0.2078294467400176E-01
  0.2075739597509688E-01
  0.2073336053012534E-01
  0.2071082492498995E-01
  0.2068977617922384E-01
  0.2067020177185112E-01
  0.2065208973207365E-01
  0.2063542859527198E-01
  0.2062020729005375E-01
  0.2060641516436373E-01
  0.2059404208569960E-01
  0.2058307839900838E-01
  0.2057351480643835E-01
  0.2056534239363437E-01
  0.2055855273913550E-01
  0.2055313787400397E-01
  0.2054909015438677E-01
  0.2054640228792739E-01
  0.2054506745202153E-01
  0.2054507925503225E-01
  0.2054643160177166E-01
  0.2054911871997910E-01
  0.2055313528714782E-01
  0.2055847639319785E-01
  0.2056513739898050E-01
  0.2057311396277642E-01
  0.2058240217542525E-01
  0.2059299852433085E-01
  0.2060489974507434E-01
  0.2061810284788240E-01
  0.2063260526081406E-01
  0.2064840479498934E-01
  0.2066549948940050E-01
  0.2068388763731700E-01
  0.2070356793731185E-01
  0.2072453945961928E-01
  0.2074680148422692E-01
  0.2077035352718239E-01
  0.2079519549924891E-01
  0.2082132767328963E-01
  0.2084875051570422E-01
  0.2087746471259824E-01
  0.2090747133587842E-01
  0.2093877181158154E-01
  0.2097136774473195E-01
  0.2100526094535971E-01
  0.2104045360186994E-01
  0.2107694825022994E-01
  0.2111474759229317E-01
  0.2115385452162924E-01
  0.2119427230400470E-01
  0.2123600454734879E-01
  0.2127905501359503E-01
  0.2132342764430669E-01
  0.2136912674813823E-01
  0.2141615697151552E-01
  0.2146452310403400E-01
  0.2151423010384444E-01
  0.2156528329195009E-01
  0.2161768832352417E-01
  0.2167145098689823E-01
  0.2172657722869060E-01
  0.2178307335482892E-01
  0.2184094600244581E-01
  0.2190020193248451E-01
  0.2196084805454140E-01
  0.2202289163449402E-01
  0.2208634026690088E-01
  0.2215120166123732E-01
  0.2221748366643277E-01
  0.2228519448501476E-01
  0.2235434264595996E-01
  0.2242493678457047E-01
  0.2249698566667064E-01
  0.2257049840916096E-01
  0.2264548445325081E-01
  0.2272195333797989E-01
  0.2279991472406100E-01
  0.2287937862076959E-01
  0.2296035535949630E-01
  0.2304285536089357E-01
  0.2312688915832323E-01
  0.2321246763100034E-01
  0.2329960197781247E-01
  0.2338830347808780E-01
  0.2347858351462272E-01
  0.2357045381300255E-01
  0.2366392641561491E-01
  0.2375901343600949E-01
  0.2385572708147865E-01
  0.2395407989849647E-01
  0.2405408474686598E-01
  0.2415575454763508E-01
  0.2425910230519376E-01
  0.2436414135876923E-01
  0.2447088535664010E-01
  0.2457934799756677E-01
  0.2468954305237537E-01
  0.2480148462146081E-01
  0.2491518710899890E-01
  0.2503066495782868E-01
  0.2514793267048031E-01
  0.2526700507264298E-01
  0.2538789728731962E-01
  0.2551062446310642E-01
  0.2563520179462091E-01
  0.2576164479188311E-01
  0.2588996925433855E-01
  0.2602019099246817E-01
  0.2615232584758395E-01
  0.2628638996708917E-01
  0.2642239977829498E-01
  0.2656037170327761E-01
  0.2670032217800097E-01
  0.2684226793343106E-01
  0.2698622596907342E-01
  0.2713221326098455E-01
  0.2728024678017925E-01
  0.2743034377958114E-01
  0.2758252176721102E-01
  0.2773679820725310E-01
  0.2789319053770051E-01
  0.2805171646312971E-01
  0.2821239392747086E-01
  0.2837524080802396E-01
  0.2854027493229852E-01
  0.2870751437660429E-01
  0.2887697743833249E-01
  0.2904868232281121E-01
  0.2922264715929929E-01
  0.2939889030539906E-01
  0.2957743031877658E-01
  0.2975828563673451E-01
  0.2994147459132144E-01
  0.3012701571958441E-01
  0.3031492773466356E-01
  0.3050522919796099E-01
  0.3069793853333280E-01
  0.3089307434320885E-01
  0.3109065537899149E-01
  0.3129070020568488E-01
  0.3149322721514454E-01
  0.3169825494811796E-01
  0.3190580206389301E-01
  0.3211588699724875E-01
  0.3232852797073173E-01
  0.3254374332267829E-01
  0.3276155147606540E-01
  0.3298197058764869E-01
  0.3320501855924998E-01
  0.3343071337183789E-01
  0.3365907305353663E-01
  0.3389011532081448E-01
  0.3412385758877863E-01
  0.3436031731141191E-01
  0.3459951194869947E-01
  0.3484145859972414E-01
  0.3508617401197691E-01
  0.3533367492787498E-01
  0.3558397805097962E-01
  0.3583709967085297E-01
  0.3609305567139962E-01
  0.3635186188381061E-01
  0.3661353405185460E-01
  0.3687808744834915E-01
  0.3714553688256370E-01
  0.3741589705976032E-01
  0.3768918254554893E-01
  0.3796540737382105E-01
  0.3824458505325423E-01
  0.3852672893364558E-01
