   700.8640242245597    
   706.8527415818767    
   712.9787714520222    
   719.0745427538211    
   725.1252219491661    
   731.3030652398106    
   737.6262533593023    
   743.9251658261327    
   750.1858801850112    
   756.5832978904745    
   763.1351389314062    
   769.6693775596333    
   776.1728996286962    
   782.8235140503892    
   789.6384798994943    
   796.4430504506112    
   803.2249678917748    
   810.1654159970849    
   817.2813456813695    
   824.3950099194911    
   831.4949963407660    
   838.7662176556624    
   846.2253246281008    
   853.6911705958331    
   861.1531692557521    
   868.8004327932026    
   876.6494709734502    
   884.5154415084414    
   892.3886118318942    
   900.4627527917089    
   908.7543003840099    
   917.0742916559244    
   925.4138217922621    
   933.9718423690393    
   942.7648833964407    
   951.5995081117944    
   960.4676710429350    
   969.5740629031718    
   978.9354322271819    
   988.3534143316987    
   997.8208192900171    
   1007.548709812730    
   1017.554262598076    
   1027.633760519644    
   1037.780892617525    
   1048.213771699023    
   1058.950201419453    
   1069.780622247596    
   1080.699629706801    
   1091.933171149467    
   1103.499953348831    
   1115.184070255560    
   1126.981053429773    
   1139.125539594260    
   1151.637448127206    
   1164.293987290037    
   1177.091684454370    
   1190.274851739819    
   1203.865002944993    
   1217.631877545353    
   1231.573065420514    
   1245.943670744919    
   1260.767271933153    
   1275.805529237839    
   1291.057193530394    
   1306.789440850026    
   1323.028485119364    
   1339.527257417078    
   1356.285804690453    
   1373.584859382586    
   1391.453980962667    
   1409.636688690782    
   1428.134506207334    
   1447.243450872101    
   1466.997314146508    
   1487.129498429672    
   1507.643250937229    
   1528.851903069379    
   1550.794589981226    
   1573.193882677205    
   1596.055092803464    
   1619.711271495880    
   1644.208302086620    
   1669.257220051959    
   1694.865871854133    
   1721.389909252915    
   1748.883755203961    
   1777.046251711248    
   1805.888430676207    
   1835.792028004715    
   1866.822310455243    
   1898.665371232844    
   1931.336333864645    
   1965.247277143957    
   2000.477302248694    
   2036.699387828904    
   2073.934019190947    
   2112.628884762066    
   2152.880837410185    
   2194.349697912870    
   2237.063106172811    
   2281.510955413486    
   2327.813032494889    
   2375.616483253069    
   2424.958650635081    
   2476.379999439450    
   2530.030175345522    
   2585.544967786589    
   2642.975071237730    
   2702.922282628021    
   2765.575455806354    
   2830.561646901376    
   2897.950159064654    
   2968.418153117612    
   3042.206441739127    
   3118.937981223195    
   3198.708298992059    
   3282.288464793480    
   3369.988800255760    
   3461.435851578542    
   3556.762431991190    
   3656.858323623926    
   3762.127686496753    
   3872.212909242375    
   3987.300120506296    
   4108.431261748923    
   4236.138144668959    
   4370.097835797917    
   4510.572713818007    
   4658.801988974670    
   4815.491794208245    
   4980.381545529732    
   5153.841543270695    
   5337.368022219280    
   5531.904043934403    
   5737.288796295090    
   5954.040338423394    
   6183.986262900433    
   6428.383765719000    
   6687.212580367330    
   6961.175254869912    
   7252.505518034699    
   7562.845830960074    
   7892.326131198928    
   8241.816716424280    
   8613.966391711372    
   9010.776203621333    
   9432.371032355582    
   9879.531777724207    
   10355.01462655709    
   10860.71066276302    
   11395.93600439103    
   11960.21612084238    
   12554.88058377980    
   13179.54727999631    
   13829.52486356384    
   14498.58890206542    
   15180.54957287963    
   15864.27298522517    
   16529.02409943039    
   17146.05885901522    
   17678.64705830303    
   18073.00980232685    
   18247.94371917435    
   18091.10066615027    
   17452.45273334586    
   16124.49606985769    
   13819.23575552935    
   10155.65390558088    
   4651.310420327026    
  -3286.363973327193    
  -14337.50329672356    
  -29167.48234939575    
  -48220.61285478650    
  -71405.00816448650    
  -97685.53532034528    
  -124723.5436506527    
  -148899.6088355131    
  -166051.9523361476    
  -172839.2920875910    
  -168055.1321679445    
  -153078.4159564000    
  -131188.9263717045    
  -106241.0399583149    
  -81493.14064903629    
  -59065.31692163723    
  -39975.71495307291    
  -24447.03953060074    
  -12233.71755927042    
  -2872.657207030647    
   4153.516941725295    
   9327.588474571590    
   13061.44638822680    
   15689.55062883945    
   17476.94556638735    
   18632.23177953307    
   19317.87887571502    
   19656.36680474232    
   19737.24174514298    
   19627.39241657856    
   19379.62817903082    
   19035.58144710646    
   18626.00124628429    
   18172.73145619684    
   17691.70147423700    
   17194.63548609396    
   16690.13497771166    
   16185.27444296314    
   15686.36165431550    
   15197.91382873487    
   14721.86603838352    
   14258.73625559211    
   13809.21623025658    
   13374.24537456539    
   12954.37460081766    
   12549.91276946951    
   12161.25578297401    
   11788.37053512220    
   11430.30664420461    
   11085.84874009451    
   10754.41868858372    
   10435.90664425916    
   10130.00008631029    
   9836.222591998257    
   9554.314824203580    
   9283.977115835687    
   9024.400417495990    
   8774.561964388613    
   8533.874379776145    
   8302.136460373142    
   8079.021558236022    
   7864.077994601786    
   7657.104055526011    
   7458.028206963048    
   7266.437698012063    
   7081.634182785284    
   6903.137124550174    
   6730.755480474382    
   6564.200029210280    
   6403.044545465524    
   6247.101434858222    
   6096.440580292645    
   5950.956808734335    
   5810.257207462457    
   5674.036755105597    
   5542.210293174761    
   5414.580219802824    
   5290.728413787095    
   5170.380001425563    
   5053.563584275552    
   4940.269496489776    
   4830.254077660412    
   4723.336672158189    
   4619.580136292805    
   4518.979971284596    
   4421.250673988902    
   4326.122961299821    
   4233.588248226360    
   4143.636363823716    
   4056.016093584666    
   3970.499582945009    
   3887.144508956782    
   3806.041030050005    
   3727.024465318112    
   3649.899734289977    
   3574.727425246255    
   3501.601019213548    
   3430.341130824351    
   3360.704502651250    
   3292.707478557881    
   3226.439115437709    
   3161.735576042526    
   3098.362246114825    
   3036.356245255130    
   2975.859302250533    
   2916.762499527760    
   2858.855330491654    
   2802.184581920284    
   2746.911504921186    
   2692.937512744109    
   2640.030460891536    
   2588.207123483332    
   2537.621016524699    
   2488.174098277524    
   2439.620260934993    
   2391.966449646530    
   2345.385600695962    
   2299.809764346372    
   2255.005290068808    
   2210.986906711107    
   2167.953374810567    
   2125.863085621842    
   2084.482533666672    
   2043.815121800068    
   2004.063323136891    
   1965.191584501049    
   1926.950955321282    
   1889.323584166022    
   1852.512521548112    
   1816.492573673450    
   1781.009287553522    
   1746.036108101425    
   1711.790041374952    
   1678.269183996405    
   1645.223549045925    
   1612.622733552357    
   1580.697859766731    
   1549.467103433792    
   1518.678268314594    
   1488.287136517477    
   1458.528237268150    
   1429.431005537874    
   1400.734126508206    
   1372.374095029538    
   1344.586456814059    
   1317.413928792051    
   1290.590682576682    
   1264.038816096331    
   1238.000602674179    
   1212.539335624757    
   1187.391178456623    
   1162.466987404136    
   1138.016723023641    
   1114.125007600129    
   1090.529130024074    
   1067.124289192674    
   1044.162282779729    
   1021.744946849969    
   999.6073800567660    
   977.6243324875072    
   956.0450619398973    
   934.9879822374573    
   914.1877818647675    
   893.4994526455478    
   873.1702483540946    
   853.3388251809074    
   833.7448455575545    
   814.2263210849193    
   795.0290437937778    
   776.3140885299713    
   757.8292899422820    
   739.3954759169452    
   721.2535354009947    
   703.5850229977996    
   686.1460679592217    
   668.7380885534378    
   651.5920443292714    
   634.9071718207514    
   618.4487215880267    
   601.9985129590776    
   585.7748083099168    
   569.9939318619223    
   554.4338268240216    
   538.8595695112142    
   523.4760712063792    
   508.5169569778195    
   493.7768594117063    
   479.0073663887683    
   464.3988062294492    
   450.2003307552370    
   436.2249754603815    
   422.2124600783776    
   408.3357560405054    
   394.8557234167981    
   381.6037997551674    
   368.3090274681420    
   355.1245545468621    
   342.3192410879307    
   329.7432837895615    
   317.1177480324574    
   304.5756197918804    
   292.3915268931864    
   280.4356348859322    
   268.4249200898761    
   256.4732527589609    
   244.8592580632850    
   233.4737131188826    
   222.0328305420116    
   210.6320932797508    
   199.5513991365828    
   188.7010453442442    
   177.7983879179333    
   166.9206609143663    
   156.3457393552569    
   146.0013691460218    
   135.6074478741749    
   125.2236770339030    
   115.1235062927383    
   105.2505017934392    
   95.32902171431016    
   85.40320042501270    
   75.74103888392069    
   66.30092701552755    
   56.81377870784235    
   47.31057112132525    
   38.05325642753390    
   29.01370048760242    
   19.93056055637152    
   10.82341251847966    
   1.947139739855508    
  -6.715091594714850    
  -15.41682586572067    
  -24.14878833660646    
  -32.66422837275950    
  -40.97089661459304    
  -49.31465364709445    
  -57.69516868806993    
  -65.87408797974200    
  -73.85155117589309    
  -81.86541511476995    
  -89.92237099536831    
  -97.79187606300152    
  -105.4673518237854    
  -113.1783650692673    
  -120.9369449181446    
  -128.5198556773248    
  -135.9149132800069    
  -143.3437633714058    
  -150.8228712891741    
  -158.1363286277683    
  -165.2678507601230    
  -172.4320045610989    
  -179.6491161843049    
  -186.7105302127845    
  -193.5970437140650    
  -200.5167268903086    
  -207.4928619138242    
  -214.3233455623545    
  -220.9865233767179    
  -227.6841144383109    
  -234.4412648207419    
  -241.0615381050729    
  -247.5211734006012    
  -254.0158743387454    
  -260.5720151240860    
  -266.9983951059008    
  -273.2698944775549    
  -279.5770209926457    
  -285.9472385399738    
  -292.1944301717145    
  -298.2928968499802    
  -304.4287088061351    
  -310.6301239831324    
  -316.7155706739096    
  -322.6590030163400    
  -328.6423497469048    
  -334.6940597370765    
  -340.6362837322017    
  -346.4425989317744    
  -352.2910354245708    
  -358.2098545244668    
  -364.0244602492978    
  -369.7083933356550    
  -375.4364471220596    
  -381.2367615382458    
  -386.9378468480631    
  -392.5136722474570    
  -398.1364542348312    
  -403.8341832539261    
  -409.4380695570102    
  -414.9225501277697    
  -420.4574774112403    
  -426.0703139810701    
  -431.5943044733855    
  -437.0042255429402    
  -442.4677852032097    
  -448.0117540642398    
  -453.4710752578271    
  -458.8210881908408    
  -464.2279381745411    
  -469.7178893252786    
  -475.1274821628356    
  -480.4328831044203    
  -485.7991291530574    
  -491.2519223085455    
  -496.6289630214141    
  -501.9071189930742    
  -507.2504330320436    
  -512.6837831435553    
  -518.0455275167569    
  -523.3131753596513    
  -528.6500999580221    
  -534.0804291179521    
  -539.4430476820678    
  -544.7163578098144    
  -550.0635918619638    
  -555.5082672904073    
  -560.8895607173982    
  -566.1867610213428    
  -571.5631576794096    
  -577.0414782423186    
  -582.4606965428094    
  -587.8008289278530    
  -593.2254300956660    
  -598.7564411207798    
  -604.2324301440688    
  -609.6342950929649    
  -615.1263357129562    
  -620.7298888273662    
  -626.2829511715317    
  -631.7673356628941    
  -637.3483226069275    
  -643.0465245106137    
  -648.6989199192745    
  -654.2880935845640    
  -659.9805249225064    
  -665.7961186644898    
  -671.5706261947615    
  -677.2875376437232    
  -683.1149968046126    
  -689.0723552768362    
  -694.9939081388648    
  -700.8640242245597    
  -706.8527415818767    
  -712.9787714520222    
  -719.0745427538211    
  -725.1252219491661    
  -731.3030652398106    
  -737.6262533593023    
  -743.9251658261327    
  -750.1858801850112    
  -756.5832978904745    
  -763.1351389314062    
  -769.6693775596333    
  -776.1728996286962    
  -782.8235140503892    
  -789.6384798994943    
  -796.4430504506112    
  -803.2249678917748    
  -810.1654159970849    
  -817.2813456813695    
  -824.3950099194911    
  -831.4949963407660    
  -838.7662176556624    
  -846.2253246281008    
  -853.6911705958331    
  -861.1531692557521    
  -868.8004327932026    
  -876.6494709734502    
  -884.5154415084414    
  -892.3886118318942    
  -900.4627527917089    
  -908.7543003840099    
  -917.0742916559244    
  -925.4138217922621    
  -933.9718423690393    
  -942.7648833964407    
  -951.5995081117944    
  -960.4676710429350    
  -969.5740629031718    
  -978.9354322271819    
  -988.3534143316987    
  -997.8208192900171    
  -1007.548709812730    
  -1017.554262598076    
  -1027.633760519644    
  -1037.780892617525    
  -1048.213771699023    
  -1058.950201419453    
  -1069.780622247596    
  -1080.699629706801    
  -1091.933171149467    
  -1103.499953348831    
  -1115.184070255560    
  -1126.981053429773    
  -1139.125539594260    
  -1151.637448127206    
  -1164.293987290037    
  -1177.091684454370    
  -1190.274851739819    
  -1203.865002944993    
  -1217.631877545353    
  -1231.573065420514    
  -1245.943670744919    
  -1260.767271933153    
  -1275.805529237839    
  -1291.057193530394    
  -1306.789440850026    
  -1323.028485119364    
  -1339.527257417078    
  -1356.285804690453    
  -1373.584859382586    
  -1391.453980962667    
  -1409.636688690782    
  -1428.134506207334    
  -1447.243450872101    
  -1466.997314146508    
  -1487.129498429672    
  -1507.643250937229    
  -1528.851903069379    
  -1550.794589981226    
  -1573.193882677205    
  -1596.055092803464    
  -1619.711271495880    
  -1644.208302086620    
  -1669.257220051959    
  -1694.865871854133    
  -1721.389909252915    
  -1748.883755203961    
  -1777.046251711248    
  -1805.888430676207    
  -1835.792028004715    
  -1866.822310455243    
  -1898.665371232844    
  -1931.336333864645    
  -1965.247277143957    
  -2000.477302248694    
  -2036.699387828904    
  -2073.934019190947    
  -2112.628884762066    
  -2152.880837410185    
  -2194.349697912870    
  -2237.063106172811    
  -2281.510955413486    
  -2327.813032494889    
  -2375.616483253069    
  -2424.958650635081    
  -2476.379999439450    
  -2530.030175345522    
  -2585.544967786589    
  -2642.975071237730    
  -2702.922282628021    
  -2765.575455806354    
  -2830.561646901376    
  -2897.950159064654    
  -2968.418153117612    
  -3042.206441739127    
  -3118.937981223195    
  -3198.708298992059    
  -3282.288464793480    
  -3369.988800255760    
  -3461.435851578542    
  -3556.762431991190    
  -3656.858323623926    
  -3762.127686496753    
  -3872.212909242375    
  -3987.300120506296    
  -4108.431261748923    
  -4236.138144668959    
  -4370.097835797917    
  -4510.572713818007    
  -4658.801988974670    
  -4815.491794208245    
  -4980.381545529732    
  -5153.841543270695    
  -5337.368022219280    
  -5531.904043934403    
  -5737.288796295090    
  -5954.040338423394    
  -6183.986262900433    
  -6428.383765719000    
  -6687.212580367330    
  -6961.175254869912    
  -7252.505518034699    
  -7562.845830960074    
  -7892.326131198928    
  -8241.816716424280    
  -8613.966391711372    
  -9010.776203621333    
  -9432.371032355582    
  -9879.531777724207    
  -10355.01462655709    
  -10860.71066276302    
  -11395.93600439103    
  -11960.21612084238    
  -12554.88058377980    
  -13179.54727999631    
  -13829.52486356384    
  -14498.58890206542    
  -15180.54957287963    
  -15864.27298522517    
  -16529.02409943039    
  -17146.05885901522    
  -17678.64705830303    
  -18073.00980232685    
  -18247.94371917435    
  -18091.10066615027    
  -17452.45273334586    
  -16124.49606985769    
  -13819.23575552935    
  -10155.65390558088    
  -4651.310420327026    
   3286.363973327193    
   14337.50329672356    
   29167.48234939575    
   48220.61285478650    
   71405.00816448650    
   97685.53532034528    
   124723.5436506527    
   148899.6088355131    
   166051.9523361476    
   172839.2920875910    
   168055.1321679445    
   153078.4159564000    
   131188.9263717045    
   106241.0399583149    
   81493.14064903629    
   59065.31692163723    
   39975.71495307291    
   24447.03953060074    
   12233.71755927042    
   2872.657207030647    
  -4153.516941725295    
  -9327.588474571590    
  -13061.44638822680    
  -15689.55062883945    
  -17476.94556638735    
  -18632.23177953307    
  -19317.87887571502    
  -19656.36680474232    
  -19737.24174514298    
  -19627.39241657856    
  -19379.62817903082    
  -19035.58144710646    
  -18626.00124628429    
  -18172.73145619684    
  -17691.70147423700    
  -17194.63548609396    
  -16690.13497771166    
  -16185.27444296314    
  -15686.36165431550    
  -15197.91382873487    
  -14721.86603838352    
  -14258.73625559211    
  -13809.21623025658    
  -13374.24537456539    
  -12954.37460081766    
  -12549.91276946951    
  -12161.25578297401    
  -11788.37053512220    
  -11430.30664420461    
  -11085.84874009451    
  -10754.41868858372    
  -10435.90664425916    
  -10130.00008631029    
  -9836.222591998257    
  -9554.314824203580    
  -9283.977115835687    
  -9024.400417495990    
  -8774.561964388613    
  -8533.874379776145    
  -8302.136460373142    
  -8079.021558236022    
  -7864.077994601786    
  -7657.104055526011    
  -7458.028206963048    
  -7266.437698012063    
  -7081.634182785284    
  -6903.137124550174    
  -6730.755480474382    
  -6564.200029210280    
  -6403.044545465524    
  -6247.101434858222    
  -6096.440580292645    
  -5950.956808734335    
  -5810.257207462457    
  -5674.036755105597    
  -5542.210293174761    
  -5414.580219802824    
  -5290.728413787095    
  -5170.380001425563    
  -5053.563584275552    
  -4940.269496489776    
  -4830.254077660412    
  -4723.336672158189    
  -4619.580136292805    
  -4518.979971284596    
  -4421.250673988902    
  -4326.122961299821    
  -4233.588248226360    
  -4143.636363823716    
  -4056.016093584666    
  -3970.499582945009    
  -3887.144508956782    
  -3806.041030050005    
  -3727.024465318112    
  -3649.899734289977    
  -3574.727425246255    
  -3501.601019213548    
  -3430.341130824351    
  -3360.704502651250    
  -3292.707478557881    
  -3226.439115437709    
  -3161.735576042526    
  -3098.362246114825    
  -3036.356245255130    
  -2975.859302250533    
  -2916.762499527760    
  -2858.855330491654    
  -2802.184581920284    
  -2746.911504921186    
  -2692.937512744109    
  -2640.030460891536    
  -2588.207123483332    
  -2537.621016524699    
  -2488.174098277524    
  -2439.620260934993    
  -2391.966449646530    
  -2345.385600695962    
  -2299.809764346372    
  -2255.005290068808    
  -2210.986906711107    
  -2167.953374810567    
  -2125.863085621842    
  -2084.482533666672    
  -2043.815121800068    
  -2004.063323136891    
  -1965.191584501049    
  -1926.950955321282    
  -1889.323584166022    
  -1852.512521548112    
  -1816.492573673450    
  -1781.009287553522    
  -1746.036108101425    
  -1711.790041374952    
  -1678.269183996405    
  -1645.223549045925    
  -1612.622733552357    
  -1580.697859766731    
  -1549.467103433792    
  -1518.678268314594    
  -1488.287136517477    
  -1458.528237268150    
  -1429.431005537874    
  -1400.734126508206    
  -1372.374095029538    
  -1344.586456814059    
  -1317.413928792051    
  -1290.590682576682    
  -1264.038816096331    
  -1238.000602674179    
  -1212.539335624757    
  -1187.391178456623    
  -1162.466987404136    
  -1138.016723023641    
  -1114.125007600129    
  -1090.529130024074    
  -1067.124289192674    
  -1044.162282779729    
  -1021.744946849969    
  -999.6073800567660    
  -977.6243324875072    
  -956.0450619398973    
  -934.9879822374573    
  -914.1877818647675    
  -893.4994526455478    
  -873.1702483540946    
  -853.3388251809074    
  -833.7448455575545    
  -814.2263210849193    
  -795.0290437937778    
  -776.3140885299713    
  -757.8292899422820    
  -739.3954759169452    
  -721.2535354009947    
  -703.5850229977996    
  -686.1460679592217    
  -668.7380885534378    
  -651.5920443292714    
  -634.9071718207514    
  -618.4487215880267    
  -601.9985129590776    
  -585.7748083099168    
  -569.9939318619223    
  -554.4338268240216    
  -538.8595695112142    
  -523.4760712063792    
  -508.5169569778195    
  -493.7768594117063    
  -479.0073663887683    
  -464.3988062294492    
  -450.2003307552370    
  -436.2249754603815    
  -422.2124600783776    
  -408.3357560405054    
  -394.8557234167981    
  -381.6037997551674    
  -368.3090274681420    
  -355.1245545468621    
  -342.3192410879307    
  -329.7432837895615    
  -317.1177480324574    
  -304.5756197918804    
  -292.3915268931864    
  -280.4356348859322    
  -268.4249200898761    
  -256.4732527589609    
  -244.8592580632850    
  -233.4737131188826    
  -222.0328305420116    
  -210.6320932797508    
  -199.5513991365828    
  -188.7010453442442    
  -177.7983879179333    
  -166.9206609143663    
  -156.3457393552569    
  -146.0013691460218    
  -135.6074478741749    
  -125.2236770339030    
  -115.1235062927383    
  -105.2505017934392    
  -95.32902171431016    
  -85.40320042501270    
  -75.74103888392069    
  -66.30092701552755    
  -56.81377870784235    
  -47.31057112132525    
  -38.05325642753390    
  -29.01370048760242    
  -19.93056055637152    
  -10.82341251847966    
  -1.947139739855508    
   6.715091594714850    
   15.41682586572067    
   24.14878833660646    
   32.66422837275950    
   40.97089661459304    
   49.31465364709445    
   57.69516868806993    
   65.87408797974200    
   73.85155117589309    
   81.86541511476995    
   89.92237099536831    
   97.79187606300152    
   105.4673518237854    
   113.1783650692673    
   120.9369449181446    
   128.5198556773248    
   135.9149132800069    
   143.3437633714058    
   150.8228712891741    
   158.1363286277683    
   165.2678507601230    
   172.4320045610989    
   179.6491161843049    
   186.7105302127845    
   193.5970437140650    
   200.5167268903086    
   207.4928619138242    
   214.3233455623545    
   220.9865233767179    
   227.6841144383109    
   234.4412648207419    
   241.0615381050729    
   247.5211734006012    
   254.0158743387454    
   260.5720151240860    
   266.9983951059008    
   273.2698944775549    
   279.5770209926457    
   285.9472385399738    
   292.1944301717145    
   298.2928968499802    
   304.4287088061351    
   310.6301239831324    
   316.7155706739096    
   322.6590030163400    
   328.6423497469048    
   334.6940597370765    
   340.6362837322017    
   346.4425989317744    
   352.2910354245708    
   358.2098545244668    
   364.0244602492978    
   369.7083933356550    
   375.4364471220596    
   381.2367615382458    
   386.9378468480631    
   392.5136722474570    
   398.1364542348312    
   403.8341832539261    
   409.4380695570102    
   414.9225501277697    
   420.4574774112403    
   426.0703139810701    
   431.5943044733855    
   437.0042255429402    
   442.4677852032097    
   448.0117540642398    
   453.4710752578271    
   458.8210881908408    
   464.2279381745411    
   469.7178893252786    
   475.1274821628356    
   480.4328831044203    
   485.7991291530574    
   491.2519223085455    
   496.6289630214141    
   501.9071189930742    
   507.2504330320436    
   512.6837831435553    
   518.0455275167569    
   523.3131753596513    
   528.6500999580221    
   534.0804291179521    
   539.4430476820678    
   544.7163578098144    
   550.0635918619638    
   555.5082672904073    
   560.8895607173982    
   566.1867610213428    
   571.5631576794096    
   577.0414782423186    
   582.4606965428094    
   587.8008289278530    
   593.2254300956660    
   598.7564411207798    
   604.2324301440688    
   609.6342950929649    
   615.1263357129562    
   620.7298888273662    
   626.2829511715317    
   631.7673356628941    
   637.3483226069275    
   643.0465245106137    
   648.6989199192745    
   654.2880935845640    
   659.9805249225064    
   665.7961186644898    
   671.5706261947615    
   677.2875376437232    
   683.1149968046126    
   689.0723552768362    
   694.9939081388648    
