  0.3359400269158974    
  0.3354688944439521    
  0.3349685866313409    
  0.3344392178820926    
  0.3338808867665568    
  0.3332936814206725    
  0.3326776795328457    
  0.3320329440971750    
  0.3313595216959836    
  0.3306574454442392    
  0.3299267380734082    
  0.3291674114281754    
  0.3283794642039988    
  0.3275628816042602    
  0.3267176372337732    
  0.3258436945063748    
  0.3249410059097583    
  0.3240095116846892    
  0.3230491404604596    
  0.3220598115066987    
  0.3210414352441505    
  0.3199939107162429    
  0.3189171240244512    
  0.3178109514953000    
  0.3166752637697516    
  0.3155099238598924    
  0.3143147811436990    
  0.3130896713288867    
  0.3118344242333082    
  0.3105488676100939    
  0.3092328198605295    
  0.3078860828112108    
  0.3065084473576122    
  0.3050997040496743    
  0.3036596411880768    
  0.3021880329015564    
  0.3006846372036400    
  0.2991492082456642    
  0.2975815027518178    
  0.2959812696153173    
  0.2943482402042811    
  0.2926821363736548    
  0.2909826831659018    
  0.2892496047468086    
  0.2874826105932295    
  0.2856813958744637    
  0.2838456557767560    
  0.2819750895380796    
  0.2800693877186432    
  0.2781282251401200    
  0.2761512719017757    
  0.2741382034880644    
  0.2720886929076379    
  0.2700023993893390    
  0.2678789739744206    
  0.2657180724345899    
  0.2635193531158389    
  0.2612824640852852    
  0.2590070429871229    
  0.2566927306230556    
  0.2543391749318674    
  0.2519460188186879    
  0.2495128938092372    
  0.2470394315324364    
  0.2445252738875919    
  0.2419700649891301    
  0.2393734397042036    
  0.2367350294497783    
  0.2340544759737850    
  0.2313314303893900    
  0.2285655406097786    
  0.2257564500314602    
  0.2229038102715829    
  0.2200072868205144    
  0.2170665497172091    
  0.2140812673054541    
  0.2110511147778031    
  0.2079757833357195    
  0.2048549758500193    
  0.2016883990446786    
  0.1984757674201474    
  0.1952168128908357    
  0.1919112849241896    
  0.1885589436502015    
  0.1851595603130632    
  0.1817129255509930    
  0.1782188525450987    
  0.1746771722626081    
  0.1710877320135743    
  0.1674504017338029    
  0.1637650786455691    
  0.1600316848305590    
  0.1562501651961704    
  0.1524204918332153    
  0.1485426690352389    
  0.1446167328901913    
  0.1406427496201198    
  0.1366208184745114    
  0.1325510762528965    
  0.1284336981701361    
  0.1242688970612628    
  0.1200569255662746    
  0.1157980798844011    
  0.1114927010810866    
  0.1071411750202929    
  0.1027439343776436    
  0.9830146178472267E-01
  0.9381429106194572E-01
  0.8928300745048622E-01
  0.8470824956370564E-01
  0.8009071210190805E-01
  0.7543114680114896E-01
  0.7073036260626581E-01
  0.6598922744756501E-01
  0.6120867055194592E-01
  0.5638968295497968E-01
  0.5153331731517110E-01
  0.4664068932927074E-01
  0.4171297959234505E-01
  0.3675143355828850E-01
  0.3175736074022141E-01
  0.2673213551174289E-01
  0.2167719836624568E-01
  0.1659405521678657E-01
  0.1148427583579088E-01
  0.6349493865563591E-02
  0.1191407294882175E-02
 -0.3988223091796851E-02
 -0.9187576209196156E-02
 -0.1440477156256480E-01
 -0.1963786961939462E-01
 -0.2488487430557847E-01
 -0.3014373657448054E-01
 -0.3541235631409086E-01
 -0.4068858360907784E-01
 -0.4597022218657051E-01
 -0.5125503406171616E-01
 -0.5654074244929569E-01
 -0.6182503388545849E-01
 -0.6710556258538583E-01
 -0.7237995608817267E-01
 -0.7764581901119319E-01
 -0.8290073584058186E-01
 -0.8814227607797218E-01
 -0.9336800076810316E-01
 -0.9857546681018733E-01
 -0.1037622299902979    
 -0.1089258506154354    
 -0.1140639008274111    
 -0.1191739692781327    
 -0.1242536638910753    
 -0.1293006173991789    
 -0.1343124951143176    
 -0.1392869997422907    
 -0.1442218734293135    
 -0.1491149026591949    
 -0.1539639261774647    
 -0.1587668397452693    
 -0.1635215969274318    
 -0.1682262126004353    
 -0.1728787706948533    
 -0.1774774289535060    
 -0.1820204181820316    
 -0.1865060435780733    
 -0.1909326918324667    
 -0.1952988361437340    
 -0.1996030339846211    
 -0.2038439254564232    
 -0.2080202390579652    
 -0.2121307974015104    
 -0.2161745141984359    
 -0.2201503891177556    
 -0.2240575110911540    
 -0.2278950649099887    
 -0.2316623287840509    
 -0.2353586659865816    
 -0.2389835244018223    
 -0.2425364435227755    
 -0.2460170541497939    
 -0.2494250680687012    
 -0.2527602727037905    
 -0.2560225371268829    
 -0.2592118152547559    
 -0.2623281361080638    
 -0.2653715933266431    
 -0.2683423476295847    
 -0.2712406333568977    
 -0.2740667526796502    
 -0.2768210619391884    
 -0.2795039680578503    
 -0.2821159358130252    
 -0.2846574882456991    
 -0.2871291940148360    
 -0.2895316573922049    
 -0.2918655220546483    
 -0.2941314769093329    
 -0.2963302491256080    
 -0.2984625907867856    
 -0.3005292757822757    
 -0.3025311066925949    
 -0.3044689156470363    
 -0.3063435534627318    
 -0.3081558801401476    
 -0.3099067671343280    
 -0.3115971032003758    
 -0.3132277908126850    
 -0.3147997355285996    
 -0.3163138412856626    
 -0.3177710148658012    
 -0.3191721690540639    
 -0.3205182170966269    
 -0.3218100646444810    
 -0.3230486084485109    
 -0.3242347404813450    
 -0.3253693488656729    
 -0.3264533128196562    
 -0.3274874975785725    
 -0.3284727543959544    
 -0.3294099232198061    
 -0.3302998327690869    
 -0.3311432972222090    
 -0.3319411132234665    
 -0.3326940598671521    
 -0.3334029002693580    
 -0.3340683817292581    
 -0.3346912337827264    
 -0.3352721663540787    
 -0.3358118699621280    
 -0.3363110169404040    
 -0.3367702612206521    
 -0.3371902366910033    
 -0.3375715567022144    
 -0.3379148155117046    
 -0.3382205889442450    
 -0.3384894325452035    
 -0.3387218800501865    
 -0.3389184452794792    
 -0.3390796250461212    
 -0.3392058982008555    
 -0.3392977216748496    
 -0.3393555298308211    
 -0.3393797390950845    
 -0.3393707514708930    
 -0.3393289514527837    
 -0.3392547007119620    
 -0.3391483388812178    
 -0.3390101901009913    
 -0.3388405662208734    
 -0.3386397620792521    
 -0.3384080498837743    
 -0.3381456812867395    
 -0.3378528946788040    
 -0.3375299175876508    
 -0.3371769611245091    
 -0.3367942149343178    
 -0.3363818502639860    
 -0.3359400269158974    
 -0.3354688944439521    
 -0.3349685866313409    
 -0.3344392178820926    
 -0.3338808867665568    
 -0.3332936814206725    
 -0.3326776795328457    
 -0.3320329440971750    
 -0.3313595216959836    
 -0.3306574454442392    
 -0.3299267380734082    
 -0.3291674114281754    
 -0.3283794642039988    
 -0.3275628816042602    
 -0.3267176372337732    
 -0.3258436945063748    
 -0.3249410059097583    
 -0.3240095116846892    
 -0.3230491404604596    
 -0.3220598115066987    
 -0.3210414352441505    
 -0.3199939107162429    
 -0.3189171240244512    
 -0.3178109514953000    
 -0.3166752637697516    
 -0.3155099238598924    
 -0.3143147811436990    
 -0.3130896713288867    
 -0.3118344242333082    
 -0.3105488676100939    
 -0.3092328198605295    
 -0.3078860828112108    
 -0.3065084473576122    
 -0.3050997040496743    
 -0.3036596411880768    
 -0.3021880329015564    
 -0.3006846372036400    
 -0.2991492082456642    
 -0.2975815027518178    
 -0.2959812696153173    
 -0.2943482402042811    
 -0.2926821363736548    
 -0.2909826831659018    
 -0.2892496047468086    
 -0.2874826105932295    
 -0.2856813958744637    
 -0.2838456557767560    
 -0.2819750895380796    
 -0.2800693877186432    
 -0.2781282251401200    
 -0.2761512719017757    
 -0.2741382034880644    
 -0.2720886929076379    
 -0.2700023993893390    
 -0.2678789739744206    
 -0.2657180724345899    
 -0.2635193531158389    
 -0.2612824640852852    
 -0.2590070429871229    
 -0.2566927306230556    
 -0.2543391749318674    
 -0.2519460188186879    
 -0.2495128938092372    
 -0.2470394315324364    
 -0.2445252738875919    
 -0.2419700649891301    
 -0.2393734397042036    
 -0.2367350294497783    
 -0.2340544759737850    
 -0.2313314303893900    
 -0.2285655406097786    
 -0.2257564500314602    
 -0.2229038102715829    
 -0.2200072868205144    
 -0.2170665497172091    
 -0.2140812673054541    
 -0.2110511147778031    
 -0.2079757833357195    
 -0.2048549758500193    
 -0.2016883990446786    
 -0.1984757674201474    
 -0.1952168128908357    
 -0.1919112849241896    
 -0.1885589436502015    
 -0.1851595603130632    
 -0.1817129255509930    
 -0.1782188525450987    
 -0.1746771722626081    
 -0.1710877320135743    
 -0.1674504017338029    
 -0.1637650786455691    
 -0.1600316848305590    
 -0.1562501651961704    
 -0.1524204918332153    
 -0.1485426690352389    
 -0.1446167328901913    
 -0.1406427496201198    
 -0.1366208184745114    
 -0.1325510762528965    
 -0.1284336981701361    
 -0.1242688970612628    
 -0.1200569255662746    
 -0.1157980798844011    
 -0.1114927010810866    
 -0.1071411750202929    
 -0.1027439343776436    
 -0.9830146178472267E-01
 -0.9381429106194572E-01
 -0.8928300745048622E-01
 -0.8470824956370564E-01
 -0.8009071210190805E-01
 -0.7543114680114896E-01
 -0.7073036260626581E-01
 -0.6598922744756501E-01
 -0.6120867055194592E-01
 -0.5638968295497968E-01
 -0.5153331731517110E-01
 -0.4664068932927074E-01
 -0.4171297959234505E-01
 -0.3675143355828850E-01
 -0.3175736074022141E-01
 -0.2673213551174289E-01
 -0.2167719836624568E-01
 -0.1659405521678657E-01
 -0.1148427583579088E-01
 -0.6349493865563591E-02
 -0.1191407294882175E-02
  0.3988223091796851E-02
  0.9187576209196156E-02
  0.1440477156256480E-01
  0.1963786961939462E-01
  0.2488487430557847E-01
  0.3014373657448054E-01
  0.3541235631409086E-01
  0.4068858360907784E-01
  0.4597022218657051E-01
  0.5125503406171616E-01
  0.5654074244929569E-01
  0.6182503388545849E-01
  0.6710556258538583E-01
  0.7237995608817267E-01
  0.7764581901119319E-01
  0.8290073584058186E-01
  0.8814227607797218E-01
  0.9336800076810316E-01
  0.9857546681018733E-01
  0.1037622299902979    
  0.1089258506154354    
  0.1140639008274111    
  0.1191739692781327    
  0.1242536638910753    
  0.1293006173991789    
  0.1343124951143176    
  0.1392869997422907    
  0.1442218734293135    
  0.1491149026591949    
  0.1539639261774647    
  0.1587668397452693    
  0.1635215969274318    
  0.1682262126004353    
  0.1728787706948533    
  0.1774774289535060    
  0.1820204181820316    
  0.1865060435780733    
  0.1909326918324667    
  0.1952988361437340    
  0.1996030339846211    
  0.2038439254564232    
  0.2080202390579652    
  0.2121307974015104    
  0.2161745141984359    
  0.2201503891177556    
  0.2240575110911540    
  0.2278950649099887    
  0.2316623287840509    
  0.2353586659865816    
  0.2389835244018223    
  0.2425364435227755    
  0.2460170541497939    
  0.2494250680687012    
  0.2527602727037905    
  0.2560225371268829    
  0.2592118152547559    
  0.2623281361080638    
  0.2653715933266431    
  0.2683423476295847    
  0.2712406333568977    
  0.2740667526796502    
  0.2768210619391884    
  0.2795039680578503    
  0.2821159358130252    
  0.2846574882456991    
  0.2871291940148360    
  0.2895316573922049    
  0.2918655220546483    
  0.2941314769093329    
  0.2963302491256080    
  0.2984625907867856    
  0.3005292757822757    
  0.3025311066925949    
  0.3044689156470363    
  0.3063435534627318    
  0.3081558801401476    
  0.3099067671343280    
  0.3115971032003758    
  0.3132277908126850    
  0.3147997355285996    
  0.3163138412856626    
  0.3177710148658012    
  0.3191721690540639    
  0.3205182170966269    
  0.3218100646444810    
  0.3230486084485109    
  0.3242347404813450    
  0.3253693488656729    
  0.3264533128196562    
  0.3274874975785725    
  0.3284727543959544    
  0.3294099232198061    
  0.3302998327690869    
  0.3311432972222090    
  0.3319411132234665    
  0.3326940598671521    
  0.3334029002693580    
  0.3340683817292581    
  0.3346912337827264    
  0.3352721663540787    
  0.3358118699621280    
  0.3363110169404040    
  0.3367702612206521    
  0.3371902366910033    
  0.3375715567022144    
  0.3379148155117046    
  0.3382205889442450    
  0.3384894325452035    
  0.3387218800501865    
  0.3389184452794792    
  0.3390796250461212    
  0.3392058982008555    
  0.3392977216748496    
  0.3393555298308211    
  0.3393797390950845    
  0.3393707514708930    
  0.3393289514527837    
  0.3392547007119620    
  0.3391483388812178    
  0.3390101901009913    
  0.3388405662208734    
  0.3386397620792521    
  0.3384080498837743    
  0.3381456812867395    
  0.3378528946788040    
  0.3375299175876508    
  0.3371769611245091    
  0.3367942149343178    
  0.3363818502639860    
