  0.3527696022289325    
  0.3653142230609854    
  0.3777645768261890    
  0.3901182678182467    
  0.4023729635788933    
  0.4145263963133759    
  0.4265763643943656    
  0.4385207338708862    
  0.4503574397130655    
  0.4620844868810486    
  0.4736999514732496    
  0.4852019818400111    
  0.4965887994049579    
  0.5078586993378054    
  0.5190100513541605    
  0.5300413004655116    
  0.5409509673604690    
  0.5517376486093870    
  0.5624000170721477    
  0.5729368223341564    
  0.5833468907348149    
  0.5936291251133111    
  0.6037825047372346    
  0.6138060853614502    
  0.6236989989775291    
  0.6334604532613058    
  0.6430897311003789    
  0.6525861901881054    
  0.6619492623631693    
  0.6711784527860882    
  0.6802733392878640    
  0.6892335717202183    
  0.6980588708844763    
  0.7067490272331114    
  0.7153038998976595    
  0.7237234159427236    
  0.7320075692455947    
  0.7401564189784064    
  0.7481700882333037    
  0.7560487628694572    
  0.7637926901586527    
  0.7714021772436959    
  0.7788775898337090    
  0.7862193510132507    
  0.7934279396087007    
  0.8005038882220502    
  0.8074477816343231    
  0.8142602556363048    
  0.8209419956192773    
  0.8274937347662006    
  0.8339162523814446    
  0.8402103724458643    
  0.8463769618767725    
  0.8524169285269851    
  0.8583312196134915    
  0.8641208206199709    
  0.8697867538852934    
  0.8753300766547122    
  0.8807518792836020    
  0.8860532838445606    
  0.8912354425422812    
  0.8962995358080856    
  0.9012467707932638    
  0.9060783804224652    
  0.9107956221664655    
  0.9153997761911130    
  0.9198921436420642    
  0.9242740454545042    
  0.9285468210133476    
  0.9327118263655855    
  0.9367704327753350    
  0.9407240259933016    
  0.9445740053790934    
  0.9483217823370902    
  0.9519687788227191    
  0.9555164264600390    
  0.9589661655350762    
  0.9623194433495550    
  0.9655777127746016    
  0.9687424316646701    
  0.9718150623270586    
  0.9747970702877834    
  0.9776899230689804    
  0.9804950897162151    
  0.9832140403118192    
  0.9858482446429478    
  0.9883991707903488    
  0.9908682846027940    
  0.9932570493939901    
  0.9955669248801617    
  0.9977993660101494    
  0.9999558227367743    
   1.002037740084943    
   1.004046557334196    
   1.005983706848827    
   1.007850613776956    
   1.009648696139706    
   1.011379364025443    
   1.013044018321537    
   1.014644050383075    
   1.016180842334724    
   1.017655766562367    
   1.019070184603940    
   1.020425446938035    
   1.021722893554724    
   1.022963853723323    
   1.024149644911241    
   1.025281572459914    
   1.026360930193401    
   1.027389000318098    
   1.028367052287612    
   1.029296342305363    
   1.030178113980901    
   1.031013598490567    
   1.031804013559185    
   1.032550562891472    
   1.033254436928277    
   1.033916813350286    
   1.034538856247728    
   1.035121715430178    
   1.035666527139046    
   1.036174414800548    
   1.036646488357619    
   1.037083843373448    
   1.037487561541439    
   1.037858711614381    
   1.038198348972259    
   1.038507514579964    
   1.038787235239502    
   1.039038524671223    
   1.039262383454209    
   1.039459797985420    
   1.039631740441756    
   1.039779169912872    
   1.039903032771780    
   1.040004261776255    
   1.040083775698432    
   1.040142480305534    
   1.040181269098846    
   1.040201022696140    
   1.040202608159526    
   1.040186879609977    
   1.040154679181830    
   1.040106836829948    
   1.040044169530372    
   1.039967481405797    
   1.039877564668824    
   1.039775199931109    
   1.039661155566027    
   1.039536187376389    
   1.039401039252778    
   1.039256443891691    
   1.039103122607484    
   1.038941784752967    
   1.038773127865446    
   1.038597838494954    
   1.038416592600528    
   1.038230055076353    
   1.038038879348880    
   1.037843707907520    
   1.037645173153077    
   1.037443897386352    
   1.037240492104170    
   1.037035557929378    
   1.036829685517513    
   1.036623456157794    
   1.036417441226512    
   1.036212201534489    
   1.036008287819780    
   1.035806241751352    
   1.035606595946130    
   1.035409873124717    
   1.035216585942426    
   1.035027237896655    
   1.034842323956454    
   1.034662330067385    
   1.034487732515130    
   1.034318998275616    
   1.034156585856216    
   1.034000945439796    
   1.033852518322052    
   1.033711736658788    
   1.033579023944434    
   1.033454795564360    
   1.033339458771362    
   1.033233412282590    
   1.033137046137467    
   1.033050742063526    
   1.032974873947553    
   1.032909807855395    
   1.032855901600388    
   1.032813504504089    
   1.032782957800876    
   1.032764595207817    
   1.032758742841570    
   1.032765718583678    
   1.032785831876811    
   1.032819384334627    
   1.032866670286298    
   1.032927976429069    
   1.033003581111867    
   1.033093754337452    
   1.033198758472776    
   1.033318848599287    
   1.033454272003205    
   1.033605267569127    
   1.033772065915591    
   1.033954890004724    
   1.034153955341244    
   1.034369469519934    
   1.034601631745381    
   1.034850632890084    
   1.035116655920529    
   1.035399876113487    
   1.035700460795195    
   1.036018568883773    
   1.036354350706821    
   1.036707948258185    
   1.037079495559271    
   1.037469118615688    
   1.037876934890864    
   1.038303052844364    
   1.038747572073896    
   1.039210583819485    
   1.039692171042922    
   1.040192407836824    
   1.040711358850394    
   1.041249079374609    
   1.041805615766284    
   1.042381005465463    
   1.042975276541636    
   1.043588447329085    
   1.044220526385892    
   1.044871512490960    
   1.045541394549563    
   1.046230151575310    
   1.046937752655783    
   1.047664156599847    
   1.048409311465462    
   1.049173154543031    
   1.049955612729600    
   1.050756602528897    
   1.051576029448111    
   1.052413787523203    
   1.053269759447854    
   1.054143816774835    
   1.055035819661380    
   1.055945616506734    
   1.056873043897840    
   1.057817926523208    
   1.058780076741353    
   1.059759294296640    
   1.060755366560930    
   1.061768068651606    
   1.062797162806801    
   1.063842397665754    
   1.064903508353723    
   1.065980216921942    
   1.067072232097963    
   1.068179248526861    
   1.069300946510627    
   1.070436992249572    
   1.071587037716145    
   1.072750720145192    
   1.073927661939306    
   1.075117470915889    
   1.076319740005157    
   1.077534046511497    
   1.078759952047935    
   1.079997003160648    
   1.081244731317760    
   1.082502651927652    
   1.083770263766360    
   1.085047049534733    
   1.086332476324296    
   1.087625994961996    
   1.088927039132605    
   1.090235025430939    
   1.091549353805634    
   1.092869407331923    
   1.094194551603198    
   1.095524134602170    
   1.096857486851213    
   1.098193921203530    
   1.099532732562005    
   1.100873198046490    
   1.102214577148816    
   1.103556111327633    
   1.104897023670601    
   1.106236519322730    
   1.107573785951895    
   1.108907993305832    
   1.110238292556682    
   1.111563816621787    
   1.112883680898555    
   1.114196983017164    
   1.115502801950784    
   1.116800198010006    
   1.118088213656521    
   1.119365873588275    
   1.120632183914822    
   1.121886131949165    
   1.123126687055342    
   1.124352801145792    
   1.125563408208609    
   1.126757424129619    
   1.127933747548895    
   1.129091260603512    
   1.130228828679868    
   1.131345300129192    
   1.132439506842829    
   1.133510264860310    
   1.134556374106298    
   1.135576618005539    
   1.136569763940071    
   1.137534563952615    
   1.138469754770764    
   1.139374057670435    
   1.140246179077459    
   1.141084811440885    
   1.141888633493699    
   1.142656310331049    
   1.143386494189037    
   1.144077825507202    
   1.144728933308833    
   1.145338435145047    
   1.145904937443525    
   1.146427036026522    
   1.146903316099590    
   1.147332352188084    
   1.147712708963933    
   1.148042942553402    
   1.148321601196795    
   1.148547225399067    
   1.148718348597450    
   1.148833498330761    
   1.148891197070144    
   1.148889962736569    
   1.148828309433620    
   1.148704747900732    
   1.148517785060911    
   1.148265923796671    
   1.147947664455579    
   1.147561507052288    
   1.147105951833715    
   1.146579498598832    
   1.145980647535385    
   1.145307901928287    
   1.144559769705788    
   1.143734762364031    
   1.142831393915245    
   1.141848182241810    
   1.140783651194719    
   1.139636330931783    
   1.138404757507562    
   1.137087474215278    
   1.135683034149654    
   1.134190001384545    
   1.132606950491146    
   1.130932466533047    
   1.129165146215366    
   1.127303598675753    
   1.125346445425798    
   1.123292320930310    
   1.121139874475022    
   1.118887771919429    
   1.116534696287745    
   1.114079347980444    
   1.111520445411121    
   1.108856725544888    
   1.106086943937538    
   1.103209875125113    
   1.100224314028218    
   1.097129077611281    
   1.093923005835652    
   1.090604962089992    
   1.087173833645230    
   1.083628531996111    
   1.079967992940442    
   1.076191177008615    
   1.072297070725992    
   1.068284688117187    
   1.064153071598329    
   1.059901292277895    
   1.055528450170702    
   1.051033674448719    
   1.046416123732061    
   1.041674986789604    
   1.036809483807188    
   1.031818867594344    
   1.026702424052981    
   1.021459472119281    
   1.016089363871880    
   1.010591485051808    
   1.004965255823347    
  0.9992101316891949    
  0.9933256044199702    
  0.9873112025818953    
  0.9811664915131246    
  0.9748910733104392    
  0.9684845874307226    
  0.9619467117226208    
  0.9552771632497532    
  0.9484756986805034    
  0.9415421144882548    
  0.9344762471755395    
  0.9272779736353196    
  0.9199472118001690    
  0.9124839214974271    
  0.9048881050566784    
  0.8971598074266045    
  0.8892991162232529    
  0.8813061622278782    
  0.8731811201987449    
  0.8649242094788625    
  0.8565356942681901    
  0.8480158838506707    
  0.8393651329625025    
  0.8305838422595517    
  0.8216724588445901    
  0.8126314767915038    
  0.8034614374971936    
  0.7941629298567645    
  0.7847365905617448    
  0.7751831046784186    
  0.7655032062018672    
  0.7556976782906142    
  0.7457673533945649    
  0.7357131136287871    
  0.7255358912954437    
  0.7152366692205498    
  0.7048164809141878    
  0.6942764108174151    
  0.6836175946610081    
  0.6728412197459610    
  0.6619485251277277    
  0.6509408018348606    
  0.6398193931027165    
  0.6285856945176634    
  0.6172411541289422    
  0.6057872726248829    
  0.5942256034797333    
  0.5825577529608066    
  0.5707853801082186    
  0.5589101968104678    
  0.5469339678500577    
  0.5348585107759926    
  0.5226856957274770    
  0.5104174453613824    
  0.4980557347585114    
  0.4856025911433334    
  0.4730600935339810    
  0.4604303724893469    
  0.4477156098381250    
  0.4349180382164868    
  0.4220399405219757    
  0.4090836494544915    
  0.3960515470367625    
  0.3829460639398547    
  0.3697696787162109    
  0.3565249171114801    
  0.3432143513512489    
  0.3298405992287741    
  0.3164063230946937    
  0.3029142289203468    
  0.2893670653319448    
  0.2757676224417752    
  0.2621187305781458    
  0.2484232590871183    
  0.2346841151030210    
  0.2209042421131148    
  0.2070866184200298    
  0.1932342556777046    
  0.1793501973968502    
  0.1654375172435012    
  0.1514993172370140    
  0.1375387260270252    
  0.1235588971439393    
  0.1095630070438058    
  0.9555425305723270E-01
  0.8153585142670812E-01
  0.6751103532499914E-01
  0.5348305267172114E-01
  0.3945516386166724E-01
  0.2543063959513793E-01
  0.1141275870042807E-01
 -0.2595194239279650E-02
 -0.1658993133665192E-01
 -0.3056816373110386E-01
 -0.4452660391298335E-01
 -0.5846196823530520E-01
 -0.7237097949000988E-01
 -0.8625036934243062E-01
 -0.1000968807411663    
 -0.1139072705064851    
 -0.1276783119688015    
 -0.1414067974395183    
 -0.1550895406360228    
 -0.1687233792763109    
 -0.1823051777097097    
 -0.1958318293510394    
 -0.2093002590437791    
 -0.2227074255846275    
 -0.2360503242735102    
 -0.2493259892370367    
 -0.2625314956509527    
 -0.2756639621154184    
 -0.2887205530512189    
 -0.3016984808430246    
 -0.3145950078469638    
 -0.3274074485380817    
 -0.3401331716804641    
 -0.3527696022289325    
 -0.3653142230609854    
 -0.3777645768261890    
 -0.3901182678182467    
 -0.4023729635788933    
 -0.4145263963133759    
 -0.4265763643943656    
 -0.4385207338708862    
 -0.4503574397130655    
 -0.4620844868810486    
 -0.4736999514732496    
 -0.4852019818400111    
 -0.4965887994049579    
 -0.5078586993378054    
 -0.5190100513541605    
 -0.5300413004655116    
 -0.5409509673604690    
 -0.5517376486093870    
 -0.5624000170721477    
 -0.5729368223341564    
 -0.5833468907348149    
 -0.5936291251133111    
 -0.6037825047372346    
 -0.6138060853614502    
 -0.6236989989775291    
 -0.6334604532613058    
 -0.6430897311003789    
 -0.6525861901881054    
 -0.6619492623631693    
 -0.6711784527860882    
 -0.6802733392878640    
 -0.6892335717202183    
 -0.6980588708844763    
 -0.7067490272331114    
 -0.7153038998976595    
 -0.7237234159427236    
 -0.7320075692455947    
 -0.7401564189784064    
 -0.7481700882333037    
 -0.7560487628694572    
 -0.7637926901586527    
 -0.7714021772436959    
 -0.7788775898337090    
 -0.7862193510132507    
 -0.7934279396087007    
 -0.8005038882220502    
 -0.8074477816343231    
 -0.8142602556363048    
 -0.8209419956192773    
 -0.8274937347662006    
 -0.8339162523814446    
 -0.8402103724458643    
 -0.8463769618767725    
 -0.8524169285269851    
 -0.8583312196134915    
 -0.8641208206199709    
 -0.8697867538852934    
 -0.8753300766547122    
 -0.8807518792836020    
 -0.8860532838445606    
 -0.8912354425422812    
 -0.8962995358080856    
 -0.9012467707932638    
 -0.9060783804224652    
 -0.9107956221664655    
 -0.9153997761911130    
 -0.9198921436420642    
 -0.9242740454545042    
 -0.9285468210133476    
 -0.9327118263655855    
 -0.9367704327753350    
 -0.9407240259933016    
 -0.9445740053790934    
 -0.9483217823370902    
 -0.9519687788227191    
 -0.9555164264600390    
 -0.9589661655350762    
 -0.9623194433495550    
 -0.9655777127746016    
 -0.9687424316646701    
 -0.9718150623270586    
 -0.9747970702877834    
 -0.9776899230689804    
 -0.9804950897162151    
 -0.9832140403118192    
 -0.9858482446429478    
 -0.9883991707903488    
 -0.9908682846027940    
 -0.9932570493939901    
 -0.9955669248801617    
 -0.9977993660101494    
 -0.9999558227367743    
  -1.002037740084943    
  -1.004046557334196    
  -1.005983706848827    
  -1.007850613776956    
  -1.009648696139706    
  -1.011379364025443    
  -1.013044018321537    
  -1.014644050383075    
  -1.016180842334724    
  -1.017655766562367    
  -1.019070184603940    
  -1.020425446938035    
  -1.021722893554724    
  -1.022963853723323    
  -1.024149644911241    
  -1.025281572459914    
  -1.026360930193401    
  -1.027389000318098    
  -1.028367052287612    
  -1.029296342305363    
  -1.030178113980901    
  -1.031013598490567    
  -1.031804013559185    
  -1.032550562891472    
  -1.033254436928277    
  -1.033916813350286    
  -1.034538856247728    
  -1.035121715430178    
  -1.035666527139046    
  -1.036174414800548    
  -1.036646488357619    
  -1.037083843373448    
  -1.037487561541439    
  -1.037858711614381    
  -1.038198348972259    
  -1.038507514579964    
  -1.038787235239502    
  -1.039038524671223    
  -1.039262383454209    
  -1.039459797985420    
  -1.039631740441756    
  -1.039779169912872    
  -1.039903032771780    
  -1.040004261776255    
  -1.040083775698432    
  -1.040142480305534    
  -1.040181269098846    
  -1.040201022696140    
  -1.040202608159526    
  -1.040186879609977    
  -1.040154679181830    
  -1.040106836829948    
  -1.040044169530372    
  -1.039967481405797    
  -1.039877564668824    
  -1.039775199931109    
  -1.039661155566027    
  -1.039536187376389    
  -1.039401039252778    
  -1.039256443891691    
  -1.039103122607484    
  -1.038941784752967    
  -1.038773127865446    
  -1.038597838494954    
  -1.038416592600528    
  -1.038230055076353    
  -1.038038879348880    
  -1.037843707907520    
  -1.037645173153077    
  -1.037443897386352    
  -1.037240492104170    
  -1.037035557929378    
  -1.036829685517513    
  -1.036623456157794    
  -1.036417441226512    
  -1.036212201534489    
  -1.036008287819780    
  -1.035806241751352    
  -1.035606595946130    
  -1.035409873124717    
  -1.035216585942426    
  -1.035027237896655    
  -1.034842323956454    
  -1.034662330067385    
  -1.034487732515130    
  -1.034318998275616    
  -1.034156585856216    
  -1.034000945439796    
  -1.033852518322052    
  -1.033711736658788    
  -1.033579023944434    
  -1.033454795564360    
  -1.033339458771362    
  -1.033233412282590    
  -1.033137046137467    
  -1.033050742063526    
  -1.032974873947553    
  -1.032909807855395    
  -1.032855901600388    
  -1.032813504504089    
  -1.032782957800876    
  -1.032764595207817    
  -1.032758742841570    
  -1.032765718583678    
  -1.032785831876811    
  -1.032819384334627    
  -1.032866670286298    
  -1.032927976429069    
  -1.033003581111867    
  -1.033093754337452    
  -1.033198758472776    
  -1.033318848599287    
  -1.033454272003205    
  -1.033605267569127    
  -1.033772065915591    
  -1.033954890004724    
  -1.034153955341244    
  -1.034369469519934    
  -1.034601631745381    
  -1.034850632890084    
  -1.035116655920529    
  -1.035399876113487    
  -1.035700460795195    
  -1.036018568883773    
  -1.036354350706821    
  -1.036707948258185    
  -1.037079495559271    
  -1.037469118615688    
  -1.037876934890864    
  -1.038303052844364    
  -1.038747572073896    
  -1.039210583819485    
  -1.039692171042922    
  -1.040192407836824    
  -1.040711358850394    
  -1.041249079374609    
  -1.041805615766284    
  -1.042381005465463    
  -1.042975276541636    
  -1.043588447329085    
  -1.044220526385892    
  -1.044871512490960    
  -1.045541394549563    
  -1.046230151575310    
  -1.046937752655783    
  -1.047664156599847    
  -1.048409311465462    
  -1.049173154543031    
  -1.049955612729600    
  -1.050756602528897    
  -1.051576029448111    
  -1.052413787523203    
  -1.053269759447854    
  -1.054143816774835    
  -1.055035819661380    
  -1.055945616506734    
  -1.056873043897840    
  -1.057817926523208    
  -1.058780076741353    
  -1.059759294296640    
  -1.060755366560930    
  -1.061768068651606    
  -1.062797162806801    
  -1.063842397665754    
  -1.064903508353723    
  -1.065980216921942    
  -1.067072232097963    
  -1.068179248526861    
  -1.069300946510627    
  -1.070436992249572    
  -1.071587037716145    
  -1.072750720145192    
  -1.073927661939306    
  -1.075117470915889    
  -1.076319740005157    
  -1.077534046511497    
  -1.078759952047935    
  -1.079997003160648    
  -1.081244731317760    
  -1.082502651927652    
  -1.083770263766360    
  -1.085047049534733    
  -1.086332476324296    
  -1.087625994961996    
  -1.088927039132605    
  -1.090235025430939    
  -1.091549353805634    
  -1.092869407331923    
  -1.094194551603198    
  -1.095524134602170    
  -1.096857486851213    
  -1.098193921203530    
  -1.099532732562005    
  -1.100873198046490    
  -1.102214577148816    
  -1.103556111327633    
  -1.104897023670601    
  -1.106236519322730    
  -1.107573785951895    
  -1.108907993305832    
  -1.110238292556682    
  -1.111563816621787    
  -1.112883680898555    
  -1.114196983017164    
  -1.115502801950784    
  -1.116800198010006    
  -1.118088213656521    
  -1.119365873588275    
  -1.120632183914822    
  -1.121886131949165    
  -1.123126687055342    
  -1.124352801145792    
  -1.125563408208609    
  -1.126757424129619    
  -1.127933747548895    
  -1.129091260603512    
  -1.130228828679868    
  -1.131345300129192    
  -1.132439506842829    
  -1.133510264860310    
  -1.134556374106298    
  -1.135576618005539    
  -1.136569763940071    
  -1.137534563952615    
  -1.138469754770764    
  -1.139374057670435    
  -1.140246179077459    
  -1.141084811440885    
  -1.141888633493699    
  -1.142656310331049    
  -1.143386494189037    
  -1.144077825507202    
  -1.144728933308833    
  -1.145338435145047    
  -1.145904937443525    
  -1.146427036026522    
  -1.146903316099590    
  -1.147332352188084    
  -1.147712708963933    
  -1.148042942553402    
  -1.148321601196795    
  -1.148547225399067    
  -1.148718348597450    
  -1.148833498330761    
  -1.148891197070144    
  -1.148889962736569    
  -1.148828309433620    
  -1.148704747900732    
  -1.148517785060911    
  -1.148265923796671    
  -1.147947664455579    
  -1.147561507052288    
  -1.147105951833715    
  -1.146579498598832    
  -1.145980647535385    
  -1.145307901928287    
  -1.144559769705788    
  -1.143734762364031    
  -1.142831393915245    
  -1.141848182241810    
  -1.140783651194719    
  -1.139636330931783    
  -1.138404757507562    
  -1.137087474215278    
  -1.135683034149654    
  -1.134190001384545    
  -1.132606950491146    
  -1.130932466533047    
  -1.129165146215366    
  -1.127303598675753    
  -1.125346445425798    
  -1.123292320930310    
  -1.121139874475022    
  -1.118887771919429    
  -1.116534696287745    
  -1.114079347980444    
  -1.111520445411121    
  -1.108856725544888    
  -1.106086943937538    
  -1.103209875125113    
  -1.100224314028218    
  -1.097129077611281    
  -1.093923005835652    
  -1.090604962089992    
  -1.087173833645230    
  -1.083628531996111    
  -1.079967992940442    
  -1.076191177008615    
  -1.072297070725992    
  -1.068284688117187    
  -1.064153071598329    
  -1.059901292277895    
  -1.055528450170702    
  -1.051033674448719    
  -1.046416123732061    
  -1.041674986789604    
  -1.036809483807188    
  -1.031818867594344    
  -1.026702424052981    
  -1.021459472119281    
  -1.016089363871880    
  -1.010591485051808    
  -1.004965255823347    
 -0.9992101316891949    
 -0.9933256044199702    
 -0.9873112025818953    
 -0.9811664915131246    
 -0.9748910733104392    
 -0.9684845874307226    
 -0.9619467117226208    
 -0.9552771632497532    
 -0.9484756986805034    
 -0.9415421144882548    
 -0.9344762471755395    
 -0.9272779736353196    
 -0.9199472118001690    
 -0.9124839214974271    
 -0.9048881050566784    
 -0.8971598074266045    
 -0.8892991162232529    
 -0.8813061622278782    
 -0.8731811201987449    
 -0.8649242094788625    
 -0.8565356942681901    
 -0.8480158838506707    
 -0.8393651329625025    
 -0.8305838422595517    
 -0.8216724588445901    
 -0.8126314767915038    
 -0.8034614374971936    
 -0.7941629298567645    
 -0.7847365905617448    
 -0.7751831046784186    
 -0.7655032062018672    
 -0.7556976782906142    
 -0.7457673533945649    
 -0.7357131136287871    
 -0.7255358912954437    
 -0.7152366692205498    
 -0.7048164809141878    
 -0.6942764108174151    
 -0.6836175946610081    
 -0.6728412197459610    
 -0.6619485251277277    
 -0.6509408018348606    
 -0.6398193931027165    
 -0.6285856945176634    
 -0.6172411541289422    
 -0.6057872726248829    
 -0.5942256034797333    
 -0.5825577529608066    
 -0.5707853801082186    
 -0.5589101968104678    
 -0.5469339678500577    
 -0.5348585107759926    
 -0.5226856957274770    
 -0.5104174453613824    
 -0.4980557347585114    
 -0.4856025911433334    
 -0.4730600935339810    
 -0.4604303724893469    
 -0.4477156098381250    
 -0.4349180382164868    
 -0.4220399405219757    
 -0.4090836494544915    
 -0.3960515470367625    
 -0.3829460639398547    
 -0.3697696787162109    
 -0.3565249171114801    
 -0.3432143513512489    
 -0.3298405992287741    
 -0.3164063230946937    
 -0.3029142289203468    
 -0.2893670653319448    
 -0.2757676224417752    
 -0.2621187305781458    
 -0.2484232590871183    
 -0.2346841151030210    
 -0.2209042421131148    
 -0.2070866184200298    
 -0.1932342556777046    
 -0.1793501973968502    
 -0.1654375172435012    
 -0.1514993172370140    
 -0.1375387260270252    
 -0.1235588971439393    
 -0.1095630070438058    
 -0.9555425305723270E-01
 -0.8153585142670812E-01
 -0.6751103532499914E-01
 -0.5348305267172114E-01
 -0.3945516386166724E-01
 -0.2543063959513793E-01
 -0.1141275870042807E-01
  0.2595194239279650E-02
  0.1658993133665192E-01
  0.3056816373110386E-01
  0.4452660391298335E-01
  0.5846196823530520E-01
  0.7237097949000988E-01
  0.8625036934243062E-01
  0.1000968807411663    
  0.1139072705064851    
  0.1276783119688015    
  0.1414067974395183    
  0.1550895406360228    
  0.1687233792763109    
  0.1823051777097097    
  0.1958318293510394    
  0.2093002590437791    
  0.2227074255846275    
  0.2360503242735102    
  0.2493259892370367    
  0.2625314956509527    
  0.2756639621154184    
  0.2887205530512189    
  0.3016984808430246    
  0.3145950078469638    
  0.3274074485380817    
  0.3401331716804641    
