  0.2458611447671661    
  0.2455542144519711    
  0.2452418589221013    
  0.2449240811987929    
  0.2446008837240762    
  0.2442722683874765    
  0.2439382365380479    
  0.2435987889788176    
  0.2432539259560103    
  0.2429036471552496    
  0.2425479517073638    
  0.2421868382008637    
  0.2418203046984409    
  0.2414483487526785    
  0.2410709674107893    
  0.2406881572012632    
  0.2402999141125556    
  0.2399062335891878    
  0.2395071105604907    
  0.2391025394841250    
  0.2386925143651490    
  0.2382770287313322    
  0.2378560755905070    
  0.2374296474163688    
  0.2369977361799090    
  0.2365603333968172    
  0.2361174301490908    
  0.2356690170712899    
  0.2352150843269008    
  0.2347556216006108    
  0.2342906181072678    
  0.2338200626030482    
  0.2333439433921826    
  0.2328622483352622    
  0.2323749648634831    
  0.2318820799907240    
  0.2313835803102593    
  0.2308794519758476    
  0.2303696806872833    
  0.2298542517032225    
  0.2293331498775877    
  0.2288063596854988    
  0.2282738652113675    
  0.2277356501160465    
  0.2271916976280619    
  0.2266419905748667    
  0.2260865114180254    
  0.2255252422511364    
  0.2249581647692779    
  0.2243852602561709    
  0.2238065096103602    
  0.2232218933805295    
  0.2226313917711284    
  0.2220349846206532    
  0.2214326513886005    
  0.2208243711708946    
  0.2202101227226341    
  0.2195898844572960    
  0.2189636344268907    
  0.2183313503207997    
  0.2176930095024531    
  0.2170485890496079    
  0.2163980657473759    
  0.2157414160365600    
  0.2150786159813108    
  0.2144096413048215    
  0.2137344674602155    
  0.2130530696587314    
  0.2123654228291848    
  0.2116715015663724    
  0.2109712801359063    
  0.2102647325302162    
  0.2095518325090714    
  0.2088325535814886    
  0.2081068689603940    
  0.2073747515548738    
  0.2066361740191010    
  0.2058911088088765    
  0.2051395281871548    
  0.2043814041780426    
  0.2036167085240258    
  0.2028454126929620    
  0.2020674879292361    
  0.2012829053090779    
  0.2004916357651041    
  0.1996936500665675    
  0.1988889187671581    
  0.1980774121642144    
  0.1972591003231258    
  0.1964339531683600    
  0.1956019405619500    
  0.1947630322845348    
  0.1939171979367464    
  0.1930644068778248    
  0.1922046282847538    
  0.1913378312780422    
  0.1904639849812498    
  0.1895830584558800    
  0.1886950205952907    
  0.1877998401082993    
  0.1868974856225382    
  0.1859879258029974    
  0.1850711293644240    
  0.1841470649767932    
  0.1832157011825462    
  0.1822770064260850    
  0.1813309491673032    
  0.1803774979651031    
  0.1794166214629540    
  0.1784482883171345    
  0.1774724671572308    
  0.1764891266230939    
  0.1754982354433101    
  0.1744997624833420    
  0.1734936767295464    
  0.1724799472526466    
  0.1714585432210506    
  0.1704294339637389    
  0.1693925890020542    
  0.1683479780091528    
  0.1672955707777795    
  0.1662353372902746    
  0.1651672478354615    
  0.1640912730200594    
  0.1630073836555417    
  0.1619155506955323    
  0.1608157453515363    
  0.1597079392624925    
  0.1585921045010328    
  0.1574682134243037    
  0.1563362386066869    
  0.1551961529836050    
  0.1540479300324873    
  0.1528915437578186    
  0.1517269685275484    
  0.1505541790266547    
  0.1493731504278287    
  0.1481838585645444    
  0.1469862798893920    
  0.1457803913171405    
  0.1445661702177203    
  0.1433435945922303    
  0.1421126431917238    
  0.1408732954422161    
  0.1396255313483190    
  0.1383693315701972    
  0.1371046775785423    
  0.1358315516700489    
  0.1345499368672362    
  0.1332598169205599    
  0.1319611764523769    
  0.1306540010413305    
  0.1293382771544733    
  0.1280139920989963    
  0.1266811341248618    
  0.1253396925407524    
  0.1239896576865296    
  0.1226310208699019    
  0.1212637744477826    
  0.1198879119728923    
  0.1185034281919304    
  0.1171103189290193    
  0.1157085811015452    
  0.1142982129144081    
  0.1128792139846661    
  0.1114515852516386    
  0.1100153288611138    
  0.1085704482394781    
  0.1071169482740119    
  0.1056548353810762    
  0.1041841174513555    
  0.1027048038356356    
  0.1012169054185518    
  0.9972043467024258E-01
  0.9821540563758253E-01
  0.9670183397792388E-01
  0.9517973707811686E-01
  0.9364913413684897E-01
  0.9211004611151047E-01
  0.9056249563328346E-01
  0.8900650706588729E-01
  0.8744210669388941E-01
  0.8586932283630190E-01
  0.8428818577277346E-01
  0.8269872763111009E-01
  0.8110098244539696E-01
  0.7949498634966429E-01
  0.7788077766846768E-01
  0.7625839681842428E-01
  0.7462788623204114E-01
  0.7298929049170678E-01
  0.7134265652463531E-01
  0.6968803358642081E-01
  0.6802547308377019E-01
  0.6635502856554851E-01
  0.6467675597360631E-01
  0.6299071383114807E-01
  0.6129696311889408E-01
  0.5959556706287826E-01
  0.5788659119619898E-01
  0.5617010363866683E-01
  0.5444617521680022E-01
  0.5271487930856184E-01
  0.5097629170661264E-01
  0.4923049072249314E-01
  0.4747755736741548E-01
  0.4571757536792199E-01
  0.4395063107381721E-01
  0.4217681346846803E-01
  0.4039621428135842E-01
  0.3860892802105189E-01
  0.3681505189134521E-01
  0.3501468575822149E-01
  0.3320793225529352E-01
  0.3139489688996292E-01
  0.2957568800693569E-01
  0.2775041668133210E-01
  0.2591919671278145E-01
  0.2408214473423167E-01
  0.2223938028250140E-01
  0.2039102574141109E-01
  0.1853720625116251E-01
  0.1667804970995817E-01
  0.1481368684663617E-01
  0.1294425124613153E-01
  0.1106987929634773E-01
  0.9190710144289764E-02
  0.7306885714811708E-02
  0.5418550727090495E-02
  0.3525852645357936E-02
  0.1628941618037382E-02
 -0.2720295137743035E-03
 -0.2176905179143253E-02
 -0.4085527116953997E-02
 -0.5997734480372800E-02
 -0.7913363880373810E-02
 -0.9832249334830347E-02
 -0.1175422225286201E-01
 -0.1367911154605951E-01
 -0.1560674376197118E-01
 -0.1753694309252245E-01
 -0.1946953130227685E-01
 -0.2140432775418488E-01
 -0.2334114957118318E-01
 -0.2527981176975987E-01
 -0.2722012724634527E-01
 -0.2916190672150715E-01
 -0.3110495881033849E-01
 -0.3304909019795519E-01
 -0.3499410574757438E-01
 -0.3693980848251713E-01
 -0.3888599958271798E-01
 -0.4083247851350705E-01
 -0.4277904319758878E-01
 -0.4472549007527459E-01
 -0.4667161407805592E-01
 -0.4861720868229694E-01
 -0.5056206608601298E-01
 -0.5250597735950505E-01
 -0.5444873247001195E-01
 -0.5639012029042915E-01
 -0.5832992872753847E-01
 -0.6026794490632974E-01
 -0.6220395525714396E-01
 -0.6413774552035383E-01
 -0.6606910082306244E-01
 -0.6799780586000070E-01
 -0.6992364504004721E-01
 -0.7184640252895054E-01
 -0.7376586229788225E-01
 -0.7568180826755802E-01
 -0.7759402446922618E-01
 -0.7950229512831546E-01
 -0.8140640472488059E-01
 -0.8330613811772415E-01
 -0.8520128068672499E-01
 -0.8709161841233880E-01
 -0.8897693794480158E-01
 -0.9085702675652410E-01
 -0.9273167331845689E-01
 -0.9460066717186522E-01
 -0.9646379893672732E-01
 -0.9832086042227328E-01
 -0.1001716448443002    
 -0.1020159469663763    
 -0.1038535631009795    
 -0.1056842911450277    
 -0.1075079307714819    
 -0.1093242836312713    
 -0.1111331533904090    
 -0.1129343456966229    
 -0.1147276682921704    
 -0.1165129312569268    
 -0.1182899471549191    
 -0.1200585310049896    
 -0.1218185002584342    
 -0.1235696749369475    
 -0.1253118778374680    
 -0.1270449346350321    
 -0.1287686738859787    
 -0.1304829270573828    
 -0.1321875286274413    
 -0.1338823161912803    
 -0.1355671305284882    
 -0.1372418156583336    
 -0.1389062189051886    
 -0.1405601909615093    
 -0.1422035859430460    
 -0.1438362614453565    
 -0.1454580785916083    
 -0.1470689020609142    
 -0.1486686001273974    
 -0.1502570447392045    
 -0.1518341115931073    
 -0.1533996801368634    
 -0.1549536335308453    
 -0.1564958586758768    
 -0.1580262463185166    
 -0.1595446911094501    
 -0.1610510915469091    
 -0.1625453499202245    
 -0.1640273723803910    
 -0.1654970690582996    
 -0.1669543540485888    
 -0.1683991452672584    
 -0.1698313643954905    
 -0.1712509370068841    
 -0.1726577926939685    
 -0.1740518649942664    
 -0.1754330912056641    
 -0.1768014123416579    
 -0.1781567732620487    
 -0.1794991227480812    
 -0.1808284133757711    
 -0.1821446013456400    
 -0.1834476464890790    
 -0.1847375123995721    
 -0.1860141664416294    
 -0.1872775795638716    
 -0.1885277261281837    
 -0.1897645839452348    
 -0.1909881344095778    
 -0.1921983624824996    
 -0.1933952564820586    
 -0.1945788079055484    
 -0.1957490114587962    
 -0.1969058651768945    
 -0.1980493703966499    
 -0.1991795315467126    
 -0.2002963559657572    
 -0.2013998539110720    
 -0.2024900386589788    
 -0.2035669264849168    
 -0.2046305364831199    
 -0.2056808903916485    
 -0.2067180125565927    
 -0.2077419299723253    
 -0.2087526722526618    
 -0.2097502715078630    
 -0.2107347622294000    
 -0.2117061812465586    
 -0.2126645676988669    
 -0.2136099629511990    
 -0.2145424104771290    
 -0.2154619557924958    
 -0.2163686464493424    
 -0.2172625320073321    
 -0.2181436639231307    
 -0.2190120954090197    
 -0.2198678813566019    
 -0.2207110783367148    
 -0.2215417445871316    
 -0.2223599399202424    
 -0.2231657255933958    
 -0.2239591642316191    
 -0.2247403198130523    
 -0.2255092576374487    
 -0.2262660442274618    
 -0.2270107472175311    
 -0.2277434353095936    
 -0.2284641782778594    
 -0.2291730469265960    
 -0.2298701129657110    
 -0.2305554488892062    
 -0.2312291279484079    
 -0.2318912241867765    
 -0.2325418124157163    
 -0.2331809680849758    
 -0.2338087671413539    
 -0.2344252859887296    
 -0.2350306015348917    
 -0.2356247912026881    
 -0.2362079328313704    
 -0.2367801045318729    
 -0.2373413846126818    
 -0.2378918516028096    
 -0.2384315842849766    
 -0.2389606616510752    
 -0.2394791627910873    
 -0.2399871667985325    
 -0.2404847527437572    
 -0.2409719996862784    
 -0.2414489866676534    
 -0.2419157926650208    
 -0.2423724965288642    
 -0.2428191769294486    
 -0.2432559123158480    
 -0.2436827808866455    
 -0.2440998605764552    
 -0.2445072290514089    
 -0.2449049636885948    
 -0.2452931415232687    
 -0.2456718391837421    
 -0.2460411328531925    
 -0.2464010982721155    
 -0.2467518107532458    
 -0.2470933451704556    
 -0.2474257759122183    
 -0.2477491768241059    
 -0.2480636211716796    
 -0.2483691816352155    
 -0.2486659303221378    
 -0.2489539387713601    
 -0.2492332779320109    
 -0.2495040181195160    
 -0.2497662289699215    
 -0.2500199794171187    
 -0.2502653377037362    
 -0.2505023714098751    
 -0.2507311474618302    
 -0.2509517320918536    
 -0.2511641907664687    
 -0.2513685881442599    
 -0.2515649881068299    
 -0.2517534538302989    
 -0.2519340478106973    
 -0.2521068317976650    
 -0.2522718666922842    
 -0.2524292125119453    
 -0.2525789284575715    
 -0.2527210730072993    
 -0.2528557039299684    
 -0.2529828781975573    
 -0.2531026518850086    
 -0.2532150801594885    
 -0.2533202173642775    
 -0.2534181171015428    
 -0.2535088322236692    
 -0.2535924147460761    
 -0.2536689157780579    
 -0.2537383855409225    
 -0.2538008734424734    
 -0.2538564281206920    
 -0.2539050974146548    
 -0.2539469283057363    
 -0.2539819668983324    
 -0.2540102584553964    
 -0.2540318474403412    
 -0.2540467775161755    
 -0.2540550915087970    
 -0.2540568313838412    
 -0.2540520382672196    
 -0.2540407524864359    
 -0.2540230135875272    
 -0.2539988603128406    
 -0.2539683305671403    
 -0.2539314614078330    
 -0.2538882890692524    
 -0.2538388490021441    
 -0.2537831758989443    
 -0.2537213036854482    
 -0.2536532654851986    
 -0.2535790935892085    
 -0.2534988194640336    
 -0.2534124737972516    
 -0.2533200865429766    
 -0.2532216869308007    
 -0.2531173034368543    
 -0.2530069637466382    
 -0.2528906947414057    
 -0.2527685225213328    
 -0.2526404724540414    
 -0.2525065692152920    
 -0.2523668367874758    
 -0.2522212984155434    
 -0.2520699765648500    
 -0.2519128929290864    
 -0.2517500684861514    
 -0.2515815235495555    
 -0.2514072777698694    
 -0.2512273500945129    
 -0.2510417587341653    
 -0.2508505211725487    
 -0.2506536542114060    
 -0.2504511740088411    
 -0.2502430960765530    
 -0.2500294352438701    
 -0.2498102056337926    
 -0.2495854206860809    
 -0.2493550932095208    
 -0.2491192354087618    
 -0.2488778588581115    
 -0.2486309744568465    
 -0.2483785924230865    
 -0.2481207223387657    
 -0.2478573732010618    
 -0.2475885534315773    
 -0.2473142708426141    
 -0.2470345326025435    
 -0.2467493452375159    
 -0.2464587146677534    
 -0.2461626462458066    
 -0.2458611447671661    
 -0.2455542144519711    
 -0.2452418589221013    
 -0.2449240811987929    
 -0.2446008837240762    
 -0.2442722683874765    
 -0.2439382365380479    
 -0.2435987889788176    
 -0.2432539259560103    
 -0.2429036471552496    
 -0.2425479517073638    
 -0.2421868382008637    
 -0.2418203046984409    
 -0.2414483487526785    
 -0.2410709674107893    
 -0.2406881572012632    
 -0.2402999141125556    
 -0.2399062335891878    
 -0.2395071105604907    
 -0.2391025394841250    
 -0.2386925143651490    
 -0.2382770287313322    
 -0.2378560755905070    
 -0.2374296474163688    
 -0.2369977361799090    
 -0.2365603333968172    
 -0.2361174301490908    
 -0.2356690170712899    
 -0.2352150843269008    
 -0.2347556216006108    
 -0.2342906181072678    
 -0.2338200626030482    
 -0.2333439433921826    
 -0.2328622483352622    
 -0.2323749648634831    
 -0.2318820799907240    
 -0.2313835803102593    
 -0.2308794519758476    
 -0.2303696806872833    
 -0.2298542517032225    
 -0.2293331498775877    
 -0.2288063596854988    
 -0.2282738652113675    
 -0.2277356501160465    
 -0.2271916976280619    
 -0.2266419905748667    
 -0.2260865114180254    
 -0.2255252422511364    
 -0.2249581647692779    
 -0.2243852602561709    
 -0.2238065096103602    
 -0.2232218933805295    
 -0.2226313917711284    
 -0.2220349846206532    
 -0.2214326513886005    
 -0.2208243711708946    
 -0.2202101227226341    
 -0.2195898844572960    
 -0.2189636344268907    
 -0.2183313503207997    
 -0.2176930095024531    
 -0.2170485890496079    
 -0.2163980657473759    
 -0.2157414160365600    
 -0.2150786159813108    
 -0.2144096413048215    
 -0.2137344674602155    
 -0.2130530696587314    
 -0.2123654228291848    
 -0.2116715015663724    
 -0.2109712801359063    
 -0.2102647325302162    
 -0.2095518325090714    
 -0.2088325535814886    
 -0.2081068689603940    
 -0.2073747515548738    
 -0.2066361740191010    
 -0.2058911088088765    
 -0.2051395281871548    
 -0.2043814041780426    
 -0.2036167085240258    
 -0.2028454126929620    
 -0.2020674879292361    
 -0.2012829053090779    
 -0.2004916357651041    
 -0.1996936500665675    
 -0.1988889187671581    
 -0.1980774121642144    
 -0.1972591003231258    
 -0.1964339531683600    
 -0.1956019405619500    
 -0.1947630322845348    
 -0.1939171979367464    
 -0.1930644068778248    
 -0.1922046282847538    
 -0.1913378312780422    
 -0.1904639849812498    
 -0.1895830584558800    
 -0.1886950205952907    
 -0.1877998401082993    
 -0.1868974856225382    
 -0.1859879258029974    
 -0.1850711293644240    
 -0.1841470649767932    
 -0.1832157011825462    
 -0.1822770064260850    
 -0.1813309491673032    
 -0.1803774979651031    
 -0.1794166214629540    
 -0.1784482883171345    
 -0.1774724671572308    
 -0.1764891266230939    
 -0.1754982354433101    
 -0.1744997624833420    
 -0.1734936767295464    
 -0.1724799472526466    
 -0.1714585432210506    
 -0.1704294339637389    
 -0.1693925890020542    
 -0.1683479780091528    
 -0.1672955707777795    
 -0.1662353372902746    
 -0.1651672478354615    
 -0.1640912730200594    
 -0.1630073836555417    
 -0.1619155506955323    
 -0.1608157453515363    
 -0.1597079392624925    
 -0.1585921045010328    
 -0.1574682134243037    
 -0.1563362386066869    
 -0.1551961529836050    
 -0.1540479300324873    
 -0.1528915437578186    
 -0.1517269685275484    
 -0.1505541790266547    
 -0.1493731504278287    
 -0.1481838585645444    
 -0.1469862798893920    
 -0.1457803913171405    
 -0.1445661702177203    
 -0.1433435945922303    
 -0.1421126431917238    
 -0.1408732954422161    
 -0.1396255313483190    
 -0.1383693315701972    
 -0.1371046775785423    
 -0.1358315516700489    
 -0.1345499368672362    
 -0.1332598169205599    
 -0.1319611764523769    
 -0.1306540010413305    
 -0.1293382771544733    
 -0.1280139920989963    
 -0.1266811341248618    
 -0.1253396925407524    
 -0.1239896576865296    
 -0.1226310208699019    
 -0.1212637744477826    
 -0.1198879119728923    
 -0.1185034281919304    
 -0.1171103189290193    
 -0.1157085811015452    
 -0.1142982129144081    
 -0.1128792139846661    
 -0.1114515852516386    
 -0.1100153288611138    
 -0.1085704482394781    
 -0.1071169482740119    
 -0.1056548353810762    
 -0.1041841174513555    
 -0.1027048038356356    
 -0.1012169054185518    
 -0.9972043467024258E-01
 -0.9821540563758253E-01
 -0.9670183397792388E-01
 -0.9517973707811686E-01
 -0.9364913413684897E-01
 -0.9211004611151047E-01
 -0.9056249563328346E-01
 -0.8900650706588729E-01
 -0.8744210669388941E-01
 -0.8586932283630190E-01
 -0.8428818577277346E-01
 -0.8269872763111009E-01
 -0.8110098244539696E-01
 -0.7949498634966429E-01
 -0.7788077766846768E-01
 -0.7625839681842428E-01
 -0.7462788623204114E-01
 -0.7298929049170678E-01
 -0.7134265652463531E-01
 -0.6968803358642081E-01
 -0.6802547308377019E-01
 -0.6635502856554851E-01
 -0.6467675597360631E-01
 -0.6299071383114807E-01
 -0.6129696311889408E-01
 -0.5959556706287826E-01
 -0.5788659119619898E-01
 -0.5617010363866683E-01
 -0.5444617521680022E-01
 -0.5271487930856184E-01
 -0.5097629170661264E-01
 -0.4923049072249314E-01
 -0.4747755736741548E-01
 -0.4571757536792199E-01
 -0.4395063107381721E-01
 -0.4217681346846803E-01
 -0.4039621428135842E-01
 -0.3860892802105189E-01
 -0.3681505189134521E-01
 -0.3501468575822149E-01
 -0.3320793225529352E-01
 -0.3139489688996292E-01
 -0.2957568800693569E-01
 -0.2775041668133210E-01
 -0.2591919671278145E-01
 -0.2408214473423167E-01
 -0.2223938028250140E-01
 -0.2039102574141109E-01
 -0.1853720625116251E-01
 -0.1667804970995817E-01
 -0.1481368684663617E-01
 -0.1294425124613153E-01
 -0.1106987929634773E-01
 -0.9190710144289764E-02
 -0.7306885714811708E-02
 -0.5418550727090495E-02
 -0.3525852645357936E-02
 -0.1628941618037382E-02
  0.2720295137743035E-03
  0.2176905179143253E-02
  0.4085527116953997E-02
  0.5997734480372800E-02
  0.7913363880373810E-02
  0.9832249334830347E-02
  0.1175422225286201E-01
  0.1367911154605951E-01
  0.1560674376197118E-01
  0.1753694309252245E-01
  0.1946953130227685E-01
  0.2140432775418488E-01
  0.2334114957118318E-01
  0.2527981176975987E-01
  0.2722012724634527E-01
  0.2916190672150715E-01
  0.3110495881033849E-01
  0.3304909019795519E-01
  0.3499410574757438E-01
  0.3693980848251713E-01
  0.3888599958271798E-01
  0.4083247851350705E-01
  0.4277904319758878E-01
  0.4472549007527459E-01
  0.4667161407805592E-01
  0.4861720868229694E-01
  0.5056206608601298E-01
  0.5250597735950505E-01
  0.5444873247001195E-01
  0.5639012029042915E-01
  0.5832992872753847E-01
  0.6026794490632974E-01
  0.6220395525714396E-01
  0.6413774552035383E-01
  0.6606910082306244E-01
  0.6799780586000070E-01
  0.6992364504004721E-01
  0.7184640252895054E-01
  0.7376586229788225E-01
  0.7568180826755802E-01
  0.7759402446922618E-01
  0.7950229512831546E-01
  0.8140640472488059E-01
  0.8330613811772415E-01
  0.8520128068672499E-01
  0.8709161841233880E-01
  0.8897693794480158E-01
  0.9085702675652410E-01
  0.9273167331845689E-01
  0.9460066717186522E-01
  0.9646379893672732E-01
  0.9832086042227328E-01
  0.1001716448443002    
  0.1020159469663763    
  0.1038535631009795    
  0.1056842911450277    
  0.1075079307714819    
  0.1093242836312713    
  0.1111331533904090    
  0.1129343456966229    
  0.1147276682921704    
  0.1165129312569268    
  0.1182899471549191    
  0.1200585310049896    
  0.1218185002584342    
  0.1235696749369475    
  0.1253118778374680    
  0.1270449346350321    
  0.1287686738859787    
  0.1304829270573828    
  0.1321875286274413    
  0.1338823161912803    
  0.1355671305284882    
  0.1372418156583336    
  0.1389062189051886    
  0.1405601909615093    
  0.1422035859430460    
  0.1438362614453565    
  0.1454580785916083    
  0.1470689020609142    
  0.1486686001273974    
  0.1502570447392045    
  0.1518341115931073    
  0.1533996801368634    
  0.1549536335308453    
  0.1564958586758768    
  0.1580262463185166    
  0.1595446911094501    
  0.1610510915469091    
  0.1625453499202245    
  0.1640273723803910    
  0.1654970690582996    
  0.1669543540485888    
  0.1683991452672584    
  0.1698313643954905    
  0.1712509370068841    
  0.1726577926939685    
  0.1740518649942664    
  0.1754330912056641    
  0.1768014123416579    
  0.1781567732620487    
  0.1794991227480812    
  0.1808284133757711    
  0.1821446013456400    
  0.1834476464890790    
  0.1847375123995721    
  0.1860141664416294    
  0.1872775795638716    
  0.1885277261281837    
  0.1897645839452348    
  0.1909881344095778    
  0.1921983624824996    
  0.1933952564820586    
  0.1945788079055484    
  0.1957490114587962    
  0.1969058651768945    
  0.1980493703966499    
  0.1991795315467126    
  0.2002963559657572    
  0.2013998539110720    
  0.2024900386589788    
  0.2035669264849168    
  0.2046305364831199    
  0.2056808903916485    
  0.2067180125565927    
  0.2077419299723253    
  0.2087526722526618    
  0.2097502715078630    
  0.2107347622294000    
  0.2117061812465586    
  0.2126645676988669    
  0.2136099629511990    
  0.2145424104771290    
  0.2154619557924958    
  0.2163686464493424    
  0.2172625320073321    
  0.2181436639231307    
  0.2190120954090197    
  0.2198678813566019    
  0.2207110783367148    
  0.2215417445871316    
  0.2223599399202424    
  0.2231657255933958    
  0.2239591642316191    
  0.2247403198130523    
  0.2255092576374487    
  0.2262660442274618    
  0.2270107472175311    
  0.2277434353095936    
  0.2284641782778594    
  0.2291730469265960    
  0.2298701129657110    
  0.2305554488892062    
  0.2312291279484079    
  0.2318912241867765    
  0.2325418124157163    
  0.2331809680849758    
  0.2338087671413539    
  0.2344252859887296    
  0.2350306015348917    
  0.2356247912026881    
  0.2362079328313704    
  0.2367801045318729    
  0.2373413846126818    
  0.2378918516028096    
  0.2384315842849766    
  0.2389606616510752    
  0.2394791627910873    
  0.2399871667985325    
  0.2404847527437572    
  0.2409719996862784    
  0.2414489866676534    
  0.2419157926650208    
  0.2423724965288642    
  0.2428191769294486    
  0.2432559123158480    
  0.2436827808866455    
  0.2440998605764552    
  0.2445072290514089    
  0.2449049636885948    
  0.2452931415232687    
  0.2456718391837421    
  0.2460411328531925    
  0.2464010982721155    
  0.2467518107532458    
  0.2470933451704556    
  0.2474257759122183    
  0.2477491768241059    
  0.2480636211716796    
  0.2483691816352155    
  0.2486659303221378    
  0.2489539387713601    
  0.2492332779320109    
  0.2495040181195160    
  0.2497662289699215    
  0.2500199794171187    
  0.2502653377037362    
  0.2505023714098751    
  0.2507311474618302    
  0.2509517320918536    
  0.2511641907664687    
  0.2513685881442599    
  0.2515649881068299    
  0.2517534538302989    
  0.2519340478106973    
  0.2521068317976650    
  0.2522718666922842    
  0.2524292125119453    
  0.2525789284575715    
  0.2527210730072993    
  0.2528557039299684    
  0.2529828781975573    
  0.2531026518850086    
  0.2532150801594885    
  0.2533202173642775    
  0.2534181171015428    
  0.2535088322236692    
  0.2535924147460761    
  0.2536689157780579    
  0.2537383855409225    
  0.2538008734424734    
  0.2538564281206920    
  0.2539050974146548    
  0.2539469283057363    
  0.2539819668983324    
  0.2540102584553964    
  0.2540318474403412    
  0.2540467775161755    
  0.2540550915087970    
  0.2540568313838412    
  0.2540520382672196    
  0.2540407524864359    
  0.2540230135875272    
  0.2539988603128406    
  0.2539683305671403    
  0.2539314614078330    
  0.2538882890692524    
  0.2538388490021441    
  0.2537831758989443    
  0.2537213036854482    
  0.2536532654851986    
  0.2535790935892085    
  0.2534988194640336    
  0.2534124737972516    
  0.2533200865429766    
  0.2532216869308007    
  0.2531173034368543    
  0.2530069637466382    
  0.2528906947414057    
  0.2527685225213328    
  0.2526404724540414    
  0.2525065692152920    
  0.2523668367874758    
  0.2522212984155434    
  0.2520699765648500    
  0.2519128929290864    
  0.2517500684861514    
  0.2515815235495555    
  0.2514072777698694    
  0.2512273500945129    
  0.2510417587341653    
  0.2508505211725487    
  0.2506536542114060    
  0.2504511740088411    
  0.2502430960765530    
  0.2500294352438701    
  0.2498102056337926    
  0.2495854206860809    
  0.2493550932095208    
  0.2491192354087618    
  0.2488778588581115    
  0.2486309744568465    
  0.2483785924230865    
  0.2481207223387657    
  0.2478573732010618    
  0.2475885534315773    
  0.2473142708426141    
  0.2470345326025435    
  0.2467493452375159    
  0.2464587146677534    
  0.2461626462458066    
