  0.3748315308443892    
  0.3740935154441769    
  0.3732261233506631    
  0.3722305390962338    
  0.3711076818536528    
  0.3698582246082923    
  0.3684825968610406    
  0.3669809843633590    
  0.3653533443925219    
  0.3635994266777643    
  0.3617187788847250    
  0.3597107419707100    
  0.3575744581697364    
  0.3553088917259396    
  0.3529128394246144    
  0.3503849249980332    
  0.3477235987659680    
  0.3449271540127171    
  0.3419937423621488    
  0.3389213724550381    
  0.3357079048672978    
  0.3323510615942482    
  0.3288484427982773    
  0.3251975320772826    
  0.3213956924331152    
  0.3174401707049169    
  0.3133281128927297    
  0.3090565751594508    
  0.3046225250717615    
  0.3000228455281232    
  0.2952543490293366    
  0.2903137932176760    
  0.2851978894286450    
  0.2799033107349925    
  0.2744267080571088    
  0.2687647305994493    
  0.2629140429155180    
  0.2568713407737740    
  0.2506333729681348    
  0.2441969686010759    
  0.2375590640393461    
  0.2307167294341823    
  0.2236671999242534    
  0.2164079124642497    
  0.2089365443134357    
  0.2012510521658842    
  0.1933497152616045    
  0.1852311836520098    
  0.1768945288716944    
  0.1683392957330988    
  0.1595655572445210    
  0.1505739734024272    
  0.1413658515690379    
  0.1319432069662521    
  0.1223088243018070    
  0.1124663206177785    
  0.1024202069455283    
  0.9217594690393251E-01
  0.8174001242752338E-01
  0.7111993605935873E-01
  0.6032435706220724E-01
  0.4936305905701583E-01
  0.3824699879027110E-01
  0.2698832508891571E-01
  0.1560038517284484E-01
  0.4097716036668736E-02
 -0.7503979388850788E-02
 -0.1918787184155565E-01
 -0.3093606326012541E-01
 -0.4272966364285555E-01
 -0.5454888629690959E-01
 -0.6637316046315166E-01
 -0.7818126180663967E-01
 -0.8995146040269725E-01
 -0.1016616831729938    
 -0.1132896874154257    
 -0.1248132438281143    
 -0.1362103268921980    
 -0.1474593077369082    
 -0.1585391443335637    
 -0.1694295663401505    
 -0.1801112522169017    
 -0.1905659936674272    
 -0.2007768422631845    
 -0.2107282364834836    
 -0.2204061088023246    
 -0.2297979700062257    
 -0.2388929673819827    
 -0.2476819173174710    
 -0.2561573151985616    
 -0.2643133228150913    
 -0.2721457319093911    
 -0.2796519063526052    
 -0.2868307085018377    
 -0.2936824121541786    
 -0.3002086013762116    
 -0.3064120579494288    
 -0.3122966441041307    
 -0.3178671836836633    
 -0.3231293398933497    
 -0.3280894909131705    
 -0.3327546102047310    
 -0.3371321548157573    
 -0.3412299575143332    
 -0.3450561211208106    
 -0.3486189219591297    
 -0.3519267271169647    
 -0.3549879191739945    
 -0.3578108222230257    
 -0.3604036356916890    
 -0.3627743845770636    
 -0.3649308799705627    
 -0.3668806776434972    
 -0.3686310379299532    
 -0.3701889009423509    
 -0.3715608761905259    
 -0.3727532294364806    
 -0.3737718620009887    
 -0.3746222991762829    
 -0.3753096967676720    
 -0.3758388494144888    
 -0.3762141855234510    
 -0.3764397609985768    
 -0.3765192702933062    
 -0.3764560666297903    
 -0.3762531696281852    
 -0.3759132623449969    
 -0.3754386996339258    
 -0.3748315308443892    
 -0.3740935154441769    
 -0.3732261233506631    
 -0.3722305390962338    
 -0.3711076818536528    
 -0.3698582246082923    
 -0.3684825968610406    
 -0.3669809843633590    
 -0.3653533443925219    
 -0.3635994266777643    
 -0.3617187788847250    
 -0.3597107419707100    
 -0.3575744581697364    
 -0.3553088917259396    
 -0.3529128394246144    
 -0.3503849249980332    
 -0.3477235987659680    
 -0.3449271540127171    
 -0.3419937423621488    
 -0.3389213724550381    
 -0.3357079048672978    
 -0.3323510615942482    
 -0.3288484427982773    
 -0.3251975320772826    
 -0.3213956924331152    
 -0.3174401707049169    
 -0.3133281128927297    
 -0.3090565751594508    
 -0.3046225250717615    
 -0.3000228455281232    
 -0.2952543490293366    
 -0.2903137932176760    
 -0.2851978894286450    
 -0.2799033107349925    
 -0.2744267080571088    
 -0.2687647305994493    
 -0.2629140429155180    
 -0.2568713407737740    
 -0.2506333729681348    
 -0.2441969686010759    
 -0.2375590640393461    
 -0.2307167294341823    
 -0.2236671999242534    
 -0.2164079124642497    
 -0.2089365443134357    
 -0.2012510521658842    
 -0.1933497152616045    
 -0.1852311836520098    
 -0.1768945288716944    
 -0.1683392957330988    
 -0.1595655572445210    
 -0.1505739734024272    
 -0.1413658515690379    
 -0.1319432069662521    
 -0.1223088243018070    
 -0.1124663206177785    
 -0.1024202069455283    
 -0.9217594690393251E-01
 -0.8174001242752338E-01
 -0.7111993605935873E-01
 -0.6032435706220724E-01
 -0.4936305905701583E-01
 -0.3824699879027110E-01
 -0.2698832508891571E-01
 -0.1560038517284484E-01
 -0.4097716036668736E-02
  0.7503979388850788E-02
  0.1918787184155565E-01
  0.3093606326012541E-01
  0.4272966364285555E-01
  0.5454888629690959E-01
  0.6637316046315166E-01
  0.7818126180663967E-01
  0.8995146040269725E-01
  0.1016616831729938    
  0.1132896874154257    
  0.1248132438281143    
  0.1362103268921980    
  0.1474593077369082    
  0.1585391443335637    
  0.1694295663401505    
  0.1801112522169017    
  0.1905659936674272    
  0.2007768422631845    
  0.2107282364834836    
  0.2204061088023246    
  0.2297979700062257    
  0.2388929673819827    
  0.2476819173174710    
  0.2561573151985616    
  0.2643133228150913    
  0.2721457319093911    
  0.2796519063526052    
  0.2868307085018377    
  0.2936824121541786    
  0.3002086013762116    
  0.3064120579494288    
  0.3122966441041307    
  0.3178671836836633    
  0.3231293398933497    
  0.3280894909131705    
  0.3327546102047310    
  0.3371321548157573    
  0.3412299575143332    
  0.3450561211208106    
  0.3486189219591297    
  0.3519267271169647    
  0.3549879191739945    
  0.3578108222230257    
  0.3604036356916890    
  0.3627743845770636    
  0.3649308799705627    
  0.3668806776434972    
  0.3686310379299532    
  0.3701889009423509    
  0.3715608761905259    
  0.3727532294364806    
  0.3737718620009887    
  0.3746222991762829    
  0.3753096967676720    
  0.3758388494144888    
  0.3762141855234510    
  0.3764397609985768    
  0.3765192702933062    
  0.3764560666297903    
  0.3762531696281852    
  0.3759132623449969    
  0.3754386996339258    
