   2.918502670448698    
   2.925378441407262    
   2.932338783155315    
   2.939384451029516    
   2.946516287460664    
   2.953735189871888    
   2.961042057596599    
   2.968437765475707    
   2.975923148098194    
   2.983498960546031    
   2.991165846610389    
   2.998924365735864    
   3.006775056645852    
   3.014718472240670    
   3.022755174950951    
   3.030885734113761    
   3.039110740152827    
   3.047430809865558    
   3.055846568261531    
   3.064358617856674    
   3.072967504514869    
   3.081673682068552    
   3.090477484417824    
   3.099379118806960    
   3.108378693677622    
   3.117476285328575    
   3.126672009861392    
   3.135966032477494    
   3.145358491801878    
   3.154849410754392    
   3.164438664932339    
   3.174125978217324    
   3.183910895384476    
   3.193792789230097    
   3.203770980003945    
   3.213844883133656    
   3.224014006500825    
   3.234277773541815    
   3.244635328740509    
   3.255085435313252    
   3.265626448600955    
   3.276256376022373    
   3.286973081937732    
   3.297774551158758    
   3.308658972320512    
   3.319624532325964    
   3.330669077497446    
   3.341789849523058    
   3.352983383511254    
   3.364245617093478    
   3.375572232406244    
   3.386959035234493    
   3.398401996193044    
   3.409896824068797    
   3.421438419180228    
   3.433020671045087    
   3.444636706752009    
   3.456279332537577    
   3.467941337513814    
   3.479615422301053    
   3.491293706474317    
   3.502967104378361    
   3.514625077704626    
   3.526255991490868    
   3.537847717028050    
   3.549387909914578    
   3.560863750835837    
   3.572261382954339    
   3.583565412784790    
   3.594758747232543    
   3.605822837037220    
   3.616738063623654    
   3.627483789265725    
   3.638037885689308    
   3.648376157449963    
   3.658472219265720    
   3.668297831877782    
   3.677823155336160    
   3.687016504298595    
   3.695843745089774    
   3.704267784388241    
   3.712248425330006    
   3.719742479935027    
   3.726703790680872    
   3.733082932778230    
   3.738826736015992    
   3.743877953294403    
   3.748175139750040    
   3.751652446217949    
   3.754239110488235    
   3.755858830386341    
   3.756429323425522    
   3.755862086878820    
   3.754062131606225    
   3.750927523136030    
   3.746348712063152    
   3.740207738176315    
   3.732377491685694    
   3.722721154063843    
   3.711091625640512    
   3.697330626569699    
   3.681267584378744    
   3.662718773492061    
   3.641486713624519    
   3.617359185766505    
   3.590107568686440    
   3.559485147106196    
   3.525226027382885    
   3.487044236894650    
   3.444632196793902    
   3.397658671050379    
   3.345766922766456    
   3.288573110632369    
   3.225664259871265    
   3.156595738941384    
   3.080888977524789    
   2.998029644302207    
   2.907465482196755    
   2.808603263741957    
   2.700805519300310    
   2.583387899537510    
   2.455616997590924    
   2.316707838271955    
   2.165820821173301    
   2.002058600398412    
   1.824463314586003    
   1.632014251624043    
   1.423626011316883    
   1.198147216790581    
  0.9543596177813927    
  0.6909775099554852    
  0.4066479335249828    
  0.9995241612782219E-01
 -0.2305893831939399    
 -0.5865142988246514    
 -0.9694085735305303    
  -1.380898424697587    
  -1.822637317369680    
  -2.296289434029686    
  -2.803509377412915    
  -3.345917923365494    
  -3.925072786218654    
  -4.542433111511877    
  -5.199317444806073    
  -5.896856003636799    
  -6.635937590035708    
  -7.417150141629493    
  -8.240714126839720    
  -9.106410082533761    
  -10.01350300639746    
  -10.96066559978350    
  -11.94590162928543    
  -12.96647210850782    
  -14.01882909651654    
  -15.09856206841726    
  -16.20036083338722    
  -17.31799953100145    
  -18.44434794679719    
  -19.57141619309330    
  -20.69043604177280    
  -21.79197959114338    
  -22.86611507631503    
  -23.90259883995087    
  -24.89110007408097    
  -25.82145141062220    
  -26.68391479454837    
  -27.46944900207239    
  -28.16996425042084    
  -28.77855165000062    
  -29.28967812252386    
  -29.69933702839316    
  -30.00514300489749    
  -30.20636307526284    
  -30.30388590897902    
  -30.30013862622638    
  -30.19895914673504    
  -30.00542761143633    
  -29.72566306565378    
  -29.36660038620871    
  -28.93576595774109    
  -28.44106359165975    
  -27.89057311440064    
  -27.29236307953331    
  -26.65432455166052    
  -25.98403503958756    
  -25.28865591207460    
  -24.57485856115624    
  -23.84877189149037    
  -23.11594756639118    
  -22.38134427090113    
  -21.64933228056548    
  -20.92371477636100    
  -20.20775813664267    
  -19.50422481045245    
  -18.81540788029091    
  -18.14316986500092    
  -17.48898634713974    
  -16.85399093591920    
  -16.23901707365162    
  -15.64463493082930    
  -15.07118460720347    
  -14.51880747863520    
  -13.98747640114084    
  -13.47702423631943    
  -12.98716950907582    
  -12.51753812653418    
  -12.06768104470973    
  -11.63708896057115    
  -11.22520545959006    
  -10.83143931769389    
  -10.45517573309028    
  -10.09578595953029    
  -9.752635052652472    
  -9.425087796901330    
  -9.112513170545949    
  -8.814287852766197    
  -8.529799177606847    
  -8.258447704084348    
  -7.999649447787434    
  -7.752837798028797    
  -7.517465037437979    
  -7.293003268449768    
  -7.078944689561582    
  -6.874801461100803    
  -6.680105475212438    
  -6.494408135833428    
  -6.317280093703391    
  -6.148310926523179    
  -5.987108800286892    
  -5.833300073048012    
  -5.686528766128723    
  -5.546455917967071    
  -5.412758903562774    
  -5.285130762086609    
  -5.163279538824524    
  -5.046927665961511    
  -4.935811380475115    
  -4.829680106825776    
  -4.728295758300892    
  -4.631432030996230    
  -4.538873793130137    
  -4.450416566125105    
  -4.365866033583900    
  -4.285037579624202    
  -4.207755896420831    
  -4.133854624371909    
  -4.063175935866709    
  -3.995570048348138    
  -3.930894735865616    
  -3.869014880204367    
  -3.809802041100987    
  -3.753134040645943    
  -3.698894600058851    
  -3.646973047008538    
  -3.597264065142412    
  -3.549667459154959    
  -3.504087932715178    
  -3.460434870282563    
  -3.418622106442275    
  -3.378567693410734    
  -3.340193692625371    
  -3.303425982003234    
  -3.268194044902133    
  -3.234430742976688    
  -3.202072115539782    
  -3.171057222064012    
  -3.141327994088425    
  -3.112829068468038    
  -3.085507618493136    
  -3.059313209789936    
  -3.034197681848862    
  -3.010115046541042    
  -2.987021405833966    
  -2.964874884481512    
  -2.943635556620026    
  -2.923265356073950    
  -2.903727986306370    
  -2.884988841140935    
  -2.867014919500086    
  -2.849774718016619    
  -2.833238116568647    
  -2.817376282630450    
  -2.802161598097097    
  -2.787567599677604    
  -2.773568936450648    
  -2.760141349666600    
  -2.747261658560164    
  -2.734907730521069    
  -2.723058438592290    
  -2.711693622011221    
  -2.700794044839540    
  -2.690341334207154    
  -2.680317901740950    
  -2.670706872671087    
  -2.661492032984256    
  -2.652657786039689    
  -2.644189120516454    
  -2.636071603927205    
  -2.628291396224055    
  -2.620835255875618    
  -2.613690526710680    
  -2.606845121203620    
  -2.600287508349913    
  -2.594006691236205    
  -2.587992167248345    
  -2.582233887133572    
  -2.576722222302664    
  -2.571447927405236    
  -2.566402094083881    
  -2.561576117666970    
  -2.556961690836393    
  -2.552550808072668    
  -2.548335765181285    
  -2.544309163179956    
  -2.540463922994507    
  -2.536793291857013    
  -2.533290827076608    
  -2.529950373394406    
  -2.526766050315995    
  -2.523732237038568    
  -2.520843542215506    
  -2.518094775144961    
  -2.515480935987967    
  -2.512997211928662    
  -2.510638962688344    
  -2.508401707999778    
  -2.506281132340460    
  -2.504273091980024    
  -2.502373606694094    
  -2.500578850510098    
  -2.498885159412558    
  -2.497289039807659    
  -2.495787155827961    
  -2.494376309307847    
  -2.493053435895827    
  -2.491815606928796    
  -2.490660016378359    
  -2.489583965239507    
  -2.488584865371788    
  -2.487660249504541    
  -2.486807761726551    
  -2.486025137882023    
  -2.485310200277770    
  -2.484660858762938    
  -2.484075096863812    
  -2.483550954850246    
  -2.483086534452245    
  -2.482680014047001    
  -2.482329647305566    
  -2.482033753508535    
  -2.481790724547873    
  -2.481599038811073    
  -2.481457255625755    
  -2.481364000554710    
  -2.481317969909321    
  -2.481317944537535    
  -2.481362781412867    
  -2.481451389409039    
  -2.481582720573958    
  -2.481755773595617    
  -2.481969581824283    
  -2.482223192474135    
  -2.482515667961950    
  -2.482846105106353    
  -2.483213641025642    
  -2.483617447557949    
  -2.484056742109177    
  -2.484530809445558    
  -2.485039002483506    
  -2.485580724432495    
  -2.486155423377395    
  -2.486762597898764    
  -2.487401784396869    
  -2.488072530334983    
  -2.488774386816187    
  -2.489506920013041    
  -2.490269709726643    
  -2.491062335665783    
  -2.491884382830341    
  -2.492735464166012    
  -2.493615226426678    
  -2.494523338570790    
  -2.495459496181565    
  -2.496423442792658    
  -2.497414973215312    
  -2.498433915169313    
  -2.499480122313277    
  -2.500553482642609    
  -2.501653910749883    
  -2.502781322567325    
  -2.503935627662143    
  -2.505116743389765    
  -2.506324596132125    
  -2.507559103867365    
  -2.508820174673676    
  -2.510107728908503    
  -2.511421712050110    
  -2.512762089011321    
  -2.514128848365635    
  -2.515522019754140    
  -2.516941671302601    
  -2.518387883278639    
  -2.519860736530072    
  -2.521360328130051    
  -2.522886781549420    
  -2.524440237423385    
  -2.526020849617952    
  -2.527628791654109    
  -2.529264245296968    
  -2.530927371161167    
  -2.532618300216860    
  -2.534337155820005    
  -2.536084069547288    
  -2.537859175912143    
  -2.539662615055971    
  -2.541494553527150    
  -2.543355193391315    
  -2.545244761084605    
  -2.547163506468116    
  -2.549111718412311    
  -2.551089721783737    
  -2.553097846229865    
  -2.555136404177599    
  -2.557205695654833    
  -2.559306011613971    
  -2.561437623001968    
  -2.563600782844667    
  -2.565795749659838    
  -2.568022800954631    
  -2.570282226868688    
  -2.572574334573420    
  -2.574899470975132    
  -2.577258028296871    
  -2.579650420379002    
  -2.582077063944034    
  -2.584538379949250    
  -2.587034786249977    
  -2.589566672608004    
  -2.592134392496150    
  -2.594738284906781    
  -2.597378693919356    
  -2.600055972624006    
  -2.602770499759785    
  -2.605522713077043    
  -2.608313117345973    
  -2.611142251284387    
  -2.614010653215237    
  -2.616918850227657    
  -2.619867346112740    
  -2.622856596891460    
  -2.625887006297365    
  -2.628958953974116    
  -2.632072821988555    
  -2.635229003469075    
  -2.638427922807441    
  -2.641670075258124    
  -2.644956044671964    
  -2.648286480066088    
  -2.651662066119089    
  -2.655083507755999    
  -2.658551500189025    
  -2.662066675031588    
  -2.665629566191658    
  -2.669240622726012    
  -2.672900240248184    
  -2.676608789351079    
  -2.680366660678257    
  -2.684174326584414    
  -2.688032373945970    
  -2.691941489169756    
  -2.695902434359115    
  -2.699916036749746    
  -2.703983158690509    
  -2.708104632843186    
  -2.712281205960052    
  -2.716513524855790    
  -2.720802145150393    
  -2.725147549084577    
  -2.729550194981591    
  -2.734010592189143    
  -2.738529344153821    
  -2.743107135230925    
  -2.747744707547641    
  -2.752442860095094    
  -2.757202437150030    
  -2.762024282270557    
  -2.766909195378172    
  -2.771857925356178    
  -2.776871176100625    
  -2.781949608370228    
  -2.787093862815603    
  -2.792304610568947    
  -2.797582587283736    
  -2.802928586744529    
  -2.808343444557171    
  -2.813828027395586    
  -2.819383201179398    
  -2.825009784100755    
  -2.830708538643449    
  -2.836480208201344    
  -2.842325533845838    
  -2.848245233454090    
  -2.854240011211204    
  -2.860310622725425    
  -2.866457915337478    
  -2.872682789305114    
  -2.878986144409684    
  -2.885368878643547    
  -2.891831895034937    
  -2.898376055787432    
  -2.905002126270373    
  -2.911710783142296    
  -2.918502670448698    
  -2.925378441407262    
  -2.932338783155315    
  -2.939384451029516    
  -2.946516287460664    
  -2.953735189871888    
  -2.961042057596599    
  -2.968437765475707    
  -2.975923148098194    
  -2.983498960546031    
  -2.991165846610389    
  -2.998924365735864    
  -3.006775056645852    
  -3.014718472240670    
  -3.022755174950951    
  -3.030885734113761    
  -3.039110740152827    
  -3.047430809865558    
  -3.055846568261531    
  -3.064358617856674    
  -3.072967504514869    
  -3.081673682068552    
  -3.090477484417824    
  -3.099379118806960    
  -3.108378693677622    
  -3.117476285328575    
  -3.126672009861392    
  -3.135966032477494    
  -3.145358491801878    
  -3.154849410754392    
  -3.164438664932339    
  -3.174125978217324    
  -3.183910895384476    
  -3.193792789230097    
  -3.203770980003945    
  -3.213844883133656    
  -3.224014006500825    
  -3.234277773541815    
  -3.244635328740509    
  -3.255085435313252    
  -3.265626448600955    
  -3.276256376022373    
  -3.286973081937732    
  -3.297774551158758    
  -3.308658972320512    
  -3.319624532325964    
  -3.330669077497446    
  -3.341789849523058    
  -3.352983383511254    
  -3.364245617093478    
  -3.375572232406244    
  -3.386959035234493    
  -3.398401996193044    
  -3.409896824068797    
  -3.421438419180228    
  -3.433020671045087    
  -3.444636706752009    
  -3.456279332537577    
  -3.467941337513814    
  -3.479615422301053    
  -3.491293706474317    
  -3.502967104378361    
  -3.514625077704626    
  -3.526255991490868    
  -3.537847717028050    
  -3.549387909914578    
  -3.560863750835837    
  -3.572261382954339    
  -3.583565412784790    
  -3.594758747232543    
  -3.605822837037220    
  -3.616738063623654    
  -3.627483789265725    
  -3.638037885689308    
  -3.648376157449963    
  -3.658472219265720    
  -3.668297831877782    
  -3.677823155336160    
  -3.687016504298595    
  -3.695843745089774    
  -3.704267784388241    
  -3.712248425330006    
  -3.719742479935027    
  -3.726703790680872    
  -3.733082932778230    
  -3.738826736015992    
  -3.743877953294403    
  -3.748175139750040    
  -3.751652446217949    
  -3.754239110488235    
  -3.755858830386341    
  -3.756429323425522    
  -3.755862086878820    
  -3.754062131606225    
  -3.750927523136030    
  -3.746348712063152    
  -3.740207738176315    
  -3.732377491685694    
  -3.722721154063843    
  -3.711091625640512    
  -3.697330626569699    
  -3.681267584378744    
  -3.662718773492061    
  -3.641486713624519    
  -3.617359185766505    
  -3.590107568686440    
  -3.559485147106196    
  -3.525226027382885    
  -3.487044236894650    
  -3.444632196793902    
  -3.397658671050379    
  -3.345766922766456    
  -3.288573110632369    
  -3.225664259871265    
  -3.156595738941384    
  -3.080888977524789    
  -2.998029644302207    
  -2.907465482196755    
  -2.808603263741957    
  -2.700805519300310    
  -2.583387899537510    
  -2.455616997590924    
  -2.316707838271955    
  -2.165820821173301    
  -2.002058600398412    
  -1.824463314586003    
  -1.632014251624043    
  -1.423626011316883    
  -1.198147216790581    
 -0.9543596177813927    
 -0.6909775099554852    
 -0.4066479335249828    
 -0.9995241612782219E-01
  0.2305893831939399    
  0.5865142988246514    
  0.9694085735305303    
   1.380898424697587    
   1.822637317369680    
   2.296289434029686    
   2.803509377412915    
   3.345917923365494    
   3.925072786218654    
   4.542433111511877    
   5.199317444806073    
   5.896856003636799    
   6.635937590035708    
   7.417150141629493    
   8.240714126839720    
   9.106410082533761    
   10.01350300639746    
   10.96066559978350    
   11.94590162928543    
   12.96647210850782    
   14.01882909651654    
   15.09856206841726    
   16.20036083338722    
   17.31799953100145    
   18.44434794679719    
   19.57141619309330    
   20.69043604177280    
   21.79197959114338    
   22.86611507631503    
   23.90259883995087    
   24.89110007408097    
   25.82145141062220    
   26.68391479454837    
   27.46944900207239    
   28.16996425042084    
   28.77855165000062    
   29.28967812252386    
   29.69933702839316    
   30.00514300489749    
   30.20636307526284    
   30.30388590897902    
   30.30013862622638    
   30.19895914673504    
   30.00542761143633    
   29.72566306565378    
   29.36660038620871    
   28.93576595774109    
   28.44106359165975    
   27.89057311440064    
   27.29236307953331    
   26.65432455166052    
   25.98403503958756    
   25.28865591207460    
   24.57485856115624    
   23.84877189149037    
   23.11594756639118    
   22.38134427090113    
   21.64933228056548    
   20.92371477636100    
   20.20775813664267    
   19.50422481045245    
   18.81540788029091    
   18.14316986500092    
   17.48898634713974    
   16.85399093591920    
   16.23901707365162    
   15.64463493082930    
   15.07118460720347    
   14.51880747863520    
   13.98747640114084    
   13.47702423631943    
   12.98716950907582    
   12.51753812653418    
   12.06768104470973    
   11.63708896057115    
   11.22520545959006    
   10.83143931769389    
   10.45517573309028    
   10.09578595953029    
   9.752635052652472    
   9.425087796901330    
   9.112513170545949    
   8.814287852766197    
   8.529799177606847    
   8.258447704084348    
   7.999649447787434    
   7.752837798028797    
   7.517465037437979    
   7.293003268449768    
   7.078944689561582    
   6.874801461100803    
   6.680105475212438    
   6.494408135833428    
   6.317280093703391    
   6.148310926523179    
   5.987108800286892    
   5.833300073048012    
   5.686528766128723    
   5.546455917967071    
   5.412758903562774    
   5.285130762086609    
   5.163279538824524    
   5.046927665961511    
   4.935811380475115    
   4.829680106825776    
   4.728295758300892    
   4.631432030996230    
   4.538873793130137    
   4.450416566125105    
   4.365866033583900    
   4.285037579624202    
   4.207755896420831    
   4.133854624371909    
   4.063175935866709    
   3.995570048348138    
   3.930894735865616    
   3.869014880204367    
   3.809802041100987    
   3.753134040645943    
   3.698894600058851    
   3.646973047008538    
   3.597264065142412    
   3.549667459154959    
   3.504087932715178    
   3.460434870282563    
   3.418622106442275    
   3.378567693410734    
   3.340193692625371    
   3.303425982003234    
   3.268194044902133    
   3.234430742976688    
   3.202072115539782    
   3.171057222064012    
   3.141327994088425    
   3.112829068468038    
   3.085507618493136    
   3.059313209789936    
   3.034197681848862    
   3.010115046541042    
   2.987021405833966    
   2.964874884481512    
   2.943635556620026    
   2.923265356073950    
   2.903727986306370    
   2.884988841140935    
   2.867014919500086    
   2.849774718016619    
   2.833238116568647    
   2.817376282630450    
   2.802161598097097    
   2.787567599677604    
   2.773568936450648    
   2.760141349666600    
   2.747261658560164    
   2.734907730521069    
   2.723058438592290    
   2.711693622011221    
   2.700794044839540    
   2.690341334207154    
   2.680317901740950    
   2.670706872671087    
   2.661492032984256    
   2.652657786039689    
   2.644189120516454    
   2.636071603927205    
   2.628291396224055    
   2.620835255875618    
   2.613690526710680    
   2.606845121203620    
   2.600287508349913    
   2.594006691236205    
   2.587992167248345    
   2.582233887133572    
   2.576722222302664    
   2.571447927405236    
   2.566402094083881    
   2.561576117666970    
   2.556961690836393    
   2.552550808072668    
   2.548335765181285    
   2.544309163179956    
   2.540463922994507    
   2.536793291857013    
   2.533290827076608    
   2.529950373394406    
   2.526766050315995    
   2.523732237038568    
   2.520843542215506    
   2.518094775144961    
   2.515480935987967    
   2.512997211928662    
   2.510638962688344    
   2.508401707999778    
   2.506281132340460    
   2.504273091980024    
   2.502373606694094    
   2.500578850510098    
   2.498885159412558    
   2.497289039807659    
   2.495787155827961    
   2.494376309307847    
   2.493053435895827    
   2.491815606928796    
   2.490660016378359    
   2.489583965239507    
   2.488584865371788    
   2.487660249504541    
   2.486807761726551    
   2.486025137882023    
   2.485310200277770    
   2.484660858762938    
   2.484075096863812    
   2.483550954850246    
   2.483086534452245    
   2.482680014047001    
   2.482329647305566    
   2.482033753508535    
   2.481790724547873    
   2.481599038811073    
   2.481457255625755    
   2.481364000554710    
   2.481317969909321    
   2.481317944537535    
   2.481362781412867    
   2.481451389409039    
   2.481582720573958    
   2.481755773595617    
   2.481969581824283    
   2.482223192474135    
   2.482515667961950    
   2.482846105106353    
   2.483213641025642    
   2.483617447557949    
   2.484056742109177    
   2.484530809445558    
   2.485039002483506    
   2.485580724432495    
   2.486155423377395    
   2.486762597898764    
   2.487401784396869    
   2.488072530334983    
   2.488774386816187    
   2.489506920013041    
   2.490269709726643    
   2.491062335665783    
   2.491884382830341    
   2.492735464166012    
   2.493615226426678    
   2.494523338570790    
   2.495459496181565    
   2.496423442792658    
   2.497414973215312    
   2.498433915169313    
   2.499480122313277    
   2.500553482642609    
   2.501653910749883    
   2.502781322567325    
   2.503935627662143    
   2.505116743389765    
   2.506324596132125    
   2.507559103867365    
   2.508820174673676    
   2.510107728908503    
   2.511421712050110    
   2.512762089011321    
   2.514128848365635    
   2.515522019754140    
   2.516941671302601    
   2.518387883278639    
   2.519860736530072    
   2.521360328130051    
   2.522886781549420    
   2.524440237423385    
   2.526020849617952    
   2.527628791654109    
   2.529264245296968    
   2.530927371161167    
   2.532618300216860    
   2.534337155820005    
   2.536084069547288    
   2.537859175912143    
   2.539662615055971    
   2.541494553527150    
   2.543355193391315    
   2.545244761084605    
   2.547163506468116    
   2.549111718412311    
   2.551089721783737    
   2.553097846229865    
   2.555136404177599    
   2.557205695654833    
   2.559306011613971    
   2.561437623001968    
   2.563600782844667    
   2.565795749659838    
   2.568022800954631    
   2.570282226868688    
   2.572574334573420    
   2.574899470975132    
   2.577258028296871    
   2.579650420379002    
   2.582077063944034    
   2.584538379949250    
   2.587034786249977    
   2.589566672608004    
   2.592134392496150    
   2.594738284906781    
   2.597378693919356    
   2.600055972624006    
   2.602770499759785    
   2.605522713077043    
   2.608313117345973    
   2.611142251284387    
   2.614010653215237    
   2.616918850227657    
   2.619867346112740    
   2.622856596891460    
   2.625887006297365    
   2.628958953974116    
   2.632072821988555    
   2.635229003469075    
   2.638427922807441    
   2.641670075258124    
   2.644956044671964    
   2.648286480066088    
   2.651662066119089    
   2.655083507755999    
   2.658551500189025    
   2.662066675031588    
   2.665629566191658    
   2.669240622726012    
   2.672900240248184    
   2.676608789351079    
   2.680366660678257    
   2.684174326584414    
   2.688032373945970    
   2.691941489169756    
   2.695902434359115    
   2.699916036749746    
   2.703983158690509    
   2.708104632843186    
   2.712281205960052    
   2.716513524855790    
   2.720802145150393    
   2.725147549084577    
   2.729550194981591    
   2.734010592189143    
   2.738529344153821    
   2.743107135230925    
   2.747744707547641    
   2.752442860095094    
   2.757202437150030    
   2.762024282270557    
   2.766909195378172    
   2.771857925356178    
   2.776871176100625    
   2.781949608370228    
   2.787093862815603    
   2.792304610568947    
   2.797582587283736    
   2.802928586744529    
   2.808343444557171    
   2.813828027395586    
   2.819383201179398    
   2.825009784100755    
   2.830708538643449    
   2.836480208201344    
   2.842325533845838    
   2.848245233454090    
   2.854240011211204    
   2.860310622725425    
   2.866457915337478    
   2.872682789305114    
   2.878986144409684    
   2.885368878643547    
   2.891831895034937    
   2.898376055787432    
   2.905002126270373    
   2.911710783142296    
