  0.2942333758310385    
  0.2966300889815661    
  0.2990636415925491    
  0.3015347454060446    
  0.3040441405874384    
  0.3065925973559834    
  0.3091809167561480    
  0.3118099312960156    
  0.3144805063940695    
  0.3171935421497371    
  0.3199499745867581    
  0.3227507766727973    
  0.3255969598439459    
  0.3284895758580808    
  0.3314297183923974    
  0.3344185245001173    
  0.3374571763815277    
  0.3405469033711599    
  0.3436889837924425    
  0.3468847467910125    
  0.3501355744159901    
  0.3534429038056380    
  0.3568082292515298    
  0.3602331043061683    
  0.3637191441162401    
  0.3672680277664099    
  0.3708815004359016    
  0.3745613755723459    
  0.3783095372432022    
  0.3821279424030673    
  0.3860186228503742    
  0.3899836870526011    
  0.3940253219635715    
  0.3981457945356375    
  0.4023474526647430    
  0.4066327256903422    
  0.4110041244910522    
  0.4154642407856562    
  0.4200157452739066    
  0.4246613846099395    
  0.4294039770921677    
  0.4342464065029352    
  0.4391916135254539    
  0.4442425844595828    
  0.4494023367663273    
  0.4546739004579393    
  0.4600602943048949    
  0.4655644960516360    
  0.4711894054885867    
  0.4769377985245261    
  0.4828122702081274    
  0.4888151647439888    
  0.4949484899996979    
  0.5012138129803236    
  0.5076121322251658    
  0.5141437229129497    
  0.5208079496319379    
  0.5276030403834088    
  0.5345258145091615    
  0.5415713568731502    
  0.5487326298024010    
  0.5560000131256546    
  0.5633607624262290    
  0.5707983767126222    
  0.5782918684393931    
  0.5858149316597425    
  0.5933350099560922    
  0.6008122758226521    
  0.6081985473662752    
  0.6154361874891336    
  0.6224570572193374    
  0.6291816291277703    
  0.6355184065082424    
  0.6413638353237944    
  0.6466029330353328    
  0.6511108804329011    
  0.6547558125678578    
  0.6574029841016045    
  0.6589203581705273    
  0.6591854711555303    
  0.6580931712526821    
  0.6555635564992043    
  0.6515492159368406    
  0.6460407854225130    
  0.6390699290380417    
  0.6307091630183976    
  0.6210684027415689    
  0.6102886276455470    
  0.5985334922604890    
  0.5859799574959663    
  0.5728090333228764    
  0.5591975417895207    
  0.5453115051591930    
  0.5313014283812809    
  0.5172994534466713    
  0.5034181586395892    
  0.4897506665446462    
  0.4763716950134800    
  0.4633392106900280    
  0.4506964016145780    
  0.4384737537439440    
  0.4266910811107046    
  0.4153594137226734    
  0.4044826902512019    
  0.3940592344787255    
  0.3840830154901651    
  0.3745447037009523    
  0.3654325417599176    
  0.3567330532282503    
  0.3484316124891487    
  0.3405128972926782    
  0.3329612431330667    
  0.3257609172116478    
  0.3188963275547937    
  0.3123521795434901    
  0.3061135896774618    
  0.3001661656247388    
  0.2944960604804523    
  0.2890900066914580    
  0.2839353333948614    
  0.2790199711918384    
  0.2743324483923679    
  0.2698618808913374    
  0.2655979563278140    
  0.2615309140792245    
  0.2576515236617257    
  0.2539510625886630    
  0.2504212927756259    
  0.2470544354828339    
  0.2438431468566581    
  0.2407804953726340    
  0.2378599398398616    
  0.2350753065982532    
  0.2324207672022757    
  0.2298908185691752    
  0.2274802649974719    
  0.2251841999857064    
  0.2229979878065625    
  0.2209172467511034    
  0.2189378346395614    
  0.2170558350481350    
  0.2152675432414175    
  0.2135694527495729    
  0.2119582435790216    
  0.2104307715129461    
  0.2089840575892927    
  0.2076152779136150    
  0.2063217544088117    
  0.2051009464085423    
  0.2039504426082384    
  0.2028679533201633    
  0.2018513032980370    
  0.2008984251968492    
  0.2000073535327257    
  0.1991762189779880    
  0.1984032427949009    
  0.1976867314031781    
  0.1970250714962027    
  0.1964167260103954    
  0.1958602304415301    
  0.1953541887215310    
  0.1948972688206191    
  0.1944881990777069    
  0.1941257656078035    
  0.1938088099247622    
  0.1935362259511363    
  0.1933069567042493    
  0.1931199914998714    
  0.1929743639546668    
  0.1928691503482142    
  0.1928034677769153    
  0.1927764719022414    
  0.1927873546396245    
  0.1928353424080718    
  0.1929196950865712    
  0.1930397049940829    
  0.1931946952344284    
  0.1933840177870273    
  0.1936070522546926    
  0.1938632053053959    
  0.1941519099057341    
  0.1944726239126115    
  0.1948248286733806    
  0.1952080282972383    
  0.1956217493233958    
  0.1960655400995693    
  0.1965389697228295    
  0.1970416269744551    
  0.1975731196748089    
  0.1981330744806055    
  0.1987211367066621    
  0.1993369696686404    
  0.1999802536111931    
  0.2006506849614388    
  0.2013479763599434    
  0.2020718568576826    
  0.2028220714160627    
  0.2035983799049597    
  0.2044005565403798    
  0.2052283899975280    
  0.2060816834982906    
  0.2069602544336357    
  0.2078639338539537    
  0.2087925661557734    
  0.2097460088667648    
  0.2107241324932703    
  0.2117268205556457    
  0.2127539695912106    
  0.2138054887574541    
  0.2148812993061785    
  0.2159813345716277    
  0.2171055403619278    
  0.2182538749624194    
  0.2194263086062526    
  0.2206228231699624    
  0.2218434124491989    
  0.2230880824150496    
  0.2243568509990042    
  0.2256497478109647    
  0.2269668142281357    
  0.2283081036252590    
  0.2296736814044831    
  0.2310636249201516    
  0.2324780234761322    
  0.2339169783769833    
  0.2353806030857138    
  0.2368690235296619    
  0.2383823782325597    
  0.2399208180619806    
  0.2414845061499374    
  0.2430736185261554    
  0.2446883448075925    
  0.2463288879814046    
  0.2479954638327208    
  0.2496883013847789    
  0.2514076441029163    
  0.2531537502205039    
  0.2549268920179454    
  0.2567273557967559    
  0.2585554431562018    
  0.2604114718942931    
  0.2622957755429417    
  0.2642087030434964    
  0.2661506198553285    
  0.2681219092247802    
  0.2701229721016283    
  0.2721542267218559    
  0.2742161095356278    
  0.2763090767373055    
  0.2784336046029881    
  0.2805901890819360    
  0.2827793465020785    
  0.2850016152726187    
  0.2872575567404327    
  0.2895477549855124    
  0.2918728172937610    
  0.2942333758310385    
  0.2966300889815661    
  0.2990636415925491    
  0.3015347454060446    
  0.3040441405874384    
  0.3065925973559834    
  0.3091809167561480    
  0.3118099312960156    
  0.3144805063940695    
  0.3171935421497371    
  0.3199499745867581    
  0.3227507766727973    
  0.3255969598439459    
  0.3284895758580808    
  0.3314297183923974    
  0.3344185245001173    
  0.3374571763815277    
  0.3405469033711599    
  0.3436889837924425    
  0.3468847467910125    
  0.3501355744159901    
  0.3534429038056380    
  0.3568082292515298    
  0.3602331043061683    
  0.3637191441162401    
  0.3672680277664099    
  0.3708815004359016    
  0.3745613755723459    
  0.3783095372432022    
  0.3821279424030673    
  0.3860186228503742    
  0.3899836870526011    
  0.3940253219635715    
  0.3981457945356375    
  0.4023474526647430    
  0.4066327256903422    
  0.4110041244910522    
  0.4154642407856562    
  0.4200157452739066    
  0.4246613846099395    
  0.4294039770921677    
  0.4342464065029352    
  0.4391916135254539    
  0.4442425844595828    
  0.4494023367663273    
  0.4546739004579393    
  0.4600602943048949    
  0.4655644960516360    
  0.4711894054885867    
  0.4769377985245261    
  0.4828122702081274    
  0.4888151647439888    
  0.4949484899996979    
  0.5012138129803236    
  0.5076121322251658    
  0.5141437229129497    
  0.5208079496319379    
  0.5276030403834088    
  0.5345258145091615    
  0.5415713568731502    
  0.5487326298024010    
  0.5560000131256546    
  0.5633607624262290    
  0.5707983767126222    
  0.5782918684393931    
  0.5858149316597425    
  0.5933350099560922    
  0.6008122758226521    
  0.6081985473662752    
  0.6154361874891336    
  0.6224570572193374    
  0.6291816291277703    
  0.6355184065082424    
  0.6413638353237944    
  0.6466029330353328    
  0.6511108804329011    
  0.6547558125678578    
  0.6574029841016045    
  0.6589203581705273    
  0.6591854711555303    
  0.6580931712526821    
  0.6555635564992043    
  0.6515492159368406    
  0.6460407854225130    
  0.6390699290380417    
  0.6307091630183976    
  0.6210684027415689    
  0.6102886276455470    
  0.5985334922604890    
  0.5859799574959663    
  0.5728090333228764    
  0.5591975417895207    
  0.5453115051591930    
  0.5313014283812809    
  0.5172994534466713    
  0.5034181586395892    
  0.4897506665446462    
  0.4763716950134800    
  0.4633392106900280    
  0.4506964016145780    
  0.4384737537439440    
  0.4266910811107046    
  0.4153594137226734    
  0.4044826902512019    
  0.3940592344787255    
  0.3840830154901651    
  0.3745447037009523    
  0.3654325417599176    
  0.3567330532282503    
  0.3484316124891487    
  0.3405128972926782    
  0.3329612431330667    
  0.3257609172116478    
  0.3188963275547937    
  0.3123521795434901    
  0.3061135896774618    
  0.3001661656247388    
  0.2944960604804523    
  0.2890900066914580    
  0.2839353333948614    
  0.2790199711918384    
  0.2743324483923679    
  0.2698618808913374    
  0.2655979563278140    
  0.2615309140792245    
  0.2576515236617257    
  0.2539510625886630    
  0.2504212927756259    
  0.2470544354828339    
  0.2438431468566581    
  0.2407804953726340    
  0.2378599398398616    
  0.2350753065982532    
  0.2324207672022757    
  0.2298908185691752    
  0.2274802649974719    
  0.2251841999857064    
  0.2229979878065625    
  0.2209172467511034    
  0.2189378346395614    
  0.2170558350481350    
  0.2152675432414175    
  0.2135694527495729    
  0.2119582435790216    
  0.2104307715129461    
  0.2089840575892927    
  0.2076152779136150    
  0.2063217544088117    
  0.2051009464085423    
  0.2039504426082384    
  0.2028679533201633    
  0.2018513032980370    
  0.2008984251968492    
  0.2000073535327257    
  0.1991762189779880    
  0.1984032427949009    
  0.1976867314031781    
  0.1970250714962027    
  0.1964167260103954    
  0.1958602304415301    
  0.1953541887215310    
  0.1948972688206191    
  0.1944881990777069    
  0.1941257656078035    
  0.1938088099247622    
  0.1935362259511363    
  0.1933069567042493    
  0.1931199914998714    
  0.1929743639546668    
  0.1928691503482142    
  0.1928034677769153    
  0.1927764719022414    
  0.1927873546396245    
  0.1928353424080718    
  0.1929196950865712    
  0.1930397049940829    
  0.1931946952344284    
  0.1933840177870273    
  0.1936070522546926    
  0.1938632053053959    
  0.1941519099057341    
  0.1944726239126115    
  0.1948248286733806    
  0.1952080282972383    
  0.1956217493233958    
  0.1960655400995693    
  0.1965389697228295    
  0.1970416269744551    
  0.1975731196748089    
  0.1981330744806055    
  0.1987211367066621    
  0.1993369696686404    
  0.1999802536111931    
  0.2006506849614388    
  0.2013479763599434    
  0.2020718568576826    
  0.2028220714160627    
  0.2035983799049597    
  0.2044005565403798    
  0.2052283899975280    
  0.2060816834982906    
  0.2069602544336357    
  0.2078639338539537    
  0.2087925661557734    
  0.2097460088667648    
  0.2107241324932703    
  0.2117268205556457    
  0.2127539695912106    
  0.2138054887574541    
  0.2148812993061785    
  0.2159813345716277    
  0.2171055403619278    
  0.2182538749624194    
  0.2194263086062526    
  0.2206228231699624    
  0.2218434124491989    
  0.2230880824150496    
  0.2243568509990042    
  0.2256497478109647    
  0.2269668142281357    
  0.2283081036252590    
  0.2296736814044831    
  0.2310636249201516    
  0.2324780234761322    
  0.2339169783769833    
  0.2353806030857138    
  0.2368690235296619    
  0.2383823782325597    
  0.2399208180619806    
  0.2414845061499374    
  0.2430736185261554    
  0.2446883448075925    
  0.2463288879814046    
  0.2479954638327208    
  0.2496883013847789    
  0.2514076441029163    
  0.2531537502205039    
  0.2549268920179454    
  0.2567273557967559    
  0.2585554431562018    
  0.2604114718942931    
  0.2622957755429417    
  0.2642087030434964    
  0.2661506198553285    
  0.2681219092247802    
  0.2701229721016283    
  0.2721542267218559    
  0.2742161095356278    
  0.2763090767373055    
  0.2784336046029881    
  0.2805901890819360    
  0.2827793465020785    
  0.2850016152726187    
  0.2872575567404327    
  0.2895477549855124    
  0.2918728172937610    
