   1.570922899606301    
   1.573763242612995    
   1.576630988815239    
   1.579526133995720    
   1.582448465462834    
   1.585397539217604    
   1.588373084566989    
   1.591375054723877    
   1.594403221582231    
   1.597457125384672    
   1.600536498877840    
   1.603641299783591    
   1.606771192106130    
   1.609925427093710    
   1.613103395368341    
   1.616304853386312    
   1.619529396915663    
   1.622776153882571    
   1.626044272544793    
   1.629333308633540    
   1.632642804867938    
   1.635971830196630    
   1.639319271241019    
   1.642684279244432    
   1.646066078187817    
   1.649463579476608    
   1.652875533051636    
   1.656300853757311    
   1.659738457836963    
   1.663186927859645    
   1.666644630955236    
   1.670110015838793    
   1.673581511698959    
   1.677057278725594    
   1.680535341518195    
   1.684013848945564    
   1.687490925610850    
   1.690964342525598    
   1.694431551964677    
   1.697889945665168    
   1.701336860513691    
   1.704769421051109    
   1.708184574207489    
   1.711579178790781    
   1.714949859577223    
   1.718292851846198    
   1.721604152703187    
   1.724879720618236    
   1.728115358626638    
   1.731306501310120    
   1.734448254388101    
   1.737535488631211    
   1.740562695732386    
   1.743523858799683    
   1.746412633990345    
   1.749222530562852    
   1.751946715945727    
   1.754577742009331    
   1.757107632898033    
   1.759528113619942    
   1.761830527838874    
   1.764005577187969    
   1.766043279531639    
   1.767933065246009    
   1.769663709964732    
   1.771223215845165    
   1.772598886940319    
   1.773777415425438    
   1.774744711866497    
   1.775485689676396    
   1.775984305967290    
   1.776223661522721    
   1.776185841552631    
   1.775851669012434    
   1.775200688448934    
   1.774211245485160    
   1.772860381297776    
   1.771123664382845    
   1.768975179885583    
   1.766387506214279    
   1.763331470416412    
   1.759775903293908    
   1.755687635472533    
   1.751031506179407    
   1.745770123988474    
   1.739863602891653    
   1.733269535497976    
   1.725942969080038    
   1.717836107014586    
   1.708897966422370    
   1.699074273006185    
   1.688307360426649    
   1.676535799918456    
   1.663694026415001    
   1.649712266658583    
   1.634516476475292    
   1.618027904805773    
   1.600162534000205    
   1.580830821330748    
   1.559937563834911    
   1.537381474265230    
   1.513054600642685    
   1.486841972075295    
   1.458621356884550    
   1.428262772727952    
   1.395627848194243    
   1.360569365094350    
   1.322930875887452    
   1.282546093228317    
   1.239238190947432    
   1.192819334849806    
   1.143090290833611    
   1.089839763843758    
   1.032843611267820    
  0.9718643090129846    
  0.9066505762142710    
  0.8369368046800691    
  0.7624423788561112    
  0.6828712355067270    
  0.5979116080306489    
  0.5072356670605810    
  0.4104991769244595    
  0.3073415044362299    
  0.1973858917662315    
  0.8023969388135510E-01
 -0.4450525865003767E-01
 -0.1772717612274264    
 -0.3184958460590031    
 -0.4686252169265080    
 -0.6281173716028726    
 -0.7974369814243718    
 -0.9770525205325726    
  -1.167432410493515    
  -1.369040498596851    
  -1.582330405135659    
  -1.807738758113731    
  -2.045677670415909    
  -2.296526338088756    
  -2.560621267276432    
  -2.838245112187944    
  -3.129614527993938    
  -3.434867017431680    
  -3.754046385739335    
  -4.087086995353252    
  -4.433797613451071    
  -4.793845237510828    
  -5.166738702878314    
  -5.551812298305072    
  -5.948210378028998    
  -6.354873859769204    
  -6.770529048938613    
  -7.193679550150756    
  -7.622602574569507    
  -8.055350548146293    
  -8.489758150777762    
  -8.923455162823355    
  -9.353886307332589    
  -9.778339002547039    
  -10.19397863790591    
  -10.59789030745898    
  -10.98712626185125    
  -11.35875837551595    
  -11.70993417728385    
  -12.03793443799278    
  -12.34023033721638    
  -12.61453807394102    
  -12.85886836886427    
  -13.07156858406118    
  -13.25135614436901    
  -13.39734233203927    
  -13.50904518566920    
  -13.58639060432288    
  -13.62970223571203    
  -13.63968167907665    
  -13.61738005398287    
  -13.56416157118052    
  -13.48166071889893    
  -13.37173585386136    
  -13.23642166882954    
  -13.07788182503307    
  -12.89836270894178    
  -12.70014975522935    
  -12.48552773676188    
  -12.25674571963543    
  -12.01598699540987    
  -11.76534431122432    
  -11.50680037374905    
  -11.24221307504622    
  -10.97330499614863    
  -10.70165717670057    
  -10.42870685636981    
  -10.15574816268484    
  -9.883934802947474    
  -9.614284648277740    
  -9.347686280695633    
  -9.084906868584081    
  -8.826600475770684    
  -8.573316568783795    
  -8.325508887903766    
  -8.083544404673610    
  -7.847711828171876    
  -7.618229645492232    
  -7.395254026148001    
  -7.178886453768523    
  -6.969180600372312    
  -6.766148429066795    
  -6.569765935379539    
  -6.379978559411613    
  -6.196705904952725    
  -6.019845768279154    
  -5.849277891471048    
  -5.684867518107185    
  -5.526468402314242    
  -5.373925214683603    
  -5.227075714165734    
  -5.085752819732624    
  -4.949786335985554    
  -4.819004297584923    
  -4.693234211065647    
  -4.572304234839453    
  -4.456044062941032    
  -4.344285552913098    
  -4.236863380379485    
  -4.133615665328503    
  -4.034384281107468    
  -3.939014969037210    
  -3.847357635232997    
  -3.759266718352325    
  -3.674601214552048    
  -3.593224496837972    
  -3.515004432985680    
  -3.439813698222048    
  -3.367529718125587    
  -3.298034307757973    
  -3.231213625244917    
  -3.166958424537466    
  -3.105163955113672    
  -3.045729483493615    
  -2.988558132070366    
  -2.933557120896779    
  -2.880637695610390    
  -2.829714605704207    
  -2.780705877468697    
  -2.733533083485225    
  -2.688121354725460    
  -2.644398869096184    
  -2.602296570898047    
  -2.561748453885908    
  -2.522691665187456    
  -2.485066024097987    
  -2.448813652920180    
  -2.413879175854204    
  -2.380209856912940    
  -2.347755217582951    
  -2.316466712318086    
  -2.286297898981051    
  -2.257204550493352    
  -2.229144298026076    
  -2.202076354649237    
  -2.175961705327660    
  -2.150763212816522    
  -2.126445281631951    
  -2.102973636149971    
  -2.080315522272501    
  -2.058439744042178    
  -2.037316286876881    
  -2.016916198150968    
  -1.997211933033066    
  -1.978177367806285    
  -1.959787257167823    
  -1.942017067127952    
  -1.924843480549047    
  -1.908244540820518    
  -1.892199033265283    
  -1.876686198558658    
  -1.861686276899984    
  -1.847180753045203    
  -1.833151720773777    
  -1.819581529055177    
  -1.806453367514732    
  -1.793751595593211    
  -1.781461081993654    
  -1.769566781902223    
  -1.758054359166217    
  -1.746910592897558    
  -1.736122688002826    
  -1.725677782583132    
  -1.715563599870533    
  -1.705768916050488    
  -1.696282847308924    
  -1.687094350717332    
  -1.678192978231657    
  -1.669569360852960    
  -1.661214290333156    
  -1.653118089986734    
  -1.645271597326227    
  -1.637666931435826    
  -1.630296462334647    
  -1.623151867852062    
  -1.616225124003383    
  -1.609509535023020    
  -1.602998718156659    
  -1.596685442477095    
  -1.590562644682652    
  -1.584624702862420    
  -1.578866369082154    
  -1.573281292732986    
  -1.567863069262989    
  -1.562606920047690    
  -1.557508692921888    
  -1.552562960262587    
  -1.547763891627574    
  -1.543107296460466    
  -1.538589823472875    
  -1.534206746350584    
  -1.529952705617248    
  -1.525824159022491    
  -1.521818730470887    
  -1.517932425485592    
  -1.514160023514527    
  -1.510498144363083    
  -1.506945235500584    
  -1.503498345447381    
  -1.500152706084041    
  -1.496904945881690    
  -1.493753816979631    
  -1.490696999696115    
  -1.487730142370161    
  -1.484850127491626    
  -1.482056315037722    
  -1.479347142457342    
  -1.476718419895065    
  -1.474166731148224    
  -1.471691666461798    
  -1.469292596822696    
  -1.466965959126550    
  -1.464708166970317    
  -1.462518676958879    
  -1.460397416191582    
  -1.458341452298066    
  -1.456347244595238    
  -1.454414203887976    
  -1.452542753638177    
  -1.450730529835732    
  -1.448973950057494    
  -1.447272213873518    
  -1.445626151292757    
  -1.444034083735396    
  -1.442492522826717    
  -1.441000362465493    
  -1.439558627241059    
  -1.438166291429204    
  -1.436820086601726    
  -1.435518593241851    
  -1.434262840217653    
  -1.433052359224773    
  -1.431884228124395    
  -1.430756840426868    
  -1.429671173362629    
  -1.428627197956363    
  -1.427622307201154    
  -1.426654692453672    
  -1.425725199137208    
  -1.424834209337844    
  -1.423979548592303    
  -1.423159312912450    
  -1.422374133257231    
  -1.421624627864276    
  -1.420908999668974    
  -1.420225307475679    
  -1.419573979847630    
  -1.418955824614595    
  -1.418369435430392    
  -1.417812900002197    
  -1.417286438619579    
  -1.416790974668551    
  -1.416325486057159    
  -1.415888163111004    
  -1.415479022493673    
  -1.415098981911137    
  -1.414747286150483    
  -1.414422217707656    
  -1.414123636705832    
  -1.413852503032844    
  -1.413608399822075    
  -1.413389761645489    
  -1.413196208715718    
  -1.413028513047135    
  -1.412886455000963    
  -1.412768771290721    
  -1.412675163202564    
  -1.412606394337449    
  -1.412562337536492    
  -1.412541780282165    
  -1.412544325636772    
  -1.412570727247381    
  -1.412621080854941    
  -1.412694332426503    
  -1.412789920704914    
  -1.412908375595505    
  -1.413049886181486    
  -1.413213694222323    
  -1.413399355160936    
  -1.413607294309163    
  -1.413837639736427    
  -1.414089707879252    
  -1.414363129062353    
  -1.414658362173352    
  -1.414975602120490    
  -1.415314228016053    
  -1.415673844137286    
  -1.416054890368162    
  -1.416457688379384    
  -1.416881766257036    
  -1.417326653529217    
  -1.417792542966898    
  -1.418279663526576    
  -1.418787745209169    
  -1.419316594071171    
  -1.419866505598309    
  -1.420437635889343    
  -1.421029602328336    
  -1.421642151577285    
  -1.422275615005482    
  -1.422930275018305    
  -1.423605868034394    
  -1.424302147326671    
  -1.425019384966752    
  -1.425757873234211    
  -1.426517422654130    
  -1.427297782343649    
  -1.428099119137938    
  -1.428921684205192    
  -1.429765401585106    
  -1.430630140456476    
  -1.431516021735565    
  -1.432423148144634    
  -1.433351410271501    
  -1.434300845915790    
  -1.435271804458526    
  -1.436264474189257    
  -1.437278635392733    
  -1.438314166754946    
  -1.439371410978268    
  -1.440450735682582    
  -1.441552090983843    
  -1.442675311830257    
  -1.443820533746515    
  -1.444988001386562    
  -1.446177746231495    
  -1.447389736436355    
  -1.448624100933909    
  -1.449880971597940    
  -1.451160348652263    
  -1.452462321539114    
  -1.453787162849709    
  -1.455135020013488    
  -1.456505790998894    
  -1.457899490679318    
  -1.459316457584452    
  -1.460757006220136    
  -1.462221153710713    
  -1.463708885911348    
  -1.465220419289716    
  -1.466755992322544    
  -1.468315647328533    
  -1.469899414927809    
  -1.471507483246618    
  -1.473140015880676    
  -1.474797040946364    
  -1.476478670604518    
  -1.478185165698365    
  -1.479916625238861    
  -1.481672903313481    
  -1.483454032329481    
  -1.485260444792431    
  -1.487092539456351    
  -1.488950286330150    
  -1.490833532387326    
  -1.492742481920505    
  -1.494677567429786    
  -1.496638977350501    
  -1.498626607548088    
  -1.500640433663061    
  -1.502680687529168    
  -1.504747642463395    
  -1.506841379123071    
  -1.508961817543177    
  -1.511108935306816    
  -1.513282931514078    
  -1.515484144686840    
  -1.517712779788412    
  -1.519968793274264    
  -1.522252129185956    
  -1.524562956174033    
  -1.526901518819223    
  -1.529267862242980    
  -1.531661905715721    
  -1.534083699973120    
  -1.536533383863169    
  -1.539010964582284    
  -1.541516391484213    
  -1.544049780039252    
  -1.546611295137760    
  -1.549200873288442    
  -1.551818342652110    
  -1.554463754508386    
  -1.557137282247945    
  -1.559838843483039    
  -1.562568165891554    
  -1.565325202697258    
  -1.568110124570598    
  -1.570922899606301    
  -1.573763242612995    
  -1.576630988815239    
  -1.579526133995720    
  -1.582448465462834    
  -1.585397539217604    
  -1.588373084566989    
  -1.591375054723877    
  -1.594403221582231    
  -1.597457125384672    
  -1.600536498877840    
  -1.603641299783591    
  -1.606771192106130    
  -1.609925427093710    
  -1.613103395368341    
  -1.616304853386312    
  -1.619529396915663    
  -1.622776153882571    
  -1.626044272544793    
  -1.629333308633540    
  -1.632642804867938    
  -1.635971830196630    
  -1.639319271241019    
  -1.642684279244432    
  -1.646066078187817    
  -1.649463579476608    
  -1.652875533051636    
  -1.656300853757311    
  -1.659738457836963    
  -1.663186927859645    
  -1.666644630955236    
  -1.670110015838793    
  -1.673581511698959    
  -1.677057278725594    
  -1.680535341518195    
  -1.684013848945564    
  -1.687490925610850    
  -1.690964342525598    
  -1.694431551964677    
  -1.697889945665168    
  -1.701336860513691    
  -1.704769421051109    
  -1.708184574207489    
  -1.711579178790781    
  -1.714949859577223    
  -1.718292851846198    
  -1.721604152703187    
  -1.724879720618236    
  -1.728115358626638    
  -1.731306501310120    
  -1.734448254388101    
  -1.737535488631211    
  -1.740562695732386    
  -1.743523858799683    
  -1.746412633990345    
  -1.749222530562852    
  -1.751946715945727    
  -1.754577742009331    
  -1.757107632898033    
  -1.759528113619942    
  -1.761830527838874    
  -1.764005577187969    
  -1.766043279531639    
  -1.767933065246009    
  -1.769663709964732    
  -1.771223215845165    
  -1.772598886940319    
  -1.773777415425438    
  -1.774744711866497    
  -1.775485689676396    
  -1.775984305967290    
  -1.776223661522721    
  -1.776185841552631    
  -1.775851669012434    
  -1.775200688448934    
  -1.774211245485160    
  -1.772860381297776    
  -1.771123664382845    
  -1.768975179885583    
  -1.766387506214279    
  -1.763331470416412    
  -1.759775903293908    
  -1.755687635472533    
  -1.751031506179407    
  -1.745770123988474    
  -1.739863602891653    
  -1.733269535497976    
  -1.725942969080038    
  -1.717836107014586    
  -1.708897966422370    
  -1.699074273006185    
  -1.688307360426649    
  -1.676535799918456    
  -1.663694026415001    
  -1.649712266658583    
  -1.634516476475292    
  -1.618027904805773    
  -1.600162534000205    
  -1.580830821330748    
  -1.559937563834911    
  -1.537381474265230    
  -1.513054600642685    
  -1.486841972075295    
  -1.458621356884550    
  -1.428262772727952    
  -1.395627848194243    
  -1.360569365094350    
  -1.322930875887452    
  -1.282546093228317    
  -1.239238190947432    
  -1.192819334849806    
  -1.143090290833611    
  -1.089839763843758    
  -1.032843611267820    
 -0.9718643090129846    
 -0.9066505762142710    
 -0.8369368046800691    
 -0.7624423788561112    
 -0.6828712355067270    
 -0.5979116080306489    
 -0.5072356670605810    
 -0.4104991769244595    
 -0.3073415044362299    
 -0.1973858917662315    
 -0.8023969388135510E-01
  0.4450525865003767E-01
  0.1772717612274264    
  0.3184958460590031    
  0.4686252169265080    
  0.6281173716028726    
  0.7974369814243718    
  0.9770525205325726    
   1.167432410493515    
   1.369040498596851    
   1.582330405135659    
   1.807738758113731    
   2.045677670415909    
   2.296526338088756    
   2.560621267276432    
   2.838245112187944    
   3.129614527993938    
   3.434867017431680    
   3.754046385739335    
   4.087086995353252    
   4.433797613451071    
   4.793845237510828    
   5.166738702878314    
   5.551812298305072    
   5.948210378028998    
   6.354873859769204    
   6.770529048938613    
   7.193679550150756    
   7.622602574569507    
   8.055350548146293    
   8.489758150777762    
   8.923455162823355    
   9.353886307332589    
   9.778339002547039    
   10.19397863790591    
   10.59789030745898    
   10.98712626185125    
   11.35875837551595    
   11.70993417728385    
   12.03793443799278    
   12.34023033721638    
   12.61453807394102    
   12.85886836886427    
   13.07156858406118    
   13.25135614436901    
   13.39734233203927    
   13.50904518566920    
   13.58639060432288    
   13.62970223571203    
   13.63968167907665    
   13.61738005398287    
   13.56416157118052    
   13.48166071889893    
   13.37173585386136    
   13.23642166882954    
   13.07788182503307    
   12.89836270894178    
   12.70014975522935    
   12.48552773676188    
   12.25674571963543    
   12.01598699540987    
   11.76534431122432    
   11.50680037374905    
   11.24221307504622    
   10.97330499614863    
   10.70165717670057    
   10.42870685636981    
   10.15574816268484    
   9.883934802947474    
   9.614284648277740    
   9.347686280695633    
   9.084906868584081    
   8.826600475770684    
   8.573316568783795    
   8.325508887903766    
   8.083544404673610    
   7.847711828171876    
   7.618229645492232    
   7.395254026148001    
   7.178886453768523    
   6.969180600372312    
   6.766148429066795    
   6.569765935379539    
   6.379978559411613    
   6.196705904952725    
   6.019845768279154    
   5.849277891471048    
   5.684867518107185    
   5.526468402314242    
   5.373925214683603    
   5.227075714165734    
   5.085752819732624    
   4.949786335985554    
   4.819004297584923    
   4.693234211065647    
   4.572304234839453    
   4.456044062941032    
   4.344285552913098    
   4.236863380379485    
   4.133615665328503    
   4.034384281107468    
   3.939014969037210    
   3.847357635232997    
   3.759266718352325    
   3.674601214552048    
   3.593224496837972    
   3.515004432985680    
   3.439813698222048    
   3.367529718125587    
   3.298034307757973    
   3.231213625244917    
   3.166958424537466    
   3.105163955113672    
   3.045729483493615    
   2.988558132070366    
   2.933557120896779    
   2.880637695610390    
   2.829714605704207    
   2.780705877468697    
   2.733533083485225    
   2.688121354725460    
   2.644398869096184    
   2.602296570898047    
   2.561748453885908    
   2.522691665187456    
   2.485066024097987    
   2.448813652920180    
   2.413879175854204    
   2.380209856912940    
   2.347755217582951    
   2.316466712318086    
   2.286297898981051    
   2.257204550493352    
   2.229144298026076    
   2.202076354649237    
   2.175961705327660    
   2.150763212816522    
   2.126445281631951    
   2.102973636149971    
   2.080315522272501    
   2.058439744042178    
   2.037316286876881    
   2.016916198150968    
   1.997211933033066    
   1.978177367806285    
   1.959787257167823    
   1.942017067127952    
   1.924843480549047    
   1.908244540820518    
   1.892199033265283    
   1.876686198558658    
   1.861686276899984    
   1.847180753045203    
   1.833151720773777    
   1.819581529055177    
   1.806453367514732    
   1.793751595593211    
   1.781461081993654    
   1.769566781902223    
   1.758054359166217    
   1.746910592897558    
   1.736122688002826    
   1.725677782583132    
   1.715563599870533    
   1.705768916050488    
   1.696282847308924    
   1.687094350717332    
   1.678192978231657    
   1.669569360852960    
   1.661214290333156    
   1.653118089986734    
   1.645271597326227    
   1.637666931435826    
   1.630296462334647    
   1.623151867852062    
   1.616225124003383    
   1.609509535023020    
   1.602998718156659    
   1.596685442477095    
   1.590562644682652    
   1.584624702862420    
   1.578866369082154    
   1.573281292732986    
   1.567863069262989    
   1.562606920047690    
   1.557508692921888    
   1.552562960262587    
   1.547763891627574    
   1.543107296460466    
   1.538589823472875    
   1.534206746350584    
   1.529952705617248    
   1.525824159022491    
   1.521818730470887    
   1.517932425485592    
   1.514160023514527    
   1.510498144363083    
   1.506945235500584    
   1.503498345447381    
   1.500152706084041    
   1.496904945881690    
   1.493753816979631    
   1.490696999696115    
   1.487730142370161    
   1.484850127491626    
   1.482056315037722    
   1.479347142457342    
   1.476718419895065    
   1.474166731148224    
   1.471691666461798    
   1.469292596822696    
   1.466965959126550    
   1.464708166970317    
   1.462518676958879    
   1.460397416191582    
   1.458341452298066    
   1.456347244595238    
   1.454414203887976    
   1.452542753638177    
   1.450730529835732    
   1.448973950057494    
   1.447272213873518    
   1.445626151292757    
   1.444034083735396    
   1.442492522826717    
   1.441000362465493    
   1.439558627241059    
   1.438166291429204    
   1.436820086601726    
   1.435518593241851    
   1.434262840217653    
   1.433052359224773    
   1.431884228124395    
   1.430756840426868    
   1.429671173362629    
   1.428627197956363    
   1.427622307201154    
   1.426654692453672    
   1.425725199137208    
   1.424834209337844    
   1.423979548592303    
   1.423159312912450    
   1.422374133257231    
   1.421624627864276    
   1.420908999668974    
   1.420225307475679    
   1.419573979847630    
   1.418955824614595    
   1.418369435430392    
   1.417812900002197    
   1.417286438619579    
   1.416790974668551    
   1.416325486057159    
   1.415888163111004    
   1.415479022493673    
   1.415098981911137    
   1.414747286150483    
   1.414422217707656    
   1.414123636705832    
   1.413852503032844    
   1.413608399822075    
   1.413389761645489    
   1.413196208715718    
   1.413028513047135    
   1.412886455000963    
   1.412768771290721    
   1.412675163202564    
   1.412606394337449    
   1.412562337536492    
   1.412541780282165    
   1.412544325636772    
   1.412570727247381    
   1.412621080854941    
   1.412694332426503    
   1.412789920704914    
   1.412908375595505    
   1.413049886181486    
   1.413213694222323    
   1.413399355160936    
   1.413607294309163    
   1.413837639736427    
   1.414089707879252    
   1.414363129062353    
   1.414658362173352    
   1.414975602120490    
   1.415314228016053    
   1.415673844137286    
   1.416054890368162    
   1.416457688379384    
   1.416881766257036    
   1.417326653529217    
   1.417792542966898    
   1.418279663526576    
   1.418787745209169    
   1.419316594071171    
   1.419866505598309    
   1.420437635889343    
   1.421029602328336    
   1.421642151577285    
   1.422275615005482    
   1.422930275018305    
   1.423605868034394    
   1.424302147326671    
   1.425019384966752    
   1.425757873234211    
   1.426517422654130    
   1.427297782343649    
   1.428099119137938    
   1.428921684205192    
   1.429765401585106    
   1.430630140456476    
   1.431516021735565    
   1.432423148144634    
   1.433351410271501    
   1.434300845915790    
   1.435271804458526    
   1.436264474189257    
   1.437278635392733    
   1.438314166754946    
   1.439371410978268    
   1.440450735682582    
   1.441552090983843    
   1.442675311830257    
   1.443820533746515    
   1.444988001386562    
   1.446177746231495    
   1.447389736436355    
   1.448624100933909    
   1.449880971597940    
   1.451160348652263    
   1.452462321539114    
   1.453787162849709    
   1.455135020013488    
   1.456505790998894    
   1.457899490679318    
   1.459316457584452    
   1.460757006220136    
   1.462221153710713    
   1.463708885911348    
   1.465220419289716    
   1.466755992322544    
   1.468315647328533    
   1.469899414927809    
   1.471507483246618    
   1.473140015880676    
   1.474797040946364    
   1.476478670604518    
   1.478185165698365    
   1.479916625238861    
   1.481672903313481    
   1.483454032329481    
   1.485260444792431    
   1.487092539456351    
   1.488950286330150    
   1.490833532387326    
   1.492742481920505    
   1.494677567429786    
   1.496638977350501    
   1.498626607548088    
   1.500640433663061    
   1.502680687529168    
   1.504747642463395    
   1.506841379123071    
   1.508961817543177    
   1.511108935306816    
   1.513282931514078    
   1.515484144686840    
   1.517712779788412    
   1.519968793274264    
   1.522252129185956    
   1.524562956174033    
   1.526901518819223    
   1.529267862242980    
   1.531661905715721    
   1.534083699973120    
   1.536533383863169    
   1.539010964582284    
   1.541516391484213    
   1.544049780039252    
   1.546611295137760    
   1.549200873288442    
   1.551818342652110    
   1.554463754508386    
   1.557137282247945    
   1.559838843483039    
   1.562568165891554    
   1.565325202697258    
   1.568110124570598    
