  0.3472815659752771    
  0.3470653623496777    
  0.3468416042328053    
  0.3466103095633458    
  0.3463714953181064    
  0.3461251775236451    
  0.3458713712695985    
  0.3456100907196447    
  0.3453413491195628    
  0.3450651588026253    
  0.3447815311940873    
  0.3444904768201495    
  0.3441920053235652    
  0.3438861254779563    
  0.3435728451921855    
  0.3432521715098252    
  0.3429241106163944    
  0.3425886678553277    
  0.3422458477411022    
  0.3418956539641603    
  0.3415380893948215    
  0.3411731560916071    
  0.3408008553102456    
  0.3404211875109102    
  0.3400341523673662    
  0.3396397487778517    
  0.3392379748713459    
  0.3388288280094128    
  0.3384123047928492    
  0.3379884010755115    
  0.3375571119750398    
  0.3371184318746863    
  0.3366723544252739    
  0.3362188725556345    
  0.3357579784851693    
  0.3352896637292517    
  0.3348139191007426    
  0.3343307347161449    
  0.3338401000056854    
  0.3333420037212720    
  0.3328364339422117    
  0.3323233780815230    
  0.3318028228910173    
  0.3312747544640527    
  0.3307391582417682    
  0.3301960190257537    
  0.3296453209881975    
  0.3290870476713509    
  0.3285211819844678    
  0.3279477062119207    
  0.3273666020296670    
  0.3267778505143005    
  0.3261814321402489    
  0.3255773267779383    
  0.3249655137026753    
  0.3243459716079661    
  0.3237186786128006    
  0.3230836122625887    
  0.3224407495303631    
  0.3217900668217094    
  0.3211315399823163    
  0.3204651443061632    
  0.3197908545422035    
  0.3191086448978785    
  0.3184184890409951    
  0.3177203601037940    
  0.3170142306900804    
  0.3163000728823925    
  0.3155778582472988    
  0.3148475578401727    
  0.3141091422101549    
  0.3133625814039909    
  0.3126078449693118    
  0.3118449019605829    
  0.3110737209479729    
  0.3102942700243143    
  0.3095065168069927    
  0.3087104284388865    
  0.3079059715945149    
  0.3070931124906530    
  0.3062718168943896    
  0.3054420501249114    
  0.3046037770537334    
  0.3037569621104020    
  0.3029015692937174    
  0.3020375621813742    
  0.3011649039328268    
  0.3002835572889497    
  0.2993934845764218    
  0.2984946477189098    
  0.2975870082484900    
  0.2966705273106084    
  0.2957451656643796    
  0.2948108836861256    
  0.2938676413799028    
  0.2929153983898858    
  0.2919541140072142    
  0.2909837471712353    
  0.2900042564727238    
  0.2890156001646058    
  0.2880177361758779    
  0.2870106221198018    
  0.2859942152952076    
  0.2849684726900792    
  0.2839333509941728    
  0.2828888066143834    
  0.2818347956820174    
  0.2807712740534608    
  0.2796981973170183    
  0.2786155208102469    
  0.2775231996353260    
  0.2764211886620471    
  0.2753094425281192    
  0.2741879156531029    
  0.2730565622618872    
  0.2719153363969815    
  0.2707641919150483    
  0.2696030824896208    
  0.2684319616351991    
  0.2672507827347571    
  0.2660594990454618    
  0.2648580636912164    
  0.2636464296733765    
  0.2624245499041580    
  0.2611923772314404    
  0.2599498644369408    
  0.2586969642322857    
  0.2574336292813607    
  0.2561598122363525    
  0.2548754657550999    
  0.2535805424986990    
  0.2522749951384258    
  0.2509587763838070    
  0.2496318390117321    
  0.2482941358800811    
  0.2469456199357198    
  0.2455862442316812    
  0.2442159619515416    
  0.2428347264320767    
  0.2414424911827834    
  0.2400392099038725    
  0.2386248365031985    
  0.2371993251170653    
  0.2357626301391566    
  0.2343147062482221    
  0.2328555084228474    
  0.2313849919537651    
  0.2299031124744932    
  0.2284098260030931    
  0.2269050889656877    
  0.2253888582012348    
  0.2238610909828589    
  0.2223217450670209    
  0.2207707787334134    
  0.2192081507923281    
  0.2176338205942376    
  0.2160477480764731    
  0.2144498938187773    
  0.2128402190627460    
  0.2112186857131015    
  0.2095852563728199    
  0.2079398944075867    
  0.2062825639851961    
  0.2046132300798955    
  0.2029318584927847    
  0.2012384159113420    
  0.1995328699649654    
  0.1978151892443562    
  0.1960853433173348    
  0.1943433027777555    
  0.1925890393053238    
  0.1908225256989425    
  0.1890437358970057    
  0.1872526450207641    
  0.1854492294342251    
  0.1836334667864480    
  0.1818053360368627    
  0.1799648174954119    
  0.1781118928823318    
  0.1762465453790582    
  0.1743687596604108    
  0.1724785219320984    
  0.1705758199871237    
  0.1686606432624692    
  0.1667329828803737    
  0.1647928316872980    
  0.1628401843067438    
  0.1608750371978121    
  0.1588973887035486    
  0.1569072390924603    
  0.1549045906081951    
  0.1528894475291015    
  0.1508618162251129    
  0.1488217052052928    
  0.1467691251635432    
  0.1447040890318831    
  0.1426266120400177    
  0.1405367117725827    
  0.1384344082201596    
  0.1363197238293783    
  0.1341926835580220    
  0.1320533149329415    
  0.1299016481049532    
  0.1277377159014606    
  0.1255615538819989    
  0.1233732003958142    
  0.1211726966356512    
  0.1189600866888730    
  0.1167354175931632    
  0.1144987393961205    
  0.1122501052095211    
  0.1099895712573039    
  0.1077171969276346    
  0.1054330448321477    
  0.1031371808615232    
  0.1008296742319883    
  0.9851059753292421E-01
  0.9618002678264502E-01
  0.9383804148297538E-01
  0.9148472466422257E-01
  0.8912016292865253E-01
  0.8674444650146804E-01
  0.8435766928196145E-01
  0.8195992888534469E-01
  0.7955132668178443E-01
  0.7713196784238005E-01
  0.7470196138573067E-01
  0.7226142021461290E-01
  0.6981046114852012E-01
  0.6734920496328303E-01
  0.6487777643233292E-01
  0.6239630435701246E-01
  0.5990492159016211E-01
  0.5740376506700997E-01
  0.5489297584120730E-01
  0.5237269911089795E-01
  0.4984308423322335E-01
  0.4730428474107035E-01
  0.4475645836667622E-01
  0.4219976706139810E-01
  0.3963437700563930E-01
  0.3706045861570193E-01
  0.3447818655232580E-01
  0.3188773972687804E-01
  0.2928930130258663E-01
  0.2668305869316103E-01
  0.2406920355807151E-01
  0.2144793179199522E-01
  0.1881944351231150E-01
  0.1618394304896799E-01
  0.1354163893024302E-01
  0.1089274385651611E-01
  0.8237474668908633E-02
  0.5576052324344986E-02
  0.2908701871222167E-02
  0.2356524107932358E-03
 -0.2442862952604267E-02
 -0.5126607155276492E-02
 -0.7815339211597310E-02
 -0.1050881426348479E-01
 -0.1320678364649976E-01
 -0.1590899495450107E-01
 -0.1861519209413845E-01
 -0.2132511534538420E-01
 -0.2403850144077031E-01
 -0.2675508365072614E-01
 -0.2947459185979273E-01
 -0.3219675264134598E-01
 -0.3492128934644764E-01
 -0.3764792220421954E-01
 -0.4037636842015801E-01
 -0.4310634227104910E-01
 -0.4583755520630572E-01
 -0.4856971595867645E-01
 -0.5130253065859377E-01
 -0.5403570294955842E-01
 -0.5676893410692065E-01
 -0.5950192316049287E-01
 -0.6223436702030612E-01
 -0.6496596060735693E-01
 -0.6769639698951532E-01
 -0.7042536751825319E-01
 -0.7315256196508706E-01
 -0.7587766866344277E-01
 -0.7860037465824361E-01
 -0.8132036585645605E-01
 -0.8403732717461106E-01
 -0.8675094268995934E-01
 -0.8946089580016413E-01
 -0.9216686938432131E-01
 -0.9486854595874189E-01
 -0.9756560783448384E-01
 -0.1002577372848845    
 -0.1029446167162425    
 -0.1056259288308633    
 -0.1083013567874151    
 -0.1109705843708126    
 -0.1136332961682624    
 -0.1162891777374790    
 -0.1189379157677780    
 -0.1215791982491167    
 -0.1242127146508880    
 -0.1268381560936125    
 -0.1294552155068072    
 -0.1320635877896360    
 -0.1346629699863162    
 -0.1372530614617467    
 -0.1398335640596080    
 -0.1424041822520135    
 -0.1449646233010417    
 -0.1475145974286383    
 -0.1500538179734823    
 -0.1525820015328234    
 -0.1550988681099424    
 -0.1576041412732692    
 -0.1600975483063137    
 -0.1625788203370040    
 -0.1650476924659330    
 -0.1675039039106862    
 -0.1699471981495689    
 -0.1723773230414169    
 -0.1747940309319069    
 -0.1771970787730699    
 -0.1795862282525985    
 -0.1819612459055234    
 -0.1843219032046195    
 -0.1866679766548875    
 -0.1889992479002409    
 -0.1913155038192416    
 -0.1936165365984041    
 -0.1959021438045071    
 -0.1981721284703269    
 -0.2004262991733568    
 -0.2026644700887415    
 -0.2048864610345933    
 -0.2070920975332170    
 -0.2092812108745558    
 -0.2114536381543860    
 -0.2136092222942625    
 -0.2157478120717770    
 -0.2178692621614572    
 -0.2199734331599057    
 -0.2220601915892127    
 -0.2241294099007274    
 -0.2261809664881568    
 -0.2282147456925251    
 -0.2302306377897575    
 -0.2322285389752845    
 -0.2342083513543488    
 -0.2361699829251436    
 -0.2381133475466902    
 -0.2400383649042894    
 -0.2419449604817897    
 -0.2438330655283285    
 -0.2457026170082977    
 -0.2475535575452542    
 -0.2493858353737771    
 -0.2511994042927051    
 -0.2529942236051210    
 -0.2547702580466790    
 -0.2565274777153757    
 -0.2582658580062150    
 -0.2599853795424588    
 -0.2616860280976400    
 -0.2633677945109577    
 -0.2650306746017543    
 -0.2666746690866130    
 -0.2682997834970707    
 -0.2699060280907689    
 -0.2714934177530296    
 -0.2730619718974864    
 -0.2746117143745257    
 -0.2761426733807933    
 -0.2776548813571192    
 -0.2791483748788518    
 -0.2806231945539057    
 -0.2820793849282575    
 -0.2835169943828638    
 -0.2849360750194577    
 -0.2863366825517435    
 -0.2877188762077630    
 -0.2890827186274465    
 -0.2904282757468367    
 -0.2917556166841019    
 -0.2930648136389989    
 -0.2943559417931813    
 -0.2956290791979864    
 -0.2968843066594439    
 -0.2981217076346221    
 -0.2993413681325804    
 -0.3005433766068182    
 -0.3017278238442981    
 -0.3028948028631128    
 -0.3040444088146800    
 -0.3051767388795678    
 -0.3062918921611154    
 -0.3073899695874477    
 -0.3084710738176960    
 -0.3095353091419418    
 -0.3105827813794087    
 -0.3116135977861252    
 -0.3126278669675239    
 -0.3136256987835832    
 -0.3146072042506153    
 -0.3155724954541442    
 -0.3165216854707262    
 -0.3174548882825984    
 -0.3183722186837293    
 -0.3192737921936336    
 -0.3201597249850576    
 -0.3210301338118022    
 -0.3218851359268627    
 -0.3227248489996692    
 -0.3235493910432347    
 -0.3243588803480381    
 -0.3251534354140383    
 -0.3259331748800139    
 -0.3266982174546863    
 -0.3274486818519642    
 -0.3281846867303239    
 -0.3289063506348481    
 -0.3296137919380525    
 -0.3303071287782050    
 -0.3309864790013086    
 -0.3316519601122632    
 -0.3323036892291141    
 -0.3329417830304195    
 -0.3335663576987601    
 -0.3341775288730521    
 -0.3347754116115577    
 -0.3353601203533135    
 -0.3359317688711971    
 -0.3364904702255317    
 -0.3370363367277311    
 -0.3375694799099169    
 -0.3380900104908641    
 -0.3385980383376503    
 -0.3390936724303393    
 -0.3395770208336580    
 -0.3400481906719874    
 -0.3405072881020814    
 -0.3409544182827360    
 -0.3413896853464197    
 -0.3418131923776859    
 -0.3422250413959464    
 -0.3426253333350460    
 -0.3430141680179815    
 -0.3433916441345622    
 -0.3437578592275832    
 -0.3441129096816345    
 -0.3444568907064989    
 -0.3447898963177916    
 -0.3451120193232107    
 -0.3454233513145669    
 -0.3457239826583607    
 -0.3460140024826816    
 -0.3462934986655286    
 -0.3465625578276653    
 -0.3468212653276010    
 -0.3470697052560387    
 -0.3473079604292257    
 -0.3475361123811463    
 -0.3477542413566749    
 -0.3479624263101135    
 -0.3481607449084095    
 -0.3483492735305647    
 -0.3485280872591676    
 -0.3486972598733609    
 -0.3488568638530269    
 -0.3490069703881738    
 -0.3491476493801958    
 -0.3492789694350746    
 -0.3494009978609313    
 -0.3495138006748450    
 -0.3496174426109996    
 -0.3497119871238407    
 -0.3497974963890425    
 -0.3498740313059170    
 -0.3499416515010919    
 -0.3500004153342655    
 -0.3500503799072247    
 -0.3500916010717175    
 -0.3501241334311547    
 -0.3501480303411671    
 -0.3501633439184978    
 -0.3501701250557041    
 -0.3501684234291893    
 -0.3501582874983039    
 -0.3501397645080296    
 -0.3501129005026314    
 -0.3500777403409994    
 -0.3500343277028725    
 -0.3499827050894999    
 -0.3499229138293377    
 -0.3498549940909352    
 -0.3497789848964734    
 -0.3496949241309427    
 -0.3496028485475446    
 -0.3495027937727164    
 -0.3493947943143939    
 -0.3492788835746545    
 -0.3491550938629986    
 -0.3490234564052214    
 -0.3488840013484341    
 -0.3487367577676905    
 -0.3485817536766739    
 -0.3484190160396690    
 -0.3482485707823255    
 -0.3480704428012405    
 -0.3478846559719024    
 -0.3476912331547812    
 -0.3474901962030416    
 -0.3472815659752771    
 -0.3470653623496777    
 -0.3468416042328053    
 -0.3466103095633458    
 -0.3463714953181064    
 -0.3461251775236451    
 -0.3458713712695985    
 -0.3456100907196447    
 -0.3453413491195628    
 -0.3450651588026253    
 -0.3447815311940873    
 -0.3444904768201495    
 -0.3441920053235652    
 -0.3438861254779563    
 -0.3435728451921855    
 -0.3432521715098252    
 -0.3429241106163944    
 -0.3425886678553277    
 -0.3422458477411022    
 -0.3418956539641603    
 -0.3415380893948215    
 -0.3411731560916071    
 -0.3408008553102456    
 -0.3404211875109102    
 -0.3400341523673662    
 -0.3396397487778517    
 -0.3392379748713459    
 -0.3388288280094128    
 -0.3384123047928492    
 -0.3379884010755115    
 -0.3375571119750398    
 -0.3371184318746863    
 -0.3366723544252739    
 -0.3362188725556345    
 -0.3357579784851693    
 -0.3352896637292517    
 -0.3348139191007426    
 -0.3343307347161449    
 -0.3338401000056854    
 -0.3333420037212720    
 -0.3328364339422117    
 -0.3323233780815230    
 -0.3318028228910173    
 -0.3312747544640527    
 -0.3307391582417682    
 -0.3301960190257537    
 -0.3296453209881975    
 -0.3290870476713509    
 -0.3285211819844678    
 -0.3279477062119207    
 -0.3273666020296670    
 -0.3267778505143005    
 -0.3261814321402489    
 -0.3255773267779383    
 -0.3249655137026753    
 -0.3243459716079661    
 -0.3237186786128006    
 -0.3230836122625887    
 -0.3224407495303631    
 -0.3217900668217094    
 -0.3211315399823163    
 -0.3204651443061632    
 -0.3197908545422035    
 -0.3191086448978785    
 -0.3184184890409951    
 -0.3177203601037940    
 -0.3170142306900804    
 -0.3163000728823925    
 -0.3155778582472988    
 -0.3148475578401727    
 -0.3141091422101549    
 -0.3133625814039909    
 -0.3126078449693118    
 -0.3118449019605829    
 -0.3110737209479729    
 -0.3102942700243143    
 -0.3095065168069927    
 -0.3087104284388865    
 -0.3079059715945149    
 -0.3070931124906530    
 -0.3062718168943896    
 -0.3054420501249114    
 -0.3046037770537334    
 -0.3037569621104020    
 -0.3029015692937174    
 -0.3020375621813742    
 -0.3011649039328268    
 -0.3002835572889497    
 -0.2993934845764218    
 -0.2984946477189098    
 -0.2975870082484900    
 -0.2966705273106084    
 -0.2957451656643796    
 -0.2948108836861256    
 -0.2938676413799028    
 -0.2929153983898858    
 -0.2919541140072142    
 -0.2909837471712353    
 -0.2900042564727238    
 -0.2890156001646058    
 -0.2880177361758779    
 -0.2870106221198018    
 -0.2859942152952076    
 -0.2849684726900792    
 -0.2839333509941728    
 -0.2828888066143834    
 -0.2818347956820174    
 -0.2807712740534608    
 -0.2796981973170183    
 -0.2786155208102469    
 -0.2775231996353260    
 -0.2764211886620471    
 -0.2753094425281192    
 -0.2741879156531029    
 -0.2730565622618872    
 -0.2719153363969815    
 -0.2707641919150483    
 -0.2696030824896208    
 -0.2684319616351991    
 -0.2672507827347571    
 -0.2660594990454618    
 -0.2648580636912164    
 -0.2636464296733765    
 -0.2624245499041580    
 -0.2611923772314404    
 -0.2599498644369408    
 -0.2586969642322857    
 -0.2574336292813607    
 -0.2561598122363525    
 -0.2548754657550999    
 -0.2535805424986990    
 -0.2522749951384258    
 -0.2509587763838070    
 -0.2496318390117321    
 -0.2482941358800811    
 -0.2469456199357198    
 -0.2455862442316812    
 -0.2442159619515416    
 -0.2428347264320767    
 -0.2414424911827834    
 -0.2400392099038725    
 -0.2386248365031985    
 -0.2371993251170653    
 -0.2357626301391566    
 -0.2343147062482221    
 -0.2328555084228474    
 -0.2313849919537651    
 -0.2299031124744932    
 -0.2284098260030931    
 -0.2269050889656877    
 -0.2253888582012348    
 -0.2238610909828589    
 -0.2223217450670209    
 -0.2207707787334134    
 -0.2192081507923281    
 -0.2176338205942376    
 -0.2160477480764731    
 -0.2144498938187773    
 -0.2128402190627460    
 -0.2112186857131015    
 -0.2095852563728199    
 -0.2079398944075867    
 -0.2062825639851961    
 -0.2046132300798955    
 -0.2029318584927847    
 -0.2012384159113420    
 -0.1995328699649654    
 -0.1978151892443562    
 -0.1960853433173348    
 -0.1943433027777555    
 -0.1925890393053238    
 -0.1908225256989425    
 -0.1890437358970057    
 -0.1872526450207641    
 -0.1854492294342251    
 -0.1836334667864480    
 -0.1818053360368627    
 -0.1799648174954119    
 -0.1781118928823318    
 -0.1762465453790582    
 -0.1743687596604108    
 -0.1724785219320984    
 -0.1705758199871237    
 -0.1686606432624692    
 -0.1667329828803737    
 -0.1647928316872980    
 -0.1628401843067438    
 -0.1608750371978121    
 -0.1588973887035486    
 -0.1569072390924603    
 -0.1549045906081951    
 -0.1528894475291015    
 -0.1508618162251129    
 -0.1488217052052928    
 -0.1467691251635432    
 -0.1447040890318831    
 -0.1426266120400177    
 -0.1405367117725827    
 -0.1384344082201596    
 -0.1363197238293783    
 -0.1341926835580220    
 -0.1320533149329415    
 -0.1299016481049532    
 -0.1277377159014606    
 -0.1255615538819989    
 -0.1233732003958142    
 -0.1211726966356512    
 -0.1189600866888730    
 -0.1167354175931632    
 -0.1144987393961205    
 -0.1122501052095211    
 -0.1099895712573039    
 -0.1077171969276346    
 -0.1054330448321477    
 -0.1031371808615232    
 -0.1008296742319883    
 -0.9851059753292421E-01
 -0.9618002678264502E-01
 -0.9383804148297538E-01
 -0.9148472466422257E-01
 -0.8912016292865253E-01
 -0.8674444650146804E-01
 -0.8435766928196145E-01
 -0.8195992888534469E-01
 -0.7955132668178443E-01
 -0.7713196784238005E-01
 -0.7470196138573067E-01
 -0.7226142021461290E-01
 -0.6981046114852012E-01
 -0.6734920496328303E-01
 -0.6487777643233292E-01
 -0.6239630435701246E-01
 -0.5990492159016211E-01
 -0.5740376506700997E-01
 -0.5489297584120730E-01
 -0.5237269911089795E-01
 -0.4984308423322335E-01
 -0.4730428474107035E-01
 -0.4475645836667622E-01
 -0.4219976706139810E-01
 -0.3963437700563930E-01
 -0.3706045861570193E-01
 -0.3447818655232580E-01
 -0.3188773972687804E-01
 -0.2928930130258663E-01
 -0.2668305869316103E-01
 -0.2406920355807151E-01
 -0.2144793179199522E-01
 -0.1881944351231150E-01
 -0.1618394304896799E-01
 -0.1354163893024302E-01
 -0.1089274385651611E-01
 -0.8237474668908633E-02
 -0.5576052324344986E-02
 -0.2908701871222167E-02
 -0.2356524107932358E-03
  0.2442862952604267E-02
  0.5126607155276492E-02
  0.7815339211597310E-02
  0.1050881426348479E-01
  0.1320678364649976E-01
  0.1590899495450107E-01
  0.1861519209413845E-01
  0.2132511534538420E-01
  0.2403850144077031E-01
  0.2675508365072614E-01
  0.2947459185979273E-01
  0.3219675264134598E-01
  0.3492128934644764E-01
  0.3764792220421954E-01
  0.4037636842015801E-01
  0.4310634227104910E-01
  0.4583755520630572E-01
  0.4856971595867645E-01
  0.5130253065859377E-01
  0.5403570294955842E-01
  0.5676893410692065E-01
  0.5950192316049287E-01
  0.6223436702030612E-01
  0.6496596060735693E-01
  0.6769639698951532E-01
  0.7042536751825319E-01
  0.7315256196508706E-01
  0.7587766866344277E-01
  0.7860037465824361E-01
  0.8132036585645605E-01
  0.8403732717461106E-01
  0.8675094268995934E-01
  0.8946089580016413E-01
  0.9216686938432131E-01
  0.9486854595874189E-01
  0.9756560783448384E-01
  0.1002577372848845    
  0.1029446167162425    
  0.1056259288308633    
  0.1083013567874151    
  0.1109705843708126    
  0.1136332961682624    
  0.1162891777374790    
  0.1189379157677780    
  0.1215791982491167    
  0.1242127146508880    
  0.1268381560936125    
  0.1294552155068072    
  0.1320635877896360    
  0.1346629699863162    
  0.1372530614617467    
  0.1398335640596080    
  0.1424041822520135    
  0.1449646233010417    
  0.1475145974286383    
  0.1500538179734823    
  0.1525820015328234    
  0.1550988681099424    
  0.1576041412732692    
  0.1600975483063137    
  0.1625788203370040    
  0.1650476924659330    
  0.1675039039106862    
  0.1699471981495689    
  0.1723773230414169    
  0.1747940309319069    
  0.1771970787730699    
  0.1795862282525985    
  0.1819612459055234    
  0.1843219032046195    
  0.1866679766548875    
  0.1889992479002409    
  0.1913155038192416    
  0.1936165365984041    
  0.1959021438045071    
  0.1981721284703269    
  0.2004262991733568    
  0.2026644700887415    
  0.2048864610345933    
  0.2070920975332170    
  0.2092812108745558    
  0.2114536381543860    
  0.2136092222942625    
  0.2157478120717770    
  0.2178692621614572    
  0.2199734331599057    
  0.2220601915892127    
  0.2241294099007274    
  0.2261809664881568    
  0.2282147456925251    
  0.2302306377897575    
  0.2322285389752845    
  0.2342083513543488    
  0.2361699829251436    
  0.2381133475466902    
  0.2400383649042894    
  0.2419449604817897    
  0.2438330655283285    
  0.2457026170082977    
  0.2475535575452542    
  0.2493858353737771    
  0.2511994042927051    
  0.2529942236051210    
  0.2547702580466790    
  0.2565274777153757    
  0.2582658580062150    
  0.2599853795424588    
  0.2616860280976400    
  0.2633677945109577    
  0.2650306746017543    
  0.2666746690866130    
  0.2682997834970707    
  0.2699060280907689    
  0.2714934177530296    
  0.2730619718974864    
  0.2746117143745257    
  0.2761426733807933    
  0.2776548813571192    
  0.2791483748788518    
  0.2806231945539057    
  0.2820793849282575    
  0.2835169943828638    
  0.2849360750194577    
  0.2863366825517435    
  0.2877188762077630    
  0.2890827186274465    
  0.2904282757468367    
  0.2917556166841019    
  0.2930648136389989    
  0.2943559417931813    
  0.2956290791979864    
  0.2968843066594439    
  0.2981217076346221    
  0.2993413681325804    
  0.3005433766068182    
  0.3017278238442981    
  0.3028948028631128    
  0.3040444088146800    
  0.3051767388795678    
  0.3062918921611154    
  0.3073899695874477    
  0.3084710738176960    
  0.3095353091419418    
  0.3105827813794087    
  0.3116135977861252    
  0.3126278669675239    
  0.3136256987835832    
  0.3146072042506153    
  0.3155724954541442    
  0.3165216854707262    
  0.3174548882825984    
  0.3183722186837293    
  0.3192737921936336    
  0.3201597249850576    
  0.3210301338118022    
  0.3218851359268627    
  0.3227248489996692    
  0.3235493910432347    
  0.3243588803480381    
  0.3251534354140383    
  0.3259331748800139    
  0.3266982174546863    
  0.3274486818519642    
  0.3281846867303239    
  0.3289063506348481    
  0.3296137919380525    
  0.3303071287782050    
  0.3309864790013086    
  0.3316519601122632    
  0.3323036892291141    
  0.3329417830304195    
  0.3335663576987601    
  0.3341775288730521    
  0.3347754116115577    
  0.3353601203533135    
  0.3359317688711971    
  0.3364904702255317    
  0.3370363367277311    
  0.3375694799099169    
  0.3380900104908641    
  0.3385980383376503    
  0.3390936724303393    
  0.3395770208336580    
  0.3400481906719874    
  0.3405072881020814    
  0.3409544182827360    
  0.3413896853464197    
  0.3418131923776859    
  0.3422250413959464    
  0.3426253333350460    
  0.3430141680179815    
  0.3433916441345622    
  0.3437578592275832    
  0.3441129096816345    
  0.3444568907064989    
  0.3447898963177916    
  0.3451120193232107    
  0.3454233513145669    
  0.3457239826583607    
  0.3460140024826816    
  0.3462934986655286    
  0.3465625578276653    
  0.3468212653276010    
  0.3470697052560387    
  0.3473079604292257    
  0.3475361123811463    
  0.3477542413566749    
  0.3479624263101135    
  0.3481607449084095    
  0.3483492735305647    
  0.3485280872591676    
  0.3486972598733609    
  0.3488568638530269    
  0.3490069703881738    
  0.3491476493801958    
  0.3492789694350746    
  0.3494009978609313    
  0.3495138006748450    
  0.3496174426109996    
  0.3497119871238407    
  0.3497974963890425    
  0.3498740313059170    
  0.3499416515010919    
  0.3500004153342655    
  0.3500503799072247    
  0.3500916010717175    
  0.3501241334311547    
  0.3501480303411671    
  0.3501633439184978    
  0.3501701250557041    
  0.3501684234291893    
  0.3501582874983039    
  0.3501397645080296    
  0.3501129005026314    
  0.3500777403409994    
  0.3500343277028725    
  0.3499827050894999    
  0.3499229138293377    
  0.3498549940909352    
  0.3497789848964734    
  0.3496949241309427    
  0.3496028485475446    
  0.3495027937727164    
  0.3493947943143939    
  0.3492788835746545    
  0.3491550938629986    
  0.3490234564052214    
  0.3488840013484341    
  0.3487367577676905    
  0.3485817536766739    
  0.3484190160396690    
  0.3482485707823255    
  0.3480704428012405    
  0.3478846559719024    
  0.3476912331547812    
  0.3474901962030416    
