  0.3268029625897770    
  0.3293347116762409    
  0.3319063694589304    
  0.3345187738495276    
  0.3371727640388950    
  0.3398692248923292    
  0.3426091077049896    
  0.3453933948238377    
  0.3482230777400686    
  0.3510991884395200    
  0.3540228259650313    
  0.3569951344417587    
  0.3600172795865922    
  0.3630904685129432    
  0.3662159753286006    
  0.3693951284601021    
  0.3726292894479408    
  0.3759198659502068    
  0.3792683359687326    
  0.3826762421477905    
  0.3861451724345887    
  0.3896767655926441    
  0.3932727318037664    
  0.3969348543877991    
  0.4006649770503625    
  0.4044650041591497    
  0.4083369123508462    
  0.4122827530645667    
  0.4163046480150528    
  0.4204047916868446    
  0.4245854556648124    
  0.4288489844910044    
  0.4331977923910764    
  0.4376343698544998    
  0.4421612865264508    
  0.4467811801098759    
  0.4514967470370559    
  0.4563107468319761    
  0.4612260028808289    
  0.4662453849765490    
  0.4713717900227309    
  0.4766081363853107    
  0.4819573556207852    
  0.4874223642158315    
  0.4930060289490500    
  0.4987111411785576    
  0.5045403848796393    
  0.5104962814470717    
  0.5165811243882809    
  0.5227969178651128    
  0.5291453011579677    
  0.5356274392370387    
  0.5422438923633197    
  0.5489944804368960    
  0.5558781232886207    
  0.5628926316871384    
  0.5700344565771962    
  0.5772984118600355    
  0.5846773549315436    
  0.5921618002913163    
  0.5997394693951317    
  0.6073947871628809    
  0.6151083108797033    
  0.6228560775426035    
  0.6306088881546982    
  0.6383315528087031    
  0.6459820963611049    
  0.6535109382977944    
  0.6608601147763671    
  0.6679626307770419    
  0.6747420093244278    
  0.6811121237920634    
  0.6869774675766107    
  0.6922340397641167    
  0.6967709782433784    
  0.7004730359307227    
  0.7032239922279335    
  0.7049110224445083    
  0.7054298759171101    
  0.7046905421459528    
  0.7026229814248253    
  0.6991824035028693    
  0.6943534794669651    
  0.6881528900293359    
  0.6806298184950466    
  0.6718642784630798    
  0.6619634066701311    
  0.6510560770954632    
  0.6392864290814995    
  0.6268070328039199    
  0.6137723428083126    
  0.6003329104179764    
  0.5866306784235124    
  0.5727955478967790    
  0.5589432190411121    
  0.5451741379426307    
  0.5315733367431731    
  0.5182109831180708    
  0.5051434398547423    
  0.4924146071415091    
  0.4800573766794159    
  0.4680951223059462    
  0.4565431685675744    
  0.4454101465370542    
  0.4346991834442525    
  0.4244089545600578    
  0.4145346273944289    
  0.4050686661096172    
  0.3960014713025085    
  0.3873219051394710    
  0.3790177579579357    
  0.3710761379059554    
  0.3634837494322292    
  0.3562270990598093    
  0.3492926899480872    
  0.3426671932932214    
  0.3363375486137819    
  0.3302910120230881    
  0.3245152160307876    
  0.3189982422107028    
  0.3137286516380881    
  0.3086954681352139    
  0.3038881724682207    
  0.2992967283867275    
  0.2949115937108139    
  0.2907236901932760    
  0.2867243705104308    
  0.2829054145875831    
  0.2792590310623100    
  0.2757778354290755    
  0.2724548201882233    
  0.2692833390609256    
  0.2662570947423401    
  0.2633701168027466    
  0.2606167430034751    
  0.2579916132999537    
  0.2554896572490251    
  0.2531060630231925    
  0.2508362519402603    
  0.2486758794937979    
  0.2466208421930688    
  0.2446672595471012    
  0.2428114390854092    
  0.2410498567758996    
  0.2393791618949917    
  0.2377961850379001    
  0.2362979291647463    
  0.2348815443872415    
  0.2335443033703388    
  0.2322835963173167    
  0.2310969463032348    
  0.2299820180410438    
  0.2289365953778671    
  0.2279585458383870    
  0.2270458152528094    
  0.2261964548113037    
  0.2254086323552821    
  0.2246806018776054    
  0.2240106704571911    
  0.2233972069418844    
  0.2228386721408629    
  0.2223336180603079    
  0.2218806526810027    
  0.2214784182930564    
  0.2211256091131273    
  0.2208209972353020    
  0.2205634275363438    
  0.2203517863609633    
  0.2201849819077630    
  0.2200619580949978    
  0.2199817223883491    
  0.2199433497365615    
  0.2199459521518672    
  0.2199886485485716    
  0.2200705746851232    
  0.2201909223781739    
  0.2203489536842771    
  0.2205439652080793    
  0.2207752463856393    
  0.2210420869451496    
  0.2213438233675596    
  0.2216798622338080    
  0.2220496500496772    
  0.2224526280665670    
  0.2228882261232433    
  0.2233558985899134    
  0.2238551565243498    
  0.2243855591186811    
  0.2249466776112847    
  0.2255380750367012    
  0.2261593215738737    
  0.2268100202695847    
  0.2274898106024198    
  0.2281983533101530    
  0.2289353223498729    
  0.2297004080482612    
  0.2304933141333197    
  0.2313137504044227    
  0.2321614423830428    
  0.2330361523274631    
  0.2339376756074812    
  0.2348658076435522    
  0.2358203286432048    
  0.2368010339288167    
  0.2378077669243556    
  0.2388404039700001    
  0.2398988132464178    
  0.2409828490588070    
  0.2420923869598472    
  0.2432273453892161    
  0.2443876652141805    
  0.2455732808499277    
  0.2467841219917640    
  0.2480201387224421    
  0.2492813162000910    
  0.2505676626737842    
  0.2518791852463560    
  0.2532158822533150    
  0.2545777658460919    
  0.2559648897642059    
  0.2573773411091461    
  0.2588151996478003    
  0.2602785219700386    
  0.2617673804283825    
  0.2632819039362390    
  0.2648222582254786    
  0.2663885925660843    
  0.2679810314716923    
  0.2695997212489667    
  0.2712448616500651    
  0.2729166827424893    
  0.2746154076753652    
  0.2763412498074489    
  0.2780944373630865    
  0.2798752330917488    
  0.2816839344560933    
  0.2835208557828098    
  0.2853863057008701    
  0.2872805889971548    
  0.2892040417589827    
  0.2911570540690157    
  0.2931400381590627    
  0.2951533847773259    
  0.2971974818833764    
  0.2992727731163202    
  0.3013797602384939    
  0.3035189417164227    
  0.3056907906230237    
  0.3078958124746764    
  0.3101345863796298    
  0.3124077201979310    
  0.3147157989789413    
  0.3170594162008556    
  0.3194392317633699    
  0.3218559569202165    
  0.3243102982770310    
  0.3268029625897770    
  0.3293347116762409    
  0.3319063694589304    
  0.3345187738495276    
  0.3371727640388950    
  0.3398692248923292    
  0.3426091077049896    
  0.3453933948238377    
  0.3482230777400686    
  0.3510991884395200    
  0.3540228259650313    
  0.3569951344417587    
  0.3600172795865922    
  0.3630904685129432    
  0.3662159753286006    
  0.3693951284601021    
  0.3726292894479408    
  0.3759198659502068    
  0.3792683359687326    
  0.3826762421477905    
  0.3861451724345887    
  0.3896767655926441    
  0.3932727318037664    
  0.3969348543877991    
  0.4006649770503625    
  0.4044650041591497    
  0.4083369123508462    
  0.4122827530645667    
  0.4163046480150528    
  0.4204047916868446    
  0.4245854556648124    
  0.4288489844910044    
  0.4331977923910764    
  0.4376343698544998    
  0.4421612865264508    
  0.4467811801098759    
  0.4514967470370559    
  0.4563107468319761    
  0.4612260028808289    
  0.4662453849765490    
  0.4713717900227309    
  0.4766081363853107    
  0.4819573556207852    
  0.4874223642158315    
  0.4930060289490500    
  0.4987111411785576    
  0.5045403848796393    
  0.5104962814470717    
  0.5165811243882809    
  0.5227969178651128    
  0.5291453011579677    
  0.5356274392370387    
  0.5422438923633197    
  0.5489944804368960    
  0.5558781232886207    
  0.5628926316871384    
  0.5700344565771962    
  0.5772984118600355    
  0.5846773549315436    
  0.5921618002913163    
  0.5997394693951317    
  0.6073947871628809    
  0.6151083108797033    
  0.6228560775426035    
  0.6306088881546982    
  0.6383315528087031    
  0.6459820963611049    
  0.6535109382977944    
  0.6608601147763671    
  0.6679626307770419    
  0.6747420093244278    
  0.6811121237920634    
  0.6869774675766107    
  0.6922340397641167    
  0.6967709782433784    
  0.7004730359307227    
  0.7032239922279335    
  0.7049110224445083    
  0.7054298759171101    
  0.7046905421459528    
  0.7026229814248253    
  0.6991824035028693    
  0.6943534794669651    
  0.6881528900293359    
  0.6806298184950466    
  0.6718642784630798    
  0.6619634066701311    
  0.6510560770954632    
  0.6392864290814995    
  0.6268070328039199    
  0.6137723428083126    
  0.6003329104179764    
  0.5866306784235124    
  0.5727955478967790    
  0.5589432190411121    
  0.5451741379426307    
  0.5315733367431731    
  0.5182109831180708    
  0.5051434398547423    
  0.4924146071415091    
  0.4800573766794159    
  0.4680951223059462    
  0.4565431685675744    
  0.4454101465370542    
  0.4346991834442525    
  0.4244089545600578    
  0.4145346273944289    
  0.4050686661096172    
  0.3960014713025085    
  0.3873219051394710    
  0.3790177579579357    
  0.3710761379059554    
  0.3634837494322292    
  0.3562270990598093    
  0.3492926899480872    
  0.3426671932932214    
  0.3363375486137819    
  0.3302910120230881    
  0.3245152160307876    
  0.3189982422107028    
  0.3137286516380881    
  0.3086954681352139    
  0.3038881724682207    
  0.2992967283867275    
  0.2949115937108139    
  0.2907236901932760    
  0.2867243705104308    
  0.2829054145875831    
  0.2792590310623100    
  0.2757778354290755    
  0.2724548201882233    
  0.2692833390609256    
  0.2662570947423401    
  0.2633701168027466    
  0.2606167430034751    
  0.2579916132999537    
  0.2554896572490251    
  0.2531060630231925    
  0.2508362519402603    
  0.2486758794937979    
  0.2466208421930688    
  0.2446672595471012    
  0.2428114390854092    
  0.2410498567758996    
  0.2393791618949917    
  0.2377961850379001    
  0.2362979291647463    
  0.2348815443872415    
  0.2335443033703388    
  0.2322835963173167    
  0.2310969463032348    
  0.2299820180410438    
  0.2289365953778671    
  0.2279585458383870    
  0.2270458152528094    
  0.2261964548113037    
  0.2254086323552821    
  0.2246806018776054    
  0.2240106704571911    
  0.2233972069418844    
  0.2228386721408629    
  0.2223336180603079    
  0.2218806526810027    
  0.2214784182930564    
  0.2211256091131273    
  0.2208209972353020    
  0.2205634275363438    
  0.2203517863609633    
  0.2201849819077630    
  0.2200619580949978    
  0.2199817223883491    
  0.2199433497365615    
  0.2199459521518672    
  0.2199886485485716    
  0.2200705746851232    
  0.2201909223781739    
  0.2203489536842771    
  0.2205439652080793    
  0.2207752463856393    
  0.2210420869451496    
  0.2213438233675596    
  0.2216798622338080    
  0.2220496500496772    
  0.2224526280665670    
  0.2228882261232433    
  0.2233558985899134    
  0.2238551565243498    
  0.2243855591186811    
  0.2249466776112847    
  0.2255380750367012    
  0.2261593215738737    
  0.2268100202695847    
  0.2274898106024198    
  0.2281983533101530    
  0.2289353223498729    
  0.2297004080482612    
  0.2304933141333197    
  0.2313137504044227    
  0.2321614423830428    
  0.2330361523274631    
  0.2339376756074812    
  0.2348658076435522    
  0.2358203286432048    
  0.2368010339288167    
  0.2378077669243556    
  0.2388404039700001    
  0.2398988132464178    
  0.2409828490588070    
  0.2420923869598472    
  0.2432273453892161    
  0.2443876652141805    
  0.2455732808499277    
  0.2467841219917640    
  0.2480201387224421    
  0.2492813162000910    
  0.2505676626737842    
  0.2518791852463560    
  0.2532158822533150    
  0.2545777658460919    
  0.2559648897642059    
  0.2573773411091461    
  0.2588151996478003    
  0.2602785219700386    
  0.2617673804283825    
  0.2632819039362390    
  0.2648222582254786    
  0.2663885925660843    
  0.2679810314716923    
  0.2695997212489667    
  0.2712448616500651    
  0.2729166827424893    
  0.2746154076753652    
  0.2763412498074489    
  0.2780944373630865    
  0.2798752330917488    
  0.2816839344560933    
  0.2835208557828098    
  0.2853863057008701    
  0.2872805889971548    
  0.2892040417589827    
  0.2911570540690157    
  0.2931400381590627    
  0.2951533847773259    
  0.2971974818833764    
  0.2992727731163202    
  0.3013797602384939    
  0.3035189417164227    
  0.3056907906230237    
  0.3078958124746764    
  0.3101345863796298    
  0.3124077201979310    
  0.3147157989789413    
  0.3170594162008556    
  0.3194392317633699    
  0.3218559569202165    
  0.3243102982770310    
