  0.3025062463567483    
  0.3019594817982117    
  0.3013864202315754    
  0.3007871260763789    
  0.3001615929606543    
  0.2995098428838543    
  0.2988319567778809    
  0.2981280091765763    
  0.2973980120855285    
  0.2966419364277523    
  0.2958597605651799    
  0.2950514782932542    
  0.2942170783121241    
  0.2933565371259220    
  0.2924698179888052    
  0.2915568541855507    
  0.2906175465882848    
  0.2896518067263196    
  0.2886595919426751    
  0.2876408589051144    
  0.2865954841084845    
  0.2855232804733096    
  0.2844241085930909    
  0.2832979170198952    
  0.2821446332575254    
  0.2809640634872973    
  0.2797559629822677    
  0.2785201754778790    
  0.2772566242914678    
  0.2759651701860329    
  0.2746455611957636    
  0.2732975458079875    
  0.2719209604426134    
  0.2705156607515796    
  0.2690814265500178    
  0.2676179920680275    
  0.2661251278893989    
  0.2646026315209327    
  0.2630502649253826    
  0.2614677626209816    
  0.2598548837403374    
  0.2582113963111317    
  0.2565370219008511    
  0.2548314570238255    
  0.2530944437173801    
  0.2513257545528904    
  0.2495251052451428    
  0.2476921507759619    
  0.2458265836132232    
  0.2439281665216321    
  0.2419966372904778    
  0.2400316462469824    
  0.2380328355956173    
  0.2359999267967398    
  0.2339326692423496    
  0.2318307404651123    
  0.2296937653591038    
  0.2275214160937777    
  0.2253134253570594    
  0.2230695006527029    
  0.2207892869575140    
  0.2184724303229088    
  0.2161186300189517    
  0.2137276029527851    
  0.2112990310000711    
  0.2088325722254845    
  0.2063279051563646    
  0.2037847374750097    
  0.2012027796387530    
  0.1985817280767756    
  0.1959212737933677    
  0.1932211201617956    
  0.1904809924965389    
  0.1877006297076199    
  0.1848797648663343    
  0.1820181227734844    
  0.1791154459363308    
  0.1761715123735416    
  0.1731861128681043    
  0.1701590227789803    
  0.1670900202253622    
  0.1639789253361906    
  0.1608255939673224    
  0.1576298756922026    
  0.1543916111103354    
  0.1511106769446044    
  0.1477870021301914    
  0.1444205279856873    
  0.1410111849117165    
  0.1375589290916898    
  0.1340637760664154    
  0.1305257744368881    
  0.1269449699497787    
  0.1233214257963755    
  0.1196552637071031    
  0.1159466553961454    
  0.1121957845098486    
  0.1084028499019757    
  0.1045681044301393    
  0.1006918616012083    
  0.9677446334676520E-01
  0.9281627080905999E-01
  0.8881769502295481E-01
  0.8477921304264920E-01
  0.8070134484383040E-01
  0.7658463712486827E-01
  0.7242968424162811E-01
  0.6823714885957559E-01
  0.6400774845382949E-01
  0.5974223612972032E-01
  0.5544141128348894E-01
  0.5110614050809797E-01
  0.4673735365936905E-01
  0.4233602634969549E-01
  0.3790318139138248E-01
  0.3343990488422655E-01
  0.2894734855918338E-01
  0.2442671753986237E-01
  0.1987926689719552E-01
  0.1530631098759572E-01
  0.1070922730805888E-01
  0.6089449445902566E-02
  0.1448462620486864E-02
 -0.3212192810180267E-02
 -0.7890919356208588E-02
 -0.1258606615999021E-01
 -0.1729593211944324E-01
 -0.2201876598890253E-01
 -0.2675276788305559E-01
 -0.3149609245587583E-01
 -0.3624685029318379E-01
 -0.4100310920333411E-01
 -0.4576289861312378E-01
 -0.5052421377191709E-01
 -0.5528501648820490E-01
 -0.6004323706581406E-01
 -0.6479678084075428E-01
 -0.6954353316962118E-01
 -0.7428135914214626E-01
 -0.7900810590499323E-01
 -0.8372161208733112E-01
 -0.8841971443186279E-01
 -0.9310024555795994E-01
 -0.9776103459227460E-01
 -0.1023999190272864    
 -0.1070147545653229    
 -0.1116034116505376    
 -0.1161637728795061    
 -0.1206937458497601    
 -0.1251912766005880    
 -0.1296543452740102    
 -0.1340809590630106    
 -0.1384691652188852    
 -0.1428170692635031    
 -0.1471228302794013    
 -0.1513846469539738    
 -0.1556007687478616    
 -0.1597695210220887    
 -0.1638893025420715    
 -0.1679585618222068    
 -0.1719758014849710    
 -0.1759396116330524    
 -0.1798486758971021    
 -0.1837017385026213    
 -0.1874975941907568    
 -0.1912351263280309    
 -0.1949133286482064    
 -0.1985312690163724    
 -0.2020880585630425    
 -0.2055828858209644    
 -0.2090150586946713    
 -0.2123839761475807    
 -0.2156890748805074    
 -0.2189298464223312    
 -0.2221058974374133    
 -0.2252169439058457    
 -0.2282627424674791    
 -0.2312430764678950    
 -0.2341578219353470    
 -0.2370069758398368    
 -0.2397905907636702    
 -0.2425087242353301    
 -0.2451614882790371    
 -0.2477491104748145    
 -0.2502718961823253    
 -0.2527301519771578    
 -0.2551241967235463    
 -0.2574544353731137    
 -0.2597213650458309    
 -0.2619255013270372    
 -0.2640673458194884    
 -0.2661474402669019    
 -0.2681664080853993    
 -0.2701249142875309    
 -0.2720236127547135    
 -0.2738631599744062    
 -0.2756442583458401    
 -0.2773676543548231    
 -0.2790341020587677    
 -0.2806443509235966    
 -0.2821991625557514    
 -0.2836993174657447    
 -0.2851456060825284    
 -0.2865388267110861    
 -0.2878797866884245    
 -0.2891692891497094    
 -0.2904081216369619    
 -0.2915970723393659    
 -0.2927369521383308    
 -0.2938285796565278    
 -0.2948727424093963    
 -0.2958701925042059    
 -0.2968216876338701    
 -0.2977280164324879    
 -0.2985899662058812    
 -0.2994082758533998    
 -0.3001836405388166    
 -0.3009167619672427    
 -0.3016083738308580    
 -0.3022592056798070    
 -0.3028699322630454    
 -0.3034411759847742    
 -0.3039735604008515    
 -0.3044677439433539    
 -0.3049243865553325    
 -0.3053440904122989    
 -0.3057273938888514    
 -0.3060748301377321    
 -0.3063869732332017    
 -0.3066644067155440    
 -0.3069076532503970    
 -0.3071171617169465    
 -0.3072933737904709    
 -0.3074367801290124    
 -0.3075478843706171    
 -0.3076271212100088    
 -0.3076748463322078    
 -0.3076914183492690    
 -0.3076772556397634    
 -0.3076327798236843    
 -0.3075583254733367    
 -0.3074541545392265    
 -0.3073205601336108    
 -0.3071579018856482    
 -0.3069665126420643    
 -0.3067466174936178    
 -0.3064983954361922    
 -0.3062220936575556    
 -0.3059180155683996    
 -0.3055863960356219    
 -0.3052273563734318    
 -0.3048410123901924    
 -0.3044275717774869    
 -0.3039872717807605    
 -0.3035202521678393    
 -0.3030265547074826    
 -0.3025062463567483    
 -0.3019594817982117    
 -0.3013864202315754    
 -0.3007871260763789    
 -0.3001615929606543    
 -0.2995098428838543    
 -0.2988319567778809    
 -0.2981280091765763    
 -0.2973980120855285    
 -0.2966419364277523    
 -0.2958597605651799    
 -0.2950514782932542    
 -0.2942170783121241    
 -0.2933565371259220    
 -0.2924698179888052    
 -0.2915568541855507    
 -0.2906175465882848    
 -0.2896518067263196    
 -0.2886595919426751    
 -0.2876408589051144    
 -0.2865954841084845    
 -0.2855232804733096    
 -0.2844241085930909    
 -0.2832979170198952    
 -0.2821446332575254    
 -0.2809640634872973    
 -0.2797559629822677    
 -0.2785201754778790    
 -0.2772566242914678    
 -0.2759651701860329    
 -0.2746455611957636    
 -0.2732975458079875    
 -0.2719209604426134    
 -0.2705156607515796    
 -0.2690814265500178    
 -0.2676179920680275    
 -0.2661251278893989    
 -0.2646026315209327    
 -0.2630502649253826    
 -0.2614677626209816    
 -0.2598548837403374    
 -0.2582113963111317    
 -0.2565370219008511    
 -0.2548314570238255    
 -0.2530944437173801    
 -0.2513257545528904    
 -0.2495251052451428    
 -0.2476921507759619    
 -0.2458265836132232    
 -0.2439281665216321    
 -0.2419966372904778    
 -0.2400316462469824    
 -0.2380328355956173    
 -0.2359999267967398    
 -0.2339326692423496    
 -0.2318307404651123    
 -0.2296937653591038    
 -0.2275214160937777    
 -0.2253134253570594    
 -0.2230695006527029    
 -0.2207892869575140    
 -0.2184724303229088    
 -0.2161186300189517    
 -0.2137276029527851    
 -0.2112990310000711    
 -0.2088325722254845    
 -0.2063279051563646    
 -0.2037847374750097    
 -0.2012027796387530    
 -0.1985817280767756    
 -0.1959212737933677    
 -0.1932211201617956    
 -0.1904809924965389    
 -0.1877006297076199    
 -0.1848797648663343    
 -0.1820181227734844    
 -0.1791154459363308    
 -0.1761715123735416    
 -0.1731861128681043    
 -0.1701590227789803    
 -0.1670900202253622    
 -0.1639789253361906    
 -0.1608255939673224    
 -0.1576298756922026    
 -0.1543916111103354    
 -0.1511106769446044    
 -0.1477870021301914    
 -0.1444205279856873    
 -0.1410111849117165    
 -0.1375589290916898    
 -0.1340637760664154    
 -0.1305257744368881    
 -0.1269449699497787    
 -0.1233214257963755    
 -0.1196552637071031    
 -0.1159466553961454    
 -0.1121957845098486    
 -0.1084028499019757    
 -0.1045681044301393    
 -0.1006918616012083    
 -0.9677446334676520E-01
 -0.9281627080905999E-01
 -0.8881769502295481E-01
 -0.8477921304264920E-01
 -0.8070134484383040E-01
 -0.7658463712486827E-01
 -0.7242968424162811E-01
 -0.6823714885957559E-01
 -0.6400774845382949E-01
 -0.5974223612972032E-01
 -0.5544141128348894E-01
 -0.5110614050809797E-01
 -0.4673735365936905E-01
 -0.4233602634969549E-01
 -0.3790318139138248E-01
 -0.3343990488422655E-01
 -0.2894734855918338E-01
 -0.2442671753986237E-01
 -0.1987926689719552E-01
 -0.1530631098759572E-01
 -0.1070922730805888E-01
 -0.6089449445902566E-02
 -0.1448462620486864E-02
  0.3212192810180267E-02
  0.7890919356208588E-02
  0.1258606615999021E-01
  0.1729593211944324E-01
  0.2201876598890253E-01
  0.2675276788305559E-01
  0.3149609245587583E-01
  0.3624685029318379E-01
  0.4100310920333411E-01
  0.4576289861312378E-01
  0.5052421377191709E-01
  0.5528501648820490E-01
  0.6004323706581406E-01
  0.6479678084075428E-01
  0.6954353316962118E-01
  0.7428135914214626E-01
  0.7900810590499323E-01
  0.8372161208733112E-01
  0.8841971443186279E-01
  0.9310024555795994E-01
  0.9776103459227460E-01
  0.1023999190272864    
  0.1070147545653229    
  0.1116034116505376    
  0.1161637728795061    
  0.1206937458497601    
  0.1251912766005880    
  0.1296543452740102    
  0.1340809590630106    
  0.1384691652188852    
  0.1428170692635031    
  0.1471228302794013    
  0.1513846469539738    
  0.1556007687478616    
  0.1597695210220887    
  0.1638893025420715    
  0.1679585618222068    
  0.1719758014849710    
  0.1759396116330524    
  0.1798486758971021    
  0.1837017385026213    
  0.1874975941907568    
  0.1912351263280309    
  0.1949133286482064    
  0.1985312690163724    
  0.2020880585630425    
  0.2055828858209644    
  0.2090150586946713    
  0.2123839761475807    
  0.2156890748805074    
  0.2189298464223312    
  0.2221058974374133    
  0.2252169439058457    
  0.2282627424674791    
  0.2312430764678950    
  0.2341578219353470    
  0.2370069758398368    
  0.2397905907636702    
  0.2425087242353301    
  0.2451614882790371    
  0.2477491104748145    
  0.2502718961823253    
  0.2527301519771578    
  0.2551241967235463    
  0.2574544353731137    
  0.2597213650458309    
  0.2619255013270372    
  0.2640673458194884    
  0.2661474402669019    
  0.2681664080853993    
  0.2701249142875309    
  0.2720236127547135    
  0.2738631599744062    
  0.2756442583458401    
  0.2773676543548231    
  0.2790341020587677    
  0.2806443509235966    
  0.2821991625557514    
  0.2836993174657447    
  0.2851456060825284    
  0.2865388267110861    
  0.2878797866884245    
  0.2891692891497094    
  0.2904081216369619    
  0.2915970723393659    
  0.2927369521383308    
  0.2938285796565278    
  0.2948727424093963    
  0.2958701925042059    
  0.2968216876338701    
  0.2977280164324879    
  0.2985899662058812    
  0.2994082758533998    
  0.3001836405388166    
  0.3009167619672427    
  0.3016083738308580    
  0.3022592056798070    
  0.3028699322630454    
  0.3034411759847742    
  0.3039735604008515    
  0.3044677439433539    
  0.3049243865553325    
  0.3053440904122989    
  0.3057273938888514    
  0.3060748301377321    
  0.3063869732332017    
  0.3066644067155440    
  0.3069076532503970    
  0.3071171617169465    
  0.3072933737904709    
  0.3074367801290124    
  0.3075478843706171    
  0.3076271212100088    
  0.3076748463322078    
  0.3076914183492690    
  0.3076772556397634    
  0.3076327798236843    
  0.3075583254733367    
  0.3074541545392265    
  0.3073205601336108    
  0.3071579018856482    
  0.3069665126420643    
  0.3067466174936178    
  0.3064983954361922    
  0.3062220936575556    
  0.3059180155683996    
  0.3055863960356219    
  0.3052273563734318    
  0.3048410123901924    
  0.3044275717774869    
  0.3039872717807605    
  0.3035202521678393    
  0.3030265547074826    
