   1.417932087003027    
   1.420348706543625    
   1.422787035168852    
   1.425246836190067    
   1.427727839352505    
   1.430229754912763    
   1.432752229797101    
   1.435294809699317    
   1.437857013010073    
   1.440438466048181    
   1.443038905743280    
   1.445658015811711    
   1.448295321942392    
   1.450950283638837    
   1.453622397142030    
   1.456311116819540    
   1.459015736201894    
   1.461735458003460    
   1.464469559741081    
   1.467217390680895    
   1.469978208231645    
   1.472751096251890    
   1.475535032405940    
   1.478328947878534    
   1.481131720206860    
   1.483942192746880    
   1.486759217081345    
   1.489581614611838    
   1.492408096768522    
   1.495237278067103    
   1.498067725013597    
   1.500897866621067    
   1.503725841850603    
   1.506549557166361    
   1.509366950020778    
   1.512176106349181    
   1.514975059056813    
   1.517761543850271    
   1.520533009756174    
   1.523286787925502    
   1.526020151876183    
   1.528730240498965    
   1.531414004129019    
   1.534068220472398    
   1.536689486479889    
   1.539274148797207    
   1.541818244858086    
   1.544317525246908    
   1.546767552851295    
   1.549163792217617    
   1.551501563484246    
   1.553775842756154    
   1.555981101098114    
   1.558111385404049    
   1.560160540830259    
   1.562122255464701    
   1.563989835601130    
   1.565755986101253    
   1.567412836005288    
   1.568952101442903    
   1.570365150963172    
   1.571642937874059    
   1.572775901775478    
   1.573753872059213    
   1.574565978152102    
   1.575200641188642    
   1.575645656773741    
   1.575888208439638    
   1.575914703374814    
   1.575710586057194    
   1.575260337145300    
   1.574547589519316    
   1.573555121523880    
   1.572264682374705    
   1.570656836866193    
   1.568710938365537    
   1.566405127259702    
   1.563716243225146    
   1.560619688779625    
   1.557089328433056    
   1.553097422240387    
   1.548614538676025    
   1.543609425138055    
   1.538048862794549    
   1.531897549122296    
   1.525118023751096    
   1.517670583929981    
   1.509513106684039    
   1.500600788239551    
   1.490885923977422    
   1.480317796569201    
   1.468842571553877    
   1.456403077977984    
   1.442938516881685    
   1.428384227797714    
   1.412671521375689    
   1.395727466424558    
   1.377474583049042    
   1.357830505095741    
   1.336707659123203    
   1.314012939182680    
   1.289647370685453    
   1.263505792146219    
   1.235476543143685    
   1.205441105371945    
   1.173273690178762    
   1.138840814273553    
   1.102000864456459    
   1.062603616006134    
   1.020489733175503    
  0.9754903345586063    
  0.9274266274197323    
  0.8761095134560479    
  0.8213391141230562    
  0.7629042879940295    
  0.7005822209166830    
  0.6341380672755010    
  0.5633245891382929    
  0.4878818292808833    
  0.4075369163437924    
  0.3220040369067104    
  0.2309845086277701    
  0.1341668869226897    
  0.3122714861890512E-01
 -0.7817089577231508E-01
 -0.1943748293019329    
 -0.3177425014634791    
 -0.4486406375911780    
 -0.5874431784814975    
 -0.7345291955023809    
 -0.8902802594797407    
  -1.055077306424311    
  -1.229297037905449    
  -1.413307666930804    
  -1.607463724908720    
  -1.812099888085057    
  -2.027524037097372    
  -2.254009665122990    
  -2.491787488542232    
  -2.741036109138545    
  -3.001871773053244    
  -3.274337288707754    
  -3.558390038098431    
  -3.853889160399777    
  -4.160582398185361    
  -4.478093229017177    
  -4.805908563700068    
  -5.143367018680417    
  -5.489647999876146    
  -5.843762242224880    
  -6.204544569196694    
  -6.570649608185473    
  -6.940551305538816    
  -7.312547051732215    
  -7.684766718849722    
  -8.055186405327957    
  -8.421646915738116    
  -8.781877670603787    
  -9.133526694514615    
  -9.474196243293864    
  -9.801482563810181    
  -10.11301821550991    
  -10.40651594990338    
  -10.67981331993068    
  -10.93091669214933    
  -11.15804274078116    
  -11.35965538217933    
  -11.53449653341137    
  -11.68160974210410    
  -11.80035617129179    
  -11.89042239848344    
  -11.95181942797946    
  -11.98487290966805    
  -11.99020565623900    
  -11.96871408093240    
  -11.92153965213369    
  -11.85003587822524    
  -11.75573179923138    
  -11.64029397441396    
  -11.50548911210660    
  -11.35314854193626    
  -11.18513484856585    
  -11.00331098832068    
  -10.80951260708757    
  -10.60552428243400    
  -10.39305998405626    
  -10.17374759184936    
  -9.949117059643141    
  -9.720591822699317    
  -9.489483273828208    
  -9.256988257995399    
  -9.024189249040946    
  -8.792056461526228    
  -8.561451218141121    
  -8.333130389628304    
  -8.107751948672721    
  -7.885881389350315    
  -7.667998526541407    
  -7.454504378191004    
  -7.245728063726307    
  -7.041933583291853    
  -6.843326271095020    
  -6.650058910866397    
  -6.462237646448092    
  -6.279927644029718    
  -6.103158292974646    
  -5.931927885578149    
  -5.766207905604073    
  -5.605946958991858    
  -5.451074247629970    
  -5.301502619651144    
  -5.157131378546847    
  -5.017848896919991    
  -4.883534904135259    
  -4.754062413256677    
  -4.629299403819179    
  -4.509110295830796    
  -4.393357153429418    
  -4.281900689403527    
  -4.174601233976521    
  -4.071319638249383    
  -3.971917945808653    
  -3.876259878812860    
  -3.784211355492130    
  -3.695641018813784    
  -3.610420536033476    
  -3.528424681888111    
  -3.449531503192707    
  -3.373622610749765    
  -3.300583283785247    
  -3.230302302040303    
  -3.162671868347942    
  -3.097587813578218    
  -3.034949747277097    
  -2.974660882431400    
  -2.916627824218739    
  -2.860760655072051    
  -2.806973081531422    
  -2.755182258367601    
  -2.705308457153940    
  -2.657275012045775    
  -2.611008473950071    
  -2.566438525444717    
  -2.523497614272415    
  -2.482120729496000    
  -2.442245481054200    
  -2.403812152758855    
  -2.366763510266253    
  -2.331044585470545    
  -2.296602654613282    
  -2.263387272494554    
  -2.231350172950684    
  -2.200445108888561    
  -2.170627767231684    
  -2.141855710949164    
  -2.114088271880725    
  -2.087286463001433    
  -2.061412961564193    
  -2.036432060562557    
  -2.012309524127134    
  -1.989012468052948    
  -1.966509365529820    
  -1.944770068683654    
  -1.923765710541128    
  -1.903468555160579    
  -1.883851945012242    
  -1.864890336519839    
  -1.846559298474836    
  -1.828835433583374    
  -1.811696288488791    
  -1.795120296292341    
  -1.779086742749913    
  -1.763575747872555    
  -1.748568254392115    
  -1.734045997800512    
  -1.719991457214742    
  -1.706387820989383    
  -1.693218967752696    
  -1.680469419827465    
  -1.668124273193449    
  -1.656169172467846    
  -1.644590346796001    
  -1.633374624453364    
  -1.622509370978652    
  -1.611982409686971    
  -1.601781999699214    
  -1.591896853679863    
  -1.582316135329063    
  -1.573029429833420    
  -1.564026717715355    
  -1.555298360513004    
  -1.546835091569165    
  -1.538628011845539    
  -1.530668578078437    
  -1.522948564668419    
  -1.515460022626592    
  -1.508195283095705    
  -1.501146992152954    
  -1.494308105445051    
  -1.487671826113236    
  -1.481231559781796    
  -1.474980937923996    
  -1.468913862198044    
  -1.463024502500414    
  -1.457307253391337    
  -1.451756694840602    
  -1.446367576824558    
  -1.441134823651854    
  -1.436053552481773    
  -1.431119085216571    
  -1.426326926644969    
  -1.421672723371638    
  -1.417152251548505    
  -1.412761439773702    
  -1.408496378414917    
  -1.404353292382665    
  -1.400328516266812    
  -1.396418503740714    
  -1.392619847877308    
  -1.388929281582061    
  -1.385343663984306    
  -1.381859966017986    
  -1.378475251718717    
  -1.375186662803486    
  -1.371991428519501    
  -1.368886892435369    
  -1.365870517048838    
  -1.362939857642034    
  -1.360092540822472    
  -1.357326265891542    
  -1.354638807710522    
  -1.352028012425482    
  -1.349491806752543    
  -1.347028217587523    
  -1.344635363569432    
  -1.342311411407398    
  -1.340054544877365    
  -1.337862980629600    
  -1.335735004741387    
  -1.333668988720916    
  -1.331663376976441    
  -1.329716658000296    
  -1.327827334762103    
  -1.325993922731561    
  -1.324214995074846    
  -1.322489238662845    
  -1.320815452471789    
  -1.319192477803881    
  -1.317619129516682    
  -1.316094192171904    
  -1.314616473027191    
  -1.313184860775571    
  -1.311798348564966    
  -1.310456004733377    
  -1.309156908713976    
  -1.307900107935280    
  -1.306684640440356    
  -1.305509594140814    
  -1.304374130001091    
  -1.303277449410008    
  -1.302218757094453    
  -1.301197260597745    
  -1.300212191456617    
  -1.299262821221453    
  -1.298348468663676    
  -1.297468496373482    
  -1.296622290283665    
  -1.295809238274756    
  -1.295028734313710    
  -1.294280197213636    
  -1.293563067612112    
  -1.292876785560991    
  -1.292220790143488    
  -1.291594550235433    
  -1.290997585698874    
  -1.290429453869406    
  -1.289889723826583    
  -1.289377963440508    
  -1.288893738018830    
  -1.288436619389953    
  -1.288006209944378    
  -1.287602161578641    
  -1.287224158334162    
  -1.286871874865564    
  -1.286544959700571    
  -1.286243058093750    
  -1.285965837147727    
  -1.285712985226080    
  -1.285484199649016    
  -1.285279181474573    
  -1.285097637305346    
  -1.284939290146160    
  -1.284803902706401    
  -1.284691290525194    
  -1.284601295791113    
  -1.284533738993993    
  -1.284488399866911    
  -1.284465043463376    
  -1.284463456434688    
  -1.284483463280957    
  -1.284524923083725    
  -1.284587710817674    
  -1.284671686780629    
  -1.284776679603699    
  -1.284902507185117    
  -1.285049012455831    
  -1.285216067997313    
  -1.285403550183725    
  -1.285611326775520    
  -1.285839274909575    
  -1.286087301947324    
  -1.286355347115065    
  -1.286643367157536    
  -1.286951310831779    
  -1.287279093058073    
  -1.287626601045438    
  -1.287993743595228    
  -1.288380490434547    
  -1.288786844735894    
  -1.289212779588275    
  -1.289658220510018    
  -1.290123087760602    
  -1.290607331230297    
  -1.291110916469706    
  -1.291633795995689    
  -1.292175910399616    
  -1.292737219022349    
  -1.293317733173495    
  -1.293917522417742    
  -1.294536672373150    
  -1.295175215598609    
  -1.295833109509470    
  -1.296510301953798    
  -1.297206814009349    
  -1.297922735607348    
  -1.298658138551776    
  -1.299413013286915    
  -1.300187293570233    
  -1.300980926719005    
  -1.301793918801505    
  -1.302626329412585    
  -1.303478230182196    
  -1.304349662942936    
  -1.305240641504922    
  -1.306151199758531    
  -1.307081425520098    
  -1.308031434564972    
  -1.309001324748433    
  -1.309991168000352    
  -1.311001022630654    
  -1.312030925718704    
  -1.313080896791039    
  -1.314150992013498    
  -1.315241342753242    
  -1.316352087466458    
  -1.317483255798046    
  -1.318634766361299    
  -1.319806565834679    
  -1.320998745810923    
  -1.322211501925905    
  -1.323444997578046    
  -1.324699291192745    
  -1.325974388833455    
  -1.327270343073379    
  -1.328587283949068    
  -1.329925354702340    
  -1.331284644348067    
  -1.332665220482288    
  -1.334067222068360    
  -1.335490855148944    
  -1.336936252715228    
  -1.338403380329941    
  -1.339892142294009    
  -1.341402564307931    
  -1.342934810123417    
  -1.344489024274618    
  -1.346065230105571    
  -1.347663409461530    
  -1.349283630843032    
  -1.350926052854223    
  -1.352590817689137    
  -1.354277984923831    
  -1.355987595964534    
  -1.357719793959716    
  -1.359474823532009    
  -1.361252845322005    
  -1.363053767194162    
  -1.364877360704140    
  -1.366723578254278    
  -1.368592645900994    
  -1.370484771178584    
  -1.372399887460309    
  -1.374337837276745    
  -1.376298714701000    
  -1.378282809717412    
  -1.380290226684252    
  -1.382320787587721    
  -1.384374372454063    
  -1.386451132353015    
  -1.388551225555184    
  -1.390674516107172    
  -1.392820729084173    
  -1.394989811036545    
  -1.397181935053093    
  -1.399397173063789    
  -1.401635341508608    
  -1.403896193386845    
  -1.406179614228436    
  -1.408485568116998    
  -1.410813954537369    
  -1.413164600188094    
  -1.415537347502228    
  -1.417932087003027    
  -1.420348706543625    
  -1.422787035168852    
  -1.425246836190067    
  -1.427727839352505    
  -1.430229754912763    
  -1.432752229797101    
  -1.435294809699317    
  -1.437857013010073    
  -1.440438466048181    
  -1.443038905743280    
  -1.445658015811711    
  -1.448295321942392    
  -1.450950283638837    
  -1.453622397142030    
  -1.456311116819540    
  -1.459015736201894    
  -1.461735458003460    
  -1.464469559741081    
  -1.467217390680895    
  -1.469978208231645    
  -1.472751096251890    
  -1.475535032405940    
  -1.478328947878534    
  -1.481131720206860    
  -1.483942192746880    
  -1.486759217081345    
  -1.489581614611838    
  -1.492408096768522    
  -1.495237278067103    
  -1.498067725013597    
  -1.500897866621067    
  -1.503725841850603    
  -1.506549557166361    
  -1.509366950020778    
  -1.512176106349181    
  -1.514975059056813    
  -1.517761543850271    
  -1.520533009756174    
  -1.523286787925502    
  -1.526020151876183    
  -1.528730240498965    
  -1.531414004129019    
  -1.534068220472398    
  -1.536689486479889    
  -1.539274148797207    
  -1.541818244858086    
  -1.544317525246908    
  -1.546767552851295    
  -1.549163792217617    
  -1.551501563484246    
  -1.553775842756154    
  -1.555981101098114    
  -1.558111385404049    
  -1.560160540830259    
  -1.562122255464701    
  -1.563989835601130    
  -1.565755986101253    
  -1.567412836005288    
  -1.568952101442903    
  -1.570365150963172    
  -1.571642937874059    
  -1.572775901775478    
  -1.573753872059213    
  -1.574565978152102    
  -1.575200641188642    
  -1.575645656773741    
  -1.575888208439638    
  -1.575914703374814    
  -1.575710586057194    
  -1.575260337145300    
  -1.574547589519316    
  -1.573555121523880    
  -1.572264682374705    
  -1.570656836866193    
  -1.568710938365537    
  -1.566405127259702    
  -1.563716243225146    
  -1.560619688779625    
  -1.557089328433056    
  -1.553097422240387    
  -1.548614538676025    
  -1.543609425138055    
  -1.538048862794549    
  -1.531897549122296    
  -1.525118023751096    
  -1.517670583929981    
  -1.509513106684039    
  -1.500600788239551    
  -1.490885923977422    
  -1.480317796569201    
  -1.468842571553877    
  -1.456403077977984    
  -1.442938516881685    
  -1.428384227797714    
  -1.412671521375689    
  -1.395727466424558    
  -1.377474583049042    
  -1.357830505095741    
  -1.336707659123203    
  -1.314012939182680    
  -1.289647370685453    
  -1.263505792146219    
  -1.235476543143685    
  -1.205441105371945    
  -1.173273690178762    
  -1.138840814273553    
  -1.102000864456459    
  -1.062603616006134    
  -1.020489733175503    
 -0.9754903345586063    
 -0.9274266274197323    
 -0.8761095134560479    
 -0.8213391141230562    
 -0.7629042879940295    
 -0.7005822209166830    
 -0.6341380672755010    
 -0.5633245891382929    
 -0.4878818292808833    
 -0.4075369163437924    
 -0.3220040369067104    
 -0.2309845086277701    
 -0.1341668869226897    
 -0.3122714861890512E-01
  0.7817089577231508E-01
  0.1943748293019329    
  0.3177425014634791    
  0.4486406375911780    
  0.5874431784814975    
  0.7345291955023809    
  0.8902802594797407    
   1.055077306424311    
   1.229297037905449    
   1.413307666930804    
   1.607463724908720    
   1.812099888085057    
   2.027524037097372    
   2.254009665122990    
   2.491787488542232    
   2.741036109138545    
   3.001871773053244    
   3.274337288707754    
   3.558390038098431    
   3.853889160399777    
   4.160582398185361    
   4.478093229017177    
   4.805908563700068    
   5.143367018680417    
   5.489647999876146    
   5.843762242224880    
   6.204544569196694    
   6.570649608185473    
   6.940551305538816    
   7.312547051732215    
   7.684766718849722    
   8.055186405327957    
   8.421646915738116    
   8.781877670603787    
   9.133526694514615    
   9.474196243293864    
   9.801482563810181    
   10.11301821550991    
   10.40651594990338    
   10.67981331993068    
   10.93091669214933    
   11.15804274078116    
   11.35965538217933    
   11.53449653341137    
   11.68160974210410    
   11.80035617129179    
   11.89042239848344    
   11.95181942797946    
   11.98487290966805    
   11.99020565623900    
   11.96871408093240    
   11.92153965213369    
   11.85003587822524    
   11.75573179923138    
   11.64029397441396    
   11.50548911210660    
   11.35314854193626    
   11.18513484856585    
   11.00331098832068    
   10.80951260708757    
   10.60552428243400    
   10.39305998405626    
   10.17374759184936    
   9.949117059643141    
   9.720591822699317    
   9.489483273828208    
   9.256988257995399    
   9.024189249040946    
   8.792056461526228    
   8.561451218141121    
   8.333130389628304    
   8.107751948672721    
   7.885881389350315    
   7.667998526541407    
   7.454504378191004    
   7.245728063726307    
   7.041933583291853    
   6.843326271095020    
   6.650058910866397    
   6.462237646448092    
   6.279927644029718    
   6.103158292974646    
   5.931927885578149    
   5.766207905604073    
   5.605946958991858    
   5.451074247629970    
   5.301502619651144    
   5.157131378546847    
   5.017848896919991    
   4.883534904135259    
   4.754062413256677    
   4.629299403819179    
   4.509110295830796    
   4.393357153429418    
   4.281900689403527    
   4.174601233976521    
   4.071319638249383    
   3.971917945808653    
   3.876259878812860    
   3.784211355492130    
   3.695641018813784    
   3.610420536033476    
   3.528424681888111    
   3.449531503192707    
   3.373622610749765    
   3.300583283785247    
   3.230302302040303    
   3.162671868347942    
   3.097587813578218    
   3.034949747277097    
   2.974660882431400    
   2.916627824218739    
   2.860760655072051    
   2.806973081531422    
   2.755182258367601    
   2.705308457153940    
   2.657275012045775    
   2.611008473950071    
   2.566438525444717    
   2.523497614272415    
   2.482120729496000    
   2.442245481054200    
   2.403812152758855    
   2.366763510266253    
   2.331044585470545    
   2.296602654613282    
   2.263387272494554    
   2.231350172950684    
   2.200445108888561    
   2.170627767231684    
   2.141855710949164    
   2.114088271880725    
   2.087286463001433    
   2.061412961564193    
   2.036432060562557    
   2.012309524127134    
   1.989012468052948    
   1.966509365529820    
   1.944770068683654    
   1.923765710541128    
   1.903468555160579    
   1.883851945012242    
   1.864890336519839    
   1.846559298474836    
   1.828835433583374    
   1.811696288488791    
   1.795120296292341    
   1.779086742749913    
   1.763575747872555    
   1.748568254392115    
   1.734045997800512    
   1.719991457214742    
   1.706387820989383    
   1.693218967752696    
   1.680469419827465    
   1.668124273193449    
   1.656169172467846    
   1.644590346796001    
   1.633374624453364    
   1.622509370978652    
   1.611982409686971    
   1.601781999699214    
   1.591896853679863    
   1.582316135329063    
   1.573029429833420    
   1.564026717715355    
   1.555298360513004    
   1.546835091569165    
   1.538628011845539    
   1.530668578078437    
   1.522948564668419    
   1.515460022626592    
   1.508195283095705    
   1.501146992152954    
   1.494308105445051    
   1.487671826113236    
   1.481231559781796    
   1.474980937923996    
   1.468913862198044    
   1.463024502500414    
   1.457307253391337    
   1.451756694840602    
   1.446367576824558    
   1.441134823651854    
   1.436053552481773    
   1.431119085216571    
   1.426326926644969    
   1.421672723371638    
   1.417152251548505    
   1.412761439773702    
   1.408496378414917    
   1.404353292382665    
   1.400328516266812    
   1.396418503740714    
   1.392619847877308    
   1.388929281582061    
   1.385343663984306    
   1.381859966017986    
   1.378475251718717    
   1.375186662803486    
   1.371991428519501    
   1.368886892435369    
   1.365870517048838    
   1.362939857642034    
   1.360092540822472    
   1.357326265891542    
   1.354638807710522    
   1.352028012425482    
   1.349491806752543    
   1.347028217587523    
   1.344635363569432    
   1.342311411407398    
   1.340054544877365    
   1.337862980629600    
   1.335735004741387    
   1.333668988720916    
   1.331663376976441    
   1.329716658000296    
   1.327827334762103    
   1.325993922731561    
   1.324214995074846    
   1.322489238662845    
   1.320815452471789    
   1.319192477803881    
   1.317619129516682    
   1.316094192171904    
   1.314616473027191    
   1.313184860775571    
   1.311798348564966    
   1.310456004733377    
   1.309156908713976    
   1.307900107935280    
   1.306684640440356    
   1.305509594140814    
   1.304374130001091    
   1.303277449410008    
   1.302218757094453    
   1.301197260597745    
   1.300212191456617    
   1.299262821221453    
   1.298348468663676    
   1.297468496373482    
   1.296622290283665    
   1.295809238274756    
   1.295028734313710    
   1.294280197213636    
   1.293563067612112    
   1.292876785560991    
   1.292220790143488    
   1.291594550235433    
   1.290997585698874    
   1.290429453869406    
   1.289889723826583    
   1.289377963440508    
   1.288893738018830    
   1.288436619389953    
   1.288006209944378    
   1.287602161578641    
   1.287224158334162    
   1.286871874865564    
   1.286544959700571    
   1.286243058093750    
   1.285965837147727    
   1.285712985226080    
   1.285484199649016    
   1.285279181474573    
   1.285097637305346    
   1.284939290146160    
   1.284803902706401    
   1.284691290525194    
   1.284601295791113    
   1.284533738993993    
   1.284488399866911    
   1.284465043463376    
   1.284463456434688    
   1.284483463280957    
   1.284524923083725    
   1.284587710817674    
   1.284671686780629    
   1.284776679603699    
   1.284902507185117    
   1.285049012455831    
   1.285216067997313    
   1.285403550183725    
   1.285611326775520    
   1.285839274909575    
   1.286087301947324    
   1.286355347115065    
   1.286643367157536    
   1.286951310831779    
   1.287279093058073    
   1.287626601045438    
   1.287993743595228    
   1.288380490434547    
   1.288786844735894    
   1.289212779588275    
   1.289658220510018    
   1.290123087760602    
   1.290607331230297    
   1.291110916469706    
   1.291633795995689    
   1.292175910399616    
   1.292737219022349    
   1.293317733173495    
   1.293917522417742    
   1.294536672373150    
   1.295175215598609    
   1.295833109509470    
   1.296510301953798    
   1.297206814009349    
   1.297922735607348    
   1.298658138551776    
   1.299413013286915    
   1.300187293570233    
   1.300980926719005    
   1.301793918801505    
   1.302626329412585    
   1.303478230182196    
   1.304349662942936    
   1.305240641504922    
   1.306151199758531    
   1.307081425520098    
   1.308031434564972    
   1.309001324748433    
   1.309991168000352    
   1.311001022630654    
   1.312030925718704    
   1.313080896791039    
   1.314150992013498    
   1.315241342753242    
   1.316352087466458    
   1.317483255798046    
   1.318634766361299    
   1.319806565834679    
   1.320998745810923    
   1.322211501925905    
   1.323444997578046    
   1.324699291192745    
   1.325974388833455    
   1.327270343073379    
   1.328587283949068    
   1.329925354702340    
   1.331284644348067    
   1.332665220482288    
   1.334067222068360    
   1.335490855148944    
   1.336936252715228    
   1.338403380329941    
   1.339892142294009    
   1.341402564307931    
   1.342934810123417    
   1.344489024274618    
   1.346065230105571    
   1.347663409461530    
   1.349283630843032    
   1.350926052854223    
   1.352590817689137    
   1.354277984923831    
   1.355987595964534    
   1.357719793959716    
   1.359474823532009    
   1.361252845322005    
   1.363053767194162    
   1.364877360704140    
   1.366723578254278    
   1.368592645900994    
   1.370484771178584    
   1.372399887460309    
   1.374337837276745    
   1.376298714701000    
   1.378282809717412    
   1.380290226684252    
   1.382320787587721    
   1.384374372454063    
   1.386451132353015    
   1.388551225555184    
   1.390674516107172    
   1.392820729084173    
   1.394989811036545    
   1.397181935053093    
   1.399397173063789    
   1.401635341508608    
   1.403896193386845    
   1.406179614228436    
   1.408485568116998    
   1.410813954537369    
   1.413164600188094    
   1.415537347502228    
