  0.3198828602662957    
  0.3196312233801548    
  0.3193726186526838    
  0.3191070592915942    
  0.3188345576686593    
  0.3185551253312090    
  0.3182687730131551    
  0.3179755106406407    
  0.3176753473328937    
  0.3173682914057126    
  0.3170543503841777    
  0.3167335310206240    
  0.3164058393051256    
  0.3160712804622956    
  0.3157298589451873    
  0.3153815784428783    
  0.3150264419028009    
  0.3146644515502630    
  0.3142956088899468    
  0.3139199146951281    
  0.3135373690045193    
  0.3131479711379873    
  0.3127517197215650    
  0.3123486127016972    
  0.3119386473394245    
  0.3115218201971019    
  0.3110981271402330    
  0.3106675633612371    
  0.3102301234054046    
  0.3097858011745486    
  0.3093345899102999    
  0.3088764821848644    
  0.3084114699180939    
  0.3079395444067658    
  0.3074606963375557    
  0.3069749157763495    
  0.3064821921544369    
  0.3059825142735311    
  0.3054758703287272    
  0.3049622479294612    
  0.3044416341019330    
  0.3039140152765418    
  0.3033793772800124    
  0.3028377053471921    
  0.3022889841454334    
  0.3017331977893820    
  0.3011703298349545    
  0.3006003632662088    
  0.3000232804967425    
  0.2994390633887992    
  0.2988476932724864    
  0.2982491509491923    
  0.2976434166824676    
  0.2970304701927001    
  0.2964102906661684    
  0.2957828567731023    
  0.2951481466800183    
  0.2945061380481332    
  0.2938568080253736    
  0.2932001332469343    
  0.2925360898490552    
  0.2918646534847846    
  0.2911857993288242    
  0.2904995020724639    
  0.2898057359207832    
  0.2891044746000927    
  0.2883956913715309    
  0.2876793590410209    
  0.2869554499603822    
  0.2862239360236555    
  0.2854847886681894    
  0.2847379788856343    
  0.2839834772362747    
  0.2832212538547504    
  0.2824512784454701    
  0.2816735202802286    
  0.2808879482084156    
  0.2800945306731222    
  0.2792932357181878    
  0.2784840309840337    
  0.2776668837058354    
  0.2768417607239718    
  0.2760086284992724    
  0.2751674531192052    
  0.2743182002945557    
  0.2734608353602450    
  0.2725953232883041    
  0.2717216287029945    
  0.2708397158839531    
  0.2699495487609332    
  0.2690510909178810    
  0.2681443056113669    
  0.2672291557857206    
  0.2663056040706668    
  0.2653736127746674    
  0.2644331438960833    
  0.2634841591476005    
  0.2625266199674204    
  0.2615604875099836    
  0.2605857226415930    
  0.2596022859606790    
  0.2586101378255128    
  0.2576092383601024    
  0.2565995474409190    
  0.2555810246958891    
  0.2545536295306802    
  0.2535173211591047    
  0.2524720586079863    
  0.2514178007014021    
  0.2503545060587921    
  0.2492821331249492    
  0.2482006402064406    
  0.2471099854775074    
  0.2460101269600303    
  0.2449010225218404    
  0.2437826299145818    
  0.2426549068140275    
  0.2415178108197287    
  0.2403712994317560    
  0.2392153300588591    
  0.2380498600652876    
  0.2368748468047598    
  0.2356902476120621    
  0.2344960197891735    
  0.2332921206277717    
  0.2320785074508852    
  0.2308551376317007    
  0.2296219685903335    
  0.2283789578019948    
  0.2271260628242391    
  0.2258632413209448    
  0.2245904510752248    
  0.2233076500052959    
  0.2220147961859631    
  0.2207118478640822    
  0.2193987634714853    
  0.2180755016504650    
  0.2167420212855216    
  0.2153982815197870    
  0.2140442417602122    
  0.2126798616989372    
  0.2113051013533480    
  0.2099199210948793    
  0.2085242816553451    
  0.2071181441385870    
  0.2057014700569079    
  0.2042742213712883    
  0.2028363605113730    
  0.2013878503868850    
  0.1999286544134070    
  0.1984587365485614    
  0.1969780613213006    
  0.1954865938557731    
  0.1939842999014517    
  0.1924711458657615    
  0.1909470988390252    
  0.1894121266182384    
  0.1878661977425403    
  0.1863092815346282    
  0.1847413481323784    
  0.1831623685119855    
  0.1815723145179061    
  0.1799711589029400    
  0.1783588753672737    
  0.1767354385914113    
  0.1751008242693711    
  0.1734550091455190    
  0.1717979710516278    
  0.1701296889438759    
  0.1684501429427808    
  0.1667593143735007    
  0.1650571858020819    
  0.1633437410719159    
  0.1616189653477356    
  0.1598828451629934    
  0.1581353684597364    
  0.1563765246221551    
  0.1546063045171320    
  0.1528247005460114    
  0.1510317066949222    
  0.1492273185732952    
  0.1474115334487827    
  0.1455843502930839    
  0.1437457698376942    
  0.1418957946245608    
  0.1400344290450658    
  0.1381616793789103    
  0.1362775538449039    
  0.1343820626574134    
  0.1324752180740022    
  0.1305570344351099    
  0.1286275282105251    
  0.1266867180559844    
  0.1247346248657841    
  0.1227712718148614    
  0.1207966844035047    
  0.1188108905130723    
  0.1168139204596762    
  0.1148058070357864    
  0.1127865855543071    
  0.1107562939084169    
  0.1087149726305230    
  0.1066626649302942    
  0.1045994167276185    
  0.1025252767087392    
  0.1004402963952783    
  0.9834453019155114E-01
  0.9623803541113507E-01
  0.9412087231841566E-01
  0.9199310419313911E-01
  0.8985479738535117E-01
  0.8770602134703956E-01
  0.8554684866853030E-01
  0.8337735513510841E-01
  0.8119761977793233E-01
  0.7900772490259123E-01
  0.7680775612119090E-01
  0.7459780240758014E-01
  0.7237795614966960E-01
  0.7014831317399874E-01
  0.6790897276616174E-01
  0.6566003771720674E-01
  0.6340161437707492E-01
  0.6113381268069548E-01
  0.5885674615841123E-01
  0.5657053196652836E-01
  0.5427529093459021E-01
  0.5197114759613824E-01
  0.4965823019886050E-01
  0.4733667072039043E-01
  0.4500660489653070E-01
  0.4266817224364573E-01
  0.4032151607086113E-01
  0.3796678349454549E-01
  0.3560412545305681E-01
  0.3323369671016804E-01
  0.3085565585575958E-01
  0.2847016531891743E-01
  0.2607739138009699E-01
  0.2367750416020407E-01
  0.2127067760042179E-01
  0.1885708946255587E-01
  0.1643692133936808E-01
  0.1401035863861336E-01
  0.1157759054437812E-01
  0.9138809995412165E-02
  0.6694213685299189E-02
  0.4244002045148010E-02
  0.1788379195592415E-02
 -0.6724470968804218E-03
 -0.3138265440617401E-02
 -0.5608860845612797E-02
 -0.8084014777592744E-02
 -0.1056350521598499E-01
 -0.1304710669452019E-01
 -0.1553459034303453E-01
 -0.1802572395049663E-01
 -0.2052027203465953E-01
 -0.2301799590124079E-01
 -0.2551865370482465E-01
 -0.2802200052482133E-01
 -0.3052778844433070E-01
 -0.3303576662247495E-01
 -0.3554568137449872E-01
 -0.3805727626616471E-01
 -0.4057029220379932E-01
 -0.4308446751437825E-01
 -0.4559953803994148E-01
 -0.4811523725379657E-01
 -0.5063129636803948E-01
 -0.5314744441960096E-01
 -0.5566340836995768E-01
 -0.5817891323963353E-01
 -0.6069368224044354E-01
 -0.6320743687400365E-01
 -0.6571989703087659E-01
 -0.6823078113144368E-01
 -0.7073980627998053E-01
 -0.7324668838284447E-01
 -0.7575114225046756E-01
 -0.7825288173750269E-01
 -0.8075161991170986E-01
 -0.8324706919475063E-01
 -0.8573894147241419E-01
 -0.8822694822886917E-01
 -0.9071080071735901E-01
 -0.9319021011790858E-01
 -0.9566488766240680E-01
 -0.9813454476994987E-01
 -0.1005988932156233    
 -0.1030576452946079    
 -0.1055105139550637    
 -0.1079572129333664    
 -0.1103974569210529    
 -0.1128309617343955    
 -0.1152574444541284    
 -0.1176766235582979    
 -0.1200882190813259    
 -0.1224919527813691    
 -0.1248875482829864    
 -0.1272747312088944    
 -0.1296532293331001    
 -0.1320227727441763    
 -0.1343830939850331    
 -0.1367339281760815    
 -0.1390750131558739    
 -0.1414060896375058    
 -0.1437269013476369    
 -0.1460371951444869    
 -0.1483367211441692    
 -0.1506252328612379    
 -0.1529024873367402    
 -0.1551682452472134    
 -0.1574222710205813    
 -0.1596643329662225    
 -0.1618942033910977    
 -0.1641116586901743    
 -0.1663164794399753    
 -0.1685084505141249    
 -0.1706873611947344    
 -0.1728530052533908    
 -0.1750051810207295    
 -0.1771436914744679    
 -0.1792683443346355    
 -0.1813789521357951    
 -0.1834753322811605    
 -0.1855573071078188    
 -0.1876247039622473    
 -0.1896773552565525    
 -0.1917150985016410    
 -0.1937377763483815    
 -0.1957452366476042    
 -0.1977373324974383    
 -0.1997139222568635    
 -0.2016748695531998    
 -0.2036200433157943    
 -0.2055493178179863    
 -0.2074625726868813    
 -0.2093596928841760    
 -0.2112405687005086    
 -0.2131050957767620    
 -0.2149531751156417    
 -0.2167847130561453    
 -0.2185996212354611    
 -0.2203978165738714    
 -0.2221792212736528    
 -0.2239437627961277    
 -0.2256913738117711    
 -0.2274219921535308    
 -0.2291355607885717    
 -0.2308320277877785    
 -0.2325113462734519    
 -0.2341734743566941    
 -0.2358183750843676    
 -0.2374460163918541    
 -0.2390563710442760    
 -0.2406494165652519    
 -0.2422251351677383    
 -0.2437835136914321    
 -0.2453245435353821    
 -0.2468482205792190    
 -0.2483545451014381    
 -0.2498435217033718    
 -0.2513151592344827    
 -0.2527694707101775    
 -0.2542064732225908    
 -0.2556261878518575    
 -0.2570286395809468    
 -0.2584138572101077    
 -0.2597818732670519    
 -0.2611327239136161    
 -0.2624664488516967    
 -0.2637830912300104    
 -0.2650826975515881    
 -0.2663653175809373    
 -0.2676310042493172    
 -0.2688798135575884    
 -0.2701118044784571    
 -0.2713270388608424    
 -0.2725255813365305    
 -0.2737074992261216    
 -0.2748728624418701    
 -0.2760217433891614    
 -0.2771542168706789    
 -0.2782703599944665    
 -0.2793702520825587    
 -0.2804539745767127    
 -0.2815216109421882    
 -0.2825732465738232    
 -0.2836089687066398    
 -0.2846288663287680    
 -0.2856330300929085    
 -0.2866215522254052    
 -0.2875945264359143    
 -0.2885520478315311    
 -0.2894942128357181    
 -0.2904211191077044    
 -0.2913328654579862    
 -0.2922295517618779    
 -0.2931112788784925    
 -0.2939781485783859    
 -0.2948302634727841    
 -0.2956677269353721    
 -0.2964906430192858    
 -0.2972991163822051    
 -0.2980932522248808    
 -0.2988731562313246    
 -0.2996389344968945    
 -0.3003906934490544    
 -0.3011285397793299    
 -0.3018525803926980    
 -0.3025629223580562    
 -0.3032596728432611    
 -0.3039429390421328    
 -0.3046128281147545    
 -0.3052694471456678    
 -0.3059129031013635    
 -0.3065433027725964    
 -0.3071607527117768    
 -0.3077653591840208    
 -0.3083572281312706    
 -0.3089364651323265    
 -0.3095031753519549    
 -0.3100574634917228    
 -0.3105994337536904    
 -0.3111291898095113    
 -0.3116468347615150    
 -0.3121524710975466    
 -0.3126462006536148    
 -0.3131281245890047    
 -0.3135983433617658    
 -0.3140569566932527    
 -0.3145040635279339    
 -0.3149397620041069    
 -0.3153641494384676    
 -0.3157773223092827    
 -0.3161793762250720    
 -0.3165704058873475    
 -0.3169505050677385    
 -0.3173197666029023    
 -0.3176782823863731    
 -0.3180261433402781    
 -0.3183634393793128    
 -0.3186902593931384    
 -0.3190066912498657    
 -0.3193128217948952    
 -0.3196087368271666    
 -0.3198945210677630    
 -0.3201702581468484    
 -0.3204360306097553    
 -0.3206919199188044    
 -0.3209380064365083    
 -0.3211743694023620    
 -0.3214010869229400    
 -0.3216182359771476    
 -0.3218258924209941    
 -0.3220241309795200    
 -0.3222130252303931    
 -0.3223926475936806    
 -0.3225630693351693    
 -0.3227243605753287    
 -0.3228765902903056    
 -0.3230198263019584    
 -0.3231541352678381    
 -0.3232795826818048    
 -0.3233962328828134    
 -0.3235041490610731    
 -0.3236033932566442    
 -0.3236940263553977    
 -0.3237761080885929    
 -0.3238496970369309    
 -0.3239148506364570    
 -0.3239716251839378    
 -0.3240200758402406    
 -0.3240602566317467    
 -0.3240922204524199    
 -0.3241160190693324    
 -0.3241317031304153    
 -0.3241393221701785    
 -0.3241389246121688    
 -0.3241305577720966    
 -0.3241142678653854    
 -0.3240901000174429    
 -0.3240580982714013    
 -0.3240183055909152    
 -0.3239707638616402    
 -0.3239155138974700    
 -0.3238525954530543    
 -0.3237820472366925    
 -0.3237039069162739    
 -0.3236182111188814    
 -0.3235249954330665    
 -0.3234242944202270    
 -0.3233161416303615    
 -0.3232005696122525    
 -0.3230776099156712    
 -0.3229472930930195    
 -0.3228096487073685    
 -0.3226647053453307    
 -0.3225124906283450    
 -0.3223530312194302    
 -0.3221863528280621    
 -0.3220124802168653    
 -0.3218314372107085    
 -0.3216432467061517    
 -0.3214479306796336    
 -0.3212455101949323    
 -0.3210360054111820    
 -0.3208194355913029    
 -0.3205958191096802    
 -0.3203651734592330    
 -0.3201275152595269    
 -0.3198828602662957    
 -0.3196312233801548    
 -0.3193726186526838    
 -0.3191070592915942    
 -0.3188345576686593    
 -0.3185551253312090    
 -0.3182687730131551    
 -0.3179755106406407    
 -0.3176753473328937    
 -0.3173682914057126    
 -0.3170543503841777    
 -0.3167335310206240    
 -0.3164058393051256    
 -0.3160712804622956    
 -0.3157298589451873    
 -0.3153815784428783    
 -0.3150264419028009    
 -0.3146644515502630    
 -0.3142956088899468    
 -0.3139199146951281    
 -0.3135373690045193    
 -0.3131479711379873    
 -0.3127517197215650    
 -0.3123486127016972    
 -0.3119386473394245    
 -0.3115218201971019    
 -0.3110981271402330    
 -0.3106675633612371    
 -0.3102301234054046    
 -0.3097858011745486    
 -0.3093345899102999    
 -0.3088764821848644    
 -0.3084114699180939    
 -0.3079395444067658    
 -0.3074606963375557    
 -0.3069749157763495    
 -0.3064821921544369    
 -0.3059825142735311    
 -0.3054758703287272    
 -0.3049622479294612    
 -0.3044416341019330    
 -0.3039140152765418    
 -0.3033793772800124    
 -0.3028377053471921    
 -0.3022889841454334    
 -0.3017331977893820    
 -0.3011703298349545    
 -0.3006003632662088    
 -0.3000232804967425    
 -0.2994390633887992    
 -0.2988476932724864    
 -0.2982491509491923    
 -0.2976434166824676    
 -0.2970304701927001    
 -0.2964102906661684    
 -0.2957828567731023    
 -0.2951481466800183    
 -0.2945061380481332    
 -0.2938568080253736    
 -0.2932001332469343    
 -0.2925360898490552    
 -0.2918646534847846    
 -0.2911857993288242    
 -0.2904995020724639    
 -0.2898057359207832    
 -0.2891044746000927    
 -0.2883956913715309    
 -0.2876793590410209    
 -0.2869554499603822    
 -0.2862239360236555    
 -0.2854847886681894    
 -0.2847379788856343    
 -0.2839834772362747    
 -0.2832212538547504    
 -0.2824512784454701    
 -0.2816735202802286    
 -0.2808879482084156    
 -0.2800945306731222    
 -0.2792932357181878    
 -0.2784840309840337    
 -0.2776668837058354    
 -0.2768417607239718    
 -0.2760086284992724    
 -0.2751674531192052    
 -0.2743182002945557    
 -0.2734608353602450    
 -0.2725953232883041    
 -0.2717216287029945    
 -0.2708397158839531    
 -0.2699495487609332    
 -0.2690510909178810    
 -0.2681443056113669    
 -0.2672291557857206    
 -0.2663056040706668    
 -0.2653736127746674    
 -0.2644331438960833    
 -0.2634841591476005    
 -0.2625266199674204    
 -0.2615604875099836    
 -0.2605857226415930    
 -0.2596022859606790    
 -0.2586101378255128    
 -0.2576092383601024    
 -0.2565995474409190    
 -0.2555810246958891    
 -0.2545536295306802    
 -0.2535173211591047    
 -0.2524720586079863    
 -0.2514178007014021    
 -0.2503545060587921    
 -0.2492821331249492    
 -0.2482006402064406    
 -0.2471099854775074    
 -0.2460101269600303    
 -0.2449010225218404    
 -0.2437826299145818    
 -0.2426549068140275    
 -0.2415178108197287    
 -0.2403712994317560    
 -0.2392153300588591    
 -0.2380498600652876    
 -0.2368748468047598    
 -0.2356902476120621    
 -0.2344960197891735    
 -0.2332921206277717    
 -0.2320785074508852    
 -0.2308551376317007    
 -0.2296219685903335    
 -0.2283789578019948    
 -0.2271260628242391    
 -0.2258632413209448    
 -0.2245904510752248    
 -0.2233076500052959    
 -0.2220147961859631    
 -0.2207118478640822    
 -0.2193987634714853    
 -0.2180755016504650    
 -0.2167420212855216    
 -0.2153982815197870    
 -0.2140442417602122    
 -0.2126798616989372    
 -0.2113051013533480    
 -0.2099199210948793    
 -0.2085242816553451    
 -0.2071181441385870    
 -0.2057014700569079    
 -0.2042742213712883    
 -0.2028363605113730    
 -0.2013878503868850    
 -0.1999286544134070    
 -0.1984587365485614    
 -0.1969780613213006    
 -0.1954865938557731    
 -0.1939842999014517    
 -0.1924711458657615    
 -0.1909470988390252    
 -0.1894121266182384    
 -0.1878661977425403    
 -0.1863092815346282    
 -0.1847413481323784    
 -0.1831623685119855    
 -0.1815723145179061    
 -0.1799711589029400    
 -0.1783588753672737    
 -0.1767354385914113    
 -0.1751008242693711    
 -0.1734550091455190    
 -0.1717979710516278    
 -0.1701296889438759    
 -0.1684501429427808    
 -0.1667593143735007    
 -0.1650571858020819    
 -0.1633437410719159    
 -0.1616189653477356    
 -0.1598828451629934    
 -0.1581353684597364    
 -0.1563765246221551    
 -0.1546063045171320    
 -0.1528247005460114    
 -0.1510317066949222    
 -0.1492273185732952    
 -0.1474115334487827    
 -0.1455843502930839    
 -0.1437457698376942    
 -0.1418957946245608    
 -0.1400344290450658    
 -0.1381616793789103    
 -0.1362775538449039    
 -0.1343820626574134    
 -0.1324752180740022    
 -0.1305570344351099    
 -0.1286275282105251    
 -0.1266867180559844    
 -0.1247346248657841    
 -0.1227712718148614    
 -0.1207966844035047    
 -0.1188108905130723    
 -0.1168139204596762    
 -0.1148058070357864    
 -0.1127865855543071    
 -0.1107562939084169    
 -0.1087149726305230    
 -0.1066626649302942    
 -0.1045994167276185    
 -0.1025252767087392    
 -0.1004402963952783    
 -0.9834453019155114E-01
 -0.9623803541113507E-01
 -0.9412087231841566E-01
 -0.9199310419313911E-01
 -0.8985479738535117E-01
 -0.8770602134703956E-01
 -0.8554684866853030E-01
 -0.8337735513510841E-01
 -0.8119761977793233E-01
 -0.7900772490259123E-01
 -0.7680775612119090E-01
 -0.7459780240758014E-01
 -0.7237795614966960E-01
 -0.7014831317399874E-01
 -0.6790897276616174E-01
 -0.6566003771720674E-01
 -0.6340161437707492E-01
 -0.6113381268069548E-01
 -0.5885674615841123E-01
 -0.5657053196652836E-01
 -0.5427529093459021E-01
 -0.5197114759613824E-01
 -0.4965823019886050E-01
 -0.4733667072039043E-01
 -0.4500660489653070E-01
 -0.4266817224364573E-01
 -0.4032151607086113E-01
 -0.3796678349454549E-01
 -0.3560412545305681E-01
 -0.3323369671016804E-01
 -0.3085565585575958E-01
 -0.2847016531891743E-01
 -0.2607739138009699E-01
 -0.2367750416020407E-01
 -0.2127067760042179E-01
 -0.1885708946255587E-01
 -0.1643692133936808E-01
 -0.1401035863861336E-01
 -0.1157759054437812E-01
 -0.9138809995412165E-02
 -0.6694213685299189E-02
 -0.4244002045148010E-02
 -0.1788379195592415E-02
  0.6724470968804218E-03
  0.3138265440617401E-02
  0.5608860845612797E-02
  0.8084014777592744E-02
  0.1056350521598499E-01
  0.1304710669452019E-01
  0.1553459034303453E-01
  0.1802572395049663E-01
  0.2052027203465953E-01
  0.2301799590124079E-01
  0.2551865370482465E-01
  0.2802200052482133E-01
  0.3052778844433070E-01
  0.3303576662247495E-01
  0.3554568137449872E-01
  0.3805727626616471E-01
  0.4057029220379932E-01
  0.4308446751437825E-01
  0.4559953803994148E-01
  0.4811523725379657E-01
  0.5063129636803948E-01
  0.5314744441960096E-01
  0.5566340836995768E-01
  0.5817891323963353E-01
  0.6069368224044354E-01
  0.6320743687400365E-01
  0.6571989703087659E-01
  0.6823078113144368E-01
  0.7073980627998053E-01
  0.7324668838284447E-01
  0.7575114225046756E-01
  0.7825288173750269E-01
  0.8075161991170986E-01
  0.8324706919475063E-01
  0.8573894147241419E-01
  0.8822694822886917E-01
  0.9071080071735901E-01
  0.9319021011790858E-01
  0.9566488766240680E-01
  0.9813454476994987E-01
  0.1005988932156233    
  0.1030576452946079    
  0.1055105139550637    
  0.1079572129333664    
  0.1103974569210529    
  0.1128309617343955    
  0.1152574444541284    
  0.1176766235582979    
  0.1200882190813259    
  0.1224919527813691    
  0.1248875482829864    
  0.1272747312088944    
  0.1296532293331001    
  0.1320227727441763    
  0.1343830939850331    
  0.1367339281760815    
  0.1390750131558739    
  0.1414060896375058    
  0.1437269013476369    
  0.1460371951444869    
  0.1483367211441692    
  0.1506252328612379    
  0.1529024873367402    
  0.1551682452472134    
  0.1574222710205813    
  0.1596643329662225    
  0.1618942033910977    
  0.1641116586901743    
  0.1663164794399753    
  0.1685084505141249    
  0.1706873611947344    
  0.1728530052533908    
  0.1750051810207295    
  0.1771436914744679    
  0.1792683443346355    
  0.1813789521357951    
  0.1834753322811605    
  0.1855573071078188    
  0.1876247039622473    
  0.1896773552565525    
  0.1917150985016410    
  0.1937377763483815    
  0.1957452366476042    
  0.1977373324974383    
  0.1997139222568635    
  0.2016748695531998    
  0.2036200433157943    
  0.2055493178179863    
  0.2074625726868813    
  0.2093596928841760    
  0.2112405687005086    
  0.2131050957767620    
  0.2149531751156417    
  0.2167847130561453    
  0.2185996212354611    
  0.2203978165738714    
  0.2221792212736528    
  0.2239437627961277    
  0.2256913738117711    
  0.2274219921535308    
  0.2291355607885717    
  0.2308320277877785    
  0.2325113462734519    
  0.2341734743566941    
  0.2358183750843676    
  0.2374460163918541    
  0.2390563710442760    
  0.2406494165652519    
  0.2422251351677383    
  0.2437835136914321    
  0.2453245435353821    
  0.2468482205792190    
  0.2483545451014381    
  0.2498435217033718    
  0.2513151592344827    
  0.2527694707101775    
  0.2542064732225908    
  0.2556261878518575    
  0.2570286395809468    
  0.2584138572101077    
  0.2597818732670519    
  0.2611327239136161    
  0.2624664488516967    
  0.2637830912300104    
  0.2650826975515881    
  0.2663653175809373    
  0.2676310042493172    
  0.2688798135575884    
  0.2701118044784571    
  0.2713270388608424    
  0.2725255813365305    
  0.2737074992261216    
  0.2748728624418701    
  0.2760217433891614    
  0.2771542168706789    
  0.2782703599944665    
  0.2793702520825587    
  0.2804539745767127    
  0.2815216109421882    
  0.2825732465738232    
  0.2836089687066398    
  0.2846288663287680    
  0.2856330300929085    
  0.2866215522254052    
  0.2875945264359143    
  0.2885520478315311    
  0.2894942128357181    
  0.2904211191077044    
  0.2913328654579862    
  0.2922295517618779    
  0.2931112788784925    
  0.2939781485783859    
  0.2948302634727841    
  0.2956677269353721    
  0.2964906430192858    
  0.2972991163822051    
  0.2980932522248808    
  0.2988731562313246    
  0.2996389344968945    
  0.3003906934490544    
  0.3011285397793299    
  0.3018525803926980    
  0.3025629223580562    
  0.3032596728432611    
  0.3039429390421328    
  0.3046128281147545    
  0.3052694471456678    
  0.3059129031013635    
  0.3065433027725964    
  0.3071607527117768    
  0.3077653591840208    
  0.3083572281312706    
  0.3089364651323265    
  0.3095031753519549    
  0.3100574634917228    
  0.3105994337536904    
  0.3111291898095113    
  0.3116468347615150    
  0.3121524710975466    
  0.3126462006536148    
  0.3131281245890047    
  0.3135983433617658    
  0.3140569566932527    
  0.3145040635279339    
  0.3149397620041069    
  0.3153641494384676    
  0.3157773223092827    
  0.3161793762250720    
  0.3165704058873475    
  0.3169505050677385    
  0.3173197666029023    
  0.3176782823863731    
  0.3180261433402781    
  0.3183634393793128    
  0.3186902593931384    
  0.3190066912498657    
  0.3193128217948952    
  0.3196087368271666    
  0.3198945210677630    
  0.3201702581468484    
  0.3204360306097553    
  0.3206919199188044    
  0.3209380064365083    
  0.3211743694023620    
  0.3214010869229400    
  0.3216182359771476    
  0.3218258924209941    
  0.3220241309795200    
  0.3222130252303931    
  0.3223926475936806    
  0.3225630693351693    
  0.3227243605753287    
  0.3228765902903056    
  0.3230198263019584    
  0.3231541352678381    
  0.3232795826818048    
  0.3233962328828134    
  0.3235041490610731    
  0.3236033932566442    
  0.3236940263553977    
  0.3237761080885929    
  0.3238496970369309    
  0.3239148506364570    
  0.3239716251839378    
  0.3240200758402406    
  0.3240602566317467    
  0.3240922204524199    
  0.3241160190693324    
  0.3241317031304153    
  0.3241393221701785    
  0.3241389246121688    
  0.3241305577720966    
  0.3241142678653854    
  0.3240901000174429    
  0.3240580982714013    
  0.3240183055909152    
  0.3239707638616402    
  0.3239155138974700    
  0.3238525954530543    
  0.3237820472366925    
  0.3237039069162739    
  0.3236182111188814    
  0.3235249954330665    
  0.3234242944202270    
  0.3233161416303615    
  0.3232005696122525    
  0.3230776099156712    
  0.3229472930930195    
  0.3228096487073685    
  0.3226647053453307    
  0.3225124906283450    
  0.3223530312194302    
  0.3221863528280621    
  0.3220124802168653    
  0.3218314372107085    
  0.3216432467061517    
  0.3214479306796336    
  0.3212455101949323    
  0.3210360054111820    
  0.3208194355913029    
  0.3205958191096802    
  0.3203651734592330    
  0.3201275152595269    
