  0.3361732886148208    
  0.3374520882564845    
  0.3387409818324237    
  0.3400400740037261    
  0.3413494715021435    
  0.3426692831657995    
  0.3439996199756395    
  0.3453405950926400    
  0.3466923238958315    
  0.3480549240211128    
  0.3494285154008223    
  0.3508132203040766    
  0.3522091633779350    
  0.3536164716893881    
  0.3550352747681552    
  0.3564657046503244    
  0.3579078959228852    
  0.3593619857690922    
  0.3608281140145617    
  0.3623064231740927    
  0.3637970584992878    
  0.3653001680269781    
  0.3668159026283974    
  0.3683444160591129    
  0.3698858650097782    
  0.3714404091576778    
  0.3730082112189790    
  0.3745894370016437    
  0.3761842554590259    
  0.3777928387440704    
  0.3794153622639981    
  0.3810520047354702    
  0.3827029482403197    
  0.3843683782817840    
  0.3860484838410345    
  0.3877434574338552    
  0.3894534951675106    
  0.3911787967977885    
  0.3929195657860646    
  0.3946760093562140    
  0.3964483385512998    
  0.3982367682899135    
  0.4000415174219415    
  0.4018628087835268    
  0.4037008692511179    
  0.4055559297944563    
  0.4074282255282353    
  0.4093179957620999    
  0.4112254840487269    
  0.4131509382297138    
  0.4150946104789501    
  0.4170567573431226    
  0.4190376397790271    
  0.4210375231872255    
  0.4230566774414614    
  0.4250953769132281    
  0.4271539004909494    
  0.4292325315931836    
  0.4313315581751662    
  0.4334512727279521    
  0.4355919722694126    
  0.4377539583261756    
  0.4399375369054661    
  0.4421430184557517    
  0.4443707178151100    
  0.4466209541460323    
  0.4488940508551587    
  0.4511903354963155    
  0.4535101396552882    
  0.4558537988146085    
  0.4582216521963948    
  0.4606140425810701    
  0.4630313160996706    
  0.4654738219972378    
  0.4679419123644948    
  0.4704359418346826    
  0.4729562672421839    
  0.4755032472392822    
  0.4780772418671562    
  0.4806786120769648    
  0.4833077191964908    
  0.4859649243372285    
  0.4886505877362963    
  0.4913650680272046    
  0.4941087214331403    
  0.4968819008757122    
  0.4996849549913471    
  0.5025182270469326    
  0.5053820537457590    
  0.5082767639139828    
  0.5112026770568873    
  0.5141601017733757    
  0.5171493340163712    
  0.5201706551856673    
  0.5232243300384686    
  0.5263106044016544    
  0.5294297026687617    
  0.5325818250634613    
  0.5357671446498864    
  0.5389858040686479    
  0.5422379119758067    
  0.5455235391602713    
  0.5488427143133192    
  0.5521954194224390    
  0.5555815847602630    
  0.5590010834375208    
  0.5624537254868585    
  0.5659392514425164    
  0.5694573253794648    
  0.5730075273742065    
  0.5765893453480325    
  0.5802021662523735    
  0.5838452665553370    
  0.5875178019883555    
  0.5912187965120530    
  0.5949471304612369    
  0.5987015278307444    
  0.6024805426668292    
  0.6062825445331257    
  0.6101057030262214    
  0.6139479713236566    
  0.6178070687568525    
  0.6216804624135008    
  0.6255653477889733    
  0.6294586285248537    
  0.6333568952949993    
  0.6372564039261482    
  0.6411530528714461    
  0.6450423601916238    
  0.6489194402401547    
  0.6527789802962521    
  0.6566152174436121    
  0.6604219160531681    
  0.6641923462940519    
  0.6679192641681712    
  0.6715948936400350    
  0.6752109115133678    
  0.6787584357871577    
  0.6822280183034831    
  0.6856096425750724    
  0.6888927277485123    
  0.6920661397142668    
  0.6951182104113292    
  0.6980367663855823    
  0.7008091676392636    
  0.7034223577469148    
  0.7058629261048394    
  0.7081171830211666    
  0.7101712481359272    
  0.7120111523791277    
  0.7136229533275724    
  0.7149928634121079    
  0.7161073899648612    
  0.7169534855928876    
  0.7175187068365504    
  0.7177913785395171    
  0.7177607608490144    
  0.7174172153098211    
  0.7167523661461017    
  0.7157592525750902    
  0.7144324678957196    
  0.7127682811653098    
  0.7107647375307051    
  0.7084217337205454    
  0.7057410658257722    
  0.7027264472753627    
  0.6993834958186754    
  0.6957196893094058    
  0.6917442910980536    
  0.6874682468266160    
  0.6829040553277836    
  0.6780656171129245    
  0.6729680645496837    
  0.6676275782549093    
  0.6620611944490894    
  0.6562866080352160    
  0.6503219759908647    
  0.6441857253211645    
  0.6378963693444863    
  0.6314723355096890    
  0.6249318073116974    
  0.6182925822168628    
  0.6115719468629008    
  0.6047865701883890    
  0.5979524145964024    
  0.5910846647810817    
  0.5841976734521325    
  0.5773049228823282    
  0.5704190009751018    
  0.5635515903983228    
  0.5567134692483479    
  0.5499145216856335    
  0.5431637570089917    
  0.5364693356995364    
  0.5298386010574914    
  0.5232781151668346    
  0.5167936980468069    
  0.5103904689793848    
  0.5040728891320115    
  0.4978448047209043    
  0.4917094900794281    
  0.4856696901068971    
  0.4797276616743831    
  0.4738852136547274    
  0.4681437453236510    
  0.4625042829481581    
  0.4569675144378150    
  0.4515338219845992    
  0.4462033126585363    
  0.4409758469603975    
  0.4358510653601638    
  0.4308284128716904    
  0.4259071617305673    
  0.4210864322544133    
  0.4163652119733255    
  0.4117423731236657    
  0.4072166886013354    
  0.4027868464717388    
  0.3984514631330435    
  0.3942090952274990    
  0.3900582503927696    
  0.3859973969418092    
  0.3820249725558337    
  0.3781393920705834    
  0.3743390544314502    
  0.3706223488884321    
  0.3669876604972243    
  0.3634333749882028    
  0.3599578830605635    
  0.3565595841546638    
  0.3532368897515383    
  0.3499882262446763    
  0.3468120374254423    
  0.3437067866201301    
  0.3406709585134582    
  0.3377030606902957    
  0.3348016249245508    
  0.3319652082415896    
  0.3291923937782056    
  0.3264817914619773    
  0.3238320385297526    
  0.3212417999031544    
  0.3187097684373157    
  0.3162346650575674    
  0.3138152387973216    
  0.3114502667490919    
  0.3091385539394102    
  0.3068789331373811    
  0.3046702646056163    
  0.3025114358014029    
  0.3004013610351346    
  0.2983389810923334    
  0.2963232628249066    
  0.2943531987166834    
  0.2924278064277279    
  0.2905461283214443    
  0.2887072309780294    
  0.2869102046974474    
  0.2851541629947210    
  0.2834382420900743    
  0.2817616003961096    
  0.2801234180039427    
  0.2785228961699757    
  0.2769592568048153    
  0.2754317419656490    
  0.2739396133532051    
  0.2724821518142468    
  0.2710586568504298    
  0.2696684461342351    
  0.2683108550325843    
  0.2669852361386282    
  0.2656909588121306    
  0.2644274087287686    
  0.2631939874386149    
  0.2619901119339820    
  0.2608152142268046    
  0.2596687409356610    
  0.2585501528825002    
  0.2574589246990753    
  0.2563945444430751    
  0.2553565132239182    
  0.2543443448381446    
  0.2533575654143043    
  0.2523957130672506    
  0.2514583375617203    
  0.2505449999850732    
  0.2496552724290223    
  0.2487887376802082    
  0.2479449889194556    
  0.2471236294295555    
  0.2463242723113784    
  0.2455465402081493    
  0.2447900650377054    
  0.2440544877325538    
  0.2433394579875340    
  0.2426446340149036    
  0.2419696823066702    
  0.2413142774039842    
  0.2406781016733931    
  0.2400608450897858    
  0.2394622050258561    
  0.2388818860479117    
  0.2383195997178436    
  0.2377750644010873    
  0.2372480050804107    
  0.2367381531753726    
  0.2362452463672688    
  0.2357690284294194    
  0.2353092490626530    
  0.2348656637358339    
  0.2344380335312631    
  0.2340261249948177    
  0.2336297099906948    
  0.2332485655606324    
  0.2328824737874555    
  0.2325312216628193    
  0.2321946009590341    
  0.2318724081048439    
  0.2315644440650283    
  0.2312705142237115    
  0.2309904282712806    
  0.2307240000948059    
  0.2304710476718342    
  0.2302313929674540    
  0.2300048618345472    
  0.2297912839171287    
  0.2295904925566590    
  0.2294023247012409    
  0.2292266208176258    
  0.2290632248059444    
  0.2289119839170604    
  0.2287727486724634    
  0.2286453727866357    
  0.2285297130918207    
  0.2284256294650987    
  0.2283329847577011    
  0.2282516447265022    
  0.2281814779676258    
  0.2281223558520823    
  0.2280741524633686    
  0.2280367445369872    
  0.2280100114018283    
  0.2279938349233359    
  0.2279880994484091    
  0.2279926917519925    
  0.2280075009853083    
  0.2280324186256562    
  0.2280673384277331    
  0.2281121563764443    
  0.2281667706411627    
  0.2282310815313719    
  0.2283049914536490    
  0.2283884048699538    
  0.2284812282571918    
  0.2285833700679880    
  0.2286947406926368    
  0.2288152524222074    
  0.2289448194127761    
  0.2290833576507277    
  0.2292307849190915    
  0.2293870207648903    
  0.2295519864674790    
  0.2297256050078257    
  0.2299078010387131    
  0.2300985008558473    
  0.2302976323698418    
  0.2305051250790310    
  0.2307209100430866    
  0.2309449198574305    
  0.2311770886284244    
  0.2314173519492959    
  0.2316656468767772    
  0.2319219119084581    
  0.2321860869608262    
  0.2324581133479502    
  0.2327379337607961    
  0.2330254922471803    
  0.2333207341923446    
  0.2336236063001119    
  0.2339340565745966    
  0.2342520343024840    
  0.2345774900358600    
  0.2349103755755569    
  0.2352506439549990    
  0.2355982494245593    
  0.2359531474364187    
  0.2363152946298898    
  0.2366846488171891    
  0.2370611689696694    
  0.2374448152045040    
  0.2378355487717866    
  0.2382333320420311    
  0.2386381284940890    
  0.2390499027034758    
  0.2394686203310833    
  0.2398942481122654    
  0.2403267538463171    
  0.2407661063863285    
  0.2412122756293829    
  0.2416652325070861    
  0.2421249489764540    
  0.2425913980111602    
  0.2430645535931083    
  0.2435443907043154    
  0.2440308853191209    
  0.2445240143967200    
  0.2450237558739903    
  0.2455300886586074    
  0.2460429926224739    
  0.2465624485954603    
  0.2470884383594295    
  0.2476209446425316    
  0.2481599511137978    
  0.2487054423780335    
  0.2492574039709879    
  0.2498158223547833    
  0.2503806849136253    
  0.2509519799497932    
  0.2515296966798890    
  0.2521138252313320    
  0.2527043566391278    
  0.2533012828429158    
  0.2539045966842678    
  0.2545142919042267    
  0.2551303631411052    
  0.2557528059285461    
  0.2563816166938298    
  0.2570167927564257    
  0.2576583323268195    
  0.2583062345056049    
  0.2589604992828247    
  0.2596211275375425    
  0.2602881210376776    
  0.2609614824401038    
  0.2616412152909923    
  0.2623273240263937    
  0.2630198139730848    
  0.2637186913496758    
  0.2644239632679573    
  0.2651356377344868    
  0.2658537236524457    
  0.2665782308237674    
  0.2673091699515119    
  0.2680465526424821    
  0.2687903914101160    
  0.2695406996776564    
  0.2702974917815812    
  0.2710607829752892    
  0.2718305894330670    
  0.2726069282543315    
  0.2733898174681320    
  0.2741792760379110    
  0.2749753238665713    
  0.2757779818018434    
  0.2765872716419207    
  0.2774032161413550    
  0.2782258390172480    
  0.2790551649557436    
  0.2798912196188101    
  0.2807340296513043    
  0.2815836226883544    
  0.2824400273630553    
  0.2833032733144605    
  0.2841733911958761    
  0.2850504126835035    
  0.2859343704854248    
  0.2868252983509081    
  0.2877232310800265    
  0.2886282045336366    
  0.2895402556437217    
  0.2904594224240677    
  0.2913857439812650    
  0.2923192605260661    
  0.2932600133851031    
  0.2942080450129563    
  0.2951633990045813    
  0.2961261201081437    
  0.2970962542382604    
  0.2980738484896248    
  0.2990589511510229    
  0.3000516117197882    
  0.3010518809166972    
  0.3020598107012756    
  0.3030754542875028    
  0.3040988661599653    
  0.3051301020904720    
  0.3061692191551084    
  0.3072162757517243    
  0.3082713316178978    
  0.3093344478493787    
  0.3104056869190069    
  0.3114851126961115    
  0.3125727904664383    
  0.3136687869525959    
  0.3147731703349907    
  0.3158860102732591    
  0.3170073779282676    
  0.3181373459847031    
  0.3192759886742306    
  0.3204233817992060    
  0.3215796027569847    
  0.3227447305648308    
  0.3239188458854050    
  0.3251020310528354    
  0.3262943700994122    
  0.3274959487829114    
  0.3287068546145285    
  0.3299271768874338    
  0.3311570067060193    
  0.3323964370158554    
  0.3336455626343431    
  0.3349044802820578    
  0.3361732886148208    
  0.3374520882564845    
  0.3387409818324237    
  0.3400400740037261    
  0.3413494715021435    
  0.3426692831657995    
  0.3439996199756395    
  0.3453405950926400    
  0.3466923238958315    
  0.3480549240211128    
  0.3494285154008223    
  0.3508132203040766    
  0.3522091633779350    
  0.3536164716893881    
  0.3550352747681552    
  0.3564657046503244    
  0.3579078959228852    
  0.3593619857690922    
  0.3608281140145617    
  0.3623064231740927    
  0.3637970584992878    
  0.3653001680269781    
  0.3668159026283974    
  0.3683444160591129    
  0.3698858650097782    
  0.3714404091576778    
  0.3730082112189790    
  0.3745894370016437    
  0.3761842554590259    
  0.3777928387440704    
  0.3794153622639981    
  0.3810520047354702    
  0.3827029482403197    
  0.3843683782817840    
  0.3860484838410345    
  0.3877434574338552    
  0.3894534951675106    
  0.3911787967977885    
  0.3929195657860646    
  0.3946760093562140    
  0.3964483385512998    
  0.3982367682899135    
  0.4000415174219415    
  0.4018628087835268    
  0.4037008692511179    
  0.4055559297944563    
  0.4074282255282353    
  0.4093179957620999    
  0.4112254840487269    
  0.4131509382297138    
  0.4150946104789501    
  0.4170567573431226    
  0.4190376397790271    
  0.4210375231872255    
  0.4230566774414614    
  0.4250953769132281    
  0.4271539004909494    
  0.4292325315931836    
  0.4313315581751662    
  0.4334512727279521    
  0.4355919722694126    
  0.4377539583261756    
  0.4399375369054661    
  0.4421430184557517    
  0.4443707178151100    
  0.4466209541460323    
  0.4488940508551587    
  0.4511903354963155    
  0.4535101396552882    
  0.4558537988146085    
  0.4582216521963948    
  0.4606140425810701    
  0.4630313160996706    
  0.4654738219972378    
  0.4679419123644948    
  0.4704359418346826    
  0.4729562672421839    
  0.4755032472392822    
  0.4780772418671562    
  0.4806786120769648    
  0.4833077191964908    
  0.4859649243372285    
  0.4886505877362963    
  0.4913650680272046    
  0.4941087214331403    
  0.4968819008757122    
  0.4996849549913471    
  0.5025182270469326    
  0.5053820537457590    
  0.5082767639139828    
  0.5112026770568873    
  0.5141601017733757    
  0.5171493340163712    
  0.5201706551856673    
  0.5232243300384686    
  0.5263106044016544    
  0.5294297026687617    
  0.5325818250634613    
  0.5357671446498864    
  0.5389858040686479    
  0.5422379119758067    
  0.5455235391602713    
  0.5488427143133192    
  0.5521954194224390    
  0.5555815847602630    
  0.5590010834375208    
  0.5624537254868585    
  0.5659392514425164    
  0.5694573253794648    
  0.5730075273742065    
  0.5765893453480325    
  0.5802021662523735    
  0.5838452665553370    
  0.5875178019883555    
  0.5912187965120530    
  0.5949471304612369    
  0.5987015278307444    
  0.6024805426668292    
  0.6062825445331257    
  0.6101057030262214    
  0.6139479713236566    
  0.6178070687568525    
  0.6216804624135008    
  0.6255653477889733    
  0.6294586285248537    
  0.6333568952949993    
  0.6372564039261482    
  0.6411530528714461    
  0.6450423601916238    
  0.6489194402401547    
  0.6527789802962521    
  0.6566152174436121    
  0.6604219160531681    
  0.6641923462940519    
  0.6679192641681712    
  0.6715948936400350    
  0.6752109115133678    
  0.6787584357871577    
  0.6822280183034831    
  0.6856096425750724    
  0.6888927277485123    
  0.6920661397142668    
  0.6951182104113292    
  0.6980367663855823    
  0.7008091676392636    
  0.7034223577469148    
  0.7058629261048394    
  0.7081171830211666    
  0.7101712481359272    
  0.7120111523791277    
  0.7136229533275724    
  0.7149928634121079    
  0.7161073899648612    
  0.7169534855928876    
  0.7175187068365504    
  0.7177913785395171    
  0.7177607608490144    
  0.7174172153098211    
  0.7167523661461017    
  0.7157592525750902    
  0.7144324678957196    
  0.7127682811653098    
  0.7107647375307051    
  0.7084217337205454    
  0.7057410658257722    
  0.7027264472753627    
  0.6993834958186754    
  0.6957196893094058    
  0.6917442910980536    
  0.6874682468266160    
  0.6829040553277836    
  0.6780656171129245    
  0.6729680645496837    
  0.6676275782549093    
  0.6620611944490894    
  0.6562866080352160    
  0.6503219759908647    
  0.6441857253211645    
  0.6378963693444863    
  0.6314723355096890    
  0.6249318073116974    
  0.6182925822168628    
  0.6115719468629008    
  0.6047865701883890    
  0.5979524145964024    
  0.5910846647810817    
  0.5841976734521325    
  0.5773049228823282    
  0.5704190009751018    
  0.5635515903983228    
  0.5567134692483479    
  0.5499145216856335    
  0.5431637570089917    
  0.5364693356995364    
  0.5298386010574914    
  0.5232781151668346    
  0.5167936980468069    
  0.5103904689793848    
  0.5040728891320115    
  0.4978448047209043    
  0.4917094900794281    
  0.4856696901068971    
  0.4797276616743831    
  0.4738852136547274    
  0.4681437453236510    
  0.4625042829481581    
  0.4569675144378150    
  0.4515338219845992    
  0.4462033126585363    
  0.4409758469603975    
  0.4358510653601638    
  0.4308284128716904    
  0.4259071617305673    
  0.4210864322544133    
  0.4163652119733255    
  0.4117423731236657    
  0.4072166886013354    
  0.4027868464717388    
  0.3984514631330435    
  0.3942090952274990    
  0.3900582503927696    
  0.3859973969418092    
  0.3820249725558337    
  0.3781393920705834    
  0.3743390544314502    
  0.3706223488884321    
  0.3669876604972243    
  0.3634333749882028    
  0.3599578830605635    
  0.3565595841546638    
  0.3532368897515383    
  0.3499882262446763    
  0.3468120374254423    
  0.3437067866201301    
  0.3406709585134582    
  0.3377030606902957    
  0.3348016249245508    
  0.3319652082415896    
  0.3291923937782056    
  0.3264817914619773    
  0.3238320385297526    
  0.3212417999031544    
  0.3187097684373157    
  0.3162346650575674    
  0.3138152387973216    
  0.3114502667490919    
  0.3091385539394102    
  0.3068789331373811    
  0.3046702646056163    
  0.3025114358014029    
  0.3004013610351346    
  0.2983389810923334    
  0.2963232628249066    
  0.2943531987166834    
  0.2924278064277279    
  0.2905461283214443    
  0.2887072309780294    
  0.2869102046974474    
  0.2851541629947210    
  0.2834382420900743    
  0.2817616003961096    
  0.2801234180039427    
  0.2785228961699757    
  0.2769592568048153    
  0.2754317419656490    
  0.2739396133532051    
  0.2724821518142468    
  0.2710586568504298    
  0.2696684461342351    
  0.2683108550325843    
  0.2669852361386282    
  0.2656909588121306    
  0.2644274087287686    
  0.2631939874386149    
  0.2619901119339820    
  0.2608152142268046    
  0.2596687409356610    
  0.2585501528825002    
  0.2574589246990753    
  0.2563945444430751    
  0.2553565132239182    
  0.2543443448381446    
  0.2533575654143043    
  0.2523957130672506    
  0.2514583375617203    
  0.2505449999850732    
  0.2496552724290223    
  0.2487887376802082    
  0.2479449889194556    
  0.2471236294295555    
  0.2463242723113784    
  0.2455465402081493    
  0.2447900650377054    
  0.2440544877325538    
  0.2433394579875340    
  0.2426446340149036    
  0.2419696823066702    
  0.2413142774039842    
  0.2406781016733931    
  0.2400608450897858    
  0.2394622050258561    
  0.2388818860479117    
  0.2383195997178436    
  0.2377750644010873    
  0.2372480050804107    
  0.2367381531753726    
  0.2362452463672688    
  0.2357690284294194    
  0.2353092490626530    
  0.2348656637358339    
  0.2344380335312631    
  0.2340261249948177    
  0.2336297099906948    
  0.2332485655606324    
  0.2328824737874555    
  0.2325312216628193    
  0.2321946009590341    
  0.2318724081048439    
  0.2315644440650283    
  0.2312705142237115    
  0.2309904282712806    
  0.2307240000948059    
  0.2304710476718342    
  0.2302313929674540    
  0.2300048618345472    
  0.2297912839171287    
  0.2295904925566590    
  0.2294023247012409    
  0.2292266208176258    
  0.2290632248059444    
  0.2289119839170604    
  0.2287727486724634    
  0.2286453727866357    
  0.2285297130918207    
  0.2284256294650987    
  0.2283329847577011    
  0.2282516447265022    
  0.2281814779676258    
  0.2281223558520823    
  0.2280741524633686    
  0.2280367445369872    
  0.2280100114018283    
  0.2279938349233359    
  0.2279880994484091    
  0.2279926917519925    
  0.2280075009853083    
  0.2280324186256562    
  0.2280673384277331    
  0.2281121563764443    
  0.2281667706411627    
  0.2282310815313719    
  0.2283049914536490    
  0.2283884048699538    
  0.2284812282571918    
  0.2285833700679880    
  0.2286947406926368    
  0.2288152524222074    
  0.2289448194127761    
  0.2290833576507277    
  0.2292307849190915    
  0.2293870207648903    
  0.2295519864674790    
  0.2297256050078257    
  0.2299078010387131    
  0.2300985008558473    
  0.2302976323698418    
  0.2305051250790310    
  0.2307209100430866    
  0.2309449198574305    
  0.2311770886284244    
  0.2314173519492959    
  0.2316656468767772    
  0.2319219119084581    
  0.2321860869608262    
  0.2324581133479502    
  0.2327379337607961    
  0.2330254922471803    
  0.2333207341923446    
  0.2336236063001119    
  0.2339340565745966    
  0.2342520343024840    
  0.2345774900358600    
  0.2349103755755569    
  0.2352506439549990    
  0.2355982494245593    
  0.2359531474364187    
  0.2363152946298898    
  0.2366846488171891    
  0.2370611689696694    
  0.2374448152045040    
  0.2378355487717866    
  0.2382333320420311    
  0.2386381284940890    
  0.2390499027034758    
  0.2394686203310833    
  0.2398942481122654    
  0.2403267538463171    
  0.2407661063863285    
  0.2412122756293829    
  0.2416652325070861    
  0.2421249489764540    
  0.2425913980111602    
  0.2430645535931083    
  0.2435443907043154    
  0.2440308853191209    
  0.2445240143967200    
  0.2450237558739903    
  0.2455300886586074    
  0.2460429926224739    
  0.2465624485954603    
  0.2470884383594295    
  0.2476209446425316    
  0.2481599511137978    
  0.2487054423780335    
  0.2492574039709879    
  0.2498158223547833    
  0.2503806849136253    
  0.2509519799497932    
  0.2515296966798890    
  0.2521138252313320    
  0.2527043566391278    
  0.2533012828429158    
  0.2539045966842678    
  0.2545142919042267    
  0.2551303631411052    
  0.2557528059285461    
  0.2563816166938298    
  0.2570167927564257    
  0.2576583323268195    
  0.2583062345056049    
  0.2589604992828247    
  0.2596211275375425    
  0.2602881210376776    
  0.2609614824401038    
  0.2616412152909923    
  0.2623273240263937    
  0.2630198139730848    
  0.2637186913496758    
  0.2644239632679573    
  0.2651356377344868    
  0.2658537236524457    
  0.2665782308237674    
  0.2673091699515119    
  0.2680465526424821    
  0.2687903914101160    
  0.2695406996776564    
  0.2702974917815812    
  0.2710607829752892    
  0.2718305894330670    
  0.2726069282543315    
  0.2733898174681320    
  0.2741792760379110    
  0.2749753238665713    
  0.2757779818018434    
  0.2765872716419207    
  0.2774032161413550    
  0.2782258390172480    
  0.2790551649557436    
  0.2798912196188101    
  0.2807340296513043    
  0.2815836226883544    
  0.2824400273630553    
  0.2833032733144605    
  0.2841733911958761    
  0.2850504126835035    
  0.2859343704854248    
  0.2868252983509081    
  0.2877232310800265    
  0.2886282045336366    
  0.2895402556437217    
  0.2904594224240677    
  0.2913857439812650    
  0.2923192605260661    
  0.2932600133851031    
  0.2942080450129563    
  0.2951633990045813    
  0.2961261201081437    
  0.2970962542382604    
  0.2980738484896248    
  0.2990589511510229    
  0.3000516117197882    
  0.3010518809166972    
  0.3020598107012756    
  0.3030754542875028    
  0.3040988661599653    
  0.3051301020904720    
  0.3061692191551084    
  0.3072162757517243    
  0.3082713316178978    
  0.3093344478493787    
  0.3104056869190069    
  0.3114851126961115    
  0.3125727904664383    
  0.3136687869525959    
  0.3147731703349907    
  0.3158860102732591    
  0.3170073779282676    
  0.3181373459847031    
  0.3192759886742306    
  0.3204233817992060    
  0.3215796027569847    
  0.3227447305648308    
  0.3239188458854050    
  0.3251020310528354    
  0.3262943700994122    
  0.3274959487829114    
  0.3287068546145285    
  0.3299271768874338    
  0.3311570067060193    
  0.3323964370158554    
  0.3336455626343431    
  0.3349044802820578    
