  0.6990865353021519E-01
  0.6869994113616062E-01
  0.6748842890892059E-01
  0.6627415341287191E-01
  0.6505715142096163E-01
  0.6383745991508860E-01
  0.6261511608640657E-01
  0.6139015733555026E-01
  0.6016262127281125E-01
  0.5893254571827167E-01
  0.5769996870188926E-01
  0.5646492846352474E-01
  0.5522746345291657E-01
  0.5398761232959415E-01
  0.5274541396272642E-01
  0.5150090743091140E-01
  0.5025413202192225E-01
  0.4900512723240613E-01
  0.4775393276753220E-01
  0.4650058854058114E-01
  0.4524513467248253E-01
  0.4398761149129543E-01
  0.4272805953163417E-01
  0.4146651953405200E-01
  0.4020303244439027E-01
  0.3893763941307227E-01
  0.3767038179433024E-01
  0.3640130114537427E-01
  0.3513043922553355E-01
  0.3385783799536385E-01
  0.3258353961569688E-01
  0.3130758644662429E-01
  0.3003002104644598E-01
  0.2875088617059057E-01
  0.2747022477048883E-01
  0.2618807999238099E-01
  0.2490449517608018E-01
  0.2361951385371430E-01
  0.2233317974843935E-01
  0.2104553677309928E-01
  0.1975662902882530E-01
  0.1846650080358830E-01
  0.1717519657072714E-01
  0.1588276098745006E-01
  0.1458923889330599E-01
  0.1329467530860945E-01
  0.1199911543281629E-01
  0.1070260464285427E-01
  0.9405188491428740E-02
  0.8106912705307112E-02
  0.6807823183581474E-02
  0.5507965995886710E-02
  0.4207387380572192E-02
  0.2906133742828387E-02
  0.1604251652787214E-02
  0.3017878436086807E-03
 -0.1001210790443852E-02
 -0.2304697195959216E-02
 -0.3608624162377616E-02
 -0.4912944324040769E-02
 -0.6217610162269793E-02
 -0.7522574007449101E-02
 -0.8827788041106011E-02
 -0.1013320429801423E-01
 -0.1143877466835264E-01
 -0.1274445089993165E-01
 -0.1405018460043023E-01
 -0.1535592723959939E-01
 -0.1666163015143945E-01
 -0.1796724453643933E-01
 -0.1927272146391584E-01
 -0.2057801187439728E-01
 -0.2188306658195160E-01
 -0.2318783627645282E-01
 -0.2449227152587435E-01
 -0.2579632277868366E-01
 -0.2709994036631397E-01
 -0.2840307450561874E-01
 -0.2970567530125856E-01
 -0.3100769274806897E-01
 -0.3230907673349032E-01
 -0.3360977704008689E-01
 -0.3490974334808478E-01
 -0.3620892523784974E-01
 -0.3750727219232108E-01
 -0.3880473359949255E-01
 -0.4010125875498294E-01
 -0.4139679686462894E-01
 -0.4269129704701435E-01
 -0.4398470833595819E-01
 -0.4527697968304745E-01
 -0.4656805996024654E-01
 -0.4785789796252460E-01
 -0.4914644241043242E-01
 -0.5043364195264699E-01
 -0.5171944516854365E-01
 -0.5300380057082360E-01
 -0.5428665660816456E-01
 -0.5556796166783728E-01
 -0.5684766407828307E-01
 -0.5812571211170231E-01
 -0.5940205398670523E-01
 -0.6067663787100069E-01
 -0.6194941188404668E-01
 -0.6322032409963230E-01
 -0.6448932254846690E-01
 -0.6575635522085393E-01
 -0.6702137006941378E-01
 -0.6828431501175886E-01
 -0.6954513793308847E-01
 -0.7080378668878912E-01
 -0.7206020910711342E-01
 -0.7331435299190892E-01
 -0.7456616612531475E-01
 -0.7581559627039236E-01
 -0.7706259117374081E-01
 -0.7830709856816154E-01
 -0.7954906617537949E-01
 -0.8078844170876809E-01
 -0.8202517287602240E-01
 -0.8325920738178971E-01
 -0.8449049293032629E-01
 -0.8571897722821409E-01
 -0.8694460798709930E-01
 -0.8816733292639789E-01
 -0.8938709977596110E-01
 -0.9060385627875300E-01
 -0.9181755019357341E-01
 -0.9302812929780901E-01
 -0.9423554139017520E-01
 -0.9543973429341479E-01
 -0.9664065585697368E-01
 -0.9783825395972001E-01
 -0.9903247651275016E-01
 -0.1002232714622124    
 -0.1014105867920380    
 -0.1025943705265925    
 -0.1037745707334166    
 -0.1049511355261190    
 -0.1061240130672739    
 -0.1072931515711650    
 -0.1084584993064599    
 -0.1096200045990308    
 -0.1107776158349310    
 -0.1119312814633254    
 -0.1130809499992754    
 -0.1142265700265110    
 -0.1153680902003398    
 -0.1165054592506518    
 -0.1176386259848989    
 -0.1187675392910226    
 -0.1198921481403754    
 -0.1210124015906788    
 -0.1221282487890403    
 -0.1232396389750356    
 -0.1243465214838077    
 -0.1254488457491143    
 -0.1265465613063638    
 -0.1276396177957457    
 -0.1287279649654647    
 -0.1298115526749499    
 -0.1308903308980029    
 -0.1319642497260075    
 -0.1330332593712715    
 -0.1340973101703828    
 -0.1351563525874818    
 -0.1362103372175674    
 -0.1372592147899674    
 -0.1383029361718839    
 -0.1393414523718450    
 -0.1403747145431206    
 -0.1414026739872896    
 -0.1424252821579630    
 -0.1434424906644587    
 -0.1444542512753857    
 -0.1454605159223128    
 -0.1464612367036391    
 -0.1474563658885193    
 -0.1484458559206883    
 -0.1494296594222728    
 -0.1504077291977684    
 -0.1513800182381674    
 -0.1523464797250722    
 -0.1533070670347445    
 -0.1542617337422209    
 -0.1552104336255906    
 -0.1561531206703561    
 -0.1570897490737577    
 -0.1580202732491076    
 -0.1589446478302454    
 -0.1598628276761241    
 -0.1607747678754019    
 -0.1616804237509984    
 -0.1625797508647366    
 -0.1634727050221578    
 -0.1643592422774072    
 -0.1652393189380539    
 -0.1661128915699219    
 -0.1669799170021053    
 -0.1678403523321343    
 -0.1686941549310903    
 -0.1695412824486469    
 -0.1703816928182600    
 -0.1712153442625775    
 -0.1720421952988562    
 -0.1728622047442516    
 -0.1736753317211739    
 -0.1744815356629103    
 -0.1752807763193415    
 -0.1760730137625028    
 -0.1768582083921069    
 -0.1776363209413047    
 -0.1784073124826348    
 -0.1791711444338659    
 -0.1799277785637332    
 -0.1806771769978464    
 -0.1814193022248276    
 -0.1821541171023766    
 -0.1828815848631634    
 -0.1836016691208373    
 -0.1843143338763240    
 -0.1850195435241413    
 -0.1857172628584751    
 -0.1864074570792145    
 -0.1870900917982530    
 -0.1877651330459531    
 -0.1884325472774560    
 -0.1890923013788302    
 -0.1897443626733284    
 -0.1903886989278214    
 -0.1910252783592030    
 -0.1916540696406503    
 -0.1922750419078680    
 -0.1928881647654153    
 -0.1934934082930559    
 -0.1940907430520504    
 -0.1946801400914157    
 -0.1952615709541452    
 -0.1958350076833706    
 -0.1964004228284930    
 -0.1969577894513448    
 -0.1975070811323103    
 -0.1980482719762953    
 -0.1985813366185905    
 -0.1991062502307757    
 -0.1996229885266387    
 -0.2001315277679270    
 -0.2006318447698960    
 -0.2011239169068209    
 -0.2016077221175459    
 -0.2020832389109146    
 -0.2025504463709615    
 -0.2030093241619817    
 -0.2034598525335898    
 -0.2039020123256889    
 -0.2043357849732076    
 -0.2047611525106467    
 -0.2051780975765469    
 -0.2055866034178715    
 -0.2059866538941812    
 -0.2063782334815876    
 -0.2067613272765541    
 -0.2071359209995547    
 -0.2075020009985442    
 -0.2078595542522219    
 -0.2082085683731043    
 -0.2085490316104033    
 -0.2088809328526846    
 -0.2092042616303253    
 -0.2095190081177691    
 -0.2098251631355307    
 -0.2101227181519303    
 -0.2104116652846222    
 -0.2106919973019528    
 -0.2109637076240778    
 -0.2112267903237539    
 -0.2114812401268562    
 -0.2117270524127077    
 -0.2119642232141877    
 -0.2121927492175185    
 -0.2124126277617535    
 -0.2126238568380497    
 -0.2128264350887236    
 -0.2130203618059778    
 -0.2132056369302941    
 -0.2133822610485919    
 -0.2135502353921932    
 -0.2137095618344991    
 -0.2138602428883147    
 -0.2140022817028826    
 -0.2141356820607029    
 -0.2142604483740851    
 -0.2143765856813882    
 -0.2144840996429784    
 -0.2145829965369654    
 -0.2146732832546796    
 -0.2147549672958351    
 -0.2148280567633962    
 -0.2148925603582258    
 -0.2149484873735108    
 -0.2149958476889253    
 -0.2150346517645103    
 -0.2150649106343163    
 -0.2150866358998067    
 -0.2150998397230199    
 -0.2151045348195098    
 -0.2151007344511092    
 -0.2150884524184757    
 -0.2150677030533661    
 -0.2150385012106673    
 -0.2150008622602784    
 -0.2149548020788770    
 -0.2149003370414857    
 -0.2148374840127993    
 -0.2147662603383380    
 -0.2146866838354831    
 -0.2145987727843823    
 -0.2145025459186689    
 -0.2143980224160527    
 -0.2142852218888323    
 -0.2141641643743001    
 -0.2140348703249679    
 -0.2138973605986746    
 -0.2137516564486790    
 -0.2135977795137445    
 -0.2134357518080943    
 -0.2132655957112042    
 -0.2130873339575700    
 -0.2129009896265517    
 -0.2127065861322142    
 -0.2125041472130376    
 -0.2122936969215415    
 -0.2120752596139888    
 -0.2118488599401933    
 -0.2116145228333157    
 -0.2113722734995744    
 -0.2111221374079864    
 -0.2108641402802322    
 -0.2105983080806121    
 -0.2103246670059872    
 -0.2100432434757504    
 -0.2097540641219284    
 -0.2094571557794243    
 -0.2091525454763059    
 -0.2088402604241228    
 -0.2085203280083591    
 -0.2081927757790858    
 -0.2078576314417357    
 -0.2075149228479152    
 -0.2071646779863088    
 -0.2068069249738067    
 -0.2064416920468570    
 -0.2060690075529275    
 -0.2056888999420190    
 -0.2053013977583424    
 -0.2049065296322619    
 -0.2045043242724631    
 -0.2040948104582183    
 -0.2036780170317460    
 -0.2032539728907929    
 -0.2028227069815132    
 -0.2023842482915486    
 -0.2019386258432060    
 -0.2014858686867640    
 -0.2010260058940518    
 -0.2005590665523264    
 -0.2000850797583402    
 -0.1996040746125059    
 -0.1991160802132292    
 -0.1986211256515282    
 -0.1981192400059457    
 -0.1976104523376321    
 -0.1970947916855467    
 -0.1965722870618496    
 -0.1960429674475936    
 -0.1955068617886817    
 -0.1949639989919792    
 -0.1944144079215411    
 -0.1938581173950599    
 -0.1932951561806180    
 -0.1927255529937027    
 -0.1921493364943374    
 -0.1915665352843150    
 -0.1909771779046540    
 -0.1903812928333795    
 -0.1897789084835440    
 -0.1891700532013514    
 -0.1885547552643586    
 -0.1879330428799033    
 -0.1873049441838457    
 -0.1866704872395406    
 -0.1860297000368887    
 -0.1853826104914602    
 -0.1847292464438196    
 -0.1840696356591450    
 -0.1834038058270702    
 -0.1827317845616145    
 -0.1820535994011640    
 -0.1813692778086111    
 -0.1806788471717518    
 -0.1799823348039093    
 -0.1792797679446549    
 -0.1785711737605711    
 -0.1778565793461255    
 -0.1771360117247636    
 -0.1764094978502091    
 -0.1756770646078702    
 -0.1749387388162824    
 -0.1741945472286470    
 -0.1734445165345428    
 -0.1726886733618127    
 -0.1719270442785387    
 -0.1711596557950634    
 -0.1703865343660917    
 -0.1696077063929349    
 -0.1688231982258901    
 -0.1680330361667016    
 -0.1672372464710565    
 -0.1664358553511507    
 -0.1656288889783590    
 -0.1648163734860264    
 -0.1639983349723282    
 -0.1631747995031552    
 -0.1623457931150352    
 -0.1615113418181395    
 -0.1606714715993922    
 -0.1598262084256454    
 -0.1589755782468645    
 -0.1581196069993318    
 -0.1572583206088978    
 -0.1563917449943166    
 -0.1555199060706371    
 -0.1546428297526181    
 -0.1537605419581369    
 -0.1528730686116222    
 -0.1519804356475192    
 -0.1510826690138081    
 -0.1501797946755561    
 -0.1492718386184802    
 -0.1483588268525003    
 -0.1474407854152808    
 -0.1465177403757834    
 -0.1455897178378587    
 -0.1446567439438688    
 -0.1437188448783169    
 -0.1427760468714372    
 -0.1418283762027532    
 -0.1408758592046226    
 -0.1399185222658224    
 -0.1389563918351593    
 -0.1379894944250729    
 -0.1370178566151712    
 -0.1360415050557078    
 -0.1350604664710526    
 -0.1340747676632038    
 -0.1330844355153196    
 -0.1320894969951958    
 -0.1310899791586471    
 -0.1300859091528462    
 -0.1290773142196910    
 -0.1280642216992063    
 -0.1270466590328974    
 -0.1260246537670031    
 -0.1249982335556688    
 -0.1239674261641317    
 -0.1229322594719320    
 -0.1218927614761060    
 -0.1208489602942853    
 -0.1198008841677017    
 -0.1187485614641474    
 -0.1176920206809430    
 -0.1166312904479103    
 -0.1155663995302993    
 -0.1144973768316155    
 -0.1134242513963556    
 -0.1123470524127046    
 -0.1112658092152449    
 -0.1101805512876524    
 -0.1090913082653200    
 -0.1079981099378713    
 -0.1069009862516022    
 -0.1057999673118971    
 -0.1046950833856419    
 -0.1035863649035886    
 -0.1024738424626452    
 -0.1013575468280747    
 -0.1002375089356342    
 -0.9911375989367710E-01
 -0.9798633098522891E-01
 -0.9685525367001030E-01
 -0.9572055958638942E-01
 -0.9458228055324902E-01
 -0.9344044857179079E-01
 -0.9229509582729456E-01
 -0.9114625469084614E-01
 -0.8999395772100977E-01
 -0.8883823766543214E-01
 -0.8767912746236495E-01
 -0.8651666024212901E-01
 -0.8535086932852903E-01
 -0.8418178824022321E-01
 -0.8300945069202892E-01
 -0.8183389059616286E-01
 -0.8065514206342067E-01
 -0.7947323940430079E-01
 -0.7828821713006917E-01
 -0.7710010995376160E-01
 -0.7590895279112297E-01
 -0.7471478076149024E-01
 -0.7351762918861721E-01
 -0.7231753360144766E-01
 -0.7111452973483723E-01
 -0.6990865353021519E-01
 -0.6869994113616062E-01
 -0.6748842890892059E-01
 -0.6627415341287191E-01
 -0.6505715142096163E-01
 -0.6383745991508860E-01
 -0.6261511608640657E-01
 -0.6139015733555026E-01
 -0.6016262127281125E-01
 -0.5893254571827167E-01
 -0.5769996870188926E-01
 -0.5646492846352474E-01
 -0.5522746345291657E-01
 -0.5398761232959415E-01
 -0.5274541396272642E-01
 -0.5150090743091140E-01
 -0.5025413202192225E-01
 -0.4900512723240613E-01
 -0.4775393276753220E-01
 -0.4650058854058114E-01
 -0.4524513467248253E-01
 -0.4398761149129543E-01
 -0.4272805953163417E-01
 -0.4146651953405200E-01
 -0.4020303244439027E-01
 -0.3893763941307227E-01
 -0.3767038179433024E-01
 -0.3640130114537427E-01
 -0.3513043922553355E-01
 -0.3385783799536385E-01
 -0.3258353961569688E-01
 -0.3130758644662429E-01
 -0.3003002104644598E-01
 -0.2875088617059057E-01
 -0.2747022477048883E-01
 -0.2618807999238099E-01
 -0.2490449517608018E-01
 -0.2361951385371430E-01
 -0.2233317974843935E-01
 -0.2104553677309928E-01
 -0.1975662902882530E-01
 -0.1846650080358830E-01
 -0.1717519657072714E-01
 -0.1588276098745006E-01
 -0.1458923889330599E-01
 -0.1329467530860945E-01
 -0.1199911543281629E-01
 -0.1070260464285427E-01
 -0.9405188491428740E-02
 -0.8106912705307112E-02
 -0.6807823183581474E-02
 -0.5507965995886710E-02
 -0.4207387380572192E-02
 -0.2906133742828387E-02
 -0.1604251652787214E-02
 -0.3017878436086807E-03
  0.1001210790443852E-02
  0.2304697195959216E-02
  0.3608624162377616E-02
  0.4912944324040769E-02
  0.6217610162269793E-02
  0.7522574007449101E-02
  0.8827788041106011E-02
  0.1013320429801423E-01
  0.1143877466835264E-01
  0.1274445089993165E-01
  0.1405018460043023E-01
  0.1535592723959939E-01
  0.1666163015143945E-01
  0.1796724453643933E-01
  0.1927272146391584E-01
  0.2057801187439728E-01
  0.2188306658195160E-01
  0.2318783627645282E-01
  0.2449227152587435E-01
  0.2579632277868366E-01
  0.2709994036631397E-01
  0.2840307450561874E-01
  0.2970567530125856E-01
  0.3100769274806897E-01
  0.3230907673349032E-01
  0.3360977704008689E-01
  0.3490974334808478E-01
  0.3620892523784974E-01
  0.3750727219232108E-01
  0.3880473359949255E-01
  0.4010125875498294E-01
  0.4139679686462894E-01
  0.4269129704701435E-01
  0.4398470833595819E-01
  0.4527697968304745E-01
  0.4656805996024654E-01
  0.4785789796252460E-01
  0.4914644241043242E-01
  0.5043364195264699E-01
  0.5171944516854365E-01
  0.5300380057082360E-01
  0.5428665660816456E-01
  0.5556796166783728E-01
  0.5684766407828307E-01
  0.5812571211170231E-01
  0.5940205398670523E-01
  0.6067663787100069E-01
  0.6194941188404668E-01
  0.6322032409963230E-01
  0.6448932254846690E-01
  0.6575635522085393E-01
  0.6702137006941378E-01
  0.6828431501175886E-01
  0.6954513793308847E-01
  0.7080378668878912E-01
  0.7206020910711342E-01
  0.7331435299190892E-01
  0.7456616612531475E-01
  0.7581559627039236E-01
  0.7706259117374081E-01
  0.7830709856816154E-01
  0.7954906617537949E-01
  0.8078844170876809E-01
  0.8202517287602240E-01
  0.8325920738178971E-01
  0.8449049293032629E-01
  0.8571897722821409E-01
  0.8694460798709930E-01
  0.8816733292639789E-01
  0.8938709977596110E-01
  0.9060385627875300E-01
  0.9181755019357341E-01
  0.9302812929780901E-01
  0.9423554139017520E-01
  0.9543973429341479E-01
  0.9664065585697368E-01
  0.9783825395972001E-01
  0.9903247651275016E-01
  0.1002232714622124    
  0.1014105867920380    
  0.1025943705265925    
  0.1037745707334166    
  0.1049511355261190    
  0.1061240130672739    
  0.1072931515711650    
  0.1084584993064599    
  0.1096200045990308    
  0.1107776158349310    
  0.1119312814633254    
  0.1130809499992754    
  0.1142265700265110    
  0.1153680902003398    
  0.1165054592506518    
  0.1176386259848989    
  0.1187675392910226    
  0.1198921481403754    
  0.1210124015906788    
  0.1221282487890403    
  0.1232396389750356    
  0.1243465214838077    
  0.1254488457491143    
  0.1265465613063638    
  0.1276396177957457    
  0.1287279649654647    
  0.1298115526749499    
  0.1308903308980029    
  0.1319642497260075    
  0.1330332593712715    
  0.1340973101703828    
  0.1351563525874818    
  0.1362103372175674    
  0.1372592147899674    
  0.1383029361718839    
  0.1393414523718450    
  0.1403747145431206    
  0.1414026739872896    
  0.1424252821579630    
  0.1434424906644587    
  0.1444542512753857    
  0.1454605159223128    
  0.1464612367036391    
  0.1474563658885193    
  0.1484458559206883    
  0.1494296594222728    
  0.1504077291977684    
  0.1513800182381674    
  0.1523464797250722    
  0.1533070670347445    
  0.1542617337422209    
  0.1552104336255906    
  0.1561531206703561    
  0.1570897490737577    
  0.1580202732491076    
  0.1589446478302454    
  0.1598628276761241    
  0.1607747678754019    
  0.1616804237509984    
  0.1625797508647366    
  0.1634727050221578    
  0.1643592422774072    
  0.1652393189380539    
  0.1661128915699219    
  0.1669799170021053    
  0.1678403523321343    
  0.1686941549310903    
  0.1695412824486469    
  0.1703816928182600    
  0.1712153442625775    
  0.1720421952988562    
  0.1728622047442516    
  0.1736753317211739    
  0.1744815356629103    
  0.1752807763193415    
  0.1760730137625028    
  0.1768582083921069    
  0.1776363209413047    
  0.1784073124826348    
  0.1791711444338659    
  0.1799277785637332    
  0.1806771769978464    
  0.1814193022248276    
  0.1821541171023766    
  0.1828815848631634    
  0.1836016691208373    
  0.1843143338763240    
  0.1850195435241413    
  0.1857172628584751    
  0.1864074570792145    
  0.1870900917982530    
  0.1877651330459531    
  0.1884325472774560    
  0.1890923013788302    
  0.1897443626733284    
  0.1903886989278214    
  0.1910252783592030    
  0.1916540696406503    
  0.1922750419078680    
  0.1928881647654153    
  0.1934934082930559    
  0.1940907430520504    
  0.1946801400914157    
  0.1952615709541452    
  0.1958350076833706    
  0.1964004228284930    
  0.1969577894513448    
  0.1975070811323103    
  0.1980482719762953    
  0.1985813366185905    
  0.1991062502307757    
  0.1996229885266387    
  0.2001315277679270    
  0.2006318447698960    
  0.2011239169068209    
  0.2016077221175459    
  0.2020832389109146    
  0.2025504463709615    
  0.2030093241619817    
  0.2034598525335898    
  0.2039020123256889    
  0.2043357849732076    
  0.2047611525106467    
  0.2051780975765469    
  0.2055866034178715    
  0.2059866538941812    
  0.2063782334815876    
  0.2067613272765541    
  0.2071359209995547    
  0.2075020009985442    
  0.2078595542522219    
  0.2082085683731043    
  0.2085490316104033    
  0.2088809328526846    
  0.2092042616303253    
  0.2095190081177691    
  0.2098251631355307    
  0.2101227181519303    
  0.2104116652846222    
  0.2106919973019528    
  0.2109637076240778    
  0.2112267903237539    
  0.2114812401268562    
  0.2117270524127077    
  0.2119642232141877    
  0.2121927492175185    
  0.2124126277617535    
  0.2126238568380497    
  0.2128264350887236    
  0.2130203618059778    
  0.2132056369302941    
  0.2133822610485919    
  0.2135502353921932    
  0.2137095618344991    
  0.2138602428883147    
  0.2140022817028826    
  0.2141356820607029    
  0.2142604483740851    
  0.2143765856813882    
  0.2144840996429784    
  0.2145829965369654    
  0.2146732832546796    
  0.2147549672958351    
  0.2148280567633962    
  0.2148925603582258    
  0.2149484873735108    
  0.2149958476889253    
  0.2150346517645103    
  0.2150649106343163    
  0.2150866358998067    
  0.2150998397230199    
  0.2151045348195098    
  0.2151007344511092    
  0.2150884524184757    
  0.2150677030533661    
  0.2150385012106673    
  0.2150008622602784    
  0.2149548020788770    
  0.2149003370414857    
  0.2148374840127993    
  0.2147662603383380    
  0.2146866838354831    
  0.2145987727843823    
  0.2145025459186689    
  0.2143980224160527    
  0.2142852218888323    
  0.2141641643743001    
  0.2140348703249679    
  0.2138973605986746    
  0.2137516564486790    
  0.2135977795137445    
  0.2134357518080943    
  0.2132655957112042    
  0.2130873339575700    
  0.2129009896265517    
  0.2127065861322142    
  0.2125041472130376    
  0.2122936969215415    
  0.2120752596139888    
  0.2118488599401933    
  0.2116145228333157    
  0.2113722734995744    
  0.2111221374079864    
  0.2108641402802322    
  0.2105983080806121    
  0.2103246670059872    
  0.2100432434757504    
  0.2097540641219284    
  0.2094571557794243    
  0.2091525454763059    
  0.2088402604241228    
  0.2085203280083591    
  0.2081927757790858    
  0.2078576314417357    
  0.2075149228479152    
  0.2071646779863088    
  0.2068069249738067    
  0.2064416920468570    
  0.2060690075529275    
  0.2056888999420190    
  0.2053013977583424    
  0.2049065296322619    
  0.2045043242724631    
  0.2040948104582183    
  0.2036780170317460    
  0.2032539728907929    
  0.2028227069815132    
  0.2023842482915486    
  0.2019386258432060    
  0.2014858686867640    
  0.2010260058940518    
  0.2005590665523264    
  0.2000850797583402    
  0.1996040746125059    
  0.1991160802132292    
  0.1986211256515282    
  0.1981192400059457    
  0.1976104523376321    
  0.1970947916855467    
  0.1965722870618496    
  0.1960429674475936    
  0.1955068617886817    
  0.1949639989919792    
  0.1944144079215411    
  0.1938581173950599    
  0.1932951561806180    
  0.1927255529937027    
  0.1921493364943374    
  0.1915665352843150    
  0.1909771779046540    
  0.1903812928333795    
  0.1897789084835440    
  0.1891700532013514    
  0.1885547552643586    
  0.1879330428799033    
  0.1873049441838457    
  0.1866704872395406    
  0.1860297000368887    
  0.1853826104914602    
  0.1847292464438196    
  0.1840696356591450    
  0.1834038058270702    
  0.1827317845616145    
  0.1820535994011640    
  0.1813692778086111    
  0.1806788471717518    
  0.1799823348039093    
  0.1792797679446549    
  0.1785711737605711    
  0.1778565793461255    
  0.1771360117247636    
  0.1764094978502091    
  0.1756770646078702    
  0.1749387388162824    
  0.1741945472286470    
  0.1734445165345428    
  0.1726886733618127    
  0.1719270442785387    
  0.1711596557950634    
  0.1703865343660917    
  0.1696077063929349    
  0.1688231982258901    
  0.1680330361667016    
  0.1672372464710565    
  0.1664358553511507    
  0.1656288889783590    
  0.1648163734860264    
  0.1639983349723282    
  0.1631747995031552    
  0.1623457931150352    
  0.1615113418181395    
  0.1606714715993922    
  0.1598262084256454    
  0.1589755782468645    
  0.1581196069993318    
  0.1572583206088978    
  0.1563917449943166    
  0.1555199060706371    
  0.1546428297526181    
  0.1537605419581369    
  0.1528730686116222    
  0.1519804356475192    
  0.1510826690138081    
  0.1501797946755561    
  0.1492718386184802    
  0.1483588268525003    
  0.1474407854152808    
  0.1465177403757834    
  0.1455897178378587    
  0.1446567439438688    
  0.1437188448783169    
  0.1427760468714372    
  0.1418283762027532    
  0.1408758592046226    
  0.1399185222658224    
  0.1389563918351593    
  0.1379894944250729    
  0.1370178566151712    
  0.1360415050557078    
  0.1350604664710526    
  0.1340747676632038    
  0.1330844355153196    
  0.1320894969951958    
  0.1310899791586471    
  0.1300859091528462    
  0.1290773142196910    
  0.1280642216992063    
  0.1270466590328974    
  0.1260246537670031    
  0.1249982335556688    
  0.1239674261641317    
  0.1229322594719320    
  0.1218927614761060    
  0.1208489602942853    
  0.1198008841677017    
  0.1187485614641474    
  0.1176920206809430    
  0.1166312904479103    
  0.1155663995302993    
  0.1144973768316155    
  0.1134242513963556    
  0.1123470524127046    
  0.1112658092152449    
  0.1101805512876524    
  0.1090913082653200    
  0.1079981099378713    
  0.1069009862516022    
  0.1057999673118971    
  0.1046950833856419    
  0.1035863649035886    
  0.1024738424626452    
  0.1013575468280747    
  0.1002375089356342    
  0.9911375989367710E-01
  0.9798633098522891E-01
  0.9685525367001030E-01
  0.9572055958638942E-01
  0.9458228055324902E-01
  0.9344044857179079E-01
  0.9229509582729456E-01
  0.9114625469084614E-01
  0.8999395772100977E-01
  0.8883823766543214E-01
  0.8767912746236495E-01
  0.8651666024212901E-01
  0.8535086932852903E-01
  0.8418178824022321E-01
  0.8300945069202892E-01
  0.8183389059616286E-01
  0.8065514206342067E-01
  0.7947323940430079E-01
  0.7828821713006917E-01
  0.7710010995376160E-01
  0.7590895279112297E-01
  0.7471478076149024E-01
  0.7351762918861721E-01
  0.7231753360144766E-01
  0.7111452973483723E-01
