  0.6975756049065167    
  0.6948823815946784    
  0.6921219715151127    
  0.6892955203042275    
  0.6864041287676583    
  0.6834488536333874    
  0.6804307083391351    
  0.6773506638470298    
  0.6742096494813641    
  0.6710085537874602    
  0.6677482254086400    
  0.6644294739766283    
  0.6610530710111240    
  0.6576197508259438    
  0.6541302114404808    
  0.6505851154947506    
  0.6469850911643444    
  0.6433307330710959    
  0.6396226031884231    
  0.6358612317428514    
  0.6320471181103289    
  0.6281807317016683    
  0.6242625128339643    
  0.6202928735911881    
  0.6162721986765057    
  0.6122008462515847    
  0.6080791487569760    
  0.6039074137153313    
  0.5996859245226775    
  0.5954149412261309    
  0.5910947012816059    
  0.5867254202909137    
  0.5823072927235298    
  0.5778404926237855    
  0.5733251742981604    
  0.5687614729810460    
  0.5641495054837526    
  0.5594893708286539    
  0.5547811508639080    
  0.5500249108565307    
  0.5452207000683564    
  0.5403685523179057    
  0.5354684865242740    
  0.5305205072299279    
  0.5255246051063905    
  0.5204807574471402    
  0.5153889286451243    
  0.5102490706509355    
  0.5050611234142548    
  0.4998250153137012    
  0.4945406635746812    
  0.4892079746714466    
  0.4838268447139547    
  0.4783971598238365    
  0.4729187965009619    
  0.4673916219787109    
  0.4618154945678032    
  0.4561902639911897    
  0.4505157717117242    
  0.4447918512529080    
  0.4390183285136517    
  0.4331950220781806    
  0.4273217435209830    
  0.4213982977074329    
  0.4154244830932785    
  0.4094000920257852    
  0.4033249110460091    
  0.3971987211913778    
  0.3910212983012332    
  0.3847924133288271    
  0.3785118326600479    
  0.3721793184383974    
  0.3657946288994877    
  0.3593575187195670    
  0.3528677393783284    
  0.3463250395338636    
  0.3397291654118681    
  0.3330798612153679    
  0.3263768695584567    
  0.3196199319225803    
  0.3128087891346514    
  0.3059431818709542    
  0.2990228511920678    
  0.2920475391110516    
  0.2850169891950962    
  0.2779309472019890    
  0.2707891617545444    
  0.2635913850565861    
  0.2563373736534632    
  0.2490268892390886    
  0.2416596995109560    
  0.2342355790755620    
  0.2267543104081187    
  0.2192156848699612    
  0.2116195037850826    
  0.2039655795771309    
  0.1962537369703742    
  0.1884838142587981    
  0.1806556646452489    
  0.1727691576511987    
  0.1648241805994902    
  0.1568206401740764    
  0.1487584640592439    
  0.1406376026587235    
  0.1324580308956743    
  0.1242197500962204    
  0.1159227899586923    
  0.1075672106088516    
  0.9915310474096900E-01
  0.9068059984558330E-01
  0.8214986052472273E-01
  0.7356109089405904E-01
  0.6491453707051331E-01
  0.5621048974383874E-01
  0.4744928683066141E-01
  0.3863131620885230E-01
  0.2975701852905155E-01
  0.2082689009914429E-01
  0.1184148583686712E-01
  0.2801422285544419E-02
 -0.6292619312713132E-02
 -0.1543988989359174E-01
 -0.2463956940556708E-01
 -0.3389076361210031E-01
 -0.4319250087013482E-01
 -0.5254372889584641E-01
 -0.6194331153078309E-01
 -0.7139002552192250E-01
 -0.8088255732895977E-01
 -0.9041949997361301E-01
 -0.9999934994839826E-01
 -0.1096205042033822    
 -0.1192812572292825    
 -0.1289797982561595    
 -0.1387142085890465    
 -0.1484824591030492    
 -0.1582824079205677    
 -0.1681117982940642    
 -0.1779682567191970    
 -0.1878492913034908    
 -0.1977522904154920    
 -0.2076745216399216    
 -0.2176131310652020    
 -0.2275651429291805    
 -0.2375274596478028    
 -0.2474968622513491    
 -0.2574700112525961    
 -0.2674434479693091    
 -0.2774135963214779    
 -0.2873767651231321    
 -0.2973291508873715    
 -0.3072668411593016    
 -0.3171858183876524    
 -0.3270819643446116    
 -0.3369510651019513    
 -0.3467888165662038    
 -0.3565908305696450    
 -0.3663526415113587    
 -0.3760697135410808    
 -0.3857374482726930    
 -0.3953511930067570    
 -0.4049062494379706    
 -0.4143978828221636    
 -0.4238213315721234    
 -0.4331718172436126    
 -0.4424445548686345    
 -0.4516347635921573    
 -0.4607376775648935    
 -0.4697485570384224    
 -0.4786626996055274    
 -0.4874754515283514    
 -0.4961822190944076    
 -0.5047784799363569    
 -0.5132597942510626    
 -0.5216218158559807    
 -0.5298603030201079    
 -0.5379711290038136    
 -0.5459502922439402    
 -0.5537939261267869    
 -0.5614983082938961    
 -0.5690598694243594    
 -0.5764752014410286    
 -0.5837410650970151    
 -0.5908543969039839    
 -0.5978123153640365    
 -0.6046121264716204    
 -0.6112513284627688    
 -0.6177276157960456    
 -0.6240388823504255    
 -0.6301832238296705    
 -0.6361589393740076    
 -0.6419645323877627    
 -0.6475987105921031    
 -0.6530603853151238    
 -0.6583486700421791    
 -0.6634628782567524    
 -0.6684025206008554    
 -0.6731673013843864    
 -0.6777571144822896    
 -0.6821720386656842    
 -0.6864123324098537    
 -0.6904784282185512    
 -0.6943709265108116    
 -0.6980905891235629    
 -0.7016383324793320    
 -0.7050152204615650    
 -0.7082224570434661    
 -0.7112613787226416    
 -0.7141334468096705    
 -0.7168402396096227    
 -0.7193834445360094    
 -0.7217648502025541    
 -0.7239863385348551    
 -0.7260498769334174    
 -0.7279575105169218    
 -0.7297113544799236    
 -0.7313135865979297    
 -0.7327664399027116    
 -0.7340721955454910    
 -0.7352331758692789    
 -0.7362517377124835    
 -0.7371302659582424    
 -0.7378711673376537    
 -0.7384768644962254    
 -0.7389497903344648    
 -0.7392923826294153    
 -0.7395070789389189    
 -0.7395963117891300    
 -0.7395625041459748    
 -0.7394080651699999    
 -0.7391353862526823    
 -0.7387468373305042    
 -0.7382447634698805    
 -0.7376314817147238    
 -0.7369092781917547    
 -0.7360804054701516    
 -0.7351470801662008    
 -0.7341114807780470    
 -0.7329757457405901    
 -0.7317419716982705    
 -0.7304122119895691    
 -0.7289884753264425    
 -0.7274727246527413    
 -0.7258668761772239    
 -0.7241727985794365    
 -0.7223923123757575    
 -0.7205271894274016    
 -0.7185791525814456    
 -0.7165498754439250    
 -0.7144409822778035    
 -0.7122540480104458    
 -0.7099905983394144    
 -0.7076521099338506    
 -0.7052400107270964    
 -0.7027556802893504    
 -0.7002004502700918    
 -0.6975756049065167    
 -0.6948823815946784    
 -0.6921219715151127    
 -0.6892955203042275    
 -0.6864041287676583    
 -0.6834488536333874    
 -0.6804307083391351    
 -0.6773506638470298    
 -0.6742096494813641    
 -0.6710085537874602    
 -0.6677482254086400    
 -0.6644294739766283    
 -0.6610530710111240    
 -0.6576197508259438    
 -0.6541302114404808    
 -0.6505851154947506    
 -0.6469850911643444    
 -0.6433307330710959    
 -0.6396226031884231    
 -0.6358612317428514    
 -0.6320471181103289    
 -0.6281807317016683    
 -0.6242625128339643    
 -0.6202928735911881    
 -0.6162721986765057    
 -0.6122008462515847    
 -0.6080791487569760    
 -0.6039074137153313    
 -0.5996859245226775    
 -0.5954149412261309    
 -0.5910947012816059    
 -0.5867254202909137    
 -0.5823072927235298    
 -0.5778404926237855    
 -0.5733251742981604    
 -0.5687614729810460    
 -0.5641495054837526    
 -0.5594893708286539    
 -0.5547811508639080    
 -0.5500249108565307    
 -0.5452207000683564    
 -0.5403685523179057    
 -0.5354684865242740    
 -0.5305205072299279    
 -0.5255246051063905    
 -0.5204807574471402    
 -0.5153889286451243    
 -0.5102490706509355    
 -0.5050611234142548    
 -0.4998250153137012    
 -0.4945406635746812    
 -0.4892079746714466    
 -0.4838268447139547    
 -0.4783971598238365    
 -0.4729187965009619    
 -0.4673916219787109    
 -0.4618154945678032    
 -0.4561902639911897    
 -0.4505157717117242    
 -0.4447918512529080    
 -0.4390183285136517    
 -0.4331950220781806    
 -0.4273217435209830    
 -0.4213982977074329    
 -0.4154244830932785    
 -0.4094000920257852    
 -0.4033249110460091    
 -0.3971987211913778    
 -0.3910212983012332    
 -0.3847924133288271    
 -0.3785118326600479    
 -0.3721793184383974    
 -0.3657946288994877    
 -0.3593575187195670    
 -0.3528677393783284    
 -0.3463250395338636    
 -0.3397291654118681    
 -0.3330798612153679    
 -0.3263768695584567    
 -0.3196199319225803    
 -0.3128087891346514    
 -0.3059431818709542    
 -0.2990228511920678    
 -0.2920475391110516    
 -0.2850169891950962    
 -0.2779309472019890    
 -0.2707891617545444    
 -0.2635913850565861    
 -0.2563373736534632    
 -0.2490268892390886    
 -0.2416596995109560    
 -0.2342355790755620    
 -0.2267543104081187    
 -0.2192156848699612    
 -0.2116195037850826    
 -0.2039655795771309    
 -0.1962537369703742    
 -0.1884838142587981    
 -0.1806556646452489    
 -0.1727691576511987    
 -0.1648241805994902    
 -0.1568206401740764    
 -0.1487584640592439    
 -0.1406376026587235    
 -0.1324580308956743    
 -0.1242197500962204    
 -0.1159227899586923    
 -0.1075672106088516    
 -0.9915310474096900E-01
 -0.9068059984558330E-01
 -0.8214986052472273E-01
 -0.7356109089405904E-01
 -0.6491453707051331E-01
 -0.5621048974383874E-01
 -0.4744928683066141E-01
 -0.3863131620885230E-01
 -0.2975701852905155E-01
 -0.2082689009914429E-01
 -0.1184148583686712E-01
 -0.2801422285544419E-02
  0.6292619312713132E-02
  0.1543988989359174E-01
  0.2463956940556708E-01
  0.3389076361210031E-01
  0.4319250087013482E-01
  0.5254372889584641E-01
  0.6194331153078309E-01
  0.7139002552192250E-01
  0.8088255732895977E-01
  0.9041949997361301E-01
  0.9999934994839826E-01
  0.1096205042033822    
  0.1192812572292825    
  0.1289797982561595    
  0.1387142085890465    
  0.1484824591030492    
  0.1582824079205677    
  0.1681117982940642    
  0.1779682567191970    
  0.1878492913034908    
  0.1977522904154920    
  0.2076745216399216    
  0.2176131310652020    
  0.2275651429291805    
  0.2375274596478028    
  0.2474968622513491    
  0.2574700112525961    
  0.2674434479693091    
  0.2774135963214779    
  0.2873767651231321    
  0.2973291508873715    
  0.3072668411593016    
  0.3171858183876524    
  0.3270819643446116    
  0.3369510651019513    
  0.3467888165662038    
  0.3565908305696450    
  0.3663526415113587    
  0.3760697135410808    
  0.3857374482726930    
  0.3953511930067570    
  0.4049062494379706    
  0.4143978828221636    
  0.4238213315721234    
  0.4331718172436126    
  0.4424445548686345    
  0.4516347635921573    
  0.4607376775648935    
  0.4697485570384224    
  0.4786626996055274    
  0.4874754515283514    
  0.4961822190944076    
  0.5047784799363569    
  0.5132597942510626    
  0.5216218158559807    
  0.5298603030201079    
  0.5379711290038136    
  0.5459502922439402    
  0.5537939261267869    
  0.5614983082938961    
  0.5690598694243594    
  0.5764752014410286    
  0.5837410650970151    
  0.5908543969039839    
  0.5978123153640365    
  0.6046121264716204    
  0.6112513284627688    
  0.6177276157960456    
  0.6240388823504255    
  0.6301832238296705    
  0.6361589393740076    
  0.6419645323877627    
  0.6475987105921031    
  0.6530603853151238    
  0.6583486700421791    
  0.6634628782567524    
  0.6684025206008554    
  0.6731673013843864    
  0.6777571144822896    
  0.6821720386656842    
  0.6864123324098537    
  0.6904784282185512    
  0.6943709265108116    
  0.6980905891235629    
  0.7016383324793320    
  0.7050152204615650    
  0.7082224570434661    
  0.7112613787226416    
  0.7141334468096705    
  0.7168402396096227    
  0.7193834445360094    
  0.7217648502025541    
  0.7239863385348551    
  0.7260498769334174    
  0.7279575105169218    
  0.7297113544799236    
  0.7313135865979297    
  0.7327664399027116    
  0.7340721955454910    
  0.7352331758692789    
  0.7362517377124835    
  0.7371302659582424    
  0.7378711673376537    
  0.7384768644962254    
  0.7389497903344648    
  0.7392923826294153    
  0.7395070789389189    
  0.7395963117891300    
  0.7395625041459748    
  0.7394080651699999    
  0.7391353862526823    
  0.7387468373305042    
  0.7382447634698805    
  0.7376314817147238    
  0.7369092781917547    
  0.7360804054701516    
  0.7351470801662008    
  0.7341114807780470    
  0.7329757457405901    
  0.7317419716982705    
  0.7304122119895691    
  0.7289884753264425    
  0.7274727246527413    
  0.7258668761772239    
  0.7241727985794365    
  0.7223923123757575    
  0.7205271894274016    
  0.7185791525814456    
  0.7165498754439250    
  0.7144409822778035    
  0.7122540480104458    
  0.7099905983394144    
  0.7076521099338506    
  0.7052400107270964    
  0.7027556802893504    
  0.7002004502700918    
