   2.216182237217128    
   2.234689459880693    
   2.255458331068361    
   2.277006307693916    
   2.298174367272342    
   2.320331153554717    
   2.344525596402504    
   2.369452170594681    
   2.394089819670078    
   2.419569055179497    
   2.446683483959440    
   2.474155666899065    
   2.500980216018211    
   2.527999566405843    
   2.555631552373624    
   2.582383564278755    
   2.607003777624724    
   2.629787175012879    
   2.650393280252404    
   2.666542323370763    
   2.676028599181885    
   2.677740810190714    
   2.669416923570419    
   2.646395071441502    
   2.603438126942208    
   2.535326229601209    
   2.434253876214830    
   2.288334159177292    
   2.082960993657321    
   1.800567707769124    
   1.417142221829365    
  0.9001651200666670    
  0.2097086366851419    
 -0.7015657838258398    
  -1.889743930556927    
  -3.415203582590101    
  -5.328230974492421    
  -7.647109046529203    
  -10.32886931879924    
  -13.23360682665347    
  -16.10233587244679    
  -18.58523092622607    
  -20.33516625066372    
  -21.12791766621706    
  -20.93898949634899    
  -19.93300022186787    
  -18.38068486458975    
  -16.55914422684616    
  -14.68616300422503    
  -12.90298346341985    
  -11.28669082446267    
  -9.868122964143794    
  -8.647168329601028    
  -7.607726699818827    
  -6.729722282231066    
  -5.992682452545636    
  -5.374549808650535    
  -4.854210667392797    
  -4.416152735648829    
  -4.049064327880639    
  -3.740552352460729    
  -3.477980250302225    
  -3.254044932030681    
  -3.065748559711304    
  -2.907349868722493    
  -2.770254247907854    
  -2.650572213345467    
  -2.549825616087817    
  -2.466274916075211    
  -2.392776283243066    
  -2.325953773962415    
  -2.269639302008938    
  -2.225045469933659    
  -2.185484969208999    
  -2.146436571790669    
  -2.112899619887713    
  -2.089370519655586    
  -2.069847883285389    
  -2.046893698657684    
  -2.024396698059237    
  -2.010640644697826    
  -2.003179869106670    
  -1.992348041440364    
  -1.977382380985766    
  -1.966915005157225    
  -1.963686570467381    
  -1.960577566624485    
  -1.953448420389493    
  -1.946976648602383    
  -1.944754111244278    
  -1.943427064712512    
  -1.940445702088069    
  -1.938807389479377    
  -1.939959244034050    
  -1.940081807405333    
  -1.937747217033917    
  -1.937574694391530    
  -1.941704213149331    
  -1.945153376415991    
  -1.944687960134169    
  -1.944944002869863    
  -1.949982951008402    
  -1.955800989477757    
  -1.957821624384917    
  -1.959389176213282    
  -1.965418153620353    
  -1.973189269673470    
  -1.977497078401293    
  -1.980388487575341    
  -1.987324965721307    
  -1.997103149380474    
  -2.004238151204872    
  -2.009069446797645    
  -2.016889433927884    
  -2.028209930579021    
  -2.038238967778778    
  -2.045873754285647    
  -2.055338052405256    
  -2.068166011208884    
  -2.080809139568699    
  -2.091602178637591    
  -2.103568073877207    
  -2.118442721517442    
  -2.133726003512288    
  -2.147799276018598    
  -2.162839280840533    
  -2.180401815869727    
  -2.198643528125630    
  -2.216182237217128    
  -2.234689459880693    
  -2.255458331068361    
  -2.277006307693916    
  -2.298174367272342    
  -2.320331153554717    
  -2.344525596402504    
  -2.369452170594681    
  -2.394089819670078    
  -2.419569055179497    
  -2.446683483959440    
  -2.474155666899065    
  -2.500980216018211    
  -2.527999566405843    
  -2.555631552373624    
  -2.582383564278755    
  -2.607003777624724    
  -2.629787175012879    
  -2.650393280252404    
  -2.666542323370763    
  -2.676028599181885    
  -2.677740810190714    
  -2.669416923570419    
  -2.646395071441502    
  -2.603438126942208    
  -2.535326229601209    
  -2.434253876214830    
  -2.288334159177292    
  -2.082960993657321    
  -1.800567707769124    
  -1.417142221829365    
 -0.9001651200666670    
 -0.2097086366851419    
  0.7015657838258398    
   1.889743930556927    
   3.415203582590101    
   5.328230974492421    
   7.647109046529203    
   10.32886931879924    
   13.23360682665347    
   16.10233587244679    
   18.58523092622607    
   20.33516625066372    
   21.12791766621706    
   20.93898949634899    
   19.93300022186787    
   18.38068486458975    
   16.55914422684616    
   14.68616300422503    
   12.90298346341985    
   11.28669082446267    
   9.868122964143794    
   8.647168329601028    
   7.607726699818827    
   6.729722282231066    
   5.992682452545636    
   5.374549808650535    
   4.854210667392797    
   4.416152735648829    
   4.049064327880639    
   3.740552352460729    
   3.477980250302225    
   3.254044932030681    
   3.065748559711304    
   2.907349868722493    
   2.770254247907854    
   2.650572213345467    
   2.549825616087817    
   2.466274916075211    
   2.392776283243066    
   2.325953773962415    
   2.269639302008938    
   2.225045469933659    
   2.185484969208999    
   2.146436571790669    
   2.112899619887713    
   2.089370519655586    
   2.069847883285389    
   2.046893698657684    
   2.024396698059237    
   2.010640644697826    
   2.003179869106670    
   1.992348041440364    
   1.977382380985766    
   1.966915005157225    
   1.963686570467381    
   1.960577566624485    
   1.953448420389493    
   1.946976648602383    
   1.944754111244278    
   1.943427064712512    
   1.940445702088069    
   1.938807389479377    
   1.939959244034050    
   1.940081807405333    
   1.937747217033917    
   1.937574694391530    
   1.941704213149331    
   1.945153376415991    
   1.944687960134169    
   1.944944002869863    
   1.949982951008402    
   1.955800989477757    
   1.957821624384917    
   1.959389176213282    
   1.965418153620353    
   1.973189269673470    
   1.977497078401293    
   1.980388487575341    
   1.987324965721307    
   1.997103149380474    
   2.004238151204872    
   2.009069446797645    
   2.016889433927884    
   2.028209930579021    
   2.038238967778778    
   2.045873754285647    
   2.055338052405256    
   2.068166011208884    
   2.080809139568699    
   2.091602178637591    
   2.103568073877207    
   2.118442721517442    
   2.133726003512288    
   2.147799276018598    
   2.162839280840533    
   2.180401815869727    
   2.198643528125630    
