  0.3716249826586909    
  0.3708652080933357    
  0.3699771339446781    
  0.3689619200236350    
  0.3678204589364262    
  0.3665533812886382    
  0.3651610794601794    
  0.3636437255450762    
  0.3620012698102007    
  0.3602334396437391    
  0.3583397561062098    
  0.3563195528680864    
  0.3541719785096859    
  0.3518959928276834    
  0.3494903769367901    
  0.3469537507288016    
  0.3442845780284687    
  0.3414811622424238    
  0.3385416516165122    
  0.3354640547492530    
  0.3322462484996732    
  0.3288859748175743    
  0.3253808428877154    
  0.3217283426721871    
  0.3179258555824014    
  0.3139706544566178    
  0.3098599051221150    
  0.3055906788913533    
  0.3011599661235320    
  0.2965646809183727    
  0.2918016649654981    
  0.2868677011531918    
  0.2817595311010906    
  0.2764738661587245    
  0.2710073962366094    
  0.2653568071594090    
  0.2595188041347621    
  0.2534901312545305    
  0.2472675882414515    
  0.2408480543579566    
  0.2342285199505335    
  0.2274061167228106    
  0.2203781454225894    
  0.2131421093007561    
  0.2056957558053006    
  0.1980371192414047    
  0.1901645613905661    
  0.1820768164981308    
  0.1737730440411868    
  0.1652528835701268    
  0.1565165076452656    
  0.1475646773294244    
  0.1383988036857551    
  0.1290210106368045    
  0.1194341946379483    
  0.1096420839470768    
  0.9964930043593244E-01
  0.8946141973254497E-01
  0.7908502463097837E-01
  0.6852775323089047E-01
  0.5779834422401607E-01
  0.4690667527518590E-01
  0.3586378897768602E-01
  0.2468190699189077E-01
  0.1337443472771803E-01
  0.1955953019582470E-02
 -0.9557808691051215E-02
 -0.2115001708524256E-01
 -0.3280279432068180E-01
 -0.4449729415196694E-01
 -0.5621379938837129E-01
 -0.6793183908191594E-01
 -0.7963032002463154E-01
 -0.9128767226562844E-01
 -0.1028820116696306    
 -0.1143913163993596    
 -0.1257936092223031    
 -0.1370671426557361    
 -0.1481905889060390    
 -0.1591432309902870    
 -0.1699051452168767    
 -0.1804573703642633    
 -0.1907820662457268    
 -0.2008626600184172    
 -0.2106839707781361    
 -0.2202323075463291    
 -0.2294955458948463    
 -0.2384631861027837    
 -0.2471263856609895    
 -0.2554779612688648    
 -0.2635123680357508    
 -0.2712256642746739    
 -0.2786154578032666    
 -0.2856808276638869    
 -0.2924222289774602    
 -0.2988413937757203    
 -0.3049412270407461    
 -0.3107256892024353    
 -0.3161996692665113    
 -0.3213688635009592    
 -0.3262396626878306    
 -0.3308190368404351    
 -0.3351144155080887    
 -0.3391335777664340    
 -0.3428845589706374    
 -0.3463755629811860    
 -0.3496148718581996    
 -0.3526107639763396    
 -0.3553714510821077    
 -0.3579050250349705    
 -0.3602194018854600    
 -0.3623222704477195    
 -0.3642210583982819    
 -0.3659229094226042    
 -0.3674346559376030    
 -0.3687627911892361    
 -0.3699134568541736    
 -0.3708924433210863    
 -0.3717051834001142    
 -0.3723567382079471    
 -0.3728517954153852    
 -0.3731946845193128    
 -0.3733893870144279    
 -0.3734395304123895    
 -0.3733483868361457    
 -0.3731188927550436    
 -0.3727536714987262    
 -0.3722550357495817    
 -0.3716249826586909    
 -0.3708652080933357    
 -0.3699771339446781    
 -0.3689619200236350    
 -0.3678204589364262    
 -0.3665533812886382    
 -0.3651610794601794    
 -0.3636437255450762    
 -0.3620012698102007    
 -0.3602334396437391    
 -0.3583397561062098    
 -0.3563195528680864    
 -0.3541719785096859    
 -0.3518959928276834    
 -0.3494903769367901    
 -0.3469537507288016    
 -0.3442845780284687    
 -0.3414811622424238    
 -0.3385416516165122    
 -0.3354640547492530    
 -0.3322462484996732    
 -0.3288859748175743    
 -0.3253808428877154    
 -0.3217283426721871    
 -0.3179258555824014    
 -0.3139706544566178    
 -0.3098599051221150    
 -0.3055906788913533    
 -0.3011599661235320    
 -0.2965646809183727    
 -0.2918016649654981    
 -0.2868677011531918    
 -0.2817595311010906    
 -0.2764738661587245    
 -0.2710073962366094    
 -0.2653568071594090    
 -0.2595188041347621    
 -0.2534901312545305    
 -0.2472675882414515    
 -0.2408480543579566    
 -0.2342285199505335    
 -0.2274061167228106    
 -0.2203781454225894    
 -0.2131421093007561    
 -0.2056957558053006    
 -0.1980371192414047    
 -0.1901645613905661    
 -0.1820768164981308    
 -0.1737730440411868    
 -0.1652528835701268    
 -0.1565165076452656    
 -0.1475646773294244    
 -0.1383988036857551    
 -0.1290210106368045    
 -0.1194341946379483    
 -0.1096420839470768    
 -0.9964930043593244E-01
 -0.8946141973254497E-01
 -0.7908502463097837E-01
 -0.6852775323089047E-01
 -0.5779834422401607E-01
 -0.4690667527518590E-01
 -0.3586378897768602E-01
 -0.2468190699189077E-01
 -0.1337443472771803E-01
 -0.1955953019582470E-02
  0.9557808691051215E-02
  0.2115001708524256E-01
  0.3280279432068180E-01
  0.4449729415196694E-01
  0.5621379938837129E-01
  0.6793183908191594E-01
  0.7963032002463154E-01
  0.9128767226562844E-01
  0.1028820116696306    
  0.1143913163993596    
  0.1257936092223031    
  0.1370671426557361    
  0.1481905889060390    
  0.1591432309902870    
  0.1699051452168767    
  0.1804573703642633    
  0.1907820662457268    
  0.2008626600184172    
  0.2106839707781361    
  0.2202323075463291    
  0.2294955458948463    
  0.2384631861027837    
  0.2471263856609895    
  0.2554779612688648    
  0.2635123680357508    
  0.2712256642746739    
  0.2786154578032666    
  0.2856808276638869    
  0.2924222289774602    
  0.2988413937757203    
  0.3049412270407461    
  0.3107256892024353    
  0.3161996692665113    
  0.3213688635009592    
  0.3262396626878306    
  0.3308190368404351    
  0.3351144155080887    
  0.3391335777664340    
  0.3428845589706374    
  0.3463755629811860    
  0.3496148718581996    
  0.3526107639763396    
  0.3553714510821077    
  0.3579050250349705    
  0.3602194018854600    
  0.3623222704477195    
  0.3642210583982819    
  0.3659229094226042    
  0.3674346559376030    
  0.3687627911892361    
  0.3699134568541736    
  0.3708924433210863    
  0.3717051834001142    
  0.3723567382079471    
  0.3728517954153852    
  0.3731946845193128    
  0.3733893870144279    
  0.3734395304123895    
  0.3733483868361457    
  0.3731188927550436    
  0.3727536714987262    
  0.3722550357495817    
