  0.4601164554608390    
  0.4537673066902767    
  0.4472397373948656    
  0.4405375495447392    
  0.4336643264534938    
  0.4266234390169270    
  0.4194180701629711    
  0.4120512329700713    
  0.4045257690780693    
  0.3968443475658555    
  0.3890094812162674    
  0.3810235447409924    
  0.3728887760980744    
  0.3646072717934595    
  0.3561809958758595    
  0.3476117959661358    
  0.3389014067221391    
  0.3300514437787053    
  0.3210634072861454    
  0.3119386954917990    
  0.3026786104871253    
  0.2932843528629309    
  0.2837570217395231    
  0.2740976260907961    
  0.2643070930192365    
  0.2543862653222928    
  0.2443359007450738    
  0.2341566821523463    
  0.2238492286435303    
  0.2134140977851845    
  0.2028517871121223    
  0.1921627454280155    
  0.1813473879484188    
  0.1704061048848056    
  0.1593392679589313    
  0.1481472454972545    
  0.1368304235722264    
  0.1253892231178507    
  0.1138241143393871    
  0.1021356383205939    
  0.9032443617832220E-01
  0.7839127682767927E-01
  0.6633708212376474E-01
  0.5416295774162067E-01
  0.4187023214508712E-01
  0.2946049631640646E-01
  0.1693564129080352E-01
  0.4297899917039050E-02
 -0.8450103840889206E-02
 -0.2130530384093177E-01
 -0.3426414288966440E-01
 -0.4732252158117300E-01
 -0.6047574147514082E-01
 -0.7371844732818200E-01
 -0.8704457290427614E-01
 -0.1004472875540916    
 -0.1139189406651691    
 -0.1274510082411436    
 -0.1410340466360604    
 -0.1546576519224921    
 -0.1683104224796129    
 -0.1819799288594552    
 -0.1956526963737476    
 -0.2093141996823178    
 -0.2229488669662303    
 -0.2365400971880603    
 -0.2500702957946177    
 -0.2635209281137189    
 -0.2768725870433766    
 -0.2901050770815590    
 -0.3031975191031392    
 -0.3161284740748775    
 -0.3288760801509859    
 -0.3414182027691776    
 -0.3537326006240512    
 -0.3657971042236494    
 -0.3775897988366683    
 -0.3890892088298700    
 -0.4002744853022717    
 -0.4111255933210310    
 -0.4216234889460527    
 -0.4317502815010507    
 -0.4414893838731088    
 -0.4508256492367514    
 -0.4597454848619010    
 -0.4682369383564615    
 -0.4762897618102527    
 -0.4838954568531335    
 -0.4910472935995064    
 -0.4977402989150118    
 -0.5039712219941674    
 -0.5097384857588443    
 -0.5150421200888895    
 -0.5198836710319761    
 -0.5242660939625771    
 -0.5281936436057966    
 -0.5316717601272105    
 -0.5347069426460661    
 -0.5373066145377250    
 -0.5394789954758037    
 -0.5412329830750162    
 -0.5425780329953549    
 -0.5435240357525590    
 -0.5440812043455141    
 -0.5442599795739578    
 -0.5440709416017755    
 -0.5435247198213553    
 -0.5426319120065608    
 -0.5414030230805926    
 -0.5398484140245241    
 -0.5379782485931275    
 -0.5358024450650427    
 -0.5333306459056578    
 -0.5305721986277419    
 -0.5275361323700314    
 -0.5242311341104090    
 -0.5206655405414287    
 -0.5168473425247044    
 -0.5127841828395689    
 -0.5084833461620873    
 -0.5039517614488089    
 -0.4991960210970867    
 -0.4942223946399625    
 -0.4890368261604188    
 -0.4836449362935913    
 -0.4780520451217922    
 -0.4722631973464834    
 -0.4662831671176739    
 -0.4601164554608390    
 -0.4537673066902767    
 -0.4472397373948656    
 -0.4405375495447392    
 -0.4336643264534938    
 -0.4266234390169270    
 -0.4194180701629711    
 -0.4120512329700713    
 -0.4045257690780693    
 -0.3968443475658555    
 -0.3890094812162674    
 -0.3810235447409924    
 -0.3728887760980744    
 -0.3646072717934595    
 -0.3561809958758595    
 -0.3476117959661358    
 -0.3389014067221391    
 -0.3300514437787053    
 -0.3210634072861454    
 -0.3119386954917990    
 -0.3026786104871253    
 -0.2932843528629309    
 -0.2837570217395231    
 -0.2740976260907961    
 -0.2643070930192365    
 -0.2543862653222928    
 -0.2443359007450738    
 -0.2341566821523463    
 -0.2238492286435303    
 -0.2134140977851845    
 -0.2028517871121223    
 -0.1921627454280155    
 -0.1813473879484188    
 -0.1704061048848056    
 -0.1593392679589313    
 -0.1481472454972545    
 -0.1368304235722264    
 -0.1253892231178507    
 -0.1138241143393871    
 -0.1021356383205939    
 -0.9032443617832220E-01
 -0.7839127682767927E-01
 -0.6633708212376474E-01
 -0.5416295774162067E-01
 -0.4187023214508712E-01
 -0.2946049631640646E-01
 -0.1693564129080352E-01
 -0.4297899917039050E-02
  0.8450103840889206E-02
  0.2130530384093177E-01
  0.3426414288966440E-01
  0.4732252158117300E-01
  0.6047574147514082E-01
  0.7371844732818200E-01
  0.8704457290427614E-01
  0.1004472875540916    
  0.1139189406651691    
  0.1274510082411436    
  0.1410340466360604    
  0.1546576519224921    
  0.1683104224796129    
  0.1819799288594552    
  0.1956526963737476    
  0.2093141996823178    
  0.2229488669662303    
  0.2365400971880603    
  0.2500702957946177    
  0.2635209281137189    
  0.2768725870433766    
  0.2901050770815590    
  0.3031975191031392    
  0.3161284740748775    
  0.3288760801509859    
  0.3414182027691776    
  0.3537326006240512    
  0.3657971042236494    
  0.3775897988366683    
  0.3890892088298700    
  0.4002744853022717    
  0.4111255933210310    
  0.4216234889460527    
  0.4317502815010507    
  0.4414893838731088    
  0.4508256492367514    
  0.4597454848619010    
  0.4682369383564615    
  0.4762897618102527    
  0.4838954568531335    
  0.4910472935995064    
  0.4977402989150118    
  0.5039712219941674    
  0.5097384857588443    
  0.5150421200888895    
  0.5198836710319761    
  0.5242660939625771    
  0.5281936436057966    
  0.5316717601272105    
  0.5347069426460661    
  0.5373066145377250    
  0.5394789954758037    
  0.5412329830750162    
  0.5425780329953549    
  0.5435240357525590    
  0.5440812043455141    
  0.5442599795739578    
  0.5440709416017755    
  0.5435247198213553    
  0.5426319120065608    
  0.5414030230805926    
  0.5398484140245241    
  0.5379782485931275    
  0.5358024450650427    
  0.5333306459056578    
  0.5305721986277419    
  0.5275361323700314    
  0.5242311341104090    
  0.5206655405414287    
  0.5168473425247044    
  0.5127841828395689    
  0.5084833461620873    
  0.5039517614488089    
  0.4991960210970867    
  0.4942223946399625    
  0.4890368261604188    
  0.4836449362935913    
  0.4780520451217922    
  0.4722631973464834    
  0.4662831671176739    
