  0.2835817578157848    
  0.2883157805202614    
  0.2931960229628616    
  0.2982281760940346    
  0.3034184326991292    
  0.3087735027688805    
  0.3143006063373062    
  0.3200075395922790    
  0.3259027567031759    
  0.3319954025518432    
  0.3382953544609557    
  0.3448133051021972    
  0.3515608290592912    
  0.3585504362146047    
  0.3657956668630323    
  0.3733111838256347    
  0.3811128053625647    
  0.3892175608054216    
  0.3976438110692698    
  0.4064112882221041    
  0.4155409949256030    
  0.4250551295157836    
  0.4349770346467692    
  0.4453308635346318    
  0.4561408640125552    
  0.4674304882818407    
  0.4792211576367747    
  0.4915300211357206    
  0.5043663697504522    
  0.5177266914132532    
  0.5315875649197652    
  0.5458947804298572    
  0.5605475876595212    
  0.5753774945337590    
  0.5901203709972117    
  0.6043813458906507    
  0.6175968993066365    
  0.6290061759834400    
  0.6376520957320343    
  0.6424420853950781    
  0.6422983255927278    
  0.6363962564061955    
  0.6244243519792223    
  0.6067441016873347    
  0.5843515351418240    
  0.5586456691405500    
  0.5311157909830919    
  0.5030822672899480    
  0.4755611530140416    
  0.4492423234915827    
  0.4245338221736880    
  0.4016304969794195    
  0.3805818066045117    
  0.3613462531351572    
  0.3438296503994420    
  0.3279109155352202    
  0.3134593665219528    
  0.3003450784673402    
  0.2884439554439843    
  0.2776403729990308    
  0.2678289278811783    
  0.2589148209997714    
  0.2508129423147870    
  0.2434470212016793    
  0.2367493122714368    
  0.2306598961507998    
  0.2251254001232940    
  0.2200981230299580    
  0.2155357844082600    
  0.2114010007421904    
  0.2076603151268414    
  0.2042836279935380    
  0.2012441661285362    
  0.1985181752273916    
  0.1960842117500043    
  0.1939227983042592    
  0.1920165346123436    
  0.1903499246956289    
  0.1889088374047302    
  0.1876802999393074    
  0.1866526842296283    
  0.1858156089997480    
  0.1851595059127655    
  0.1846754960830632    
  0.1843556128938044    
  0.1841927455369996    
  0.1841802738241018    
  0.1843119942124050    
  0.1845823563174970    
  0.1849864301485014    
  0.1855195895310683    
  0.1861774679646923    
  0.1869561942983179    
  0.1878523726155948    
  0.1888628034966316    
  0.1899844597583089    
  0.1912147128977239    
  0.1925513174344494    
  0.1939921624171235    
  0.1955352623453724    
  0.1971789716592382    
  0.1989219690676154    
  0.2007630330132835    
  0.2027010438426701    
  0.2047351861151383    
  0.2068649325086534    
  0.2090898398421663    
  0.2114095586716091    
  0.2138240226933724    
  0.2163334335796819    
  0.2189380773202667    
  0.2216383387607213    
  0.2244348764650058    
  0.2273286096242645    
  0.2303205564532051    
  0.2334118531948366    
  0.2366039128138369    
  0.2398984143053988    
  0.2432971653525789    
  0.2468021268901220    
  0.2504155550327891    
  0.2541399931623667    
  0.2579781609968167    
  0.2619329862866474    
  0.2660077303635408    
  0.2702059845161512    
  0.2745315883537480    
  0.2789886703527893    
  0.2835817578157848    
  0.2883157805202614    
  0.2931960229628616    
  0.2982281760940346    
  0.3034184326991292    
  0.3087735027688805    
  0.3143006063373062    
  0.3200075395922790    
  0.3259027567031759    
  0.3319954025518432    
  0.3382953544609557    
  0.3448133051021972    
  0.3515608290592912    
  0.3585504362146047    
  0.3657956668630323    
  0.3733111838256347    
  0.3811128053625647    
  0.3892175608054216    
  0.3976438110692698    
  0.4064112882221041    
  0.4155409949256030    
  0.4250551295157836    
  0.4349770346467692    
  0.4453308635346318    
  0.4561408640125552    
  0.4674304882818407    
  0.4792211576367747    
  0.4915300211357206    
  0.5043663697504522    
  0.5177266914132532    
  0.5315875649197652    
  0.5458947804298572    
  0.5605475876595212    
  0.5753774945337590    
  0.5901203709972117    
  0.6043813458906507    
  0.6175968993066365    
  0.6290061759834400    
  0.6376520957320343    
  0.6424420853950781    
  0.6422983255927278    
  0.6363962564061955    
  0.6244243519792223    
  0.6067441016873347    
  0.5843515351418240    
  0.5586456691405500    
  0.5311157909830919    
  0.5030822672899480    
  0.4755611530140416    
  0.4492423234915827    
  0.4245338221736880    
  0.4016304969794195    
  0.3805818066045117    
  0.3613462531351572    
  0.3438296503994420    
  0.3279109155352202    
  0.3134593665219528    
  0.3003450784673402    
  0.2884439554439843    
  0.2776403729990308    
  0.2678289278811783    
  0.2589148209997714    
  0.2508129423147870    
  0.2434470212016793    
  0.2367493122714368    
  0.2306598961507998    
  0.2251254001232940    
  0.2200981230299580    
  0.2155357844082600    
  0.2114010007421904    
  0.2076603151268414    
  0.2042836279935380    
  0.2012441661285362    
  0.1985181752273916    
  0.1960842117500043    
  0.1939227983042592    
  0.1920165346123436    
  0.1903499246956289    
  0.1889088374047302    
  0.1876802999393074    
  0.1866526842296283    
  0.1858156089997480    
  0.1851595059127655    
  0.1846754960830632    
  0.1843556128938044    
  0.1841927455369996    
  0.1841802738241018    
  0.1843119942124050    
  0.1845823563174970    
  0.1849864301485014    
  0.1855195895310683    
  0.1861774679646923    
  0.1869561942983179    
  0.1878523726155948    
  0.1888628034966316    
  0.1899844597583089    
  0.1912147128977239    
  0.1925513174344494    
  0.1939921624171235    
  0.1955352623453724    
  0.1971789716592382    
  0.1989219690676154    
  0.2007630330132835    
  0.2027010438426701    
  0.2047351861151383    
  0.2068649325086534    
  0.2090898398421663    
  0.2114095586716091    
  0.2138240226933724    
  0.2163334335796819    
  0.2189380773202667    
  0.2216383387607213    
  0.2244348764650058    
  0.2273286096242645    
  0.2303205564532051    
  0.2334118531948366    
  0.2366039128138369    
  0.2398984143053988    
  0.2432971653525789    
  0.2468021268901220    
  0.2504155550327891    
  0.2541399931623667    
  0.2579781609968167    
  0.2619329862866474    
  0.2660077303635408    
  0.2702059845161512    
  0.2745315883537480    
  0.2789886703527893    
