  0.5366153842223494    
  0.5371326700882054    
  0.5376020449697930    
  0.5380242022735610    
  0.5383997947267984    
  0.5387294349467164    
  0.5390136960367998    
  0.5392531122076671    
  0.5394481794199464    
  0.5395993560464896    
  0.5397070635501956    
  0.5397716871729159    
  0.5397935766326745    
  0.5397730468291365    
  0.5397103785567205    
  0.5396058192216593    
  0.5394595835589042    
  0.5392718543477896    
  0.5390427831268437    
  0.5387724909064233    
  0.5384610688769762    
  0.5381085791119520    
  0.5377150552643811    
  0.5372805032548145    
  0.5368049019495731    
  0.5362882038311185    
  0.5357303356611905    
  0.5351311991331447    
  0.5344906715102069    
  0.5338086062516199    
  0.5330848336300756    
  0.5323191613388318    
  0.5315113750841951    
  0.5306612391633475    
  0.5297684970310725    
  0.5288328718558837    
  0.5278540670624866    
  0.5268317668597247    
  0.5257656367564811    
  0.5246553240664471    
  0.5235004583999238    
  0.5223006521422517    
  0.5210555009207372    
  0.5197645840604624    
  0.5184274650275639    
  0.5170436918606643    
  0.5156127975930674    
  0.5141343006656944    
  0.5126077053281821    
  0.5110325020284450    
  0.5094081677946882    
  0.5077341666117267    
  0.5060099497890134    
  0.5042349563186143    
  0.5024086132258767    
  0.5005303359163121    
  0.4985995285188278    
  0.4966155842238444    
  0.4945778856167375    
  0.4924858050087085    
  0.4903387047667231    
  0.4881359376431963    
  0.4858768471056916    
  0.4835607676672489    
  0.4811870252192650    
  0.4787549373696736    
  0.4762638137871870    
  0.4737129565501550    
  0.4711016605007022    
  0.4684292136090604    
  0.4656948973518266    
  0.4628979871023312    
  0.4600377525310517    
  0.4571134580203216    
  0.4541243630995190    
  0.4510697229007741    
  0.4479487886321483    
  0.4447608080713369    
  0.4415050260870702    
  0.4381806851896142    
  0.4347870261067177    
  0.4313232883871624    
  0.4277887110405210    
  0.4241825332165676    
  0.4205039949198665    
  0.4167523377592050    
  0.4129268057408382    
  0.4090266461123619    
  0.4050511102541591    
  0.4009994546154589    
  0.3968709417016827    
  0.3926648411217779    
  0.3883804306955795    
  0.3840169976177779    
  0.3795738396822286    
  0.3750502665747162    
  0.3704456012366104    
  0.3657591812972191    
  0.3609903605766210    
  0.3561385106650361    
  0.3512030225817283    
  0.3461833085127344    
  0.3410788036286950    
  0.3358889679867235    
  0.3306132885180877    
  0.3252512811011590    
  0.3198024927207540    
  0.3142665037163820    
  0.3086429301193824    
  0.3029314260771651    
  0.2971316863646493    
  0.2912434489838981    
  0.2852664978499341    
  0.2792006655589149    
  0.2730458362367947    
  0.2668019484673381    
  0.2604689982949371    
  0.2540470422955854    
  0.2475362007112219    
  0.2409366606433301    
  0.2342486792980741    
  0.2274725872728365    
  0.2206087918757826    
  0.2136577804707638    
  0.2066201238359742    
  0.1994964795217997    
  0.1922875951948506    
  0.1849943119563266    
  0.1776175676193873    
  0.1701583999268160    
  0.1626179496909367    
  0.1549974638388816    
  0.1472982983436092    
  0.1395219210184490    
  0.1316699141534338    
  0.1237439769721536    
  0.1157459278854102    
  0.1076777065162641    
  0.9954137547246089E-01
  0.9133912184296857E-01
  0.8307325839301131E-01
  0.7474622443100781E-01
  0.6636058632317753E-01
  0.5791903763294293E-01
  0.4942439886043689E-01
  0.4087961675769290E-01
  0.3228776319922270E-01
  0.2365203359008691E-01
  0.1497574479165735E-01
  0.6262332546028502E-02
 -0.2484651613619822E-02
 -0.1126154397454545E-01
 -0.2006457278684414E-01
 -0.2888986294542936E-01
 -0.3773344121310276E-01
 -0.4659124197890284E-01
 -0.5545911354540959E-01
 -0.6433282493862742E-01
 -0.7320807322706151E-01
 -0.8208049132771290E-01
 -0.9094565627451430E-01
 -0.9979909792514079E-01
 -0.1086363080768140    
 -0.1174527499528291    
 -0.1262438680177065    
 -0.1350050980787447    
 -0.1437318776285551    
 -0.1524196563771863    
 -0.1610639069197241    
 -0.1696601354849602    
 -0.1782038927081029    
 -0.1866907843669032    
 -0.1951164820210890    
 -0.2034767334972947    
 -0.2117673731605788    
 -0.2199843319113471    
 -0.2281236468492628    
 -0.2361814705513299    
 -0.2441540799132536    
 -0.2520378845024919    
 -0.2598294343752961    
 -0.2675254273178240    
 -0.2751227154765010    
 -0.2826183113442531    
 -0.2900093930732549    
 -0.2972933090926779    
 -0.3044675820167491    
 -0.3115299118323254    
 -0.3184781783598188    
 -0.3253104429875267    
 -0.3320249496848738    
 -0.3386201253046296    
 -0.3450945791899704    
 -0.3514471021076763    
 -0.3576766645314035    
 -0.3637824143011869    
 -0.3697636736909176    
 -0.3756199359209045    
 -0.3813508611531710    
 -0.3869562720059778    
 -0.3924361486274917    
 -0.3977906233737262    
 -0.4030199751355387    
 -0.4081246233551407    
 -0.4131051217727708    
 -0.4179621519486766    
 -0.4226965166057710    
 -0.4273091328323569    
 -0.4318010251807155    
 -0.4361733186998248    
 -0.4404272319420357    
 -0.4445640699785461    
 -0.4485852174523992    
 -0.4524921316967229    
 -0.4562863359477227    
 -0.4599694126800304    
 -0.4635429970862018    
 -0.4670087707174842    
 -0.4703684553024672    
 -0.4736238067613532    
 -0.4767766094318741    
 -0.4798286705171190    
 -0.4827818147603919    
 -0.4856378793526208    
 -0.4883987090811762    
 -0.4910661517270458    
 -0.4936420537095726    
 -0.4961282559739653    
 -0.4985265901214910    
 -0.5008388747860391    
 -0.5030669122550090    
 -0.5052124853244758    
 -0.5072773543802265    
 -0.5092632547034663    
 -0.5111718939995294    
 -0.5130049501397911    
 -0.5147640691040730    
 -0.5164508631165821    
 -0.5180669089720803    
 -0.5196137465447741    
 -0.5210928774681350    
 -0.5225057639758202    
 -0.5238538278971598    
 -0.5251384497999546    
 -0.5263609682716924    
 -0.5275226793309638    
 -0.5286248359613734    
 -0.5296686477589843    
 -0.5306552806849031    
 -0.5315858569175402    
 -0.5324614547993315    
 -0.5332831088692610    
 -0.5340518099717028    
 -0.5347685054362596    
 -0.5354340993260255    
 -0.5360494527487559    
 -0.5366153842223494    
 -0.5371326700882054    
 -0.5376020449697930    
 -0.5380242022735610    
 -0.5383997947267984    
 -0.5387294349467164    
 -0.5390136960367998    
 -0.5392531122076671    
 -0.5394481794199464    
 -0.5395993560464896    
 -0.5397070635501956    
 -0.5397716871729159    
 -0.5397935766326745    
 -0.5397730468291365    
 -0.5397103785567205    
 -0.5396058192216593    
 -0.5394595835589042    
 -0.5392718543477896    
 -0.5390427831268437    
 -0.5387724909064233    
 -0.5384610688769762    
 -0.5381085791119520    
 -0.5377150552643811    
 -0.5372805032548145    
 -0.5368049019495731    
 -0.5362882038311185    
 -0.5357303356611905    
 -0.5351311991331447    
 -0.5344906715102069    
 -0.5338086062516199    
 -0.5330848336300756    
 -0.5323191613388318    
 -0.5315113750841951    
 -0.5306612391633475    
 -0.5297684970310725    
 -0.5288328718558837    
 -0.5278540670624866    
 -0.5268317668597247    
 -0.5257656367564811    
 -0.5246553240664471    
 -0.5235004583999238    
 -0.5223006521422517    
 -0.5210555009207372    
 -0.5197645840604624    
 -0.5184274650275639    
 -0.5170436918606643    
 -0.5156127975930674    
 -0.5141343006656944    
 -0.5126077053281821    
 -0.5110325020284450    
 -0.5094081677946882    
 -0.5077341666117267    
 -0.5060099497890134    
 -0.5042349563186143    
 -0.5024086132258767    
 -0.5005303359163121    
 -0.4985995285188278    
 -0.4966155842238444    
 -0.4945778856167375    
 -0.4924858050087085    
 -0.4903387047667231    
 -0.4881359376431963    
 -0.4858768471056916    
 -0.4835607676672489    
 -0.4811870252192650    
 -0.4787549373696736    
 -0.4762638137871870    
 -0.4737129565501550    
 -0.4711016605007022    
 -0.4684292136090604    
 -0.4656948973518266    
 -0.4628979871023312    
 -0.4600377525310517    
 -0.4571134580203216    
 -0.4541243630995190    
 -0.4510697229007741    
 -0.4479487886321483    
 -0.4447608080713369    
 -0.4415050260870702    
 -0.4381806851896142    
 -0.4347870261067177    
 -0.4313232883871624    
 -0.4277887110405210    
 -0.4241825332165676    
 -0.4205039949198665    
 -0.4167523377592050    
 -0.4129268057408382    
 -0.4090266461123619    
 -0.4050511102541591    
 -0.4009994546154589    
 -0.3968709417016827    
 -0.3926648411217779    
 -0.3883804306955795    
 -0.3840169976177779    
 -0.3795738396822286    
 -0.3750502665747162    
 -0.3704456012366104    
 -0.3657591812972191    
 -0.3609903605766210    
 -0.3561385106650361    
 -0.3512030225817283    
 -0.3461833085127344    
 -0.3410788036286950    
 -0.3358889679867235    
 -0.3306132885180877    
 -0.3252512811011590    
 -0.3198024927207540    
 -0.3142665037163820    
 -0.3086429301193824    
 -0.3029314260771651    
 -0.2971316863646493    
 -0.2912434489838981    
 -0.2852664978499341    
 -0.2792006655589149    
 -0.2730458362367947    
 -0.2668019484673381    
 -0.2604689982949371    
 -0.2540470422955854    
 -0.2475362007112219    
 -0.2409366606433301    
 -0.2342486792980741    
 -0.2274725872728365    
 -0.2206087918757826    
 -0.2136577804707638    
 -0.2066201238359742    
 -0.1994964795217997    
 -0.1922875951948506    
 -0.1849943119563266    
 -0.1776175676193873    
 -0.1701583999268160    
 -0.1626179496909367    
 -0.1549974638388816    
 -0.1472982983436092    
 -0.1395219210184490    
 -0.1316699141534338    
 -0.1237439769721536    
 -0.1157459278854102    
 -0.1076777065162641    
 -0.9954137547246089E-01
 -0.9133912184296857E-01
 -0.8307325839301131E-01
 -0.7474622443100781E-01
 -0.6636058632317753E-01
 -0.5791903763294293E-01
 -0.4942439886043689E-01
 -0.4087961675769290E-01
 -0.3228776319922270E-01
 -0.2365203359008691E-01
 -0.1497574479165735E-01
 -0.6262332546028502E-02
  0.2484651613619822E-02
  0.1126154397454545E-01
  0.2006457278684414E-01
  0.2888986294542936E-01
  0.3773344121310276E-01
  0.4659124197890284E-01
  0.5545911354540959E-01
  0.6433282493862742E-01
  0.7320807322706151E-01
  0.8208049132771290E-01
  0.9094565627451430E-01
  0.9979909792514079E-01
  0.1086363080768140    
  0.1174527499528291    
  0.1262438680177065    
  0.1350050980787447    
  0.1437318776285551    
  0.1524196563771863    
  0.1610639069197241    
  0.1696601354849602    
  0.1782038927081029    
  0.1866907843669032    
  0.1951164820210890    
  0.2034767334972947    
  0.2117673731605788    
  0.2199843319113471    
  0.2281236468492628    
  0.2361814705513299    
  0.2441540799132536    
  0.2520378845024919    
  0.2598294343752961    
  0.2675254273178240    
  0.2751227154765010    
  0.2826183113442531    
  0.2900093930732549    
  0.2972933090926779    
  0.3044675820167491    
  0.3115299118323254    
  0.3184781783598188    
  0.3253104429875267    
  0.3320249496848738    
  0.3386201253046296    
  0.3450945791899704    
  0.3514471021076763    
  0.3576766645314035    
  0.3637824143011869    
  0.3697636736909176    
  0.3756199359209045    
  0.3813508611531710    
  0.3869562720059778    
  0.3924361486274917    
  0.3977906233737262    
  0.4030199751355387    
  0.4081246233551407    
  0.4131051217727708    
  0.4179621519486766    
  0.4226965166057710    
  0.4273091328323569    
  0.4318010251807155    
  0.4361733186998248    
  0.4404272319420357    
  0.4445640699785461    
  0.4485852174523992    
  0.4524921316967229    
  0.4562863359477227    
  0.4599694126800304    
  0.4635429970862018    
  0.4670087707174842    
  0.4703684553024672    
  0.4736238067613532    
  0.4767766094318741    
  0.4798286705171190    
  0.4827818147603919    
  0.4856378793526208    
  0.4883987090811762    
  0.4910661517270458    
  0.4936420537095726    
  0.4961282559739653    
  0.4985265901214910    
  0.5008388747860391    
  0.5030669122550090    
  0.5052124853244758    
  0.5072773543802265    
  0.5092632547034663    
  0.5111718939995294    
  0.5130049501397911    
  0.5147640691040730    
  0.5164508631165821    
  0.5180669089720803    
  0.5196137465447741    
  0.5210928774681350    
  0.5225057639758202    
  0.5238538278971598    
  0.5251384497999546    
  0.5263609682716924    
  0.5275226793309638    
  0.5286248359613734    
  0.5296686477589843    
  0.5306552806849031    
  0.5315858569175402    
  0.5324614547993315    
  0.5332831088692610    
  0.5340518099717028    
  0.5347685054362596    
  0.5354340993260255    
  0.5360494527487559    
