  0.1457696993710015    
  0.1465277821399757    
  0.1472917575544207    
  0.1480616595005139    
  0.1488375221749388    
  0.1496193800867913    
  0.1504072680596178    
  0.1512012212335855    
  0.1520012750677899    
  0.1528074653427094    
  0.1536198281628181    
  0.1544383999593552    
  0.1552632174932620    
  0.1560943178582933    
  0.1569317384843172    
  0.1577755171408056    
  0.1586256919405249    
  0.1594823013434314    
  0.1603453841607942    
  0.1612149795595443    
  0.1620911270668645    
  0.1629738665750278    
  0.1638632383464987    
  0.1647592830193083    
  0.1656620416127173    
  0.1665715555331773    
  0.1674878665806065    
  0.1684110169549879    
  0.1693410492633107    
  0.1702780065268688    
  0.1712219321889353    
  0.1721728701228257    
  0.1731308646403661    
  0.1740959605007845    
  0.1750682029200545    
  0.1760476375807010    
  0.1770343106420930    
  0.1780282687512399    
  0.1790295590541238    
  0.1800382292075837    
  0.1810543273917823    
  0.1820779023232759    
  0.1831090032687223    
  0.1841476800592477    
  0.1851939831055068    
  0.1862479634134616    
  0.1873096726009211    
  0.1883791629148713    
  0.1894564872496315    
  0.1905416991658669    
  0.1916348529105054    
  0.1927360034375949    
  0.1938452064301475    
  0.1949625183230085    
  0.1960879963267972    
  0.1972216984529656    
  0.1983636835400303    
  0.1995140112810239    
  0.2006727422522212    
  0.2018399379431914    
  0.2030156607882357    
  0.2041999741992692    
  0.2053929426002127    
  0.2065946314629506    
  0.2078051073449224    
  0.2090244379284106    
  0.2102526920616020    
  0.2114899398014832    
  0.2127362524586476    
  0.2139917026440800    
  0.2152563643179954    
  0.2165303128408061    
  0.2178136250262898    
  0.2191063791970302    
  0.2204086552422043    
  0.2217205346777832    
  0.2230421007092178    
  0.2243734382966692    
  0.2257146342228480    
  0.2270657771635103    
  0.2284269577606600    
  0.2297982686984876    
  0.2311798047820733    
  0.2325716630188607    
  0.2339739427028953    
  0.2353867455017953    
  0.2368101755464026    
  0.2382443395230277    
  0.2396893467681758    
  0.2411453093655871    
  0.2426123422453875    
  0.2440905632850790    
  0.2455800934120480    
  0.2470810567071715    
  0.2485935805090275    
  0.2501177955181023    
  0.2516538359002713    
  0.2532018393886746    
  0.2547619473829564    
  0.2563343050446291    
  0.2579190613871217    
  0.2595163693587910    
  0.2611263859168803    
  0.2627492720900606    
  0.2643851930267885    
  0.2660343180262411    
  0.2676968205480427    
  0.2693728781963641    
  0.2710626726732525    
  0.2727663896951917    
  0.2744842188659149    
  0.2762163534973423    
  0.2779629903692032    
  0.2797243294163505    
  0.2815005733310000    
  0.2832919270650550    
  0.2850985972152815    
  0.2869207912713009    
  0.2887587167031244    
  0.2906125798611923    
  0.2924825846575297    
  0.2943689309915474    
  0.2962718128781253    
  0.2981914162287783    
  0.3001279162287929    
  0.3020814742440236    
  0.3040522341803917    
  0.3060403182067792    
  0.3080458217377682    
  0.3100688075562136    
  0.3121092989366773    
  0.3141672716089284    
  0.3162426443757373    
  0.3183352681706403    
  0.3204449133089065    
  0.3225712546482434    
  0.3247138543345913    
  0.3268721417625182    
  0.3290453903293099    
  0.3312326905071811    
  0.3334329186999522    
  0.3356447012905027    
  0.3378663732257110    
  0.3400959304301177    
  0.3423309752936242    
  0.3445686544499350    
  0.3468055880620141    
  0.3490377898732738    
  0.3512605773882438    
  0.3534684717396573    
  0.3556550871127964    
  0.3578130100726312    
  0.3599336698223891    
  0.3620072013675162    
  0.3640223048231168    
  0.3659661057383702    
  0.3678240233551120    
  0.3695796561736542    
  0.3712146970129353    
  0.3727088927801416    
  0.3740400671357552    
  0.3751842267194863    
  0.3761157729712946    
  0.3768078410438837    
  0.3772327839509900    
  0.3773628130534946    
  0.3771707946443248    
  0.3766311867253563    
  0.3757210809594302    
  0.3744212942632484    
  0.3727174357645143    
  0.3706008618277724    
  0.3680694284712972    
  0.3651279595340896    
  0.3617883709819555    
  0.3580694244987659    
  0.3539961220503145    
  0.3495987908584944    
  0.3449119386199113    
  0.3399729769801361    
  0.3348209151968978    
  0.3294951166120358    
  0.3240341914193290    
  0.3184750748834402    
  0.3128523152007038    
  0.3071975731717509    
  0.3015393189229653    
  0.2959026997989613    
  0.2903095478885018    
  0.2847784944193011    
  0.2793251601852540    
  0.2739623950154915    
  0.2687005440313565    
  0.2635477233127032    
  0.2585100921236785    
  0.2535921127667911    
  0.2487967923419223    
  0.2441259031908420    
  0.2395801806763241    
  0.2351594982755938    
  0.2308630208647480    
  0.2266893376321814    
  0.2226365763703895    
  0.2187025010274810    
  0.2148845944081419    
  0.2111801278414930    
  0.2075862195118757    
  0.2040998830009191    
  0.2007180674310248    
  0.1974376904422884    
  0.1942556650835101    
  0.1911689215573522    
  0.1881744246317920    
  0.1852691874155744    
  0.1824502820941798    
  0.1797148481342838    
  0.1770600983877581    
  0.1744833234598837    
  0.1719818946494166    
  0.1695532657194325    
  0.1671949737163486    
  0.1649046390192575    
  0.1626799647718086    
  0.1605187358236096    
  0.1584188172867980    
  0.1563781527954887    
  0.1543947625406728    
  0.1524667411404627    
  0.1505922553949200    
  0.1487695419657966    
  0.1469969050140487    
  0.1452727138217533    
  0.1435954004198385    
  0.1419634572387259    
  0.1403754347953613    
  0.1388299394271356    
  0.1373256310807033    
  0.1358612211616801    
  0.1344354704495038    
  0.1330471870803764    
  0.1316952246000596    
  0.1303784800873956    
  0.1290958923486757    
  0.1278464401824023    
  0.1266291407135038    
  0.1254430477957009    
  0.1242872504804387    
  0.1231608715505877    
  0.1220630661169653    
  0.1209930202756126    
  0.1199499498236866    
  0.1189330990318038    
  0.1179417394706496    
  0.1169751688896858    
  0.1160327101457936    
  0.1151137101797432    
  0.1142175390384153    
  0.1133435889407748    
  0.1124912733856300    
  0.1116600262992977    
  0.1108493012213426    
  0.1100585705266457    
  0.1092873246821120    
  0.1085350715364039    
  0.1078013356411475    
  0.1070856576021373    
  0.1063875934591208    
  0.1057067140928135    
  0.1050426046578523    
  0.1043948640404632    
  0.1037631043396727    
  0.1031469503709508    
  0.1025460391912173    
  0.1019600196442075    
  0.1013885519252330    
  0.1008313071644332    
  0.1002879670276420    
  0.9975822333404567E-01
  0.9924177768984518E-01
  0.9873834113718166E-01
  0.9824763381761527E-01
  0.9776938464948506E-01
  0.9730333101850289E-01
  0.9684921848097786E-01
  0.9640680047909109E-01
  0.9597583806767529E-01
  0.9555609965197198E-01
  0.9514736073587091E-01
  0.9474940368015584E-01
  0.9436201747031266E-01
  0.9398499749346759E-01
  0.9361814532405358E-01
  0.9326126851781519E-01
  0.9291418041378528E-01
  0.9257669994388093E-01
  0.9224865144978700E-01
  0.9192986450680971E-01
  0.9162017375440121E-01
  0.9131941873306371E-01
  0.9102744372736024E-01
  0.9074409761476850E-01
  0.9046923372013380E-01
  0.9020270967548205E-01
  0.8994438728497021E-01
  0.8969413239475169E-01
  0.8945181476755600E-01
  0.8921730796178504E-01
  0.8899048921494457E-01
  0.8877123933122839E-01
  0.8855944257308500E-01
  0.8835498655660323E-01
  0.8815776215056563E-01
  0.8796766337902256E-01
  0.8778458732724405E-01
  0.8760843405091248E-01
  0.8743910648842973E-01
  0.8727651037621662E-01
  0.8712055416688726E-01
  0.8697114895018419E-01
  0.8682820837656960E-01
  0.8669164858336785E-01
  0.8656138812336311E-01
  0.8643734789575502E-01
  0.8631945107938882E-01
  0.8620762306817215E-01
  0.8610179140859477E-01
  0.8600188573926965E-01
  0.8590783773242616E-01
  0.8581958103728490E-01
  0.8573705122524472E-01
  0.8566018573680989E-01
  0.8558892383019799E-01
  0.8552320653157068E-01
  0.8546297658683197E-01
  0.8540817841493203E-01
  0.8535875806262685E-01
  0.8531466316064359E-01
  0.8527584288120577E-01
  0.8524224789686623E-01
  0.8521383034060576E-01
  0.8519054376715636E-01
  0.8517234311550974E-01
  0.8515918467256672E-01
  0.8515102603789110E-01
  0.8514782608953558E-01
  0.8514954495090671E-01
  0.8515614395862990E-01
  0.8516758563138231E-01
  0.8518383363966822E-01
  0.8520485277650848E-01
  0.8523060892901169E-01
  0.8526106905079964E-01
  0.8529620113526237E-01
  0.8533597418962295E-01
  0.8538035820978451E-01
  0.8542932415593171E-01
  0.8548284392886896E-01
  0.8554089034707577E-01
  0.8560343712445881E-01
  0.8567045884877778E-01
  0.8574193096072628E-01
  0.8581782973365233E-01
  0.8589813225389953E-01
  0.8598281640175068E-01
  0.8607186083295869E-01
  0.8616524496084918E-01
  0.8626294893897897E-01
  0.8636495364433593E-01
  0.8647124066106492E-01
  0.8658179226470761E-01
  0.8669659140694064E-01
  0.8681562170080054E-01
  0.8693886740638407E-01
  0.8706631341701014E-01
  0.8719794524582972E-01
  0.8733374901287118E-01
  0.8747371143251602E-01
  0.8761781980139351E-01
  0.8776606198667873E-01
  0.8791842641478043E-01
  0.8807490206041402E-01
  0.8823547843605338E-01
  0.8840014558174870E-01
  0.8856889405529726E-01
  0.8874171492275679E-01
  0.8891859974929833E-01
  0.8909954059039016E-01
  0.8928452998329782E-01
  0.8947356093889575E-01
  0.8966662693378112E-01
  0.8986372190268267E-01
  0.9006484023115373E-01
  0.9026997674854305E-01
  0.9047912672123816E-01
  0.9069228584617237E-01
  0.9090945024458305E-01
  0.9113061645601693E-01
  0.9135578143257791E-01
  0.9158494253340996E-01
  0.9181809751940423E-01
  0.9205524454812269E-01
  0.9229638216893454E-01
  0.9254150931836128E-01
  0.9279062531562035E-01
  0.9304372985835963E-01
  0.9330082301857687E-01
  0.9356190523871896E-01
  0.9382697732795534E-01
  0.9409604045862086E-01
  0.9436909616281966E-01
  0.9464614632918444E-01
  0.9492719319978266E-01
  0.9521223936716888E-01
  0.9550128777157807E-01
  0.9579434169825249E-01
  0.9609140477489383E-01
  0.9639248096923786E-01
  0.9669757458674932E-01
  0.9700669026843295E-01
  0.9731983298874827E-01
  0.9763700805362774E-01
  0.9795822109859376E-01
  0.9828347808697388E-01
  0.9861278530820397E-01
  0.9894614937621615E-01
  0.9928357722790782E-01
  0.9962507612169144E-01
  0.9997065363611779E-01
  0.1003203176685680    
  0.1006740764340106    
  0.1010319384638236    
  0.1013939126046768    
  0.1017600080174703    
  0.1021302341763231    
  0.1025046008676140    
  0.1028831181890690    
  0.1032657965488944    
  0.1036526466649501    
  0.1040436795639606    
  0.1044389065807624    
  0.1048383393575894    
  0.1052419898433880    
  0.1056498702931608    
  0.1060619932673349    
  0.1064783716311599    
  0.1068990185541308    
  0.1073239475094331    
  0.1077531722734042    
  0.1081867069250143    
  0.1086245658453655    
  0.1090667637172115    
  0.1095133155244859    
  0.1099642365518487    
  0.1104195423842426    
  0.1108792489064626    
  0.1113433723027342    
  0.1118119290563031    
  0.1122849359490370    
  0.1127624100610350    
  0.1132443687702425    
  0.1137308297520742    
  0.1142218109790459    
  0.1147173307204165    
  0.1152174075418341    
  0.1157220603049887    
  0.1162313081672707    
  0.1167451705814396    
  0.1172636672952981    
  0.1177868183513748    
  0.1183146440866131    
  0.1188471651320672    
  0.1193844024126051    
  0.1199263771466250    
  0.1204731108457801    
  0.1210246253147134    
  0.1215809426507971    
  0.1221420852438872    
  0.1227080757760934    
  0.1232789372215624    
  0.1238546928462718    
  0.1244353662078370    
  0.1250209811553369    
  0.1256115618291627    
  0.1262071326608783    
  0.1268077183731031    
  0.1274133439794139    
  0.1280240347842745    
  0.1286398163829863    
  0.1292607146616669    
  0.1298867557972549    
  0.1305179662575476    
  0.1311543728012670    
  0.1317960024781600    
  0.1324428826291341    
  0.1330950408864333    
  0.1337525051738525    
  0.1344153037069941    
  0.1350834649935691    
  0.1357570178337475    
  0.1364359913205561    
  0.1371204148403314    
  0.1378103180732289    
  0.1385057309937902    
  0.1392066838715680    
  0.1399132072718202    
  0.1406253320562746    
  0.1413430893839671    
  0.1420665107121485    
  0.1427956277972716    
  0.1435304726960655    
  0.1442710777667006    
  0.1450174756700432    
  0.1457696993710015    
  0.1465277821399757    
  0.1472917575544207    
  0.1480616595005139    
  0.1488375221749388    
  0.1496193800867913    
  0.1504072680596178    
  0.1512012212335855    
  0.1520012750677899    
  0.1528074653427094    
  0.1536198281628181    
  0.1544383999593552    
  0.1552632174932620    
  0.1560943178582933    
  0.1569317384843172    
  0.1577755171408056    
  0.1586256919405249    
  0.1594823013434314    
  0.1603453841607942    
  0.1612149795595443    
  0.1620911270668645    
  0.1629738665750278    
  0.1638632383464987    
  0.1647592830193083    
  0.1656620416127173    
  0.1665715555331773    
  0.1674878665806065    
  0.1684110169549879    
  0.1693410492633107    
  0.1702780065268688    
  0.1712219321889353    
  0.1721728701228257    
  0.1731308646403661    
  0.1740959605007845    
  0.1750682029200545    
  0.1760476375807010    
  0.1770343106420930    
  0.1780282687512399    
  0.1790295590541238    
  0.1800382292075837    
  0.1810543273917823    
  0.1820779023232759    
  0.1831090032687223    
  0.1841476800592477    
  0.1851939831055068    
  0.1862479634134616    
  0.1873096726009211    
  0.1883791629148713    
  0.1894564872496315    
  0.1905416991658669    
  0.1916348529105054    
  0.1927360034375949    
  0.1938452064301475    
  0.1949625183230085    
  0.1960879963267972    
  0.1972216984529656    
  0.1983636835400303    
  0.1995140112810239    
  0.2006727422522212    
  0.2018399379431914    
  0.2030156607882357    
  0.2041999741992692    
  0.2053929426002127    
  0.2065946314629506    
  0.2078051073449224    
  0.2090244379284106    
  0.2102526920616020    
  0.2114899398014832    
  0.2127362524586476    
  0.2139917026440800    
  0.2152563643179954    
  0.2165303128408061    
  0.2178136250262898    
  0.2191063791970302    
  0.2204086552422043    
  0.2217205346777832    
  0.2230421007092178    
  0.2243734382966692    
  0.2257146342228480    
  0.2270657771635103    
  0.2284269577606600    
  0.2297982686984876    
  0.2311798047820733    
  0.2325716630188607    
  0.2339739427028953    
  0.2353867455017953    
  0.2368101755464026    
  0.2382443395230277    
  0.2396893467681758    
  0.2411453093655871    
  0.2426123422453875    
  0.2440905632850790    
  0.2455800934120480    
  0.2470810567071715    
  0.2485935805090275    
  0.2501177955181023    
  0.2516538359002713    
  0.2532018393886746    
  0.2547619473829564    
  0.2563343050446291    
  0.2579190613871217    
  0.2595163693587910    
  0.2611263859168803    
  0.2627492720900606    
  0.2643851930267885    
  0.2660343180262411    
  0.2676968205480427    
  0.2693728781963641    
  0.2710626726732525    
  0.2727663896951917    
  0.2744842188659149    
  0.2762163534973423    
  0.2779629903692032    
  0.2797243294163505    
  0.2815005733310000    
  0.2832919270650550    
  0.2850985972152815    
  0.2869207912713009    
  0.2887587167031244    
  0.2906125798611923    
  0.2924825846575297    
  0.2943689309915474    
  0.2962718128781253    
  0.2981914162287783    
  0.3001279162287929    
  0.3020814742440236    
  0.3040522341803917    
  0.3060403182067792    
  0.3080458217377682    
  0.3100688075562136    
  0.3121092989366773    
  0.3141672716089284    
  0.3162426443757373    
  0.3183352681706403    
  0.3204449133089065    
  0.3225712546482434    
  0.3247138543345913    
  0.3268721417625182    
  0.3290453903293099    
  0.3312326905071811    
  0.3334329186999522    
  0.3356447012905027    
  0.3378663732257110    
  0.3400959304301177    
  0.3423309752936242    
  0.3445686544499350    
  0.3468055880620141    
  0.3490377898732738    
  0.3512605773882438    
  0.3534684717396573    
  0.3556550871127964    
  0.3578130100726312    
  0.3599336698223891    
  0.3620072013675162    
  0.3640223048231168    
  0.3659661057383702    
  0.3678240233551120    
  0.3695796561736542    
  0.3712146970129353    
  0.3727088927801416    
  0.3740400671357552    
  0.3751842267194863    
  0.3761157729712946    
  0.3768078410438837    
  0.3772327839509900    
  0.3773628130534946    
  0.3771707946443248    
  0.3766311867253563    
  0.3757210809594302    
  0.3744212942632484    
  0.3727174357645143    
  0.3706008618277724    
  0.3680694284712972    
  0.3651279595340896    
  0.3617883709819555    
  0.3580694244987659    
  0.3539961220503145    
  0.3495987908584944    
  0.3449119386199113    
  0.3399729769801361    
  0.3348209151968978    
  0.3294951166120358    
  0.3240341914193290    
  0.3184750748834402    
  0.3128523152007038    
  0.3071975731717509    
  0.3015393189229653    
  0.2959026997989613    
  0.2903095478885018    
  0.2847784944193011    
  0.2793251601852540    
  0.2739623950154915    
  0.2687005440313565    
  0.2635477233127032    
  0.2585100921236785    
  0.2535921127667911    
  0.2487967923419223    
  0.2441259031908420    
  0.2395801806763241    
  0.2351594982755938    
  0.2308630208647480    
  0.2266893376321814    
  0.2226365763703895    
  0.2187025010274810    
  0.2148845944081419    
  0.2111801278414930    
  0.2075862195118757    
  0.2040998830009191    
  0.2007180674310248    
  0.1974376904422884    
  0.1942556650835101    
  0.1911689215573522    
  0.1881744246317920    
  0.1852691874155744    
  0.1824502820941798    
  0.1797148481342838    
  0.1770600983877581    
  0.1744833234598837    
  0.1719818946494166    
  0.1695532657194325    
  0.1671949737163486    
  0.1649046390192575    
  0.1626799647718086    
  0.1605187358236096    
  0.1584188172867980    
  0.1563781527954887    
  0.1543947625406728    
  0.1524667411404627    
  0.1505922553949200    
  0.1487695419657966    
  0.1469969050140487    
  0.1452727138217533    
  0.1435954004198385    
  0.1419634572387259    
  0.1403754347953613    
  0.1388299394271356    
  0.1373256310807033    
  0.1358612211616801    
  0.1344354704495038    
  0.1330471870803764    
  0.1316952246000596    
  0.1303784800873956    
  0.1290958923486757    
  0.1278464401824023    
  0.1266291407135038    
  0.1254430477957009    
  0.1242872504804387    
  0.1231608715505877    
  0.1220630661169653    
  0.1209930202756126    
  0.1199499498236866    
  0.1189330990318038    
  0.1179417394706496    
  0.1169751688896858    
  0.1160327101457936    
  0.1151137101797432    
  0.1142175390384153    
  0.1133435889407748    
  0.1124912733856300    
  0.1116600262992977    
  0.1108493012213426    
  0.1100585705266457    
  0.1092873246821120    
  0.1085350715364039    
  0.1078013356411475    
  0.1070856576021373    
  0.1063875934591208    
  0.1057067140928135    
  0.1050426046578523    
  0.1043948640404632    
  0.1037631043396727    
  0.1031469503709508    
  0.1025460391912173    
  0.1019600196442075    
  0.1013885519252330    
  0.1008313071644332    
  0.1002879670276420    
  0.9975822333404567E-01
  0.9924177768984518E-01
  0.9873834113718166E-01
  0.9824763381761527E-01
  0.9776938464948506E-01
  0.9730333101850289E-01
  0.9684921848097786E-01
  0.9640680047909109E-01
  0.9597583806767529E-01
  0.9555609965197198E-01
  0.9514736073587091E-01
  0.9474940368015584E-01
  0.9436201747031266E-01
  0.9398499749346759E-01
  0.9361814532405358E-01
  0.9326126851781519E-01
  0.9291418041378528E-01
  0.9257669994388093E-01
  0.9224865144978700E-01
  0.9192986450680971E-01
  0.9162017375440121E-01
  0.9131941873306371E-01
  0.9102744372736024E-01
  0.9074409761476850E-01
  0.9046923372013380E-01
  0.9020270967548205E-01
  0.8994438728497021E-01
  0.8969413239475169E-01
  0.8945181476755600E-01
  0.8921730796178504E-01
  0.8899048921494457E-01
  0.8877123933122839E-01
  0.8855944257308500E-01
  0.8835498655660323E-01
  0.8815776215056563E-01
  0.8796766337902256E-01
  0.8778458732724405E-01
  0.8760843405091248E-01
  0.8743910648842973E-01
  0.8727651037621662E-01
  0.8712055416688726E-01
  0.8697114895018419E-01
  0.8682820837656960E-01
  0.8669164858336785E-01
  0.8656138812336311E-01
  0.8643734789575502E-01
  0.8631945107938882E-01
  0.8620762306817215E-01
  0.8610179140859477E-01
  0.8600188573926965E-01
  0.8590783773242616E-01
  0.8581958103728490E-01
  0.8573705122524472E-01
  0.8566018573680989E-01
  0.8558892383019799E-01
  0.8552320653157068E-01
  0.8546297658683197E-01
  0.8540817841493203E-01
  0.8535875806262685E-01
  0.8531466316064359E-01
  0.8527584288120577E-01
  0.8524224789686623E-01
  0.8521383034060576E-01
  0.8519054376715636E-01
  0.8517234311550974E-01
  0.8515918467256672E-01
  0.8515102603789110E-01
  0.8514782608953558E-01
  0.8514954495090671E-01
  0.8515614395862990E-01
  0.8516758563138231E-01
  0.8518383363966822E-01
  0.8520485277650848E-01
  0.8523060892901169E-01
  0.8526106905079964E-01
  0.8529620113526237E-01
  0.8533597418962295E-01
  0.8538035820978451E-01
  0.8542932415593171E-01
  0.8548284392886896E-01
  0.8554089034707577E-01
  0.8560343712445881E-01
  0.8567045884877778E-01
  0.8574193096072628E-01
  0.8581782973365233E-01
  0.8589813225389953E-01
  0.8598281640175068E-01
  0.8607186083295869E-01
  0.8616524496084918E-01
  0.8626294893897897E-01
  0.8636495364433593E-01
  0.8647124066106492E-01
  0.8658179226470761E-01
  0.8669659140694064E-01
  0.8681562170080054E-01
  0.8693886740638407E-01
  0.8706631341701014E-01
  0.8719794524582972E-01
  0.8733374901287118E-01
  0.8747371143251602E-01
  0.8761781980139351E-01
  0.8776606198667873E-01
  0.8791842641478043E-01
  0.8807490206041402E-01
  0.8823547843605338E-01
  0.8840014558174870E-01
  0.8856889405529726E-01
  0.8874171492275679E-01
  0.8891859974929833E-01
  0.8909954059039016E-01
  0.8928452998329782E-01
  0.8947356093889575E-01
  0.8966662693378112E-01
  0.8986372190268267E-01
  0.9006484023115373E-01
  0.9026997674854305E-01
  0.9047912672123816E-01
  0.9069228584617237E-01
  0.9090945024458305E-01
  0.9113061645601693E-01
  0.9135578143257791E-01
  0.9158494253340996E-01
  0.9181809751940423E-01
  0.9205524454812269E-01
  0.9229638216893454E-01
  0.9254150931836128E-01
  0.9279062531562035E-01
  0.9304372985835963E-01
  0.9330082301857687E-01
  0.9356190523871896E-01
  0.9382697732795534E-01
  0.9409604045862086E-01
  0.9436909616281966E-01
  0.9464614632918444E-01
  0.9492719319978266E-01
  0.9521223936716888E-01
  0.9550128777157807E-01
  0.9579434169825249E-01
  0.9609140477489383E-01
  0.9639248096923786E-01
  0.9669757458674932E-01
  0.9700669026843295E-01
  0.9731983298874827E-01
  0.9763700805362774E-01
  0.9795822109859376E-01
  0.9828347808697388E-01
  0.9861278530820397E-01
  0.9894614937621615E-01
  0.9928357722790782E-01
  0.9962507612169144E-01
  0.9997065363611779E-01
  0.1003203176685680    
  0.1006740764340106    
  0.1010319384638236    
  0.1013939126046768    
  0.1017600080174703    
  0.1021302341763231    
  0.1025046008676140    
  0.1028831181890690    
  0.1032657965488944    
  0.1036526466649501    
  0.1040436795639606    
  0.1044389065807624    
  0.1048383393575894    
  0.1052419898433880    
  0.1056498702931608    
  0.1060619932673349    
  0.1064783716311599    
  0.1068990185541308    
  0.1073239475094331    
  0.1077531722734042    
  0.1081867069250143    
  0.1086245658453655    
  0.1090667637172115    
  0.1095133155244859    
  0.1099642365518487    
  0.1104195423842426    
  0.1108792489064626    
  0.1113433723027342    
  0.1118119290563031    
  0.1122849359490370    
  0.1127624100610350    
  0.1132443687702425    
  0.1137308297520742    
  0.1142218109790459    
  0.1147173307204165    
  0.1152174075418341    
  0.1157220603049887    
  0.1162313081672707    
  0.1167451705814396    
  0.1172636672952981    
  0.1177868183513748    
  0.1183146440866131    
  0.1188471651320672    
  0.1193844024126051    
  0.1199263771466250    
  0.1204731108457801    
  0.1210246253147134    
  0.1215809426507971    
  0.1221420852438872    
  0.1227080757760934    
  0.1232789372215624    
  0.1238546928462718    
  0.1244353662078370    
  0.1250209811553369    
  0.1256115618291627    
  0.1262071326608783    
  0.1268077183731031    
  0.1274133439794139    
  0.1280240347842745    
  0.1286398163829863    
  0.1292607146616669    
  0.1298867557972549    
  0.1305179662575476    
  0.1311543728012670    
  0.1317960024781600    
  0.1324428826291341    
  0.1330950408864333    
  0.1337525051738525    
  0.1344153037069941    
  0.1350834649935691    
  0.1357570178337475    
  0.1364359913205561    
  0.1371204148403314    
  0.1378103180732289    
  0.1385057309937902    
  0.1392066838715680    
  0.1399132072718202    
  0.1406253320562746    
  0.1413430893839671    
  0.1420665107121485    
  0.1427956277972716    
  0.1435304726960655    
  0.1442710777667006    
  0.1450174756700432    
