  0.1876508194147683    
  0.1859086525692221    
  0.1841615641498882    
  0.1824096027565814    
  0.1806528165699023    
  0.1788912533609298    
  0.1771249605009810    
  0.1753539849714156    
  0.1735783733734972    
  0.1717981719382858    
  0.1700134265365751    
  0.1682241826888518    
  0.1664304855752887    
  0.1646323800457493    
  0.1628299106298150    
  0.1610231215468155    
  0.1592120567158750    
  0.1573967597659457    
  0.1555772740458539    
  0.1537536426343249    
  0.1519259083500080    
  0.1500941137614778    
  0.1482583011972236    
  0.1464185127556094    
  0.1445747903148153    
  0.1427271755427417    
  0.1408757099068880    
  0.1390204346841878    
  0.1371613909708143    
  0.1352986196919335    
  0.1334321616114209    
  0.1315620573415244    
  0.1296883473524848    
  0.1278110719820910    
  0.1259302714451947    
  0.1240459858431533    
  0.1221582551732242    
  0.1202671193378895    
  0.1183726181541199    
  0.1164747913625697    
  0.1145736786367071    
  0.1126693195918689    
  0.1107617537942485    
  0.1088510207698041    
  0.1069371600130982    
  0.1050202109960526    
  0.1031002131766304    
  0.1011772060074323    
  0.9925122894421795E-01
  0.9732232145433484E-01
  0.9539052302507200E-01
  0.9345587317191928E-01
  0.9151841144674716E-01
  0.8957817744589147E-01
  0.8763521081815351E-01
  0.8568955127270583E-01
  0.8374123858691102E-01
  0.8179031261404024E-01
  0.7983681329090736E-01
  0.7788078064539850E-01
  0.7592225480391690E-01
  0.7396127599872027E-01
  0.7199788457516965E-01
  0.7003212099887457E-01
  0.6806402586274590E-01
  0.6609363989393802E-01
  0.6412100396070630E-01
  0.6214615907914639E-01
  0.6016914641984811E-01
  0.5819000731443591E-01
  0.5620878326201373E-01
  0.5422551593550051E-01
  0.5224024718787007E-01
  0.5025301905827750E-01
  0.4826387377809027E-01
  0.4627285377680557E-01
  0.4428000168787061E-01
  0.4228536035439046E-01
  0.4028897283473482E-01
  0.3829088240803258E-01
  0.3629113257956990E-01
  0.3428976708606690E-01
  0.3228682990086229E-01
  0.3028236523897793E-01
  0.2827641756208554E-01
  0.2626903158335891E-01
  0.2426025227222350E-01
  0.2225012485899258E-01
  0.2023869483940222E-01
  0.1822600797903012E-01
  0.1621211031761471E-01
  0.1419704817325806E-01
  0.1218086814652786E-01
  0.1016361712444658E-01
  0.8145342284373580E-02
  0.6126091097780062E-02
  0.4105911333918355E-02
  0.2084851063375970E-02
  0.6295866153327445E-04
 -0.1959717188098287E-02
 -0.3983127490634730E-02
 -0.6007222936691647E-02
 -0.8031953899359012E-02
 -0.1005727043128696E-01
 -0.1208312226187069E-01
 -0.1410945879454939E-01
 -0.1613622910420309E-01
 -0.1816338193466094E-01
 -0.2019086569630829E-01
 -0.2221862846380263E-01
 -0.2424661797389005E-01
 -0.2627478162332908E-01
 -0.2830306646690989E-01
 -0.3033141921558569E-01
 -0.3235978623469604E-01
 -0.3438811354230081E-01
 -0.3641634680760508E-01
 -0.3844443134949249E-01
 -0.4047231213515068E-01
 -0.4249993377880307E-01
 -0.4452724054052948E-01
 -0.4655417632519376E-01
 -0.4858068468145893E-01
 -0.5060670880090612E-01
 -0.5263219151724052E-01
 -0.5465707530559932E-01
 -0.5668130228194701E-01
 -0.5870481420256773E-01
 -0.6072755246364231E-01
 -0.6274945810092847E-01
 -0.6477047178951456E-01
 -0.6679053384368006E-01
 -0.6880958421682859E-01
 -0.7082756250151734E-01
 -0.7284440792956781E-01
 -0.7486005937226731E-01
 -0.7687445534064669E-01
 -0.7888753398584919E-01
 -0.8089923309957370E-01
 -0.8290949011460746E-01
 -0.8491824210543020E-01
 -0.8692542578890405E-01
 -0.8893097752503576E-01
 -0.9093483331782126E-01
 -0.9293692881615900E-01
 -0.9493719931484623E-01
 -0.9693557975563771E-01
 -0.9893200472839014E-01
 -0.1009264084722645    
 -0.1029187248770078    
 -0.1049088874842971    
 -0.1068968294891575    
 -0.1088824837414401    
 -0.1108657827473720    
 -0.1128466586711627    
 -0.1148250433366824    
 -0.1168008682291952    
 -0.1187740644971557    
 -0.1207445629540664    
 -0.1227122940803931    
 -0.1246771880255333    
 -0.1266391746098508    
 -0.1285981833267527    
 -0.1305541433448348    
 -0.1325069835100674    
 -0.1344566323480405    
 -0.1364030180662574    
 -0.1383460685564810    
 -0.1402857113971241    
 -0.1422218738556946    
 -0.1441544828912798    
 -0.1460834651570868    
 -0.1480087470030182    
 -0.1499302544782997    
 -0.1518479133341464    
 -0.1537616490264781    
 -0.1556713867186684    
 -0.1575770512843438    
 -0.1594785673102158    
 -0.1613758590989613    
 -0.1632688506721342    
 -0.1651574657731227    
 -0.1670416278701402    
 -0.1689212601592582    
 -0.1707962855674730    
 -0.1726666267558144    
 -0.1745322061224843    
 -0.1763929458060418    
 -0.1782487676886133    
 -0.1800995933991487    
 -0.1819453443167089    
 -0.1837859415737904    
 -0.1856213060596861    
 -0.1874513584238839    
 -0.1892760190794980    
 -0.1910952082067440    
 -0.1929088457564436    
 -0.1947168514535720    
 -0.1965191448008388    
 -0.1983156450823136    
 -0.2001062713670842    
 -0.2018909425129595    
 -0.2036695771702083    
 -0.2054420937853461    
 -0.2072084106049574    
 -0.2089684456795657    
 -0.2107221168675449    
 -0.2124693418390817    
 -0.2142100380801775    
 -0.2159441228967061    
 -0.2176715134185128    
 -0.2193921266035757    
 -0.2211058792422096    
 -0.2228126879613304    
 -0.2245124692287732    
 -0.2262051393576727    
 -0.2278906145108986    
 -0.2295688107055600    
 -0.2312396438175668    
 -0.2329030295862667    
 -0.2345588836191459    
 -0.2362071213966028    
 -0.2378476582767981    
 -0.2394804095005818    
 -0.2411052901964974    
 -0.2427222153858746    
 -0.2443310999880011    
 -0.2459318588253916    
 -0.2475244066291427    
 -0.2491086580443853    
 -0.2506845276358354    
 -0.2522519298934520    
 -0.2538107792381930    
 -0.2553609900278881    
 -0.2569024765632179    
 -0.2584351530938198    
 -0.2599589338245052    
 -0.2614737329216083    
 -0.2629794645194601    
 -0.2644760427270003    
 -0.2659633816345217    
 -0.2674413953205615    
 -0.2689099978589318    
 -0.2703691033259102    
 -0.2718186258075779    
 -0.2732584794073207    
 -0.2746885782534922    
 -0.2761088365072500    
 -0.2775191683705609    
 -0.2789194880943877    
 -0.2803097099870551    
 -0.2816897484228096    
 -0.2830595178505657    
 -0.2844189328028524    
 -0.2857679079049609    
 -0.2871063578843027    
 -0.2884341975799711    
 -0.2897513419525302    
 -0.2910577060940132    
 -0.2923532052381583    
 -0.2936377547708666    
 -0.2949112702408974    
 -0.2961736673708024    
 -0.2974248620681075    
 -0.2986647704367389    
 -0.2998933087887024    
 -0.3011103936560182    
 -0.3023159418029229    
 -0.3035098702383277    
 -0.3046920962285480    
 -0.3058625373103065    
 -0.3070211113040089    
 -0.3081677363273005    
 -0.3093023308089016    
 -0.3104248135027263    
 -0.3115351035022946    
 -0.3126331202554244    
 -0.3137187835792208    
 -0.3147920136753535    
 -0.3158527311456338    
 -0.3169008570078823    
 -0.3179363127120955    
 -0.3189590201569050    
 -0.3199689017063405    
 -0.3209658802068826    
 -0.3219498790048132    
 -0.3229208219638633    
 -0.3238786334831509    
 -0.3248232385154117    
 -0.3257545625855193    
 -0.3266725318092873    
 -0.3275770729125634    
 -0.3284681132505916    
 -0.3293455808276557    
 -0.3302094043169888    
 -0.3310595130809504    
 -0.3318958371914598    
 -0.3327183074506782    
 -0.3335268554119386    
 -0.3343214134009113    
 -0.3351019145369964    
 -0.3358682927549350    
 -0.3366204828266279    
 -0.3373584203831581    
 -0.3380820419369957    
 -0.3387912849043792    
 -0.3394860876278605    
 -0.3401663893990048    
 -0.3408321304812190    
 -0.3414832521327083    
 -0.3421196966295353    
 -0.3427414072887747    
 -0.3433483284917396    
 -0.3439404057072641    
 -0.3445175855150269    
 -0.3450798156288968    
 -0.3456270449202783    
 -0.3461592234414366    
 -0.3466763024487871    
 -0.3471782344261247    
 -0.3476649731077699    
 -0.3481364735016090    
 -0.3485926919120097    
 -0.3490335859625877    
 -0.3494591146187938    
 -0.3498692382103048    
 -0.3502639184531895    
 -0.3506431184718264    
 -0.3510068028205447    
 -0.3513549375049623    
 -0.3516874900029974    
 -0.3520044292855284    
 -0.3523057258366655    
 -0.3525913516736164    
 -0.3528612803661146    
 -0.3531154870553861    
 -0.3533539484726220    
 -0.3535766429569306    
 -0.3537835504727430    
 -0.3539746526266496    
 -0.3541499326836297    
 -0.3543093755826525    
 -0.3544529679516240    
 -0.3545806981216530    
 -0.3546925561406098    
 -0.3547885337859454    
 -0.3548686245767589    
 -0.3549328237850786    
 -0.3549811284463371    
 -0.3550135373690115    
 -0.3550300511434164    
 -0.3550306721496206    
 -0.3550154045644680    
 -0.3549842543676798    
 -0.3549372293470286    
 -0.3548743391025568    
 -0.3547955950498280    
 -0.3547010104221926    
 -0.3545906002720547    
 -0.3544643814711294    
 -0.3543223727096756    
 -0.3541645944946921    
 -0.3539910691470729    
 -0.3538018207977131    
 -0.3535968753825545    
 -0.3533762606365694    
 -0.3531400060866807    
 -0.3528881430436148    
 -0.3526207045926890    
 -0.3523377255835261    
 -0.3520392426187139    
 -0.3517252940414044    
 -0.3513959199218593    
 -0.3510511620429499    
 -0.3506910638846259    
 -0.3503156706073554    
 -0.3499250290345590    
 -0.3495191876340376    
 -0.3490981964984259    
 -0.3486621073246758    
 -0.3482109733925973    
 -0.3477448495424651    
 -0.3472637921517273    
 -0.3467678591108281    
 -0.3462571097981741    
 -0.3457316050542585    
 -0.3451914071549905    
 -0.3446365797842361    
 -0.3440671880056132    
 -0.3434832982335625    
 -0.3428849782037315    
 -0.3422722969426957    
 -0.3416453247370617    
 -0.3410041331019662    
 -0.3403487947490282    
 -0.3396793835537701    
 -0.3389959745225544    
 -0.3382986437590618    
 -0.3375874684303608    
 -0.3368625267325887    
 -0.3361238978562992    
 -0.3353716619514902    
 -0.3346059000923745    
 -0.3338266942419121    
 -0.3330341272161501    
 -0.3322282826484009    
 -0.3314092449533020    
 -0.3305770992907902    
 -0.3297319315300307    
 -0.3288738282133252    
 -0.3280028765200520    
 -0.3271191642306590    
 -0.3262227796907534    
 -0.3253138117753107    
 -0.3243923498530497    
 -0.3234584837509966    
 -0.3225123037192763    
 -0.3215539003961483    
 -0.3205833647733400    
 -0.3196007881616849    
 -0.3186062621571069    
 -0.3175998786069703    
 -0.3165817295768295    
 -0.3155519073175950    
 -0.3145105042331519    
 -0.3134576128484344    
 -0.3123933257780029    
 -0.3113177356951251    
 -0.3102309353013926    
 -0.3091330172968835    
 -0.3080240743508953    
 -0.3069041990732626    
 -0.3057734839862762    
 -0.3046320214972089    
 -0.3034799038714786    
 -0.3023172232064449    
 -0.3011440714058601    
 -0.2999605401549765    
 -0.2987667208963278    
 -0.2975627048061851    
 -0.2963485827717021    
 -0.2951244453687412    
 -0.2938903828404056    
 -0.2926464850762622    
 -0.2913928415922737    
 -0.2901295415114251    
 -0.2888566735450651    
 -0.2875743259749457    
 -0.2862825866359757    
 -0.2849815428996618    
 -0.2836712816582705    
 -0.2823518893096713    
 -0.2810234517428873    
 -0.2796860543243274    
 -0.2783397818847113    
 -0.2769847187066667    
 -0.2756209485130099    
 -0.2742485544556827    
 -0.2728676191053576    
 -0.2714782244416905    
 -0.2700804518442206    
 -0.2686743820839006    
 -0.2672600953152573    
 -0.2658376710691650    
 -0.2644071882462327    
 -0.2629687251107757    
 -0.2615223592853853    
 -0.2600681677460663    
 -0.2586062268179447    
 -0.2571366121715207    
 -0.2556593988194721    
 -0.2541746611139810    
 -0.2526824727445867    
 -0.2511829067365348    
 -0.2496760354496320    
 -0.2481619305775757    
 -0.2466406631477609    
 -0.2451123035215386    
 -0.2435769213949268    
 -0.2420345857997525    
 -0.2404853651052203    
 -0.2389293270198816    
 -0.2373665385940142    
 -0.2357970662223771    
 -0.2342209756473477    
 -0.2326383319624148    
 -0.2310491996160273    
 -0.2294536424157760    
 -0.2278517235329112    
 -0.2262435055071634    
 -0.2246290502518821    
 -0.2230084190594562    
 -0.2213816726070270    
 -0.2197488709624627    
 -0.2181100735906011    
 -0.2164653393597378    
 -0.2148147265483595    
 -0.2131582928520972    
 -0.2114960953909109    
 -0.2098281907164730    
 -0.2081546348197618    
 -0.2064754831388353    
 -0.2047907905667952    
 -0.2031006114599163    
 -0.2014049996459464    
 -0.1997040084325514    
 -0.1979976906159160    
 -0.1962860984894739    
 -0.1945692838527766    
 -0.1928472980204736    
 -0.1911201918314152    
 -0.1893880156578557    
 -0.1876508194147683    
 -0.1859086525692221    
 -0.1841615641498882    
 -0.1824096027565814    
 -0.1806528165699023    
 -0.1788912533609298    
 -0.1771249605009810    
 -0.1753539849714156    
 -0.1735783733734972    
 -0.1717981719382858    
 -0.1700134265365751    
 -0.1682241826888518    
 -0.1664304855752887    
 -0.1646323800457493    
 -0.1628299106298150    
 -0.1610231215468155    
 -0.1592120567158750    
 -0.1573967597659457    
 -0.1555772740458539    
 -0.1537536426343249    
 -0.1519259083500080    
 -0.1500941137614778    
 -0.1482583011972236    
 -0.1464185127556094    
 -0.1445747903148153    
 -0.1427271755427417    
 -0.1408757099068880    
 -0.1390204346841878    
 -0.1371613909708143    
 -0.1352986196919335    
 -0.1334321616114209    
 -0.1315620573415244    
 -0.1296883473524848    
 -0.1278110719820910    
 -0.1259302714451947    
 -0.1240459858431533    
 -0.1221582551732242    
 -0.1202671193378895    
 -0.1183726181541199    
 -0.1164747913625697    
 -0.1145736786367071    
 -0.1126693195918689    
 -0.1107617537942485    
 -0.1088510207698041    
 -0.1069371600130982    
 -0.1050202109960526    
 -0.1031002131766304    
 -0.1011772060074323    
 -0.9925122894421795E-01
 -0.9732232145433484E-01
 -0.9539052302507200E-01
 -0.9345587317191928E-01
 -0.9151841144674716E-01
 -0.8957817744589147E-01
 -0.8763521081815351E-01
 -0.8568955127270583E-01
 -0.8374123858691102E-01
 -0.8179031261404024E-01
 -0.7983681329090736E-01
 -0.7788078064539850E-01
 -0.7592225480391690E-01
 -0.7396127599872027E-01
 -0.7199788457516965E-01
 -0.7003212099887457E-01
 -0.6806402586274590E-01
 -0.6609363989393802E-01
 -0.6412100396070630E-01
 -0.6214615907914639E-01
 -0.6016914641984811E-01
 -0.5819000731443591E-01
 -0.5620878326201373E-01
 -0.5422551593550051E-01
 -0.5224024718787007E-01
 -0.5025301905827750E-01
 -0.4826387377809027E-01
 -0.4627285377680557E-01
 -0.4428000168787061E-01
 -0.4228536035439046E-01
 -0.4028897283473482E-01
 -0.3829088240803258E-01
 -0.3629113257956990E-01
 -0.3428976708606690E-01
 -0.3228682990086229E-01
 -0.3028236523897793E-01
 -0.2827641756208554E-01
 -0.2626903158335891E-01
 -0.2426025227222350E-01
 -0.2225012485899258E-01
 -0.2023869483940222E-01
 -0.1822600797903012E-01
 -0.1621211031761471E-01
 -0.1419704817325806E-01
 -0.1218086814652786E-01
 -0.1016361712444658E-01
 -0.8145342284373580E-02
 -0.6126091097780062E-02
 -0.4105911333918355E-02
 -0.2084851063375970E-02
 -0.6295866153327445E-04
  0.1959717188098287E-02
  0.3983127490634730E-02
  0.6007222936691647E-02
  0.8031953899359012E-02
  0.1005727043128696E-01
  0.1208312226187069E-01
  0.1410945879454939E-01
  0.1613622910420309E-01
  0.1816338193466094E-01
  0.2019086569630829E-01
  0.2221862846380263E-01
  0.2424661797389005E-01
  0.2627478162332908E-01
  0.2830306646690989E-01
  0.3033141921558569E-01
  0.3235978623469604E-01
  0.3438811354230081E-01
  0.3641634680760508E-01
  0.3844443134949249E-01
  0.4047231213515068E-01
  0.4249993377880307E-01
  0.4452724054052948E-01
  0.4655417632519376E-01
  0.4858068468145893E-01
  0.5060670880090612E-01
  0.5263219151724052E-01
  0.5465707530559932E-01
  0.5668130228194701E-01
  0.5870481420256773E-01
  0.6072755246364231E-01
  0.6274945810092847E-01
  0.6477047178951456E-01
  0.6679053384368006E-01
  0.6880958421682859E-01
  0.7082756250151734E-01
  0.7284440792956781E-01
  0.7486005937226731E-01
  0.7687445534064669E-01
  0.7888753398584919E-01
  0.8089923309957370E-01
  0.8290949011460746E-01
  0.8491824210543020E-01
  0.8692542578890405E-01
  0.8893097752503576E-01
  0.9093483331782126E-01
  0.9293692881615900E-01
  0.9493719931484623E-01
  0.9693557975563771E-01
  0.9893200472839014E-01
  0.1009264084722645    
  0.1029187248770078    
  0.1049088874842971    
  0.1068968294891575    
  0.1088824837414401    
  0.1108657827473720    
  0.1128466586711627    
  0.1148250433366824    
  0.1168008682291952    
  0.1187740644971557    
  0.1207445629540664    
  0.1227122940803931    
  0.1246771880255333    
  0.1266391746098508    
  0.1285981833267527    
  0.1305541433448348    
  0.1325069835100674    
  0.1344566323480405    
  0.1364030180662574    
  0.1383460685564810    
  0.1402857113971241    
  0.1422218738556946    
  0.1441544828912798    
  0.1460834651570868    
  0.1480087470030182    
  0.1499302544782997    
  0.1518479133341464    
  0.1537616490264781    
  0.1556713867186684    
  0.1575770512843438    
  0.1594785673102158    
  0.1613758590989613    
  0.1632688506721342    
  0.1651574657731227    
  0.1670416278701402    
  0.1689212601592582    
  0.1707962855674730    
  0.1726666267558144    
  0.1745322061224843    
  0.1763929458060418    
  0.1782487676886133    
  0.1800995933991487    
  0.1819453443167089    
  0.1837859415737904    
  0.1856213060596861    
  0.1874513584238839    
  0.1892760190794980    
  0.1910952082067440    
  0.1929088457564436    
  0.1947168514535720    
  0.1965191448008388    
  0.1983156450823136    
  0.2001062713670842    
  0.2018909425129595    
  0.2036695771702083    
  0.2054420937853461    
  0.2072084106049574    
  0.2089684456795657    
  0.2107221168675449    
  0.2124693418390817    
  0.2142100380801775    
  0.2159441228967061    
  0.2176715134185128    
  0.2193921266035757    
  0.2211058792422096    
  0.2228126879613304    
  0.2245124692287732    
  0.2262051393576727    
  0.2278906145108986    
  0.2295688107055600    
  0.2312396438175668    
  0.2329030295862667    
  0.2345588836191459    
  0.2362071213966028    
  0.2378476582767981    
  0.2394804095005818    
  0.2411052901964974    
  0.2427222153858746    
  0.2443310999880011    
  0.2459318588253916    
  0.2475244066291427    
  0.2491086580443853    
  0.2506845276358354    
  0.2522519298934520    
  0.2538107792381930    
  0.2553609900278881    
  0.2569024765632179    
  0.2584351530938198    
  0.2599589338245052    
  0.2614737329216083    
  0.2629794645194601    
  0.2644760427270003    
  0.2659633816345217    
  0.2674413953205615    
  0.2689099978589318    
  0.2703691033259102    
  0.2718186258075779    
  0.2732584794073207    
  0.2746885782534922    
  0.2761088365072500    
  0.2775191683705609    
  0.2789194880943877    
  0.2803097099870551    
  0.2816897484228096    
  0.2830595178505657    
  0.2844189328028524    
  0.2857679079049609    
  0.2871063578843027    
  0.2884341975799711    
  0.2897513419525302    
  0.2910577060940132    
  0.2923532052381583    
  0.2936377547708666    
  0.2949112702408974    
  0.2961736673708024    
  0.2974248620681075    
  0.2986647704367389    
  0.2998933087887024    
  0.3011103936560182    
  0.3023159418029229    
  0.3035098702383277    
  0.3046920962285480    
  0.3058625373103065    
  0.3070211113040089    
  0.3081677363273005    
  0.3093023308089016    
  0.3104248135027263    
  0.3115351035022946    
  0.3126331202554244    
  0.3137187835792208    
  0.3147920136753535    
  0.3158527311456338    
  0.3169008570078823    
  0.3179363127120955    
  0.3189590201569050    
  0.3199689017063405    
  0.3209658802068826    
  0.3219498790048132    
  0.3229208219638633    
  0.3238786334831509    
  0.3248232385154117    
  0.3257545625855193    
  0.3266725318092873    
  0.3275770729125634    
  0.3284681132505916    
  0.3293455808276557    
  0.3302094043169888    
  0.3310595130809504    
  0.3318958371914598    
  0.3327183074506782    
  0.3335268554119386    
  0.3343214134009113    
  0.3351019145369964    
  0.3358682927549350    
  0.3366204828266279    
  0.3373584203831581    
  0.3380820419369957    
  0.3387912849043792    
  0.3394860876278605    
  0.3401663893990048    
  0.3408321304812190    
  0.3414832521327083    
  0.3421196966295353    
  0.3427414072887747    
  0.3433483284917396    
  0.3439404057072641    
  0.3445175855150269    
  0.3450798156288968    
  0.3456270449202783    
  0.3461592234414366    
  0.3466763024487871    
  0.3471782344261247    
  0.3476649731077699    
  0.3481364735016090    
  0.3485926919120097    
  0.3490335859625877    
  0.3494591146187938    
  0.3498692382103048    
  0.3502639184531895    
  0.3506431184718264    
  0.3510068028205447    
  0.3513549375049623    
  0.3516874900029974    
  0.3520044292855284    
  0.3523057258366655    
  0.3525913516736164    
  0.3528612803661146    
  0.3531154870553861    
  0.3533539484726220    
  0.3535766429569306    
  0.3537835504727430    
  0.3539746526266496    
  0.3541499326836297    
  0.3543093755826525    
  0.3544529679516240    
  0.3545806981216530    
  0.3546925561406098    
  0.3547885337859454    
  0.3548686245767589    
  0.3549328237850786    
  0.3549811284463371    
  0.3550135373690115    
  0.3550300511434164    
  0.3550306721496206    
  0.3550154045644680    
  0.3549842543676798    
  0.3549372293470286    
  0.3548743391025568    
  0.3547955950498280    
  0.3547010104221926    
  0.3545906002720547    
  0.3544643814711294    
  0.3543223727096756    
  0.3541645944946921    
  0.3539910691470729    
  0.3538018207977131    
  0.3535968753825545    
  0.3533762606365694    
  0.3531400060866807    
  0.3528881430436148    
  0.3526207045926890    
  0.3523377255835261    
  0.3520392426187139    
  0.3517252940414044    
  0.3513959199218593    
  0.3510511620429499    
  0.3506910638846259    
  0.3503156706073554    
  0.3499250290345590    
  0.3495191876340376    
  0.3490981964984259    
  0.3486621073246758    
  0.3482109733925973    
  0.3477448495424651    
  0.3472637921517273    
  0.3467678591108281    
  0.3462571097981741    
  0.3457316050542585    
  0.3451914071549905    
  0.3446365797842361    
  0.3440671880056132    
  0.3434832982335625    
  0.3428849782037315    
  0.3422722969426957    
  0.3416453247370617    
  0.3410041331019662    
  0.3403487947490282    
  0.3396793835537701    
  0.3389959745225544    
  0.3382986437590618    
  0.3375874684303608    
  0.3368625267325887    
  0.3361238978562992    
  0.3353716619514902    
  0.3346059000923745    
  0.3338266942419121    
  0.3330341272161501    
  0.3322282826484009    
  0.3314092449533020    
  0.3305770992907902    
  0.3297319315300307    
  0.3288738282133252    
  0.3280028765200520    
  0.3271191642306590    
  0.3262227796907534    
  0.3253138117753107    
  0.3243923498530497    
  0.3234584837509966    
  0.3225123037192763    
  0.3215539003961483    
  0.3205833647733400    
  0.3196007881616849    
  0.3186062621571069    
  0.3175998786069703    
  0.3165817295768295    
  0.3155519073175950    
  0.3145105042331519    
  0.3134576128484344    
  0.3123933257780029    
  0.3113177356951251    
  0.3102309353013926    
  0.3091330172968835    
  0.3080240743508953    
  0.3069041990732626    
  0.3057734839862762    
  0.3046320214972089    
  0.3034799038714786    
  0.3023172232064449    
  0.3011440714058601    
  0.2999605401549765    
  0.2987667208963278    
  0.2975627048061851    
  0.2963485827717021    
  0.2951244453687412    
  0.2938903828404056    
  0.2926464850762622    
  0.2913928415922737    
  0.2901295415114251    
  0.2888566735450651    
  0.2875743259749457    
  0.2862825866359757    
  0.2849815428996618    
  0.2836712816582705    
  0.2823518893096713    
  0.2810234517428873    
  0.2796860543243274    
  0.2783397818847113    
  0.2769847187066667    
  0.2756209485130099    
  0.2742485544556827    
  0.2728676191053576    
  0.2714782244416905    
  0.2700804518442206    
  0.2686743820839006    
  0.2672600953152573    
  0.2658376710691650    
  0.2644071882462327    
  0.2629687251107757    
  0.2615223592853853    
  0.2600681677460663    
  0.2586062268179447    
  0.2571366121715207    
  0.2556593988194721    
  0.2541746611139810    
  0.2526824727445867    
  0.2511829067365348    
  0.2496760354496320    
  0.2481619305775757    
  0.2466406631477609    
  0.2451123035215386    
  0.2435769213949268    
  0.2420345857997525    
  0.2404853651052203    
  0.2389293270198816    
  0.2373665385940142    
  0.2357970662223771    
  0.2342209756473477    
  0.2326383319624148    
  0.2310491996160273    
  0.2294536424157760    
  0.2278517235329112    
  0.2262435055071634    
  0.2246290502518821    
  0.2230084190594562    
  0.2213816726070270    
  0.2197488709624627    
  0.2181100735906011    
  0.2164653393597378    
  0.2148147265483595    
  0.2131582928520972    
  0.2114960953909109    
  0.2098281907164730    
  0.2081546348197618    
  0.2064754831388353    
  0.2047907905667952    
  0.2031006114599163    
  0.2014049996459464    
  0.1997040084325514    
  0.1979976906159160    
  0.1962860984894739    
  0.1945692838527766    
  0.1928472980204736    
  0.1911201918314152    
  0.1893880156578557    
