  0.4741828316725923    
  0.4743516810619706    
  0.4743564675096540    
  0.4742001397951293    
  0.4738851972802311    
  0.4734137067743880    
  0.4727873192603615    
  0.4720072874653503    
  0.4710744839238128    
  0.4699894183052321    
  0.4687522539254739    
  0.4673628243272250    
  0.4658206498620534    
  0.4641249532295392    
  0.4622746737504203    
  0.4602684811331808    
  0.4581047888192982    
  0.4557817661345283    
  0.4532973492145328    
  0.4506492515857403    
  0.4478349745560513    
  0.4448518166467955    
  0.4416968821079688    
  0.4383670896327923    
  0.4348591815555373    
  0.4311697325108638    
  0.4272951572476358    
  0.4232317187556949    
  0.4189755372556599    
  0.4145225989335050    
  0.4098687637461057    
  0.4050097735598941    
  0.3999412618118716    
  0.3946587638415511    
  0.3891577267345122    
  0.3834335196512146    
  0.3774814465247401    
  0.3712967611455631    
  0.3648746832710107    
  0.3582104157655527    
  0.3512991643424002    
  0.3441361605889085    
  0.3367166873770185    
  0.3290361062001470    
  0.3210898874153582    
  0.3128736442883113    
  0.3043831706019900    
  0.2956144815596021    
  0.2865638586432024    
  0.2772278991593886    
  0.2676035703716055    
  0.2576882679047541    
  0.2474798786403865    
  0.2369768483443553    
  0.2261782536503257    
  0.2150838778345876    
  0.2036942901781844    
  0.1920109286751683    
  0.1800361852903958    
  0.1677734927192431    
  0.1552274117501386    
  0.1424037181499285    
  0.1293094874258312    
  0.1159531755540148    
  0.1023446938652839    
  0.8849547612593026E-01
  0.7441853541116158E-01
  0.6012850822665093E-01
  0.4564168353259870E-01
  0.3097601433726765E-01
  0.1615110934357210E-01
  0.1188202278338938E-02
 -0.1388990295110308E-01
 -0.2905891271046119E-01
 -0.4429315084895444E-01
 -0.5956569322675740E-01
 -0.7484852922542730E-01
 -0.9011274911112233E-01
 -0.1053287554562015    
 -0.1204664959773720    
 -0.1354957141735673    
 -0.1503862134055375    
 -0.1651081295445792    
 -0.1796322067587602    
 -0.1939300705150186    
 -0.2079744918076029    
 -0.2217396369104708    
 -0.2352012972393093    
 -0.2483370942257578    
 -0.2611266547963487    
 -0.2735517541393761    
 -0.2855964235888199    
 -0.2972470224253660    
 -0.3084922732475868    
 -0.3193232614670323    
 -0.3297334005678777    
 -0.3397183659545052    
 -0.3492760010295011    
 -0.3584061992741600    
 -0.3671107659824903    
 -0.3753932636036108    
 -0.3832588451694394    
 -0.3907140802435629    
 -0.3977667772586740    
 -0.4044258057791592    
 -0.4107009220986805    
 -0.4166026008498885    
 -0.4221418741564280    
 -0.4273301795304969    
 -0.4321792182642064    
 -0.4367008259769054    
 -0.4409068558050120    
 -0.4448090739591649    
 -0.4484190677631521    
 -0.4517481663789001    
 -0.4548073733224487    
 -0.4576073091376597    
 -0.4601581634289361    
 -0.4624696563212019    
 -0.4645510087221928    
 -0.4664109198515161    
 -0.4680575511853210    
 -0.4694985170311726    
 -0.4707408813188860    
 -0.4717911589103020    
 -0.4726553201674168    
 -0.4733387989300432    
 -0.4738465038551637    
 -0.4741828316725923    
 -0.4743516810619706    
 -0.4743564675096540    
 -0.4742001397951293    
 -0.4738851972802311    
 -0.4734137067743880    
 -0.4727873192603615    
 -0.4720072874653503    
 -0.4710744839238128    
 -0.4699894183052321    
 -0.4687522539254739    
 -0.4673628243272250    
 -0.4658206498620534    
 -0.4641249532295392    
 -0.4622746737504203    
 -0.4602684811331808    
 -0.4581047888192982    
 -0.4557817661345283    
 -0.4532973492145328    
 -0.4506492515857403    
 -0.4478349745560513    
 -0.4448518166467955    
 -0.4416968821079688    
 -0.4383670896327923    
 -0.4348591815555373    
 -0.4311697325108638    
 -0.4272951572476358    
 -0.4232317187556949    
 -0.4189755372556599    
 -0.4145225989335050    
 -0.4098687637461057    
 -0.4050097735598941    
 -0.3999412618118716    
 -0.3946587638415511    
 -0.3891577267345122    
 -0.3834335196512146    
 -0.3774814465247401    
 -0.3712967611455631    
 -0.3648746832710107    
 -0.3582104157655527    
 -0.3512991643424002    
 -0.3441361605889085    
 -0.3367166873770185    
 -0.3290361062001470    
 -0.3210898874153582    
 -0.3128736442883113    
 -0.3043831706019900    
 -0.2956144815596021    
 -0.2865638586432024    
 -0.2772278991593886    
 -0.2676035703716055    
 -0.2576882679047541    
 -0.2474798786403865    
 -0.2369768483443553    
 -0.2261782536503257    
 -0.2150838778345876    
 -0.2036942901781844    
 -0.1920109286751683    
 -0.1800361852903958    
 -0.1677734927192431    
 -0.1552274117501386    
 -0.1424037181499285    
 -0.1293094874258312    
 -0.1159531755540148    
 -0.1023446938652839    
 -0.8849547612593026E-01
 -0.7441853541116158E-01
 -0.6012850822665093E-01
 -0.4564168353259870E-01
 -0.3097601433726765E-01
 -0.1615110934357210E-01
 -0.1188202278338938E-02
  0.1388990295110308E-01
  0.2905891271046119E-01
  0.4429315084895444E-01
  0.5956569322675740E-01
  0.7484852922542730E-01
  0.9011274911112233E-01
  0.1053287554562015    
  0.1204664959773720    
  0.1354957141735673    
  0.1503862134055375    
  0.1651081295445792    
  0.1796322067587602    
  0.1939300705150186    
  0.2079744918076029    
  0.2217396369104708    
  0.2352012972393093    
  0.2483370942257578    
  0.2611266547963487    
  0.2735517541393761    
  0.2855964235888199    
  0.2972470224253660    
  0.3084922732475868    
  0.3193232614670323    
  0.3297334005678777    
  0.3397183659545052    
  0.3492760010295011    
  0.3584061992741600    
  0.3671107659824903    
  0.3753932636036108    
  0.3832588451694394    
  0.3907140802435629    
  0.3977667772586740    
  0.4044258057791592    
  0.4107009220986805    
  0.4166026008498885    
  0.4221418741564280    
  0.4273301795304969    
  0.4321792182642064    
  0.4367008259769054    
  0.4409068558050120    
  0.4448090739591649    
  0.4484190677631521    
  0.4517481663789001    
  0.4548073733224487    
  0.4576073091376597    
  0.4601581634289361    
  0.4624696563212019    
  0.4645510087221928    
  0.4664109198515161    
  0.4680575511853210    
  0.4694985170311726    
  0.4707408813188860    
  0.4717911589103020    
  0.4726553201674168    
  0.4733387989300432    
  0.4738465038551637    
