  0.2871220901494513    
  0.2918885044384834    
  0.2968024723792918    
  0.3018697938289530    
  0.3070967699619559    
  0.3124902356820845    
  0.3180575559812073    
  0.3238066752411123    
  0.3297461984225384    
  0.3358854426212430    
  0.3422344785895630    
  0.3488041947169689    
  0.3556063662955007    
  0.3626537288028351    
  0.3699600675491989    
  0.3775402874578260    
  0.3854104509630126    
  0.3935878520444069    
  0.4020911215347684    
  0.4109402362134845    
  0.4201564202109134    
  0.4297620779024043    
  0.4397807036392689    
  0.4502364925985579    
  0.4611536028007157    
  0.4725552307317902    
  0.4844622693400074    
  0.4968909325114396    
  0.5098490572654384    
  0.5233309976685578    
  0.5373102466586021    
  0.5517282614499608    
  0.5664784834846129    
  0.5813849518766013    
  0.5961743661567864    
  0.6104414889671421    
  0.6236127333346635    
  0.6349201879087719    
  0.6434066367949286    
  0.6479905547955042    
  0.6476183236384027    
  0.6414988268645392    
  0.6293526327235662    
  0.6115595797017839    
  0.5891139493225895    
  0.5633965924661456    
  0.5358724678030523    
  0.5078410884076903    
  0.4803056444739495    
  0.4539509319973360    
  0.4291854195407051    
  0.4062074198377578    
  0.3850709456470192    
  0.3657389406831307    
  0.3481210579198054    
  0.3320993356771674    
  0.3175454684451731    
  0.3043312211584260    
  0.2923336693758648    
  0.2814379929618770    
  0.2715392831748904    
  0.2625429798484915    
  0.2543640592420917    
  0.2469262517858695    
  0.2401617248512392    
  0.2340103949152664    
  0.2284187036800605    
  0.2233387663406776    
  0.2187280949588673    
  0.2145490757492319    
  0.2107680381089155    
  0.2073546908349072    
  0.2042820587225752    
  0.2015261765402788    
  0.1990654159548622    
  0.1968801393153982    
  0.1949527765049388    
  0.1932676551277296    
  0.1918104945454472    
  0.1905681950821896    
  0.1895289910325103    
  0.1886823572775827    
  0.1880186074386856    
  0.1875287643834819    
  0.1872047510373560    
  0.1870393399353263    
  0.1870258188290912    
  0.1871579097776128    
  0.1874299751210244    
  0.1878369913748172    
  0.1883742616645608    
  0.1890373641903375    
  0.1898223597559107    
  0.1907257792309909    
  0.1917443713272023    
  0.1928750695344969    
  0.1941151926939305    
  0.1954624387998434    
  0.1969146615006146    
  0.1984698505366509    
  0.2001263213399232    
  0.2018827099933058    
  0.2037377729857213    
  0.2056903785429406    
  0.2077396852052514    
  0.2098851364324347    
  0.2121262792864352    
  0.2144627631532012    
  0.2168945075702838    
  0.2194216982776866    
  0.2220446241770796    
  0.2247636803616433    
  0.2275795233451175    
  0.2304930698723122    
  0.2335053542824389    
  0.2366175357981866    
  0.2398310395432945    
  0.2431475577929176    
  0.2465689293319705    
  0.2500971524779682    
  0.2537345123137739    
  0.2574835849548233    
  0.2613471400812872    
  0.2653281606011297    
  0.2694299571416167    
  0.2736561777554374    
  0.2780107362989431    
  0.2824978396413150    
  0.2871220901494513    
  0.2918885044384834    
  0.2968024723792918    
  0.3018697938289530    
  0.3070967699619559    
  0.3124902356820845    
  0.3180575559812073    
  0.3238066752411123    
  0.3297461984225384    
  0.3358854426212430    
  0.3422344785895630    
  0.3488041947169689    
  0.3556063662955007    
  0.3626537288028351    
  0.3699600675491989    
  0.3775402874578260    
  0.3854104509630126    
  0.3935878520444069    
  0.4020911215347684    
  0.4109402362134845    
  0.4201564202109134    
  0.4297620779024043    
  0.4397807036392689    
  0.4502364925985579    
  0.4611536028007157    
  0.4725552307317902    
  0.4844622693400074    
  0.4968909325114396    
  0.5098490572654384    
  0.5233309976685578    
  0.5373102466586021    
  0.5517282614499608    
  0.5664784834846129    
  0.5813849518766013    
  0.5961743661567864    
  0.6104414889671421    
  0.6236127333346635    
  0.6349201879087719    
  0.6434066367949286    
  0.6479905547955042    
  0.6476183236384027    
  0.6414988268645392    
  0.6293526327235662    
  0.6115595797017839    
  0.5891139493225895    
  0.5633965924661456    
  0.5358724678030523    
  0.5078410884076903    
  0.4803056444739495    
  0.4539509319973360    
  0.4291854195407051    
  0.4062074198377578    
  0.3850709456470192    
  0.3657389406831307    
  0.3481210579198054    
  0.3320993356771674    
  0.3175454684451731    
  0.3043312211584260    
  0.2923336693758648    
  0.2814379929618770    
  0.2715392831748904    
  0.2625429798484915    
  0.2543640592420917    
  0.2469262517858695    
  0.2401617248512392    
  0.2340103949152664    
  0.2284187036800605    
  0.2233387663406776    
  0.2187280949588673    
  0.2145490757492319    
  0.2107680381089155    
  0.2073546908349072    
  0.2042820587225752    
  0.2015261765402788    
  0.1990654159548622    
  0.1968801393153982    
  0.1949527765049388    
  0.1932676551277296    
  0.1918104945454472    
  0.1905681950821896    
  0.1895289910325103    
  0.1886823572775827    
  0.1880186074386856    
  0.1875287643834819    
  0.1872047510373560    
  0.1870393399353263    
  0.1870258188290912    
  0.1871579097776128    
  0.1874299751210244    
  0.1878369913748172    
  0.1883742616645608    
  0.1890373641903375    
  0.1898223597559107    
  0.1907257792309909    
  0.1917443713272023    
  0.1928750695344969    
  0.1941151926939305    
  0.1954624387998434    
  0.1969146615006146    
  0.1984698505366509    
  0.2001263213399232    
  0.2018827099933058    
  0.2037377729857213    
  0.2056903785429406    
  0.2077396852052514    
  0.2098851364324347    
  0.2121262792864352    
  0.2144627631532012    
  0.2168945075702838    
  0.2194216982776866    
  0.2220446241770796    
  0.2247636803616433    
  0.2275795233451175    
  0.2304930698723122    
  0.2335053542824389    
  0.2366175357981866    
  0.2398310395432945    
  0.2431475577929176    
  0.2465689293319705    
  0.2500971524779682    
  0.2537345123137739    
  0.2574835849548233    
  0.2613471400812872    
  0.2653281606011297    
  0.2694299571416167    
  0.2736561777554374    
  0.2780107362989431    
  0.2824978396413150    
