  0.4936435173797774    
  0.4872832219843417    
  0.4807329213873975    
  0.4739968066546261    
  0.4670788105800340    
  0.4599826250417235    
  0.4527117184395120    
  0.4452693456537021    
  0.4376585550552261    
  0.4298822005261904    
  0.4219429561298445    
  0.4138433257535912    
  0.4055856481992702    
  0.3971721044740615    
  0.3886047280746291    
  0.3798854127332548    
  0.3710159163562760    
  0.3619978657648286    
  0.3528327636922981    
  0.3435219942143817    
  0.3340668254389321    
  0.3244684131904336    
  0.3147278069596735    
  0.3048459545038989    
  0.2948237038106989    
  0.2846618063441688    
  0.2743609235276731    
  0.2639216327760716    
  0.2533444307178047    
  0.2426297372822113    
  0.2317779039240215    
  0.2207892230912890    
  0.2096639354267474    
  0.1984022372236490    
  0.1870042923018501    
  0.1754702468711674    
  0.1638002434244880    
  0.1519944346758746    
  0.1400530017736694    
  0.1279761767951596    
  0.1157642658474148    
  0.1034176725447889    
  0.9093692558146815E-01
  0.7832271139983105E-01
  0.6557590885776315E-01
  0.5269762478875983E-01
  0.3968923340190522E-01
  0.2655242103261687E-01
  0.1328923369947421E-01
 -0.9787429255572744E-04
 -0.1360598868124008E-01
 -0.2723167895165929E-01
 -0.4097093961304688E-01
 -0.5481913135117528E-01
 -0.6877092102853366E-01
 -0.8282021932883690E-01
 -0.9696011823040293E-01
 -0.1111828311946638    
 -0.1254796360414996    
 -0.1398408198693191    
 -0.1542556284260352    
 -0.1687122234105384    
 -0.1831976485172009    
 -0.1976978039939144    
 -0.2121974321791935    
 -0.2266801177516383    
 -0.2411283037808382    
 -0.2555233230736618    
 -0.2698454465974100    
 -0.2840739521148649    
 -0.2981872133520510    
 -0.3121628077161318    
 -0.3259776424727721    
 -0.3396081008532557    
 -0.3530302066259871    
 -0.3662198026413548    
 -0.3791527405387937    
 -0.3918050810376718    
 -0.4041533016123048    
 -0.4161745048063104    
 -0.4278466221863802    
 -0.4391486124730123    
 -0.4500606506991867    
 -0.4605643013205547    
 -0.4706426699745515    
 -0.4802805338076220    
 -0.4894644500148034    
 -0.4981828376636085    
 -0.5064260288676847    
 -0.5141862920050213    
 -0.5214578311129562    
 -0.5282367599948989    
 -0.5345210484091987    
 -0.5403104448543443    
 -0.5456063840254401    
 -0.5504118806384315    
 -0.5547314067837035    
 -0.5585707563754482    
 -0.5619369065520075    
 -0.5648378800792224    
 -0.5672826045297614    
 -0.5692807681396923    
 -0.5708426815168089    
 -0.5719791513535136    
 -0.5727013610873063    
 -0.5730207535280681    
 -0.5729489217216870    
 -0.5724975161911205    
 -0.5716781648095395    
 -0.5705023964449563    
 -0.5689815702576611    
 -0.5671268198739947    
 -0.5649490120046823    
 -0.5624587092033640    
 -0.5596661339035287    
 -0.5565811423381237    
 -0.5532132118438395    
 -0.5495714324676295    
 -0.5456644963281118    
 -0.5415006913068832    
 -0.5370879057489855    
 -0.5324336377860489    
 -0.5275450003140933    
 -0.5224287253556534    
 -0.5170911766891175    
 -0.5115383679143679    
 -0.5057759756412188    
 -0.4998093478604002    
 -0.4936435173797774    
 -0.4872832219843417    
 -0.4807329213873975    
 -0.4739968066546261    
 -0.4670788105800340    
 -0.4599826250417235    
 -0.4527117184395120    
 -0.4452693456537021    
 -0.4376585550552261    
 -0.4298822005261904    
 -0.4219429561298445    
 -0.4138433257535912    
 -0.4055856481992702    
 -0.3971721044740615    
 -0.3886047280746291    
 -0.3798854127332548    
 -0.3710159163562760    
 -0.3619978657648286    
 -0.3528327636922981    
 -0.3435219942143817    
 -0.3340668254389321    
 -0.3244684131904336    
 -0.3147278069596735    
 -0.3048459545038989    
 -0.2948237038106989    
 -0.2846618063441688    
 -0.2743609235276731    
 -0.2639216327760716    
 -0.2533444307178047    
 -0.2426297372822113    
 -0.2317779039240215    
 -0.2207892230912890    
 -0.2096639354267474    
 -0.1984022372236490    
 -0.1870042923018501    
 -0.1754702468711674    
 -0.1638002434244880    
 -0.1519944346758746    
 -0.1400530017736694    
 -0.1279761767951596    
 -0.1157642658474148    
 -0.1034176725447889    
 -0.9093692558146815E-01
 -0.7832271139983105E-01
 -0.6557590885776315E-01
 -0.5269762478875983E-01
 -0.3968923340190522E-01
 -0.2655242103261687E-01
 -0.1328923369947421E-01
  0.9787429255572744E-04
  0.1360598868124008E-01
  0.2723167895165929E-01
  0.4097093961304688E-01
  0.5481913135117528E-01
  0.6877092102853366E-01
  0.8282021932883690E-01
  0.9696011823040293E-01
  0.1111828311946638    
  0.1254796360414996    
  0.1398408198693191    
  0.1542556284260352    
  0.1687122234105384    
  0.1831976485172009    
  0.1976978039939144    
  0.2121974321791935    
  0.2266801177516383    
  0.2411283037808382    
  0.2555233230736618    
  0.2698454465974100    
  0.2840739521148649    
  0.2981872133520510    
  0.3121628077161318    
  0.3259776424727721    
  0.3396081008532557    
  0.3530302066259871    
  0.3662198026413548    
  0.3791527405387937    
  0.3918050810376718    
  0.4041533016123048    
  0.4161745048063104    
  0.4278466221863802    
  0.4391486124730123    
  0.4500606506991867    
  0.4605643013205547    
  0.4706426699745515    
  0.4802805338076220    
  0.4894644500148034    
  0.4981828376636085    
  0.5064260288676847    
  0.5141862920050213    
  0.5214578311129562    
  0.5282367599948989    
  0.5345210484091987    
  0.5403104448543443    
  0.5456063840254401    
  0.5504118806384315    
  0.5547314067837035    
  0.5585707563754482    
  0.5619369065520075    
  0.5648378800792224    
  0.5672826045297614    
  0.5692807681396923    
  0.5708426815168089    
  0.5719791513535136    
  0.5727013610873063    
  0.5730207535280681    
  0.5729489217216870    
  0.5724975161911205    
  0.5716781648095395    
  0.5705023964449563    
  0.5689815702576611    
  0.5671268198739947    
  0.5649490120046823    
  0.5624587092033640    
  0.5596661339035287    
  0.5565811423381237    
  0.5532132118438395    
  0.5495714324676295    
  0.5456644963281118    
  0.5415006913068832    
  0.5370879057489855    
  0.5324336377860489    
  0.5275450003140933    
  0.5224287253556534    
  0.5170911766891175    
  0.5115383679143679    
  0.5057759756412188    
  0.4998093478604002    
