  0.2852293652289059    
  0.2899785130328820    
  0.2948745000857618    
  0.2999230695179925    
  0.3051304637839298    
  0.3105034495194382    
  0.3160493149129447    
  0.3217759265518637    
  0.3276918081835329    
  0.3338061835887018    
  0.3401290208917552    
  0.3466711053364079    
  0.3534441045380546    
  0.3604606324621498    
  0.3677343445228160    
  0.3752800180079712    
  0.3831135848839471    
  0.3912521973665566    
  0.3997143438338580    
  0.4085198729058865    
  0.4176898914502615    
  0.4272466947939966    
  0.4372136998145332    
  0.4476150841027363    
  0.4584750574403331    
  0.4698169573297440    
  0.4816619668039263    
  0.4940268093337148    
  0.5069201083534975    
  0.5203373687859882    
  0.5342537466917220    
  0.5486130298912479    
  0.5633117748423727    
  0.5781780165668629    
  0.5929433501294588    
  0.6072080530295973    
  0.6204038605964631    
  0.6317665369601342    
  0.6403388164571213    
  0.6450331514812569    
  0.6447829253176995    
  0.6387791806604662    
  0.6267254595156168    
  0.6089919481373989    
  0.5865739638481888    
  0.5608620856449967    
  0.5333342473935933    
  0.5053010837866935    
  0.4777726590378742    
  0.4514364952263880    
  0.4267008492995308    
  0.4037621995553380    
  0.3826721383537582    
  0.3633912390042706    
  0.3458270988771388    
  0.3298600849823894    
  0.3153606194637970    
  0.3021995578614230    
  0.2902533405617251    
  0.2794067122041395    
  0.2695544982435281    
  0.2606020068364251    
  0.2524641609369796    
  0.2450646865635755    
  0.2383357988359096    
  0.2322175012891842    
  0.2266563293231550    
  0.2216044924832282    
  0.2170196159809788    
  0.2128642113815357    
  0.2091047185930764    
  0.2057109440340724    
  0.2026560218706613    
  0.1999161039087385    
  0.1974696594773429    
  0.1952971313600936    
  0.1933810394524252    
  0.1917058101195421    
  0.1902572441189950    
  0.1890223054399317    
  0.1879892993809717    
  0.1871477808293415    
  0.1864881293639022    
  0.1860014179526256    
  0.1856796253826004    
  0.1855155880187668    
  0.1855026458253417    
  0.1856345598148829    
  0.1859057362590486    
  0.1863112018439668    
  0.1868462994985530    
  0.1875066368319897    
  0.1882883096057260    
  0.1891878882929245    
  0.1902021503070312    
  0.1913280488598122    
  0.1925629296263856    
  0.1939045227068699    
  0.1953507027422873    
  0.1968994705595865    
  0.1985491591945289    
  0.2002984290506073    
  0.2021460523438695    
  0.2040909031510676    
  0.2061321495259452    
  0.2082692499427045    
  0.2105017606867821    
  0.2128293331259588    
  0.2152518908429132    
  0.2177696261290417    
  0.2203828290437210    
  0.2230918911560449    
  0.2258974677565980    
  0.2288004748530005    
  0.2318019399645097    
  0.2349030117941960    
  0.2381051072102992    
  0.2414099095392492    
  0.2448192423863496    
  0.2483350857193964    
  0.2519597076209312    
  0.2556956648941651    
  0.2595457017173433    
  0.2635127731396085    
  0.2676001621780519    
  0.2718114847489588    
  0.2761506159671823    
  0.2806217223783164    
  0.2852293652289059    
  0.2899785130328820    
  0.2948745000857618    
  0.2999230695179925    
  0.3051304637839298    
  0.3105034495194382    
  0.3160493149129447    
  0.3217759265518637    
  0.3276918081835329    
  0.3338061835887018    
  0.3401290208917552    
  0.3466711053364079    
  0.3534441045380546    
  0.3604606324621498    
  0.3677343445228160    
  0.3752800180079712    
  0.3831135848839471    
  0.3912521973665566    
  0.3997143438338580    
  0.4085198729058865    
  0.4176898914502615    
  0.4272466947939966    
  0.4372136998145332    
  0.4476150841027363    
  0.4584750574403331    
  0.4698169573297440    
  0.4816619668039263    
  0.4940268093337148    
  0.5069201083534975    
  0.5203373687859882    
  0.5342537466917220    
  0.5486130298912479    
  0.5633117748423727    
  0.5781780165668629    
  0.5929433501294588    
  0.6072080530295973    
  0.6204038605964631    
  0.6317665369601342    
  0.6403388164571213    
  0.6450331514812569    
  0.6447829253176995    
  0.6387791806604662    
  0.6267254595156168    
  0.6089919481373989    
  0.5865739638481888    
  0.5608620856449967    
  0.5333342473935933    
  0.5053010837866935    
  0.4777726590378742    
  0.4514364952263880    
  0.4267008492995308    
  0.4037621995553380    
  0.3826721383537582    
  0.3633912390042706    
  0.3458270988771388    
  0.3298600849823894    
  0.3153606194637970    
  0.3021995578614230    
  0.2902533405617251    
  0.2794067122041395    
  0.2695544982435281    
  0.2606020068364251    
  0.2524641609369796    
  0.2450646865635755    
  0.2383357988359096    
  0.2322175012891842    
  0.2266563293231550    
  0.2216044924832282    
  0.2170196159809788    
  0.2128642113815357    
  0.2091047185930764    
  0.2057109440340724    
  0.2026560218706613    
  0.1999161039087385    
  0.1974696594773429    
  0.1952971313600936    
  0.1933810394524252    
  0.1917058101195421    
  0.1902572441189950    
  0.1890223054399317    
  0.1879892993809717    
  0.1871477808293415    
  0.1864881293639022    
  0.1860014179526256    
  0.1856796253826004    
  0.1855155880187668    
  0.1855026458253417    
  0.1856345598148829    
  0.1859057362590486    
  0.1863112018439668    
  0.1868462994985530    
  0.1875066368319897    
  0.1882883096057260    
  0.1891878882929245    
  0.1902021503070312    
  0.1913280488598122    
  0.1925629296263856    
  0.1939045227068699    
  0.1953507027422873    
  0.1968994705595865    
  0.1985491591945289    
  0.2002984290506073    
  0.2021460523438695    
  0.2040909031510676    
  0.2061321495259452    
  0.2082692499427045    
  0.2105017606867821    
  0.2128293331259588    
  0.2152518908429132    
  0.2177696261290417    
  0.2203828290437210    
  0.2230918911560449    
  0.2258974677565980    
  0.2288004748530005    
  0.2318019399645097    
  0.2349030117941960    
  0.2381051072102992    
  0.2414099095392492    
  0.2448192423863496    
  0.2483350857193964    
  0.2519597076209312    
  0.2556956648941651    
  0.2595457017173433    
  0.2635127731396085    
  0.2676001621780519    
  0.2718114847489588    
  0.2761506159671823    
  0.2806217223783164    
