  0.2401550732615239    
  0.2444557735328254    
  0.2488866799645615    
  0.2534522228460339    
  0.2581576068136509    
  0.2630080125515586    
  0.2680085934349554    
  0.2731653705042906    
  0.2784852638196257    
  0.2839752406418438    
  0.2896424179029464    
  0.2954950484609081    
  0.3015424749413167    
  0.3077942228332416    
  0.3142602350067704    
  0.3209519644627383    
  0.3278822308456548    
  0.3350642486405061    
  0.3425120187708895    
  0.3502415272176209    
  0.3582704408869122    
  0.3666170075928215    
  0.3753005657865948    
  0.3843427255162055    
  0.3937666223798572    
  0.4035953184411146    
  0.4138519471885296    
  0.4245600206842337    
  0.4357407850123278    
  0.4474090015948622    
  0.4595695999801542    
  0.4722121049227094    
  0.4852983022598815    
  0.4987440769705406    
  0.5123964464227443    
  0.5259997344585421    
  0.5391461588180875    
  0.5512189730259016    
  0.5613464125891805    
  0.5683952260324725    
  0.5710581612734041    
  0.5680972601677572    
  0.5587258821464984    
  0.5429655413805421    
  0.5217487311515434    
  0.4966718213843471    
  0.4695372463541999    
  0.4419393092227268    
  0.4150543882325046    
  0.3896248411135927    
  0.3660407437229651    
  0.3444438133737476    
  0.3248209402635889    
  0.3070741547265485    
  0.2910639839967452    
  0.2766345162766727    
  0.2636298327036787    
  0.2519036520658128    
  0.2413220232245978    
  0.2317633548706268    
  0.2231193539916455    
  0.2152951939265114    
  0.2082073576558288    
  0.2017816281461813    
  0.1959528970267777    
  0.1906646967924606    
  0.1858672403932253    
  0.1815160284510187    
  0.1775720008044081    
  0.1740012613450205    
  0.1707736028755910    
  0.1678616968996151    
  0.1652415141222520    
  0.1628921711616892    
  0.1607947809604420    
  0.1589320195367454    
  0.1572886747998478    
  0.1558515226452056    
  0.1546083802600414    
  0.1535479160312525    
  0.1526602446762709    
  0.1519367839257342    
  0.1513694414160066    
  0.1509505914422355    
  0.1506736746082360    
  0.1505330135654769    
  0.1505230955974677    
  0.1506386722719575    
  0.1508753424981243    
  0.1512293187567620    
  0.1516967839578542    
  0.1522740874981222    
  0.1529583006698002    
  0.1537469304265146    
  0.1546373377643547    
  0.1556270133636168    
  0.1567140992088115    
  0.1578970493491977    
  0.1591741020839309    
  0.1605436241735396    
  0.1620045949901817    
  0.1635562147918221    
  0.1651974263629677    
  0.1669273206996054    
  0.1687455812784618    
  0.1706520407583920    
  0.1726462501791748    
  0.1747279418671766    
  0.1768974320157831    
  0.1791551267414577    
  0.1815011388153910    
  0.1839358056584052    
  0.1864600485357503    
  0.1890748286409116    
  0.1917808128730929    
  0.1945789464556171    
  0.1974707667927078    
  0.2004578098388059    
  0.2035413278726183    
  0.2067229177048742    
  0.2100047867018849    
  0.2133891092321515    
  0.2168778010082410    
  0.2204732053030317    
  0.2241783078735573    
  0.2279960428316697    
  0.2319291301994949    
  0.2359808242799920    
  0.2401550732615239    
  0.2444557735328254    
  0.2488866799645615    
  0.2534522228460339    
  0.2581576068136509    
  0.2630080125515586    
  0.2680085934349554    
  0.2731653705042906    
  0.2784852638196257    
  0.2839752406418438    
  0.2896424179029464    
  0.2954950484609081    
  0.3015424749413167    
  0.3077942228332416    
  0.3142602350067704    
  0.3209519644627383    
  0.3278822308456548    
  0.3350642486405061    
  0.3425120187708895    
  0.3502415272176209    
  0.3582704408869122    
  0.3666170075928215    
  0.3753005657865948    
  0.3843427255162055    
  0.3937666223798572    
  0.4035953184411146    
  0.4138519471885296    
  0.4245600206842337    
  0.4357407850123278    
  0.4474090015948622    
  0.4595695999801542    
  0.4722121049227094    
  0.4852983022598815    
  0.4987440769705406    
  0.5123964464227443    
  0.5259997344585421    
  0.5391461588180875    
  0.5512189730259016    
  0.5613464125891805    
  0.5683952260324725    
  0.5710581612734041    
  0.5680972601677572    
  0.5587258821464984    
  0.5429655413805421    
  0.5217487311515434    
  0.4966718213843471    
  0.4695372463541999    
  0.4419393092227268    
  0.4150543882325046    
  0.3896248411135927    
  0.3660407437229651    
  0.3444438133737476    
  0.3248209402635889    
  0.3070741547265485    
  0.2910639839967452    
  0.2766345162766727    
  0.2636298327036787    
  0.2519036520658128    
  0.2413220232245978    
  0.2317633548706268    
  0.2231193539916455    
  0.2152951939265114    
  0.2082073576558288    
  0.2017816281461813    
  0.1959528970267777    
  0.1906646967924606    
  0.1858672403932253    
  0.1815160284510187    
  0.1775720008044081    
  0.1740012613450205    
  0.1707736028755910    
  0.1678616968996151    
  0.1652415141222520    
  0.1628921711616892    
  0.1607947809604420    
  0.1589320195367454    
  0.1572886747998478    
  0.1558515226452056    
  0.1546083802600414    
  0.1535479160312525    
  0.1526602446762709    
  0.1519367839257342    
  0.1513694414160066    
  0.1509505914422355    
  0.1506736746082360    
  0.1505330135654769    
  0.1505230955974677    
  0.1506386722719575    
  0.1508753424981243    
  0.1512293187567620    
  0.1516967839578542    
  0.1522740874981222    
  0.1529583006698002    
  0.1537469304265146    
  0.1546373377643547    
  0.1556270133636168    
  0.1567140992088115    
  0.1578970493491977    
  0.1591741020839309    
  0.1605436241735396    
  0.1620045949901817    
  0.1635562147918221    
  0.1651974263629677    
  0.1669273206996054    
  0.1687455812784618    
  0.1706520407583920    
  0.1726462501791748    
  0.1747279418671766    
  0.1768974320157831    
  0.1791551267414577    
  0.1815011388153910    
  0.1839358056584052    
  0.1864600485357503    
  0.1890748286409116    
  0.1917808128730929    
  0.1945789464556171    
  0.1974707667927078    
  0.2004578098388059    
  0.2035413278726183    
  0.2067229177048742    
  0.2100047867018849    
  0.2133891092321515    
  0.2168778010082410    
  0.2204732053030317    
  0.2241783078735573    
  0.2279960428316697    
  0.2319291301994949    
  0.2359808242799920    
