  0.5545861050904110    
  0.5483248855395002    
  0.5418525181819767    
  0.5351740527962545    
  0.5282941916954977    
  0.5212173065906228    
  0.5139474562451083    
  0.5064884048885537    
  0.4988436392836444    
  0.4910163836352162    
  0.4830096141054704    
  0.4748260741255538    
  0.4664682889107931    
  0.4579385774323478    
  0.4492390629042413    
  0.4403716837858505    
  0.4313382047960904    
  0.4221402259023603    
  0.4127791893444863    
  0.4032563867935993    
  0.3935729672510164    
  0.3837299440018396    
  0.3737281998149951    
  0.3635684919271592    
  0.3532514580581211    
  0.3427776224732023    
  0.3321474008793469    
  0.3213611049055261    
  0.3104189475445119    
  0.2993210493614516    
  0.2880674444630351    
  0.2766580864383480    
  0.2650928553810095    
  0.2533715662510090    
  0.2414939780358359    
  0.2294598038251094    
  0.2172687226172100    
  0.2049203931373167    
  0.1924144693101966    
  0.1797506174919211    
  0.1669285361534671    
  0.1539479783051189    
  0.1408087763855849    
  0.1275108696885147    
  0.1140543349585743    
  0.1004394205203691    
  0.8666658377008157E-01
  0.7273653203672903E-01
  0.5865026725714773E-01
  0.4440913470208169E-01
  0.3001487549602461E-01
  0.1546968271806601E-01
  0.7762611739757508E-03
 -0.1406210925382068E-01
 -0.2904150721197313E-01
 -0.4415730100308787E-01
 -0.5940407762657732E-01
 -0.7477557035068749E-01
 -0.9026458586979050E-01
 -0.1058629322062243    
 -0.1215613484617593    
 -0.1373494377939023    
 -0.1532156053972955    
 -0.1691470033481106    
 -0.1851294841005430    
 -0.2011475646299896    
 -0.2171844034918371    
 -0.2332217929831126    
 -0.2492401683428014    
 -0.2652186358960104    
 -0.2811350220306251    
 -0.2969659444922109    
 -0.3126869068815714    
 -0.3282724168237989    
 -0.3436961278730272    
 -0.3589310044719989    
 -0.3739495083993271    
 -0.3887238044817967    
 -0.4032259827747048    
 -0.4174282936298066    
 -0.4313033913058928    
 -0.4448245813739132    
 -0.4579660669492488    
 -0.4707031884815469    
 -0.4830126517066992    
 -0.4948727387158372    
 -0.5062634976395713    
 -0.5171669068548574    
 -0.5275670101878577    
 -0.5374500206319286    
 -0.5468043912503178    
 -0.5556208527239326    
 -0.5638924177047557    
 -0.5716143531681358    
 -0.5787841230142612    
 -0.5854013037485011    
 -0.5914674763967510    
 -0.5969860983262409    
 -0.6019623590610885    
 -0.6064030240336433    
 -0.6103162698600038    
 -0.6137115147994934    
 -0.6165992482390137    
 -0.6189908625628907    
 -0.6208984898222547    
 -0.6223348451152084    
 -0.6233130786110335    
 -0.6238466378734902    
 -0.6239491413438925    
 -0.6236342633139944    
 -0.6229156308312291    
 -0.6218067330253259    
 -0.6203208427287005    
 -0.6184709495137211    
 -0.6162697032108455    
 -0.6137293674321013    
 -0.6108617827078135    
 -0.6076783382904514    
 -0.6041899512896109    
 -0.6004070522635321    
 -0.5963395771238369    
 -0.5919969650529677    
 -0.5873881611860078    
 -0.5825216225736485    
 -0.5774053270324366    
 -0.5720467853021125    
 -0.5664530560186195    
 -0.5606307617551098    
 -0.5545861050904110    
 -0.5483248855395002    
 -0.5418525181819767    
 -0.5351740527962545    
 -0.5282941916954977    
 -0.5212173065906228    
 -0.5139474562451083    
 -0.5064884048885537    
 -0.4988436392836444    
 -0.4910163836352162    
 -0.4830096141054704    
 -0.4748260741255538    
 -0.4664682889107931    
 -0.4579385774323478    
 -0.4492390629042413    
 -0.4403716837858505    
 -0.4313382047960904    
 -0.4221402259023603    
 -0.4127791893444863    
 -0.4032563867935993    
 -0.3935729672510164    
 -0.3837299440018396    
 -0.3737281998149951    
 -0.3635684919271592    
 -0.3532514580581211    
 -0.3427776224732023    
 -0.3321474008793469    
 -0.3213611049055261    
 -0.3104189475445119    
 -0.2993210493614516    
 -0.2880674444630351    
 -0.2766580864383480    
 -0.2650928553810095    
 -0.2533715662510090    
 -0.2414939780358359    
 -0.2294598038251094    
 -0.2172687226172100    
 -0.2049203931373167    
 -0.1924144693101966    
 -0.1797506174919211    
 -0.1669285361534671    
 -0.1539479783051189    
 -0.1408087763855849    
 -0.1275108696885147    
 -0.1140543349585743    
 -0.1004394205203691    
 -0.8666658377008157E-01
 -0.7273653203672903E-01
 -0.5865026725714773E-01
 -0.4440913470208169E-01
 -0.3001487549602461E-01
 -0.1546968271806601E-01
 -0.7762611739757508E-03
  0.1406210925382068E-01
  0.2904150721197313E-01
  0.4415730100308787E-01
  0.5940407762657732E-01
  0.7477557035068749E-01
  0.9026458586979050E-01
  0.1058629322062243    
  0.1215613484617593    
  0.1373494377939023    
  0.1532156053972955    
  0.1691470033481106    
  0.1851294841005430    
  0.2011475646299896    
  0.2171844034918371    
  0.2332217929831126    
  0.2492401683428014    
  0.2652186358960104    
  0.2811350220306251    
  0.2969659444922109    
  0.3126869068815714    
  0.3282724168237989    
  0.3436961278730272    
  0.3589310044719989    
  0.3739495083993271    
  0.3887238044817967    
  0.4032259827747048    
  0.4174282936298066    
  0.4313033913058928    
  0.4448245813739132    
  0.4579660669492488    
  0.4707031884815469    
  0.4830126517066992    
  0.4948727387158372    
  0.5062634976395713    
  0.5171669068548574    
  0.5275670101878577    
  0.5374500206319286    
  0.5468043912503178    
  0.5556208527239326    
  0.5638924177047557    
  0.5716143531681358    
  0.5787841230142612    
  0.5854013037485011    
  0.5914674763967510    
  0.5969860983262409    
  0.6019623590610885    
  0.6064030240336433    
  0.6103162698600038    
  0.6137115147994934    
  0.6165992482390137    
  0.6189908625628907    
  0.6208984898222547    
  0.6223348451152084    
  0.6233130786110335    
  0.6238466378734902    
  0.6239491413438925    
  0.6236342633139944    
  0.6229156308312291    
  0.6218067330253259    
  0.6203208427287005    
  0.6184709495137211    
  0.6162697032108455    
  0.6137293674321013    
  0.6108617827078135    
  0.6076783382904514    
  0.6041899512896109    
  0.6004070522635321    
  0.5963395771238369    
  0.5919969650529677    
  0.5873881611860078    
  0.5825216225736485    
  0.5774053270324366    
  0.5720467853021125    
  0.5664530560186195    
  0.5606307617551098    
