  0.9957690349412056    
  0.9970758702947873    
  0.9983894371796580    
  0.9997095839682490    
   1.001035824924463    
   1.002367364760617    
   1.003703710620787    
   1.005044903944067    
   1.006390773924338    
   1.007740237715764    
   1.009091828283291    
   1.010444717821291    
   1.011798642424578    
   1.013152996817614    
   1.014506846451079    
   1.015859935552126    
   1.017212731473647    
   1.018564950670994    
   1.019914732282868    
   1.021259864266812    
   1.022599238493356    
   1.023932423729314    
   1.025258352126313    
   1.026575311617620    
   1.027881952405629    
   1.029177436777414    
   1.030460698737964    
   1.031730309464085    
   1.032985000638118    
   1.034223599243473    
   1.035444479908767    
   1.036645722632000    
   1.037825646853363    
   1.038982387722533    
   1.040113076961228    
   1.041214442585676    
   1.042284332127686    
   1.043321697845615    
   1.044324894542940    
   1.045290967493874    
   1.046216866989765    
   1.047100222063761    
   1.047938326594047    
   1.048727375682691    
   1.049463484300911    
   1.050143592746603    
   1.050764440216803    
   1.051321356743785    
   1.051809154343960    
   1.052223783312697    
   1.052562044762632    
   1.052819894991660    
   1.052992013655853    
   1.053072870550615    
   1.053057114786495    
   1.052938745161934    
   1.052710813388050    
   1.052366286361288    
   1.051898538532782    
   1.051300671718350    
   1.050564903278717    
   1.049682981672818    
   1.048646778885216    
   1.047448061084261    
   1.046077822099843    
   1.044526002673983    
   1.042781646455425    
   1.040833145988134    
   1.038668432068548    
   1.036274992168578    
   1.033639693261735    
   1.030748779901491    
   1.027588232040050    
   1.024143809662989    
   1.020400208733405    
   1.016340141805451    
   1.011944568892741    
   1.007193712559122    
   1.002067375446661    
  0.9965443178552441    
  0.9906019226050684    
  0.9842166238260203    
  0.9773640936105180    
  0.9700185825198205    
  0.9621522255811867    
  0.9537350576483664    
  0.9447353095698278    
  0.9351194383074174    
  0.9248521452975845    
  0.9138965982124851    
  0.9022143792760335    
  0.8897648941794702    
  0.8765047860897971    
  0.8623877861966949    
  0.8473647107756032    
  0.8313834173254497    
  0.8143890425453323    
  0.7963243908124309    
  0.7771296394301430    
  0.7567412422243555    
  0.7350911839730219    
  0.7121073182124315    
  0.6877139298889750    
  0.6618315326143407    
  0.6343763325938282    
  0.6052601679572669    
  0.5743905175075217    
  0.5416698171272637    
  0.5069946404350496    
  0.4702558515506852    
  0.4313394068995900    
  0.3901264541273042    
  0.3464925431239395    
  0.3003071150706035    
  0.2514337252435009    
  0.1997301218891861    
  0.1450477654692738    
  0.8723169695672081E-01
  0.2612134409766845E-01
 -0.3844864253577363E-01
 -0.1066484887814556    
 -0.1786537480706334    
 -0.2546449018282371    
 -0.3348061119634124    
 -0.4193241008788007    
 -0.5083874828760628    
 -0.6021859306852144    
 -0.7009087732030371    
 -0.8047432695566475    
 -0.9138727336036843    
  -1.028474321712005    
  -1.148716470239651    
  -1.274756220747687    
  -1.406736318880394    
  -1.544781625076661    
  -1.688994838622624    
  -1.839452171728145    
  -1.996199326031828    
  -2.159247288458050    
  -2.328567303243317    
  -2.504085001139839    
  -2.685674158865536    
  -2.873150622228918    
  -3.066266946501775    
  -3.264708138493961    
  -3.468088115692770    
  -3.675945831627198    
  -3.887740687456614    
  -4.102848476401786    
  -4.320559744541417    
  -4.540081266101021    
  -4.760539786416327    
  -4.980986906560278    
  -5.200404775033800    
  -5.417713040589677    
  -5.631777986113182    
  -5.841424925667960    
  -6.045454247410707    
  -6.242659801431342    
  -6.431847228601208    
  -6.611851004224493    
  -6.781551457119090    
  -6.939893699296528    
  -7.085908046392996    
  -7.218728879200662    
  -7.337609354408761    
  -7.441932338614261    
  -7.531219579470552    
  -7.605139547055214    
  -7.663512081504642    
  -7.706308187543795    
  -7.733645563524867    
  -7.745781691129893    
  -7.743105327286179    
  -7.726125819021068    
  -7.695459612185946    
  -7.651814414945255    
  -7.595972528457342    
  -7.528775062140893    
  -7.451107703225050    
  -7.363886935085318    
  -7.268045093944565    
  -7.164514715402059    
  -7.054215043376305    
  -6.938042789378231    
  -6.816865763585012    
  -6.691516451221217    
  -6.562784970361490    
  -6.431413449395637    
  -6.298093144395763    
  -6.163463368357093    
  -6.028111025268761    
  -5.892570760428250    
  -5.757325865189726    
  -5.622809408519561    
  -5.489405581827459    
  -5.357452169958047    
  -5.227244238234083    
  -5.099037556909315    
  -4.973050777728478    
  -4.849467354376313    
  -4.728438453431839    
  -4.610086411254996    
  -4.494507655982004    
  -4.381775218425546    
  -4.271941496601425    
  -4.165040912830500    
  -4.061091692213630    
  -3.960097096473939    
  -3.862047040408250    
  -3.766920108003329    
  -3.674685343965452    
  -3.585303792358504    
  -3.498730092617636    
  -3.414913814732539    
  -3.333800101711000    
  -3.255330074789311    
  -3.179441658848869    
  -3.106070505419604    
  -3.035150383092390    
  -2.966613404751371    
  -2.900390837310078    
  -2.836414171655850    
  -2.774615543510364    
  -2.714927551916038    
  -2.657283281119072    
  -2.601616682718938    
  -2.547862817564062    
  -2.495957881680697    
  -2.445839315866649    
  -2.397445884652409    
  -2.350717534451615    
  -2.305595452700741    
  -2.262022625012625    
  -2.219944197622005    
  -2.179307026357857    
  -2.140059161625115    
  -2.102150249852641    
  -2.065532250560387    
  -2.030159184290668    
  -1.995986176121005    
  -1.962969226660555    
  -1.931065927697082    
  -1.900235860069291    
  -1.870440075842841    
  -1.841640527577094    
  -1.813800189971242    
  -1.786883506810008    
  -1.760856576339252    
  -1.735687045756176    
  -1.711343878349510    
  -1.687797093040042    
  -1.665017714695663    
  -1.642978029784314    
  -1.621651720824478    
  -1.601013527265657    
  -1.581038826481883    
  -1.561703647171761    
  -1.542984901217426    
  -1.524860409409361    
  -1.507308855665719    
  -1.490309855025243    
  -1.473843826936688    
  -1.457891639902700    
  -1.442434683534887    
  -1.427455480799248    
  -1.412937833441894    
  -1.398866048195863    
  -1.385224379233819    
  -1.371997566258123    
  -1.359171513754734    
  -1.346732981062230    
  -1.334668894210058    
  -1.322966350325824    
  -1.311612956999684    
  -1.300596745358346    
  -1.289906081940720    
  -1.279530070210488    
  -1.269458668239990    
  -1.259682005460999    
  -1.250189995422378    
  -1.240973000429419    
  -1.232022316580113    
  -1.223329488078451    
  -1.214885709773271    
  -1.206682479864644    
  -1.198712241887116    
  -1.190967739602034    
  -1.183441369370110    
  -1.176125886893600    
  -1.169015092696457    
  -1.162103009906880    
  -1.155383030641379    
  -1.148848699736732    
  -1.142494610545044    
  -1.136315601049878    
  -1.130305852587124    
  -1.124459815691200    
  -1.118773161060000    
  -1.113241602863311    
  -1.107859649248857    
  -1.102621866934576    
  -1.097524485962498    
  -1.092564237112858    
  -1.087736528487274    
  -1.083036502642690    
  -1.078460975043493    
  -1.074007354019692    
  -1.069671508328245    
  -1.065448892481424    
  -1.061336942736159    
  -1.057333869091173    
  -1.053435804920682    
  -1.049637947659428    
  -1.045937963067388    
  -1.042335172504244    
  -1.038826723841762    
  -1.035407960265087    
  -1.032076475113094    
  -1.028832057017840    
  -1.025672338176647    
  -1.022592522718003    
  -1.019590157117565    
  -1.016665917712310    
  -1.013818434818230    
  -1.011042762836538    
  -1.008335780731000    
  -1.005698563731331    
  -1.003130961958966    
  -1.000628404032748    
 -0.9981872231282203    
 -0.9958086628948660    
 -0.9934936846807260    
 -0.9912380177578686    
 -0.9890370048250906    
 -0.9868915502592527    
 -0.9848039513635976    
 -0.9827711329599976    
 -0.9807879576455925    
 -0.9788545533429865    
 -0.9769737971751640    
 -0.9751433972646969    
 -0.9733574749962186    
 -0.9716150839172271    
 -0.9699199398356524    
 -0.9682716952825741    
 -0.9666648142646941    
 -0.9650970799520819    
 -0.9635719154541094    
 -0.9620902576913599    
 -0.9606471715956997    
 -0.9592395007470923    
 -0.9578702696660235    
 -0.9565416294767798    
 -0.9552494261690954    
 -0.9539893770018421    
 -0.9527633794553985    
 -0.9515745025264966    
 -0.9504201773387303    
 -0.9492959732966362    
 -0.9482024926662604    
 -0.9471425925985095    
 -0.9461145395147543    
 -0.9451140240953120    
 -0.9441411296391573    
 -0.9431992697946752    
 -0.9422882153440083    
 -0.9414039594341114    
 -0.9405451417294763    
 -0.9397140455799484    
 -0.9389109621290699    
 -0.9381328582217974    
 -0.9373785281395780    
 -0.9366502058593416    
 -0.9359486743288139    
 -0.9352711160328449    
 -0.9346155138598136    
 -0.9339833037385183    
 -0.9333757327085350    
 -0.9327910486770064    
 -0.9322274411101996    
 -0.9316857496869493    
 -0.9311669832650981    
 -0.9306697338691127    
 -0.9301923867238552    
 -0.9297357297178233    
 -0.9293010384474374    
 -0.9288873560620847    
 -0.9284929373070929    
 -0.9281179105487503    
 -0.9277632840702230    
 -0.9274284621857194    
 -0.9271118629899581    
 -0.9268131585147430    
 -0.9265329925782946    
 -0.9262711574552001    
 -0.9260268341162823    
 -0.9258001262966822    
 -0.9255916932075799    
 -0.9254012018170663    
 -0.9252276446679444    
 -0.9250709718410286    
 -0.9249320486505410    
 -0.9248110827778055    
 -0.9247072369287801    
 -0.9246197257045814    
 -0.9245482964660012    
 -0.9244927162106091    
 -0.9244527322767799    
 -0.9244285339706408    
 -0.9244204508446527    
 -0.9244281901255401    
 -0.9244510344550858    
 -0.9244887438180566    
 -0.9245416682220873    
 -0.9246100599654459    
 -0.9246938398908711    
 -0.9247929475197600    
 -0.9249073830478867    
 -0.9250369631290405    
 -0.9251814812647461    
 -0.9253410124430101    
 -0.9255156557745255    
 -0.9257050973563691    
 -0.9259087938665058    
 -0.9261264467307926    
 -0.9263579877740248    
 -0.9266033371275717    
 -0.9268625554016190    
 -0.9271360153057474    
 -0.9274240055382498    
 -0.9277262950668047    
 -0.9280424149010273    
 -0.9283722167514052    
 -0.9287158781005737    
 -0.9290735713366065    
 -0.9294454209153619    
 -0.9298315424321795    
 -0.9302317823192896    
 -0.9306456235510201    
 -0.9310726813800825    
 -0.9315131161790784    
 -0.9319672696339287    
 -0.9324351103095035    
 -0.9329163568143851    
 -0.9334109440484731    
 -0.9339190188532727    
 -0.9344406061183423    
 -0.9349755676443479    
 -0.9355237748294597    
 -0.9360851200444613    
 -0.9366595632793242    
 -0.9372473984709047    
 -0.9378492240926333    
 -0.9384653370389405    
 -0.9390953288740618    
 -0.9397385486189758    
 -0.9403947719312775    
 -0.9410641488374857    
 -0.9417467248569351    
 -0.9424423597676803    
 -0.9431509545246975    
 -0.9438724123241587    
 -0.9446064966585677    
 -0.9453530777612223    
 -0.9461124783357934    
 -0.9468852971663222    
 -0.9476719060564156    
 -0.9484722955930834    
 -0.9492863009439270    
 -0.9501137354608953    
 -0.9509543609320878    
 -0.9518079397858443    
 -0.9526743023062256    
 -0.9535532652494125    
 -0.9544446024652761    
 -0.9553482182585409    
 -0.9562642173932571    
 -0.9571927135802967    
 -0.9581337763892328    
 -0.9590876660511958    
 -0.9600547832206511    
 -0.9610351103317205    
 -0.9620279814247099    
 -0.9630327776527752    
 -0.9640496849369092    
 -0.9650793929778302    
 -0.9661221436037668    
 -0.9671774257616541    
 -0.9682445425265822    
 -0.9693231314184390    
 -0.9704131587789684    
 -0.9715147566119841    
 -0.9726280947002375    
 -0.9737530943858645    
 -0.9748892156699221    
 -0.9760358330401024    
 -0.9771929106886176    
 -0.9783610275536599    
 -0.9795406290402325    
 -0.9807315247025017    
 -0.9819332400122263    
 -0.9831455144850589    
 -0.9843681395950760    
 -0.9856005163111234    
 -0.9868417874096787    
 -0.9880914544060646    
 -0.9893496237642634    
 -0.9906165996909747    
 -0.9918924161262030    
 -0.9931767710126924    
 -0.9944691700219295    
 -0.9957690349412056    
 -0.9970758702947873    
 -0.9983894371796580    
 -0.9997095839682490    
  -1.001035824924463    
  -1.002367364760617    
  -1.003703710620787    
  -1.005044903944067    
  -1.006390773924338    
  -1.007740237715764    
  -1.009091828283291    
  -1.010444717821291    
  -1.011798642424578    
  -1.013152996817614    
  -1.014506846451079    
  -1.015859935552126    
  -1.017212731473647    
  -1.018564950670994    
  -1.019914732282868    
  -1.021259864266812    
  -1.022599238493356    
  -1.023932423729314    
  -1.025258352126313    
  -1.026575311617620    
  -1.027881952405629    
  -1.029177436777414    
  -1.030460698737964    
  -1.031730309464085    
  -1.032985000638118    
  -1.034223599243473    
  -1.035444479908767    
  -1.036645722632000    
  -1.037825646853363    
  -1.038982387722533    
  -1.040113076961228    
  -1.041214442585676    
  -1.042284332127686    
  -1.043321697845615    
  -1.044324894542940    
  -1.045290967493874    
  -1.046216866989765    
  -1.047100222063761    
  -1.047938326594047    
  -1.048727375682691    
  -1.049463484300911    
  -1.050143592746603    
  -1.050764440216803    
  -1.051321356743785    
  -1.051809154343960    
  -1.052223783312697    
  -1.052562044762632    
  -1.052819894991660    
  -1.052992013655853    
  -1.053072870550615    
  -1.053057114786495    
  -1.052938745161934    
  -1.052710813388050    
  -1.052366286361288    
  -1.051898538532782    
  -1.051300671718350    
  -1.050564903278717    
  -1.049682981672818    
  -1.048646778885216    
  -1.047448061084261    
  -1.046077822099843    
  -1.044526002673983    
  -1.042781646455425    
  -1.040833145988134    
  -1.038668432068548    
  -1.036274992168578    
  -1.033639693261735    
  -1.030748779901491    
  -1.027588232040050    
  -1.024143809662989    
  -1.020400208733405    
  -1.016340141805451    
  -1.011944568892741    
  -1.007193712559122    
  -1.002067375446661    
 -0.9965443178552441    
 -0.9906019226050684    
 -0.9842166238260203    
 -0.9773640936105180    
 -0.9700185825198205    
 -0.9621522255811867    
 -0.9537350576483664    
 -0.9447353095698278    
 -0.9351194383074174    
 -0.9248521452975845    
 -0.9138965982124851    
 -0.9022143792760335    
 -0.8897648941794702    
 -0.8765047860897971    
 -0.8623877861966949    
 -0.8473647107756032    
 -0.8313834173254497    
 -0.8143890425453323    
 -0.7963243908124309    
 -0.7771296394301430    
 -0.7567412422243555    
 -0.7350911839730219    
 -0.7121073182124315    
 -0.6877139298889750    
 -0.6618315326143407    
 -0.6343763325938282    
 -0.6052601679572669    
 -0.5743905175075217    
 -0.5416698171272637    
 -0.5069946404350496    
 -0.4702558515506852    
 -0.4313394068995900    
 -0.3901264541273042    
 -0.3464925431239395    
 -0.3003071150706035    
 -0.2514337252435009    
 -0.1997301218891861    
 -0.1450477654692738    
 -0.8723169695672081E-01
 -0.2612134409766845E-01
  0.3844864253577363E-01
  0.1066484887814556    
  0.1786537480706334    
  0.2546449018282371    
  0.3348061119634124    
  0.4193241008788007    
  0.5083874828760628    
  0.6021859306852144    
  0.7009087732030371    
  0.8047432695566475    
  0.9138727336036843    
   1.028474321712005    
   1.148716470239651    
   1.274756220747687    
   1.406736318880394    
   1.544781625076661    
   1.688994838622624    
   1.839452171728145    
   1.996199326031828    
   2.159247288458050    
   2.328567303243317    
   2.504085001139839    
   2.685674158865536    
   2.873150622228918    
   3.066266946501775    
   3.264708138493961    
   3.468088115692770    
   3.675945831627198    
   3.887740687456614    
   4.102848476401786    
   4.320559744541417    
   4.540081266101021    
   4.760539786416327    
   4.980986906560278    
   5.200404775033800    
   5.417713040589677    
   5.631777986113182    
   5.841424925667960    
   6.045454247410707    
   6.242659801431342    
   6.431847228601208    
   6.611851004224493    
   6.781551457119090    
   6.939893699296528    
   7.085908046392996    
   7.218728879200662    
   7.337609354408761    
   7.441932338614261    
   7.531219579470552    
   7.605139547055214    
   7.663512081504642    
   7.706308187543795    
   7.733645563524867    
   7.745781691129893    
   7.743105327286179    
   7.726125819021068    
   7.695459612185946    
   7.651814414945255    
   7.595972528457342    
   7.528775062140893    
   7.451107703225050    
   7.363886935085318    
   7.268045093944565    
   7.164514715402059    
   7.054215043376305    
   6.938042789378231    
   6.816865763585012    
   6.691516451221217    
   6.562784970361490    
   6.431413449395637    
   6.298093144395763    
   6.163463368357093    
   6.028111025268761    
   5.892570760428250    
   5.757325865189726    
   5.622809408519561    
   5.489405581827459    
   5.357452169958047    
   5.227244238234083    
   5.099037556909315    
   4.973050777728478    
   4.849467354376313    
   4.728438453431839    
   4.610086411254996    
   4.494507655982004    
   4.381775218425546    
   4.271941496601425    
   4.165040912830500    
   4.061091692213630    
   3.960097096473939    
   3.862047040408250    
   3.766920108003329    
   3.674685343965452    
   3.585303792358504    
   3.498730092617636    
   3.414913814732539    
   3.333800101711000    
   3.255330074789311    
   3.179441658848869    
   3.106070505419604    
   3.035150383092390    
   2.966613404751371    
   2.900390837310078    
   2.836414171655850    
   2.774615543510364    
   2.714927551916038    
   2.657283281119072    
   2.601616682718938    
   2.547862817564062    
   2.495957881680697    
   2.445839315866649    
   2.397445884652409    
   2.350717534451615    
   2.305595452700741    
   2.262022625012625    
   2.219944197622005    
   2.179307026357857    
   2.140059161625115    
   2.102150249852641    
   2.065532250560387    
   2.030159184290668    
   1.995986176121005    
   1.962969226660555    
   1.931065927697082    
   1.900235860069291    
   1.870440075842841    
   1.841640527577094    
   1.813800189971242    
   1.786883506810008    
   1.760856576339252    
   1.735687045756176    
   1.711343878349510    
   1.687797093040042    
   1.665017714695663    
   1.642978029784314    
   1.621651720824478    
   1.601013527265657    
   1.581038826481883    
   1.561703647171761    
   1.542984901217426    
   1.524860409409361    
   1.507308855665719    
   1.490309855025243    
   1.473843826936688    
   1.457891639902700    
   1.442434683534887    
   1.427455480799248    
   1.412937833441894    
   1.398866048195863    
   1.385224379233819    
   1.371997566258123    
   1.359171513754734    
   1.346732981062230    
   1.334668894210058    
   1.322966350325824    
   1.311612956999684    
   1.300596745358346    
   1.289906081940720    
   1.279530070210488    
   1.269458668239990    
   1.259682005460999    
   1.250189995422378    
   1.240973000429419    
   1.232022316580113    
   1.223329488078451    
   1.214885709773271    
   1.206682479864644    
   1.198712241887116    
   1.190967739602034    
   1.183441369370110    
   1.176125886893600    
   1.169015092696457    
   1.162103009906880    
   1.155383030641379    
   1.148848699736732    
   1.142494610545044    
   1.136315601049878    
   1.130305852587124    
   1.124459815691200    
   1.118773161060000    
   1.113241602863311    
   1.107859649248857    
   1.102621866934576    
   1.097524485962498    
   1.092564237112858    
   1.087736528487274    
   1.083036502642690    
   1.078460975043493    
   1.074007354019692    
   1.069671508328245    
   1.065448892481424    
   1.061336942736159    
   1.057333869091173    
   1.053435804920682    
   1.049637947659428    
   1.045937963067388    
   1.042335172504244    
   1.038826723841762    
   1.035407960265087    
   1.032076475113094    
   1.028832057017840    
   1.025672338176647    
   1.022592522718003    
   1.019590157117565    
   1.016665917712310    
   1.013818434818230    
   1.011042762836538    
   1.008335780731000    
   1.005698563731331    
   1.003130961958966    
   1.000628404032748    
  0.9981872231282203    
  0.9958086628948660    
  0.9934936846807260    
  0.9912380177578686    
  0.9890370048250906    
  0.9868915502592527    
  0.9848039513635976    
  0.9827711329599976    
  0.9807879576455925    
  0.9788545533429865    
  0.9769737971751640    
  0.9751433972646969    
  0.9733574749962186    
  0.9716150839172271    
  0.9699199398356524    
  0.9682716952825741    
  0.9666648142646941    
  0.9650970799520819    
  0.9635719154541094    
  0.9620902576913599    
  0.9606471715956997    
  0.9592395007470923    
  0.9578702696660235    
  0.9565416294767798    
  0.9552494261690954    
  0.9539893770018421    
  0.9527633794553985    
  0.9515745025264966    
  0.9504201773387303    
  0.9492959732966362    
  0.9482024926662604    
  0.9471425925985095    
  0.9461145395147543    
  0.9451140240953120    
  0.9441411296391573    
  0.9431992697946752    
  0.9422882153440083    
  0.9414039594341114    
  0.9405451417294763    
  0.9397140455799484    
  0.9389109621290699    
  0.9381328582217974    
  0.9373785281395780    
  0.9366502058593416    
  0.9359486743288139    
  0.9352711160328449    
  0.9346155138598136    
  0.9339833037385183    
  0.9333757327085350    
  0.9327910486770064    
  0.9322274411101996    
  0.9316857496869493    
  0.9311669832650981    
  0.9306697338691127    
  0.9301923867238552    
  0.9297357297178233    
  0.9293010384474374    
  0.9288873560620847    
  0.9284929373070929    
  0.9281179105487503    
  0.9277632840702230    
  0.9274284621857194    
  0.9271118629899581    
  0.9268131585147430    
  0.9265329925782946    
  0.9262711574552001    
  0.9260268341162823    
  0.9258001262966822    
  0.9255916932075799    
  0.9254012018170663    
  0.9252276446679444    
  0.9250709718410286    
  0.9249320486505410    
  0.9248110827778055    
  0.9247072369287801    
  0.9246197257045814    
  0.9245482964660012    
  0.9244927162106091    
  0.9244527322767799    
  0.9244285339706408    
  0.9244204508446527    
  0.9244281901255401    
  0.9244510344550858    
  0.9244887438180566    
  0.9245416682220873    
  0.9246100599654459    
  0.9246938398908711    
  0.9247929475197600    
  0.9249073830478867    
  0.9250369631290405    
  0.9251814812647461    
  0.9253410124430101    
  0.9255156557745255    
  0.9257050973563691    
  0.9259087938665058    
  0.9261264467307926    
  0.9263579877740248    
  0.9266033371275717    
  0.9268625554016190    
  0.9271360153057474    
  0.9274240055382498    
  0.9277262950668047    
  0.9280424149010273    
  0.9283722167514052    
  0.9287158781005737    
  0.9290735713366065    
  0.9294454209153619    
  0.9298315424321795    
  0.9302317823192896    
  0.9306456235510201    
  0.9310726813800825    
  0.9315131161790784    
  0.9319672696339287    
  0.9324351103095035    
  0.9329163568143851    
  0.9334109440484731    
  0.9339190188532727    
  0.9344406061183423    
  0.9349755676443479    
  0.9355237748294597    
  0.9360851200444613    
  0.9366595632793242    
  0.9372473984709047    
  0.9378492240926333    
  0.9384653370389405    
  0.9390953288740618    
  0.9397385486189758    
  0.9403947719312775    
  0.9410641488374857    
  0.9417467248569351    
  0.9424423597676803    
  0.9431509545246975    
  0.9438724123241587    
  0.9446064966585677    
  0.9453530777612223    
  0.9461124783357934    
  0.9468852971663222    
  0.9476719060564156    
  0.9484722955930834    
  0.9492863009439270    
  0.9501137354608953    
  0.9509543609320878    
  0.9518079397858443    
  0.9526743023062256    
  0.9535532652494125    
  0.9544446024652761    
  0.9553482182585409    
  0.9562642173932571    
  0.9571927135802967    
  0.9581337763892328    
  0.9590876660511958    
  0.9600547832206511    
  0.9610351103317205    
  0.9620279814247099    
  0.9630327776527752    
  0.9640496849369092    
  0.9650793929778302    
  0.9661221436037668    
  0.9671774257616541    
  0.9682445425265822    
  0.9693231314184390    
  0.9704131587789684    
  0.9715147566119841    
  0.9726280947002375    
  0.9737530943858645    
  0.9748892156699221    
  0.9760358330401024    
  0.9771929106886176    
  0.9783610275536599    
  0.9795406290402325    
  0.9807315247025017    
  0.9819332400122263    
  0.9831455144850589    
  0.9843681395950760    
  0.9856005163111234    
  0.9868417874096787    
  0.9880914544060646    
  0.9893496237642634    
  0.9906165996909747    
  0.9918924161262030    
  0.9931767710126924    
  0.9944691700219295    
