  0.2822407241509058    
  0.2819536311567368    
  0.2816603632840116    
  0.2813609281077587    
  0.2810553320839755    
  0.2807435814993179    
  0.2804256823943841    
  0.2801016396653190    
  0.2797714571188664    
  0.2794351383471844    
  0.2790926867111251    
  0.2787441045055341    
  0.2783893929584474    
  0.2780285530472920    
  0.2776615855402235    
  0.2772884902267505    
  0.2769092658656562    
  0.2765239109297608    
  0.2761324236829324    
  0.2757348014753547    
  0.2753310406638760    
  0.2749211373028581    
  0.2745050872524453    
  0.2740828855258676    
  0.2736545261720008    
  0.2732200029024978    
  0.2727793092306808    
  0.2723324378920605    
  0.2718793807145958    
  0.2714201291766457    
  0.2709546745422356    
  0.2704830073362524    
  0.2700051172226852    
  0.2695209935210052    
  0.2690306253358538    
  0.2685340010645902    
  0.2680311082745241    
  0.2675219341902733    
  0.2670064658314679    
  0.2664846895512799    
  0.2659565909002990    
  0.2654221550753540    
  0.2648813670697482    
  0.2643342112598349    
  0.2637806712660588    
  0.2632207303488006    
  0.2626543715440428    
  0.2620815772943897    
  0.2615023293381534    
  0.2609166090808328    
  0.2603243977040682    
  0.2597256758014694    
  0.2591204232771513    
  0.2585086197164274    
  0.2578902445047809    
  0.2572652764790506    
  0.2566336938130123    
  0.2559954743565173    
  0.2553505957523718    
  0.2546990351175860    
  0.2540407689443044    
  0.2533757734258008    
  0.2527040245639878    
  0.2520254978530978    
  0.2513401681713551    
  0.2506480100953185    
  0.2499489980281381    
  0.2492431059192163    
  0.2485303071478602    
  0.2478105747857405    
  0.2470838817026719    
  0.2463502003285897    
  0.2456095025867655    
  0.2448617601490981    
  0.2441069444928273    
  0.2433450266321462    
  0.2425759770692806    
  0.2417997660949011    
  0.2410163638726404    
  0.2402257401488290    
  0.2394278641495660    
  0.2386227048600468    
  0.2378102311561468    
  0.2369904115725385    
  0.2361632141881747    
  0.2353286068383985    
  0.2344865572190296    
  0.2336370327039816    
  0.2327800002845219    
  0.2319154267678257    
  0.2310432788278455    
  0.2301635228042301    
  0.2292761246742095    
  0.2283810502881380    
  0.2274782654215554    
  0.2265677355457323    
  0.2256494257754119    
  0.2247233011100523    
  0.2237893265147079    
  0.2228474667082391    
  0.2218976860964722    
  0.2209399489901138    
  0.2199742196892468    
  0.2190004622942672    
  0.2180186406421930    
  0.2170287185041990    
  0.2160306596650716    
  0.2150244277593862    
  0.2140099862255902    
  0.2129872984836872    
  0.2119563279850472    
  0.2109170380539948    
  0.2098693918782336    
  0.2088133527078642    
  0.2077488838858249    
  0.2066759486539340    
  0.2055945101351694    
  0.2045045315649785    
  0.2034059763598927    
  0.2022988079213349    
  0.2011829895753175    
  0.2000584847752915    
  0.1989252571972092    
  0.1977832705927103    
  0.1966324887376062    
  0.1954728755966239    
  0.1943043953893748    
  0.1931270124587989    
  0.1919406912522586    
  0.1907453964977219    
  0.1895410932590776    
  0.1883277467901286    
  0.1871053225062158    
  0.1858737861638298    
  0.1846331039398441    
  0.1833832423098190    
  0.1821241680079370    
  0.1808558481672674    
  0.1795782503909762    
  0.1782913426763650    
  0.1769950934129177    
  0.1756894714951569    
  0.1743744463412864    
  0.1730499878220371    
  0.1717160663180418    
  0.1703726528606921    
  0.1690197191092028    
  0.1676572372333202    
  0.1662851799881073    
  0.1649035209097176    
  0.1635122343106822    
  0.1621112951284597    
  0.1607006789679502    
  0.1592803623084788    
  0.1578503225326428    
  0.1564105377865440    
  0.1549609870046961    
  0.1535016501019730    
  0.1520325080142589    
  0.1505535425823780    
  0.1490647365800912    
  0.1475660738842268    
  0.1460575395011780    
  0.1445391194693898    
  0.1430108009177977    
  0.1414725722380192    
  0.1399244230830924    
  0.1383663442538445    
  0.1367983277773468    
  0.1352203671074824    
  0.1336324571233649    
  0.1320345939948976    
  0.1304267752559441    
  0.1288090000208667    
  0.1271812689909162    
  0.1255435843083707    
  0.1238959496251355    
  0.1222383703380767    
  0.1205708536110277    
  0.1188934082135807    
  0.1172060445648653    
  0.1155087749758906    
  0.1138016137035610    
  0.1120845767981215    
  0.1103576821198412    
  0.1086209495647007    
  0.1068744011418148    
  0.1051180608458472    
  0.1033519546561447    
  0.1015761107297898    
  0.9979055948876889E-01
  0.9799533353404072E-01
  0.9619046765082301E-01
  0.9437599895778945E-01
  0.9255196696680276E-01
  0.9071841352820809E-01
  0.8887538287656487E-01
  0.8702292176916128E-01
  0.8516107950618607E-01
  0.8328990786761983E-01
  0.8140946118175249E-01
  0.7951979647120887E-01
  0.7762097345849985E-01
  0.7571305450006892E-01
  0.7379610466491755E-01
  0.7187019187064494E-01
  0.6993538686445842E-01
  0.6799176316239851E-01
  0.6603939716051836E-01
  0.6407836827143622E-01
  0.6210875885852006E-01
  0.6013065414726321E-01
  0.5814414236961601E-01
  0.5614931493808079E-01
  0.5414626635660412E-01
  0.5213509408018899E-01
  0.5011589865275849E-01
  0.4808878391503819E-01
  0.4605385692308803E-01
  0.4401122777588465E-01
  0.4196100973344496E-01
  0.3990331943737378E-01
  0.3783827683341247E-01
  0.3576600497279754E-01
  0.3368663010978689E-01
  0.3160028193279331E-01
  0.2950709349881964E-01
  0.2740720101773998E-01
  0.2530074392366975E-01
  0.2318786510040656E-01
  0.2106871081871821E-01
  0.1894343050661511E-01
  0.1681217679950896E-01
  0.1467510576255682E-01
  0.1253237683640278E-01
  0.1038415259903250E-01
  0.8230598787537244E-02
  0.6071884498388420E-02
  0.3908182132676989E-02
  0.1739667164117824E-02
 -0.4334818480239418E-03
 -0.2611083084641708E-02
 -0.4792951547241442E-02
 -0.6978899297356011E-02
 -0.9168735434885774E-02
 -0.1136226592305903E-01
 -0.1355929369438936E-01
 -0.1575961892582115E-01
 -0.1796303902993261E-01
 -0.2016934846781579E-01
 -0.2237833885339521E-01
 -0.2458979925789771E-01
 -0.2680351623449794E-01
 -0.2901927363559095E-01
 -0.3123685270494403E-01
 -0.3345603239209316E-01
 -0.3567658941314128E-01
 -0.3789829809330392E-01
 -0.4012093045224335E-01
 -0.4234425650670726E-01
 -0.4456804434950622E-01
 -0.4679206003101609E-01
 -0.4901606766514422E-01
 -0.5123982972285761E-01
 -0.5346310710362291E-01
 -0.5568565903648710E-01
 -0.5790724321485335E-01
 -0.6012761609743804E-01
 -0.6234653297192436E-01
 -0.6456374786458569E-01
 -0.6677901370366728E-01
 -0.6899208263836083E-01
 -0.7120270609548886E-01
 -0.7341063468126140E-01
 -0.7561561835705471E-01
 -0.7781740677797461E-01
 -0.8001574935781082E-01
 -0.8221039517391844E-01
 -0.8440109315083162E-01
 -0.8658759240223012E-01
 -0.8876964229015162E-01
 -0.9094699233297146E-01
 -0.9311939240864792E-01
 -0.9528659310773713E-01
 -0.9744834577897980E-01
 -0.9960440242567299E-01
 -0.1017545159236667    
 -0.1038984403903826    
 -0.1060359312165612    
 -0.1081667449422654    
 -0.1102906394875807    
 -0.1124073745489117    
 -0.1145167116227539    
 -0.1166184138438501    
 -0.1187122462020850    
 -0.1207979759621364    
 -0.1228753727028456    
 -0.1249442081375469    
 -0.1270042563065705    
 -0.1290552939901647    
 -0.1310971007469275    
 -0.1331294587267457    
 -0.1351521528578513    
 -0.1371649712573033    
 -0.1391677052566947    
 -0.1411601491941505    
 -0.1431421005884141    
 -0.1451133605426501    
 -0.1470737337576499    
 -0.1490230283141319    
 -0.1509610558494800    
 -0.1528876319521717    
 -0.1548025761338520    
 -0.1567057115764093    
 -0.1585968653218318    
 -0.1604758686910243    
 -0.1623425572251112    
 -0.1641967703687546    
 -0.1660383516451492    
 -0.1678671491092890    
 -0.1696830152885122    
 -0.1714858068079909    
 -0.1732753845269847    
 -0.1750516140073855    
 -0.1768143654595925    
 -0.1785635133253216    
 -0.1802989363798215    
 -0.1820205182128378    
 -0.1837281471776827    
 -0.1854217159270065    
 -0.1871011214738350    
 -0.1887662656863607    
 -0.1904170552535708    
 -0.1920534011817900    
 -0.1936752188029431    
 -0.1952824282670431    
 -0.1968749545283195    
 -0.1984527268242521    
 -0.2000156786434537    
 -0.2015637482045556    
 -0.2030968784442989    
 -0.2046150164767126    
 -0.2061181135358125    
 -0.2076061254551615    
 -0.2090790126572725    
 -0.2105367395822340    
 -0.2119792745994677    
 -0.2134065904943753    
 -0.2148186644709002    
 -0.2162154775559872    
 -0.2175970144779176    
 -0.2189632641531869    
 -0.2203142196972031    
 -0.2216498778066606    
 -0.2229702386156493    
 -0.2242753061955683    
 -0.2255650885743572    
 -0.2268395970836365    
 -0.2280988461863112    
 -0.2293428540053538    
 -0.2305716423706573    
 -0.2317852361226785    
 -0.2329836628843129    
 -0.2341669536163873    
 -0.2353351427285128    
 -0.2364882673674081    
 -0.2376263671106927    
 -0.2387494845065349    
 -0.2398576652505273    
 -0.2409509575083294    
 -0.2420294115604781    
 -0.2430930802928540    
 -0.2441420193910478    
 -0.2451762867044298    
 -0.2461959418986488    
 -0.2472010469281086    
 -0.2481916662133770    
 -0.2491678659956880    
 -0.2501297139998178    
 -0.2510772799411242    
 -0.2520106357172326    
 -0.2529298547220420    
 -0.2538350114712826    
 -0.2547261821490117    
 -0.2556034448676574    
 -0.2564668789708950    
 -0.2573165645840179    
 -0.2581525831457078    
 -0.2589750177428275    
 -0.2597839524644254    
 -0.2605794719116077    
 -0.2613616616735904    
 -0.2621306086763354    
 -0.2628864005920468    
 -0.2636291253750879    
 -0.2643588717213601    
 -0.2650757293877604    
 -0.2657797885887472    
 -0.2664711395574069    
 -0.2671498730581986    
 -0.2678160807264586    
 -0.2684698544162720    
 -0.2691112857141346    
 -0.2697404664902400    
 -0.2703574893173502    
 -0.2709624468250749    
 -0.2715554311495894    
 -0.2721365344615421    
 -0.2727058494353179    
 -0.2732634686443545    
 -0.2738094839977565    
 -0.2743439872511009    
 -0.2748670704855381    
 -0.2753788255096355    
 -0.2758793432951765    
 -0.2763687145096553    
 -0.2768470300178271    
 -0.2773143802621759    
 -0.2777708546721218    
 -0.2782165422315931    
 -0.2786515320320233    
 -0.2790759126290535    
 -0.2794897713954269    
 -0.2798931951153976    
 -0.2802862706166717    
 -0.2806690841222372    
 -0.2810417205256461    
 -0.2814042639823903    
 -0.2817567986263364    
 -0.2820994079474696    
 -0.2824321740022736    
 -0.2827551779844436    
 -0.2830685010033245    
 -0.2833722234815886    
 -0.2836664243119529    
 -0.2839511814273691    
 -0.2842265726537702    
 -0.2844926751125208    
 -0.2847495642903506    
 -0.2849973146010438    
 -0.2852360003467475    
 -0.2854656951555740    
 -0.2856864709458449    
 -0.2858983984397438    
 -0.2861015482318072    
 -0.2862959902928336    
 -0.2864817928369323    
 -0.2866590227650344    
 -0.2868277468348864    
 -0.2869880312531945    
 -0.2871399404493400    
 -0.2872835374191129    
 -0.2874188849814355    
 -0.2875460454869931    
 -0.2876650795273392    
 -0.2877760461666016    
 -0.2878790042550132    
 -0.2879740122455319    
 -0.2880611268469815    
 -0.2881404031522635    
 -0.2882118960234908    
 -0.2882756600317741    
 -0.2883317480358496    
 -0.2883802111601553    
 -0.2884211002452222    
 -0.2884544659707218    
 -0.2884803574038884    
 -0.2884988217816130    
 -0.2885099059510214    
 -0.2885136566832901    
 -0.2885101192709593    
 -0.2884993371491033    
 -0.2884813532737380    
 -0.2884562105667577    
 -0.2884239505662834    
 -0.2883846129309517    
 -0.2883382367875403    
 -0.2882848613110245    
 -0.2882245244047842    
 -0.2881572620418920    
 -0.2880831095555011    
 -0.2880021023955057    
 -0.2879142749111635    
 -0.2878196595350472    
 -0.2877182879408252    
 -0.2876101919236768    
 -0.2874954023229326    
 -0.2873739481105034    
 -0.2872458574157267    
 -0.2871111584896189    
 -0.2869698787577568    
 -0.2868220438299940    
 -0.2866676783893655    
 -0.2865068072269712    
 -0.2863394544418042    
 -0.2861656423989813    
 -0.2859853924690114    
 -0.2857987260921603    
 -0.2856056641179223    
 -0.2854062257448770    
 -0.2852004291318257    
 -0.2849882924827667    
 -0.2847698335174563    
 -0.2845450683920279    
 -0.2843140121645112    
 -0.2840766798791686    
 -0.2838330861884412    
 -0.2835832443054922    
 -0.2833271663350047    
 -0.2830648643053191    
 -0.2827963498955945    
 -0.2825216334361395    
 -0.2822407241509058    
 -0.2819536311567368    
 -0.2816603632840116    
 -0.2813609281077587    
 -0.2810553320839755    
 -0.2807435814993179    
 -0.2804256823943841    
 -0.2801016396653190    
 -0.2797714571188664    
 -0.2794351383471844    
 -0.2790926867111251    
 -0.2787441045055341    
 -0.2783893929584474    
 -0.2780285530472920    
 -0.2776615855402235    
 -0.2772884902267505    
 -0.2769092658656562    
 -0.2765239109297608    
 -0.2761324236829324    
 -0.2757348014753547    
 -0.2753310406638760    
 -0.2749211373028581    
 -0.2745050872524453    
 -0.2740828855258676    
 -0.2736545261720008    
 -0.2732200029024978    
 -0.2727793092306808    
 -0.2723324378920605    
 -0.2718793807145958    
 -0.2714201291766457    
 -0.2709546745422356    
 -0.2704830073362524    
 -0.2700051172226852    
 -0.2695209935210052    
 -0.2690306253358538    
 -0.2685340010645902    
 -0.2680311082745241    
 -0.2675219341902733    
 -0.2670064658314679    
 -0.2664846895512799    
 -0.2659565909002990    
 -0.2654221550753540    
 -0.2648813670697482    
 -0.2643342112598349    
 -0.2637806712660588    
 -0.2632207303488006    
 -0.2626543715440428    
 -0.2620815772943897    
 -0.2615023293381534    
 -0.2609166090808328    
 -0.2603243977040682    
 -0.2597256758014694    
 -0.2591204232771513    
 -0.2585086197164274    
 -0.2578902445047809    
 -0.2572652764790506    
 -0.2566336938130123    
 -0.2559954743565173    
 -0.2553505957523718    
 -0.2546990351175860    
 -0.2540407689443044    
 -0.2533757734258008    
 -0.2527040245639878    
 -0.2520254978530978    
 -0.2513401681713551    
 -0.2506480100953185    
 -0.2499489980281381    
 -0.2492431059192163    
 -0.2485303071478602    
 -0.2478105747857405    
 -0.2470838817026719    
 -0.2463502003285897    
 -0.2456095025867655    
 -0.2448617601490981    
 -0.2441069444928273    
 -0.2433450266321462    
 -0.2425759770692806    
 -0.2417997660949011    
 -0.2410163638726404    
 -0.2402257401488290    
 -0.2394278641495660    
 -0.2386227048600468    
 -0.2378102311561468    
 -0.2369904115725385    
 -0.2361632141881747    
 -0.2353286068383985    
 -0.2344865572190296    
 -0.2336370327039816    
 -0.2327800002845219    
 -0.2319154267678257    
 -0.2310432788278455    
 -0.2301635228042301    
 -0.2292761246742095    
 -0.2283810502881380    
 -0.2274782654215554    
 -0.2265677355457323    
 -0.2256494257754119    
 -0.2247233011100523    
 -0.2237893265147079    
 -0.2228474667082391    
 -0.2218976860964722    
 -0.2209399489901138    
 -0.2199742196892468    
 -0.2190004622942672    
 -0.2180186406421930    
 -0.2170287185041990    
 -0.2160306596650716    
 -0.2150244277593862    
 -0.2140099862255902    
 -0.2129872984836872    
 -0.2119563279850472    
 -0.2109170380539948    
 -0.2098693918782336    
 -0.2088133527078642    
 -0.2077488838858249    
 -0.2066759486539340    
 -0.2055945101351694    
 -0.2045045315649785    
 -0.2034059763598927    
 -0.2022988079213349    
 -0.2011829895753175    
 -0.2000584847752915    
 -0.1989252571972092    
 -0.1977832705927103    
 -0.1966324887376062    
 -0.1954728755966239    
 -0.1943043953893748    
 -0.1931270124587989    
 -0.1919406912522586    
 -0.1907453964977219    
 -0.1895410932590776    
 -0.1883277467901286    
 -0.1871053225062158    
 -0.1858737861638298    
 -0.1846331039398441    
 -0.1833832423098190    
 -0.1821241680079370    
 -0.1808558481672674    
 -0.1795782503909762    
 -0.1782913426763650    
 -0.1769950934129177    
 -0.1756894714951569    
 -0.1743744463412864    
 -0.1730499878220371    
 -0.1717160663180418    
 -0.1703726528606921    
 -0.1690197191092028    
 -0.1676572372333202    
 -0.1662851799881073    
 -0.1649035209097176    
 -0.1635122343106822    
 -0.1621112951284597    
 -0.1607006789679502    
 -0.1592803623084788    
 -0.1578503225326428    
 -0.1564105377865440    
 -0.1549609870046961    
 -0.1535016501019730    
 -0.1520325080142589    
 -0.1505535425823780    
 -0.1490647365800912    
 -0.1475660738842268    
 -0.1460575395011780    
 -0.1445391194693898    
 -0.1430108009177977    
 -0.1414725722380192    
 -0.1399244230830924    
 -0.1383663442538445    
 -0.1367983277773468    
 -0.1352203671074824    
 -0.1336324571233649    
 -0.1320345939948976    
 -0.1304267752559441    
 -0.1288090000208667    
 -0.1271812689909162    
 -0.1255435843083707    
 -0.1238959496251355    
 -0.1222383703380767    
 -0.1205708536110277    
 -0.1188934082135807    
 -0.1172060445648653    
 -0.1155087749758906    
 -0.1138016137035610    
 -0.1120845767981215    
 -0.1103576821198412    
 -0.1086209495647007    
 -0.1068744011418148    
 -0.1051180608458472    
 -0.1033519546561447    
 -0.1015761107297898    
 -0.9979055948876889E-01
 -0.9799533353404072E-01
 -0.9619046765082301E-01
 -0.9437599895778945E-01
 -0.9255196696680276E-01
 -0.9071841352820809E-01
 -0.8887538287656487E-01
 -0.8702292176916128E-01
 -0.8516107950618607E-01
 -0.8328990786761983E-01
 -0.8140946118175249E-01
 -0.7951979647120887E-01
 -0.7762097345849985E-01
 -0.7571305450006892E-01
 -0.7379610466491755E-01
 -0.7187019187064494E-01
 -0.6993538686445842E-01
 -0.6799176316239851E-01
 -0.6603939716051836E-01
 -0.6407836827143622E-01
 -0.6210875885852006E-01
 -0.6013065414726321E-01
 -0.5814414236961601E-01
 -0.5614931493808079E-01
 -0.5414626635660412E-01
 -0.5213509408018899E-01
 -0.5011589865275849E-01
 -0.4808878391503819E-01
 -0.4605385692308803E-01
 -0.4401122777588465E-01
 -0.4196100973344496E-01
 -0.3990331943737378E-01
 -0.3783827683341247E-01
 -0.3576600497279754E-01
 -0.3368663010978689E-01
 -0.3160028193279331E-01
 -0.2950709349881964E-01
 -0.2740720101773998E-01
 -0.2530074392366975E-01
 -0.2318786510040656E-01
 -0.2106871081871821E-01
 -0.1894343050661511E-01
 -0.1681217679950896E-01
 -0.1467510576255682E-01
 -0.1253237683640278E-01
 -0.1038415259903250E-01
 -0.8230598787537244E-02
 -0.6071884498388420E-02
 -0.3908182132676989E-02
 -0.1739667164117824E-02
  0.4334818480239418E-03
  0.2611083084641708E-02
  0.4792951547241442E-02
  0.6978899297356011E-02
  0.9168735434885774E-02
  0.1136226592305903E-01
  0.1355929369438936E-01
  0.1575961892582115E-01
  0.1796303902993261E-01
  0.2016934846781579E-01
  0.2237833885339521E-01
  0.2458979925789771E-01
  0.2680351623449794E-01
  0.2901927363559095E-01
  0.3123685270494403E-01
  0.3345603239209316E-01
  0.3567658941314128E-01
  0.3789829809330392E-01
  0.4012093045224335E-01
  0.4234425650670726E-01
  0.4456804434950622E-01
  0.4679206003101609E-01
  0.4901606766514422E-01
  0.5123982972285761E-01
  0.5346310710362291E-01
  0.5568565903648710E-01
  0.5790724321485335E-01
  0.6012761609743804E-01
  0.6234653297192436E-01
  0.6456374786458569E-01
  0.6677901370366728E-01
  0.6899208263836083E-01
  0.7120270609548886E-01
  0.7341063468126140E-01
  0.7561561835705471E-01
  0.7781740677797461E-01
  0.8001574935781082E-01
  0.8221039517391844E-01
  0.8440109315083162E-01
  0.8658759240223012E-01
  0.8876964229015162E-01
  0.9094699233297146E-01
  0.9311939240864792E-01
  0.9528659310773713E-01
  0.9744834577897980E-01
  0.9960440242567299E-01
  0.1017545159236667    
  0.1038984403903826    
  0.1060359312165612    
  0.1081667449422654    
  0.1102906394875807    
  0.1124073745489117    
  0.1145167116227539    
  0.1166184138438501    
  0.1187122462020850    
  0.1207979759621364    
  0.1228753727028456    
  0.1249442081375469    
  0.1270042563065705    
  0.1290552939901647    
  0.1310971007469275    
  0.1331294587267457    
  0.1351521528578513    
  0.1371649712573033    
  0.1391677052566947    
  0.1411601491941505    
  0.1431421005884141    
  0.1451133605426501    
  0.1470737337576499    
  0.1490230283141319    
  0.1509610558494800    
  0.1528876319521717    
  0.1548025761338520    
  0.1567057115764093    
  0.1585968653218318    
  0.1604758686910243    
  0.1623425572251112    
  0.1641967703687546    
  0.1660383516451492    
  0.1678671491092890    
  0.1696830152885122    
  0.1714858068079909    
  0.1732753845269847    
  0.1750516140073855    
  0.1768143654595925    
  0.1785635133253216    
  0.1802989363798215    
  0.1820205182128378    
  0.1837281471776827    
  0.1854217159270065    
  0.1871011214738350    
  0.1887662656863607    
  0.1904170552535708    
  0.1920534011817900    
  0.1936752188029431    
  0.1952824282670431    
  0.1968749545283195    
  0.1984527268242521    
  0.2000156786434537    
  0.2015637482045556    
  0.2030968784442989    
  0.2046150164767126    
  0.2061181135358125    
  0.2076061254551615    
  0.2090790126572725    
  0.2105367395822340    
  0.2119792745994677    
  0.2134065904943753    
  0.2148186644709002    
  0.2162154775559872    
  0.2175970144779176    
  0.2189632641531869    
  0.2203142196972031    
  0.2216498778066606    
  0.2229702386156493    
  0.2242753061955683    
  0.2255650885743572    
  0.2268395970836365    
  0.2280988461863112    
  0.2293428540053538    
  0.2305716423706573    
  0.2317852361226785    
  0.2329836628843129    
  0.2341669536163873    
  0.2353351427285128    
  0.2364882673674081    
  0.2376263671106927    
  0.2387494845065349    
  0.2398576652505273    
  0.2409509575083294    
  0.2420294115604781    
  0.2430930802928540    
  0.2441420193910478    
  0.2451762867044298    
  0.2461959418986488    
  0.2472010469281086    
  0.2481916662133770    
  0.2491678659956880    
  0.2501297139998178    
  0.2510772799411242    
  0.2520106357172326    
  0.2529298547220420    
  0.2538350114712826    
  0.2547261821490117    
  0.2556034448676574    
  0.2564668789708950    
  0.2573165645840179    
  0.2581525831457078    
  0.2589750177428275    
  0.2597839524644254    
  0.2605794719116077    
  0.2613616616735904    
  0.2621306086763354    
  0.2628864005920468    
  0.2636291253750879    
  0.2643588717213601    
  0.2650757293877604    
  0.2657797885887472    
  0.2664711395574069    
  0.2671498730581986    
  0.2678160807264586    
  0.2684698544162720    
  0.2691112857141346    
  0.2697404664902400    
  0.2703574893173502    
  0.2709624468250749    
  0.2715554311495894    
  0.2721365344615421    
  0.2727058494353179    
  0.2732634686443545    
  0.2738094839977565    
  0.2743439872511009    
  0.2748670704855381    
  0.2753788255096355    
  0.2758793432951765    
  0.2763687145096553    
  0.2768470300178271    
  0.2773143802621759    
  0.2777708546721218    
  0.2782165422315931    
  0.2786515320320233    
  0.2790759126290535    
  0.2794897713954269    
  0.2798931951153976    
  0.2802862706166717    
  0.2806690841222372    
  0.2810417205256461    
  0.2814042639823903    
  0.2817567986263364    
  0.2820994079474696    
  0.2824321740022736    
  0.2827551779844436    
  0.2830685010033245    
  0.2833722234815886    
  0.2836664243119529    
  0.2839511814273691    
  0.2842265726537702    
  0.2844926751125208    
  0.2847495642903506    
  0.2849973146010438    
  0.2852360003467475    
  0.2854656951555740    
  0.2856864709458449    
  0.2858983984397438    
  0.2861015482318072    
  0.2862959902928336    
  0.2864817928369323    
  0.2866590227650344    
  0.2868277468348864    
  0.2869880312531945    
  0.2871399404493400    
  0.2872835374191129    
  0.2874188849814355    
  0.2875460454869931    
  0.2876650795273392    
  0.2877760461666016    
  0.2878790042550132    
  0.2879740122455319    
  0.2880611268469815    
  0.2881404031522635    
  0.2882118960234908    
  0.2882756600317741    
  0.2883317480358496    
  0.2883802111601553    
  0.2884211002452222    
  0.2884544659707218    
  0.2884803574038884    
  0.2884988217816130    
  0.2885099059510214    
  0.2885136566832901    
  0.2885101192709593    
  0.2884993371491033    
  0.2884813532737380    
  0.2884562105667577    
  0.2884239505662834    
  0.2883846129309517    
  0.2883382367875403    
  0.2882848613110245    
  0.2882245244047842    
  0.2881572620418920    
  0.2880831095555011    
  0.2880021023955057    
  0.2879142749111635    
  0.2878196595350472    
  0.2877182879408252    
  0.2876101919236768    
  0.2874954023229326    
  0.2873739481105034    
  0.2872458574157267    
  0.2871111584896189    
  0.2869698787577568    
  0.2868220438299940    
  0.2866676783893655    
  0.2865068072269712    
  0.2863394544418042    
  0.2861656423989813    
  0.2859853924690114    
  0.2857987260921603    
  0.2856056641179223    
  0.2854062257448770    
  0.2852004291318257    
  0.2849882924827667    
  0.2847698335174563    
  0.2845450683920279    
  0.2843140121645112    
  0.2840766798791686    
  0.2838330861884412    
  0.2835832443054922    
  0.2833271663350047    
  0.2830648643053191    
  0.2827963498955945    
  0.2825216334361395    
