   2.467609318062789    
   2.489973246620512    
   2.513481053361464    
   2.537827729673976    
   2.563202839455416    
   2.589930284341006    
   2.617822073037291    
   2.646554370575080    
   2.676295763597908    
   2.707307840332177    
   2.739303003168766    
   2.771837772860545    
   2.804949551087043    
   2.838738252140170    
   2.872680390720059    
   2.906006664055396    
   2.938363067830840    
   2.969372344340234    
   2.997853823591369    
   3.022140931829704    
   3.040752454016850    
   3.051887058361741    
   3.052437771118404    
   3.038131199205603    
   3.004102472479884    
   2.944141491228419    
   2.849199934970062    
   2.707003702756409    
   2.502156373028805    
   2.214615953626674    
   1.817023561895546    
   1.273247633243129    
  0.5379421508286749    
 -0.4449430138111530    
  -1.743142207388341    
  -3.431180123221842    
  -5.576175398803995    
  -8.213519095603782    
  -11.30984748454858    
  -14.71542746176589    
  -18.13049199288553    
  -21.13091842610870    
  -23.27850694739934    
  -24.27642711179354    
  -24.07861044301470    
  -22.88383907096854    
  -21.02824350180938    
  -18.85502304162570    
  -16.63184509033480    
  -14.53004127060864    
  -12.63916382632399    
  -10.99073950562565    
  -9.581118627267017    
  -8.389898619521905    
  -7.390783097278575    
  -6.555974762556566    
  -5.858852512116321    
  -5.276505163390907    
  -4.790017087269109    
  -4.382896683259442    
  -4.040846757082814    
  -3.752875039907988    
  -3.510620668871826    
  -3.306207344617495    
  -3.132310512642861    
  -2.984160385840043    
  -2.859046922986778    
  -2.753279379110645    
  -2.661967317365502    
  -2.582478064682886    
  -2.515247720737273    
  -2.459609913067618    
  -2.411548654071762    
  -2.367804480356419    
  -2.329625424752412    
  -2.299311728661928    
  -2.274912455567456    
  -2.252044169678631    
  -2.229969705797105    
  -2.211868694090519    
  -2.198999770715545    
  -2.188402093640534    
  -2.177377506415513    
  -2.166964271690271    
  -2.159315909923849    
  -2.154156478911688    
  -2.149723699169986    
  -2.145449859065734    
  -2.141932045822145    
  -2.139454132690892    
  -2.137938635005282    
  -2.137390047998821    
  -2.137404203032296    
  -2.137297430341035    
  -2.137418597792857    
  -2.138953756539055    
  -2.141746186391467    
  -2.144063757519657    
  -2.145482570567035    
  -2.147977139340831    
  -2.152705392431502    
  -2.157784068609553    
  -2.161283079159920    
  -2.164571070065691    
  -2.170110754234780    
  -2.177327066872460    
  -2.183636470996013    
  -2.188818123239804    
  -2.195228635282863    
  -2.203742459471580    
  -2.212520118088886    
  -2.220377338097649    
  -2.228644263920670    
  -2.238623289511808    
  -2.249493454421448    
  -2.260088965840175    
  -2.270942482780876    
  -2.283100345002525    
  -2.296289259516192    
  -2.309696718155715    
  -2.323542558949641    
  -2.338543787335376    
  -2.354591812355342    
  -2.371153982974540    
  -2.388387245509390    
  -2.406799632865321    
  -2.426300202625416    
  -2.446514533122051    
  -2.467609318062789    
  -2.489973246620512    
  -2.513481053361464    
  -2.537827729673976    
  -2.563202839455416    
  -2.589930284341006    
  -2.617822073037291    
  -2.646554370575080    
  -2.676295763597908    
  -2.707307840332177    
  -2.739303003168766    
  -2.771837772860545    
  -2.804949551087043    
  -2.838738252140170    
  -2.872680390720059    
  -2.906006664055396    
  -2.938363067830840    
  -2.969372344340234    
  -2.997853823591369    
  -3.022140931829704    
  -3.040752454016850    
  -3.051887058361741    
  -3.052437771118404    
  -3.038131199205603    
  -3.004102472479884    
  -2.944141491228419    
  -2.849199934970062    
  -2.707003702756409    
  -2.502156373028805    
  -2.214615953626674    
  -1.817023561895546    
  -1.273247633243129    
 -0.5379421508286749    
  0.4449430138111530    
   1.743142207388341    
   3.431180123221842    
   5.576175398803995    
   8.213519095603782    
   11.30984748454858    
   14.71542746176589    
   18.13049199288553    
   21.13091842610870    
   23.27850694739934    
   24.27642711179354    
   24.07861044301470    
   22.88383907096854    
   21.02824350180938    
   18.85502304162570    
   16.63184509033480    
   14.53004127060864    
   12.63916382632399    
   10.99073950562565    
   9.581118627267017    
   8.389898619521905    
   7.390783097278575    
   6.555974762556566    
   5.858852512116321    
   5.276505163390907    
   4.790017087269109    
   4.382896683259442    
   4.040846757082814    
   3.752875039907988    
   3.510620668871826    
   3.306207344617495    
   3.132310512642861    
   2.984160385840043    
   2.859046922986778    
   2.753279379110645    
   2.661967317365502    
   2.582478064682886    
   2.515247720737273    
   2.459609913067618    
   2.411548654071762    
   2.367804480356419    
   2.329625424752412    
   2.299311728661928    
   2.274912455567456    
   2.252044169678631    
   2.229969705797105    
   2.211868694090519    
   2.198999770715545    
   2.188402093640534    
   2.177377506415513    
   2.166964271690271    
   2.159315909923849    
   2.154156478911688    
   2.149723699169986    
   2.145449859065734    
   2.141932045822145    
   2.139454132690892    
   2.137938635005282    
   2.137390047998821    
   2.137404203032296    
   2.137297430341035    
   2.137418597792857    
   2.138953756539055    
   2.141746186391467    
   2.144063757519657    
   2.145482570567035    
   2.147977139340831    
   2.152705392431502    
   2.157784068609553    
   2.161283079159920    
   2.164571070065691    
   2.170110754234780    
   2.177327066872460    
   2.183636470996013    
   2.188818123239804    
   2.195228635282863    
   2.203742459471580    
   2.212520118088886    
   2.220377338097649    
   2.228644263920670    
   2.238623289511808    
   2.249493454421448    
   2.260088965840175    
   2.270942482780876    
   2.283100345002525    
   2.296289259516192    
   2.309696718155715    
   2.323542558949641    
   2.338543787335376    
   2.354591812355342    
   2.371153982974540    
   2.388387245509390    
   2.406799632865321    
   2.426300202625416    
   2.446514533122051    
