   2.295247084867627    
   2.316720482482853    
   2.338334546192300    
   2.359198097079411    
   2.381726192272864    
   2.406747110810729    
   2.432059532157586    
   2.456887528145062    
   2.483204530818454    
   2.511626279171204    
   2.540187107386475    
   2.568139070290908    
   2.597053510070269    
   2.627243306333324    
   2.656726570137483    
   2.684562490991569    
   2.711756892862524    
   2.738037304887600    
   2.760934550311203    
   2.778747499493826    
   2.791259516450417    
   2.796719038379230    
   2.790922885673403    
   2.769784690437919    
   2.729769783622867    
   2.664844918233531    
   2.565291415159404    
   2.419627987041629    
   2.214429804540002    
   1.930750322073932    
   1.542127912591469    
   1.015519183209499    
  0.3105780113165043    
 -0.6234909387726936    
  -1.847689271612739    
  -3.426042881192822    
  -5.412832788978946    
  -7.832338143982168    
  -10.64537654307396    
  -13.70760568382416    
  -16.74593259899854    
  -19.38847800397052    
  -21.26127035714573    
  -22.11702345952003    
  -21.92407975852672    
  -20.85905429124257    
  -19.21357730599285    
  -17.28337331413352    
  -15.30067775521860    
  -13.41786606793554    
  -11.71680763902349    
  -10.22654046821583    
  -8.945058620542834    
  -7.857417662612828    
  -6.942575574823969    
  -6.174962031559034    
  -5.530051081843037    
  -4.989480155096340    
  -4.537948870988764    
  -4.158685748534130    
  -3.837090834624749    
  -3.565473222158399    
  -3.338301319021089    
  -3.145981425704430    
  -2.979484746146146    
  -2.837139116234622    
  -2.719130699476867    
  -2.618937886332337    
  -2.528883407136802    
  -2.450323602018028    
  -2.387761022531664    
  -2.335993325693421    
  -2.285448780338944    
  -2.238134756261116    
  -2.203766754278162    
  -2.180109184698585    
  -2.153452377343975    
  -2.121481486292196    
  -2.098214853310447    
  -2.089543023275235    
  -2.081164413508350    
  -2.061552267183868    
  -2.041228995772236    
  -2.034837751523360    
  -2.036674172302090    
  -2.030863447008177    
  -2.017118885747883    
  -2.008692117125263    
  -2.009558216666444    
  -2.010630495421136    
  -2.006898292126289    
  -2.003051810376356    
  -2.002020447311125    
  -2.001233755481564    
  -2.000834781948904    
  -2.003724589524926    
  -2.007211118554006    
  -2.006053635743814    
  -2.003575674347116    
  -2.007764333600953    
  -2.016476915684533    
  -2.019632548139696    
  -2.016945280661698    
  -2.019291909623223    
  -2.029744129757484    
  -2.037915191341940    
  -2.038264660144558    
  -2.039738593401979    
  -2.049671908784683    
  -2.061130725065497    
  -2.065860093833265    
  -2.068703356758033    
  -2.078119190111815    
  -2.091223658427054    
  -2.100003861074649    
  -2.105830765940922    
  -2.115991277946404    
  -2.130271568087651    
  -2.142340361160290    
  -2.151744144725120    
  -2.163960363835585    
  -2.179891518519416    
  -2.194918873722679    
  -2.208015759498333    
  -2.223179809474690    
  -2.241531425241322    
  -2.259669930200093    
  -2.276565992688820    
  -2.295247084867627    
  -2.316720482482853    
  -2.338334546192300    
  -2.359198097079411    
  -2.381726192272864    
  -2.406747110810729    
  -2.432059532157586    
  -2.456887528145062    
  -2.483204530818454    
  -2.511626279171204    
  -2.540187107386475    
  -2.568139070290908    
  -2.597053510070269    
  -2.627243306333324    
  -2.656726570137483    
  -2.684562490991569    
  -2.711756892862524    
  -2.738037304887600    
  -2.760934550311203    
  -2.778747499493826    
  -2.791259516450417    
  -2.796719038379230    
  -2.790922885673403    
  -2.769784690437919    
  -2.729769783622867    
  -2.664844918233531    
  -2.565291415159404    
  -2.419627987041629    
  -2.214429804540002    
  -1.930750322073932    
  -1.542127912591469    
  -1.015519183209499    
 -0.3105780113165043    
  0.6234909387726936    
   1.847689271612739    
   3.426042881192822    
   5.412832788978946    
   7.832338143982168    
   10.64537654307396    
   13.70760568382416    
   16.74593259899854    
   19.38847800397052    
   21.26127035714573    
   22.11702345952003    
   21.92407975852672    
   20.85905429124257    
   19.21357730599285    
   17.28337331413352    
   15.30067775521860    
   13.41786606793554    
   11.71680763902349    
   10.22654046821583    
   8.945058620542834    
   7.857417662612828    
   6.942575574823969    
   6.174962031559034    
   5.530051081843037    
   4.989480155096340    
   4.537948870988764    
   4.158685748534130    
   3.837090834624749    
   3.565473222158399    
   3.338301319021089    
   3.145981425704430    
   2.979484746146146    
   2.837139116234622    
   2.719130699476867    
   2.618937886332337    
   2.528883407136802    
   2.450323602018028    
   2.387761022531664    
   2.335993325693421    
   2.285448780338944    
   2.238134756261116    
   2.203766754278162    
   2.180109184698585    
   2.153452377343975    
   2.121481486292196    
   2.098214853310447    
   2.089543023275235    
   2.081164413508350    
   2.061552267183868    
   2.041228995772236    
   2.034837751523360    
   2.036674172302090    
   2.030863447008177    
   2.017118885747883    
   2.008692117125263    
   2.009558216666444    
   2.010630495421136    
   2.006898292126289    
   2.003051810376356    
   2.002020447311125    
   2.001233755481564    
   2.000834781948904    
   2.003724589524926    
   2.007211118554006    
   2.006053635743814    
   2.003575674347116    
   2.007764333600953    
   2.016476915684533    
   2.019632548139696    
   2.016945280661698    
   2.019291909623223    
   2.029744129757484    
   2.037915191341940    
   2.038264660144558    
   2.039738593401979    
   2.049671908784683    
   2.061130725065497    
   2.065860093833265    
   2.068703356758033    
   2.078119190111815    
   2.091223658427054    
   2.100003861074649    
   2.105830765940922    
   2.115991277946404    
   2.130271568087651    
   2.142340361160290    
   2.151744144725120    
   2.163960363835585    
   2.179891518519416    
   2.194918873722679    
   2.208015759498333    
   2.223179809474690    
   2.241531425241322    
   2.259669930200093    
   2.276565992688820    
