  0.4654618986137843    
  0.4591077531284370    
  0.4525733583635979    
  0.4458625628866711    
  0.4389789839954647    
  0.4319260488780312    
  0.4247070059540746    
  0.4173249055359994    
  0.4097826010660676    
  0.4020827854140761    
  0.3942280150426372    
  0.3862206953986565    
  0.3780630669180811    
  0.3697572276496435    
  0.3613051635283632    
  0.3527087445972218    
  0.3439697047191320    
  0.3350896486492870    
  0.3260700803995218    
  0.3169124104601977    
  0.3076179379839716    
  0.2981878465501679    
  0.2886232256992757    
  0.2789250855352362    
  0.2690943465652154    
  0.2591318310465894    
  0.2490382773894645    
  0.2388143582717431    
  0.2284606796733739    
  0.2179777742324582    
  0.2073661118656199    
  0.1966261198241325    
  0.1857581907169274    
  0.1747626823151432    
  0.1636399290638199    
  0.1523902651357108    
  0.1410140415897763    
  0.1295116356346125    
  0.1178834674678467    
  0.1061300287480474    
  0.9425190977574160E-01
  0.8224982050568530E-01
  0.7012461652124319E-01
  0.5787733573558518E-01
  0.4550923674867688E-01
  0.3302183299192032E-01
  0.2041693024283114E-01
  0.7696673397956821E-02
 -0.5136403842459891E-02
 -0.1807933229399236E-01
 -0.3112865864884740E-01
 -0.4428038970758436E-01
 -0.5752993430092371E-01
 -0.7087204866473953E-01
 -0.8430078215093909E-01
 -0.9780941908789489E-01
 -0.1113904210314457    
 -0.1250353752463005    
 -0.1387349476402440    
 -0.1524788368141446    
 -0.1662557333502307    
 -0.1800532904543657    
 -0.1938581050725105    
 -0.2076557064817729    
 -0.2214305561821260    
 -0.2351660652538221    
 -0.2488446284988680    
 -0.2624476717438954    
 -0.2759557150270594    
 -0.2893484571596354    
 -0.3026048801669707    
 -0.3157033680796598    
 -0.3286218405942417    
 -0.3413379057047792    
 -0.3538290283196778    
 -0.3660727065668842    
 -0.3780466535077962    
 -0.3897289871390282    
 -0.4010984248392237    
 -0.4121344717178049    
 -0.4228175984643735    
 -0.4331294119406484    
 -0.4430528160949015    
 -0.4525721523263637    
 -0.4616733142162800    
 -0.4703438422788938    
 -0.4785730005815264    
 -0.4863518261933744    
 -0.4936731463687206    
 -0.5005315720684951    
 -0.5069234754676155    
 -0.5128469453443298    
 -0.5183017142255490    
 -0.5232890669098575    
 -0.5278117432857540    
 -0.5318738324670564    
 -0.5354806493192750    
 -0.5386386005065553    
 -0.5413550562140792    
 -0.5436382279684787    
 -0.5454970402857640    
 -0.5469409977505801    
 -0.5479800643281089    
 -0.5486245592543133    
 -0.5488850553247964    
 -0.5487722746581766    
 -0.5482969970962934    
 -0.5474699894772217    
 -0.5463019418639135    
 -0.5448034004522833    
 -0.5429847099150433    
 -0.5408559767279775    
 -0.5384270405350198    
 -0.5357074389616290    
 -0.5327063772309950    
 -0.5294327185763497    
 -0.5258949833986427    
 -0.5221013363693282    
 -0.5180595710289260    
 -0.5137771160649502    
 -0.5092610554592798    
 -0.5045181321977291    
 -0.4995547372192702    
 -0.4943769176294539    
 -0.4889904094582609    
 -0.4834006573675795    
 -0.4776128053280597    
 -0.4716316950141919    
 -0.4654618986137843    
 -0.4591077531284370    
 -0.4525733583635979    
 -0.4458625628866711    
 -0.4389789839954647    
 -0.4319260488780312    
 -0.4247070059540746    
 -0.4173249055359994    
 -0.4097826010660676    
 -0.4020827854140761    
 -0.3942280150426372    
 -0.3862206953986565    
 -0.3780630669180811    
 -0.3697572276496435    
 -0.3613051635283632    
 -0.3527087445972218    
 -0.3439697047191320    
 -0.3350896486492870    
 -0.3260700803995218    
 -0.3169124104601977    
 -0.3076179379839716    
 -0.2981878465501679    
 -0.2886232256992757    
 -0.2789250855352362    
 -0.2690943465652154    
 -0.2591318310465894    
 -0.2490382773894645    
 -0.2388143582717431    
 -0.2284606796733739    
 -0.2179777742324582    
 -0.2073661118656199    
 -0.1966261198241325    
 -0.1857581907169274    
 -0.1747626823151432    
 -0.1636399290638199    
 -0.1523902651357108    
 -0.1410140415897763    
 -0.1295116356346125    
 -0.1178834674678467    
 -0.1061300287480474    
 -0.9425190977574160E-01
 -0.8224982050568530E-01
 -0.7012461652124319E-01
 -0.5787733573558518E-01
 -0.4550923674867688E-01
 -0.3302183299192032E-01
 -0.2041693024283114E-01
 -0.7696673397956821E-02
  0.5136403842459891E-02
  0.1807933229399236E-01
  0.3112865864884740E-01
  0.4428038970758436E-01
  0.5752993430092371E-01
  0.7087204866473953E-01
  0.8430078215093909E-01
  0.9780941908789489E-01
  0.1113904210314457    
  0.1250353752463005    
  0.1387349476402440    
  0.1524788368141446    
  0.1662557333502307    
  0.1800532904543657    
  0.1938581050725105    
  0.2076557064817729    
  0.2214305561821260    
  0.2351660652538221    
  0.2488446284988680    
  0.2624476717438954    
  0.2759557150270594    
  0.2893484571596354    
  0.3026048801669707    
  0.3157033680796598    
  0.3286218405942417    
  0.3413379057047792    
  0.3538290283196778    
  0.3660727065668842    
  0.3780466535077962    
  0.3897289871390282    
  0.4010984248392237    
  0.4121344717178049    
  0.4228175984643735    
  0.4331294119406484    
  0.4430528160949015    
  0.4525721523263637    
  0.4616733142162800    
  0.4703438422788938    
  0.4785730005815264    
  0.4863518261933744    
  0.4936731463687206    
  0.5005315720684951    
  0.5069234754676155    
  0.5128469453443298    
  0.5183017142255490    
  0.5232890669098575    
  0.5278117432857540    
  0.5318738324670564    
  0.5354806493192750    
  0.5386386005065553    
  0.5413550562140792    
  0.5436382279684787    
  0.5454970402857640    
  0.5469409977505801    
  0.5479800643281089    
  0.5486245592543133    
  0.5488850553247964    
  0.5487722746581766    
  0.5482969970962934    
  0.5474699894772217    
  0.5463019418639135    
  0.5448034004522833    
  0.5429847099150433    
  0.5408559767279775    
  0.5384270405350198    
  0.5357074389616290    
  0.5327063772309950    
  0.5294327185763497    
  0.5258949833986427    
  0.5221013363693282    
  0.5180595710289260    
  0.5137771160649502    
  0.5092610554592798    
  0.5045181321977291    
  0.4995547372192702    
  0.4943769176294539    
  0.4889904094582609    
  0.4834006573675795    
  0.4776128053280597    
  0.4716316950141919    
