   2.017859773926755    
   2.034125424716394    
   2.051184748462252    
   2.069906494936907    
   2.089278533345670    
   2.108481515916467    
   2.128456929460439    
   2.149920063857400    
   2.171889732431170    
   2.193575455445454    
   2.215743225452727    
   2.238905652204297    
   2.262031280274159    
   2.284246636631499    
   2.306005308184726    
   2.327429095903916    
   2.347191221127067    
   2.364048525907951    
   2.377781036127766    
   2.387615980620419    
   2.391259956325706    
   2.386258225542190    
   2.370633777135303    
   2.341268876012915    
   2.292982363552827    
   2.219602041234985    
   2.114095831630300    
   1.966641023944275    
   1.763482760339146    
   1.487417518686572    
   1.117062760913997    
  0.6244284642808677    
 -0.2611148399429759E-01
 -0.8766526742961134    
  -1.974237970032628    
  -3.367155322095353    
  -5.093797337249198    
  -7.162368860848721    
  -9.524541414907052    
  -12.04904460831250    
  -14.50991332912891    
  -16.61390633887232    
  -18.07784036226299    
  -18.72547117610632    
  -18.54612102491117    
  -17.68054342551473    
  -16.35199060776570    
  -14.78911946466240    
  -13.17512491969961    
  -11.63081937564640    
  -10.22219424861535    
  -8.977186726620728    
  -7.899610491672765    
  -6.978285846410545    
  -6.195397488612998    
  -5.533384323533744    
  -4.976043905555597    
  -4.506446556735140    
  -4.108701232017143    
  -3.771879558793544    
  -3.488320858741281    
  -3.248521910062938    
  -3.042441152662641    
  -2.865373484654132    
  -2.716438005004898    
  -2.590800288750340    
  -2.480158316285104    
  -2.381954387365304    
  -2.300026580259599    
  -2.233473822435110    
  -2.173539458913207    
  -2.115901125294812    
  -2.066946872731421    
  -2.031143550790129    
  -2.000769871820619    
  -1.967149706742529    
  -1.934688230199789    
  -1.912709637982575    
  -1.898665322204426    
  -1.881827780744571    
  -1.860863604296005    
  -1.844869711798830    
  -1.837104511166722    
  -1.830063604666262    
  -1.818834049488987    
  -1.808185969101825    
  -1.802679166713229    
  -1.799256479500440    
  -1.794132436237342    
  -1.789051778461924    
  -1.786209792161300    
  -1.783833800685646    
  -1.780905023351159    
  -1.779862142636762    
  -1.780933904250267    
  -1.780303619699016    
  -1.777497771034335    
  -1.777614097549337    
  -1.782158086186961    
  -1.785129889353521    
  -1.783282404747648    
  -1.782643454000857    
  -1.788362998361288    
  -1.795291545062511    
  -1.796644410315301    
  -1.795880411484765    
  -1.800696809768246    
  -1.809752382670366    
  -1.815392230846129    
  -1.816953482518835    
  -1.821219871157869    
  -1.830344565826245    
  -1.838943683639122    
  -1.844153191045289    
  -1.849950602380715    
  -1.859317056019609    
  -1.869475212294087    
  -1.877778432765080    
  -1.886237996850139    
  -1.897087987643322    
  -1.908820150568043    
  -1.919664485888608    
  -1.930928685022947    
  -1.944084610780588    
  -1.957972914630093    
  -1.971395319460393    
  -1.985491792207830    
  -2.001336176367199    
  -2.017859773926755    
  -2.034125424716394    
  -2.051184748462252    
  -2.069906494936907    
  -2.089278533345670    
  -2.108481515916467    
  -2.128456929460439    
  -2.149920063857400    
  -2.171889732431170    
  -2.193575455445454    
  -2.215743225452727    
  -2.238905652204297    
  -2.262031280274159    
  -2.284246636631499    
  -2.306005308184726    
  -2.327429095903916    
  -2.347191221127067    
  -2.364048525907951    
  -2.377781036127766    
  -2.387615980620419    
  -2.391259956325706    
  -2.386258225542190    
  -2.370633777135303    
  -2.341268876012915    
  -2.292982363552827    
  -2.219602041234985    
  -2.114095831630300    
  -1.966641023944275    
  -1.763482760339146    
  -1.487417518686572    
  -1.117062760913997    
 -0.6244284642808677    
  0.2611148399429759E-01
  0.8766526742961134    
   1.974237970032628    
   3.367155322095353    
   5.093797337249198    
   7.162368860848721    
   9.524541414907052    
   12.04904460831250    
   14.50991332912891    
   16.61390633887232    
   18.07784036226299    
   18.72547117610632    
   18.54612102491117    
   17.68054342551473    
   16.35199060776570    
   14.78911946466240    
   13.17512491969961    
   11.63081937564640    
   10.22219424861535    
   8.977186726620728    
   7.899610491672765    
   6.978285846410545    
   6.195397488612998    
   5.533384323533744    
   4.976043905555597    
   4.506446556735140    
   4.108701232017143    
   3.771879558793544    
   3.488320858741281    
   3.248521910062938    
   3.042441152662641    
   2.865373484654132    
   2.716438005004898    
   2.590800288750340    
   2.480158316285104    
   2.381954387365304    
   2.300026580259599    
   2.233473822435110    
   2.173539458913207    
   2.115901125294812    
   2.066946872731421    
   2.031143550790129    
   2.000769871820619    
   1.967149706742529    
   1.934688230199789    
   1.912709637982575    
   1.898665322204426    
   1.881827780744571    
   1.860863604296005    
   1.844869711798830    
   1.837104511166722    
   1.830063604666262    
   1.818834049488987    
   1.808185969101825    
   1.802679166713229    
   1.799256479500440    
   1.794132436237342    
   1.789051778461924    
   1.786209792161300    
   1.783833800685646    
   1.780905023351159    
   1.779862142636762    
   1.780933904250267    
   1.780303619699016    
   1.777497771034335    
   1.777614097549337    
   1.782158086186961    
   1.785129889353521    
   1.783282404747648    
   1.782643454000857    
   1.788362998361288    
   1.795291545062511    
   1.796644410315301    
   1.795880411484765    
   1.800696809768246    
   1.809752382670366    
   1.815392230846129    
   1.816953482518835    
   1.821219871157869    
   1.830344565826245    
   1.838943683639122    
   1.844153191045289    
   1.849950602380715    
   1.859317056019609    
   1.869475212294087    
   1.877778432765080    
   1.886237996850139    
   1.897087987643322    
   1.908820150568043    
   1.919664485888608    
   1.930928685022947    
   1.944084610780588    
   1.957972914630093    
   1.971395319460393    
   1.985491792207830    
   2.001336176367199    
