  0.2898819563536990    
  0.2946733386804995    
  0.2996133201333347    
  0.3047077852298499    
  0.3099631189830376    
  0.3153862540001186    
  0.3209846688096989    
  0.3267664230298304    
  0.3327402384425675    
  0.3389155657984289    
  0.3453026259835579    
  0.3519124589426810    
  0.3587569949163300    
  0.3658491430665133    
  0.3732028769953881    
  0.3808332873436362    
  0.3887566229980669    
  0.3969903786550720    
  0.4055533885890403    
  0.4144658124616145    
  0.4237490370652450    
  0.4334256138148284    
  0.4435191385191851    
  0.4540538193925311    
  0.4650537196766293    
  0.4765418044087739    
  0.4885385158241973    
  0.5010592935072560    
  0.5141107864796263    
  0.5276856205316116    
  0.5417548132709032    
  0.5562563769646349    
  0.5710791691055339    
  0.5860413823582835    
  0.6008626157049184    
  0.6151297205997310    
  0.6282615976440878    
  0.6394853612214657    
  0.6478443660903199    
  0.6522663463607681    
  0.6517168650163214    
  0.6454306277876398    
  0.6331524809835101    
  0.6152757189769276    
  0.5927927200277985    
  0.5670700757581718    
  0.5395539448695964    
  0.5115277492040837    
  0.4839846855709240    
  0.4576055213461617    
  0.4327989555239281    
  0.4097659115523014    
  0.3885638872190741    
  0.3691592563943992    
  0.3514646654077676    
  0.3353646064834963    
  0.3207326527367109    
  0.3074419133479070    
  0.2953704081336248    
  0.2844039771541323    
  0.2744381245828686    
  0.2653784958588264    
  0.2571401527055814    
  0.2496468473697607    
  0.2428306965865704    
  0.2366314972291123    
  0.2309955522522970    
  0.2258748452823671    
  0.2212267389348379    
  0.2170134433395108    
  0.2132011196520045    
  0.2097593321473818    
  0.2066609583280538    
  0.2038818717873852    
  0.2014002953775322    
  0.1991964661435689    
  0.1972526892665413    
  0.1955531592384633    
  0.1940834746346642    
  0.1928304340068825    
  0.1917821693587115    
  0.1909280477176088    
  0.1902582874159932    
  0.1897638314952746    
  0.1894365205976808    
  0.1892690404404545    
  0.1892546042377836    
  0.1893868724005791    
  0.1896601420294218    
  0.1900693208561719    
  0.1906096551815770    
  0.1912766770041568    
  0.1920663961646084    
  0.1929752895139553    
  0.1940000633768359    
  0.1951376182062947    
  0.1963852349108706    
  0.1977405708400986    
  0.1992014491483280    
  0.2007658364741976    
  0.2024320209619891    
  0.2041986106955306    
  0.2060643434847511    
  0.2080280732081340    
  0.2100889391941820    
  0.2122463673081265    
  0.2144998974292789    
  0.2168491742998656    
  0.2192941064526543    
  0.2218348710015158    
  0.2244717597074531    
  0.2272051729907065    
  0.2300357662488843    
  0.2329644578755410    
  0.2359922951566789    
  0.2391204524062777    
  0.2423503645008229    
  0.2456837378904458    
  0.2491224367577881    
  0.2526684859265544    
  0.2563241924645148    
  0.2600921612219508    
  0.2639752027208988    
  0.2679763411797699    
  0.2720989246414727    
  0.2763466475318213    
  0.2807234834940326    
  0.2852336997711472    
  0.2898819563536990    
  0.2946733386804995    
  0.2996133201333347    
  0.3047077852298499    
  0.3099631189830376    
  0.3153862540001186    
  0.3209846688096989    
  0.3267664230298304    
  0.3327402384425675    
  0.3389155657984289    
  0.3453026259835579    
  0.3519124589426810    
  0.3587569949163300    
  0.3658491430665133    
  0.3732028769953881    
  0.3808332873436362    
  0.3887566229980669    
  0.3969903786550720    
  0.4055533885890403    
  0.4144658124616145    
  0.4237490370652450    
  0.4334256138148284    
  0.4435191385191851    
  0.4540538193925311    
  0.4650537196766293    
  0.4765418044087739    
  0.4885385158241973    
  0.5010592935072560    
  0.5141107864796263    
  0.5276856205316116    
  0.5417548132709032    
  0.5562563769646349    
  0.5710791691055339    
  0.5860413823582835    
  0.6008626157049184    
  0.6151297205997310    
  0.6282615976440878    
  0.6394853612214657    
  0.6478443660903199    
  0.6522663463607681    
  0.6517168650163214    
  0.6454306277876398    
  0.6331524809835101    
  0.6152757189769276    
  0.5927927200277985    
  0.5670700757581718    
  0.5395539448695964    
  0.5115277492040837    
  0.4839846855709240    
  0.4576055213461617    
  0.4327989555239281    
  0.4097659115523014    
  0.3885638872190741    
  0.3691592563943992    
  0.3514646654077676    
  0.3353646064834963    
  0.3207326527367109    
  0.3074419133479070    
  0.2953704081336248    
  0.2844039771541323    
  0.2744381245828686    
  0.2653784958588264    
  0.2571401527055814    
  0.2496468473697607    
  0.2428306965865704    
  0.2366314972291123    
  0.2309955522522970    
  0.2258748452823671    
  0.2212267389348379    
  0.2170134433395108    
  0.2132011196520045    
  0.2097593321473818    
  0.2066609583280538    
  0.2038818717873852    
  0.2014002953775322    
  0.1991964661435689    
  0.1972526892665413    
  0.1955531592384633    
  0.1940834746346642    
  0.1928304340068825    
  0.1917821693587115    
  0.1909280477176088    
  0.1902582874159932    
  0.1897638314952746    
  0.1894365205976808    
  0.1892690404404545    
  0.1892546042377836    
  0.1893868724005791    
  0.1896601420294218    
  0.1900693208561719    
  0.1906096551815770    
  0.1912766770041568    
  0.1920663961646084    
  0.1929752895139553    
  0.1940000633768359    
  0.1951376182062947    
  0.1963852349108706    
  0.1977405708400986    
  0.1992014491483280    
  0.2007658364741976    
  0.2024320209619891    
  0.2041986106955306    
  0.2060643434847511    
  0.2080280732081340    
  0.2100889391941820    
  0.2122463673081265    
  0.2144998974292789    
  0.2168491742998656    
  0.2192941064526543    
  0.2218348710015158    
  0.2244717597074531    
  0.2272051729907065    
  0.2300357662488843    
  0.2329644578755410    
  0.2359922951566789    
  0.2391204524062777    
  0.2423503645008229    
  0.2456837378904458    
  0.2491224367577881    
  0.2526684859265544    
  0.2563241924645148    
  0.2600921612219508    
  0.2639752027208988    
  0.2679763411797699    
  0.2720989246414727    
  0.2763466475318213    
  0.2807234834940326    
  0.2852336997711472    
