   1.980541064088639    
   1.995808898362593    
   2.012324793654753    
   2.030973660980865    
   2.049870402184525    
   2.068155524623421    
   2.087484372004027    
   2.108600228907829    
   2.129921408442306    
   2.150646398943619    
   2.172050660257034    
   2.194629392125037    
   2.216902198588710    
   2.238032542460899    
   2.258871372827210    
   2.279481260448509    
   2.298174670215111    
   2.313785452616713    
   2.326428408359317    
   2.335248361061595    
   2.337656226046987    
   2.331313358221034    
   2.314551336739161    
   2.284178249648664    
   2.234798575866449    
   2.160431424688038    
   2.054399255060146    
   1.906907571316393    
   1.704188081900865    
   1.429480451791890    
   1.062064267235001    
  0.5744442970373295    
 -0.6832358192461511E-01
 -0.9069818250967624    
  -1.986783970770957    
  -3.354172386541027    
  -5.045499103920561    
  -7.066884817476136    
  -9.369190117867326    
  -11.82338404457512    
  -14.20977408444066    
  -16.24504495589749    
  -17.65738892068520    
  -18.27928896963193    
  -18.10225503426065    
  -17.26226368192523    
  -15.97418729079837    
  -14.45849540378060    
  -12.89204609963375    
  -11.39146140519496    
  -10.02085711934700    
  -8.808106003265175    
  -7.757449936070549    
  -6.858004825173610    
  -6.092644134236189    
  -5.444949138946658    
  -4.899410497409815    
  -4.439167819239201    
  -4.048722946551265    
  -3.718008431720959    
  -3.439657353297088    
  -3.203819704729828    
  -3.000669925944479    
  -2.826315315529777    
  -2.679893248219965    
  -2.555842586822200    
  -2.446095048831002    
  -2.349203518663825    
  -2.268857923317515    
  -2.202802774964915    
  -2.142468110397997    
  -2.085434331056736    
  -2.038186838329788    
  -2.002736803681433    
  -1.970728296082349    
  -1.936536730710889    
  -1.906276952108381    
  -1.886027963430659    
  -1.870081297069171    
  -1.850430693134913    
  -1.830394913510675    
  -1.817848520708313    
  -1.810589340603241    
  -1.800211288798423    
  -1.786860870973029    
  -1.778169297713714    
  -1.775236775918588    
  -1.771240189395156    
  -1.763807823809010    
  -1.757996018155226    
  -1.756088281265912    
  -1.754347502899117    
  -1.751308614493051    
  -1.750046780298319    
  -1.750605732128954    
  -1.749142106386566    
  -1.746325442518934    
  -1.747494246796939    
  -1.752365534463470    
  -1.754049817699176    
  -1.751191855650695    
  -1.751310946050842    
  -1.757918988912763    
  -1.764046922378257    
  -1.764251689444865    
  -1.763947879621065    
  -1.769660826500322    
  -1.777932219950045    
  -1.782162302974698    
  -1.784101217770236    
  -1.789721282298578    
  -1.798406759999974    
  -1.805099548397217    
  -1.809928311659208    
  -1.817215211436646    
  -1.826999647675335    
  -1.835467741768027    
  -1.842565577478729    
  -1.851877170328435    
  -1.863587304748799    
  -1.874320175945613    
  -1.883751624654153    
  -1.895105453918424    
  -1.908946524719670    
  -1.922326530479952    
  -1.934536361029077    
  -1.948275251664250    
  -1.964402113941010    
  -1.980541064088639    
  -1.995808898362593    
  -2.012324793654753    
  -2.030973660980865    
  -2.049870402184525    
  -2.068155524623421    
  -2.087484372004027    
  -2.108600228907829    
  -2.129921408442306    
  -2.150646398943619    
  -2.172050660257034    
  -2.194629392125037    
  -2.216902198588710    
  -2.238032542460899    
  -2.258871372827210    
  -2.279481260448509    
  -2.298174670215111    
  -2.313785452616713    
  -2.326428408359317    
  -2.335248361061595    
  -2.337656226046987    
  -2.331313358221034    
  -2.314551336739161    
  -2.284178249648664    
  -2.234798575866449    
  -2.160431424688038    
  -2.054399255060146    
  -1.906907571316393    
  -1.704188081900865    
  -1.429480451791890    
  -1.062064267235001    
 -0.5744442970373295    
  0.6832358192461511E-01
  0.9069818250967624    
   1.986783970770957    
   3.354172386541027    
   5.045499103920561    
   7.066884817476136    
   9.369190117867326    
   11.82338404457512    
   14.20977408444066    
   16.24504495589749    
   17.65738892068520    
   18.27928896963193    
   18.10225503426065    
   17.26226368192523    
   15.97418729079837    
   14.45849540378060    
   12.89204609963375    
   11.39146140519496    
   10.02085711934700    
   8.808106003265175    
   7.757449936070549    
   6.858004825173610    
   6.092644134236189    
   5.444949138946658    
   4.899410497409815    
   4.439167819239201    
   4.048722946551265    
   3.718008431720959    
   3.439657353297088    
   3.203819704729828    
   3.000669925944479    
   2.826315315529777    
   2.679893248219965    
   2.555842586822200    
   2.446095048831002    
   2.349203518663825    
   2.268857923317515    
   2.202802774964915    
   2.142468110397997    
   2.085434331056736    
   2.038186838329788    
   2.002736803681433    
   1.970728296082349    
   1.936536730710889    
   1.906276952108381    
   1.886027963430659    
   1.870081297069171    
   1.850430693134913    
   1.830394913510675    
   1.817848520708313    
   1.810589340603241    
   1.800211288798423    
   1.786860870973029    
   1.778169297713714    
   1.775236775918588    
   1.771240189395156    
   1.763807823809010    
   1.757996018155226    
   1.756088281265912    
   1.754347502899117    
   1.751308614493051    
   1.750046780298319    
   1.750605732128954    
   1.749142106386566    
   1.746325442518934    
   1.747494246796939    
   1.752365534463470    
   1.754049817699176    
   1.751191855650695    
   1.751310946050842    
   1.757918988912763    
   1.764046922378257    
   1.764251689444865    
   1.763947879621065    
   1.769660826500322    
   1.777932219950045    
   1.782162302974698    
   1.784101217770236    
   1.789721282298578    
   1.798406759999974    
   1.805099548397217    
   1.809928311659208    
   1.817215211436646    
   1.826999647675335    
   1.835467741768027    
   1.842565577478729    
   1.851877170328435    
   1.863587304748799    
   1.874320175945613    
   1.883751624654153    
   1.895105453918424    
   1.908946524719670    
   1.922326530479952    
   1.934536361029077    
   1.948275251664250    
   1.964402113941010    
