  -14.07644171337483    
   121.6739798565318    
   226.0122082863598    
   424.1365688641038    
   851.1528859106377    
   1153.503568672526    
   981.0640902373392    
   617.9142418414108    
   508.8783577856353    
   553.2189116614721    
   500.7568854810496    
   572.8289741818112    
   958.4262544301802    
   1198.212207613666    
   900.2803254287230    
   563.8558822344535    
   787.8832855691027    
   1191.620199121409    
   1123.008095550050    
   878.7706589655548    
   1085.967705089068    
   1435.452858476827    
   1303.578722540727    
   1075.746351424464    
   1438.776643759276    
   1922.800131885041    
   1729.367632875662    
   1419.868356239834    
   1965.716651335932    
   2729.689062090911    
   2527.386060471562    
   2098.380028765266    
   2954.449323025108    
   4289.612222566419    
   4185.078563670731    
   3578.385037430058    
   5100.237363158665    
   7805.974837437921    
   8058.672884448315    
   6774.875337610682    
   9147.511753061655    
   13029.55851016225    
   4465.626905253032    
  -26140.98382171323    
  -65452.11803257704    
  -84459.91174217858    
  -67398.79074207203    
  -27862.78847944679    
   6351.205839948155    
   19307.31640164518    
   15111.15847586499    
   6377.401791249053    
   1664.386073409734    
   2734.373387747750    
   7317.560482852665    
   11669.75574383431    
   12792.06856349586    
   10303.03244403963    
   6046.615840018759    
   1962.154629759152    
  -924.7282238288049    
  -1984.263740113905    
  -950.8408544321578    
   1464.965005031362    
   3957.739639370217    
   5765.917173123320    
   6801.281102475014    
   6902.259025595741    
   5833.102497939273    
   3923.866333348122    
   1909.966094051792    
   153.9698909646993    
  -1359.804389004884    
  -2420.925650543415    
  -2669.283364588157    
  -2182.338525771043    
  -1371.739986407763    
  -383.3466252543963    
   852.3084538518702    
   2111.585359924756    
   2990.183228931175    
   3428.317300100583    
   3619.246444864545    
   3519.559098217338    
   2946.645418621471    
   2036.567701530700    
   1119.389165485592    
   253.2890778241143    
  -670.3909333454457    
  -1501.123984249223    
  -1962.738890883631    
  -2083.061424114527    
  -2063.129023114651    
  -1861.351425876067    
  -1328.365867951446    
  -605.4312562475637    
   30.63194510214014    
   574.2635028155137    
   1145.462359490009    
   1605.320291926159    
   1724.314095293862    
   1573.858505700456    
   1356.786989274983    
   1020.726949813672    
   433.0294346516235    
  -242.5900663223440    
  -743.0934103977409    
  -1098.686789400684    
  -1443.512669250865    
  -1638.770283400273    
  -1486.724346367635    
  -1119.908186970879    
  -779.2352748560444    
  -416.3263641865770    
   84.69659491712642    
   522.6018504133406    
   637.1610561550691    
   526.0437392205266    
   394.8181530203029    
   145.2931481897728    
  -356.5945386441291    
  -869.3536892139323    
  -1086.134715200126    
  -1096.486677930695    
  -1098.572870818062    
  -955.0148043386904    
  -516.6295313754223    
  -76.24740494197857    
   14.07644171337483    
  -121.6739798565318    
  -226.0122082863598    
  -424.1365688641038    
  -851.1528859106377    
  -1153.503568672526    
  -981.0640902373392    
  -617.9142418414108    
  -508.8783577856353    
  -553.2189116614721    
  -500.7568854810496    
  -572.8289741818112    
  -958.4262544301802    
  -1198.212207613666    
  -900.2803254287230    
  -563.8558822344535    
  -787.8832855691027    
  -1191.620199121409    
  -1123.008095550050    
  -878.7706589655548    
  -1085.967705089068    
  -1435.452858476827    
  -1303.578722540727    
  -1075.746351424464    
  -1438.776643759276    
  -1922.800131885041    
  -1729.367632875662    
  -1419.868356239834    
  -1965.716651335932    
  -2729.689062090911    
  -2527.386060471562    
  -2098.380028765266    
  -2954.449323025108    
  -4289.612222566419    
  -4185.078563670731    
  -3578.385037430058    
  -5100.237363158665    
  -7805.974837437921    
  -8058.672884448315    
  -6774.875337610682    
  -9147.511753061655    
  -13029.55851016225    
  -4465.626905253032    
   26140.98382171323    
   65452.11803257704    
   84459.91174217858    
   67398.79074207203    
   27862.78847944679    
  -6351.205839948155    
  -19307.31640164518    
  -15111.15847586499    
  -6377.401791249053    
  -1664.386073409734    
  -2734.373387747750    
  -7317.560482852665    
  -11669.75574383431    
  -12792.06856349586    
  -10303.03244403963    
  -6046.615840018759    
  -1962.154629759152    
   924.7282238288049    
   1984.263740113905    
   950.8408544321578    
  -1464.965005031362    
  -3957.739639370217    
  -5765.917173123320    
  -6801.281102475014    
  -6902.259025595741    
  -5833.102497939273    
  -3923.866333348122    
  -1909.966094051792    
  -153.9698909646993    
   1359.804389004884    
   2420.925650543415    
   2669.283364588157    
   2182.338525771043    
   1371.739986407763    
   383.3466252543963    
  -852.3084538518702    
  -2111.585359924756    
  -2990.183228931175    
  -3428.317300100583    
  -3619.246444864545    
  -3519.559098217338    
  -2946.645418621471    
  -2036.567701530700    
  -1119.389165485592    
  -253.2890778241143    
   670.3909333454457    
   1501.123984249223    
   1962.738890883631    
   2083.061424114527    
   2063.129023114651    
   1861.351425876067    
   1328.365867951446    
   605.4312562475637    
  -30.63194510214014    
  -574.2635028155137    
  -1145.462359490009    
  -1605.320291926159    
  -1724.314095293862    
  -1573.858505700456    
  -1356.786989274983    
  -1020.726949813672    
  -433.0294346516235    
   242.5900663223440    
   743.0934103977409    
   1098.686789400684    
   1443.512669250865    
   1638.770283400273    
   1486.724346367635    
   1119.908186970879    
   779.2352748560444    
   416.3263641865770    
  -84.69659491712642    
  -522.6018504133406    
  -637.1610561550691    
  -526.0437392205266    
  -394.8181530203029    
  -145.2931481897728    
   356.5945386441291    
   869.3536892139323    
   1086.134715200126    
   1096.486677930695    
   1098.572870818062    
   955.0148043386904    
   516.6295313754223    
   76.24740494197857    
