  0.2993508135792862    
  0.2987982010500953    
  0.2982194888882340    
  0.2976147527825583    
  0.2969840652179306    
  0.2963274779558344    
  0.2956450175681224    
  0.2949366998619998    
  0.2942025428543054    
  0.2934425614023682    
  0.2926567524505481    
  0.2918450911109787    
  0.2910075414984356    
  0.2901440672247839    
  0.2892546290510881    
  0.2883391745824467    
  0.2873976335052911    
  0.2864299231175162    
  0.2854359563181627    
  0.2844156430897679    
  0.2833688855154665    
  0.2822955728216641    
  0.2811955808881076    
  0.2800687759049628    
  0.2789150195619557    
  0.2777341716168406    
  0.2765260856492504    
  0.2752906005572902    
  0.2740275389059658    
  0.2727367177817047    
  0.2714179594528925    
  0.2700710850734152    
  0.2686958977245635    
  0.2672921797253128    
  0.2658597106643523    
  0.2643982807227324    
  0.2629076788351115    
  0.2613876728082092    
  0.2598380111704396    
  0.2582584438417317    
  0.2566487311687222    
  0.2550086297198539    
  0.2533378770987655    
  0.2516361964966147    
  0.2499033122927519    
  0.2481389556202295    
  0.2463428552525345    
  0.2445147268492158    
  0.2426542731413105    
  0.2407611949391701    
  0.2388352005452331    
  0.2368760008000662    
  0.2348832942781212    
  0.2328567640010402    
  0.2307960941625639    
  0.2287009836848262    
  0.2265711336283218    
  0.2244062261665562    
  0.2222059304864151    
  0.2199699294610216    
  0.2176979242667169    
  0.2153896079042430    
  0.2130446514994987    
  0.2106627282440844    
  0.2082435364839952    
  0.2057867834507641    
  0.2032921575921630    
  0.2007593375317811    
  0.1981880234129480    
  0.1955779380906187    
  0.1929287975951898    
  0.1902403029112922    
  0.1875121678339098    
  0.1847441358047767    
  0.1819359587778963    
  0.1790873766768881    
  0.1761981335770667    
  0.1732680031031782    
  0.1702967814196133    
  0.1672842629936193    
  0.1642302422521549    
  0.1611345382259701    
  0.1579970014332353    
  0.1548174950000865    
  0.1515958851245434    
  0.1483320573353700    
  0.1450259313004274    
  0.1416774523778863    
  0.1382865783523189    
  0.1348532853833627    
  0.1313775832884643    
  0.1278595165632600    
  0.1242991534714647    
  0.1206965843797794    
  0.1170519331352869    
  0.1133653640789790    
  0.1096370763092458    
  0.1058672979627741    
  0.1020562918617400    
  0.9820436478767959E-01
  0.9431186766209464E-01
  0.9037918937856630E-01
  0.8640675686562035E-01
  0.8239504313123067E-01
  0.7834457206749812E-01
  0.7425591455338236E-01
  0.7012968479982956E-01
  0.6596654506329286E-01
  0.6176721250407990E-01
  0.5753245842650454E-01
  0.5326310331574004E-01
  0.4896001813335207E-01
  0.4462413098887925E-01
  0.4025642863368911E-01
  0.3585795145896285E-01
  0.3142979222225836E-01
  0.2697310162778838E-01
  0.2248909102703953E-01
  0.1797902754524370E-01
  0.1344423073711076E-01
  0.8886076819201489E-02
  0.4306002049258337E-02
 -0.2945020702489296E-03
 -0.4913894133897911E-02
 -0.9550580218905050E-02
 -0.1420291002939069E-01
 -0.1886918143349706E-01
 -0.2354764781622450E-01
 -0.2823651763112499E-01
 -0.3293395037611406E-01
 -0.3763806035581350E-01
 -0.4234692552304218E-01
 -0.4705858961826814E-01
 -0.5177105875972127E-01
 -0.5648230434880488E-01
 -0.6119027257052384E-01
 -0.6589288873855013E-01
 -0.7058805489645838E-01
 -0.7527365217373605E-01
 -0.7994755063677798E-01
 -0.8460761537006994E-01
 -0.8925170487775277E-01
 -0.9387767275307696E-01
 -0.9848337766360174E-01
 -0.1030666910095346    
 -0.1076254959028477    
 -0.1121576875865132    
 -0.1166611829770971    
 -0.1211339299143036    
 -0.1255739069919946    
 -0.1299791222562817    
 -0.1343476211287842    
 -0.1386774966223846    
 -0.1429668904005153    
 -0.1472139899535148    
 -0.1514170341060956    
 -0.1555743233529827    
 -0.1596842222272784    
 -0.1637451551507381    
 -0.1677556087183974    
 -0.1717141411457358    
 -0.1756193862254019    
 -0.1794700488131214    
 -0.1832649035637165    
 -0.1870028019214305    
 -0.1906826771147334    
 -0.1943035405273952    
 -0.1978644777780801    
 -0.2013646521676162    
 -0.2048033093266539    
 -0.2081797750961731    
 -0.2114934506798428    
 -0.2147438126220052    
 -0.2179304153933436    
 -0.2210528901315963    
 -0.2241109406629175    
 -0.2271043418683161    
 -0.2300329395010089    
 -0.2328966476608935    
 -0.2356954454943165    
 -0.2384293763854677    
 -0.2410985469861852    
 -0.2437031224084546    
 -0.2462433212854992    
 -0.2487194158720313    
 -0.2511317331961544    
 -0.2534806499300776    
 -0.2557665840733014    
 -0.2579899931149566    
 -0.2601513780318097    
 -0.2622512819232247    
 -0.2642902802130059    
 -0.2662689735486585    
 -0.2681879907861343    
 -0.2700479932881203    
 -0.2718496695603287    
 -0.2735937244924415    
 -0.2752808756791852    
 -0.2769118582937420    
 -0.2784874277335111    
 -0.2800083534628161    
 -0.2814754099393257    
 -0.2828893735596805    
 -0.2842510265060421    
 -0.2855611605551966    
 -0.2868205739541855    
 -0.2880300618567936    
 -0.2891904094194259    
 -0.2903023960554031    
 -0.2913668056331783    
 -0.2923844262733505    
 -0.2933560348225689    
 -0.2942823846768541    
 -0.2951642155275537    
 -0.2960022727181075    
 -0.2967973057044715    
 -0.2975500427509455    
 -0.2982611765360083    
 -0.2989313836115486    
 -0.2995613507803325    
 -0.3001517675856468    
 -0.3007032923059299    
 -0.3012165401193299    
 -0.3016921120893251    
 -0.3021306233796580    
 -0.3025326884194393    
 -0.3028988831392371    
 -0.3032297386098606    
 -0.3035257752629077    
 -0.3037875281666673    
 -0.3040155272751637    
 -0.3042102616726534    
 -0.3043721786700706    
 -0.3045017174324863    
 -0.3045993285319720    
 -0.3046654534286298    
 -0.3047004951443881    
 -0.3047048209533131    
 -0.3046787905831208    
 -0.3046227696326630    
 -0.3045371122171708    
 -0.3044221396091425    
 -0.3042781434547931    
 -0.3041054064375978    
 -0.3039042120000134    
 -0.3036748325830659    
 -0.3034175139548629    
 -0.3031324756744688    
 -0.3028199259108521    
 -0.3024800716412545    
 -0.3021131119132595    
 -0.3017192231117551    
 -0.3012985555713932    
 -0.3008512468867710    
 -0.3003774350201492    
 -0.2998772533018608    
 -0.2993508135792862    
 -0.2987982010500953    
 -0.2982194888882340    
 -0.2976147527825583    
 -0.2969840652179306    
 -0.2963274779558344    
 -0.2956450175681224    
 -0.2949366998619998    
 -0.2942025428543054    
 -0.2934425614023682    
 -0.2926567524505481    
 -0.2918450911109787    
 -0.2910075414984356    
 -0.2901440672247839    
 -0.2892546290510881    
 -0.2883391745824467    
 -0.2873976335052911    
 -0.2864299231175162    
 -0.2854359563181627    
 -0.2844156430897679    
 -0.2833688855154665    
 -0.2822955728216641    
 -0.2811955808881076    
 -0.2800687759049628    
 -0.2789150195619557    
 -0.2777341716168406    
 -0.2765260856492504    
 -0.2752906005572902    
 -0.2740275389059658    
 -0.2727367177817047    
 -0.2714179594528925    
 -0.2700710850734152    
 -0.2686958977245635    
 -0.2672921797253128    
 -0.2658597106643523    
 -0.2643982807227324    
 -0.2629076788351115    
 -0.2613876728082092    
 -0.2598380111704396    
 -0.2582584438417317    
 -0.2566487311687222    
 -0.2550086297198539    
 -0.2533378770987655    
 -0.2516361964966147    
 -0.2499033122927519    
 -0.2481389556202295    
 -0.2463428552525345    
 -0.2445147268492158    
 -0.2426542731413105    
 -0.2407611949391701    
 -0.2388352005452331    
 -0.2368760008000662    
 -0.2348832942781212    
 -0.2328567640010402    
 -0.2307960941625639    
 -0.2287009836848262    
 -0.2265711336283218    
 -0.2244062261665562    
 -0.2222059304864151    
 -0.2199699294610216    
 -0.2176979242667169    
 -0.2153896079042430    
 -0.2130446514994987    
 -0.2106627282440844    
 -0.2082435364839952    
 -0.2057867834507641    
 -0.2032921575921630    
 -0.2007593375317811    
 -0.1981880234129480    
 -0.1955779380906187    
 -0.1929287975951898    
 -0.1902403029112922    
 -0.1875121678339098    
 -0.1847441358047767    
 -0.1819359587778963    
 -0.1790873766768881    
 -0.1761981335770667    
 -0.1732680031031782    
 -0.1702967814196133    
 -0.1672842629936193    
 -0.1642302422521549    
 -0.1611345382259701    
 -0.1579970014332353    
 -0.1548174950000865    
 -0.1515958851245434    
 -0.1483320573353700    
 -0.1450259313004274    
 -0.1416774523778863    
 -0.1382865783523189    
 -0.1348532853833627    
 -0.1313775832884643    
 -0.1278595165632600    
 -0.1242991534714647    
 -0.1206965843797794    
 -0.1170519331352869    
 -0.1133653640789790    
 -0.1096370763092458    
 -0.1058672979627741    
 -0.1020562918617400    
 -0.9820436478767959E-01
 -0.9431186766209464E-01
 -0.9037918937856630E-01
 -0.8640675686562035E-01
 -0.8239504313123067E-01
 -0.7834457206749812E-01
 -0.7425591455338236E-01
 -0.7012968479982956E-01
 -0.6596654506329286E-01
 -0.6176721250407990E-01
 -0.5753245842650454E-01
 -0.5326310331574004E-01
 -0.4896001813335207E-01
 -0.4462413098887925E-01
 -0.4025642863368911E-01
 -0.3585795145896285E-01
 -0.3142979222225836E-01
 -0.2697310162778838E-01
 -0.2248909102703953E-01
 -0.1797902754524370E-01
 -0.1344423073711076E-01
 -0.8886076819201489E-02
 -0.4306002049258337E-02
  0.2945020702489296E-03
  0.4913894133897911E-02
  0.9550580218905050E-02
  0.1420291002939069E-01
  0.1886918143349706E-01
  0.2354764781622450E-01
  0.2823651763112499E-01
  0.3293395037611406E-01
  0.3763806035581350E-01
  0.4234692552304218E-01
  0.4705858961826814E-01
  0.5177105875972127E-01
  0.5648230434880488E-01
  0.6119027257052384E-01
  0.6589288873855013E-01
  0.7058805489645838E-01
  0.7527365217373605E-01
  0.7994755063677798E-01
  0.8460761537006994E-01
  0.8925170487775277E-01
  0.9387767275307696E-01
  0.9848337766360174E-01
  0.1030666910095346    
  0.1076254959028477    
  0.1121576875865132    
  0.1166611829770971    
  0.1211339299143036    
  0.1255739069919946    
  0.1299791222562817    
  0.1343476211287842    
  0.1386774966223846    
  0.1429668904005153    
  0.1472139899535148    
  0.1514170341060956    
  0.1555743233529827    
  0.1596842222272784    
  0.1637451551507381    
  0.1677556087183974    
  0.1717141411457358    
  0.1756193862254019    
  0.1794700488131214    
  0.1832649035637165    
  0.1870028019214305    
  0.1906826771147334    
  0.1943035405273952    
  0.1978644777780801    
  0.2013646521676162    
  0.2048033093266539    
  0.2081797750961731    
  0.2114934506798428    
  0.2147438126220052    
  0.2179304153933436    
  0.2210528901315963    
  0.2241109406629175    
  0.2271043418683161    
  0.2300329395010089    
  0.2328966476608935    
  0.2356954454943165    
  0.2384293763854677    
  0.2410985469861852    
  0.2437031224084546    
  0.2462433212854992    
  0.2487194158720313    
  0.2511317331961544    
  0.2534806499300776    
  0.2557665840733014    
  0.2579899931149566    
  0.2601513780318097    
  0.2622512819232247    
  0.2642902802130059    
  0.2662689735486585    
  0.2681879907861343    
  0.2700479932881203    
  0.2718496695603287    
  0.2735937244924415    
  0.2752808756791852    
  0.2769118582937420    
  0.2784874277335111    
  0.2800083534628161    
  0.2814754099393257    
  0.2828893735596805    
  0.2842510265060421    
  0.2855611605551966    
  0.2868205739541855    
  0.2880300618567936    
  0.2891904094194259    
  0.2903023960554031    
  0.2913668056331783    
  0.2923844262733505    
  0.2933560348225689    
  0.2942823846768541    
  0.2951642155275537    
  0.2960022727181075    
  0.2967973057044715    
  0.2975500427509455    
  0.2982611765360083    
  0.2989313836115486    
  0.2995613507803325    
  0.3001517675856468    
  0.3007032923059299    
  0.3012165401193299    
  0.3016921120893251    
  0.3021306233796580    
  0.3025326884194393    
  0.3028988831392371    
  0.3032297386098606    
  0.3035257752629077    
  0.3037875281666673    
  0.3040155272751637    
  0.3042102616726534    
  0.3043721786700706    
  0.3045017174324863    
  0.3045993285319720    
  0.3046654534286298    
  0.3047004951443881    
  0.3047048209533131    
  0.3046787905831208    
  0.3046227696326630    
  0.3045371122171708    
  0.3044221396091425    
  0.3042781434547931    
  0.3041054064375978    
  0.3039042120000134    
  0.3036748325830659    
  0.3034175139548629    
  0.3031324756744688    
  0.3028199259108521    
  0.3024800716412545    
  0.3021131119132595    
  0.3017192231117551    
  0.3012985555713932    
  0.3008512468867710    
  0.3003774350201492    
  0.2998772533018608    
