  0.2916282904045600    
  0.2964353490941702    
  0.3013916661494673    
  0.3065031822832746    
  0.3117763416002370    
  0.3172181361900098    
  0.3228361110528446    
  0.3286384009420345    
  0.3346338062199019    
  0.3408318595515177    
  0.3472428719150288    
  0.3538779810716839    
  0.3607492188615606    
  0.3678696008355796    
  0.3752532144179759    
  0.3829152689639480    
  0.3908721334491980    
  0.3991414241918542    
  0.4077420970190326    
  0.4166944265932300    
  0.4260199020433139    
  0.4357411584535601    
  0.4458818438658149    
  0.4564661689725080    
  0.4675181302312046    
  0.4790605281294897    
  0.4911134970497798    
  0.5036919696784896    
  0.5168018243085331    
  0.5304345604609124    
  0.5445595921586026    
  0.5591127262751743    
  0.5739799037466917    
  0.5889756063288156    
  0.6038149569126061    
  0.6180798851155638    
  0.6311847037963959    
  0.6423536169600832    
  0.6506306291602620    
  0.6549496132482692    
  0.6542884091882899    
  0.6478979409467883    
  0.6355380675914684    
  0.6176102174194622    
  0.5951053446139537    
  0.5693809898893709    
  0.5418714811513797    
  0.5138501217084048    
  0.4863038110670262    
  0.4599107502239873    
  0.4350797318176007    
  0.4120132770542831    
  0.3907710645297092    
  0.3713216369351059    
  0.3535795298199687    
  0.3374307826690806    
  0.3227501717304695    
  0.3094116831566122    
  0.2972939454792632    
  0.2862832156203005    
  0.2762752728194647    
  0.2671759183121046    
  0.2589002756974647    
  0.2513721014829305    
  0.2445234865999205    
  0.2382941772783548    
  0.2326303960998444    
  0.2274840252706962    
  0.2228123289526638    
  0.2185774319904422    
  0.2147454040422395    
  0.2112856965335530    
  0.2081710757884531    
  0.2053773346732042    
  0.2028826283591108    
  0.2006671012678850    
  0.1987129510141821    
  0.1970042949801936    
  0.1955266857369911    
  0.1942668587680842    
  0.1932128541598099    
  0.1923539642647918    
  0.1916803705288088    
  0.1911829755764446    
  0.1908535495847475    
  0.1906847126253639    
  0.1906696457258731    
  0.1908019810197261    
  0.1910759622933500    
  0.1914864440892902    
  0.1920286472624965    
  0.1926980835034022    
  0.1934907212569779    
  0.1944029956821286    
  0.1954315953023525    
  0.1965734061806398    
  0.1978256758429875    
  0.1991860305548817    
  0.2006522855178990    
  0.2022223985670043    
  0.2038946270795638    
  0.2056675538868561    
  0.2075399208858016    
  0.2095105846664333    
  0.2115786563197634    
  0.2137435339667224    
  0.2160047672233032    
  0.2183620195647377    
  0.2208151831882979    
  0.2233644055673308    
  0.2260099841087790    
  0.2287523474959005    
  0.2315921527440034    
  0.2345302966588882    
  0.2375678281616825    
  0.2407059508633876    
  0.2439461157978117    
  0.2472900228799811    
  0.2507395413882543    
  0.2542967252633859    
  0.2579639071529695    
  0.2617437012230303    
  0.2656389330941390    
  0.2696526600349660    
  0.2737882640531678    
  0.2780494642381078    
  0.2824402633037438    
  0.2869649705446458    
  0.2916282904045600    
  0.2964353490941702    
  0.3013916661494673    
  0.3065031822832746    
  0.3117763416002370    
  0.3172181361900098    
  0.3228361110528446    
  0.3286384009420345    
  0.3346338062199019    
  0.3408318595515177    
  0.3472428719150288    
  0.3538779810716839    
  0.3607492188615606    
  0.3678696008355796    
  0.3752532144179759    
  0.3829152689639480    
  0.3908721334491980    
  0.3991414241918542    
  0.4077420970190326    
  0.4166944265932300    
  0.4260199020433139    
  0.4357411584535601    
  0.4458818438658149    
  0.4564661689725080    
  0.4675181302312046    
  0.4790605281294897    
  0.4911134970497798    
  0.5036919696784896    
  0.5168018243085331    
  0.5304345604609124    
  0.5445595921586026    
  0.5591127262751743    
  0.5739799037466917    
  0.5889756063288156    
  0.6038149569126061    
  0.6180798851155638    
  0.6311847037963959    
  0.6423536169600832    
  0.6506306291602620    
  0.6549496132482692    
  0.6542884091882899    
  0.6478979409467883    
  0.6355380675914684    
  0.6176102174194622    
  0.5951053446139537    
  0.5693809898893709    
  0.5418714811513797    
  0.5138501217084048    
  0.4863038110670262    
  0.4599107502239873    
  0.4350797318176007    
  0.4120132770542831    
  0.3907710645297092    
  0.3713216369351059    
  0.3535795298199687    
  0.3374307826690806    
  0.3227501717304695    
  0.3094116831566122    
  0.2972939454792632    
  0.2862832156203005    
  0.2762752728194647    
  0.2671759183121046    
  0.2589002756974647    
  0.2513721014829305    
  0.2445234865999205    
  0.2382941772783548    
  0.2326303960998444    
  0.2274840252706962    
  0.2228123289526638    
  0.2185774319904422    
  0.2147454040422395    
  0.2112856965335530    
  0.2081710757884531    
  0.2053773346732042    
  0.2028826283591108    
  0.2006671012678850    
  0.1987129510141821    
  0.1970042949801936    
  0.1955266857369911    
  0.1942668587680842    
  0.1932128541598099    
  0.1923539642647918    
  0.1916803705288088    
  0.1911829755764446    
  0.1908535495847475    
  0.1906847126253639    
  0.1906696457258731    
  0.1908019810197261    
  0.1910759622933500    
  0.1914864440892902    
  0.1920286472624965    
  0.1926980835034022    
  0.1934907212569779    
  0.1944029956821286    
  0.1954315953023525    
  0.1965734061806398    
  0.1978256758429875    
  0.1991860305548817    
  0.2006522855178990    
  0.2022223985670043    
  0.2038946270795638    
  0.2056675538868561    
  0.2075399208858016    
  0.2095105846664333    
  0.2115786563197634    
  0.2137435339667224    
  0.2160047672233032    
  0.2183620195647377    
  0.2208151831882979    
  0.2233644055673308    
  0.2260099841087790    
  0.2287523474959005    
  0.2315921527440034    
  0.2345302966588882    
  0.2375678281616825    
  0.2407059508633876    
  0.2439461157978117    
  0.2472900228799811    
  0.2507395413882543    
  0.2542967252633859    
  0.2579639071529695    
  0.2617437012230303    
  0.2656389330941390    
  0.2696526600349660    
  0.2737882640531678    
  0.2780494642381078    
  0.2824402633037438    
  0.2869649705446458    
