  -81.31276579699124    
   39.28879199338633    
   152.0739612633946    
   396.2257881909739    
   906.4806202528175    
   1274.430411046049    
   1099.740042948353    
   687.4000060283270    
   531.0721495518756    
   540.5790864733613    
   468.1902890048057    
   567.8001090339917    
   1027.563520916222    
   1309.429453948624    
   967.9682788282058    
   568.7440744243452    
   799.0444749837601    
   1251.509218680678    
   1193.546420566694    
   928.3600694031979    
   1141.579716973592    
   1511.394076704950    
   1367.166226036355    
   1124.695037159399    
   1521.162513807330    
   2039.166573198514    
   1817.375758347862    
   1479.573381176259    
   2079.414381177434    
   2905.029723601688    
   2665.677329676932    
   2189.574699117273    
   3130.216548113853    
   4581.369106579073    
   4436.893340508695    
   3752.690856108208    
   5426.011601210481    
   8389.574658466394    
   8631.158747104684    
   7205.744647068788    
   9899.838197541343    
   14383.78957094887    
   5276.488454160132    
  -28026.93916126811    
  -70891.50542233074    
  -91466.35916360198    
  -72520.82875142724    
  -29123.89779806984    
   8132.356411431341    
   21844.52344763848    
   16720.89957018591    
   6780.572964535040    
   1479.323039740475    
   2715.224989722677    
   7902.980647991496    
   12816.21825041172    
   14075.36218699258    
   11256.09385539834    
   6454.434603572620    
   1879.653767150535    
  -1311.009459981689    
  -2436.725463811140    
  -1223.414868692424    
   1531.370212592568    
   4365.653446178343    
   6412.169171881495    
   7563.387932384651    
   7652.713834826908    
   6433.978735537433    
   4276.634285937605    
   1999.598236814201    
   18.43767157375093    
  -1673.499442247144    
  -2846.519901838859    
  -3108.288918392419    
  -2542.988746755357    
  -1605.310329947702    
  -465.5502700699593    
   943.3068826519599    
   2372.928431417512    
   3377.109302481312    
   3883.974951552155    
   4101.532358662672    
   3984.690643361459    
   3336.924817503917    
   2308.099568483889    
   1261.933057686214    
   268.6400022208987    
  -784.4014999740756    
  -1729.787654367310    
  -2263.185913164522    
  -2410.909328762707    
  -2390.065767320390    
  -2156.474602425703    
  -1549.473320960850    
  -724.8815783037552    
   12.44540532312634    
   651.2394427427155    
   1316.961962324269    
   1854.392710097810    
   2010.254287652120    
   1859.155887487190    
   1620.123033418949    
   1236.672760703325    
   566.8245848864173    
  -207.8152685054222    
  -796.6814593858074    
  -1227.238039274675    
  -1639.409435334500    
  -1876.884107149964    
  -1721.193244463203    
  -1315.128982241418    
  -920.9606612857229    
  -488.6375980906752    
   101.9593144432357    
   623.9232560413082    
   786.6855968607989    
   690.2178165474727    
   552.6710369266647    
   264.5979667617397    
  -316.4836143725471    
  -919.2570553059137    
  -1199.957084224023    
  -1246.221363329520    
  -1263.676173434881    
  -1096.370333158232    
  -584.9082490928113    
  -59.86398999331600    
   81.31276579699124    
  -39.28879199338633    
  -152.0739612633946    
  -396.2257881909739    
  -906.4806202528175    
  -1274.430411046049    
  -1099.740042948353    
  -687.4000060283270    
  -531.0721495518756    
  -540.5790864733613    
  -468.1902890048057    
  -567.8001090339917    
  -1027.563520916222    
  -1309.429453948624    
  -967.9682788282058    
  -568.7440744243452    
  -799.0444749837601    
  -1251.509218680678    
  -1193.546420566694    
  -928.3600694031979    
  -1141.579716973592    
  -1511.394076704950    
  -1367.166226036355    
  -1124.695037159399    
  -1521.162513807330    
  -2039.166573198514    
  -1817.375758347862    
  -1479.573381176259    
  -2079.414381177434    
  -2905.029723601688    
  -2665.677329676932    
  -2189.574699117273    
  -3130.216548113853    
  -4581.369106579073    
  -4436.893340508695    
  -3752.690856108208    
  -5426.011601210481    
  -8389.574658466394    
  -8631.158747104684    
  -7205.744647068788    
  -9899.838197541343    
  -14383.78957094887    
  -5276.488454160132    
   28026.93916126811    
   70891.50542233074    
   91466.35916360198    
   72520.82875142724    
   29123.89779806984    
  -8132.356411431341    
  -21844.52344763848    
  -16720.89957018591    
  -6780.572964535040    
  -1479.323039740475    
  -2715.224989722677    
  -7902.980647991496    
  -12816.21825041172    
  -14075.36218699258    
  -11256.09385539834    
  -6454.434603572620    
  -1879.653767150535    
   1311.009459981689    
   2436.725463811140    
   1223.414868692424    
  -1531.370212592568    
  -4365.653446178343    
  -6412.169171881495    
  -7563.387932384651    
  -7652.713834826908    
  -6433.978735537433    
  -4276.634285937605    
  -1999.598236814201    
  -18.43767157375093    
   1673.499442247144    
   2846.519901838859    
   3108.288918392419    
   2542.988746755357    
   1605.310329947702    
   465.5502700699593    
  -943.3068826519599    
  -2372.928431417512    
  -3377.109302481312    
  -3883.974951552155    
  -4101.532358662672    
  -3984.690643361459    
  -3336.924817503917    
  -2308.099568483889    
  -1261.933057686214    
  -268.6400022208987    
   784.4014999740756    
   1729.787654367310    
   2263.185913164522    
   2410.909328762707    
   2390.065767320390    
   2156.474602425703    
   1549.473320960850    
   724.8815783037552    
  -12.44540532312634    
  -651.2394427427155    
  -1316.961962324269    
  -1854.392710097810    
  -2010.254287652120    
  -1859.155887487190    
  -1620.123033418949    
  -1236.672760703325    
  -566.8245848864173    
   207.8152685054222    
   796.6814593858074    
   1227.238039274675    
   1639.409435334500    
   1876.884107149964    
   1721.193244463203    
   1315.128982241418    
   920.9606612857229    
   488.6375980906752    
  -101.9593144432357    
  -623.9232560413082    
  -786.6855968607989    
  -690.2178165474727    
  -552.6710369266647    
  -264.5979667617397    
   316.4836143725471    
   919.2570553059137    
   1199.957084224023    
   1246.221363329520    
   1263.676173434881    
   1096.370333158232    
   584.9082490928113    
   59.86398999331600    
