   1.087836258402319    
   1.089376976700783    
   1.090927309119342    
   1.092486806891057    
   1.094055109540784    
   1.095631955941086    
   1.097216994877358    
   1.098809744372022    
   1.100409753631862    
   1.102016572371863    
   1.103629498711587    
   1.105247636450884    
   1.106870360134526    
   1.108497477069634    
   1.110128710778396    
   1.111763205359827    
   1.113399739142179    
   1.115037218781332    
   1.116674704977095    
   1.118311161549674    
   1.119945559131441    
   1.121577158686649    
   1.123205341784999    
   1.124829155368521    
   1.126447299235198    
   1.128058504653442    
   1.129661548268438    
   1.131254856382027    
   1.132836500523449    
   1.134404754190922    
   1.135958329341237    
   1.137495842151218    
   1.139015303334346    
   1.140514387739705    
   1.141991015347616    
   1.143443400954796    
   1.144869653591847    
   1.146267570501458    
   1.147634717720464    
   1.148968414557418    
   1.150265614639424    
   1.151523025398866    
   1.152737435445517    
   1.153905829442768    
   1.155025147080657    
   1.156091985254517    
   1.157102507556139    
   1.158052550229116    
   1.158937817348047    
   1.159754031400398    
   1.160496857021842    
   1.161161593098859    
   1.161742945385840    
   1.162235131139674    
   1.162632134604875    
   1.162927794956562    
   1.163115746583420    
   1.163189408880409    
   1.163141964694828    
   1.162966156126776    
   1.162654059639825    
   1.162197161432857    
   1.161586632873654    
   1.160813345414237    
   1.159867513487498    
   1.158738431070192    
   1.157414687795690    
   1.155884601992186    
   1.154136300216605    
   1.152157317415467    
   1.149934187861677    
   1.147452469131649    
   1.144697025986854    
   1.141652019540238    
   1.138300472149095    
   1.134623969377882    
   1.130602967158230    
   1.126217303884333    
   1.121446145727080    
   1.116267375059308    
   1.110657222490703    
   1.104590498130272    
   1.098040812061337    
   1.090980255774399    
   1.083378961341155    
   1.075205146069539    
   1.066425403436792    
   1.057004606299804    
   1.046905482800139    
   1.036088442774027    
   1.024511707629344    
   1.012131236851945    
  0.9989003271126395    
  0.9847693237745510    
  0.9696856284160994    
  0.9535936636037557    
  0.9364346218792152    
  0.9181462643509566    
  0.8986628698265500    
  0.8779150381017033    
  0.8558292622502270    
  0.8323276334065258    
  0.8073278360445459    
  0.7807430634897652    
  0.7524816113243417    
  0.7224464744313319    
  0.6905352505339027    
  0.6566400996386835    
  0.6206474426307378    
  0.5824375827034479    
  0.5418845386806421    
  0.4988559200299926    
  0.4532125728773608    
  0.4048082282653870    
  0.3534895488092094    
  0.2990963993615985    
  0.2414617919982835    
  0.1804114468196480    
  0.1157635310345203    
  0.4732896879328437E-01
 -0.2508793799864816E-01
 -0.1016890528863034    
 -0.1826821885515005    
 -0.2682807815841342    
 -0.3587031170332792    
 -0.4541711346649475    
 -0.5549091617444224    
 -0.6611427523516678    
 -0.7730972900313402    
 -0.8909958654137027    
  -1.015056530015090    
  -1.145489532586845    
  -1.282494673673463    
  -1.426258105585632    
  -1.576948118440419    
  -1.734710461752915    
  -1.899663895830955    
  -2.071895597497159    
  -2.251455466905257    
  -2.438349300201922    
  -2.632531820195782    
  -2.833900213664756    
  -3.042287877748228    
  -3.257458006943679    
  -3.479097162595727    
  -3.706808936544955    
  -3.940107605698107    
  -4.178412302792869    
  -4.421043034183009    
  -4.667219306694431    
  -4.916060639830288    
  -5.166587967520599    
  -5.417726292206049    
  -5.668309950003352    
  -5.917091279169885    
  -6.162752558863891    
  -6.403920958150790    
  -6.639186198927441    
  -6.867120047549077    
  -7.086296679564381    
  -7.295314117918536    
  -7.492817685569110    
  -7.677525076666544    
  -7.848250664070189    
  -8.003926814322504    
  -8.143622148880270    
  -8.266557862797853    
  -8.372121930155425    
  -8.459879376987894    
  -8.529577190649563    
  -8.581144291096216    
  -8.614687968090257    
  -8.630487407590781    
  -8.628983720009176    
  -8.610765848900993    
  -8.576553032674315    
  -8.527175798922560    
  -8.463557310666054    
  -8.386695232710865    
  -8.297642952362196    
  -8.197489678117915    
  -8.087340914355631    
  -7.968301541423093    
  -7.841462212926764    
  -7.707887919870003    
  -7.568607514516851    
  -7.424604310816253    
  -7.276808612637531    
  -7.126092532593317    
  -6.973266796954714    
  -6.819079093387386    
  -6.664213548452822    
  -6.509290913323190    
  -6.354869354111868    
  -6.201446241137756    
  -6.049461186854458    
  -5.899299740928313    
  -5.751296778565352    
  -5.605739389107883    
  -5.462869979027221    
  -5.322890090835080    
  -5.185964493057617    
  -5.052224812713495    
  -4.921772650153771    
  -4.794682622216954    
  -4.671005434053913    
  -4.550770603157456    
  -4.433988695791944    
  -4.320653488269445    
  -4.210744395375587    
  -4.104228884403613    
  -4.001064380332321    
  -3.901199673538749    
  -3.804576243243959    
  -3.711129611272319    
  -3.620790427439226    
  -3.533485206179575    
  -3.449137104468825    
  -3.367666991942574    
  -3.288994481513121    
  -3.213038522559112    
  -3.139717720251953    
  -3.068950781558592    
  -3.000657028898762    
  -2.934756622674276    
  -2.871170551096477    
  -2.809820821433701    
  -2.750630899680883    
  -2.693525952247098    
  -2.638432744293203    
  -2.585279641817804    
  -2.533996979315865    
  -2.484517374947229    
  -2.436775593169097    
  -2.390708269830617    
  -2.346253994292171    
  -2.303353573069599    
  -2.261949944781189    
  -2.221987791740208    
  -2.183413404177519    
  -2.146174932246986    
  -2.110222540297782    
  -2.075508183851944    
  -2.041985359913886    
  -2.009609184292128    
  -1.978336600121863    
  -1.948126360070491    
  -1.918938832239265    
  -1.890735918507386    
  -1.863481115322946    
  -1.837139495924498    
  -1.811677521559001    
  -1.787062818201687    
  -1.763264065484779    
  -1.740251024340043    
  -1.717994642029712    
  -1.696467112552784    
  -1.675641779057035    
  -1.655492930434003    
  -1.635995705675049    
  -1.617126207445596    
  -1.598861648018233    
  -1.581180305734116    
  -1.564061326258963    
  -1.547484583533046    
  -1.531430694383623    
  -1.515881082710280    
  -1.500817974295066    
  -1.486224314150581    
  -1.472083664389280    
  -1.458380139148816    
  -1.445098406054237    
  -1.432223729997980    
  -1.419741992304898    
  -1.407639655705625    
  -1.395903716753944    
  -1.384521678627661    
  -1.373481516408981    
  -1.362771620015548    
  -1.352380766016436    
  -1.342298149679882    
  -1.332513416507830    
  -1.323016627951054    
  -1.313798194508974    
  -1.304848849541261    
  -1.296159666409376    
  -1.287722071432352    
  -1.279527840171462    
  -1.271569091554405    
  -1.263838268966140    
  -1.256328097741427    
  -1.249031550558261    
  -1.241941845707006    
  -1.235052443809048    
  -1.228357008623592    
  -1.221849370672844    
  -1.215523549576421    
  -1.209373811519332    
  -1.203394688407886    
  -1.197580938972193    
  -1.191927496745233    
  -1.186429442021056    
  -1.181082001049974    
  -1.175880568070743    
  -1.170820734944950    
  -1.165898291015889    
  -1.161109177005852    
  -1.156449435757358    
  -1.151915209996963    
  -1.147502774932496    
  -1.143208556983989    
  -1.139029125332932    
  -1.134961177322851    
  -1.131001523536729    
  -1.127147065714606    
  -1.123394782705491    
  -1.119741744123946    
  -1.116185135355010    
  -1.112722261853680    
  -1.109350533506235    
  -1.106067451472303    
  -1.102870597828761    
  -1.099757615485691    
  -1.096726191818906    
  -1.093774071478289    
  -1.090899090799882    
  -1.088099199886175    
  -1.085372456896300    
  -1.082717004056795    
  -1.080131033974326    
  -1.077612755676533    
  -1.075160385218334    
  -1.072772175295778    
  -1.070446454348712    
  -1.068181630350557    
  -1.065976158932657    
  -1.063828519127283    
  -1.061737224801942    
  -1.059700855712053    
  -1.057718076898357    
  -1.055787630771658    
  -1.053908303951894    
  -1.052078886642745    
  -1.050298157373811    
  -1.048564917294144    
  -1.046878055475359    
  -1.045236588630158    
  -1.043639631798541    
  -1.042086313906980    
  -1.040575699859766    
  -1.039106776165880    
  -1.037678506188484    
  -1.036289908765485    
  -1.034940102065098    
  -1.033628286093215    
  -1.032353682059063    
  -1.031115476520421    
  -1.029912819268845    
  -1.028744887514697    
  -1.027610967875049    
  -1.026510477677104    
  -1.025442895949633    
  -1.024407661943817    
  -1.023404128033788    
  -1.022431596456178    
  -1.021489398509450    
  -1.020576955565348    
  -1.019693782694183    
  -1.018839430268598    
  -1.018013404060307    
  -1.017215134332611    
  -1.016444029392805    
  -1.015699566517110    
  -1.014981337002769    
  -1.014289013584158    
  -1.013622277508290    
  -1.012980759196562    
  -1.012364024968595    
  -1.011771615195588    
  -1.011203103396320    
  -1.010658120641323    
  -1.010136324708063    
  -1.009637364531848    
  -1.009160896179112    
  -1.008706627716923    
  -1.008274321296520    
  -1.007863734158412    
  -1.007474555538546    
  -1.007106397841178    
  -1.006758851688136    
  -1.006431576666924    
  -1.006124372109826    
  -1.005837159938381    
  -1.005569868169829    
  -1.005322310484838    
  -1.005094181338241    
  -1.004885169224319    
  -1.004695068259268    
  -1.004523785283913    
  -1.004371252272254    
  -1.004237325242820    
  -1.004121742764342    
  -1.004024172147365    
  -1.003944309048822    
  -1.003881943728116    
  -1.003836934524107    
  -1.003809134404382    
  -1.003798371448739    
  -1.003804509183620    
  -1.003827510408233    
  -1.003867429792364    
  -1.003924338452878    
  -1.003998232382843    
  -1.004088977801474    
  -1.004196333371873    
  -1.004320047449221    
  -1.004459959012817    
  -1.004616015699851    
  -1.004788203106369    
  -1.004976460637059    
  -1.005180646641632    
  -1.005400557443557    
  -1.005635984382710    
  -1.005886789741169    
  -1.006152956133983    
  -1.006434563429264    
  -1.006731710006206    
  -1.007044445443683    
  -1.007372752104402    
  -1.007716562107246    
  -1.008075791802287    
  -1.008450379357923    
  -1.008840289340196    
  -1.009245465873744    
  -1.009665791514604    
  -1.010101124801781    
  -1.010551387781684    
  -1.011016595986008    
  -1.011496792726832    
  -1.011991966791875    
  -1.012502038282883    
  -1.013026915694128    
  -1.013566576158806    
  -1.014121112584149    
  -1.014690693435491    
  -1.015275435880892    
  -1.015875300241251    
  -1.016490128923883    
  -1.017119801192516    
  -1.017764334385076    
  -1.018423829258584    
  -1.019098341573284    
  -1.019787823126928    
  -1.020492169628831    
  -1.021211301800008    
  -1.021945196606403    
  -1.022693846983797    
  -1.023457202405020    
  -1.024235174465568    
  -1.025027727001115    
  -1.025834955764144    
  -1.026657052065439    
  -1.027494178730255    
  -1.028346391388302    
  -1.029213673799484    
  -1.030096024507566    
  -1.030993497999082    
  -1.031906161681178    
  -1.032833994439866    
  -1.033776807607718    
  -1.034734287936549    
  -1.035706164871733    
  -1.036692352086622    
  -1.037692925833456    
  -1.038708007934816    
  -1.039737727885067    
  -1.040782275861307    
  -1.041841886300250    
  -1.042916696653736    
  -1.044006644898788    
  -1.045111549938726    
  -1.046231282281899    
  -1.047365821071019    
  -1.048515146861308    
  -1.049679118162372    
  -1.050857490650364    
  -1.052050074144222    
  -1.053256864999948    
  -1.054478003236803    
  -1.055713585464429    
  -1.056963521877010    
  -1.058227569695129    
  -1.059505485003421    
  -1.060797151161029    
  -1.062102611720417    
  -1.063422003116960    
  -1.064755411503666    
  -1.066102753191846    
  -1.067463805955067    
  -1.068838350621195    
  -1.070226217201952    
  -1.071627179311850    
  -1.073040905669205    
  -1.074467084782442    
  -1.075905518486842    
  -1.077356026701470    
  -1.078818375667626    
  -1.080292429531990    
  -1.081778271349318    
  -1.083275975289158    
  -1.084785266527306    
  -1.086305551947000    
  -1.087836258402319    
  -1.089376976700783    
  -1.090927309119342    
  -1.092486806891057    
  -1.094055109540784    
  -1.095631955941086    
  -1.097216994877358    
  -1.098809744372022    
  -1.100409753631862    
  -1.102016572371863    
  -1.103629498711587    
  -1.105247636450884    
  -1.106870360134526    
  -1.108497477069634    
  -1.110128710778396    
  -1.111763205359827    
  -1.113399739142179    
  -1.115037218781332    
  -1.116674704977095    
  -1.118311161549674    
  -1.119945559131441    
  -1.121577158686649    
  -1.123205341784999    
  -1.124829155368521    
  -1.126447299235198    
  -1.128058504653442    
  -1.129661548268438    
  -1.131254856382027    
  -1.132836500523449    
  -1.134404754190922    
  -1.135958329341237    
  -1.137495842151218    
  -1.139015303334346    
  -1.140514387739705    
  -1.141991015347616    
  -1.143443400954796    
  -1.144869653591847    
  -1.146267570501458    
  -1.147634717720464    
  -1.148968414557418    
  -1.150265614639424    
  -1.151523025398866    
  -1.152737435445517    
  -1.153905829442768    
  -1.155025147080657    
  -1.156091985254517    
  -1.157102507556139    
  -1.158052550229116    
  -1.158937817348047    
  -1.159754031400398    
  -1.160496857021842    
  -1.161161593098859    
  -1.161742945385840    
  -1.162235131139674    
  -1.162632134604875    
  -1.162927794956562    
  -1.163115746583420    
  -1.163189408880409    
  -1.163141964694828    
  -1.162966156126776    
  -1.162654059639825    
  -1.162197161432857    
  -1.161586632873654    
  -1.160813345414237    
  -1.159867513487498    
  -1.158738431070192    
  -1.157414687795690    
  -1.155884601992186    
  -1.154136300216605    
  -1.152157317415467    
  -1.149934187861677    
  -1.147452469131649    
  -1.144697025986854    
  -1.141652019540238    
  -1.138300472149095    
  -1.134623969377882    
  -1.130602967158230    
  -1.126217303884333    
  -1.121446145727080    
  -1.116267375059308    
  -1.110657222490703    
  -1.104590498130272    
  -1.098040812061337    
  -1.090980255774399    
  -1.083378961341155    
  -1.075205146069539    
  -1.066425403436792    
  -1.057004606299804    
  -1.046905482800139    
  -1.036088442774027    
  -1.024511707629344    
  -1.012131236851945    
 -0.9989003271126395    
 -0.9847693237745510    
 -0.9696856284160994    
 -0.9535936636037557    
 -0.9364346218792152    
 -0.9181462643509566    
 -0.8986628698265500    
 -0.8779150381017033    
 -0.8558292622502270    
 -0.8323276334065258    
 -0.8073278360445459    
 -0.7807430634897652    
 -0.7524816113243417    
 -0.7224464744313319    
 -0.6905352505339027    
 -0.6566400996386835    
 -0.6206474426307378    
 -0.5824375827034479    
 -0.5418845386806421    
 -0.4988559200299926    
 -0.4532125728773608    
 -0.4048082282653870    
 -0.3534895488092094    
 -0.2990963993615985    
 -0.2414617919982835    
 -0.1804114468196480    
 -0.1157635310345203    
 -0.4732896879328437E-01
  0.2508793799864816E-01
  0.1016890528863034    
  0.1826821885515005    
  0.2682807815841342    
  0.3587031170332792    
  0.4541711346649475    
  0.5549091617444224    
  0.6611427523516678    
  0.7730972900313402    
  0.8909958654137027    
   1.015056530015090    
   1.145489532586845    
   1.282494673673463    
   1.426258105585632    
   1.576948118440419    
   1.734710461752915    
   1.899663895830955    
   2.071895597497159    
   2.251455466905257    
   2.438349300201922    
   2.632531820195782    
   2.833900213664756    
   3.042287877748228    
   3.257458006943679    
   3.479097162595727    
   3.706808936544955    
   3.940107605698107    
   4.178412302792869    
   4.421043034183009    
   4.667219306694431    
   4.916060639830288    
   5.166587967520599    
   5.417726292206049    
   5.668309950003352    
   5.917091279169885    
   6.162752558863891    
   6.403920958150790    
   6.639186198927441    
   6.867120047549077    
   7.086296679564381    
   7.295314117918536    
   7.492817685569110    
   7.677525076666544    
   7.848250664070189    
   8.003926814322504    
   8.143622148880270    
   8.266557862797853    
   8.372121930155425    
   8.459879376987894    
   8.529577190649563    
   8.581144291096216    
   8.614687968090257    
   8.630487407590781    
   8.628983720009176    
   8.610765848900993    
   8.576553032674315    
   8.527175798922560    
   8.463557310666054    
   8.386695232710865    
   8.297642952362196    
   8.197489678117915    
   8.087340914355631    
   7.968301541423093    
   7.841462212926764    
   7.707887919870003    
   7.568607514516851    
   7.424604310816253    
   7.276808612637531    
   7.126092532593317    
   6.973266796954714    
   6.819079093387386    
   6.664213548452822    
   6.509290913323190    
   6.354869354111868    
   6.201446241137756    
   6.049461186854458    
   5.899299740928313    
   5.751296778565352    
   5.605739389107883    
   5.462869979027221    
   5.322890090835080    
   5.185964493057617    
   5.052224812713495    
   4.921772650153771    
   4.794682622216954    
   4.671005434053913    
   4.550770603157456    
   4.433988695791944    
   4.320653488269445    
   4.210744395375587    
   4.104228884403613    
   4.001064380332321    
   3.901199673538749    
   3.804576243243959    
   3.711129611272319    
   3.620790427439226    
   3.533485206179575    
   3.449137104468825    
   3.367666991942574    
   3.288994481513121    
   3.213038522559112    
   3.139717720251953    
   3.068950781558592    
   3.000657028898762    
   2.934756622674276    
   2.871170551096477    
   2.809820821433701    
   2.750630899680883    
   2.693525952247098    
   2.638432744293203    
   2.585279641817804    
   2.533996979315865    
   2.484517374947229    
   2.436775593169097    
   2.390708269830617    
   2.346253994292171    
   2.303353573069599    
   2.261949944781189    
   2.221987791740208    
   2.183413404177519    
   2.146174932246986    
   2.110222540297782    
   2.075508183851944    
   2.041985359913886    
   2.009609184292128    
   1.978336600121863    
   1.948126360070491    
   1.918938832239265    
   1.890735918507386    
   1.863481115322946    
   1.837139495924498    
   1.811677521559001    
   1.787062818201687    
   1.763264065484779    
   1.740251024340043    
   1.717994642029712    
   1.696467112552784    
   1.675641779057035    
   1.655492930434003    
   1.635995705675049    
   1.617126207445596    
   1.598861648018233    
   1.581180305734116    
   1.564061326258963    
   1.547484583533046    
   1.531430694383623    
   1.515881082710280    
   1.500817974295066    
   1.486224314150581    
   1.472083664389280    
   1.458380139148816    
   1.445098406054237    
   1.432223729997980    
   1.419741992304898    
   1.407639655705625    
   1.395903716753944    
   1.384521678627661    
   1.373481516408981    
   1.362771620015548    
   1.352380766016436    
   1.342298149679882    
   1.332513416507830    
   1.323016627951054    
   1.313798194508974    
   1.304848849541261    
   1.296159666409376    
   1.287722071432352    
   1.279527840171462    
   1.271569091554405    
   1.263838268966140    
   1.256328097741427    
   1.249031550558261    
   1.241941845707006    
   1.235052443809048    
   1.228357008623592    
   1.221849370672844    
   1.215523549576421    
   1.209373811519332    
   1.203394688407886    
   1.197580938972193    
   1.191927496745233    
   1.186429442021056    
   1.181082001049974    
   1.175880568070743    
   1.170820734944950    
   1.165898291015889    
   1.161109177005852    
   1.156449435757358    
   1.151915209996963    
   1.147502774932496    
   1.143208556983989    
   1.139029125332932    
   1.134961177322851    
   1.131001523536729    
   1.127147065714606    
   1.123394782705491    
   1.119741744123946    
   1.116185135355010    
   1.112722261853680    
   1.109350533506235    
   1.106067451472303    
   1.102870597828761    
   1.099757615485691    
   1.096726191818906    
   1.093774071478289    
   1.090899090799882    
   1.088099199886175    
   1.085372456896300    
   1.082717004056795    
   1.080131033974326    
   1.077612755676533    
   1.075160385218334    
   1.072772175295778    
   1.070446454348712    
   1.068181630350557    
   1.065976158932657    
   1.063828519127283    
   1.061737224801942    
   1.059700855712053    
   1.057718076898357    
   1.055787630771658    
   1.053908303951894    
   1.052078886642745    
   1.050298157373811    
   1.048564917294144    
   1.046878055475359    
   1.045236588630158    
   1.043639631798541    
   1.042086313906980    
   1.040575699859766    
   1.039106776165880    
   1.037678506188484    
   1.036289908765485    
   1.034940102065098    
   1.033628286093215    
   1.032353682059063    
   1.031115476520421    
   1.029912819268845    
   1.028744887514697    
   1.027610967875049    
   1.026510477677104    
   1.025442895949633    
   1.024407661943817    
   1.023404128033788    
   1.022431596456178    
   1.021489398509450    
   1.020576955565348    
   1.019693782694183    
   1.018839430268598    
   1.018013404060307    
   1.017215134332611    
   1.016444029392805    
   1.015699566517110    
   1.014981337002769    
   1.014289013584158    
   1.013622277508290    
   1.012980759196562    
   1.012364024968595    
   1.011771615195588    
   1.011203103396320    
   1.010658120641323    
   1.010136324708063    
   1.009637364531848    
   1.009160896179112    
   1.008706627716923    
   1.008274321296520    
   1.007863734158412    
   1.007474555538546    
   1.007106397841178    
   1.006758851688136    
   1.006431576666924    
   1.006124372109826    
   1.005837159938381    
   1.005569868169829    
   1.005322310484838    
   1.005094181338241    
   1.004885169224319    
   1.004695068259268    
   1.004523785283913    
   1.004371252272254    
   1.004237325242820    
   1.004121742764342    
   1.004024172147365    
   1.003944309048822    
   1.003881943728116    
   1.003836934524107    
   1.003809134404382    
   1.003798371448739    
   1.003804509183620    
   1.003827510408233    
   1.003867429792364    
   1.003924338452878    
   1.003998232382843    
   1.004088977801474    
   1.004196333371873    
   1.004320047449221    
   1.004459959012817    
   1.004616015699851    
   1.004788203106369    
   1.004976460637059    
   1.005180646641632    
   1.005400557443557    
   1.005635984382710    
   1.005886789741169    
   1.006152956133983    
   1.006434563429264    
   1.006731710006206    
   1.007044445443683    
   1.007372752104402    
   1.007716562107246    
   1.008075791802287    
   1.008450379357923    
   1.008840289340196    
   1.009245465873744    
   1.009665791514604    
   1.010101124801781    
   1.010551387781684    
   1.011016595986008    
   1.011496792726832    
   1.011991966791875    
   1.012502038282883    
   1.013026915694128    
   1.013566576158806    
   1.014121112584149    
   1.014690693435491    
   1.015275435880892    
   1.015875300241251    
   1.016490128923883    
   1.017119801192516    
   1.017764334385076    
   1.018423829258584    
   1.019098341573284    
   1.019787823126928    
   1.020492169628831    
   1.021211301800008    
   1.021945196606403    
   1.022693846983797    
   1.023457202405020    
   1.024235174465568    
   1.025027727001115    
   1.025834955764144    
   1.026657052065439    
   1.027494178730255    
   1.028346391388302    
   1.029213673799484    
   1.030096024507566    
   1.030993497999082    
   1.031906161681178    
   1.032833994439866    
   1.033776807607718    
   1.034734287936549    
   1.035706164871733    
   1.036692352086622    
   1.037692925833456    
   1.038708007934816    
   1.039737727885067    
   1.040782275861307    
   1.041841886300250    
   1.042916696653736    
   1.044006644898788    
   1.045111549938726    
   1.046231282281899    
   1.047365821071019    
   1.048515146861308    
   1.049679118162372    
   1.050857490650364    
   1.052050074144222    
   1.053256864999948    
   1.054478003236803    
   1.055713585464429    
   1.056963521877010    
   1.058227569695129    
   1.059505485003421    
   1.060797151161029    
   1.062102611720417    
   1.063422003116960    
   1.064755411503666    
   1.066102753191846    
   1.067463805955067    
   1.068838350621195    
   1.070226217201952    
   1.071627179311850    
   1.073040905669205    
   1.074467084782442    
   1.075905518486842    
   1.077356026701470    
   1.078818375667626    
   1.080292429531990    
   1.081778271349318    
   1.083275975289158    
   1.084785266527306    
   1.086305551947000    
