  0.2913621479932699    
  0.2910822502193078    
  0.2907959867042225    
  0.2905033663497422    
  0.2902043973321827    
  0.2898990871099175    
  0.2895874424326901    
  0.2892694693495702    
  0.2889451732153569    
  0.2886145586960477    
  0.2882776297729517    
  0.2879343897464552    
  0.2875848412422549    
  0.2872289862203324    
  0.2868668259832086    
  0.2864983611812344    
  0.2861235918167014    
  0.2857425172488760    
  0.2853551361994799    
  0.2849614467579926    
  0.2845614463877522    
  0.2841551319329554    
  0.2837424996246453    
  0.2833235450848915    
  0.2828982633309280    
  0.2824666487806159    
  0.2820286952584560    
  0.2815843960013881    
  0.2811337436646508    
  0.2806767303271719    
  0.2802133474953248    
  0.2797435861060495    
  0.2792674365320611    
  0.2787848885893597    
  0.2782959315438355    
  0.2778005541147506    
  0.2772987444766694    
  0.2767904902628968    
  0.2762757785717240    
  0.2757545959743333    
  0.2752269285214623    
  0.2746927617462679    
  0.2741520806645694    
  0.2736048697774482    
  0.2730511130789524    
  0.2724907940651143    
  0.2719238957388258    
  0.2713504006108181    
  0.2707702907013305    
  0.2701835475445562    
  0.2695901521944362    
  0.2689900852309813    
  0.2683833267669801    
  0.2677698564529102    
  0.2671496534782356    
  0.2665226965720918    
  0.2658889640080443    
  0.2652484336123342    
  0.2646010827707109    
  0.2639468884318177    
  0.2632858271093040    
  0.2626178748845843    
  0.2619430074111004    
  0.2612611999216763    
  0.2605724272378822    
  0.2598766637749125    
  0.2591738835384728    
  0.2584640601223486    
  0.2577471667182881    
  0.2570231761342823    
  0.2562920608035923    
  0.2555537927772419    
  0.2548083437149937    
  0.2540556848928928    
  0.2532957872244679    
  0.2525286212757369    
  0.2517541572625357    
  0.2509723650404945    
  0.2501832141063524    
  0.2493866736152773    
  0.2485827123995009    
  0.2477712989720452    
  0.2469524015182369    
  0.2461259878939396    
  0.2452920256409247    
  0.2444504820066878    
  0.2436013239498895    
  0.2427445181327700    
  0.2418800309201710    
  0.2410078283955936    
  0.2401278763815906    
  0.2392401404467540    
  0.2383445858998868    
  0.2374411777883254    
  0.2365298809117971    
  0.2356106598440569    
  0.2346834789449495    
  0.2337483023569762    
  0.2328050940003675    
  0.2318538175844872    
  0.2308944366333121    
  0.2299269145031082    
  0.2289512143795269    
  0.2279672992696954    
  0.2269751320130386    
  0.2259746753095007    
  0.2249658917403458    
  0.2239487437677892    
  0.2229231937286920    
  0.2218892038444569    
  0.2208467362472541    
  0.2197957530028746    
  0.2187362161165693    
  0.2176680875299127    
  0.2165913291275891    
  0.2155059027610517    
  0.2144117702751855    
  0.2133088935201106    
  0.2121972343500088    
  0.2110767546292150    
  0.2099474162562451    
  0.2088091811913795    
  0.2076620114695244    
  0.2065058692028379    
  0.2053407165921860    
  0.2041665159525758    
  0.2029832297388064    
  0.2017908205602003    
  0.2005892511883860    
  0.1993784845684088    
  0.1981584838393684    
  0.1969292123637702    
  0.1956906337555958    
  0.1944427118941378    
  0.1931854109265650    
  0.1919186952819606    
  0.1906425297088446    
  0.1893568793141710    
  0.1880617095769101    
  0.1867569863474893    
  0.1854426758673586    
  0.1841187448122813    
  0.1827851603274278    
  0.1814418900388677    
  0.1800889020642466    
  0.1787261650425447    
  0.1773536481701994    
  0.1759713212265515    
  0.1745791545957556    
  0.1731771192964446    
  0.1717651870112686    
  0.1703433301082529    
  0.1689115216657325    
  0.1674697355106076    
  0.1660179462557981    
  0.1645561293227479    
  0.1630842609617539    
  0.1616023182879784    
  0.1601102793241755    
  0.1586081230313595    
  0.1570958293327818    
  0.1555733791489058    
  0.1540407544393916    
  0.1524979382347821    
  0.1509449146613818    
  0.1493816689785431    
  0.1478081876275138    
  0.1462244582707005    
  0.1446304698163342    
  0.1430262124482693    
  0.1414116776723075    
  0.1397868583649636    
  0.1381517488093876    
  0.1365063447243749    
  0.1348506433016020    
  0.1331846432536170    
  0.1315083448614860    
  0.1298217500125067    
  0.1281248622315064    
  0.1264176867193741    
  0.1247002304051549    
  0.1229725019983165    
  0.1212345120244143    
  0.1194862728522238    
  0.1177277987371414    
  0.1159591058820952    
  0.1141802124879606    
  0.1123911387821056    
  0.1105919070507969    
  0.1087825416937062    
  0.1069630692789933    
  0.1051335185781413    
  0.1032939205999176    
  0.1014443086455269    
  0.9958471836408517E-01
  0.9771518778205712E-01
  0.9583575732932165E-01
  0.9394646989685415E-01
  0.9204737090514384E-01
  0.9013850833776860E-01
  0.8821993275294238E-01
  0.8629169732618859E-01
  0.8435385792311589E-01
  0.8240647314706119E-01
  0.8044960435117186E-01
  0.7848331566821098E-01
  0.7650767407700315E-01
  0.7452274945462102E-01
  0.7252861458780158E-01
  0.7052534519201899E-01
  0.6851301997253022E-01
  0.6649172068242253E-01
  0.6446153213496736E-01
  0.6242254220994483E-01
  0.6037484190460816E-01
  0.5831852539661302E-01
  0.5625369005984420E-01
  0.5418043645524290E-01
  0.5209886836249125E-01
  0.5000909284541642E-01
  0.4791122028309669E-01
  0.4580536435584091E-01
  0.4369164204790945E-01
  0.4157017369348704E-01
  0.3944108301732240E-01
  0.3730449713451241E-01
  0.3516054654120600E-01
  0.3300936513207894E-01
  0.3085109022739934E-01
  0.2868586257972036E-01
  0.2651382636689377E-01
  0.2433512919149796E-01
  0.2214992208480707E-01
  0.1995835950695099E-01
  0.1776059934697138E-01
  0.1555680292043110E-01
  0.1334713495130026E-01
  0.1113176354431580E-01
  0.8910860173598888E-02
  0.6684599686520895E-02
  0.4453160287652211E-02
  0.2216723492066999E-02
 -0.2452591499866344E-04
 -0.2270399888489438E-02
 -0.4520707135494789E-02
 -0.6775253162448871E-02
 -0.9033840336919483E-02
 -0.1129626792664765E-01
 -0.1356233212423086E-01
 -0.1583182609176777E-01
 -0.1810454002655398E-01
 -0.2038026122094100E-01
 -0.2265877411104847E-01
 -0.2493986033295077E-01
 -0.2722329879121548E-01
 -0.2950886572780941E-01
 -0.3179633479032479E-01
 -0.3408547710768077E-01
 -0.3637606136871804E-01
 -0.3866785389558541E-01
 -0.4096061872226456E-01
 -0.4325411768974938E-01
 -0.4554811054366669E-01
 -0.4784235501644058E-01
 -0.5013660690842198E-01
 -0.5243062019236507E-01
 -0.5472414712980398E-01
 -0.5701693836983732E-01
 -0.5930874303720635E-01
 -0.6159930884275396E-01
 -0.6388838221458647E-01
 -0.6617570841317079E-01
 -0.6846103162396130E-01
 -0.7074409506512590E-01
 -0.7302464112655999E-01
 -0.7530241150646433E-01
 -0.7757714732122763E-01
 -0.7984858921443870E-01
 -0.8211647749225062E-01
 -0.8438055226586361E-01
 -0.8664055357324864E-01
 -0.8889622149461954E-01
 -0.9114729629019812E-01
 -0.9339351854942976E-01
 -0.9563462932082638E-01
 -0.9787037022689349E-01
 -0.1001004835952811    
 -0.1023247126091350    
 -0.1045428014484495    
 -0.1067544954128691    
 -0.1089595410478429    
 -0.1111576862858101    
 -0.1133486805856518    
 -0.1155322750580708    
 -0.1177082225896886    
 -0.1198762779783700    
 -0.1220361980706157    
 -0.1241877418880114    
 -0.1263306707462329    
 -0.1284647483763080    
 -0.1305897410486273    
 -0.1327054176961076    
 -0.1348115500362340    
 -0.1369079126889888    
 -0.1389942832848995    
 -0.1410704425673074    
 -0.1431361745015465    
 -0.1451912663913357    
 -0.1472355089862210    
 -0.1492686965722038    
 -0.1512906270588115    
 -0.1533011020745075    
 -0.1552999270622260    
 -0.1572869113635917    
 -0.1592618682973514    
 -0.1612246152410751    
 -0.1631749737088506    
 -0.1651127694146130    
 -0.1670378323304910    
 -0.1689499967559394    
 -0.1708491013898578    
 -0.1727349893826999    
 -0.1746075083686688    
 -0.1764665105047979    
 -0.1783118525288986    
 -0.1801433958125795    
 -0.1819610063855497    
 -0.1837645549444168    
 -0.1855539168760098    
 -0.1873289722962699    
 -0.1890896060765255    
 -0.1908357078435475    
 -0.1925671719735254    
 -0.1942838976007583    
 -0.1959857886312860    
 -0.1976727537393502    
 -0.1993447063480274    
 -0.2010015646144423    
 -0.2026432514240103    
 -0.2042696943752639    
 -0.2058808257464801    
 -0.2074765824614437    
 -0.2090569060689680    
 -0.2106217427215455    
 -0.2121710431319636    
 -0.2137047625166885    
 -0.2152228605530238    
 -0.2167253013511944    
 -0.2182120534127888    
 -0.2196830895626680    
 -0.2211383868790978    
 -0.2225779266459927    
 -0.2240016943125610    
 -0.2254096794305792    
 -0.2268018755714209    
 -0.2281782802525945    
 -0.2295388948843073    
 -0.2308837247123501    
 -0.2322127787376569    
 -0.2335260696266226    
 -0.2348236136368436    
 -0.2361054305561674    
 -0.2373715436312508    
 -0.2386219794768714    
 -0.2398567679845650    
 -0.2410759422478860    
 -0.2422795384947999    
 -0.2434675960056606    
 -0.2446401570159110    
 -0.2457972666253668    
 -0.2469389727260961    
 -0.2480653259317566    
 -0.2491763794869182    
 -0.2502721891642062    
 -0.2513528131769895    
 -0.2524183121136264    
 -0.2534687488664771    
 -0.2545041885350509    
 -0.2555246983207635    
 -0.2565303474445330    
 -0.2575212070866475    
 -0.2584973503170647    
 -0.2594588519985803    
 -0.2604057886838995    
 -0.2613382385363729    
 -0.2622562812726797    
 -0.2631599980980343    
 -0.2640494716161887    
 -0.2649247857306634    
 -0.2657860255659548    
 -0.2666332774128534    
 -0.2674666286719436    
 -0.2682861677729526    
 -0.2690919840811036    
 -0.2698841678207288    
 -0.2706628100243291    
 -0.2714280024821030    
 -0.2721798376692350    
 -0.2729184086619687    
 -0.2736438090695743    
 -0.2743561329864550    
 -0.2750554749426366    
 -0.2757419298382841    
 -0.2764155928733759    
 -0.2770765594895966    
 -0.2777249253241267    
 -0.2783607861622138    
 -0.2789842378816583    
 -0.2795953763947436    
 -0.2801942975963696    
 -0.2807810973206765    
 -0.2813558713001643    
 -0.2819187151196050    
 -0.2824697241651290    
 -0.2830089935781165    
 -0.2835366182199146    
 -0.2840526926395170    
 -0.2845573110327078    
 -0.2850505671953694    
 -0.2855325544847816    
 -0.2860033657931093    
 -0.2864630935214458    
 -0.2869118295447049    
 -0.2873496651728309    
 -0.2877766911190306    
 -0.2881929974761591    
 -0.2885986736943220    
 -0.2889938085550862    
 -0.2893784901432812    
 -0.2897528058198414    
 -0.2901168421990764    
 -0.2904706851308387    
 -0.2908144196831405    
 -0.2911481301208635    
 -0.2914718998834825    
 -0.2917858115679519    
 -0.2920899469155112    
 -0.2923843867956198    
 -0.2926692111875363    
 -0.2929444991676071    
 -0.2932103289028128    
 -0.2934667776401305    
 -0.2937139216873500    
 -0.2939518363961269    
 -0.2941805961571624    
 -0.2944002744009498    
 -0.2946109435912141    
 -0.2948126752103435    
 -0.2950055397468136    
 -0.2951896066902326    
 -0.2953649445307767    
 -0.2955316207579893    
 -0.2956897018562936    
 -0.2958392532970279    
 -0.2959803395311066    
 -0.2961130239883858    
 -0.2962373690825461    
 -0.2963534362116660    
 -0.2964612857500077    
 -0.2965609770406040    
 -0.2966525683990489    
 -0.2967361171235798    
 -0.2968116794980944    
 -0.2968793107854315    
 -0.2969390652213217    
 -0.2969909960174006    
 -0.2970351553707650    
 -0.2970715944721794    
 -0.2971003635075744    
 -0.2971215116535137    
 -0.2971350870739652    
 -0.2971411369267498    
 -0.2971397073779262    
 -0.2971308436112109    
 -0.2971145898247534    
 -0.2970909892248451    
 -0.2970600840308044    
 -0.2970219154900439    
 -0.2969765238897377    
 -0.2969239485584190    
 -0.2968642278641265    
 -0.2967973992170251    
 -0.2967234990773273    
 -0.2966425629658719    
 -0.2965546254744440    
 -0.2964597202717030    
 -0.2963578801031848    
 -0.2962491367915433    
 -0.2961335212447371    
 -0.2960110634701087    
 -0.2958817925848183    
 -0.2957457368190604    
 -0.2956029235178715    
 -0.2954533791465980    
 -0.2952971292988510    
 -0.2951341987049129    
 -0.2949646112406604    
 -0.2947883899354304    
 -0.2946055569763087    
 -0.2944161337113014    
 -0.2942201406569286    
 -0.2940175975096360    
 -0.2938085231541412    
 -0.2935929356664302    
 -0.2933708523173906    
 -0.2931422895816199    
 -0.2929072631479892    
 -0.2926657879269775    
 -0.2924178780551486    
 -0.2921635468997192    
 -0.2919028070642148    
 -0.2916356703955458    
 -0.2913621479932699    
 -0.2910822502193078    
 -0.2907959867042225    
 -0.2905033663497422    
 -0.2902043973321827    
 -0.2898990871099175    
 -0.2895874424326901    
 -0.2892694693495702    
 -0.2889451732153569    
 -0.2886145586960477    
 -0.2882776297729517    
 -0.2879343897464552    
 -0.2875848412422549    
 -0.2872289862203324    
 -0.2868668259832086    
 -0.2864983611812344    
 -0.2861235918167014    
 -0.2857425172488760    
 -0.2853551361994799    
 -0.2849614467579926    
 -0.2845614463877522    
 -0.2841551319329554    
 -0.2837424996246453    
 -0.2833235450848915    
 -0.2828982633309280    
 -0.2824666487806159    
 -0.2820286952584560    
 -0.2815843960013881    
 -0.2811337436646508    
 -0.2806767303271719    
 -0.2802133474953248    
 -0.2797435861060495    
 -0.2792674365320611    
 -0.2787848885893597    
 -0.2782959315438355    
 -0.2778005541147506    
 -0.2772987444766694    
 -0.2767904902628968    
 -0.2762757785717240    
 -0.2757545959743333    
 -0.2752269285214623    
 -0.2746927617462679    
 -0.2741520806645694    
 -0.2736048697774482    
 -0.2730511130789524    
 -0.2724907940651143    
 -0.2719238957388258    
 -0.2713504006108181    
 -0.2707702907013305    
 -0.2701835475445562    
 -0.2695901521944362    
 -0.2689900852309813    
 -0.2683833267669801    
 -0.2677698564529102    
 -0.2671496534782356    
 -0.2665226965720918    
 -0.2658889640080443    
 -0.2652484336123342    
 -0.2646010827707109    
 -0.2639468884318177    
 -0.2632858271093040    
 -0.2626178748845843    
 -0.2619430074111004    
 -0.2612611999216763    
 -0.2605724272378822    
 -0.2598766637749125    
 -0.2591738835384728    
 -0.2584640601223486    
 -0.2577471667182881    
 -0.2570231761342823    
 -0.2562920608035923    
 -0.2555537927772419    
 -0.2548083437149937    
 -0.2540556848928928    
 -0.2532957872244679    
 -0.2525286212757369    
 -0.2517541572625357    
 -0.2509723650404945    
 -0.2501832141063524    
 -0.2493866736152773    
 -0.2485827123995009    
 -0.2477712989720452    
 -0.2469524015182369    
 -0.2461259878939396    
 -0.2452920256409247    
 -0.2444504820066878    
 -0.2436013239498895    
 -0.2427445181327700    
 -0.2418800309201710    
 -0.2410078283955936    
 -0.2401278763815906    
 -0.2392401404467540    
 -0.2383445858998868    
 -0.2374411777883254    
 -0.2365298809117971    
 -0.2356106598440569    
 -0.2346834789449495    
 -0.2337483023569762    
 -0.2328050940003675    
 -0.2318538175844872    
 -0.2308944366333121    
 -0.2299269145031082    
 -0.2289512143795269    
 -0.2279672992696954    
 -0.2269751320130386    
 -0.2259746753095007    
 -0.2249658917403458    
 -0.2239487437677892    
 -0.2229231937286920    
 -0.2218892038444569    
 -0.2208467362472541    
 -0.2197957530028746    
 -0.2187362161165693    
 -0.2176680875299127    
 -0.2165913291275891    
 -0.2155059027610517    
 -0.2144117702751855    
 -0.2133088935201106    
 -0.2121972343500088    
 -0.2110767546292150    
 -0.2099474162562451    
 -0.2088091811913795    
 -0.2076620114695244    
 -0.2065058692028379    
 -0.2053407165921860    
 -0.2041665159525758    
 -0.2029832297388064    
 -0.2017908205602003    
 -0.2005892511883860    
 -0.1993784845684088    
 -0.1981584838393684    
 -0.1969292123637702    
 -0.1956906337555958    
 -0.1944427118941378    
 -0.1931854109265650    
 -0.1919186952819606    
 -0.1906425297088446    
 -0.1893568793141710    
 -0.1880617095769101    
 -0.1867569863474893    
 -0.1854426758673586    
 -0.1841187448122813    
 -0.1827851603274278    
 -0.1814418900388677    
 -0.1800889020642466    
 -0.1787261650425447    
 -0.1773536481701994    
 -0.1759713212265515    
 -0.1745791545957556    
 -0.1731771192964446    
 -0.1717651870112686    
 -0.1703433301082529    
 -0.1689115216657325    
 -0.1674697355106076    
 -0.1660179462557981    
 -0.1645561293227479    
 -0.1630842609617539    
 -0.1616023182879784    
 -0.1601102793241755    
 -0.1586081230313595    
 -0.1570958293327818    
 -0.1555733791489058    
 -0.1540407544393916    
 -0.1524979382347821    
 -0.1509449146613818    
 -0.1493816689785431    
 -0.1478081876275138    
 -0.1462244582707005    
 -0.1446304698163342    
 -0.1430262124482693    
 -0.1414116776723075    
 -0.1397868583649636    
 -0.1381517488093876    
 -0.1365063447243749    
 -0.1348506433016020    
 -0.1331846432536170    
 -0.1315083448614860    
 -0.1298217500125067    
 -0.1281248622315064    
 -0.1264176867193741    
 -0.1247002304051549    
 -0.1229725019983165    
 -0.1212345120244143    
 -0.1194862728522238    
 -0.1177277987371414    
 -0.1159591058820952    
 -0.1141802124879606    
 -0.1123911387821056    
 -0.1105919070507969    
 -0.1087825416937062    
 -0.1069630692789933    
 -0.1051335185781413    
 -0.1032939205999176    
 -0.1014443086455269    
 -0.9958471836408517E-01
 -0.9771518778205712E-01
 -0.9583575732932165E-01
 -0.9394646989685415E-01
 -0.9204737090514384E-01
 -0.9013850833776860E-01
 -0.8821993275294238E-01
 -0.8629169732618859E-01
 -0.8435385792311589E-01
 -0.8240647314706119E-01
 -0.8044960435117186E-01
 -0.7848331566821098E-01
 -0.7650767407700315E-01
 -0.7452274945462102E-01
 -0.7252861458780158E-01
 -0.7052534519201899E-01
 -0.6851301997253022E-01
 -0.6649172068242253E-01
 -0.6446153213496736E-01
 -0.6242254220994483E-01
 -0.6037484190460816E-01
 -0.5831852539661302E-01
 -0.5625369005984420E-01
 -0.5418043645524290E-01
 -0.5209886836249125E-01
 -0.5000909284541642E-01
 -0.4791122028309669E-01
 -0.4580536435584091E-01
 -0.4369164204790945E-01
 -0.4157017369348704E-01
 -0.3944108301732240E-01
 -0.3730449713451241E-01
 -0.3516054654120600E-01
 -0.3300936513207894E-01
 -0.3085109022739934E-01
 -0.2868586257972036E-01
 -0.2651382636689377E-01
 -0.2433512919149796E-01
 -0.2214992208480707E-01
 -0.1995835950695099E-01
 -0.1776059934697138E-01
 -0.1555680292043110E-01
 -0.1334713495130026E-01
 -0.1113176354431580E-01
 -0.8910860173598888E-02
 -0.6684599686520895E-02
 -0.4453160287652211E-02
 -0.2216723492066999E-02
  0.2452591499866344E-04
  0.2270399888489438E-02
  0.4520707135494789E-02
  0.6775253162448871E-02
  0.9033840336919483E-02
  0.1129626792664765E-01
  0.1356233212423086E-01
  0.1583182609176777E-01
  0.1810454002655398E-01
  0.2038026122094100E-01
  0.2265877411104847E-01
  0.2493986033295077E-01
  0.2722329879121548E-01
  0.2950886572780941E-01
  0.3179633479032479E-01
  0.3408547710768077E-01
  0.3637606136871804E-01
  0.3866785389558541E-01
  0.4096061872226456E-01
  0.4325411768974938E-01
  0.4554811054366669E-01
  0.4784235501644058E-01
  0.5013660690842198E-01
  0.5243062019236507E-01
  0.5472414712980398E-01
  0.5701693836983732E-01
  0.5930874303720635E-01
  0.6159930884275396E-01
  0.6388838221458647E-01
  0.6617570841317079E-01
  0.6846103162396130E-01
  0.7074409506512590E-01
  0.7302464112655999E-01
  0.7530241150646433E-01
  0.7757714732122763E-01
  0.7984858921443870E-01
  0.8211647749225062E-01
  0.8438055226586361E-01
  0.8664055357324864E-01
  0.8889622149461954E-01
  0.9114729629019812E-01
  0.9339351854942976E-01
  0.9563462932082638E-01
  0.9787037022689349E-01
  0.1001004835952811    
  0.1023247126091350    
  0.1045428014484495    
  0.1067544954128691    
  0.1089595410478429    
  0.1111576862858101    
  0.1133486805856518    
  0.1155322750580708    
  0.1177082225896886    
  0.1198762779783700    
  0.1220361980706157    
  0.1241877418880114    
  0.1263306707462329    
  0.1284647483763080    
  0.1305897410486273    
  0.1327054176961076    
  0.1348115500362340    
  0.1369079126889888    
  0.1389942832848995    
  0.1410704425673074    
  0.1431361745015465    
  0.1451912663913357    
  0.1472355089862210    
  0.1492686965722038    
  0.1512906270588115    
  0.1533011020745075    
  0.1552999270622260    
  0.1572869113635917    
  0.1592618682973514    
  0.1612246152410751    
  0.1631749737088506    
  0.1651127694146130    
  0.1670378323304910    
  0.1689499967559394    
  0.1708491013898578    
  0.1727349893826999    
  0.1746075083686688    
  0.1764665105047979    
  0.1783118525288986    
  0.1801433958125795    
  0.1819610063855497    
  0.1837645549444168    
  0.1855539168760098    
  0.1873289722962699    
  0.1890896060765255    
  0.1908357078435475    
  0.1925671719735254    
  0.1942838976007583    
  0.1959857886312860    
  0.1976727537393502    
  0.1993447063480274    
  0.2010015646144423    
  0.2026432514240103    
  0.2042696943752639    
  0.2058808257464801    
  0.2074765824614437    
  0.2090569060689680    
  0.2106217427215455    
  0.2121710431319636    
  0.2137047625166885    
  0.2152228605530238    
  0.2167253013511944    
  0.2182120534127888    
  0.2196830895626680    
  0.2211383868790978    
  0.2225779266459927    
  0.2240016943125610    
  0.2254096794305792    
  0.2268018755714209    
  0.2281782802525945    
  0.2295388948843073    
  0.2308837247123501    
  0.2322127787376569    
  0.2335260696266226    
  0.2348236136368436    
  0.2361054305561674    
  0.2373715436312508    
  0.2386219794768714    
  0.2398567679845650    
  0.2410759422478860    
  0.2422795384947999    
  0.2434675960056606    
  0.2446401570159110    
  0.2457972666253668    
  0.2469389727260961    
  0.2480653259317566    
  0.2491763794869182    
  0.2502721891642062    
  0.2513528131769895    
  0.2524183121136264    
  0.2534687488664771    
  0.2545041885350509    
  0.2555246983207635    
  0.2565303474445330    
  0.2575212070866475    
  0.2584973503170647    
  0.2594588519985803    
  0.2604057886838995    
  0.2613382385363729    
  0.2622562812726797    
  0.2631599980980343    
  0.2640494716161887    
  0.2649247857306634    
  0.2657860255659548    
  0.2666332774128534    
  0.2674666286719436    
  0.2682861677729526    
  0.2690919840811036    
  0.2698841678207288    
  0.2706628100243291    
  0.2714280024821030    
  0.2721798376692350    
  0.2729184086619687    
  0.2736438090695743    
  0.2743561329864550    
  0.2750554749426366    
  0.2757419298382841    
  0.2764155928733759    
  0.2770765594895966    
  0.2777249253241267    
  0.2783607861622138    
  0.2789842378816583    
  0.2795953763947436    
  0.2801942975963696    
  0.2807810973206765    
  0.2813558713001643    
  0.2819187151196050    
  0.2824697241651290    
  0.2830089935781165    
  0.2835366182199146    
  0.2840526926395170    
  0.2845573110327078    
  0.2850505671953694    
  0.2855325544847816    
  0.2860033657931093    
  0.2864630935214458    
  0.2869118295447049    
  0.2873496651728309    
  0.2877766911190306    
  0.2881929974761591    
  0.2885986736943220    
  0.2889938085550862    
  0.2893784901432812    
  0.2897528058198414    
  0.2901168421990764    
  0.2904706851308387    
  0.2908144196831405    
  0.2911481301208635    
  0.2914718998834825    
  0.2917858115679519    
  0.2920899469155112    
  0.2923843867956198    
  0.2926692111875363    
  0.2929444991676071    
  0.2932103289028128    
  0.2934667776401305    
  0.2937139216873500    
  0.2939518363961269    
  0.2941805961571624    
  0.2944002744009498    
  0.2946109435912141    
  0.2948126752103435    
  0.2950055397468136    
  0.2951896066902326    
  0.2953649445307767    
  0.2955316207579893    
  0.2956897018562936    
  0.2958392532970279    
  0.2959803395311066    
  0.2961130239883858    
  0.2962373690825461    
  0.2963534362116660    
  0.2964612857500077    
  0.2965609770406040    
  0.2966525683990489    
  0.2967361171235798    
  0.2968116794980944    
  0.2968793107854315    
  0.2969390652213217    
  0.2969909960174006    
  0.2970351553707650    
  0.2970715944721794    
  0.2971003635075744    
  0.2971215116535137    
  0.2971350870739652    
  0.2971411369267498    
  0.2971397073779262    
  0.2971308436112109    
  0.2971145898247534    
  0.2970909892248451    
  0.2970600840308044    
  0.2970219154900439    
  0.2969765238897377    
  0.2969239485584190    
  0.2968642278641265    
  0.2967973992170251    
  0.2967234990773273    
  0.2966425629658719    
  0.2965546254744440    
  0.2964597202717030    
  0.2963578801031848    
  0.2962491367915433    
  0.2961335212447371    
  0.2960110634701087    
  0.2958817925848183    
  0.2957457368190604    
  0.2956029235178715    
  0.2954533791465980    
  0.2952971292988510    
  0.2951341987049129    
  0.2949646112406604    
  0.2947883899354304    
  0.2946055569763087    
  0.2944161337113014    
  0.2942201406569286    
  0.2940175975096360    
  0.2938085231541412    
  0.2935929356664302    
  0.2933708523173906    
  0.2931422895816199    
  0.2929072631479892    
  0.2926657879269775    
  0.2924178780551486    
  0.2921635468997192    
  0.2919028070642148    
  0.2916356703955458    
