  0.2780837765900577    
  0.2827666765724258    
  0.2875937340661300    
  0.2925704738661231    
  0.2977029275150753    
  0.3029976092889526    
  0.3084615076869126    
  0.3141021904559499    
  0.3199278832270229    
  0.3259474599412760    
  0.3321704889222705    
  0.3386073581571935    
  0.3452693331553077    
  0.3521685658005356    
  0.3593182022353065    
  0.3667325230263650    
  0.3744269629073951    
  0.3824181230269680    
  0.3907239197518960    
  0.3993636854134698    
  0.4083580574976350    
  0.4177288746175151    
  0.4274991905241957    
  0.4376930405440687    
  0.4483347495693253    
  0.4594480742992663    
  0.4710551391017966    
  0.4831744186026506    
  0.4958173133723163    
  0.5089834352225284    
  0.5226539409985486    
  0.5367811491198449    
  0.5512731616862768    
  0.5659729881136268    
  0.5806308294495220    
  0.5948683565129225    
  0.6081386176297111    
  0.6196932095519256    
  0.6285772263449131    
  0.6336829002582158    
  0.6338959034167466    
  0.6283391546507443    
  0.6166491640901501    
  0.5991563996051930    
  0.5768579601798118    
  0.5511807397462218    
  0.5236522522055067    
  0.4956257026357493    
  0.4681372229788536    
  0.4418843840376627    
  0.4172742707807746    
  0.3944960762102136    
  0.3735920066867548    
  0.3545135980898452    
  0.3371607122937842    
  0.3214074692443281    
  0.3071195746862167    
  0.2941645787161448    
  0.2824166620329701    
  0.2717590300970744    
  0.2620855858665331    
  0.2533012348643096    
  0.2453207945414277    
  0.2380680333930151    
  0.2314753789817568    
  0.2254832102276633    
  0.2200384762171082    
  0.2150937762859892    
  0.2106071661198892    
  0.2065416439002518    
  0.2028641044752152    
  0.1995447501018672    
  0.1965571234552568    
  0.1938778108187421    
  0.1914856682804027    
  0.1893614672955351    
  0.1874880689504196    
  0.1858502591924237    
  0.1844341483102295    
  0.1832269582814888    
  0.1822172691964905    
  0.1813949283509129    
  0.1807505604471263    
  0.1802754383790935    
  0.1799617591591452    
  0.1798025934741382    
  0.1797914729907504    
  0.1799223132550446    
  0.1801896940638792    
  0.1805888273604811    
  0.1811152010103975    
  0.1817645386703959    
  0.1825330738752180    
  0.1834175228572595    
  0.1844147685015145    
  0.1855218462285589    
  0.1867362083365650    
  0.1880556975926999    
  0.1894782615588876    
  0.1910019547031571    
  0.1926251892500365    
  0.1943467090424461    
  0.1961653312066065    
  0.1980799589056769    
  0.2000898145964223    
  0.2021944130376214    
  0.2043933299919529    
  0.2066862240728067    
  0.2090730499647879    
  0.2115540289604387    
  0.2141294446407941    
  0.2167996741783964    
  0.2195653809722500    
  0.2224274816649547    
  0.2253869685844944    
  0.2284449511972169    
  0.2316028287665893    
  0.2348622540416858    
  0.2382249826236673    
  0.2416929249197045    
  0.2452682996581255    
  0.2489535958327529    
  0.2527514504181136    
  0.2566647110316349    
  0.2606965706814433    
  0.2648505306172707    
  0.2691303097467023    
  0.2735399188627478    
  0.2780837765900577    
  0.2827666765724258    
  0.2875937340661300    
  0.2925704738661231    
  0.2977029275150753    
  0.3029976092889526    
  0.3084615076869126    
  0.3141021904559499    
  0.3199278832270229    
  0.3259474599412760    
  0.3321704889222705    
  0.3386073581571935    
  0.3452693331553077    
  0.3521685658005356    
  0.3593182022353065    
  0.3667325230263650    
  0.3744269629073951    
  0.3824181230269680    
  0.3907239197518960    
  0.3993636854134698    
  0.4083580574976350    
  0.4177288746175151    
  0.4274991905241957    
  0.4376930405440687    
  0.4483347495693253    
  0.4594480742992663    
  0.4710551391017966    
  0.4831744186026506    
  0.4958173133723163    
  0.5089834352225284    
  0.5226539409985486    
  0.5367811491198449    
  0.5512731616862768    
  0.5659729881136268    
  0.5806308294495220    
  0.5948683565129225    
  0.6081386176297111    
  0.6196932095519256    
  0.6285772263449131    
  0.6336829002582158    
  0.6338959034167466    
  0.6283391546507443    
  0.6166491640901501    
  0.5991563996051930    
  0.5768579601798118    
  0.5511807397462218    
  0.5236522522055067    
  0.4956257026357493    
  0.4681372229788536    
  0.4418843840376627    
  0.4172742707807746    
  0.3944960762102136    
  0.3735920066867548    
  0.3545135980898452    
  0.3371607122937842    
  0.3214074692443281    
  0.3071195746862167    
  0.2941645787161448    
  0.2824166620329701    
  0.2717590300970744    
  0.2620855858665331    
  0.2533012348643096    
  0.2453207945414277    
  0.2380680333930151    
  0.2314753789817568    
  0.2254832102276633    
  0.2200384762171082    
  0.2150937762859892    
  0.2106071661198892    
  0.2065416439002518    
  0.2028641044752152    
  0.1995447501018672    
  0.1965571234552568    
  0.1938778108187421    
  0.1914856682804027    
  0.1893614672955351    
  0.1874880689504196    
  0.1858502591924237    
  0.1844341483102295    
  0.1832269582814888    
  0.1822172691964905    
  0.1813949283509129    
  0.1807505604471263    
  0.1802754383790935    
  0.1799617591591452    
  0.1798025934741382    
  0.1797914729907504    
  0.1799223132550446    
  0.1801896940638792    
  0.1805888273604811    
  0.1811152010103975    
  0.1817645386703959    
  0.1825330738752180    
  0.1834175228572595    
  0.1844147685015145    
  0.1855218462285589    
  0.1867362083365650    
  0.1880556975926999    
  0.1894782615588876    
  0.1910019547031571    
  0.1926251892500365    
  0.1943467090424461    
  0.1961653312066065    
  0.1980799589056769    
  0.2000898145964223    
  0.2021944130376214    
  0.2043933299919529    
  0.2066862240728067    
  0.2090730499647879    
  0.2115540289604387    
  0.2141294446407941    
  0.2167996741783964    
  0.2195653809722500    
  0.2224274816649547    
  0.2253869685844944    
  0.2284449511972169    
  0.2316028287665893    
  0.2348622540416858    
  0.2382249826236673    
  0.2416929249197045    
  0.2452682996581255    
  0.2489535958327529    
  0.2527514504181136    
  0.2566647110316349    
  0.2606965706814433    
  0.2648505306172707    
  0.2691303097467023    
  0.2735399188627478    
