  0.3776411518499109    
  0.3769225749169646    
  0.3760736761485875    
  0.3750956682418712    
  0.3739894900567674    
  0.3727558448227920    
  0.3713951980446518    
  0.3699077567137069    
  0.3682934836242508    
  0.3665521386133710    
  0.3646832910254473    
  0.3626862977083760    
  0.3605603000132410    
  0.3583042583637712    
  0.3559169767504815    
  0.3533970878059062    
  0.3507430375573066    
  0.3479531072885182    
  0.3450254439703783    
  0.3419580572021902    
  0.3387488000995105    
  0.3353953776622437    
  0.3318953761775905    
  0.3282462719789751    
  0.3244454166271965    
  0.3204900362295321    
  0.3163772555457554    
  0.3121041150433175    
  0.3076675652243022    
  0.3030644639611304    
  0.2982915957928349    
  0.2933456939160864    
  0.2882234450118736    
  0.2829214908745440    
  0.2774364468014203    
  0.2717649277805272    
  0.2659035639543844    
  0.2598490109269064    
  0.2535979721377692    
  0.2471472308775840    
  0.2404936768939706    
  0.2336343283434890    
  0.2265663626401095    
  0.2192871571119602    
  0.2117943278491446    
  0.2040857651485696    
  0.1961596758630715    
  0.1880146348908489    
  0.1796496367296346    
  0.1710641444048874    
  0.1622581435615610    
  0.1532322041740722    
  0.1439875423130648    
  0.1345260786190087    
  0.1248504993742571    
  0.1149643223196301    
  0.1048719602927210    
  0.9457877866589326E-01
  0.8409115102404897E-01
  0.7341651481438466E-01
  0.6256342018775354E-01
  0.5154156730098709E-01
  0.4036183553877756E-01
  0.2903630630004824E-01
  0.1757827275876757E-01
  0.6002231468383534E-02
 -0.5676140896244573E-02
 -0.1744002319275251E-01
 -0.2927150360038558E-01
 -0.4115165637168291E-01
 -0.5306063726468541E-01
 -0.6497779298189385E-01
 -0.7688178845754573E-01
 -0.8875075584071733E-01
 -0.1005624590700926    
 -0.1122944660840077    
 -0.1239243299896256    
 -0.1354297822878238    
 -0.1467889306982026    
 -0.1579804505529130    
 -0.1689837691816813    
 -0.1797792474096557    
 -0.1903483515969360    
 -0.2006738036641030    
 -0.2107397079661507    
 -0.2205316626204837    
 -0.2300368527031750    
 -0.2392441130501572    
 -0.2481439593849780    
 -0.2567285999314227    
 -0.2649919310864456    
 -0.2729295060652296    
 -0.2805384735053036    
 -0.2878175011490047    
 -0.2947666947890001    
 -0.3013875028300566    
 -0.3076825990280476    
 -0.3136557577507715    
 -0.3193117375697392    
 -0.3246561658552545    
 -0.3296954110112861    
 -0.3344364519338169    
 -0.3388867642291559    
 -0.3430542198558809    
 -0.3469469818701785    
 -0.3505733966653436    
 -0.3539419046337508    
 -0.3570609712242458    
 -0.3599390176834263    
 -0.3625843465642539    
 -0.3650050826665538    
 -0.3672091369663262    
 -0.3692041722209543    
 -0.3709975586793990    
 -0.3725963402102315    
 -0.3740072249294626    
 -0.3752365790056963    
 -0.3762904040282791    
 -0.3771743175037359    
 -0.3778935604589483    
 -0.3784530134465598    
 -0.3788571896642287    
 -0.3791102190182670    
 -0.3792158601405816    
 -0.3791775324093495    
 -0.3789983245899550    
 -0.3786809779204214    
 -0.3782278898467014    
 -0.3776411518499109    
 -0.3769225749169646    
 -0.3760736761485875    
 -0.3750956682418712    
 -0.3739894900567674    
 -0.3727558448227920    
 -0.3713951980446518    
 -0.3699077567137069    
 -0.3682934836242508    
 -0.3665521386133710    
 -0.3646832910254473    
 -0.3626862977083760    
 -0.3605603000132410    
 -0.3583042583637712    
 -0.3559169767504815    
 -0.3533970878059062    
 -0.3507430375573066    
 -0.3479531072885182    
 -0.3450254439703783    
 -0.3419580572021902    
 -0.3387488000995105    
 -0.3353953776622437    
 -0.3318953761775905    
 -0.3282462719789751    
 -0.3244454166271965    
 -0.3204900362295321    
 -0.3163772555457554    
 -0.3121041150433175    
 -0.3076675652243022    
 -0.3030644639611304    
 -0.2982915957928349    
 -0.2933456939160864    
 -0.2882234450118736    
 -0.2829214908745440    
 -0.2774364468014203    
 -0.2717649277805272    
 -0.2659035639543844    
 -0.2598490109269064    
 -0.2535979721377692    
 -0.2471472308775840    
 -0.2404936768939706    
 -0.2336343283434890    
 -0.2265663626401095    
 -0.2192871571119602    
 -0.2117943278491446    
 -0.2040857651485696    
 -0.1961596758630715    
 -0.1880146348908489    
 -0.1796496367296346    
 -0.1710641444048874    
 -0.1622581435615610    
 -0.1532322041740722    
 -0.1439875423130648    
 -0.1345260786190087    
 -0.1248504993742571    
 -0.1149643223196301    
 -0.1048719602927210    
 -0.9457877866589326E-01
 -0.8409115102404897E-01
 -0.7341651481438466E-01
 -0.6256342018775354E-01
 -0.5154156730098709E-01
 -0.4036183553877756E-01
 -0.2903630630004824E-01
 -0.1757827275876757E-01
 -0.6002231468383534E-02
  0.5676140896244573E-02
  0.1744002319275251E-01
  0.2927150360038558E-01
  0.4115165637168291E-01
  0.5306063726468541E-01
  0.6497779298189385E-01
  0.7688178845754573E-01
  0.8875075584071733E-01
  0.1005624590700926    
  0.1122944660840077    
  0.1239243299896256    
  0.1354297822878238    
  0.1467889306982026    
  0.1579804505529130    
  0.1689837691816813    
  0.1797792474096557    
  0.1903483515969360    
  0.2006738036641030    
  0.2107397079661507    
  0.2205316626204837    
  0.2300368527031750    
  0.2392441130501572    
  0.2481439593849780    
  0.2567285999314227    
  0.2649919310864456    
  0.2729295060652296    
  0.2805384735053036    
  0.2878175011490047    
  0.2947666947890001    
  0.3013875028300566    
  0.3076825990280476    
  0.3136557577507715    
  0.3193117375697392    
  0.3246561658552545    
  0.3296954110112861    
  0.3344364519338169    
  0.3388867642291559    
  0.3430542198558809    
  0.3469469818701785    
  0.3505733966653436    
  0.3539419046337508    
  0.3570609712242458    
  0.3599390176834263    
  0.3625843465642539    
  0.3650050826665538    
  0.3672091369663262    
  0.3692041722209543    
  0.3709975586793990    
  0.3725963402102315    
  0.3740072249294626    
  0.3752365790056963    
  0.3762904040282791    
  0.3771743175037359    
  0.3778935604589483    
  0.3784530134465598    
  0.3788571896642287    
  0.3791102190182670    
  0.3792158601405816    
  0.3791775324093495    
  0.3789983245899550    
  0.3786809779204214    
  0.3782278898467014    
