  0.9232644773055715E-01
  0.9090405742650498E-01
  0.8947832282769808E-01
  0.8804928485848934E-01
  0.8661698461928063E-01
  0.8518146338814386E-01
  0.8374276262237329E-01
  0.8230092395996591E-01
  0.8085598922103504E-01
  0.7940800040915175E-01
  0.7795699971261816E-01
  0.7650302950566940E-01
  0.7504613234960827E-01
  0.7358635099386990E-01
  0.7212372837701819E-01
  0.7065830762767145E-01
  0.6919013206536295E-01
  0.6771924520133027E-01
  0.6624569073923997E-01
  0.6476951257584135E-01
  0.6329075480155688E-01
  0.6180946170100460E-01
  0.6032567775345599E-01
  0.5883944763322613E-01
  0.5735081621000315E-01
  0.5585982854911009E-01
  0.5436652991170576E-01
  0.5287096575491973E-01
  0.5137318173192762E-01
  0.4987322369196212E-01
  0.4837113768026358E-01
  0.4686696993796735E-01
  0.4536076690193563E-01
  0.4385257520452340E-01
  0.4234244167329115E-01
  0.4083041333065524E-01
  0.3931653739348473E-01
  0.3780086127263976E-01
  0.3628343257245659E-01
  0.3476429909017392E-01
  0.3324350881531002E-01
  0.3172110992898247E-01
  0.3019715080317770E-01
  0.2867167999996517E-01
  0.2714474627066443E-01
  0.2561639855495729E-01
  0.2408668597995400E-01
  0.2255565785920743E-01
  0.2102336369168301E-01
  0.1948985316067914E-01
  0.1795517613270431E-01
  0.1641938265630644E-01
  0.1488252296086268E-01
  0.1334464745532221E-01
  0.1180580672690940E-01
  0.1026605153978277E-01
  0.8725432833655844E-02
  0.7184001722375655E-02
  0.5641809492463734E-02
  0.4098907601616464E-02
  0.2555347677170694E-02
  0.1011181514532167E-02
 -0.5335389244309763E-03
 -0.2078761513029603E-02
 -0.3624433961424367E-02
 -0.5170503818333116E-02
 -0.6716918472764621E-02
 -0.8263625155788101E-02
 -0.9810570942326791E-02
 -0.1135770275298348E-01
 -0.1290496735589314E-01
 -0.1445231136860436E-01
 -0.1599968125998497E-01
 -0.1754702335215480E-01
 -0.1909428382244016E-01
 -0.2064140870535530E-01
 -0.2218834389460161E-01
 -0.2373503514509046E-01
 -0.2528142807498401E-01
 -0.2682746816775872E-01
 -0.2837310077428334E-01
 -0.2991827111491863E-01
 -0.3146292428163222E-01
 -0.3300700524013239E-01
 -0.3455045883201607E-01
 -0.3609322977693186E-01
 -0.3763526267475736E-01
 -0.3917650200779144E-01
 -0.4071689214295343E-01
 -0.4225637733399834E-01
 -0.4379490172373895E-01
 -0.4533240934628013E-01
 -0.4686884412925951E-01
 -0.4840414989609859E-01
 -0.4993827036826071E-01
 -0.5147114916751838E-01
 -0.5300272981822474E-01
 -0.5453295574959333E-01
 -0.5606177029798221E-01
 -0.5758911670918354E-01
 -0.5911493814071522E-01
 -0.6063917766411658E-01
 -0.6216177826724500E-01
 -0.6368268285657680E-01
 -0.6520183425950726E-01
 -0.6671917522665133E-01
 -0.6823464843414712E-01
 -0.6974819648595892E-01
 -0.7125976191617939E-01
 -0.7276928719133297E-01
 -0.7427671471267611E-01
 -0.7578198681850012E-01
 -0.7728504578642820E-01
 -0.7878583383571214E-01
 -0.8028429312952512E-01
 -0.8178036577725362E-01
 -0.8327399383678297E-01
 -0.8476511931678021E-01
 -0.8625368417897405E-01
 -0.8773963034043186E-01
 -0.8922289967583064E-01
 -0.9070343401972597E-01
 -0.9218117516881746E-01
 -0.9365606488420930E-01
 -0.9512804489366827E-01
 -0.9659705689387560E-01
 -0.9806304255267601E-01
 -0.9952594351132271E-01
 -0.1009857013867159    
 -0.1024422577736401    
 -0.1038955542469946    
 -0.1053455323640251    
 -0.1067921336665461    
 -0.1082352996831635    
 -0.1096749719314949    
 -0.1111110919203859    
 -0.1125436011521266    
 -0.1139724411246623    
 -0.1153975533338075    
 -0.1168188792754568    
 -0.1182363604477967    
 -0.1196499383535161    
 -0.1210595545020183    
 -0.1224651504116356    
 -0.1238666676118419    
 -0.1252640476454708    
 -0.1266572320709338    
 -0.1280461624644455    
 -0.1294307804222508    
 -0.1308110275628593    
 -0.1321868455292865    
 -0.1335581759913036    
 -0.1349249606476963    
 -0.1362871412285304    
 -0.1376446594974308    
 -0.1389974572538710    
 -0.1403454763354732    
 -0.1416886586203221    
 -0.1430269460292931    
 -0.1443602805283958    
 -0.1456886041311345    
 -0.1470118589008875    
 -0.1483299869533052    
 -0.1496429304587312    
 -0.1509506316446462    
 -0.1522530327981328    
 -0.1535500762683712    
 -0.1548417044691588    
 -0.1561278598814593    
 -0.1574084850559812    
 -0.1586835226157872    
 -0.1599529152589383    
 -0.1612166057611680    
 -0.1624745369785956    
 -0.1637266518504729    
 -0.1649728934019761    
 -0.1662132047470359    
 -0.1674475290912112    
 -0.1686758097346121    
 -0.1698979900748682    
 -0.1711140136101454    
 -0.1723238239422136    
 -0.1735273647795654    
 -0.1747245799405901    
 -0.1759154133568028    
 -0.1770998090761311    
 -0.1782777112662645    
 -0.1794490642180663    
 -0.1806138123490502    
 -0.1817719002069211    
 -0.1829232724731856    
 -0.1840678739668302    
 -0.1852056496480713    
 -0.1863365446221781    
 -0.1874605041433723    
 -0.1885774736188077    
 -0.1896873986126288    
 -0.1907902248501119    
 -0.1918858982218905    
 -0.1929743647882662    
 -0.1940555707836044    
 -0.1951294626208184    
 -0.1961959868959451    
 -0.1972550903928117    
 -0.1983067200877997    
 -0.1993508231547010    
 -0.2003873469696742    
 -0.2014162391163010    
 -0.2024374473907397    
 -0.2034509198069820    
 -0.2044566046022136    
 -0.2054544502422773    
 -0.2064444054272438    
 -0.2074264190970847    
 -0.2084004404374565    
 -0.2093664188855933    
 -0.2103243041363065    
 -0.2112740461480986    
 -0.2122155951493849    
 -0.2131489016448305    
 -0.2140739164217951    
 -0.2149905905568881    
 -0.2158988754226350    
 -0.2167987226942567    
 -0.2176900843565586    
 -0.2185729127109330    
 -0.2194471603824732    
 -0.2203127803271991    
 -0.2211697258393923    
 -0.2220179505590358    
 -0.2228574084793633    
 -0.2236880539545136    
 -0.2245098417072902    
 -0.2253227268370219    
 -0.2261266648275291    
 -0.2269216115551860    
 -0.2277075232970802    
 -0.2284843567392621    
 -0.2292520689850875    
 -0.2300106175636492    
 -0.2307599604382931    
 -0.2315000560152174    
 -0.2322308631521510    
 -0.2329523411671066    
 -0.2336644498472031    
 -0.2343671494575532    
 -0.2350604007502113    
 -0.2357441649731808    
 -0.2364184038794717    
 -0.2370830797362038    
 -0.2377381553337550    
 -0.2383835939949423    
 -0.2390193595842353    
 -0.2396454165169879    
 -0.2402617297686889    
 -0.2408682648842221    
 -0.2414649879871309    
 -0.2420518657888757    
 -0.2426288655980868    
 -0.2431959553297931    
 -0.2437531035146254    
 -0.2443002793079820    
 -0.2448374524991517    
 -0.2453645935203896    
 -0.2458816734559353    
 -0.2463886640509623    
 -0.2468855377204530    
 -0.2473722675579812    
 -0.2478488273443984    
 -0.2483151915564086    
 -0.2487713353750359    
 -0.2492172346939692    
 -0.2496528661277808    
 -0.2500782070199985    
 -0.2504932354510254    
 -0.2508979302458885    
 -0.2512922709818137    
 -0.2516762379956148    
 -0.2520498123908972    
 -0.2524129760450651    
 -0.2527657116161171    
 -0.2531080025492152    
 -0.2534398330830218    
 -0.2537611882557866    
 -0.2540720539111858    
 -0.2543724167038970    
 -0.2546622641049137    
 -0.2549415844065814    
 -0.2552103667273466    
 -0.2554686010162004    
 -0.2557162780568232    
 -0.2559533894714056    
 -0.2561799277241557    
 -0.2563958861244704    
 -0.2566012588297746    
 -0.2567960408480144    
 -0.2569802280397990    
 -0.2571538171201815    
 -0.2573168056600823    
 -0.2574691920873419    
 -0.2576109756874005    
 -0.2577421566035973    
 -0.2578627358370813    
 -0.2579727152463369    
 -0.2580720975463158    
 -0.2581608863071691    
 -0.2582390859525923    
 -0.2583067017577660    
 -0.2583637398468999    
 -0.2584102071903718    
 -0.2584461116014656    
 -0.2584714617327046    
 -0.2584862670717833    
 -0.2584905379370945    
 -0.2584842854728635    
 -0.2584675216438819    
 -0.2584402592298556    
 -0.2584025118193540    
 -0.2583542938033803    
 -0.2582956203685493    
 -0.2582265074898926    
 -0.2581469719232830    
 -0.2580570311975039    
 -0.2579567036059567    
 -0.2578460081980187    
 -0.2577249647700528    
 -0.2575935938560787    
 -0.2574519167181114    
 -0.2572999553361879    
 -0.2571377323980774    
 -0.2569652712886996    
 -0.2567825960792447    
 -0.2565897315160142    
 -0.2563867030089850    
 -0.2561735366201272    
 -0.2559502590514766    
 -0.2557168976329793    
 -0.2554734803101035    
 -0.2552200356312420    
 -0.2549565927349117    
 -0.2546831813367747    
 -0.2543998317164914    
 -0.2541065747044206    
 -0.2538034416681704    
 -0.2534904644990166    
 -0.2531676755981973    
 -0.2528351078631144    
 -0.2524927946734450    
 -0.2521407698771803    
 -0.2517790677765921    
 -0.2514077231141520    
 -0.2510267710584124    
 -0.2506362471898754    
 -0.2502361874868504    
 -0.2498266283113246    
 -0.2494076063948423    
 -0.2489791588244170    
 -0.2485413230284830    
 -0.2480941367629088    
 -0.2476376380970806    
 -0.2471718654000694    
 -0.2466968573268882    
 -0.2462126528048574    
 -0.2457192910200849    
 -0.2452168114040769    
 -0.2447052536204817    
 -0.2441846575519844    
 -0.2436550632873566    
 -0.2431165111086790    
 -0.2425690414787346    
 -0.2420126950285997    
 -0.2414475125454236    
 -0.2408735349604165    
 -0.2402908033370443    
 -0.2396993588594451    
 -0.2390992428210703    
 -0.2384904966135608    
 -0.2378731617158545    
 -0.2372472796835456    
 -0.2366128921384885    
 -0.2359700407586629    
 -0.2353187672682924    
 -0.2346591134282343    
 -0.2339911210266306    
 -0.2333148318698368    
 -0.2326302877736137    
 -0.2319375305546085    
 -0.2312366020221055    
 -0.2305275439700662    
 -0.2298103981694470    
 -0.2290852063608044    
 -0.2283520102471805    
 -0.2276108514872777    
 -0.2268617716889156    
 -0.2261048124027763    
 -0.2253400151164310    
 -0.2245674212486557    
 -0.2237870721440239    
 -0.2229990090677856    
 -0.2222032732010242    
 -0.2213999056360958    
 -0.2205889473723379    
 -0.2197704393120588    
 -0.2189444222567905    
 -0.2181109369038161    
 -0.2172700238429570    
 -0.2164217235536252    
 -0.2155660764021338    
 -0.2147031226392631    
 -0.2138329023980736    
 -0.2129554556919716    
 -0.2120708224130124    
 -0.2111790423304477    
 -0.2102801550895018    
 -0.2093742002103816    
 -0.2084612170875102    
 -0.2075412449889826    
 -0.2066143230562318    
 -0.2056804903039124    
 -0.2047397856199835    
 -0.2037922477659977    
 -0.2028379153775829    
 -0.2018768269651163    
 -0.2009090209145818    
 -0.1999345354886113    
 -0.1989534088276941    
 -0.1979656789515640    
 -0.1969713837607434    
 -0.1959705610382528    
 -0.1949632484514696    
 -0.1939494835541369    
 -0.1929293037885156    
 -0.1919027464876775    
 -0.1908698488779241    
 -0.1898306480813419    
 -0.1887851811184729    
 -0.1877334849111081    
 -0.1866755962851898    
 -0.1856115519738235    
 -0.1845413886203890    
 -0.1834651427817540    
 -0.1823828509315728    
 -0.1812945494636795    
 -0.1802002746955595    
 -0.1791000628719028    
 -0.1779939501682266    
 -0.1768819726945715    
 -0.1757641664992582    
 -0.1746405675727103    
 -0.1735112118513240    
 -0.1723761352213997    
 -0.1712353735231109    
 -0.1700889625545239    
 -0.1689369380756522    
 -0.1677793358125481    
 -0.1666161914614228    
 -0.1654475406927984    
 -0.1642734191556796    
 -0.1630938624817481    
 -0.1619089062895722    
 -0.1607185861888325    
 -0.1595229377845528    
 -0.1583219966813409    
 -0.1571157984876303    
 -0.1559043788199255    
 -0.1546877733070382    
 -0.1534660175943239    
 -0.1522391473479034    
 -0.1510071982588791    
 -0.1497702060475309    
 -0.1485282064674993    
 -0.1472812353099462    
 -0.1460293284076968    
 -0.1447725216393518    
 -0.1435108509333785    
 -0.1422443522721677    
 -0.1409730616960626    
 -0.1396970153073517    
 -0.1384162492742269    
 -0.1371307998347032    
 -0.1358407033005020    
 -0.1345459960608875    
 -0.1332467145864655    
 -0.1319428954329325    
 -0.1306345752447826    
 -0.1293217907589630    
 -0.1280045788084823    
 -0.1266829763259647    
 -0.1253570203471561    
 -0.1240267480143714    
 -0.1226921965798910    
 -0.1213534034092976    
 -0.1200104059847598    
 -0.1186632419082528    
 -0.1173119489047231    
 -0.1159565648251904    
 -0.1145971276497911    
 -0.1132336754907548    
 -0.1118662465953224    
 -0.1104948793485954    
 -0.1091196122763253    
 -0.1077404840476332    
 -0.1063575334776667    
 -0.1049707995301883    
 -0.1035803213200996    
 -0.1021861381158944    
 -0.1007882893420473    
 -0.9938681458133192E-01
 -0.9798175357707312E-01
 -0.9657314623532692E-01
 -0.9516103262699227E-01
 -0.9374545298985359E-01
 -0.9232644773055715E-01
 -0.9090405742650498E-01
 -0.8947832282769808E-01
 -0.8804928485848934E-01
 -0.8661698461928063E-01
 -0.8518146338814386E-01
 -0.8374276262237329E-01
 -0.8230092395996591E-01
 -0.8085598922103504E-01
 -0.7940800040915175E-01
 -0.7795699971261816E-01
 -0.7650302950566940E-01
 -0.7504613234960827E-01
 -0.7358635099386990E-01
 -0.7212372837701819E-01
 -0.7065830762767145E-01
 -0.6919013206536295E-01
 -0.6771924520133027E-01
 -0.6624569073923997E-01
 -0.6476951257584135E-01
 -0.6329075480155688E-01
 -0.6180946170100460E-01
 -0.6032567775345599E-01
 -0.5883944763322613E-01
 -0.5735081621000315E-01
 -0.5585982854911009E-01
 -0.5436652991170576E-01
 -0.5287096575491973E-01
 -0.5137318173192762E-01
 -0.4987322369196212E-01
 -0.4837113768026358E-01
 -0.4686696993796735E-01
 -0.4536076690193563E-01
 -0.4385257520452340E-01
 -0.4234244167329115E-01
 -0.4083041333065524E-01
 -0.3931653739348473E-01
 -0.3780086127263976E-01
 -0.3628343257245659E-01
 -0.3476429909017392E-01
 -0.3324350881531002E-01
 -0.3172110992898247E-01
 -0.3019715080317770E-01
 -0.2867167999996517E-01
 -0.2714474627066443E-01
 -0.2561639855495729E-01
 -0.2408668597995400E-01
 -0.2255565785920743E-01
 -0.2102336369168301E-01
 -0.1948985316067914E-01
 -0.1795517613270431E-01
 -0.1641938265630644E-01
 -0.1488252296086268E-01
 -0.1334464745532221E-01
 -0.1180580672690940E-01
 -0.1026605153978277E-01
 -0.8725432833655844E-02
 -0.7184001722375655E-02
 -0.5641809492463734E-02
 -0.4098907601616464E-02
 -0.2555347677170694E-02
 -0.1011181514532167E-02
  0.5335389244309763E-03
  0.2078761513029603E-02
  0.3624433961424367E-02
  0.5170503818333116E-02
  0.6716918472764621E-02
  0.8263625155788101E-02
  0.9810570942326791E-02
  0.1135770275298348E-01
  0.1290496735589314E-01
  0.1445231136860436E-01
  0.1599968125998497E-01
  0.1754702335215480E-01
  0.1909428382244016E-01
  0.2064140870535530E-01
  0.2218834389460161E-01
  0.2373503514509046E-01
  0.2528142807498401E-01
  0.2682746816775872E-01
  0.2837310077428334E-01
  0.2991827111491863E-01
  0.3146292428163222E-01
  0.3300700524013239E-01
  0.3455045883201607E-01
  0.3609322977693186E-01
  0.3763526267475736E-01
  0.3917650200779144E-01
  0.4071689214295343E-01
  0.4225637733399834E-01
  0.4379490172373895E-01
  0.4533240934628013E-01
  0.4686884412925951E-01
  0.4840414989609859E-01
  0.4993827036826071E-01
  0.5147114916751838E-01
  0.5300272981822474E-01
  0.5453295574959333E-01
  0.5606177029798221E-01
  0.5758911670918354E-01
  0.5911493814071522E-01
  0.6063917766411658E-01
  0.6216177826724500E-01
  0.6368268285657680E-01
  0.6520183425950726E-01
  0.6671917522665133E-01
  0.6823464843414712E-01
  0.6974819648595892E-01
  0.7125976191617939E-01
  0.7276928719133297E-01
  0.7427671471267611E-01
  0.7578198681850012E-01
  0.7728504578642820E-01
  0.7878583383571214E-01
  0.8028429312952512E-01
  0.8178036577725362E-01
  0.8327399383678297E-01
  0.8476511931678021E-01
  0.8625368417897405E-01
  0.8773963034043186E-01
  0.8922289967583064E-01
  0.9070343401972597E-01
  0.9218117516881746E-01
  0.9365606488420930E-01
  0.9512804489366827E-01
  0.9659705689387560E-01
  0.9806304255267601E-01
  0.9952594351132271E-01
  0.1009857013867159    
  0.1024422577736401    
  0.1038955542469946    
  0.1053455323640251    
  0.1067921336665461    
  0.1082352996831635    
  0.1096749719314949    
  0.1111110919203859    
  0.1125436011521266    
  0.1139724411246623    
  0.1153975533338075    
  0.1168188792754568    
  0.1182363604477967    
  0.1196499383535161    
  0.1210595545020183    
  0.1224651504116356    
  0.1238666676118419    
  0.1252640476454708    
  0.1266572320709338    
  0.1280461624644455    
  0.1294307804222508    
  0.1308110275628593    
  0.1321868455292865    
  0.1335581759913036    
  0.1349249606476963    
  0.1362871412285304    
  0.1376446594974308    
  0.1389974572538710    
  0.1403454763354732    
  0.1416886586203221    
  0.1430269460292931    
  0.1443602805283958    
  0.1456886041311345    
  0.1470118589008875    
  0.1483299869533052    
  0.1496429304587312    
  0.1509506316446462    
  0.1522530327981328    
  0.1535500762683712    
  0.1548417044691588    
  0.1561278598814593    
  0.1574084850559812    
  0.1586835226157872    
  0.1599529152589383    
  0.1612166057611680    
  0.1624745369785956    
  0.1637266518504729    
  0.1649728934019761    
  0.1662132047470359    
  0.1674475290912112    
  0.1686758097346121    
  0.1698979900748682    
  0.1711140136101454    
  0.1723238239422136    
  0.1735273647795654    
  0.1747245799405901    
  0.1759154133568028    
  0.1770998090761311    
  0.1782777112662645    
  0.1794490642180663    
  0.1806138123490502    
  0.1817719002069211    
  0.1829232724731856    
  0.1840678739668302    
  0.1852056496480713    
  0.1863365446221781    
  0.1874605041433723    
  0.1885774736188077    
  0.1896873986126288    
  0.1907902248501119    
  0.1918858982218905    
  0.1929743647882662    
  0.1940555707836044    
  0.1951294626208184    
  0.1961959868959451    
  0.1972550903928117    
  0.1983067200877997    
  0.1993508231547010    
  0.2003873469696742    
  0.2014162391163010    
  0.2024374473907397    
  0.2034509198069820    
  0.2044566046022136    
  0.2054544502422773    
  0.2064444054272438    
  0.2074264190970847    
  0.2084004404374565    
  0.2093664188855933    
  0.2103243041363065    
  0.2112740461480986    
  0.2122155951493849    
  0.2131489016448305    
  0.2140739164217951    
  0.2149905905568881    
  0.2158988754226350    
  0.2167987226942567    
  0.2176900843565586    
  0.2185729127109330    
  0.2194471603824732    
  0.2203127803271991    
  0.2211697258393923    
  0.2220179505590358    
  0.2228574084793633    
  0.2236880539545136    
  0.2245098417072902    
  0.2253227268370219    
  0.2261266648275291    
  0.2269216115551860    
  0.2277075232970802    
  0.2284843567392621    
  0.2292520689850875    
  0.2300106175636492    
  0.2307599604382931    
  0.2315000560152174    
  0.2322308631521510    
  0.2329523411671066    
  0.2336644498472031    
  0.2343671494575532    
  0.2350604007502113    
  0.2357441649731808    
  0.2364184038794717    
  0.2370830797362038    
  0.2377381553337550    
  0.2383835939949423    
  0.2390193595842353    
  0.2396454165169879    
  0.2402617297686889    
  0.2408682648842221    
  0.2414649879871309    
  0.2420518657888757    
  0.2426288655980868    
  0.2431959553297931    
  0.2437531035146254    
  0.2443002793079820    
  0.2448374524991517    
  0.2453645935203896    
  0.2458816734559353    
  0.2463886640509623    
  0.2468855377204530    
  0.2473722675579812    
  0.2478488273443984    
  0.2483151915564086    
  0.2487713353750359    
  0.2492172346939692    
  0.2496528661277808    
  0.2500782070199985    
  0.2504932354510254    
  0.2508979302458885    
  0.2512922709818137    
  0.2516762379956148    
  0.2520498123908972    
  0.2524129760450651    
  0.2527657116161171    
  0.2531080025492152    
  0.2534398330830218    
  0.2537611882557866    
  0.2540720539111858    
  0.2543724167038970    
  0.2546622641049137    
  0.2549415844065814    
  0.2552103667273466    
  0.2554686010162004    
  0.2557162780568232    
  0.2559533894714056    
  0.2561799277241557    
  0.2563958861244704    
  0.2566012588297746    
  0.2567960408480144    
  0.2569802280397990    
  0.2571538171201815    
  0.2573168056600823    
  0.2574691920873419    
  0.2576109756874005    
  0.2577421566035973    
  0.2578627358370813    
  0.2579727152463369    
  0.2580720975463158    
  0.2581608863071691    
  0.2582390859525923    
  0.2583067017577660    
  0.2583637398468999    
  0.2584102071903718    
  0.2584461116014656    
  0.2584714617327046    
  0.2584862670717833    
  0.2584905379370945    
  0.2584842854728635    
  0.2584675216438819    
  0.2584402592298556    
  0.2584025118193540    
  0.2583542938033803    
  0.2582956203685493    
  0.2582265074898926    
  0.2581469719232830    
  0.2580570311975039    
  0.2579567036059567    
  0.2578460081980187    
  0.2577249647700528    
  0.2575935938560787    
  0.2574519167181114    
  0.2572999553361879    
  0.2571377323980774    
  0.2569652712886996    
  0.2567825960792447    
  0.2565897315160142    
  0.2563867030089850    
  0.2561735366201272    
  0.2559502590514766    
  0.2557168976329793    
  0.2554734803101035    
  0.2552200356312420    
  0.2549565927349117    
  0.2546831813367747    
  0.2543998317164914    
  0.2541065747044206    
  0.2538034416681704    
  0.2534904644990166    
  0.2531676755981973    
  0.2528351078631144    
  0.2524927946734450    
  0.2521407698771803    
  0.2517790677765921    
  0.2514077231141520    
  0.2510267710584124    
  0.2506362471898754    
  0.2502361874868504    
  0.2498266283113246    
  0.2494076063948423    
  0.2489791588244170    
  0.2485413230284830    
  0.2480941367629088    
  0.2476376380970806    
  0.2471718654000694    
  0.2466968573268882    
  0.2462126528048574    
  0.2457192910200849    
  0.2452168114040769    
  0.2447052536204817    
  0.2441846575519844    
  0.2436550632873566    
  0.2431165111086790    
  0.2425690414787346    
  0.2420126950285997    
  0.2414475125454236    
  0.2408735349604165    
  0.2402908033370443    
  0.2396993588594451    
  0.2390992428210703    
  0.2384904966135608    
  0.2378731617158545    
  0.2372472796835456    
  0.2366128921384885    
  0.2359700407586629    
  0.2353187672682924    
  0.2346591134282343    
  0.2339911210266306    
  0.2333148318698368    
  0.2326302877736137    
  0.2319375305546085    
  0.2312366020221055    
  0.2305275439700662    
  0.2298103981694470    
  0.2290852063608044    
  0.2283520102471805    
  0.2276108514872777    
  0.2268617716889156    
  0.2261048124027763    
  0.2253400151164310    
  0.2245674212486557    
  0.2237870721440239    
  0.2229990090677856    
  0.2222032732010242    
  0.2213999056360958    
  0.2205889473723379    
  0.2197704393120588    
  0.2189444222567905    
  0.2181109369038161    
  0.2172700238429570    
  0.2164217235536252    
  0.2155660764021338    
  0.2147031226392631    
  0.2138329023980736    
  0.2129554556919716    
  0.2120708224130124    
  0.2111790423304477    
  0.2102801550895018    
  0.2093742002103816    
  0.2084612170875102    
  0.2075412449889826    
  0.2066143230562318    
  0.2056804903039124    
  0.2047397856199835    
  0.2037922477659977    
  0.2028379153775829    
  0.2018768269651163    
  0.2009090209145818    
  0.1999345354886113    
  0.1989534088276941    
  0.1979656789515640    
  0.1969713837607434    
  0.1959705610382528    
  0.1949632484514696    
  0.1939494835541369    
  0.1929293037885156    
  0.1919027464876775    
  0.1908698488779241    
  0.1898306480813419    
  0.1887851811184729    
  0.1877334849111081    
  0.1866755962851898    
  0.1856115519738235    
  0.1845413886203890    
  0.1834651427817540    
  0.1823828509315728    
  0.1812945494636795    
  0.1802002746955595    
  0.1791000628719028    
  0.1779939501682266    
  0.1768819726945715    
  0.1757641664992582    
  0.1746405675727103    
  0.1735112118513240    
  0.1723761352213997    
  0.1712353735231109    
  0.1700889625545239    
  0.1689369380756522    
  0.1677793358125481    
  0.1666161914614228    
  0.1654475406927984    
  0.1642734191556796    
  0.1630938624817481    
  0.1619089062895722    
  0.1607185861888325    
  0.1595229377845528    
  0.1583219966813409    
  0.1571157984876303    
  0.1559043788199255    
  0.1546877733070382    
  0.1534660175943239    
  0.1522391473479034    
  0.1510071982588791    
  0.1497702060475309    
  0.1485282064674993    
  0.1472812353099462    
  0.1460293284076968    
  0.1447725216393518    
  0.1435108509333785    
  0.1422443522721677    
  0.1409730616960626    
  0.1396970153073517    
  0.1384162492742269    
  0.1371307998347032    
  0.1358407033005020    
  0.1345459960608875    
  0.1332467145864655    
  0.1319428954329325    
  0.1306345752447826    
  0.1293217907589630    
  0.1280045788084823    
  0.1266829763259647    
  0.1253570203471561    
  0.1240267480143714    
  0.1226921965798910    
  0.1213534034092976    
  0.1200104059847598    
  0.1186632419082528    
  0.1173119489047231    
  0.1159565648251904    
  0.1145971276497911    
  0.1132336754907548    
  0.1118662465953224    
  0.1104948793485954    
  0.1091196122763253    
  0.1077404840476332    
  0.1063575334776667    
  0.1049707995301883    
  0.1035803213200996    
  0.1021861381158944    
  0.1007882893420473    
  0.9938681458133192E-01
  0.9798175357707312E-01
  0.9657314623532692E-01
  0.9516103262699227E-01
  0.9374545298985359E-01
