  0.3021881058841571    
  0.3046192300242575    
  0.3070879268589592    
  0.3095949367840611    
  0.3121410299654595    
  0.3147270074076552    
  0.3173537019585105    
  0.3200219795565456    
  0.3227327406631280    
  0.3254869215511999    
  0.3282854954995937    
  0.3311294742625783    
  0.3340199098012677    
  0.3369578958728569    
  0.3399445694355347    
  0.3429811122931141    
  0.3460687530964696    
  0.3492087692900899    
  0.3524024888133742    
  0.3556512919233306    
  0.3589566133769271    
  0.3623199446570652    
  0.3657428359640154    
  0.3692268982116458    
  0.3727738052952711    
  0.3763852964261868    
  0.3800631782464510    
  0.3838093268406401    
  0.3876256898544885    
  0.3915142885728267    
  0.3954772197039297    
  0.3995166569163012    
  0.4036348522466972    
  0.4078341371983064    
  0.4121169232532818    
  0.4164857017690293    
  0.4209430432736999    
  0.4254915959004946    
  0.4301340826070261    
  0.4348732970106250    
  0.4397120976439249    
  0.4446534001334140    
  0.4497001667246686    
  0.4548553927545781    
  0.4601220895577914    
  0.4655032628469208    
  0.4710018854139417    
  0.4766208631460060    
  0.4823629931995975    
  0.4882309125671280    
  0.4942270348180544    
  0.5003534727265275    
  0.5066119442108619    
  0.5130036582160409    
  0.5195291764085296    
  0.5261882461374173    
  0.5329795995593513    
  0.5399007128197271    
  0.5469475182195918    
  0.5541140617604984    
  0.5613920980177511    
  0.5687706137838302    
  0.5762352719948072    
  0.5837677687369700    
  0.5913450986480995    
  0.5989387280493061    
  0.6065136818571583    
  0.6140275609752039    
  0.6214295219886911    
  0.6286592711200443    
  0.6356461505327966    
  0.6423084273158778    
  0.6485529315883137    
  0.6542752255102512    
  0.6593605126090687    
  0.6636855061348882    
  0.6671214514878595    
  0.6695384255525085    
  0.6708109044425562    
  0.6708244013123605    
  0.6694827455971787    
  0.6667153447816923    
  0.6624836000979843    
  0.6567856037116907    
  0.6496583718833309    
  0.6411771674126776    
  0.6314518829703548    
  0.6206208992718760    
  0.6088431900722974    
  0.5962896371305186    
  0.5831345145226786    
  0.5695479325778812    
  0.5556897641546452    
  0.5417052854983821    
  0.5277225118969526    
  0.5138510299371610    
  0.5001820308516847    
  0.4867892208241574    
  0.4737303036726093    
  0.4610487788986650    
  0.4487758567435594    
  0.4369323490479479    
  0.4255304436133540    
  0.4145753088313255    
  0.4040665048525596    
  0.3939991977093086    
  0.3843651849167634    
  0.3751537481037670    
  0.3663523523336297    
  0.3579472130710048    
  0.3499237504391877    
  0.3422669483793740    
  0.3349616349842480    
  0.3279926987537615    
  0.3213452528410485    
  0.3150047567484594    
  0.3089571038043050    
  0.3031886820752770    
  0.2976864145814996    
  0.2924377827004320    
  0.2874308362305626    
  0.2826541939121814    
  0.2780970372175419    
  0.2737490985033025    
  0.2696006444459703    
  0.2656424567545291    
  0.2618658119155304    
  0.2582624600075976    
  0.2548246021081362    
  0.2515448672053341    
  0.2484162901388521    
  0.2454322906061706    
  0.2425866521389519    
  0.2398735010476719    
  0.2372872866253818    
  0.2348227630863004    
  0.2324749722302857    
  0.2302392261899645    
  0.2281110910340106    
  0.2260863719616405    
  0.2241610995384402    
  0.2223315161915845    
  0.2205940632517964    
  0.2189453692077486    
  0.2173822389601428    
  0.2159016433829313    
  0.2145007091975546    
  0.2131767097326543    
  0.2119270566512508    
  0.2107492921066024    
  0.2096410810131625    
  0.2086002036929759    
  0.2076245492201073    
  0.2067121094322263    
  0.2058609733467582    
  0.2050693217379145    
  0.2043354218075732    
  0.2036576221532019    
  0.2030343483300291    
  0.2024640989795100    
  0.2019454421132704    
  0.2014770112782744    
  0.2010575018158036    
  0.2006856675593268    
  0.2003603179774545    
  0.2000803155175271    
  0.1998445729970625    
  0.1996520510322465    
  0.1995017555414491    
  0.1993927354486045    
  0.1993240807315338    
  0.1992949207229715    
  0.1993044223641468    
  0.1993517883281995    
  0.1994362552854102    
  0.1995570924962996    
  0.1997136005464913    
  0.1999051100143628    
  0.2001309801771370    
  0.2003905979159081    
  0.2006833767052986    
  0.2010087555149687    
  0.2013661977272740    
  0.2017551902810261    
  0.2021752429984801    
  0.2026258878727488    
  0.2031066782396529    
  0.2036171879522949    
  0.2041570106814647    
  0.2047257593802268    
  0.2053230658605205    
  0.2059485803251309    
  0.2066019707329405    
  0.2072829221338981    
  0.2079911362482810    
  0.2087263312800805    
  0.2094882416289120    
  0.2102766173464676    
  0.2110912236212315    
  0.2119318405631597    
  0.2127982631143878    
  0.2136903007535699    
  0.2146077770274088    
  0.2155505292418578    
  0.2165184084353675    
  0.2175112793716971    
  0.2185290202687266    
  0.2195715223437149    
  0.2206386895497815    
  0.2217304387042058    
  0.2228466997031187    
  0.2239874153361499    
  0.2251525407419433    
  0.2263420431363404    
  0.2275559021454522    
  0.2287941101891156    
  0.2300566722517306    
  0.2313436053262956    
  0.2326549383597571    
  0.2339907127566147    
  0.2353509826445506    
  0.2367358145522678    
  0.2381452871163054    
  0.2395794913311701    
  0.2410385309645125    
  0.2425225226065490    
  0.2440315955265504    
  0.2455658917733698    
  0.2471255664607566    
  0.2487107879372914    
  0.2503217378922281    
  0.2519586115871552    
  0.2536216180968860    
  0.2553109804166438    
  0.2570269356484227    
  0.2587697354410071    
  0.2605396463944069    
  0.2623369501593553    
  0.2641619435384822    
  0.2660149389826731    
  0.2678962652458955    
  0.2698062677174126    
  0.2717453085381076    
  0.2737137669914986    
  0.2757120401998281    
  0.2777405437106187    
  0.2797997118637933    
  0.2818899982424816    
  0.2840118763259551    
  0.2861658401446082    
  0.2883524048732643    
  0.2905721075124467    
  0.2928255076506500    
  0.2951131881610677    
  0.2974357559028813    
  0.2997938426119208    
  0.3021881058841571    
  0.3046192300242575    
  0.3070879268589592    
  0.3095949367840611    
  0.3121410299654595    
  0.3147270074076552    
  0.3173537019585105    
  0.3200219795565456    
  0.3227327406631280    
  0.3254869215511999    
  0.3282854954995937    
  0.3311294742625783    
  0.3340199098012677    
  0.3369578958728569    
  0.3399445694355347    
  0.3429811122931141    
  0.3460687530964696    
  0.3492087692900899    
  0.3524024888133742    
  0.3556512919233306    
  0.3589566133769271    
  0.3623199446570652    
  0.3657428359640154    
  0.3692268982116458    
  0.3727738052952711    
  0.3763852964261868    
  0.3800631782464510    
  0.3838093268406401    
  0.3876256898544885    
  0.3915142885728267    
  0.3954772197039297    
  0.3995166569163012    
  0.4036348522466972    
  0.4078341371983064    
  0.4121169232532818    
  0.4164857017690293    
  0.4209430432736999    
  0.4254915959004946    
  0.4301340826070261    
  0.4348732970106250    
  0.4397120976439249    
  0.4446534001334140    
  0.4497001667246686    
  0.4548553927545781    
  0.4601220895577914    
  0.4655032628469208    
  0.4710018854139417    
  0.4766208631460060    
  0.4823629931995975    
  0.4882309125671280    
  0.4942270348180544    
  0.5003534727265275    
  0.5066119442108619    
  0.5130036582160409    
  0.5195291764085296    
  0.5261882461374173    
  0.5329795995593513    
  0.5399007128197271    
  0.5469475182195918    
  0.5541140617604984    
  0.5613920980177511    
  0.5687706137838302    
  0.5762352719948072    
  0.5837677687369700    
  0.5913450986480995    
  0.5989387280493061    
  0.6065136818571583    
  0.6140275609752039    
  0.6214295219886911    
  0.6286592711200443    
  0.6356461505327966    
  0.6423084273158778    
  0.6485529315883137    
  0.6542752255102512    
  0.6593605126090687    
  0.6636855061348882    
  0.6671214514878595    
  0.6695384255525085    
  0.6708109044425562    
  0.6708244013123605    
  0.6694827455971787    
  0.6667153447816923    
  0.6624836000979843    
  0.6567856037116907    
  0.6496583718833309    
  0.6411771674126776    
  0.6314518829703548    
  0.6206208992718760    
  0.6088431900722974    
  0.5962896371305186    
  0.5831345145226786    
  0.5695479325778812    
  0.5556897641546452    
  0.5417052854983821    
  0.5277225118969526    
  0.5138510299371610    
  0.5001820308516847    
  0.4867892208241574    
  0.4737303036726093    
  0.4610487788986650    
  0.4487758567435594    
  0.4369323490479479    
  0.4255304436133540    
  0.4145753088313255    
  0.4040665048525596    
  0.3939991977093086    
  0.3843651849167634    
  0.3751537481037670    
  0.3663523523336297    
  0.3579472130710048    
  0.3499237504391877    
  0.3422669483793740    
  0.3349616349842480    
  0.3279926987537615    
  0.3213452528410485    
  0.3150047567484594    
  0.3089571038043050    
  0.3031886820752770    
  0.2976864145814996    
  0.2924377827004320    
  0.2874308362305626    
  0.2826541939121814    
  0.2780970372175419    
  0.2737490985033025    
  0.2696006444459703    
  0.2656424567545291    
  0.2618658119155304    
  0.2582624600075976    
  0.2548246021081362    
  0.2515448672053341    
  0.2484162901388521    
  0.2454322906061706    
  0.2425866521389519    
  0.2398735010476719    
  0.2372872866253818    
  0.2348227630863004    
  0.2324749722302857    
  0.2302392261899645    
  0.2281110910340106    
  0.2260863719616405    
  0.2241610995384402    
  0.2223315161915845    
  0.2205940632517964    
  0.2189453692077486    
  0.2173822389601428    
  0.2159016433829313    
  0.2145007091975546    
  0.2131767097326543    
  0.2119270566512508    
  0.2107492921066024    
  0.2096410810131625    
  0.2086002036929759    
  0.2076245492201073    
  0.2067121094322263    
  0.2058609733467582    
  0.2050693217379145    
  0.2043354218075732    
  0.2036576221532019    
  0.2030343483300291    
  0.2024640989795100    
  0.2019454421132704    
  0.2014770112782744    
  0.2010575018158036    
  0.2006856675593268    
  0.2003603179774545    
  0.2000803155175271    
  0.1998445729970625    
  0.1996520510322465    
  0.1995017555414491    
  0.1993927354486045    
  0.1993240807315338    
  0.1992949207229715    
  0.1993044223641468    
  0.1993517883281995    
  0.1994362552854102    
  0.1995570924962996    
  0.1997136005464913    
  0.1999051100143628    
  0.2001309801771370    
  0.2003905979159081    
  0.2006833767052986    
  0.2010087555149687    
  0.2013661977272740    
  0.2017551902810261    
  0.2021752429984801    
  0.2026258878727488    
  0.2031066782396529    
  0.2036171879522949    
  0.2041570106814647    
  0.2047257593802268    
  0.2053230658605205    
  0.2059485803251309    
  0.2066019707329405    
  0.2072829221338981    
  0.2079911362482810    
  0.2087263312800805    
  0.2094882416289120    
  0.2102766173464676    
  0.2110912236212315    
  0.2119318405631597    
  0.2127982631143878    
  0.2136903007535699    
  0.2146077770274088    
  0.2155505292418578    
  0.2165184084353675    
  0.2175112793716971    
  0.2185290202687266    
  0.2195715223437149    
  0.2206386895497815    
  0.2217304387042058    
  0.2228466997031187    
  0.2239874153361499    
  0.2251525407419433    
  0.2263420431363404    
  0.2275559021454522    
  0.2287941101891156    
  0.2300566722517306    
  0.2313436053262956    
  0.2326549383597571    
  0.2339907127566147    
  0.2353509826445506    
  0.2367358145522678    
  0.2381452871163054    
  0.2395794913311701    
  0.2410385309645125    
  0.2425225226065490    
  0.2440315955265504    
  0.2455658917733698    
  0.2471255664607566    
  0.2487107879372914    
  0.2503217378922281    
  0.2519586115871552    
  0.2536216180968860    
  0.2553109804166438    
  0.2570269356484227    
  0.2587697354410071    
  0.2605396463944069    
  0.2623369501593553    
  0.2641619435384822    
  0.2660149389826731    
  0.2678962652458955    
  0.2698062677174126    
  0.2717453085381076    
  0.2737137669914986    
  0.2757120401998281    
  0.2777405437106187    
  0.2797997118637933    
  0.2818899982424816    
  0.2840118763259551    
  0.2861658401446082    
  0.2883524048732643    
  0.2905721075124467    
  0.2928255076506500    
  0.2951131881610677    
  0.2974357559028813    
  0.2997938426119208    
