  0.3763408512162592    
  0.3756132329972119    
  0.3747557333250010    
  0.3737695497571067    
  0.3726556085622880    
  0.3714145995084489    
  0.3700469751054175    
  0.3685529334642123    
  0.3669324315652138    
  0.3651852222591853    
  0.3633108669580365    
  0.3613087180753254    
  0.3591779165477850    
  0.3569174216472070    
  0.3545260336972708    
  0.3520023835850170    
  0.3493449203668502    
  0.3465519292521789    
  0.3436215580690715    
  0.3405518169293059    
  0.3373405636442899    
  0.3339855106211458    
  0.3304842495692218    
  0.3268342604119314    
  0.3230329007965353    
  0.3190774063043602    
  0.3149649109117088    
  0.3106924624883310    
  0.3062570200038537    
  0.3016554527897147    
  0.2968845577653259    
  0.2919410795316715    
  0.2868217167604589    
  0.2815231257128455    
  0.2760419375997050    
  0.2703747831549507    
  0.2645183089676914    
  0.2584691893866355    
  0.2522241483658922    
  0.2457799901593114    
  0.2391336264667829    
  0.2322820997584596    
  0.2252226138365356    
  0.2179525733313621    
  0.2104696228716451    
  0.2027716837497377    
  0.1948569961303899    
  0.1867241694271397    
  0.1783722339276363    
  0.1698006907594905    
  0.1610095659167630    
  0.1519994708462598    
  0.1427716639888782    
  0.1333281100105121    
  0.1236715407477864    
  0.1138055198030866    
  0.1037345056281204    
  0.9346390937057363E-01
  0.8300015023142303E-01
  0.7235070967949528E-01
  0.6152417937036713E-01
  0.5053029850114139E-01
  0.3937998248107620E-01
  0.2808534403458526E-01
  0.1665970171522268E-01
  0.5117571335293356E-02
 -0.6525357923389329E-02
 -0.1825226094888946E-01
 -0.3004523185431197E-01
 -0.4188536080430952E-01
 -0.5375282975124313E-01
 -0.6562702336546908E-01
 -0.7748665741811862E-01
 -0.8930992726975516E-01
 -0.1010746718767612    
 -0.1127585467033733    
 -0.1243392053268148    
 -0.1357944912227954    
 -0.1471026337543475    
 -0.1582424392165721    
 -0.1691934749745510    
 -0.1799362486531033    
 -0.1904523771263033    
 -0.2007247353511151    
 -0.2107375828693259    
 -0.2204766726705176    
 -0.2299293406699253    
 -0.2390845669856464    
 -0.2479330074266539    
 -0.2564670035607902    
 -0.2646805747336093    
 -0.2725693851887019    
 -0.2801306843062519    
 -0.2873632305947432    
 -0.2942672076407342    
 -0.3008441269455859    
 -0.3070967133043929    
 -0.3130287826408438    
 -0.3186451237309612    
 -0.3239513803513974    
 -0.3289539260699940    
 -0.3336597382621214    
 -0.3380762841076148    
 -0.3422114168494470    
 -0.3460732716082574    
 -0.3496701631768582    
 -0.3530104985971095    
 -0.3561027044633955    
 -0.3589551562701719    
 -0.3615761089557880    
 -0.3639736419507122    
 -0.3661556202565681    
 -0.3681296562757495    
 -0.3699030684377160    
 -0.3714828527374929    
 -0.3728756726461199    
 -0.3740878481441086    
 -0.3751253331918091    
 -0.3759937012533661    
 -0.3766981543125567    
 -0.3772435348225743    
 -0.3776343169812063    
 -0.3778745943427578    
 -0.3779680941734102    
 -0.3779182066070506    
 -0.3777279908275463    
 -0.3774001605799242    
 -0.3769370904047803    
 -0.3763408512162592    
 -0.3756132329972119    
 -0.3747557333250010    
 -0.3737695497571067    
 -0.3726556085622880    
 -0.3714145995084489    
 -0.3700469751054175    
 -0.3685529334642123    
 -0.3669324315652138    
 -0.3651852222591853    
 -0.3633108669580365    
 -0.3613087180753254    
 -0.3591779165477850    
 -0.3569174216472070    
 -0.3545260336972708    
 -0.3520023835850170    
 -0.3493449203668502    
 -0.3465519292521789    
 -0.3436215580690715    
 -0.3405518169293059    
 -0.3373405636442899    
 -0.3339855106211458    
 -0.3304842495692218    
 -0.3268342604119314    
 -0.3230329007965353    
 -0.3190774063043602    
 -0.3149649109117088    
 -0.3106924624883310    
 -0.3062570200038537    
 -0.3016554527897147    
 -0.2968845577653259    
 -0.2919410795316715    
 -0.2868217167604589    
 -0.2815231257128455    
 -0.2760419375997050    
 -0.2703747831549507    
 -0.2645183089676914    
 -0.2584691893866355    
 -0.2522241483658922    
 -0.2457799901593114    
 -0.2391336264667829    
 -0.2322820997584596    
 -0.2252226138365356    
 -0.2179525733313621    
 -0.2104696228716451    
 -0.2027716837497377    
 -0.1948569961303899    
 -0.1867241694271397    
 -0.1783722339276363    
 -0.1698006907594905    
 -0.1610095659167630    
 -0.1519994708462598    
 -0.1427716639888782    
 -0.1333281100105121    
 -0.1236715407477864    
 -0.1138055198030866    
 -0.1037345056281204    
 -0.9346390937057363E-01
 -0.8300015023142303E-01
 -0.7235070967949528E-01
 -0.6152417937036713E-01
 -0.5053029850114139E-01
 -0.3937998248107620E-01
 -0.2808534403458526E-01
 -0.1665970171522268E-01
 -0.5117571335293356E-02
  0.6525357923389329E-02
  0.1825226094888946E-01
  0.3004523185431197E-01
  0.4188536080430952E-01
  0.5375282975124313E-01
  0.6562702336546908E-01
  0.7748665741811862E-01
  0.8930992726975516E-01
  0.1010746718767612    
  0.1127585467033733    
  0.1243392053268148    
  0.1357944912227954    
  0.1471026337543475    
  0.1582424392165721    
  0.1691934749745510    
  0.1799362486531033    
  0.1904523771263033    
  0.2007247353511151    
  0.2107375828693259    
  0.2204766726705176    
  0.2299293406699253    
  0.2390845669856464    
  0.2479330074266539    
  0.2564670035607902    
  0.2646805747336093    
  0.2725693851887019    
  0.2801306843062519    
  0.2873632305947432    
  0.2942672076407342    
  0.3008441269455859    
  0.3070967133043929    
  0.3130287826408438    
  0.3186451237309612    
  0.3239513803513974    
  0.3289539260699940    
  0.3336597382621214    
  0.3380762841076148    
  0.3422114168494470    
  0.3460732716082574    
  0.3496701631768582    
  0.3530104985971095    
  0.3561027044633955    
  0.3589551562701719    
  0.3615761089557880    
  0.3639736419507122    
  0.3661556202565681    
  0.3681296562757495    
  0.3699030684377160    
  0.3714828527374929    
  0.3728756726461199    
  0.3740878481441086    
  0.3751253331918091    
  0.3759937012533661    
  0.3766981543125567    
  0.3772435348225743    
  0.3776343169812063    
  0.3778745943427578    
  0.3779680941734102    
  0.3779182066070506    
  0.3777279908275463    
  0.3774001605799242    
  0.3769370904047803    
