   132.3518226387173    
   270.5661267464759    
   338.4352742349171    
   436.4392533395238    
   693.4924516980200    
   872.4572551294043    
   730.0555606790849    
   488.6203719422338    
   469.9740401151075    
   559.9206334600224    
   530.6686213087585    
   544.9265930580136    
   783.3747995001027    
   946.3606817535706    
   751.3545392201443    
   544.0887094162758    
   733.2701630362047    
   1020.109243855493    
   943.1987913376257    
   761.5877752513494    
   945.8119345443818    
   1229.719325299848    
   1126.585229205263    
   947.4536401222397    
   1233.321286000678    
   1621.814563518330    
   1488.762637070334    
   1257.464909768875    
   1679.799402985346    
   2281.828747925791    
   2155.955059363170    
   1849.253684964042    
   2511.616355101146    
   3551.305966430248    
   3520.625113901659    
   3107.322301161769    
   4281.673739687525    
   6347.039051255875    
   6584.648732745908    
   5644.763431759138    
   7294.405190846290    
   9741.706908695112    
   2436.387747421575    
  -21663.53870802164    
  -52198.69913584941    
  -67062.89765122927    
  -54266.30171307387    
  -24048.88956582619    
   2557.810208278382    
   13349.21420018996    
   11147.86045979981    
   5229.398055709130    
   1947.494670468683    
   2676.243595765294    
   5858.630734662530    
   8885.616512707746    
   9670.679287894092    
   7946.647706302399    
   4968.292225893812    
   2043.957719862731    
  -104.8440052700023    
  -974.2142196582760    
  -335.2245511516629    
   1296.795867137351    
   2989.561632974273    
   4235.169206993941    
   4988.758055100408    
   5101.875098923320    
   4372.307303710360    
   3042.467513235507    
   1646.992567480836    
   420.5639696208095    
  -670.3253199519447    
  -1459.475944987489    
  -1668.057069491254    
  -1360.621394941815    
  -843.6220724392683    
  -203.2614241155895    
   631.9283759486391    
   1494.629111176930    
   2082.921045453154    
   2366.977674441513    
   2501.162735485309    
   2443.714514730699    
   2047.697818153210    
   1417.694649589513    
   800.7521154544413    
   225.3156561405634    
  -404.0706699879950    
  -974.4335128258774    
  -1278.151415723314    
  -1346.556271805007    
  -1338.121022251853    
  -1214.890977972054    
  -856.4577251968778    
  -370.3837888748521    
   35.84573428434648    
   370.6015758854335    
   736.5450536518460    
   1030.519467344211    
   1080.297351734844    
   948.6344646846171    
   794.8748107162412    
   573.7689895197369    
   177.0375047988574    
  -273.0246401469184    
  -580.9014780670092    
  -782.4266807455638    
  -992.0829746945444    
  -1108.331560401138    
  -982.5039822576546    
  -720.7533303192068    
  -507.8090132248782    
  -297.4799783422157    
   11.62904932347448    
   275.3665969823707    
   304.5978712971795    
   187.1081340990227    
   89.45227499754827    
  -65.22721022686983    
  -389.1396034708503    
  -709.0964158599446    
  -804.9285124714615    
  -764.2627521891229    
  -754.7649240578825    
  -674.5228258369194    
  -399.3373702959760    
  -135.9657082028997    
  -132.3518226387173    
  -270.5661267464759    
  -338.4352742349171    
  -436.4392533395238    
  -693.4924516980200    
  -872.4572551294043    
  -730.0555606790849    
  -488.6203719422338    
  -469.9740401151075    
  -559.9206334600224    
  -530.6686213087585    
  -544.9265930580136    
  -783.3747995001027    
  -946.3606817535706    
  -751.3545392201443    
  -544.0887094162758    
  -733.2701630362047    
  -1020.109243855493    
  -943.1987913376257    
  -761.5877752513494    
  -945.8119345443818    
  -1229.719325299848    
  -1126.585229205263    
  -947.4536401222397    
  -1233.321286000678    
  -1621.814563518330    
  -1488.762637070334    
  -1257.464909768875    
  -1679.799402985346    
  -2281.828747925791    
  -2155.955059363170    
  -1849.253684964042    
  -2511.616355101146    
  -3551.305966430248    
  -3520.625113901659    
  -3107.322301161769    
  -4281.673739687525    
  -6347.039051255875    
  -6584.648732745908    
  -5644.763431759138    
  -7294.405190846290    
  -9741.706908695112    
  -2436.387747421575    
   21663.53870802164    
   52198.69913584941    
   67062.89765122927    
   54266.30171307387    
   24048.88956582619    
  -2557.810208278382    
  -13349.21420018996    
  -11147.86045979981    
  -5229.398055709130    
  -1947.494670468683    
  -2676.243595765294    
  -5858.630734662530    
  -8885.616512707746    
  -9670.679287894092    
  -7946.647706302399    
  -4968.292225893812    
  -2043.957719862731    
   104.8440052700023    
   974.2142196582760    
   335.2245511516629    
  -1296.795867137351    
  -2989.561632974273    
  -4235.169206993941    
  -4988.758055100408    
  -5101.875098923320    
  -4372.307303710360    
  -3042.467513235507    
  -1646.992567480836    
  -420.5639696208095    
   670.3253199519447    
   1459.475944987489    
   1668.057069491254    
   1360.621394941815    
   843.6220724392683    
   203.2614241155895    
  -631.9283759486391    
  -1494.629111176930    
  -2082.921045453154    
  -2366.977674441513    
  -2501.162735485309    
  -2443.714514730699    
  -2047.697818153210    
  -1417.694649589513    
  -800.7521154544413    
  -225.3156561405634    
   404.0706699879950    
   974.4335128258774    
   1278.151415723314    
   1346.556271805007    
   1338.121022251853    
   1214.890977972054    
   856.4577251968778    
   370.3837888748521    
  -35.84573428434648    
  -370.6015758854335    
  -736.5450536518460    
  -1030.519467344211    
  -1080.297351734844    
  -948.6344646846171    
  -794.8748107162412    
  -573.7689895197369    
  -177.0375047988574    
   273.0246401469184    
   580.9014780670092    
   782.4266807455638    
   992.0829746945444    
   1108.331560401138    
   982.5039822576546    
   720.7533303192068    
   507.8090132248782    
   297.4799783422157    
  -11.62904932347448    
  -275.3665969823707    
  -304.5978712971795    
  -187.1081340990227    
  -89.45227499754827    
   65.22721022686983    
   389.1396034708503    
   709.0964158599446    
   804.9285124714615    
   764.2627521891229    
   754.7649240578825    
   674.5228258369194    
   399.3373702959760    
   135.9657082028997    
