   3.977391282390252    
   4.019460877245098    
   4.064230104677360    
   4.110779963963928    
   4.159272669928531    
   4.210898305361937    
   4.265755689508943    
   4.322814084875362    
   4.382131791942591    
   4.444981301572386    
   4.511502713019444    
   4.580460205118699    
   4.651701535984122    
   4.726492284377545    
   4.804873047591446    
   4.885149065913213    
   4.966644055902423    
   5.050280842282199    
   5.135522535759304    
   5.219471127468632    
   5.299958017653656    
   5.376382933195070    
   5.445987109545864    
   5.502266267204873    
   5.538327541169247    
   5.547815635742730    
   5.519834341967750    
   5.435808324980006    
   5.272484222372240    
   5.001977940427757    
   4.583294479815150    
   3.955171594577990    
   3.036904755665164    
   1.725990813488167    
 -0.1145472132391761    
  -2.662109265591808    
  -6.115318259864113    
  -10.65257990099407    
  -16.36428727470536    
  -23.12824225507336    
  -30.44328226726818    
  -37.36062116551605    
  -42.68773519881292    
  -45.44973067535334    
  -45.32591239207222    
  -42.74429942375571    
  -38.58962138260814    
  -33.77910352551140    
  -28.98871194375096    
  -24.60436572370402    
  -20.79318506867720    
  -17.58476106235803    
  -14.93221935925038    
  -12.75931328545835    
  -10.98942872144120    
  -9.553143046045843    
  -8.387363209319560    
  -7.438303164703291    
  -6.664621845689606    
  -6.034225451640306    
  -5.519337132948253    
  -5.096526793467148    
  -4.748737193608156    
  -4.463501765187677    
  -4.229411232287054    
  -4.036051984783986    
  -3.876125251254824    
  -3.744942687147637    
  -3.637809625387158    
  -3.549618062055294    
  -3.476774856094219    
  -3.417577916497684    
  -3.370292577791495    
  -3.332281440258527    
  -3.301418471118264    
  -3.277001182494147    
  -3.258581916315185    
  -3.244904249455375    
  -3.234673223854351    
  -3.227501585913756    
  -3.223312863916362    
  -3.221471051758188    
  -3.221256087813150    
  -3.222615163752499    
  -3.225640894769477    
  -3.229795833283871    
  -3.234481000988243    
  -3.239919741033234    
  -3.246556902722897    
  -3.253959935884787    
  -3.261338639338736    
  -3.268866674184327    
  -3.277335409518403    
  -3.286633852617473    
  -3.295826184792086    
  -3.304785912503107    
  -3.314429021602041    
  -3.325058072901627    
  -3.335808738224642    
  -3.346223465050739    
  -3.357080924522232    
  -3.368980801772040    
  -3.381313312584983    
  -3.393476540233760    
  -3.406015489779383    
  -3.419588528104505    
  -3.433792170932159    
  -3.448060496146712    
  -3.462842242099144    
  -3.478774768231429    
  -3.495496077451744    
  -3.512439149572046    
  -3.530063797171758    
  -3.549083195082577    
  -3.569155112194339    
  -3.589620909525149    
  -3.610909040978020    
  -3.633853676144295    
  -3.658196871205002    
  -3.683194492853574    
  -3.709198677593637    
  -3.737136146368484    
  -3.766853027011046    
  -3.797553097370847    
  -3.829519376416950    
  -3.863755426954646    
  -3.900198133445359    
  -3.938000961878305    
  -3.977391282390252    
  -4.019460877245098    
  -4.064230104677360    
  -4.110779963963928    
  -4.159272669928531    
  -4.210898305361937    
  -4.265755689508943    
  -4.322814084875362    
  -4.382131791942591    
  -4.444981301572386    
  -4.511502713019444    
  -4.580460205118699    
  -4.651701535984122    
  -4.726492284377545    
  -4.804873047591446    
  -4.885149065913213    
  -4.966644055902423    
  -5.050280842282199    
  -5.135522535759304    
  -5.219471127468632    
  -5.299958017653656    
  -5.376382933195070    
  -5.445987109545864    
  -5.502266267204873    
  -5.538327541169247    
  -5.547815635742730    
  -5.519834341967750    
  -5.435808324980006    
  -5.272484222372240    
  -5.001977940427757    
  -4.583294479815150    
  -3.955171594577990    
  -3.036904755665164    
  -1.725990813488167    
  0.1145472132391761    
   2.662109265591808    
   6.115318259864113    
   10.65257990099407    
   16.36428727470536    
   23.12824225507336    
   30.44328226726818    
   37.36062116551605    
   42.68773519881292    
   45.44973067535334    
   45.32591239207222    
   42.74429942375571    
   38.58962138260814    
   33.77910352551140    
   28.98871194375096    
   24.60436572370402    
   20.79318506867720    
   17.58476106235803    
   14.93221935925038    
   12.75931328545835    
   10.98942872144120    
   9.553143046045843    
   8.387363209319560    
   7.438303164703291    
   6.664621845689606    
   6.034225451640306    
   5.519337132948253    
   5.096526793467148    
   4.748737193608156    
   4.463501765187677    
   4.229411232287054    
   4.036051984783986    
   3.876125251254824    
   3.744942687147637    
   3.637809625387158    
   3.549618062055294    
   3.476774856094219    
   3.417577916497684    
   3.370292577791495    
   3.332281440258527    
   3.301418471118264    
   3.277001182494147    
   3.258581916315185    
   3.244904249455375    
   3.234673223854351    
   3.227501585913756    
   3.223312863916362    
   3.221471051758188    
   3.221256087813150    
   3.222615163752499    
   3.225640894769477    
   3.229795833283871    
   3.234481000988243    
   3.239919741033234    
   3.246556902722897    
   3.253959935884787    
   3.261338639338736    
   3.268866674184327    
   3.277335409518403    
   3.286633852617473    
   3.295826184792086    
   3.304785912503107    
   3.314429021602041    
   3.325058072901627    
   3.335808738224642    
   3.346223465050739    
   3.357080924522232    
   3.368980801772040    
   3.381313312584983    
   3.393476540233760    
   3.406015489779383    
   3.419588528104505    
   3.433792170932159    
   3.448060496146712    
   3.462842242099144    
   3.478774768231429    
   3.495496077451744    
   3.512439149572046    
   3.530063797171758    
   3.549083195082577    
   3.569155112194339    
   3.589620909525149    
   3.610909040978020    
   3.633853676144295    
   3.658196871205002    
   3.683194492853574    
   3.709198677593637    
   3.737136146368484    
   3.766853027011046    
   3.797553097370847    
   3.829519376416950    
   3.863755426954646    
   3.900198133445359    
   3.938000961878305    
