  0.4290009765214203    
  0.4287005247431758    
  0.4282520988099240    
  0.4276576836515430    
  0.4269189132397577    
  0.4260370842067747    
  0.4250131675272442    
  0.4238478226265759    
  0.4225414138540034    
  0.4210940243784146    
  0.4195054660926711    
  0.4177752902470173    
  0.4159028015228426    
  0.4138870713919554    
  0.4117269467737681    
  0.4094210569827026    
  0.4069678237760637    
  0.4043654730237254    
  0.4016120430534424    
  0.3987053897777593    
  0.3956431933290989    
  0.3924229674694677    
  0.3890420679319873    
  0.3854976977168308    
  0.3817869123892918    
  0.3779066279363731    
  0.3738536292072961    
  0.3696245764345693    
  0.3652160111873907    
  0.3606243643566872    
  0.3558459657028468    
  0.3508770528710343    
  0.3457137801357006    
  0.3403522289663218    
  0.3347884208468908    
  0.3290183309765755    
  0.3230379025782871    
  0.3168430632037491    
  0.3104297437604310    
  0.3037938995547045    
  0.2969315330278437    
  0.2898387190607956    
  0.2825116335161874    
  0.2749465847041016    
  0.2671400475850833    
  0.2590887013379440    
  0.2507894708099506    
  0.2422395716261290    
  0.2334365587599228    
  0.2243783789428421    
  0.2150634271758589    
  0.2054906069627549    
  0.1956593938396487    
  0.1855699022067805    
  0.1752229553364705    
  0.1646201578086011    
  0.1537639694874096    
  0.1426577804700565    
  0.1313059862835209    
  0.1197140619719940    
  0.1078886334951428    
  0.9583754511676869E-01
  0.8356992135570758E-01
  0.7109622149477850E-01
  0.5842828443687932E-01
  0.4557936202855797E-01
  0.3256413904065909E-01
  0.1939873760457941E-01
  0.6100703862944862E-02
 -0.7311024816752748E-02
 -0.2081617329003679E-01
 -0.3439320403781155E-01
 -0.4801941557750205E-01
 -0.6167106397677864E-01
 -0.7532350670297058E-01
 -0.8895136781983926E-01
 -0.1025287231705847    
 -0.1160293030452280    
 -0.1294267087651801    
 -0.1426946394511602    
 -0.1558071252091190    
 -0.1687387621421333    
 -0.1814649437659885    
 -0.1939620837570620    
 -0.2062078258047845    
 -0.2181812362779786    
 -0.2298629750183268    
 -0.2412354404780219    
 -0.2522828871857746    
 -0.2629915142047692    
 -0.2733495229610563    
 -0.2833471436993880    
 -0.2929766319746889    
 -0.3022322375586310    
 -0.3111101473596940    
 -0.3196084040482425    
 -0.3277268040804532    
 -0.3354667798849478    
 -0.3428312694187718    
 -0.3498245750317553    
 -0.3564522151018774    
 -0.3627207734691761    
 -0.3686377499887395    
 -0.3742114129448034    
 -0.3794506547772451    
 -0.3843648548139422    
 -0.3889637516400386    
 -0.3932573243613150    
 -0.3972556818151067    
 -0.4009689617951646    
 -0.4044072426889791    
 -0.4075804662981486    
 -0.4104983690248085    
 -0.4131704216597417    
 -0.4156057799684279    
 -0.4178132452965512    
 -0.4198012316689886    
 -0.4215777382663762    
 -0.4231503293681538    
 -0.4245261220265671    
 -0.4257117782528242    
 -0.4267134997766048    
 -0.4275370271166674    
 -0.4281876439639292    
 -0.4286701841560164    
 -0.4289890389061736    
 -0.4291481658847466    
 -0.4291511018562567    
 -0.4290009765214203    
 -0.4287005247431758    
 -0.4282520988099240    
 -0.4276576836515430    
 -0.4269189132397577    
 -0.4260370842067747    
 -0.4250131675272442    
 -0.4238478226265759    
 -0.4225414138540034    
 -0.4210940243784146    
 -0.4195054660926711    
 -0.4177752902470173    
 -0.4159028015228426    
 -0.4138870713919554    
 -0.4117269467737681    
 -0.4094210569827026    
 -0.4069678237760637    
 -0.4043654730237254    
 -0.4016120430534424    
 -0.3987053897777593    
 -0.3956431933290989    
 -0.3924229674694677    
 -0.3890420679319873    
 -0.3854976977168308    
 -0.3817869123892918    
 -0.3779066279363731    
 -0.3738536292072961    
 -0.3696245764345693    
 -0.3652160111873907    
 -0.3606243643566872    
 -0.3558459657028468    
 -0.3508770528710343    
 -0.3457137801357006    
 -0.3403522289663218    
 -0.3347884208468908    
 -0.3290183309765755    
 -0.3230379025782871    
 -0.3168430632037491    
 -0.3104297437604310    
 -0.3037938995547045    
 -0.2969315330278437    
 -0.2898387190607956    
 -0.2825116335161874    
 -0.2749465847041016    
 -0.2671400475850833    
 -0.2590887013379440    
 -0.2507894708099506    
 -0.2422395716261290    
 -0.2334365587599228    
 -0.2243783789428421    
 -0.2150634271758589    
 -0.2054906069627549    
 -0.1956593938396487    
 -0.1855699022067805    
 -0.1752229553364705    
 -0.1646201578086011    
 -0.1537639694874096    
 -0.1426577804700565    
 -0.1313059862835209    
 -0.1197140619719940    
 -0.1078886334951428    
 -0.9583754511676869E-01
 -0.8356992135570758E-01
 -0.7109622149477850E-01
 -0.5842828443687932E-01
 -0.4557936202855797E-01
 -0.3256413904065909E-01
 -0.1939873760457941E-01
 -0.6100703862944862E-02
  0.7311024816752748E-02
  0.2081617329003679E-01
  0.3439320403781155E-01
  0.4801941557750205E-01
  0.6167106397677864E-01
  0.7532350670297058E-01
  0.8895136781983926E-01
  0.1025287231705847    
  0.1160293030452280    
  0.1294267087651801    
  0.1426946394511602    
  0.1558071252091190    
  0.1687387621421333    
  0.1814649437659885    
  0.1939620837570620    
  0.2062078258047845    
  0.2181812362779786    
  0.2298629750183268    
  0.2412354404780219    
  0.2522828871857746    
  0.2629915142047692    
  0.2733495229610563    
  0.2833471436993880    
  0.2929766319746889    
  0.3022322375586310    
  0.3111101473596940    
  0.3196084040482425    
  0.3277268040804532    
  0.3354667798849478    
  0.3428312694187718    
  0.3498245750317553    
  0.3564522151018774    
  0.3627207734691761    
  0.3686377499887395    
  0.3742114129448034    
  0.3794506547772451    
  0.3843648548139422    
  0.3889637516400386    
  0.3932573243613150    
  0.3972556818151067    
  0.4009689617951646    
  0.4044072426889791    
  0.4075804662981486    
  0.4104983690248085    
  0.4131704216597417    
  0.4156057799684279    
  0.4178132452965512    
  0.4198012316689886    
  0.4215777382663762    
  0.4231503293681538    
  0.4245261220265671    
  0.4257117782528242    
  0.4267134997766048    
  0.4275370271166674    
  0.4281876439639292    
  0.4286701841560164    
  0.4289890389061736    
  0.4291481658847466    
  0.4291511018562567    
