   1.842327316973711    
   1.843960812769190    
   1.842939843089538    
   1.854197422514454    
   1.869754818957618    
   1.875347253421638    
   1.876247158458035    
   1.885503256612683    
   1.899894819777829    
   1.907858524155771    
   1.911198809938661    
   1.919937039382081    
   1.933112597915351    
   1.942103485888842    
   1.947426948572467    
   1.956497619664155    
   1.968932658156715    
   1.978241751217960    
   1.984778451044686    
   1.994278710301978    
   2.006301790576926    
   2.015630785105714    
   2.022731646189653    
   2.032340739066569    
   2.043878936235001    
   2.052892653334869    
   2.059927965477669    
   2.069064638593964    
   2.079640905022170    
   2.087735393504752    
   2.093917293941831    
   2.101742171687875    
   2.110459726627226    
   2.116542383159806    
   2.120573593129782    
   2.125690307784973    
   2.131045051053147    
   2.133379430183005    
   2.133235162354362    
   2.133356629098036    
   2.132775036096141    
   2.128426969340427    
   2.120784040660331    
   2.112183918619436    
   2.101440229389987    
   2.085551211924108    
   2.064859049786715    
   2.041274895116079    
   2.013293099221490    
   1.977791751341800    
   1.934822904299682    
   1.885747172271083    
   1.828577658306502    
   1.759850878858281    
   1.679091433954647    
   1.586861655706139    
   1.480401234352739    
   1.355571736760822    
   1.211022727344181    
   1.046146784000437    
  0.8569974714092334    
  0.6383369200464057    
  0.3875424191464756    
  0.1024693637259109    
 -0.2223351300106500    
 -0.5933995129069203    
  -1.014583832200732    
  -1.489236357416943    
  -2.023571954002291    
  -2.624057583827319    
  -3.293616271072743    
  -4.033617036150744    
  -4.846633927029274    
  -5.733211458998391    
  -6.687886348745009    
  -7.701100678179592    
  -8.761658701832893    
  -9.853486720866696    
  -10.95256876180946    
  -12.03041171648622    
  -13.05814356736616    
  -14.00522819568492    
  -14.83900093591626    
  -15.53061017497576    
  -16.06026223153857    
  -16.41562595100138    
  -16.59019574628623    
  -16.58706425843965    
  -16.42055747621348    
  -16.11045781941336    
  -15.67729600595729    
  -15.14452598695436    
  -14.53914481030116    
  -13.88549574625854    
  -13.20170732216401    
  -12.50421490667284    
  -11.81015754718852    
  -11.13197963835111    
  -10.47508450930436    
  -9.844194798385329    
  -9.246496819659868    
  -8.685523194810122    
  -8.158623869738829    
  -7.664398728444001    
  -7.206083057967438    
  -6.783968280773024    
  -6.392121557392903    
  -6.027060769017718    
  -5.691751819186607    
  -5.386298946080585    
  -5.103476835536107    
  -4.839059677251224    
  -4.597206920566618    
  -4.379227469202662    
  -4.177112510549009    
  -3.985750378625417    
  -3.810824362317474    
  -3.655671469106739    
  -3.511600449364152    
  -3.371885785692919    
  -3.243663095023957    
  -3.133181709902607    
  -3.031069746491182    
  -2.927541711146366    
  -2.830771684514052    
  -2.751836005714103    
  -2.681697088186427    
  -2.604797447914390    
  -2.527543483664285    
  -2.468334791395534    
  -2.423485145485221    
  -2.370583096519262    
  -2.306756308548380    
  -2.254983195608208    
  -2.225079248856632    
  -2.195843807811939    
  -2.149584044544838    
  -2.100653214233429    
  -2.070944720515558    
  -2.054912567133347    
  -2.030512839985381    
  -1.993930597032878    
  -1.961857241434337    
  -1.943588276491300    
  -1.929792684252605    
  -1.909853070097567    
  -1.885951740901106    
  -1.866129392496976    
  -1.852385736718274    
  -1.839910636111669    
  -1.824230186597705    
  -1.806851977602845    
  -1.793945097755564    
  -1.787870683852150    
  -1.781262768399242    
  -1.765463156376507    
  -1.745133593467767    
  -1.735362921128562    
  -1.740148552104738    
  -1.743212425308418    
  -1.728477037546899    
  -1.703101962140716    
  -1.689726567287956    
  -1.697636310774477    
  -1.710803973933949    
  -1.706860823837612    
  -1.683120231589217    
  -1.660293161453832    
  -1.659819402761681    
  -1.678421355811572    
  -1.689481532986776    
  -1.674067358287082    
  -1.646053694551881    
  -1.636354808091800    
  -1.652936463588684    
  -1.669935638659124    
  -1.662271060169041    
  -1.638642547411159    
  -1.628024744237577    
  -1.640103050681031    
  -1.654140861605908    
  -1.648719215108698    
  -1.630198488352134    
  -1.622923923714341    
  -1.635726979913051    
  -1.649277085528411    
  -1.641941566171258    
  -1.620909032702115    
  -1.614677323510694    
  -1.633238466845337    
  -1.651201531974584    
  -1.642031517949986    
  -1.616988646489405    
  -1.610475366273888    
  -1.630990887038650    
  -1.649643210299853    
  -1.642330393758893    
  -1.622047685482514    
  -1.616651878860002    
  -1.630201795334906    
  -1.643081805508793    
  -1.641984699895825    
  -1.633194575056144    
  -1.628561395165721    
  -1.631667294484676    
  -1.638784285672958    
  -1.644365987870873    
  -1.644282078772940    
  -1.639617240281978    
  -1.637327144002040    
  -1.642372751472327    
  -1.650328014630855    
  -1.652779770189855    
  -1.649037802077240    
  -1.647068082008649    
  -1.652267076957348    
  -1.660008815465437    
  -1.662077956305697    
  -1.658374276293094    
  -1.657914199875826    
  -1.666075094820102    
  -1.674966367730778    
  -1.673731519374745    
  -1.666897668414986    
  -1.670378374221485    
  -1.685679539370691    
  -1.693596959927879    
  -1.684214198253897    
  -1.676663352970321    
  -1.690189348059357    
  -1.710006140560529    
  -1.708904922535310    
  -1.693588943697163    
  -1.695848075918853    
  -1.719000854282842    
  -1.730938649028374    
  -1.718623620224157    
  -1.710728544523034    
  -1.728003041528336    
  -1.747606247409403    
  -1.743837308426091    
  -1.732855401348621    
  -1.742744672230048    
  -1.763765635518612    
  -1.767342568251999    
  -1.757563928741974    
  -1.762324243076135    
  -1.782425761766525    
  -1.791433470937040    
  -1.784291120336252    
  -1.785332660865320    
  -1.803277779281292    
  -1.816522003813350    
  -1.813396628559928    
  -1.812249152195225    
  -1.826818803420087    
  -1.842327316973711    
  -1.843960812769190    
  -1.842939843089538    
  -1.854197422514454    
  -1.869754818957618    
  -1.875347253421638    
  -1.876247158458035    
  -1.885503256612683    
  -1.899894819777829    
  -1.907858524155771    
  -1.911198809938661    
  -1.919937039382081    
  -1.933112597915351    
  -1.942103485888842    
  -1.947426948572467    
  -1.956497619664155    
  -1.968932658156715    
  -1.978241751217960    
  -1.984778451044686    
  -1.994278710301978    
  -2.006301790576926    
  -2.015630785105714    
  -2.022731646189653    
  -2.032340739066569    
  -2.043878936235001    
  -2.052892653334869    
  -2.059927965477669    
  -2.069064638593964    
  -2.079640905022170    
  -2.087735393504752    
  -2.093917293941831    
  -2.101742171687875    
  -2.110459726627226    
  -2.116542383159806    
  -2.120573593129782    
  -2.125690307784973    
  -2.131045051053147    
  -2.133379430183005    
  -2.133235162354362    
  -2.133356629098036    
  -2.132775036096141    
  -2.128426969340427    
  -2.120784040660331    
  -2.112183918619436    
  -2.101440229389987    
  -2.085551211924108    
  -2.064859049786715    
  -2.041274895116079    
  -2.013293099221490    
  -1.977791751341800    
  -1.934822904299682    
  -1.885747172271083    
  -1.828577658306502    
  -1.759850878858281    
  -1.679091433954647    
  -1.586861655706139    
  -1.480401234352739    
  -1.355571736760822    
  -1.211022727344181    
  -1.046146784000437    
 -0.8569974714092334    
 -0.6383369200464057    
 -0.3875424191464756    
 -0.1024693637259109    
  0.2223351300106500    
  0.5933995129069203    
   1.014583832200732    
   1.489236357416943    
   2.023571954002291    
   2.624057583827319    
   3.293616271072743    
   4.033617036150744    
   4.846633927029274    
   5.733211458998391    
   6.687886348745009    
   7.701100678179592    
   8.761658701832893    
   9.853486720866696    
   10.95256876180946    
   12.03041171648622    
   13.05814356736616    
   14.00522819568492    
   14.83900093591626    
   15.53061017497576    
   16.06026223153857    
   16.41562595100138    
   16.59019574628623    
   16.58706425843965    
   16.42055747621348    
   16.11045781941336    
   15.67729600595729    
   15.14452598695436    
   14.53914481030116    
   13.88549574625854    
   13.20170732216401    
   12.50421490667284    
   11.81015754718852    
   11.13197963835111    
   10.47508450930436    
   9.844194798385329    
   9.246496819659868    
   8.685523194810122    
   8.158623869738829    
   7.664398728444001    
   7.206083057967438    
   6.783968280773024    
   6.392121557392903    
   6.027060769017718    
   5.691751819186607    
   5.386298946080585    
   5.103476835536107    
   4.839059677251224    
   4.597206920566618    
   4.379227469202662    
   4.177112510549009    
   3.985750378625417    
   3.810824362317474    
   3.655671469106739    
   3.511600449364152    
   3.371885785692919    
   3.243663095023957    
   3.133181709902607    
   3.031069746491182    
   2.927541711146366    
   2.830771684514052    
   2.751836005714103    
   2.681697088186427    
   2.604797447914390    
   2.527543483664285    
   2.468334791395534    
   2.423485145485221    
   2.370583096519262    
   2.306756308548380    
   2.254983195608208    
   2.225079248856632    
   2.195843807811939    
   2.149584044544838    
   2.100653214233429    
   2.070944720515558    
   2.054912567133347    
   2.030512839985381    
   1.993930597032878    
   1.961857241434337    
   1.943588276491300    
   1.929792684252605    
   1.909853070097567    
   1.885951740901106    
   1.866129392496976    
   1.852385736718274    
   1.839910636111669    
   1.824230186597705    
   1.806851977602845    
   1.793945097755564    
   1.787870683852150    
   1.781262768399242    
   1.765463156376507    
   1.745133593467767    
   1.735362921128562    
   1.740148552104738    
   1.743212425308418    
   1.728477037546899    
   1.703101962140716    
   1.689726567287956    
   1.697636310774477    
   1.710803973933949    
   1.706860823837612    
   1.683120231589217    
   1.660293161453832    
   1.659819402761681    
   1.678421355811572    
   1.689481532986776    
   1.674067358287082    
   1.646053694551881    
   1.636354808091800    
   1.652936463588684    
   1.669935638659124    
   1.662271060169041    
   1.638642547411159    
   1.628024744237577    
   1.640103050681031    
   1.654140861605908    
   1.648719215108698    
   1.630198488352134    
   1.622923923714341    
   1.635726979913051    
   1.649277085528411    
   1.641941566171258    
   1.620909032702115    
   1.614677323510694    
   1.633238466845337    
   1.651201531974584    
   1.642031517949986    
   1.616988646489405    
   1.610475366273888    
   1.630990887038650    
   1.649643210299853    
   1.642330393758893    
   1.622047685482514    
   1.616651878860002    
   1.630201795334906    
   1.643081805508793    
   1.641984699895825    
   1.633194575056144    
   1.628561395165721    
   1.631667294484676    
   1.638784285672958    
   1.644365987870873    
   1.644282078772940    
   1.639617240281978    
   1.637327144002040    
   1.642372751472327    
   1.650328014630855    
   1.652779770189855    
   1.649037802077240    
   1.647068082008649    
   1.652267076957348    
   1.660008815465437    
   1.662077956305697    
   1.658374276293094    
   1.657914199875826    
   1.666075094820102    
   1.674966367730778    
   1.673731519374745    
   1.666897668414986    
   1.670378374221485    
   1.685679539370691    
   1.693596959927879    
   1.684214198253897    
   1.676663352970321    
   1.690189348059357    
   1.710006140560529    
   1.708904922535310    
   1.693588943697163    
   1.695848075918853    
   1.719000854282842    
   1.730938649028374    
   1.718623620224157    
   1.710728544523034    
   1.728003041528336    
   1.747606247409403    
   1.743837308426091    
   1.732855401348621    
   1.742744672230048    
   1.763765635518612    
   1.767342568251999    
   1.757563928741974    
   1.762324243076135    
   1.782425761766525    
   1.791433470937040    
   1.784291120336252    
   1.785332660865320    
   1.803277779281292    
   1.816522003813350    
   1.813396628559928    
   1.812249152195225    
   1.826818803420087    
