  0.8309583679942145E-01
  0.8039999882604870E-01
  0.7769181611101600E-01
  0.7497160789762525E-01
  0.7223969655525830E-01
  0.6949640753219205E-01
  0.6674206938068411E-01
  0.6397701384978222E-01
  0.6120157593233344E-01
  0.5841609381820922E-01
  0.5562090884265164E-01
  0.5281636551717078E-01
  0.5000281159740722E-01
  0.4718059808198710E-01
  0.4435007913682298E-01
  0.4151161204704507E-01
  0.3866555725265197E-01
  0.3581227839182782E-01
  0.3295214225503562E-01
  0.3008551868068393E-01
  0.2721278051197190E-01
  0.2433430364213485E-01
  0.2145046703190645E-01
  0.1856165261398779E-01
  0.1566824517077592E-01
  0.1277063231554187E-01
  0.9869204541221421E-02
  0.6964355185165305E-02
  0.4056480287724151E-02
  0.1145978492546496E-02
 -0.1766748935100593E-02
 -0.4681298093677400E-02
 -0.7597262551287176E-02
 -0.1051423349178465E-01
 -0.1343179976195130E-01
 -0.1634954785044801E-01
 -0.1926706193686450E-01
 -0.2218392402796332E-01
 -0.2509971406673750E-01
 -0.2801400996235431E-01
 -0.3092638761229155E-01
 -0.3383642097803158E-01
 -0.3674368219168200E-01
 -0.3964774165297635E-01
 -0.4254816810214512E-01
 -0.4544452866250981E-01
 -0.4833638887589342E-01
 -0.5122331279303904E-01
 -0.5410486312233637E-01
 -0.5698060132954225E-01
 -0.5985008762892075E-01
 -0.6271288098915578E-01
 -0.6556853928266948E-01
 -0.6841661947476846E-01
 -0.7125667766203181E-01
 -0.7408826901252802E-01
 -0.7691094783665747E-01
 -0.7972426780380482E-01
 -0.8252778206824513E-01
 -0.8532104322075251E-01
 -0.8810360328208167E-01
 -0.9087501387738017E-01
 -0.9363482641470094E-01
 -0.9638259209282379E-01
 -0.9911786186814897E-01
 -0.1018401865709817    
 -0.1045491170864417    
 -0.1072442044101063    
 -0.1099249996264602    
 -0.1125910539905162    
 -0.1152419190914201    
 -0.1178771469306088    
 -0.1204962899175153    
 -0.1230989009383623    
 -0.1256845335081016    
 -0.1282527418599626    
 -0.1308030809524741    
 -0.1333351065319295    
 -0.1358483752802178    
 -0.1383424449172029    
 -0.1408168742183866    
 -0.1432712230718154    
 -0.1457050526233372    
 -0.1481179253948117    
 -0.1505094053177063    
 -0.1528790577882823    
 -0.1552264498095599    
 -0.1575511501246849    
 -0.1598527292716778    
 -0.1621307596447146    
 -0.1643848156355232    
 -0.1666144737802664    
 -0.1688193128372189    
 -0.1709989138610517    
 -0.1731528603492362    
 -0.1752807384034925    
 -0.1773821368315569    
 -0.1794566472392076    
 -0.1815038641866267    
 -0.1835233853663015    
 -0.1855148117303375    
 -0.1874777476044069    
 -0.1894118008588559    
 -0.1913165831051364    
 -0.1931917098493756    
 -0.1950368006307781    
 -0.1968514792111982    
 -0.1986353737920776    
 -0.2003881171944670    
 -0.2021093470226473    
 -0.2037987058737980    
 -0.2054558415760988    
 -0.2070804073944739    
 -0.2086720622187220    
 -0.2102304707927614    
 -0.2117553039721308    
 -0.2132462389522440    
 -0.2147029594778794    
 -0.2161251560893654    
 -0.2175125263957087    
 -0.2188647753193771    
 -0.2201816153202416    
 -0.2214627666524154    
 -0.2227079576467517    
 -0.2239169249642005    
 -0.2250894138242949    
 -0.2262251782621669    
 -0.2273239814101449    
 -0.2283855957487428    
 -0.2294098033271599    
 -0.2303963960069337    
 -0.2313451757291374    
 -0.2322559547492379    
 -0.2331285558344629    
 -0.2339628124777222    
 -0.2347585691342985    
 -0.2355156814250579    
 -0.2362340162942666    
 -0.2369134521758535    
 -0.2375538791818170    
 -0.2381551992575379    
 -0.2387173262840188    
 -0.2392401861790790    
 -0.2397237170199724    
 -0.2401678691354450    
 -0.2405726051385570    
 -0.2409378999482110    
 -0.2412637408310450    
 -0.2415501274175609    
 -0.2417970716553319    
 -0.2420045977408671    
 -0.2421727420710232    
 -0.2423015531764099    
 -0.2423910915912540    
 -0.2424414296915813    
 -0.2424526515513519    
 -0.2424248527919823    
 -0.2423581403732701    
 -0.2422526323433156    
 -0.2421084576024028    
 -0.2419257556733969    
 -0.2417046764248583    
 -0.2414453797465830    
 -0.2411480352319101    
 -0.2408128218792840    
 -0.2404399277647732    
 -0.2400295496657399    
 -0.2395818926803615    
 -0.2390971698745097    
 -0.2385756019228342    
 -0.2380174167082731    
 -0.2374228489052497    
 -0.2367921395901305    
 -0.2361255358692187    
 -0.2354232904820608    
 -0.2346856613793080    
 -0.2339129113182907    
 -0.2331053074932990    
 -0.2322631211663597    
 -0.2313866272723786    
 -0.2304761040253549    
 -0.2295318325627649    
 -0.2285540966167922    
 -0.2275431821735650    
 -0.2264993771194877    
 -0.2254229709138200    
 -0.2243142543032790    
 -0.2231735190475719    
 -0.2220010576315117    
 -0.2207971629855765    
 -0.2195621282450175    
 -0.2182962465382263    
 -0.2169998107760309    
 -0.2156731134411938    
 -0.2143164464000815    
 -0.2129301007434388    
 -0.2115143666444865    
 -0.2100695332277263    
 -0.2085958884497403    
 -0.2070937189904558    
 -0.2055633101590293    
 -0.2040049458283939    
 -0.2024189083956562    
 -0.2008054787390703    
 -0.1991649361617077    
 -0.1974975583601342    
 -0.1958036214472429    
 -0.1940833999898541    
 -0.1923371670068250    
 -0.1905651939524564    
 -0.1887677507588237    
 -0.1869451059376985    
 -0.1850975266581900    
 -0.1832252787633020    
 -0.1813286267997740    
 -0.1794078341310950    
 -0.1774631630852725    
 -0.1754948750432561    
 -0.1735032304741462    
 -0.1714884890132173    
 -0.1694509096204544    
 -0.1673907507426522    
 -0.1653082704044166    
 -0.1632037262647462    
 -0.1610773757288722    
 -0.1589294761254489    
 -0.1567602848674268    
 -0.1545700595432278    
 -0.1523590579882397    
 -0.1501275384140623    
 -0.1478757595873446    
 -0.1456039809787789    
 -0.1433124628490657    
 -0.1410014663304437    
 -0.1386712535632044    
 -0.1363220878602706    
 -0.1339542338323712    
 -0.1315679574677580    
 -0.1291635262239692    
 -0.1267412091607496    
 -0.1243012770751717    
 -0.1218440025977623    
 -0.1193696602675607    
 -0.1168785266294079    
 -0.1143708803538526    
 -0.1118470023388944    
 -0.1093071757756399    
 -0.1067516862114055    
 -0.1041808216457691    
 -0.1015948726402178    
 -0.9899413238942550E-01
 -0.9637889674791783E-01
 -0.9374946427137454E-01
 -0.9110613631382503E-01
 -0.8844921713224130E-01
 -0.8577901392209752E-01
 -0.8309583679942145E-01
 -0.8039999882604870E-01
 -0.7769181611101600E-01
 -0.7497160789762525E-01
 -0.7223969655525830E-01
 -0.6949640753219205E-01
 -0.6674206938068411E-01
 -0.6397701384978222E-01
 -0.6120157593233344E-01
 -0.5841609381820922E-01
 -0.5562090884265164E-01
 -0.5281636551717078E-01
 -0.5000281159740722E-01
 -0.4718059808198710E-01
 -0.4435007913682298E-01
 -0.4151161204704507E-01
 -0.3866555725265197E-01
 -0.3581227839182782E-01
 -0.3295214225503562E-01
 -0.3008551868068393E-01
 -0.2721278051197190E-01
 -0.2433430364213485E-01
 -0.2145046703190645E-01
 -0.1856165261398779E-01
 -0.1566824517077592E-01
 -0.1277063231554187E-01
 -0.9869204541221421E-02
 -0.6964355185165305E-02
 -0.4056480287724151E-02
 -0.1145978492546496E-02
  0.1766748935100593E-02
  0.4681298093677400E-02
  0.7597262551287176E-02
  0.1051423349178465E-01
  0.1343179976195130E-01
  0.1634954785044801E-01
  0.1926706193686450E-01
  0.2218392402796332E-01
  0.2509971406673750E-01
  0.2801400996235431E-01
  0.3092638761229155E-01
  0.3383642097803158E-01
  0.3674368219168200E-01
  0.3964774165297635E-01
  0.4254816810214512E-01
  0.4544452866250981E-01
  0.4833638887589342E-01
  0.5122331279303904E-01
  0.5410486312233637E-01
  0.5698060132954225E-01
  0.5985008762892075E-01
  0.6271288098915578E-01
  0.6556853928266948E-01
  0.6841661947476846E-01
  0.7125667766203181E-01
  0.7408826901252802E-01
  0.7691094783665747E-01
  0.7972426780380482E-01
  0.8252778206824513E-01
  0.8532104322075251E-01
  0.8810360328208167E-01
  0.9087501387738017E-01
  0.9363482641470094E-01
  0.9638259209282379E-01
  0.9911786186814897E-01
  0.1018401865709817    
  0.1045491170864417    
  0.1072442044101063    
  0.1099249996264602    
  0.1125910539905162    
  0.1152419190914201    
  0.1178771469306088    
  0.1204962899175153    
  0.1230989009383623    
  0.1256845335081016    
  0.1282527418599626    
  0.1308030809524741    
  0.1333351065319295    
  0.1358483752802178    
  0.1383424449172029    
  0.1408168742183866    
  0.1432712230718154    
  0.1457050526233372    
  0.1481179253948117    
  0.1505094053177063    
  0.1528790577882823    
  0.1552264498095599    
  0.1575511501246849    
  0.1598527292716778    
  0.1621307596447146    
  0.1643848156355232    
  0.1666144737802664    
  0.1688193128372189    
  0.1709989138610517    
  0.1731528603492362    
  0.1752807384034925    
  0.1773821368315569    
  0.1794566472392076    
  0.1815038641866267    
  0.1835233853663015    
  0.1855148117303375    
  0.1874777476044069    
  0.1894118008588559    
  0.1913165831051364    
  0.1931917098493756    
  0.1950368006307781    
  0.1968514792111982    
  0.1986353737920776    
  0.2003881171944670    
  0.2021093470226473    
  0.2037987058737980    
  0.2054558415760988    
  0.2070804073944739    
  0.2086720622187220    
  0.2102304707927614    
  0.2117553039721308    
  0.2132462389522440    
  0.2147029594778794    
  0.2161251560893654    
  0.2175125263957087    
  0.2188647753193771    
  0.2201816153202416    
  0.2214627666524154    
  0.2227079576467517    
  0.2239169249642005    
  0.2250894138242949    
  0.2262251782621669    
  0.2273239814101449    
  0.2283855957487428    
  0.2294098033271599    
  0.2303963960069337    
  0.2313451757291374    
  0.2322559547492379    
  0.2331285558344629    
  0.2339628124777222    
  0.2347585691342985    
  0.2355156814250579    
  0.2362340162942666    
  0.2369134521758535    
  0.2375538791818170    
  0.2381551992575379    
  0.2387173262840188    
  0.2392401861790790    
  0.2397237170199724    
  0.2401678691354450    
  0.2405726051385570    
  0.2409378999482110    
  0.2412637408310450    
  0.2415501274175609    
  0.2417970716553319    
  0.2420045977408671    
  0.2421727420710232    
  0.2423015531764099    
  0.2423910915912540    
  0.2424414296915813    
  0.2424526515513519    
  0.2424248527919823    
  0.2423581403732701    
  0.2422526323433156    
  0.2421084576024028    
  0.2419257556733969    
  0.2417046764248583    
  0.2414453797465830    
  0.2411480352319101    
  0.2408128218792840    
  0.2404399277647732    
  0.2400295496657399    
  0.2395818926803615    
  0.2390971698745097    
  0.2385756019228342    
  0.2380174167082731    
  0.2374228489052497    
  0.2367921395901305    
  0.2361255358692187    
  0.2354232904820608    
  0.2346856613793080    
  0.2339129113182907    
  0.2331053074932990    
  0.2322631211663597    
  0.2313866272723786    
  0.2304761040253549    
  0.2295318325627649    
  0.2285540966167922    
  0.2275431821735650    
  0.2264993771194877    
  0.2254229709138200    
  0.2243142543032790    
  0.2231735190475719    
  0.2220010576315117    
  0.2207971629855765    
  0.2195621282450175    
  0.2182962465382263    
  0.2169998107760309    
  0.2156731134411938    
  0.2143164464000815    
  0.2129301007434388    
  0.2115143666444865    
  0.2100695332277263    
  0.2085958884497403    
  0.2070937189904558    
  0.2055633101590293    
  0.2040049458283939    
  0.2024189083956562    
  0.2008054787390703    
  0.1991649361617077    
  0.1974975583601342    
  0.1958036214472429    
  0.1940833999898541    
  0.1923371670068250    
  0.1905651939524564    
  0.1887677507588237    
  0.1869451059376985    
  0.1850975266581900    
  0.1832252787633020    
  0.1813286267997740    
  0.1794078341310950    
  0.1774631630852725    
  0.1754948750432561    
  0.1735032304741462    
  0.1714884890132173    
  0.1694509096204544    
  0.1673907507426522    
  0.1653082704044166    
  0.1632037262647462    
  0.1610773757288722    
  0.1589294761254489    
  0.1567602848674268    
  0.1545700595432278    
  0.1523590579882397    
  0.1501275384140623    
  0.1478757595873446    
  0.1456039809787789    
  0.1433124628490657    
  0.1410014663304437    
  0.1386712535632044    
  0.1363220878602706    
  0.1339542338323712    
  0.1315679574677580    
  0.1291635262239692    
  0.1267412091607496    
  0.1243012770751717    
  0.1218440025977623    
  0.1193696602675607    
  0.1168785266294079    
  0.1143708803538526    
  0.1118470023388944    
  0.1093071757756399    
  0.1067516862114055    
  0.1041808216457691    
  0.1015948726402178    
  0.9899413238942550E-01
  0.9637889674791783E-01
  0.9374946427137454E-01
  0.9110613631382503E-01
  0.8844921713224130E-01
  0.8577901392209752E-01
