  0.1417732294686911    
  0.1425158144429267    
  0.1432641937376098    
  0.1440184001911683    
  0.1447784669213312    
  0.1455444273262291    
  0.1463163150855983    
  0.1470941641620943    
  0.1478780088027247    
  0.1486678835403977    
  0.1494638231955996    
  0.1502658628782094    
  0.1510740379894595    
  0.1518883842240328    
  0.1527089375723130    
  0.1535357343228047    
  0.1543688110647332    
  0.1552082046908144    
  0.1560539524002048    
  0.1569060917016484    
  0.1577646604168433    
  0.1586296966840247    
  0.1595012389617673    
  0.1603793260330209    
  0.1612639970093991    
  0.1621552913357301    
  0.1630532487948855    
  0.1639579095128917    
  0.1648693139643400    
  0.1657875029781086    
  0.1667125177434171    
  0.1676443998162272    
  0.1685831911260069    
  0.1695289339828662    
  0.1704816710850937    
  0.1714414455271050    
  0.1724083008078261    
  0.1733822808395311    
  0.1743634299571620    
  0.1753517929281479    
  0.1763474149627415    
  0.1773503417248960    
  0.1783606193437230    
  0.1793782944255574    
  0.1804034140666466    
  0.1814360258664870    
  0.1824761779418509    
  0.1835239189415440    
  0.1845792980619194    
  0.1856423650631711    
  0.1867131702864533    
  0.1877917646718689    
  0.1888781997773670    
  0.1899725277985847    
  0.1910748015896815    
  0.1921850746852097    
  0.1933034013230679    
  0.1944298364685836    
  0.1955644358397913    
  0.1967072559339534    
  0.1978583540553689    
  0.1990177883445272    
  0.2001856178086817    
  0.2013619023539100    
  0.2025467028187100    
  0.2037400810091857    
  0.2049420997359144    
  0.2061528228525663    
  0.2073723152963419    
  0.2086006431302873    
  0.2098378735875733    
  0.2110840751178274    
  0.2123393174355855    
  0.2136036715709267    
  0.2148772099223811    
  0.2161600063121955    
  0.2174521360440253    
  0.2187536759631145    
  0.2200647045190444    
  0.2213853018311267    
  0.2227155497564954    
  0.2240555319609318    
  0.2254053339924820    
  0.2267650433579055    
  0.2281347496019760    
  0.2295145443896188    
  0.2309045215908773    
  0.2323047773686722    
  0.2337154102692795    
  0.2351365213154106    
  0.2365682141017619    
  0.2380105948928442    
  0.2394637727228380    
  0.2409278594971454    
  0.2424029700952531    
  0.2438892224744353    
  0.2453867377736985    
  0.2468956404172406    
  0.2484160582165759    
  0.2499481224703022    
  0.2514919680602873    
  0.2530477335428060    
  0.2546155612329223    
  0.2561955972801001    
  0.2577879917326537    
  0.2593928985882175    
  0.2610104758269557    
  0.2626408854236736    
  0.2642842933343243    
  0.2659408694516325    
  0.2676107875236853    
  0.2692942250283216    
  0.2709913629949510    
  0.2727023857640215    
  0.2744274806727613    
  0.2761668376539430    
  0.2779206487322282    
  0.2796891074000925    
  0.2814724078523826    
  0.2832707440551151    
  0.2850843086201115    
  0.2869132914523810    
  0.2887578781317500    
  0.2906182479839090    
  0.2924945717886884    
  0.2943870090648019    
  0.2962957048603776    
  0.2982207859670479    
  0.3001623564619549    
  0.3021204924664677    
  0.3040952359924584    
  0.3060865877262350    
  0.3080944985763178    
  0.3101188597837402    
  0.3121594913621394    
  0.3142161285991298    
  0.3162884063099492    
  0.3183758404888279    
  0.3204778069528545    
  0.3225935165174124    
  0.3247219861820058    
  0.3268620057414532    
  0.3290120991719081    
  0.3311704800769074    
  0.3333350004202426    
  0.3355030917265195    
  0.3376716979064514    
  0.3398371988755311    
  0.3419953241999265    
  0.3441410561463108    
  0.3462685217641813    
  0.3483708740296017    
  0.3504401626765417    
  0.3524671961926394    
  0.3544413976227564    
  0.3563506583691575    
  0.3581811961551732    
  0.3599174257577369    
  0.3615418539913970    
  0.3630350136377208    
  0.3643754543314139    
  0.3655398114428570    
  0.3665029761379675    
  0.3672383902394638    
  0.3677184872772841    
  0.3679152951721021    
  0.3678012054989227    
  0.3673498988974377    
  0.3665373965067323    
  0.3653431851191739    
  0.3637513422428160    
  0.3617515706779775    
  0.3593400450899130    
  0.3565199790285583    
  0.3533018413312534    
  0.3497031841356540    
  0.3457480859149558    
  0.3414662548924104    
  0.3368918733448346    
  0.3320622857015718    
  0.3270166400909799    
  0.3217945847105343    
  0.3164351006324829    
  0.3109755265125578    
  0.3054508033484287    
  0.2998929430942155    
  0.2943307061181817    
  0.2887894601031178    
  0.2832911866692207    
  0.2778546006122232    
  0.2724953487593831    
  0.2672262596620500    
  0.2620576205171722    
  0.2569974630071821    
  0.2520518446373925    
  0.2472251163508761    
  0.2425201706122442    
  0.2379386667906871    
  0.2334812326215589    
  0.2291476418963225    
  0.2249369694395716    
  0.2208477249874676    
  0.2168779678772730    
  0.2130254045686628    
  0.2092874710035559    
  0.2056614017173784    
  0.2021442874737653    
  0.1987331230300240    
  0.1954248464681365    
  0.1922163713562267    
  0.1891046128446473    
  0.1860865086528093    
  0.1831590357691946    
  0.1803192235682115    
  0.1775641639431532    
  0.1748910189636246    
  0.1722970264871932    
  0.1697795040875358    
  0.1673358516036509    
  0.1649635525655632    
  0.1626601747101983    
  0.1604233697658334    
  0.1582508726537380    
  0.1561405002305110    
  0.1540901496734661    
  0.1520977965937123    
  0.1501614929467200    
  0.1482793647977238    
  0.1464496099888535    
  0.1446704957462225    
  0.1429403562579768    
  0.1412575902482685    
  0.1396206585670464    
  0.1380280818114160    
  0.1364784379908952    
  0.1349703602460499    
  0.1335025346275817    
  0.1320736979410166    
  0.1306826356605922    
  0.1293281799146654    
  0.1280092075438616    
  0.1267246382323404    
  0.1254734327118966    
  0.1242545910381035    
  0.1230671509372456    
  0.1219101862224504    
  0.1207828052772052    
  0.1196841496042784    
  0.1186133924379152    
  0.1175697374170889    
  0.1165524173175490    
  0.1155606928404006    
  0.1145938514549324    
  0.1136512062934362    
  0.1127320950958083    
  0.1118358792017778    
  0.1109619425886354    
  0.1101096909524108    
  0.1092785508305175    
  0.1084679687639740    
  0.1076774104973451    
  0.1069063602146318    
  0.1061543198094253    
  0.1054208081877105    
  0.1047053606017549    
  0.1040075280136000    
  0.1033268764867494    
  0.1026629866047215    
  0.1020154529151621    
  0.1013838833982872    
  0.1007678989585059    
  0.1001671329381340    
  0.9958123065212759E-01
  0.9900984894282416E-01
  0.9845265575374532E-01
  0.9790932972158049E-01
  0.9737955978548085E-01
  0.9686304481283697E-01
  0.9635949324076613E-01
  0.9586862273258626E-01
  0.9539015984856897E-01
  0.9492383973030545E-01
  0.9446940579805915E-01
  0.9402660946051163E-01
  0.9359520983631676E-01
  0.9317497348691953E-01
  0.9276567416013795E-01
  0.9236709254402958E-01
  0.9197901603056104E-01
  0.9160123848863133E-01
  0.9123356004603686E-01
  0.9087578687999485E-01
  0.9052773101582934E-01
  0.9018921013345227E-01
  0.8986004738130578E-01
  0.8954007119744861E-01
  0.8922911513746073E-01
  0.8892701770886333E-01
  0.8863362221178221E-01
  0.8834877658560047E-01
  0.8807233326132480E-01
  0.8780414901941566E-01
  0.8754408485286073E-01
  0.8729200583528408E-01
  0.8704778099386441E-01
  0.8681128318685045E-01
  0.8658238898549012E-01
  0.8636097856020750E-01
  0.8614693557084098E-01
  0.8594014706076589E-01
  0.8574050335475115E-01
  0.8554789796040781E-01
  0.8536222747307365E-01
  0.8518339148398972E-01
  0.8501129249164846E-01
  0.8484583581619441E-01
  0.8468692951674196E-01
  0.8453448431149040E-01
  0.8438841350053983E-01
  0.8424863289131301E-01
  0.8411506072646317E-01
  0.8398761761416537E-01
  0.8386622646071447E-01
  0.8375081240535744E-01
  0.8364130275725147E-01
  0.8353762693446076E-01
  0.8343971640493214E-01
  0.8334750462939200E-01
  0.8326092700607246E-01
  0.8317992081718273E-01
  0.8310442517708093E-01
  0.8303438098210715E-01
  0.8296973086199878E-01
  0.8291041913280955E-01
  0.8285639175129106E-01
  0.8280759627071278E-01
  0.8276398179806128E-01
  0.8272549895254508E-01
  0.8269209982536270E-01
  0.8266373794071341E-01
  0.8264036821800783E-01
  0.8262194693522504E-01
  0.8260843169337551E-01
  0.8259978138204592E-01
  0.8259595614598449E-01
  0.8259691735268576E-01
  0.8260262756095049E-01
  0.8261305049040003E-01
  0.8262815099190367E-01
  0.8264789501888006E-01
  0.8267224959945450E-01
  0.8270118280945928E-01
  0.8273466374624183E-01
  0.8277266250324561E-01
  0.8281515014534679E-01
  0.8286209868493910E-01
  0.8291348105873364E-01
  0.8296927110524231E-01
  0.8302944354293398E-01
  0.8309397394905832E-01
  0.8316283873910826E-01
  0.8323601514688966E-01
  0.8331348120519004E-01
  0.8339521572704575E-01
  0.8348119828758134E-01
  0.8357140920639171E-01
  0.8366582953046095E-01
  0.8376444101761799E-01
  0.8386722612050877E-01
  0.8397416797105574E-01
  0.8408525036539558E-01
  0.8420045774930064E-01
  0.8431977520406639E-01
  0.8444318843284125E-01
  0.8457068374739050E-01
  0.8470224805529082E-01
  0.8483786884754248E-01
  0.8497753418658112E-01
  0.8512123269468612E-01
  0.8526895354278023E-01
  0.8542068643960250E-01
  0.8557642162123874E-01
  0.8573614984101065E-01
  0.8589986235972218E-01
  0.8606755093624380E-01
  0.8623920781841521E-01
  0.8641482573427152E-01
  0.8659439788359234E-01
  0.8677791792975555E-01
  0.8696537999187774E-01
  0.8715677863724519E-01
  0.8735210887403809E-01
  0.8755136614432490E-01
  0.8775454631731103E-01
  0.8796164568284971E-01
  0.8817266094521968E-01
  0.8838758921714621E-01
  0.8860642801404094E-01
  0.8882917524847225E-01
  0.8905582922487952E-01
  0.8928638863450966E-01
  0.8952085255054633E-01
  0.8975922042343309E-01
  0.9000149207640930E-01
  0.9024766770124903E-01
  0.9049774785417636E-01
  0.9075173345195020E-01
  0.9100962576812843E-01
  0.9127142642950514E-01
  0.9153713741270356E-01
  0.9180676104092245E-01
  0.9208029998084030E-01
  0.9235775723966591E-01
  0.9263913616231875E-01
  0.9292444042874101E-01
  0.9321367405134806E-01
  0.9350684137260806E-01
  0.9380394706272821E-01
  0.9410499611745154E-01
  0.9440999385596952E-01
  0.9471894591894420E-01
  0.9503185826662339E-01
  0.9534873717704578E-01
  0.9566958924434479E-01
  0.9599442137714198E-01
  0.9632324079701426E-01
  0.9665605503703467E-01
  0.9699287194039599E-01
  0.9733369965911029E-01
  0.9767854665276701E-01
  0.9802742168734863E-01
  0.9838033383410960E-01
  0.9873729246851821E-01
  0.9909830726924700E-01
  0.9946338821720915E-01
  0.9983254559464155E-01
  0.1002057899842337    
  0.1005831322682949    
  0.1009645836279623    
  0.1013501555424441    
  0.1017398597882931    
  0.1021337084387055    
  0.1025317138628514    
  0.1029338887252374    
  0.1033402459850865    
  0.1037507988957342    
  0.1041655610040478    
  0.1045845461498713    
  0.1050077684654820    
  0.1054352423750505    
  0.1058669825941196    
  0.1063030041291036    
  0.1067433222767930    
  0.1071879526238575    
  0.1076369110463608    
  0.1080902137092935    
  0.1085478770661086    
  0.1090099178582461    
  0.1094763531146662    
  0.1099472001513999    
  0.1104224765711003    
  0.1109022002625783    
  0.1113863894003409    
  0.1118750624441475    
  0.1123682381385714    
  0.1128659355125419    
  0.1133681738788832    
  0.1138749728338645    
  0.1143863522567617    
  0.1149023323094057    
  0.1154229334357260    
  0.1159481763613013    
  0.1164780820929185    
  0.1170126719181237    
  0.1175519674047723    
  0.1180959904005862    
  0.1186447630327164    
  0.1191983077073036    
  0.1197566471090414    
  0.1203198042007490    
  0.1208878022229512    
  0.1214606646934556    
  0.1220384154069413    
  0.1226210784345607    
  0.1232086781235495    
  0.1238012390968370    
  0.1243987862526735    
  0.1250013447642817    
  0.1256089400795184    
  0.1262215979205380    
  0.1268393442834758    
  0.1274622054381671    
  0.1280902079278869    
  0.1287233785690937    
  0.1293617444511966    
  0.1300053329363655    
  0.1306541716593768    
  0.1313082885274700    
  0.1319677117202306    
  0.1326324696895236    
  0.1333025911594745    
  0.1339781051264751    
  0.1346590408592243    
  0.1353454278988226    
  0.1360372960589305    
  0.1367346754259636    
  0.1374375963593350    
  0.1381460894917604    
  0.1388601857296369    
  0.1395799162534801    
  0.1403053125184189    
  0.1410364062547687    
  0.1417732294686911    
  0.1425158144429267    
  0.1432641937376098    
  0.1440184001911683    
  0.1447784669213312    
  0.1455444273262291    
  0.1463163150855983    
  0.1470941641620943    
  0.1478780088027247    
  0.1486678835403977    
  0.1494638231955996    
  0.1502658628782094    
  0.1510740379894595    
  0.1518883842240328    
  0.1527089375723130    
  0.1535357343228047    
  0.1543688110647332    
  0.1552082046908144    
  0.1560539524002048    
  0.1569060917016484    
  0.1577646604168433    
  0.1586296966840247    
  0.1595012389617673    
  0.1603793260330209    
  0.1612639970093991    
  0.1621552913357301    
  0.1630532487948855    
  0.1639579095128917    
  0.1648693139643400    
  0.1657875029781086    
  0.1667125177434171    
  0.1676443998162272    
  0.1685831911260069    
  0.1695289339828662    
  0.1704816710850937    
  0.1714414455271050    
  0.1724083008078261    
  0.1733822808395311    
  0.1743634299571620    
  0.1753517929281479    
  0.1763474149627415    
  0.1773503417248960    
  0.1783606193437230    
  0.1793782944255574    
  0.1804034140666466    
  0.1814360258664870    
  0.1824761779418509    
  0.1835239189415440    
  0.1845792980619194    
  0.1856423650631711    
  0.1867131702864533    
  0.1877917646718689    
  0.1888781997773670    
  0.1899725277985847    
  0.1910748015896815    
  0.1921850746852097    
  0.1933034013230679    
  0.1944298364685836    
  0.1955644358397913    
  0.1967072559339534    
  0.1978583540553689    
  0.1990177883445272    
  0.2001856178086817    
  0.2013619023539100    
  0.2025467028187100    
  0.2037400810091857    
  0.2049420997359144    
  0.2061528228525663    
  0.2073723152963419    
  0.2086006431302873    
  0.2098378735875733    
  0.2110840751178274    
  0.2123393174355855    
  0.2136036715709267    
  0.2148772099223811    
  0.2161600063121955    
  0.2174521360440253    
  0.2187536759631145    
  0.2200647045190444    
  0.2213853018311267    
  0.2227155497564954    
  0.2240555319609318    
  0.2254053339924820    
  0.2267650433579055    
  0.2281347496019760    
  0.2295145443896188    
  0.2309045215908773    
  0.2323047773686722    
  0.2337154102692795    
  0.2351365213154106    
  0.2365682141017619    
  0.2380105948928442    
  0.2394637727228380    
  0.2409278594971454    
  0.2424029700952531    
  0.2438892224744353    
  0.2453867377736985    
  0.2468956404172406    
  0.2484160582165759    
  0.2499481224703022    
  0.2514919680602873    
  0.2530477335428060    
  0.2546155612329223    
  0.2561955972801001    
  0.2577879917326537    
  0.2593928985882175    
  0.2610104758269557    
  0.2626408854236736    
  0.2642842933343243    
  0.2659408694516325    
  0.2676107875236853    
  0.2692942250283216    
  0.2709913629949510    
  0.2727023857640215    
  0.2744274806727613    
  0.2761668376539430    
  0.2779206487322282    
  0.2796891074000925    
  0.2814724078523826    
  0.2832707440551151    
  0.2850843086201115    
  0.2869132914523810    
  0.2887578781317500    
  0.2906182479839090    
  0.2924945717886884    
  0.2943870090648019    
  0.2962957048603776    
  0.2982207859670479    
  0.3001623564619549    
  0.3021204924664677    
  0.3040952359924584    
  0.3060865877262350    
  0.3080944985763178    
  0.3101188597837402    
  0.3121594913621394    
  0.3142161285991298    
  0.3162884063099492    
  0.3183758404888279    
  0.3204778069528545    
  0.3225935165174124    
  0.3247219861820058    
  0.3268620057414532    
  0.3290120991719081    
  0.3311704800769074    
  0.3333350004202426    
  0.3355030917265195    
  0.3376716979064514    
  0.3398371988755311    
  0.3419953241999265    
  0.3441410561463108    
  0.3462685217641813    
  0.3483708740296017    
  0.3504401626765417    
  0.3524671961926394    
  0.3544413976227564    
  0.3563506583691575    
  0.3581811961551732    
  0.3599174257577369    
  0.3615418539913970    
  0.3630350136377208    
  0.3643754543314139    
  0.3655398114428570    
  0.3665029761379675    
  0.3672383902394638    
  0.3677184872772841    
  0.3679152951721021    
  0.3678012054989227    
  0.3673498988974377    
  0.3665373965067323    
  0.3653431851191739    
  0.3637513422428160    
  0.3617515706779775    
  0.3593400450899130    
  0.3565199790285583    
  0.3533018413312534    
  0.3497031841356540    
  0.3457480859149558    
  0.3414662548924104    
  0.3368918733448346    
  0.3320622857015718    
  0.3270166400909799    
  0.3217945847105343    
  0.3164351006324829    
  0.3109755265125578    
  0.3054508033484287    
  0.2998929430942155    
  0.2943307061181817    
  0.2887894601031178    
  0.2832911866692207    
  0.2778546006122232    
  0.2724953487593831    
  0.2672262596620500    
  0.2620576205171722    
  0.2569974630071821    
  0.2520518446373925    
  0.2472251163508761    
  0.2425201706122442    
  0.2379386667906871    
  0.2334812326215589    
  0.2291476418963225    
  0.2249369694395716    
  0.2208477249874676    
  0.2168779678772730    
  0.2130254045686628    
  0.2092874710035559    
  0.2056614017173784    
  0.2021442874737653    
  0.1987331230300240    
  0.1954248464681365    
  0.1922163713562267    
  0.1891046128446473    
  0.1860865086528093    
  0.1831590357691946    
  0.1803192235682115    
  0.1775641639431532    
  0.1748910189636246    
  0.1722970264871932    
  0.1697795040875358    
  0.1673358516036509    
  0.1649635525655632    
  0.1626601747101983    
  0.1604233697658334    
  0.1582508726537380    
  0.1561405002305110    
  0.1540901496734661    
  0.1520977965937123    
  0.1501614929467200    
  0.1482793647977238    
  0.1464496099888535    
  0.1446704957462225    
  0.1429403562579768    
  0.1412575902482685    
  0.1396206585670464    
  0.1380280818114160    
  0.1364784379908952    
  0.1349703602460499    
  0.1335025346275817    
  0.1320736979410166    
  0.1306826356605922    
  0.1293281799146654    
  0.1280092075438616    
  0.1267246382323404    
  0.1254734327118966    
  0.1242545910381035    
  0.1230671509372456    
  0.1219101862224504    
  0.1207828052772052    
  0.1196841496042784    
  0.1186133924379152    
  0.1175697374170889    
  0.1165524173175490    
  0.1155606928404006    
  0.1145938514549324    
  0.1136512062934362    
  0.1127320950958083    
  0.1118358792017778    
  0.1109619425886354    
  0.1101096909524108    
  0.1092785508305175    
  0.1084679687639740    
  0.1076774104973451    
  0.1069063602146318    
  0.1061543198094253    
  0.1054208081877105    
  0.1047053606017549    
  0.1040075280136000    
  0.1033268764867494    
  0.1026629866047215    
  0.1020154529151621    
  0.1013838833982872    
  0.1007678989585059    
  0.1001671329381340    
  0.9958123065212759E-01
  0.9900984894282416E-01
  0.9845265575374532E-01
  0.9790932972158049E-01
  0.9737955978548085E-01
  0.9686304481283697E-01
  0.9635949324076613E-01
  0.9586862273258626E-01
  0.9539015984856897E-01
  0.9492383973030545E-01
  0.9446940579805915E-01
  0.9402660946051163E-01
  0.9359520983631676E-01
  0.9317497348691953E-01
  0.9276567416013795E-01
  0.9236709254402958E-01
  0.9197901603056104E-01
  0.9160123848863133E-01
  0.9123356004603686E-01
  0.9087578687999485E-01
  0.9052773101582934E-01
  0.9018921013345227E-01
  0.8986004738130578E-01
  0.8954007119744861E-01
  0.8922911513746073E-01
  0.8892701770886333E-01
  0.8863362221178221E-01
  0.8834877658560047E-01
  0.8807233326132480E-01
  0.8780414901941566E-01
  0.8754408485286073E-01
  0.8729200583528408E-01
  0.8704778099386441E-01
  0.8681128318685045E-01
  0.8658238898549012E-01
  0.8636097856020750E-01
  0.8614693557084098E-01
  0.8594014706076589E-01
  0.8574050335475115E-01
  0.8554789796040781E-01
  0.8536222747307365E-01
  0.8518339148398972E-01
  0.8501129249164846E-01
  0.8484583581619441E-01
  0.8468692951674196E-01
  0.8453448431149040E-01
  0.8438841350053983E-01
  0.8424863289131301E-01
  0.8411506072646317E-01
  0.8398761761416537E-01
  0.8386622646071447E-01
  0.8375081240535744E-01
  0.8364130275725147E-01
  0.8353762693446076E-01
  0.8343971640493214E-01
  0.8334750462939200E-01
  0.8326092700607246E-01
  0.8317992081718273E-01
  0.8310442517708093E-01
  0.8303438098210715E-01
  0.8296973086199878E-01
  0.8291041913280955E-01
  0.8285639175129106E-01
  0.8280759627071278E-01
  0.8276398179806128E-01
  0.8272549895254508E-01
  0.8269209982536270E-01
  0.8266373794071341E-01
  0.8264036821800783E-01
  0.8262194693522504E-01
  0.8260843169337551E-01
  0.8259978138204592E-01
  0.8259595614598449E-01
  0.8259691735268576E-01
  0.8260262756095049E-01
  0.8261305049040003E-01
  0.8262815099190367E-01
  0.8264789501888006E-01
  0.8267224959945450E-01
  0.8270118280945928E-01
  0.8273466374624183E-01
  0.8277266250324561E-01
  0.8281515014534679E-01
  0.8286209868493910E-01
  0.8291348105873364E-01
  0.8296927110524231E-01
  0.8302944354293398E-01
  0.8309397394905832E-01
  0.8316283873910826E-01
  0.8323601514688966E-01
  0.8331348120519004E-01
  0.8339521572704575E-01
  0.8348119828758134E-01
  0.8357140920639171E-01
  0.8366582953046095E-01
  0.8376444101761799E-01
  0.8386722612050877E-01
  0.8397416797105574E-01
  0.8408525036539558E-01
  0.8420045774930064E-01
  0.8431977520406639E-01
  0.8444318843284125E-01
  0.8457068374739050E-01
  0.8470224805529082E-01
  0.8483786884754248E-01
  0.8497753418658112E-01
  0.8512123269468612E-01
  0.8526895354278023E-01
  0.8542068643960250E-01
  0.8557642162123874E-01
  0.8573614984101065E-01
  0.8589986235972218E-01
  0.8606755093624380E-01
  0.8623920781841521E-01
  0.8641482573427152E-01
  0.8659439788359234E-01
  0.8677791792975555E-01
  0.8696537999187774E-01
  0.8715677863724519E-01
  0.8735210887403809E-01
  0.8755136614432490E-01
  0.8775454631731103E-01
  0.8796164568284971E-01
  0.8817266094521968E-01
  0.8838758921714621E-01
  0.8860642801404094E-01
  0.8882917524847225E-01
  0.8905582922487952E-01
  0.8928638863450966E-01
  0.8952085255054633E-01
  0.8975922042343309E-01
  0.9000149207640930E-01
  0.9024766770124903E-01
  0.9049774785417636E-01
  0.9075173345195020E-01
  0.9100962576812843E-01
  0.9127142642950514E-01
  0.9153713741270356E-01
  0.9180676104092245E-01
  0.9208029998084030E-01
  0.9235775723966591E-01
  0.9263913616231875E-01
  0.9292444042874101E-01
  0.9321367405134806E-01
  0.9350684137260806E-01
  0.9380394706272821E-01
  0.9410499611745154E-01
  0.9440999385596952E-01
  0.9471894591894420E-01
  0.9503185826662339E-01
  0.9534873717704578E-01
  0.9566958924434479E-01
  0.9599442137714198E-01
  0.9632324079701426E-01
  0.9665605503703467E-01
  0.9699287194039599E-01
  0.9733369965911029E-01
  0.9767854665276701E-01
  0.9802742168734863E-01
  0.9838033383410960E-01
  0.9873729246851821E-01
  0.9909830726924700E-01
  0.9946338821720915E-01
  0.9983254559464155E-01
  0.1002057899842337    
  0.1005831322682949    
  0.1009645836279623    
  0.1013501555424441    
  0.1017398597882931    
  0.1021337084387055    
  0.1025317138628514    
  0.1029338887252374    
  0.1033402459850865    
  0.1037507988957342    
  0.1041655610040478    
  0.1045845461498713    
  0.1050077684654820    
  0.1054352423750505    
  0.1058669825941196    
  0.1063030041291036    
  0.1067433222767930    
  0.1071879526238575    
  0.1076369110463608    
  0.1080902137092935    
  0.1085478770661086    
  0.1090099178582461    
  0.1094763531146662    
  0.1099472001513999    
  0.1104224765711003    
  0.1109022002625783    
  0.1113863894003409    
  0.1118750624441475    
  0.1123682381385714    
  0.1128659355125419    
  0.1133681738788832    
  0.1138749728338645    
  0.1143863522567617    
  0.1149023323094057    
  0.1154229334357260    
  0.1159481763613013    
  0.1164780820929185    
  0.1170126719181237    
  0.1175519674047723    
  0.1180959904005862    
  0.1186447630327164    
  0.1191983077073036    
  0.1197566471090414    
  0.1203198042007490    
  0.1208878022229512    
  0.1214606646934556    
  0.1220384154069413    
  0.1226210784345607    
  0.1232086781235495    
  0.1238012390968370    
  0.1243987862526735    
  0.1250013447642817    
  0.1256089400795184    
  0.1262215979205380    
  0.1268393442834758    
  0.1274622054381671    
  0.1280902079278869    
  0.1287233785690937    
  0.1293617444511966    
  0.1300053329363655    
  0.1306541716593768    
  0.1313082885274700    
  0.1319677117202306    
  0.1326324696895236    
  0.1333025911594745    
  0.1339781051264751    
  0.1346590408592243    
  0.1353454278988226    
  0.1360372960589305    
  0.1367346754259636    
  0.1374375963593350    
  0.1381460894917604    
  0.1388601857296369    
  0.1395799162534801    
  0.1403053125184189    
  0.1410364062547687    
