  0.2867442675389189    
  0.2879214950852328    
  0.2891076781885453    
  0.2903029000272632    
  0.2915072454269453    
  0.2927208008906388    
  0.2939436546299802    
  0.2951758965970958    
  0.2964176185173084    
  0.2976689139226479    
  0.2989298781862229    
  0.3002006085574890    
  0.3014812041983946    
  0.3027717662203659    
  0.3040723977221699    
  0.3053832038286999    
  0.3067042917306790    
  0.3080357707252667    
  0.3093777522576236    
  0.3107303499635016    
  0.3120936797128832    
  0.3134678596546467    
  0.3148530102622815    
  0.3162492543806681    
  0.3176567172739126    
  0.3190755266742096    
  0.3205058128317713    
  0.3219477085658735    
  0.3234013493170354    
  0.3248668732003328    
  0.3263444210598849    
  0.3278341365245233    
  0.3293361660645754    
  0.3308506590496949    
  0.3323777678077793    
  0.3339176476850417    
  0.3354704571072719    
  0.3370363576422662    
  0.3386155140634490    
  0.3402080944146567    
  0.3418142700759819    
  0.3434342158305264    
  0.3450681099320274    
  0.3467161341733869    
  0.3483784739561241    
  0.3500553183607244    
  0.3517468602178769    
  0.3534532961805418    
  0.3551748267966576    
  0.3569116565822408    
  0.3586639940947352    
  0.3604320520065594    
  0.3622160471788020    
  0.3640162007349139    
  0.3658327381342092    
  0.3676658892449045    
  0.3695158884163607    
  0.3713829745501893    
  0.3732673911700098    
  0.3751693864896737    
  0.3770892134796492    
  0.3790271299310785    
  0.3809833985169579    
  0.3829582868498552    
  0.3849520675355431    
  0.3869650182219156    
  0.3889974216426281    
  0.3910495656548144    
  0.3931217432700221    
  0.3952142526772623    
  0.3973273972570507    
  0.3994614855853679    
  0.4016168314263796    
  0.4037937537125061    
  0.4059925765101972    
  0.4082136289695903    
  0.4104572452561094    
  0.4127237644619261    
  0.4150135304951134    
  0.4173268919440716    
  0.4196642019144312    
  0.4220258178352156    
  0.4244121012307516    
  0.4268234174545324    
  0.4292601353808995    
  0.4317226270499566    
  0.4342112672606939    
  0.4367264331068020    
  0.4392685034491045    
  0.4418378583179029    
  0.4444348782378685    
  0.4470599434673049    
  0.4497134331426806    
  0.4523957243183715    
  0.4551071908906344    
  0.4578482023938529    
  0.4606191226559843    
  0.4634203082988914    
  0.4662521070678391    
  0.4691148559726868    
  0.4720088792213994    
  0.4749344859246419    
  0.4778919675484327    
  0.4808815950897537    
  0.4839036159475488    
  0.4869582504590050    
  0.4900456880684935    
  0.4931660830935582    
  0.4963195500487209    
  0.4995061584841694    
  0.5027259272932521    
  0.5059788184396077    
  0.5092647300509578    
  0.5125834888220476    
  0.5159348416647639    
  0.5193184465393675    
  0.5227338623968074    
  0.5261805381581696    
  0.5296578006539705    
  0.5331648414432367    
  0.5367007024297183    
  0.5402642601903102    
  0.5438542089299665    
  0.5474690419790725    
  0.5511070317534883    
  0.5547662081039970    
  0.5584443349910417    
  0.5621388854333581    
  0.5658470146969229    
  0.5695655317152859    
  0.5732908687650617    
  0.5770190494609601    
  0.5807456551832393    
  0.5844657901092781    
  0.5881740450942107    
  0.5918644607349161    
  0.5955304900551388    
  0.5991649613661209    
  0.6027600419902041    
  0.6063072036880789    
  0.6097971908013118    
  0.6132199923035417    
  0.6165648191418613    
  0.6198200884434063    
  0.6229734163557292    
  0.6260116214686169    
  0.6289207409117616    
  0.6316860613225377    
  0.6342921669166743    
  0.6367230068499251    
  0.6389619839030043    
  0.6409920662306277    
  0.6427959234720364    
  0.6443560879121606    
  0.6456551405989158    
  0.6466759213629806    
  0.6474017605720068    
  0.6478167292223126    
  0.6479059026832920    
  0.6476556321328302    
  0.6470538165434142    
  0.6460901671010046    
  0.6447564552673929    
  0.6430467354253874    
  0.6409575332470702    
  0.6384879916417348    
  0.6356399673764433    
  0.6324180731762893    
  0.6288296622142916    
  0.6248847542635445    
  0.6205959052490444    
  0.6159780243308388    
  0.6110481448042825    
  0.6058251568712423    
  0.6003295116102609    
  0.5945829061913355    
  0.5886079605264732    
  0.5824278951527133    
  0.5760662192852840    
  0.5695464367613193    
  0.5628917761376719    
  0.5561249496268705    
  0.5492679439615811    
  0.5423418447662792    
  0.5353666946617786    
  0.5283613841833287    
  0.5213435736776746    
  0.5143296436601814    
  0.5073346706498100    
  0.5003724252394228    
  0.4934553890746083    
  0.4865947874713558    
  0.4798006345648268    
  0.4730817881158931    
  0.4664460113836331    
  0.4599000397806735    
  0.4534496503465966    
  0.4470997323870556    
  0.4408543579199528    
  0.4347168508374616    
  0.4286898539311239    
  0.4227753931372041    
  0.4169749385416688    
  0.4112894618390592    
  0.4057194900676815    
  0.4002651555469078    
  0.3949262420238524    
  0.3897022270998604    
  0.3845923210553252    
  0.3795955022270441    
  0.3747105491173338    
  0.3699360694300037    
  0.3652705262364112    
  0.3607122614770240    
  0.3562595170017139    
  0.3519104533467568    
  0.3476631664391441    
  0.3435157024099863    
  0.3394660706888432    
  0.3355122555400679    
  0.3316522261910497    
  0.3278839456910548    
  0.3242053786283670    
  0.3206144978228306    
  0.3171092901008022    
  0.3136877612501187    
  0.3103479402438845    
  0.3070878828136460    
  0.3039056744447691    
  0.3007994328597650    
  0.2977673100487837    
  0.2948074939004972    
  0.2919182094810652    
  0.2890977200039337    
  0.2863443275287355    
  0.2836563734234981    
  0.2810322386206298    
  0.2784703436938792    
  0.2759691487805170    
  0.2735271533703068    
  0.2711428959803509    
  0.2688149537327477    
  0.2665419418500719    
  0.2643225130819692    
  0.2621553570745239    
  0.2600391996926912    
  0.2579728023048646    
  0.2559549610375559    
  0.2539845060071374    
  0.2520603005347373    
  0.2501812403496196    
  0.2483462527856978    
  0.2465542959751658    
  0.2448043580427089    
  0.2430954563032837    
  0.2414266364660329    
  0.2397969718464829    
  0.2382055625888695    
  0.2366515349001374    
  0.2351340402969167    
  0.2336522548664853    
  0.2322053785425696    
  0.2307926343966759    
  0.2294132679454690    
  0.2280665464745402    
  0.2267517583788329    
  0.2254682125199183    
  0.2242152376002080    
  0.2229921815540498    
  0.2217984109556342    
  0.2206333104436237    
  0.2194962821623635    
  0.2183867452194174    
  0.2173041351591674    
  0.2162479034522264    
  0.2152175170003950    
  0.2142124576568136    
  0.2132322217609637    
  0.2122763196881982    
  0.2113442754134583    
  0.2104356260887928    
  0.2095499216343061    
  0.2086867243421967    
  0.2078456084935378    
  0.2070261599873994    
  0.2062279759819490    
  0.2054506645472132    
  0.2046938443291724    
  0.2039571442247969    
  0.2032402030676832    
  0.2025426693239935    
  0.2018642007984059    
  0.2012044643497198    
  0.2005631356157815    
  0.1999398987474685    
  0.1993344461514518    
  0.1987464782414197    
  0.1981757031974602    
  0.1976218367333636    
  0.1970846018716148    
  0.1965637287257778    
  0.1960589542900027    
  0.1955700222354503    
  0.1950966827134455    
  0.1946386921650991    
  0.1941958131371556    
  0.1937678141038748    
  0.1933544692947863    
  0.1929555585280926    
  0.1925708670495062    
  0.1922001853763592    
  0.1918433091468345    
  0.1915000389741218    
  0.1911701803053089    
  0.1908535432848678    
  0.1905499426226130    
  0.1902591974659634    
  0.1899811312763372    
  0.1897155717095670    
  0.1894623505002280    
  0.1892213033497247    
  0.1889922698179867    
  0.1887750932186715    
  0.1885696205177915    
  0.1883757022356315    
  0.1881931923518179    
  0.1880219482134534    
  0.1878618304462385    
  0.1877127028684670    
  0.1875744324077759    
  0.1874468890205774    
  0.1873299456141147    
  0.1872234779710348    
  0.1871273646763633    
  0.1870414870468251    
  0.1869657290624634    
  0.1868999773004732    
  0.1868441208711439    
  0.1867980513558476    
  0.1867616627470339    
  0.1867348513901612    
  0.1867175159274843    
  0.1867095572436430    
  0.1867108784130047    
  0.1867213846486988    
  0.1867409832532725    
  0.1867695835709259    
  0.1868070969412938    
  0.1868534366547050    
  0.1869085179088620    
  0.1869722577669027    
  0.1870445751168187    
  0.1871253906321673    
  0.1872146267340240    
  0.1873122075541511    
  0.1874180588993574    
  0.1875321082169929    
  0.1876542845615302    
  0.1877845185622147    
  0.1879227423917658    
  0.1880688897360705    
  0.1882228957648237    
  0.1883846971031007    
  0.1885542318038529    
  0.1887314393212814    
  0.1889162604850379    
  0.1891086374752400    
  0.1893085137982935    
  0.1895158342634840    
  0.1897305449603025    
  0.1899525932364902    
  0.1901819276767875    
  0.1904184980823565    
  0.1906622554508486    
  0.1909131519571146    
  0.1911711409345386    
  0.1914361768569554    
  0.1917082153211319    
  0.1919872130298108    
  0.1922731277753088    
  0.1925659184236288    
  0.1928655448990691    
  0.1931719681693357    
  0.1934851502311482    
  0.1938050540962924    
  0.1941316437781103    
  0.1944648842784445    
  0.1948047415750226    
  0.1951511826092376    
  0.1955041752743076    
  0.1958636884038462    
  0.1962296917608335    
  0.1966021560269331    
  0.1969810527921317    
  0.1973663545447449    
  0.1977580346617993    
  0.1981560673997416    
  0.1985604278854261    
  0.1989710921074164    
  0.1993880369076309    
  0.1998112399732982    
  0.2002406798291793    
  0.2006763358300690    
  0.2011181881535944    
  0.2015662177932941    
  0.2020204065519479    
  0.2024807370351769    
  0.2029471926453133    
  0.2034197575755124    
  0.2038984168040934    
  0.2043831560891332    
  0.2048739619633272    
  0.2053708217290753    
  0.2058737234537683    
  0.2063826559653105    
  0.2068976088479043    
  0.2074185724380564    
  0.2079455378207709    
  0.2084784968259621    
  0.2090174420251123    
  0.2095623667281490    
  0.2101132649805048    
  0.2106701315603861    
  0.2112329619762673    
  0.2118017524645909    
  0.2123764999876431    
  0.2129572022316311    
  0.2135438576049915    
  0.2141364652369013    
  0.2147350249759613    
  0.2153395373890796    
  0.2159500037605891    
  0.2165664260915752    
  0.2171888070993845    
  0.2178171502173315    
  0.2184514595946246    
  0.2190917400964910    
  0.2197379973044759    
  0.2203902375169399    
  0.2210484677497782    
  0.2217126957373364    
  0.2223829299335005    
  0.2230591795129912    
  0.2237414543728949    
  0.2244297651344150    
  0.2251241231448093    
  0.2258245404795439    
  0.2265310299446907    
  0.2272436050795512    
  0.2279622801594640    
  0.2286870701988209    
  0.2294179909543138    
  0.2301550589284082    
  0.2308982913730153    
  0.2316477062933831    
  0.2324033224522261    
  0.2331651593740922    
  0.2339332373499514    
  0.2347075774420356    
  0.2354882014889519    
  0.2362751321110438    
  0.2370683927159729    
  0.2378680075045539    
  0.2386740014768718    
  0.2394864004386626    
  0.2403052310079249    
  0.2411305206217824    
  0.2419622975436336    
  0.2428005908705891    
  0.2436454305411730    
  0.2444968473433106    
  0.2453548729226213    
  0.2462195397910131    
  0.2470908813355550    
  0.2479689318276584    
  0.2488537264325884    
  0.2497453012192974    
  0.2506436931705588    
  0.2515489401934278    
  0.2524610811300578    
  0.2533801557688657    
  0.2543062048560207    
  0.2552392701072880    
  0.2561793942202481    
  0.2571266208868844    
  0.2580809948065266    
  0.2590425616991777    
  0.2600113683192450    
  0.2609874624696698    
  0.2619708930164438    
  0.2629617099035579    
  0.2639599641684042    
  0.2649657079576117    
  0.2659789945432944    
  0.2669998783397544    
  0.2680284149206789    
  0.2690646610368127    
  0.2701086746340769    
  0.2711605148721727    
  0.2722202421437165    
  0.2732879180938953    
  0.2743636056406192    
  0.2754473689952025    
  0.2765392736836206    
  0.2776393865683459    
  0.2787477758707311    
  0.2798645111939737    
  0.2809896635467000    
  0.2821233053671833    
  0.2832655105481806    
  0.2844163544624140    
  0.2855759139887273    
  0.2867442675389189    
  0.2879214950852328    
  0.2891076781885453    
  0.2903029000272632    
  0.2915072454269453    
  0.2927208008906388    
  0.2939436546299802    
  0.2951758965970958    
  0.2964176185173084    
  0.2976689139226479    
  0.2989298781862229    
  0.3002006085574890    
  0.3014812041983946    
  0.3027717662203659    
  0.3040723977221699    
  0.3053832038286999    
  0.3067042917306790    
  0.3080357707252667    
  0.3093777522576236    
  0.3107303499635016    
  0.3120936797128832    
  0.3134678596546467    
  0.3148530102622815    
  0.3162492543806681    
  0.3176567172739126    
  0.3190755266742096    
  0.3205058128317713    
  0.3219477085658735    
  0.3234013493170354    
  0.3248668732003328    
  0.3263444210598849    
  0.3278341365245233    
  0.3293361660645754    
  0.3308506590496949    
  0.3323777678077793    
  0.3339176476850417    
  0.3354704571072719    
  0.3370363576422662    
  0.3386155140634490    
  0.3402080944146567    
  0.3418142700759819    
  0.3434342158305264    
  0.3450681099320274    
  0.3467161341733869    
  0.3483784739561241    
  0.3500553183607244    
  0.3517468602178769    
  0.3534532961805418    
  0.3551748267966576    
  0.3569116565822408    
  0.3586639940947352    
  0.3604320520065594    
  0.3622160471788020    
  0.3640162007349139    
  0.3658327381342092    
  0.3676658892449045    
  0.3695158884163607    
  0.3713829745501893    
  0.3732673911700098    
  0.3751693864896737    
  0.3770892134796492    
  0.3790271299310785    
  0.3809833985169579    
  0.3829582868498552    
  0.3849520675355431    
  0.3869650182219156    
  0.3889974216426281    
  0.3910495656548144    
  0.3931217432700221    
  0.3952142526772623    
  0.3973273972570507    
  0.3994614855853679    
  0.4016168314263796    
  0.4037937537125061    
  0.4059925765101972    
  0.4082136289695903    
  0.4104572452561094    
  0.4127237644619261    
  0.4150135304951134    
  0.4173268919440716    
  0.4196642019144312    
  0.4220258178352156    
  0.4244121012307516    
  0.4268234174545324    
  0.4292601353808995    
  0.4317226270499566    
  0.4342112672606939    
  0.4367264331068020    
  0.4392685034491045    
  0.4418378583179029    
  0.4444348782378685    
  0.4470599434673049    
  0.4497134331426806    
  0.4523957243183715    
  0.4551071908906344    
  0.4578482023938529    
  0.4606191226559843    
  0.4634203082988914    
  0.4662521070678391    
  0.4691148559726868    
  0.4720088792213994    
  0.4749344859246419    
  0.4778919675484327    
  0.4808815950897537    
  0.4839036159475488    
  0.4869582504590050    
  0.4900456880684935    
  0.4931660830935582    
  0.4963195500487209    
  0.4995061584841694    
  0.5027259272932521    
  0.5059788184396077    
  0.5092647300509578    
  0.5125834888220476    
  0.5159348416647639    
  0.5193184465393675    
  0.5227338623968074    
  0.5261805381581696    
  0.5296578006539705    
  0.5331648414432367    
  0.5367007024297183    
  0.5402642601903102    
  0.5438542089299665    
  0.5474690419790725    
  0.5511070317534883    
  0.5547662081039970    
  0.5584443349910417    
  0.5621388854333581    
  0.5658470146969229    
  0.5695655317152859    
  0.5732908687650617    
  0.5770190494609601    
  0.5807456551832393    
  0.5844657901092781    
  0.5881740450942107    
  0.5918644607349161    
  0.5955304900551388    
  0.5991649613661209    
  0.6027600419902041    
  0.6063072036880789    
  0.6097971908013118    
  0.6132199923035417    
  0.6165648191418613    
  0.6198200884434063    
  0.6229734163557292    
  0.6260116214686169    
  0.6289207409117616    
  0.6316860613225377    
  0.6342921669166743    
  0.6367230068499251    
  0.6389619839030043    
  0.6409920662306277    
  0.6427959234720364    
  0.6443560879121606    
  0.6456551405989158    
  0.6466759213629806    
  0.6474017605720068    
  0.6478167292223126    
  0.6479059026832920    
  0.6476556321328302    
  0.6470538165434142    
  0.6460901671010046    
  0.6447564552673929    
  0.6430467354253874    
  0.6409575332470702    
  0.6384879916417348    
  0.6356399673764433    
  0.6324180731762893    
  0.6288296622142916    
  0.6248847542635445    
  0.6205959052490444    
  0.6159780243308388    
  0.6110481448042825    
  0.6058251568712423    
  0.6003295116102609    
  0.5945829061913355    
  0.5886079605264732    
  0.5824278951527133    
  0.5760662192852840    
  0.5695464367613193    
  0.5628917761376719    
  0.5561249496268705    
  0.5492679439615811    
  0.5423418447662792    
  0.5353666946617786    
  0.5283613841833287    
  0.5213435736776746    
  0.5143296436601814    
  0.5073346706498100    
  0.5003724252394228    
  0.4934553890746083    
  0.4865947874713558    
  0.4798006345648268    
  0.4730817881158931    
  0.4664460113836331    
  0.4599000397806735    
  0.4534496503465966    
  0.4470997323870556    
  0.4408543579199528    
  0.4347168508374616    
  0.4286898539311239    
  0.4227753931372041    
  0.4169749385416688    
  0.4112894618390592    
  0.4057194900676815    
  0.4002651555469078    
  0.3949262420238524    
  0.3897022270998604    
  0.3845923210553252    
  0.3795955022270441    
  0.3747105491173338    
  0.3699360694300037    
  0.3652705262364112    
  0.3607122614770240    
  0.3562595170017139    
  0.3519104533467568    
  0.3476631664391441    
  0.3435157024099863    
  0.3394660706888432    
  0.3355122555400679    
  0.3316522261910497    
  0.3278839456910548    
  0.3242053786283670    
  0.3206144978228306    
  0.3171092901008022    
  0.3136877612501187    
  0.3103479402438845    
  0.3070878828136460    
  0.3039056744447691    
  0.3007994328597650    
  0.2977673100487837    
  0.2948074939004972    
  0.2919182094810652    
  0.2890977200039337    
  0.2863443275287355    
  0.2836563734234981    
  0.2810322386206298    
  0.2784703436938792    
  0.2759691487805170    
  0.2735271533703068    
  0.2711428959803509    
  0.2688149537327477    
  0.2665419418500719    
  0.2643225130819692    
  0.2621553570745239    
  0.2600391996926912    
  0.2579728023048646    
  0.2559549610375559    
  0.2539845060071374    
  0.2520603005347373    
  0.2501812403496196    
  0.2483462527856978    
  0.2465542959751658    
  0.2448043580427089    
  0.2430954563032837    
  0.2414266364660329    
  0.2397969718464829    
  0.2382055625888695    
  0.2366515349001374    
  0.2351340402969167    
  0.2336522548664853    
  0.2322053785425696    
  0.2307926343966759    
  0.2294132679454690    
  0.2280665464745402    
  0.2267517583788329    
  0.2254682125199183    
  0.2242152376002080    
  0.2229921815540498    
  0.2217984109556342    
  0.2206333104436237    
  0.2194962821623635    
  0.2183867452194174    
  0.2173041351591674    
  0.2162479034522264    
  0.2152175170003950    
  0.2142124576568136    
  0.2132322217609637    
  0.2122763196881982    
  0.2113442754134583    
  0.2104356260887928    
  0.2095499216343061    
  0.2086867243421967    
  0.2078456084935378    
  0.2070261599873994    
  0.2062279759819490    
  0.2054506645472132    
  0.2046938443291724    
  0.2039571442247969    
  0.2032402030676832    
  0.2025426693239935    
  0.2018642007984059    
  0.2012044643497198    
  0.2005631356157815    
  0.1999398987474685    
  0.1993344461514518    
  0.1987464782414197    
  0.1981757031974602    
  0.1976218367333636    
  0.1970846018716148    
  0.1965637287257778    
  0.1960589542900027    
  0.1955700222354503    
  0.1950966827134455    
  0.1946386921650991    
  0.1941958131371556    
  0.1937678141038748    
  0.1933544692947863    
  0.1929555585280926    
  0.1925708670495062    
  0.1922001853763592    
  0.1918433091468345    
  0.1915000389741218    
  0.1911701803053089    
  0.1908535432848678    
  0.1905499426226130    
  0.1902591974659634    
  0.1899811312763372    
  0.1897155717095670    
  0.1894623505002280    
  0.1892213033497247    
  0.1889922698179867    
  0.1887750932186715    
  0.1885696205177915    
  0.1883757022356315    
  0.1881931923518179    
  0.1880219482134534    
  0.1878618304462385    
  0.1877127028684670    
  0.1875744324077759    
  0.1874468890205774    
  0.1873299456141147    
  0.1872234779710348    
  0.1871273646763633    
  0.1870414870468251    
  0.1869657290624634    
  0.1868999773004732    
  0.1868441208711439    
  0.1867980513558476    
  0.1867616627470339    
  0.1867348513901612    
  0.1867175159274843    
  0.1867095572436430    
  0.1867108784130047    
  0.1867213846486988    
  0.1867409832532725    
  0.1867695835709259    
  0.1868070969412938    
  0.1868534366547050    
  0.1869085179088620    
  0.1869722577669027    
  0.1870445751168187    
  0.1871253906321673    
  0.1872146267340240    
  0.1873122075541511    
  0.1874180588993574    
  0.1875321082169929    
  0.1876542845615302    
  0.1877845185622147    
  0.1879227423917658    
  0.1880688897360705    
  0.1882228957648237    
  0.1883846971031007    
  0.1885542318038529    
  0.1887314393212814    
  0.1889162604850379    
  0.1891086374752400    
  0.1893085137982935    
  0.1895158342634840    
  0.1897305449603025    
  0.1899525932364902    
  0.1901819276767875    
  0.1904184980823565    
  0.1906622554508486    
  0.1909131519571146    
  0.1911711409345386    
  0.1914361768569554    
  0.1917082153211319    
  0.1919872130298108    
  0.1922731277753088    
  0.1925659184236288    
  0.1928655448990691    
  0.1931719681693357    
  0.1934851502311482    
  0.1938050540962924    
  0.1941316437781103    
  0.1944648842784445    
  0.1948047415750226    
  0.1951511826092376    
  0.1955041752743076    
  0.1958636884038462    
  0.1962296917608335    
  0.1966021560269331    
  0.1969810527921317    
  0.1973663545447449    
  0.1977580346617993    
  0.1981560673997416    
  0.1985604278854261    
  0.1989710921074164    
  0.1993880369076309    
  0.1998112399732982    
  0.2002406798291793    
  0.2006763358300690    
  0.2011181881535944    
  0.2015662177932941    
  0.2020204065519479    
  0.2024807370351769    
  0.2029471926453133    
  0.2034197575755124    
  0.2038984168040934    
  0.2043831560891332    
  0.2048739619633272    
  0.2053708217290753    
  0.2058737234537683    
  0.2063826559653105    
  0.2068976088479043    
  0.2074185724380564    
  0.2079455378207709    
  0.2084784968259621    
  0.2090174420251123    
  0.2095623667281490    
  0.2101132649805048    
  0.2106701315603861    
  0.2112329619762673    
  0.2118017524645909    
  0.2123764999876431    
  0.2129572022316311    
  0.2135438576049915    
  0.2141364652369013    
  0.2147350249759613    
  0.2153395373890796    
  0.2159500037605891    
  0.2165664260915752    
  0.2171888070993845    
  0.2178171502173315    
  0.2184514595946246    
  0.2190917400964910    
  0.2197379973044759    
  0.2203902375169399    
  0.2210484677497782    
  0.2217126957373364    
  0.2223829299335005    
  0.2230591795129912    
  0.2237414543728949    
  0.2244297651344150    
  0.2251241231448093    
  0.2258245404795439    
  0.2265310299446907    
  0.2272436050795512    
  0.2279622801594640    
  0.2286870701988209    
  0.2294179909543138    
  0.2301550589284082    
  0.2308982913730153    
  0.2316477062933831    
  0.2324033224522261    
  0.2331651593740922    
  0.2339332373499514    
  0.2347075774420356    
  0.2354882014889519    
  0.2362751321110438    
  0.2370683927159729    
  0.2378680075045539    
  0.2386740014768718    
  0.2394864004386626    
  0.2403052310079249    
  0.2411305206217824    
  0.2419622975436336    
  0.2428005908705891    
  0.2436454305411730    
  0.2444968473433106    
  0.2453548729226213    
  0.2462195397910131    
  0.2470908813355550    
  0.2479689318276584    
  0.2488537264325884    
  0.2497453012192974    
  0.2506436931705588    
  0.2515489401934278    
  0.2524610811300578    
  0.2533801557688657    
  0.2543062048560207    
  0.2552392701072880    
  0.2561793942202481    
  0.2571266208868844    
  0.2580809948065266    
  0.2590425616991777    
  0.2600113683192450    
  0.2609874624696698    
  0.2619708930164438    
  0.2629617099035579    
  0.2639599641684042    
  0.2649657079576117    
  0.2659789945432944    
  0.2669998783397544    
  0.2680284149206789    
  0.2690646610368127    
  0.2701086746340769    
  0.2711605148721727    
  0.2722202421437165    
  0.2732879180938953    
  0.2743636056406192    
  0.2754473689952025    
  0.2765392736836206    
  0.2776393865683459    
  0.2787477758707311    
  0.2798645111939737    
  0.2809896635467000    
  0.2821233053671833    
  0.2832655105481806    
  0.2844163544624140    
  0.2855759139887273    
