  0.8671462613946048    
  0.8681395153781641    
  0.8691338302135344    
  0.8701291349485893    
  0.8711264170784331    
  0.8721262189592135    
  0.8731277560541966    
  0.8741288257446397    
  0.8751274118257694    
  0.8761239919902694    
  0.8771210122247497    
  0.8781190410317969    
  0.8791146891818636    
  0.8801038200064198    
  0.8810859028694676    
  0.8820634448871442    
  0.8830375748090011    
  0.8840060883965067    
  0.8849660917336941    
  0.8859168169535264    
  0.8868586599389630    
  0.8877902763896699    
  0.8887082500684774    
  0.8896102166593388    
  0.8904973063142142    
  0.8913720215011290    
  0.8922336640281310    
  0.8930774580764742    
  0.8938989116847266    
  0.8946973418754994    
  0.8954736447073655    
  0.8962262460936280    
  0.8969515379317399    
  0.8976471452033801    
  0.8983121018201842    
  0.8989446434903435    
  0.8995427639697695    
  0.9001061405699354    
  0.9006338433886100    
  0.9011204959161213    
  0.9015589830253611    
  0.9019471875761600    
  0.9022871333491660    
  0.9025764702109059    
  0.9028066040654164    
  0.9029719466698539    
  0.9030751772757559    
  0.9031186638350600    
  0.9030952710945596    
  0.9029932734504229    
  0.9028069368176153    
  0.9025361358226498    
  0.9021779952441565    
  0.9017256037815488    
  0.9011738385691397    
  0.9005196851450176    
  0.8997565629471861    
  0.8988744608487949    
  0.8978665544152221    
  0.8967300181899659    
  0.8954590682980840    
  0.8940427553679938    
  0.8924713531346398    
  0.8907393325978119    
  0.8888393923897234    
  0.8867588181175516    
  0.8844853873825880    
  0.8820124665762342    
  0.8793339208353187    
  0.8764371204790535    
  0.8733052191633112    
  0.8699239620653436    
  0.8662820726658529    
  0.8623666136222354    
  0.8581620319711369    
  0.8536528355973984    
  0.8488235339793646    
  0.8436563083405939    
  0.8381317229956747    
  0.8322312342688285    
  0.8259359971481255    
  0.8192234024696885    
  0.8120677296869013    
  0.8044444724737317    
  0.7963312910868323    
  0.7877037798597165    
  0.7785322701548487    
  0.7687839419124439    
  0.7584268566182004    
  0.7474306331705250    
  0.7357631582777346    
  0.7233870376102349    
  0.7102597390495320    
  0.6963376803922356    
  0.6815795016211263    
  0.6659437117604303    
  0.6493832248952642    
  0.6318444122249254    
  0.6132718987009955    
  0.5936112190710350    
  0.5728049321435772    
  0.5507889044223269    
  0.5274952432654800    
  0.5028566672332341    
  0.4768042379607887    
  0.4492617319184184    
  0.4201458418364715    
  0.3893715144622100    
  0.3568532599541279    
  0.3225005942081983    
  0.2862156525989130    
  0.2478966097423743    
  0.2074404012405649    
  0.1647399042391877    
  0.1196803835869500    
  0.7214098664802793E-01
  0.2199879618687962E-01
 -0.3087036640461181E-01
 -0.8659453498430769E-01
 -0.1453073648455753    
 -0.2071472773843279    
 -0.2722555824499981    
 -0.3407749851542693    
 -0.4128487431521205    
 -0.4886206728034707    
 -0.5682354959891796    
 -0.6518379196039836    
 -0.7395699382604142    
 -0.8315682104334442    
 -0.9279631818961909    
  -1.028878938161911    
  -1.134431546952380    
  -1.244725410748432    
  -1.359849188557173    
  -1.479872807632770    
  -1.604845509294573    
  -1.734793556376921    
  -1.869716477714594    
  -2.009582370515105    
  -2.154323785356822    
  -2.303834509706931    
  -2.457965940849543    
  -2.616522447876252    
  -2.779256989761128    
  -2.945867993960310    
  -3.115996783946256    
  -3.289225095216058    
  -3.465073800734747    
  -3.643003198298082    
  -3.822413050772033    
  -4.002641678165681    
  -4.182966993125667    
  -4.362612321251012    
  -4.540755395313887    
  -4.716536682391107    
  -4.889066228665440    
  -5.057431417731089    
  -5.220707476452768    
  -5.377970789731700    
  -5.528314443632606    
  -5.670864260319805    
  -5.804792321598567    
  -5.929327194155171    
  -6.043764324031653    
  -6.147479544620214    
  -6.239942880765295    
  -6.320727385490438    
  -6.389512529147996    
  -6.446086206429916    
  -6.490347356544442    
  -6.522307046595793    
  -6.542085980593741    
  -6.549908757167919    
  -6.546095561139731    
  -6.531051914894950    
  -6.505258576364557    
  -6.469263187792101    
  -6.423671377140622    
  -6.369133811030860    
  -6.306330833774673    
  -6.235960537952808    
  -6.158732110642630    
  -6.075359596740107    
  -5.986551871731845    
  -5.893001194956317    
  -5.795375284144198    
  -5.694313774566222    
  -5.590426155839268    
  -5.484289141063837    
  -5.376443696356510    
  -5.267392430474926    
  -5.157597859687869    
  -5.047482329264945    
  -4.937429792488216    
  -4.827788074290837    
  -4.718869894965982    
  -4.610952685708565    
  -4.504279005356276    
  -4.399059035126808    
  -4.295474557142200    
  -4.193682268061977    
  -4.093815109417611    
  -3.995982751313933    
  -3.900273259343455    
  -3.806755883511066    
  -3.715483062672574    
  -3.626491354138234    
  -3.539803333861681    
  -3.455430963843621    
  -3.373377677315519    
  -3.293637597968331    
  -3.216194736403777    
  -3.141025104231842    
  -3.068099742249504    
  -2.997385065735986    
  -2.928841703204546    
  -2.862425860107393    
  -2.798092860200999    
  -2.735798286446903    
  -2.675495546654223    
  -2.617134209598144    
  -2.560661994079807    
  -2.506027504139082    
  -2.453180063256629    
  -2.402067790462720    
  -2.352637388607732    
  -2.304836105902786    
  -2.258613379136433    
  -2.213920593363297    
  -2.170709791322816    
  -2.128932915965660    
  -2.088542288694576    
  -2.049491699129234    
  -2.011736756940361    
  -1.975234064205401    
  -1.939940497754471    
  -1.905813750997899    
  -1.872813180021060    
  -1.840899529138229    
  -1.810034306248953    
  -1.780180365044434    
  -1.751302830046477    
  -1.723368386560687    
  -1.696343797561167    
  -1.670196314027762    
  -1.644895515629027    
  -1.620413226034042    
  -1.596721095028468    
  -1.573789626858664    
  -1.551590439310858    
  -1.530098325111851    
  -1.509289920303035    
  -1.489141063363056    
  -1.469626686543059    
  -1.450723021052703    
  -1.432408888250089    
  -1.414664871394517    
  -1.397472008033337    
  -1.380811366977327    
  -1.364664325792400    
  -1.349013041387465    
  -1.333840751601141    
  -1.319131469266474    
  -1.304869291071037    
  -1.291038365903332    
  -1.277623702639007    
  -1.264611480789670    
  -1.251988191555396    
  -1.239739962279576    
  -1.227853238619439    
  -1.216315763179528    
  -1.205116336855663    
  -1.194243884519816    
  -1.183687307108836    
  -1.173436099523397    
  -1.163480601565119    
  -1.153811644031129    
  -1.144420222327051    
  -1.135297354153462    
  -1.126433928876780    
  -1.117820840426953    
  -1.109449595886751    
  -1.101312719242063    
  -1.093403369566361    
  -1.085714750794212    
  -1.078240068459323    
  -1.070972714280590    
  -1.063906085886436    
  -1.057033391669312    
  -1.050347998883648    
  -1.043843909823667    
  -1.037515685220147    
  -1.031358076666113    
  -1.025365989551957    
  -1.019534618977695    
  -1.013859295338739    
  -1.008335249047554    
  -1.002957705120612    
 -0.9977220824435212    
 -0.9926239676100208    
 -0.9876591472606584    
 -0.9828239249797903    
 -0.9781152007573104    
 -0.9735299162858662    
 -0.9690644769039801    
 -0.9647148794629612    
 -0.9604772573969499    
 -0.9563481406095747    
 -0.9523244165922193    
 -0.9484033291196885    
 -0.9445823964681082    
 -0.9408590644602363    
 -0.9372304633972953    
 -0.9336936202799240    
 -0.9302457911311449    
 -0.9268844919757364    
 -0.9236074216420608    
 -0.9204125359478559    
 -0.9172979909459897    
 -0.9142617572997133    
 -0.9113013887233070    
 -0.9084143623697938    
 -0.9055985786851669    
 -0.9028524292329086    
 -0.9001745255482623    
 -0.8975634756204667    
 -0.8950177206525467    
 -0.8925353808042706    
 -0.8901143662228694    
 -0.8877527894359734    
 -0.8854491823779405    
 -0.8832022555860554    
 -0.8810106546684092    
 -0.8788730877087468    
 -0.8767884746087382    
 -0.8747557408335374    
 -0.8727735452674289    
 -0.8708403460797088    
 -0.8689546653652409    
 -0.8671152690259422    
 -0.8653212961063527    
 -0.8635723022655931    
 -0.8618679149689967    
 -0.8602071974488686    
 -0.8585884302691931    
 -0.8570096726161862    
 -0.8554695318356786    
 -0.8539674365587826    
 -0.8525033730843552    
 -0.8510773668538756    
 -0.8496888758416615    
 -0.8483364357970667    
 -0.8470180455522105    
 -0.8457321335375632    
 -0.8444781842341287    
 -0.8432564680279526    
 -0.8420673295028516    
 -0.8409106966868329    
 -0.8397859201374116    
 -0.8386918580581691    
 -0.8376272750324036    
 -0.8365913415286095    
 -0.8355836943939781    
 -0.8346040072318337    
 -0.8336517037394970    
 -0.8327261504713248    
 -0.8318268903965194    
 -0.8309535457518381    
 -0.8301056623082084    
 -0.8292827662449738    
 -0.8284844132066043    
 -0.8277100690533905    
 -0.8269590775410528    
 -0.8262308235033109    
 -0.8255248026949848    
 -0.8248405376721941    
 -0.8241776866100479    
 -0.8235363546969749    
 -0.8229170836612067    
 -0.8223203298976833    
 -0.8217459433519676    
 -0.8211930691093787    
 -0.8206603368792673    
 -0.8201461965658438    
 -0.8196494942712322    
 -0.8191700481145898    
 -0.8187086253751785    
 -0.8182662455673553    
 -0.8178434710661409    
 -0.8174401675469490    
 -0.8170555901352350    
 -0.8166886366722399    
 -0.8163383481199677    
 -0.8160044222326114    
 -0.8156872166874569    
 -0.8153872548954451    
 -0.8151048308082141    
 -0.8148399393984136    
 -0.8145921867046367    
 -0.8143606387665258    
 -0.8141440591196191    
 -0.8139415613967970    
 -0.8137530411962727    
 -0.8135790156035588    
 -0.8134201700921655    
 -0.8132769311906877    
 -0.8131491416914300    
 -0.8130361134869979    
 -0.8129372974994828    
 -0.8128529928289416    
 -0.8127841339703865    
 -0.8127312272013432    
 -0.8126936073738594    
 -0.8126697527183588    
 -0.8126582178950548    
 -0.8126584376423920    
 -0.8126710242119181    
 -0.8126973193253829    
 -0.8127382554637073    
 -0.8127934243935016    
 -0.8128614176899086    
 -0.8129411738340828    
 -0.8130328565717028    
 -0.8131374345347073    
 -0.8132556526707579    
 -0.8133874839440656    
 -0.8135324035670403    
 -0.8136901278835096    
 -0.8138611024280653    
 -0.8140460184107903    
 -0.8142445559968525    
 -0.8144548522408714    
 -0.8146748189092579    
 -0.8149041668791170    
 -0.8151448113767571    
 -0.8153991474573559    
 -0.8156680893085061    
 -0.8159506454033367    
 -0.8162448876368944    
 -0.8165492018685270    
 -0.8168631279004064    
 -0.8171875236031219    
 -0.8175239548498245    
 -0.8178736786356962    
 -0.8182369285528814    
 -0.8186128679360942    
 -0.8190001293361155    
 -0.8193977403447930    
 -0.8198058868867496    
 -0.8202256234389351    
 -0.8206575504575709    
 -0.8211010113627856    
 -0.8215549656990746    
 -0.8220193555419226    
 -0.8224949908373325    
 -0.8229821839058721    
 -0.8234801961605727    
 -0.8239882416525713    
 -0.8245065846864150    
 -0.8250364231990788    
 -0.8255789273056264    
 -0.8261343973650556    
 -0.8267020018149026    
 -0.8272802571699758    
 -0.8278680698149896    
 -0.8284654236705550    
 -0.8290729373979046    
 -0.8296909093891155    
 -0.8303190815078697    
 -0.8309571589907143    
 -0.8316051533152469    
 -0.8322633039190855    
 -0.8329320606532632    
 -0.8336120742344734    
 -0.8343037711210133    
 -0.8350068473252099    
 -0.8357203880114098    
 -0.8364435059465430    
 -0.8371758833861893    
 -0.8379179643789876    
 -0.8386705667386585    
 -0.8394337016671536    
 -0.8402057313212787    
 -0.8409847174481229    
 -0.8417710905157623    
 -0.8425677908625889    
 -0.8433766924331615    
 -0.8441958768677991    
 -0.8450219595945136    
 -0.8458545341268163    
 -0.8466965890984900    
 -0.8475505866670222    
 -0.8484157256741637    
 -0.8492893574387242    
 -0.8501697278819178    
 -0.8510568004464832    
 -0.8519513711358099    
 -0.8528539195599205    
 -0.8537638569210949    
 -0.8546799117240467    
 -0.8556017612232975    
 -0.8565307398499986    
 -0.8574679336459667    
 -0.8584122506382689    
 -0.8593619174650368    
 -0.8603173004439629    
 -0.8612800432964044    
 -0.8622493877742152    
 -0.8632218664714875    
 -0.8641955883979902    
 -0.8651727283812727    
 -0.8661563477406816    
 -0.8671462613946048    
 -0.8681395153781641    
 -0.8691338302135344    
 -0.8701291349485893    
 -0.8711264170784331    
 -0.8721262189592135    
 -0.8731277560541966    
 -0.8741288257446397    
 -0.8751274118257694    
 -0.8761239919902694    
 -0.8771210122247497    
 -0.8781190410317969    
 -0.8791146891818636    
 -0.8801038200064198    
 -0.8810859028694676    
 -0.8820634448871442    
 -0.8830375748090011    
 -0.8840060883965067    
 -0.8849660917336941    
 -0.8859168169535264    
 -0.8868586599389630    
 -0.8877902763896699    
 -0.8887082500684774    
 -0.8896102166593388    
 -0.8904973063142142    
 -0.8913720215011290    
 -0.8922336640281310    
 -0.8930774580764742    
 -0.8938989116847266    
 -0.8946973418754994    
 -0.8954736447073655    
 -0.8962262460936280    
 -0.8969515379317399    
 -0.8976471452033801    
 -0.8983121018201842    
 -0.8989446434903435    
 -0.8995427639697695    
 -0.9001061405699354    
 -0.9006338433886100    
 -0.9011204959161213    
 -0.9015589830253611    
 -0.9019471875761600    
 -0.9022871333491660    
 -0.9025764702109059    
 -0.9028066040654164    
 -0.9029719466698539    
 -0.9030751772757559    
 -0.9031186638350600    
 -0.9030952710945596    
 -0.9029932734504229    
 -0.9028069368176153    
 -0.9025361358226498    
 -0.9021779952441565    
 -0.9017256037815488    
 -0.9011738385691397    
 -0.9005196851450176    
 -0.8997565629471861    
 -0.8988744608487949    
 -0.8978665544152221    
 -0.8967300181899659    
 -0.8954590682980840    
 -0.8940427553679938    
 -0.8924713531346398    
 -0.8907393325978119    
 -0.8888393923897234    
 -0.8867588181175516    
 -0.8844853873825880    
 -0.8820124665762342    
 -0.8793339208353187    
 -0.8764371204790535    
 -0.8733052191633112    
 -0.8699239620653436    
 -0.8662820726658529    
 -0.8623666136222354    
 -0.8581620319711369    
 -0.8536528355973984    
 -0.8488235339793646    
 -0.8436563083405939    
 -0.8381317229956747    
 -0.8322312342688285    
 -0.8259359971481255    
 -0.8192234024696885    
 -0.8120677296869013    
 -0.8044444724737317    
 -0.7963312910868323    
 -0.7877037798597165    
 -0.7785322701548487    
 -0.7687839419124439    
 -0.7584268566182004    
 -0.7474306331705250    
 -0.7357631582777346    
 -0.7233870376102349    
 -0.7102597390495320    
 -0.6963376803922356    
 -0.6815795016211263    
 -0.6659437117604303    
 -0.6493832248952642    
 -0.6318444122249254    
 -0.6132718987009955    
 -0.5936112190710350    
 -0.5728049321435772    
 -0.5507889044223269    
 -0.5274952432654800    
 -0.5028566672332341    
 -0.4768042379607887    
 -0.4492617319184184    
 -0.4201458418364715    
 -0.3893715144622100    
 -0.3568532599541279    
 -0.3225005942081983    
 -0.2862156525989130    
 -0.2478966097423743    
 -0.2074404012405649    
 -0.1647399042391877    
 -0.1196803835869500    
 -0.7214098664802793E-01
 -0.2199879618687962E-01
  0.3087036640461181E-01
  0.8659453498430769E-01
  0.1453073648455753    
  0.2071472773843279    
  0.2722555824499981    
  0.3407749851542693    
  0.4128487431521205    
  0.4886206728034707    
  0.5682354959891796    
  0.6518379196039836    
  0.7395699382604142    
  0.8315682104334442    
  0.9279631818961909    
   1.028878938161911    
   1.134431546952380    
   1.244725410748432    
   1.359849188557173    
   1.479872807632770    
   1.604845509294573    
   1.734793556376921    
   1.869716477714594    
   2.009582370515105    
   2.154323785356822    
   2.303834509706931    
   2.457965940849543    
   2.616522447876252    
   2.779256989761128    
   2.945867993960310    
   3.115996783946256    
   3.289225095216058    
   3.465073800734747    
   3.643003198298082    
   3.822413050772033    
   4.002641678165681    
   4.182966993125667    
   4.362612321251012    
   4.540755395313887    
   4.716536682391107    
   4.889066228665440    
   5.057431417731089    
   5.220707476452768    
   5.377970789731700    
   5.528314443632606    
   5.670864260319805    
   5.804792321598567    
   5.929327194155171    
   6.043764324031653    
   6.147479544620214    
   6.239942880765295    
   6.320727385490438    
   6.389512529147996    
   6.446086206429916    
   6.490347356544442    
   6.522307046595793    
   6.542085980593741    
   6.549908757167919    
   6.546095561139731    
   6.531051914894950    
   6.505258576364557    
   6.469263187792101    
   6.423671377140622    
   6.369133811030860    
   6.306330833774673    
   6.235960537952808    
   6.158732110642630    
   6.075359596740107    
   5.986551871731845    
   5.893001194956317    
   5.795375284144198    
   5.694313774566222    
   5.590426155839268    
   5.484289141063837    
   5.376443696356510    
   5.267392430474926    
   5.157597859687869    
   5.047482329264945    
   4.937429792488216    
   4.827788074290837    
   4.718869894965982    
   4.610952685708565    
   4.504279005356276    
   4.399059035126808    
   4.295474557142200    
   4.193682268061977    
   4.093815109417611    
   3.995982751313933    
   3.900273259343455    
   3.806755883511066    
   3.715483062672574    
   3.626491354138234    
   3.539803333861681    
   3.455430963843621    
   3.373377677315519    
   3.293637597968331    
   3.216194736403777    
   3.141025104231842    
   3.068099742249504    
   2.997385065735986    
   2.928841703204546    
   2.862425860107393    
   2.798092860200999    
   2.735798286446903    
   2.675495546654223    
   2.617134209598144    
   2.560661994079807    
   2.506027504139082    
   2.453180063256629    
   2.402067790462720    
   2.352637388607732    
   2.304836105902786    
   2.258613379136433    
   2.213920593363297    
   2.170709791322816    
   2.128932915965660    
   2.088542288694576    
   2.049491699129234    
   2.011736756940361    
   1.975234064205401    
   1.939940497754471    
   1.905813750997899    
   1.872813180021060    
   1.840899529138229    
   1.810034306248953    
   1.780180365044434    
   1.751302830046477    
   1.723368386560687    
   1.696343797561167    
   1.670196314027762    
   1.644895515629027    
   1.620413226034042    
   1.596721095028468    
   1.573789626858664    
   1.551590439310858    
   1.530098325111851    
   1.509289920303035    
   1.489141063363056    
   1.469626686543059    
   1.450723021052703    
   1.432408888250089    
   1.414664871394517    
   1.397472008033337    
   1.380811366977327    
   1.364664325792400    
   1.349013041387465    
   1.333840751601141    
   1.319131469266474    
   1.304869291071037    
   1.291038365903332    
   1.277623702639007    
   1.264611480789670    
   1.251988191555396    
   1.239739962279576    
   1.227853238619439    
   1.216315763179528    
   1.205116336855663    
   1.194243884519816    
   1.183687307108836    
   1.173436099523397    
   1.163480601565119    
   1.153811644031129    
   1.144420222327051    
   1.135297354153462    
   1.126433928876780    
   1.117820840426953    
   1.109449595886751    
   1.101312719242063    
   1.093403369566361    
   1.085714750794212    
   1.078240068459323    
   1.070972714280590    
   1.063906085886436    
   1.057033391669312    
   1.050347998883648    
   1.043843909823667    
   1.037515685220147    
   1.031358076666113    
   1.025365989551957    
   1.019534618977695    
   1.013859295338739    
   1.008335249047554    
   1.002957705120612    
  0.9977220824435212    
  0.9926239676100208    
  0.9876591472606584    
  0.9828239249797903    
  0.9781152007573104    
  0.9735299162858662    
  0.9690644769039801    
  0.9647148794629612    
  0.9604772573969499    
  0.9563481406095747    
  0.9523244165922193    
  0.9484033291196885    
  0.9445823964681082    
  0.9408590644602363    
  0.9372304633972953    
  0.9336936202799240    
  0.9302457911311449    
  0.9268844919757364    
  0.9236074216420608    
  0.9204125359478559    
  0.9172979909459897    
  0.9142617572997133    
  0.9113013887233070    
  0.9084143623697938    
  0.9055985786851669    
  0.9028524292329086    
  0.9001745255482623    
  0.8975634756204667    
  0.8950177206525467    
  0.8925353808042706    
  0.8901143662228694    
  0.8877527894359734    
  0.8854491823779405    
  0.8832022555860554    
  0.8810106546684092    
  0.8788730877087468    
  0.8767884746087382    
  0.8747557408335374    
  0.8727735452674289    
  0.8708403460797088    
  0.8689546653652409    
  0.8671152690259422    
  0.8653212961063527    
  0.8635723022655931    
  0.8618679149689967    
  0.8602071974488686    
  0.8585884302691931    
  0.8570096726161862    
  0.8554695318356786    
  0.8539674365587826    
  0.8525033730843552    
  0.8510773668538756    
  0.8496888758416615    
  0.8483364357970667    
  0.8470180455522105    
  0.8457321335375632    
  0.8444781842341287    
  0.8432564680279526    
  0.8420673295028516    
  0.8409106966868329    
  0.8397859201374116    
  0.8386918580581691    
  0.8376272750324036    
  0.8365913415286095    
  0.8355836943939781    
  0.8346040072318337    
  0.8336517037394970    
  0.8327261504713248    
  0.8318268903965194    
  0.8309535457518381    
  0.8301056623082084    
  0.8292827662449738    
  0.8284844132066043    
  0.8277100690533905    
  0.8269590775410528    
  0.8262308235033109    
  0.8255248026949848    
  0.8248405376721941    
  0.8241776866100479    
  0.8235363546969749    
  0.8229170836612067    
  0.8223203298976833    
  0.8217459433519676    
  0.8211930691093787    
  0.8206603368792673    
  0.8201461965658438    
  0.8196494942712322    
  0.8191700481145898    
  0.8187086253751785    
  0.8182662455673553    
  0.8178434710661409    
  0.8174401675469490    
  0.8170555901352350    
  0.8166886366722399    
  0.8163383481199677    
  0.8160044222326114    
  0.8156872166874569    
  0.8153872548954451    
  0.8151048308082141    
  0.8148399393984136    
  0.8145921867046367    
  0.8143606387665258    
  0.8141440591196191    
  0.8139415613967970    
  0.8137530411962727    
  0.8135790156035588    
  0.8134201700921655    
  0.8132769311906877    
  0.8131491416914300    
  0.8130361134869979    
  0.8129372974994828    
  0.8128529928289416    
  0.8127841339703865    
  0.8127312272013432    
  0.8126936073738594    
  0.8126697527183588    
  0.8126582178950548    
  0.8126584376423920    
  0.8126710242119181    
  0.8126973193253829    
  0.8127382554637073    
  0.8127934243935016    
  0.8128614176899086    
  0.8129411738340828    
  0.8130328565717028    
  0.8131374345347073    
  0.8132556526707579    
  0.8133874839440656    
  0.8135324035670403    
  0.8136901278835096    
  0.8138611024280653    
  0.8140460184107903    
  0.8142445559968525    
  0.8144548522408714    
  0.8146748189092579    
  0.8149041668791170    
  0.8151448113767571    
  0.8153991474573559    
  0.8156680893085061    
  0.8159506454033367    
  0.8162448876368944    
  0.8165492018685270    
  0.8168631279004064    
  0.8171875236031219    
  0.8175239548498245    
  0.8178736786356962    
  0.8182369285528814    
  0.8186128679360942    
  0.8190001293361155    
  0.8193977403447930    
  0.8198058868867496    
  0.8202256234389351    
  0.8206575504575709    
  0.8211010113627856    
  0.8215549656990746    
  0.8220193555419226    
  0.8224949908373325    
  0.8229821839058721    
  0.8234801961605727    
  0.8239882416525713    
  0.8245065846864150    
  0.8250364231990788    
  0.8255789273056264    
  0.8261343973650556    
  0.8267020018149026    
  0.8272802571699758    
  0.8278680698149896    
  0.8284654236705550    
  0.8290729373979046    
  0.8296909093891155    
  0.8303190815078697    
  0.8309571589907143    
  0.8316051533152469    
  0.8322633039190855    
  0.8329320606532632    
  0.8336120742344734    
  0.8343037711210133    
  0.8350068473252099    
  0.8357203880114098    
  0.8364435059465430    
  0.8371758833861893    
  0.8379179643789876    
  0.8386705667386585    
  0.8394337016671536    
  0.8402057313212787    
  0.8409847174481229    
  0.8417710905157623    
  0.8425677908625889    
  0.8433766924331615    
  0.8441958768677991    
  0.8450219595945136    
  0.8458545341268163    
  0.8466965890984900    
  0.8475505866670222    
  0.8484157256741637    
  0.8492893574387242    
  0.8501697278819178    
  0.8510568004464832    
  0.8519513711358099    
  0.8528539195599205    
  0.8537638569210949    
  0.8546799117240467    
  0.8556017612232975    
  0.8565307398499986    
  0.8574679336459667    
  0.8584122506382689    
  0.8593619174650368    
  0.8603173004439629    
  0.8612800432964044    
  0.8622493877742152    
  0.8632218664714875    
  0.8641955883979902    
  0.8651727283812727    
  0.8661563477406816    
