  0.3653236928827050    
  0.3645224692174792    
  0.3635951084695985    
  0.3625426666913066    
  0.3613659430768591    
  0.3600655317858091    
  0.3586418080148204    
  0.3570948887562846    
  0.3554246515504256    
  0.3536307933399467    
  0.3517128434342621    
  0.3496701248842103    
  0.3475017444283854    
  0.3452066373992843    
  0.3427836003732566    
  0.3402312705791450    
  0.3375481024280793    
  0.3347323894961930    
  0.3317822990283061    
  0.3286958702592877    
  0.3254709948108461    
  0.3221054237017216    
  0.3185967934978751    
  0.3149426337440301    
  0.3111403569195790    
  0.3071872623146018    
  0.3030805557848240    
  0.2988173595983946    
  0.2943947096708588    
  0.2898095624600364    
  0.2850588145643387    
  0.2801393152655663    
  0.2750478691785562    
  0.2697812477861192    
  0.2643362134032126    
  0.2587095378654305    
  0.2528980118692710    
  0.2468984623157055    
  0.2407077832136751    
  0.2343229639268300    
  0.2277411082144492    
  0.2209594595258065    
  0.2139754406519265    
  0.2067866938421125    
  0.1993911124272400    
  0.1917868765460012    
  0.1839725028279690    
  0.1759468969412981    
  0.1677093985325119    
  0.1592598280252468    
  0.1505985457287242    
  0.1417265145784958    
  0.1326453551756874    
  0.1233573997239555    
  0.1138657551602912    
  0.1041743685551380    
  0.9428808281680917E-01
  0.8421268679940634E-01
  0.7395496962579175E-01
  0.6352277350179558E-01
  0.5292503250311045E-01
  0.4217179948639309E-01
  0.3127427072407024E-01
  0.2024480362446501E-01
  0.9096914590007520E-02
 -0.2154742023166817E-02
 -0.1349440343479004E-01
 -0.2490523932106009E-01
 -0.3636941701209286E-01
 -0.4786819041879983E-01
 -0.5938199999691615E-01
 -0.7089058346628571E-01
 -0.8237310970601792E-01
 -0.9380833524593572E-01
 -0.1051747672734628    
 -0.1164508285014255    
 -0.1276150358251727    
 -0.1386461931826825    
 -0.1495235793554255    
 -0.1602271212888574    
 -0.1707375655733102    
 -0.1810366524907371    
 -0.1911072722123285    
 -0.2009335890903047    
 -0.2105011486810878    
 -0.2197969799346151    
 -0.2288096742089987    
 -0.2375294219271277    
 -0.2459480227675481    
 -0.2540588929315221    
 -0.2618570567025323    
 -0.2693390961382444    
 -0.2765030716058463    
 -0.2833484483225347    
 -0.2898760257566607    
 -0.2960878352194797    
 -0.3019870074777224    
 -0.3075776541491658    
 -0.3128647747012105    
 -0.3178541480005801    
 -0.3225521910182255    
 -0.3269658297118457    
 -0.3311024142725009    
 -0.3349696396867405    
 -0.3385754300868939    
 -0.3419278211991966    
 -0.3450348946742437    
 -0.3479047409563357    
 -0.3505453883445839    
 -0.3529647082324346    
 -0.3551703642472153    
 -0.3571698104082280    
 -0.3589702684326883    
 -0.3605786617233843    
 -0.3620015717428499    
 -0.3632452538548520    
 -0.3643156532443303    
 -0.3652183693344999    
 -0.3659586165164726    
 -0.3665412421874358    
 -0.3669707656684064    
 -0.3672513686774754    
 -0.3673868598411490    
 -0.3673806868562116    
 -0.3672359867058412    
 -0.3669555964076828    
 -0.3665420188175728    
 -0.3659974219374000    
 -0.3653236928827050    
 -0.3645224692174792    
 -0.3635951084695985    
 -0.3625426666913066    
 -0.3613659430768591    
 -0.3600655317858091    
 -0.3586418080148204    
 -0.3570948887562846    
 -0.3554246515504256    
 -0.3536307933399467    
 -0.3517128434342621    
 -0.3496701248842103    
 -0.3475017444283854    
 -0.3452066373992843    
 -0.3427836003732566    
 -0.3402312705791450    
 -0.3375481024280793    
 -0.3347323894961930    
 -0.3317822990283061    
 -0.3286958702592877    
 -0.3254709948108461    
 -0.3221054237017216    
 -0.3185967934978751    
 -0.3149426337440301    
 -0.3111403569195790    
 -0.3071872623146018    
 -0.3030805557848240    
 -0.2988173595983946    
 -0.2943947096708588    
 -0.2898095624600364    
 -0.2850588145643387    
 -0.2801393152655663    
 -0.2750478691785562    
 -0.2697812477861192    
 -0.2643362134032126    
 -0.2587095378654305    
 -0.2528980118692710    
 -0.2468984623157055    
 -0.2407077832136751    
 -0.2343229639268300    
 -0.2277411082144492    
 -0.2209594595258065    
 -0.2139754406519265    
 -0.2067866938421125    
 -0.1993911124272400    
 -0.1917868765460012    
 -0.1839725028279690    
 -0.1759468969412981    
 -0.1677093985325119    
 -0.1592598280252468    
 -0.1505985457287242    
 -0.1417265145784958    
 -0.1326453551756874    
 -0.1233573997239555    
 -0.1138657551602912    
 -0.1041743685551380    
 -0.9428808281680917E-01
 -0.8421268679940634E-01
 -0.7395496962579175E-01
 -0.6352277350179558E-01
 -0.5292503250311045E-01
 -0.4217179948639309E-01
 -0.3127427072407024E-01
 -0.2024480362446501E-01
 -0.9096914590007520E-02
  0.2154742023166817E-02
  0.1349440343479004E-01
  0.2490523932106009E-01
  0.3636941701209286E-01
  0.4786819041879983E-01
  0.5938199999691615E-01
  0.7089058346628571E-01
  0.8237310970601792E-01
  0.9380833524593572E-01
  0.1051747672734628    
  0.1164508285014255    
  0.1276150358251727    
  0.1386461931826825    
  0.1495235793554255    
  0.1602271212888574    
  0.1707375655733102    
  0.1810366524907371    
  0.1911072722123285    
  0.2009335890903047    
  0.2105011486810878    
  0.2197969799346151    
  0.2288096742089987    
  0.2375294219271277    
  0.2459480227675481    
  0.2540588929315221    
  0.2618570567025323    
  0.2693390961382444    
  0.2765030716058463    
  0.2833484483225347    
  0.2898760257566607    
  0.2960878352194797    
  0.3019870074777224    
  0.3075776541491658    
  0.3128647747012105    
  0.3178541480005801    
  0.3225521910182255    
  0.3269658297118457    
  0.3311024142725009    
  0.3349696396867405    
  0.3385754300868939    
  0.3419278211991966    
  0.3450348946742437    
  0.3479047409563357    
  0.3505453883445839    
  0.3529647082324346    
  0.3551703642472153    
  0.3571698104082280    
  0.3589702684326883    
  0.3605786617233843    
  0.3620015717428499    
  0.3632452538548520    
  0.3643156532443303    
  0.3652183693344999    
  0.3659586165164726    
  0.3665412421874358    
  0.3669707656684064    
  0.3672513686774754    
  0.3673868598411490    
  0.3673806868562116    
  0.3672359867058412    
  0.3669555964076828    
  0.3665420188175728    
  0.3659974219374000    
