  0.4627775013473888    
  0.4564257107129138    
  0.4498945832772802    
  0.4431879552101223    
  0.4363094291455032    
  0.4292623934440029    
  0.4220500580106985    
  0.4146754631635292    
  0.4071414643866662    
  0.3994507364404586    
  0.3916058044686098    
  0.3836090617044111    
  0.3754627570424245    
  0.3671689874320991    
  0.3587297189047116    
  0.3501468083403723    
  0.3414219976131866    
  0.3325569005230058    
  0.3235530133448102    
  0.3144117361636163    
  0.3051343739129759    
  0.2957221233231072    
  0.2861760759205289    
  0.2764972368878406    
  0.2666865319660416    
  0.2567447979415015    
  0.2466727819067862    
  0.2364711578355119    
  0.2261405387871898    
  0.2156814735208224    
  0.2050944459443870    
  0.1943798909214938    
  0.1835382118630471    
  0.1725697856757640    
  0.1614749664638810    
  0.1502541031576968    
  0.1389075632065506    
  0.1274357476879478    
  0.1158391031727098    
  0.1041181445936686    
  0.9227348645071801E-01
  0.8030586944643711E-01
  0.6821618362997559E-01
  0.5600549999378393E-01
  0.4367511105547436E-01
  0.3122656987421291E-01
  0.1866172604508087E-01
  0.5982768039044017E-02
 -0.6807726053703000E-02
 -0.1970673786807065E-01
 -0.3271076104358298E-01
 -0.4581574940207023E-01
 -0.5901705860496026E-01
 -0.7230938842353557E-01
 -0.8568672928339630E-01
 -0.9914230792215058E-01
 -0.1126685300196636    
 -0.1262569263435644    
 -0.1398981067504964    
 -0.1535817182522343    
 -0.1672964053339846    
 -0.1810297788589505    
 -0.1947683984971742    
 -0.2084977656823791    
 -0.2222023251274327    
 -0.2358654807631549    
 -0.2494696311543306    
 -0.2629962212791701    
 -0.2764258075435359    
 -0.2897381406238358    
 -0.3029122704909848    
 -0.3159266692370618    
 -0.3287593661417901    
 -0.3413880974052809    
 -0.3537904737162270    
 -0.3659441594739167    
 -0.3778270549926240    
 -0.3894174817824098    
 -0.4006943736060350    
 -0.4116374663254299    
 -0.4222274755080344    
 -0.4324462606478206    
 -0.4422769803694202    
 -0.4517042333232863    
 -0.4607141731082101    
 -0.4692945962176157    
 -0.4774350113637745    
 -0.4851266893605178    
 -0.4923626826153397    
 -0.4991378132278148    
 -0.5054486425086218    
 -0.5112934271336451    
 -0.5166720519138779    
 -0.5215859359112197    
 -0.5260379270728068    
 -0.5300321967964270    
 -0.5335741253481339    
 -0.5366701695421104    
 -0.5393277262931582    
 -0.5415550089784866    
 -0.5433609298419644    
 -0.5447549730898507    
 -0.5457470665124196    
 -0.5463474725478612    
 -0.5465666970291905    
 -0.5464153950168802    
 -0.5459042728296597    
 -0.5450440084919514    
 -0.5438451961795383    
 -0.5423182926282655    
 -0.5404735553345303    
 -0.5383209929437192    
 -0.5358703411336498    
 -0.5331310441864996    
 -0.5301122240879568    
 -0.5268226537333995    
 -0.5232707547789889    
 -0.5194646047528431    
 -0.5154119279553280    
 -0.5111200812817416    
 -0.5065960632746089    
 -0.5018465384976116    
 -0.4968778441082500    
 -0.4916959797571878    
 -0.4863066162068799    
 -0.4807151285158944    
 -0.4749266164386454    
 -0.4689458965161813    
 -0.4627775013473888    
 -0.4564257107129138    
 -0.4498945832772802    
 -0.4431879552101223    
 -0.4363094291455032    
 -0.4292623934440029    
 -0.4220500580106985    
 -0.4146754631635292    
 -0.4071414643866662    
 -0.3994507364404586    
 -0.3916058044686098    
 -0.3836090617044111    
 -0.3754627570424245    
 -0.3671689874320991    
 -0.3587297189047116    
 -0.3501468083403723    
 -0.3414219976131866    
 -0.3325569005230058    
 -0.3235530133448102    
 -0.3144117361636163    
 -0.3051343739129759    
 -0.2957221233231072    
 -0.2861760759205289    
 -0.2764972368878406    
 -0.2666865319660416    
 -0.2567447979415015    
 -0.2466727819067862    
 -0.2364711578355119    
 -0.2261405387871898    
 -0.2156814735208224    
 -0.2050944459443870    
 -0.1943798909214938    
 -0.1835382118630471    
 -0.1725697856757640    
 -0.1614749664638810    
 -0.1502541031576968    
 -0.1389075632065506    
 -0.1274357476879478    
 -0.1158391031727098    
 -0.1041181445936686    
 -0.9227348645071801E-01
 -0.8030586944643711E-01
 -0.6821618362997559E-01
 -0.5600549999378393E-01
 -0.4367511105547436E-01
 -0.3122656987421291E-01
 -0.1866172604508087E-01
 -0.5982768039044017E-02
  0.6807726053703000E-02
  0.1970673786807065E-01
  0.3271076104358298E-01
  0.4581574940207023E-01
  0.5901705860496026E-01
  0.7230938842353557E-01
  0.8568672928339630E-01
  0.9914230792215058E-01
  0.1126685300196636    
  0.1262569263435644    
  0.1398981067504964    
  0.1535817182522343    
  0.1672964053339846    
  0.1810297788589505    
  0.1947683984971742    
  0.2084977656823791    
  0.2222023251274327    
  0.2358654807631549    
  0.2494696311543306    
  0.2629962212791701    
  0.2764258075435359    
  0.2897381406238358    
  0.3029122704909848    
  0.3159266692370618    
  0.3287593661417901    
  0.3413880974052809    
  0.3537904737162270    
  0.3659441594739167    
  0.3778270549926240    
  0.3894174817824098    
  0.4006943736060350    
  0.4116374663254299    
  0.4222274755080344    
  0.4324462606478206    
  0.4422769803694202    
  0.4517042333232863    
  0.4607141731082101    
  0.4692945962176157    
  0.4774350113637745    
  0.4851266893605178    
  0.4923626826153397    
  0.4991378132278148    
  0.5054486425086218    
  0.5112934271336451    
  0.5166720519138779    
  0.5215859359112197    
  0.5260379270728068    
  0.5300321967964270    
  0.5335741253481339    
  0.5366701695421104    
  0.5393277262931582    
  0.5415550089784866    
  0.5433609298419644    
  0.5447549730898507    
  0.5457470665124196    
  0.5463474725478612    
  0.5465666970291905    
  0.5464153950168802    
  0.5459042728296597    
  0.5450440084919514    
  0.5438451961795383    
  0.5423182926282655    
  0.5404735553345303    
  0.5383209929437192    
  0.5358703411336498    
  0.5331310441864996    
  0.5301122240879568    
  0.5268226537333995    
  0.5232707547789889    
  0.5194646047528431    
  0.5154119279553280    
  0.5111200812817416    
  0.5065960632746089    
  0.5018465384976116    
  0.4968778441082500    
  0.4916959797571878    
  0.4863066162068799    
  0.4807151285158944    
  0.4749266164386454    
  0.4689458965161813    
