  0.5425709314659598    
  0.5362782799954600    
  0.5297786638348685    
  0.5230769440533324    
  0.5161776533534348    
  0.5090850146431783    
  0.5018029587372894    
  0.4943351394619139    
  0.4866849479475521    
  0.4788555282308935    
  0.4708497929342723    
  0.4626704364373528    
  0.4543199458355294    
  0.4458006121984285    
  0.4371145425604134    
  0.4282636703694083    
  0.4192497633728189    
  0.4100744308889903    
  0.4007391320590262    
  0.3912451837626578    
  0.3815937664656821    
  0.3717859289551113    
  0.3618225940147503    
  0.3517045647986793    
  0.3414325300280555    
  0.3310070679158373    
  0.3204286507129365    
  0.3096976505703917    
  0.2988143452741986    
  0.2877789230772596    
  0.2765914880254233    
  0.2652520670229720    
  0.2537606178412159    
  0.2421170370516331    
  0.2303211687701529    
  0.2183728156699177    
  0.2062717520232109    
  0.1940177376875043    
  0.1816105333990816    
  0.1690499187847095    
  0.1563357133252311    
  0.1434677993362393    
  0.1304461469373448    
  0.1172708422018363    
  0.1039421190267772    
  0.9046039405747669E-01
  0.7682630442739102E-01
  0.6304074918600083E-01
  0.4910493495527690E-01
  0.3502042522822396E-01
  0.2078919283039157E-01
  0.6413675993613699E-02
 -0.8103161675478282E-02
 -0.2275776807490656E-01
 -0.3754593715984689E-01
 -0.5246274124111527E-01
 -0.6750246121801479E-01
 -0.8265851590635881E-01
 -0.9792339183758830E-01
 -0.1132885742999149    
 -0.1287444805052261    
 -0.1442803966997895    
 -0.1598844212895907    
 -0.1755434154593865    
 -0.1912429627861023    
 -0.2069673401721674    
 -0.2226995025913128    
 -0.2384210833890740    
 -0.2541124116468844    
 -0.2697525486925650    
 -0.2853193457669294    
 -0.3007895237718539    
 -0.3161387753812916    
 -0.3313418900203352    
 -0.3463729018559013    
 -0.3612052595213706    
 -0.3758120153201723    
 -0.3901660317160481    
 -0.4042402025467275    
 -0.4180076849672330    
 -0.4314421372085904    
 -0.4445179576295311    
 -0.4572105207082397    
 -0.4694964046923674    
 -0.4813536052034711    
 -0.4927617302320867    
 -0.5037021730400437    
 -0.5141582592455644    
 -0.5241153643907523    
 -0.5335610000154818    
 -0.5424848680702152    
 -0.5508788836168910    
 -0.5587371656160836    
 -0.5660559971351593    
 -0.5728337582151759    
 -0.5790708346574673    
 -0.5847695051815538    
 -0.5899338101571231    
 -0.5945694065945782    
 -0.5986834137386661    
 -0.6022842520573813    
 -0.6053814784184970    
 -0.6079856215304340    
 -0.6101080213929537    
 -0.6117606744531627    
 -0.6129560854037217    
 -0.6137071276984687    
 -0.6140269150050608    
 -0.6139286840026924    
 -0.6134256879398222    
 -0.6125311014806603    
 -0.6112579379390610    
 -0.6096189784173627    
 -0.6076267111504128    
 -0.6052932804436068    
 -0.6026304456596883    
 -0.5996495495070091    
 -0.5963614935627277    
 -0.5927767200943530    
 -0.5889052008227197    
 -0.5847564322745802    
 -0.5803394355192619    
 -0.5756627589165599    
 -0.5707344847590665    
 -0.5655622402717108    
 -0.5601532108959437    
 -0.5545141537327483    
 -0.5486514118959744    
 -0.5425709314659598    
 -0.5362782799954600    
 -0.5297786638348685    
 -0.5230769440533324    
 -0.5161776533534348    
 -0.5090850146431783    
 -0.5018029587372894    
 -0.4943351394619139    
 -0.4866849479475521    
 -0.4788555282308935    
 -0.4708497929342723    
 -0.4626704364373528    
 -0.4543199458355294    
 -0.4458006121984285    
 -0.4371145425604134    
 -0.4282636703694083    
 -0.4192497633728189    
 -0.4100744308889903    
 -0.4007391320590262    
 -0.3912451837626578    
 -0.3815937664656821    
 -0.3717859289551113    
 -0.3618225940147503    
 -0.3517045647986793    
 -0.3414325300280555    
 -0.3310070679158373    
 -0.3204286507129365    
 -0.3096976505703917    
 -0.2988143452741986    
 -0.2877789230772596    
 -0.2765914880254233    
 -0.2652520670229720    
 -0.2537606178412159    
 -0.2421170370516331    
 -0.2303211687701529    
 -0.2183728156699177    
 -0.2062717520232109    
 -0.1940177376875043    
 -0.1816105333990816    
 -0.1690499187847095    
 -0.1563357133252311    
 -0.1434677993362393    
 -0.1304461469373448    
 -0.1172708422018363    
 -0.1039421190267772    
 -0.9046039405747669E-01
 -0.7682630442739102E-01
 -0.6304074918600083E-01
 -0.4910493495527690E-01
 -0.3502042522822396E-01
 -0.2078919283039157E-01
 -0.6413675993613699E-02
  0.8103161675478282E-02
  0.2275776807490656E-01
  0.3754593715984689E-01
  0.5246274124111527E-01
  0.6750246121801479E-01
  0.8265851590635881E-01
  0.9792339183758830E-01
  0.1132885742999149    
  0.1287444805052261    
  0.1442803966997895    
  0.1598844212895907    
  0.1755434154593865    
  0.1912429627861023    
  0.2069673401721674    
  0.2226995025913128    
  0.2384210833890740    
  0.2541124116468844    
  0.2697525486925650    
  0.2853193457669294    
  0.3007895237718539    
  0.3161387753812916    
  0.3313418900203352    
  0.3463729018559013    
  0.3612052595213706    
  0.3758120153201723    
  0.3901660317160481    
  0.4042402025467275    
  0.4180076849672330    
  0.4314421372085904    
  0.4445179576295311    
  0.4572105207082397    
  0.4694964046923674    
  0.4813536052034711    
  0.4927617302320867    
  0.5037021730400437    
  0.5141582592455644    
  0.5241153643907523    
  0.5335610000154818    
  0.5424848680702152    
  0.5508788836168910    
  0.5587371656160836    
  0.5660559971351593    
  0.5728337582151759    
  0.5790708346574673    
  0.5847695051815538    
  0.5899338101571231    
  0.5945694065945782    
  0.5986834137386661    
  0.6022842520573813    
  0.6053814784184970    
  0.6079856215304340    
  0.6101080213929537    
  0.6117606744531627    
  0.6129560854037217    
  0.6137071276984687    
  0.6140269150050608    
  0.6139286840026924    
  0.6134256879398222    
  0.6125311014806603    
  0.6112579379390610    
  0.6096189784173627    
  0.6076267111504128    
  0.6052932804436068    
  0.6026304456596883    
  0.5996495495070091    
  0.5963614935627277    
  0.5927767200943530    
  0.5889052008227197    
  0.5847564322745802    
  0.5803394355192619    
  0.5756627589165599    
  0.5707344847590665    
  0.5655622402717108    
  0.5601532108959437    
  0.5545141537327483    
  0.5486514118959744    
