  0.2888805824685637    
  0.2936629339264150    
  0.2985935046838707    
  0.3036781483886685    
  0.3089232197254561    
  0.3143356159857603    
  0.3199227744343445    
  0.3256927127551457    
  0.3316541104360531    
  0.3378163699430864    
  0.3441896577427308    
  0.3507849587583824    
  0.3576141471888878    
  0.3646900695409481    
  0.3720266313525549    
  0.3796388560518379    
  0.3875429253067303    
  0.3957562617113509    
  0.4042976264168224    
  0.4131871133894259    
  0.4224460514532229    
  0.4320969402199703    
  0.4421633403819394    
  0.4526694572733086    
  0.4636393910780260    
  0.4750961942559688    
  0.4870604765056236    
  0.4995479627618274    
  0.5125657386217024    
  0.5261070636741015    
  0.5401438606220257    
  0.5546153980877120    
  0.5694122021631773    
  0.5843545890620628    
  0.5991647286674289    
  0.6134323247788633    
  0.6265789691744742    
  0.6378335279310412    
  0.6462390811469261    
  0.6507199394220381    
  0.6502346764506319    
  0.6440086560024929    
  0.6317779908217570    
  0.6139311772356054    
  0.5914613367512573    
  0.5657402438140483    
  0.5382208617408487    
  0.5101924339625927    
  0.4826517791573187    
  0.4562811332857858    
  0.4314891222213084    
  0.4084757312820236    
  0.3872972000654915    
  0.3679186612367062    
  0.3502516754697792    
  0.3341798426654637    
  0.3195760513787621    
  0.3063129203460974    
  0.2942681241183186    
  0.2833272599883007    
  0.2733856790829891    
  0.2643489501317852    
  0.2561321025448318    
  0.2486588788090112    
  0.2418614117123278    
  0.2356795402513478    
  0.2300596176931652    
  0.2249536748574537    
  0.2203191268326982    
  0.2161182464255343    
  0.2123172563329378    
  0.2088857738548206    
  0.2057967288741840    
  0.2030260519189027    
  0.2005520199263104    
  0.1983549166100865    
  0.1964170924693916    
  0.1947227889656475    
  0.1932576477095884    
  0.1920085048312660    
  0.1909635302616571    
  0.1901121299629019    
  0.1894445560967197    
  0.1889517803026125    
  0.1886256732427948    
  0.1884589525255729    
  0.1884448587049352    
  0.1885770743706203    
  0.1888499196231371    
  0.1892583268118826    
  0.1897975634433215    
  0.1904631789916705    
  0.1912512014586617    
  0.1921581263245270    
  0.1931806751403150    
  0.1943157611891138    
  0.1955606796033725    
  0.1969131018653111    
  0.1983708615014044    
  0.1999319337243533    
  0.2015946171660079    
  0.2033575301220068    
  0.2052194167423989    
  0.2071791358413751    
  0.2092358338196057    
  0.2113889431119991    
  0.2136380062560367    
  0.2159826695603222    
  0.2184228453116985    
  0.2209587136118557    
  0.2235905653347979    
  0.2263187991824991    
  0.2291440708197817    
  0.2320672976593490    
  0.2350895222062816    
  0.2382119135916968    
  0.2414359032627890    
  0.2447631921953633    
  0.2481956350686164    
  0.2517352472324207    
  0.2553843279985909    
  0.2591454716338120    
  0.2630214735195382    
  0.2670153428697403    
  0.2711304143581317    
  0.2753703655663989    
  0.2797391481750157    
  0.2842410073997754    
  0.2888805824685637    
  0.2936629339264150    
  0.2985935046838707    
  0.3036781483886685    
  0.3089232197254561    
  0.3143356159857603    
  0.3199227744343445    
  0.3256927127551457    
  0.3316541104360531    
  0.3378163699430864    
  0.3441896577427308    
  0.3507849587583824    
  0.3576141471888878    
  0.3646900695409481    
  0.3720266313525549    
  0.3796388560518379    
  0.3875429253067303    
  0.3957562617113509    
  0.4042976264168224    
  0.4131871133894259    
  0.4224460514532229    
  0.4320969402199703    
  0.4421633403819394    
  0.4526694572733086    
  0.4636393910780260    
  0.4750961942559688    
  0.4870604765056236    
  0.4995479627618274    
  0.5125657386217024    
  0.5261070636741015    
  0.5401438606220257    
  0.5546153980877120    
  0.5694122021631773    
  0.5843545890620628    
  0.5991647286674289    
  0.6134323247788633    
  0.6265789691744742    
  0.6378335279310412    
  0.6462390811469261    
  0.6507199394220381    
  0.6502346764506319    
  0.6440086560024929    
  0.6317779908217570    
  0.6139311772356054    
  0.5914613367512573    
  0.5657402438140483    
  0.5382208617408487    
  0.5101924339625927    
  0.4826517791573187    
  0.4562811332857858    
  0.4314891222213084    
  0.4084757312820236    
  0.3872972000654915    
  0.3679186612367062    
  0.3502516754697792    
  0.3341798426654637    
  0.3195760513787621    
  0.3063129203460974    
  0.2942681241183186    
  0.2833272599883007    
  0.2733856790829891    
  0.2643489501317852    
  0.2561321025448318    
  0.2486588788090112    
  0.2418614117123278    
  0.2356795402513478    
  0.2300596176931652    
  0.2249536748574537    
  0.2203191268326982    
  0.2161182464255343    
  0.2123172563329378    
  0.2088857738548206    
  0.2057967288741840    
  0.2030260519189027    
  0.2005520199263104    
  0.1983549166100865    
  0.1964170924693916    
  0.1947227889656475    
  0.1932576477095884    
  0.1920085048312660    
  0.1909635302616571    
  0.1901121299629019    
  0.1894445560967197    
  0.1889517803026125    
  0.1886256732427948    
  0.1884589525255729    
  0.1884448587049352    
  0.1885770743706203    
  0.1888499196231371    
  0.1892583268118826    
  0.1897975634433215    
  0.1904631789916705    
  0.1912512014586617    
  0.1921581263245270    
  0.1931806751403150    
  0.1943157611891138    
  0.1955606796033725    
  0.1969131018653111    
  0.1983708615014044    
  0.1999319337243533    
  0.2015946171660079    
  0.2033575301220068    
  0.2052194167423989    
  0.2071791358413751    
  0.2092358338196057    
  0.2113889431119991    
  0.2136380062560367    
  0.2159826695603222    
  0.2184228453116985    
  0.2209587136118557    
  0.2235905653347979    
  0.2263187991824991    
  0.2291440708197817    
  0.2320672976593490    
  0.2350895222062816    
  0.2382119135916968    
  0.2414359032627890    
  0.2447631921953633    
  0.2481956350686164    
  0.2517352472324207    
  0.2553843279985909    
  0.2591454716338120    
  0.2630214735195382    
  0.2670153428697403    
  0.2711304143581317    
  0.2753703655663989    
  0.2797391481750157    
  0.2842410073997754    
