  0.4453832022646590    
  0.4390542094500962    
  0.4325518807761865    
  0.4258798564525421    
  0.4190415753098805    
  0.4120402760565431    
  0.4048790211839523    
  0.3975607192291477    
  0.3900881241206086    
  0.3824638278944902    
  0.3746902714511184    
  0.3667697661236525    
  0.3587045016915634    
  0.3504965396843202    
  0.3421478127757467    
  0.3336601377470182    
  0.3250352271332959    
  0.3162746890645952    
  0.3073800239660488    
  0.2983526287638389    
  0.2891938053876483    
  0.2799047652815752    
  0.2704866299442990    
  0.2609404327966114    
  0.2512671237888850    
  0.2414675745932861    
  0.2315425835174632    
  0.2214928804731292    
  0.2113191319150222    
  0.2010219466133559    
  0.1906018839283511    
  0.1800594639279107    
  0.1693951768998001    
  0.1586094926996738    
  0.1477028732648753    
  0.1366757888595929    
  0.1255287348667539    
  0.1142622481874510    
  0.1028769265799923    
  0.9137345268396307E-01
  0.7975261997777838E-01
  0.6801535884559370E-01
  0.5616276540585236E-01
  0.4419613534019257E-01
  0.3211700054887831E-01
  0.1992716636572395E-01
  0.7628751238862586E-02
 -0.4775768859519136E-02
 -0.1728351313406565E-01
 -0.2989114837389334E-01
 -0.4259483986085510E-01
 -0.5539019875732060E-01
 -0.6827222782448811E-01
 -0.8123526854574449E-01
 -0.9427294915138644E-01
 -0.1073781318366017    
 -0.1205428612429775    
 -0.1337583179717784    
 -0.1470147774002823    
 -0.1603015723273420    
 -0.1736070616287193    
 -0.1869186093138785    
 -0.2002225748944691    
 -0.2135043134905490    
 -0.2267481874741578    
 -0.2399375941326432    
 -0.2530550102819821    
 -0.2660820513425974    
 -0.2789995453840810    
 -0.2917876258686307    
 -0.3044258431687858    
 -0.3168932903704735    
 -0.3291687414941755    
 -0.3412308044498169    
 -0.3530580876057956    
 -0.3646293730178292    
 -0.3759237916358113    
 -0.3869210016622833    
 -0.3976013687621179    
 -0.4079461396584605    
 -0.4179376023520988    
 -0.4275592344576429    
 -0.4367958406665953    
 -0.4456336716079953    
 -0.4540605164328050    
 -0.4620657722454805    
 -0.4696404962886189    
 -0.4767774363386775    
 -0.4834710311188650    
 -0.4897173848623836    
 -0.4955142276584086    
 -0.5008608618176082    
 -0.5057580847765778    
 -0.5102080906189232    
 -0.5142143660200744    
 -0.5177815866693833    
 -0.5209155029669956    
 -0.5236228108640286    
 -0.5259110242301521    
 -0.5277883615721084    
 -0.5292636360300120    
 -0.5303461354946732    
 -0.5310455049359745    
 -0.5313716507638855    
 -0.5313346607734399    
 -0.5309447178947756    
 -0.5302120102530982    
 -0.5291466622615091    
 -0.5277586905020837    
 -0.5260579586358303    
 -0.5240541201888447    
 -0.5217565730751288    
 -0.5191744431704408    
 -0.5163165754460244    
 -0.5131915077677947    
 -0.5098074421218247    
 -0.5061722420650030    
 -0.5022934478678441    
 -0.4981782764722724    
 -0.4938336052533687    
 -0.4892659719028280    
 -0.4844815992387241    
 -0.4794864139130710    
 -0.4742860413014353    
 -0.4688858024022308    
 -0.4632907366795002    
 -0.4575056308819578    
 -0.4515350243239452    
 -0.4453832022646590    
 -0.4390542094500962    
 -0.4325518807761865    
 -0.4258798564525421    
 -0.4190415753098805    
 -0.4120402760565431    
 -0.4048790211839523    
 -0.3975607192291477    
 -0.3900881241206086    
 -0.3824638278944902    
 -0.3746902714511184    
 -0.3667697661236525    
 -0.3587045016915634    
 -0.3504965396843202    
 -0.3421478127757467    
 -0.3336601377470182    
 -0.3250352271332959    
 -0.3162746890645952    
 -0.3073800239660488    
 -0.2983526287638389    
 -0.2891938053876483    
 -0.2799047652815752    
 -0.2704866299442990    
 -0.2609404327966114    
 -0.2512671237888850    
 -0.2414675745932861    
 -0.2315425835174632    
 -0.2214928804731292    
 -0.2113191319150222    
 -0.2010219466133559    
 -0.1906018839283511    
 -0.1800594639279107    
 -0.1693951768998001    
 -0.1586094926996738    
 -0.1477028732648753    
 -0.1366757888595929    
 -0.1255287348667539    
 -0.1142622481874510    
 -0.1028769265799923    
 -0.9137345268396307E-01
 -0.7975261997777838E-01
 -0.6801535884559370E-01
 -0.5616276540585236E-01
 -0.4419613534019257E-01
 -0.3211700054887831E-01
 -0.1992716636572395E-01
 -0.7628751238862586E-02
  0.4775768859519136E-02
  0.1728351313406565E-01
  0.2989114837389334E-01
  0.4259483986085510E-01
  0.5539019875732060E-01
  0.6827222782448811E-01
  0.8123526854574449E-01
  0.9427294915138644E-01
  0.1073781318366017    
  0.1205428612429775    
  0.1337583179717784    
  0.1470147774002823    
  0.1603015723273420    
  0.1736070616287193    
  0.1869186093138785    
  0.2002225748944691    
  0.2135043134905490    
  0.2267481874741578    
  0.2399375941326432    
  0.2530550102819821    
  0.2660820513425974    
  0.2789995453840810    
  0.2917876258686307    
  0.3044258431687858    
  0.3168932903704735    
  0.3291687414941755    
  0.3412308044498169    
  0.3530580876057956    
  0.3646293730178292    
  0.3759237916358113    
  0.3869210016622833    
  0.3976013687621179    
  0.4079461396584605    
  0.4179376023520988    
  0.4275592344576429    
  0.4367958406665953    
  0.4456336716079953    
  0.4540605164328050    
  0.4620657722454805    
  0.4696404962886189    
  0.4767774363386775    
  0.4834710311188650    
  0.4897173848623836    
  0.4955142276584086    
  0.5008608618176082    
  0.5057580847765778    
  0.5102080906189232    
  0.5142143660200744    
  0.5177815866693833    
  0.5209155029669956    
  0.5236228108640286    
  0.5259110242301521    
  0.5277883615721084    
  0.5292636360300120    
  0.5303461354946732    
  0.5310455049359745    
  0.5313716507638855    
  0.5313346607734399    
  0.5309447178947756    
  0.5302120102530982    
  0.5291466622615091    
  0.5277586905020837    
  0.5260579586358303    
  0.5240541201888447    
  0.5217565730751288    
  0.5191744431704408    
  0.5163165754460244    
  0.5131915077677947    
  0.5098074421218247    
  0.5061722420650030    
  0.5022934478678441    
  0.4981782764722724    
  0.4938336052533687    
  0.4892659719028280    
  0.4844815992387241    
  0.4794864139130710    
  0.4742860413014353    
  0.4688858024022308    
  0.4632907366795002    
  0.4575056308819578    
  0.4515350243239452    
