  0.2729024321841787    
  0.2775362165321202    
  0.2823122281249486    
  0.2872358341248343    
  0.2923129206867525    
  0.2975498200417802    
  0.3029532967539711    
  0.3085307015652001    
  0.3142900503368768    
  0.3202399617437470    
  0.3263897043817131    
  0.3327493751487200    
  0.3393299511325268    
  0.3461432422568108    
  0.3532020089182673    
  0.3605201617119325    
  0.3681127697032500    
  0.3759960156842965    
  0.3841873698958608    
  0.3927057637000445    
  0.4015714681542559    
  0.4108059436970452    
  0.4204319140769882    
  0.4304732429859132    
  0.4409542604484230    
  0.4518989127320291    
  0.4633298577059015    
  0.4752666752015300    
  0.4877225882896110    
  0.5006999425366806    
  0.5141839640669332    
  0.5281328826658883    
  0.5424629331068263    
  0.5570278247651186    
  0.5715913164779338    
  0.5857910989605499    
  0.5990968178880464    
  0.6107734502983659    
  0.6198703811748677    
  0.6252678597202888    
  0.6258185655916151    
  0.6205954493188022    
  0.6091837182256665    
  0.5918816697241779    
  0.5696854099191724    
  0.5440476327168988    
  0.5165323535500335    
  0.4885242282315707    
  0.4610783981828042    
  0.4348994516633417    
  0.4103932382253730    
  0.3877433232117012    
  0.3669848775705422    
  0.3480627997462701    
  0.3308713716299512    
  0.3152802651292737    
  0.3011518714150271    
  0.2883514700680824    
  0.2767517343316535    
  0.2662348667907616    
  0.2566941971495915    
  0.2480344288661157    
  0.2401703835532758    
  0.2330259227846752    
  0.2265336776708719    
  0.2206343458425200    
  0.2152752166255338    
  0.2104092002740304    
  0.2059946869338658    
  0.2019950509973983    
  0.1983775370678365    
  0.1951126455409870    
  0.1921742233446853    
  0.1895391834764033    
  0.1871866739493472    
  0.1850977094462822    
  0.1832553992150204    
  0.1816447932870975    
  0.1802522331751690    
  0.1790651333233757    
  0.1780722737131559    
  0.1772637114605382    
  0.1766302492321546    
  0.1761633099810318    
  0.1758552540795027    
  0.1756993210313724    
  0.1756891768989406    
  0.1758188498244661    
  0.1760830515934597    
  0.1764771314195575    
  0.1769966790145875    
  0.1776375002508480    
  0.1783959318868592    
  0.1792687986875011    
  0.1802530591000781    
  0.1813458081592011    
  0.1825445781067927    
  0.1838472939465250    
  0.1852519545609643    
  0.1867566553991043    
  0.1883598705289028    
  0.1900604036796648    
  0.1918571009095716    
  0.1937488891775088    
  0.1957350373943607    
  0.1978151010827280    
  0.1999886643671417    
  0.2022553927177448    
  0.2046152723042031    
  0.2070685475166931    
  0.2096154908703207    
  0.2122564688709050    
  0.2149921598245064    
  0.2178234848272783    
  0.2207514053848107    
  0.2237770014824821    
  0.2269016677178853    
  0.2301270391608503    
  0.2334548180740462    
  0.2368868638885230    
  0.2404253670421860    
  0.2440727713011453    
  0.2478316323189210    
  0.2517047201451332    
  0.2556951700697560    
  0.2598064033417019    
  0.2640420216246836    
  0.2684059235877947    
  0.2729024321841787    
  0.2775362165321202    
  0.2823122281249486    
  0.2872358341248343    
  0.2923129206867525    
  0.2975498200417802    
  0.3029532967539711    
  0.3085307015652001    
  0.3142900503368768    
  0.3202399617437470    
  0.3263897043817131    
  0.3327493751487200    
  0.3393299511325268    
  0.3461432422568108    
  0.3532020089182673    
  0.3605201617119325    
  0.3681127697032500    
  0.3759960156842965    
  0.3841873698958608    
  0.3927057637000445    
  0.4015714681542559    
  0.4108059436970452    
  0.4204319140769882    
  0.4304732429859132    
  0.4409542604484230    
  0.4518989127320291    
  0.4633298577059015    
  0.4752666752015300    
  0.4877225882896110    
  0.5006999425366806    
  0.5141839640669332    
  0.5281328826658883    
  0.5424629331068263    
  0.5570278247651186    
  0.5715913164779338    
  0.5857910989605499    
  0.5990968178880464    
  0.6107734502983659    
  0.6198703811748677    
  0.6252678597202888    
  0.6258185655916151    
  0.6205954493188022    
  0.6091837182256665    
  0.5918816697241779    
  0.5696854099191724    
  0.5440476327168988    
  0.5165323535500335    
  0.4885242282315707    
  0.4610783981828042    
  0.4348994516633417    
  0.4103932382253730    
  0.3877433232117012    
  0.3669848775705422    
  0.3480627997462701    
  0.3308713716299512    
  0.3152802651292737    
  0.3011518714150271    
  0.2883514700680824    
  0.2767517343316535    
  0.2662348667907616    
  0.2566941971495915    
  0.2480344288661157    
  0.2401703835532758    
  0.2330259227846752    
  0.2265336776708719    
  0.2206343458425200    
  0.2152752166255338    
  0.2104092002740304    
  0.2059946869338658    
  0.2019950509973983    
  0.1983775370678365    
  0.1951126455409870    
  0.1921742233446853    
  0.1895391834764033    
  0.1871866739493472    
  0.1850977094462822    
  0.1832553992150204    
  0.1816447932870975    
  0.1802522331751690    
  0.1790651333233757    
  0.1780722737131559    
  0.1772637114605382    
  0.1766302492321546    
  0.1761633099810318    
  0.1758552540795027    
  0.1756993210313724    
  0.1756891768989406    
  0.1758188498244661    
  0.1760830515934597    
  0.1764771314195575    
  0.1769966790145875    
  0.1776375002508480    
  0.1783959318868592    
  0.1792687986875011    
  0.1802530591000781    
  0.1813458081592011    
  0.1825445781067927    
  0.1838472939465250    
  0.1852519545609643    
  0.1867566553991043    
  0.1883598705289028    
  0.1900604036796648    
  0.1918571009095716    
  0.1937488891775088    
  0.1957350373943607    
  0.1978151010827280    
  0.1999886643671417    
  0.2022553927177448    
  0.2046152723042031    
  0.2070685475166931    
  0.2096154908703207    
  0.2122564688709050    
  0.2149921598245064    
  0.2178234848272783    
  0.2207514053848107    
  0.2237770014824821    
  0.2269016677178853    
  0.2301270391608503    
  0.2334548180740462    
  0.2368868638885230    
  0.2404253670421860    
  0.2440727713011453    
  0.2478316323189210    
  0.2517047201451332    
  0.2556951700697560    
  0.2598064033417019    
  0.2640420216246836    
  0.2684059235877947    
