  0.2001688606702849    
  0.1984194049474142    
  0.1966648733171243    
  0.1949053178729906    
  0.1931407901569935    
  0.1913713411694090    
  0.1895970213788152    
  0.1878178807321951    
  0.1860339686651447    
  0.1842453341121597    
  0.1824520255170128    
  0.1806540908431967    
  0.1788515775844453    
  0.1770445327753074    
  0.1752330030017832    
  0.1734170344120047    
  0.1715966727269680    
  0.1697719632512911    
  0.1679429508840196    
  0.1661096801294464    
  0.1642721951079635    
  0.1624305395669245    
  0.1605847568915249    
  0.1587348901156846    
  0.1568809819329420    
  0.1550230747073362    
  0.1531612104842954    
  0.1512954310015071    
  0.1494257776997827    
  0.1475522917338972    
  0.1456750139834171    
  0.1437939850634955    
  0.1419092453356507    
  0.1400208349184996    
  0.1381287936984727    
  0.1362331613404781    
  0.1343339772985371    
  0.1324312808263703    
  0.1305251109879406    
  0.1286155066679458    
  0.1267025065822662    
  0.1247861492883511    
  0.1228664731955569    
  0.1209435165754225    
  0.1190173175718885    
  0.1170879142114509    
  0.1151553444132543    
  0.1132196459991133    
  0.1112808567034758    
  0.1093390141833031    
  0.1073941560278922    
  0.1054463197686117    
  0.1034955428885747    
  0.1015418628322262    
  0.9958531701485768E-01
  0.9762594283203829E-01
  0.9566377766897038E-01
  0.9369885890975538E-01
  0.9173122394658373E-01
  0.8976091018883237E-01
  0.8778795507208326E-01
  0.8581239606704877E-01
  0.8383427068841209E-01
  0.8185361650357370E-01
  0.7987047114131712E-01
  0.7788487230036578E-01
  0.7589685775786759E-01
  0.7390646537776618E-01
  0.7191373311909222E-01
  0.6991869904415160E-01
  0.6792140132661983E-01
  0.6592187825953649E-01
  0.6392016826320579E-01
  0.6191630989299335E-01
  0.5991034184702770E-01
  0.5790230297379656E-01
  0.5589223227964757E-01
  0.5388016893618092E-01
  0.5186615228754632E-01
  0.4985022185762839E-01
  0.4783241735713828E-01
  0.4581277869059019E-01
  0.4379134596318290E-01
  0.4176815948756613E-01
  0.3974325979050986E-01
  0.3771668761945923E-01
  0.3568848394898949E-01
  0.3365868998714472E-01
  0.3162734718167926E-01
  0.2959449722617924E-01
  0.2756018206608463E-01
  0.2552444390459452E-01
  0.2348732520846952E-01
  0.2144886871371776E-01
  0.1940911743117585E-01
  0.1736811465197241E-01
  0.1532590395289168E-01
  0.1328252920161099E-01
  0.1123803456184214E-01
  0.9192464498344988E-02
  0.7145863781844453E-02
  0.5098277493823522E-02
  0.3049751031212189E-02
  0.1000330110955294E-02
 -0.1049939225522767E-02
 -0.3101010607974963E-02
 -0.5152837333094240E-02
 -0.7205372360396645E-02
 -0.9258568308208481E-02
 -0.1131237744977565E-01
 -0.1336675170947865E-01
 -0.1542164265916673E-01
 -0.1747700151459813E-01
 -0.1953277913200169E-01
 -0.2158892600474260E-01
 -0.2364539226010920E-01
 -0.2570212765620594E-01
 -0.2775908157896051E-01
 -0.2981620303924526E-01
 -0.3187344067010955E-01
 -0.3393074272412067E-01
 -0.3598805707082336E-01
 -0.3804533119430165E-01
 -0.4010251219086003E-01
 -0.4215954676680900E-01
 -0.4421638123636429E-01
 -0.4627296151965371E-01
 -0.4832923314083715E-01
 -0.5038514122632587E-01
 -0.5244063050312725E-01
 -0.5449564529727535E-01
 -0.5655012953239225E-01
 -0.5860402672833764E-01
 -0.6065727999997378E-01
 -0.6270983205603287E-01
 -0.6476162519809359E-01
 -0.6681260131965588E-01
 -0.6886270190532495E-01
 -0.7091186803009419E-01
 -0.7296004035873432E-01
 -0.7500715914527967E-01
 -0.7705316423261882E-01
 -0.7909799505218174E-01
 -0.8114159062373177E-01
 -0.8318388955524658E-01
 -0.8522483004290793E-01
 -0.8726434987117543E-01
 -0.8930238641296939E-01
 -0.9133887662993545E-01
 -0.9337375707281254E-01
 -0.9540696388188641E-01
 -0.9743843278754238E-01
 -0.9946809911090027E-01
 -0.1014958977645477    
 -0.1035217632533532    
 -0.1055456296753769    
 -0.1075674307228571    
 -0.1095870996832922    
 -0.1116045694405990    
 -0.1136197724763618    
 -0.1156326408711541    
 -0.1176431063059539    
 -0.1196511000636244    
 -0.1216565530304897    
 -0.1236593956979744    
 -0.1256595581643267    
 -0.1276569701364148    
 -0.1296515609316011    
 -0.1316432594796841    
 -0.1336319943249178    
 -0.1356176936280968    
 -0.1376002851687182    
 -0.1395796963472052    
 -0.1415558541872035    
 -0.1435286853379401    
 -0.1454981160766539    
 -0.1474640723110831    
 -0.1494264795820241    
 -0.1513852630659437    
 -0.1533403475776651    
 -0.1552916575731014    
 -0.1572391171520586    
 -0.1591826500610920    
 -0.1611221796964229    
 -0.1630576291069115    
 -0.1649889209970866    
 -0.1669159777302286    
 -0.1688387213315119    
 -0.1707570734911958    
 -0.1726709555678727    
 -0.1745802885917667    
 -0.1764849932680874    
 -0.1783849899804291    
 -0.1802801987942321    
 -0.1821705394602791    
 -0.1840559314182608    
 -0.1859362938003757    
 -0.1878115454349873    
 -0.1896816048503291    
 -0.1915463902782610    
 -0.1934058196580732    
 -0.1952598106403405    
 -0.1971082805908231    
 -0.1989511465944258    
 -0.2007883254591959    
 -0.2026197337203806    
 -0.2044452876445269    
 -0.2062649032336428    
 -0.2080784962293989    
 -0.2098859821173920    
 -0.2116872761314523    
 -0.2134822932580151    
 -0.2152709482405378    
 -0.2170531555839776    
 -0.2188288295593219    
 -0.2205978842081838    
 -0.2223602333474474    
 -0.2241157905739812    
 -0.2258644692694070    
 -0.2276061826049406    
 -0.2293408435462880    
 -0.2310683648586156    
 -0.2327886591115843    
 -0.2345016386844603    
 -0.2362072157712902    
 -0.2379053023861604    
 -0.2395958103685223    
 -0.2412786513886132    
 -0.2429537369529422    
 -0.2446209784098712    
 -0.2462802869552788    
 -0.2479315736383197    
 -0.2495747493672698    
 -0.2512097249154737    
 -0.2528364109273858    
 -0.2544547179247221    
 -0.2560645563127089    
 -0.2576658363864470    
 -0.2592584683373849    
 -0.2608423622599136    
 -0.2624174281580758    
 -0.2639835759524041    
 -0.2655407154868819    
 -0.2670887565360458    
 -0.2686276088122148    
 -0.2701571819728645    
 -0.2716773856281465    
 -0.2731881293485570    
 -0.2746893226727586    
 -0.2761808751155608    
 -0.2776626961760620    
 -0.2791346953459647    
 -0.2805967821180568    
 -0.2820488659948746    
 -0.2834908564975454    
 -0.2849226631748207    
 -0.2863441956122974    
 -0.2877553634418419    
 -0.2891560763512078    
 -0.2905462440938731    
 -0.2919257764990804    
 -0.2932945834820957    
 -0.2946525750546929    
 -0.2959996613358667    
 -0.2973357525627751    
 -0.2986607591019204    
 -0.2999745914605727    
 -0.3012771602984468    
 -0.3025683764396234    
 -0.3038481508847318    
 -0.3051163948233941    
 -0.3063730196469392    
 -0.3076179369613836    
 -0.3088510586006901    
 -0.3100722966403051    
 -0.3112815634109847    
 -0.3124787715129043    
 -0.3136638338300601    
 -0.3148366635449671    
 -0.3159971741536594    
 -0.3171452794809877    
 -0.3182808936962240    
 -0.3194039313289729    
 -0.3205143072853965    
 -0.3216119368647479    
 -0.3226967357762200    
 -0.3237686201561089    
 -0.3248275065852979    
 -0.3258733121070547    
 -0.3269059542451493    
 -0.3279253510222857    
 -0.3289314209788605    
 -0.3299240831920294    
 -0.3309032572950921    
 -0.3318688634971907    
 -0.3328208226033238    
 -0.3337590560346646    
 -0.3346834858491858    
 -0.3355940347625861    
 -0.3364906261695197    
 -0.3373731841651101    
 -0.3382416335667566    
 -0.3390958999362180    
 -0.3399359096019752    
 -0.3407615896818577    
 -0.3415728681059287    
 -0.3423696736396182    
 -0.3431519359071040    
 -0.3439195854149149    
 -0.3446725535757578    
 -0.3454107727325506    
 -0.3461341761826535    
 -0.3468426982022823    
 -0.3475362740710878    
 -0.3482148400968907    
 -0.3488783336405601    
 -0.3495266931410084    
 -0.3501598581402960    
 -0.3507777693088232    
 -0.3513803684705934    
 -0.3519675986285287    
 -0.3525394039898126    
 -0.3530957299912453    
 -0.3536365233245919    
 -0.3541617319618950    
 -0.3546713051807295    
 -0.3551651935893818    
 -0.3556433491519262    
 -0.3561057252131751    
 -0.3565522765234701    
 -0.3569829592632994    
 -0.3573977310677103    
 -0.3577965510504868    
 -0.3581793798280657    
 -0.3585461795431679    
 -0.3588969138881125    
 -0.3592315481277846    
 -0.3595500491222268    
 -0.3598523853488294    
 -0.3601385269240853    
 -0.3604084456248839    
 -0.3606621149093037    
 -0.3608995099368875    
 -0.3611206075883611    
 -0.3613253864847688    
 -0.3615138270059881    
 -0.3616859113086066    
 -0.3618416233431205    
 -0.3619809488704303    
 -0.3621038754776013    
 -0.3622103925928610    
 -0.3623004914998098    
 -0.3623741653508104    
 -0.3624314091795284    
 -0.3624722199126049    
 -0.3624965963804301    
 -0.3625045393269923    
 -0.3624960514187772    
 -0.3624711372526987    
 -0.3624298033630391    
 -0.3623720582273702    
 -0.3622979122714404    
 -0.3622073778730100    
 -0.3621004693646176    
 -0.3619772030352558    
 -0.3618375971309440    
 -0.3616816718541860    
 -0.3615094493623032    
 -0.3613209537646258    
 -0.3611162111185346    
 -0.3608952494243500    
 -0.3606580986190611    
 -0.3604047905688883    
 -0.3601353590606762    
 -0.3598498397921203    
 -0.3595482703608255    
 -0.3592306902522020    
 -0.3588971408261943    
 -0.3585476653028614    
 -0.3581823087468099    
 -0.3578011180504897    
 -0.3574041419163623    
 -0.3569914308379603    
 -0.3565630370798467    
 -0.3561190146565003    
 -0.3556594193101259    
 -0.3551843084874359    
 -0.3546937413154019    
 -0.3541877785760137    
 -0.3536664826800604    
 -0.3531299176399684    
 -0.3525781490417170    
 -0.3520112440158663    
 -0.3514292712077185    
 -0.3508323007466560    
 -0.3502204042146790    
 -0.3495936546141833    
 -0.3489521263350035    
 -0.3482958951207693    
 -0.3476250380346024    
 -0.3469396334241985    
 -0.3462397608863188    
 -0.3455255012307497    
 -0.3447969364437540    
 -0.3440541496510603    
 -0.3432972250804269    
 -0.3425262480238251    
 -0.3417413047992797    
 -0.3409424827124103    
 -0.3401298700177052    
 -0.3393035558795834    
 -0.3384636303332731    
 -0.3376101842455542    
 -0.3367433092753995    
 -0.3358630978345603    
 -0.3349696430481322    
 -0.3340630387151464    
 -0.3331433792692065    
 -0.3322107597392394    
 -0.3312652757103676    
 -0.3303070232849603    
 -0.3293360990438845    
 -0.3283526000080028    
 -0.3273566235999432    
 -0.3263482676061828    
 -0.3253276301394620    
 -0.3242948096015819    
 -0.3232499046465955    
 -0.3221930141444362    
 -0.3211242371449965    
 -0.3200436728426987    
 -0.3189514205415740    
 -0.3178475796208797    
 -0.3167322495012657    
 -0.3156055296115320    
 -0.3144675193559787    
 -0.3133183180823826    
 -0.3121580250506051    
 -0.3109867394018615    
 -0.3098045601286574    
 -0.3086115860454155    
 -0.3074079157597929    
 -0.3061936476447177    
 -0.3049688798111425    
 -0.3037337100815343    
 -0.3024882359640955    
 -0.3012325546277435    
 -0.2999667628778344    
 -0.2986909571326585    
 -0.2974052334006787    
 -0.2961096872585585    
 -0.2948044138299405    
 -0.2934895077650064    
 -0.2921650632207986    
 -0.2908311738423168    
 -0.2894879327443771    
 -0.2881354324942436    
 -0.2867737650950104    
 -0.2854030219697530    
 -0.2840232939464238    
 -0.2826346712435031    
 -0.2812372434563808    
 -0.2798310995444817    
 -0.2784163278191127    
 -0.2769930159320322    
 -0.2755612508647225    
 -0.2741211189183728    
 -0.2726727057045448    
 -0.2712160961365278    
 -0.2697513744213551    
 -0.2682786240524908    
 -0.2667979278031560    
 -0.2653093677203028    
 -0.2638130251191999    
 -0.2623089805786472    
 -0.2607973139367792    
 -0.2592781042874670    
 -0.2577514299772873    
 -0.2562173686030615    
 -0.2546759970099424    
 -0.2531273912900431    
 -0.2515716267815782    
 -0.2500087780685312    
 -0.2484389189808074    
 -0.2468621225948817    
 -0.2452784612349082    
 -0.2436880064742959    
 -0.2420908291377240    
 -0.2404869993035954    
 -0.2388765863068993    
 -0.2372596587424911    
 -0.2356362844687550    
 -0.2340065306116568    
 -0.2323704635691557    
 -0.2307281490159752    
 -0.2290796519087167    
 -0.2274250364913064    
 -0.2257643663007514    
 -0.2240977041732137    
 -0.2224251122503711    
 -0.2207466519860665    
 -0.2190623841532244    
 -0.2173723688510325    
 -0.2156766655123690    
 -0.2139753329114764    
 -0.2122684291718526    
 -0.2105560117743699    
 -0.2088381375655962    
 -0.2071148627663206    
 -0.2053862429802587    
 -0.2036523332029436    
 -0.2019131878307823    
 -0.2001688606702849    
 -0.1984194049474142    
 -0.1966648733171243    
 -0.1949053178729906    
 -0.1931407901569935    
 -0.1913713411694090    
 -0.1895970213788152    
 -0.1878178807321951    
 -0.1860339686651447    
 -0.1842453341121597    
 -0.1824520255170128    
 -0.1806540908431967    
 -0.1788515775844453    
 -0.1770445327753074    
 -0.1752330030017832    
 -0.1734170344120047    
 -0.1715966727269680    
 -0.1697719632512911    
 -0.1679429508840196    
 -0.1661096801294464    
 -0.1642721951079635    
 -0.1624305395669245    
 -0.1605847568915249    
 -0.1587348901156846    
 -0.1568809819329420    
 -0.1550230747073362    
 -0.1531612104842954    
 -0.1512954310015071    
 -0.1494257776997827    
 -0.1475522917338972    
 -0.1456750139834171    
 -0.1437939850634955    
 -0.1419092453356507    
 -0.1400208349184996    
 -0.1381287936984727    
 -0.1362331613404781    
 -0.1343339772985371    
 -0.1324312808263703    
 -0.1305251109879406    
 -0.1286155066679458    
 -0.1267025065822662    
 -0.1247861492883511    
 -0.1228664731955569    
 -0.1209435165754225    
 -0.1190173175718885    
 -0.1170879142114509    
 -0.1151553444132543    
 -0.1132196459991133    
 -0.1112808567034758    
 -0.1093390141833031    
 -0.1073941560278922    
 -0.1054463197686117    
 -0.1034955428885747    
 -0.1015418628322262    
 -0.9958531701485768E-01
 -0.9762594283203829E-01
 -0.9566377766897038E-01
 -0.9369885890975538E-01
 -0.9173122394658373E-01
 -0.8976091018883237E-01
 -0.8778795507208326E-01
 -0.8581239606704877E-01
 -0.8383427068841209E-01
 -0.8185361650357370E-01
 -0.7987047114131712E-01
 -0.7788487230036578E-01
 -0.7589685775786759E-01
 -0.7390646537776618E-01
 -0.7191373311909222E-01
 -0.6991869904415160E-01
 -0.6792140132661983E-01
 -0.6592187825953649E-01
 -0.6392016826320579E-01
 -0.6191630989299335E-01
 -0.5991034184702770E-01
 -0.5790230297379656E-01
 -0.5589223227964757E-01
 -0.5388016893618092E-01
 -0.5186615228754632E-01
 -0.4985022185762839E-01
 -0.4783241735713828E-01
 -0.4581277869059019E-01
 -0.4379134596318290E-01
 -0.4176815948756613E-01
 -0.3974325979050986E-01
 -0.3771668761945923E-01
 -0.3568848394898949E-01
 -0.3365868998714472E-01
 -0.3162734718167926E-01
 -0.2959449722617924E-01
 -0.2756018206608463E-01
 -0.2552444390459452E-01
 -0.2348732520846952E-01
 -0.2144886871371776E-01
 -0.1940911743117585E-01
 -0.1736811465197241E-01
 -0.1532590395289168E-01
 -0.1328252920161099E-01
 -0.1123803456184214E-01
 -0.9192464498344988E-02
 -0.7145863781844453E-02
 -0.5098277493823522E-02
 -0.3049751031212189E-02
 -0.1000330110955294E-02
  0.1049939225522767E-02
  0.3101010607974963E-02
  0.5152837333094240E-02
  0.7205372360396645E-02
  0.9258568308208481E-02
  0.1131237744977565E-01
  0.1336675170947865E-01
  0.1542164265916673E-01
  0.1747700151459813E-01
  0.1953277913200169E-01
  0.2158892600474260E-01
  0.2364539226010920E-01
  0.2570212765620594E-01
  0.2775908157896051E-01
  0.2981620303924526E-01
  0.3187344067010955E-01
  0.3393074272412067E-01
  0.3598805707082336E-01
  0.3804533119430165E-01
  0.4010251219086003E-01
  0.4215954676680900E-01
  0.4421638123636429E-01
  0.4627296151965371E-01
  0.4832923314083715E-01
  0.5038514122632587E-01
  0.5244063050312725E-01
  0.5449564529727535E-01
  0.5655012953239225E-01
  0.5860402672833764E-01
  0.6065727999997378E-01
  0.6270983205603287E-01
  0.6476162519809359E-01
  0.6681260131965588E-01
  0.6886270190532495E-01
  0.7091186803009419E-01
  0.7296004035873432E-01
  0.7500715914527967E-01
  0.7705316423261882E-01
  0.7909799505218174E-01
  0.8114159062373177E-01
  0.8318388955524658E-01
  0.8522483004290793E-01
  0.8726434987117543E-01
  0.8930238641296939E-01
  0.9133887662993545E-01
  0.9337375707281254E-01
  0.9540696388188641E-01
  0.9743843278754238E-01
  0.9946809911090027E-01
  0.1014958977645477    
  0.1035217632533532    
  0.1055456296753769    
  0.1075674307228571    
  0.1095870996832922    
  0.1116045694405990    
  0.1136197724763618    
  0.1156326408711541    
  0.1176431063059539    
  0.1196511000636244    
  0.1216565530304897    
  0.1236593956979744    
  0.1256595581643267    
  0.1276569701364148    
  0.1296515609316011    
  0.1316432594796841    
  0.1336319943249178    
  0.1356176936280968    
  0.1376002851687182    
  0.1395796963472052    
  0.1415558541872035    
  0.1435286853379401    
  0.1454981160766539    
  0.1474640723110831    
  0.1494264795820241    
  0.1513852630659437    
  0.1533403475776651    
  0.1552916575731014    
  0.1572391171520586    
  0.1591826500610920    
  0.1611221796964229    
  0.1630576291069115    
  0.1649889209970866    
  0.1669159777302286    
  0.1688387213315119    
  0.1707570734911958    
  0.1726709555678727    
  0.1745802885917667    
  0.1764849932680874    
  0.1783849899804291    
  0.1802801987942321    
  0.1821705394602791    
  0.1840559314182608    
  0.1859362938003757    
  0.1878115454349873    
  0.1896816048503291    
  0.1915463902782610    
  0.1934058196580732    
  0.1952598106403405    
  0.1971082805908231    
  0.1989511465944258    
  0.2007883254591959    
  0.2026197337203806    
  0.2044452876445269    
  0.2062649032336428    
  0.2080784962293989    
  0.2098859821173920    
  0.2116872761314523    
  0.2134822932580151    
  0.2152709482405378    
  0.2170531555839776    
  0.2188288295593219    
  0.2205978842081838    
  0.2223602333474474    
  0.2241157905739812    
  0.2258644692694070    
  0.2276061826049406    
  0.2293408435462880    
  0.2310683648586156    
  0.2327886591115843    
  0.2345016386844603    
  0.2362072157712902    
  0.2379053023861604    
  0.2395958103685223    
  0.2412786513886132    
  0.2429537369529422    
  0.2446209784098712    
  0.2462802869552788    
  0.2479315736383197    
  0.2495747493672698    
  0.2512097249154737    
  0.2528364109273858    
  0.2544547179247221    
  0.2560645563127089    
  0.2576658363864470    
  0.2592584683373849    
  0.2608423622599136    
  0.2624174281580758    
  0.2639835759524041    
  0.2655407154868819    
  0.2670887565360458    
  0.2686276088122148    
  0.2701571819728645    
  0.2716773856281465    
  0.2731881293485570    
  0.2746893226727586    
  0.2761808751155608    
  0.2776626961760620    
  0.2791346953459647    
  0.2805967821180568    
  0.2820488659948746    
  0.2834908564975454    
  0.2849226631748207    
  0.2863441956122974    
  0.2877553634418419    
  0.2891560763512078    
  0.2905462440938731    
  0.2919257764990804    
  0.2932945834820957    
  0.2946525750546929    
  0.2959996613358667    
  0.2973357525627751    
  0.2986607591019204    
  0.2999745914605727    
  0.3012771602984468    
  0.3025683764396234    
  0.3038481508847318    
  0.3051163948233941    
  0.3063730196469392    
  0.3076179369613836    
  0.3088510586006901    
  0.3100722966403051    
  0.3112815634109847    
  0.3124787715129043    
  0.3136638338300601    
  0.3148366635449671    
  0.3159971741536594    
  0.3171452794809877    
  0.3182808936962240    
  0.3194039313289729    
  0.3205143072853965    
  0.3216119368647479    
  0.3226967357762200    
  0.3237686201561089    
  0.3248275065852979    
  0.3258733121070547    
  0.3269059542451493    
  0.3279253510222857    
  0.3289314209788605    
  0.3299240831920294    
  0.3309032572950921    
  0.3318688634971907    
  0.3328208226033238    
  0.3337590560346646    
  0.3346834858491858    
  0.3355940347625861    
  0.3364906261695197    
  0.3373731841651101    
  0.3382416335667566    
  0.3390958999362180    
  0.3399359096019752    
  0.3407615896818577    
  0.3415728681059287    
  0.3423696736396182    
  0.3431519359071040    
  0.3439195854149149    
  0.3446725535757578    
  0.3454107727325506    
  0.3461341761826535    
  0.3468426982022823    
  0.3475362740710878    
  0.3482148400968907    
  0.3488783336405601    
  0.3495266931410084    
  0.3501598581402960    
  0.3507777693088232    
  0.3513803684705934    
  0.3519675986285287    
  0.3525394039898126    
  0.3530957299912453    
  0.3536365233245919    
  0.3541617319618950    
  0.3546713051807295    
  0.3551651935893818    
  0.3556433491519262    
  0.3561057252131751    
  0.3565522765234701    
  0.3569829592632994    
  0.3573977310677103    
  0.3577965510504868    
  0.3581793798280657    
  0.3585461795431679    
  0.3588969138881125    
  0.3592315481277846    
  0.3595500491222268    
  0.3598523853488294    
  0.3601385269240853    
  0.3604084456248839    
  0.3606621149093037    
  0.3608995099368875    
  0.3611206075883611    
  0.3613253864847688    
  0.3615138270059881    
  0.3616859113086066    
  0.3618416233431205    
  0.3619809488704303    
  0.3621038754776013    
  0.3622103925928610    
  0.3623004914998098    
  0.3623741653508104    
  0.3624314091795284    
  0.3624722199126049    
  0.3624965963804301    
  0.3625045393269923    
  0.3624960514187772    
  0.3624711372526987    
  0.3624298033630391    
  0.3623720582273702    
  0.3622979122714404    
  0.3622073778730100    
  0.3621004693646176    
  0.3619772030352558    
  0.3618375971309440    
  0.3616816718541860    
  0.3615094493623032    
  0.3613209537646258    
  0.3611162111185346    
  0.3608952494243500    
  0.3606580986190611    
  0.3604047905688883    
  0.3601353590606762    
  0.3598498397921203    
  0.3595482703608255    
  0.3592306902522020    
  0.3588971408261943    
  0.3585476653028614    
  0.3581823087468099    
  0.3578011180504897    
  0.3574041419163623    
  0.3569914308379603    
  0.3565630370798467    
  0.3561190146565003    
  0.3556594193101259    
  0.3551843084874359    
  0.3546937413154019    
  0.3541877785760137    
  0.3536664826800604    
  0.3531299176399684    
  0.3525781490417170    
  0.3520112440158663    
  0.3514292712077185    
  0.3508323007466560    
  0.3502204042146790    
  0.3495936546141833    
  0.3489521263350035    
  0.3482958951207693    
  0.3476250380346024    
  0.3469396334241985    
  0.3462397608863188    
  0.3455255012307497    
  0.3447969364437540    
  0.3440541496510603    
  0.3432972250804269    
  0.3425262480238251    
  0.3417413047992797    
  0.3409424827124103    
  0.3401298700177052    
  0.3393035558795834    
  0.3384636303332731    
  0.3376101842455542    
  0.3367433092753995    
  0.3358630978345603    
  0.3349696430481322    
  0.3340630387151464    
  0.3331433792692065    
  0.3322107597392394    
  0.3312652757103676    
  0.3303070232849603    
  0.3293360990438845    
  0.3283526000080028    
  0.3273566235999432    
  0.3263482676061828    
  0.3253276301394620    
  0.3242948096015819    
  0.3232499046465955    
  0.3221930141444362    
  0.3211242371449965    
  0.3200436728426987    
  0.3189514205415740    
  0.3178475796208797    
  0.3167322495012657    
  0.3156055296115320    
  0.3144675193559787    
  0.3133183180823826    
  0.3121580250506051    
  0.3109867394018615    
  0.3098045601286574    
  0.3086115860454155    
  0.3074079157597929    
  0.3061936476447177    
  0.3049688798111425    
  0.3037337100815343    
  0.3024882359640955    
  0.3012325546277435    
  0.2999667628778344    
  0.2986909571326585    
  0.2974052334006787    
  0.2961096872585585    
  0.2948044138299405    
  0.2934895077650064    
  0.2921650632207986    
  0.2908311738423168    
  0.2894879327443771    
  0.2881354324942436    
  0.2867737650950104    
  0.2854030219697530    
  0.2840232939464238    
  0.2826346712435031    
  0.2812372434563808    
  0.2798310995444817    
  0.2784163278191127    
  0.2769930159320322    
  0.2755612508647225    
  0.2741211189183728    
  0.2726727057045448    
  0.2712160961365278    
  0.2697513744213551    
  0.2682786240524908    
  0.2667979278031560    
  0.2653093677203028    
  0.2638130251191999    
  0.2623089805786472    
  0.2607973139367792    
  0.2592781042874670    
  0.2577514299772873    
  0.2562173686030615    
  0.2546759970099424    
  0.2531273912900431    
  0.2515716267815782    
  0.2500087780685312    
  0.2484389189808074    
  0.2468621225948817    
  0.2452784612349082    
  0.2436880064742959    
  0.2420908291377240    
  0.2404869993035954    
  0.2388765863068993    
  0.2372596587424911    
  0.2356362844687550    
  0.2340065306116568    
  0.2323704635691557    
  0.2307281490159752    
  0.2290796519087167    
  0.2274250364913064    
  0.2257643663007514    
  0.2240977041732137    
  0.2224251122503711    
  0.2207466519860665    
  0.2190623841532244    
  0.2173723688510325    
  0.2156766655123690    
  0.2139753329114764    
  0.2122684291718526    
  0.2105560117743699    
  0.2088381375655962    
  0.2071148627663206    
  0.2053862429802587    
  0.2036523332029436    
  0.2019131878307823    
