  0.2673920214974360    
  0.2685242706329361    
  0.2696650511894333    
  0.2708144381794082    
  0.2719725080765144    
  0.2731393388428970    
  0.2743150099572182    
  0.2754996024434076    
  0.2766931989001802    
  0.2778958835313294    
  0.2791077421768035    
  0.2803288623445845    
  0.2815593332434151    
  0.2827992458163810    
  0.2840486927753567    
  0.2853077686363321    
  0.2865765697556634    
  0.2878551943672527    
  0.2891437426206653    
  0.2904423166202021    
  0.2917510204649725    
  0.2930699602899857    
  0.2943992443082586    
  0.2957389828539693    
  0.2970892884267002    
  0.2984502757367883    
  0.2998220617517926    
  0.3012047657440899    
  0.3025985093396433    
  0.3040034165679413    
  0.3054196139131171    
  0.3068472303662684    
  0.3082863974790264    
  0.3097372494183787    
  0.3111999230227489    
  0.3126745578593387    
  0.3141612962827702    
  0.3156602834950140    
  0.3171716676065913    
  0.3186955996990614    
  0.3202322338888327    
  0.3217817273923038    
  0.3233442405923180    
  0.3249199371059155    
  0.3265089838533760    
  0.3281115511284942    
  0.3297278126700245    
  0.3313579457342796    
  0.3330021311688922    
  0.3346605534877093    
  0.3363334009467528    
  0.3380208656211614    
  0.3397231434830335    
  0.3414404344800325    
  0.3431729426146150    
  0.3449208760237856    
  0.3466844470593039    
  0.3484638723681796    
  0.3502593729732362    
  0.3520711743534804    
  0.3538995065240398    
  0.3557446041153802    
  0.3576067064515149    
  0.3594860576269231    
  0.3613829065818587    
  0.3632975071755778    
  0.3652301182569199    
  0.3671810037316405    
  0.3691504326259472    
  0.3711386791456015    
  0.3731460227298661    
  0.3751727480994701    
  0.3772191452976686    
  0.3792855097233237    
  0.3813721421548451    
  0.3834793487637490    
  0.3856074411164830    
  0.3877567361629141    
  0.3899275562096712    
  0.3921202288763819    
  0.3943350870327015    
  0.3965724687137731    
  0.3988327170114806    
  0.4011161799385827    
  0.4034232102625199    
  0.4057541653052757    
  0.4081094067052707    
  0.4104893001368763    
  0.4128942149826802    
  0.4153245239530418    
  0.4177806026469042    
  0.4202628290472566    
  0.4227715829439950    
  0.4253072452760305    
  0.4278701973835588    
  0.4304608201604613    
  0.4330794930958113    
  0.4357265931922591    
  0.4384024937477683    
  0.4411075629857810    
  0.4438421625173783    
  0.4466066456171897    
  0.4494013552928833    
  0.4522266221259886    
  0.4550827618595090    
  0.4579700727051842    
  0.4608888323405723    
  0.4638392945632843    
  0.4668216855665174    
  0.4698361997963079    
  0.4728829953469602    
  0.4759621888470387    
  0.4790738497840139    
  0.4822179942108779    
  0.4853945777730064    
  0.4886034879883718    
  0.4918445357087858    
  0.4951174456839601    
  0.4984218461441695    
  0.5017572573115410    
  0.5051230787445450    
  0.5085185754149548    
  0.5119428624116403    
  0.5153948881614787    
  0.5188734160549062    
  0.5223770043625100    
  0.5259039843303376    
  0.5294524363458706    
  0.5330201640744685    
  0.5366046664784330    
  0.5402031076494072    
  0.5438122844111949    
  0.5474285916853279    
  0.5510479856569541    
  0.5546659448363385    
  0.5582774291844479    
  0.5618768375619281    
  0.5654579638705807    
  0.5690139523871897    
  0.5725372529439172    
  0.5760195767893781    
  0.5794518541698382    
  0.5828241948993560    
  0.5861258534387437    
  0.5893452002715208    
  0.5924697016424842    
  0.5954859099989676    
  0.5983794677300376    
  0.6011351270139965    
  0.6037367887338431    
  0.6061675634731624    
  0.6084098575267489    
  0.6104454866140343    
  0.6122558195326038    
  0.6138219533021900    
  0.6151249204047764    
  0.6161459275168246    
  0.6168666236685353    
  0.6172693940929574    
  0.6173376742166283    
  0.6170562763971940    
  0.6164117202647015    
  0.6153925560262403    
  0.6139896690124232    
  0.6121965532345102    
  0.6100095419088788    
  0.6074279838674921    
  0.6044543565200804    
  0.6010943085011944    
  0.5973566281802907    
  0.5932531376243366    
  0.5887985151222574    
  0.5840100527340530    
  0.5789073582541170    
  0.5735120132610203    
  0.5678472004147562    
  0.5619373137891538    
  0.5558075658089885    
  0.5494836033900908    
  0.5429911443040724    
  0.5363556427875535    
  0.5296019911810893    
  0.5227542620989991    
  0.5158354934558425    
  0.5088675167274718    
  0.5018708271817205    
  0.4948644935154600    
  0.4878661033898855    
  0.4808917407473117    
  0.4739559904823799    
  0.4670719659774465    
  0.4602513551422555    
  0.4535044808714498    
  0.4468403722048161    
  0.4402668429038367    
  0.4337905746098224    
  0.4274172021968808    
  0.4211513993591105    
  0.4149969628640311    
  0.4089568942567703    
  0.4030334781084689    
  0.3972283561668867    
  0.3915425969884162    
  0.3859767608118689    
  0.3805309595798359    
  0.3752049121279171    
  0.3699979946498787    
  0.3649092866117906    
  0.3599376123340681    
  0.3550815784906468    
  0.3503396077922361    
  0.3457099691285475    
  0.3411908044448133    
  0.3367801526228448    
  0.3324759706276617    
  0.3282761521686247    
  0.3241785441099143    
  0.3201809608500585    
  0.3162811968744693    
  0.3124770376691557    
  0.3087662691682661    
  0.3051466858932118    
  0.3016160979269256    
  0.2981723368534323    
  0.2948132607804010    
  0.2915367585508107    
  0.2883407532391313    
  0.2852232050175922    
  0.2821821134690834    
  0.2792155194151105    
  0.2763215063198254    
  0.2734982013244603    
  0.2707437759604353    
  0.2680564465840372    
  0.2654344745706860    
  0.2628761663024384    
  0.2603798729784373    
  0.2579439902745601    
  0.2555669578754071    
  0.2532472588989908    
  0.2509834192319854    
  0.2487740067912481    
  0.2466176307253558    
  0.2445129405681782    
  0.2424586253549318    
  0.2404534127098345    
  0.2384960679132861    
  0.2365853929554308    
  0.2347202255819906    
  0.2328994383374692    
  0.2311219376100949    
  0.2293866626822321    
  0.2276925847893967    
  0.2260387061905312    
  0.2244240592517701    
  0.2228477055455388    
  0.2213087349664620    
  0.2198062648653024    
  0.2183394392018704    
  0.2169074277176678    
  0.2155094251287801    
  0.2141446503393956    
  0.2128123456761905    
  0.2115117761436952    
  0.2102422287006331    
  0.2090030115571467    
  0.2077934534927471    
  0.2066129031947679    
  0.2054607286170267    
  0.2043363163583730    
  0.2032390710607507    
  0.2021684148263909    
  0.2011237866537046    
  0.2001046418914420    
  0.1991104517106586    
  0.1981407025940377    
  0.1971948958420874    
  0.1962725470957488    
  0.1953731858749379    
  0.1944963551325563    
  0.1936416108234941    
  0.1928085214881729    
  0.1919966678501721    
  0.1912056424274914    
  0.1904350491570060    
  0.1896845030316837    
  0.1889536297501454    
  0.1882420653781633    
  0.1875494560216810    
  0.1868754575109743    
  0.1862197350955654    
  0.1855819631495342    
  0.1849618248868568    
  0.1843590120864289    
  0.1837732248264366    
  0.1832041712277571    
  0.1826515672060682    
  0.1821151362323636    
  0.1815946091015783    
  0.1810897237090465    
  0.1806002248345127    
  0.1801258639334338    
  0.1796663989353089    
  0.1792215940488016    
  0.1787912195734063    
  0.1783750517174361    
  0.1779728724221035    
  0.1775844691914910    
  0.1772096349281981    
  0.1768481677744744    
  0.1764998709586408    
  0.1761645526466242    
  0.1758420257984229    
  0.1755321080293345    
  0.1752346214757784    
  0.1749493926655590    
  0.1746762523924175    
  0.1744150355947231    
  0.1741655812381591    
  0.1739277322022703    
  0.1737013351707409    
  0.1734862405252795    
  0.1732823022429790    
  0.1730893777970414    
  0.1729073280607540    
  0.1727360172146118    
  0.1725753126564720    
  0.1724250849146433    
  0.1722852075638109    
  0.1721555571437088    
  0.1720360130804393    
  0.1719264576103573    
  0.1718267757064331    
  0.1717368550070143    
  0.1716565857469007    
  0.1715858606906589    
  0.1715245750681074    
  0.1714726265119020    
  0.1714299149971427    
  0.1713963427829405    
  0.1713718143558816    
  0.1713562363753339    
  0.1713495176205243    
  0.1713515689393312    
  0.1713623031987379    
  0.1713816352368994    
  0.1714094818167630    
  0.1714457615811907    
  0.1714903950095374    
  0.1715433043756427    
  0.1716044137071847    
  0.1716736487463510    
  0.1717509369117829    
  0.1718362072617607    
  0.1719293904585816    
  0.1720304187340886    
  0.1721392258563191    
  0.1722557470972361    
  0.1723799192015103    
  0.1725116803563095    
  0.1726509701620697    
  0.1727977296042131    
  0.1729519010257875    
  0.1731134281009891    
  0.1732822558095472    
  0.1734583304119416    
  0.1736415994254248    
  0.1738320116008195    
  0.1740295169000698    
  0.1742340664745234    
  0.1744456126439176    
  0.1746641088760465    
  0.1748895097670872    
  0.1751217710225668    
  0.1753608494389476    
  0.1756067028858135    
  0.1758592902886339    
  0.1761185716120883    
  0.1763845078439341    
  0.1766570609794004    
  0.1769361940060948    
  0.1772218708894037    
  0.1775140565583679    
  0.1778127168920215    
  0.1781178187061808    
  0.1784293297406691    
  0.1787472186469594    
  0.1790714549762238    
  0.1794020091677854    
  0.1797388525379540    
  0.1800819572692314    
  0.1804312963998776    
  0.1807868438138309    
  0.1811485742309723    
  0.1815164631977176    
  0.1818904870779333    
  0.1822706230441679    
  0.1826568490691915    
  0.1830491439178253    
  0.1834474871390604    
  0.1838518590584640    
  0.1842622407708618    
  0.1846786141332816    
  0.1851009617581570    
  0.1855292670067904    
  0.1859635139830708    
  0.1864036875274269    
  0.1868497732110160    
  0.1873017573301505    
  0.1877596269009575    
  0.1882233696542592    
  0.1886929740306632    
  0.1891684291758784    
  0.1896497249362452    
  0.1901368518544720    
  0.1906298011655720    
  0.1911285647930049    
  0.1916331353450221    
  0.1921435061112085    
  0.1926596710592093    
  0.1931816248316559    
  0.1937093627432783    
  0.1942428807782072    
  0.1947821755874554    
  0.1953272444865892    
  0.1958780854535812    
  0.1964346971268430    
  0.1969970788034330    
  0.1975652304374522    
  0.1981391526386197    
  0.1987188466710240    
  0.1993043144520460    
  0.1998955585514649    
  0.2004925821907423    
  0.2010953892424790    
  0.2017039842300451    
  0.2023183723273906    
  0.2029385593590365    
  0.2035645518002401    
  0.2041963567773390    
  0.2048339820682780    
  0.2054774361033165    
  0.2061267279659131    
  0.2067818673937876    
  0.2074428647801767    
  0.2081097311752711    
  0.2087824782878329    
  0.2094611184869921    
  0.2101456648042406    
  0.2108361309356191    
  0.2115325312440925    
  0.2122348807621142    
  0.2129431951943960    
  0.2136574909208834    
  0.2143777849999273    
  0.2151040951716556    
  0.2158364398615580    
  0.2165748381842774    
  0.2173193099476076    
  0.2180698756566966    
  0.2188265565184751    
  0.2195893744463049    
  0.2203583520648430    
  0.2211335127151279    
  0.2219148804599111    
  0.2227024800892300    
  0.2234963371262135    
  0.2242964778331244    
  0.2251029292176600    
  0.2259157190395119    
  0.2267348758171676    
  0.2275604288349614    
  0.2283924081503921    
  0.2292308446017133    
  0.2300757698157918    
  0.2309272162162326    
  0.2317852170317962    
  0.2326498063051145    
  0.2335210189017012    
  0.2343988905192614    
  0.2352834576973151    
  0.2361747578271395    
  0.2370728291620283    
  0.2379777108278660    
  0.2388894428340405    
  0.2398080660846950    
  0.2407336223903209    
  0.2416661544796985    
  0.2426057060122093    
  0.2435523215905200    
  0.2445060467736409    
  0.2454669280903649    
  0.2464350130531138    
  0.2474103501721912    
  0.2483929889704413    
  0.2493829799983200    
  0.2503803748494021    
  0.2513852261763328    
  0.2523975877072232    
  0.2534175142625003    
  0.2544450617722405    
  0.2554802872939935    
  0.2565232490310975    
  0.2575740063514998    
  0.2586326198070997    
  0.2596991511536209    
  0.2607736633710201    
  0.2618562206844418    
  0.2629468885857518    
  0.2640457338556504    
  0.2651528245863746    
  0.2662682302050086    
  0.2673920214974360    
  0.2685242706329361    
  0.2696650511894333    
  0.2708144381794082    
  0.2719725080765144    
  0.2731393388428970    
  0.2743150099572182    
  0.2754996024434076    
  0.2766931989001802    
  0.2778958835313294    
  0.2791077421768035    
  0.2803288623445845    
  0.2815593332434151    
  0.2827992458163810    
  0.2840486927753567    
  0.2853077686363321    
  0.2865765697556634    
  0.2878551943672527    
  0.2891437426206653    
  0.2904423166202021    
  0.2917510204649725    
  0.2930699602899857    
  0.2943992443082586    
  0.2957389828539693    
  0.2970892884267002    
  0.2984502757367883    
  0.2998220617517926    
  0.3012047657440899    
  0.3025985093396433    
  0.3040034165679413    
  0.3054196139131171    
  0.3068472303662684    
  0.3082863974790264    
  0.3097372494183787    
  0.3111999230227489    
  0.3126745578593387    
  0.3141612962827702    
  0.3156602834950140    
  0.3171716676065913    
  0.3186955996990614    
  0.3202322338888327    
  0.3217817273923038    
  0.3233442405923180    
  0.3249199371059155    
  0.3265089838533760    
  0.3281115511284942    
  0.3297278126700245    
  0.3313579457342796    
  0.3330021311688922    
  0.3346605534877093    
  0.3363334009467528    
  0.3380208656211614    
  0.3397231434830335    
  0.3414404344800325    
  0.3431729426146150    
  0.3449208760237856    
  0.3466844470593039    
  0.3484638723681796    
  0.3502593729732362    
  0.3520711743534804    
  0.3538995065240398    
  0.3557446041153802    
  0.3576067064515149    
  0.3594860576269231    
  0.3613829065818587    
  0.3632975071755778    
  0.3652301182569199    
  0.3671810037316405    
  0.3691504326259472    
  0.3711386791456015    
  0.3731460227298661    
  0.3751727480994701    
  0.3772191452976686    
  0.3792855097233237    
  0.3813721421548451    
  0.3834793487637490    
  0.3856074411164830    
  0.3877567361629141    
  0.3899275562096712    
  0.3921202288763819    
  0.3943350870327015    
  0.3965724687137731    
  0.3988327170114806    
  0.4011161799385827    
  0.4034232102625199    
  0.4057541653052757    
  0.4081094067052707    
  0.4104893001368763    
  0.4128942149826802    
  0.4153245239530418    
  0.4177806026469042    
  0.4202628290472566    
  0.4227715829439950    
  0.4253072452760305    
  0.4278701973835588    
  0.4304608201604613    
  0.4330794930958113    
  0.4357265931922591    
  0.4384024937477683    
  0.4411075629857810    
  0.4438421625173783    
  0.4466066456171897    
  0.4494013552928833    
  0.4522266221259886    
  0.4550827618595090    
  0.4579700727051842    
  0.4608888323405723    
  0.4638392945632843    
  0.4668216855665174    
  0.4698361997963079    
  0.4728829953469602    
  0.4759621888470387    
  0.4790738497840139    
  0.4822179942108779    
  0.4853945777730064    
  0.4886034879883718    
  0.4918445357087858    
  0.4951174456839601    
  0.4984218461441695    
  0.5017572573115410    
  0.5051230787445450    
  0.5085185754149548    
  0.5119428624116403    
  0.5153948881614787    
  0.5188734160549062    
  0.5223770043625100    
  0.5259039843303376    
  0.5294524363458706    
  0.5330201640744685    
  0.5366046664784330    
  0.5402031076494072    
  0.5438122844111949    
  0.5474285916853279    
  0.5510479856569541    
  0.5546659448363385    
  0.5582774291844479    
  0.5618768375619281    
  0.5654579638705807    
  0.5690139523871897    
  0.5725372529439172    
  0.5760195767893781    
  0.5794518541698382    
  0.5828241948993560    
  0.5861258534387437    
  0.5893452002715208    
  0.5924697016424842    
  0.5954859099989676    
  0.5983794677300376    
  0.6011351270139965    
  0.6037367887338431    
  0.6061675634731624    
  0.6084098575267489    
  0.6104454866140343    
  0.6122558195326038    
  0.6138219533021900    
  0.6151249204047764    
  0.6161459275168246    
  0.6168666236685353    
  0.6172693940929574    
  0.6173376742166283    
  0.6170562763971940    
  0.6164117202647015    
  0.6153925560262403    
  0.6139896690124232    
  0.6121965532345102    
  0.6100095419088788    
  0.6074279838674921    
  0.6044543565200804    
  0.6010943085011944    
  0.5973566281802907    
  0.5932531376243366    
  0.5887985151222574    
  0.5840100527340530    
  0.5789073582541170    
  0.5735120132610203    
  0.5678472004147562    
  0.5619373137891538    
  0.5558075658089885    
  0.5494836033900908    
  0.5429911443040724    
  0.5363556427875535    
  0.5296019911810893    
  0.5227542620989991    
  0.5158354934558425    
  0.5088675167274718    
  0.5018708271817205    
  0.4948644935154600    
  0.4878661033898855    
  0.4808917407473117    
  0.4739559904823799    
  0.4670719659774465    
  0.4602513551422555    
  0.4535044808714498    
  0.4468403722048161    
  0.4402668429038367    
  0.4337905746098224    
  0.4274172021968808    
  0.4211513993591105    
  0.4149969628640311    
  0.4089568942567703    
  0.4030334781084689    
  0.3972283561668867    
  0.3915425969884162    
  0.3859767608118689    
  0.3805309595798359    
  0.3752049121279171    
  0.3699979946498787    
  0.3649092866117906    
  0.3599376123340681    
  0.3550815784906468    
  0.3503396077922361    
  0.3457099691285475    
  0.3411908044448133    
  0.3367801526228448    
  0.3324759706276617    
  0.3282761521686247    
  0.3241785441099143    
  0.3201809608500585    
  0.3162811968744693    
  0.3124770376691557    
  0.3087662691682661    
  0.3051466858932118    
  0.3016160979269256    
  0.2981723368534323    
  0.2948132607804010    
  0.2915367585508107    
  0.2883407532391313    
  0.2852232050175922    
  0.2821821134690834    
  0.2792155194151105    
  0.2763215063198254    
  0.2734982013244603    
  0.2707437759604353    
  0.2680564465840372    
  0.2654344745706860    
  0.2628761663024384    
  0.2603798729784373    
  0.2579439902745601    
  0.2555669578754071    
  0.2532472588989908    
  0.2509834192319854    
  0.2487740067912481    
  0.2466176307253558    
  0.2445129405681782    
  0.2424586253549318    
  0.2404534127098345    
  0.2384960679132861    
  0.2365853929554308    
  0.2347202255819906    
  0.2328994383374692    
  0.2311219376100949    
  0.2293866626822321    
  0.2276925847893967    
  0.2260387061905312    
  0.2244240592517701    
  0.2228477055455388    
  0.2213087349664620    
  0.2198062648653024    
  0.2183394392018704    
  0.2169074277176678    
  0.2155094251287801    
  0.2141446503393956    
  0.2128123456761905    
  0.2115117761436952    
  0.2102422287006331    
  0.2090030115571467    
  0.2077934534927471    
  0.2066129031947679    
  0.2054607286170267    
  0.2043363163583730    
  0.2032390710607507    
  0.2021684148263909    
  0.2011237866537046    
  0.2001046418914420    
  0.1991104517106586    
  0.1981407025940377    
  0.1971948958420874    
  0.1962725470957488    
  0.1953731858749379    
  0.1944963551325563    
  0.1936416108234941    
  0.1928085214881729    
  0.1919966678501721    
  0.1912056424274914    
  0.1904350491570060    
  0.1896845030316837    
  0.1889536297501454    
  0.1882420653781633    
  0.1875494560216810    
  0.1868754575109743    
  0.1862197350955654    
  0.1855819631495342    
  0.1849618248868568    
  0.1843590120864289    
  0.1837732248264366    
  0.1832041712277571    
  0.1826515672060682    
  0.1821151362323636    
  0.1815946091015783    
  0.1810897237090465    
  0.1806002248345127    
  0.1801258639334338    
  0.1796663989353089    
  0.1792215940488016    
  0.1787912195734063    
  0.1783750517174361    
  0.1779728724221035    
  0.1775844691914910    
  0.1772096349281981    
  0.1768481677744744    
  0.1764998709586408    
  0.1761645526466242    
  0.1758420257984229    
  0.1755321080293345    
  0.1752346214757784    
  0.1749493926655590    
  0.1746762523924175    
  0.1744150355947231    
  0.1741655812381591    
  0.1739277322022703    
  0.1737013351707409    
  0.1734862405252795    
  0.1732823022429790    
  0.1730893777970414    
  0.1729073280607540    
  0.1727360172146118    
  0.1725753126564720    
  0.1724250849146433    
  0.1722852075638109    
  0.1721555571437088    
  0.1720360130804393    
  0.1719264576103573    
  0.1718267757064331    
  0.1717368550070143    
  0.1716565857469007    
  0.1715858606906589    
  0.1715245750681074    
  0.1714726265119020    
  0.1714299149971427    
  0.1713963427829405    
  0.1713718143558816    
  0.1713562363753339    
  0.1713495176205243    
  0.1713515689393312    
  0.1713623031987379    
  0.1713816352368994    
  0.1714094818167630    
  0.1714457615811907    
  0.1714903950095374    
  0.1715433043756427    
  0.1716044137071847    
  0.1716736487463510    
  0.1717509369117829    
  0.1718362072617607    
  0.1719293904585816    
  0.1720304187340886    
  0.1721392258563191    
  0.1722557470972361    
  0.1723799192015103    
  0.1725116803563095    
  0.1726509701620697    
  0.1727977296042131    
  0.1729519010257875    
  0.1731134281009891    
  0.1732822558095472    
  0.1734583304119416    
  0.1736415994254248    
  0.1738320116008195    
  0.1740295169000698    
  0.1742340664745234    
  0.1744456126439176    
  0.1746641088760465    
  0.1748895097670872    
  0.1751217710225668    
  0.1753608494389476    
  0.1756067028858135    
  0.1758592902886339    
  0.1761185716120883    
  0.1763845078439341    
  0.1766570609794004    
  0.1769361940060948    
  0.1772218708894037    
  0.1775140565583679    
  0.1778127168920215    
  0.1781178187061808    
  0.1784293297406691    
  0.1787472186469594    
  0.1790714549762238    
  0.1794020091677854    
  0.1797388525379540    
  0.1800819572692314    
  0.1804312963998776    
  0.1807868438138309    
  0.1811485742309723    
  0.1815164631977176    
  0.1818904870779333    
  0.1822706230441679    
  0.1826568490691915    
  0.1830491439178253    
  0.1834474871390604    
  0.1838518590584640    
  0.1842622407708618    
  0.1846786141332816    
  0.1851009617581570    
  0.1855292670067904    
  0.1859635139830708    
  0.1864036875274269    
  0.1868497732110160    
  0.1873017573301505    
  0.1877596269009575    
  0.1882233696542592    
  0.1886929740306632    
  0.1891684291758784    
  0.1896497249362452    
  0.1901368518544720    
  0.1906298011655720    
  0.1911285647930049    
  0.1916331353450221    
  0.1921435061112085    
  0.1926596710592093    
  0.1931816248316559    
  0.1937093627432783    
  0.1942428807782072    
  0.1947821755874554    
  0.1953272444865892    
  0.1958780854535812    
  0.1964346971268430    
  0.1969970788034330    
  0.1975652304374522    
  0.1981391526386197    
  0.1987188466710240    
  0.1993043144520460    
  0.1998955585514649    
  0.2004925821907423    
  0.2010953892424790    
  0.2017039842300451    
  0.2023183723273906    
  0.2029385593590365    
  0.2035645518002401    
  0.2041963567773390    
  0.2048339820682780    
  0.2054774361033165    
  0.2061267279659131    
  0.2067818673937876    
  0.2074428647801767    
  0.2081097311752711    
  0.2087824782878329    
  0.2094611184869921    
  0.2101456648042406    
  0.2108361309356191    
  0.2115325312440925    
  0.2122348807621142    
  0.2129431951943960    
  0.2136574909208834    
  0.2143777849999273    
  0.2151040951716556    
  0.2158364398615580    
  0.2165748381842774    
  0.2173193099476076    
  0.2180698756566966    
  0.2188265565184751    
  0.2195893744463049    
  0.2203583520648430    
  0.2211335127151279    
  0.2219148804599111    
  0.2227024800892300    
  0.2234963371262135    
  0.2242964778331244    
  0.2251029292176600    
  0.2259157190395119    
  0.2267348758171676    
  0.2275604288349614    
  0.2283924081503921    
  0.2292308446017133    
  0.2300757698157918    
  0.2309272162162326    
  0.2317852170317962    
  0.2326498063051145    
  0.2335210189017012    
  0.2343988905192614    
  0.2352834576973151    
  0.2361747578271395    
  0.2370728291620283    
  0.2379777108278660    
  0.2388894428340405    
  0.2398080660846950    
  0.2407336223903209    
  0.2416661544796985    
  0.2426057060122093    
  0.2435523215905200    
  0.2445060467736409    
  0.2454669280903649    
  0.2464350130531138    
  0.2474103501721912    
  0.2483929889704413    
  0.2493829799983200    
  0.2503803748494021    
  0.2513852261763328    
  0.2523975877072232    
  0.2534175142625003    
  0.2544450617722405    
  0.2554802872939935    
  0.2565232490310975    
  0.2575740063514998    
  0.2586326198070997    
  0.2596991511536209    
  0.2607736633710201    
  0.2618562206844418    
  0.2629468885857518    
  0.2640457338556504    
  0.2651528245863746    
  0.2662682302050086    
