  0.2829462765892818    
  0.2841149280750855    
  0.2852924509423339    
  0.2864789267463938    
  0.2876744386538476    
  0.2888790714723050    
  0.2900929116809879    
  0.2913160474620856    
  0.2925485687329064    
  0.2937905671788378    
  0.2950421362871383    
  0.2963033713815536    
  0.2975743696577772    
  0.2988552302197747    
  0.3001460541170061    
  0.3014469443825583    
  0.3027580060722185    
  0.3040793463045181    
  0.3054110743017768    
  0.3067533014321405    
  0.3081061412526191    
  0.3094697095531279    
  0.3108441244015515    
  0.3122295061898384    
  0.3136259776811542    
  0.3150336640581234    
  0.3164526929722017    
  0.3178831945941902    
  0.3193253016658987    
  0.3207791495529557    
  0.3222448762987559    
  0.3237226226795260    
  0.3252125322605212    
  0.3267147514533881    
  0.3282294295747465    
  0.3297567189059922    
  0.3312967747543176    
  0.3328497555149098    
  0.3344158227342779    
  0.3359951411746452    
  0.3375878788793900    
  0.3391942072395549    
  0.3408143010614760    
  0.3424483386355269    
  0.3440965018059466    
  0.3457589760416550    
  0.3474359505079349    
  0.3491276181388384    
  0.3508341757102255    
  0.3525558239133896    
  0.3542927674292564    
  0.3560452150030767    
  0.3578133795194730    
  0.3595974780776097    
  0.3613977320662320    
  0.3632143672383408    
  0.3650476137853539    
  0.3668977064106201    
  0.3687648844020774    
  0.3706493917037007    
  0.3725514769852983    
  0.3744713937101817    
  0.3764094002002432    
  0.3783657596979966    
  0.3803407404251664    
  0.3823346156373340    
  0.3843476636739936    
  0.3863801680031811    
  0.3884324172597972    
  0.3905047052767526    
  0.3925973311080230    
  0.3947105990425657    
  0.3968448186078696    
  0.3990003045617300    
  0.4011773768707262    
  0.4033763606737902    
  0.4055975862291760    
  0.4078413888429371    
  0.4101081087767097    
  0.4123980911322579    
  0.4147116857100333    
  0.4170492468387842    
  0.4194111331729973    
  0.4217977074545913    
  0.4242093362349265    
  0.4266463895527594    
  0.4291092405633342    
  0.4315982651132888    
  0.4341138412555469    
  0.4366563486977085    
  0.4392261681766915    
  0.4418236807516149    
  0.4444492670062216    
  0.4471033061513515    
  0.4497861750170347    
  0.4524982469226819    
  0.4552398904126820    
  0.4580114678433227    
  0.4608133338054446    
  0.4636458333656913    
  0.4665093001077277    
  0.4694040539530004    
  0.4723303987385039    
  0.4752886195268046    
  0.4782789796214157    
  0.4813017172580942    
  0.4843570419396090    
  0.4874451303782950    
  0.4905661220077090    
  0.4937201140216195    
  0.4969071558949613    
  0.5001272433372922    
  0.5033803116251900    
  0.5066662282559077    
  0.5099847848602427    
  0.5133356883080041    
  0.5167185509351471    
  0.5201328798176117    
  0.5235780650129171    
  0.5270533666865640    
  0.5305579010368022    
  0.5340906249288253    
  0.5376503191483120    
  0.5412355701848243    
  0.5448447504581159    
  0.5484759969050653    
  0.5521271878521734    
  0.5557959181097243    
  0.5594794722403524    
  0.5631747959776121    
  0.5668784657995639    
  0.5705866566993989    
  0.5742951082417496    
  0.5779990890514485    
  0.5816933599524696    
  0.5853721360599323    
  0.5890290482290187    
  0.5926571043827993    
  0.5962486513771020    
  0.5997953382148458    
  0.6032880815940808    
  0.6067170349614960    
  0.6100715624434091    
  0.6133402192346686    
  0.6165107402348008    
  0.6195700389183905    
  0.6225042185988461    
  0.6252985983757894    
  0.6279377561279578    
  0.6304055909021600    
  0.6326854069275871    
  0.6347600212281483    
  0.6366118963916756    
  0.6382232994650563    
  0.6395764871650784    
  0.6406539166247652    
  0.6414384797507214    
  0.6419137579834076    
  0.6420642928820564    
  0.6418758665724377    
  0.6413357847934198    
  0.6404331541664975    
  0.6391591445035784    
  0.6375072265674488    
  0.6354733757941292    
  0.6330562331342087    
  0.6302572153849021    
  0.6270805691292562    
  0.6235333645864678    
  0.6196254281746673    
  0.6153692152249732    
  0.6107796268742613    
  0.6058737775184986    
  0.6006707211663170    
  0.5951911464675951    
  0.5894570510258096    
  0.5834914058141084    
  0.5773178201387809    
  0.5709602167103085    
  0.5644425251006659    
  0.5577884003113813    
  0.5510209714820673    
  0.5441626240593804    
  0.5372348171277027    
  0.5302579361532564    
  0.5232511801632047    
  0.5162324813974465    
  0.5092184547408669    
  0.5022243737579810    
  0.4952641698859175    
  0.4883504512606788    
  0.4814945377172547    
  0.4747065086806187    
  0.4679952609211556    
  0.4613685734572313    
  0.4548331772240315    
  0.4483948274689625    
  0.4420583771636399    
  0.4358278500308410    
  0.4297065120668088    
  0.4236969406922287    
  0.4178010908874286    
  0.4120203578578862    
  0.4063556359352670    
  0.4008073735490942    
  0.3953756242087921    
  0.3900600935192390    
  0.3848601823181538    
  0.3797750260726261    
  0.3748035307070550    
  0.3699444050579581    
  0.3651961901649421    
  0.3605572856135416    
  0.3560259731467420    
  0.3516004377591804    
  0.3472787864821212    
  0.3430590650588187    
  0.3389392726996248    
  0.3349173750949164    
  0.3309913158521303    
  0.3271590265110877    
  0.3234184352798838    
  0.3197674746221645    
  0.3162040878157260    
  0.3127262345918531    
  0.3093318959549030    
  0.3060190782723860    
  0.3027858167172912    
  0.2996301781363431    
  0.2965502634104972    
  0.2935442093672777    
  0.2906101902984979    
  0.2877464191312713    
  0.2849511482951241    
  0.2822226703234991    
  0.2795593182239078    
  0.2769594656471981    
  0.2744215268830010    
  0.2719439567054108    
  0.2695252500903090    
  0.2671639418232317    
  0.2648586060144534    
  0.2626078555360297    
  0.2604103413938929    
  0.2582647520464841    
  0.2561698126799815    
  0.2541242844489728    
  0.2521269636903940    
  0.2501766811175221    
  0.2482723009998865    
  0.2464127203342214    
  0.2445968680109784    
  0.2428237039802502    
  0.2410922184203873    
  0.2394014309121242    
  0.2377503896206819    
  0.2361381704878940    
  0.2345638764360374    
  0.2330266365847572    
  0.2315256054823252    
  0.2300599623521664    
  0.2286289103553847    
  0.2272316758698533    
  0.2258675077863497    
  0.2245356768220542    
  0.2232354748515705    
  0.2219662142555613    
  0.2207272272870551    
  0.2195178654553654    
  0.2183374989274731    
  0.2171855159466917    
  0.2160613222684392    
  0.2149643406128607    
  0.2138940101339851    
  0.2128497859050881    
  0.2118311384199764    
  0.2108375531098343    
  0.2098685298752432    
  0.2089235826329928    
  0.2080022388773547    
  0.2071040392554329    
  0.2062285371561771    
  0.2053752983126709    
  0.2045439004173649    
  0.2037339327498736    
  0.2029449958169359    
  0.2021767010041598    
  0.2014286702392385    
  0.2007005356662803    
  0.1999919393308709    
  0.1993025328755108    
  0.1986319772451435    
  0.1979799424024435    
  0.1973461070525130    
  0.1967301583766655    
  0.1961317917750381    
  0.1955507106177457    
  0.1949866260042617    
  0.1944392565307431    
  0.1939083280650716    
  0.1933935735293607    
  0.1928947326896437    
  0.1924115519524924    
  0.1919437841683730    
  0.1914911884415154    
  0.1910535299460441    
  0.1906305797481408    
  0.1902221146340771    
  0.1898279169439253    
  0.1894477744107264    
  0.1890814800049138    
  0.1887288317838516    
  0.1883896327463260    
  0.1880636906917981    
  0.1877508180842414    
  0.1874508319204416    
  0.1871635536026187    
  0.1868888088152056    
  0.1866264274056285    
  0.1863762432689797    
  0.1861380942364592    
  0.1859118219674438    
  0.1856972718450442    
  0.1854942928750657    
  0.1853027375882579    
  0.1851224619457294    
  0.1849533252474135    
  0.1847951900435101    
  0.1846479220488091    
  0.1845113900597766    
  0.1843854658743096    
  0.1842700242140963    
  0.1841649426494976    
  0.1840701015268461    
  0.1839853838980776    
  0.1839106754526438    
  0.1838458644516336    
  0.1837908416640094    
  0.1837455003048830    
  0.1837097359757910    
  0.1836834466069091    
  0.1836665324011159    
  0.1836588957798443    
  0.1836604413306829    
  0.1836710757566782    
  0.1836907078272549    
  0.1837192483306971    
  0.1837566100281649    
  0.1838027076092032    
  0.1838574576486719    
  0.1839207785650389    
  0.1839925905800195    
  0.1840728156795236    
  0.1841613775758520    
  0.1842582016710910    
  0.1843632150216871    
  0.1844763463041688    
  0.1845975257819598    
  0.1847266852732418    
  0.1848637581198447    
  0.1850086791571458    
  0.1851613846849233    
  0.1853218124391326    
  0.1854899015645882    
  0.1856655925885243    
  0.1858488273949919    
  0.1860395492000667    
  0.1862377025278570    
  0.1864432331872869    
  0.1866560882496119    
  0.1868762160266412    
  0.1871035660496635    
  0.1873380890490570    
  0.1875797369345391    
  0.1878284627760358    
  0.1880842207851679    
  0.1883469662973402    
  0.1886166557543954    
  0.1888932466878088    
  0.1891766977024324    
  0.1894669684607658    
  0.1897640196677313    
  0.1900678130559288    
  0.1903783113713735    
  0.1906954783597026    
  0.1910192787528194    
  0.1913496782559636    
  0.1916866435352096    
  0.1920301422053818    
  0.1923801428183557    
  0.1927366148517373    
  0.1930995286979243    
  0.1934688556535420    
  0.1938445679092240    
  0.1942266385397342    
  0.1946150414944326    
  0.1950097515880810    
  0.1954107444919560    
  0.1958179967252666    
  0.1962314856468844    
  0.1966511894473813    
  0.1970770871413446    
  0.1975091585599620    
  0.1979473843438934    
  0.1983917459364223    
  0.1988422255768662    
  0.1992988062942314    
  0.1997614719011275    
  0.2002302069879434    
  0.2007049969172603    
  0.2011858278184999    
  0.2016726865828113    
  0.2021655608582001    
  0.2026644390448806    
  0.2031693102908443    
  0.2036801644876597    
  0.2041969922664996    
  0.2047197849943762    
  0.2052485347705801    
  0.2057832344233366    
  0.2063238775066805    
  0.2068704582975284    
  0.2074229717929446    
  0.2079814137076139    
  0.2085457804715303    
  0.2091160692278782    
  0.2096922778311090    
  0.2102744048452201    
  0.2108624495422466    
  0.2114564119009442    
  0.2120562926056632    
  0.2126620930454209    
  0.2132738153131811    
  0.2138914622053181    
  0.2145150372212659    
  0.2151445445633597    
  0.2157799891368820    
  0.2164213765503000    
  0.2170687131156906    
  0.2177220058493676    
  0.2183812624727237    
  0.2190464914132740    
  0.2197177018058987    
  0.2203949034942915    
  0.2210781070326234    
  0.2217673236874075    
  0.2224625654395595    
  0.2231638449866572    
  0.2238711757454110    
  0.2245845718543355    
  0.2253040481766274    
  0.2260296203032540    
  0.2267613045562714    
  0.2274991179923640    
  0.2282430784066110    
  0.2289932043364829    
  0.2297495150660796    
  0.2305120306305976    
  0.2312807718210308    
  0.2320557601891023    
  0.2328370180524348    
  0.2336245684999552    
  0.2344184353975391    
  0.2352186433939007    
  0.2360252179267383    
  0.2368381852291350    
  0.2376575723362258    
  0.2384834070921392    
  0.2393157181572221    
  0.2401545350155355    
  0.2409998879826309    
  0.2418518082136109    
  0.2427103277114857    
  0.2435754793358118    
  0.2444472968116217    
  0.2453258147386574    
  0.2462110686009257    
  0.2471030947765695    
  0.2480019305480560    
  0.2489076141126900    
  0.2498201845934697    
  0.2507396820502876    
  0.2516661474914781    
  0.2525996228857104    
  0.2535401511742462    
  0.2544877762835692    
  0.2554425431383955    
  0.2564044976750660    
  0.2573736868553348    
  0.2583501586805567    
  0.2593339622062915    
  0.2603251475573237    
  0.2613237659431129    
  0.2623298696736715    
  0.2633435121758886    
  0.2643647480103035    
  0.2653936328883453    
  0.2664302236900419    
  0.2674745784822169    
  0.2685267565371795    
  0.2695868183519320    
  0.2706548256678964    
  0.2717308414911775    
  0.2728149301133687    
  0.2739071571329212    
  0.2750075894770795    
  0.2761162954243957    
  0.2772333446278349    
  0.2783588081384848    
  0.2794927584298837    
  0.2806352694229770    
  0.2817864165117093    
  0.2829462765892818    
  0.2841149280750855    
  0.2852924509423339    
  0.2864789267463938    
  0.2876744386538476    
  0.2888790714723050    
  0.2900929116809879    
  0.2913160474620856    
  0.2925485687329064    
  0.2937905671788378    
  0.2950421362871383    
  0.2963033713815536    
  0.2975743696577772    
  0.2988552302197747    
  0.3001460541170061    
  0.3014469443825583    
  0.3027580060722185    
  0.3040793463045181    
  0.3054110743017768    
  0.3067533014321405    
  0.3081061412526191    
  0.3094697095531279    
  0.3108441244015515    
  0.3122295061898384    
  0.3136259776811542    
  0.3150336640581234    
  0.3164526929722017    
  0.3178831945941902    
  0.3193253016658987    
  0.3207791495529557    
  0.3222448762987559    
  0.3237226226795260    
  0.3252125322605212    
  0.3267147514533881    
  0.3282294295747465    
  0.3297567189059922    
  0.3312967747543176    
  0.3328497555149098    
  0.3344158227342779    
  0.3359951411746452    
  0.3375878788793900    
  0.3391942072395549    
  0.3408143010614760    
  0.3424483386355269    
  0.3440965018059466    
  0.3457589760416550    
  0.3474359505079349    
  0.3491276181388384    
  0.3508341757102255    
  0.3525558239133896    
  0.3542927674292564    
  0.3560452150030767    
  0.3578133795194730    
  0.3595974780776097    
  0.3613977320662320    
  0.3632143672383408    
  0.3650476137853539    
  0.3668977064106201    
  0.3687648844020774    
  0.3706493917037007    
  0.3725514769852983    
  0.3744713937101817    
  0.3764094002002432    
  0.3783657596979966    
  0.3803407404251664    
  0.3823346156373340    
  0.3843476636739936    
  0.3863801680031811    
  0.3884324172597972    
  0.3905047052767526    
  0.3925973311080230    
  0.3947105990425657    
  0.3968448186078696    
  0.3990003045617300    
  0.4011773768707262    
  0.4033763606737902    
  0.4055975862291760    
  0.4078413888429371    
  0.4101081087767097    
  0.4123980911322579    
  0.4147116857100333    
  0.4170492468387842    
  0.4194111331729973    
  0.4217977074545913    
  0.4242093362349265    
  0.4266463895527594    
  0.4291092405633342    
  0.4315982651132888    
  0.4341138412555469    
  0.4366563486977085    
  0.4392261681766915    
  0.4418236807516149    
  0.4444492670062216    
  0.4471033061513515    
  0.4497861750170347    
  0.4524982469226819    
  0.4552398904126820    
  0.4580114678433227    
  0.4608133338054446    
  0.4636458333656913    
  0.4665093001077277    
  0.4694040539530004    
  0.4723303987385039    
  0.4752886195268046    
  0.4782789796214157    
  0.4813017172580942    
  0.4843570419396090    
  0.4874451303782950    
  0.4905661220077090    
  0.4937201140216195    
  0.4969071558949613    
  0.5001272433372922    
  0.5033803116251900    
  0.5066662282559077    
  0.5099847848602427    
  0.5133356883080041    
  0.5167185509351471    
  0.5201328798176117    
  0.5235780650129171    
  0.5270533666865640    
  0.5305579010368022    
  0.5340906249288253    
  0.5376503191483120    
  0.5412355701848243    
  0.5448447504581159    
  0.5484759969050653    
  0.5521271878521734    
  0.5557959181097243    
  0.5594794722403524    
  0.5631747959776121    
  0.5668784657995639    
  0.5705866566993989    
  0.5742951082417496    
  0.5779990890514485    
  0.5816933599524696    
  0.5853721360599323    
  0.5890290482290187    
  0.5926571043827993    
  0.5962486513771020    
  0.5997953382148458    
  0.6032880815940808    
  0.6067170349614960    
  0.6100715624434091    
  0.6133402192346686    
  0.6165107402348008    
  0.6195700389183905    
  0.6225042185988461    
  0.6252985983757894    
  0.6279377561279578    
  0.6304055909021600    
  0.6326854069275871    
  0.6347600212281483    
  0.6366118963916756    
  0.6382232994650563    
  0.6395764871650784    
  0.6406539166247652    
  0.6414384797507214    
  0.6419137579834076    
  0.6420642928820564    
  0.6418758665724377    
  0.6413357847934198    
  0.6404331541664975    
  0.6391591445035784    
  0.6375072265674488    
  0.6354733757941292    
  0.6330562331342087    
  0.6302572153849021    
  0.6270805691292562    
  0.6235333645864678    
  0.6196254281746673    
  0.6153692152249732    
  0.6107796268742613    
  0.6058737775184986    
  0.6006707211663170    
  0.5951911464675951    
  0.5894570510258096    
  0.5834914058141084    
  0.5773178201387809    
  0.5709602167103085    
  0.5644425251006659    
  0.5577884003113813    
  0.5510209714820673    
  0.5441626240593804    
  0.5372348171277027    
  0.5302579361532564    
  0.5232511801632047    
  0.5162324813974465    
  0.5092184547408669    
  0.5022243737579810    
  0.4952641698859175    
  0.4883504512606788    
  0.4814945377172547    
  0.4747065086806187    
  0.4679952609211556    
  0.4613685734572313    
  0.4548331772240315    
  0.4483948274689625    
  0.4420583771636399    
  0.4358278500308410    
  0.4297065120668088    
  0.4236969406922287    
  0.4178010908874286    
  0.4120203578578862    
  0.4063556359352670    
  0.4008073735490942    
  0.3953756242087921    
  0.3900600935192390    
  0.3848601823181538    
  0.3797750260726261    
  0.3748035307070550    
  0.3699444050579581    
  0.3651961901649421    
  0.3605572856135416    
  0.3560259731467420    
  0.3516004377591804    
  0.3472787864821212    
  0.3430590650588187    
  0.3389392726996248    
  0.3349173750949164    
  0.3309913158521303    
  0.3271590265110877    
  0.3234184352798838    
  0.3197674746221645    
  0.3162040878157260    
  0.3127262345918531    
  0.3093318959549030    
  0.3060190782723860    
  0.3027858167172912    
  0.2996301781363431    
  0.2965502634104972    
  0.2935442093672777    
  0.2906101902984979    
  0.2877464191312713    
  0.2849511482951241    
  0.2822226703234991    
  0.2795593182239078    
  0.2769594656471981    
  0.2744215268830010    
  0.2719439567054108    
  0.2695252500903090    
  0.2671639418232317    
  0.2648586060144534    
  0.2626078555360297    
  0.2604103413938929    
  0.2582647520464841    
  0.2561698126799815    
  0.2541242844489728    
  0.2521269636903940    
  0.2501766811175221    
  0.2482723009998865    
  0.2464127203342214    
  0.2445968680109784    
  0.2428237039802502    
  0.2410922184203873    
  0.2394014309121242    
  0.2377503896206819    
  0.2361381704878940    
  0.2345638764360374    
  0.2330266365847572    
  0.2315256054823252    
  0.2300599623521664    
  0.2286289103553847    
  0.2272316758698533    
  0.2258675077863497    
  0.2245356768220542    
  0.2232354748515705    
  0.2219662142555613    
  0.2207272272870551    
  0.2195178654553654    
  0.2183374989274731    
  0.2171855159466917    
  0.2160613222684392    
  0.2149643406128607    
  0.2138940101339851    
  0.2128497859050881    
  0.2118311384199764    
  0.2108375531098343    
  0.2098685298752432    
  0.2089235826329928    
  0.2080022388773547    
  0.2071040392554329    
  0.2062285371561771    
  0.2053752983126709    
  0.2045439004173649    
  0.2037339327498736    
  0.2029449958169359    
  0.2021767010041598    
  0.2014286702392385    
  0.2007005356662803    
  0.1999919393308709    
  0.1993025328755108    
  0.1986319772451435    
  0.1979799424024435    
  0.1973461070525130    
  0.1967301583766655    
  0.1961317917750381    
  0.1955507106177457    
  0.1949866260042617    
  0.1944392565307431    
  0.1939083280650716    
  0.1933935735293607    
  0.1928947326896437    
  0.1924115519524924    
  0.1919437841683730    
  0.1914911884415154    
  0.1910535299460441    
  0.1906305797481408    
  0.1902221146340771    
  0.1898279169439253    
  0.1894477744107264    
  0.1890814800049138    
  0.1887288317838516    
  0.1883896327463260    
  0.1880636906917981    
  0.1877508180842414    
  0.1874508319204416    
  0.1871635536026187    
  0.1868888088152056    
  0.1866264274056285    
  0.1863762432689797    
  0.1861380942364592    
  0.1859118219674438    
  0.1856972718450442    
  0.1854942928750657    
  0.1853027375882579    
  0.1851224619457294    
  0.1849533252474135    
  0.1847951900435101    
  0.1846479220488091    
  0.1845113900597766    
  0.1843854658743096    
  0.1842700242140963    
  0.1841649426494976    
  0.1840701015268461    
  0.1839853838980776    
  0.1839106754526438    
  0.1838458644516336    
  0.1837908416640094    
  0.1837455003048830    
  0.1837097359757910    
  0.1836834466069091    
  0.1836665324011159    
  0.1836588957798443    
  0.1836604413306829    
  0.1836710757566782    
  0.1836907078272549    
  0.1837192483306971    
  0.1837566100281649    
  0.1838027076092032    
  0.1838574576486719    
  0.1839207785650389    
  0.1839925905800195    
  0.1840728156795236    
  0.1841613775758520    
  0.1842582016710910    
  0.1843632150216871    
  0.1844763463041688    
  0.1845975257819598    
  0.1847266852732418    
  0.1848637581198447    
  0.1850086791571458    
  0.1851613846849233    
  0.1853218124391326    
  0.1854899015645882    
  0.1856655925885243    
  0.1858488273949919    
  0.1860395492000667    
  0.1862377025278570    
  0.1864432331872869    
  0.1866560882496119    
  0.1868762160266412    
  0.1871035660496635    
  0.1873380890490570    
  0.1875797369345391    
  0.1878284627760358    
  0.1880842207851679    
  0.1883469662973402    
  0.1886166557543954    
  0.1888932466878088    
  0.1891766977024324    
  0.1894669684607658    
  0.1897640196677313    
  0.1900678130559288    
  0.1903783113713735    
  0.1906954783597026    
  0.1910192787528194    
  0.1913496782559636    
  0.1916866435352096    
  0.1920301422053818    
  0.1923801428183557    
  0.1927366148517373    
  0.1930995286979243    
  0.1934688556535420    
  0.1938445679092240    
  0.1942266385397342    
  0.1946150414944326    
  0.1950097515880810    
  0.1954107444919560    
  0.1958179967252666    
  0.1962314856468844    
  0.1966511894473813    
  0.1970770871413446    
  0.1975091585599620    
  0.1979473843438934    
  0.1983917459364223    
  0.1988422255768662    
  0.1992988062942314    
  0.1997614719011275    
  0.2002302069879434    
  0.2007049969172603    
  0.2011858278184999    
  0.2016726865828113    
  0.2021655608582001    
  0.2026644390448806    
  0.2031693102908443    
  0.2036801644876597    
  0.2041969922664996    
  0.2047197849943762    
  0.2052485347705801    
  0.2057832344233366    
  0.2063238775066805    
  0.2068704582975284    
  0.2074229717929446    
  0.2079814137076139    
  0.2085457804715303    
  0.2091160692278782    
  0.2096922778311090    
  0.2102744048452201    
  0.2108624495422466    
  0.2114564119009442    
  0.2120562926056632    
  0.2126620930454209    
  0.2132738153131811    
  0.2138914622053181    
  0.2145150372212659    
  0.2151445445633597    
  0.2157799891368820    
  0.2164213765503000    
  0.2170687131156906    
  0.2177220058493676    
  0.2183812624727237    
  0.2190464914132740    
  0.2197177018058987    
  0.2203949034942915    
  0.2210781070326234    
  0.2217673236874075    
  0.2224625654395595    
  0.2231638449866572    
  0.2238711757454110    
  0.2245845718543355    
  0.2253040481766274    
  0.2260296203032540    
  0.2267613045562714    
  0.2274991179923640    
  0.2282430784066110    
  0.2289932043364829    
  0.2297495150660796    
  0.2305120306305976    
  0.2312807718210308    
  0.2320557601891023    
  0.2328370180524348    
  0.2336245684999552    
  0.2344184353975391    
  0.2352186433939007    
  0.2360252179267383    
  0.2368381852291350    
  0.2376575723362258    
  0.2384834070921392    
  0.2393157181572221    
  0.2401545350155355    
  0.2409998879826309    
  0.2418518082136109    
  0.2427103277114857    
  0.2435754793358118    
  0.2444472968116217    
  0.2453258147386574    
  0.2462110686009257    
  0.2471030947765695    
  0.2480019305480560    
  0.2489076141126900    
  0.2498201845934697    
  0.2507396820502876    
  0.2516661474914781    
  0.2525996228857104    
  0.2535401511742462    
  0.2544877762835692    
  0.2554425431383955    
  0.2564044976750660    
  0.2573736868553348    
  0.2583501586805567    
  0.2593339622062915    
  0.2603251475573237    
  0.2613237659431129    
  0.2623298696736715    
  0.2633435121758886    
  0.2643647480103035    
  0.2653936328883453    
  0.2664302236900419    
  0.2674745784822169    
  0.2685267565371795    
  0.2695868183519320    
  0.2706548256678964    
  0.2717308414911775    
  0.2728149301133687    
  0.2739071571329212    
  0.2750075894770795    
  0.2761162954243957    
  0.2772333446278349    
  0.2783588081384848    
  0.2794927584298837    
  0.2806352694229770    
  0.2817864165117093    
