  0.3695080950529541    
  0.3693266538675187    
  0.3691371767680948    
  0.3689396860618450    
  0.3687342029841197    
  0.3685207477088375    
  0.3682993393588497    
  0.3680699960162839    
  0.3678327347328684    
  0.3675875715402245    
  0.3673345214601128    
  0.3670735985146132    
  0.3668048157362189    
  0.3665281851778347    
  0.3662437179226726    
  0.3659514240940441    
  0.3656513128650558    
  0.3653433924682233    
  0.3650276702050111    
  0.3647041524553107    
  0.3643728446868574    
  0.3640337514645866    
  0.3636868764599215    
  0.3633322224599819    
  0.3629697913766941    
  0.3625995842557901    
  0.3622216012856864    
  0.3618358418062378    
  0.3614423043173640    
  0.3610409864875573    
  0.3606318851622812    
  0.3602149963722716    
  0.3597903153417455    
  0.3593578364965304    
  0.3589175534721146    
  0.3584694591216291    
  0.3580135455237540    
  0.3575498039905434    
  0.3570782250751561    
  0.3565987985794779    
  0.3561115135616188    
  0.3556163583432769    
  0.3551133205169705    
  0.3546023869531488    
  0.3540835438071959    
  0.3535567765263490    
  0.3530220698565497    
  0.3524794078492441    
  0.3519287738681423    
  0.3513701505959334    
  0.3508035200409453    
  0.3502288635437396    
  0.3496461617836162    
  0.3490553947850138    
  0.3484565419237889    
  0.3478495819333759    
  0.3472344929108312    
  0.3466112523227839    
  0.3459798370113150    
  0.3453402231998022    
  0.3446923864987554    
  0.3440363019116675    
  0.3433719438408805    
  0.3426992860934656    
  0.3420183018870865    
  0.3413289638558243    
  0.3406312440559162    
  0.3399251139714037    
  0.3392105445196661    
  0.3384875060568585    
  0.3377559683832694    
  0.3370159007486489    
  0.3362672718575410    
  0.3355100498746711    
  0.3347442024304060    
  0.3339696966263058    
  0.3331864990407462    
  0.3323945757345839    
  0.3315938922568147    
  0.3307844136501910    
  0.3299661044567699    
  0.3291389287233945    
  0.3283028500071268    
  0.3274578313806851    
  0.3266038354379365    
  0.3257408242994977    
  0.3248687596184799    
  0.3239876025863922    
  0.3230973139391903    
  0.3221978539634346    
  0.3212891825025064    
  0.3203712589628434    
  0.3194440423201605    
  0.3185074911256636    
  0.3175615635122725    
  0.3166062172009128    
  0.3156414095069247    
  0.3146670973466512    
  0.3136832372442265    
  0.3126897853385965    
  0.3116866973907456    
  0.3106739287911118    
  0.3096514345671437    
  0.3086191693909729    
  0.3075770875871756    
  0.3065251431406276    
  0.3054632897044623    
  0.3043914806081781    
  0.3033096688659256    
  0.3022178071850271    
  0.3011158479747520    
  0.3000037433553804    
  0.2988814451675550    
  0.2977489049819233    
  0.2966060741090343    
  0.2954529036094926    
  0.2942893443043365    
  0.2931153467856422    
  0.2919308614273463    
  0.2907358383962990    
  0.2895302276635636    
  0.2883139790159900    
  0.2870870420680911    
  0.2858493662742669    
  0.2846009009414029    
  0.2833415952418726    
  0.2820713982269494    
  0.2807902588406312    
  0.2794981259338509    
  0.2781949482790496    
  0.2768806745850601    
  0.2755552535123301    
  0.2742186336884808    
  0.2728707637242528    
  0.2715115922298639    
  0.2701410678318266    
  0.2687591391902520    
  0.2673657550166670    
  0.2659608640923306    
  0.2645444152870498    
  0.2631163575784716    
  0.2616766400718618    
  0.2602252120203750    
  0.2587620228458500    
  0.2572870221601444    
  0.2558001597870270    
  0.2543013857845951    
  0.2527906504682115    
  0.2512679044339444    
  0.2497330985825398    
  0.2481861841439556    
  0.2466271127025070    
  0.2450558362226481    
  0.2434723070754307    
  0.2418764780656465    
  0.2402683024596740    
  0.2386477340140052    
  0.2370147270044363    
  0.2353692362558844    
  0.2337112171728266    
  0.2320406257703465    
  0.2303574187058081    
  0.2286615533111387    
  0.2269529876257538    
  0.2252316804301356    
  0.2234975912801309    
  0.2217506805420265    
  0.2199909094284682    
  0.2182182400352335    
  0.2164326353788539    
  0.2146340594350344    
  0.2128224771778399    
  0.2109978546195758    
  0.2091601588513113    
  0.2073093580839708    
  0.2054454216899836    
  0.2035683202455241    
  0.2016780255734481    
  0.1997745107870245    
  0.1978577503345878    
  0.1959277200451399    
  0.1939843971748802    
  0.1920277604545317    
  0.1900577901373213    
  0.1880744680474885    
  0.1860777776293063    
  0.1840677039966497    
  0.1820442339832326    
  0.1800073561936033    
  0.1779570610549734    
  0.1758933408698450    
  0.1738161898693441    
  0.1717256042671002    
  0.1696215823135682    
  0.1675041243507039    
  0.1653732328670503    
  0.1632289125532986    
  0.1610711703584724    
  0.1589000155468017    
  0.1567154597552577    
  0.1545175170515672    
  0.1523062039925272    
  0.1500815396824938    
  0.1478435458320657    
  0.1455922468169963    
  0.1433276697373695    
  0.1410498444770057    
  0.1387588037630409    
  0.1364545832255745    
  0.1341372214573201    
  0.1318067600732160    
  0.1294632437700581    
  0.1271067203861658    
  0.1247372409610260    
  0.1223548597947209    
  0.1199596345069402    
  0.1175516260954264    
  0.1151308989938701    
  0.1126975211293620    
  0.1102515639795530    
  0.1077931026295005    
  0.1053222158279941    
  0.1028389860430198    
  0.1003434995161125    
  0.9783584631550837E-01
  0.9531612038818055E-01
  0.9278441961083699E-01
  0.9024084583998411E-01
  0.8768550496098453E-01
  0.8511850693592520E-01
  0.8253996584995417E-01
  0.7994999995583445E-01
  0.7734873171667096E-01
  0.7473628784700080E-01
  0.7211279935238324E-01
  0.6947840156743366E-01
  0.6683323419195240E-01
  0.6417744132475448E-01
  0.6151117149490221E-01
  0.5883457769031982E-01
  0.5614781738394599E-01
  0.5345105255763082E-01
  0.5074444972377541E-01
  0.4802817994454799E-01
  0.4530241884835638E-01
  0.4256734664333847E-01
  0.3982314812768900E-01
  0.3707001269672923E-01
  0.3430813434664810E-01
  0.3153771167493430E-01
  0.2875894787754626E-01
  0.2597205074290048E-01
  0.2317723264261024E-01
  0.2037471051874898E-01
  0.1756470586722046E-01
  0.1474744471686318E-01
  0.1192315760415942E-01
  0.9092079543855540E-02
  0.6254449995957768E-02
  0.3410512829503731E-02
  0.5605162828750543E-03
 -0.2295287080080689E-02
 -0.5156640419071188E-02
 -0.8023282671965819E-02
 -0.1089494861452848E-01
 -0.1377136892406712E-01
 -0.1665227024597911E-01
 -0.1953737526318114E-01
 -0.2242640276961358E-01
 -0.2531906774928959E-01
 -0.2821508146158672E-01
 -0.3111415153218193E-01
 -0.3401598204827871E-01
 -0.3692027365694878E-01
 -0.3982672366639968E-01
 -0.4273502615094620E-01
 -0.4564487206091956E-01
 -0.4855594933823853E-01
 -0.5146794303736169E-01
 -0.5438053545049319E-01
 -0.5729340623599504E-01
 -0.6020623254977129E-01
 -0.6311868918025622E-01
 -0.6603044868767464E-01
 -0.6894118154766118E-01
 -0.7185055629870260E-01
 -0.7475823969288622E-01
 -0.7766389684980812E-01
 -0.8056719141378080E-01
 -0.8346778571433421E-01
 -0.8636534092980486E-01
 -0.8925951725363168E-01
 -0.9214997406307641E-01
 -0.9503637009011727E-01
 -0.9791836359441275E-01
 -0.1007956125383540    
 -0.1036677747643043    
 -0.1065345081739305    
 -0.1093954709092746    
 -0.1122503215350218    
 -0.1150987192215390    
 -0.1179403239283843    
 -0.1207747965881245    
 -0.1236017992903358    
 -0.1264209954657702    
 -0.1292320500706678    
 -0.1320346297711246    
 -0.1348284031272102    
 -0.1376130407764731    
 -0.1403882156163910    
 -0.1431536029853107    
 -0.1459088808413752    
 -0.1486537299391648    
 -0.1513878340041750    
 -0.1541108799055718    
 -0.1568225578274025    
 -0.1595225614377907    
 -0.1622105880550387    
 -0.1648863388096739    
 -0.1675495188022021    
 -0.1701998372571623    
 -0.1728370076742177    
 -0.1754607479764348    
 -0.1780707806548895    
 -0.1806668329083899    
 -0.1832486367775976    
 -0.1858159292739744    
 -0.1883684525046051    
 -0.1909059537934233    
 -0.1934281857979935    
 -0.1959349066202222    
 -0.1984258799100372    
 -0.2009008749628159    
 -0.2033596668123297    
 -0.2058020363201751    
 -0.2082277702606661    
 -0.2106366613990276    
 -0.2130285085615863    
 -0.2154031166987732    
 -0.2177602969428954    
 -0.2200998666618287    
 -0.2224216495078140    
 -0.2247254754596080    
 -0.2270111808571635    
 -0.2292786084297837    
 -0.2315276073193203    
 -0.2337580330989456    
 -0.2359697477864237    
 -0.2381626198504629    
 -0.2403365242098611    
 -0.2424913422266102    
 -0.2446269616943799    
 -0.2467432768227965    
 -0.2488401882167471    
 -0.2509176028498014    
 -0.2529754340316104    
 -0.2550136013700182    
 -0.2570320307286142    
 -0.2590306541798655    
 -0.2610094099534679    
 -0.2629682423797518    
 -0.2649071018285210    
 -0.2668259446440038    
 -0.2687247330762566    
 -0.2706034352088523    
 -0.2724620248824532    
 -0.2743004816142097    
 -0.2761187905134069    
 -0.2779169421940031    
 -0.2796949326844596    
 -0.2814527633349271    
 -0.2831904407216673    
 -0.2849079765487674    
 -0.2866053875473847    
 -0.2882826953728078    
 -0.2899399264994450    
 -0.2915771121137331    
 -0.2931942880050026    
 -0.2947914944545831    
 -0.2963687761235808    
 -0.2979261819397417    
 -0.2994637649835658    
 -0.3009815823736282    
 -0.3024796951509972    
 -0.3039581681627813    
 -0.3054170699449878    
 -0.3068564726049958    
 -0.3082764517038514    
 -0.3096770861385599    
 -0.3110584580244646    
 -0.3124206525778445    
 -0.3137637579988820    
 -0.3150878653551560    
 -0.3163930684657339    
 -0.3176794637858898    
 -0.3189471502924527    
 -0.3201962293698803    
 -0.3214268046972302    
 -0.3226389821362496    
 -0.3238328696207426    
 -0.3250085770472932    
 -0.3261662161673324    
 -0.3273059004805433    
 -0.3284277451296144    
 -0.3295318667964338    
 -0.3306183835998205    
 -0.3316874149948982    
 -0.3327390816741747    
 -0.3337735054703873    
 -0.3347908092611545    
 -0.3357911168754946    
 -0.3367745530022258    
 -0.3377412431002541    
 -0.3386913133107178    
 -0.3396248903709807    
 -0.3405421015304888    
 -0.3414430744685561    
 -0.3423279372141510    
 -0.3431968180677724    
 -0.3440498455254304    
 -0.3448871482047267    
 -0.3457088547729601    
 -0.3465150938772011    
 -0.3473059940762901    
 -0.3480816837747640    
 -0.3488422911587307    
 -0.3495879441337406    
 -0.3503187702646704    
 -0.3510348967176340    
 -0.3517364502038849    
 -0.3524235569256724    
 -0.3530963425239946    
 -0.3537549320282167    
 -0.3543994498075167    
 -0.3550300195241477    
 -0.3556467640885028    
 -0.3562498056159780    
 -0.3568392653856124    
 -0.3574152638004782    
 -0.3579779203497793    
 -0.3585273535726261    
 -0.3590636810234473    
 -0.3595870192390240    
 -0.3600974837071103    
 -0.3605951888366284    
 -0.3610802479293963    
 -0.3615527731533484    
 -0.3620128755172012    
 -0.3624606648465166    
 -0.3628962497611188    
 -0.3633197376538410    
 -0.3637312346705707    
 -0.3641308456915857    
 -0.3645186743141523    
 -0.3648948228363657    
 -0.3652593922421955    
 -0.3656124821877033    
 -0.3659541909883809    
 -0.3662846156075651    
 -0.3666038516458830    
 -0.3669119933316929    
 -0.3672091335124899    
 -0.3674953636472504    
 -0.3677707737996913    
 -0.3680354526324313    
 -0.3682894874020233    
 -0.3685329639548338    
 -0.3687659667237257    
 -0.3689885787255237    
 -0.3692008815592180    
 -0.3694029554048781    
 -0.3695948790232401    
 -0.3697767297559467    
 -0.3699485835264149    
 -0.3701105148413085    
 -0.3702625967925953    
 -0.3704049010601662    
 -0.3705374979149967    
 -0.3706604562228266    
 -0.3707738434483196    
 -0.3708777256596779    
 -0.3709721675336805    
 -0.3710572323611241    
 -0.3711329820526481    
 -0.3711994771449354    
 -0.3712567768072830    
 -0.3713049388485304    
 -0.3713440197243263    
 -0.3713740745447079    
 -0.3713951570819616    
 -0.3714073197787371    
 -0.3714106137563932    
 -0.3714050888235558    
 -0.3713907934848832    
 -0.3713677749500271    
 -0.3713360791427842    
 -0.3712957507104261    
 -0.3712468330331954    
 -0.3711893682339482    
 -0.3711233971879303    
 -0.3710489595326729    
 -0.3709660936779920    
 -0.3708748368160840    
 -0.3707752249316997    
 -0.3706672928123976    
 -0.3705510740588614    
 -0.3704266010952782    
 -0.3702939051797644    
 -0.3701530164148311    
 -0.3700039637578783    
 -0.3698467750317057    
 -0.3696814769350231    
 -0.3695080950529541    
 -0.3693266538675187    
 -0.3691371767680948    
 -0.3689396860618450    
 -0.3687342029841197    
 -0.3685207477088375    
 -0.3682993393588497    
 -0.3680699960162839    
 -0.3678327347328684    
 -0.3675875715402245    
 -0.3673345214601128    
 -0.3670735985146132    
 -0.3668048157362189    
 -0.3665281851778347    
 -0.3662437179226726    
 -0.3659514240940441    
 -0.3656513128650558    
 -0.3653433924682233    
 -0.3650276702050111    
 -0.3647041524553107    
 -0.3643728446868574    
 -0.3640337514645866    
 -0.3636868764599215    
 -0.3633322224599819    
 -0.3629697913766941    
 -0.3625995842557901    
 -0.3622216012856864    
 -0.3618358418062378    
 -0.3614423043173640    
 -0.3610409864875573    
 -0.3606318851622812    
 -0.3602149963722716    
 -0.3597903153417455    
 -0.3593578364965304    
 -0.3589175534721146    
 -0.3584694591216291    
 -0.3580135455237540    
 -0.3575498039905434    
 -0.3570782250751561    
 -0.3565987985794779    
 -0.3561115135616188    
 -0.3556163583432769    
 -0.3551133205169705    
 -0.3546023869531488    
 -0.3540835438071959    
 -0.3535567765263490    
 -0.3530220698565497    
 -0.3524794078492441    
 -0.3519287738681423    
 -0.3513701505959334    
 -0.3508035200409453    
 -0.3502288635437396    
 -0.3496461617836162    
 -0.3490553947850138    
 -0.3484565419237889    
 -0.3478495819333759    
 -0.3472344929108312    
 -0.3466112523227839    
 -0.3459798370113150    
 -0.3453402231998022    
 -0.3446923864987554    
 -0.3440363019116675    
 -0.3433719438408805    
 -0.3426992860934656    
 -0.3420183018870865    
 -0.3413289638558243    
 -0.3406312440559162    
 -0.3399251139714037    
 -0.3392105445196661    
 -0.3384875060568585    
 -0.3377559683832694    
 -0.3370159007486489    
 -0.3362672718575410    
 -0.3355100498746711    
 -0.3347442024304060    
 -0.3339696966263058    
 -0.3331864990407462    
 -0.3323945757345839    
 -0.3315938922568147    
 -0.3307844136501910    
 -0.3299661044567699    
 -0.3291389287233945    
 -0.3283028500071268    
 -0.3274578313806851    
 -0.3266038354379365    
 -0.3257408242994977    
 -0.3248687596184799    
 -0.3239876025863922    
 -0.3230973139391903    
 -0.3221978539634346    
 -0.3212891825025064    
 -0.3203712589628434    
 -0.3194440423201605    
 -0.3185074911256636    
 -0.3175615635122725    
 -0.3166062172009128    
 -0.3156414095069247    
 -0.3146670973466512    
 -0.3136832372442265    
 -0.3126897853385965    
 -0.3116866973907456    
 -0.3106739287911118    
 -0.3096514345671437    
 -0.3086191693909729    
 -0.3075770875871756    
 -0.3065251431406276    
 -0.3054632897044623    
 -0.3043914806081781    
 -0.3033096688659256    
 -0.3022178071850271    
 -0.3011158479747520    
 -0.3000037433553804    
 -0.2988814451675550    
 -0.2977489049819233    
 -0.2966060741090343    
 -0.2954529036094926    
 -0.2942893443043365    
 -0.2931153467856422    
 -0.2919308614273463    
 -0.2907358383962990    
 -0.2895302276635636    
 -0.2883139790159900    
 -0.2870870420680911    
 -0.2858493662742669    
 -0.2846009009414029    
 -0.2833415952418726    
 -0.2820713982269494    
 -0.2807902588406312    
 -0.2794981259338509    
 -0.2781949482790496    
 -0.2768806745850601    
 -0.2755552535123301    
 -0.2742186336884808    
 -0.2728707637242528    
 -0.2715115922298639    
 -0.2701410678318266    
 -0.2687591391902520    
 -0.2673657550166670    
 -0.2659608640923306    
 -0.2645444152870498    
 -0.2631163575784716    
 -0.2616766400718618    
 -0.2602252120203750    
 -0.2587620228458500    
 -0.2572870221601444    
 -0.2558001597870270    
 -0.2543013857845951    
 -0.2527906504682115    
 -0.2512679044339444    
 -0.2497330985825398    
 -0.2481861841439556    
 -0.2466271127025070    
 -0.2450558362226481    
 -0.2434723070754307    
 -0.2418764780656465    
 -0.2402683024596740    
 -0.2386477340140052    
 -0.2370147270044363    
 -0.2353692362558844    
 -0.2337112171728266    
 -0.2320406257703465    
 -0.2303574187058081    
 -0.2286615533111387    
 -0.2269529876257538    
 -0.2252316804301356    
 -0.2234975912801309    
 -0.2217506805420265    
 -0.2199909094284682    
 -0.2182182400352335    
 -0.2164326353788539    
 -0.2146340594350344    
 -0.2128224771778399    
 -0.2109978546195758    
 -0.2091601588513113    
 -0.2073093580839708    
 -0.2054454216899836    
 -0.2035683202455241    
 -0.2016780255734481    
 -0.1997745107870245    
 -0.1978577503345878    
 -0.1959277200451399    
 -0.1939843971748802    
 -0.1920277604545317    
 -0.1900577901373213    
 -0.1880744680474885    
 -0.1860777776293063    
 -0.1840677039966497    
 -0.1820442339832326    
 -0.1800073561936033    
 -0.1779570610549734    
 -0.1758933408698450    
 -0.1738161898693441    
 -0.1717256042671002    
 -0.1696215823135682    
 -0.1675041243507039    
 -0.1653732328670503    
 -0.1632289125532986    
 -0.1610711703584724    
 -0.1589000155468017    
 -0.1567154597552577    
 -0.1545175170515672    
 -0.1523062039925272    
 -0.1500815396824938    
 -0.1478435458320657    
 -0.1455922468169963    
 -0.1433276697373695    
 -0.1410498444770057    
 -0.1387588037630409    
 -0.1364545832255745    
 -0.1341372214573201    
 -0.1318067600732160    
 -0.1294632437700581    
 -0.1271067203861658    
 -0.1247372409610260    
 -0.1223548597947209    
 -0.1199596345069402    
 -0.1175516260954264    
 -0.1151308989938701    
 -0.1126975211293620    
 -0.1102515639795530    
 -0.1077931026295005    
 -0.1053222158279941    
 -0.1028389860430198    
 -0.1003434995161125    
 -0.9783584631550837E-01
 -0.9531612038818055E-01
 -0.9278441961083699E-01
 -0.9024084583998411E-01
 -0.8768550496098453E-01
 -0.8511850693592520E-01
 -0.8253996584995417E-01
 -0.7994999995583445E-01
 -0.7734873171667096E-01
 -0.7473628784700080E-01
 -0.7211279935238324E-01
 -0.6947840156743366E-01
 -0.6683323419195240E-01
 -0.6417744132475448E-01
 -0.6151117149490221E-01
 -0.5883457769031982E-01
 -0.5614781738394599E-01
 -0.5345105255763082E-01
 -0.5074444972377541E-01
 -0.4802817994454799E-01
 -0.4530241884835638E-01
 -0.4256734664333847E-01
 -0.3982314812768900E-01
 -0.3707001269672923E-01
 -0.3430813434664810E-01
 -0.3153771167493430E-01
 -0.2875894787754626E-01
 -0.2597205074290048E-01
 -0.2317723264261024E-01
 -0.2037471051874898E-01
 -0.1756470586722046E-01
 -0.1474744471686318E-01
 -0.1192315760415942E-01
 -0.9092079543855540E-02
 -0.6254449995957768E-02
 -0.3410512829503731E-02
 -0.5605162828750543E-03
  0.2295287080080689E-02
  0.5156640419071188E-02
  0.8023282671965819E-02
  0.1089494861452848E-01
  0.1377136892406712E-01
  0.1665227024597911E-01
  0.1953737526318114E-01
  0.2242640276961358E-01
  0.2531906774928959E-01
  0.2821508146158672E-01
  0.3111415153218193E-01
  0.3401598204827871E-01
  0.3692027365694878E-01
  0.3982672366639968E-01
  0.4273502615094620E-01
  0.4564487206091956E-01
  0.4855594933823853E-01
  0.5146794303736169E-01
  0.5438053545049319E-01
  0.5729340623599504E-01
  0.6020623254977129E-01
  0.6311868918025622E-01
  0.6603044868767464E-01
  0.6894118154766118E-01
  0.7185055629870260E-01
  0.7475823969288622E-01
  0.7766389684980812E-01
  0.8056719141378080E-01
  0.8346778571433421E-01
  0.8636534092980486E-01
  0.8925951725363168E-01
  0.9214997406307641E-01
  0.9503637009011727E-01
  0.9791836359441275E-01
  0.1007956125383540    
  0.1036677747643043    
  0.1065345081739305    
  0.1093954709092746    
  0.1122503215350218    
  0.1150987192215390    
  0.1179403239283843    
  0.1207747965881245    
  0.1236017992903358    
  0.1264209954657702    
  0.1292320500706678    
  0.1320346297711246    
  0.1348284031272102    
  0.1376130407764731    
  0.1403882156163910    
  0.1431536029853107    
  0.1459088808413752    
  0.1486537299391648    
  0.1513878340041750    
  0.1541108799055718    
  0.1568225578274025    
  0.1595225614377907    
  0.1622105880550387    
  0.1648863388096739    
  0.1675495188022021    
  0.1701998372571623    
  0.1728370076742177    
  0.1754607479764348    
  0.1780707806548895    
  0.1806668329083899    
  0.1832486367775976    
  0.1858159292739744    
  0.1883684525046051    
  0.1909059537934233    
  0.1934281857979935    
  0.1959349066202222    
  0.1984258799100372    
  0.2009008749628159    
  0.2033596668123297    
  0.2058020363201751    
  0.2082277702606661    
  0.2106366613990276    
  0.2130285085615863    
  0.2154031166987732    
  0.2177602969428954    
  0.2200998666618287    
  0.2224216495078140    
  0.2247254754596080    
  0.2270111808571635    
  0.2292786084297837    
  0.2315276073193203    
  0.2337580330989456    
  0.2359697477864237    
  0.2381626198504629    
  0.2403365242098611    
  0.2424913422266102    
  0.2446269616943799    
  0.2467432768227965    
  0.2488401882167471    
  0.2509176028498014    
  0.2529754340316104    
  0.2550136013700182    
  0.2570320307286142    
  0.2590306541798655    
  0.2610094099534679    
  0.2629682423797518    
  0.2649071018285210    
  0.2668259446440038    
  0.2687247330762566    
  0.2706034352088523    
  0.2724620248824532    
  0.2743004816142097    
  0.2761187905134069    
  0.2779169421940031    
  0.2796949326844596    
  0.2814527633349271    
  0.2831904407216673    
  0.2849079765487674    
  0.2866053875473847    
  0.2882826953728078    
  0.2899399264994450    
  0.2915771121137331    
  0.2931942880050026    
  0.2947914944545831    
  0.2963687761235808    
  0.2979261819397417    
  0.2994637649835658    
  0.3009815823736282    
  0.3024796951509972    
  0.3039581681627813    
  0.3054170699449878    
  0.3068564726049958    
  0.3082764517038514    
  0.3096770861385599    
  0.3110584580244646    
  0.3124206525778445    
  0.3137637579988820    
  0.3150878653551560    
  0.3163930684657339    
  0.3176794637858898    
  0.3189471502924527    
  0.3201962293698803    
  0.3214268046972302    
  0.3226389821362496    
  0.3238328696207426    
  0.3250085770472932    
  0.3261662161673324    
  0.3273059004805433    
  0.3284277451296144    
  0.3295318667964338    
  0.3306183835998205    
  0.3316874149948982    
  0.3327390816741747    
  0.3337735054703873    
  0.3347908092611545    
  0.3357911168754946    
  0.3367745530022258    
  0.3377412431002541    
  0.3386913133107178    
  0.3396248903709807    
  0.3405421015304888    
  0.3414430744685561    
  0.3423279372141510    
  0.3431968180677724    
  0.3440498455254304    
  0.3448871482047267    
  0.3457088547729601    
  0.3465150938772011    
  0.3473059940762901    
  0.3480816837747640    
  0.3488422911587307    
  0.3495879441337406    
  0.3503187702646704    
  0.3510348967176340    
  0.3517364502038849    
  0.3524235569256724    
  0.3530963425239946    
  0.3537549320282167    
  0.3543994498075167    
  0.3550300195241477    
  0.3556467640885028    
  0.3562498056159780    
  0.3568392653856124    
  0.3574152638004782    
  0.3579779203497793    
  0.3585273535726261    
  0.3590636810234473    
  0.3595870192390240    
  0.3600974837071103    
  0.3605951888366284    
  0.3610802479293963    
  0.3615527731533484    
  0.3620128755172012    
  0.3624606648465166    
  0.3628962497611188    
  0.3633197376538410    
  0.3637312346705707    
  0.3641308456915857    
  0.3645186743141523    
  0.3648948228363657    
  0.3652593922421955    
  0.3656124821877033    
  0.3659541909883809    
  0.3662846156075651    
  0.3666038516458830    
  0.3669119933316929    
  0.3672091335124899    
  0.3674953636472504    
  0.3677707737996913    
  0.3680354526324313    
  0.3682894874020233    
  0.3685329639548338    
  0.3687659667237257    
  0.3689885787255237    
  0.3692008815592180    
  0.3694029554048781    
  0.3695948790232401    
  0.3697767297559467    
  0.3699485835264149    
  0.3701105148413085    
  0.3702625967925953    
  0.3704049010601662    
  0.3705374979149967    
  0.3706604562228266    
  0.3707738434483196    
  0.3708777256596779    
  0.3709721675336805    
  0.3710572323611241    
  0.3711329820526481    
  0.3711994771449354    
  0.3712567768072830    
  0.3713049388485304    
  0.3713440197243263    
  0.3713740745447079    
  0.3713951570819616    
  0.3714073197787371    
  0.3714106137563932    
  0.3714050888235558    
  0.3713907934848832    
  0.3713677749500271    
  0.3713360791427842    
  0.3712957507104261    
  0.3712468330331954    
  0.3711893682339482    
  0.3711233971879303    
  0.3710489595326729    
  0.3709660936779920    
  0.3708748368160840    
  0.3707752249316997    
  0.3706672928123976    
  0.3705510740588614    
  0.3704266010952782    
  0.3702939051797644    
  0.3701530164148311    
  0.3700039637578783    
  0.3698467750317057    
  0.3696814769350231    
