  0.8797044022832989E-01
  0.8658217794916290E-01
  0.8519067329152485E-01
  0.8379596662985334E-01
  0.8239809852279462E-01
  0.8099710971450924E-01
  0.7959304113591009E-01
  0.7818593390583128E-01
  0.7677582933213301E-01
  0.7536276891273436E-01
  0.7394679433658341E-01
  0.7252794748455532E-01
  0.7110627043028867E-01
  0.6968180544095054E-01
  0.6825459497794023E-01
  0.6682468169752265E-01
  0.6539210845140236E-01
  0.6395691828722749E-01
  0.6251915444903405E-01
  0.6107886037762267E-01
  0.5963607971087498E-01
  0.5819085628400544E-01
  0.5674323412975107E-01
  0.5529325747849723E-01
  0.5384097075834537E-01
  0.5238641859511500E-01
  0.5092964581228920E-01
  0.4947069743089672E-01
  0.4800961866933945E-01
  0.4654645494315696E-01
  0.4508125186473699E-01
  0.4361405524296580E-01
  0.4214491108282675E-01
  0.4067386558493769E-01
  0.3920096514503818E-01
  0.3772625635341820E-01
  0.3624978599429635E-01
  0.3477160104514315E-01
  0.3329174867595186E-01
  0.3181027624845734E-01
  0.3032723131530540E-01
  0.2884266161917082E-01
  0.2735661509182652E-01
  0.2586913985316475E-01
  0.2438028421017213E-01
  0.2289009665585673E-01
  0.2139862586813118E-01
  0.1990592070864922E-01
  0.1841203022160015E-01
  0.1691700363245774E-01
  0.1542089034668837E-01
  0.1392373994841423E-01
  0.1242560219903854E-01
  0.1092652703582897E-01
  0.9426564570461704E-02
  0.7925765087527348E-02
  0.6424179043001521E-02
  0.4921857062676616E-02
  0.3418849940561852E-02
  0.1915208637245813E-02
  0.4109842782287210E-03
 -0.1093771847779534E-02
 -0.2599008290594174E-02
 -0.4104673440320949E-02
 -0.5610715529150934E-02
 -0.7117082633189442E-02
 -0.8623722674309109E-02
 -0.1013058342203604E-01
 -0.1163761249545797E-01
 -0.1314475736516035E-01
 -0.1465196535518642E-01
 -0.1615918364502184E-01
 -0.1766635927159843E-01
 -0.1917343913132363E-01
 -0.2068036998212824E-01
 -0.2218709844553740E-01
 -0.2369357100875952E-01
 -0.2519973402679687E-01
 -0.2670553372457340E-01
 -0.2821091619908311E-01
 -0.2971582742155138E-01
 -0.3122021323961532E-01
 -0.3272401937951669E-01
 -0.3422719144830971E-01
 -0.3572967493607937E-01
 -0.3723141521817319E-01
 -0.3873235755744364E-01
 -0.4023244710650387E-01
 -0.4173162890999094E-01
 -0.4322984790684276E-01
 -0.4472704893258256E-01
 -0.4622317672161480E-01
 -0.4771817590952643E-01
 -0.4921199103539670E-01
 -0.5070456654411215E-01
 -0.5219584678868783E-01
 -0.5368577603258973E-01
 -0.5517429845206423E-01
 -0.5666135813846956E-01
 -0.5814689910061110E-01
 -0.5963086526707939E-01
 -0.6111320048859170E-01
 -0.6259384854033506E-01
 -0.6407275312431343E-01
 -0.6554985787169332E-01
 -0.6702510634515230E-01
 -0.6849844204122529E-01
 -0.6996980839265182E-01
 -0.7143914877071955E-01
 -0.7290640648760821E-01
 -0.7437152479873016E-01
 -0.7583444690506930E-01
 -0.7729511595551819E-01
 -0.7875347504921321E-01
 -0.8020946723786748E-01
 -0.8166303552810228E-01
 -0.8311412288377484E-01
 -0.8456267222830366E-01
 -0.8600862644699153E-01
 -0.8745192838934518E-01
 -0.8889252087138849E-01
 -0.9033034667797563E-01
 -0.9176534856509649E-01
 -0.9319746926218236E-01
 -0.9462665147440230E-01
 -0.9605283788495989E-01
 -0.9747597115738610E-01
 -0.9889599393782933E-01
 -0.1003128488573409    
 -0.1017264785341614    
 -0.1031368255760032    
 -0.1045438325823315    
 -0.1059474421466417    
 -0.1073475968587354    
 -0.1087442393069942    
 -0.1101373120806536    
 -0.1115267577720726    
 -0.1129125189790057    
 -0.1142945383068745    
 -0.1156727583710404    
 -0.1170471217990784    
 -0.1184175712330530    
 -0.1197840493317974    
 -0.1211464987731962    
 -0.1225048622564706    
 -0.1238590825044699    
 -0.1252091022659680    
 -0.1265548643179671    
 -0.1278963114680072    
 -0.1292333865564821    
 -0.1305660324589661    
 -0.1318941920885495    
 -0.1332178083981812    
 -0.1345368243830269    
 -0.1358511830828373    
 -0.1371608275843312    
 -0.1384657010235952    
 -0.1397657465884976    
 -0.1410609075211220    
 -0.1423511271202205    
 -0.1436363487436844    
 -0.1449165158110373    
 -0.1461915718059506    
 -0.1474614602787814    
 -0.1487261248491341    
 -0.1499855092084474    
 -0.1512395571226097    
 -0.1524882124346019    
 -0.1537314190671721    
 -0.1549691210255426    
 -0.1562012624001523    
 -0.1574277873694370    
 -0.1586486402026467    
 -0.1598637652627017    
 -0.1610731070090932    
 -0.1622766100008209    
 -0.1634742188993779    
 -0.1646658784717740    
 -0.1658515335936102    
 -0.1670311292521984    
 -0.1682046105497308    
 -0.1693719227065040    
 -0.1705330110641988    
 -0.1716878210892170    
 -0.1728362983760769    
 -0.1739783886508693    
 -0.1751140377747730    
 -0.1762431917476337    
 -0.1773657967116073    
 -0.1784817989548675    
 -0.1795911449153862    
 -0.1806937811847826    
 -0.1817896545122470    
 -0.1828787118085382    
 -0.1839609001500573    
 -0.1850361667829996    
 -0.1861044591275809    
 -0.1871657247823447    
 -0.1882199115285528    
 -0.1892669673346593    
 -0.1903068403608716    
 -0.1913394789637997    
 -0.1923648317011943    
 -0.1933828473367770    
 -0.1943934748451585    
 -0.1953966634168502    
 -0.1963923624633706    
 -0.1973805216224449    
 -0.1983610907633030    
 -0.1993340199920706    
 -0.2002992596572619    
 -0.2012567603553690    
 -0.2022064729365515    
 -0.2031483485104253    
 -0.2040823384519552    
 -0.2050083944074507    
 -0.2059264683006602    
 -0.2068365123389679    
 -0.2077384790196906    
 -0.2086323211364781    
 -0.2095179917858133    
 -0.2103954443736158    
 -0.2112646326219501    
 -0.2121255105758340    
 -0.2129780326101476    
 -0.2138221534366369    
 -0.2146578281110180    
 -0.2154850120401747    
 -0.2163036609894522    
 -0.2171137310900450    
 -0.2179151788464782    
 -0.2187079611441813    
 -0.2194920352571468    
 -0.2202673588556738    
 -0.2210338900141959    
 -0.2217915872191891    
 -0.2225404093771619    
 -0.2232803158227179    
 -0.2240112663266953    
 -0.2247332211043691    
 -0.2254461408237167    
 -0.2261499866137408    
 -0.2268447200728496    
 -0.2275303032772880    
 -0.2282066987896183    
 -0.2288738696672421    
 -0.2295317794709628    
 -0.2301803922735799    
 -0.2308196726685066    
 -0.2314495857784079    
 -0.2320700972638527    
 -0.2326811733319754    
 -0.2332827807451379    
 -0.2338748868295908    
 -0.2344574594841256    
 -0.2350304671887107    
 -0.2355938790130985    
 -0.2361476646253947    
 -0.2366917943005912    
 -0.2372262389290445    
 -0.2377509700249059    
 -0.2382659597344901    
 -0.2387711808445788    
 -0.2392666067906395    
 -0.2397522116649503    
 -0.2402279702246179    
 -0.2406938578994891    
 -0.2411498507999501    
 -0.2415959257246116    
 -0.2420320601678649    
 -0.2424582323273014    
 -0.2428744211109709    
 -0.2432806061444737    
 -0.2436767677778739    
 -0.2440628870924395    
 -0.2444389459071998    
 -0.2448049267853114    
 -0.2451608130402196    
 -0.2455065887416032    
 -0.2458422387210863    
 -0.2461677485777132    
 -0.2464831046831805    
 -0.2467882941868225    
 -0.2470833050203409    
 -0.2473681259022667    
 -0.2476427463421433    
 -0.2479071566444266    
 -0.2481613479120932    
 -0.2484053120499490    
 -0.2486390417676281    
 -0.2488625305822825    
 -0.2490757728209452    
 -0.2492787636225675    
 -0.2494714989397240    
 -0.2496539755399790    
 -0.2498261910069111    
 -0.2499881437407914    
 -0.2501398329589022    
 -0.2502812586955017    
 -0.2504124218014190    
 -0.2505333239432850    
 -0.2506439676023910    
 -0.2507443560731815    
 -0.2508344934613713    
 -0.2509143846816966    
 -0.2509840354552839    
 -0.2510434523066514    
 -0.2510926425603270    
 -0.2511316143370921    
 -0.2511603765498425    
 -0.2511789388990779    
 -0.2511873118680175    
 -0.2511855067173483    
 -0.2511735354796076    
 -0.2511514109532096    
 -0.2511191466961091    
 -0.2510767570191108    
 -0.2510242569788159    
 -0.2509616623702311    
 -0.2508889897190338    
 -0.2508062562735169    
 -0.2507134799962023    
 -0.2506106795551472    
 -0.2504978743149252    
 -0.2503750843273083    
 -0.2502423303216506    
 -0.2500996336949939    
 -0.2499470165019011    
 -0.2497845014440252    
 -0.2496121118594119    
 -0.2494298717115586    
 -0.2492378055782360    
 -0.2490359386400949    
 -0.2488242966690675    
 -0.2486029060165673    
 -0.2483717936014918    
 -0.2481309868980421    
 -0.2478805139233703    
 -0.2476204032250879    
 -0.2473506838686390    
 -0.2470713854245479    
 -0.2467825379555504    
 -0.2464841720036142    
 -0.2461763185768719    
 -0.2458590091364838    
 -0.2455322755834369    
 -0.2451961502452967    
 -0.2448506658629115    
 -0.2444958555770900    
 -0.2441317529152642    
 -0.2437583917781634    
 -0.2433758064265030    
 -0.2429840314676999    
 -0.2425831018426161    
 -0.2421730528123533    
 -0.2417539199451029    
 -0.2413257391030734    
 -0.2408885464295005    
 -0.2404423783357527    
 -0.2399872714885409    
 -0.2395232627972463    
 -0.2390503894013707    
 -0.2385686886581300    
 -0.2380781981301894    
 -0.2375789555735521    
 -0.2370709989256077    
 -0.2365543662933567    
 -0.2360290959418125    
 -0.2354952262826013    
 -0.2349527958627511    
 -0.2344018433536901    
 -0.2338424075404504    
 -0.2332745273110898    
 -0.2326982416463326    
 -0.2321135896094411    
 -0.2315206103363198    
 -0.2309193430258566    
 -0.2303098269305068    
 -0.2296921013471290    
 -0.2290662056080728    
 -0.2284321790725230    
 -0.2277900611180979    
 -0.2271398911327105    
 -0.2264817085066878    
 -0.2258155526251586    
 -0.2251414628606980    
 -0.2244594785662539    
 -0.2237696390683301    
 -0.2230719836604495    
 -0.2223665515968798    
 -0.2216533820866353    
 -0.2209325142877423    
 -0.2202039873017798    
 -0.2194678401686816    
 -0.2187241118618087    
 -0.2179728412832860    
 -0.2172140672596037    
 -0.2164478285374796    
 -0.2156741637799859    
 -0.2148931115629311    
 -0.2141047103714998    
 -0.2133089985971393    
 -0.2125060145347020    
 -0.2116957963798263    
 -0.2108783822265689    
 -0.2100538100652678    
 -0.2092221177806488    
 -0.2083833431501612    
 -0.2075375238425434    
 -0.2066846974166090    
 -0.2058249013202573    
 -0.2049581728896959    
 -0.2040845493488760    
 -0.2032040678091314    
 -0.2023167652690221    
 -0.2014226786143740    
 -0.2005218446185155    
 -0.1996142999426953    
 -0.1987000811366939    
 -0.1977792246396031    
 -0.1968517667807881    
 -0.1959177437810096    
 -0.1949771917537144    
 -0.1940301467064796    
 -0.1930766445426171    
 -0.1921167210629178    
 -0.1911504119675491    
 -0.1901777528580841    
 -0.1891987792396704    
 -0.1882135265233231    
 -0.1872220300283432    
 -0.1862243249848539    
 -0.1852204465364531    
 -0.1842104297429696    
 -0.1831943095833302    
 -0.1821721209585201    
 -0.1811438986946452    
 -0.1801096775460773    
 -0.1790694921986913    
 -0.1780233772731792    
 -0.1769713673284448    
 -0.1759134968650642    
 -0.1748498003288215    
 -0.1737803121143016    
 -0.1727050665685477    
 -0.1716240979947685    
 -0.1705374406560995    
 -0.1694451287794092    
 -0.1683471965591516    
 -0.1672436781612507    
 -0.1661346077270283    
 -0.1650200193771576    
 -0.1638999472156479    
 -0.1627744253338523    
 -0.1616434878144970    
 -0.1605071687357265    
 -0.1593655021751653    
 -0.1582185222139867    
 -0.1570662629409909    
 -0.1559087584566860    
 -0.1547460428773726    
 -0.1535781503392228    
 -0.1524051150023589    
 -0.1512269710549199    
 -0.1500437527171252    
 -0.1488554942453164    
 -0.1476622299359920    
 -0.1464639941298180    
 -0.1452608212156228    
 -0.1440527456343652    
 -0.1428398018830803    
 -0.1416220245187955    
 -0.1403994481624209    
 -0.1391721075026029    
 -0.1379400372995496    
 -0.1367032723888161    
 -0.1354618476850571    
 -0.1342157981857364    
 -0.1329651589747962    
 -0.1317099652262861    
 -0.1304502522079465    
 -0.1291860552847435    
 -0.1279174099223617    
 -0.1266443516906433    
 -0.1253669162669813    
 -0.1240851394396593    
 -0.1227990571111396    
 -0.1215087053012962    
 -0.1202141201505951    
 -0.1189153379232151    
 -0.1176123950101146    
 -0.1163053279320375    
 -0.1149941733424630    
 -0.1136789680304925    
 -0.1123597489236783    
 -0.1110365530907886    
 -0.1097094177445150    
 -0.1083783802441101    
 -0.1070434780979682    
 -0.1057047489661366    
 -0.1043622306627676    
 -0.1030159611585000    
 -0.1016659785827793    
 -0.1003123212261077    
 -0.9895502754223323E-01
 -0.9759413615026591E-01
 -0.9622968583673169E-01
 -0.9486171555755574E-01
 -0.9349026443998176E-01
 -0.9211537178441936E-01
 -0.9073707706622597E-01
 -0.8935541993742002E-01
 -0.8797044022832989E-01
 -0.8658217794916290E-01
 -0.8519067329152485E-01
 -0.8379596662985334E-01
 -0.8239809852279462E-01
 -0.8099710971450924E-01
 -0.7959304113591009E-01
 -0.7818593390583128E-01
 -0.7677582933213301E-01
 -0.7536276891273436E-01
 -0.7394679433658341E-01
 -0.7252794748455532E-01
 -0.7110627043028867E-01
 -0.6968180544095054E-01
 -0.6825459497794023E-01
 -0.6682468169752265E-01
 -0.6539210845140236E-01
 -0.6395691828722749E-01
 -0.6251915444903405E-01
 -0.6107886037762267E-01
 -0.5963607971087498E-01
 -0.5819085628400544E-01
 -0.5674323412975107E-01
 -0.5529325747849723E-01
 -0.5384097075834537E-01
 -0.5238641859511500E-01
 -0.5092964581228920E-01
 -0.4947069743089672E-01
 -0.4800961866933945E-01
 -0.4654645494315696E-01
 -0.4508125186473699E-01
 -0.4361405524296580E-01
 -0.4214491108282675E-01
 -0.4067386558493769E-01
 -0.3920096514503818E-01
 -0.3772625635341820E-01
 -0.3624978599429635E-01
 -0.3477160104514315E-01
 -0.3329174867595186E-01
 -0.3181027624845734E-01
 -0.3032723131530540E-01
 -0.2884266161917082E-01
 -0.2735661509182652E-01
 -0.2586913985316475E-01
 -0.2438028421017213E-01
 -0.2289009665585673E-01
 -0.2139862586813118E-01
 -0.1990592070864922E-01
 -0.1841203022160015E-01
 -0.1691700363245774E-01
 -0.1542089034668837E-01
 -0.1392373994841423E-01
 -0.1242560219903854E-01
 -0.1092652703582897E-01
 -0.9426564570461704E-02
 -0.7925765087527348E-02
 -0.6424179043001521E-02
 -0.4921857062676616E-02
 -0.3418849940561852E-02
 -0.1915208637245813E-02
 -0.4109842782287210E-03
  0.1093771847779534E-02
  0.2599008290594174E-02
  0.4104673440320949E-02
  0.5610715529150934E-02
  0.7117082633189442E-02
  0.8623722674309109E-02
  0.1013058342203604E-01
  0.1163761249545797E-01
  0.1314475736516035E-01
  0.1465196535518642E-01
  0.1615918364502184E-01
  0.1766635927159843E-01
  0.1917343913132363E-01
  0.2068036998212824E-01
  0.2218709844553740E-01
  0.2369357100875952E-01
  0.2519973402679687E-01
  0.2670553372457340E-01
  0.2821091619908311E-01
  0.2971582742155138E-01
  0.3122021323961532E-01
  0.3272401937951669E-01
  0.3422719144830971E-01
  0.3572967493607937E-01
  0.3723141521817319E-01
  0.3873235755744364E-01
  0.4023244710650387E-01
  0.4173162890999094E-01
  0.4322984790684276E-01
  0.4472704893258256E-01
  0.4622317672161480E-01
  0.4771817590952643E-01
  0.4921199103539670E-01
  0.5070456654411215E-01
  0.5219584678868783E-01
  0.5368577603258973E-01
  0.5517429845206423E-01
  0.5666135813846956E-01
  0.5814689910061110E-01
  0.5963086526707939E-01
  0.6111320048859170E-01
  0.6259384854033506E-01
  0.6407275312431343E-01
  0.6554985787169332E-01
  0.6702510634515230E-01
  0.6849844204122529E-01
  0.6996980839265182E-01
  0.7143914877071955E-01
  0.7290640648760821E-01
  0.7437152479873016E-01
  0.7583444690506930E-01
  0.7729511595551819E-01
  0.7875347504921321E-01
  0.8020946723786748E-01
  0.8166303552810228E-01
  0.8311412288377484E-01
  0.8456267222830366E-01
  0.8600862644699153E-01
  0.8745192838934518E-01
  0.8889252087138849E-01
  0.9033034667797563E-01
  0.9176534856509649E-01
  0.9319746926218236E-01
  0.9462665147440230E-01
  0.9605283788495989E-01
  0.9747597115738610E-01
  0.9889599393782933E-01
  0.1003128488573409    
  0.1017264785341614    
  0.1031368255760032    
  0.1045438325823315    
  0.1059474421466417    
  0.1073475968587354    
  0.1087442393069942    
  0.1101373120806536    
  0.1115267577720726    
  0.1129125189790057    
  0.1142945383068745    
  0.1156727583710404    
  0.1170471217990784    
  0.1184175712330530    
  0.1197840493317974    
  0.1211464987731962    
  0.1225048622564706    
  0.1238590825044699    
  0.1252091022659680    
  0.1265548643179671    
  0.1278963114680072    
  0.1292333865564821    
  0.1305660324589661    
  0.1318941920885495    
  0.1332178083981812    
  0.1345368243830269    
  0.1358511830828373    
  0.1371608275843312    
  0.1384657010235952    
  0.1397657465884976    
  0.1410609075211220    
  0.1423511271202205    
  0.1436363487436844    
  0.1449165158110373    
  0.1461915718059506    
  0.1474614602787814    
  0.1487261248491341    
  0.1499855092084474    
  0.1512395571226097    
  0.1524882124346019    
  0.1537314190671721    
  0.1549691210255426    
  0.1562012624001523    
  0.1574277873694370    
  0.1586486402026467    
  0.1598637652627017    
  0.1610731070090932    
  0.1622766100008209    
  0.1634742188993779    
  0.1646658784717740    
  0.1658515335936102    
  0.1670311292521984    
  0.1682046105497308    
  0.1693719227065040    
  0.1705330110641988    
  0.1716878210892170    
  0.1728362983760769    
  0.1739783886508693    
  0.1751140377747730    
  0.1762431917476337    
  0.1773657967116073    
  0.1784817989548675    
  0.1795911449153862    
  0.1806937811847826    
  0.1817896545122470    
  0.1828787118085382    
  0.1839609001500573    
  0.1850361667829996    
  0.1861044591275809    
  0.1871657247823447    
  0.1882199115285528    
  0.1892669673346593    
  0.1903068403608716    
  0.1913394789637997    
  0.1923648317011943    
  0.1933828473367770    
  0.1943934748451585    
  0.1953966634168502    
  0.1963923624633706    
  0.1973805216224449    
  0.1983610907633030    
  0.1993340199920706    
  0.2002992596572619    
  0.2012567603553690    
  0.2022064729365515    
  0.2031483485104253    
  0.2040823384519552    
  0.2050083944074507    
  0.2059264683006602    
  0.2068365123389679    
  0.2077384790196906    
  0.2086323211364781    
  0.2095179917858133    
  0.2103954443736158    
  0.2112646326219501    
  0.2121255105758340    
  0.2129780326101476    
  0.2138221534366369    
  0.2146578281110180    
  0.2154850120401747    
  0.2163036609894522    
  0.2171137310900450    
  0.2179151788464782    
  0.2187079611441813    
  0.2194920352571468    
  0.2202673588556738    
  0.2210338900141959    
  0.2217915872191891    
  0.2225404093771619    
  0.2232803158227179    
  0.2240112663266953    
  0.2247332211043691    
  0.2254461408237167    
  0.2261499866137408    
  0.2268447200728496    
  0.2275303032772880    
  0.2282066987896183    
  0.2288738696672421    
  0.2295317794709628    
  0.2301803922735799    
  0.2308196726685066    
  0.2314495857784079    
  0.2320700972638527    
  0.2326811733319754    
  0.2332827807451379    
  0.2338748868295908    
  0.2344574594841256    
  0.2350304671887107    
  0.2355938790130985    
  0.2361476646253947    
  0.2366917943005912    
  0.2372262389290445    
  0.2377509700249059    
  0.2382659597344901    
  0.2387711808445788    
  0.2392666067906395    
  0.2397522116649503    
  0.2402279702246179    
  0.2406938578994891    
  0.2411498507999501    
  0.2415959257246116    
  0.2420320601678649    
  0.2424582323273014    
  0.2428744211109709    
  0.2432806061444737    
  0.2436767677778739    
  0.2440628870924395    
  0.2444389459071998    
  0.2448049267853114    
  0.2451608130402196    
  0.2455065887416032    
  0.2458422387210863    
  0.2461677485777132    
  0.2464831046831805    
  0.2467882941868225    
  0.2470833050203409    
  0.2473681259022667    
  0.2476427463421433    
  0.2479071566444266    
  0.2481613479120932    
  0.2484053120499490    
  0.2486390417676281    
  0.2488625305822825    
  0.2490757728209452    
  0.2492787636225675    
  0.2494714989397240    
  0.2496539755399790    
  0.2498261910069111    
  0.2499881437407914    
  0.2501398329589022    
  0.2502812586955017    
  0.2504124218014190    
  0.2505333239432850    
  0.2506439676023910    
  0.2507443560731815    
  0.2508344934613713    
  0.2509143846816966    
  0.2509840354552839    
  0.2510434523066514    
  0.2510926425603270    
  0.2511316143370921    
  0.2511603765498425    
  0.2511789388990779    
  0.2511873118680175    
  0.2511855067173483    
  0.2511735354796076    
  0.2511514109532096    
  0.2511191466961091    
  0.2510767570191108    
  0.2510242569788159    
  0.2509616623702311    
  0.2508889897190338    
  0.2508062562735169    
  0.2507134799962023    
  0.2506106795551472    
  0.2504978743149252    
  0.2503750843273083    
  0.2502423303216506    
  0.2500996336949939    
  0.2499470165019011    
  0.2497845014440252    
  0.2496121118594119    
  0.2494298717115586    
  0.2492378055782360    
  0.2490359386400949    
  0.2488242966690675    
  0.2486029060165673    
  0.2483717936014918    
  0.2481309868980421    
  0.2478805139233703    
  0.2476204032250879    
  0.2473506838686390    
  0.2470713854245479    
  0.2467825379555504    
  0.2464841720036142    
  0.2461763185768719    
  0.2458590091364838    
  0.2455322755834369    
  0.2451961502452967    
  0.2448506658629115    
  0.2444958555770900    
  0.2441317529152642    
  0.2437583917781634    
  0.2433758064265030    
  0.2429840314676999    
  0.2425831018426161    
  0.2421730528123533    
  0.2417539199451029    
  0.2413257391030734    
  0.2408885464295005    
  0.2404423783357527    
  0.2399872714885409    
  0.2395232627972463    
  0.2390503894013707    
  0.2385686886581300    
  0.2380781981301894    
  0.2375789555735521    
  0.2370709989256077    
  0.2365543662933567    
  0.2360290959418125    
  0.2354952262826013    
  0.2349527958627511    
  0.2344018433536901    
  0.2338424075404504    
  0.2332745273110898    
  0.2326982416463326    
  0.2321135896094411    
  0.2315206103363198    
  0.2309193430258566    
  0.2303098269305068    
  0.2296921013471290    
  0.2290662056080728    
  0.2284321790725230    
  0.2277900611180979    
  0.2271398911327105    
  0.2264817085066878    
  0.2258155526251586    
  0.2251414628606980    
  0.2244594785662539    
  0.2237696390683301    
  0.2230719836604495    
  0.2223665515968798    
  0.2216533820866353    
  0.2209325142877423    
  0.2202039873017798    
  0.2194678401686816    
  0.2187241118618087    
  0.2179728412832860    
  0.2172140672596037    
  0.2164478285374796    
  0.2156741637799859    
  0.2148931115629311    
  0.2141047103714998    
  0.2133089985971393    
  0.2125060145347020    
  0.2116957963798263    
  0.2108783822265689    
  0.2100538100652678    
  0.2092221177806488    
  0.2083833431501612    
  0.2075375238425434    
  0.2066846974166090    
  0.2058249013202573    
  0.2049581728896959    
  0.2040845493488760    
  0.2032040678091314    
  0.2023167652690221    
  0.2014226786143740    
  0.2005218446185155    
  0.1996142999426953    
  0.1987000811366939    
  0.1977792246396031    
  0.1968517667807881    
  0.1959177437810096    
  0.1949771917537144    
  0.1940301467064796    
  0.1930766445426171    
  0.1921167210629178    
  0.1911504119675491    
  0.1901777528580841    
  0.1891987792396704    
  0.1882135265233231    
  0.1872220300283432    
  0.1862243249848539    
  0.1852204465364531    
  0.1842104297429696    
  0.1831943095833302    
  0.1821721209585201    
  0.1811438986946452    
  0.1801096775460773    
  0.1790694921986913    
  0.1780233772731792    
  0.1769713673284448    
  0.1759134968650642    
  0.1748498003288215    
  0.1737803121143016    
  0.1727050665685477    
  0.1716240979947685    
  0.1705374406560995    
  0.1694451287794092    
  0.1683471965591516    
  0.1672436781612507    
  0.1661346077270283    
  0.1650200193771576    
  0.1638999472156479    
  0.1627744253338523    
  0.1616434878144970    
  0.1605071687357265    
  0.1593655021751653    
  0.1582185222139867    
  0.1570662629409909    
  0.1559087584566860    
  0.1547460428773726    
  0.1535781503392228    
  0.1524051150023589    
  0.1512269710549199    
  0.1500437527171252    
  0.1488554942453164    
  0.1476622299359920    
  0.1464639941298180    
  0.1452608212156228    
  0.1440527456343652    
  0.1428398018830803    
  0.1416220245187955    
  0.1403994481624209    
  0.1391721075026029    
  0.1379400372995496    
  0.1367032723888161    
  0.1354618476850571    
  0.1342157981857364    
  0.1329651589747962    
  0.1317099652262861    
  0.1304502522079465    
  0.1291860552847435    
  0.1279174099223617    
  0.1266443516906433    
  0.1253669162669813    
  0.1240851394396593    
  0.1227990571111396    
  0.1215087053012962    
  0.1202141201505951    
  0.1189153379232151    
  0.1176123950101146    
  0.1163053279320375    
  0.1149941733424630    
  0.1136789680304925    
  0.1123597489236783    
  0.1110365530907886    
  0.1097094177445150    
  0.1083783802441101    
  0.1070434780979682    
  0.1057047489661366    
  0.1043622306627676    
  0.1030159611585000    
  0.1016659785827793    
  0.1003123212261077    
  0.9895502754223323E-01
  0.9759413615026591E-01
  0.9622968583673169E-01
  0.9486171555755574E-01
  0.9349026443998176E-01
  0.9211537178441936E-01
  0.9073707706622597E-01
  0.8935541993742002E-01
