  0.2498763359988918    
  0.2542801949226940    
  0.2588178092222546    
  0.2634938738982691    
  0.2683137405751848    
  0.2732829318476339    
  0.2784071247218883    
  0.2836927243679526    
  0.2891469203091531    
  0.2947771754314513    
  0.3005913018713854    
  0.3065980968618383    
  0.3128073372390452    
  0.3192292452307748    
  0.3258746780967197    
  0.3327558343995772    
  0.3398861691814051    
  0.3472798291942721    
  0.3549519700636616    
  0.3629195170920723    
  0.3712009338628156    
  0.3798155562768339    
  0.3887839654876320    
  0.3981286355264856    
  0.4078732388007649    
  0.4180414531323145    
  0.4286567939550823    
  0.4397421394278138    
  0.4513169469084395    
  0.4633931664381912    
  0.4759710153026559    
  0.4890318930399525    
  0.5025252261725425    
  0.5163496673231488    
  0.5303283759338496    
  0.5441735849461715    
  0.5574385170541380    
  0.5694657355785888    
  0.5793507640078753    
  0.5859521281079634    
  0.5879992304715805    
  0.5843433915989042    
  0.5743160647379484    
  0.5580349719933337    
  0.5364634228272109    
  0.5111598371019681    
  0.4838549153012178    
  0.4560788393993218    
  0.4289719240618763    
  0.4032666621055997    
  0.3793592874166237    
  0.3574049997012966    
  0.3374056224192258    
  0.3192759883013833    
  0.3028862529898179    
  0.2880875273619247    
  0.2747287876041793    
  0.2626666485805841    
  0.2517685589288971    
  0.2419135524078048    
  0.2329934461661204    
  0.2249129647426790    
  0.2175877931418528    
  0.2109428866628269    
  0.2049122928087632    
  0.1994385677764845    
  0.1944709156086474    
  0.1899639450510416    
  0.1858777643692102    
  0.1821776162328414    
  0.1788324760517364    
  0.1758143112037018    
  0.1730984296241266    
  0.1706632798447767    
  0.1684893690451738    
  0.1665588496240988    
  0.1648559955605116    
  0.1633670723437676    
  0.1620794556693300    
  0.1609814241836075    
  0.1600626854950847    
  0.1593142614873728    
  0.1587277383379381    
  0.1582951957566516    
  0.1580097418156997    
  0.1578653870016550    
  0.1578563869374907    
  0.1579772682905665    
  0.1582233516270168    
  0.1585906017915711    
  0.1590750411172787    
  0.1596728481044893    
  0.1603808573356967    
  0.1611963806388449    
  0.1621166776428984    
  0.1631391121975891    
  0.1642616230560612    
  0.1654825133512375    
  0.1667999706973256    
  0.1682122719391410    
  0.1697182209620758    
  0.1713169054587549    
  0.1730072619331409    
  0.1747883229280068    
  0.1766596200201974    
  0.1786209079293007    
  0.1806717720317163    
  0.1828119143751497    
  0.1850415205843634    
  0.1873609520411846    
  0.1897703955014527    
  0.1922701858330427    
  0.1948611355202153    
  0.1975441957229941    
  0.2003201492152702    
  0.2031899692135009    
  0.2061551099249886    
  0.2092171370790409    
  0.2123774667203882    
  0.2156377607074211    
  0.2190001764324672    
  0.2224669672604626    
  0.2260402710797736    
  0.2297225441407484    
  0.2335167676128382    
  0.2374260183996879    
  0.2414533131631845    
  0.2456020834236377    
  0.2498763359988918    
  0.2542801949226940    
  0.2588178092222546    
  0.2634938738982691    
  0.2683137405751848    
  0.2732829318476339    
  0.2784071247218883    
  0.2836927243679526    
  0.2891469203091531    
  0.2947771754314513    
  0.3005913018713854    
  0.3065980968618383    
  0.3128073372390452    
  0.3192292452307748    
  0.3258746780967197    
  0.3327558343995772    
  0.3398861691814051    
  0.3472798291942721    
  0.3549519700636616    
  0.3629195170920723    
  0.3712009338628156    
  0.3798155562768339    
  0.3887839654876320    
  0.3981286355264856    
  0.4078732388007649    
  0.4180414531323145    
  0.4286567939550823    
  0.4397421394278138    
  0.4513169469084395    
  0.4633931664381912    
  0.4759710153026559    
  0.4890318930399525    
  0.5025252261725425    
  0.5163496673231488    
  0.5303283759338496    
  0.5441735849461715    
  0.5574385170541380    
  0.5694657355785888    
  0.5793507640078753    
  0.5859521281079634    
  0.5879992304715805    
  0.5843433915989042    
  0.5743160647379484    
  0.5580349719933337    
  0.5364634228272109    
  0.5111598371019681    
  0.4838549153012178    
  0.4560788393993218    
  0.4289719240618763    
  0.4032666621055997    
  0.3793592874166237    
  0.3574049997012966    
  0.3374056224192258    
  0.3192759883013833    
  0.3028862529898179    
  0.2880875273619247    
  0.2747287876041793    
  0.2626666485805841    
  0.2517685589288971    
  0.2419135524078048    
  0.2329934461661204    
  0.2249129647426790    
  0.2175877931418528    
  0.2109428866628269    
  0.2049122928087632    
  0.1994385677764845    
  0.1944709156086474    
  0.1899639450510416    
  0.1858777643692102    
  0.1821776162328414    
  0.1788324760517364    
  0.1758143112037018    
  0.1730984296241266    
  0.1706632798447767    
  0.1684893690451738    
  0.1665588496240988    
  0.1648559955605116    
  0.1633670723437676    
  0.1620794556693300    
  0.1609814241836075    
  0.1600626854950847    
  0.1593142614873728    
  0.1587277383379381    
  0.1582951957566516    
  0.1580097418156997    
  0.1578653870016550    
  0.1578563869374907    
  0.1579772682905665    
  0.1582233516270168    
  0.1585906017915711    
  0.1590750411172787    
  0.1596728481044893    
  0.1603808573356967    
  0.1611963806388449    
  0.1621166776428984    
  0.1631391121975891    
  0.1642616230560612    
  0.1654825133512375    
  0.1667999706973256    
  0.1682122719391410    
  0.1697182209620758    
  0.1713169054587549    
  0.1730072619331409    
  0.1747883229280068    
  0.1766596200201974    
  0.1786209079293007    
  0.1806717720317163    
  0.1828119143751497    
  0.1850415205843634    
  0.1873609520411846    
  0.1897703955014527    
  0.1922701858330427    
  0.1948611355202153    
  0.1975441957229941    
  0.2003201492152702    
  0.2031899692135009    
  0.2061551099249886    
  0.2092171370790409    
  0.2123774667203882    
  0.2156377607074211    
  0.2190001764324672    
  0.2224669672604626    
  0.2260402710797736    
  0.2297225441407484    
  0.2335167676128382    
  0.2374260183996879    
  0.2414533131631845    
  0.2456020834236377    
