  0.4277178352011011    
  0.4274054661764988    
  0.4269455708337326    
  0.4263401115534304    
  0.4255906997407631    
  0.4246986134484964    
  0.4236648102632124    
  0.4224899373871387    
  0.4211743456136132    
  0.4197181064988019    
  0.4181210255394439    
  0.4163826502262853    
  0.4145022799023347    
  0.4124789802746970    
  0.4103115963774399    
  0.4079987595049344    
  0.4055388929733079    
  0.4029302224060812    
  0.4001707875593016    
  0.3972584496147505    
  0.3941908951551183    
  0.3909656427913943    
  0.3875800530281595    
  0.3840313363331126    
  0.3803165577642100    
  0.3764326422256221    
  0.3723763828052233    
  0.3681444494183155    
  0.3637333952982902    
  0.3591396633530018    
  0.3543595949670372    
  0.3493894402132712    
  0.3442253674372987    
  0.3388634730726797    
  0.3332997937785456    
  0.3275303207318010    
  0.3215510146215209    
  0.3153578216618766    
  0.3089466921976300    
  0.3023136020988344    
  0.2954545759766656    
  0.2883657123535359    
  0.2810432119854891    
  0.2734834096364416    
  0.2656828086434099    
  0.2576381183740273    
  0.2493462955351822    
  0.2408045895715148    
  0.2320105915220185    
  0.2229622862750574    
  0.2136581088987570    
  0.2040970050788791    
  0.1942784948254525    
  0.1842027390373288    
  0.1738706091881177    
  0.1632837597901596    
  0.1524447023586304    
  0.1413568798792629    
  0.1300247414205838    
  0.1184538159564801    
  0.1066507834546723    
  0.9462354146146579E-01
  0.8238126609890471E-01
  0.6993446593324001E-01
  0.5729502617270659E-01
  0.4447624083689550E-01
  0.3149283141991483E-01
  0.1836095037051459E-01
  0.5098166855443327E-02
 -0.8276567363668805E-02
 -0.2174297283482766E-01
 -0.3527951877957060E-01
 -0.4886352222297559E-01
 -0.6247127057740277E-01
 -0.7607816660230395E-01
 -0.8965889402077094E-01
 -0.1031876026433502    
 -0.1166381112306206    
 -0.1299841242898470    
 -0.1431994582062791    
 -0.1562582730996931    
 -0.1691353067648146    
 -0.1818061051989667    
 -0.1942472436198459    
 -0.2064365337753135    
 -0.2183532144713559    
 -0.2299781208313049    
 -0.2412938272775196    
 -0.2522847619586522    
 -0.2629372927451565    
 -0.2732397837848652    
 -0.2831826204390757    
 -0.2927582032058671    
 -0.3019609145877956    
 -0.3107870617263818    
 -0.3192347949733875    
 -0.3273040044821227    
 -0.3349962010124132    
 -0.3423143862132562    
 -0.3492629130790013    
 -0.3558473374586886    
 -0.3620742664751985    
 -0.3679512101680884    
 -0.3734864367367552    
 -0.3786888293654546    
 -0.3835677479114346    
 -0.3881329017706093    
 -0.3923942344125861    
 -0.3963618148415617    
 -0.4000457357809902    
 -0.4034560245340280    
 -0.4066025685520900    
 -0.4094950498285125    
 -0.4121428841136790    
 -0.4145551693817755    
 -0.4167406477897453    
 -0.4187076764567507    
 -0.4204642004269508    
 -0.4220177297983417    
 -0.4233753269858732    
 -0.4245436023296394    
 -0.4255287105681467    
 -0.4263363472130419    
 -0.4269717509239932    
 -0.4274397130503031    
 -0.4277445876166797    
 -0.4278902984305130    
 -0.4278803484934299    
 -0.4277178352011011    
 -0.4274054661764988    
 -0.4269455708337326    
 -0.4263401115534304    
 -0.4255906997407631    
 -0.4246986134484964    
 -0.4236648102632124    
 -0.4224899373871387    
 -0.4211743456136132    
 -0.4197181064988019    
 -0.4181210255394439    
 -0.4163826502262853    
 -0.4145022799023347    
 -0.4124789802746970    
 -0.4103115963774399    
 -0.4079987595049344    
 -0.4055388929733079    
 -0.4029302224060812    
 -0.4001707875593016    
 -0.3972584496147505    
 -0.3941908951551183    
 -0.3909656427913943    
 -0.3875800530281595    
 -0.3840313363331126    
 -0.3803165577642100    
 -0.3764326422256221    
 -0.3723763828052233    
 -0.3681444494183155    
 -0.3637333952982902    
 -0.3591396633530018    
 -0.3543595949670372    
 -0.3493894402132712    
 -0.3442253674372987    
 -0.3388634730726797    
 -0.3332997937785456    
 -0.3275303207318010    
 -0.3215510146215209    
 -0.3153578216618766    
 -0.3089466921976300    
 -0.3023136020988344    
 -0.2954545759766656    
 -0.2883657123535359    
 -0.2810432119854891    
 -0.2734834096364416    
 -0.2656828086434099    
 -0.2576381183740273    
 -0.2493462955351822    
 -0.2408045895715148    
 -0.2320105915220185    
 -0.2229622862750574    
 -0.2136581088987570    
 -0.2040970050788791    
 -0.1942784948254525    
 -0.1842027390373288    
 -0.1738706091881177    
 -0.1632837597901596    
 -0.1524447023586304    
 -0.1413568798792629    
 -0.1300247414205838    
 -0.1184538159564801    
 -0.1066507834546723    
 -0.9462354146146579E-01
 -0.8238126609890471E-01
 -0.6993446593324001E-01
 -0.5729502617270659E-01
 -0.4447624083689550E-01
 -0.3149283141991483E-01
 -0.1836095037051459E-01
 -0.5098166855443327E-02
  0.8276567363668805E-02
  0.2174297283482766E-01
  0.3527951877957060E-01
  0.4886352222297559E-01
  0.6247127057740277E-01
  0.7607816660230395E-01
  0.8965889402077094E-01
  0.1031876026433502    
  0.1166381112306206    
  0.1299841242898470    
  0.1431994582062791    
  0.1562582730996931    
  0.1691353067648146    
  0.1818061051989667    
  0.1942472436198459    
  0.2064365337753135    
  0.2183532144713559    
  0.2299781208313049    
  0.2412938272775196    
  0.2522847619586522    
  0.2629372927451565    
  0.2732397837848652    
  0.2831826204390757    
  0.2927582032058671    
  0.3019609145877956    
  0.3107870617263818    
  0.3192347949733875    
  0.3273040044821227    
  0.3349962010124132    
  0.3423143862132562    
  0.3492629130790013    
  0.3558473374586886    
  0.3620742664751985    
  0.3679512101680884    
  0.3734864367367552    
  0.3786888293654546    
  0.3835677479114346    
  0.3881329017706093    
  0.3923942344125861    
  0.3963618148415617    
  0.4000457357809902    
  0.4034560245340280    
  0.4066025685520900    
  0.4094950498285125    
  0.4121428841136790    
  0.4145551693817755    
  0.4167406477897453    
  0.4187076764567507    
  0.4204642004269508    
  0.4220177297983417    
  0.4233753269858732    
  0.4245436023296394    
  0.4255287105681467    
  0.4263363472130419    
  0.4269717509239932    
  0.4274397130503031    
  0.4277445876166797    
  0.4278902984305130    
  0.4278803484934299    
