  0.5309252316707198    
  0.5246076377576325    
  0.5180871247421528    
  0.5113683795025283    
  0.5044557799220958    
  0.4973534145180043    
  0.4900650970045928    
  0.4825943777969530    
  0.4749445591409382    
  0.4671187131001504    
  0.4591196952152568    
  0.4509501527945006    
  0.4426125347981566    
  0.4341091061034045    
  0.4254419599181408    
  0.4166130239404371    
  0.4076240651961764    
  0.3984766992232734    
  0.3891724005649445    
  0.3797125085380481    
  0.3700982295761139    
  0.3603306421330432    
  0.3504107046863400    
  0.3403392618052155    
  0.3301170467022160    
  0.3197446843806979    
  0.3092226978089457    
  0.2985515143293808    
  0.2877314698803033    
  0.2767628130898379    
  0.2656457118182655    
  0.2543802610950762    
  0.2429664904296717    
  0.2314043713812522    
  0.2196938274783658    
  0.2078347463020169    
  0.1958269922798197    
  0.1836704205197870    
  0.1713648932520508    
  0.1589102990533912    
  0.1463065738744714    
  0.1335537240006092    
  0.1206518521293875    
  0.1076011868363390    
  0.9440211474479882E-01
  0.8105521548490080E-01
  0.6756130037412039E-01
  0.5392145502002688E-01
  0.4013708517959627E-01
  0.2620996578793811E-01
  0.1214229379828047E-01
 -0.2063255179132278E-02
 -0.1640346731725995E-01
 -0.3087452853333542E-01
 -0.4547195974235146E-01
 -0.6019054978758742E-01
 -0.7502428735952638E-01
 -0.8996629292048264E-01
 -0.1050087510133944    
 -0.1201428439095300    
 -0.1353586885471418    
 -0.1506452785188371    
 -0.1659904321707111    
 -0.1813807483284946    
 -0.1968015721483238    
 -0.2122369733793460    
 -0.2276697384302765    
 -0.2430813778224396    
 -0.2584521514480888    
 -0.2737611136607868    
 -0.2889861789351149    
 -0.3041042086123608    
 -0.3190911198645575    
 -0.3339220173705760    
 -0.3485713464300068    
 -0.3630130656132475    
 -0.3772208376234116    
 -0.3911682364262025    
 -0.4048289666861398    
 -0.4181770907932540    
 -0.4311872597875764    
 -0.4438349444756315    
 -0.4560966612126281    
 -0.4679501862829772    
 -0.4793747547593099    
 -0.4903512408658499    
 -0.5008623154879146    
 -0.5108925760034748    
 -0.5204286463881758    
 -0.5294592479462655    
 -0.5379752398866395    
 -0.5459696278226729    
 -0.5534375410865191    
 -0.5603761830722085    
 -0.5667847576441545    
 -0.5726643719959343    
 -0.5780179182718960    
 -0.5828499403324898    
 -0.5871664910402250    
 -0.5909749808539230    
 -0.5942840187258485    
 -0.5971032512443605    
 -0.5994432063339248    
 -0.6013151418473701    
 -0.6027308970301434    
 -0.6037027501452996    
 -0.6042432885024122    
 -0.6043652912528699    
 -0.6040816201267777    
 -0.6034051178826435    
 -0.6023485203412371    
 -0.6009243838737306    
 -0.5991450223311841    
 -0.5970224493747199    
 -0.5945683305908047    
 -0.5917939494932570    
 -0.5887101825957692    
 -0.5853274768766257    
 -0.5816558316169562    
 -0.5777047904936233    
 -0.5734834420004149    
 -0.5690004206644153    
 -0.5642639081189108    
 -0.5592816401003817    
 -0.5540609204268230    
 -0.5486086351750078    
 -0.5429312637703971    
 -0.5370348921875896    
 -0.5309252316707198    
 -0.5246076377576325    
 -0.5180871247421528    
 -0.5113683795025283    
 -0.5044557799220958    
 -0.4973534145180043    
 -0.4900650970045928    
 -0.4825943777969530    
 -0.4749445591409382    
 -0.4671187131001504    
 -0.4591196952152568    
 -0.4509501527945006    
 -0.4426125347981566    
 -0.4341091061034045    
 -0.4254419599181408    
 -0.4166130239404371    
 -0.4076240651961764    
 -0.3984766992232734    
 -0.3891724005649445    
 -0.3797125085380481    
 -0.3700982295761139    
 -0.3603306421330432    
 -0.3504107046863400    
 -0.3403392618052155    
 -0.3301170467022160    
 -0.3197446843806979    
 -0.3092226978089457    
 -0.2985515143293808    
 -0.2877314698803033    
 -0.2767628130898379    
 -0.2656457118182655    
 -0.2543802610950762    
 -0.2429664904296717    
 -0.2314043713812522    
 -0.2196938274783658    
 -0.2078347463020169    
 -0.1958269922798197    
 -0.1836704205197870    
 -0.1713648932520508    
 -0.1589102990533912    
 -0.1463065738744714    
 -0.1335537240006092    
 -0.1206518521293875    
 -0.1076011868363390    
 -0.9440211474479882E-01
 -0.8105521548490080E-01
 -0.6756130037412039E-01
 -0.5392145502002688E-01
 -0.4013708517959627E-01
 -0.2620996578793811E-01
 -0.1214229379828047E-01
  0.2063255179132278E-02
  0.1640346731725995E-01
  0.3087452853333542E-01
  0.4547195974235146E-01
  0.6019054978758742E-01
  0.7502428735952638E-01
  0.8996629292048264E-01
  0.1050087510133944    
  0.1201428439095300    
  0.1353586885471418    
  0.1506452785188371    
  0.1659904321707111    
  0.1813807483284946    
  0.1968015721483238    
  0.2122369733793460    
  0.2276697384302765    
  0.2430813778224396    
  0.2584521514480888    
  0.2737611136607868    
  0.2889861789351149    
  0.3041042086123608    
  0.3190911198645575    
  0.3339220173705760    
  0.3485713464300068    
  0.3630130656132475    
  0.3772208376234116    
  0.3911682364262025    
  0.4048289666861398    
  0.4181770907932540    
  0.4311872597875764    
  0.4438349444756315    
  0.4560966612126281    
  0.4679501862829772    
  0.4793747547593099    
  0.4903512408658499    
  0.5008623154879146    
  0.5108925760034748    
  0.5204286463881758    
  0.5294592479462655    
  0.5379752398866395    
  0.5459696278226729    
  0.5534375410865191    
  0.5603761830722085    
  0.5667847576441545    
  0.5726643719959343    
  0.5780179182718960    
  0.5828499403324898    
  0.5871664910402250    
  0.5909749808539230    
  0.5942840187258485    
  0.5971032512443605    
  0.5994432063339248    
  0.6013151418473701    
  0.6027308970301434    
  0.6037027501452996    
  0.6042432885024122    
  0.6043652912528699    
  0.6040816201267777    
  0.6034051178826435    
  0.6023485203412371    
  0.6009243838737306    
  0.5991450223311841    
  0.5970224493747199    
  0.5945683305908047    
  0.5917939494932570    
  0.5887101825957692    
  0.5853274768766257    
  0.5816558316169562    
  0.5777047904936233    
  0.5734834420004149    
  0.5690004206644153    
  0.5642639081189108    
  0.5592816401003817    
  0.5540609204268230    
  0.5486086351750078    
  0.5429312637703971    
  0.5370348921875896    
