   1.984305214424993    
   1.999698163599970    
   2.015467832947814    
   2.034092010983878    
   2.053727286278052    
   2.072110658088917    
   2.090877029949859    
   2.112026582029229    
   2.133969004635000    
   2.154760348947668    
   2.175715243675736    
   2.198381415211239    
   2.221211700085302    
   2.242390752296832    
   2.262861747177253    
   2.283605004514015    
   2.302818089671408    
   2.318469337010641    
   2.330808947926366    
   2.339800768614307    
   2.342699299411827    
   2.336385520449442    
   2.319363467959025    
   2.289180068930769    
   2.240241290058487    
   2.165851520203904    
   2.059537428472695    
   1.912166926621614    
   1.709716853226838    
   1.434752690404724    
   1.066772290605889    
  0.5788405022627965    
 -0.6435061468037447E-01
 -0.9042406720718337    
  -1.985912883812939    
  -3.355427728196441    
  -5.049682820319266    
  -7.075501584021721    
  -9.383410807476107    
  -11.84368613940127    
  -14.23652231151563    
  -16.27817801623893    
  -17.69532375807834    
  -18.31923336750067    
  -18.14180369098036    
  -17.29984924284054    
  -16.00832576498334    
  -14.48803998585991    
  -12.91717944476684    
  -11.41312086311094    
  -10.03926367133395    
  -8.823109986844877    
  -7.769892255223722    
  -6.869086015895168    
  -6.102301601848620    
  -5.452607692020792    
  -4.905848695169400    
  -4.445620491774785    
  -4.054705989352108    
  -3.722398253651932    
  -3.443325435764417    
  -3.208419590995822    
  -3.005401644220635    
  -2.829212885822217    
  -2.681887360681192    
  -2.559602283610817    
  -2.450934687544089    
  -2.351770067615519    
  -2.269393543315266    
  -2.205459903912629    
  -2.147963744328515    
  -2.089105086547064    
  -2.037993081055765    
  -2.003388021569785    
  -1.975829577032828    
  -1.942081269752973    
  -1.907312791339748    
  -1.885199330492302    
  -1.873090344054062    
  -1.856366100255500    
  -1.833665165984789    
  -1.817785720409307    
  -1.811919861341675    
  -1.804588872413703    
  -1.790804870779113    
  -1.779847953746291    
  -1.777033486308859    
  -1.774508593640935    
  -1.766705685930731    
  -1.759887596074415    
  -1.758944554429701    
  -1.758329245047623    
  -1.753883411482447    
  -1.751007345870183    
  -1.753059704899782    
  -1.753810284954506    
  -1.749842585002519    
  -1.748454301977004    
  -1.754018427632315    
  -1.758379845950747    
  -1.755274176897081    
  -1.752779418338221    
  -1.759350446466293    
  -1.768075195603581    
  -1.768610888550297    
  -1.765745594695361    
  -1.770834939914621    
  -1.781652671906001    
  -1.786919445832088    
  -1.786496435902369    
  -1.790719737074240    
  -1.801500571181653    
  -1.809931419305758    
  -1.813101710724321    
  -1.818514944040875    
  -1.829559110530230    
  -1.839968488400911    
  -1.846252049931461    
  -1.853748255985449    
  -1.865979589898708    
  -1.878418413538938    
  -1.887637171628670    
  -1.897535603167549    
  -1.911468660151375    
  -1.926153493389690    
  -1.938433173308628    
  -1.951125852530017    
  -1.967209816665469    
  -1.984305214424993    
  -1.999698163599970    
  -2.015467832947814    
  -2.034092010983878    
  -2.053727286278052    
  -2.072110658088917    
  -2.090877029949859    
  -2.112026582029229    
  -2.133969004635000    
  -2.154760348947668    
  -2.175715243675736    
  -2.198381415211239    
  -2.221211700085302    
  -2.242390752296832    
  -2.262861747177253    
  -2.283605004514015    
  -2.302818089671408    
  -2.318469337010641    
  -2.330808947926366    
  -2.339800768614307    
  -2.342699299411827    
  -2.336385520449442    
  -2.319363467959025    
  -2.289180068930769    
  -2.240241290058487    
  -2.165851520203904    
  -2.059537428472695    
  -1.912166926621614    
  -1.709716853226838    
  -1.434752690404724    
  -1.066772290605889    
 -0.5788405022627965    
  0.6435061468037447E-01
  0.9042406720718337    
   1.985912883812939    
   3.355427728196441    
   5.049682820319266    
   7.075501584021721    
   9.383410807476107    
   11.84368613940127    
   14.23652231151563    
   16.27817801623893    
   17.69532375807834    
   18.31923336750067    
   18.14180369098036    
   17.29984924284054    
   16.00832576498334    
   14.48803998585991    
   12.91717944476684    
   11.41312086311094    
   10.03926367133395    
   8.823109986844877    
   7.769892255223722    
   6.869086015895168    
   6.102301601848620    
   5.452607692020792    
   4.905848695169400    
   4.445620491774785    
   4.054705989352108    
   3.722398253651932    
   3.443325435764417    
   3.208419590995822    
   3.005401644220635    
   2.829212885822217    
   2.681887360681192    
   2.559602283610817    
   2.450934687544089    
   2.351770067615519    
   2.269393543315266    
   2.205459903912629    
   2.147963744328515    
   2.089105086547064    
   2.037993081055765    
   2.003388021569785    
   1.975829577032828    
   1.942081269752973    
   1.907312791339748    
   1.885199330492302    
   1.873090344054062    
   1.856366100255500    
   1.833665165984789    
   1.817785720409307    
   1.811919861341675    
   1.804588872413703    
   1.790804870779113    
   1.779847953746291    
   1.777033486308859    
   1.774508593640935    
   1.766705685930731    
   1.759887596074415    
   1.758944554429701    
   1.758329245047623    
   1.753883411482447    
   1.751007345870183    
   1.753059704899782    
   1.753810284954506    
   1.749842585002519    
   1.748454301977004    
   1.754018427632315    
   1.758379845950747    
   1.755274176897081    
   1.752779418338221    
   1.759350446466293    
   1.768075195603581    
   1.768610888550297    
   1.765745594695361    
   1.770834939914621    
   1.781652671906001    
   1.786919445832088    
   1.786496435902369    
   1.790719737074240    
   1.801500571181653    
   1.809931419305758    
   1.813101710724321    
   1.818514944040875    
   1.829559110530230    
   1.839968488400911    
   1.846252049931461    
   1.853748255985449    
   1.865979589898708    
   1.878418413538938    
   1.887637171628670    
   1.897535603167549    
   1.911468660151375    
   1.926153493389690    
   1.938433173308628    
   1.951125852530017    
   1.967209816665469    
