  0.4441252482302923    
  0.4377984152420368    
  0.4312986817538836    
  0.4246296729704286    
  0.4177948141214666    
  0.4107973326553794    
  0.4036402828987336    
  0.3963265665355266    
  0.3888589285207793    
  0.3812399506374732    
  0.3734720677082727    
  0.3655575902495927    
  0.3574987057332996    
  0.3492974678884692    
  0.3409558025756317    
  0.3324755275352558    
  0.3238583589883102    
  0.3151059022992687    
  0.3062196510629689    
  0.2972010016852220    
  0.2880512625943970    
  0.2787716483677086    
  0.2693632764410755    
  0.2598271781090329    
  0.2501643094609833    
  0.2403755495500050    
  0.2304616974047883    
  0.2204234815262981    
  0.2102615733336480    
  0.1999765909155591    
  0.1895690991491616    
  0.1790396198203353    
  0.1683886484444737    
  0.1576166651884948    
  0.1467241413704819    
  0.1357115533052368    
  0.1245794039513266    
  0.1133282422164307    
  0.1019586786359514    
  0.9047140651490970E-01
  0.7886723077037272E-01
  0.6714709685824738E-01
  0.5531211744486436E-01
  0.4336360363409406E-01
  0.3130310337617870E-01
  0.1913244113227619E-01
  0.6853756152302382E-02
 -0.5530455400099665E-02
 -0.1801729203204885E-01
 -0.3060339728072503E-01
 -0.4328491169903342E-01
 -0.5605742236319744E-01
 -0.6891590789146138E-01
 -0.8185468385598806E-01
 -0.9486735182161588E-01
 -0.1079467487239938    
 -0.1210848949978164    
 -0.1342729466192802    
 -0.1475011549818778    
 -0.1607588319177465    
 -0.1740343183675759    
 -0.1873149621161119    
 -0.2005871092351712    
 -0.2138361068139696    
 -0.2270463149324752    
 -0.2402011329783838    
 -0.2532830451831816    
 -0.2662736824686177    
 -0.2791538969623978    
 -0.2919038530230172    
 -0.3045031391505192    
 -0.3169308964656312    
 -0.3291659573230619    
 -0.3411869957647194    
 -0.3529726934627717    
 -0.3645019152648385    
 -0.3757538846255323    
 -0.3867083584267248    
 -0.3973458051583706    
 -0.4076475804169686    
 -0.4175960875222745    
 -0.4271749214664429    
 -0.4363690028045125    
 -0.4451646981887243    
 -0.4535499143887138    
 -0.4615141632762152    
 -0.4690486089566369    
 -0.4761460996920693    
 -0.4828011718316675    
 -0.4890100211493583    
 -0.4947704567906371    
 -0.5000818484764229    
 -0.5049450555540522    
 -0.5093623280395918    
 -0.5133371951414271    
 -0.5168743604496030    
 -0.5199795957686154    
 -0.5226596156669248    
 -0.5249219424532914    
 -0.5267747879338613    
 -0.5282269513466485    
 -0.5292877080830733    
 -0.5299666868732918    
 -0.5302737648170592    
 -0.5302189917190729    
 -0.5298125163301354    
 -0.5290644964306614    
 -0.5279850179314609    
 -0.5265840485049305    
 -0.5248714054390533    
 -0.5228567054511881    
 -0.5205493088186597    
 -0.5179582935173443    
 -0.5150924547501208    
 -0.5119602912785585    
 -0.5085699725845637    
 -0.5049293232300465    
 -0.5010458383187053    
 -0.4969266963533024    
 -0.4925787468435891    
 -0.4880084995205055    
 -0.4832221424463364    
 -0.4782255682940275    
 -0.4730243774951208    
 -0.4676238712085308    
 -0.4620290660292449    
 -0.4562447233571852    
 -0.4502753610258490    
 -0.4441252482302923    
 -0.4377984152420368    
 -0.4312986817538836    
 -0.4246296729704286    
 -0.4177948141214666    
 -0.4107973326553794    
 -0.4036402828987336    
 -0.3963265665355266    
 -0.3888589285207793    
 -0.3812399506374732    
 -0.3734720677082727    
 -0.3655575902495927    
 -0.3574987057332996    
 -0.3492974678884692    
 -0.3409558025756317    
 -0.3324755275352558    
 -0.3238583589883102    
 -0.3151059022992687    
 -0.3062196510629689    
 -0.2972010016852220    
 -0.2880512625943970    
 -0.2787716483677086    
 -0.2693632764410755    
 -0.2598271781090329    
 -0.2501643094609833    
 -0.2403755495500050    
 -0.2304616974047883    
 -0.2204234815262981    
 -0.2102615733336480    
 -0.1999765909155591    
 -0.1895690991491616    
 -0.1790396198203353    
 -0.1683886484444737    
 -0.1576166651884948    
 -0.1467241413704819    
 -0.1357115533052368    
 -0.1245794039513266    
 -0.1133282422164307    
 -0.1019586786359514    
 -0.9047140651490970E-01
 -0.7886723077037272E-01
 -0.6714709685824738E-01
 -0.5531211744486436E-01
 -0.4336360363409406E-01
 -0.3130310337617870E-01
 -0.1913244113227619E-01
 -0.6853756152302382E-02
  0.5530455400099665E-02
  0.1801729203204885E-01
  0.3060339728072503E-01
  0.4328491169903342E-01
  0.5605742236319744E-01
  0.6891590789146138E-01
  0.8185468385598806E-01
  0.9486735182161588E-01
  0.1079467487239938    
  0.1210848949978164    
  0.1342729466192802    
  0.1475011549818778    
  0.1607588319177465    
  0.1740343183675759    
  0.1873149621161119    
  0.2005871092351712    
  0.2138361068139696    
  0.2270463149324752    
  0.2402011329783838    
  0.2532830451831816    
  0.2662736824686177    
  0.2791538969623978    
  0.2919038530230172    
  0.3045031391505192    
  0.3169308964656312    
  0.3291659573230619    
  0.3411869957647194    
  0.3529726934627717    
  0.3645019152648385    
  0.3757538846255323    
  0.3867083584267248    
  0.3973458051583706    
  0.4076475804169686    
  0.4175960875222745    
  0.4271749214664429    
  0.4363690028045125    
  0.4451646981887243    
  0.4535499143887138    
  0.4615141632762152    
  0.4690486089566369    
  0.4761460996920693    
  0.4828011718316675    
  0.4890100211493583    
  0.4947704567906371    
  0.5000818484764229    
  0.5049450555540522    
  0.5093623280395918    
  0.5133371951414271    
  0.5168743604496030    
  0.5199795957686154    
  0.5226596156669248    
  0.5249219424532914    
  0.5267747879338613    
  0.5282269513466485    
  0.5292877080830733    
  0.5299666868732918    
  0.5302737648170592    
  0.5302189917190729    
  0.5298125163301354    
  0.5290644964306614    
  0.5279850179314609    
  0.5265840485049305    
  0.5248714054390533    
  0.5228567054511881    
  0.5205493088186597    
  0.5179582935173443    
  0.5150924547501208    
  0.5119602912785585    
  0.5085699725845637    
  0.5049293232300465    
  0.5010458383187053    
  0.4969266963533024    
  0.4925787468435891    
  0.4880084995205055    
  0.4832221424463364    
  0.4782255682940275    
  0.4730243774951208    
  0.4676238712085308    
  0.4620290660292449    
  0.4562447233571852    
  0.4502753610258490    
