   1.416492394053675    
   1.425229393460034    
   1.428986599042041    
   1.430252426257593    
   1.436043156064825    
   1.444767345622530    
   1.449736870555038    
   1.451755760191415    
   1.457068064669061    
   1.465525191728577    
   1.471396477471626    
   1.474282844168297    
   1.479307258453429    
   1.487235064152884    
   1.493548374130752    
   1.497242705630824    
   1.502213633560009    
   1.509512881231234    
   1.515748071818048    
   1.519871207655117    
   1.524797387125402    
   1.531432753125106    
   1.537168171909184    
   1.541182708501637    
   1.545757268529781    
   1.551493284361183    
   1.556227737772111    
   1.559429074725473    
   1.563057704116588    
   1.567435021816892    
   1.570556582007280    
   1.572026722424097    
   1.573629787635899    
   1.575570160841773    
   1.575979735409877    
   1.574497714817660    
   1.572677397156442    
   1.570563876344221    
   1.566373003904749    
   1.559784829788803    
   1.552186206487173    
   1.543468692139588    
   1.531821186991752    
   1.516829883305085    
   1.499661707213339    
   1.480069995753957    
   1.456216678961409    
   1.427523534993047    
   1.394802481108606    
   1.357522094339566    
   1.313717938156915    
   1.262591135149203    
   1.204509317315797    
   1.138484247302340    
   1.062219398862587    
  0.9745255042825077    
  0.8751748186570278    
  0.7625249950369817    
  0.6337034748355661    
  0.4868990975695153    
  0.3210929716321865    
  0.1338024217953040    
 -0.7859897484162942E-01
 -0.3186672578445629    
 -0.5882347788075327    
 -0.8905135870317017    
  -1.229583941876458    
  -1.608175194360373    
  -2.028009348134157    
  -2.491665094710191    
  -3.001757600017009    
  -3.558592117147338    
  -4.160424570208027    
  -4.805055600246560    
  -5.488727561854479    
  -6.203802829983019    
  -6.939291985444061    
  -7.682726775986771    
  -8.419499808008151    
  -9.131477706304722    
  -9.798827009768402    
  -10.40308587273890    
  -10.92747344226048    
  -11.35638949230625    
  -11.67780172384844    
  -11.88600363039050    
  -11.98069993048169    
  -11.96493472660410    
  -11.84586971036230    
  -11.63574312785399    
  -11.34916218877308    
  -10.99996555694001    
  -10.60190976979236    
  -10.16990672075491    
  -9.717579828116129    
  -9.254794801620697    
  -8.789590141464036    
  -8.330462987510618    
  -7.884235027050477    
  -7.453800919251223    
  -7.040809163092766    
  -6.648557017272291    
  -6.279530916043267    
  -5.932597959574820    
  -5.605991947743403    
  -5.300825220529174    
  -5.018257810202643    
  -4.755737819461995    
  -4.510028087560261    
  -4.281629549387203    
  -4.071958856654014    
  -3.878443786929456    
  -3.697156864171804    
  -3.528313815141578    
  -3.374079913999430    
  -3.232594982402907    
  -3.099589483767229    
  -2.974731174164317    
  -2.860768590420317    
  -2.757048376257182    
  -2.659512106429725    
  -2.566985114731636    
  -2.481981736070688    
  -2.404947126027057    
  -2.332878490583433    
  -2.264285306381337    
  -2.200730939052896    
  -2.142715735007543    
  -2.088405667588115    
  -2.037061202665342    
  -1.989659051122679    
  -1.945811109880224    
  -1.904027122697997    
  -1.864882021882360    
  -1.829747116653029    
  -1.796956041720726    
  -1.763976392344488    
  -1.732610632557579    
  -1.706420956880926    
  -1.683503347779174    
  -1.658385822982177    
  -1.631439565404892    
  -1.609163234711829    
  -1.593413531656129    
  -1.577615461297436    
  -1.556904263382958    
  -1.535572480606134    
  -1.520040468940463    
  -1.509444556591982    
  -1.497992739626438    
  -1.483249687938378    
  -1.467786520295540    
  -1.454811328408851    
  -1.445352557260450    
  -1.438027663904848    
  -1.429635414613228    
  -1.418062330216052    
  -1.405762624280704    
  -1.397490863237679    
  -1.393566524793727    
  -1.388959945942526    
  -1.380434144738649    
  -1.370707975812849    
  -1.363666777917940    
  -1.359251249267992    
  -1.355321736274558    
  -1.351085018652730    
  -1.346327688193808    
  -1.340392963381511    
  -1.334114746762031    
  -1.329888405472923    
  -1.328004547652942    
  -1.325816539623703    
  -1.321936450167483    
  -1.317936142749537    
  -1.314656819304779    
  -1.310823126821017    
  -1.306915177604144    
  -1.305876297169493    
  -1.307472202387270    
  -1.306448633736811    
  -1.299896254283505    
  -1.292839727496919    
  -1.292238493643884    
  -1.297460050821750    
  -1.300625249673864    
  -1.296001327981603    
  -1.286692539346175    
  -1.281644663341574    
  -1.286096356061229    
  -1.294723946215490    
  -1.296215322643693    
  -1.286873306008299    
  -1.276809882970547    
  -1.277925632988550    
  -1.288073555805568    
  -1.293913752916661    
  -1.288780334681019    
  -1.280046659182185    
  -1.277583660103355    
  -1.282243042377401    
  -1.288200619260898    
  -1.290429003287075    
  -1.287370554854163    
  -1.281695935240019    
  -1.279980614262188    
  -1.285884412541727    
  -1.293131939893662    
  -1.292448684243865    
  -1.285728165628590    
  -1.284064468538365    
  -1.290465963739018    
  -1.295574652864163    
  -1.293803806559770    
  -1.291739381918743    
  -1.294883794422110    
  -1.298037233039611    
  -1.296676250217320    
  -1.296540657853418    
  -1.302270612689955    
  -1.306945955766841    
  -1.304093906480546    
  -1.300747861900982    
  -1.306006368233178    
  -1.314607194239328    
  -1.315624570310649    
  -1.311198050459741    
  -1.312125361042606    
  -1.319240407702708    
  -1.323776588750143    
  -1.323577423054604    
  -1.324778688791950    
  -1.328782082216164    
  -1.331050996672943    
  -1.332110213390571    
  -1.336756355428194    
  -1.342865110717567    
  -1.343933972993421    
  -1.342347809014359    
  -1.346662374413170    
  -1.355651265026897    
  -1.359333385635991    
  -1.356946689791829    
  -1.358863722553304    
  -1.367945054826092    
  -1.374356585768144    
  -1.373550966572379    
  -1.374295902942927    
  -1.382251148718471    
  -1.389841495756623    
  -1.390749067558995    
  -1.391441237786826    
  -1.398641572354542    
  -1.406888315748034    
  -1.409172808609917    
  -1.409978791844653    
  -1.416492394053675    
  -1.425229393460034    
  -1.428986599042041    
  -1.430252426257593    
  -1.436043156064825    
  -1.444767345622530    
  -1.449736870555038    
  -1.451755760191415    
  -1.457068064669061    
  -1.465525191728577    
  -1.471396477471626    
  -1.474282844168297    
  -1.479307258453429    
  -1.487235064152884    
  -1.493548374130752    
  -1.497242705630824    
  -1.502213633560009    
  -1.509512881231234    
  -1.515748071818048    
  -1.519871207655117    
  -1.524797387125402    
  -1.531432753125106    
  -1.537168171909184    
  -1.541182708501637    
  -1.545757268529781    
  -1.551493284361183    
  -1.556227737772111    
  -1.559429074725473    
  -1.563057704116588    
  -1.567435021816892    
  -1.570556582007280    
  -1.572026722424097    
  -1.573629787635899    
  -1.575570160841773    
  -1.575979735409877    
  -1.574497714817660    
  -1.572677397156442    
  -1.570563876344221    
  -1.566373003904749    
  -1.559784829788803    
  -1.552186206487173    
  -1.543468692139588    
  -1.531821186991752    
  -1.516829883305085    
  -1.499661707213339    
  -1.480069995753957    
  -1.456216678961409    
  -1.427523534993047    
  -1.394802481108606    
  -1.357522094339566    
  -1.313717938156915    
  -1.262591135149203    
  -1.204509317315797    
  -1.138484247302340    
  -1.062219398862587    
 -0.9745255042825077    
 -0.8751748186570278    
 -0.7625249950369817    
 -0.6337034748355661    
 -0.4868990975695153    
 -0.3210929716321865    
 -0.1338024217953040    
  0.7859897484162942E-01
  0.3186672578445629    
  0.5882347788075327    
  0.8905135870317017    
   1.229583941876458    
   1.608175194360373    
   2.028009348134157    
   2.491665094710191    
   3.001757600017009    
   3.558592117147338    
   4.160424570208027    
   4.805055600246560    
   5.488727561854479    
   6.203802829983019    
   6.939291985444061    
   7.682726775986771    
   8.419499808008151    
   9.131477706304722    
   9.798827009768402    
   10.40308587273890    
   10.92747344226048    
   11.35638949230625    
   11.67780172384844    
   11.88600363039050    
   11.98069993048169    
   11.96493472660410    
   11.84586971036230    
   11.63574312785399    
   11.34916218877308    
   10.99996555694001    
   10.60190976979236    
   10.16990672075491    
   9.717579828116129    
   9.254794801620697    
   8.789590141464036    
   8.330462987510618    
   7.884235027050477    
   7.453800919251223    
   7.040809163092766    
   6.648557017272291    
   6.279530916043267    
   5.932597959574820    
   5.605991947743403    
   5.300825220529174    
   5.018257810202643    
   4.755737819461995    
   4.510028087560261    
   4.281629549387203    
   4.071958856654014    
   3.878443786929456    
   3.697156864171804    
   3.528313815141578    
   3.374079913999430    
   3.232594982402907    
   3.099589483767229    
   2.974731174164317    
   2.860768590420317    
   2.757048376257182    
   2.659512106429725    
   2.566985114731636    
   2.481981736070688    
   2.404947126027057    
   2.332878490583433    
   2.264285306381337    
   2.200730939052896    
   2.142715735007543    
   2.088405667588115    
   2.037061202665342    
   1.989659051122679    
   1.945811109880224    
   1.904027122697997    
   1.864882021882360    
   1.829747116653029    
   1.796956041720726    
   1.763976392344488    
   1.732610632557579    
   1.706420956880926    
   1.683503347779174    
   1.658385822982177    
   1.631439565404892    
   1.609163234711829    
   1.593413531656129    
   1.577615461297436    
   1.556904263382958    
   1.535572480606134    
   1.520040468940463    
   1.509444556591982    
   1.497992739626438    
   1.483249687938378    
   1.467786520295540    
   1.454811328408851    
   1.445352557260450    
   1.438027663904848    
   1.429635414613228    
   1.418062330216052    
   1.405762624280704    
   1.397490863237679    
   1.393566524793727    
   1.388959945942526    
   1.380434144738649    
   1.370707975812849    
   1.363666777917940    
   1.359251249267992    
   1.355321736274558    
   1.351085018652730    
   1.346327688193808    
   1.340392963381511    
   1.334114746762031    
   1.329888405472923    
   1.328004547652942    
   1.325816539623703    
   1.321936450167483    
   1.317936142749537    
   1.314656819304779    
   1.310823126821017    
   1.306915177604144    
   1.305876297169493    
   1.307472202387270    
   1.306448633736811    
   1.299896254283505    
   1.292839727496919    
   1.292238493643884    
   1.297460050821750    
   1.300625249673864    
   1.296001327981603    
   1.286692539346175    
   1.281644663341574    
   1.286096356061229    
   1.294723946215490    
   1.296215322643693    
   1.286873306008299    
   1.276809882970547    
   1.277925632988550    
   1.288073555805568    
   1.293913752916661    
   1.288780334681019    
   1.280046659182185    
   1.277583660103355    
   1.282243042377401    
   1.288200619260898    
   1.290429003287075    
   1.287370554854163    
   1.281695935240019    
   1.279980614262188    
   1.285884412541727    
   1.293131939893662    
   1.292448684243865    
   1.285728165628590    
   1.284064468538365    
   1.290465963739018    
   1.295574652864163    
   1.293803806559770    
   1.291739381918743    
   1.294883794422110    
   1.298037233039611    
   1.296676250217320    
   1.296540657853418    
   1.302270612689955    
   1.306945955766841    
   1.304093906480546    
   1.300747861900982    
   1.306006368233178    
   1.314607194239328    
   1.315624570310649    
   1.311198050459741    
   1.312125361042606    
   1.319240407702708    
   1.323776588750143    
   1.323577423054604    
   1.324778688791950    
   1.328782082216164    
   1.331050996672943    
   1.332110213390571    
   1.336756355428194    
   1.342865110717567    
   1.343933972993421    
   1.342347809014359    
   1.346662374413170    
   1.355651265026897    
   1.359333385635991    
   1.356946689791829    
   1.358863722553304    
   1.367945054826092    
   1.374356585768144    
   1.373550966572379    
   1.374295902942927    
   1.382251148718471    
   1.389841495756623    
   1.390749067558995    
   1.391441237786826    
   1.398641572354542    
   1.406888315748034    
   1.409172808609917    
   1.409978791844653    
