  0.4617102908576158    
  0.4553595234691218    
  0.4488297899366235    
  0.4421249064474048    
  0.4352484668599929    
  0.4282038586577949    
  0.4209942835496096    
  0.4136227654828860    
  0.4060921503148150    
  0.3984051146964910    
  0.3905641838268162    
  0.3825717409380292    
  0.3744300252599115    
  0.3661411345844865    
  0.3577070391051509    
  0.3491295922198773    
  0.3404105286929755    
  0.3315514621046693    
  0.3225538937355190    
  0.3134192242482341    
  0.3041487546603076    
  0.2947436818754872    
  0.2852051028495310    
  0.2755340257355862    
  0.2657313747320462    
  0.2557979875102399    
  0.2457346173300015    
  0.2355419434515587    
  0.2252205797482368    
  0.2147710766282838    
  0.2041939247481400    
  0.1934895665804662    
  0.1826584093903598    
  0.1717008333890463    
  0.1606172002367185    
  0.1494078685865587    
  0.1380732132032885    
  0.1266136413408871    
  0.1150296089303275    
  0.1033216429655887    
  0.9149036890783874E-01
  0.7953653739356586E-01
  0.6746105081170903E-01
  0.5526499523301015E-01
  0.4294967804593003E-01
  0.3051666649656559E-01
  0.1796782630807947E-01
  0.5305364628521020E-02
 -0.7468121566206881E-02
 -0.2034959552823551E-01
 -0.3333553098786834E-01
 -0.4642185970562043E-01
 -0.5960391514894509E-01
 -0.7287637564007260E-01
 -0.8623320931432701E-01
 -0.9966761924766235E-01
 -0.1131719880152954    
 -0.1267378249199148    
 -0.1403557187548152    
 -0.1540152954593811    
 -0.1677051804210757    
 -0.1814129687294208    
 -0.1951252066395853    
 -0.2088273841768450    
 -0.2225039387097998    
 -0.2361382724807871    
 -0.2497127871741487    
 -0.2632089352141212    
 -0.2766072867975536    
 -0.2898876144434375    
 -0.3030289970002931    
 -0.3160099414827550    
 -0.3288085198462464    
 -0.3414025203728351    
 -0.3537696137639854    
 -0.3658875304166568    
 -0.3777342436969575    
 -0.3892881567446165    
 -0.4005282915073858    
 -0.4114344754029492    
 -0.4219875191844051    
 -0.4321693827928836    
 -0.4419633283387146    
 -0.4513540566207561    
 -0.4603278215326005    
 -0.4688725203169740    
 -0.4769777613105698    
 -0.4846349086267082    
 -0.4918371003601545    
 -0.4985792402121706    
 -0.5048579671793529    
 -0.5106716062303820    
 -0.5160200986692860    
 -0.5209049129876306    
 -0.5253289424328985    
 -0.5292963945341944    
 -0.5328126722356841    
 -0.5358842465545826    
 -0.5385185264046020    
 -0.5407237314854929    
 -0.5425087678849471    
 -0.5438831044660344    
 -0.5448566537668721    
 -0.5454396627944561    
 -0.5456426128651812    
 -0.5454761247928631    
 -0.5449508714382190    
 -0.5440775025222828    
 -0.5428665801539900    
 -0.5413285195204863    
 -0.5394735358386218    
 -0.5373116035360557    
 -0.5348524260942269    
 -0.5321054080733216    
 -0.5290796286899939    
 -0.5257838259218057    
 -0.5222263926096062    
 -0.5184153729498060    
 -0.5143584535191164    
 -0.5100629597482624    
 -0.5055358666483931    
 -0.5007838129561637    
 -0.4958131047351208    
 -0.4906297154272053    
 -0.4852392989695393    
 -0.4796472128595145    
 -0.4738585320688863    
 -0.4678780508547233    
 -0.4617102908576158    
 -0.4553595234691218    
 -0.4488297899366235    
 -0.4421249064474048    
 -0.4352484668599929    
 -0.4282038586577949    
 -0.4209942835496096    
 -0.4136227654828860    
 -0.4060921503148150    
 -0.3984051146964910    
 -0.3905641838268162    
 -0.3825717409380292    
 -0.3744300252599115    
 -0.3661411345844865    
 -0.3577070391051509    
 -0.3491295922198773    
 -0.3404105286929755    
 -0.3315514621046693    
 -0.3225538937355190    
 -0.3134192242482341    
 -0.3041487546603076    
 -0.2947436818754872    
 -0.2852051028495310    
 -0.2755340257355862    
 -0.2657313747320462    
 -0.2557979875102399    
 -0.2457346173300015    
 -0.2355419434515587    
 -0.2252205797482368    
 -0.2147710766282838    
 -0.2041939247481400    
 -0.1934895665804662    
 -0.1826584093903598    
 -0.1717008333890463    
 -0.1606172002367185    
 -0.1494078685865587    
 -0.1380732132032885    
 -0.1266136413408871    
 -0.1150296089303275    
 -0.1033216429655887    
 -0.9149036890783874E-01
 -0.7953653739356586E-01
 -0.6746105081170903E-01
 -0.5526499523301015E-01
 -0.4294967804593003E-01
 -0.3051666649656559E-01
 -0.1796782630807947E-01
 -0.5305364628521020E-02
  0.7468121566206881E-02
  0.2034959552823551E-01
  0.3333553098786834E-01
  0.4642185970562043E-01
  0.5960391514894509E-01
  0.7287637564007260E-01
  0.8623320931432701E-01
  0.9966761924766235E-01
  0.1131719880152954    
  0.1267378249199148    
  0.1403557187548152    
  0.1540152954593811    
  0.1677051804210757    
  0.1814129687294208    
  0.1951252066395853    
  0.2088273841768450    
  0.2225039387097998    
  0.2361382724807871    
  0.2497127871741487    
  0.2632089352141212    
  0.2766072867975536    
  0.2898876144434375    
  0.3030289970002931    
  0.3160099414827550    
  0.3288085198462464    
  0.3414025203728351    
  0.3537696137639854    
  0.3658875304166568    
  0.3777342436969575    
  0.3892881567446165    
  0.4005282915073858    
  0.4114344754029492    
  0.4219875191844051    
  0.4321693827928836    
  0.4419633283387146    
  0.4513540566207561    
  0.4603278215326005    
  0.4688725203169740    
  0.4769777613105698    
  0.4846349086267082    
  0.4918371003601545    
  0.4985792402121706    
  0.5048579671793529    
  0.5106716062303820    
  0.5160200986692860    
  0.5209049129876306    
  0.5253289424328985    
  0.5292963945341944    
  0.5328126722356841    
  0.5358842465545826    
  0.5385185264046020    
  0.5407237314854929    
  0.5425087678849471    
  0.5438831044660344    
  0.5448566537668721    
  0.5454396627944561    
  0.5456426128651812    
  0.5454761247928631    
  0.5449508714382190    
  0.5440775025222828    
  0.5428665801539900    
  0.5413285195204863    
  0.5394735358386218    
  0.5373116035360557    
  0.5348524260942269    
  0.5321054080733216    
  0.5290796286899939    
  0.5257838259218057    
  0.5222263926096062    
  0.5184153729498060    
  0.5143584535191164    
  0.5100629597482624    
  0.5055358666483931    
  0.5007838129561637    
  0.4958131047351208    
  0.4906297154272053    
  0.4852392989695393    
  0.4796472128595145    
  0.4738585320688863    
  0.4678780508547233    
