   1.372796907670352    
   1.378026345667837    
   1.385364133653352    
   1.389820953330026    
   1.392058177131051    
   1.397014009979364    
   1.404512426973173    
   1.409745916899918    
   1.412433960486917    
   1.417175700733760    
   1.424650863587027    
   1.430503834204856    
   1.433671900705666    
   1.438179630916883    
   1.445386556532523    
   1.451621354471731    
   1.455263032450039    
   1.459537472220981    
   1.466172461372766    
   1.472339762360196    
   1.476249108126271    
   1.480290093008429    
   1.486143863854970    
   1.491710533479308    
   1.495379034976566    
   1.498910905361924    
   1.503670749864477    
   1.508007445260473    
   1.510658847800129    
   1.513079769706550    
   1.516262740561544    
   1.518658257566445    
   1.519219448054425    
   1.519304874627951    
   1.519737733774766    
   1.519021797723441    
   1.516162497814473    
   1.512334788878886    
   1.508174653047806    
   1.502232433749649    
   1.493589920937755    
   1.483280652219564    
   1.471717900538438    
   1.457360483887003    
   1.439242946916547    
   1.418243710539291    
   1.394588647088721    
   1.366609568807074    
   1.333164581235346    
   1.294826377221396    
   1.251523995308083    
   1.201391547586196    
   1.143030676535296    
   1.076573299921106    
   1.001464547401000    
  0.9154523442774423    
  0.8167226168444015    
  0.7048017805371352    
  0.5784390163863433    
  0.4347630381160943    
  0.2713493263857997    
  0.8696868868972074E-01
 -0.1204642591046213    
 -0.3545525896147469    
 -0.6183452866290342    
 -0.9136826607599182    
  -1.243151660240014    
  -1.610510296336303    
  -2.018513946903718    
  -2.468257505773273    
  -2.960948280061452    
  -3.497992147759416    
  -4.078623679499159    
  -4.699221608389736    
  -5.354968642746615    
  -6.039758147153202    
  -6.743932118926083    
  -7.454096555423702    
  -8.155403485723344    
  -8.832131712073910    
  -9.466424655176546    
  -10.03942224049307    
  -10.53466504214177    
  -10.93925994912544    
  -11.24282665520520    
  -11.43850420687548    
  -11.52550190647718    
  -11.50859223966531    
  -11.39521133518235    
  -11.19500783379886    
  -10.92115940226672    
  -10.58870787879370    
  -10.21111414412384    
  -9.800239080639871    
  -9.368445462534915    
  -8.927404361357317    
  -8.485177524979353    
  -8.047277410135749    
  -7.619771092237720    
  -7.208231598099832    
  -6.814696632315962    
  -6.439282088743824    
  -6.083934516208723    
  -5.750995678911295    
  -5.439367328394583    
  -5.146412334959697    
  -4.872577142377899    
  -4.619586834935666    
  -4.385320766632684    
  -4.165739464625537    
  -3.960895682742079    
  -3.773271881727302    
  -3.600961067711707    
  -3.438949972062346    
  -3.286845505408879    
  -3.148292153106978    
  -3.022432945778612    
  -2.903528399527213    
  -2.790172914815415    
  -2.686946163199075    
  -2.594811882749685    
  -2.507943459695918    
  -2.423236571867035    
  -2.345067009222123    
  -2.276435103970516    
  -2.212846643347323    
  -2.149985369615905    
  -2.090623086863276    
  -2.038325312615888    
  -1.990458677289580    
  -1.943365801091782    
  -1.898881049579370    
  -1.859587027530572    
  -1.822819796760397    
  -1.785742321547494    
  -1.751391876282228    
  -1.722881206965847    
  -1.696275021855618    
  -1.666724124442319    
  -1.637591870637251    
  -1.615195484010222    
  -1.597465562073301    
  -1.576698058033017    
  -1.552196056640493    
  -1.531335559989585    
  -1.517568874959922    
  -1.505242896636596    
  -1.488437583880413    
  -1.469012223139324    
  -1.453162271204779    
  -1.443534794755030    
  -1.436615587385920    
  -1.426256737834908    
  -1.410041594772991    
  -1.393427516787324    
  -1.384953490983771    
  -1.384743188553566    
  -1.381809571030068    
  -1.367762645883680    
  -1.349461446737016    
  -1.340820497508717    
  -1.343832955240392    
  -1.345880660693645    
  -1.336730959854653    
  -1.320919495115491    
  -1.310400153673777    
  -1.310032910715984    
  -1.313764316428004    
  -1.312435811791909    
  -1.302964008309213    
  -1.291034689462552    
  -1.285297330035539    
  -1.287800727087028    
  -1.291225662454988    
  -1.287618521933586    
  -1.278124669617870    
  -1.270814144314359    
  -1.270218171707943    
  -1.272914814025119    
  -1.273044946219045    
  -1.268680663670373    
  -1.262596080121705    
  -1.259138566227224    
  -1.260034452867718    
  -1.261947229517906    
  -1.259991278830341    
  -1.254847781987333    
  -1.252611506932324    
  -1.255210337978050    
  -1.256300077629100    
  -1.251371550534729    
  -1.246350711260311    
  -1.248799134742505    
  -1.254878417393856    
  -1.254377283541990    
  -1.246707771089884    
  -1.241984993410225    
  -1.245772511718538    
  -1.251979033521460    
  -1.253036812829202    
  -1.249261923870227    
  -1.245320106454373    
  -1.244030227866175    
  -1.246353428040106    
  -1.251548402941061    
  -1.254991014566399    
  -1.251857651572905    
  -1.245346795696012    
  -1.244831986151781    
  -1.252706343497468    
  -1.259571699356891    
  -1.257068699084648    
  -1.249874013710475    
  -1.248986119080332    
  -1.256572062772310    
  -1.263789441471421    
  -1.262979488541833    
  -1.257113628007836    
  -1.255511816051620    
  -1.262111422778684    
  -1.270287005649334    
  -1.270982434006808    
  -1.265098648183349    
  -1.263232325057847    
  -1.270900643659588    
  -1.279801874014288    
  -1.279691580193175    
  -1.273968603414982    
  -1.274361712967027    
  -1.282760740960568    
  -1.289218561996795    
  -1.288350949543771    
  -1.286591577274236    
  -1.290100055862478    
  -1.295626315880982    
  -1.298285288240775    
  -1.299774098743000    
  -1.303150283744007    
  -1.306639913699992    
  -1.308382664896292    
  -1.311056868513030    
  -1.316318868565776    
  -1.320584982147176    
  -1.321661099268530    
  -1.323597149463764    
  -1.329439409273845    
  -1.335201165266878    
  -1.337047270670810    
  -1.338522655724739    
  -1.343985442567643    
  -1.350469514843764    
  -1.353362951392406    
  -1.355101513073938    
  -1.360402089321696    
  -1.367253690779221    
  -1.370846342113004    
  -1.372796907670352    
  -1.378026345667837    
  -1.385364133653352    
  -1.389820953330026    
  -1.392058177131051    
  -1.397014009979364    
  -1.404512426973173    
  -1.409745916899918    
  -1.412433960486917    
  -1.417175700733760    
  -1.424650863587027    
  -1.430503834204856    
  -1.433671900705666    
  -1.438179630916883    
  -1.445386556532523    
  -1.451621354471731    
  -1.455263032450039    
  -1.459537472220981    
  -1.466172461372766    
  -1.472339762360196    
  -1.476249108126271    
  -1.480290093008429    
  -1.486143863854970    
  -1.491710533479308    
  -1.495379034976566    
  -1.498910905361924    
  -1.503670749864477    
  -1.508007445260473    
  -1.510658847800129    
  -1.513079769706550    
  -1.516262740561544    
  -1.518658257566445    
  -1.519219448054425    
  -1.519304874627951    
  -1.519737733774766    
  -1.519021797723441    
  -1.516162497814473    
  -1.512334788878886    
  -1.508174653047806    
  -1.502232433749649    
  -1.493589920937755    
  -1.483280652219564    
  -1.471717900538438    
  -1.457360483887003    
  -1.439242946916547    
  -1.418243710539291    
  -1.394588647088721    
  -1.366609568807074    
  -1.333164581235346    
  -1.294826377221396    
  -1.251523995308083    
  -1.201391547586196    
  -1.143030676535296    
  -1.076573299921106    
  -1.001464547401000    
 -0.9154523442774423    
 -0.8167226168444015    
 -0.7048017805371352    
 -0.5784390163863433    
 -0.4347630381160943    
 -0.2713493263857997    
 -0.8696868868972074E-01
  0.1204642591046213    
  0.3545525896147469    
  0.6183452866290342    
  0.9136826607599182    
   1.243151660240014    
   1.610510296336303    
   2.018513946903718    
   2.468257505773273    
   2.960948280061452    
   3.497992147759416    
   4.078623679499159    
   4.699221608389736    
   5.354968642746615    
   6.039758147153202    
   6.743932118926083    
   7.454096555423702    
   8.155403485723344    
   8.832131712073910    
   9.466424655176546    
   10.03942224049307    
   10.53466504214177    
   10.93925994912544    
   11.24282665520520    
   11.43850420687548    
   11.52550190647718    
   11.50859223966531    
   11.39521133518235    
   11.19500783379886    
   10.92115940226672    
   10.58870787879370    
   10.21111414412384    
   9.800239080639871    
   9.368445462534915    
   8.927404361357317    
   8.485177524979353    
   8.047277410135749    
   7.619771092237720    
   7.208231598099832    
   6.814696632315962    
   6.439282088743824    
   6.083934516208723    
   5.750995678911295    
   5.439367328394583    
   5.146412334959697    
   4.872577142377899    
   4.619586834935666    
   4.385320766632684    
   4.165739464625537    
   3.960895682742079    
   3.773271881727302    
   3.600961067711707    
   3.438949972062346    
   3.286845505408879    
   3.148292153106978    
   3.022432945778612    
   2.903528399527213    
   2.790172914815415    
   2.686946163199075    
   2.594811882749685    
   2.507943459695918    
   2.423236571867035    
   2.345067009222123    
   2.276435103970516    
   2.212846643347323    
   2.149985369615905    
   2.090623086863276    
   2.038325312615888    
   1.990458677289580    
   1.943365801091782    
   1.898881049579370    
   1.859587027530572    
   1.822819796760397    
   1.785742321547494    
   1.751391876282228    
   1.722881206965847    
   1.696275021855618    
   1.666724124442319    
   1.637591870637251    
   1.615195484010222    
   1.597465562073301    
   1.576698058033017    
   1.552196056640493    
   1.531335559989585    
   1.517568874959922    
   1.505242896636596    
   1.488437583880413    
   1.469012223139324    
   1.453162271204779    
   1.443534794755030    
   1.436615587385920    
   1.426256737834908    
   1.410041594772991    
   1.393427516787324    
   1.384953490983771    
   1.384743188553566    
   1.381809571030068    
   1.367762645883680    
   1.349461446737016    
   1.340820497508717    
   1.343832955240392    
   1.345880660693645    
   1.336730959854653    
   1.320919495115491    
   1.310400153673777    
   1.310032910715984    
   1.313764316428004    
   1.312435811791909    
   1.302964008309213    
   1.291034689462552    
   1.285297330035539    
   1.287800727087028    
   1.291225662454988    
   1.287618521933586    
   1.278124669617870    
   1.270814144314359    
   1.270218171707943    
   1.272914814025119    
   1.273044946219045    
   1.268680663670373    
   1.262596080121705    
   1.259138566227224    
   1.260034452867718    
   1.261947229517906    
   1.259991278830341    
   1.254847781987333    
   1.252611506932324    
   1.255210337978050    
   1.256300077629100    
   1.251371550534729    
   1.246350711260311    
   1.248799134742505    
   1.254878417393856    
   1.254377283541990    
   1.246707771089884    
   1.241984993410225    
   1.245772511718538    
   1.251979033521460    
   1.253036812829202    
   1.249261923870227    
   1.245320106454373    
   1.244030227866175    
   1.246353428040106    
   1.251548402941061    
   1.254991014566399    
   1.251857651572905    
   1.245346795696012    
   1.244831986151781    
   1.252706343497468    
   1.259571699356891    
   1.257068699084648    
   1.249874013710475    
   1.248986119080332    
   1.256572062772310    
   1.263789441471421    
   1.262979488541833    
   1.257113628007836    
   1.255511816051620    
   1.262111422778684    
   1.270287005649334    
   1.270982434006808    
   1.265098648183349    
   1.263232325057847    
   1.270900643659588    
   1.279801874014288    
   1.279691580193175    
   1.273968603414982    
   1.274361712967027    
   1.282760740960568    
   1.289218561996795    
   1.288350949543771    
   1.286591577274236    
   1.290100055862478    
   1.295626315880982    
   1.298285288240775    
   1.299774098743000    
   1.303150283744007    
   1.306639913699992    
   1.308382664896292    
   1.311056868513030    
   1.316318868565776    
   1.320584982147176    
   1.321661099268530    
   1.323597149463764    
   1.329439409273845    
   1.335201165266878    
   1.337047270670810    
   1.338522655724739    
   1.343985442567643    
   1.350469514843764    
   1.353362951392406    
   1.355101513073938    
   1.360402089321696    
   1.367253690779221    
   1.370846342113004    
