  0.2566957736517826    
  0.2578017327106442    
  0.2589159934606491    
  0.2600386265345224    
  0.2611697039205366    
  0.2623092989879385    
  0.2634574865130606    
  0.2646143427061304    
  0.2657799452388039    
  0.2669543732724423    
  0.2681377074871458    
  0.2693300301115543    
  0.2705314249534502    
  0.2717419774311871    
  0.2729617746059563    
  0.2741909052149089    
  0.2754294597051625    
  0.2766775302687100    
  0.2779352108782536    
  0.2792025973239678    
  0.2804797872512350    
  0.2817668801993683    
  0.2830639776413457    
  0.2843711830245704    
  0.2856886018126908    
  0.2870163415285051    
  0.2883545117979718    
  0.2897032243953418    
  0.2910625932894514    
  0.2924327346911865    
  0.2938137671021439    
  0.2952058113644992    
  0.2966089907121220    
  0.2980234308229536    
  0.2994492598726721    
  0.3008866085896538    
  0.3023356103112675    
  0.3037964010415146    
  0.3052691195100179    
  0.3067539072323667    
  0.3082509085718391    
  0.3097602708025121    
  0.3112821441737718    
  0.3128166819762267    
  0.3143640406090468    
  0.3159243796487132    
  0.3174978619191510    
  0.3190846535632123    
  0.3206849241154989    
  0.3222988465765049    
  0.3239265974880560    
  0.3255683570100094    
  0.3272243089981857    
  0.3288946410834554    
  0.3305795447518826    
  0.3322792154258151    
  0.3339938525458332    
  0.3357236596534638    
  0.3374688444745336    
  0.3392296190030091    
  0.3410061995851375    
  0.3427988070036527    
  0.3446076665617944    
  0.3464330081668802    
  0.3482750664131881    
  0.3501340806638346    
  0.3520102951312736    
  0.3539039589559408    
  0.3558153262825505    
  0.3577446563334861    
  0.3596922134786936    
  0.3616582673014318    
  0.3636430926591603    
  0.3656469697387120    
  0.3676701841047693    
  0.3697130267405688    
  0.3717757940796973    
  0.3738587880276973    
  0.3759623159720316    
  0.3780866907787516    
  0.3802322307740539    
  0.3823992597086942    
  0.3845881067030295    
  0.3867991061702087    
  0.3890325977147715    
  0.3912889260035670    
  0.3935684406055512    
  0.3958714957966408    
  0.3981984503253962    
  0.4005496671348203    
  0.4029255130350196    
  0.4053263583209092    
  0.4077525763285422    
  0.4102045429229000    
  0.4126826359091796    
  0.4151872343586973    
  0.4177187178395817    
  0.4202774655413340    
  0.4228638552811549    
  0.4254782623785929    
  0.4281210583836251    
  0.4307926096416275    
  0.4334932756769039    
  0.4362234073744705    
  0.4389833449375872    
  0.4417734155960545    
  0.4445939310376386    
  0.4474451845321286    
  0.4503274477143877    
  0.4532409669891862    
  0.4561859595167095    
  0.4591626087334704    
  0.4621710593588900    
  0.4652114118328856    
  0.4682837161244886    
  0.4713879648458610    
  0.4745240856001514    
  0.4776919324852363    
  0.4808912766686494    
  0.4841217959420572    
  0.4873830631566952    
  0.4906745334342277    
  0.4939955300406154    
  0.4973452288040225    
  0.5007226409519392    
  0.5041265942379752    
  0.5075557122257671    
  0.5110083915967016    
  0.5144827773503612    
  0.5179767357724978    
  0.5214878250561776    
  0.5250132634790292    
  0.5285498950650289    
  0.5320941526946186    
  0.5356420186741725    
  0.5391889828372975    
  0.5427299983289452    
  0.5462594353218210    
  0.5497710330360817    
  0.5532578505806651    
  0.5567122173103446    
  0.5601256835988515    
  0.5634889731664746    
  0.5667919383701805    
  0.5700235201629025    
  0.5731717147506160    
  0.5762235493118980    
  0.5791650694809904    
  0.5819813416123786    
  0.5846564731164865    
  0.5871736543497357    
  0.5895152256187650    
  0.5916627727734254    
  0.5935972545684087    
  0.5952991644221607    
  0.5967487283533617    
  0.5979261397013708    
  0.5988118297294943    
  0.5993867713897629    
  0.5996328114531724    
  0.5995330239802068    
  0.5990720758653159    
  0.5982365931155715    
  0.5970155148232748    
  0.5954004206765710    
  0.5933858175140165    
  0.5909693710133788    
  0.5881520701813180    
  0.5849383148524384    
  0.5813359197824427    
  0.5773560329008849    
  0.5730129695664916    
  0.5683239688902741    
  0.5633088820060330    
  0.5579898052654391    
  0.5523906734878079    
  0.5465368294791437    
  0.5404545860393181    
  0.5341707956936713    
  0.5277124415935888    
  0.5211062606601593    
  0.5143784073452189    
  0.5075541635937547    
  0.5006576979180739    
  0.4937118740981954    
  0.4867381080111309    
  0.4797562695164520    
  0.4727846251940475    
  0.4658398170159422    
  0.4589368716886232    
  0.4520892353620596    
  0.4453088285971877    
  0.4386061168476387    
  0.4319901921844482    
  0.4254688625246502    
  0.4190487451763403    
  0.4127353620532177    
  0.4065332344191848    
  0.4004459754844074    
  0.3944763795813066    
  0.3886265069999874    
  0.3828977638588105    
  0.3772909766302293    
  0.3718064611391809    
  0.3664440860064789    
  0.3612033306285880    
  0.3560833378734281    
  0.3510829617347578    
  0.3462008102298865    
  0.3414352838511373    
  0.3367846098940551    
  0.3322468729878210    
  0.3278200421481233    
  0.3235019946620789    
  0.3192905371003096    
  0.3151834237343498    
  0.3111783726191384    
  0.3072730795813573    
  0.3034652303352688    
  0.2997525109290016    
  0.2961326167061038    
  0.2926032599500056    
  0.2891621763628772    
  0.2858071305153398    
  0.2825359203895668    
  0.2793463811255654    
  0.2762363880687666    
  0.2732038592064632    
  0.2702467570709782    
  0.2673630901787655    
  0.2645509140668087    
  0.2618083319806780    
  0.2591334952622703    
  0.2565246034796457    
  0.2539799043363388    
  0.2514976933930665    
  0.2490763136307373    
  0.2467141548801338    
  0.2444096531404957    
  0.2421612898064611    
  0.2399675908203410    
  0.2378271257645248    
  0.2357385069068860    
  0.2337003882103761    
  0.2317114643164691    
  0.2297704695107993    
  0.2278761766781691    
  0.2260273962530930    
  0.2242229751711215    
  0.2224617958254165    
  0.2207427750323391    
  0.2190648630092367    
  0.2174270423670609    
  0.2158283271199948    
  0.2142677617138611    
  0.2127444200747460    
  0.2112574046789526    
  0.2098058456451426    
  0.2083888998492763    
  0.2070057500628019    
  0.2056556041143386    
  0.2043376940749726    
  0.2030512754671469    
  0.2017956264970392    
  0.2005700473102197    
  0.1993738592703087    
  0.1982064042602891    
  0.1970670440060873    
  0.1959551594219855    
  0.1948701499774013    
  0.1938114330845338    
  0.1927784435063731    
  0.1917706327845413    
  0.1907874686864306    
  0.1898284346710904    
  0.1888930293733271    
  0.1879807661054652    
  0.1870911723762286    
  0.1862237894262002    
  0.1853781717793388    
  0.1845538868100211    
  0.1837505143251023    
  0.1829676461604848    
  0.1822048857917133    
  0.1814618479581186    
  0.1807381583000347    
  0.1800334530086385    
  0.1793473784879734    
  0.1786795910287302    
  0.1780297564933656    
  0.1773975500121498    
  0.1767826556897635    
  0.1761847663220640    
  0.1756035831226553    
  0.1750388154589022    
  0.1744901805970597    
  0.1739574034561861    
  0.1734402163705251    
  0.1729383588600440    
  0.1724515774088442    
  0.1719796252511585    
  0.1715222621646622    
  0.1710792542708287    
  0.1706503738420818    
  0.1702353991155044    
  0.1698341141128644    
  0.1694463084667261    
  0.1690717772524361    
  0.1687103208257760    
  0.1683617446660808    
  0.1680258592246207    
  0.1677024797780675    
  0.1673914262868676    
  0.1670925232583506    
  0.1668055996143982    
  0.1665304885635222    
  0.1662670274771966    
  0.1660150577702987    
  0.1657744247855086    
  0.1655449776815348    
  0.1653265693250358    
  0.1651190561861109    
  0.1649222982372308    
  0.1647361588554974    
  0.1645605047281199    
  0.1643952057609982    
  0.1642401349903012    
  0.1640951684969466    
  0.1639601853238842    
  0.1638350673960913    
  0.1637196994431798    
  0.1636139689245336    
  0.1635177659568945    
  0.1634309832443163    
  0.1633535160104027    
  0.1632852619327523    
  0.1632261210795461    
  0.1631759958482051    
  0.1631347909060447    
  0.1631024131328622    
  0.1630787715653976    
  0.1630637773436057    
  0.1630573436586769    
  0.1630593857027530    
  0.1630698206202816    
  0.1630885674609593    
  0.1631155471342041    
  0.1631506823651130    
  0.1631938976518597    
  0.1632451192244813    
  0.1633042750050078    
  0.1633712945688898    
  0.1634461091076918    
  0.1635286513930040    
  0.1636188557415293    
  0.1637166579813105    
  0.1638219954190645    
  0.1639348068085878    
  0.1640550323201902    
  0.1641826135111284    
  0.1643174932970096    
  0.1644596159241358    
  0.1646089269427476    
  0.1647653731811441    
  0.1649289027206542    
  0.1650994648714323    
  0.1652770101490433    
  0.1654614902518140    
  0.1656528580389329    
  0.1658510675092704    
  0.1660560737808946    
  0.1662678330712535    
  0.1664863026780170    
  0.1667114409605491    
  0.1669432073219888    
  0.1671815621919174    
  0.1674264670095994    
  0.1676778842077805    
  0.1679357771970175    
  0.1682001103505219    
  0.1684708489895092    
  0.1687479593690369    
  0.1690314086643079    
  0.1693211649574282    
  0.1696171972246072    
  0.1699194753237884    
  0.1702279699826899    
  0.1705426527872425    
  0.1708634961704187    
  0.1711904734014425    
  0.1715235585753581    
  0.1718627266029502    
  0.1722079532010098    
  0.1725592148829364    
  0.1729164889496616    
  0.1732797534808788    
  0.1736489873265827    
  0.1740241700989091    
  0.1744052821642592    
  0.1747923046356999    
  0.1751852193656385    
  0.1755840089387657    
  0.1759886566652571    
  0.1763991465742194    
  0.1768154634073858    
  0.1772375926130519    
  0.1776655203402445    
  0.1780992334331137    
  0.1785387194255501    
  0.1789839665360232    
  0.1794349636626288    
  0.1798917003783430    
  0.1803541669264838    
  0.1808223542163753    
  0.1812962538192062    
  0.1817758579640780    
  0.1822611595342494    
  0.1827521520635695    
  0.1832488297330934    
  0.1837511873678755    
  0.1842592204339457    
  0.1847729250354682    
  0.1852922979120704    
  0.1858173364363430    
  0.1863480386115116    
  0.1868844030692838    
  0.1874264290678609    
  0.1879741164901129    
  0.1885274658419240    
  0.1890864782507062    
  0.1896511554640756    
  0.1902214998486878    
  0.1907975143892439    
  0.1913792026876613    
  0.1919665689624082    
  0.1925596180479937    
  0.1931583553946253    
  0.1937627870680341    
  0.1943729197494622    
  0.1949887607358065    
  0.1956103179399306    
  0.1962375998911486    
  0.1968706157358706    
  0.1975093752384124    
  0.1981538887819748    
  0.1988041673697989    
  0.1994602226264908    
  0.2001220667995131    
  0.2007897127608542    
  0.2014631740088741    
  0.2021424646703283    
  0.2028275995025642    
  0.2035185938959009    
  0.2042154638761956    
  0.2049182261075946    
  0.2056268978954663    
  0.2063414971895281    
  0.2070620425871695    
  0.2077885533369714    
  0.2085210493424158    
  0.2092595511657997    
  0.2100040800323549    
  0.2107546578345744    
  0.2115113071367414    
  0.2122740511796735    
  0.2130429138856863    
  0.2138179198637782    
  0.2145990944150363    
  0.2153864635382737    
  0.2161800539359035    
  0.2169798930200494    
  0.2177860089188967    
  0.2185984304832877    
  0.2194171872935705    
  0.2202423096666963    
  0.2210738286635711    
  0.2219117760966757    
  0.2227561845379519    
  0.2236070873269640    
  0.2244645185793333    
  0.2253285131954691    
  0.2261991068695930    
  0.2270763360990653    
  0.2279602381940069    
  0.2288508512872407    
  0.2297482143445523    
  0.2306523671752711    
  0.2315633504431756    
  0.2324812056777378    
  0.2334059752857169    
  0.2343377025631043    
  0.2352764317074243    
  0.2362222078304122    
  0.2371750769710752    
  0.2381350861091408    
  0.2391022831788946    
  0.2400767170834302    
  0.2410584377093117    
  0.2420474959416627    
  0.2430439436796756    
  0.2440478338525730    
  0.2450592204360240    
  0.2460781584690273    
  0.2471047040712670    
  0.2481389144609628    
  0.2491808479732272    
  0.2502305640789365    
  0.2512881234041196    
  0.2523535877498884    
  0.2534270201129200    
  0.2545084847064999    
  0.2555980469821381    
  0.2566957736517826    
  0.2578017327106442    
  0.2589159934606491    
  0.2600386265345224    
  0.2611697039205366    
  0.2623092989879385    
  0.2634574865130606    
  0.2646143427061304    
  0.2657799452388039    
  0.2669543732724423    
  0.2681377074871458    
  0.2693300301115543    
  0.2705314249534502    
  0.2717419774311871    
  0.2729617746059563    
  0.2741909052149089    
  0.2754294597051625    
  0.2766775302687100    
  0.2779352108782536    
  0.2792025973239678    
  0.2804797872512350    
  0.2817668801993683    
  0.2830639776413457    
  0.2843711830245704    
  0.2856886018126908    
  0.2870163415285051    
  0.2883545117979718    
  0.2897032243953418    
  0.2910625932894514    
  0.2924327346911865    
  0.2938137671021439    
  0.2952058113644992    
  0.2966089907121220    
  0.2980234308229536    
  0.2994492598726721    
  0.3008866085896538    
  0.3023356103112675    
  0.3037964010415146    
  0.3052691195100179    
  0.3067539072323667    
  0.3082509085718391    
  0.3097602708025121    
  0.3112821441737718    
  0.3128166819762267    
  0.3143640406090468    
  0.3159243796487132    
  0.3174978619191510    
  0.3190846535632123    
  0.3206849241154989    
  0.3222988465765049    
  0.3239265974880560    
  0.3255683570100094    
  0.3272243089981857    
  0.3288946410834554    
  0.3305795447518826    
  0.3322792154258151    
  0.3339938525458332    
  0.3357236596534638    
  0.3374688444745336    
  0.3392296190030091    
  0.3410061995851375    
  0.3427988070036527    
  0.3446076665617944    
  0.3464330081668802    
  0.3482750664131881    
  0.3501340806638346    
  0.3520102951312736    
  0.3539039589559408    
  0.3558153262825505    
  0.3577446563334861    
  0.3596922134786936    
  0.3616582673014318    
  0.3636430926591603    
  0.3656469697387120    
  0.3676701841047693    
  0.3697130267405688    
  0.3717757940796973    
  0.3738587880276973    
  0.3759623159720316    
  0.3780866907787516    
  0.3802322307740539    
  0.3823992597086942    
  0.3845881067030295    
  0.3867991061702087    
  0.3890325977147715    
  0.3912889260035670    
  0.3935684406055512    
  0.3958714957966408    
  0.3981984503253962    
  0.4005496671348203    
  0.4029255130350196    
  0.4053263583209092    
  0.4077525763285422    
  0.4102045429229000    
  0.4126826359091796    
  0.4151872343586973    
  0.4177187178395817    
  0.4202774655413340    
  0.4228638552811549    
  0.4254782623785929    
  0.4281210583836251    
  0.4307926096416275    
  0.4334932756769039    
  0.4362234073744705    
  0.4389833449375872    
  0.4417734155960545    
  0.4445939310376386    
  0.4474451845321286    
  0.4503274477143877    
  0.4532409669891862    
  0.4561859595167095    
  0.4591626087334704    
  0.4621710593588900    
  0.4652114118328856    
  0.4682837161244886    
  0.4713879648458610    
  0.4745240856001514    
  0.4776919324852363    
  0.4808912766686494    
  0.4841217959420572    
  0.4873830631566952    
  0.4906745334342277    
  0.4939955300406154    
  0.4973452288040225    
  0.5007226409519392    
  0.5041265942379752    
  0.5075557122257671    
  0.5110083915967016    
  0.5144827773503612    
  0.5179767357724978    
  0.5214878250561776    
  0.5250132634790292    
  0.5285498950650289    
  0.5320941526946186    
  0.5356420186741725    
  0.5391889828372975    
  0.5427299983289452    
  0.5462594353218210    
  0.5497710330360817    
  0.5532578505806651    
  0.5567122173103446    
  0.5601256835988515    
  0.5634889731664746    
  0.5667919383701805    
  0.5700235201629025    
  0.5731717147506160    
  0.5762235493118980    
  0.5791650694809904    
  0.5819813416123786    
  0.5846564731164865    
  0.5871736543497357    
  0.5895152256187650    
  0.5916627727734254    
  0.5935972545684087    
  0.5952991644221607    
  0.5967487283533617    
  0.5979261397013708    
  0.5988118297294943    
  0.5993867713897629    
  0.5996328114531724    
  0.5995330239802068    
  0.5990720758653159    
  0.5982365931155715    
  0.5970155148232748    
  0.5954004206765710    
  0.5933858175140165    
  0.5909693710133788    
  0.5881520701813180    
  0.5849383148524384    
  0.5813359197824427    
  0.5773560329008849    
  0.5730129695664916    
  0.5683239688902741    
  0.5633088820060330    
  0.5579898052654391    
  0.5523906734878079    
  0.5465368294791437    
  0.5404545860393181    
  0.5341707956936713    
  0.5277124415935888    
  0.5211062606601593    
  0.5143784073452189    
  0.5075541635937547    
  0.5006576979180739    
  0.4937118740981954    
  0.4867381080111309    
  0.4797562695164520    
  0.4727846251940475    
  0.4658398170159422    
  0.4589368716886232    
  0.4520892353620596    
  0.4453088285971877    
  0.4386061168476387    
  0.4319901921844482    
  0.4254688625246502    
  0.4190487451763403    
  0.4127353620532177    
  0.4065332344191848    
  0.4004459754844074    
  0.3944763795813066    
  0.3886265069999874    
  0.3828977638588105    
  0.3772909766302293    
  0.3718064611391809    
  0.3664440860064789    
  0.3612033306285880    
  0.3560833378734281    
  0.3510829617347578    
  0.3462008102298865    
  0.3414352838511373    
  0.3367846098940551    
  0.3322468729878210    
  0.3278200421481233    
  0.3235019946620789    
  0.3192905371003096    
  0.3151834237343498    
  0.3111783726191384    
  0.3072730795813573    
  0.3034652303352688    
  0.2997525109290016    
  0.2961326167061038    
  0.2926032599500056    
  0.2891621763628772    
  0.2858071305153398    
  0.2825359203895668    
  0.2793463811255654    
  0.2762363880687666    
  0.2732038592064632    
  0.2702467570709782    
  0.2673630901787655    
  0.2645509140668087    
  0.2618083319806780    
  0.2591334952622703    
  0.2565246034796457    
  0.2539799043363388    
  0.2514976933930665    
  0.2490763136307373    
  0.2467141548801338    
  0.2444096531404957    
  0.2421612898064611    
  0.2399675908203410    
  0.2378271257645248    
  0.2357385069068860    
  0.2337003882103761    
  0.2317114643164691    
  0.2297704695107993    
  0.2278761766781691    
  0.2260273962530930    
  0.2242229751711215    
  0.2224617958254165    
  0.2207427750323391    
  0.2190648630092367    
  0.2174270423670609    
  0.2158283271199948    
  0.2142677617138611    
  0.2127444200747460    
  0.2112574046789526    
  0.2098058456451426    
  0.2083888998492763    
  0.2070057500628019    
  0.2056556041143386    
  0.2043376940749726    
  0.2030512754671469    
  0.2017956264970392    
  0.2005700473102197    
  0.1993738592703087    
  0.1982064042602891    
  0.1970670440060873    
  0.1959551594219855    
  0.1948701499774013    
  0.1938114330845338    
  0.1927784435063731    
  0.1917706327845413    
  0.1907874686864306    
  0.1898284346710904    
  0.1888930293733271    
  0.1879807661054652    
  0.1870911723762286    
  0.1862237894262002    
  0.1853781717793388    
  0.1845538868100211    
  0.1837505143251023    
  0.1829676461604848    
  0.1822048857917133    
  0.1814618479581186    
  0.1807381583000347    
  0.1800334530086385    
  0.1793473784879734    
  0.1786795910287302    
  0.1780297564933656    
  0.1773975500121498    
  0.1767826556897635    
  0.1761847663220640    
  0.1756035831226553    
  0.1750388154589022    
  0.1744901805970597    
  0.1739574034561861    
  0.1734402163705251    
  0.1729383588600440    
  0.1724515774088442    
  0.1719796252511585    
  0.1715222621646622    
  0.1710792542708287    
  0.1706503738420818    
  0.1702353991155044    
  0.1698341141128644    
  0.1694463084667261    
  0.1690717772524361    
  0.1687103208257760    
  0.1683617446660808    
  0.1680258592246207    
  0.1677024797780675    
  0.1673914262868676    
  0.1670925232583506    
  0.1668055996143982    
  0.1665304885635222    
  0.1662670274771966    
  0.1660150577702987    
  0.1657744247855086    
  0.1655449776815348    
  0.1653265693250358    
  0.1651190561861109    
  0.1649222982372308    
  0.1647361588554974    
  0.1645605047281199    
  0.1643952057609982    
  0.1642401349903012    
  0.1640951684969466    
  0.1639601853238842    
  0.1638350673960913    
  0.1637196994431798    
  0.1636139689245336    
  0.1635177659568945    
  0.1634309832443163    
  0.1633535160104027    
  0.1632852619327523    
  0.1632261210795461    
  0.1631759958482051    
  0.1631347909060447    
  0.1631024131328622    
  0.1630787715653976    
  0.1630637773436057    
  0.1630573436586769    
  0.1630593857027530    
  0.1630698206202816    
  0.1630885674609593    
  0.1631155471342041    
  0.1631506823651130    
  0.1631938976518597    
  0.1632451192244813    
  0.1633042750050078    
  0.1633712945688898    
  0.1634461091076918    
  0.1635286513930040    
  0.1636188557415293    
  0.1637166579813105    
  0.1638219954190645    
  0.1639348068085878    
  0.1640550323201902    
  0.1641826135111284    
  0.1643174932970096    
  0.1644596159241358    
  0.1646089269427476    
  0.1647653731811441    
  0.1649289027206542    
  0.1650994648714323    
  0.1652770101490433    
  0.1654614902518140    
  0.1656528580389329    
  0.1658510675092704    
  0.1660560737808946    
  0.1662678330712535    
  0.1664863026780170    
  0.1667114409605491    
  0.1669432073219888    
  0.1671815621919174    
  0.1674264670095994    
  0.1676778842077805    
  0.1679357771970175    
  0.1682001103505219    
  0.1684708489895092    
  0.1687479593690369    
  0.1690314086643079    
  0.1693211649574282    
  0.1696171972246072    
  0.1699194753237884    
  0.1702279699826899    
  0.1705426527872425    
  0.1708634961704187    
  0.1711904734014425    
  0.1715235585753581    
  0.1718627266029502    
  0.1722079532010098    
  0.1725592148829364    
  0.1729164889496616    
  0.1732797534808788    
  0.1736489873265827    
  0.1740241700989091    
  0.1744052821642592    
  0.1747923046356999    
  0.1751852193656385    
  0.1755840089387657    
  0.1759886566652571    
  0.1763991465742194    
  0.1768154634073858    
  0.1772375926130519    
  0.1776655203402445    
  0.1780992334331137    
  0.1785387194255501    
  0.1789839665360232    
  0.1794349636626288    
  0.1798917003783430    
  0.1803541669264838    
  0.1808223542163753    
  0.1812962538192062    
  0.1817758579640780    
  0.1822611595342494    
  0.1827521520635695    
  0.1832488297330934    
  0.1837511873678755    
  0.1842592204339457    
  0.1847729250354682    
  0.1852922979120704    
  0.1858173364363430    
  0.1863480386115116    
  0.1868844030692838    
  0.1874264290678609    
  0.1879741164901129    
  0.1885274658419240    
  0.1890864782507062    
  0.1896511554640756    
  0.1902214998486878    
  0.1907975143892439    
  0.1913792026876613    
  0.1919665689624082    
  0.1925596180479937    
  0.1931583553946253    
  0.1937627870680341    
  0.1943729197494622    
  0.1949887607358065    
  0.1956103179399306    
  0.1962375998911486    
  0.1968706157358706    
  0.1975093752384124    
  0.1981538887819748    
  0.1988041673697989    
  0.1994602226264908    
  0.2001220667995131    
  0.2007897127608542    
  0.2014631740088741    
  0.2021424646703283    
  0.2028275995025642    
  0.2035185938959009    
  0.2042154638761956    
  0.2049182261075946    
  0.2056268978954663    
  0.2063414971895281    
  0.2070620425871695    
  0.2077885533369714    
  0.2085210493424158    
  0.2092595511657997    
  0.2100040800323549    
  0.2107546578345744    
  0.2115113071367414    
  0.2122740511796735    
  0.2130429138856863    
  0.2138179198637782    
  0.2145990944150363    
  0.2153864635382737    
  0.2161800539359035    
  0.2169798930200494    
  0.2177860089188967    
  0.2185984304832877    
  0.2194171872935705    
  0.2202423096666963    
  0.2210738286635711    
  0.2219117760966757    
  0.2227561845379519    
  0.2236070873269640    
  0.2244645185793333    
  0.2253285131954691    
  0.2261991068695930    
  0.2270763360990653    
  0.2279602381940069    
  0.2288508512872407    
  0.2297482143445523    
  0.2306523671752711    
  0.2315633504431756    
  0.2324812056777378    
  0.2334059752857169    
  0.2343377025631043    
  0.2352764317074243    
  0.2362222078304122    
  0.2371750769710752    
  0.2381350861091408    
  0.2391022831788946    
  0.2400767170834302    
  0.2410584377093117    
  0.2420474959416627    
  0.2430439436796756    
  0.2440478338525730    
  0.2450592204360240    
  0.2460781584690273    
  0.2471047040712670    
  0.2481389144609628    
  0.2491808479732272    
  0.2502305640789365    
  0.2512881234041196    
  0.2523535877498884    
  0.2534270201129200    
  0.2545084847064999    
  0.2555980469821381    
