  0.6574309798928827    
  0.6861858455333557    
  0.7132919107424798    
  0.7387337013193331    
  0.7625418482512628    
  0.7847294908757410    
  0.8052550548076902    
  0.8241249779883677    
  0.8414812095109018    
  0.8575066374191928    
  0.8722864070659448    
  0.8858397100061272    
  0.8982304666359845    
  0.9095350233865207    
  0.9197373780811774    
  0.9287854137637680    
  0.9367469927534227    
  0.9437951237465624    
  0.9500425179034105    
  0.9555174583186471    
  0.9603122344010295    
  0.9646119538930337    
  0.9685289938654646    
  0.9720343305000596    
  0.9751123056780544    
  0.9778635122431834    
  0.9803761668571618    
  0.9826055460529872    
  0.9844830960863278    
  0.9860631184322577    
  0.9874543836479299    
  0.9886685236685410    
  0.9896500828565100    
  0.9904227117310280    
  0.9910972145655821    
  0.9917436129989895    
  0.9923487032948735    
  0.9929095219037951    
  0.9934943544474552    
  0.9941885344570491    
  0.9950274022734116    
  0.9960049877248698    
  0.9971245921509579    
  0.9984260898854742    
  0.9999655031382513    
   1.001762660011697    
   1.003776756960396    
   1.005959395036387    
   1.008321448800326    
   1.010898656089632    
   1.013651967326741    
   1.016467628213102    
   1.019271701441989    
   1.022072419968199    
   1.024858786775758    
   1.027534333423825    
   1.030004399838427    
   1.032266780542772    
   1.034360322145673    
   1.036282992354388    
   1.038026485981224    
   1.039646486176153    
   1.041234331142184    
   1.042850591176762    
   1.044530169217847    
   1.046300873686344    
   1.048131495003262    
   1.049883208820656    
   1.051337736774127    
   1.052224681731957    
   1.052217069754353    
   1.051024399573141    
   1.048579862845696    
   1.045063225039346    
   1.040677823699016    
   1.035513522864199    
   1.029708293534164    
   1.023567570170449    
   1.017285489301172    
   1.010567485122569    
   1.002702456074667    
  0.9930243566250353    
  0.9812288514745275    
  0.9673755791686500    
  0.9518483324795580    
  0.9353045697789690    
  0.9183354630015825    
  0.9009344887160454    
  0.8823556296687337    
  0.8616329134425573    
  0.8383108560642305    
  0.8127665927522301    
  0.7859117450541390    
  0.7584649083996300    
  0.7302877338518039    
  0.7004491782708170    
  0.6681741106600388    
  0.6337376091676674    
  0.5981551514089504    
  0.5619564200527973    
  0.5246334927257834    
  0.4854834097595844    
  0.4446158528548443    
  0.4027434671157474    
  0.3602141879367922    
  0.3167485460682770    
  0.2721125967763431    
  0.2265806653234847    
  0.1805742998135959    
  0.1341929274180651    
  0.8734953331366328E-01
  0.4015954597498197E-01
 -0.7067115222471595E-02
 -0.5412480341928028E-01
 -0.1009739999282134    
 -0.1475247724388322    
 -0.1935427628448639    
 -0.2388051293472626    
 -0.2832210730280035    
 -0.3267372841472178    
 -0.3692043064031247    
 -0.4104122239661890    
 -0.4502314480131830    
 -0.4886502674941690    
 -0.5256592652789663    
 -0.5611483863914480    
 -0.5949631734450650    
 -0.6270406122811999    
 -0.6574309798928827    
 -0.6861858455333557    
 -0.7132919107424798    
 -0.7387337013193331    
 -0.7625418482512628    
 -0.7847294908757410    
 -0.8052550548076902    
 -0.8241249779883677    
 -0.8414812095109018    
 -0.8575066374191928    
 -0.8722864070659448    
 -0.8858397100061272    
 -0.8982304666359845    
 -0.9095350233865207    
 -0.9197373780811774    
 -0.9287854137637680    
 -0.9367469927534227    
 -0.9437951237465624    
 -0.9500425179034105    
 -0.9555174583186471    
 -0.9603122344010295    
 -0.9646119538930337    
 -0.9685289938654646    
 -0.9720343305000596    
 -0.9751123056780544    
 -0.9778635122431834    
 -0.9803761668571618    
 -0.9826055460529872    
 -0.9844830960863278    
 -0.9860631184322577    
 -0.9874543836479299    
 -0.9886685236685410    
 -0.9896500828565100    
 -0.9904227117310280    
 -0.9910972145655821    
 -0.9917436129989895    
 -0.9923487032948735    
 -0.9929095219037951    
 -0.9934943544474552    
 -0.9941885344570491    
 -0.9950274022734116    
 -0.9960049877248698    
 -0.9971245921509579    
 -0.9984260898854742    
 -0.9999655031382513    
  -1.001762660011697    
  -1.003776756960396    
  -1.005959395036387    
  -1.008321448800326    
  -1.010898656089632    
  -1.013651967326741    
  -1.016467628213102    
  -1.019271701441989    
  -1.022072419968199    
  -1.024858786775758    
  -1.027534333423825    
  -1.030004399838427    
  -1.032266780542772    
  -1.034360322145673    
  -1.036282992354388    
  -1.038026485981224    
  -1.039646486176153    
  -1.041234331142184    
  -1.042850591176762    
  -1.044530169217847    
  -1.046300873686344    
  -1.048131495003262    
  -1.049883208820656    
  -1.051337736774127    
  -1.052224681731957    
  -1.052217069754353    
  -1.051024399573141    
  -1.048579862845696    
  -1.045063225039346    
  -1.040677823699016    
  -1.035513522864199    
  -1.029708293534164    
  -1.023567570170449    
  -1.017285489301172    
  -1.010567485122569    
  -1.002702456074667    
 -0.9930243566250353    
 -0.9812288514745275    
 -0.9673755791686500    
 -0.9518483324795580    
 -0.9353045697789690    
 -0.9183354630015825    
 -0.9009344887160454    
 -0.8823556296687337    
 -0.8616329134425573    
 -0.8383108560642305    
 -0.8127665927522301    
 -0.7859117450541390    
 -0.7584649083996300    
 -0.7302877338518039    
 -0.7004491782708170    
 -0.6681741106600388    
 -0.6337376091676674    
 -0.5981551514089504    
 -0.5619564200527973    
 -0.5246334927257834    
 -0.4854834097595844    
 -0.4446158528548443    
 -0.4027434671157474    
 -0.3602141879367922    
 -0.3167485460682770    
 -0.2721125967763431    
 -0.2265806653234847    
 -0.1805742998135959    
 -0.1341929274180651    
 -0.8734953331366328E-01
 -0.4015954597498197E-01
  0.7067115222471595E-02
  0.5412480341928028E-01
  0.1009739999282134    
  0.1475247724388322    
  0.1935427628448639    
  0.2388051293472626    
  0.2832210730280035    
  0.3267372841472178    
  0.3692043064031247    
  0.4104122239661890    
  0.4502314480131830    
  0.4886502674941690    
  0.5256592652789663    
  0.5611483863914480    
  0.5949631734450650    
  0.6270406122811999    
