   2.334058149796427    
   2.354972743235267    
   2.375069119238369    
   2.397389436944105    
   2.422252083691790    
   2.446964990692986    
   2.471282688353203    
   2.497610338715979    
   2.526075149592830    
   2.554408280025095    
   2.582418856600915    
   2.611998890920950    
   2.643005241827310    
   2.673330316069923    
   2.702670445781227    
   2.732322845215442    
   2.761649277697616    
   2.788305963835778    
   2.811443530730561    
   2.831278642576025    
   2.845982381896767    
   2.852006870239935    
   2.846725081457693    
   2.827676812732094    
   2.789691179692694    
   2.725137344399987    
   2.625798726411720    
   2.481471319886130    
   2.276922444798788    
   1.991615505020869    
   1.600291775029718    
   1.070480109944155    
  0.3593140427175900    
 -0.5862805324606519    
  -1.827278662769634    
  -3.428920464154574    
  -5.449738175010041    
  -7.917235305745621    
  -10.79175335488922    
  -13.92684974500864    
  -17.04529800156478    
  -19.76472938886114    
  -21.69584116001999    
  -22.58052798621026    
  -22.38619583325288    
  -21.29455508416716    
  -19.60445533593794    
  -17.62140123671259    
  -15.58749765805597    
  -13.65920765943914    
  -11.91738054939987    
  -10.39170998390614    
  -9.082904248359885    
  -7.974634127434602    
  -7.041274756187556    
  -6.257164074522314    
  -5.601346270783513    
  -5.054001105401148    
  -4.594376337421169    
  -4.206316200950870    
  -3.880791127585355    
  -3.608851833646171    
  -3.377819483977524    
  -3.178884081834199    
  -3.011224800086431    
  -2.872453782124377    
  -2.752650661434995    
  -2.645160156520673    
  -2.554395828626370    
  -2.483137904294630    
  -2.421266222819174    
  -2.359548417482987    
  -2.305424787466543    
  -2.269061285335400    
  -2.241517246224999    
  -2.206411456277801    
  -2.168179979112612    
  -2.145736360267252    
  -2.138765189360162    
  -2.125372739823665    
  -2.098015853603501    
  -2.076521378777699    
  -2.074718628918293    
  -2.077268993076414    
  -2.065435452474260    
  -2.046761220871845    
  -2.039991673276037    
  -2.044529382791954    
  -2.045099356845230    
  -2.037656294879083    
  -2.031424355716450    
  -2.030639550246272    
  -2.031228842604702    
  -2.031975423158150    
  -2.034380160981069    
  -2.035047317128471    
  -2.031410197738919    
  -2.030421084692215    
  -2.038216948223133    
  -2.046692406809905    
  -2.045229362071500    
  -2.040254362832878    
  -2.045940860079582    
  -2.059521762039655    
  -2.065205748705313    
  -2.061395840524596    
  -2.063409050352123    
  -2.076747934503306    
  -2.088179499122718    
  -2.089509327676303    
  -2.091141182206114    
  -2.102672620492747    
  -2.116661118582726    
  -2.123292134909259    
  -2.127493961272386    
  -2.138614321309160    
  -2.153748896375948    
  -2.164503168107598    
  -2.172415545676404    
  -2.184875732386771    
  -2.201325297321791    
  -2.215464085883950    
  -2.227346797932129    
  -2.242395446025775    
  -2.260904802507827    
  -2.278302295909081    
  -2.294230729641010    
  -2.312672769486730    
  -2.334058149796427    
  -2.354972743235267    
  -2.375069119238369    
  -2.397389436944105    
  -2.422252083691790    
  -2.446964990692986    
  -2.471282688353203    
  -2.497610338715979    
  -2.526075149592830    
  -2.554408280025095    
  -2.582418856600915    
  -2.611998890920950    
  -2.643005241827310    
  -2.673330316069923    
  -2.702670445781227    
  -2.732322845215442    
  -2.761649277697616    
  -2.788305963835778    
  -2.811443530730561    
  -2.831278642576025    
  -2.845982381896767    
  -2.852006870239935    
  -2.846725081457693    
  -2.827676812732094    
  -2.789691179692694    
  -2.725137344399987    
  -2.625798726411720    
  -2.481471319886130    
  -2.276922444798788    
  -1.991615505020869    
  -1.600291775029718    
  -1.070480109944155    
 -0.3593140427175900    
  0.5862805324606519    
   1.827278662769634    
   3.428920464154574    
   5.449738175010041    
   7.917235305745621    
   10.79175335488922    
   13.92684974500864    
   17.04529800156478    
   19.76472938886114    
   21.69584116001999    
   22.58052798621026    
   22.38619583325288    
   21.29455508416716    
   19.60445533593794    
   17.62140123671259    
   15.58749765805597    
   13.65920765943914    
   11.91738054939987    
   10.39170998390614    
   9.082904248359885    
   7.974634127434602    
   7.041274756187556    
   6.257164074522314    
   5.601346270783513    
   5.054001105401148    
   4.594376337421169    
   4.206316200950870    
   3.880791127585355    
   3.608851833646171    
   3.377819483977524    
   3.178884081834199    
   3.011224800086431    
   2.872453782124377    
   2.752650661434995    
   2.645160156520673    
   2.554395828626370    
   2.483137904294630    
   2.421266222819174    
   2.359548417482987    
   2.305424787466543    
   2.269061285335400    
   2.241517246224999    
   2.206411456277801    
   2.168179979112612    
   2.145736360267252    
   2.138765189360162    
   2.125372739823665    
   2.098015853603501    
   2.076521378777699    
   2.074718628918293    
   2.077268993076414    
   2.065435452474260    
   2.046761220871845    
   2.039991673276037    
   2.044529382791954    
   2.045099356845230    
   2.037656294879083    
   2.031424355716450    
   2.030639550246272    
   2.031228842604702    
   2.031975423158150    
   2.034380160981069    
   2.035047317128471    
   2.031410197738919    
   2.030421084692215    
   2.038216948223133    
   2.046692406809905    
   2.045229362071500    
   2.040254362832878    
   2.045940860079582    
   2.059521762039655    
   2.065205748705313    
   2.061395840524596    
   2.063409050352123    
   2.076747934503306    
   2.088179499122718    
   2.089509327676303    
   2.091141182206114    
   2.102672620492747    
   2.116661118582726    
   2.123292134909259    
   2.127493961272386    
   2.138614321309160    
   2.153748896375948    
   2.164503168107598    
   2.172415545676404    
   2.184875732386771    
   2.201325297321791    
   2.215464085883950    
   2.227346797932129    
   2.242395446025775    
   2.260904802507827    
   2.278302295909081    
   2.294230729641010    
   2.312672769486730    
