   2.116328641055084    
   2.138604548762013    
   2.155294144973072    
   2.170960556723857    
   2.193228776145186    
   2.218005361333495    
   2.238270039064565    
   2.257711916396657    
   2.282715181497073    
   2.309753257404064    
   2.332786130738033    
   2.354915577865578    
   2.381437385302742    
   2.409004498087782    
   2.432188044230890    
   2.453525709819381    
   2.477189861746426    
   2.499554732044673    
   2.515238018173704    
   2.525818485077139    
   2.533818901794715    
   2.534370028182033    
   2.520876865848392    
   2.492529755602211    
   2.448309242412451    
   2.379413171158593    
   2.274486433367277    
   2.125804047681725    
   1.922852623547047    
   1.645040017035333    
   1.266222229066674    
  0.7593982063976938    
  0.8995956261643306E-01
 -0.7901950395089474    
  -1.935562047405265    
  -3.396933039146494    
  -5.215872364973325    
  -7.409111169548350    
  -9.933134609038513    
  -12.64818571602822    
  -15.30955885672092    
  -17.60012690140237    
  -19.20714573052280    
  -19.92654380219459    
  -19.73963130504259    
  -18.80398220590625    
  -17.36733593395831    
  -15.67657194139279    
  -13.93106233653492    
  -12.26801342163785    
  -10.75950483550658    
  -9.427795416487433    
  -8.274529018199646    
  -7.294419022614592    
  -6.468632846015279    
  -5.768488133271045    
  -5.174877608641134    
  -4.680246022591351    
  -4.269068766448075    
  -3.916586797669591    
  -3.611995120288424    
  -3.360517356981164    
  -3.155599149959799    
  -2.974074874508097    
  -2.808095984980982    
  -2.673365153270310    
  -2.572148846693807    
  -2.478864045683824    
  -2.380834438813101    
  -2.300556475536971    
  -2.252346226476303    
  -2.209894859868721    
  -2.149314387312523    
  -2.092747443359699    
  -2.068814480983650    
  -2.057599729081105    
  -2.022871434956578    
  -1.977140982790653    
  -1.960241280137433    
  -1.966746567364211    
  -1.953584379551593    
  -1.916182989243696    
  -1.896439186639860    
  -1.908031234971683    
  -1.912931139294824    
  -1.888993952265325    
  -1.866192077986238    
  -1.870895650033089    
  -1.882375129554209    
  -1.874544279752831    
  -1.859744612067840    
  -1.859016288173533    
  -1.863904516462970    
  -1.859830343210775    
  -1.856525218658838    
  -1.864014807132341    
  -1.867289261599815    
  -1.855953409106740    
  -1.850551120216213    
  -1.866704362212019    
  -1.881379448062742    
  -1.871034021707952    
  -1.856386230910458    
  -1.868264923013525    
  -1.892341569619636    
  -1.893547603162384    
  -1.877881150094404    
  -1.880829615944037    
  -1.904398658129527    
  -1.915852776197988    
  -1.907045408599695    
  -1.906207224072276    
  -1.925357701335302    
  -1.941303383799858    
  -1.940259451613376    
  -1.940840129092155    
  -1.957190516033545    
  -1.974524282728380    
  -1.979259706156637    
  -1.983308905010915    
  -1.999387575671012    
  -2.017792006007377    
  -2.026848178394388    
  -2.034689968029586    
  -2.052075507135819    
  -2.072142551310373    
  -2.085057404223713    
  -2.096763853171807    
  -2.116328641055084    
  -2.138604548762013    
  -2.155294144973072    
  -2.170960556723857    
  -2.193228776145186    
  -2.218005361333495    
  -2.238270039064565    
  -2.257711916396657    
  -2.282715181497073    
  -2.309753257404064    
  -2.332786130738033    
  -2.354915577865578    
  -2.381437385302742    
  -2.409004498087782    
  -2.432188044230890    
  -2.453525709819381    
  -2.477189861746426    
  -2.499554732044673    
  -2.515238018173704    
  -2.525818485077139    
  -2.533818901794715    
  -2.534370028182033    
  -2.520876865848392    
  -2.492529755602211    
  -2.448309242412451    
  -2.379413171158593    
  -2.274486433367277    
  -2.125804047681725    
  -1.922852623547047    
  -1.645040017035333    
  -1.266222229066674    
 -0.7593982063976938    
 -0.8995956261643306E-01
  0.7901950395089474    
   1.935562047405265    
   3.396933039146494    
   5.215872364973325    
   7.409111169548350    
   9.933134609038513    
   12.64818571602822    
   15.30955885672092    
   17.60012690140237    
   19.20714573052280    
   19.92654380219459    
   19.73963130504259    
   18.80398220590625    
   17.36733593395831    
   15.67657194139279    
   13.93106233653492    
   12.26801342163785    
   10.75950483550658    
   9.427795416487433    
   8.274529018199646    
   7.294419022614592    
   6.468632846015279    
   5.768488133271045    
   5.174877608641134    
   4.680246022591351    
   4.269068766448075    
   3.916586797669591    
   3.611995120288424    
   3.360517356981164    
   3.155599149959799    
   2.974074874508097    
   2.808095984980982    
   2.673365153270310    
   2.572148846693807    
   2.478864045683824    
   2.380834438813101    
   2.300556475536971    
   2.252346226476303    
   2.209894859868721    
   2.149314387312523    
   2.092747443359699    
   2.068814480983650    
   2.057599729081105    
   2.022871434956578    
   1.977140982790653    
   1.960241280137433    
   1.966746567364211    
   1.953584379551593    
   1.916182989243696    
   1.896439186639860    
   1.908031234971683    
   1.912931139294824    
   1.888993952265325    
   1.866192077986238    
   1.870895650033089    
   1.882375129554209    
   1.874544279752831    
   1.859744612067840    
   1.859016288173533    
   1.863904516462970    
   1.859830343210775    
   1.856525218658838    
   1.864014807132341    
   1.867289261599815    
   1.855953409106740    
   1.850551120216213    
   1.866704362212019    
   1.881379448062742    
   1.871034021707952    
   1.856386230910458    
   1.868264923013525    
   1.892341569619636    
   1.893547603162384    
   1.877881150094404    
   1.880829615944037    
   1.904398658129527    
   1.915852776197988    
   1.907045408599695    
   1.906207224072276    
   1.925357701335302    
   1.941303383799858    
   1.940259451613376    
   1.940840129092155    
   1.957190516033545    
   1.974524282728380    
   1.979259706156637    
   1.983308905010915    
   1.999387575671012    
   2.017792006007377    
   2.026848178394388    
   2.034689968029586    
   2.052075507135819    
   2.072142551310373    
   2.085057404223713    
   2.096763853171807    
