  0.3339895272036548    
  0.3365491297258626    
  0.3391493294016841    
  0.3417909933781937    
  0.3444749981694169    
  0.3472022567484269    
  0.3499737390759796    
  0.3527904534281202    
  0.3556534303349467    
  0.3585637398408439    
  0.3615225080236315    
  0.3645309051518947    
  0.3675901343509977    
  0.3707014452304458    
  0.3738661469118335    
  0.3770855986786749    
  0.3803612015527912    
  0.3836944102769292    
  0.3870867439341368    
  0.3905397778607133    
  0.3940551379449490    
  0.3976345129015884    
  0.4012796632050892    
  0.4049924118413262    
  0.4087746385710533    
  0.4126282926522533    
  0.4165554022513904    
  0.4205580649302662    
  0.4246384404019597    
  0.4287987617095219    
  0.4330413443978267    
  0.4373685768636442    
  0.4417829108704737    
  0.4462868688790810    
  0.4508830502868325    
  0.4555741202043810    
  0.4603627974577096    
  0.4652518568712669    
  0.4702441287186487    
  0.4753424801956803    
  0.4805497955569392    
  0.4858689691358588    
  0.4913028933314103    
  0.4968544258936304    
  0.5025263531153413    
  0.5083213632084218    
  0.5142420110624414    
  0.5202906571246851    
  0.5264693962885076    
  0.5327799912453617    
  0.5392237906906445    
  0.5458016130344259    
  0.5525136099690185    
  0.5593591235098964    
  0.5663365148494368    
  0.5734429428043697    
  0.5806741051863694    
  0.5880239570456770    
  0.5954843822672985    
  0.6030447926302481    
  0.6106916672188801    
  0.6184080504008089    
  0.6261729895617946    
  0.6339608906711726    
  0.6417408135828369    
  0.6494757438240767    
  0.6571218480806433    
  0.6646277235187955    
  0.6719337052745049    
  0.6789713250048718    
  0.6856629946156080    
  0.6919219987904719    
  0.6976529376508053    
  0.7027527826604767    
  0.7071126619377336    
  0.7106204489991065    
  0.7131642150888508    
  0.7146365335728847    
  0.7149394640428477    
  0.7139898906324159    
  0.7117248054578073    
  0.7081060574145761    
  0.7031240138676238    
  0.6967996183973910    
  0.6891845289098227    
  0.6803592779785587    
  0.6704296065378441    
  0.6595213169605734    
  0.6477741956001282    
  0.6353356563442606    
  0.6223546756185403    
  0.6089764287548469    
  0.5953379201912917    
  0.5815647849509160    
  0.5677692586134664    
  0.5540491552096142    
  0.5404876657725315    
  0.5271538250295491    
  0.5141034677223651    
  0.5013804559687854    
  0.4890180164720845    
  0.4770401264346977    
  0.4654628973407705    
  0.4542958617867430    
  0.4435431043384022    
  0.4332042669160512    
  0.4232754619622289    
  0.4137500567503470    
  0.4046192974229549    
  0.3958728239719491    
  0.3874991359664126    
  0.3794859851567427    
  0.3718206518090150    
  0.3644901467592713    
  0.3574814127152066    
  0.3507815107768930    
  0.3443777263973533    
  0.3382576092080108    
  0.3324090309434461    
  0.3268202765353333    
  0.3214800927513902    
  0.3163776643209525    
  0.3115025904270546    
  0.3068449180160231    
  0.3023951817358149    
  0.2981443819744951    
  0.2940839273298832    
  0.2902056167305628    
  0.2865016658973548    
  0.2829647127697943    
  0.2795877732888500    
  0.2763641946080069    
  0.2732876499817717    
  0.2703521525446911    
  0.2675520409040899    
  0.2648819384399070    
  0.2623367287168019    
  0.2599115601914559    
  0.2576018450361155    
  0.2554032286745623    
  0.2533115591632003    
  0.2513228898807620    
  0.2494334936080556    
  0.2476398435182883    
  0.2459385706489265    
  0.2443264501352511    
  0.2428004235737840    
  0.2413576049891958    
  0.2399952469463834    
  0.2387107132419652    
  0.2375014927884721    
  0.2363652151104064    
  0.2352996236315616    
  0.2343025396087779    
  0.2333718720547366    
  0.2325056532692528    
  0.2317020338275573    
  0.2309592343238802    
  0.2302755189580278    
  0.2296492205173015    
  0.2290787714044916    
  0.2285626959150928    
  0.2280995779388422    
  0.2276880423159853    
  0.2273267611773213    
  0.2270144702609895    
  0.2267499756168689    
  0.2265321397835398    
  0.2263598592306513    
  0.2262320625934684    
  0.2261477339813890    
  0.2261059219726861    
  0.2261057103264877    
  0.2261461913605139    
  0.2262264873684067    
  0.2263457877111938    
  0.2265033376366491    
  0.2266983922070580    
  0.2269302077746146    
  0.2271980808182693    
  0.2275013662183151    
  0.2278394466586740    
  0.2282117078298699    
  0.2286175568477222    
  0.2290564444681249    
  0.2295278533375794    
  0.2300312786212387    
  0.2305662318408507    
  0.2311322492526474    
  0.2317288866327749    
  0.2323557217579713    
  0.2330123697115946    
  0.2336984733949287    
  0.2344136664706591    
  0.2351575716061583    
  0.2359298553195018    
  0.2367302572393948    
  0.2375585328486892    
  0.2384143870561760    
  0.2392975055288801    
  0.2402076450397521    
  0.2411446484058086    
  0.2421083592048706    
  0.2430985583608324    
  0.2441150093203627    
  0.2451575446480546    
  0.2462260779181533    
  0.2473205310627562    
  0.2484407733624233    
  0.2495866477994152    
  0.2507580508242672    
  0.2519549627036717    
  0.2531773834492769    
  0.2544252562739165    
  0.2556984894973454    
  0.2569970540012728    
  0.2583210137821517    
  0.2596704365671528    
  0.2610453164233195    
  0.2624456304773198    
  0.2638714447080535    
  0.2653229035160784    
  0.2668001202050859    
  0.2683031411941313    
  0.2698320363428020    
  0.2713869699120877    
  0.2729681463852094    
  0.2745757238757131    
  0.2762098258925310    
  0.2778706218809337    
  0.2795583539670746    
  0.2812732833256550    
  0.2830156413860595    
  0.2847856459889159    
  0.2865835510199294    
  0.2884096671987323    
  0.2902643333787101    
  0.2921478736506186    
  0.2940605950461197    
  0.2960028350470397    
  0.2979749962406510    
  0.2999775125803045    
  0.3020107928860066    
  0.3040752322527893    
  0.3061712794739507    
  0.3082994529873797    
  0.3104602774001829    
  0.3126542456741717    
  0.3148818712498148    
  0.3171437430002425    
  0.3194404925792289    
  0.3217727339872398    
  0.3241410787634581    
  0.3265461966782823    
  0.3289888182248365    
  0.3314696828045687    
  0.3339895272036548    
  0.3365491297258626    
  0.3391493294016841    
  0.3417909933781937    
  0.3444749981694169    
  0.3472022567484269    
  0.3499737390759796    
  0.3527904534281202    
  0.3556534303349467    
  0.3585637398408439    
  0.3615225080236315    
  0.3645309051518947    
  0.3675901343509977    
  0.3707014452304458    
  0.3738661469118335    
  0.3770855986786749    
  0.3803612015527912    
  0.3836944102769292    
  0.3870867439341368    
  0.3905397778607133    
  0.3940551379449490    
  0.3976345129015884    
  0.4012796632050892    
  0.4049924118413262    
  0.4087746385710533    
  0.4126282926522533    
  0.4165554022513904    
  0.4205580649302662    
  0.4246384404019597    
  0.4287987617095219    
  0.4330413443978267    
  0.4373685768636442    
  0.4417829108704737    
  0.4462868688790810    
  0.4508830502868325    
  0.4555741202043810    
  0.4603627974577096    
  0.4652518568712669    
  0.4702441287186487    
  0.4753424801956803    
  0.4805497955569392    
  0.4858689691358588    
  0.4913028933314103    
  0.4968544258936304    
  0.5025263531153413    
  0.5083213632084218    
  0.5142420110624414    
  0.5202906571246851    
  0.5264693962885076    
  0.5327799912453617    
  0.5392237906906445    
  0.5458016130344259    
  0.5525136099690185    
  0.5593591235098964    
  0.5663365148494368    
  0.5734429428043697    
  0.5806741051863694    
  0.5880239570456770    
  0.5954843822672985    
  0.6030447926302481    
  0.6106916672188801    
  0.6184080504008089    
  0.6261729895617946    
  0.6339608906711726    
  0.6417408135828369    
  0.6494757438240767    
  0.6571218480806433    
  0.6646277235187955    
  0.6719337052745049    
  0.6789713250048718    
  0.6856629946156080    
  0.6919219987904719    
  0.6976529376508053    
  0.7027527826604767    
  0.7071126619377336    
  0.7106204489991065    
  0.7131642150888508    
  0.7146365335728847    
  0.7149394640428477    
  0.7139898906324159    
  0.7117248054578073    
  0.7081060574145761    
  0.7031240138676238    
  0.6967996183973910    
  0.6891845289098227    
  0.6803592779785587    
  0.6704296065378441    
  0.6595213169605734    
  0.6477741956001282    
  0.6353356563442606    
  0.6223546756185403    
  0.6089764287548469    
  0.5953379201912917    
  0.5815647849509160    
  0.5677692586134664    
  0.5540491552096142    
  0.5404876657725315    
  0.5271538250295491    
  0.5141034677223651    
  0.5013804559687854    
  0.4890180164720845    
  0.4770401264346977    
  0.4654628973407705    
  0.4542958617867430    
  0.4435431043384022    
  0.4332042669160512    
  0.4232754619622289    
  0.4137500567503470    
  0.4046192974229549    
  0.3958728239719491    
  0.3874991359664126    
  0.3794859851567427    
  0.3718206518090150    
  0.3644901467592713    
  0.3574814127152066    
  0.3507815107768930    
  0.3443777263973533    
  0.3382576092080108    
  0.3324090309434461    
  0.3268202765353333    
  0.3214800927513902    
  0.3163776643209525    
  0.3115025904270546    
  0.3068449180160231    
  0.3023951817358149    
  0.2981443819744951    
  0.2940839273298832    
  0.2902056167305628    
  0.2865016658973548    
  0.2829647127697943    
  0.2795877732888500    
  0.2763641946080069    
  0.2732876499817717    
  0.2703521525446911    
  0.2675520409040899    
  0.2648819384399070    
  0.2623367287168019    
  0.2599115601914559    
  0.2576018450361155    
  0.2554032286745623    
  0.2533115591632003    
  0.2513228898807620    
  0.2494334936080556    
  0.2476398435182883    
  0.2459385706489265    
  0.2443264501352511    
  0.2428004235737840    
  0.2413576049891958    
  0.2399952469463834    
  0.2387107132419652    
  0.2375014927884721    
  0.2363652151104064    
  0.2352996236315616    
  0.2343025396087779    
  0.2333718720547366    
  0.2325056532692528    
  0.2317020338275573    
  0.2309592343238802    
  0.2302755189580278    
  0.2296492205173015    
  0.2290787714044916    
  0.2285626959150928    
  0.2280995779388422    
  0.2276880423159853    
  0.2273267611773213    
  0.2270144702609895    
  0.2267499756168689    
  0.2265321397835398    
  0.2263598592306513    
  0.2262320625934684    
  0.2261477339813890    
  0.2261059219726861    
  0.2261057103264877    
  0.2261461913605139    
  0.2262264873684067    
  0.2263457877111938    
  0.2265033376366491    
  0.2266983922070580    
  0.2269302077746146    
  0.2271980808182693    
  0.2275013662183151    
  0.2278394466586740    
  0.2282117078298699    
  0.2286175568477222    
  0.2290564444681249    
  0.2295278533375794    
  0.2300312786212387    
  0.2305662318408507    
  0.2311322492526474    
  0.2317288866327749    
  0.2323557217579713    
  0.2330123697115946    
  0.2336984733949287    
  0.2344136664706591    
  0.2351575716061583    
  0.2359298553195018    
  0.2367302572393948    
  0.2375585328486892    
  0.2384143870561760    
  0.2392975055288801    
  0.2402076450397521    
  0.2411446484058086    
  0.2421083592048706    
  0.2430985583608324    
  0.2441150093203627    
  0.2451575446480546    
  0.2462260779181533    
  0.2473205310627562    
  0.2484407733624233    
  0.2495866477994152    
  0.2507580508242672    
  0.2519549627036717    
  0.2531773834492769    
  0.2544252562739165    
  0.2556984894973454    
  0.2569970540012728    
  0.2583210137821517    
  0.2596704365671528    
  0.2610453164233195    
  0.2624456304773198    
  0.2638714447080535    
  0.2653229035160784    
  0.2668001202050859    
  0.2683031411941313    
  0.2698320363428020    
  0.2713869699120877    
  0.2729681463852094    
  0.2745757238757131    
  0.2762098258925310    
  0.2778706218809337    
  0.2795583539670746    
  0.2812732833256550    
  0.2830156413860595    
  0.2847856459889159    
  0.2865835510199294    
  0.2884096671987323    
  0.2902643333787101    
  0.2921478736506186    
  0.2940605950461197    
  0.2960028350470397    
  0.2979749962406510    
  0.2999775125803045    
  0.3020107928860066    
  0.3040752322527893    
  0.3061712794739507    
  0.3082994529873797    
  0.3104602774001829    
  0.3126542456741717    
  0.3148818712498148    
  0.3171437430002425    
  0.3194404925792289    
  0.3217727339872398    
  0.3241410787634581    
  0.3265461966782823    
  0.3289888182248365    
  0.3314696828045687    
