  0.2948476165760563    
  0.2960427416780560    
  0.2972470034064932    
  0.2984604884260243    
  0.2996832851236740    
  0.3009154836402264    
  0.3021571759024850    
  0.3034084556564877    
  0.3046694185014378    
  0.3059401619242911    
  0.3072207853352783    
  0.3085113901044461    
  0.3098120795989797    
  0.3111229592212353    
  0.3124441364477712    
  0.3137757208694669    
  0.3151178242324890    
  0.3164705604800290    
  0.3178340457951099    
  0.3192083986445460    
  0.3205937398238077    
  0.3219901925027116    
  0.3233978822722293    
  0.3248169371925082    
  0.3262474878418418    
  0.3276896673665026    
  0.3291436115317416    
  0.3306094587740455    
  0.3320873502543820    
  0.3335774299123303    
  0.3350798445213961    
  0.3365947437456048    
  0.3381222801970837    
  0.3396626094945132    
  0.3412158903227460    
  0.3427822844936808    
  0.3443619570080855    
  0.3459550761182295    
  0.3475618133916036    
  0.3491823437758053    
  0.3508168456642484    
  0.3524655009625353    
  0.3541284951557597    
  0.3558060173767950    
  0.3574982604751961    
  0.3592054210864954    
  0.3609276997021228    
  0.3626653007399729    
  0.3644184326151935    
  0.3661873078109187    
  0.3679721429491363    
  0.3697731588616510    
  0.3715905806606398    
  0.3734246378084354    
  0.3752755641866424    
  0.3771435981644842    
  0.3790289826657688    
  0.3809319652339898    
  0.3828527980955480    
  0.3847917382208482    
  0.3867490473824996    
  0.3887249922099603    
  0.3907198442404469    
  0.3927338799656886    
  0.3947673808735229    
  0.3968206334834184    
  0.3988939293754947    
  0.4009875652123371    
  0.4031018427522930    
  0.4052370688529644    
  0.4073935554640779    
  0.4095716196086270    
  0.4117715833504872    
  0.4139937737466987    
  0.4162385227830518    
  0.4185061672912700    
  0.4207970488453071    
  0.4231115136341855    
  0.4254499123092019    
  0.4278125998029178    
  0.4301999351164545    
  0.4326122810714074    
  0.4350500040230114    
  0.4375134735306825    
  0.4400030619810168    
  0.4425191441579570    
  0.4450620967550273    
  0.4476322978238773    
  0.4502301261521034    
  0.4528559605627488    
  0.4555101791278712    
  0.4581931582876851    
  0.4609052718652156    
  0.4636468899655115    
  0.4664183777481888    
  0.4692200940608825    
  0.4720523899191960    
  0.4749156068174273    
  0.4778100748536770    
  0.4807361106513109    
  0.4836940150562755    
  0.4866840705878653    
  0.4897065386193482    
  0.4927616562626647    
  0.4958496329282529    
  0.4989706465285014    
  0.5021248392914985    
  0.5053123131489146    
  0.5085331246579736    
  0.5117872794141973    
  0.5150747259091788    
  0.5183953487842869    
  0.5217489614267334    
  0.5251352978507022    
  0.5285540038036102    
  0.5320046270342454    
  0.5354866066553038    
  0.5389992615296597    
  0.5425417776082037    
  0.5461131941454659    
  0.5497123887173160    
  0.5533380609649864    
  0.5569887149924890    
  0.5606626403485807    
  0.5643578915296037    
  0.5680722659483197    
  0.5718032803277553    
  0.5755481454967902    
  0.5793037395857491    
  0.5830665796485517    
  0.5868327917751275    
  0.5905980798028381    
  0.5943576927887496    
  0.5981063914689114    
  0.6018384140088010    
  0.6055474414397023    
  0.6092265632784315    
  0.6128682439449515    
  0.6164642907254987    
  0.6200058241750032    
  0.6234832520083606    
  0.6268862476942643    
  0.6302037351350094    
  0.6334238809824387    
  0.6365340962933135    
  0.6395210493576373    
  0.6423706916295653    
  0.6450682987351116    
  0.6475985285039748    
  0.6499454978570294    
  0.6520928801597115    
  0.6540240243055817    
  0.6557220963070320    
  0.6571702435344294    
  0.6583517809639705    
  0.6592503978784272    
  0.6598503824357707    
  0.6601368604189646    
  0.6600960433641414    
  0.6597154802025949    
  0.6589843056213562    
  0.6578934776325833    
  0.6564359964285313    
  0.6546070965570503    
  0.6524044048296431    
  0.6498280571914328    
  0.6468807690291698    
  0.6435678550186565    
  0.6398971965264484    
  0.6358791566650086    
  0.6315264452220961    
  0.6268539377023374    
  0.6218784544943641    
  0.6166185075964906    
  0.6110940233191768    
  0.6053260498922265    
  0.5993364589343344    
  0.5931476493263456    
  0.5867822612358475    
  0.5802629069585821    
  0.5736119239677271    
  0.5668511541926262    
  0.5600017521767362    
  0.5530840234690155    
  0.5461172934407764    
  0.5391198057288030    
  0.5321086487074523    
  0.5250997077940698    
  0.5181076409837688    
  0.5111458747718609    
  0.5042266175319570    
  0.4973608874500320    
  0.4905585522414311    
  0.4838283780714128    
  0.4771780853378181    
  0.4706144092389025    
  0.4641431633234991    
  0.4577693044904695    
  0.4514969981609419    
  0.4453296825855292    
  0.4392701314654096    
  0.4333205142574200    
  0.4274824536988427    
  0.4217570802295364    
  0.4161450831088007    
  0.4106467581224456    
  0.4052620518540772    
  0.3999906025572199    
  0.3948317777138661    
  0.3897847084013095    
  0.3848483206144243    
  0.3800213637079378    
  0.3753024361343451    
  0.3706900086583524    
  0.3661824452289285    
  0.3617780216872946    
  0.3574749424845339    
  0.3532713555757467    
  0.3491653656490097    
  0.3451550458382301    
  0.3412384480599215    
  0.3374136121045149    
  0.3336785736028322    
  0.3300313709788091    
  0.3264700514908584    
  0.3229926764558630    
  0.3195973257412574    
  0.3162821016028360    
  0.3130451319390505    
  0.3098845730261562    
  0.3067986117921176    
  0.3037854676813566    
  0.3008433941575016    
  0.2979706798867924    
  0.2951656496402033    
  0.2924266649482299    
  0.2897521245389494    
  0.2871404645869581    
  0.2845901587976380    
  0.2820997183483713    
  0.2796676917061421    
  0.2772926643390496    
  0.2749732583371232    
  0.2727081319559149    
  0.2704959790949465    
  0.2683355287219328    
  0.2662255442522733    
  0.2641648228919952    
  0.2621521949514692    
  0.2601865231365557    
  0.2582667018228836    
  0.2563916563180743    
  0.2545603421161948    
  0.2527717441483850    
  0.2510248760329716    
  0.2493187793277468    
  0.2476525227867921    
  0.2460252016240951    
  0.2444359367857620    
  0.2428838742322034    
  0.2413681842314782    
  0.2398880606649893    
  0.2384427203464316    
  0.2370314023545487    
  0.2356533673801714    
  0.2343078970880926    
  0.2329942934941304    
  0.2317118783574582    
  0.2304599925882483    
  0.2292379956708034    
  0.2280452651022127    
  0.2268811958463402    
  0.2257451998029502    
  0.2246367052919278    
  0.2235551565524588    
  0.2225000132568303    
  0.2214707500385310    
  0.2204668560344974    
  0.2194878344412854    
  0.2185332020847652    
  0.2176024890029477    
  0.2166952380417482    
  0.2158110044634353    
  0.2149493555673412    
  0.2141098703224253    
  0.2132921390114773    
  0.2124957628867125    
  0.2117203538363399    
  0.2109655340617039    
  0.2102309357647918    
  0.2095162008458706    
  0.2088209806108636    
  0.2081449354880801    
  0.2074877347541098    
  0.2068490562686769    
  0.2062285862180825    
  0.2056260188668755    
  0.2050410563175905    
  0.2044734082783778    
  0.2039227918381794    
  0.2033889312491212    
  0.2028715577159794    
  0.2023704091925821    
  0.2018852301848286    
  0.2014157715600186    
  0.2009617903623783    
  0.2005230496346706    
  0.2000993182456027    
  0.1996903707227405    
  0.1992959870908453    
  0.1989159527155472    
  0.1985500581520957    
  0.1981980989989124    
  0.1978598757558838    
  0.1975351936873364    
  0.1972238626894560    
  0.1969256971618941    
  0.1966405158835183    
  0.1963681418922730    
  0.1961084023689307    
  0.1958611285244918    
  0.1956261554912072    
  0.1954033222172113    
  0.1951924713645662    
  0.1949934492104841    
  0.1948061055517117    
  0.1946302936120950    
  0.1944658699531308    
  0.1943126943872879    
  0.1941706298940933    
  0.1940395425390183    
  0.1939193013949878    
  0.1938097784662947    
  0.1937108486149312    
  0.1936223894893917    
  0.1935442814557778    
  0.1934764075309970    
  0.1934186533180703    
  0.1933709069436216    
  0.1933330589973956    
  0.1933050024735893    
  0.1932866327140247    
  0.1932778473532507    
  0.1932785462654358    
  0.1932886315128313    
  0.1933080072958345    
  0.1933365799047621    
  0.1933742576732053    
  0.1934209509327474    
  0.1934765719690702    
  0.1935410349795735    
  0.1936142560323966    
  0.1936961530266196    
  0.1937866456536683    
  0.1938856553600588    
  0.1939931053113850    
  0.1941089203573315    
  0.1942330269977264    
  0.1943653533497799    
  0.1945058291164280    
  0.1946543855555632    
  0.1948109554501647    
  0.1949754730794816    
  0.1951478741911956    
  0.1953280959743562    
  0.1955160770330916    
  0.1957117573612505    
  0.1959150783179192    
  0.1961259826036069    
  0.1963444142371036    
  0.1965703185331657    
  0.1968036420809798    
  0.1970443327232040    
  0.1972923395355931    
  0.1975476128073594    
  0.1978101040222341    
  0.1980797658400253    
  0.1983565520786812    
  0.1986404176970124    
  0.1989313187780404    
  0.1992292125127772    
  0.1995340571844432    
  0.1998458121532784    
  0.2001644378419167    
  0.2004898957211312    
  0.2008221482959604    
  0.2011611590923749    
  0.2015068926444499    
  0.2018593144818620    
  0.2022183911177134    
  0.2025840900368497    
  0.2029563796846414    
  0.2033352294560429    
  0.2037206096849362    
  0.2041124916339324    
  0.2045108474845962    
  0.2049156503279113    
  0.2053268741549928    
  0.2057444938482237    
  0.2061684851727859    
  0.2065988247683995    
  0.2070354901412793    
  0.2074784596564883    
  0.2079277125306607    
  0.2083832288249046    
  0.2088449894378969    
  0.2093129760993534    
  0.2097871713638518    
  0.2102675586048088    
  0.2107541220086254    
  0.2112468465691925    
  0.2117457180827330    
  0.2122507231427835    
  0.2127618491353247    
  0.2132790842342529    
  0.2138024173971851    
  0.2143318383613871    
  0.2148673376398335    
  0.2154089065176008    
  0.2159565370485816    
  0.2165102220523187    
  0.2170699551109564    
  0.2176357305665160    
  0.2182075435184903    
  0.2187853898215480    
  0.2193692660833463    
  0.2199591696626632    
  0.2205550986678461    
  0.2211570519553692    
  0.2217650291284906    
  0.2223790305362246    
  0.2229990572726334    
  0.2236251111762267    
  0.2242571948294562    
  0.2248953115585258    
  0.2255394654335231    
  0.2261896612686592    
  0.2268459046226016    
  0.2275082017991221    
  0.2281765598480759    
  0.2288509865664906    
  0.2295314904997484    
  0.2302180809430834    
  0.2309107679434162    
  0.2316095623013077    
  0.2323144755730077    
  0.2330255200728226    
  0.2337427088758289    
  0.2344660558207136    
  0.2351955755127147    
  0.2359312833268897    
  0.2366731954117358    
  0.2374213286929518    
  0.2381757008773045    
  0.2389363304568303    
  0.2397032367134043    
  0.2404764397234595    
  0.2412559603628217    
  0.2420418203118897    
  0.2428340420611953    
  0.2436326489171276    
  0.2444376650077829    
  0.2452491152891742    
  0.2460670255518364    
  0.2468914224276129    
  0.2477223333965800    
  0.2485597867943449    
  0.2494038118197596    
  0.2502544385428318    
  0.2511116979127920    
  0.2519756217665491    
  0.2528462428375868    
  0.2537235947650758    
  0.2546077121031598    
  0.2554986303306518    
  0.2563963858611897    
  0.2573010160536334    
  0.2582125592226563    
  0.2591310546497681    
  0.2600565425948278    
  0.2609890643078231    
  0.2619286620408633    
  0.2628753790606340    
  0.2638292596613634    
  0.2647903491780925    
  0.2657586940001861    
  0.2667343415853320    
  0.2677173404740874    
  0.2687077403047548    
  0.2697055918285343    
  0.2707109469251950    
  0.2717238586193307    
  0.2727443810969787    
  0.2737725697225472    
  0.2748084810562980    
  0.2758521728724529    
  0.2769037041777037    
  0.2779631352300698    
  0.2790305275583555    
  0.2801059439822707    
  0.2811894486330007    
  0.2822811069741674    
  0.2833809858234325    
  0.2844891533748176    
  0.2856056792215114    
  0.2867306343791174    
  0.2878640913095946    
  0.2890061239459649    
  0.2901568077175623    
  0.2913162195757637    
  0.2924844380204692    
  0.2936615431274104    
  0.2948476165760563    
  0.2960427416780560    
  0.2972470034064932    
  0.2984604884260243    
  0.2996832851236740    
  0.3009154836402264    
  0.3021571759024850    
  0.3034084556564877    
  0.3046694185014378    
  0.3059401619242911    
  0.3072207853352783    
  0.3085113901044461    
  0.3098120795989797    
  0.3111229592212353    
  0.3124441364477712    
  0.3137757208694669    
  0.3151178242324890    
  0.3164705604800290    
  0.3178340457951099    
  0.3192083986445460    
  0.3205937398238077    
  0.3219901925027116    
  0.3233978822722293    
  0.3248169371925082    
  0.3262474878418418    
  0.3276896673665026    
  0.3291436115317416    
  0.3306094587740455    
  0.3320873502543820    
  0.3335774299123303    
  0.3350798445213961    
  0.3365947437456048    
  0.3381222801970837    
  0.3396626094945132    
  0.3412158903227460    
  0.3427822844936808    
  0.3443619570080855    
  0.3459550761182295    
  0.3475618133916036    
  0.3491823437758053    
  0.3508168456642484    
  0.3524655009625353    
  0.3541284951557597    
  0.3558060173767950    
  0.3574982604751961    
  0.3592054210864954    
  0.3609276997021228    
  0.3626653007399729    
  0.3644184326151935    
  0.3661873078109187    
  0.3679721429491363    
  0.3697731588616510    
  0.3715905806606398    
  0.3734246378084354    
  0.3752755641866424    
  0.3771435981644842    
  0.3790289826657688    
  0.3809319652339898    
  0.3828527980955480    
  0.3847917382208482    
  0.3867490473824996    
  0.3887249922099603    
  0.3907198442404469    
  0.3927338799656886    
  0.3947673808735229    
  0.3968206334834184    
  0.3988939293754947    
  0.4009875652123371    
  0.4031018427522930    
  0.4052370688529644    
  0.4073935554640779    
  0.4095716196086270    
  0.4117715833504872    
  0.4139937737466987    
  0.4162385227830518    
  0.4185061672912700    
  0.4207970488453071    
  0.4231115136341855    
  0.4254499123092019    
  0.4278125998029178    
  0.4301999351164545    
  0.4326122810714074    
  0.4350500040230114    
  0.4375134735306825    
  0.4400030619810168    
  0.4425191441579570    
  0.4450620967550273    
  0.4476322978238773    
  0.4502301261521034    
  0.4528559605627488    
  0.4555101791278712    
  0.4581931582876851    
  0.4609052718652156    
  0.4636468899655115    
  0.4664183777481888    
  0.4692200940608825    
  0.4720523899191960    
  0.4749156068174273    
  0.4778100748536770    
  0.4807361106513109    
  0.4836940150562755    
  0.4866840705878653    
  0.4897065386193482    
  0.4927616562626647    
  0.4958496329282529    
  0.4989706465285014    
  0.5021248392914985    
  0.5053123131489146    
  0.5085331246579736    
  0.5117872794141973    
  0.5150747259091788    
  0.5183953487842869    
  0.5217489614267334    
  0.5251352978507022    
  0.5285540038036102    
  0.5320046270342454    
  0.5354866066553038    
  0.5389992615296597    
  0.5425417776082037    
  0.5461131941454659    
  0.5497123887173160    
  0.5533380609649864    
  0.5569887149924890    
  0.5606626403485807    
  0.5643578915296037    
  0.5680722659483197    
  0.5718032803277553    
  0.5755481454967902    
  0.5793037395857491    
  0.5830665796485517    
  0.5868327917751275    
  0.5905980798028381    
  0.5943576927887496    
  0.5981063914689114    
  0.6018384140088010    
  0.6055474414397023    
  0.6092265632784315    
  0.6128682439449515    
  0.6164642907254987    
  0.6200058241750032    
  0.6234832520083606    
  0.6268862476942643    
  0.6302037351350094    
  0.6334238809824387    
  0.6365340962933135    
  0.6395210493576373    
  0.6423706916295653    
  0.6450682987351116    
  0.6475985285039748    
  0.6499454978570294    
  0.6520928801597115    
  0.6540240243055817    
  0.6557220963070320    
  0.6571702435344294    
  0.6583517809639705    
  0.6592503978784272    
  0.6598503824357707    
  0.6601368604189646    
  0.6600960433641414    
  0.6597154802025949    
  0.6589843056213562    
  0.6578934776325833    
  0.6564359964285313    
  0.6546070965570503    
  0.6524044048296431    
  0.6498280571914328    
  0.6468807690291698    
  0.6435678550186565    
  0.6398971965264484    
  0.6358791566650086    
  0.6315264452220961    
  0.6268539377023374    
  0.6218784544943641    
  0.6166185075964906    
  0.6110940233191768    
  0.6053260498922265    
  0.5993364589343344    
  0.5931476493263456    
  0.5867822612358475    
  0.5802629069585821    
  0.5736119239677271    
  0.5668511541926262    
  0.5600017521767362    
  0.5530840234690155    
  0.5461172934407764    
  0.5391198057288030    
  0.5321086487074523    
  0.5250997077940698    
  0.5181076409837688    
  0.5111458747718609    
  0.5042266175319570    
  0.4973608874500320    
  0.4905585522414311    
  0.4838283780714128    
  0.4771780853378181    
  0.4706144092389025    
  0.4641431633234991    
  0.4577693044904695    
  0.4514969981609419    
  0.4453296825855292    
  0.4392701314654096    
  0.4333205142574200    
  0.4274824536988427    
  0.4217570802295364    
  0.4161450831088007    
  0.4106467581224456    
  0.4052620518540772    
  0.3999906025572199    
  0.3948317777138661    
  0.3897847084013095    
  0.3848483206144243    
  0.3800213637079378    
  0.3753024361343451    
  0.3706900086583524    
  0.3661824452289285    
  0.3617780216872946    
  0.3574749424845339    
  0.3532713555757467    
  0.3491653656490097    
  0.3451550458382301    
  0.3412384480599215    
  0.3374136121045149    
  0.3336785736028322    
  0.3300313709788091    
  0.3264700514908584    
  0.3229926764558630    
  0.3195973257412574    
  0.3162821016028360    
  0.3130451319390505    
  0.3098845730261562    
  0.3067986117921176    
  0.3037854676813566    
  0.3008433941575016    
  0.2979706798867924    
  0.2951656496402033    
  0.2924266649482299    
  0.2897521245389494    
  0.2871404645869581    
  0.2845901587976380    
  0.2820997183483713    
  0.2796676917061421    
  0.2772926643390496    
  0.2749732583371232    
  0.2727081319559149    
  0.2704959790949465    
  0.2683355287219328    
  0.2662255442522733    
  0.2641648228919952    
  0.2621521949514692    
  0.2601865231365557    
  0.2582667018228836    
  0.2563916563180743    
  0.2545603421161948    
  0.2527717441483850    
  0.2510248760329716    
  0.2493187793277468    
  0.2476525227867921    
  0.2460252016240951    
  0.2444359367857620    
  0.2428838742322034    
  0.2413681842314782    
  0.2398880606649893    
  0.2384427203464316    
  0.2370314023545487    
  0.2356533673801714    
  0.2343078970880926    
  0.2329942934941304    
  0.2317118783574582    
  0.2304599925882483    
  0.2292379956708034    
  0.2280452651022127    
  0.2268811958463402    
  0.2257451998029502    
  0.2246367052919278    
  0.2235551565524588    
  0.2225000132568303    
  0.2214707500385310    
  0.2204668560344974    
  0.2194878344412854    
  0.2185332020847652    
  0.2176024890029477    
  0.2166952380417482    
  0.2158110044634353    
  0.2149493555673412    
  0.2141098703224253    
  0.2132921390114773    
  0.2124957628867125    
  0.2117203538363399    
  0.2109655340617039    
  0.2102309357647918    
  0.2095162008458706    
  0.2088209806108636    
  0.2081449354880801    
  0.2074877347541098    
  0.2068490562686769    
  0.2062285862180825    
  0.2056260188668755    
  0.2050410563175905    
  0.2044734082783778    
  0.2039227918381794    
  0.2033889312491212    
  0.2028715577159794    
  0.2023704091925821    
  0.2018852301848286    
  0.2014157715600186    
  0.2009617903623783    
  0.2005230496346706    
  0.2000993182456027    
  0.1996903707227405    
  0.1992959870908453    
  0.1989159527155472    
  0.1985500581520957    
  0.1981980989989124    
  0.1978598757558838    
  0.1975351936873364    
  0.1972238626894560    
  0.1969256971618941    
  0.1966405158835183    
  0.1963681418922730    
  0.1961084023689307    
  0.1958611285244918    
  0.1956261554912072    
  0.1954033222172113    
  0.1951924713645662    
  0.1949934492104841    
  0.1948061055517117    
  0.1946302936120950    
  0.1944658699531308    
  0.1943126943872879    
  0.1941706298940933    
  0.1940395425390183    
  0.1939193013949878    
  0.1938097784662947    
  0.1937108486149312    
  0.1936223894893917    
  0.1935442814557778    
  0.1934764075309970    
  0.1934186533180703    
  0.1933709069436216    
  0.1933330589973956    
  0.1933050024735893    
  0.1932866327140247    
  0.1932778473532507    
  0.1932785462654358    
  0.1932886315128313    
  0.1933080072958345    
  0.1933365799047621    
  0.1933742576732053    
  0.1934209509327474    
  0.1934765719690702    
  0.1935410349795735    
  0.1936142560323966    
  0.1936961530266196    
  0.1937866456536683    
  0.1938856553600588    
  0.1939931053113850    
  0.1941089203573315    
  0.1942330269977264    
  0.1943653533497799    
  0.1945058291164280    
  0.1946543855555632    
  0.1948109554501647    
  0.1949754730794816    
  0.1951478741911956    
  0.1953280959743562    
  0.1955160770330916    
  0.1957117573612505    
  0.1959150783179192    
  0.1961259826036069    
  0.1963444142371036    
  0.1965703185331657    
  0.1968036420809798    
  0.1970443327232040    
  0.1972923395355931    
  0.1975476128073594    
  0.1978101040222341    
  0.1980797658400253    
  0.1983565520786812    
  0.1986404176970124    
  0.1989313187780404    
  0.1992292125127772    
  0.1995340571844432    
  0.1998458121532784    
  0.2001644378419167    
  0.2004898957211312    
  0.2008221482959604    
  0.2011611590923749    
  0.2015068926444499    
  0.2018593144818620    
  0.2022183911177134    
  0.2025840900368497    
  0.2029563796846414    
  0.2033352294560429    
  0.2037206096849362    
  0.2041124916339324    
  0.2045108474845962    
  0.2049156503279113    
  0.2053268741549928    
  0.2057444938482237    
  0.2061684851727859    
  0.2065988247683995    
  0.2070354901412793    
  0.2074784596564883    
  0.2079277125306607    
  0.2083832288249046    
  0.2088449894378969    
  0.2093129760993534    
  0.2097871713638518    
  0.2102675586048088    
  0.2107541220086254    
  0.2112468465691925    
  0.2117457180827330    
  0.2122507231427835    
  0.2127618491353247    
  0.2132790842342529    
  0.2138024173971851    
  0.2143318383613871    
  0.2148673376398335    
  0.2154089065176008    
  0.2159565370485816    
  0.2165102220523187    
  0.2170699551109564    
  0.2176357305665160    
  0.2182075435184903    
  0.2187853898215480    
  0.2193692660833463    
  0.2199591696626632    
  0.2205550986678461    
  0.2211570519553692    
  0.2217650291284906    
  0.2223790305362246    
  0.2229990572726334    
  0.2236251111762267    
  0.2242571948294562    
  0.2248953115585258    
  0.2255394654335231    
  0.2261896612686592    
  0.2268459046226016    
  0.2275082017991221    
  0.2281765598480759    
  0.2288509865664906    
  0.2295314904997484    
  0.2302180809430834    
  0.2309107679434162    
  0.2316095623013077    
  0.2323144755730077    
  0.2330255200728226    
  0.2337427088758289    
  0.2344660558207136    
  0.2351955755127147    
  0.2359312833268897    
  0.2366731954117358    
  0.2374213286929518    
  0.2381757008773045    
  0.2389363304568303    
  0.2397032367134043    
  0.2404764397234595    
  0.2412559603628217    
  0.2420418203118897    
  0.2428340420611953    
  0.2436326489171276    
  0.2444376650077829    
  0.2452491152891742    
  0.2460670255518364    
  0.2468914224276129    
  0.2477223333965800    
  0.2485597867943449    
  0.2494038118197596    
  0.2502544385428318    
  0.2511116979127920    
  0.2519756217665491    
  0.2528462428375868    
  0.2537235947650758    
  0.2546077121031598    
  0.2554986303306518    
  0.2563963858611897    
  0.2573010160536334    
  0.2582125592226563    
  0.2591310546497681    
  0.2600565425948278    
  0.2609890643078231    
  0.2619286620408633    
  0.2628753790606340    
  0.2638292596613634    
  0.2647903491780925    
  0.2657586940001861    
  0.2667343415853320    
  0.2677173404740874    
  0.2687077403047548    
  0.2697055918285343    
  0.2707109469251950    
  0.2717238586193307    
  0.2727443810969787    
  0.2737725697225472    
  0.2748084810562980    
  0.2758521728724529    
  0.2769037041777037    
  0.2779631352300698    
  0.2790305275583555    
  0.2801059439822707    
  0.2811894486330007    
  0.2822811069741674    
  0.2833809858234325    
  0.2844891533748176    
  0.2856056792215114    
  0.2867306343791174    
  0.2878640913095946    
  0.2890061239459649    
  0.2901568077175623    
  0.2913162195757637    
  0.2924844380204692    
  0.2936615431274104    
