  0.4625103524786540    
  0.4561588112374073    
  0.4496280235798893    
  0.4429218285641562    
  0.4360438249172440    
  0.4289973925527534    
  0.4217857389137387    
  0.4144119082018014    
  0.4068787559172005    
  0.3991889500960548    
  0.3913450116860354    
  0.3833493373373460    
  0.3752041791416328    
  0.3669116300177480    
  0.3584736505373379    
  0.3498920990310634    
  0.3411687223651065    
  0.3323051339166495    
  0.3233028248192898    
  0.3141631939365498    
  0.3048875506908580    
  0.2954770945328924    
  0.2859329141753010    
  0.2762560121227754    
  0.2664473165072266    
  0.2565076679570742    
  0.2464378136057492    
  0.2362384253688364    
  0.2259101170228288    
  0.2154534406285712    
  0.2048688819367314    
  0.1941568754169864    
  0.1833178249286602    
  0.1723521099479212    
  0.1612600871269267    
  0.1500421065454320    
  0.1386985368238398    
  0.1272297815245779    
  0.1156362901551919    
  0.1039185799743381    
  0.9207726772561026E-01
  0.8011309712348275E-01
  0.6802696170382488E-01
  0.5581993580879446E-01
  0.4349331536670570E-01
  0.3104865735209705E-01
  0.1848781563853194E-01
  0.5812983039129360E-02
 -0.6973257819446632E-02
 -0.1986788365357761E-01
 -0.3286738296292635E-01
 -0.4596770435504149E-01
 -0.5916419806524956E-01
 -0.7245155818473931E-01
 -0.8582376943702941E-01
 -0.9927405293729008E-01
 -0.1127948086810982    
 -0.1263775617436251    
 -0.1400129165987394    
 -0.1536905152915035    
 -0.1673989976116414    
 -0.1811259701223314    
 -0.1948579890086758    
 -0.2085805531774960    
 -0.2222781056044431    
 -0.2359340494108249    
 -0.2495307837734414    
 -0.2630497558828456    
 -0.2764715257341828    
 -0.2897758490510771    
 -0.3029417828097075    
 -0.3159478082229733    
 -0.3287719654536927    
 -0.3413920032850450    
 -0.3537855471294724    
 -0.3659302783292788    
 -0.3778041157940964    
 -0.3893854009924944    
 -0.4006530893603152    
 -0.4115869401480748    
 -0.4221676932187473    
 -0.4323772327280156    
 -0.4421987426528891    
 -0.4516168477239454    
 -0.4606177273475500    
 -0.4691892027768078    
 -0.4773208068717394    
 -0.4850038342931738    
 -0.4922313599233532    
 -0.4989982259315369    
 -0.5053010119379209    
 -0.5111379920494099    
 -0.5165090666519710    
 -0.5214156670896095    
 -0.5258606510682877    
 -0.5298481989613094    
 -0.5333836985956700    
 -0.5364736108140113    
 -0.5391253335127857    
 -0.5413470807970070    
 -0.5431477655927662    
 -0.5445368697278705    
 -0.5455243149400586    
 -0.5461203576857523    
 -0.5463354998055686    
 -0.5461803907159759    
 -0.5456657265777518    
 -0.5448021745690299    
 -0.5436003219731677    
 -0.5420706196804623    
 -0.5402233144606330    
 -0.5380684012122613    
 -0.5356156063428832    
 -0.5328743696358089    
 -0.5298538051765054    
 -0.5265626718729439    
 -0.5230093796162637    
 -0.5192020020002878    
 -0.5151482600323798    
 -0.5108554997439927    
 -0.5063307063746828    
 -0.5015805390339771    
 -0.4966113351267418    
 -0.4914290889652120    
 -0.4860394591561487    
 -0.4804478128712070    
 -0.4746592507520506    
 -0.4686785892199186    
 -0.4625103524786540    
 -0.4561588112374073    
 -0.4496280235798893    
 -0.4429218285641562    
 -0.4360438249172440    
 -0.4289973925527534    
 -0.4217857389137387    
 -0.4144119082018014    
 -0.4068787559172005    
 -0.3991889500960548    
 -0.3913450116860354    
 -0.3833493373373460    
 -0.3752041791416328    
 -0.3669116300177480    
 -0.3584736505373379    
 -0.3498920990310634    
 -0.3411687223651065    
 -0.3323051339166495    
 -0.3233028248192898    
 -0.3141631939365498    
 -0.3048875506908580    
 -0.2954770945328924    
 -0.2859329141753010    
 -0.2762560121227754    
 -0.2664473165072266    
 -0.2565076679570742    
 -0.2464378136057492    
 -0.2362384253688364    
 -0.2259101170228288    
 -0.2154534406285712    
 -0.2048688819367314    
 -0.1941568754169864    
 -0.1833178249286602    
 -0.1723521099479212    
 -0.1612600871269267    
 -0.1500421065454320    
 -0.1386985368238398    
 -0.1272297815245779    
 -0.1156362901551919    
 -0.1039185799743381    
 -0.9207726772561026E-01
 -0.8011309712348275E-01
 -0.6802696170382488E-01
 -0.5581993580879446E-01
 -0.4349331536670570E-01
 -0.3104865735209705E-01
 -0.1848781563853194E-01
 -0.5812983039129360E-02
  0.6973257819446632E-02
  0.1986788365357761E-01
  0.3286738296292635E-01
  0.4596770435504149E-01
  0.5916419806524956E-01
  0.7245155818473931E-01
  0.8582376943702941E-01
  0.9927405293729008E-01
  0.1127948086810982    
  0.1263775617436251    
  0.1400129165987394    
  0.1536905152915035    
  0.1673989976116414    
  0.1811259701223314    
  0.1948579890086758    
  0.2085805531774960    
  0.2222781056044431    
  0.2359340494108249    
  0.2495307837734414    
  0.2630497558828456    
  0.2764715257341828    
  0.2897758490510771    
  0.3029417828097075    
  0.3159478082229733    
  0.3287719654536927    
  0.3413920032850450    
  0.3537855471294724    
  0.3659302783292788    
  0.3778041157940964    
  0.3893854009924944    
  0.4006530893603152    
  0.4115869401480748    
  0.4221676932187473    
  0.4323772327280156    
  0.4421987426528891    
  0.4516168477239454    
  0.4606177273475500    
  0.4691892027768078    
  0.4773208068717394    
  0.4850038342931738    
  0.4922313599233532    
  0.4989982259315369    
  0.5053010119379209    
  0.5111379920494099    
  0.5165090666519710    
  0.5214156670896095    
  0.5258606510682877    
  0.5298481989613094    
  0.5333836985956700    
  0.5364736108140113    
  0.5391253335127857    
  0.5413470807970070    
  0.5431477655927662    
  0.5445368697278705    
  0.5455243149400586    
  0.5461203576857523    
  0.5463354998055686    
  0.5461803907159759    
  0.5456657265777518    
  0.5448021745690299    
  0.5436003219731677    
  0.5420706196804623    
  0.5402233144606330    
  0.5380684012122613    
  0.5356156063428832    
  0.5328743696358089    
  0.5298538051765054    
  0.5265626718729439    
  0.5230093796162637    
  0.5192020020002878    
  0.5151482600323798    
  0.5108554997439927    
  0.5063307063746828    
  0.5015805390339771    
  0.4966113351267418    
  0.4914290889652120    
  0.4860394591561487    
  0.4804478128712070    
  0.4746592507520506    
  0.4686785892199186    
