  0.3824614878533530    
  0.3817770965071679    
  0.3809607297347185    
  0.3800136706345691    
  0.3789369303387150    
  0.3777312549079325    
  0.3763971320054744    
  0.3749348044534120    
  0.3733442848842538    
  0.3716253633153753    
  0.3697776115524565    
  0.3678003931101601    
  0.3656928764680541    
  0.3634540426950826    
  0.3610826879213770    
  0.3585774297048023    
  0.3559367186570617    
  0.3531588466569004    
  0.3502419485736707    
  0.3471840055426475    
  0.3439828546685703    
  0.3406361984417599    
  0.3371416077409341    
  0.3334965236802837    
  0.3296982654800779    
  0.3257440410842483    
  0.3216309531849893    
  0.3173560023135856    
  0.3129160943610368    
  0.3083080527217724    
  0.3035286285500274    
  0.2985745078799718    
  0.2934423215030950    
  0.2881286600871271    
  0.2826300899723055    
  0.2769431668971254    
  0.2710644515099969    
  0.2649905300038764    
  0.2587180372968907    
  0.2522436797548055    
  0.2455642595839195    
  0.2386767040866274    
  0.2315780986113366    
  0.2242657205654888    
  0.2167370754741285    
  0.2089899376634177    
  0.2010223950810821    
  0.1928328960536776    
  0.1844202982849859    
  0.1757839219767625    
  0.1669236066688429    
  0.1578397697044702    
  0.1485334660727963    
  0.1390064508472958    
  0.1292612435766350    
  0.1193011922769267    
  0.1091305360923776    
  0.9875446712585620E-01
  0.8817919039399966E-01
  0.7741197912458166E-01
  0.6646122373896561E-01
  0.5533647436392293E-01
  0.4404847550032221E-01
  0.3260918977613993E-01
  0.2103180871489444E-01
  0.9330750191817005E-02
 -0.2478358541588515E-02
 -0.1437871497554450E-01
 -0.2635239429448581E-01
 -0.3838042068668986E-01
 -0.5044285677516649E-01
 -0.6251891242404413E-01
 -0.7458707319675742E-01
 -0.8662524614317710E-01
 -0.9861092029628130E-01
 -0.1105213408476038    
 -0.1223336953944741    
 -0.1340253079231482    
 -0.1455738355689704    
 -0.1569574652530388    
 -0.1681551077081430    
 -0.1791465840091290    
 -0.1899127989029795    
 -0.2004358978853419    
 -0.2106994067828317    
 -0.2206883508740965    
 -0.2303893493530066    
 -0.2397906836775406    
 -0.2488823413926560    
 -0.2576560360155870    
 -0.2661052014855301    
 -0.2742249615338061    
 -0.2820120779848776    
 -0.2894648818023698    
 -0.2965831876785608    
 -0.3033681930830958    
 -0.3098223661104240    
 -0.3159493272671651    
 -0.3217537271423802    
 -0.3272411202623937    
 -0.3324178378221981    
 -0.3372908636203426    
 -0.3418677152233291    
 -0.3461563300167646    
 -0.3501649568378842    
 -0.3539020554128674    
 -0.3573762046415434    
 -0.3605960192170038    
 -0.3635700747146413    
 -0.3663068417826960    
 -0.3688146285414186    
 -0.3711015298917389    
 -0.3731753847129086    
 -0.3750437422792247    
 -0.3767138355055127    
 -0.3781925572160559    
 -0.3794864404577376    
 -0.3806016471279652    
 -0.3815439638627511    
 -0.3823187984036127    
 -0.3829311744639934    
 -0.3833857315802988    
 -0.3836867335467926    
 -0.3838380784143660    
 -0.3838433029725942    
 -0.3837055864745541    
 -0.3834277622106904    
 -0.3830123340830431    
 -0.3824614878533530    
 -0.3817770965071679    
 -0.3809607297347185    
 -0.3800136706345691    
 -0.3789369303387150    
 -0.3777312549079325    
 -0.3763971320054744    
 -0.3749348044534120    
 -0.3733442848842538    
 -0.3716253633153753    
 -0.3697776115524565    
 -0.3678003931101601    
 -0.3656928764680541    
 -0.3634540426950826    
 -0.3610826879213770    
 -0.3585774297048023    
 -0.3559367186570617    
 -0.3531588466569004    
 -0.3502419485736707    
 -0.3471840055426475    
 -0.3439828546685703    
 -0.3406361984417599    
 -0.3371416077409341    
 -0.3334965236802837    
 -0.3296982654800779    
 -0.3257440410842483    
 -0.3216309531849893    
 -0.3173560023135856    
 -0.3129160943610368    
 -0.3083080527217724    
 -0.3035286285500274    
 -0.2985745078799718    
 -0.2934423215030950    
 -0.2881286600871271    
 -0.2826300899723055    
 -0.2769431668971254    
 -0.2710644515099969    
 -0.2649905300038764    
 -0.2587180372968907    
 -0.2522436797548055    
 -0.2455642595839195    
 -0.2386767040866274    
 -0.2315780986113366    
 -0.2242657205654888    
 -0.2167370754741285    
 -0.2089899376634177    
 -0.2010223950810821    
 -0.1928328960536776    
 -0.1844202982849859    
 -0.1757839219767625    
 -0.1669236066688429    
 -0.1578397697044702    
 -0.1485334660727963    
 -0.1390064508472958    
 -0.1292612435766350    
 -0.1193011922769267    
 -0.1091305360923776    
 -0.9875446712585620E-01
 -0.8817919039399966E-01
 -0.7741197912458166E-01
 -0.6646122373896561E-01
 -0.5533647436392293E-01
 -0.4404847550032221E-01
 -0.3260918977613993E-01
 -0.2103180871489444E-01
 -0.9330750191817005E-02
  0.2478358541588515E-02
  0.1437871497554450E-01
  0.2635239429448581E-01
  0.3838042068668986E-01
  0.5044285677516649E-01
  0.6251891242404413E-01
  0.7458707319675742E-01
  0.8662524614317710E-01
  0.9861092029628130E-01
  0.1105213408476038    
  0.1223336953944741    
  0.1340253079231482    
  0.1455738355689704    
  0.1569574652530388    
  0.1681551077081430    
  0.1791465840091290    
  0.1899127989029795    
  0.2004358978853419    
  0.2106994067828317    
  0.2206883508740965    
  0.2303893493530066    
  0.2397906836775406    
  0.2488823413926560    
  0.2576560360155870    
  0.2661052014855301    
  0.2742249615338061    
  0.2820120779848776    
  0.2894648818023698    
  0.2965831876785608    
  0.3033681930830958    
  0.3098223661104240    
  0.3159493272671651    
  0.3217537271423802    
  0.3272411202623937    
  0.3324178378221981    
  0.3372908636203426    
  0.3418677152233291    
  0.3461563300167646    
  0.3501649568378842    
  0.3539020554128674    
  0.3573762046415434    
  0.3605960192170038    
  0.3635700747146413    
  0.3663068417826960    
  0.3688146285414186    
  0.3711015298917389    
  0.3731753847129086    
  0.3750437422792247    
  0.3767138355055127    
  0.3781925572160559    
  0.3794864404577376    
  0.3806016471279652    
  0.3815439638627511    
  0.3823187984036127    
  0.3829311744639934    
  0.3833857315802988    
  0.3836867335467926    
  0.3838380784143660    
  0.3838433029725942    
  0.3837055864745541    
  0.3834277622106904    
  0.3830123340830431    
