  0.2789838609364874    
  0.2836751996383008    
  0.2885110322740468    
  0.2934969113414796    
  0.2986388942364805    
  0.3039435267219995    
  0.3094178356934567    
  0.3150694267860156    
  0.3209065625790746    
  0.3269381610414725    
  0.3331738417888938    
  0.3396240433150702    
  0.3463000814699310    
  0.3532141667976484    
  0.3603795111195910    
  0.3678104586327197    
  0.3755225071310201    
  0.3835323287001391    
  0.3918579146240030    
  0.4005186648278358    
  0.4095352782097180    
  0.4189296549438507    
  0.4287249005401493    
  0.4389450745357077    
  0.4496144942248891    
  0.4607568734615831    
  0.4723942313198383    
  0.4845448365933920    
  0.4972197567709286    
  0.5104181074837253    
  0.5241203143123359    
  0.5382776449834943    
  0.5527967672639600    
  0.5675188164194215    
  0.5821916419177338    
  0.5964341729168066    
  0.6096966699250747    
  0.6212285665833158    
  0.6300744348236975    
  0.6351288253413010    
  0.6352832887887758    
  0.6296693827493933    
  0.6179322995944661    
  0.6004078022440230    
  0.5780929594142170    
  0.5524101324986720    
  0.5248805401551266    
  0.4968519742164043    
  0.4693572733108502    
  0.4430927649268971    
  0.4184657149293799    
  0.3956662648880312    
  0.3747378243182614    
  0.3556330749603059    
  0.3382528506706108    
  0.3224720519243078    
  0.3081569700138654    
  0.2951755602130695    
  0.2834022761486420    
  0.2727205076862463    
  0.2630242660779615    
  0.2542184993744421    
  0.2462180307908673    
  0.2389466183587052    
  0.2323366590799886    
  0.2263284801597305    
  0.2208689743716014    
  0.2159106897687855    
  0.2114116266541145    
  0.2073347196346527    
  0.2036468035110784    
  0.2003180297124453    
  0.1973218898539602    
  0.1946349147235241    
  0.1922359095338289    
  0.1901056032956321    
  0.1882268150634313    
  0.1865842860959970    
  0.1851640863146783    
  0.1839534036016847    
  0.1829407838141526    
  0.1821160387927099    
  0.1814697622420533    
  0.1809932002934050    
  0.1806785218050772    
  0.1805187689868417    
  0.1805074501841306    
  0.1806384607275006    
  0.1809063574795119    
  0.1813063291958602    
  0.1818338462621645    
  0.1824846177366524    
  0.1832548591935526    
  0.1841412682461040    
  0.1851407145863135    
  0.1862502232268629    
  0.1874672330596750    
  0.1887895729287326    
  0.1902151809905759    
  0.1917421040821034    
  0.1933687442564066    
  0.1950938358786619    
  0.1969161908982100    
  0.1988347075043035    
  0.2008486000991114    
  0.2029573772808843    
  0.2051606137850503    
  0.2074579665491636    
  0.2098493844611368    
  0.2123350852381584    
  0.2149153549233518    
  0.2175905725731852    
  0.2203613988113146    
  0.2232287495842853    
  0.2261936228978023    
  0.2292571336215836    
  0.2324206819120726    
  0.2356859235648683    
  0.2390546235829703    
  0.2425287016051509    
  0.2461103815410839    
  0.2498021601574751    
  0.2536066885334962    
  0.2575268282035207    
  0.2615657826538761    
  0.2657270669245780    
  0.2700144200844963    
  0.2744318728137811    
  0.2789838609364874    
  0.2836751996383008    
  0.2885110322740468    
  0.2934969113414796    
  0.2986388942364805    
  0.3039435267219995    
  0.3094178356934567    
  0.3150694267860156    
  0.3209065625790746    
  0.3269381610414725    
  0.3331738417888938    
  0.3396240433150702    
  0.3463000814699310    
  0.3532141667976484    
  0.3603795111195910    
  0.3678104586327197    
  0.3755225071310201    
  0.3835323287001391    
  0.3918579146240030    
  0.4005186648278358    
  0.4095352782097180    
  0.4189296549438507    
  0.4287249005401493    
  0.4389450745357077    
  0.4496144942248891    
  0.4607568734615831    
  0.4723942313198383    
  0.4845448365933920    
  0.4972197567709286    
  0.5104181074837253    
  0.5241203143123359    
  0.5382776449834943    
  0.5527967672639600    
  0.5675188164194215    
  0.5821916419177338    
  0.5964341729168066    
  0.6096966699250747    
  0.6212285665833158    
  0.6300744348236975    
  0.6351288253413010    
  0.6352832887887758    
  0.6296693827493933    
  0.6179322995944661    
  0.6004078022440230    
  0.5780929594142170    
  0.5524101324986720    
  0.5248805401551266    
  0.4968519742164043    
  0.4693572733108502    
  0.4430927649268971    
  0.4184657149293799    
  0.3956662648880312    
  0.3747378243182614    
  0.3556330749603059    
  0.3382528506706108    
  0.3224720519243078    
  0.3081569700138654    
  0.2951755602130695    
  0.2834022761486420    
  0.2727205076862463    
  0.2630242660779615    
  0.2542184993744421    
  0.2462180307908673    
  0.2389466183587052    
  0.2323366590799886    
  0.2263284801597305    
  0.2208689743716014    
  0.2159106897687855    
  0.2114116266541145    
  0.2073347196346527    
  0.2036468035110784    
  0.2003180297124453    
  0.1973218898539602    
  0.1946349147235241    
  0.1922359095338289    
  0.1901056032956321    
  0.1882268150634313    
  0.1865842860959970    
  0.1851640863146783    
  0.1839534036016847    
  0.1829407838141526    
  0.1821160387927099    
  0.1814697622420533    
  0.1809932002934050    
  0.1806785218050772    
  0.1805187689868417    
  0.1805074501841306    
  0.1806384607275006    
  0.1809063574795119    
  0.1813063291958602    
  0.1818338462621645    
  0.1824846177366524    
  0.1832548591935526    
  0.1841412682461040    
  0.1851407145863135    
  0.1862502232268629    
  0.1874672330596750    
  0.1887895729287326    
  0.1902151809905759    
  0.1917421040821034    
  0.1933687442564066    
  0.1950938358786619    
  0.1969161908982100    
  0.1988347075043035    
  0.2008486000991114    
  0.2029573772808843    
  0.2051606137850503    
  0.2074579665491636    
  0.2098493844611368    
  0.2123350852381584    
  0.2149153549233518    
  0.2175905725731852    
  0.2203613988113146    
  0.2232287495842853    
  0.2261936228978023    
  0.2292571336215836    
  0.2324206819120726    
  0.2356859235648683    
  0.2390546235829703    
  0.2425287016051509    
  0.2461103815410839    
  0.2498021601574751    
  0.2536066885334962    
  0.2575268282035207    
  0.2615657826538761    
  0.2657270669245780    
  0.2700144200844963    
  0.2744318728137811    
