  0.8694745432797002E-01
  0.8556764644044573E-01
  0.8418462042348218E-01
  0.8279841650529884E-01
  0.8140907510007844E-01
  0.8001663680920340E-01
  0.7862114242242346E-01
  0.7722263291895670E-01
  0.7582114946852486E-01
  0.7441673343232108E-01
  0.7300942636391144E-01
  0.7159927001006844E-01
  0.7018630631154066E-01
  0.6877057740375564E-01
  0.6735212561745674E-01
  0.6593099347927467E-01
  0.6450722371223727E-01
  0.6308085923621182E-01
  0.6165194316828715E-01
  0.6022051882308910E-01
  0.5878662971303705E-01
  0.5735031954853659E-01
  0.5591163223811102E-01
  0.5447061188847019E-01
  0.5302730280452111E-01
  0.5158174948931543E-01
  0.5013399664394003E-01
  0.4868408916734523E-01
  0.4723207215611785E-01
  0.4577799090419438E-01
  0.4432189090251781E-01
  0.4286381783863735E-01
  0.4140381759625528E-01
  0.3994193625471459E-01
  0.3847822008843682E-01
  0.3701271556630270E-01
  0.3554546935098307E-01
  0.3407652829821622E-01
  0.3260593945603479E-01
  0.3113375006393965E-01
  0.2966000755202680E-01
  0.2818475954006217E-01
  0.2670805383651009E-01
  0.2522993843751076E-01
  0.2375046152581511E-01
  0.2226967146967068E-01
  0.2078761682166413E-01
  0.1930434631751843E-01
  0.1781990887485008E-01
  0.1633435359188029E-01
  0.1484772974610804E-01
  0.1336008679293843E-01
  0.1187147436427538E-01
  0.1038194226707062E-01
  0.8891540481837268E-02
  0.7400319161121827E-02
  0.5908328627943327E-02
  0.4415619374193269E-02
  0.2922242059003877E-02
  0.1428247507079705E-02
 -0.6631329300010869E-04
 -0.1561389190513240E-02
 -0.3056928874355158E-02
 -0.4552880874832077E-02
 -0.6049193565479671E-02
 -0.7545815164916869E-02
 -0.9042693738722407E-02
 -0.1053977720134402E-01
 -0.1203701331803148E-01
 -0.1353434970679590E-01
 -0.1503173384039319E-01
 -0.1652911304833338E-01
 -0.1802643451890718E-01
 -0.1952364530123801E-01
 -0.2102069230735060E-01
 -0.2251752231426174E-01
 -0.2401408196608812E-01
 -0.2551031777617419E-01
 -0.2700617612923734E-01
 -0.2850160328353302E-01
 -0.2999654537303315E-01
 -0.3149094840962396E-01
 -0.3298475828531666E-01
 -0.3447792077447298E-01
 -0.3597038153604171E-01
 -0.3746208611580593E-01
 -0.3895297994864316E-01
 -0.4044300836079401E-01
 -0.4193211657214024E-01
 -0.4342024969849406E-01
 -0.4490735275389507E-01
 -0.4639337065291854E-01
 -0.4787824821298936E-01
 -0.4936193015670498E-01
 -0.5084436111416446E-01
 -0.5232548562530320E-01
 -0.5380524814222948E-01
 -0.5528359303156805E-01
 -0.5676046457680251E-01
 -0.5823580698062503E-01
 -0.5970956436728309E-01
 -0.6118168078493191E-01
 -0.6265210020798800E-01
 -0.6412076653948667E-01
 -0.6558762361343762E-01
 -0.6705261519718486E-01
 -0.6851568499376426E-01
 -0.6997677664426294E-01
 -0.7143583373017531E-01
 -0.7289279977575758E-01
 -0.7434761825038055E-01
 -0.7580023257088042E-01
 -0.7725058610390562E-01
 -0.7869862216826246E-01
 -0.8014428403725843E-01
 -0.8158751494104410E-01
 -0.8302825806895098E-01
 -0.8446645657182866E-01
 -0.8590205356437713E-01
 -0.8733499212748019E-01
 -0.8876521531053028E-01
 -0.9019266613375415E-01
 -0.9161728759053123E-01
 -0.9303902264971237E-01
 -0.9445781425792976E-01
 -0.9587360534190692E-01
 -0.9728633881076326E-01
 -0.9869595755831773E-01
 -0.1001024044653867    
 -0.1015056224020833    
 -0.1029055542301129    
 -0.1043021428050694    
 -0.1056953309787274    
 -0.1070850616013331    
 -0.1084712775238958    
 -0.1098539216004773    
 -0.1112329366904794    
 -0.1126082656609317    
 -0.1139798513887808    
 -0.1153476367631807    
 -0.1167115646877845    
 -0.1180715780830375    
 -0.1194276198884767    
 -0.1207796330650315    
 -0.1221275605973295    
 -0.1234713454960072    
 -0.1248109308000278    
 -0.1261462595790052    
 -0.1274772749355348    
 -0.1288039200075342    
 -0.1301261379705931    
 -0.1314438720403341    
 -0.1327570654747807    
 -0.1340656615767408    
 -0.1353696036961996    
 -0.1366688352327305    
 -0.1379632996379172    
 -0.1392529404177958    
 -0.1405377011353139    
 -0.1418175254128116    
 -0.1430923569345202    
 -0.1443621394490855    
 -0.1456268167721131    
 -0.1468863327887395    
 -0.1481406314562257    
 -0.1493896568065767    
 -0.1506333529491912    
 -0.1518716640735394    
 -0.1531045344518700    
 -0.1543319084419519    
 -0.1555537304898488    
 -0.1567699451327327    
 -0.1579804970017343    
 -0.1591853308248350    
 -0.1603843914298007    
 -0.1615776237471607    
 -0.1627649728132290    
 -0.1639463837731712    
 -0.1651218018841179    
 -0.1662911725183269    
 -0.1674544411663919    
 -0.1686115534405057    
 -0.1697624550777774    
 -0.1709070919436089    
 -0.1720454100351281    
 -0.1731773554846849    
 -0.1743028745634094    
 -0.1754219136848334    
 -0.1765344194085749    
 -0.1776403384440890    
 -0.1787396176544878    
 -0.1798322040604308    
 -0.1809180448440877    
 -0.1819970873531769    
 -0.1830692791050801    
 -0.1841345677910355    
 -0.1851929012804059    
 -0.1862442276250284    
 -0.1872884950636433    
 -0.1883256520264098    
 -0.1893556471395013    
 -0.1903784292297925    
 -0.1913939473296329    
 -0.1924021506817121    
 -0.1934029887440143    
 -0.1943964111948651    
 -0.1953823679380702    
 -0.1963608091081501    
 -0.1973316850756672    
 -0.1982949464526484    
 -0.1992505440981056    
 -0.2001984291236523    
 -0.2011385528992177    
 -0.2020708670588575    
 -0.2029953235066692    
 -0.2039118744228039    
 -0.2048204722695799    
 -0.2057210697976939    
 -0.2066136200525340    
 -0.2074980763805891    
 -0.2083743924359589    
 -0.2092425221869598    
 -0.2101024199228345    
 -0.2109540402605578    
 -0.2117973381517417    
 -0.2126322688896336    
 -0.2134587881162102    
 -0.2142768518293640    
 -0.2150864163901802    
 -0.2158874385303032    
 -0.2166798753593928    
 -0.2174636843726685    
 -0.2182388234585346    
 -0.2190052509062872    
 -0.2197629254138975    
 -0.2205118060958755    
 -0.2212518524912037    
 -0.2219830245713448    
 -0.2227052827483162    
 -0.2234185878828291    
 -0.2241229012924846    
 -0.2248181847600217    
 -0.2255044005416169    
 -0.2261815113752261    
 -0.2268494804889705    
 -0.2275082716095551    
 -0.2281578489707259    
 -0.2287981773217511    
 -0.2294292219359248    
 -0.2300509486190805    
 -0.2306633237181146    
 -0.2312663141295090    
 -0.2318598873078481    
 -0.2324440112743251    
 -0.2330186546252380    
 -0.2335837865404601    
 -0.2341393767918831    
 -0.2346853957518125    
 -0.2352218144013176    
 -0.2357486043385188    
 -0.2362657377868134    
 -0.2367731876030359    
 -0.2372709272855453    
 -0.2377589309822314    
 -0.2382371734984209    
 -0.2387056303046706    
 -0.2391642775444423    
 -0.2396130920416534    
 -0.2400520513080995    
 -0.2404811335507473    
 -0.2409003176788866    
 -0.2413095833111262    
 -0.2417089107822171    
 -0.2420982811496903    
 -0.2424776762003101    
 -0.2428470784563317    
 -0.2432064711815625    
 -0.2435558383872156    
 -0.2438951648375456    
 -0.2442244360552526    
 -0.2445436383266457    
 -0.2448527587065554    
 -0.2451517850229932    
 -0.2454407058815509    
 -0.2457195106695264    
 -0.2459881895597715    
 -0.2462467335142540    
 -0.2464951342873240    
 -0.2467333844286848    
 -0.2469614772860484    
 -0.2471794070074860    
 -0.2473871685434446    
 -0.2475847576484425    
 -0.2477721708824230    
 -0.2479494056117766    
 -0.2481164600100212    
 -0.2482733330581355    
 -0.2484200245445427    
 -0.2485565350647354    
 -0.2486828660205416    
 -0.2487990196190251    
 -0.2489049988710161    
 -0.2490008075892800    
 -0.2490864503863124    
 -0.2491619326717696    
 -0.2492272606495256    
 -0.2492824413143658    
 -0.2493274824483107    
 -0.2493623926165722    
 -0.2493871811631392    
 -0.2494018582059943    
 -0.2494064346319622    
 -0.2494009220911930    
 -0.2493853329912880    
 -0.2493596804910805    
 -0.2493239784940705    
 -0.2492782416415151    
 -0.2492224853051734    
 -0.2491567255797140    
 -0.2490809792747888    
 -0.2489952639067909    
 -0.2488995976902997    
 -0.2487939995292296    
 -0.2486784890076743    
 -0.2485530863804593    
 -0.2484178125634069    
 -0.2482726891233307    
 -0.2481177382677729    
 -0.2479529828344942    
 -0.2477784462807163    
 -0.2475941526721301    
 -0.2474001266716737    
 -0.2471963935281050    
 -0.2469829790643798    
 -0.2467599096658524    
 -0.2465272122682995    
 -0.2462849143457713    
 -0.2460330438982812    
 -0.2457716294393601    
 -0.2455006999834861    
 -0.2452202850334124    
 -0.2449304145673896    
 -0.2446311190262975    
 -0.2443224293006929    
 -0.2440043767177940    
 -0.2436769930284157    
 -0.2433403103938767    
 -0.2429943613728727    
 -0.2426391789083349    
 -0.2422747963142811    
 -0.2419012472626807    
 -0.2415185657703466    
 -0.2411267861858688    
 -0.2407259431765862    
 -0.2403160717156214    
 -0.2398972070689758    
 -0.2394693847827114    
 -0.2390326406702221    
 -0.2385870107996131    
 -0.2381325314811895    
 -0.2376692392550686    
 -0.2371971708789218    
 -0.2367163633158657    
 -0.2362268537225023    
 -0.2357286794371221    
 -0.2352218779680686    
 -0.2347064869822821    
 -0.2341825442940237    
 -0.2336500878537986    
 -0.2331091557374765    
 -0.2325597861356261    
 -0.2320020173430566    
 -0.2314358877485820    
 -0.2308614358250025    
 -0.2302787001193187    
 -0.2296877192431783    
 -0.2290885318635634    
 -0.2284811766937170    
 -0.2278656924843225    
 -0.2272421180149329    
 -0.2266104920856564    
 -0.2259708535090966    
 -0.2253232411025556    
 -0.2246676936804912    
 -0.2240042500472423    
 -0.2233329489900069    
 -0.2226538292720981    
 -0.2219669296264553    
 -0.2212722887494325    
 -0.2205699452948457    
 -0.2198599378682914    
 -0.2191423050217276    
 -0.2184170852483203    
 -0.2176843169775517    
 -0.2169440385705927    
 -0.2161962883159338    
 -0.2154411044252768    
 -0.2146785250296801    
 -0.2139085881759654    
 -0.2131313318233719    
 -0.2123467938404662    
 -0.2115550120022922    
 -0.2107560239877717    
 -0.2099498673773366    
 -0.2091365796508038    
 -0.2083161981854786    
 -0.2074887602544901    
 -0.2066543030253534    
 -0.2058128635587553    
 -0.2049644788075546    
 -0.2041091856160018    
 -0.2032470207191606    
 -0.2023780207425397    
 -0.2015022222019191    
 -0.2006196615033743    
 -0.1997303749434918    
 -0.1988343987097729    
 -0.1979317688812143    
 -0.1970225214290751    
 -0.1961066922178061    
 -0.1951843170061551    
 -0.1942554314484271    
 -0.1933200710959055    
 -0.1923782713984241    
 -0.1914300677060863    
 -0.1904754952711274    
 -0.1895145892499157    
 -0.1885473847050847    
 -0.1875739166077957    
 -0.1865942198401203    
 -0.1856083291975439    
 -0.1846162793915793    
 -0.1836181050524930    
 -0.1826138407321298    
 -0.1816035209068416    
 -0.1805871799805083    
 -0.1795648522876505    
 -0.1785365720966248    
 -0.1775023736129031    
 -0.1764622909824256    
 -0.1754163582950277    
 -0.1743646095879308    
 -0.1733070788492999    
 -0.1722438000218582    
 -0.1711748070065586    
 -0.1701001336663037    
 -0.1690198138297159    
 -0.1679338812949480    
 -0.1668423698335380    
 -0.1657453131942896    
 -0.1646427451071961    
 -0.1635346992873807    
 -0.1624212094390696    
 -0.1613023092595818    
 -0.1601780324433374    
 -0.1590484126858804    
 -0.1579134836879132    
 -0.1567732791593373    
 -0.1556278328233012    
 -0.1544771784202470    
 -0.1533213497119588    
 -0.1521603804856035    
 -0.1509943045577680    
 -0.1498231557784828    
 -0.1486469680352385    
 -0.1474657752569815    
 -0.1462796114180973    
 -0.1450885105423703    
 -0.1438925067069246    
 -0.1426916340461366    
 -0.1414859267555246    
 -0.1402754190956057    
 -0.1390601453957263    
 -0.1378401400578540    
 -0.1366154375603408    
 -0.1353860724616447    
 -0.1341520794040161    
 -0.1329134931171427    
 -0.1316703484217521    
 -0.1304226802331707    
 -0.1291705235648405    
 -0.1279139135317826    
 -0.1266528853540190    
 -0.1253874743599401    
 -0.1241177159896252    
 -0.1228436457981088    
 -0.1215652994585954    
 -0.1202827127656183    
 -0.1189959216381460    
 -0.1177049621226285    
 -0.1164098703959902    
 -0.1151106827685595    
 -0.1138074356869435    
 -0.1125001657368399    
 -0.1111889096457885    
 -0.1098737042858611    
 -0.1085545866762903    
 -0.1072315939860328    
 -0.1059047635362727    
 -0.1045741328028567    
 -0.1032397394186702    
 -0.1019016211759425    
 -0.1005598160284915    
 -0.9921436209389972E-01
 -0.9786529765562602E-01
 -0.9651266116504820E-01
 -0.9515649124344239E-01
 -0.9379682668389111E-01
 -0.9243370645312909E-01
 -0.9106716969331680E-01
 -0.8969725572374876E-01
 -0.8832400404249330E-01
 -0.8694745432797002E-01
 -0.8556764644044573E-01
 -0.8418462042348218E-01
 -0.8279841650529884E-01
 -0.8140907510007844E-01
 -0.8001663680920340E-01
 -0.7862114242242346E-01
 -0.7722263291895670E-01
 -0.7582114946852486E-01
 -0.7441673343232108E-01
 -0.7300942636391144E-01
 -0.7159927001006844E-01
 -0.7018630631154066E-01
 -0.6877057740375564E-01
 -0.6735212561745674E-01
 -0.6593099347927467E-01
 -0.6450722371223727E-01
 -0.6308085923621182E-01
 -0.6165194316828715E-01
 -0.6022051882308910E-01
 -0.5878662971303705E-01
 -0.5735031954853659E-01
 -0.5591163223811102E-01
 -0.5447061188847019E-01
 -0.5302730280452111E-01
 -0.5158174948931543E-01
 -0.5013399664394003E-01
 -0.4868408916734523E-01
 -0.4723207215611785E-01
 -0.4577799090419438E-01
 -0.4432189090251781E-01
 -0.4286381783863735E-01
 -0.4140381759625528E-01
 -0.3994193625471459E-01
 -0.3847822008843682E-01
 -0.3701271556630270E-01
 -0.3554546935098307E-01
 -0.3407652829821622E-01
 -0.3260593945603479E-01
 -0.3113375006393965E-01
 -0.2966000755202680E-01
 -0.2818475954006217E-01
 -0.2670805383651009E-01
 -0.2522993843751076E-01
 -0.2375046152581511E-01
 -0.2226967146967068E-01
 -0.2078761682166413E-01
 -0.1930434631751843E-01
 -0.1781990887485008E-01
 -0.1633435359188029E-01
 -0.1484772974610804E-01
 -0.1336008679293843E-01
 -0.1187147436427538E-01
 -0.1038194226707062E-01
 -0.8891540481837268E-02
 -0.7400319161121827E-02
 -0.5908328627943327E-02
 -0.4415619374193269E-02
 -0.2922242059003877E-02
 -0.1428247507079705E-02
  0.6631329300010869E-04
  0.1561389190513240E-02
  0.3056928874355158E-02
  0.4552880874832077E-02
  0.6049193565479671E-02
  0.7545815164916869E-02
  0.9042693738722407E-02
  0.1053977720134402E-01
  0.1203701331803148E-01
  0.1353434970679590E-01
  0.1503173384039319E-01
  0.1652911304833338E-01
  0.1802643451890718E-01
  0.1952364530123801E-01
  0.2102069230735060E-01
  0.2251752231426174E-01
  0.2401408196608812E-01
  0.2551031777617419E-01
  0.2700617612923734E-01
  0.2850160328353302E-01
  0.2999654537303315E-01
  0.3149094840962396E-01
  0.3298475828531666E-01
  0.3447792077447298E-01
  0.3597038153604171E-01
  0.3746208611580593E-01
  0.3895297994864316E-01
  0.4044300836079401E-01
  0.4193211657214024E-01
  0.4342024969849406E-01
  0.4490735275389507E-01
  0.4639337065291854E-01
  0.4787824821298936E-01
  0.4936193015670498E-01
  0.5084436111416446E-01
  0.5232548562530320E-01
  0.5380524814222948E-01
  0.5528359303156805E-01
  0.5676046457680251E-01
  0.5823580698062503E-01
  0.5970956436728309E-01
  0.6118168078493191E-01
  0.6265210020798800E-01
  0.6412076653948667E-01
  0.6558762361343762E-01
  0.6705261519718486E-01
  0.6851568499376426E-01
  0.6997677664426294E-01
  0.7143583373017531E-01
  0.7289279977575758E-01
  0.7434761825038055E-01
  0.7580023257088042E-01
  0.7725058610390562E-01
  0.7869862216826246E-01
  0.8014428403725843E-01
  0.8158751494104410E-01
  0.8302825806895098E-01
  0.8446645657182866E-01
  0.8590205356437713E-01
  0.8733499212748019E-01
  0.8876521531053028E-01
  0.9019266613375415E-01
  0.9161728759053123E-01
  0.9303902264971237E-01
  0.9445781425792976E-01
  0.9587360534190692E-01
  0.9728633881076326E-01
  0.9869595755831773E-01
  0.1001024044653867    
  0.1015056224020833    
  0.1029055542301129    
  0.1043021428050694    
  0.1056953309787274    
  0.1070850616013331    
  0.1084712775238958    
  0.1098539216004773    
  0.1112329366904794    
  0.1126082656609317    
  0.1139798513887808    
  0.1153476367631807    
  0.1167115646877845    
  0.1180715780830375    
  0.1194276198884767    
  0.1207796330650315    
  0.1221275605973295    
  0.1234713454960072    
  0.1248109308000278    
  0.1261462595790052    
  0.1274772749355348    
  0.1288039200075342    
  0.1301261379705931    
  0.1314438720403341    
  0.1327570654747807    
  0.1340656615767408    
  0.1353696036961996    
  0.1366688352327305    
  0.1379632996379172    
  0.1392529404177958    
  0.1405377011353139    
  0.1418175254128116    
  0.1430923569345202    
  0.1443621394490855    
  0.1456268167721131    
  0.1468863327887395    
  0.1481406314562257    
  0.1493896568065767    
  0.1506333529491912    
  0.1518716640735394    
  0.1531045344518700    
  0.1543319084419519    
  0.1555537304898488    
  0.1567699451327327    
  0.1579804970017343    
  0.1591853308248350    
  0.1603843914298007    
  0.1615776237471607    
  0.1627649728132290    
  0.1639463837731712    
  0.1651218018841179    
  0.1662911725183269    
  0.1674544411663919    
  0.1686115534405057    
  0.1697624550777774    
  0.1709070919436089    
  0.1720454100351281    
  0.1731773554846849    
  0.1743028745634094    
  0.1754219136848334    
  0.1765344194085749    
  0.1776403384440890    
  0.1787396176544878    
  0.1798322040604308    
  0.1809180448440877    
  0.1819970873531769    
  0.1830692791050801    
  0.1841345677910355    
  0.1851929012804059    
  0.1862442276250284    
  0.1872884950636433    
  0.1883256520264098    
  0.1893556471395013    
  0.1903784292297925    
  0.1913939473296329    
  0.1924021506817121    
  0.1934029887440143    
  0.1943964111948651    
  0.1953823679380702    
  0.1963608091081501    
  0.1973316850756672    
  0.1982949464526484    
  0.1992505440981056    
  0.2001984291236523    
  0.2011385528992177    
  0.2020708670588575    
  0.2029953235066692    
  0.2039118744228039    
  0.2048204722695799    
  0.2057210697976939    
  0.2066136200525340    
  0.2074980763805891    
  0.2083743924359589    
  0.2092425221869598    
  0.2101024199228345    
  0.2109540402605578    
  0.2117973381517417    
  0.2126322688896336    
  0.2134587881162102    
  0.2142768518293640    
  0.2150864163901802    
  0.2158874385303032    
  0.2166798753593928    
  0.2174636843726685    
  0.2182388234585346    
  0.2190052509062872    
  0.2197629254138975    
  0.2205118060958755    
  0.2212518524912037    
  0.2219830245713448    
  0.2227052827483162    
  0.2234185878828291    
  0.2241229012924846    
  0.2248181847600217    
  0.2255044005416169    
  0.2261815113752261    
  0.2268494804889705    
  0.2275082716095551    
  0.2281578489707259    
  0.2287981773217511    
  0.2294292219359248    
  0.2300509486190805    
  0.2306633237181146    
  0.2312663141295090    
  0.2318598873078481    
  0.2324440112743251    
  0.2330186546252380    
  0.2335837865404601    
  0.2341393767918831    
  0.2346853957518125    
  0.2352218144013176    
  0.2357486043385188    
  0.2362657377868134    
  0.2367731876030359    
  0.2372709272855453    
  0.2377589309822314    
  0.2382371734984209    
  0.2387056303046706    
  0.2391642775444423    
  0.2396130920416534    
  0.2400520513080995    
  0.2404811335507473    
  0.2409003176788866    
  0.2413095833111262    
  0.2417089107822171    
  0.2420982811496903    
  0.2424776762003101    
  0.2428470784563317    
  0.2432064711815625    
  0.2435558383872156    
  0.2438951648375456    
  0.2442244360552526    
  0.2445436383266457    
  0.2448527587065554    
  0.2451517850229932    
  0.2454407058815509    
  0.2457195106695264    
  0.2459881895597715    
  0.2462467335142540    
  0.2464951342873240    
  0.2467333844286848    
  0.2469614772860484    
  0.2471794070074860    
  0.2473871685434446    
  0.2475847576484425    
  0.2477721708824230    
  0.2479494056117766    
  0.2481164600100212    
  0.2482733330581355    
  0.2484200245445427    
  0.2485565350647354    
  0.2486828660205416    
  0.2487990196190251    
  0.2489049988710161    
  0.2490008075892800    
  0.2490864503863124    
  0.2491619326717696    
  0.2492272606495256    
  0.2492824413143658    
  0.2493274824483107    
  0.2493623926165722    
  0.2493871811631392    
  0.2494018582059943    
  0.2494064346319622    
  0.2494009220911930    
  0.2493853329912880    
  0.2493596804910805    
  0.2493239784940705    
  0.2492782416415151    
  0.2492224853051734    
  0.2491567255797140    
  0.2490809792747888    
  0.2489952639067909    
  0.2488995976902997    
  0.2487939995292296    
  0.2486784890076743    
  0.2485530863804593    
  0.2484178125634069    
  0.2482726891233307    
  0.2481177382677729    
  0.2479529828344942    
  0.2477784462807163    
  0.2475941526721301    
  0.2474001266716737    
  0.2471963935281050    
  0.2469829790643798    
  0.2467599096658524    
  0.2465272122682995    
  0.2462849143457713    
  0.2460330438982812    
  0.2457716294393601    
  0.2455006999834861    
  0.2452202850334124    
  0.2449304145673896    
  0.2446311190262975    
  0.2443224293006929    
  0.2440043767177940    
  0.2436769930284157    
  0.2433403103938767    
  0.2429943613728727    
  0.2426391789083349    
  0.2422747963142811    
  0.2419012472626807    
  0.2415185657703466    
  0.2411267861858688    
  0.2407259431765862    
  0.2403160717156214    
  0.2398972070689758    
  0.2394693847827114    
  0.2390326406702221    
  0.2385870107996131    
  0.2381325314811895    
  0.2376692392550686    
  0.2371971708789218    
  0.2367163633158657    
  0.2362268537225023    
  0.2357286794371221    
  0.2352218779680686    
  0.2347064869822821    
  0.2341825442940237    
  0.2336500878537986    
  0.2331091557374765    
  0.2325597861356261    
  0.2320020173430566    
  0.2314358877485820    
  0.2308614358250025    
  0.2302787001193187    
  0.2296877192431783    
  0.2290885318635634    
  0.2284811766937170    
  0.2278656924843225    
  0.2272421180149329    
  0.2266104920856564    
  0.2259708535090966    
  0.2253232411025556    
  0.2246676936804912    
  0.2240042500472423    
  0.2233329489900069    
  0.2226538292720981    
  0.2219669296264553    
  0.2212722887494325    
  0.2205699452948457    
  0.2198599378682914    
  0.2191423050217276    
  0.2184170852483203    
  0.2176843169775517    
  0.2169440385705927    
  0.2161962883159338    
  0.2154411044252768    
  0.2146785250296801    
  0.2139085881759654    
  0.2131313318233719    
  0.2123467938404662    
  0.2115550120022922    
  0.2107560239877717    
  0.2099498673773366    
  0.2091365796508038    
  0.2083161981854786    
  0.2074887602544901    
  0.2066543030253534    
  0.2058128635587553    
  0.2049644788075546    
  0.2041091856160018    
  0.2032470207191606    
  0.2023780207425397    
  0.2015022222019191    
  0.2006196615033743    
  0.1997303749434918    
  0.1988343987097729    
  0.1979317688812143    
  0.1970225214290751    
  0.1961066922178061    
  0.1951843170061551    
  0.1942554314484271    
  0.1933200710959055    
  0.1923782713984241    
  0.1914300677060863    
  0.1904754952711274    
  0.1895145892499157    
  0.1885473847050847    
  0.1875739166077957    
  0.1865942198401203    
  0.1856083291975439    
  0.1846162793915793    
  0.1836181050524930    
  0.1826138407321298    
  0.1816035209068416    
  0.1805871799805083    
  0.1795648522876505    
  0.1785365720966248    
  0.1775023736129031    
  0.1764622909824256    
  0.1754163582950277    
  0.1743646095879308    
  0.1733070788492999    
  0.1722438000218582    
  0.1711748070065586    
  0.1701001336663037    
  0.1690198138297159    
  0.1679338812949480    
  0.1668423698335380    
  0.1657453131942896    
  0.1646427451071961    
  0.1635346992873807    
  0.1624212094390696    
  0.1613023092595818    
  0.1601780324433374    
  0.1590484126858804    
  0.1579134836879132    
  0.1567732791593373    
  0.1556278328233012    
  0.1544771784202470    
  0.1533213497119588    
  0.1521603804856035    
  0.1509943045577680    
  0.1498231557784828    
  0.1486469680352385    
  0.1474657752569815    
  0.1462796114180973    
  0.1450885105423703    
  0.1438925067069246    
  0.1426916340461366    
  0.1414859267555246    
  0.1402754190956057    
  0.1390601453957263    
  0.1378401400578540    
  0.1366154375603408    
  0.1353860724616447    
  0.1341520794040161    
  0.1329134931171427    
  0.1316703484217521    
  0.1304226802331707    
  0.1291705235648405    
  0.1279139135317826    
  0.1266528853540190    
  0.1253874743599401    
  0.1241177159896252    
  0.1228436457981088    
  0.1215652994585954    
  0.1202827127656183    
  0.1189959216381460    
  0.1177049621226285    
  0.1164098703959902    
  0.1151106827685595    
  0.1138074356869435    
  0.1125001657368399    
  0.1111889096457885    
  0.1098737042858611    
  0.1085545866762903    
  0.1072315939860328    
  0.1059047635362727    
  0.1045741328028567    
  0.1032397394186702    
  0.1019016211759425    
  0.1005598160284915    
  0.9921436209389972E-01
  0.9786529765562602E-01
  0.9651266116504820E-01
  0.9515649124344239E-01
  0.9379682668389111E-01
  0.9243370645312909E-01
  0.9106716969331680E-01
  0.8969725572374876E-01
  0.8832400404249330E-01
