   2.918350057696892    
   2.946380278315151    
   2.976072132466160    
   3.006903259217116    
   3.038961537991769    
   3.072842272488869    
   3.108529472754555    
   3.145484966709301    
   3.183756041106736    
   3.223885734829438    
   3.265783986032628    
   3.308793100536717    
   3.352820572038913    
   3.398262277681612    
   3.444804217363965    
   3.491441982069325    
   3.537670139348669    
   3.583410557417270    
   3.627670227863948    
   3.668464948054230    
   3.704069377075903    
   3.732898939496290    
   3.751867077566338    
   3.756064623899294    
   3.739975110027873    
   3.697103671962040    
   3.617616118670242    
   3.487299577381113    
   3.288286242902833    
   2.997738237281400    
   2.583715526100380    
   2.002395070941632    
   1.197763736236633    
  0.9956318610449116E-01
  -1.380439037442293    
  -3.345465392128580    
  -5.897415867963820    
  -9.106927947922941    
  -12.96578440670179    
  -17.31742579047385    
  -21.79278668744655    
  -25.82204759282111    
  -28.77770835425724    
  -30.20579636352468    
  -30.00615401351008    
  -28.44150929042541    
  -25.98352573603644    
  -23.11575812891268    
  -20.20818134256163    
  -17.48895598515943    
  -15.07066188244570    
  -12.98714415609462    
  -11.22571724722541    
  -9.752768974013588    
  -8.529473508314082    
  -7.517419738899044    
  -6.680421530732185    
  -5.987109502413639    
  -5.412383075298956    
  -4.935715811589670    
  -4.539170266218472    
  -4.207835732771900    
  -3.930613603359372    
  -3.698815099157900    
  -3.504382682286188    
  -3.340324281974546    
  -3.201830998398526    
  -3.085408642276812    
  -2.987282862983544    
  -2.903824331991045    
  -2.832930159453157    
  -2.773439221210812    
  -2.723422753439108    
  -2.680520617214498    
  -2.643757415288432    
  -2.613317775774639    
  -2.588391500845454    
  -2.566957291774625    
  -2.548074892946009    
  -2.532602271127079    
  -2.520874531916722    
  -2.511342412579868    
  -2.502593094577895    
  -2.495217676775297    
  -2.490285200863228    
  -2.487172330305238    
  -2.484471483069781    
  -2.482149713002696    
  -2.481153462098693    
  -2.481461336073833    
  -2.482158019043764    
  -2.483092899079196    
  -2.484906302889475    
  -2.487577297414467    
  -2.490410899259424    
  -2.493405421781034    
  -2.497234509236775    
  -2.501862263587680    
  -2.506538030981154    
  -2.511231504442819    
  -2.516711248072766    
  -2.523062751931048    
  -2.529506248329273    
  -2.535911027776625    
  -2.543091848865060    
  -2.551263388440508    
  -2.559610888191883    
  -2.567865817588937    
  -2.576901511088890    
  -2.587145183683524    
  -2.597775436338436    
  -2.608273676006889    
  -2.619456429930435    
  -2.632031835627629    
  -2.645349550071673    
  -2.658663536199351    
  -2.672549506525530    
  -2.687872919649223    
  -2.704279219441521    
  -2.720981757404072    
  -2.738286229733418    
  -2.757024012469135    
  -2.777073152864840    
  -2.797749457688553    
  -2.819206915802548    
  -2.842170099206838    
  -2.866619165941045    
  -2.891977635693366    
  -2.918350057696892    
  -2.946380278315151    
  -2.976072132466160    
  -3.006903259217116    
  -3.038961537991769    
  -3.072842272488869    
  -3.108529472754555    
  -3.145484966709301    
  -3.183756041106736    
  -3.223885734829438    
  -3.265783986032628    
  -3.308793100536717    
  -3.352820572038913    
  -3.398262277681612    
  -3.444804217363965    
  -3.491441982069325    
  -3.537670139348669    
  -3.583410557417270    
  -3.627670227863948    
  -3.668464948054230    
  -3.704069377075903    
  -3.732898939496290    
  -3.751867077566338    
  -3.756064623899294    
  -3.739975110027873    
  -3.697103671962040    
  -3.617616118670242    
  -3.487299577381113    
  -3.288286242902833    
  -2.997738237281400    
  -2.583715526100380    
  -2.002395070941632    
  -1.197763736236633    
 -0.9956318610449116E-01
   1.380439037442293    
   3.345465392128580    
   5.897415867963820    
   9.106927947922941    
   12.96578440670179    
   17.31742579047385    
   21.79278668744655    
   25.82204759282111    
   28.77770835425724    
   30.20579636352468    
   30.00615401351008    
   28.44150929042541    
   25.98352573603644    
   23.11575812891268    
   20.20818134256163    
   17.48895598515943    
   15.07066188244570    
   12.98714415609462    
   11.22571724722541    
   9.752768974013588    
   8.529473508314082    
   7.517419738899044    
   6.680421530732185    
   5.987109502413639    
   5.412383075298956    
   4.935715811589670    
   4.539170266218472    
   4.207835732771900    
   3.930613603359372    
   3.698815099157900    
   3.504382682286188    
   3.340324281974546    
   3.201830998398526    
   3.085408642276812    
   2.987282862983544    
   2.903824331991045    
   2.832930159453157    
   2.773439221210812    
   2.723422753439108    
   2.680520617214498    
   2.643757415288432    
   2.613317775774639    
   2.588391500845454    
   2.566957291774625    
   2.548074892946009    
   2.532602271127079    
   2.520874531916722    
   2.511342412579868    
   2.502593094577895    
   2.495217676775297    
   2.490285200863228    
   2.487172330305238    
   2.484471483069781    
   2.482149713002696    
   2.481153462098693    
   2.481461336073833    
   2.482158019043764    
   2.483092899079196    
   2.484906302889475    
   2.487577297414467    
   2.490410899259424    
   2.493405421781034    
   2.497234509236775    
   2.501862263587680    
   2.506538030981154    
   2.511231504442819    
   2.516711248072766    
   2.523062751931048    
   2.529506248329273    
   2.535911027776625    
   2.543091848865060    
   2.551263388440508    
   2.559610888191883    
   2.567865817588937    
   2.576901511088890    
   2.587145183683524    
   2.597775436338436    
   2.608273676006889    
   2.619456429930435    
   2.632031835627629    
   2.645349550071673    
   2.658663536199351    
   2.672549506525530    
   2.687872919649223    
   2.704279219441521    
   2.720981757404072    
   2.738286229733418    
   2.757024012469135    
   2.777073152864840    
   2.797749457688553    
   2.819206915802548    
   2.842170099206838    
   2.866619165941045    
   2.891977635693366    
