 -0.1307173576984413    
 -0.1145557306947577    
 -0.9838755527483273E-01
 -0.8221710786056403E-01
 -0.6604867377012326E-01
 -0.4988654551398064E-01
 -0.3373502166976068E-01
 -0.1759840209727527E-01
 -0.1480982514537329E-02
  0.1461294732568023E-01
  0.3067910492586706E-01
  0.4671322002853411E-01
  0.6271104017351722E-01
  0.7866833257967486E-01
  0.9458088548883002E-01
  0.1104445132207549    
  0.1262550617793778    
  0.1420084107324386    
  0.1577004744975309    
  0.1733272073101841    
  0.1888846087672681    
  0.2043687256571153    
  0.2197756531010482    
  0.2351015392544995    
  0.2503425906256493    
  0.2654950738187509    
  0.2805553165143363    
  0.2955197117345319    
  0.3103847226889865    
  0.3251468843548713    
  0.3398028043916081    
  0.3543491669150566    
  0.3687827365354604    
  0.3831003595262850    
  0.3972989648337104    
  0.4113755675925542    
  0.4253272721021356    
  0.4391512720181665    
  0.4528448513764943    
  0.4664053884196160    
  0.4798303578016583    
  0.4931173291316792    
  0.5062639671769114    
  0.5192680363006279    
  0.5321274030732134    
  0.5448400334519066    
  0.5574039908090012    
  0.5698174397107988    
  0.5820786497778794    
  0.5941859936675922    
  0.6061379433840073    
  0.6179330710180077    
  0.6295700515614733    
  0.6410476629679244    
  0.6523647845952825    
  0.6635203963645360    
  0.6745135770122401    
  0.6853435016917486    
  0.6960094431428698    
  0.7065107752494671    
  0.7168469711561247    
  0.7270175952949256    
  0.7370222994986360    
  0.7468608276458144    
  0.7565330195457458    
  0.7660388067222623    
  0.7753782058583406    
  0.7845513165575835    
  0.7935583204748171    
  0.8023994790297350    
  0.8110751339980360    
  0.8195857108919111    
  0.8279317160515332    
  0.8361137255754317    
  0.8441323783323009    
  0.8519883802774416    
  0.8596825102320704    
  0.8672156173495150    
  0.8745886151610669    
  0.8818024786734762    
  0.8888582402574782    
  0.8957569819688942    
  0.9024998333418632    
  0.9090879787784285    
  0.9155226625807156    
  0.9218051821499051    
  0.9279368777903034    
  0.9339191292844696    
  0.9397533546761009    
  0.9454410054954705    
  0.9509835655082064    
  0.9563825578956708    
  0.9616395497800596    
  0.9667561445580459    
  0.9717339710919795    
  0.9765746809169598    
  0.9812799481011411    
  0.9858514641586025    
  0.9902909354240639    
  0.9946000901498981    
  0.9987806850208285    
   1.002834499891892    
   1.006763328580682    
   1.010568977058373    
   1.014253263153223    
   1.017818008998439    
   1.021265034706414    
   1.024596163718981    
   1.027813230931635    
   1.030918080796722    
   1.033912561743418    
   1.036798528150820    
   1.039577842846358    
   1.042252368978868    
   1.044823959675298    
   1.047294458974747    
   1.049665707389493    
   1.051939538941862    
   1.054117775975747    
   1.056202234394972    
   1.058194731864300    
   1.060097084515326    
   1.061911098480452    
   1.063638570916550    
   1.065281294796742    
   1.066841053108872    
   1.068319608883736    
   1.069718706825916    
   1.071040081042249    
   1.072285452767826    
   1.073456523042174    
   1.074554976467701    
   1.075582490829779    
   1.076540735256678    
   1.077431361224075    
   1.078256004028775    
   1.079016290884106    
   1.079713837638837    
   1.080350237804371    
   1.080927062901146    
   1.081445871406622    
   1.081908206982142    
   1.082315588226246    
   1.082669509932454    
   1.082971454218368    
   1.083222890712142    
   1.083425266385504    
   1.083580006251955    
   1.083688525026190    
   1.083752227709034    
   1.083772497898795    
   1.083750696512800    
   1.083688173330855    
   1.083586268139534    
   1.083446297881953    
   1.083269553779064    
   1.083057313643280    
   1.082810844976800    
   1.082531391996822    
   1.082220171467915    
   1.081878386127765    
   1.081507230499138    
   1.081107878064175    
   1.080681475012714    
   1.080229153947945    
   1.079752042486560    
   1.079251250627832    
   1.078727861297793    
   1.078182943062676    
   1.077617561701258    
   1.077032768593672    
   1.076429587535145    
   1.075809025148049    
   1.075172085756833    
   1.074519762584364    
   1.073853021189807    
   1.073172806022456    
   1.072480058310863    
   1.071775712291440    
   1.071060676607539    
   1.070335835164425    
   1.069602066314267    
   1.068860245967898    
   1.068111229514282    
   1.067355845570307    
   1.066594913069333    
   1.065829251723203    
   1.065059668234337    
   1.064286943312955    
   1.063511842304089    
   1.062735130990674    
   1.061957570116469    
   1.061179899011653    
   1.060402836249744    
   1.059627095820168    
   1.058853392061264    
   1.058082426035479    
   1.057314876088616    
   1.056551407707591    
   1.055792686635978    
   1.055039374465131    
   1.054292114009031    
   1.053551527906897    
   1.052818232874767    
   1.052092847074028    
   1.051375978859939    
   1.050668214992497    
   1.049970127474664    
   1.049282288253067    
   1.048605268368604    
   1.047939623451205    
   1.047285889270291    
   1.046644594111637    
   1.046016267885999    
   1.045401434565215    
   1.044800601407819    
   1.044214261483103    
   1.043642903965131    
   1.043087016790372    
   1.042547080085530    
   1.042023560820391    
   1.041516914550469    
   1.041027591122357    
   1.040556038374708    
   1.040102699492330    
   1.039668005753327    
   1.039252374194174    
   1.038856215805254    
   1.038479943690881    
   1.038123967441191    
   1.037788680610036    
   1.037474461181155    
   1.037181685427863    
   1.036910733472428    
   1.036661977835690    
   1.036435773405478    
   1.036232463554453    
   1.036052390937873    
   1.035895897091761    
   1.035763314965046    
   1.035654966161955    
   1.035571162654848    
   1.035512208100695    
   1.035478400753793    
   1.035470037441147    
   1.035487410304557    
   1.035530797094724    
   1.035600460051449    
   1.035696657827672    
   1.035819652747379    
   1.035969701664223    
   1.036147045198464    
   1.036351911603241    
   1.036584526317986    
   1.036845111426813    
   1.037133879812375    
   1.037451036380217    
   1.037796781599187    
   1.038171307134182    
   1.038574790662881    
   1.039007401369988    
   1.039469308012838    
   1.039960675048778    
   1.040481652936939    
   1.041032378657742    
   1.041612983554197    
   1.042223593463150    
   1.042864322318573    
   1.043535272652635    
   1.044236541684640    
   1.044968219642192    
   1.045730381532100    
   1.046523086838119    
   1.047346387822991    
   1.048200331836338    
   1.049084954267639    
   1.050000274895352    
   1.050946302373027    
   1.051923036500833    
   1.052930463894603    
   1.053968556300964    
   1.055037275550733    
   1.056136575878651    
   1.057266398617526    
   1.058426667824121    
   1.059617293439326    
   1.060838175805641    
   1.062089204557796    
   1.063370255155761    
   1.064681188615350    
   1.066021852801674    
   1.067392081491473    
   1.068791692507320    
   1.070220488037629    
   1.071678256460940    
   1.073164772627002    
   1.074679795269541    
   1.076223063326682    
   1.077794294970912    
   1.079393191072219    
   1.081019438546619    
   1.082672707436131    
   1.084352644383656    
   1.086058871928394    
   1.087790994479834    
   1.089548600582851    
   1.091331257505545    
   1.093138508114866    
   1.094969875839359    
   1.096824867936433    
   1.098702969788449    
   1.100603640465936    
   1.102526319190699    
   1.104470432245977    
   1.106435386926117    
   1.108420561130940    
   1.110425305690929    
   1.112448955104312    
   1.114490827875217    
   1.116550215123081    
   1.118626374901665    
   1.120718538592603    
   1.122825916240717    
   1.124947692207901    
   1.127083019172737    
   1.129231018485138    
   1.131390783198390    
   1.133561378818950    
   1.135741843443228    
   1.137931188479799    
   1.140128397756297    
   1.142332426564985    
   1.144542204752476    
   1.146756640828485    
   1.148974620147921    
   1.151194999539023    
   1.153416607345518    
   1.155638248163138    
   1.157858702232293    
   1.160076718072558    
   1.162291008535236    
   1.164500254179796    
   1.166703105286876    
   1.168898177431771    
   1.171084048067965    
   1.173259260479567    
   1.175422329746808    
   1.177571744007329    
   1.179705964024127    
   1.181823426665289    
   1.183922549929943    
   1.186001733575233    
   1.188059355495128    
   1.190093768462404    
   1.192103298443278    
   1.194086241946583    
   1.196040861871261    
   1.197965384801985    
   1.199858002037110    
   1.201716873057620    
   1.203540128620802    
   1.205325873082465    
   1.207072188313420    
   1.208777140038795    
   1.210438783389242    
   1.212055164635688    
   1.213624320402242    
   1.215144275865326    
   1.216613038885409    
   1.218028588492116    
   1.219388865250223    
   1.220691772713501    
   1.221935187810608    
   1.223116970660502    
   1.224234971318724    
   1.225287036972375    
   1.226271017521197    
   1.227184765509238    
   1.228026135406421    
   1.228792986381626    
   1.229483176633466    
   1.230094539466839    
   1.230624862086968    
   1.231071897851366    
   1.231433402185745    
   1.231707149726176    
   1.231890922891467    
   1.231982509328268    
   1.231979725428038    
   1.231880427480362    
   1.231682479953712    
   1.231383714984237    
   1.230981931679370    
   1.230474925042733    
   1.229860501692672    
   1.229136480513034    
   1.228300708659603    
   1.227351088198364    
   1.226285574216123    
   1.225102138376102    
   1.223798738095961    
   1.222373316415961    
   1.220823815804994    
   1.219148190930967    
   1.217344430448217    
   1.215410586672814    
   1.213344784064912    
   1.211145191646756    
   1.208809985533838    
   1.206337333295485    
   1.203725402260249    
   1.200972380371807    
   1.198076505976720    
   1.195036096217487    
   1.191849548917354    
   1.188515309145701    
   1.185031828887878    
   1.181397555126329    
   1.177610951325200    
   1.173670532873190    
   1.169574896597635    
   1.165322728275585    
   1.160912778005284    
   1.156343817424828    
   1.151614617162599    
   1.146723968777974    
   1.141670731269588    
   1.136453860244473    
   1.131072398824651    
   1.125525442294429    
   1.119812104863220    
   1.113931515481367    
   1.107882850535166    
   1.101665377508358    
   1.095278466496982    
   1.088721556112985    
   1.081994110328362    
   1.075095612596518    
   1.068025601229903    
   1.060783707569270    
   1.053369660245765    
   1.045783254660844    
   1.038024319517163    
   1.030092715250449    
   1.021988367984296    
   1.013711302750776    
   1.005261636991898    
  0.9966395418199760    
  0.9878452198704557    
  0.9788789277803823    
  0.9697410133378911    
  0.9604319202014924    
  0.9509521579219893    
  0.9413022787184823    
  0.9314828894118508    
  0.9214946803010726    
  0.9113384339186107    
  0.9010150049907922    
  0.8905252997858242    
  0.8798702824515306    
  0.8690509991406267    
  0.8580685861770362    
  0.8469242513835527    
  0.8356192571516895    
  0.8241549309547751    
  0.8125326864211750    
  0.8007540220961117    
  0.7888205015712628    
  0.7767337481163781    
  0.7644954613123314    
  0.7521074268686083    
  0.7395715045511444    
  0.7268896166332474    
  0.7140637558309981    
  0.7010959968671052    
  0.6879884917217599    
  0.6747434588182513    
  0.6613631851597119    
  0.6478500353818147    
  0.6342064506060238    
  0.6204349402758877    
  0.6065380818584106    
  0.5925185269408990    
  0.5783790009866591    
  0.5641222973240958    
  0.5497512762269642    
  0.5352688688448859    
  0.5206780766569705    
  0.5059819666804156    
  0.4911836705474581    
  0.4762863870357630    
  0.4612933808638663    
  0.4462079784247276    
  0.4310335669369112    
  0.4157735960479990    
  0.4004315759395987    
  0.3850110731783973    
  0.3695157098581138    
  0.3539491645236967    
  0.3383151696380662    
  0.3226175073329750    
  0.3068600084458619    
  0.2910465528919423    
  0.2751810665536684    
  0.2592675168215840    
  0.2433099114600655    
  0.2273122985034124    
  0.2112787626257776    
  0.1952134204243506    
  0.1791204190837815    
  0.1630039358590918    
  0.1468681739859301    
  0.1307173576984413    
  0.1145557306947577    
  0.9838755527483273E-01
  0.8221710786056403E-01
  0.6604867377012326E-01
  0.4988654551398064E-01
  0.3373502166976068E-01
  0.1759840209727527E-01
  0.1480982514537329E-02
 -0.1461294732568023E-01
 -0.3067910492586706E-01
 -0.4671322002853411E-01
 -0.6271104017351722E-01
 -0.7866833257967486E-01
 -0.9458088548883002E-01
 -0.1104445132207549    
 -0.1262550617793778    
 -0.1420084107324386    
 -0.1577004744975309    
 -0.1733272073101841    
 -0.1888846087672681    
 -0.2043687256571153    
 -0.2197756531010482    
 -0.2351015392544995    
 -0.2503425906256493    
 -0.2654950738187509    
 -0.2805553165143363    
 -0.2955197117345319    
 -0.3103847226889865    
 -0.3251468843548713    
 -0.3398028043916081    
 -0.3543491669150566    
 -0.3687827365354604    
 -0.3831003595262850    
 -0.3972989648337104    
 -0.4113755675925542    
 -0.4253272721021356    
 -0.4391512720181665    
 -0.4528448513764943    
 -0.4664053884196160    
 -0.4798303578016583    
 -0.4931173291316792    
 -0.5062639671769114    
 -0.5192680363006279    
 -0.5321274030732134    
 -0.5448400334519066    
 -0.5574039908090012    
 -0.5698174397107988    
 -0.5820786497778794    
 -0.5941859936675922    
 -0.6061379433840073    
 -0.6179330710180077    
 -0.6295700515614733    
 -0.6410476629679244    
 -0.6523647845952825    
 -0.6635203963645360    
 -0.6745135770122401    
 -0.6853435016917486    
 -0.6960094431428698    
 -0.7065107752494671    
 -0.7168469711561247    
 -0.7270175952949256    
 -0.7370222994986360    
 -0.7468608276458144    
 -0.7565330195457458    
 -0.7660388067222623    
 -0.7753782058583406    
 -0.7845513165575835    
 -0.7935583204748171    
 -0.8023994790297350    
 -0.8110751339980360    
 -0.8195857108919111    
 -0.8279317160515332    
 -0.8361137255754317    
 -0.8441323783323009    
 -0.8519883802774416    
 -0.8596825102320704    
 -0.8672156173495150    
 -0.8745886151610669    
 -0.8818024786734762    
 -0.8888582402574782    
 -0.8957569819688942    
 -0.9024998333418632    
 -0.9090879787784285    
 -0.9155226625807156    
 -0.9218051821499051    
 -0.9279368777903034    
 -0.9339191292844696    
 -0.9397533546761009    
 -0.9454410054954705    
 -0.9509835655082064    
 -0.9563825578956708    
 -0.9616395497800596    
 -0.9667561445580459    
 -0.9717339710919795    
 -0.9765746809169598    
 -0.9812799481011411    
 -0.9858514641586025    
 -0.9902909354240639    
 -0.9946000901498981    
 -0.9987806850208285    
  -1.002834499891892    
  -1.006763328580682    
  -1.010568977058373    
  -1.014253263153223    
  -1.017818008998439    
  -1.021265034706414    
  -1.024596163718981    
  -1.027813230931635    
  -1.030918080796722    
  -1.033912561743418    
  -1.036798528150820    
  -1.039577842846358    
  -1.042252368978868    
  -1.044823959675298    
  -1.047294458974747    
  -1.049665707389493    
  -1.051939538941862    
  -1.054117775975747    
  -1.056202234394972    
  -1.058194731864300    
  -1.060097084515326    
  -1.061911098480452    
  -1.063638570916550    
  -1.065281294796742    
  -1.066841053108872    
  -1.068319608883736    
  -1.069718706825916    
  -1.071040081042249    
  -1.072285452767826    
  -1.073456523042174    
  -1.074554976467701    
  -1.075582490829779    
  -1.076540735256678    
  -1.077431361224075    
  -1.078256004028775    
  -1.079016290884106    
  -1.079713837638837    
  -1.080350237804371    
  -1.080927062901146    
  -1.081445871406622    
  -1.081908206982142    
  -1.082315588226246    
  -1.082669509932454    
  -1.082971454218368    
  -1.083222890712142    
  -1.083425266385504    
  -1.083580006251955    
  -1.083688525026190    
  -1.083752227709034    
  -1.083772497898795    
  -1.083750696512800    
  -1.083688173330855    
  -1.083586268139534    
  -1.083446297881953    
  -1.083269553779064    
  -1.083057313643280    
  -1.082810844976800    
  -1.082531391996822    
  -1.082220171467915    
  -1.081878386127765    
  -1.081507230499138    
  -1.081107878064175    
  -1.080681475012714    
  -1.080229153947945    
  -1.079752042486560    
  -1.079251250627832    
  -1.078727861297793    
  -1.078182943062676    
  -1.077617561701258    
  -1.077032768593672    
  -1.076429587535145    
  -1.075809025148049    
  -1.075172085756833    
  -1.074519762584364    
  -1.073853021189807    
  -1.073172806022456    
  -1.072480058310863    
  -1.071775712291440    
  -1.071060676607539    
  -1.070335835164425    
  -1.069602066314267    
  -1.068860245967898    
  -1.068111229514282    
  -1.067355845570307    
  -1.066594913069333    
  -1.065829251723203    
  -1.065059668234337    
  -1.064286943312955    
  -1.063511842304089    
  -1.062735130990674    
  -1.061957570116469    
  -1.061179899011653    
  -1.060402836249744    
  -1.059627095820168    
  -1.058853392061264    
  -1.058082426035479    
  -1.057314876088616    
  -1.056551407707591    
  -1.055792686635978    
  -1.055039374465131    
  -1.054292114009031    
  -1.053551527906897    
  -1.052818232874767    
  -1.052092847074028    
  -1.051375978859939    
  -1.050668214992497    
  -1.049970127474664    
  -1.049282288253067    
  -1.048605268368604    
  -1.047939623451205    
  -1.047285889270291    
  -1.046644594111637    
  -1.046016267885999    
  -1.045401434565215    
  -1.044800601407819    
  -1.044214261483103    
  -1.043642903965131    
  -1.043087016790372    
  -1.042547080085530    
  -1.042023560820391    
  -1.041516914550469    
  -1.041027591122357    
  -1.040556038374708    
  -1.040102699492330    
  -1.039668005753327    
  -1.039252374194174    
  -1.038856215805254    
  -1.038479943690881    
  -1.038123967441191    
  -1.037788680610036    
  -1.037474461181155    
  -1.037181685427863    
  -1.036910733472428    
  -1.036661977835690    
  -1.036435773405478    
  -1.036232463554453    
  -1.036052390937873    
  -1.035895897091761    
  -1.035763314965046    
  -1.035654966161955    
  -1.035571162654848    
  -1.035512208100695    
  -1.035478400753793    
  -1.035470037441147    
  -1.035487410304557    
  -1.035530797094724    
  -1.035600460051449    
  -1.035696657827672    
  -1.035819652747379    
  -1.035969701664223    
  -1.036147045198464    
  -1.036351911603241    
  -1.036584526317986    
  -1.036845111426813    
  -1.037133879812375    
  -1.037451036380217    
  -1.037796781599187    
  -1.038171307134182    
  -1.038574790662881    
  -1.039007401369988    
  -1.039469308012838    
  -1.039960675048778    
  -1.040481652936939    
  -1.041032378657742    
  -1.041612983554197    
  -1.042223593463150    
  -1.042864322318573    
  -1.043535272652635    
  -1.044236541684640    
  -1.044968219642192    
  -1.045730381532100    
  -1.046523086838119    
  -1.047346387822991    
  -1.048200331836338    
  -1.049084954267639    
  -1.050000274895352    
  -1.050946302373027    
  -1.051923036500833    
  -1.052930463894603    
  -1.053968556300964    
  -1.055037275550733    
  -1.056136575878651    
  -1.057266398617526    
  -1.058426667824121    
  -1.059617293439326    
  -1.060838175805641    
  -1.062089204557796    
  -1.063370255155761    
  -1.064681188615350    
  -1.066021852801674    
  -1.067392081491473    
  -1.068791692507320    
  -1.070220488037629    
  -1.071678256460940    
  -1.073164772627002    
  -1.074679795269541    
  -1.076223063326682    
  -1.077794294970912    
  -1.079393191072219    
  -1.081019438546619    
  -1.082672707436131    
  -1.084352644383656    
  -1.086058871928394    
  -1.087790994479834    
  -1.089548600582851    
  -1.091331257505545    
  -1.093138508114866    
  -1.094969875839359    
  -1.096824867936433    
  -1.098702969788449    
  -1.100603640465936    
  -1.102526319190699    
  -1.104470432245977    
  -1.106435386926117    
  -1.108420561130940    
  -1.110425305690929    
  -1.112448955104312    
  -1.114490827875217    
  -1.116550215123081    
  -1.118626374901665    
  -1.120718538592603    
  -1.122825916240717    
  -1.124947692207901    
  -1.127083019172737    
  -1.129231018485138    
  -1.131390783198390    
  -1.133561378818950    
  -1.135741843443228    
  -1.137931188479799    
  -1.140128397756297    
  -1.142332426564985    
  -1.144542204752476    
  -1.146756640828485    
  -1.148974620147921    
  -1.151194999539023    
  -1.153416607345518    
  -1.155638248163138    
  -1.157858702232293    
  -1.160076718072558    
  -1.162291008535236    
  -1.164500254179796    
  -1.166703105286876    
  -1.168898177431771    
  -1.171084048067965    
  -1.173259260479567    
  -1.175422329746808    
  -1.177571744007329    
  -1.179705964024127    
  -1.181823426665289    
  -1.183922549929943    
  -1.186001733575233    
  -1.188059355495128    
  -1.190093768462404    
  -1.192103298443278    
  -1.194086241946583    
  -1.196040861871261    
  -1.197965384801985    
  -1.199858002037110    
  -1.201716873057620    
  -1.203540128620802    
  -1.205325873082465    
  -1.207072188313420    
  -1.208777140038795    
  -1.210438783389242    
  -1.212055164635688    
  -1.213624320402242    
  -1.215144275865326    
  -1.216613038885409    
  -1.218028588492116    
  -1.219388865250223    
  -1.220691772713501    
  -1.221935187810608    
  -1.223116970660502    
  -1.224234971318724    
  -1.225287036972375    
  -1.226271017521197    
  -1.227184765509238    
  -1.228026135406421    
  -1.228792986381626    
  -1.229483176633466    
  -1.230094539466839    
  -1.230624862086968    
  -1.231071897851366    
  -1.231433402185745    
  -1.231707149726176    
  -1.231890922891467    
  -1.231982509328268    
  -1.231979725428038    
  -1.231880427480362    
  -1.231682479953712    
  -1.231383714984237    
  -1.230981931679370    
  -1.230474925042733    
  -1.229860501692672    
  -1.229136480513034    
  -1.228300708659603    
  -1.227351088198364    
  -1.226285574216123    
  -1.225102138376102    
  -1.223798738095961    
  -1.222373316415961    
  -1.220823815804994    
  -1.219148190930967    
  -1.217344430448217    
  -1.215410586672814    
  -1.213344784064912    
  -1.211145191646756    
  -1.208809985533838    
  -1.206337333295485    
  -1.203725402260249    
  -1.200972380371807    
  -1.198076505976720    
  -1.195036096217487    
  -1.191849548917354    
  -1.188515309145701    
  -1.185031828887878    
  -1.181397555126329    
  -1.177610951325200    
  -1.173670532873190    
  -1.169574896597635    
  -1.165322728275585    
  -1.160912778005284    
  -1.156343817424828    
  -1.151614617162599    
  -1.146723968777974    
  -1.141670731269588    
  -1.136453860244473    
  -1.131072398824651    
  -1.125525442294429    
  -1.119812104863220    
  -1.113931515481367    
  -1.107882850535166    
  -1.101665377508358    
  -1.095278466496982    
  -1.088721556112985    
  -1.081994110328362    
  -1.075095612596518    
  -1.068025601229903    
  -1.060783707569270    
  -1.053369660245765    
  -1.045783254660844    
  -1.038024319517163    
  -1.030092715250449    
  -1.021988367984296    
  -1.013711302750776    
  -1.005261636991898    
 -0.9966395418199760    
 -0.9878452198704557    
 -0.9788789277803823    
 -0.9697410133378911    
 -0.9604319202014924    
 -0.9509521579219893    
 -0.9413022787184823    
 -0.9314828894118508    
 -0.9214946803010726    
 -0.9113384339186107    
 -0.9010150049907922    
 -0.8905252997858242    
 -0.8798702824515306    
 -0.8690509991406267    
 -0.8580685861770362    
 -0.8469242513835527    
 -0.8356192571516895    
 -0.8241549309547751    
 -0.8125326864211750    
 -0.8007540220961117    
 -0.7888205015712628    
 -0.7767337481163781    
 -0.7644954613123314    
 -0.7521074268686083    
 -0.7395715045511444    
 -0.7268896166332474    
 -0.7140637558309981    
 -0.7010959968671052    
 -0.6879884917217599    
 -0.6747434588182513    
 -0.6613631851597119    
 -0.6478500353818147    
 -0.6342064506060238    
 -0.6204349402758877    
 -0.6065380818584106    
 -0.5925185269408990    
 -0.5783790009866591    
 -0.5641222973240958    
 -0.5497512762269642    
 -0.5352688688448859    
 -0.5206780766569705    
 -0.5059819666804156    
 -0.4911836705474581    
 -0.4762863870357630    
 -0.4612933808638663    
 -0.4462079784247276    
 -0.4310335669369112    
 -0.4157735960479990    
 -0.4004315759395987    
 -0.3850110731783973    
 -0.3695157098581138    
 -0.3539491645236967    
 -0.3383151696380662    
 -0.3226175073329750    
 -0.3068600084458619    
 -0.2910465528919423    
 -0.2751810665536684    
 -0.2592675168215840    
 -0.2433099114600655    
 -0.2273122985034124    
 -0.2112787626257776    
 -0.1952134204243506    
 -0.1791204190837815    
 -0.1630039358590918    
 -0.1468681739859301    
