  0.2973122257316080    
  0.2997223730280468    
  0.3021696424784405    
  0.3046547568666315    
  0.3071784680490720    
  0.3097415582062733    
  0.3123448406217444    
  0.3149891606742696    
  0.3176753973860884    
  0.3204044649355121    
  0.3231773137723252    
  0.3259949318460562    
  0.3288583463109743    
  0.3317686252705179    
  0.3347268792157868    
  0.3377342625476532    
  0.3407919755112702    
  0.3439012661883233    
  0.3470634322308271    
  0.3502798226628761    
  0.3535518400558155    
  0.3568809427686735    
  0.3602686469432919    
  0.3637165285263227    
  0.3672262256113701    
  0.3707994408338410    
  0.3744379434981809    
  0.3781435716386368    
  0.3819182342836638    
  0.3857639137022212    
  0.3896826673124412    
  0.3936766293645992    
  0.3977480125896798    
  0.4018991095873941    
  0.4061322936276323    
  0.4104500188966730    
  0.4148548202725075    
  0.4193493123294851    
  0.4239361871643545    
  0.4286182109219062    
  0.4333982189070139    
  0.4382791088033912    
  0.4432638314115108    
  0.4483553785232705    
  0.4535567674421097    
  0.4588710212169954    
  0.4643011435257567    
  0.4698500872971711    
  0.4755207159106074    
  0.4813157551658276    
  0.4872377339006591    
  0.4932889111573043    
  0.4994711873808144    
  0.5057859962048578    
  0.5122341727209704    
  0.5188157938520790    
  0.5255299857779779    
  0.5323746921388778    
  0.5393463957749698    
  0.5464397862989521    
  0.5536473651728329    
  0.5609589790816235    
  0.5683612722344145    
  0.5758370493467997    
  0.5833645431459427    
  0.5909165835901630    
  0.5984596721459711    
  0.6059529747074333    
  0.6133472613874124    
  0.6205838411353666    
  0.6275935654970751    
  0.6342960093253786    
  0.6405989747194015    
  0.6463985036136346    
  0.6515796178153885    
  0.6560180221762112    
  0.6595829910764269    
  0.6621415928935469    
  0.6635642783642490    
  0.6637316640759922    
  0.6625420969661057    
  0.6599193300445700    
  0.6558194385900742    
  0.6502360337273108    
  0.6432029417191399    
  0.6347938215343577    
  0.6251186393408608    
  0.6143174039502990    
  0.6025519698902295    
  0.5899969382405442    
  0.5768306935245306    
  0.5632274375829127    
  0.5493507918354845    
  0.5353492221398918    
  0.5213532649202401    
  0.5074743391273582    
  0.4938048241227171    
  0.4804190544412796    
  0.4673749054719610    
  0.4547156970684851    
  0.4424722064178880    
  0.4306646434366370    
  0.4193044942919271    
  0.4083961799095149    
  0.3979385071628894    
  0.3879259112802907    
  0.3783495002977420    
  0.3691979192132031    
  0.3604580552752321    
  0.3521156068630829    
  0.3441555368848596    
  0.3365624292998461    
  0.3293207656957346    
  0.3224151371228849    
  0.3158304036686786    
  0.3095518115560401    
  0.3035650761925682    
  0.2978564388139542    
  0.2924127027315812    
  0.2872212532860041    
  0.2822700649088561    
  0.2775476987828577    
  0.2730432938868517    
  0.2687465528916168    
  0.2646477239570205    
  0.2607375799486792    
  0.2570073964360126    
  0.2534489288947390    
  0.2500543892156208    
  0.2468164221579805    
  0.2437280824492242    
  0.2407828125225805    
  0.2379744206789682    
  0.2352970600536502    
  0.2327452088537938    
  0.2303136515742761    
  0.2279974607057218    
  0.2257919792766280    
  0.2236928048821331    
  0.2216957749239243    
  0.2197969522016740    
  0.2179926108575345    
  0.2162792235343163    
  0.2146534499664760    
  0.2131121261610668    
  0.2116522536008922    
  0.2102709889714329    
  0.2089656350261222    
  0.2077336323525929    
  0.2065725514336995    
  0.2054800848928366    
  0.2044540402159285    
  0.2034923330992786    
  0.2025929813583822    
  0.2017540992843246    
  0.2009738922634352    
  0.2002506515076770    
  0.1995827490573778    
  0.1989686333771980    
  0.1984068254760046    
  0.1978959150915670    
  0.1974345567701395    
  0.1970214662081727    
  0.1966554171482697    
  0.1963352386023600    
  0.1960598120549160    
  0.1958280686621803    
  0.1956389866662092    
  0.1954915890895719    
  0.1953849416411775    
  0.1953181507671640    
  0.1952903617540764    
  0.1953007568155143    
  0.1953485532851083    
  0.1954330021051650    
  0.1955533865297789    
  0.1957090207635288    
  0.1958992485022591    
  0.1961234416333170    
  0.1963809991962467    
  0.1966713464005774    
  0.1969939335694622    
  0.1973482351358448    
  0.1977337487879102    
  0.1981499946699528    
  0.1985965145772394    
  0.1990728712168065    
  0.1995786475473272    
  0.2001134461235543    
  0.2006768884727498    
  0.2012686145807886    
  0.2018882823968101    
  0.2025355672332171    
  0.2032101612048476    
  0.2039117729188930    
  0.2046401272582448    
  0.2053949649196002    
  0.2061760417802724    
  0.2069831285163534    
  0.2078160105569041    
  0.2086744879759189    
  0.2095583750747470    
  0.2104674998958553    
  0.2114017039685892    
  0.2123608422547544    
  0.2133447830898593    
  0.2143534079992119    
  0.2153866113829851    
  0.2164443002061905    
  0.2175263939231075    
  0.2186328246235540    
  0.2197635370200257    
  0.2209184880751439    
  0.2220976466751702    
  0.2233009937708871    
  0.2245285226824539    
  0.2257802389989899    
  0.2270561601957252    
  0.2283563155604465    
  0.2296807464752053    
  0.2310295065527020    
  0.2324026615071033    
  0.2338002891291867    
  0.2352224794392319    
  0.2366693347263136    
  0.2381409695272382    
  0.2396375108691481    
  0.2411590985988493    
  0.2427058853352413    
  0.2442780362694123    
  0.2458757294706300    
  0.2474991565374243    
  0.2491485227612128    
  0.2508240468107776    
  0.2525259608771649    
  0.2542545114654143    
  0.2560099598658483    
  0.2577925819281386    
  0.2596026680765910    
  0.2614405241167166    
  0.2633064719684988    
  0.2652008496310834    
  0.2671240111388242    
  0.2690763273187626    
  0.2710581867197683    
  0.2730699958315386    
  0.2751121790916564    
  0.2771851796028916    
  0.2792894601912999    
  0.2814255038728096    
  0.2835938139859267    
  0.2857949149215405    
  0.2880293532971189    
  0.2902976986600360    
  0.2926005437814951    
  0.2949385054405048    
  0.2973122257316080    
  0.2997223730280468    
  0.3021696424784405    
  0.3046547568666315    
  0.3071784680490720    
  0.3097415582062733    
  0.3123448406217444    
  0.3149891606742696    
  0.3176753973860884    
  0.3204044649355121    
  0.3231773137723252    
  0.3259949318460562    
  0.3288583463109743    
  0.3317686252705179    
  0.3347268792157868    
  0.3377342625476532    
  0.3407919755112702    
  0.3439012661883233    
  0.3470634322308271    
  0.3502798226628761    
  0.3535518400558155    
  0.3568809427686735    
  0.3602686469432919    
  0.3637165285263227    
  0.3672262256113701    
  0.3707994408338410    
  0.3744379434981809    
  0.3781435716386368    
  0.3819182342836638    
  0.3857639137022212    
  0.3896826673124412    
  0.3936766293645992    
  0.3977480125896798    
  0.4018991095873941    
  0.4061322936276323    
  0.4104500188966730    
  0.4148548202725075    
  0.4193493123294851    
  0.4239361871643545    
  0.4286182109219062    
  0.4333982189070139    
  0.4382791088033912    
  0.4432638314115108    
  0.4483553785232705    
  0.4535567674421097    
  0.4588710212169954    
  0.4643011435257567    
  0.4698500872971711    
  0.4755207159106074    
  0.4813157551658276    
  0.4872377339006591    
  0.4932889111573043    
  0.4994711873808144    
  0.5057859962048578    
  0.5122341727209704    
  0.5188157938520790    
  0.5255299857779779    
  0.5323746921388778    
  0.5393463957749698    
  0.5464397862989521    
  0.5536473651728329    
  0.5609589790816235    
  0.5683612722344145    
  0.5758370493467997    
  0.5833645431459427    
  0.5909165835901630    
  0.5984596721459711    
  0.6059529747074333    
  0.6133472613874124    
  0.6205838411353666    
  0.6275935654970751    
  0.6342960093253786    
  0.6405989747194015    
  0.6463985036136346    
  0.6515796178153885    
  0.6560180221762112    
  0.6595829910764269    
  0.6621415928935469    
  0.6635642783642490    
  0.6637316640759922    
  0.6625420969661057    
  0.6599193300445700    
  0.6558194385900742    
  0.6502360337273108    
  0.6432029417191399    
  0.6347938215343577    
  0.6251186393408608    
  0.6143174039502990    
  0.6025519698902295    
  0.5899969382405442    
  0.5768306935245306    
  0.5632274375829127    
  0.5493507918354845    
  0.5353492221398918    
  0.5213532649202401    
  0.5074743391273582    
  0.4938048241227171    
  0.4804190544412796    
  0.4673749054719610    
  0.4547156970684851    
  0.4424722064178880    
  0.4306646434366370    
  0.4193044942919271    
  0.4083961799095149    
  0.3979385071628894    
  0.3879259112802907    
  0.3783495002977420    
  0.3691979192132031    
  0.3604580552752321    
  0.3521156068630829    
  0.3441555368848596    
  0.3365624292998461    
  0.3293207656957346    
  0.3224151371228849    
  0.3158304036686786    
  0.3095518115560401    
  0.3035650761925682    
  0.2978564388139542    
  0.2924127027315812    
  0.2872212532860041    
  0.2822700649088561    
  0.2775476987828577    
  0.2730432938868517    
  0.2687465528916168    
  0.2646477239570205    
  0.2607375799486792    
  0.2570073964360126    
  0.2534489288947390    
  0.2500543892156208    
  0.2468164221579805    
  0.2437280824492242    
  0.2407828125225805    
  0.2379744206789682    
  0.2352970600536502    
  0.2327452088537938    
  0.2303136515742761    
  0.2279974607057218    
  0.2257919792766280    
  0.2236928048821331    
  0.2216957749239243    
  0.2197969522016740    
  0.2179926108575345    
  0.2162792235343163    
  0.2146534499664760    
  0.2131121261610668    
  0.2116522536008922    
  0.2102709889714329    
  0.2089656350261222    
  0.2077336323525929    
  0.2065725514336995    
  0.2054800848928366    
  0.2044540402159285    
  0.2034923330992786    
  0.2025929813583822    
  0.2017540992843246    
  0.2009738922634352    
  0.2002506515076770    
  0.1995827490573778    
  0.1989686333771980    
  0.1984068254760046    
  0.1978959150915670    
  0.1974345567701395    
  0.1970214662081727    
  0.1966554171482697    
  0.1963352386023600    
  0.1960598120549160    
  0.1958280686621803    
  0.1956389866662092    
  0.1954915890895719    
  0.1953849416411775    
  0.1953181507671640    
  0.1952903617540764    
  0.1953007568155143    
  0.1953485532851083    
  0.1954330021051650    
  0.1955533865297789    
  0.1957090207635288    
  0.1958992485022591    
  0.1961234416333170    
  0.1963809991962467    
  0.1966713464005774    
  0.1969939335694622    
  0.1973482351358448    
  0.1977337487879102    
  0.1981499946699528    
  0.1985965145772394    
  0.1990728712168065    
  0.1995786475473272    
  0.2001134461235543    
  0.2006768884727498    
  0.2012686145807886    
  0.2018882823968101    
  0.2025355672332171    
  0.2032101612048476    
  0.2039117729188930    
  0.2046401272582448    
  0.2053949649196002    
  0.2061760417802724    
  0.2069831285163534    
  0.2078160105569041    
  0.2086744879759189    
  0.2095583750747470    
  0.2104674998958553    
  0.2114017039685892    
  0.2123608422547544    
  0.2133447830898593    
  0.2143534079992119    
  0.2153866113829851    
  0.2164443002061905    
  0.2175263939231075    
  0.2186328246235540    
  0.2197635370200257    
  0.2209184880751439    
  0.2220976466751702    
  0.2233009937708871    
  0.2245285226824539    
  0.2257802389989899    
  0.2270561601957252    
  0.2283563155604465    
  0.2296807464752053    
  0.2310295065527020    
  0.2324026615071033    
  0.2338002891291867    
  0.2352224794392319    
  0.2366693347263136    
  0.2381409695272382    
  0.2396375108691481    
  0.2411590985988493    
  0.2427058853352413    
  0.2442780362694123    
  0.2458757294706300    
  0.2474991565374243    
  0.2491485227612128    
  0.2508240468107776    
  0.2525259608771649    
  0.2542545114654143    
  0.2560099598658483    
  0.2577925819281386    
  0.2596026680765910    
  0.2614405241167166    
  0.2633064719684988    
  0.2652008496310834    
  0.2671240111388242    
  0.2690763273187626    
  0.2710581867197683    
  0.2730699958315386    
  0.2751121790916564    
  0.2771851796028916    
  0.2792894601912999    
  0.2814255038728096    
  0.2835938139859267    
  0.2857949149215405    
  0.2880293532971189    
  0.2902976986600360    
  0.2926005437814951    
  0.2949385054405048    
