  0.3070028013776983    
  0.3094542883992901    
  0.3119437964994011    
  0.3144720833682559    
  0.3170399370452295    
  0.3196481772465076    
  0.3222976563914716    
  0.3249892606563685    
  0.3277239113828372    
  0.3305025665845253    
  0.3333262222447156    
  0.3361959136155487    
  0.3391127168279447    
  0.3420777506550953    
  0.3450921781168649    
  0.3481572080207064    
  0.3512740967477413    
  0.3544441502572325    
  0.3576687260223325    
  0.3609492348544008    
  0.3642871428523386    
  0.3676839735589269    
  0.3711413101298425    
  0.3746607973858227    
  0.3782441438597777    
  0.3818931239515208    
  0.3856095801059861    
  0.3893954248731805    
  0.3932526428281071    
  0.3971832923864360    
  0.4011895074763656    
  0.4052734989703347    
  0.4094375558026112    
  0.4136840457042344    
  0.4180154154373398    
  0.4224341903756682    
  0.4269429732789587    
  0.4315444420905660    
  0.4362413465354470    
  0.4410365032448721    
  0.4459327890779068    
  0.4509331322182716    
  0.4560405005341305    
  0.4612578866415897    
  0.4665882890437624    
  0.4720346885270291    
  0.4776000187371610    
  0.4832871296783078    
  0.4890987427640237    
  0.4950373958074618    
  0.5011053758942867    
  0.5073046376135227    
  0.5136367037642936    
  0.5201025452641341    
  0.5267024363618188    
  0.5334357804863223    
  0.5403009013686157    
  0.5472947934625906    
  0.5544128250007934    
  0.5616483862825115    
  0.5689924752941238    
  0.5764332127329547    
  0.5839552790320600    
  0.5915392673197032    
  0.5991609489735015    
  0.6067904532106196    
  0.6143913695975960    
  0.6219197932203793    
  0.6293233475162546    
  0.6365402402759632    
  0.6434984342811847    
  0.6501150447300981    
  0.6562961089295567    
  0.6619369053162928    
  0.6669230211499967    
  0.6711323703368697    
  0.6744383316440981    
  0.6767141000780614    
  0.6778382121290732    
  0.6777010217768928    
  0.6762116889824578    
  0.6733050364185772    
  0.6689474891936856    
  0.6631412928812330    
  0.6559263433356488    
  0.6473792530102862    
  0.6376096699991105    
  0.6267542688160451    
  0.6149691498828651    
  0.6024215479547638    
  0.5892817367858585    
  0.5757158565772124    
  0.5618801430522438    
  0.5479167705976846    
  0.5339512913350601    
  0.5200914878089355    
  0.5064273659659206    
  0.4930319870524034    
  0.4799628537780468    
  0.4672636087775288    
  0.4549658566212252    
  0.4430909734592380    
  0.4316518144456551    
  0.4206542659567309    
  0.4100986173661271    
  0.3999807466804175    
  0.3902931268205733    
  0.3810256664484116    
  0.3721664029223971    
  0.3637020664710208    
  0.3556185343982565    
  0.3479011925577863    
  0.3405352193750475    
  0.3335058059684075    
  0.3267983242511948    
  0.3203984530134512    
  0.3142922701315826    
  0.3084663176004155    
  0.3029076450000968    
  0.2976038360976869    
  0.2925430224520247    
  0.2877138870571797    
  0.2831056602304697    
  0.2787081094620824    
  0.2745115249765159    
  0.2705067026904428    
  0.2666849254485474    
  0.2630379425706163    
  0.2595579480667081    
  0.2562375588487135    
  0.2530697939840095    
  0.2500480544255706    
  0.2471661021330107    
  0.2444180391392308    
  0.2417982883811347    
  0.2393015766687376    
  0.2369229179983638    
  0.2346575960082194    
  0.2325011469919026    
  0.2304493454250384    
  0.2284981914515688    
  0.2266438980536437    
  0.2248828773212765    
  0.2232117276923501    
  0.2216272235724180    
  0.2201263062601560    
  0.2187060743445222    
  0.2173637735482291    
  0.2160967875105154    
  0.2149026302537274    
  0.2137789394833824    
  0.2127234696302240    
  0.2117340846331165    
  0.2108087512742703    
  0.2099455335663822    
  0.2091425878587122    
  0.2083981579636728    
  0.2077105700338941    
  0.2070782276164877    
  0.2064996074617323    
  0.2059732560680712    
  0.2054977863364633    
  0.2050718738762998    
  0.2046942532457514    
  0.2043637147711922    
  0.2040791021302928    
  0.2038393101890318    
  0.2036432824795061    
  0.2034900083008255    
  0.2033785200550958    
  0.2033078913779874    
  0.2032772358862337    
  0.2032857057554055    
  0.2033324896361325    
  0.2034168103359344    
  0.2035379231126281    
  0.2036951148024563    
  0.2038877031341066    
  0.2041150355264230    
  0.2043764873986939    
  0.2046714606030875    
  0.2049993824477186    
  0.2053597052102397    
  0.2057519056382711    
  0.2061754840220849    
  0.2066299629304064    
  0.2071148861453677    
  0.2076298181743952    
  0.2081743440587059    
  0.2087480688727570    
  0.2093506167953618    
  0.2099816302668734    
  0.2106407696265516    
  0.2113277129623387    
  0.2120421556881013    
  0.2127838098491415    
  0.2135524035757793    
  0.2143476808928970    
  0.2151694016303912    
  0.2160173410930410    
  0.2168912894863704    
  0.2177910514287960    
  0.2187164458358473    
  0.2196673060457832    
  0.2206434797210133    
  0.2216448283127950    
  0.2226712265088582    
  0.2237225621939215    
  0.2247987367513070    
  0.2258996650308681    
  0.2270252748505406    
  0.2281755066594021    
  0.2293503137013267    
  0.2305496621694988    
  0.2317735309349127    
  0.2330219113039845    
  0.2342948072656529    
  0.2355922357206434    
  0.2369142260839963    
  0.2382608198378829    
  0.2396320709655900    
  0.2410280467666286    
  0.2424488276957167    
  0.2438945063749049    
  0.2453651874830435    
  0.2468609889900264    
  0.2483820429563866    
  0.2499284947023152    
  0.2515005018488646    
  0.2530982350655404    
  0.2547218795966081    
  0.2563716353369218    
  0.2580477156489355    
  0.2597503472460683    
  0.2614797717075839    
  0.2632362464913878    
  0.2650200442225496    
  0.2668314519775626    
  0.2686707722716595    
  0.2705383245858107    
  0.2724344454508394    
  0.2743594876396472    
  0.2763138205207984    
  0.2782978316299251    
  0.2803119275336108    
  0.2823565333942865    
  0.2844320928672232    
  0.2865390693301546    
  0.2886779472308458    
  0.2908492323209770    
  0.2930534515388517    
  0.2952911538313640    
  0.2975629115748071    
  0.2998693213942769    
  0.3022110043930901    
  0.3045886068182659    
  0.3070028013776983    
  0.3094542883992901    
  0.3119437964994011    
  0.3144720833682559    
  0.3170399370452295    
  0.3196481772465076    
  0.3222976563914716    
  0.3249892606563685    
  0.3277239113828372    
  0.3305025665845253    
  0.3333262222447156    
  0.3361959136155487    
  0.3391127168279447    
  0.3420777506550953    
  0.3450921781168649    
  0.3481572080207064    
  0.3512740967477413    
  0.3544441502572325    
  0.3576687260223325    
  0.3609492348544008    
  0.3642871428523386    
  0.3676839735589269    
  0.3711413101298425    
  0.3746607973858227    
  0.3782441438597777    
  0.3818931239515208    
  0.3856095801059861    
  0.3893954248731805    
  0.3932526428281071    
  0.3971832923864360    
  0.4011895074763656    
  0.4052734989703347    
  0.4094375558026112    
  0.4136840457042344    
  0.4180154154373398    
  0.4224341903756682    
  0.4269429732789587    
  0.4315444420905660    
  0.4362413465354470    
  0.4410365032448721    
  0.4459327890779068    
  0.4509331322182716    
  0.4560405005341305    
  0.4612578866415897    
  0.4665882890437624    
  0.4720346885270291    
  0.4776000187371610    
  0.4832871296783078    
  0.4890987427640237    
  0.4950373958074618    
  0.5011053758942867    
  0.5073046376135227    
  0.5136367037642936    
  0.5201025452641341    
  0.5267024363618188    
  0.5334357804863223    
  0.5403009013686157    
  0.5472947934625906    
  0.5544128250007934    
  0.5616483862825115    
  0.5689924752941238    
  0.5764332127329547    
  0.5839552790320600    
  0.5915392673197032    
  0.5991609489735015    
  0.6067904532106196    
  0.6143913695975960    
  0.6219197932203793    
  0.6293233475162546    
  0.6365402402759632    
  0.6434984342811847    
  0.6501150447300981    
  0.6562961089295567    
  0.6619369053162928    
  0.6669230211499967    
  0.6711323703368697    
  0.6744383316440981    
  0.6767141000780614    
  0.6778382121290732    
  0.6777010217768928    
  0.6762116889824578    
  0.6733050364185772    
  0.6689474891936856    
  0.6631412928812330    
  0.6559263433356488    
  0.6473792530102862    
  0.6376096699991105    
  0.6267542688160451    
  0.6149691498828651    
  0.6024215479547638    
  0.5892817367858585    
  0.5757158565772124    
  0.5618801430522438    
  0.5479167705976846    
  0.5339512913350601    
  0.5200914878089355    
  0.5064273659659206    
  0.4930319870524034    
  0.4799628537780468    
  0.4672636087775288    
  0.4549658566212252    
  0.4430909734592380    
  0.4316518144456551    
  0.4206542659567309    
  0.4100986173661271    
  0.3999807466804175    
  0.3902931268205733    
  0.3810256664484116    
  0.3721664029223971    
  0.3637020664710208    
  0.3556185343982565    
  0.3479011925577863    
  0.3405352193750475    
  0.3335058059684075    
  0.3267983242511948    
  0.3203984530134512    
  0.3142922701315826    
  0.3084663176004155    
  0.3029076450000968    
  0.2976038360976869    
  0.2925430224520247    
  0.2877138870571797    
  0.2831056602304697    
  0.2787081094620824    
  0.2745115249765159    
  0.2705067026904428    
  0.2666849254485474    
  0.2630379425706163    
  0.2595579480667081    
  0.2562375588487135    
  0.2530697939840095    
  0.2500480544255706    
  0.2471661021330107    
  0.2444180391392308    
  0.2417982883811347    
  0.2393015766687376    
  0.2369229179983638    
  0.2346575960082194    
  0.2325011469919026    
  0.2304493454250384    
  0.2284981914515688    
  0.2266438980536437    
  0.2248828773212765    
  0.2232117276923501    
  0.2216272235724180    
  0.2201263062601560    
  0.2187060743445222    
  0.2173637735482291    
  0.2160967875105154    
  0.2149026302537274    
  0.2137789394833824    
  0.2127234696302240    
  0.2117340846331165    
  0.2108087512742703    
  0.2099455335663822    
  0.2091425878587122    
  0.2083981579636728    
  0.2077105700338941    
  0.2070782276164877    
  0.2064996074617323    
  0.2059732560680712    
  0.2054977863364633    
  0.2050718738762998    
  0.2046942532457514    
  0.2043637147711922    
  0.2040791021302928    
  0.2038393101890318    
  0.2036432824795061    
  0.2034900083008255    
  0.2033785200550958    
  0.2033078913779874    
  0.2032772358862337    
  0.2032857057554055    
  0.2033324896361325    
  0.2034168103359344    
  0.2035379231126281    
  0.2036951148024563    
  0.2038877031341066    
  0.2041150355264230    
  0.2043764873986939    
  0.2046714606030875    
  0.2049993824477186    
  0.2053597052102397    
  0.2057519056382711    
  0.2061754840220849    
  0.2066299629304064    
  0.2071148861453677    
  0.2076298181743952    
  0.2081743440587059    
  0.2087480688727570    
  0.2093506167953618    
  0.2099816302668734    
  0.2106407696265516    
  0.2113277129623387    
  0.2120421556881013    
  0.2127838098491415    
  0.2135524035757793    
  0.2143476808928970    
  0.2151694016303912    
  0.2160173410930410    
  0.2168912894863704    
  0.2177910514287960    
  0.2187164458358473    
  0.2196673060457832    
  0.2206434797210133    
  0.2216448283127950    
  0.2226712265088582    
  0.2237225621939215    
  0.2247987367513070    
  0.2258996650308681    
  0.2270252748505406    
  0.2281755066594021    
  0.2293503137013267    
  0.2305496621694988    
  0.2317735309349127    
  0.2330219113039845    
  0.2342948072656529    
  0.2355922357206434    
  0.2369142260839963    
  0.2382608198378829    
  0.2396320709655900    
  0.2410280467666286    
  0.2424488276957167    
  0.2438945063749049    
  0.2453651874830435    
  0.2468609889900264    
  0.2483820429563866    
  0.2499284947023152    
  0.2515005018488646    
  0.2530982350655404    
  0.2547218795966081    
  0.2563716353369218    
  0.2580477156489355    
  0.2597503472460683    
  0.2614797717075839    
  0.2632362464913878    
  0.2650200442225496    
  0.2668314519775626    
  0.2686707722716595    
  0.2705383245858107    
  0.2724344454508394    
  0.2743594876396472    
  0.2763138205207984    
  0.2782978316299251    
  0.2803119275336108    
  0.2823565333942865    
  0.2844320928672232    
  0.2865390693301546    
  0.2886779472308458    
  0.2908492323209770    
  0.2930534515388517    
  0.2952911538313640    
  0.2975629115748071    
  0.2998693213942769    
  0.3022110043930901    
  0.3045886068182659    
