  0.3515734285341980    
  0.3502936408050346    
  0.3489999594541727    
  0.3476925786134142    
  0.3463716924593801    
  0.3450374951290879    
  0.3436901806466351    
  0.3423299428525217    
  0.3409569753290840    
  0.3395714713195479    
  0.3381736236417994    
  0.3367636246027090    
  0.3353416659213919    
  0.3339079386642705    
  0.3324626331858251    
  0.3310059390669581    
  0.3295380450487386    
  0.3280591389635532    
  0.3265694076656354    
  0.3250690369637923    
  0.3235582115614368    
  0.3220371150060752    
  0.3205059296433794    
  0.3189648365692717    
  0.3174140155789664    
  0.3158536451155316    
  0.3142839022187027    
  0.3127049624741770    
  0.3111169999671963    
  0.3095201872441313    
  0.3079146952797789    
  0.3063006934448020    
  0.3046783494719483    
  0.3030478294231190    
  0.3014092976568943    
  0.2997629167943479    
  0.2981088476853486    
  0.2964472493803350    
  0.2947782791081094    
  0.2931020922555723    
  0.2914188423479744    
  0.2897286810319442    
  0.2880317580608827    
  0.2863282212786071    
  0.2846182166005163    
  0.2829018879966037    
  0.2811793774786353    
  0.2794508250887552    
  0.2777163688881434    
  0.2759761449489238    
  0.2742302873510167    
  0.2724789281800932    
  0.2707221975234896    
  0.2689602234664021    
  0.2671931320910681    
  0.2654210474765396    
  0.2636440916962144    
  0.2618623848155925    
  0.2600760448941124    
  0.2582851879896568    
  0.2564899281621635    
  0.2546903774772620    
  0.2528866460135069    
  0.2510788418723373    
  0.2492670711866242    
  0.2474514381274412    
  0.2456320449127873    
  0.2438089918188748    
  0.2419823771904741    
  0.2401522974490775    
  0.2383188471024427    
  0.2364821187575570    
  0.2346422031341504    
  0.2327991890762899    
  0.2309531635645147    
  0.2291042117313280    
  0.2272524168781147    
  0.2253978604900180    
  0.2235406222497778    
  0.2216807800539373    
  0.2198184100310536    
  0.2179535865582478    
  0.2160863822756003    
  0.2142168681018661    
  0.2123451132529492    
  0.2104711852599892    
  0.2085951499849321    
  0.2067170716362883    
  0.2048370127879747    
  0.2029550343992323    
  0.2010711958321718    
  0.1991855548680306    
  0.1972981677259353    
  0.1954090890838927    
  0.1935183720980398    
  0.1916260684192728    
  0.1897322282110454    
  0.1878369001700917    
  0.1859401315466971    
  0.1840419681617320    
  0.1821424544232486    
  0.1802416333460619    
  0.1783395465724849    
  0.1764362343902799    
  0.1745317357486846    
  0.1726260882766134    
  0.1707193283033603    
  0.1688114908778102    
  0.1669026097848416    
  0.1649927175623622    
  0.1630818455212619    
  0.1611700237655846    
  0.1592572812100057    
  0.1573436455962156    
  0.1554291435115002    
  0.1535138004089676    
  0.1515976406262722    
  0.1496806874021725    
  0.1477629628936552    
  0.1458444881952203    
  0.1439252833584554    
  0.1420053674096031    
  0.1400847583659426    
  0.1381634732535453    
  0.1362415281268517    
  0.1343189380876284    
  0.1323957173017503    
  0.1304718790156043    
  0.1285474355746750    
  0.1266223984434278    
  0.1246967782234178    
  0.1227705846691607    
  0.1208438267050940    
  0.1189165124452269    
  0.1169886492125782    
  0.1150602435555632    
  0.1131313012634481    
  0.1112018273844662    
  0.1092718262456323    
  0.1073413014701756    
  0.1054102559923169    
  0.1034786920732609    
  0.1015466113199186    
  0.9961401470301207E-01
  0.9768090257215212E-01
  0.9574727467018351E-01
  0.9381313014978621E-01
  0.9187846759110596E-01
  0.8994328501752413E-01
  0.8800757990959052E-01
  0.8607134921959542E-01
  0.8413458938758644E-01
  0.8219729635730655E-01
  0.8025946559079311E-01
  0.7832109208215843E-01
  0.7638217037171313E-01
  0.7444269456104080E-01
  0.7250265832842184E-01
  0.7056205494334838E-01
  0.6862087727972788E-01
  0.6667911782944502E-01
  0.6473676871779421E-01
  0.6279382171948855E-01
  0.6085026827260437E-01
  0.5890609949110570E-01
  0.5696130617928263E-01
  0.5501587884872206E-01
  0.5306980773421005E-01
  0.5112308280671574E-01
  0.4917569378665854E-01
  0.4722763016056764E-01
  0.4527888119878704E-01
  0.4332943597041039E-01
  0.4137928335646990E-01
  0.3942841206545844E-01
  0.3747681065146624E-01
  0.3552446753133770E-01
  0.3357137099938434E-01
  0.3161750924234363E-01
  0.2966287035659931E-01
  0.2770744236628042E-01
  0.2575121324017626E-01
  0.2379417090771274E-01
  0.2183630327534308E-01
  0.1987759824390656E-01
  0.1791804372664108E-01
  0.1595762766718550E-01
  0.1399633805665923E-01
  0.1203416294998028E-01
  0.1007109048309779E-01
  0.8107108892096926E-02
  0.6142206532216754E-02
  0.4176371894618169E-02
  0.2209593622271466E-02
  0.2418605281895303E-03
 -0.1726838384375151E-02
 -0.3696513903271192E-02
 -0.5667176591387602E-02
 -0.7638836769980228E-02
 -0.9611504499257295E-02
 -0.1158518955840937E-01
 -0.1355990142779101E-01
 -0.1553564927225981E-01
 -0.1751244192319268E-01
 -0.1949028785906770E-01
 -0.2146919518634555E-01
 -0.2344917162121374E-01
 -0.2543022447152166E-01
 -0.2741236061847441E-01
 -0.2939558649796936E-01
 -0.3137990808122670E-01
 -0.3336533085520554E-01
 -0.3535185980400768E-01
 -0.3733949939115844E-01
 -0.3932825354079106E-01
 -0.4131812561710485E-01
 -0.4330911840422424E-01
 -0.4530123408808778E-01
 -0.4729447423854061E-01
 -0.4928883978931292E-01
 -0.5128433101683294E-01
 -0.5328094752051826E-01
 -0.5527868820446447E-01
 -0.5727755125820022E-01
 -0.5927753413578279E-01
 -0.6127863353497109E-01
 -0.6328084537748535E-01
 -0.6528416478955518E-01
 -0.6728858608181709E-01
 -0.6929410272879138E-01
 -0.7130070734830168E-01
 -0.7330839168105374E-01
 -0.7531714657069749E-01
 -0.7732696194427313E-01
 -0.7933782679194912E-01
 -0.8134972914577476E-01
 -0.8336265605892890E-01
 -0.8537659358647737E-01
 -0.8739152676595913E-01
 -0.8940743959610153E-01
 -0.9142431501516501E-01
 -0.9344213488141873E-01
 -0.9546087995472124E-01
 -0.9748052987635636E-01
 -0.9950106314749418E-01
 -0.1015224571094708    
 -0.1035446879261322    
 -0.1055677305650202    
 -0.1075915587763825    
 -0.1096161450730344    
 -0.1116414607125749    
 -0.1136674756793433    
 -0.1156941586642411    
 -0.1177214770448622    
 -0.1197493968682257    
 -0.1217778828342677    
 -0.1238068982776375    
 -0.1258364051492516    
 -0.1278663639998583    
 -0.1298967339644459    
 -0.1319274727449483    
 -0.1339585365922267    
 -0.1359898802898873    
 -0.1380214571395735    
 -0.1400532189455497    
 -0.1420851159990284    
 -0.1441170970642560    
 -0.1461491093658207    
 -0.1481810985747401    
 -0.1502130087934463    
 -0.1522447825419246    
 -0.1542763607454012    
 -0.1563076827220162    
 -0.1583386861707585    
 -0.1603693071613312    
 -0.1623994801253799    
 -0.1644291378464933    
 -0.1664582114488078    
 -0.1684866303866110    
 -0.1705143224359588    
 -0.1725412136870758    
 -0.1745672285373909    
 -0.1765922896860878    
 -0.1786163181289827    
 -0.1806392331512839    
 -0.1826609523192513    
 -0.1846813914746570    
 -0.1867004647331668    
 -0.1887180844834642    
 -0.1907341613847309    
 -0.1927486043632380    
 -0.1947613206093808    
 -0.1967722155757916    
 -0.1987811929783038    
 -0.2007881548003401    
 -0.2027930012966184    
 -0.2047956309918535    
 -0.2067959406782829    
 -0.2087938254200528    
 -0.2107891785637080    
 -0.2127818917447633    
 -0.2147718548870044    
 -0.2167589562040373    
 -0.2187430822103800    
 -0.2207241177350476    
 -0.2227019459281734    
 -0.2246764482644033    
 -0.2266475045531312    
 -0.2286149929547208    
 -0.2305787899932492    
 -0.2325387705641226    
 -0.2344948079446052    
 -0.2364467738103029    
 -0.2383945382512042    
 -0.2403379697835366    
 -0.2422769353626268    
 -0.2442113004008464    
 -0.2461409287868912    
 -0.2480656829024017    
 -0.2499854236387618    
 -0.2519000104176186    
 -0.2538093012128140    
 -0.2557131525701149    
 -0.2576114196264095    
 -0.2595039561314236    
 -0.2613906144707985    
 -0.2632712456878801    
 -0.2651456995054957    
 -0.2670138243504159    
 -0.2688754673797435    
 -0.2707304745067902    
 -0.2725786904269709    
 -0.2744199586455167    
 -0.2762541215061460    
 -0.2780810202185167    
 -0.2799004948850135    
 -0.2817123845288588    
 -0.2835165271234732    
 -0.2853127596217439    
 -0.2871009179859374    
 -0.2888808372198552    
 -0.2906523514026471    
 -0.2924152937223081    
 -0.2941694965086936    
 -0.2959147912670241    
 -0.2976510087114930    
 -0.2993779787979098    
 -0.3010955307563222    
 -0.3028034931255434    
 -0.3045016937898035    
 -0.3061899600163165    
 -0.3078681184935532    
 -0.3095359953704913    
 -0.3111934162957378    
 -0.3128402064549144    
 -0.3144761906068327    
 -0.3161011931203805    
 -0.3177150380130814    
 -0.3193175489911864    
 -0.3209085494916804    
 -0.3224878627263497    
 -0.3240553117262330    
 -0.3256107193840977    
 -0.3271539084947153    
 -0.3286847017946106    
 -0.3302029220028442    
 -0.3317083918637063    
 -0.3332009341923743    
 -0.3346803719235676    
 -0.3361465281608318    
 -0.3375992262232714    
 -0.3390382896890471    
 -0.3404635424376570    
 -0.3418748086935954    
 -0.3432719130732278    
 -0.3446546806358171    
 -0.3460229369374681    
 -0.3473765080841587    
 -0.3487152207802695    
 -0.3500389023731370    
 -0.3513473808978891    
 -0.3526404851267180    
 -0.3539180446237093    
 -0.3551798898030892    
 -0.3564258519864196    
 -0.3576557634545070    
 -0.3588694574938900    
 -0.3600667684435488    
 -0.3612475317484183    
 -0.3624115840206945    
 -0.3635587631030910    
 -0.3646889081269069    
 -0.3658018595626500    
 -0.3668974592677166    
 -0.3679755505390223    
 -0.3690359781752743    
 -0.3700785885449611    
 -0.3711032296498999    
 -0.3721097511780944    
 -0.3730980045512546    
 -0.3740678429790099    
 -0.3750191215254382    
 -0.3759516971806189    
 -0.3768654289246249    
 -0.3777601777794124    
 -0.3786358068573950    
 -0.3794921814199853    
 -0.3803291689493429    
 -0.3811466392214636    
 -0.3819444643660768    
 -0.3827225189138045    
 -0.3834806798472457    
 -0.3842188266689947    
 -0.3849368414786750    
 -0.3856346090388696    
 -0.3863120168231293    
 -0.3869689550620654    
 -0.3876053168063083    
 -0.3882209980033249    
 -0.3888158975663778    
 -0.3893899174229407    
 -0.3899429625562317    
 -0.3904749410628086    
 -0.3909857642277367    
 -0.3914753465937382    
 -0.3919436060067623    
 -0.3923904636516518    
 -0.3928158441054186    
 -0.3932196754105550    
 -0.3936018891404638    
 -0.3939624204376728    
 -0.3943012080429291    
 -0.3946181943456384    
 -0.3949133254538812    
 -0.3951865512513086    
 -0.3954378254246509    
 -0.3956671054864209    
 -0.3958743528226836    
 -0.3960595327568173    
 -0.3962226145938130    
 -0.3963635716351500    
 -0.3964823811949452    
 -0.3965790246438723    
 -0.3966534874636114    
 -0.3967057592753620    
 -0.3967358338405199    
 -0.3967437090698459    
 -0.3967293870622263    
 -0.3966928741466904    
 -0.3966341808920593    
 -0.3965533220925793    
 -0.3964503167703624    
 -0.3963251882071479    
 -0.3961779639700771    
 -0.3960086759004900    
 -0.3958173600854495    
 -0.3956040568533674    
 -0.3953688107953392    
 -0.3951116707716651    
 -0.3948326898806085    
 -0.3945319254172612    
 -0.3942094388600647    
 -0.3938652958781124    
 -0.3934995663186316    
 -0.3931123241584287    
 -0.3927036474496543    
 -0.3922736182935656    
 -0.3918223228326326    
 -0.3913498512220195    
 -0.3908562975659433    
 -0.3903417598485139    
 -0.3898063398922336    
 -0.3892501433358218    
 -0.3886732795930005    
 -0.3880758617758990    
 -0.3874580066106463    
 -0.3868198343792453    
 -0.3861614688830609    
 -0.3854830373918985    
 -0.3847846705592668    
 -0.3840665023250614    
 -0.3833286698385896    
 -0.3825713134054757    
 -0.3817945764305057    
 -0.3809986053323839    
 -0.3801835494379338    
 -0.3793495608846063    
 -0.3784967945478238    
 -0.3776254079789827    
 -0.3767355613259440    
 -0.3758274172265396    
 -0.3749011406952472    
 -0.3739568990292192    
 -0.3729948617356977    
 -0.3720152004579323    
 -0.3710180888791070    
 -0.3700037026079092    
 -0.3689722190667768    
 -0.3679238173985608    
 -0.3668586783881667    
 -0.3657769843818657    
 -0.3646789191893574    
 -0.3635646679699718    
 -0.3624344171199776    
 -0.3612883541771856    
 -0.3601266677416968    
 -0.3589495473961964    
 -0.3577571836117006    
 -0.3565497676402321    
 -0.3553274914069524    
 -0.3540905474130509    
 -0.3528391286521679    
 -0.3515734285341980    
 -0.3502936408050346    
 -0.3489999594541727    
 -0.3476925786134142    
 -0.3463716924593801    
 -0.3450374951290879    
 -0.3436901806466351    
 -0.3423299428525217    
 -0.3409569753290840    
 -0.3395714713195479    
 -0.3381736236417994    
 -0.3367636246027090    
 -0.3353416659213919    
 -0.3339079386642705    
 -0.3324626331858251    
 -0.3310059390669581    
 -0.3295380450487386    
 -0.3280591389635532    
 -0.3265694076656354    
 -0.3250690369637923    
 -0.3235582115614368    
 -0.3220371150060752    
 -0.3205059296433794    
 -0.3189648365692717    
 -0.3174140155789664    
 -0.3158536451155316    
 -0.3142839022187027    
 -0.3127049624741770    
 -0.3111169999671963    
 -0.3095201872441313    
 -0.3079146952797789    
 -0.3063006934448020    
 -0.3046783494719483    
 -0.3030478294231190    
 -0.3014092976568943    
 -0.2997629167943479    
 -0.2981088476853486    
 -0.2964472493803350    
 -0.2947782791081094    
 -0.2931020922555723    
 -0.2914188423479744    
 -0.2897286810319442    
 -0.2880317580608827    
 -0.2863282212786071    
 -0.2846182166005163    
 -0.2829018879966037    
 -0.2811793774786353    
 -0.2794508250887552    
 -0.2777163688881434    
 -0.2759761449489238    
 -0.2742302873510167    
 -0.2724789281800932    
 -0.2707221975234896    
 -0.2689602234664021    
 -0.2671931320910681    
 -0.2654210474765396    
 -0.2636440916962144    
 -0.2618623848155925    
 -0.2600760448941124    
 -0.2582851879896568    
 -0.2564899281621635    
 -0.2546903774772620    
 -0.2528866460135069    
 -0.2510788418723373    
 -0.2492670711866242    
 -0.2474514381274412    
 -0.2456320449127873    
 -0.2438089918188748    
 -0.2419823771904741    
 -0.2401522974490775    
 -0.2383188471024427    
 -0.2364821187575570    
 -0.2346422031341504    
 -0.2327991890762899    
 -0.2309531635645147    
 -0.2291042117313280    
 -0.2272524168781147    
 -0.2253978604900180    
 -0.2235406222497778    
 -0.2216807800539373    
 -0.2198184100310536    
 -0.2179535865582478    
 -0.2160863822756003    
 -0.2142168681018661    
 -0.2123451132529492    
 -0.2104711852599892    
 -0.2085951499849321    
 -0.2067170716362883    
 -0.2048370127879747    
 -0.2029550343992323    
 -0.2010711958321718    
 -0.1991855548680306    
 -0.1972981677259353    
 -0.1954090890838927    
 -0.1935183720980398    
 -0.1916260684192728    
 -0.1897322282110454    
 -0.1878369001700917    
 -0.1859401315466971    
 -0.1840419681617320    
 -0.1821424544232486    
 -0.1802416333460619    
 -0.1783395465724849    
 -0.1764362343902799    
 -0.1745317357486846    
 -0.1726260882766134    
 -0.1707193283033603    
 -0.1688114908778102    
 -0.1669026097848416    
 -0.1649927175623622    
 -0.1630818455212619    
 -0.1611700237655846    
 -0.1592572812100057    
 -0.1573436455962156    
 -0.1554291435115002    
 -0.1535138004089676    
 -0.1515976406262722    
 -0.1496806874021725    
 -0.1477629628936552    
 -0.1458444881952203    
 -0.1439252833584554    
 -0.1420053674096031    
 -0.1400847583659426    
 -0.1381634732535453    
 -0.1362415281268517    
 -0.1343189380876284    
 -0.1323957173017503    
 -0.1304718790156043    
 -0.1285474355746750    
 -0.1266223984434278    
 -0.1246967782234178    
 -0.1227705846691607    
 -0.1208438267050940    
 -0.1189165124452269    
 -0.1169886492125782    
 -0.1150602435555632    
 -0.1131313012634481    
 -0.1112018273844662    
 -0.1092718262456323    
 -0.1073413014701756    
 -0.1054102559923169    
 -0.1034786920732609    
 -0.1015466113199186    
 -0.9961401470301207E-01
 -0.9768090257215212E-01
 -0.9574727467018351E-01
 -0.9381313014978621E-01
 -0.9187846759110596E-01
 -0.8994328501752413E-01
 -0.8800757990959052E-01
 -0.8607134921959542E-01
 -0.8413458938758644E-01
 -0.8219729635730655E-01
 -0.8025946559079311E-01
 -0.7832109208215843E-01
 -0.7638217037171313E-01
 -0.7444269456104080E-01
 -0.7250265832842184E-01
 -0.7056205494334838E-01
 -0.6862087727972788E-01
 -0.6667911782944502E-01
 -0.6473676871779421E-01
 -0.6279382171948855E-01
 -0.6085026827260437E-01
 -0.5890609949110570E-01
 -0.5696130617928263E-01
 -0.5501587884872206E-01
 -0.5306980773421005E-01
 -0.5112308280671574E-01
 -0.4917569378665854E-01
 -0.4722763016056764E-01
 -0.4527888119878704E-01
 -0.4332943597041039E-01
 -0.4137928335646990E-01
 -0.3942841206545844E-01
 -0.3747681065146624E-01
 -0.3552446753133770E-01
 -0.3357137099938434E-01
 -0.3161750924234363E-01
 -0.2966287035659931E-01
 -0.2770744236628042E-01
 -0.2575121324017626E-01
 -0.2379417090771274E-01
 -0.2183630327534308E-01
 -0.1987759824390656E-01
 -0.1791804372664108E-01
 -0.1595762766718550E-01
 -0.1399633805665923E-01
 -0.1203416294998028E-01
 -0.1007109048309779E-01
 -0.8107108892096926E-02
 -0.6142206532216754E-02
 -0.4176371894618169E-02
 -0.2209593622271466E-02
 -0.2418605281895303E-03
  0.1726838384375151E-02
  0.3696513903271192E-02
  0.5667176591387602E-02
  0.7638836769980228E-02
  0.9611504499257295E-02
  0.1158518955840937E-01
  0.1355990142779101E-01
  0.1553564927225981E-01
  0.1751244192319268E-01
  0.1949028785906770E-01
  0.2146919518634555E-01
  0.2344917162121374E-01
  0.2543022447152166E-01
  0.2741236061847441E-01
  0.2939558649796936E-01
  0.3137990808122670E-01
  0.3336533085520554E-01
  0.3535185980400768E-01
  0.3733949939115844E-01
  0.3932825354079106E-01
  0.4131812561710485E-01
  0.4330911840422424E-01
  0.4530123408808778E-01
  0.4729447423854061E-01
  0.4928883978931292E-01
  0.5128433101683294E-01
  0.5328094752051826E-01
  0.5527868820446447E-01
  0.5727755125820022E-01
  0.5927753413578279E-01
  0.6127863353497109E-01
  0.6328084537748535E-01
  0.6528416478955518E-01
  0.6728858608181709E-01
  0.6929410272879138E-01
  0.7130070734830168E-01
  0.7330839168105374E-01
  0.7531714657069749E-01
  0.7732696194427313E-01
  0.7933782679194912E-01
  0.8134972914577476E-01
  0.8336265605892890E-01
  0.8537659358647737E-01
  0.8739152676595913E-01
  0.8940743959610153E-01
  0.9142431501516501E-01
  0.9344213488141873E-01
  0.9546087995472124E-01
  0.9748052987635636E-01
  0.9950106314749418E-01
  0.1015224571094708    
  0.1035446879261322    
  0.1055677305650202    
  0.1075915587763825    
  0.1096161450730344    
  0.1116414607125749    
  0.1136674756793433    
  0.1156941586642411    
  0.1177214770448622    
  0.1197493968682257    
  0.1217778828342677    
  0.1238068982776375    
  0.1258364051492516    
  0.1278663639998583    
  0.1298967339644459    
  0.1319274727449483    
  0.1339585365922267    
  0.1359898802898873    
  0.1380214571395735    
  0.1400532189455497    
  0.1420851159990284    
  0.1441170970642560    
  0.1461491093658207    
  0.1481810985747401    
  0.1502130087934463    
  0.1522447825419246    
  0.1542763607454012    
  0.1563076827220162    
  0.1583386861707585    
  0.1603693071613312    
  0.1623994801253799    
  0.1644291378464933    
  0.1664582114488078    
  0.1684866303866110    
  0.1705143224359588    
  0.1725412136870758    
  0.1745672285373909    
  0.1765922896860878    
  0.1786163181289827    
  0.1806392331512839    
  0.1826609523192513    
  0.1846813914746570    
  0.1867004647331668    
  0.1887180844834642    
  0.1907341613847309    
  0.1927486043632380    
  0.1947613206093808    
  0.1967722155757916    
  0.1987811929783038    
  0.2007881548003401    
  0.2027930012966184    
  0.2047956309918535    
  0.2067959406782829    
  0.2087938254200528    
  0.2107891785637080    
  0.2127818917447633    
  0.2147718548870044    
  0.2167589562040373    
  0.2187430822103800    
  0.2207241177350476    
  0.2227019459281734    
  0.2246764482644033    
  0.2266475045531312    
  0.2286149929547208    
  0.2305787899932492    
  0.2325387705641226    
  0.2344948079446052    
  0.2364467738103029    
  0.2383945382512042    
  0.2403379697835366    
  0.2422769353626268    
  0.2442113004008464    
  0.2461409287868912    
  0.2480656829024017    
  0.2499854236387618    
  0.2519000104176186    
  0.2538093012128140    
  0.2557131525701149    
  0.2576114196264095    
  0.2595039561314236    
  0.2613906144707985    
  0.2632712456878801    
  0.2651456995054957    
  0.2670138243504159    
  0.2688754673797435    
  0.2707304745067902    
  0.2725786904269709    
  0.2744199586455167    
  0.2762541215061460    
  0.2780810202185167    
  0.2799004948850135    
  0.2817123845288588    
  0.2835165271234732    
  0.2853127596217439    
  0.2871009179859374    
  0.2888808372198552    
  0.2906523514026471    
  0.2924152937223081    
  0.2941694965086936    
  0.2959147912670241    
  0.2976510087114930    
  0.2993779787979098    
  0.3010955307563222    
  0.3028034931255434    
  0.3045016937898035    
  0.3061899600163165    
  0.3078681184935532    
  0.3095359953704913    
  0.3111934162957378    
  0.3128402064549144    
  0.3144761906068327    
  0.3161011931203805    
  0.3177150380130814    
  0.3193175489911864    
  0.3209085494916804    
  0.3224878627263497    
  0.3240553117262330    
  0.3256107193840977    
  0.3271539084947153    
  0.3286847017946106    
  0.3302029220028442    
  0.3317083918637063    
  0.3332009341923743    
  0.3346803719235676    
  0.3361465281608318    
  0.3375992262232714    
  0.3390382896890471    
  0.3404635424376570    
  0.3418748086935954    
  0.3432719130732278    
  0.3446546806358171    
  0.3460229369374681    
  0.3473765080841587    
  0.3487152207802695    
  0.3500389023731370    
  0.3513473808978891    
  0.3526404851267180    
  0.3539180446237093    
  0.3551798898030892    
  0.3564258519864196    
  0.3576557634545070    
  0.3588694574938900    
  0.3600667684435488    
  0.3612475317484183    
  0.3624115840206945    
  0.3635587631030910    
  0.3646889081269069    
  0.3658018595626500    
  0.3668974592677166    
  0.3679755505390223    
  0.3690359781752743    
  0.3700785885449611    
  0.3711032296498999    
  0.3721097511780944    
  0.3730980045512546    
  0.3740678429790099    
  0.3750191215254382    
  0.3759516971806189    
  0.3768654289246249    
  0.3777601777794124    
  0.3786358068573950    
  0.3794921814199853    
  0.3803291689493429    
  0.3811466392214636    
  0.3819444643660768    
  0.3827225189138045    
  0.3834806798472457    
  0.3842188266689947    
  0.3849368414786750    
  0.3856346090388696    
  0.3863120168231293    
  0.3869689550620654    
  0.3876053168063083    
  0.3882209980033249    
  0.3888158975663778    
  0.3893899174229407    
  0.3899429625562317    
  0.3904749410628086    
  0.3909857642277367    
  0.3914753465937382    
  0.3919436060067623    
  0.3923904636516518    
  0.3928158441054186    
  0.3932196754105550    
  0.3936018891404638    
  0.3939624204376728    
  0.3943012080429291    
  0.3946181943456384    
  0.3949133254538812    
  0.3951865512513086    
  0.3954378254246509    
  0.3956671054864209    
  0.3958743528226836    
  0.3960595327568173    
  0.3962226145938130    
  0.3963635716351500    
  0.3964823811949452    
  0.3965790246438723    
  0.3966534874636114    
  0.3967057592753620    
  0.3967358338405199    
  0.3967437090698459    
  0.3967293870622263    
  0.3966928741466904    
  0.3966341808920593    
  0.3965533220925793    
  0.3964503167703624    
  0.3963251882071479    
  0.3961779639700771    
  0.3960086759004900    
  0.3958173600854495    
  0.3956040568533674    
  0.3953688107953392    
  0.3951116707716651    
  0.3948326898806085    
  0.3945319254172612    
  0.3942094388600647    
  0.3938652958781124    
  0.3934995663186316    
  0.3931123241584287    
  0.3927036474496543    
  0.3922736182935656    
  0.3918223228326326    
  0.3913498512220195    
  0.3908562975659433    
  0.3903417598485139    
  0.3898063398922336    
  0.3892501433358218    
  0.3886732795930005    
  0.3880758617758990    
  0.3874580066106463    
  0.3868198343792453    
  0.3861614688830609    
  0.3854830373918985    
  0.3847846705592668    
  0.3840665023250614    
  0.3833286698385896    
  0.3825713134054757    
  0.3817945764305057    
  0.3809986053323839    
  0.3801835494379338    
  0.3793495608846063    
  0.3784967945478238    
  0.3776254079789827    
  0.3767355613259440    
  0.3758274172265396    
  0.3749011406952472    
  0.3739568990292192    
  0.3729948617356977    
  0.3720152004579323    
  0.3710180888791070    
  0.3700037026079092    
  0.3689722190667768    
  0.3679238173985608    
  0.3668586783881667    
  0.3657769843818657    
  0.3646789191893574    
  0.3635646679699718    
  0.3624344171199776    
  0.3612883541771856    
  0.3601266677416968    
  0.3589495473961964    
  0.3577571836117006    
  0.3565497676402321    
  0.3553274914069524    
  0.3540905474130509    
  0.3528391286521679    
