  0.2694997005703749    
  0.2741007224809592    
  0.2788427097758504    
  0.2837309272250347    
  0.2887711693006730    
  0.2939696485662207    
  0.2993329793261039    
  0.3048683704136678    
  0.3105837033475959    
  0.3164874280515749    
  0.3225886116191024    
  0.3288971591481241    
  0.3354238604209310    
  0.3421802974373317    
  0.3491789696371876    
  0.3564335410268604    
  0.3639588391035330    
  0.3717707633891475    
  0.3798864768968682    
  0.3883246366359304    
  0.3971052624315390    
  0.4062495453208095    
  0.4157799622549720    
  0.4257202344628742    
  0.4360946613420807    
  0.4469272620727298    
  0.4582409771190908    
  0.4700560381242030    
  0.4823867783662608    
  0.4952372251834938    
  0.5085951437353631    
  0.5224225139571789    
  0.5366407903866821    
  0.5511106160273197    
  0.5656046540145222    
  0.5797713131547236    
  0.5930916279171461    
  0.6048402125182353    
  0.6140704742238894    
  0.6196561078715848    
  0.6204289944494402    
  0.6154291191821312    
  0.6042067862302649    
  0.5870375561214422    
  0.5649157403576448    
  0.5393106685818219    
  0.5118105606213621    
  0.4838209916477878    
  0.4564096287411168    
  0.4302855342627636    
  0.4058535654910829    
  0.3832934371593528    
  0.3626355995693316    
  0.3438205583239318    
  0.3267389509197168    
  0.3112575733093244    
  0.2972366931906254    
  0.2845401591129048    
  0.2730397167873320    
  0.2626169651619368    
  0.2531649027559266    
  0.2445881411097910    
  0.2368015418447754    
  0.2297290576792832    
  0.2233034762334881    
  0.2174657242772240    
  0.2121633329394738    
  0.2073494314910779    
  0.2029826401275542    
  0.1990265882803527    
  0.1954487581890053    
  0.1922198541333350    
  0.1893139287676419    
  0.1867081117744688    
  0.1843817439172682    
  0.1823160037818671    
  0.1804941694585484    
  0.1789014659757926    
  0.1775243835946394    
  0.1763504626331998    
  0.1753686194835256    
  0.1745690530789485    
  0.1739426806144405    
  0.1734810200562152    
  0.1731765407442768    
  0.1730225970551038    
  0.1730129436989415    
  0.1731416806895914    
  0.1734036063778532    
  0.1737941614615484    
  0.1743090027495033    
  0.1749439902684417    
  0.1756955299170746    
  0.1765605179374584    
  0.1775359607295767    
  0.1786189926857376    
  0.1798072016116242    
  0.1810985675445584    
  0.1824911203128318    
  0.1839829813049386    
  0.1855726688112920    
  0.1872590283922971    
  0.1890409226353202    
  0.1909172919262323    
  0.1928874384506346    
  0.1949509479022503    
  0.1971074088951193    
  0.1993564892105103    
  0.2016981970969436    
  0.2041327949278145    
  0.2066605481818209    
  0.2092818155221992    
  0.2119972860338957    
  0.2148078852155207    
  0.2177145545532709    
  0.2207183552586249    
  0.2238206805804657    
  0.2270231546064947    
  0.2303274440444898    
  0.2337353761071727    
  0.2372491253343142    
  0.2408711062217972    
  0.2446038197763654    
  0.2484499865062846    
  0.2524127071546556    
  0.2564953508627389    
  0.2607014405068289    
  0.2650348024607981    
  0.2694997005703749    
  0.2741007224809592    
  0.2788427097758504    
  0.2837309272250347    
  0.2887711693006730    
  0.2939696485662207    
  0.2993329793261039    
  0.3048683704136678    
  0.3105837033475959    
  0.3164874280515749    
  0.3225886116191024    
  0.3288971591481241    
  0.3354238604209310    
  0.3421802974373317    
  0.3491789696371876    
  0.3564335410268604    
  0.3639588391035330    
  0.3717707633891475    
  0.3798864768968682    
  0.3883246366359304    
  0.3971052624315390    
  0.4062495453208095    
  0.4157799622549720    
  0.4257202344628742    
  0.4360946613420807    
  0.4469272620727298    
  0.4582409771190908    
  0.4700560381242030    
  0.4823867783662608    
  0.4952372251834938    
  0.5085951437353631    
  0.5224225139571789    
  0.5366407903866821    
  0.5511106160273197    
  0.5656046540145222    
  0.5797713131547236    
  0.5930916279171461    
  0.6048402125182353    
  0.6140704742238894    
  0.6196561078715848    
  0.6204289944494402    
  0.6154291191821312    
  0.6042067862302649    
  0.5870375561214422    
  0.5649157403576448    
  0.5393106685818219    
  0.5118105606213621    
  0.4838209916477878    
  0.4564096287411168    
  0.4302855342627636    
  0.4058535654910829    
  0.3832934371593528    
  0.3626355995693316    
  0.3438205583239318    
  0.3267389509197168    
  0.3112575733093244    
  0.2972366931906254    
  0.2845401591129048    
  0.2730397167873320    
  0.2626169651619368    
  0.2531649027559266    
  0.2445881411097910    
  0.2368015418447754    
  0.2297290576792832    
  0.2233034762334881    
  0.2174657242772240    
  0.2121633329394738    
  0.2073494314910779    
  0.2029826401275542    
  0.1990265882803527    
  0.1954487581890053    
  0.1922198541333350    
  0.1893139287676419    
  0.1867081117744688    
  0.1843817439172682    
  0.1823160037818671    
  0.1804941694585484    
  0.1789014659757926    
  0.1775243835946394    
  0.1763504626331998    
  0.1753686194835256    
  0.1745690530789485    
  0.1739426806144405    
  0.1734810200562152    
  0.1731765407442768    
  0.1730225970551038    
  0.1730129436989415    
  0.1731416806895914    
  0.1734036063778532    
  0.1737941614615484    
  0.1743090027495033    
  0.1749439902684417    
  0.1756955299170746    
  0.1765605179374584    
  0.1775359607295767    
  0.1786189926857376    
  0.1798072016116242    
  0.1810985675445584    
  0.1824911203128318    
  0.1839829813049386    
  0.1855726688112920    
  0.1872590283922971    
  0.1890409226353202    
  0.1909172919262323    
  0.1928874384506346    
  0.1949509479022503    
  0.1971074088951193    
  0.1993564892105103    
  0.2016981970969436    
  0.2041327949278145    
  0.2066605481818209    
  0.2092818155221992    
  0.2119972860338957    
  0.2148078852155207    
  0.2177145545532709    
  0.2207183552586249    
  0.2238206805804657    
  0.2270231546064947    
  0.2303274440444898    
  0.2337353761071727    
  0.2372491253343142    
  0.2408711062217972    
  0.2446038197763654    
  0.2484499865062846    
  0.2524127071546556    
  0.2564953508627389    
  0.2607014405068289    
  0.2650348024607981    
