   3.183660635085886    
   3.215264380564827    
   3.248729605048300    
   3.283303560468020    
   3.319336349964709    
   3.357686245297471    
   3.398128534263979    
   3.439898675726785    
   3.483274970618731    
   3.529070654503086    
   3.577025715278902    
   3.626256368187223    
   3.676873747836396    
   3.729556067296431    
   3.783854144452206    
   3.838526875387404    
   3.893237373484821    
   3.948197603055888    
   4.002300225268685    
   4.053283270605086    
   4.099515918330995    
   4.139665532322452    
   4.170477494476717    
   4.186600135515741    
   4.182366860143756    
   4.151267353336459    
   4.082894327879564    
   3.961878038059851    
   3.769159332918059    
   3.480477664515218    
   3.061195995930546    
   2.463009060695980    
   1.623862941107796    
  0.4652509855496079    
  -1.113487483099660    
  -3.233422857549885    
  -6.018718219973678    
  -9.564010143626948    
  -13.88102171778928    
  -18.81503380092354    
  -23.95895582106417    
  -28.65191997687456    
  -32.14034848150163    
  -33.85992033851593    
  -33.66800594147592    
  -31.86729824182245    
  -29.02069193508353    
  -25.70642450039024    
  -22.36224626364680    
  -19.25293087328653    
  -16.50504243792813    
  -14.15251551756999    
  -12.17555286566547    
  -10.53161771010466    
  -9.173806980618485    
  -8.056420838257161    
  -7.136713062019256    
  -6.378361259399501    
  -5.752873240785751    
  -5.236674494497367    
  -4.808914807299342    
  -4.452914540327703    
  -4.156823994518671    
  -3.910783968266206    
  -3.705036766253524    
  -3.531872484381930    
  -3.386906316257738    
  -3.266406731338349    
  -3.165191160619771    
  -3.078925905680584    
  -3.006349101459064    
  -2.946794561261506    
  -2.897230085667267    
  -2.854307462663725    
  -2.817737436666596    
  -2.788600017154420    
  -2.765420371187723    
  -2.745135688069824    
  -2.727247227665852    
  -2.713567240337428    
  -2.703969772332329    
  -2.695843789645972    
  -2.688154348776427    
  -2.682653532431469    
  -2.680130962923618    
  -2.678631689175006    
  -2.676752138883586    
  -2.675818545381587    
  -2.677089355211447    
  -2.679329505353522    
  -2.681076031468796    
  -2.683106551527018    
  -2.686626564855253    
  -2.690927010536404    
  -2.694918046127875    
  -2.699261351195112    
  -2.704857826739835    
  -2.710820758061624    
  -2.716160061678815    
  -2.721961215589227    
  -2.729512648381064    
  -2.737675703934946    
  -2.744734521640166    
  -2.751644240712682    
  -2.760545338560840    
  -2.770949704227989    
  -2.780540740931803    
  -2.789299551793840    
  -2.799557928399968    
  -2.811899522943555    
  -2.824277966849471    
  -2.835785179603644    
  -2.848189149986168    
  -2.862682925392940    
  -2.877926195625651    
  -2.892721732416291    
  -2.908173688642154    
  -2.925545811999010    
  -2.944067209532729    
  -2.962629871655016    
  -2.981920083303120    
  -3.003062977218699    
  -3.025599530232984    
  -3.048591920403850    
  -3.072528518420067    
  -3.098395608929672    
  -3.125878824632014    
  -3.154166298026305    
  -3.183660635085886    
  -3.215264380564827    
  -3.248729605048300    
  -3.283303560468020    
  -3.319336349964709    
  -3.357686245297471    
  -3.398128534263979    
  -3.439898675726785    
  -3.483274970618731    
  -3.529070654503086    
  -3.577025715278902    
  -3.626256368187223    
  -3.676873747836396    
  -3.729556067296431    
  -3.783854144452206    
  -3.838526875387404    
  -3.893237373484821    
  -3.948197603055888    
  -4.002300225268685    
  -4.053283270605086    
  -4.099515918330995    
  -4.139665532322452    
  -4.170477494476717    
  -4.186600135515741    
  -4.182366860143756    
  -4.151267353336459    
  -4.082894327879564    
  -3.961878038059851    
  -3.769159332918059    
  -3.480477664515218    
  -3.061195995930546    
  -2.463009060695980    
  -1.623862941107796    
 -0.4652509855496079    
   1.113487483099660    
   3.233422857549885    
   6.018718219973678    
   9.564010143626948    
   13.88102171778928    
   18.81503380092354    
   23.95895582106417    
   28.65191997687456    
   32.14034848150163    
   33.85992033851593    
   33.66800594147592    
   31.86729824182245    
   29.02069193508353    
   25.70642450039024    
   22.36224626364680    
   19.25293087328653    
   16.50504243792813    
   14.15251551756999    
   12.17555286566547    
   10.53161771010466    
   9.173806980618485    
   8.056420838257161    
   7.136713062019256    
   6.378361259399501    
   5.752873240785751    
   5.236674494497367    
   4.808914807299342    
   4.452914540327703    
   4.156823994518671    
   3.910783968266206    
   3.705036766253524    
   3.531872484381930    
   3.386906316257738    
   3.266406731338349    
   3.165191160619771    
   3.078925905680584    
   3.006349101459064    
   2.946794561261506    
   2.897230085667267    
   2.854307462663725    
   2.817737436666596    
   2.788600017154420    
   2.765420371187723    
   2.745135688069824    
   2.727247227665852    
   2.713567240337428    
   2.703969772332329    
   2.695843789645972    
   2.688154348776427    
   2.682653532431469    
   2.680130962923618    
   2.678631689175006    
   2.676752138883586    
   2.675818545381587    
   2.677089355211447    
   2.679329505353522    
   2.681076031468796    
   2.683106551527018    
   2.686626564855253    
   2.690927010536404    
   2.694918046127875    
   2.699261351195112    
   2.704857826739835    
   2.710820758061624    
   2.716160061678815    
   2.721961215589227    
   2.729512648381064    
   2.737675703934946    
   2.744734521640166    
   2.751644240712682    
   2.760545338560840    
   2.770949704227989    
   2.780540740931803    
   2.789299551793840    
   2.799557928399968    
   2.811899522943555    
   2.824277966849471    
   2.835785179603644    
   2.848189149986168    
   2.862682925392940    
   2.877926195625651    
   2.892721732416291    
   2.908173688642154    
   2.925545811999010    
   2.944067209532729    
   2.962629871655016    
   2.981920083303120    
   3.003062977218699    
   3.025599530232984    
   3.048591920403850    
   3.072528518420067    
   3.098395608929672    
   3.125878824632014    
   3.154166298026305    
