  0.2715969496223453    
  0.2762182123318191    
  0.2809812177614647    
  0.2858912936943773    
  0.2909542904840545    
  0.2961764944402819    
  0.3015646130306300    
  0.3071259425094154    
  0.3128684466221502    
  0.3188006793781930    
  0.3249318327338293    
  0.3312719300697295    
  0.3378318761710991    
  0.3446233938066237    
  0.3516591441907015    
  0.3589529436451954    
  0.3665197684336277    
  0.3743756934432513    
  0.3825380726038207    
  0.3910257330304052    
  0.3998588500966552    
  0.4090587828167418    
  0.4186481633050782    
  0.4286508033444331    
  0.4390910240578577    
  0.4499928044680083    
  0.4613789174847639    
  0.4732691999195990    
  0.4856773085490599    
  0.4986062448368581    
  0.5120422220494899    
  0.5259449214127704    
  0.5402325916843467    
  0.5547616118257135    
  0.5692991584431200    
  0.5834870173522984    
  0.5967991586774277    
  0.6085041777948672    
  0.6176528897696335    
  0.6231229028521819    
  0.6237588297988386    
  0.6186209826358576    
  0.6072812907325007    
  0.5900294824811408    
  0.5678610861064642    
  0.5422352086768942    
  0.5147251310525927    
  0.4867235109825543    
  0.4592902917463673    
  0.4331317903760181    
  0.4086534928553416    
  0.3860375023602048    
  0.3653171880144394    
  0.3464357651476196    
  0.3292861151590433    
  0.3137368027698069    
  0.2996493994402512    
  0.2868886292557362    
  0.2753268034412071    
  0.2648458884910216    
  0.2553390830032783    
  0.2467110505349246    
  0.2388766242175357    
  0.2317596986267604    
  0.2252929631985893    
  0.2194172006624854    
  0.2140797907941765    
  0.2092337275254499    
  0.2048374891604594    
  0.2008545461311107    
  0.1972522322317625    
  0.1940011262865173    
  0.1910751552801366    
  0.1884513145126916    
  0.1861088237794067    
  0.1840287603129149    
  0.1821942998536321    
  0.1805905601406989    
  0.1792039379744299    
  0.1780218946924474    
  0.1770332636171893    
  0.1762281578013912    
  0.1755974234345024    
  0.1751325183817770    
  0.1748258445128542    
  0.1746706864289535    
  0.1746607447738081    
  0.1747900747545831    
  0.1750534207955892    
  0.1754461671987965    
  0.1759639295948167    
  0.1766025347734677    
  0.1773583462261217    
  0.1782282160805835    
  0.1792091205918904    
  0.1802981695347100    
  0.1814929170893771    
  0.1827913101049886    
  0.1841913588244439    
  0.1856911675057111    
  0.1872892272558576    
  0.1889843590685257    
  0.1907754156315039    
  0.1926613278386499    
  0.1946413766267719    
  0.1967151299818996    
  0.1988821746175772    
  0.2011421762050488    
  0.2034951283575736    
  0.2059412826816353    
  0.2084809098611189    
  0.2111143731450303    
  0.2138423540810677    
  0.2166657754705190    
  0.2195855918012628    
  0.2226028757467081    
  0.2257190206572003    
  0.2289356573392137    
  0.2322544749419854    
  0.2356773204242024    
  0.2392063774591852    
  0.2428440785314618    
  0.2465929588123625    
  0.2504557692240455    
  0.2544356311517425    
  0.2585359457998371    
  0.2627602850809901    
  0.2671125198110429    
  0.2715969496223453    
  0.2762182123318191    
  0.2809812177614647    
  0.2858912936943773    
  0.2909542904840545    
  0.2961764944402819    
  0.3015646130306300    
  0.3071259425094154    
  0.3128684466221502    
  0.3188006793781930    
  0.3249318327338293    
  0.3312719300697295    
  0.3378318761710991    
  0.3446233938066237    
  0.3516591441907015    
  0.3589529436451954    
  0.3665197684336277    
  0.3743756934432513    
  0.3825380726038207    
  0.3910257330304052    
  0.3998588500966552    
  0.4090587828167418    
  0.4186481633050782    
  0.4286508033444331    
  0.4390910240578577    
  0.4499928044680083    
  0.4613789174847639    
  0.4732691999195990    
  0.4856773085490599    
  0.4986062448368581    
  0.5120422220494899    
  0.5259449214127704    
  0.5402325916843467    
  0.5547616118257135    
  0.5692991584431200    
  0.5834870173522984    
  0.5967991586774277    
  0.6085041777948672    
  0.6176528897696335    
  0.6231229028521819    
  0.6237588297988386    
  0.6186209826358576    
  0.6072812907325007    
  0.5900294824811408    
  0.5678610861064642    
  0.5422352086768942    
  0.5147251310525927    
  0.4867235109825543    
  0.4592902917463673    
  0.4331317903760181    
  0.4086534928553416    
  0.3860375023602048    
  0.3653171880144394    
  0.3464357651476196    
  0.3292861151590433    
  0.3137368027698069    
  0.2996493994402512    
  0.2868886292557362    
  0.2753268034412071    
  0.2648458884910216    
  0.2553390830032783    
  0.2467110505349246    
  0.2388766242175357    
  0.2317596986267604    
  0.2252929631985893    
  0.2194172006624854    
  0.2140797907941765    
  0.2092337275254499    
  0.2048374891604594    
  0.2008545461311107    
  0.1972522322317625    
  0.1940011262865173    
  0.1910751552801366    
  0.1884513145126916    
  0.1861088237794067    
  0.1840287603129149    
  0.1821942998536321    
  0.1805905601406989    
  0.1792039379744299    
  0.1780218946924474    
  0.1770332636171893    
  0.1762281578013912    
  0.1755974234345024    
  0.1751325183817770    
  0.1748258445128542    
  0.1746706864289535    
  0.1746607447738081    
  0.1747900747545831    
  0.1750534207955892    
  0.1754461671987965    
  0.1759639295948167    
  0.1766025347734677    
  0.1773583462261217    
  0.1782282160805835    
  0.1792091205918904    
  0.1802981695347100    
  0.1814929170893771    
  0.1827913101049886    
  0.1841913588244439    
  0.1856911675057111    
  0.1872892272558576    
  0.1889843590685257    
  0.1907754156315039    
  0.1926613278386499    
  0.1946413766267719    
  0.1967151299818996    
  0.1988821746175772    
  0.2011421762050488    
  0.2034951283575736    
  0.2059412826816353    
  0.2084809098611189    
  0.2111143731450303    
  0.2138423540810677    
  0.2166657754705190    
  0.2195855918012628    
  0.2226028757467081    
  0.2257190206572003    
  0.2289356573392137    
  0.2322544749419854    
  0.2356773204242024    
  0.2392063774591852    
  0.2428440785314618    
  0.2465929588123625    
  0.2504557692240455    
  0.2544356311517425    
  0.2585359457998371    
  0.2627602850809901    
  0.2671125198110429    
