   2.235740748794777    
   2.254409982691376    
   2.275717720419520    
   2.297597696896673    
   2.318789290401483    
   2.341200806074676    
   2.365962680353394    
   2.391269309172051    
   2.416037755828372    
   2.441869129402765    
   2.469607230750606    
   2.497534676387942    
   2.524610889746314    
   2.552095539806223    
   2.580432004010660    
   2.607734549992752    
   2.632738732257083    
   2.656113672775691    
   2.677519275945440    
   2.694315683022952    
   2.704302367775919    
   2.706704218022410    
   2.699228466616281    
   2.676866753455294    
   2.634388124215387    
   2.566856110282857    
   2.466373255493333    
   2.320669904514705    
   2.115083111398133    
   1.832188205182243    
   1.447684418302007    
  0.9284384186157999    
  0.2341379367692080    
 -0.6829148534850713    
  -1.879763053244828    
  -3.418170098508597    
  -5.349599247981543    
  -7.693272097387675    
  -10.40694441192955    
  -13.35011557175033    
  -16.26045816242950    
  -18.78222493276589    
  -20.56170807440028    
  -21.36970361099280    
  -21.18004285647438    
  -20.15964551816398    
  -18.58433252957058    
  -16.73639178057334    
  -14.83703514038660    
  -13.02946468846718    
  -11.39207189706788    
  -9.956103780065273    
  -8.720799208828046    
  -7.669391339347031    
  -6.781825645529392    
  -6.037483023676910    
  -5.413394812970760    
  -4.887846418235629    
  -4.445736806408506    
  -4.075919090195793    
  -3.765069441827598    
  -3.499976093590675    
  -3.274158068481156    
  -3.085148046439862    
  -2.926079019037670    
  -2.787463533779468    
  -2.666549713419479    
  -2.565994282678127    
  -2.482821894960168    
  -2.408316358398201    
  -2.340212874052916    
  -2.284278747236727    
  -2.240785034163281    
  -2.200718296963250    
  -2.160197815096859    
  -2.126873620106155    
  -2.104943214505061    
  -2.085395764231659    
  -2.060594688066406    
  -2.037775172554078    
  -2.026155503482372    
  -2.019754136539692    
  -2.006930537847803    
  -1.990198090466749    
  -1.981289118861521    
  -1.980574439711878    
  -1.977065360654989    
  -1.967554706605815    
  -1.960537784084802    
  -1.960100195629427    
  -1.960017404964697    
  -1.956501231455591    
  -1.954042201864291    
  -1.955044578623463    
  -1.955234423585294    
  -1.953269012722736    
  -1.954084751137454    
  -1.958634336356242    
  -1.960854967997963    
  -1.959200510816171    
  -1.960553868000143    
  -1.967621040911073    
  -1.973190220185019    
  -1.973102836359775    
  -1.974310566896813    
  -1.982431328499115    
  -1.991324777960332    
  -1.994125670544777    
  -1.995711754896031    
  -2.003828433282450    
  -2.015216630171563    
  -2.021843661718523    
  -2.025328564700889    
  -2.033473330731939    
  -2.046167044930530    
  -2.056355265772730    
  -2.063085686537858    
  -2.072497938422889    
  -2.086260248989159    
  -2.099267105566303    
  -2.109591730760840    
  -2.121504804454858    
  -2.137029311172464    
  -2.152656741780678    
  -2.166511658891623    
  -2.181612006456070    
  -2.199725649347269    
  -2.218284831393359    
  -2.235740748794777    
  -2.254409982691376    
  -2.275717720419520    
  -2.297597696896673    
  -2.318789290401483    
  -2.341200806074676    
  -2.365962680353394    
  -2.391269309172051    
  -2.416037755828372    
  -2.441869129402765    
  -2.469607230750606    
  -2.497534676387942    
  -2.524610889746314    
  -2.552095539806223    
  -2.580432004010660    
  -2.607734549992752    
  -2.632738732257083    
  -2.656113672775691    
  -2.677519275945440    
  -2.694315683022952    
  -2.704302367775919    
  -2.706704218022410    
  -2.699228466616281    
  -2.676866753455294    
  -2.634388124215387    
  -2.566856110282857    
  -2.466373255493333    
  -2.320669904514705    
  -2.115083111398133    
  -1.832188205182243    
  -1.447684418302007    
 -0.9284384186157999    
 -0.2341379367692080    
  0.6829148534850713    
   1.879763053244828    
   3.418170098508597    
   5.349599247981543    
   7.693272097387675    
   10.40694441192955    
   13.35011557175033    
   16.26045816242950    
   18.78222493276589    
   20.56170807440028    
   21.36970361099280    
   21.18004285647438    
   20.15964551816398    
   18.58433252957058    
   16.73639178057334    
   14.83703514038660    
   13.02946468846718    
   11.39207189706788    
   9.956103780065273    
   8.720799208828046    
   7.669391339347031    
   6.781825645529392    
   6.037483023676910    
   5.413394812970760    
   4.887846418235629    
   4.445736806408506    
   4.075919090195793    
   3.765069441827598    
   3.499976093590675    
   3.274158068481156    
   3.085148046439862    
   2.926079019037670    
   2.787463533779468    
   2.666549713419479    
   2.565994282678127    
   2.482821894960168    
   2.408316358398201    
   2.340212874052916    
   2.284278747236727    
   2.240785034163281    
   2.200718296963250    
   2.160197815096859    
   2.126873620106155    
   2.104943214505061    
   2.085395764231659    
   2.060594688066406    
   2.037775172554078    
   2.026155503482372    
   2.019754136539692    
   2.006930537847803    
   1.990198090466749    
   1.981289118861521    
   1.980574439711878    
   1.977065360654989    
   1.967554706605815    
   1.960537784084802    
   1.960100195629427    
   1.960017404964697    
   1.956501231455591    
   1.954042201864291    
   1.955044578623463    
   1.955234423585294    
   1.953269012722736    
   1.954084751137454    
   1.958634336356242    
   1.960854967997963    
   1.959200510816171    
   1.960553868000143    
   1.967621040911073    
   1.973190220185019    
   1.973102836359775    
   1.974310566896813    
   1.982431328499115    
   1.991324777960332    
   1.994125670544777    
   1.995711754896031    
   2.003828433282450    
   2.015216630171563    
   2.021843661718523    
   2.025328564700889    
   2.033473330731939    
   2.046167044930530    
   2.056355265772730    
   2.063085686537858    
   2.072497938422889    
   2.086260248989159    
   2.099267105566303    
   2.109591730760840    
   2.121504804454858    
   2.137029311172464    
   2.152656741780678    
   2.166511658891623    
   2.181612006456070    
   2.199725649347269    
   2.218284831393359    
