  0.7468939604390390    
  0.7444371004559370    
  0.7419071235021382    
  0.7393054627261093    
  0.7366334964817478    
  0.7338925489840671    
  0.7310838910440833    
  0.7282087408581285    
  0.7252682648248417    
  0.7222635783952434    
  0.7191957469727409    
  0.7160657868554139    
  0.7128746661959047    
  0.7096233059702564    
  0.7063125809677580    
  0.7029433208083888    
  0.6995163109748260    
  0.6960322938423191    
  0.6924919697060142    
  0.6888959978173379    
  0.6852449974319788    
  0.6815395488549555    
  0.6777801944695214    
  0.6739674397562214    
  0.6701017543162999    
  0.6661835728952760    
  0.6622132963869296    
  0.6581912928131158    
  0.6541178982972025    
  0.6499934180392390    
  0.6458181272742698    
  0.6415922721987062    
  0.6373160708792753    
  0.6329897141624643    
  0.6286133665722806    
  0.6241871671740384    
  0.6197112304111906    
  0.6151856469388097    
  0.6106104844508748    
  0.6059857884765134    
  0.6013115831429670    
  0.5965878719294291    
  0.5918146384183434    
  0.5869918470215867    
  0.5821194436713159    
  0.5771973564959095    
  0.5722254964943716    
  0.5672037581917655    
  0.5621320202605737    
  0.5570101461230095    
  0.5518379845513127    
  0.5466153702543836    
  0.5413421244336680    
  0.5360180553182992    
  0.5306429586981636    
  0.5252166184484262    
  0.5197388070276892    
  0.5142092859548408    
  0.5086278062833096    
  0.5029941090710921    
  0.4973079258297481    
  0.4915689789535928    
  0.4857769821469240    
  0.4799316408517512    
  0.4740326526614541    
  0.4680797077188351    
  0.4620724891137473    
  0.4560106732834759    
  0.4498939304025218    
  0.4437219247606505    
  0.4374943151464704    
  0.4312107552428137    
  0.4248708940199906    
  0.4184743761214387    
  0.4120208422562709    
  0.4055099296060198    
  0.3989412722344061    
  0.3923145014991741    
  0.3856292464861784    
  0.3788851344717624    
  0.3720817913893241    
  0.3652188422889721    
  0.3582959118220559    
  0.3513126247799627    
  0.3442686066651096    
  0.3371634842569811    
  0.3299968861873102    
  0.3227684435721617    
  0.3154777907074625    
  0.3081245657876660    
  0.3007084116330035    
  0.2932289764632956    
  0.2856859147469942    
  0.2780788881032489    
  0.2704075662306618    
  0.2626716278813209    
  0.2548707619122486    
  0.2470046684092609    
  0.2390730598593952    
  0.2310756623775649    
  0.2230122170143984    
  0.2148824811492878    
  0.2066862299507598    
  0.1984232579036709    
  0.1900933804239855    
  0.1816964355685092    
  0.1732322858265989    
  0.1647008199908836    
  0.1561019551227200    
  0.1474356386199632    
  0.1387018503767302    
  0.1299006050308536    
  0.1210319543109384    
  0.1120959894895233    
  0.1030928439327745    
  0.9402269574081062E-01
  0.8488577048702600E-01
  0.7568234406090057E-01
  0.6641274560404803E-01
  0.5707736053144047E-01
  0.4767663364252250E-01
  0.3821107232370075E-01
  0.2868124982971915E-01
  0.1908780863277121E-01
  0.9431463840145371E-02
 -0.2869933217269360E-03
 -0.1006669197283083E-01
 -0.1990667801026780E-01
 -0.2980591050807357E-01
 -0.3976325809255229E-01
 -0.4977749531350792E-01
 -0.5984729903205430E-01
 -0.6997124483436395E-01
 -0.8014780348263298E-01
 -0.9037533742863896E-01
 -0.1006520974163305    
 -0.1109762191884237    
 -0.1213457203131254    
 -0.1317584971611939    
 -0.1422123220651921    
 -0.1527048406810395    
 -0.1632335695721305    
 -0.1737958940500308    
 -0.1843890663075539    
 -0.1950102038676128    
 -0.2056562883702416    
 -0.2163241647335002    
 -0.2270105407254372    
 -0.2377119869704875    
 -0.2484249374109865    
 -0.2591456902572351    
 -0.2698704094607123    
 -0.2805951267295790    
 -0.2913157441006964    
 -0.3020280370940598    
 -0.3127276584760038    
 -0.3234101426402817    
 -0.3340709106091700    
 -0.3447052756675697    
 -0.3553084496427629    
 -0.3658755498230403    
 -0.3764016064994440    
 -0.3868815711256021    
 -0.3973103250901606    
 -0.4076826890748720    
 -0.4179934329606635    
 -0.4282372862556234    
 -0.4384089490194508    
 -0.4485031032358506    
 -0.4585144245723421    
 -0.4684375944810267    
 -0.4782673125974860    
 -0.4879983093709329    
 -0.4976253588451246    
 -0.5071432915272193    
 -0.5165470072912147    
 -0.5258314882395316    
 -0.5349918114307404    
 -0.5440231614022500    
 -0.5529208424333942    
 -0.5616802904742182    
 -0.5702970846482041    
 -0.5787669582607442    
 -0.5870858092694486    
 -0.5952497101555397    
 -0.6032549171161776    
 -0.6110978785228965    
 -0.6187752426238458    
 -0.6262838644545358    
 -0.6336208118980362    
 -0.6407833708597557    
 -0.6477690495622732    
 -0.6545755819576176    
 -0.6612009302247117    
 -0.6676432863389915    
 -0.6739010727476320    
 -0.6799729421818935    
 -0.6858577766017440    
 -0.6915546852779646    
 -0.6970630020671522    
 -0.7023822819410883    
 -0.7075122967900396    
 -0.7124530305165273    
 -0.7172046734860322    
 -0.7217676164169412    
 -0.7261424437480827    
 -0.7303299265041722    
 -0.7343310147244294    
 -0.7381468295458602    
 -0.7417786549917150    
 -0.7452279294832049    
 -0.7484962371274886    
 -0.7515852988705564    
 -0.7544969635716738    
 -0.7572331990128716    
 -0.7597960828772532    
 -0.7621877937705372    
 -0.7644106023424023    
 -0.7664668625177111    
 -0.7683590028516053    
 -0.7700895180611289    
 -0.7716609607830851    
 -0.7730759335667435    
 -0.7743370811004612    
 -0.7754470827009236    
 -0.7764086451015615    
 -0.7772244955478994    
 -0.7778973751918383    
 -0.7784300327934595    
 -0.7788252187493885    
 -0.7790856794522751    
 -0.7792141519736329    
 -0.7792133590673039    
 -0.7790860044947079    
 -0.7788347686681272    
 -0.7784623046071869    
 -0.7779712342050888    
 -0.7773641447936833    
 -0.7766435859912678    
 -0.7758120668280811    
 -0.7748720531524396    
 -0.7738259653042379    
 -0.7726761760277016    
 -0.7714250086120453    
 -0.7700747352699221    
 -0.7686275757474319    
 -0.7670856961313890    
 -0.7654512078318230    
 -0.7637261667518045    
 -0.7619125726505106    
 -0.7600123686675642    
 -0.7580274409754572    
 -0.7559596185671942    
 -0.7538106731969337    
 -0.7515823194527090    
 -0.7492762149211021    
 -0.7468939604390390    
 -0.7444371004559370    
 -0.7419071235021382    
 -0.7393054627261093    
 -0.7366334964817478    
 -0.7338925489840671    
 -0.7310838910440833    
 -0.7282087408581285    
 -0.7252682648248417    
 -0.7222635783952434    
 -0.7191957469727409    
 -0.7160657868554139    
 -0.7128746661959047    
 -0.7096233059702564    
 -0.7063125809677580    
 -0.7029433208083888    
 -0.6995163109748260    
 -0.6960322938423191    
 -0.6924919697060142    
 -0.6888959978173379    
 -0.6852449974319788    
 -0.6815395488549555    
 -0.6777801944695214    
 -0.6739674397562214    
 -0.6701017543162999    
 -0.6661835728952760    
 -0.6622132963869296    
 -0.6581912928131158    
 -0.6541178982972025    
 -0.6499934180392390    
 -0.6458181272742698    
 -0.6415922721987062    
 -0.6373160708792753    
 -0.6329897141624643    
 -0.6286133665722806    
 -0.6241871671740384    
 -0.6197112304111906    
 -0.6151856469388097    
 -0.6106104844508748    
 -0.6059857884765134    
 -0.6013115831429670    
 -0.5965878719294291    
 -0.5918146384183434    
 -0.5869918470215867    
 -0.5821194436713159    
 -0.5771973564959095    
 -0.5722254964943716    
 -0.5672037581917655    
 -0.5621320202605737    
 -0.5570101461230095    
 -0.5518379845513127    
 -0.5466153702543836    
 -0.5413421244336680    
 -0.5360180553182992    
 -0.5306429586981636    
 -0.5252166184484262    
 -0.5197388070276892    
 -0.5142092859548408    
 -0.5086278062833096    
 -0.5029941090710921    
 -0.4973079258297481    
 -0.4915689789535928    
 -0.4857769821469240    
 -0.4799316408517512    
 -0.4740326526614541    
 -0.4680797077188351    
 -0.4620724891137473    
 -0.4560106732834759    
 -0.4498939304025218    
 -0.4437219247606505    
 -0.4374943151464704    
 -0.4312107552428137    
 -0.4248708940199906    
 -0.4184743761214387    
 -0.4120208422562709    
 -0.4055099296060198    
 -0.3989412722344061    
 -0.3923145014991741    
 -0.3856292464861784    
 -0.3788851344717624    
 -0.3720817913893241    
 -0.3652188422889721    
 -0.3582959118220559    
 -0.3513126247799627    
 -0.3442686066651096    
 -0.3371634842569811    
 -0.3299968861873102    
 -0.3227684435721617    
 -0.3154777907074625    
 -0.3081245657876660    
 -0.3007084116330035    
 -0.2932289764632956    
 -0.2856859147469942    
 -0.2780788881032489    
 -0.2704075662306618    
 -0.2626716278813209    
 -0.2548707619122486    
 -0.2470046684092609    
 -0.2390730598593952    
 -0.2310756623775649    
 -0.2230122170143984    
 -0.2148824811492878    
 -0.2066862299507598    
 -0.1984232579036709    
 -0.1900933804239855    
 -0.1816964355685092    
 -0.1732322858265989    
 -0.1647008199908836    
 -0.1561019551227200    
 -0.1474356386199632    
 -0.1387018503767302    
 -0.1299006050308536    
 -0.1210319543109384    
 -0.1120959894895233    
 -0.1030928439327745    
 -0.9402269574081062E-01
 -0.8488577048702600E-01
 -0.7568234406090057E-01
 -0.6641274560404803E-01
 -0.5707736053144047E-01
 -0.4767663364252250E-01
 -0.3821107232370075E-01
 -0.2868124982971915E-01
 -0.1908780863277121E-01
 -0.9431463840145371E-02
  0.2869933217269360E-03
  0.1006669197283083E-01
  0.1990667801026780E-01
  0.2980591050807357E-01
  0.3976325809255229E-01
  0.4977749531350792E-01
  0.5984729903205430E-01
  0.6997124483436395E-01
  0.8014780348263298E-01
  0.9037533742863896E-01
  0.1006520974163305    
  0.1109762191884237    
  0.1213457203131254    
  0.1317584971611939    
  0.1422123220651921    
  0.1527048406810395    
  0.1632335695721305    
  0.1737958940500308    
  0.1843890663075539    
  0.1950102038676128    
  0.2056562883702416    
  0.2163241647335002    
  0.2270105407254372    
  0.2377119869704875    
  0.2484249374109865    
  0.2591456902572351    
  0.2698704094607123    
  0.2805951267295790    
  0.2913157441006964    
  0.3020280370940598    
  0.3127276584760038    
  0.3234101426402817    
  0.3340709106091700    
  0.3447052756675697    
  0.3553084496427629    
  0.3658755498230403    
  0.3764016064994440    
  0.3868815711256021    
  0.3973103250901606    
  0.4076826890748720    
  0.4179934329606635    
  0.4282372862556234    
  0.4384089490194508    
  0.4485031032358506    
  0.4585144245723421    
  0.4684375944810267    
  0.4782673125974860    
  0.4879983093709329    
  0.4976253588451246    
  0.5071432915272193    
  0.5165470072912147    
  0.5258314882395316    
  0.5349918114307404    
  0.5440231614022500    
  0.5529208424333942    
  0.5616802904742182    
  0.5702970846482041    
  0.5787669582607442    
  0.5870858092694486    
  0.5952497101555397    
  0.6032549171161776    
  0.6110978785228965    
  0.6187752426238458    
  0.6262838644545358    
  0.6336208118980362    
  0.6407833708597557    
  0.6477690495622732    
  0.6545755819576176    
  0.6612009302247117    
  0.6676432863389915    
  0.6739010727476320    
  0.6799729421818935    
  0.6858577766017440    
  0.6915546852779646    
  0.6970630020671522    
  0.7023822819410883    
  0.7075122967900396    
  0.7124530305165273    
  0.7172046734860322    
  0.7217676164169412    
  0.7261424437480827    
  0.7303299265041722    
  0.7343310147244294    
  0.7381468295458602    
  0.7417786549917150    
  0.7452279294832049    
  0.7484962371274886    
  0.7515852988705564    
  0.7544969635716738    
  0.7572331990128716    
  0.7597960828772532    
  0.7621877937705372    
  0.7644106023424023    
  0.7664668625177111    
  0.7683590028516053    
  0.7700895180611289    
  0.7716609607830851    
  0.7730759335667435    
  0.7743370811004612    
  0.7754470827009236    
  0.7764086451015615    
  0.7772244955478994    
  0.7778973751918383    
  0.7784300327934595    
  0.7788252187493885    
  0.7790856794522751    
  0.7792141519736329    
  0.7792133590673039    
  0.7790860044947079    
  0.7788347686681272    
  0.7784623046071869    
  0.7779712342050888    
  0.7773641447936833    
  0.7766435859912678    
  0.7758120668280811    
  0.7748720531524396    
  0.7738259653042379    
  0.7726761760277016    
  0.7714250086120453    
  0.7700747352699221    
  0.7686275757474319    
  0.7670856961313890    
  0.7654512078318230    
  0.7637261667518045    
  0.7619125726505106    
  0.7600123686675642    
  0.7580274409754572    
  0.7559596185671942    
  0.7538106731969337    
  0.7515823194527090    
  0.7492762149211021    
