   2.010887277308782    
   2.027024348595059    
   2.044166543762672    
   2.062820551502310    
   2.081927281224274    
   2.101014440591554    
   2.121043380900331    
   2.142391316113668    
   2.164074765467440    
   2.185632764707691    
   2.207820671717775    
   2.230828747307234    
   2.253643745806515    
   2.275705012140949    
   2.297440870006627    
   2.318669444462980    
   2.338094824331582    
   2.354767847873466    
   2.368432792652724    
   2.378034334775848    
   2.381323077155823    
   2.376120836984168    
   2.360406630742859    
   2.330805549182459    
   2.282201113467013    
   2.208688376200566    
   2.103191443103840    
   1.955671263835558    
   1.752484991754559    
   1.476721225423269    
   1.106997231837752    
  0.6152131189124368    
 -0.3400208973914031E-01
 -0.8823048485952023    
  -1.976548198461878    
  -3.364859386547691    
  -5.085102247757556    
  -7.144925003727174    
  -9.496008479122366    
  -12.00764567632130    
  -14.45484287173246    
  -16.54604654605475    
  -18.00038131093640    
  -18.64335530220387    
  -18.46447529106072    
  -17.60349508647229    
  -16.28237179769893    
  -14.72835105053993    
  -13.12316368225794    
  -11.58675776890147    
  -10.18511463068543    
  -8.946236448497675    
  -7.873629754114231    
  -6.956112025461803    
  -6.176447648276193    
  -5.517323547779821    
  -4.962130210336419    
  -4.493941488587716    
  -4.097586460398218    
  -3.762269322593292    
  -3.479572611919985    
  -3.239993360435827    
  -3.034591311699257    
  -2.858734913874725    
  -2.710099041661612    
  -2.583699263780126    
  -2.473276213238333    
  -2.376834632410678    
  -2.295515235643626    
  -2.227025986373953    
  -2.165899319331255    
  -2.110671342504336    
  -2.064390115362210    
  -2.026697436967438    
  -1.992247455258009    
  -1.959188741695937    
  -1.931881991018919    
  -1.911714179510937    
  -1.892757446817693    
  -1.871521049152172    
  -1.853556257819860    
  -1.843617952256406    
  -1.836001117583864    
  -1.823160950976730    
  -1.808612441404834    
  -1.801353329131803    
  -1.800723161726688    
  -1.797330188027740    
  -1.788083313881902    
  -1.780110146168719    
  -1.778618404229395    
  -1.779882559522556    
  -1.778721741257332    
  -1.775485520332991    
  -1.772817987638460    
  -1.771579196619243    
  -1.772338223666532    
  -1.775479711566758    
  -1.778202848603669    
  -1.777069011067767    
  -1.774734159779492    
  -1.777630223031949    
  -1.785400326671022    
  -1.790130957409434    
  -1.788859073368815    
  -1.788857510039721    
  -1.795924408312946    
  -1.805032358587269    
  -1.809005929707009    
  -1.810137055062694    
  -1.815448528517003    
  -1.824927660916729    
  -1.832746812272311    
  -1.837633798819994    
  -1.843986921263204    
  -1.853535511498519    
  -1.863134926940285    
  -1.871184553659830    
  -1.880040471961107    
  -1.891052573939259    
  -1.902376884606118    
  -1.912974260426134    
  -1.924460615152906    
  -1.937712270445336    
  -1.951313257024517    
  -1.964557464855759    
  -1.978777121847389    
  -1.994620754163973    
  -2.010887277308782    
  -2.027024348595059    
  -2.044166543762672    
  -2.062820551502310    
  -2.081927281224274    
  -2.101014440591554    
  -2.121043380900331    
  -2.142391316113668    
  -2.164074765467440    
  -2.185632764707691    
  -2.207820671717775    
  -2.230828747307234    
  -2.253643745806515    
  -2.275705012140949    
  -2.297440870006627    
  -2.318669444462980    
  -2.338094824331582    
  -2.354767847873466    
  -2.368432792652724    
  -2.378034334775848    
  -2.381323077155823    
  -2.376120836984168    
  -2.360406630742859    
  -2.330805549182459    
  -2.282201113467013    
  -2.208688376200566    
  -2.103191443103840    
  -1.955671263835558    
  -1.752484991754559    
  -1.476721225423269    
  -1.106997231837752    
 -0.6152131189124368    
  0.3400208973914031E-01
  0.8823048485952023    
   1.976548198461878    
   3.364859386547691    
   5.085102247757556    
   7.144925003727174    
   9.496008479122366    
   12.00764567632130    
   14.45484287173246    
   16.54604654605475    
   18.00038131093640    
   18.64335530220387    
   18.46447529106072    
   17.60349508647229    
   16.28237179769893    
   14.72835105053993    
   13.12316368225794    
   11.58675776890147    
   10.18511463068543    
   8.946236448497675    
   7.873629754114231    
   6.956112025461803    
   6.176447648276193    
   5.517323547779821    
   4.962130210336419    
   4.493941488587716    
   4.097586460398218    
   3.762269322593292    
   3.479572611919985    
   3.239993360435827    
   3.034591311699257    
   2.858734913874725    
   2.710099041661612    
   2.583699263780126    
   2.473276213238333    
   2.376834632410678    
   2.295515235643626    
   2.227025986373953    
   2.165899319331255    
   2.110671342504336    
   2.064390115362210    
   2.026697436967438    
   1.992247455258009    
   1.959188741695937    
   1.931881991018919    
   1.911714179510937    
   1.892757446817693    
   1.871521049152172    
   1.853556257819860    
   1.843617952256406    
   1.836001117583864    
   1.823160950976730    
   1.808612441404834    
   1.801353329131803    
   1.800723161726688    
   1.797330188027740    
   1.788083313881902    
   1.780110146168719    
   1.778618404229395    
   1.779882559522556    
   1.778721741257332    
   1.775485520332991    
   1.772817987638460    
   1.771579196619243    
   1.772338223666532    
   1.775479711566758    
   1.778202848603669    
   1.777069011067767    
   1.774734159779492    
   1.777630223031949    
   1.785400326671022    
   1.790130957409434    
   1.788859073368815    
   1.788857510039721    
   1.795924408312946    
   1.805032358587269    
   1.809005929707009    
   1.810137055062694    
   1.815448528517003    
   1.824927660916729    
   1.832746812272311    
   1.837633798819994    
   1.843986921263204    
   1.853535511498519    
   1.863134926940285    
   1.871184553659830    
   1.880040471961107    
   1.891052573939259    
   1.902376884606118    
   1.912974260426134    
   1.924460615152906    
   1.937712270445336    
   1.951313257024517    
   1.964557464855759    
   1.978777121847389    
   1.994620754163973    
