  0.3081896850150276    
  0.3094131698967000    
  0.3106460944263058    
  0.3118885510648987    
  0.3131406341153345    
  0.3144024397554571    
  0.3156740660720654    
  0.3169556130956697    
  0.3182471828360639    
  0.3195488793187266    
  0.3208608086220652    
  0.3221830789155106    
  0.3235158004984926    
  0.3248590858403131    
  0.3262130496209080    
  0.3275778087725014    
  0.3289534825221783    
  0.3303401924353966    
  0.3317380624604493    
  0.3331472189738525    
  0.3345677908266921    
  0.3359999093919508    
  0.3374437086128234    
  0.3388993250520005    
  0.3403668979419319    
  0.3418465692360799    
  0.3433384836611765    
  0.3448427887704604    
  0.3463596349978998    
  0.3478891757134021    
  0.3494315672790015    
  0.3509869691059915    
  0.3525555437129870    
  0.3541374567848988    
  0.3557328772328107    
  0.3573419772547034    
  0.3589649323970135    
  0.3606019216169992    
  0.3622531273458712    
  0.3639187355526134    
  0.3655989358084185    
  0.3672939213516763    
  0.3690038891534453    
  0.3707290399833005    
  0.3724695784754652    
  0.3742257131951139    
  0.3759976567047142    
  0.3777856256302443    
  0.3795898407271253    
  0.3814105269457119    
  0.3832479134961597    
  0.3851022339124288    
  0.3869737261151775    
  0.3888626324732644    
  0.3907691998635450    
  0.3926936797286074    
  0.3946363281320885    
  0.3965974058111822    
  0.3985771782258952    
  0.4005759156045155    
  0.4025938929847528    
  0.4046313902499689    
  0.4066886921598493    
  0.4087660883747581    
  0.4108638734729543    
  0.4129823469597754    
  0.4151218132678236    
  0.4172825817470358    
  0.4194649666434870    
  0.4216692870656443    
  0.4238958669366561    
  0.4261450349310870    
  0.4284171243943800    
  0.4307124732431943    
  0.4330314238445642    
  0.4353743228715684    
  0.4377415211330061    
  0.4401333733743525    
  0.4425502380470135    
  0.4449924770425754    
  0.4474604553884530    
  0.4499545409010111    
  0.4524751037918474    
  0.4550225162224562    
  0.4575971518020661    
  0.4601993850229762    
  0.4628295906271589    
  0.4654881428972730    
  0.4681754148646058    
  0.4708917774257879    
  0.4736375983593405    
  0.4764132412322268    
  0.4792190641857009    
  0.4820554185887673    
  0.4849226475464576    
  0.4878210842489065    
  0.4907510501459957    
  0.4937128529310226    
  0.4967067843153448    
  0.4997331175742415    
  0.5027921048425299    
  0.5058839741366536    
  0.5090089260779807    
  0.5121671302898735    
  0.5153587214388908    
  0.5185837948881805    
  0.5218424019286249    
  0.5251345445505702    
  0.5284601697162461    
  0.5318191630902263    
  0.5352113421824494    
  0.5386364488554332    
  0.5420941411445548    
  0.5455839843376638    
  0.5491054412577832    
  0.5526578616903043    
  0.5562404708942844    
  0.5598523571363261    
  0.5634924581851182    
  0.5671595467051913    
  0.5708522144902634    
  0.5745688554800114    
  0.5783076475094744    
  0.5820665327479000    
  0.5858431967944375    
  0.5896350464122329    
  0.5934391859007005    
  0.5972523921286319    
  0.6010710882793286    
  0.6048913163939762    
  0.6087087088417398    
  0.6125184588953283    
  0.6163152906501067    
  0.6200934285940539    
  0.6238465672154605    
  0.6275678411255483    
  0.6312497962743528    
  0.6348843629498599    
  0.6384628313711973    
  0.6419758308145389    
  0.6454133133424422    
  0.6487645433395971    
  0.6520180941847423    
  0.6551618535025016    
  0.6581830385311377    
  0.6610682232020019    
  0.6638033785414150    
  0.6663739279625434    
  0.6687648188999449    
  0.6709606120392335    
  0.6729455890961442    
  0.6747038796934109    
  0.6762196073654387    
  0.6774770540912425    
  0.6784608420249729    
  0.6791561302797802    
  0.6795488237550321    
  0.6796257901197620    
  0.6793750802266423    
  0.6787861464883511    
  0.6778500531640339    
  0.6765596721387523    
  0.6749098576866586    
  0.6728975939286538    
  0.6705221092480966    
  0.6677849528110200    
  0.6646900295209781    
  0.6612435911674619    
  0.6574541831225240    
  0.6533325476080831    
  0.6488914861929016    
  0.6441456856808658    
  0.6391115128292270    
  0.6338067843143275    
  0.6282505189952954    
  0.6224626797934740    
  0.6164639124153721    
  0.6102752877334249    
  0.6039180539550153    
  0.5974134038224421    
  0.5907822610673605    
  0.5840450892647078    
  0.5772217251583176    
  0.5703312375177763    
  0.5633918116755841    
  0.5564206591142666    
  0.5494339508402224    
  0.5424467727983135    
  0.5354731012428240    
  0.5285257957743567    
  0.5216166076618133    
  0.5147562010742937    
  0.5079541849293845    
  0.5012191532028003    
  0.4945587317221906    
  0.4879796296698701    
  0.4814876942322850    
  0.4750879670483396    
  0.4687847413164719    
  0.4625816186159340    
  0.4564815646772299    
  0.4504869634982365    
  0.4445996693453107    
  0.4388210563026688    
  0.4331520651389845    
  0.4275932473489026    
  0.4221448063004911    
  0.4168066354791177    
  0.4115783538653026    
  0.4064593385206074    
  0.4014487544831459    
  0.3965455820942479    
  0.3917486418912300    
  0.3870566172094941    
  0.3824680746413112    
  0.3779814824994872    
  0.3735952274321894    
  0.3693076293313490    
  0.3651169546718098    
  0.3610214284121960    
  0.3570192445814249    
  0.3531085756673633    
  0.3492875809165725    
  0.3455544136465816    
  0.3419072276646296    
  0.3383441828795251    
  0.3348634501863127    
  0.3314632156969081    
  0.3281416843835496    
  0.3248970831960384    
  0.3217276637082561    
  0.3186317043444405    
  0.3156075122309532    
  0.3126534247149199    
  0.3097678105871476    
  0.3069490710431311    
  0.3041956404125821    
  0.3015059866848522    
  0.2988786118548505    
  0.2963120521115945    
  0.2938048778892070    
  0.2913556937980837    
  0.2889631384520840    
  0.2866258842059656    
  0.2843426368157098    
  0.2821121350329924    
  0.2799331501438206    
  0.2778044854602917    
  0.2757249757733952    
  0.2736934867738500    
  0.2717089144471738    
  0.2697701844484979    
  0.2678762514619589    
  0.2660260985488946    
  0.2642187364885569    
  0.2624532031146340    
  0.2607285626504249    
  0.2590439050451246    
  0.2573983453133394    
  0.2557910228797198    
  0.2542211009302844    
  0.2526877657717699    
  0.2511902262001362    
  0.2497277128792184    
  0.2482994777303171    
  0.2469047933333613    
  0.2455429523401526    
  0.2442132669001334    
  0.2429150680989898    
  0.2416477054103033    
  0.2404105461603814    
  0.2392029750063833    
  0.2380243934277584    
  0.2368742192309626    
  0.2357518860673729    
  0.2346568429643174    
  0.2335885538690843    
  0.2325464972057278    
  0.2315301654444723    
  0.2305390646835311    
  0.2295727142431176    
  0.2286306462713954    
  0.2277124053621138    
  0.2268175481836935    
  0.2259456431195029    
  0.2250962699190457    
  0.2242690193597846    
  0.2234634929193515    
  0.2226793024578713    
  0.2219160699101206    
  0.2211734269872439    
  0.2204510148877857    
  0.2197484840177756    
  0.2190654937195922    
  0.2184017120093461    
  0.2177568153225551    
  0.2171304882678597    
  0.2165224233885268    
  0.2159323209315027    
  0.2153598886238060    
  0.2148048414560346    
  0.2142669014727514    
  0.2137457975695309    
  0.2132412652964816    
  0.2127530466680404    
  0.2122808899788258    
  0.2118245496253567    
  0.2113837859334691    
  0.2109583649912503    
  0.2105480584872992    
  0.2101526435541404    
  0.2097719026166468    
  0.2094056232453121    
  0.2090535980142014    
  0.2087156243634237    
  0.2083915044659991    
  0.2080810450989869    
  0.2077840575187181    
  0.2075003573399999    
  0.2072297644191773    
  0.2069721027409282    
  0.2067272003086635    
  0.2064948890384084    
  0.2062750046560702    
  0.2060673865979860    
  0.2058718779146293    
  0.2056883251773688    
  0.2055165783882002    
  0.2053564908923507    
  0.2052079192936576    
  0.2050707233726242    
  0.2049447660070880    
  0.2048299130954088    
  0.2047260334820865    
  0.2046329988857256    
  0.2045506838292896    
  0.2044789655725728    
  0.2044177240468012    
  0.2043668417912932    
  0.2043262038921273    
  0.2042956979227536    
  0.2042752138864742    
  0.2042646441607292    
  0.2042638834431461    
  0.2042728286992957    
  0.2042913791120878    
  0.2043194360327487    
  0.2043569029333463    
  0.2044036853608141    
  0.2044596908924110    
  0.2045248290925722    
  0.2045990114711155    
  0.2046821514427655    
  0.2047741642879370    
  0.2048749671147369    
  0.2049844788221586    
  0.2051026200644325    
  0.2052293132164829    
  0.2053644823404500    
  0.2055080531532633    
  0.2056599529952330    
  0.2058201107996093    
  0.2059884570630781    
  0.2061649238171793    
  0.2063494446006212    
  0.2065419544324484    
  0.2067423897860320    
  0.2069506885638696    
  0.2071667900731764    
  0.2073906350022250    
  0.2076221653974116    
  0.2078613246410352    
  0.2081080574297747    
  0.2083623097538262    
  0.2086240288766796    
  0.2088931633155238    
  0.2091696628222740    
  0.2094534783651801    
  0.2097445621110033    
  0.2100428674077484    
  0.2103483487679463    
  0.2106609618524544    
  0.2109806634547585    
  0.2113074114857704    
  0.2116411649591143    
  0.2119818839768749    
  0.2123295297157961    
  0.2126840644139206    
  0.2130454513576656    
  0.2134136548693119    
  0.2137886402948921    
  0.2141703739924820    
  0.2145588233208869    
  0.2149539566286982    
  0.2153557432437098    
  0.2157641534626984    
  0.2161791585415613    
  0.2166007306857939    
  0.2170288430412928    
  0.2174634696854883    
  0.2179045856188054    
  0.2183521667564332    
  0.2188061899203940    
  0.2192666328319151    
  0.2197334741041049    
  0.2202066932349138    
  0.2206862706003733    
  0.2211721874481141    
  0.2216644258911669    
  0.2221629689020317    
  0.2226678003070051    
  0.2231789047807734    
  0.2236962678412676    
  0.2242198758447735    
  0.2247497159812879    
  0.2252857762701237    
  0.2258280455557670    
  0.2263765135039714    
  0.2269311705980884    
  0.2274920081356365    
  0.2280590182251161    
  0.2286321937830554    
  0.2292115285312815    
  0.2297970169944241    
  0.2303886544976557    
  0.2309864371646550    
  0.2315903619157947    
  0.2322004264665563    
  0.2328166293261790    
  0.2334389697965306    
  0.2340674479711966    
  0.2347020647347965    
  0.2353428217625295    
  0.2359897215199404    
  0.2366427672629074    
  0.2373019630378536    
  0.2379673136821905    
  0.2386388248249828    
  0.2393165028878319    
  0.2400003550859856    
  0.2406903894296885    
  0.2413866147257587    
  0.2420890405793892    
  0.2427976773961755    
  0.2435125363843847    
  0.2442336295574602    
  0.2449609697367604    
  0.2456945705545313    
  0.2464344464571247    
  0.2471806127084548    
  0.2479330853937019    
  0.2486918814232540    
  0.2494570185369026    
  0.2502285153082896    
  0.2510063911496020    
  0.2517906663165256    
  0.2525813619134607    
  0.2533784998990009    
  0.2541821030916736    
  0.2549921951759491    
  0.2558088007085251    
  0.2566319451248893    
  0.2574616547461607    
  0.2582979567862147    
  0.2591408793591017    
  0.2599904514867526    
  0.2608467031069832    
  0.2617096650817954    
  0.2625793692059901    
  0.2634558482160868    
  0.2643391357995550    
  0.2652292666043683    
  0.2661262762488864    
  0.2670302013320691    
  0.2679410794440192    
  0.2688589491768627    
  0.2697838501359833    
  0.2707158229516173    
  0.2716549092908120    
  0.2726011518697459    
  0.2735545944664250    
  0.2745152819337562    
  0.2754832602130192    
  0.2764585763477317    
  0.2774412784979184    
  0.2784314159547837    
  0.2794290391557996    
  0.2804341997002266    
  0.2814469503650713    
  0.2824673451214778    
  0.2834954391515647    
  0.2845312888657288    
  0.2855749519204297    
  0.2866264872364564    
  0.2876859550176737    
  0.2887534167702666    
  0.2898289353225042    
  0.2909125748450246    
  0.2920044008716474    
  0.2931044803207205    
  0.2942128815170243    
  0.2953296742142378    
  0.2964549296179741    
  0.2975887204093989    
  0.2987311207694550    
  0.2998822064037002    
  0.3010420545677642    
  0.3022107440934334    
  0.3033883554153926    
  0.3045749705986330    
  0.3057706733665335    
  0.3069755491296188    
  0.3081896850150276    
  0.3094131698967000    
  0.3106460944263058    
  0.3118885510648987    
  0.3131406341153345    
  0.3144024397554571    
  0.3156740660720654    
  0.3169556130956697    
  0.3182471828360639    
  0.3195488793187266    
  0.3208608086220652    
  0.3221830789155106    
  0.3235158004984926    
  0.3248590858403131    
  0.3262130496209080    
  0.3275778087725014    
  0.3289534825221783    
  0.3303401924353966    
  0.3317380624604493    
  0.3331472189738525    
  0.3345677908266921    
  0.3359999093919508    
  0.3374437086128234    
  0.3388993250520005    
  0.3403668979419319    
  0.3418465692360799    
  0.3433384836611765    
  0.3448427887704604    
  0.3463596349978998    
  0.3478891757134021    
  0.3494315672790015    
  0.3509869691059915    
  0.3525555437129870    
  0.3541374567848988    
  0.3557328772328107    
  0.3573419772547034    
  0.3589649323970135    
  0.3606019216169992    
  0.3622531273458712    
  0.3639187355526134    
  0.3655989358084185    
  0.3672939213516763    
  0.3690038891534453    
  0.3707290399833005    
  0.3724695784754652    
  0.3742257131951139    
  0.3759976567047142    
  0.3777856256302443    
  0.3795898407271253    
  0.3814105269457119    
  0.3832479134961597    
  0.3851022339124288    
  0.3869737261151775    
  0.3888626324732644    
  0.3907691998635450    
  0.3926936797286074    
  0.3946363281320885    
  0.3965974058111822    
  0.3985771782258952    
  0.4005759156045155    
  0.4025938929847528    
  0.4046313902499689    
  0.4066886921598493    
  0.4087660883747581    
  0.4108638734729543    
  0.4129823469597754    
  0.4151218132678236    
  0.4172825817470358    
  0.4194649666434870    
  0.4216692870656443    
  0.4238958669366561    
  0.4261450349310870    
  0.4284171243943800    
  0.4307124732431943    
  0.4330314238445642    
  0.4353743228715684    
  0.4377415211330061    
  0.4401333733743525    
  0.4425502380470135    
  0.4449924770425754    
  0.4474604553884530    
  0.4499545409010111    
  0.4524751037918474    
  0.4550225162224562    
  0.4575971518020661    
  0.4601993850229762    
  0.4628295906271589    
  0.4654881428972730    
  0.4681754148646058    
  0.4708917774257879    
  0.4736375983593405    
  0.4764132412322268    
  0.4792190641857009    
  0.4820554185887673    
  0.4849226475464576    
  0.4878210842489065    
  0.4907510501459957    
  0.4937128529310226    
  0.4967067843153448    
  0.4997331175742415    
  0.5027921048425299    
  0.5058839741366536    
  0.5090089260779807    
  0.5121671302898735    
  0.5153587214388908    
  0.5185837948881805    
  0.5218424019286249    
  0.5251345445505702    
  0.5284601697162461    
  0.5318191630902263    
  0.5352113421824494    
  0.5386364488554332    
  0.5420941411445548    
  0.5455839843376638    
  0.5491054412577832    
  0.5526578616903043    
  0.5562404708942844    
  0.5598523571363261    
  0.5634924581851182    
  0.5671595467051913    
  0.5708522144902634    
  0.5745688554800114    
  0.5783076475094744    
  0.5820665327479000    
  0.5858431967944375    
  0.5896350464122329    
  0.5934391859007005    
  0.5972523921286319    
  0.6010710882793286    
  0.6048913163939762    
  0.6087087088417398    
  0.6125184588953283    
  0.6163152906501067    
  0.6200934285940539    
  0.6238465672154605    
  0.6275678411255483    
  0.6312497962743528    
  0.6348843629498599    
  0.6384628313711973    
  0.6419758308145389    
  0.6454133133424422    
  0.6487645433395971    
  0.6520180941847423    
  0.6551618535025016    
  0.6581830385311377    
  0.6610682232020019    
  0.6638033785414150    
  0.6663739279625434    
  0.6687648188999449    
  0.6709606120392335    
  0.6729455890961442    
  0.6747038796934109    
  0.6762196073654387    
  0.6774770540912425    
  0.6784608420249729    
  0.6791561302797802    
  0.6795488237550321    
  0.6796257901197620    
  0.6793750802266423    
  0.6787861464883511    
  0.6778500531640339    
  0.6765596721387523    
  0.6749098576866586    
  0.6728975939286538    
  0.6705221092480966    
  0.6677849528110200    
  0.6646900295209781    
  0.6612435911674619    
  0.6574541831225240    
  0.6533325476080831    
  0.6488914861929016    
  0.6441456856808658    
  0.6391115128292270    
  0.6338067843143275    
  0.6282505189952954    
  0.6224626797934740    
  0.6164639124153721    
  0.6102752877334249    
  0.6039180539550153    
  0.5974134038224421    
  0.5907822610673605    
  0.5840450892647078    
  0.5772217251583176    
  0.5703312375177763    
  0.5633918116755841    
  0.5564206591142666    
  0.5494339508402224    
  0.5424467727983135    
  0.5354731012428240    
  0.5285257957743567    
  0.5216166076618133    
  0.5147562010742937    
  0.5079541849293845    
  0.5012191532028003    
  0.4945587317221906    
  0.4879796296698701    
  0.4814876942322850    
  0.4750879670483396    
  0.4687847413164719    
  0.4625816186159340    
  0.4564815646772299    
  0.4504869634982365    
  0.4445996693453107    
  0.4388210563026688    
  0.4331520651389845    
  0.4275932473489026    
  0.4221448063004911    
  0.4168066354791177    
  0.4115783538653026    
  0.4064593385206074    
  0.4014487544831459    
  0.3965455820942479    
  0.3917486418912300    
  0.3870566172094941    
  0.3824680746413112    
  0.3779814824994872    
  0.3735952274321894    
  0.3693076293313490    
  0.3651169546718098    
  0.3610214284121960    
  0.3570192445814249    
  0.3531085756673633    
  0.3492875809165725    
  0.3455544136465816    
  0.3419072276646296    
  0.3383441828795251    
  0.3348634501863127    
  0.3314632156969081    
  0.3281416843835496    
  0.3248970831960384    
  0.3217276637082561    
  0.3186317043444405    
  0.3156075122309532    
  0.3126534247149199    
  0.3097678105871476    
  0.3069490710431311    
  0.3041956404125821    
  0.3015059866848522    
  0.2988786118548505    
  0.2963120521115945    
  0.2938048778892070    
  0.2913556937980837    
  0.2889631384520840    
  0.2866258842059656    
  0.2843426368157098    
  0.2821121350329924    
  0.2799331501438206    
  0.2778044854602917    
  0.2757249757733952    
  0.2736934867738500    
  0.2717089144471738    
  0.2697701844484979    
  0.2678762514619589    
  0.2660260985488946    
  0.2642187364885569    
  0.2624532031146340    
  0.2607285626504249    
  0.2590439050451246    
  0.2573983453133394    
  0.2557910228797198    
  0.2542211009302844    
  0.2526877657717699    
  0.2511902262001362    
  0.2497277128792184    
  0.2482994777303171    
  0.2469047933333613    
  0.2455429523401526    
  0.2442132669001334    
  0.2429150680989898    
  0.2416477054103033    
  0.2404105461603814    
  0.2392029750063833    
  0.2380243934277584    
  0.2368742192309626    
  0.2357518860673729    
  0.2346568429643174    
  0.2335885538690843    
  0.2325464972057278    
  0.2315301654444723    
  0.2305390646835311    
  0.2295727142431176    
  0.2286306462713954    
  0.2277124053621138    
  0.2268175481836935    
  0.2259456431195029    
  0.2250962699190457    
  0.2242690193597846    
  0.2234634929193515    
  0.2226793024578713    
  0.2219160699101206    
  0.2211734269872439    
  0.2204510148877857    
  0.2197484840177756    
  0.2190654937195922    
  0.2184017120093461    
  0.2177568153225551    
  0.2171304882678597    
  0.2165224233885268    
  0.2159323209315027    
  0.2153598886238060    
  0.2148048414560346    
  0.2142669014727514    
  0.2137457975695309    
  0.2132412652964816    
  0.2127530466680404    
  0.2122808899788258    
  0.2118245496253567    
  0.2113837859334691    
  0.2109583649912503    
  0.2105480584872992    
  0.2101526435541404    
  0.2097719026166468    
  0.2094056232453121    
  0.2090535980142014    
  0.2087156243634237    
  0.2083915044659991    
  0.2080810450989869    
  0.2077840575187181    
  0.2075003573399999    
  0.2072297644191773    
  0.2069721027409282    
  0.2067272003086635    
  0.2064948890384084    
  0.2062750046560702    
  0.2060673865979860    
  0.2058718779146293    
  0.2056883251773688    
  0.2055165783882002    
  0.2053564908923507    
  0.2052079192936576    
  0.2050707233726242    
  0.2049447660070880    
  0.2048299130954088    
  0.2047260334820865    
  0.2046329988857256    
  0.2045506838292896    
  0.2044789655725728    
  0.2044177240468012    
  0.2043668417912932    
  0.2043262038921273    
  0.2042956979227536    
  0.2042752138864742    
  0.2042646441607292    
  0.2042638834431461    
  0.2042728286992957    
  0.2042913791120878    
  0.2043194360327487    
  0.2043569029333463    
  0.2044036853608141    
  0.2044596908924110    
  0.2045248290925722    
  0.2045990114711155    
  0.2046821514427655    
  0.2047741642879370    
  0.2048749671147369    
  0.2049844788221586    
  0.2051026200644325    
  0.2052293132164829    
  0.2053644823404500    
  0.2055080531532633    
  0.2056599529952330    
  0.2058201107996093    
  0.2059884570630781    
  0.2061649238171793    
  0.2063494446006212    
  0.2065419544324484    
  0.2067423897860320    
  0.2069506885638696    
  0.2071667900731764    
  0.2073906350022250    
  0.2076221653974116    
  0.2078613246410352    
  0.2081080574297747    
  0.2083623097538262    
  0.2086240288766796    
  0.2088931633155238    
  0.2091696628222740    
  0.2094534783651801    
  0.2097445621110033    
  0.2100428674077484    
  0.2103483487679463    
  0.2106609618524544    
  0.2109806634547585    
  0.2113074114857704    
  0.2116411649591143    
  0.2119818839768749    
  0.2123295297157961    
  0.2126840644139206    
  0.2130454513576656    
  0.2134136548693119    
  0.2137886402948921    
  0.2141703739924820    
  0.2145588233208869    
  0.2149539566286982    
  0.2153557432437098    
  0.2157641534626984    
  0.2161791585415613    
  0.2166007306857939    
  0.2170288430412928    
  0.2174634696854883    
  0.2179045856188054    
  0.2183521667564332    
  0.2188061899203940    
  0.2192666328319151    
  0.2197334741041049    
  0.2202066932349138    
  0.2206862706003733    
  0.2211721874481141    
  0.2216644258911669    
  0.2221629689020317    
  0.2226678003070051    
  0.2231789047807734    
  0.2236962678412676    
  0.2242198758447735    
  0.2247497159812879    
  0.2252857762701237    
  0.2258280455557670    
  0.2263765135039714    
  0.2269311705980884    
  0.2274920081356365    
  0.2280590182251161    
  0.2286321937830554    
  0.2292115285312815    
  0.2297970169944241    
  0.2303886544976557    
  0.2309864371646550    
  0.2315903619157947    
  0.2322004264665563    
  0.2328166293261790    
  0.2334389697965306    
  0.2340674479711966    
  0.2347020647347965    
  0.2353428217625295    
  0.2359897215199404    
  0.2366427672629074    
  0.2373019630378536    
  0.2379673136821905    
  0.2386388248249828    
  0.2393165028878319    
  0.2400003550859856    
  0.2406903894296885    
  0.2413866147257587    
  0.2420890405793892    
  0.2427976773961755    
  0.2435125363843847    
  0.2442336295574602    
  0.2449609697367604    
  0.2456945705545313    
  0.2464344464571247    
  0.2471806127084548    
  0.2479330853937019    
  0.2486918814232540    
  0.2494570185369026    
  0.2502285153082896    
  0.2510063911496020    
  0.2517906663165256    
  0.2525813619134607    
  0.2533784998990009    
  0.2541821030916736    
  0.2549921951759491    
  0.2558088007085251    
  0.2566319451248893    
  0.2574616547461607    
  0.2582979567862147    
  0.2591408793591017    
  0.2599904514867526    
  0.2608467031069832    
  0.2617096650817954    
  0.2625793692059901    
  0.2634558482160868    
  0.2643391357995550    
  0.2652292666043683    
  0.2661262762488864    
  0.2670302013320691    
  0.2679410794440192    
  0.2688589491768627    
  0.2697838501359833    
  0.2707158229516173    
  0.2716549092908120    
  0.2726011518697459    
  0.2735545944664250    
  0.2745152819337562    
  0.2754832602130192    
  0.2764585763477317    
  0.2774412784979184    
  0.2784314159547837    
  0.2794290391557996    
  0.2804341997002266    
  0.2814469503650713    
  0.2824673451214778    
  0.2834954391515647    
  0.2845312888657288    
  0.2855749519204297    
  0.2866264872364564    
  0.2876859550176737    
  0.2887534167702666    
  0.2898289353225042    
  0.2909125748450246    
  0.2920044008716474    
  0.2931044803207205    
  0.2942128815170243    
  0.2953296742142378    
  0.2964549296179741    
  0.2975887204093989    
  0.2987311207694550    
  0.2998822064037002    
  0.3010420545677642    
  0.3022107440934334    
  0.3033883554153926    
  0.3045749705986330    
  0.3057706733665335    
  0.3069755491296188    
