  0.2112686901923921    
  0.2152392748491917    
  0.2193294161770174    
  0.2235428785918922    
  0.2278848487407884    
  0.2323594687665377    
  0.2369699899797182    
  0.2417213935718941    
  0.2466202426474782    
  0.2516720078385539    
  0.2568813364456854    
  0.2622549256249854    
  0.2678012788823818    
  0.2735277967247302    
  0.2794411971265252    
  0.2855506909072184    
  0.2918676172094965    
  0.2984022583196977    
  0.3051644606405677    
  0.3121671745663338    
  0.3194259129347456    
  0.3269552062240462    
  0.3347694619010120    
  0.3428868943724951    
  0.3513286083838520    
  0.3601144038268069    
  0.3692636815700001    
  0.3787993776208954    
  0.3887456681962007    
  0.3991216051947050    
  0.4099400962273988    
  0.4212084800177495    
  0.4329188211680168    
  0.4450301141070753    
  0.4574517289494602    
  0.4700194858080733    
  0.4824472690873822    
  0.4942591163937177    
  0.5047220357762331    
  0.5127948376494018    
  0.5171381220797009    
  0.5162936866223728    
  0.5091038374912791    
  0.4952295223489540    
  0.4754321459291212    
  0.4513791197631471    
  0.4250830700696587    
  0.3983369948377980    
  0.3724234955131075    
  0.3481055104302916    
  0.3257472129959698    
  0.3054465054137562    
  0.2871443435838120    
  0.2707053199438750    
  0.2559647129062416    
  0.2427501825883890    
  0.2308947440408257    
  0.2202463268871295    
  0.2106700578564516    
  0.2020456159642958    
  0.1942663634229859    
  0.1872400919959513    
  0.1808872361460502    
  0.1751376523912497    
  0.1699295906105250    
  0.1652098516721093    
  0.1609323363164726    
  0.1570560590049905    
  0.1535447806209636    
  0.1503671396165017    
  0.1474956333261311    
  0.1449055433682717    
  0.1425749629298768    
  0.1404848153792846    
  0.1386180900067698    
  0.1369593709384235    
  0.1354950582690199    
  0.1342132130888079    
  0.1331029382891845    
  0.1321543294563821    
  0.1313587842891693    
  0.1307086564984264    
  0.1301967267087214    
  0.1298164710801264    
  0.1295624055267058    
  0.1294295511981859    
  0.1294129685281096    
  0.1295082811198149    
  0.1297120268104134    
  0.1300209441222177    
  0.1304315560061554    
  0.1309409095077317    
  0.1315469180149946    
  0.1322474787194556    
  0.1330400991025074    
  0.1339228262733445    
  0.1348945707327095    
  0.1359540633200227    
  0.1370995208772865    
  0.1383297476574390    
  0.1396444339952111    
  0.1410429591233656    
  0.1425240946118248    
  0.1440872662963226    
  0.1457328229222488    
  0.1474606891417130    
  0.1492701070309876    
  0.1511610517311340    
  0.1531344660381543    
  0.1551907658728660    
  0.1573296216606135    
  0.1595515248260510    
  0.1618579846392657    
  0.1642498863648430    
  0.1667273156655071    
  0.1692912765875786    
  0.1719438468088181    
  0.1746863864021030    
  0.1775194098455590    
  0.1804444594839003    
  0.1834642146944867    
  0.1865805466499251    
  0.1897944442191654    
  0.1931080504902494    
  0.1965247203388241    
  0.2000469136628285    
  0.2036761837330320    
  0.2074153886233437    
  0.2112686901923921    
  0.2152392748491917    
  0.2193294161770174    
  0.2235428785918922    
  0.2278848487407884    
  0.2323594687665377    
  0.2369699899797182    
  0.2417213935718941    
  0.2466202426474782    
  0.2516720078385539    
  0.2568813364456854    
  0.2622549256249854    
  0.2678012788823818    
  0.2735277967247302    
  0.2794411971265252    
  0.2855506909072184    
  0.2918676172094965    
  0.2984022583196977    
  0.3051644606405677    
  0.3121671745663338    
  0.3194259129347456    
  0.3269552062240462    
  0.3347694619010120    
  0.3428868943724951    
  0.3513286083838520    
  0.3601144038268069    
  0.3692636815700001    
  0.3787993776208954    
  0.3887456681962007    
  0.3991216051947050    
  0.4099400962273988    
  0.4212084800177495    
  0.4329188211680168    
  0.4450301141070753    
  0.4574517289494602    
  0.4700194858080733    
  0.4824472690873822    
  0.4942591163937177    
  0.5047220357762331    
  0.5127948376494018    
  0.5171381220797009    
  0.5162936866223728    
  0.5091038374912791    
  0.4952295223489540    
  0.4754321459291212    
  0.4513791197631471    
  0.4250830700696587    
  0.3983369948377980    
  0.3724234955131075    
  0.3481055104302916    
  0.3257472129959698    
  0.3054465054137562    
  0.2871443435838120    
  0.2707053199438750    
  0.2559647129062416    
  0.2427501825883890    
  0.2308947440408257    
  0.2202463268871295    
  0.2106700578564516    
  0.2020456159642958    
  0.1942663634229859    
  0.1872400919959513    
  0.1808872361460502    
  0.1751376523912497    
  0.1699295906105250    
  0.1652098516721093    
  0.1609323363164726    
  0.1570560590049905    
  0.1535447806209636    
  0.1503671396165017    
  0.1474956333261311    
  0.1449055433682717    
  0.1425749629298768    
  0.1404848153792846    
  0.1386180900067698    
  0.1369593709384235    
  0.1354950582690199    
  0.1342132130888079    
  0.1331029382891845    
  0.1321543294563821    
  0.1313587842891693    
  0.1307086564984264    
  0.1301967267087214    
  0.1298164710801264    
  0.1295624055267058    
  0.1294295511981859    
  0.1294129685281096    
  0.1295082811198149    
  0.1297120268104134    
  0.1300209441222177    
  0.1304315560061554    
  0.1309409095077317    
  0.1315469180149946    
  0.1322474787194556    
  0.1330400991025074    
  0.1339228262733445    
  0.1348945707327095    
  0.1359540633200227    
  0.1370995208772865    
  0.1383297476574390    
  0.1396444339952111    
  0.1410429591233656    
  0.1425240946118248    
  0.1440872662963226    
  0.1457328229222488    
  0.1474606891417130    
  0.1492701070309876    
  0.1511610517311340    
  0.1531344660381543    
  0.1551907658728660    
  0.1573296216606135    
  0.1595515248260510    
  0.1618579846392657    
  0.1642498863648430    
  0.1667273156655071    
  0.1692912765875786    
  0.1719438468088181    
  0.1746863864021030    
  0.1775194098455590    
  0.1804444594839003    
  0.1834642146944867    
  0.1865805466499251    
  0.1897944442191654    
  0.1931080504902494    
  0.1965247203388241    
  0.2000469136628285    
  0.2036761837330320    
  0.2074153886233437    
