 -0.2180205834272140E-01
 -0.6102945750740927E-02
  0.9576291943018561E-02
  0.2523158262056828E-01
  0.4085886346745515E-01
  0.5645408287934583E-01
  0.7201320400736062E-01
  0.8753220935308829E-01
  0.1030071037099239    
  0.1184339160484559    
  0.1338087031082645    
  0.1491275540675660    
  0.1643865934323698    
  0.1795819827732173    
  0.1947099242527008    
  0.2097666653016362    
  0.2247485013762369    
  0.2396517774083805    
  0.2544728911279012    
  0.2692082976759580    
  0.2838545121886746    
  0.2984081108403983    
  0.3128657337797051    
  0.3272240895790614    
  0.3414799576548954    
  0.3556301888615770    
  0.3696717078413079    
  0.3836015171130070    
  0.3974166993398692    
  0.4111144175866562    
  0.4246919169865289    
  0.4381465281438750    
  0.4514756690829667    
  0.4646768453900219    
  0.4777476514351717    
  0.4906857728447976    
  0.5034889875967214    
  0.5161551659738544    
  0.5286822719285221    
  0.5410683650338415    
  0.5533116001887942    
  0.5654102264798547    
  0.5773625887529069    
  0.5891671302211177    
  0.6008223915075840    
  0.6123270074636077    
  0.6236797073786312    
  0.6348793182857742    
  0.6459247653176848    
  0.6568150679846774    
  0.6675493378762229    
  0.6781267800054843    
  0.6885466937057981    
  0.6988084708991791    
  0.7089115944293400    
  0.7188556373401950    
  0.7286402606680780    
  0.7382652105479484    
  0.7477303184656178    
  0.7570355033678116    
  0.7661807697361827    
  0.7751662014336629    
  0.7839919580358120    
  0.7926582762239557    
  0.8011654710352517    
  0.8095139335065048    
  0.8177041275225569    
  0.8257365876594303    
  0.8336119157447190    
  0.8413307766715199    
  0.8488938979357568    
  0.8563020724942776    
  0.8635561583134798    
  0.8706570723753179    
  0.8776057849298544    
  0.8844033178225894    
  0.8910507437603132    
  0.8975491844092415    
  0.9038998101356985    
  0.9101038413663951    
  0.9161625462200148    
  0.9220772332864411    
  0.9278492460599407    
  0.9334799627565020    
  0.9389707971517329    
  0.9443231970748238    
  0.9495386435583417    
  0.9546186518022876    
  0.9595647690323016    
  0.9643785675523908    
  0.9690616392064968    
  0.9736155952720739    
  0.9780420673844257    
  0.9823427058453469    
  0.9865191788188448    
  0.9905731744503481    
  0.9945064006465176    
  0.9983205793677090    
   1.002017440978554    
   1.005598723301254    
   1.009066171483032    
   1.012421535052256    
   1.015666566378172    
   1.018803023820348    
   1.021832674218435    
   1.024757289902356    
   1.027578644595273    
   1.030298513053584    
   1.032918670634136    
   1.035440888624598    
   1.037866930065312    
   1.040198551248361    
   1.042437504571962    
   1.044585537068716    
   1.046644388173140    
   1.048615791909048    
   1.050501479405762    
   1.052303175868226    
   1.054022595847709    
   1.055661443240940    
   1.057221412864194    
   1.058704187432697    
   1.060111433330557    
   1.061444801917639    
   1.062705933303929    
   1.063896455381384    
   1.065017980571642    
   1.066072107429400    
   1.067060424631986    
   1.067984509660613    
   1.068845924152592    
   1.069646213949082    
   1.070386912421294    
   1.071069538962603    
   1.071695593829301    
   1.072266557952411    
   1.072783897221900    
   1.073249062412757    
   1.073663484654753    
   1.074028575471225    
   1.074345732029072    
   1.074616338188550    
   1.074841759822702    
   1.075023343902799    
   1.075162423632885    
   1.075260319946833    
   1.075318336157023    
   1.075337755561105    
   1.075319846320070    
   1.075265863897319    
   1.075177045681852    
   1.075054607433933    
   1.074899748237512    
   1.074713654661536    
   1.074497496104686    
   1.074252420100606    
   1.073979557019438    
   1.073680026115089    
   1.073354931949536    
   1.073005358132883    
   1.072632370799087    
   1.072237026260617    
   1.071820368967593    
   1.071383423505139    
   1.070927195773141    
   1.070452681844801    
   1.069960868368162    
   1.069452723389414    
   1.068929194354284    
   1.068391217454983    
   1.067839721542395    
   1.067275619134192    
   1.066699800656226    
   1.066113142871147    
   1.065516516854992    
   1.064910781146271    
   1.064296772289302    
   1.063675310247037    
   1.063047209806246    
   1.062413278008761    
   1.061774302264879    
   1.061131050632772    
   1.060484284456275    
   1.059834761587245    
   1.059183224820229    
   1.058530396122794    
   1.057876987056129    
   1.057223707522477    
   1.056571258102351    
   1.055920319709181    
   1.055271558408225    
   1.054625636878909    
   1.053983213276990    
   1.053344930326367    
   1.052711413302876    
   1.052083279534386    
   1.051461143334864    
   1.050845609353779    
   1.050237266204919    
   1.049636690026106    
   1.049044451295192    
   1.048461114857523    
   1.047887234621875    
   1.047323351053381    
   1.046769994226039    
   1.046227688131638    
   1.045696951153069    
   1.045178292108089    
   1.044672206849029    
   1.044179180823825    
   1.043699695141827    
   1.043234227197427    
   1.042783243948860    
   1.042347198120779    
   1.041926534300181    
   1.041521695942010    
   1.041133121895473    
   1.040761237851869    
   1.040406456622984    
   1.040069186717821    
   1.039749835425221    
   1.039448802244766    
   1.039166473766239    
   1.038903227171548    
   1.038659435594710    
   1.038435467849031    
   1.038231684914243    
   1.038048438198897    
   1.037886069837731    
   1.037744914273654    
   1.037625301168315    
   1.037527556235529    
   1.037451996653700    
   1.037398926456066    
   1.037368640155819    
   1.037361430599253    
   1.037377588634282    
   1.037417394279491    
   1.037481113034948    
   1.037569002760091    
   1.037681319784405    
   1.037818315636382    
   1.037980231426202    
   1.038167298233549    
   1.038379739909117    
   1.038617772805120    
   1.038881605562694    
   1.039171441635707    
   1.039487479120563    
   1.039829905523033    
   1.040198895572891    
   1.040594616825004    
   1.041017234323597    
   1.041466906603625    
   1.041943779902656    
   1.042447989617404    
   1.042979664634232    
   1.043538926244689    
   1.044125884871442    
   1.044740641735735    
   1.045383291857270    
   1.046053921172556    
   1.046752601744426    
   1.047479393496267    
   1.048234349498180    
   1.049017515579036    
   1.049828925311204    
   1.050668598950410    
   1.051536546628835    
   1.052432768636449    
   1.053357252459155    
   1.054309972982555    
   1.055290895797940    
   1.056299976903703    
   1.057337158399870    
   1.058402367163935    
   1.059495518286703    
   1.060616517119676    
   1.061765257038192    
   1.062941617286754    
   1.064145463675098    
   1.065376649207881    
   1.066635012796938    
   1.067920378569999    
   1.069232557118835    
   1.070571346148931    
   1.071936528779757    
   1.073327871274298    
   1.074745122425265    
   1.076188014698178    
   1.077656265653522    
   1.079149577611433    
   1.080667634850649    
   1.082210101122270    
   1.083776620859705    
   1.085366822133746    
   1.086980316139309    
   1.088616693707550    
   1.090275524774725    
   1.091956361326769    
   1.093658737502176    
   1.095382165948125    
   1.097126137696361    
   1.098890126952370    
   1.100673591809457    
   1.102475967793542    
   1.104296664675971    
   1.106135072616566    
   1.107990567092588    
   1.109862503089956    
   1.111750207280283    
   1.113652980302197    
   1.115570103695216    
   1.117500838718168    
   1.119444419195913    
   1.121400050042485    
   1.123366911690262    
   1.125344161132164    
   1.127330928761906    
   1.129326318053246    
   1.131329408010984    
   1.133339252650736    
   1.135354879147973    
   1.137375290238798    
   1.139399467531367    
   1.141426368996265    
   1.143454924781209    
   1.145484039610339    
   1.147512597558499    
   1.149539459267514    
   1.151563455031522    
   1.153583385045457    
   1.155598024881594    
   1.157606124412766    
   1.159606400819020    
   1.161597537813261    
   1.163578192144790    
   1.165546995797985    
   1.167502551680205    
   1.169443433572028    
   1.171368193096161    
   1.173275363280573    
   1.175163454838115    
   1.177030954163946    
   1.178876326775537    
   1.180698017889692    
   1.182494446685496    
   1.184264002540817    
   1.186005047400427    
   1.187715917312383    
   1.189394919733727    
   1.191040333311676    
   1.192650413035524    
   1.194223393953405    
   1.195757490568972    
   1.197250898354195    
   1.198701799608432    
   1.200108366555736    
   1.201468758538553    
   1.202781119016651    
   1.204043574401654    
   1.205254229764815    
   1.206411162541747    
   1.207512423130403    
   1.208556043458461    
   1.209540043925648    
   1.210462434780715    
   1.211321218179123    
   1.212114392972355    
   1.212839956777725    
   1.213495905199466    
   1.214080232673499    
   1.214590930199385    
   1.215025972901166    
   1.215383308667689    
   1.215660866755445    
   1.215856579521378    
   1.215968390185648    
   1.215994243153070    
   1.215932083488799    
   1.215779874410613    
   1.215535604727622    
   1.215197268546342    
   1.214762842920274    
   1.214230292014708    
   1.213597585031326    
   1.212862700977798    
   1.212023625801705    
   1.211078363528535    
   1.210024954308148    
   1.208861473318346    
   1.207586010604949    
   1.206196657392300    
   1.204691508571085    
   1.203068667814036    
   1.201326250506532    
   1.199462395297426    
   1.197475282724441    
   1.195363141717474    
   1.193124236657497    
   1.190756850564627    
   1.188259278328457    
   1.185629827906536    
   1.182866826468560    
   1.179968635013398    
   1.176933666531421    
   1.173760391348407    
   1.170447323443331    
   1.166993001792217    
   1.163395982600984    
   1.159654844472340    
   1.155768201619352    
   1.151734720671362    
   1.147553131877911    
   1.143222223333714    
   1.138740820881906    
   1.134107772882821    
   1.129321954423179    
   1.124382285627569    
   1.119287748517809    
   1.114037392064021    
   1.108630323308950    
   1.103065690091851    
   1.097342669583105    
   1.091460475873606    
   1.085418381817665    
   1.079215733651537    
   1.072851944393902    
   1.066326475147708    
   1.059638824015381    
   1.052788531981005    
   1.045775199368995    
   1.038598498694840    
   1.031258172458301    
   1.023754017409189    
   1.016085871908387    
   1.008253621970771    
   1.000257220257468    
  0.9920966958379818    
  0.9837721440703450    
  0.9752837108156676    
  0.9666315905642077    
  0.9578160392670513    
  0.9488373859617389    
  0.9396960311291528    
  0.9303924356319282    
  0.9209271137856383    
  0.9113006389349685    
  0.9015136552531551    
  0.8915668812418882    
  0.8814611005030902    
  0.8711971528860833    
  0.8607759391510943    
  0.8501984326530063    
  0.8394656810933984    
  0.8285787968117929    
  0.8175389514507445    
  0.8063473829224979    
  0.7950054031193573    
  0.7835143950612576    
  0.7718758057569195    
  0.7600911465122715    
  0.7481619990475282    
  0.7360900173055223    
  0.7238769233932248    
  0.7115245051801481    
  0.6990346187491165    
  0.6864091908736075    
  0.6736502179296361    
  0.6607597637630424    
  0.6477399596846454    
  0.6345930057708308    
  0.6213211711131393    
  0.6079267927224820    
  0.5944122745053219    
  0.5807800872353360    
  0.5670327689744038    
  0.5531729247219197    
  0.5392032250958047    
  0.5251264053386197    
  0.5109452654214852    
  0.4966626699923083    
  0.4822815469544052    
  0.4678048858234067    
  0.4532357373901621    
  0.4385772136572108    
  0.4238324862889739    
  0.4090047844886720    
  0.3940973942205722    
  0.3791136579637847    
  0.3640569729597761    
  0.3489307886794486    
  0.3337386056295961    
  0.3184839748394719    
  0.3031704958428449    
  0.2878018137607943    
  0.2723816177182448    
  0.2569136400285307    
  0.2414016538727529    
  0.2258494700119459    
  0.2102609348412193    
  0.1946399292691912    
  0.1789903660838846    
  0.1633161863129392    
  0.1476213569506288    
  0.1319098695533773    
  0.1161857373055889    
  0.1004529910594784    
  0.8471567678370245E-01
  0.6897785391862950E-01
  0.5324359217726232E-01
  0.3751696731068533E-01
  0.2180205834272140E-01
  0.6102945750740927E-02
 -0.9576291943018561E-02
 -0.2523158262056828E-01
 -0.4085886346745515E-01
 -0.5645408287934583E-01
 -0.7201320400736062E-01
 -0.8753220935308829E-01
 -0.1030071037099239    
 -0.1184339160484559    
 -0.1338087031082645    
 -0.1491275540675660    
 -0.1643865934323698    
 -0.1795819827732173    
 -0.1947099242527008    
 -0.2097666653016362    
 -0.2247485013762369    
 -0.2396517774083805    
 -0.2544728911279012    
 -0.2692082976759580    
 -0.2838545121886746    
 -0.2984081108403983    
 -0.3128657337797051    
 -0.3272240895790614    
 -0.3414799576548954    
 -0.3556301888615770    
 -0.3696717078413079    
 -0.3836015171130070    
 -0.3974166993398692    
 -0.4111144175866562    
 -0.4246919169865289    
 -0.4381465281438750    
 -0.4514756690829667    
 -0.4646768453900219    
 -0.4777476514351717    
 -0.4906857728447976    
 -0.5034889875967214    
 -0.5161551659738544    
 -0.5286822719285221    
 -0.5410683650338415    
 -0.5533116001887942    
 -0.5654102264798547    
 -0.5773625887529069    
 -0.5891671302211177    
 -0.6008223915075840    
 -0.6123270074636077    
 -0.6236797073786312    
 -0.6348793182857742    
 -0.6459247653176848    
 -0.6568150679846774    
 -0.6675493378762229    
 -0.6781267800054843    
 -0.6885466937057981    
 -0.6988084708991791    
 -0.7089115944293400    
 -0.7188556373401950    
 -0.7286402606680780    
 -0.7382652105479484    
 -0.7477303184656178    
 -0.7570355033678116    
 -0.7661807697361827    
 -0.7751662014336629    
 -0.7839919580358120    
 -0.7926582762239557    
 -0.8011654710352517    
 -0.8095139335065048    
 -0.8177041275225569    
 -0.8257365876594303    
 -0.8336119157447190    
 -0.8413307766715199    
 -0.8488938979357568    
 -0.8563020724942776    
 -0.8635561583134798    
 -0.8706570723753179    
 -0.8776057849298544    
 -0.8844033178225894    
 -0.8910507437603132    
 -0.8975491844092415    
 -0.9038998101356985    
 -0.9101038413663951    
 -0.9161625462200148    
 -0.9220772332864411    
 -0.9278492460599407    
 -0.9334799627565020    
 -0.9389707971517329    
 -0.9443231970748238    
 -0.9495386435583417    
 -0.9546186518022876    
 -0.9595647690323016    
 -0.9643785675523908    
 -0.9690616392064968    
 -0.9736155952720739    
 -0.9780420673844257    
 -0.9823427058453469    
 -0.9865191788188448    
 -0.9905731744503481    
 -0.9945064006465176    
 -0.9983205793677090    
  -1.002017440978554    
  -1.005598723301254    
  -1.009066171483032    
  -1.012421535052256    
  -1.015666566378172    
  -1.018803023820348    
  -1.021832674218435    
  -1.024757289902356    
  -1.027578644595273    
  -1.030298513053584    
  -1.032918670634136    
  -1.035440888624598    
  -1.037866930065312    
  -1.040198551248361    
  -1.042437504571962    
  -1.044585537068716    
  -1.046644388173140    
  -1.048615791909048    
  -1.050501479405762    
  -1.052303175868226    
  -1.054022595847709    
  -1.055661443240940    
  -1.057221412864194    
  -1.058704187432697    
  -1.060111433330557    
  -1.061444801917639    
  -1.062705933303929    
  -1.063896455381384    
  -1.065017980571642    
  -1.066072107429400    
  -1.067060424631986    
  -1.067984509660613    
  -1.068845924152592    
  -1.069646213949082    
  -1.070386912421294    
  -1.071069538962603    
  -1.071695593829301    
  -1.072266557952411    
  -1.072783897221900    
  -1.073249062412757    
  -1.073663484654753    
  -1.074028575471225    
  -1.074345732029072    
  -1.074616338188550    
  -1.074841759822702    
  -1.075023343902799    
  -1.075162423632885    
  -1.075260319946833    
  -1.075318336157023    
  -1.075337755561105    
  -1.075319846320070    
  -1.075265863897319    
  -1.075177045681852    
  -1.075054607433933    
  -1.074899748237512    
  -1.074713654661536    
  -1.074497496104686    
  -1.074252420100606    
  -1.073979557019438    
  -1.073680026115089    
  -1.073354931949536    
  -1.073005358132883    
  -1.072632370799087    
  -1.072237026260617    
  -1.071820368967593    
  -1.071383423505139    
  -1.070927195773141    
  -1.070452681844801    
  -1.069960868368162    
  -1.069452723389414    
  -1.068929194354284    
  -1.068391217454983    
  -1.067839721542395    
  -1.067275619134192    
  -1.066699800656226    
  -1.066113142871147    
  -1.065516516854992    
  -1.064910781146271    
  -1.064296772289302    
  -1.063675310247037    
  -1.063047209806246    
  -1.062413278008761    
  -1.061774302264879    
  -1.061131050632772    
  -1.060484284456275    
  -1.059834761587245    
  -1.059183224820229    
  -1.058530396122794    
  -1.057876987056129    
  -1.057223707522477    
  -1.056571258102351    
  -1.055920319709181    
  -1.055271558408225    
  -1.054625636878909    
  -1.053983213276990    
  -1.053344930326367    
  -1.052711413302876    
  -1.052083279534386    
  -1.051461143334864    
  -1.050845609353779    
  -1.050237266204919    
  -1.049636690026106    
  -1.049044451295192    
  -1.048461114857523    
  -1.047887234621875    
  -1.047323351053381    
  -1.046769994226039    
  -1.046227688131638    
  -1.045696951153069    
  -1.045178292108089    
  -1.044672206849029    
  -1.044179180823825    
  -1.043699695141827    
  -1.043234227197427    
  -1.042783243948860    
  -1.042347198120779    
  -1.041926534300181    
  -1.041521695942010    
  -1.041133121895473    
  -1.040761237851869    
  -1.040406456622984    
  -1.040069186717821    
  -1.039749835425221    
  -1.039448802244766    
  -1.039166473766239    
  -1.038903227171548    
  -1.038659435594710    
  -1.038435467849031    
  -1.038231684914243    
  -1.038048438198897    
  -1.037886069837731    
  -1.037744914273654    
  -1.037625301168315    
  -1.037527556235529    
  -1.037451996653700    
  -1.037398926456066    
  -1.037368640155819    
  -1.037361430599253    
  -1.037377588634282    
  -1.037417394279491    
  -1.037481113034948    
  -1.037569002760091    
  -1.037681319784405    
  -1.037818315636382    
  -1.037980231426202    
  -1.038167298233549    
  -1.038379739909117    
  -1.038617772805120    
  -1.038881605562694    
  -1.039171441635707    
  -1.039487479120563    
  -1.039829905523033    
  -1.040198895572891    
  -1.040594616825004    
  -1.041017234323597    
  -1.041466906603625    
  -1.041943779902656    
  -1.042447989617404    
  -1.042979664634232    
  -1.043538926244689    
  -1.044125884871442    
  -1.044740641735735    
  -1.045383291857270    
  -1.046053921172556    
  -1.046752601744426    
  -1.047479393496267    
  -1.048234349498180    
  -1.049017515579036    
  -1.049828925311204    
  -1.050668598950410    
  -1.051536546628835    
  -1.052432768636449    
  -1.053357252459155    
  -1.054309972982555    
  -1.055290895797940    
  -1.056299976903703    
  -1.057337158399870    
  -1.058402367163935    
  -1.059495518286703    
  -1.060616517119676    
  -1.061765257038192    
  -1.062941617286754    
  -1.064145463675098    
  -1.065376649207881    
  -1.066635012796938    
  -1.067920378569999    
  -1.069232557118835    
  -1.070571346148931    
  -1.071936528779757    
  -1.073327871274298    
  -1.074745122425265    
  -1.076188014698178    
  -1.077656265653522    
  -1.079149577611433    
  -1.080667634850649    
  -1.082210101122270    
  -1.083776620859705    
  -1.085366822133746    
  -1.086980316139309    
  -1.088616693707550    
  -1.090275524774725    
  -1.091956361326769    
  -1.093658737502176    
  -1.095382165948125    
  -1.097126137696361    
  -1.098890126952370    
  -1.100673591809457    
  -1.102475967793542    
  -1.104296664675971    
  -1.106135072616566    
  -1.107990567092588    
  -1.109862503089956    
  -1.111750207280283    
  -1.113652980302197    
  -1.115570103695216    
  -1.117500838718168    
  -1.119444419195913    
  -1.121400050042485    
  -1.123366911690262    
  -1.125344161132164    
  -1.127330928761906    
  -1.129326318053246    
  -1.131329408010984    
  -1.133339252650736    
  -1.135354879147973    
  -1.137375290238798    
  -1.139399467531367    
  -1.141426368996265    
  -1.143454924781209    
  -1.145484039610339    
  -1.147512597558499    
  -1.149539459267514    
  -1.151563455031522    
  -1.153583385045457    
  -1.155598024881594    
  -1.157606124412766    
  -1.159606400819020    
  -1.161597537813261    
  -1.163578192144790    
  -1.165546995797985    
  -1.167502551680205    
  -1.169443433572028    
  -1.171368193096161    
  -1.173275363280573    
  -1.175163454838115    
  -1.177030954163946    
  -1.178876326775537    
  -1.180698017889692    
  -1.182494446685496    
  -1.184264002540817    
  -1.186005047400427    
  -1.187715917312383    
  -1.189394919733727    
  -1.191040333311676    
  -1.192650413035524    
  -1.194223393953405    
  -1.195757490568972    
  -1.197250898354195    
  -1.198701799608432    
  -1.200108366555736    
  -1.201468758538553    
  -1.202781119016651    
  -1.204043574401654    
  -1.205254229764815    
  -1.206411162541747    
  -1.207512423130403    
  -1.208556043458461    
  -1.209540043925648    
  -1.210462434780715    
  -1.211321218179123    
  -1.212114392972355    
  -1.212839956777725    
  -1.213495905199466    
  -1.214080232673499    
  -1.214590930199385    
  -1.215025972901166    
  -1.215383308667689    
  -1.215660866755445    
  -1.215856579521378    
  -1.215968390185648    
  -1.215994243153070    
  -1.215932083488799    
  -1.215779874410613    
  -1.215535604727622    
  -1.215197268546342    
  -1.214762842920274    
  -1.214230292014708    
  -1.213597585031326    
  -1.212862700977798    
  -1.212023625801705    
  -1.211078363528535    
  -1.210024954308148    
  -1.208861473318346    
  -1.207586010604949    
  -1.206196657392300    
  -1.204691508571085    
  -1.203068667814036    
  -1.201326250506532    
  -1.199462395297426    
  -1.197475282724441    
  -1.195363141717474    
  -1.193124236657497    
  -1.190756850564627    
  -1.188259278328457    
  -1.185629827906536    
  -1.182866826468560    
  -1.179968635013398    
  -1.176933666531421    
  -1.173760391348407    
  -1.170447323443331    
  -1.166993001792217    
  -1.163395982600984    
  -1.159654844472340    
  -1.155768201619352    
  -1.151734720671362    
  -1.147553131877911    
  -1.143222223333714    
  -1.138740820881906    
  -1.134107772882821    
  -1.129321954423179    
  -1.124382285627569    
  -1.119287748517809    
  -1.114037392064021    
  -1.108630323308950    
  -1.103065690091851    
  -1.097342669583105    
  -1.091460475873606    
  -1.085418381817665    
  -1.079215733651537    
  -1.072851944393902    
  -1.066326475147708    
  -1.059638824015381    
  -1.052788531981005    
  -1.045775199368995    
  -1.038598498694840    
  -1.031258172458301    
  -1.023754017409189    
  -1.016085871908387    
  -1.008253621970771    
  -1.000257220257468    
 -0.9920966958379818    
 -0.9837721440703450    
 -0.9752837108156676    
 -0.9666315905642077    
 -0.9578160392670513    
 -0.9488373859617389    
 -0.9396960311291528    
 -0.9303924356319282    
 -0.9209271137856383    
 -0.9113006389349685    
 -0.9015136552531551    
 -0.8915668812418882    
 -0.8814611005030902    
 -0.8711971528860833    
 -0.8607759391510943    
 -0.8501984326530063    
 -0.8394656810933984    
 -0.8285787968117929    
 -0.8175389514507445    
 -0.8063473829224979    
 -0.7950054031193573    
 -0.7835143950612576    
 -0.7718758057569195    
 -0.7600911465122715    
 -0.7481619990475282    
 -0.7360900173055223    
 -0.7238769233932248    
 -0.7115245051801481    
 -0.6990346187491165    
 -0.6864091908736075    
 -0.6736502179296361    
 -0.6607597637630424    
 -0.6477399596846454    
 -0.6345930057708308    
 -0.6213211711131393    
 -0.6079267927224820    
 -0.5944122745053219    
 -0.5807800872353360    
 -0.5670327689744038    
 -0.5531729247219197    
 -0.5392032250958047    
 -0.5251264053386197    
 -0.5109452654214852    
 -0.4966626699923083    
 -0.4822815469544052    
 -0.4678048858234067    
 -0.4532357373901621    
 -0.4385772136572108    
 -0.4238324862889739    
 -0.4090047844886720    
 -0.3940973942205722    
 -0.3791136579637847    
 -0.3640569729597761    
 -0.3489307886794486    
 -0.3337386056295961    
 -0.3184839748394719    
 -0.3031704958428449    
 -0.2878018137607943    
 -0.2723816177182448    
 -0.2569136400285307    
 -0.2414016538727529    
 -0.2258494700119459    
 -0.2102609348412193    
 -0.1946399292691912    
 -0.1789903660838846    
 -0.1633161863129392    
 -0.1476213569506288    
 -0.1319098695533773    
 -0.1161857373055889    
 -0.1004529910594784    
 -0.8471567678370245E-01
 -0.6897785391862950E-01
 -0.5324359217726232E-01
 -0.3751696731068533E-01
