  0.1729731800455054    
  0.1764450296224328    
  0.1800214096856359    
  0.1837057200548360    
  0.1875041895467459    
  0.1914193834723508    
  0.1954511848630998    
  0.1996035998513907    
  0.2038838842947252    
  0.2082954596996034    
  0.2128387419001926    
  0.2175186061932807    
  0.2223436928963161    
  0.2273186293082936    
  0.2324447030743622    
  0.2377281255700011    
  0.2431795361017806    
  0.2488053829258506    
  0.2546084427175095    
  0.2605970865896303    
  0.2667850040179798    
  0.2731815171874690    
  0.2797919487311467    
  0.2866281853337457    
  0.2937086032191321    
  0.3010468974413884    
  0.3086522203850878    
  0.3165413438709902    
  0.3247384121366300    
  0.3332610686131166    
  0.3421194376477636    
  0.3513289521452328    
  0.3609066631958956    
  0.3708482428448510    
  0.3811172417565153    
  0.3916450024362969    
  0.4022975503441767    
  0.4128017887367118    
  0.4226708317731752    
  0.4311303840354880    
  0.4370255893938261    
  0.4388204450424399    
  0.4349237045889022    
  0.4243701519114448    
  0.4074487887508442    
  0.3857418942337493    
  0.3614887877890782    
  0.3367568529130255    
  0.3129656505551787    
  0.2908789185847549    
  0.2708086480087205    
  0.2527944033761111    
  0.2367199524362709    
  0.2224043367994634    
  0.2096609965679491    
  0.1983122296458324    
  0.1881873749369573    
  0.1791323184432734    
  0.1710189690169550    
  0.1637386899422184    
  0.1571922888077208    
  0.1512921390874527    
  0.1459673257979586    
  0.1411586747033293    
  0.1368110372118038    
  0.1328745985745231    
  0.1293094624710514    
  0.1260828338655238    
  0.1231631184336205    
  0.1205206641258342    
  0.1181319718551271    
  0.1159783554787555    
  0.1140411528051384    
  0.1123018550366010    
  0.1107459476905434    
  0.1093626096046766    
  0.1081406403414883    
  0.1070679942704333    
  0.1061352815488717    
  0.1053362542033082    
  0.1046642335613066    
  0.1041110945065696    
  0.1036704668613673    
  0.1033388572658143    
  0.1031124513084756    
  0.1029855967198592    
  0.1029537435005299    
  0.1030151056148302    
  0.1031677605533453    
  0.1034076740643290    
  0.1037314112976929    
  0.1041382747630906    
  0.1046276509404525    
  0.1051966104244013    
  0.1058424157071104    
  0.1065650922841029    
  0.1073649878347120    
  0.1082399728058958    
  0.1091877644314342    
  0.1102089018096678    
  0.1113044932205896    
  0.1124730340437187    
  0.1137125616130188    
  0.1150240155692860    
  0.1164091557983918    
  0.1178670073541112    
  0.1193958568356848    
  0.1209969880330623    
  0.1226727581656362    
  0.1244226729402947    
  0.1262452321428256    
  0.1281420385223013    
  0.1301160241476921    
  0.1321671523526840    
  0.1342941177745317    
  0.1364988341253614    
  0.1387848059238118    
  0.1411524473958923    
  0.1436006400817725    
  0.1461316131879679    
  0.1487494588829161    
  0.1514550505896556    
  0.1542474592400693    
  0.1571292488823601    
  0.1601051363913899    
  0.1631764825008056    
  0.1663425659414816    
  0.1696063279658471    
  0.1729731800455054    
  0.1764450296224328    
  0.1800214096856359    
  0.1837057200548360    
  0.1875041895467459    
  0.1914193834723508    
  0.1954511848630998    
  0.1996035998513907    
  0.2038838842947252    
  0.2082954596996034    
  0.2128387419001926    
  0.2175186061932807    
  0.2223436928963161    
  0.2273186293082936    
  0.2324447030743622    
  0.2377281255700011    
  0.2431795361017806    
  0.2488053829258506    
  0.2546084427175095    
  0.2605970865896303    
  0.2667850040179798    
  0.2731815171874690    
  0.2797919487311467    
  0.2866281853337457    
  0.2937086032191321    
  0.3010468974413884    
  0.3086522203850878    
  0.3165413438709902    
  0.3247384121366300    
  0.3332610686131166    
  0.3421194376477636    
  0.3513289521452328    
  0.3609066631958956    
  0.3708482428448510    
  0.3811172417565153    
  0.3916450024362969    
  0.4022975503441767    
  0.4128017887367118    
  0.4226708317731752    
  0.4311303840354880    
  0.4370255893938261    
  0.4388204450424399    
  0.4349237045889022    
  0.4243701519114448    
  0.4074487887508442    
  0.3857418942337493    
  0.3614887877890782    
  0.3367568529130255    
  0.3129656505551787    
  0.2908789185847549    
  0.2708086480087205    
  0.2527944033761111    
  0.2367199524362709    
  0.2224043367994634    
  0.2096609965679491    
  0.1983122296458324    
  0.1881873749369573    
  0.1791323184432734    
  0.1710189690169550    
  0.1637386899422184    
  0.1571922888077208    
  0.1512921390874527    
  0.1459673257979586    
  0.1411586747033293    
  0.1368110372118038    
  0.1328745985745231    
  0.1293094624710514    
  0.1260828338655238    
  0.1231631184336205    
  0.1205206641258342    
  0.1181319718551271    
  0.1159783554787555    
  0.1140411528051384    
  0.1123018550366010    
  0.1107459476905434    
  0.1093626096046766    
  0.1081406403414883    
  0.1070679942704333    
  0.1061352815488717    
  0.1053362542033082    
  0.1046642335613066    
  0.1041110945065696    
  0.1036704668613673    
  0.1033388572658143    
  0.1031124513084756    
  0.1029855967198592    
  0.1029537435005299    
  0.1030151056148302    
  0.1031677605533453    
  0.1034076740643290    
  0.1037314112976929    
  0.1041382747630906    
  0.1046276509404525    
  0.1051966104244013    
  0.1058424157071104    
  0.1065650922841029    
  0.1073649878347120    
  0.1082399728058958    
  0.1091877644314342    
  0.1102089018096678    
  0.1113044932205896    
  0.1124730340437187    
  0.1137125616130188    
  0.1150240155692860    
  0.1164091557983918    
  0.1178670073541112    
  0.1193958568356848    
  0.1209969880330623    
  0.1226727581656362    
  0.1244226729402947    
  0.1262452321428256    
  0.1281420385223013    
  0.1301160241476921    
  0.1321671523526840    
  0.1342941177745317    
  0.1364988341253614    
  0.1387848059238118    
  0.1411524473958923    
  0.1436006400817725    
  0.1461316131879679    
  0.1487494588829161    
  0.1514550505896556    
  0.1542474592400693    
  0.1571292488823601    
  0.1601051363913899    
  0.1631764825008056    
  0.1663425659414816    
  0.1696063279658471    
