  0.2869961867039080    
  0.2917614560654619    
  0.2966742310522665    
  0.3017403085937851    
  0.3069659859516812    
  0.3123580927097119    
  0.3179239887626450    
  0.3236716140490774    
  0.3296095681087017    
  0.3357471611381803    
  0.3420944571055135    
  0.3486623382309693    
  0.3554625726243324    
  0.3625078870445294    
  0.3698120582421220    
  0.3773899833435587    
  0.3852577160963625    
  0.3934325404623469    
  0.4019330779529329    
  0.4107792975950431    
  0.4199924157770237    
  0.4295948291022702    
  0.4396100270530657    
  0.4500622046071477    
  0.4609755234772404    
  0.4723731891821950    
  0.4842761145202978    
  0.4967005486613817    
  0.5096543815971695    
  0.5231320439084670    
  0.5371071400599691    
  0.5515212841085687    
  0.5662681254933587    
  0.5811719684294099    
  0.5959598373462710    
  0.6102268606940447    
  0.6233998015470996    
  0.6347109851215142    
  0.6432031830578387    
  0.6477944624519041    
  0.6474303369969905    
  0.6413185054027164    
  0.6291784118243510    
  0.6113892646252699    
  0.5889454224145401    
  0.5632283836538131    
  0.5357039666609071    
  0.5076724227640884    
  0.4801374003577631    
  0.4537838773307624    
  0.4290203080912037    
  0.4060448846611738    
  0.3849114609609910    
  0.3655828234008557    
  0.3479684868943342    
  0.3319503782612762    
  0.3174001083386601    
  0.3041893813592066    
  0.2921952288626041    
  0.2813028010980623    
  0.2714071727518867    
  0.2624137750370445    
  0.2542375788529882    
  0.2468023134582503    
  0.2400401508893494    
  0.2338910142473795    
  0.2283013495812654    
  0.2232232768042496    
  0.2186143171452800    
  0.2144368671283169    
  0.2106572619583263    
  0.2072452141839334    
  0.2041737567599248    
  0.2014189354413790    
  0.1989591283187527    
  0.1967746995982760    
  0.1948480840961513    
  0.1931636192165566    
  0.1917070318110546    
  0.1904652239008936    
  0.1894264316609768    
  0.1885801367365983    
  0.1879166601825491    
  0.1874270279021652    
  0.1871031638589508    
  0.1869378442258360    
  0.1869243620529125    
  0.1870564429334051    
  0.1873284512768590    
  0.1877353662967587    
  0.1882724939242554    
  0.1889354141741640    
  0.1897201900908073    
  0.1906233561221113    
  0.1916416635046635    
  0.1927720456810533    
  0.1940118218122278    
  0.1953586932029388    
  0.1968105170755668    
  0.1983652833504252    
  0.2000213061326086    
  0.2017772229249793    
  0.2036317936426506    
  0.2055838876811087    
  0.2076326621843198    
  0.2097775604990788    
  0.2120181319218913    
  0.2143540271763090    
  0.2167851647520972    
  0.2193117296125427    
  0.2219340118352689    
  0.2246524074621445    
  0.2274675719594806    
  0.2303804208330862    
  0.2333919888030848    
  0.2365034355760217    
  0.2397161849926358    
  0.2430319275288383    
  0.2464525015699585    
  0.2499799054135610    
  0.2536164225094206    
  0.2573646264766420    
  0.2612272856560827    
  0.2652073822706755    
  0.2693082248694304    
  0.2735334582504305    
  0.2778869938180937    
  0.2823730367799716    
  0.2869961867039080    
  0.2917614560654619    
  0.2966742310522665    
  0.3017403085937851    
  0.3069659859516812    
  0.3123580927097119    
  0.3179239887626450    
  0.3236716140490774    
  0.3296095681087017    
  0.3357471611381803    
  0.3420944571055135    
  0.3486623382309693    
  0.3554625726243324    
  0.3625078870445294    
  0.3698120582421220    
  0.3773899833435587    
  0.3852577160963625    
  0.3934325404623469    
  0.4019330779529329    
  0.4107792975950431    
  0.4199924157770237    
  0.4295948291022702    
  0.4396100270530657    
  0.4500622046071477    
  0.4609755234772404    
  0.4723731891821950    
  0.4842761145202978    
  0.4967005486613817    
  0.5096543815971695    
  0.5231320439084670    
  0.5371071400599691    
  0.5515212841085687    
  0.5662681254933587    
  0.5811719684294099    
  0.5959598373462710    
  0.6102268606940447    
  0.6233998015470996    
  0.6347109851215142    
  0.6432031830578387    
  0.6477944624519041    
  0.6474303369969905    
  0.6413185054027164    
  0.6291784118243510    
  0.6113892646252699    
  0.5889454224145401    
  0.5632283836538131    
  0.5357039666609071    
  0.5076724227640884    
  0.4801374003577631    
  0.4537838773307624    
  0.4290203080912037    
  0.4060448846611738    
  0.3849114609609910    
  0.3655828234008557    
  0.3479684868943342    
  0.3319503782612762    
  0.3174001083386601    
  0.3041893813592066    
  0.2921952288626041    
  0.2813028010980623    
  0.2714071727518867    
  0.2624137750370445    
  0.2542375788529882    
  0.2468023134582503    
  0.2400401508893494    
  0.2338910142473795    
  0.2283013495812654    
  0.2232232768042496    
  0.2186143171452800    
  0.2144368671283169    
  0.2106572619583263    
  0.2072452141839334    
  0.2041737567599248    
  0.2014189354413790    
  0.1989591283187527    
  0.1967746995982760    
  0.1948480840961513    
  0.1931636192165566    
  0.1917070318110546    
  0.1904652239008936    
  0.1894264316609768    
  0.1885801367365983    
  0.1879166601825491    
  0.1874270279021652    
  0.1871031638589508    
  0.1869378442258360    
  0.1869243620529125    
  0.1870564429334051    
  0.1873284512768590    
  0.1877353662967587    
  0.1882724939242554    
  0.1889354141741640    
  0.1897201900908073    
  0.1906233561221113    
  0.1916416635046635    
  0.1927720456810533    
  0.1940118218122278    
  0.1953586932029388    
  0.1968105170755668    
  0.1983652833504252    
  0.2000213061326086    
  0.2017772229249793    
  0.2036317936426506    
  0.2055838876811087    
  0.2076326621843198    
  0.2097775604990788    
  0.2120181319218913    
  0.2143540271763090    
  0.2167851647520972    
  0.2193117296125427    
  0.2219340118352689    
  0.2246524074621445    
  0.2274675719594806    
  0.2303804208330862    
  0.2333919888030848    
  0.2365034355760217    
  0.2397161849926358    
  0.2430319275288383    
  0.2464525015699585    
  0.2499799054135610    
  0.2536164225094206    
  0.2573646264766420    
  0.2612272856560827    
  0.2652073822706755    
  0.2693082248694304    
  0.2735334582504305    
  0.2778869938180937    
  0.2823730367799716    
