   2.058488768591213    
   2.076330178592566    
   2.095700021663945    
   2.114061580255143    
   2.132431582756219    
   2.153105542486132    
   2.175212241195915    
   2.196625471188295    
   2.218027850095937    
   2.241236082557601    
   2.265468291038176    
   2.288844465275996    
   2.311804423413784    
   2.335687348478435    
   2.359538558075421    
   2.381432477421876    
   2.401409086153353    
   2.420127471644502    
   2.436027024913675    
   2.446553261076653    
   2.450718003976097    
   2.447706967364821    
   2.434213061622771    
   2.405530176774812    
   2.357719563171434    
   2.285975894237125    
   2.181849180516431    
   2.033996542443059    
   1.829730712749555    
   1.552758540644698    
   1.179874430376790    
  0.6812187766166773    
  0.2152960169370366E-01
 -0.8415756250303996    
  -1.958333997320072    
  -3.380268871240963    
  -5.146863066040991    
  -7.267681828652492    
  -9.696724941354422    
  -12.30124772939228    
  -14.84683664401747    
  -17.02814303727945    
  -18.55052274059008    
  -19.22841720891165    
  -19.04685037638804    
  -18.15135809349388    
  -16.77667446828209    
  -15.16133825296176    
  -13.49361473284319    
  -11.89865424460999    
  -10.44701439374853    
  -9.167003030749067    
  -8.059106687931804    
  -7.111567644205115    
  -6.309061975581542    
  -5.632889151013575    
  -5.062200089864846    
  -4.579851473724834    
  -4.174104751230560    
  -3.833256947811012    
  -3.543778272261198    
  -3.296122646281817    
  -3.086719115197046    
  -2.910919429061806    
  -2.759695741302158    
  -2.627034506167617    
  -2.514073495259010    
  -2.420756304516497    
  -2.339863346584085    
  -2.265546715560127    
  -2.201097445038237    
  -2.150310416538405    
  -2.107326048390533    
  -2.064519555416989    
  -2.025018174051040    
  -1.996179771706878    
  -1.974679272659178    
  -1.950680876506058    
  -1.924639713821197    
  -1.906290638287246    
  -1.896759794627682    
  -1.885675734997197    
  -1.868753755434445    
  -1.854707413437874    
  -1.849616962734423    
  -1.846726675795410    
  -1.838635444995161    
  -1.829035331363255    
  -1.824449809214194    
  -1.823129152555370    
  -1.820312601553435    
  -1.817101874918567    
  -1.816121895309511    
  -1.814956245789930    
  -1.811663231300358    
  -1.810533294797521    
  -1.814479873838009    
  -1.817894927129009    
  -1.815542405429220    
  -1.812629229322801    
  -1.816608731262038    
  -1.824163626148991    
  -1.826751709620341    
  -1.825169442138263    
  -1.827524074196592    
  -1.835026077853122    
  -1.840987416200114    
  -1.843297530223976    
  -1.847141635864227    
  -1.854583184031307    
  -1.861409305902966    
  -1.866025508203242    
  -1.872392273247978    
  -1.881843949517390    
  -1.890330991731364    
  -1.896438563951858    
  -1.904371451363492    
  -1.915995727921096    
  -1.927240318224653    
  -1.935764611894382    
  -1.945319710205231    
  -1.958702702435221    
  -1.972731968103973    
  -1.984416506686633    
  -1.996393828082948    
  -2.011739832532748    
  -2.028400805749630    
  -2.043438819732395    
  -2.058488768591213    
  -2.076330178592566    
  -2.095700021663945    
  -2.114061580255143    
  -2.132431582756219    
  -2.153105542486132    
  -2.175212241195915    
  -2.196625471188295    
  -2.218027850095937    
  -2.241236082557601    
  -2.265468291038176    
  -2.288844465275996    
  -2.311804423413784    
  -2.335687348478435    
  -2.359538558075421    
  -2.381432477421876    
  -2.401409086153353    
  -2.420127471644502    
  -2.436027024913675    
  -2.446553261076653    
  -2.450718003976097    
  -2.447706967364821    
  -2.434213061622771    
  -2.405530176774812    
  -2.357719563171434    
  -2.285975894237125    
  -2.181849180516431    
  -2.033996542443059    
  -1.829730712749555    
  -1.552758540644698    
  -1.179874430376790    
 -0.6812187766166773    
 -0.2152960169370366E-01
  0.8415756250303996    
   1.958333997320072    
   3.380268871240963    
   5.146863066040991    
   7.267681828652492    
   9.696724941354422    
   12.30124772939228    
   14.84683664401747    
   17.02814303727945    
   18.55052274059008    
   19.22841720891165    
   19.04685037638804    
   18.15135809349388    
   16.77667446828209    
   15.16133825296176    
   13.49361473284319    
   11.89865424460999    
   10.44701439374853    
   9.167003030749067    
   8.059106687931804    
   7.111567644205115    
   6.309061975581542    
   5.632889151013575    
   5.062200089864846    
   4.579851473724834    
   4.174104751230560    
   3.833256947811012    
   3.543778272261198    
   3.296122646281817    
   3.086719115197046    
   2.910919429061806    
   2.759695741302158    
   2.627034506167617    
   2.514073495259010    
   2.420756304516497    
   2.339863346584085    
   2.265546715560127    
   2.201097445038237    
   2.150310416538405    
   2.107326048390533    
   2.064519555416989    
   2.025018174051040    
   1.996179771706878    
   1.974679272659178    
   1.950680876506058    
   1.924639713821197    
   1.906290638287246    
   1.896759794627682    
   1.885675734997197    
   1.868753755434445    
   1.854707413437874    
   1.849616962734423    
   1.846726675795410    
   1.838635444995161    
   1.829035331363255    
   1.824449809214194    
   1.823129152555370    
   1.820312601553435    
   1.817101874918567    
   1.816121895309511    
   1.814956245789930    
   1.811663231300358    
   1.810533294797521    
   1.814479873838009    
   1.817894927129009    
   1.815542405429220    
   1.812629229322801    
   1.816608731262038    
   1.824163626148991    
   1.826751709620341    
   1.825169442138263    
   1.827524074196592    
   1.835026077853122    
   1.840987416200114    
   1.843297530223976    
   1.847141635864227    
   1.854583184031307    
   1.861409305902966    
   1.866025508203242    
   1.872392273247978    
   1.881843949517390    
   1.890330991731364    
   1.896438563951858    
   1.904371451363492    
   1.915995727921096    
   1.927240318224653    
   1.935764611894382    
   1.945319710205231    
   1.958702702435221    
   1.972731968103973    
   1.984416506686633    
   1.996393828082948    
   2.011739832532748    
   2.028400805749630    
   2.043438819732395    
