  0.6613386988995048    
  0.6622287465648253    
  0.6631003116476833    
  0.6639536555659112    
  0.6647890353911765    
  0.6656067038266197    
  0.6664069091871905    
  0.6671898953825782    
  0.6679559019026485    
  0.6687051638052836    
  0.6694379117065562    
  0.6701543717731315    
  0.6708547657168195    
  0.6715393107911833    
  0.6722082197901368    
  0.6728617010484429    
  0.6734999584440372    
  0.6741231914020888    
  0.6747315949007392    
  0.6753253594784411    
  0.6759046712428318    
  0.6764697118810574    
  0.6770206586714954    
  0.6775576844968069    
  0.6780809578582625    
  0.6785906428912658    
  0.6790868993820264    
  0.6795698827853242    
  0.6800397442433155    
  0.6804966306053142    
  0.6809406844485040    
  0.6813720440995344    
  0.6817908436569531    
  0.6821972130144186    
  0.6825912778846580    
  0.6829731598241187    
  0.6833429762582872    
  0.6837008405076204    
  0.6840468618140552    
  0.6843811453680594    
  0.6847037923361954    
  0.6850148998891564    
  0.6853145612302420    
  0.6856028656242382    
  0.6858798984266883    
  0.6861457411135081    
  0.6864004713109276    
  0.6866441628257276    
  0.6868768856757519    
  0.6870987061206687    
  0.6873096866929589    
  0.6875098862291059    
  0.6876993599009739    
  0.6878781592473487    
  0.6880463322056283    
  0.6882039231436341    
  0.6883509728915439    
  0.6884875187739133    
  0.6886135946417808    
  0.6887292309048385    
  0.6888344545636592    
  0.6889292892419611    
  0.6890137552189004    
  0.6890878694613800    
  0.6891516456563700    
  0.6892050942432234    
  0.6892482224459752    
  0.6892810343056186    
  0.6893035307123576    
  0.6893157094378196    
  0.6893175651672228    
  0.6893090895314866    
  0.6892902711392908    
  0.6892610956090688    
  0.6892215456009345    
  0.6891716008485286    
  0.6891112381907893    
  0.6890404316036403    
  0.6889591522315925    
  0.6888673684192534    
  0.6887650457427390    
  0.6886521470409948    
  0.6885286324470131    
  0.6883944594189457    
  0.6882495827711135    
  0.6880939547049076    
  0.6879275248395870    
  0.6877502402429544    
  0.6875620454619279    
  0.6873628825529949    
  0.6871526911125534    
  0.6869314083071364    
  0.6866989689035173    
  0.6864553052986988    
  0.6862003475497829    
  0.6859340234037220    
  0.6856562583269488    
  0.6853669755348877    
  0.6850660960213432    
  0.6847535385877668    
  0.6844292198724061    
  0.6840930543793312    
  0.6837449545073380    
  0.6833848305787296    
  0.6830125908679789    
  0.6826281416302702    
  0.6822313871299170    
  0.6818222296686594    
  0.6814005696138399    
  0.6809663054264596    
  0.6805193336891171    
  0.6800595491338215    
  0.6795868446696866    
  0.6791011114105119    
  0.6786022387022375    
  0.6780901141502851    
  0.6775646236467769    
  0.6770256513976407    
  0.6764730799495995    
  0.6759067902170417    
  0.6753266615087732    
  0.6747325715546595    
  0.6741243965321527    
  0.6735020110927085    
  0.6728652883880828    
  0.6722141000965218    
  0.6715483164488452    
  0.6708678062544196    
  0.6701724369270189    
  0.6694620745105846    
  0.6687365837048748    
  0.6679958278910213    
  0.6672396691569751    
  0.6664679683228509    
  0.6656805849661771    
  0.6648773774470544    
  0.6640582029332169    
  0.6632229174250015    
  0.6623713757802260    
  0.6615034317389883    
  0.6606189379483789    
  0.6597177459871129    
  0.6587997063900843    
  0.6578646686728526    
  0.6569124813560527    
  0.6559429919897448    
  0.6549560471776962    
  0.6539514926016142    
  0.6529291730453251    
  0.6518889324189019    
  0.6508306137827506    
  0.6497540593716611    
  0.6486591106188285    
  0.6475456081798501    
  0.6464133919566970    
  0.6452623011216870    
  0.6440921741414446    
  0.6429028488008675    
  0.6416941622270999    
  0.6404659509135331    
  0.6392180507438265    
  0.6379502970159738    
  0.6366625244663979    
  0.6353545672941194    
  0.6340262591849823    
  0.6326774333359593    
  0.6313079224795433    
  0.6299175589082400    
  0.6285061744991729    
  0.6270736007388152    
  0.6256196687478504    
  0.6241442093061913    
  0.6226470528781587    
  0.6211280296378443    
  0.6195869694946595    
  0.6180237021191018    
  0.6164380569687381    
  0.6148298633144392    
  0.6131989502668573    
  0.6115451468031948    
  0.6098682817942594    
  0.6081681840318389    
  0.6064446822564036    
  0.6046976051851671    
  0.6029267815405139    
  0.6011320400788318    
  0.5993132096197472    
  0.5974701190758104    
  0.5956025974826299    
  0.5937104740294948    
  0.5917935780905014    
  0.5898517392562149    
  0.5878847873658846    
  0.5858925525402543    
  0.5838748652149586    
  0.5818315561745788    
  0.5797624565873494    
  0.5776673980405578    
  0.5755462125766643    
  0.5733987327301722    
  0.5712247915652713    
  0.5690242227142921    
  0.5667968604169880    
  0.5645425395606946    
  0.5622610957213837    
  0.5599523652056535    
  0.5576161850936779    
  0.5552523932831611    
  0.5528608285343165    
  0.5504413305159194    
  0.5479937398524386    
  0.5455178981723159    
  0.5430136481573998    
  0.5404808335935849    
  0.5379192994226790    
  0.5353288917955475    
  0.5327094581265590    
  0.5300608471493802    
  0.5273829089741356    
  0.5246754951459942    
  0.5219384587051946    
  0.5191716542485575    
  0.5163749379925041    
  0.5135481678376361    
  0.5106912034348930    
  0.5078039062533481    
  0.5048861396496370    
  0.5019377689391041    
  0.4989586614686603    
  0.4959486866914066    
  0.4929077162430367    
  0.4898356240200657    
  0.4867322862599008    
  0.4835975816228023    
  0.4804313912757384    
  0.4772335989781931    
  0.4740040911699265    
  0.4707427570607351    
  0.4674494887222200    
  0.4641241811815990    
  0.4607667325175652    
  0.4573770439582315    
  0.4539550199811488    
  0.4505005684154541    
  0.4470136005461274    
  0.4434940312203903    
  0.4399417789562405    
  0.4363567660531490    
  0.4327389187048993    
  0.4290881671145929    
  0.4254044456117904    
  0.4216876927718191    
  0.4179378515372049    
  0.4141548693412407    
  0.4103386982336539    
  0.4064892950083894    
  0.4026066213334543    
  0.3986906438828420    
  0.3947413344704201    
  0.3907586701858484    
  0.3867426335324096    
  0.3826932125667479    
  0.3786104010404440    
  0.3744941985433989    
  0.3703446106489499    
  0.3661616490606736    
  0.3619453317607760    
  0.3576956831600217    
  0.3534127342490923    
  0.3490965227513070    
  0.3447470932765895    
  0.3403644974766104    
  0.3359487942009794    
  0.3315000496543972    
  0.3270183375546037    
  0.3225037392910391    
  0.3179563440840490    
  0.3133762491445161    
  0.3087635598337412    
  0.3041183898234426    
  0.2994408612556914    
  0.2947311049026362    
  0.2899892603258077    
  0.2852154760348474    
  0.2804099096454271    
  0.2755727280361912    
  0.2707041075044775    
  0.2658042339206298    
  0.2608733028806442    
  0.2559115198569620    
  0.2509191003471123    
  0.2458962700200153    
  0.2408432648596318    
  0.2357603313057230    
  0.2306477263914313    
  0.2255057178774332    
  0.2203345843823636    
  0.2151346155092447    
  0.2099061119675868    
  0.2046493856908878    
  0.1993647599491877    
  0.1940525694563937    
  0.1887131604720436    
  0.1833468908972209    
  0.1779541303642682    
  0.1725352603199954    
  0.1670906741019975    
  0.1616207770078040    
  0.1561259863564901    
  0.1506067315424593    
  0.1450634540810390    
  0.1394966076455677    
  0.1339066580956089    
  0.1282940834959938    
  0.1226593741263454    
  0.1170030324808109    
  0.1113255732576453    
  0.1056275233383576    
  0.9990942175608315E-01
  0.9417181965291632E-01
  0.8841528022589466E-01
  0.8264037866140803E-01
  0.7684770205770196E-01
  0.7103784933530218E-01
  0.6521143113503898E-01
  0.5936906970348459E-01
  0.5351139876556810E-01
  0.4763906338420845E-01
  0.4175271980676819E-01
  0.3585303529819801E-01
  0.2994068796069446E-01
  0.2401636653977774E-01
  0.1808077021664664E-01
  0.1213460838677236E-01
  0.6178600424671821E-02
  0.2134754348673068E-03
 -0.5760028011015409E-02
 -0.1174116215097411E-01
 -0.1772917032317679E-01
 -0.2372328727017666E-01
 -0.2972273945672565E-01
 -0.3572674540102543E-01
 -0.4173451601930654E-01
 -0.4774525498353063E-01
 -0.5375815909201342E-01
 -0.5977241865265467E-01
 -0.6578721787851641E-01
 -0.7180173529541467E-01
 -0.7781514416127275E-01
 -0.8382661289683943E-01
 -0.8983530552735321E-01
 -0.9584038213463983E-01
 -0.1018409993192384    
 -0.1078363106720958    
 -0.1138254672553970    
 -0.1198076180918621    
 -0.1257819106619268    
 -0.1317474914081934    
 -0.1377035062466323    
 -0.1436491010839047    
 -0.1495834223401115    
 -0.1555056174761869    
 -0.1614148355252625    
 -0.1673102276273082    
 -0.1731909475663906    
 -0.1790561523097277    
 -0.1849050025477455    
 -0.1907366632343208    
 -0.1965503041265007    
 -0.2023451003229061    
 -0.2081202328000346    
 -0.2138748889455727    
 -0.2196082630879631    
 -0.2253195570214243    
 -0.2310079805256693    
 -0.2366727518794781    
 -0.2423130983673473    
 -0.2479282567784210    
 -0.2535174738970005    
 -0.2590800069838384    
 -0.2646151242475033    
 -0.2701221053050573    
 -0.2756002416313956    
 -0.2810488369965650    
 -0.2864672078904404    
 -0.2918546839340690    
 -0.2972106082771392    
 -0.3025343379809304    
 -0.3078252443862978    
 -0.3130827134661494    
 -0.3183061461619504    
 -0.3234949587037643    
 -0.3286485829134586    
 -0.3337664664906951    
 -0.3388480732814144    
 -0.3438928835284606    
 -0.3489003941041071    
 -0.3538701187242322    
 -0.3588015881440089    
 -0.3636943503349427    
 -0.3685479706431715    
 -0.3733620319289130    
 -0.3781361346870625    
 -0.3828698971489052    
 -0.3875629553650442    
 -0.3922149632695944    
 -0.3968255927257768    
 -0.4013945335530290    
 -0.4059214935358431    
 -0.4104061984145329    
 -0.4148483918582165    
 -0.4192478354202511    
 -0.4236043084764579    
 -0.4279176081464475    
 -0.4321875491984400    
 -0.4364139639379496    
 -0.4405967020807727    
 -0.4447356306106812    
 -0.4488306336223221    
 -0.4528816121497392    
 -0.4568884839810612    
 -0.4608511834598394    
 -0.4647696612735802    
 -0.4686438842299851    
 -0.4724738350214625    
 -0.4762595119784472    
 -0.4800009288121173    
 -0.4836981143470467    
 -0.4873511122444008    
 -0.4909599807162259    
 -0.4945247922314305    
 -0.4980456332140143    
 -0.5015226037341485    
 -0.5049558171926581    
 -0.5083453999995093    
 -0.5116914912468258    
 -0.5149942423770263    
 -0.5182538168466166    
 -0.5214703897861939    
 -0.5246441476571786    
 -0.5277752879058183    
 -0.5308640186149565    
 -0.5339105581540941    
 -0.5369151348281977    
 -0.5398779865257538    
 -0.5427993603665077    
 -0.5456795123493604    
 -0.5485187070008278    
 -0.5513172170244988    
 -0.5540753229518632    
 -0.5567933127949403    
 -0.5594714817010156    
 -0.5621101316098879    
 -0.5647095709139278    
 -0.5672701141212931    
 -0.5697920815225721    
 -0.5722757988611660    
 -0.5747215970076566    
 -0.5771298116384378    
 -0.5795007829188141    
 -0.5818348551908124    
 -0.5841323766658881    
 -0.5863936991227398    
 -0.5886191776103761    
 -0.5908091701566163    
 -0.5929640374821467    
 -0.5950841427202900    
 -0.5971698511425707    
 -0.5992215298902039    
 -0.6012395477115743    
 -0.6032242747057992    
 -0.6051760820724214    
 -0.6070953418673007    
 -0.6089824267647265    
 -0.6108377098258018    
 -0.6126615642730934    
 -0.6144543632715767    
 -0.6162164797158602    
 -0.6179482860236928    
 -0.6196501539357165    
 -0.6213224543214602    
 -0.6229655569915143    
 -0.6245798305158806    
 -0.6261656420484063    
 -0.6277233571572742    
 -0.6292533396614803    
 -0.6307559514732364    
 -0.6322315524462152    
 -0.6336805002295700    
 -0.6351031501276407    
 -0.6364998549652761    
 -0.6378709649586634    
 -0.6392168275915858    
 -0.6405377874970009    
 -0.6418341863438595    
 -0.6431063627290488    
 -0.6443546520743623    
 -0.6455793865283859    
 -0.6467808948732111    
 -0.6479595024358533    
 -0.6491155310042693    
 -0.6502492987478662    
 -0.6513611201423970    
 -0.6524513058991235    
 -0.6535201628981456    
 -0.6545679941257723    
 -0.6555950986158470    
 -0.6566017713948976    
 -0.6575883034310173    
 -0.6585549815863473    
 -0.6595020885730816    
 -0.6604299029128671    
 -0.6613386988995048    
 -0.6622287465648253    
 -0.6631003116476833    
 -0.6639536555659112    
 -0.6647890353911765    
 -0.6656067038266197    
 -0.6664069091871905    
 -0.6671898953825782    
 -0.6679559019026485    
 -0.6687051638052836    
 -0.6694379117065562    
 -0.6701543717731315    
 -0.6708547657168195    
 -0.6715393107911833    
 -0.6722082197901368    
 -0.6728617010484429    
 -0.6734999584440372    
 -0.6741231914020888    
 -0.6747315949007392    
 -0.6753253594784411    
 -0.6759046712428318    
 -0.6764697118810574    
 -0.6770206586714954    
 -0.6775576844968069    
 -0.6780809578582625    
 -0.6785906428912658    
 -0.6790868993820264    
 -0.6795698827853242    
 -0.6800397442433155    
 -0.6804966306053142    
 -0.6809406844485040    
 -0.6813720440995344    
 -0.6817908436569531    
 -0.6821972130144186    
 -0.6825912778846580    
 -0.6829731598241187    
 -0.6833429762582872    
 -0.6837008405076204    
 -0.6840468618140552    
 -0.6843811453680594    
 -0.6847037923361954    
 -0.6850148998891564    
 -0.6853145612302420    
 -0.6856028656242382    
 -0.6858798984266883    
 -0.6861457411135081    
 -0.6864004713109276    
 -0.6866441628257276    
 -0.6868768856757519    
 -0.6870987061206687    
 -0.6873096866929589    
 -0.6875098862291059    
 -0.6876993599009739    
 -0.6878781592473487    
 -0.6880463322056283    
 -0.6882039231436341    
 -0.6883509728915439    
 -0.6884875187739133    
 -0.6886135946417808    
 -0.6887292309048385    
 -0.6888344545636592    
 -0.6889292892419611    
 -0.6890137552189004    
 -0.6890878694613800    
 -0.6891516456563700    
 -0.6892050942432234    
 -0.6892482224459752    
 -0.6892810343056186    
 -0.6893035307123576    
 -0.6893157094378196    
 -0.6893175651672228    
 -0.6893090895314866    
 -0.6892902711392908    
 -0.6892610956090688    
 -0.6892215456009345    
 -0.6891716008485286    
 -0.6891112381907893    
 -0.6890404316036403    
 -0.6889591522315925    
 -0.6888673684192534    
 -0.6887650457427390    
 -0.6886521470409948    
 -0.6885286324470131    
 -0.6883944594189457    
 -0.6882495827711135    
 -0.6880939547049076    
 -0.6879275248395870    
 -0.6877502402429544    
 -0.6875620454619279    
 -0.6873628825529949    
 -0.6871526911125534    
 -0.6869314083071364    
 -0.6866989689035173    
 -0.6864553052986988    
 -0.6862003475497829    
 -0.6859340234037220    
 -0.6856562583269488    
 -0.6853669755348877    
 -0.6850660960213432    
 -0.6847535385877668    
 -0.6844292198724061    
 -0.6840930543793312    
 -0.6837449545073380    
 -0.6833848305787296    
 -0.6830125908679789    
 -0.6826281416302702    
 -0.6822313871299170    
 -0.6818222296686594    
 -0.6814005696138399    
 -0.6809663054264596    
 -0.6805193336891171    
 -0.6800595491338215    
 -0.6795868446696866    
 -0.6791011114105119    
 -0.6786022387022375    
 -0.6780901141502851    
 -0.6775646236467769    
 -0.6770256513976407    
 -0.6764730799495995    
 -0.6759067902170417    
 -0.6753266615087732    
 -0.6747325715546595    
 -0.6741243965321527    
 -0.6735020110927085    
 -0.6728652883880828    
 -0.6722141000965218    
 -0.6715483164488452    
 -0.6708678062544196    
 -0.6701724369270189    
 -0.6694620745105846    
 -0.6687365837048748    
 -0.6679958278910213    
 -0.6672396691569751    
 -0.6664679683228509    
 -0.6656805849661771    
 -0.6648773774470544    
 -0.6640582029332169    
 -0.6632229174250015    
 -0.6623713757802260    
 -0.6615034317389883    
 -0.6606189379483789    
 -0.6597177459871129    
 -0.6587997063900843    
 -0.6578646686728526    
 -0.6569124813560527    
 -0.6559429919897448    
 -0.6549560471776962    
 -0.6539514926016142    
 -0.6529291730453251    
 -0.6518889324189019    
 -0.6508306137827506    
 -0.6497540593716611    
 -0.6486591106188285    
 -0.6475456081798501    
 -0.6464133919566970    
 -0.6452623011216870    
 -0.6440921741414446    
 -0.6429028488008675    
 -0.6416941622270999    
 -0.6404659509135331    
 -0.6392180507438265    
 -0.6379502970159738    
 -0.6366625244663979    
 -0.6353545672941194    
 -0.6340262591849823    
 -0.6326774333359593    
 -0.6313079224795433    
 -0.6299175589082400    
 -0.6285061744991729    
 -0.6270736007388152    
 -0.6256196687478504    
 -0.6241442093061913    
 -0.6226470528781587    
 -0.6211280296378443    
 -0.6195869694946595    
 -0.6180237021191018    
 -0.6164380569687381    
 -0.6148298633144392    
 -0.6131989502668573    
 -0.6115451468031948    
 -0.6098682817942594    
 -0.6081681840318389    
 -0.6064446822564036    
 -0.6046976051851671    
 -0.6029267815405139    
 -0.6011320400788318    
 -0.5993132096197472    
 -0.5974701190758104    
 -0.5956025974826299    
 -0.5937104740294948    
 -0.5917935780905014    
 -0.5898517392562149    
 -0.5878847873658846    
 -0.5858925525402543    
 -0.5838748652149586    
 -0.5818315561745788    
 -0.5797624565873494    
 -0.5776673980405578    
 -0.5755462125766643    
 -0.5733987327301722    
 -0.5712247915652713    
 -0.5690242227142921    
 -0.5667968604169880    
 -0.5645425395606946    
 -0.5622610957213837    
 -0.5599523652056535    
 -0.5576161850936779    
 -0.5552523932831611    
 -0.5528608285343165    
 -0.5504413305159194    
 -0.5479937398524386    
 -0.5455178981723159    
 -0.5430136481573998    
 -0.5404808335935849    
 -0.5379192994226790    
 -0.5353288917955475    
 -0.5327094581265590    
 -0.5300608471493802    
 -0.5273829089741356    
 -0.5246754951459942    
 -0.5219384587051946    
 -0.5191716542485575    
 -0.5163749379925041    
 -0.5135481678376361    
 -0.5106912034348930    
 -0.5078039062533481    
 -0.5048861396496370    
 -0.5019377689391041    
 -0.4989586614686603    
 -0.4959486866914066    
 -0.4929077162430367    
 -0.4898356240200657    
 -0.4867322862599008    
 -0.4835975816228023    
 -0.4804313912757384    
 -0.4772335989781931    
 -0.4740040911699265    
 -0.4707427570607351    
 -0.4674494887222200    
 -0.4641241811815990    
 -0.4607667325175652    
 -0.4573770439582315    
 -0.4539550199811488    
 -0.4505005684154541    
 -0.4470136005461274    
 -0.4434940312203903    
 -0.4399417789562405    
 -0.4363567660531490    
 -0.4327389187048993    
 -0.4290881671145929    
 -0.4254044456117904    
 -0.4216876927718191    
 -0.4179378515372049    
 -0.4141548693412407    
 -0.4103386982336539    
 -0.4064892950083894    
 -0.4026066213334543    
 -0.3986906438828420    
 -0.3947413344704201    
 -0.3907586701858484    
 -0.3867426335324096    
 -0.3826932125667479    
 -0.3786104010404440    
 -0.3744941985433989    
 -0.3703446106489499    
 -0.3661616490606736    
 -0.3619453317607760    
 -0.3576956831600217    
 -0.3534127342490923    
 -0.3490965227513070    
 -0.3447470932765895    
 -0.3403644974766104    
 -0.3359487942009794    
 -0.3315000496543972    
 -0.3270183375546037    
 -0.3225037392910391    
 -0.3179563440840490    
 -0.3133762491445161    
 -0.3087635598337412    
 -0.3041183898234426    
 -0.2994408612556914    
 -0.2947311049026362    
 -0.2899892603258077    
 -0.2852154760348474    
 -0.2804099096454271    
 -0.2755727280361912    
 -0.2707041075044775    
 -0.2658042339206298    
 -0.2608733028806442    
 -0.2559115198569620    
 -0.2509191003471123    
 -0.2458962700200153    
 -0.2408432648596318    
 -0.2357603313057230    
 -0.2306477263914313    
 -0.2255057178774332    
 -0.2203345843823636    
 -0.2151346155092447    
 -0.2099061119675868    
 -0.2046493856908878    
 -0.1993647599491877    
 -0.1940525694563937    
 -0.1887131604720436    
 -0.1833468908972209    
 -0.1779541303642682    
 -0.1725352603199954    
 -0.1670906741019975    
 -0.1616207770078040    
 -0.1561259863564901    
 -0.1506067315424593    
 -0.1450634540810390    
 -0.1394966076455677    
 -0.1339066580956089    
 -0.1282940834959938    
 -0.1226593741263454    
 -0.1170030324808109    
 -0.1113255732576453    
 -0.1056275233383576    
 -0.9990942175608315E-01
 -0.9417181965291632E-01
 -0.8841528022589466E-01
 -0.8264037866140803E-01
 -0.7684770205770196E-01
 -0.7103784933530218E-01
 -0.6521143113503898E-01
 -0.5936906970348459E-01
 -0.5351139876556810E-01
 -0.4763906338420845E-01
 -0.4175271980676819E-01
 -0.3585303529819801E-01
 -0.2994068796069446E-01
 -0.2401636653977774E-01
 -0.1808077021664664E-01
 -0.1213460838677236E-01
 -0.6178600424671821E-02
 -0.2134754348673068E-03
  0.5760028011015409E-02
  0.1174116215097411E-01
  0.1772917032317679E-01
  0.2372328727017666E-01
  0.2972273945672565E-01
  0.3572674540102543E-01
  0.4173451601930654E-01
  0.4774525498353063E-01
  0.5375815909201342E-01
  0.5977241865265467E-01
  0.6578721787851641E-01
  0.7180173529541467E-01
  0.7781514416127275E-01
  0.8382661289683943E-01
  0.8983530552735321E-01
  0.9584038213463983E-01
  0.1018409993192384    
  0.1078363106720958    
  0.1138254672553970    
  0.1198076180918621    
  0.1257819106619268    
  0.1317474914081934    
  0.1377035062466323    
  0.1436491010839047    
  0.1495834223401115    
  0.1555056174761869    
  0.1614148355252625    
  0.1673102276273082    
  0.1731909475663906    
  0.1790561523097277    
  0.1849050025477455    
  0.1907366632343208    
  0.1965503041265007    
  0.2023451003229061    
  0.2081202328000346    
  0.2138748889455727    
  0.2196082630879631    
  0.2253195570214243    
  0.2310079805256693    
  0.2366727518794781    
  0.2423130983673473    
  0.2479282567784210    
  0.2535174738970005    
  0.2590800069838384    
  0.2646151242475033    
  0.2701221053050573    
  0.2756002416313956    
  0.2810488369965650    
  0.2864672078904404    
  0.2918546839340690    
  0.2972106082771392    
  0.3025343379809304    
  0.3078252443862978    
  0.3130827134661494    
  0.3183061461619504    
  0.3234949587037643    
  0.3286485829134586    
  0.3337664664906951    
  0.3388480732814144    
  0.3438928835284606    
  0.3489003941041071    
  0.3538701187242322    
  0.3588015881440089    
  0.3636943503349427    
  0.3685479706431715    
  0.3733620319289130    
  0.3781361346870625    
  0.3828698971489052    
  0.3875629553650442    
  0.3922149632695944    
  0.3968255927257768    
  0.4013945335530290    
  0.4059214935358431    
  0.4104061984145329    
  0.4148483918582165    
  0.4192478354202511    
  0.4236043084764579    
  0.4279176081464475    
  0.4321875491984400    
  0.4364139639379496    
  0.4405967020807727    
  0.4447356306106812    
  0.4488306336223221    
  0.4528816121497392    
  0.4568884839810612    
  0.4608511834598394    
  0.4647696612735802    
  0.4686438842299851    
  0.4724738350214625    
  0.4762595119784472    
  0.4800009288121173    
  0.4836981143470467    
  0.4873511122444008    
  0.4909599807162259    
  0.4945247922314305    
  0.4980456332140143    
  0.5015226037341485    
  0.5049558171926581    
  0.5083453999995093    
  0.5116914912468258    
  0.5149942423770263    
  0.5182538168466166    
  0.5214703897861939    
  0.5246441476571786    
  0.5277752879058183    
  0.5308640186149565    
  0.5339105581540941    
  0.5369151348281977    
  0.5398779865257538    
  0.5427993603665077    
  0.5456795123493604    
  0.5485187070008278    
  0.5513172170244988    
  0.5540753229518632    
  0.5567933127949403    
  0.5594714817010156    
  0.5621101316098879    
  0.5647095709139278    
  0.5672701141212931    
  0.5697920815225721    
  0.5722757988611660    
  0.5747215970076566    
  0.5771298116384378    
  0.5795007829188141    
  0.5818348551908124    
  0.5841323766658881    
  0.5863936991227398    
  0.5886191776103761    
  0.5908091701566163    
  0.5929640374821467    
  0.5950841427202900    
  0.5971698511425707    
  0.5992215298902039    
  0.6012395477115743    
  0.6032242747057992    
  0.6051760820724214    
  0.6070953418673007    
  0.6089824267647265    
  0.6108377098258018    
  0.6126615642730934    
  0.6144543632715767    
  0.6162164797158602    
  0.6179482860236928    
  0.6196501539357165    
  0.6213224543214602    
  0.6229655569915143    
  0.6245798305158806    
  0.6261656420484063    
  0.6277233571572742    
  0.6292533396614803    
  0.6307559514732364    
  0.6322315524462152    
  0.6336805002295700    
  0.6351031501276407    
  0.6364998549652761    
  0.6378709649586634    
  0.6392168275915858    
  0.6405377874970009    
  0.6418341863438595    
  0.6431063627290488    
  0.6443546520743623    
  0.6455793865283859    
  0.6467808948732111    
  0.6479595024358533    
  0.6491155310042693    
  0.6502492987478662    
  0.6513611201423970    
  0.6524513058991235    
  0.6535201628981456    
  0.6545679941257723    
  0.6555950986158470    
  0.6566017713948976    
  0.6575883034310173    
  0.6585549815863473    
  0.6595020885730816    
  0.6604299029128671    
