   1.441674176401264    
   1.445428357065741    
   1.448577259657608    
   1.454425539848792    
   1.461584459768088    
   1.466660073271319    
   1.470253210594743    
   1.475582434372197    
   1.482688008268526    
   1.488690766621076    
   1.493070351307230    
   1.498245585858573    
   1.504994974105196    
   1.511348159201084    
   1.516418579644254    
   1.521750398227902    
   1.528166805587469    
   1.534404597719523    
   1.539718821316242    
   1.545136067424896    
   1.551245619455992    
   1.557108897978393    
   1.562201301176074    
   1.567335327621980    
   1.572882893634160    
   1.577994683741205    
   1.582290597275463    
   1.586545154521311    
   1.591037248986792    
   1.594893829632334    
   1.597693862442733    
   1.600136578426430    
   1.602516845256546    
   1.604044066354279    
   1.604259827609818    
   1.603697936770899    
   1.602557225508224    
   1.600072884704215    
   1.595772360152408    
   1.590075190753153    
   1.583090438825741    
   1.574020627585459    
   1.562288951209744    
   1.548117959062496    
   1.531477255625133    
   1.511526010834862    
   1.487574618892261    
   1.459578617998278    
   1.427225775490220    
   1.389489378453720    
   1.345485938309125    
   1.294845243005609    
   1.236854864395940    
   1.170118128668368    
   1.093372830518731    
   1.005764808578290    
  0.9060067054458198    
  0.7921081046712708    
  0.6621845195679199    
  0.5146749000422485    
  0.3475131033537194    
  0.1579119097623467    
 -0.5682586758538068E-01
 -0.2991055701476982    
 -0.5718128306655614    
 -0.8784309339868341    
  -1.222171538309951    
  -1.605720242342646    
  -2.031869037071307    
  -2.503428741723981    
  -3.022180112663750    
  -3.588453665008434    
  -4.201533021565627    
  -4.859310799695272    
  -5.557087862493831    
  -6.287152495915979    
  -7.039294921916404    
  -7.800744380717241    
  -8.555578065917764    
  -9.285271181038286    
  -9.970382144466424    
  -10.59170537869279    
  -11.13087315294441    
  -11.57189479448420    
  -11.90326745391707    
  -12.11875353055077    
  -12.21691256307808    
  -12.20111060186568    
  -12.07976801974602    
  -11.86513836572485    
  -11.57116247952620    
  -11.21251642006493    
  -10.80456001401798    
  -10.36220964247125    
  -9.898264262457188    
  -9.423386439585554    
  -8.947151171718621    
  -8.477718681730543    
  -8.020667248959807    
  -7.579557046136523    
  -7.157595831991485    
  -6.757503380000556    
  -6.380113985043334    
  -6.024885366649555    
  -5.691854068153535    
  -5.381530591289396    
  -5.093016772649387    
  -4.824204088695684    
  -4.574042877274004    
  -4.342672532669032    
  -4.129050949945936    
  -3.930648413208798    
  -3.746084097747521    
  -3.575821751842126    
  -3.419364532706082    
  -3.274088121033083    
  -3.138193221378113    
  -3.012563681455905    
  -2.897864551444736    
  -2.791811854149045    
  -2.691671302914466    
  -2.597914810832450    
  -2.512599107271841    
  -2.434950739883145    
  -2.361600861783639    
  -2.291275562511098    
  -2.226276060345270    
  -2.168208060855358    
  -2.114732995113537    
  -2.062604966176713    
  -2.012361710223017    
  -1.967248410103897    
  -1.927725466651711    
  -1.890033587402832    
  -1.851557487039305    
  -1.815023950296351    
  -1.784400897264655    
  -1.758037529538863    
  -1.730150391420197    
  -1.699662492724583    
  -1.672777135860115    
  -1.653779077075010    
  -1.637357937982654    
  -1.615372448919218    
  -1.589194146020767    
  -1.568694728178677    
  -1.558120277653360    
  -1.549313705744647    
  -1.532597924489579    
  -1.509998331046046    
  -1.492463912038452    
  -1.485490466676936    
  -1.482396999809010    
  -1.472846323598146    
  -1.455048110765512    
  -1.437487425761475    
  -1.429097601356954    
  -1.429025710913754    
  -1.427319484750754    
  -1.416316549643634    
  -1.399897111141395    
  -1.388945903834699    
  -1.387962502526236    
  -1.389722612261661    
  -1.384760236950797    
  -1.372923901514993    
  -1.362403455487971    
  -1.359031710668855    
  -1.360109749931551    
  -1.358845730072095    
  -1.352247283956636    
  -1.343647352806788    
  -1.338511200206070    
  -1.338390783048278    
  -1.339152026259752    
  -1.335824570668522    
  -1.328950032116770    
  -1.324101603000146    
  -1.324349699297828    
  -1.325808131040548    
  -1.322971257544017    
  -1.316557746834921    
  -1.312668572790305    
  -1.314443515059689    
  -1.317717803495488    
  -1.316204521825264    
  -1.309327676585945    
  -1.303313896042575    
  -1.304304570233274    
  -1.310824038014758    
  -1.314310208781286    
  -1.308717226068568    
  -1.298883549626207    
  -1.296014613106399    
  -1.303699220152531    
  -1.312257183228001    
  -1.310461042166302    
  -1.300144627966345    
  -1.294000033254398    
  -1.299257793634819    
  -1.308891060660705    
  -1.311177238411748    
  -1.304218440488670    
  -1.297283848298677    
  -1.298890132346413    
  -1.306976508605766    
  -1.312161817900910    
  -1.309208398683780    
  -1.302975423217795    
  -1.302071961844197    
  -1.308181659204641    
  -1.314404986235315    
  -1.314437732985701    
  -1.310286475107265    
  -1.308782414399188    
  -1.312648014073544    
  -1.318076103930483    
  -1.320374404218365    
  -1.319168031999122    
  -1.317795068865709    
  -1.319427919552552    
  -1.324076546508726    
  -1.328483950723378    
  -1.329470831338773    
  -1.328058612853684    
  -1.328743315308011    
  -1.333455251150859    
  -1.338514277343267    
  -1.339929469402469    
  -1.339396630586298    
  -1.341467657816007    
  -1.346407432943694    
  -1.350253341731423    
  -1.351450930638104    
  -1.352866703048276    
  -1.356605538165696    
  -1.360969934683961    
  -1.363928337508945    
  -1.366193275756465    
  -1.369236867280384    
  -1.372946218525880    
  -1.376697627509023    
  -1.380528183585038    
  -1.384209873202282    
  -1.387281996520656    
  -1.390576924340435    
  -1.395340249781639    
  -1.400560605820831    
  -1.404066186443147    
  -1.406552882754002    
  -1.411008462629294    
  -1.417492962415389    
  -1.422541791477485    
  -1.425074315045743    
  -1.428553540078179    
  -1.435085736666330    
  -1.441674176401264    
  -1.445428357065741    
  -1.448577259657608    
  -1.454425539848792    
  -1.461584459768088    
  -1.466660073271319    
  -1.470253210594743    
  -1.475582434372197    
  -1.482688008268526    
  -1.488690766621076    
  -1.493070351307230    
  -1.498245585858573    
  -1.504994974105196    
  -1.511348159201084    
  -1.516418579644254    
  -1.521750398227902    
  -1.528166805587469    
  -1.534404597719523    
  -1.539718821316242    
  -1.545136067424896    
  -1.551245619455992    
  -1.557108897978393    
  -1.562201301176074    
  -1.567335327621980    
  -1.572882893634160    
  -1.577994683741205    
  -1.582290597275463    
  -1.586545154521311    
  -1.591037248986792    
  -1.594893829632334    
  -1.597693862442733    
  -1.600136578426430    
  -1.602516845256546    
  -1.604044066354279    
  -1.604259827609818    
  -1.603697936770899    
  -1.602557225508224    
  -1.600072884704215    
  -1.595772360152408    
  -1.590075190753153    
  -1.583090438825741    
  -1.574020627585459    
  -1.562288951209744    
  -1.548117959062496    
  -1.531477255625133    
  -1.511526010834862    
  -1.487574618892261    
  -1.459578617998278    
  -1.427225775490220    
  -1.389489378453720    
  -1.345485938309125    
  -1.294845243005609    
  -1.236854864395940    
  -1.170118128668368    
  -1.093372830518731    
  -1.005764808578290    
 -0.9060067054458198    
 -0.7921081046712708    
 -0.6621845195679199    
 -0.5146749000422485    
 -0.3475131033537194    
 -0.1579119097623467    
  0.5682586758538068E-01
  0.2991055701476982    
  0.5718128306655614    
  0.8784309339868341    
   1.222171538309951    
   1.605720242342646    
   2.031869037071307    
   2.503428741723981    
   3.022180112663750    
   3.588453665008434    
   4.201533021565627    
   4.859310799695272    
   5.557087862493831    
   6.287152495915979    
   7.039294921916404    
   7.800744380717241    
   8.555578065917764    
   9.285271181038286    
   9.970382144466424    
   10.59170537869279    
   11.13087315294441    
   11.57189479448420    
   11.90326745391707    
   12.11875353055077    
   12.21691256307808    
   12.20111060186568    
   12.07976801974602    
   11.86513836572485    
   11.57116247952620    
   11.21251642006493    
   10.80456001401798    
   10.36220964247125    
   9.898264262457188    
   9.423386439585554    
   8.947151171718621    
   8.477718681730543    
   8.020667248959807    
   7.579557046136523    
   7.157595831991485    
   6.757503380000556    
   6.380113985043334    
   6.024885366649555    
   5.691854068153535    
   5.381530591289396    
   5.093016772649387    
   4.824204088695684    
   4.574042877274004    
   4.342672532669032    
   4.129050949945936    
   3.930648413208798    
   3.746084097747521    
   3.575821751842126    
   3.419364532706082    
   3.274088121033083    
   3.138193221378113    
   3.012563681455905    
   2.897864551444736    
   2.791811854149045    
   2.691671302914466    
   2.597914810832450    
   2.512599107271841    
   2.434950739883145    
   2.361600861783639    
   2.291275562511098    
   2.226276060345270    
   2.168208060855358    
   2.114732995113537    
   2.062604966176713    
   2.012361710223017    
   1.967248410103897    
   1.927725466651711    
   1.890033587402832    
   1.851557487039305    
   1.815023950296351    
   1.784400897264655    
   1.758037529538863    
   1.730150391420197    
   1.699662492724583    
   1.672777135860115    
   1.653779077075010    
   1.637357937982654    
   1.615372448919218    
   1.589194146020767    
   1.568694728178677    
   1.558120277653360    
   1.549313705744647    
   1.532597924489579    
   1.509998331046046    
   1.492463912038452    
   1.485490466676936    
   1.482396999809010    
   1.472846323598146    
   1.455048110765512    
   1.437487425761475    
   1.429097601356954    
   1.429025710913754    
   1.427319484750754    
   1.416316549643634    
   1.399897111141395    
   1.388945903834699    
   1.387962502526236    
   1.389722612261661    
   1.384760236950797    
   1.372923901514993    
   1.362403455487971    
   1.359031710668855    
   1.360109749931551    
   1.358845730072095    
   1.352247283956636    
   1.343647352806788    
   1.338511200206070    
   1.338390783048278    
   1.339152026259752    
   1.335824570668522    
   1.328950032116770    
   1.324101603000146    
   1.324349699297828    
   1.325808131040548    
   1.322971257544017    
   1.316557746834921    
   1.312668572790305    
   1.314443515059689    
   1.317717803495488    
   1.316204521825264    
   1.309327676585945    
   1.303313896042575    
   1.304304570233274    
   1.310824038014758    
   1.314310208781286    
   1.308717226068568    
   1.298883549626207    
   1.296014613106399    
   1.303699220152531    
   1.312257183228001    
   1.310461042166302    
   1.300144627966345    
   1.294000033254398    
   1.299257793634819    
   1.308891060660705    
   1.311177238411748    
   1.304218440488670    
   1.297283848298677    
   1.298890132346413    
   1.306976508605766    
   1.312161817900910    
   1.309208398683780    
   1.302975423217795    
   1.302071961844197    
   1.308181659204641    
   1.314404986235315    
   1.314437732985701    
   1.310286475107265    
   1.308782414399188    
   1.312648014073544    
   1.318076103930483    
   1.320374404218365    
   1.319168031999122    
   1.317795068865709    
   1.319427919552552    
   1.324076546508726    
   1.328483950723378    
   1.329470831338773    
   1.328058612853684    
   1.328743315308011    
   1.333455251150859    
   1.338514277343267    
   1.339929469402469    
   1.339396630586298    
   1.341467657816007    
   1.346407432943694    
   1.350253341731423    
   1.351450930638104    
   1.352866703048276    
   1.356605538165696    
   1.360969934683961    
   1.363928337508945    
   1.366193275756465    
   1.369236867280384    
   1.372946218525880    
   1.376697627509023    
   1.380528183585038    
   1.384209873202282    
   1.387281996520656    
   1.390576924340435    
   1.395340249781639    
   1.400560605820831    
   1.404066186443147    
   1.406552882754002    
   1.411008462629294    
   1.417492962415389    
   1.422541791477485    
   1.425074315045743    
   1.428553540078179    
   1.435085736666330    
