  0.8901899891760445E-01
  0.8762224916370576E-01
  0.8622223229709469E-01
  0.8481898883509070E-01
  0.8341255947736292E-01
  0.8200298510730936E-01
  0.8059030679336715E-01
  0.7917456579025384E-01
  0.7775580354014205E-01
  0.7633406167376405E-01
  0.7490938201145059E-01
  0.7348180656409919E-01
  0.7205137753407870E-01
  0.7061813731606476E-01
  0.6918212849781069E-01
  0.6774339386084977E-01
  0.6630197638113505E-01
  0.6485791922961059E-01
  0.6341126577271988E-01
  0.6196205957284628E-01
  0.6051034438869252E-01
  0.5905616417559378E-01
  0.5759956308576791E-01
  0.5614058546850242E-01
  0.5467927587028082E-01
  0.5321567903484475E-01
  0.5174983990319815E-01
  0.5028180361354773E-01
  0.4881161550118684E-01
  0.4733932109831818E-01
  0.4586496613381752E-01
  0.4438859653294053E-01
  0.4291025841697360E-01
  0.4142999810282344E-01
  0.3994786210255641E-01
  0.3846389712287701E-01
  0.3697815006455540E-01
  0.3549066802180062E-01
  0.3400149828157906E-01
  0.3251068832288007E-01
  0.3101828581593374E-01
  0.2952433862137283E-01
  0.2802889478934989E-01
  0.2653200255860066E-01
  0.2503371035546476E-01
  0.2353406679285391E-01
  0.2203312066917817E-01
  0.2053092096722242E-01
  0.1902751685298121E-01
  0.1752295767444600E-01
  0.1601729296035148E-01
  0.1451057241887566E-01
  0.1300284593630185E-01
  0.1149416357563765E-01
  0.9984575575194887E-02
  0.8474132347130070E-02
  0.6962884475949893E-02
  0.5450882716977246E-02
  0.3938177994783798E-02
  0.2424821401584787E-02
  0.9108641956023789E-03
 -0.6036422006077125E-03
 -0.2118646201861141E-02
 -0.3634096062083980E-02
 -0.5149939876079979E-02
 -0.6666125581333171E-02
 -0.8182600959834418E-02
 -0.9699313639941254E-02
 -0.1121621109826010E-01
 -0.1273324066155596E-01
 -0.1425034950868698E-01
 -0.1576748467256461E-01
 -0.1728459304213481E-01
 -0.1880162136438407E-01
 -0.2031851624636660E-01
 -0.2183522415725564E-01
 -0.2335169143041238E-01
 -0.2486786426547766E-01
 -0.2638368873048097E-01
 -0.2789911076396928E-01
 -0.2941407617714908E-01
 -0.3092853065604767E-01
 -0.3244241976368617E-01
 -0.3395568894227025E-01
 -0.3546828351539055E-01
 -0.3698014869023863E-01
 -0.3849122955983431E-01
 -0.4000147110526658E-01
 -0.4151081819794444E-01
 -0.4301921560185873E-01
 -0.4452660797585378E-01
 -0.4603293987590895E-01
 -0.4753815575742487E-01
 -0.4904219997751946E-01
 -0.5054501679732787E-01
 -0.5204655038430955E-01
 -0.5354674481455790E-01
 -0.5504554407511703E-01
 -0.5654289206630092E-01
 -0.5803873260401926E-01
 -0.5953300942210427E-01
 -0.6102566617464067E-01
 -0.6251664643829979E-01
 -0.6400589371467508E-01
 -0.6549335143261659E-01
 -0.6697896295056727E-01
 -0.6846267155889763E-01
 -0.6994442048224153E-01
 -0.7142415288182846E-01
 -0.7290181185781486E-01
 -0.7437734045161498E-01
 -0.7585068164823028E-01
 -0.7732177837857585E-01
 -0.7879057352180618E-01
 -0.8025700990763784E-01
 -0.8172103031867201E-01
 -0.8318257749271107E-01
 -0.8464159412507333E-01
 -0.8609802287090340E-01
 -0.8755180634748089E-01
 -0.8900288713652249E-01
 -0.9045120778648097E-01
 -0.9189671081483985E-01
 -0.9333933871040645E-01
 -0.9477903393559761E-01
 -0.9621573892872415E-01
 -0.9764939610627216E-01
 -0.9907994786518137E-01
 -0.1005073365851177    
 -0.1019315046307476    
 -0.1033523943540050    
 -0.1047699480963604    
 -0.1061841081910831    
 -0.1075948169655020    
 -0.1090020167432642    
 -0.1104056498465936    
 -0.1118056585985459    
 -0.1132019853252633    
 -0.1145945723582296    
 -0.1159833620365276    
 -0.1173682967090942    
 -0.1187493187369801    
 -0.1201263704956110    
 -0.1214993943770512    
 -0.1228683327922715    
 -0.1242331281734212    
 -0.1255937229761028    
 -0.1269500596816555    
 -0.1283020807994424    
 -0.1296497288691443    
 -0.1309929464630634    
 -0.1323316761884341    
 -0.1336658606897452    
 -0.1349954426510707    
 -0.1363203647984159    
 -0.1376405699020764    
 -0.1389560007790112    
 -0.1402666002952326    
 -0.1415723113682139    
 -0.1428730769693127    
 -0.1441688401262153    
 -0.1454595439253992    
 -0.1467451315146160    
 -0.1480255461054001    
 -0.1493007309755969    
 -0.1505706294719178    
 -0.1518351850125232    
 -0.1530943410896351    
 -0.1543480412721796    
 -0.1555962292084618    
 -0.1568388486288761    
 -0.1580758433486522    
 -0.1593071572706380    
 -0.1605327343881198    
 -0.1617525187876825    
 -0.1629664546521112    
 -0.1641744862633336    
 -0.1653765580054063    
 -0.1665726143675483    
 -0.1677625999472228    
 -0.1689464594532702    
 -0.1701241377090927    
 -0.1712955796558950    
 -0.1724607303559826    
 -0.1736195349961147    
 -0.1747719388909172    
 -0.1759178874863569    
 -0.1770573263632786    
 -0.1781902012410048    
 -0.1793164579810060    
 -0.1804360425906375    
 -0.1815489012269507    
 -0.1826549802005724    
 -0.1837542259796609    
 -0.1848465851939354    
 -0.1859320046387847    
 -0.1870104312794515    
 -0.1880818122552987    
 -0.1891460948841603    
 -0.1902032266667785    
 -0.1912531552913261    
 -0.1922958286380170    
 -0.1933311947838054    
 -0.1943592020071790    
 -0.1953797987930384    
 -0.1963929338376742    
 -0.1973985560538356    
 -0.1983966145758989    
 -0.1993870587651287    
 -0.2003698382150394    
 -0.2013449027568547    
 -0.2023122024650708    
 -0.2032716876631191    
 -0.2042233089291323    
 -0.2051670171018135    
 -0.2061027632864100    
 -0.2070304988607867    
 -0.2079501754816031    
 -0.2088617450905952    
 -0.2097651599209614    
 -0.2106603725038556    
 -0.2115473356749833    
 -0.2124260025813077    
 -0.2132963266878543    
 -0.2141582617846200    
 -0.2150117619935796    
 -0.2158567817757944    
 -0.2166932759386213    
 -0.2175211996430213    
 -0.2183405084109653    
 -0.2191511581329393    
 -0.2199531050755421    
 -0.2207463058891750    
 -0.2215307176158183    
 -0.2223062976968995    
 -0.2230730039812490    
 -0.2238307947331366    
 -0.2245796286403885    
 -0.2253194648225809    
 -0.2260502628393031    
 -0.2267719826984911    
 -0.2274845848648230    
 -0.2281880302681811    
 -0.2288822803121679    
 -0.2295672968826816    
 -0.2302430423565323    
 -0.2309094796101076    
 -0.2315665720280719    
 -0.2322142835121002    
 -0.2328525784896349    
 -0.2334814219226677    
 -0.2341007793165377    
 -0.2347106167287363    
 -0.2353109007777179    
 -0.2359015986517052    
 -0.2364826781174834    
 -0.2370541075291730    
 -0.2376158558369739    
 -0.2381678925958805    
 -0.2387101879743562    
 -0.2392427127629648    
 -0.2397654383829424    
 -0.2402783368947048    
 -0.2407813810062769    
 -0.2412745440816348    
 -0.2417578001489566    
 -0.2422311239087784    
 -0.2426944907420505    
 -0.2431478767180795    
 -0.2435912586023423    
 -0.2440246138641613    
 -0.2444479206842247    
 -0.2448611579619502    
 -0.2452643053226859    
 -0.2456573431247478    
 -0.2460402524662799    
 -0.2464130151919264    
 -0.2467756138992949    
 -0.2471280319452056    
 -0.2474702534517157    
 -0.2478022633119144    
 -0.2481240471954822    
 -0.2484355915540135    
 -0.2487368836260808    
 -0.2490279114420373    
 -0.2493086638285398    
 -0.2495791304127906    
 -0.2498393016264895    
 -0.2500891687094902    
 -0.2503287237131482    
 -0.2505579595033620    
 -0.2507768697632906    
 -0.2509854489957466    
 -0.2511836925252544    
 -0.2513715964997740    
 -0.2515491578920805    
 -0.2517163745007915    
 -0.2518732449510359    
 -0.2520197686947597    
 -0.2521559460106659    
 -0.2522817780037889    
 -0.2523972666046959    
 -0.2525024145683190    
 -0.2525972254724105    
 -0.2526817037156206    
 -0.2527558545151909    
 -0.2528196839042667    
 -0.2528731987288246    
 -0.2529164066442153    
 -0.2529493161113219    
 -0.2529719363923379    
 -0.2529842775461686    
 -0.2529863504234560    
 -0.2529781666612296    
 -0.2529597386771880    
 -0.2529310796636031    
 -0.2528922035808592    
 -0.2528431251506262    
 -0.2527838598486836    
 -0.2527144238973980    
 -0.2526348342578641    
 -0.2525451086216996    
 -0.2524452654025162    
 -0.2523353237270560    
 -0.2522153034260186    
 -0.2520852250245809    
 -0.2519451097326257    
 -0.2517949794346799    
 -0.2516348566795708    
 -0.2514647646698070    
 -0.2512847272507064    
 -0.2510947688992788    
 -0.2508949147128789    
 -0.2506851903976294    
 -0.2504656222566242    
 -0.2502362371779203    
 -0.2499970626223407    
 -0.2497481266111006    
 -0.2494894577132833    
 -0.2492210850331598    
 -0.2489430381973676    
 -0.2486553473419491    
 -0.2483580430992773    
 -0.2480511565848802    
 -0.2477347193841841    
 -0.2474087635391745    
 -0.2470733215349972    
 -0.2467284262864995    
 -0.2463741111247419    
 -0.2460104097834870    
 -0.2456373563856835    
 -0.2452549854299484    
 -0.2448633317770628    
 -0.2444624306364795    
 -0.2440523175528825    
 -0.2436330283927912    
 -0.2432045993312379    
 -0.2427670668385160    
 -0.2423204676670161    
 -0.2418648388381547    
 -0.2414002176294150    
 -0.2409266415615018    
 -0.2404441483856303    
 -0.2399527760709486    
 -0.2394525627921102    
 -0.2389435469170029    
 -0.2384257669946495    
 -0.2378992617432867    
 -0.2373640700386317    
 -0.2368202309023331    
 -0.2362677834906262    
 -0.2357067670831876    
 -0.2351372210722082    
 -0.2345591849516824    
 -0.2339726983069283    
 -0.2333778008043403    
 -0.2327745321813817    
 -0.2321629322368164    
 -0.2315430408211947    
 -0.2309148978275861    
 -0.2302785431825685    
 -0.2296340168374704    
 -0.2289813587598786    
 -0.2283206089254065    
 -0.2276518073097344    
 -0.2269749938809131    
 -0.2262902085919479    
 -0.2255974913736454    
 -0.2248968821277393    
 -0.2241884207202833    
 -0.2234721469753207    
 -0.2227481006688237    
 -0.2220163215229098    
 -0.2212768492003261    
 -0.2205297232992112    
 -0.2197749833481257    
 -0.2190126688013545    
 -0.2182428190344728    
 -0.2174654733401813    
 -0.2166806709243994    
 -0.2158884509026240    
 -0.2150888522965391    
 -0.2142819140308878    
 -0.2134676749305939    
 -0.2126461737181362    
 -0.2118174490111657    
 -0.2109815393203678    
 -0.2101384830475592    
 -0.2092883184840215    
 -0.2084310838090611    
 -0.2075668170887997    
 -0.2066955562751831    
 -0.2058173392052130    
 -0.2049322036003893    
 -0.2040401870663644    
 -0.2031413270927989    
 -0.2022356610534213    
 -0.2013232262062734    
 -0.2004040596941519    
 -0.1994781985452294    
 -0.1985456796738596    
 -0.1976065398815554    
 -0.1966608158581397    
 -0.1957085441830589    
 -0.1947497613268609    
 -0.1937845036528216    
 -0.1928128074187252    
 -0.1918347087787848    
 -0.1908502437857065    
 -0.1898594483928846    
 -0.1888623584567291    
 -0.1878590097391168    
 -0.1868494379099656    
 -0.1858336785499174    
 -0.1848117671531370    
 -0.1837837391302102    
 -0.1827496298111462    
 -0.1817094744484713    
 -0.1806633082204170    
 -0.1796111662341915    
 -0.1785530835293359    
 -0.1774890950811536    
 -0.1764192358042160    
 -0.1753435405559329    
 -0.1742620441401883    
 -0.1731747813110329    
 -0.1720817867764340    
 -0.1709830952020738    
 -0.1698787412151996    
 -0.1687687594085086    
 -0.1676531843440821    
 -0.1665320505573448    
 -0.1654053925610646    
 -0.1642732448493722    
 -0.1631356419018102    
 -0.1619926181873983    
 -0.1608442081687205    
 -0.1596904463060200    
 -0.1585313670613098    
 -0.1573670049024874    
 -0.1561973943074548    
 -0.1550225697682377    
 -0.1538425657951046    
 -0.1526574169206778    
 -0.1514671577040403    
 -0.1502718227348279    
 -0.1490714466373127    
 -0.1478660640744662    
 -0.1466557097520082    
 -0.1454404184224327    
 -0.1442202248890110    
 -0.1429951640097675    
 -0.1417652707014307    
 -0.1405305799433503    
 -0.1392911267813859    
 -0.1380469463317575    
 -0.1367980737848642    
 -0.1355445444090626    
 -0.1342863935544059    
 -0.1330236566563416    
 -0.1317563692393691    
 -0.1304845669206449    
 -0.1292082854135506    
 -0.1279275605312043    
 -0.1266424281899301    
 -0.1253529244126714    
 -0.1240590853323547    
 -0.1227609471951994    
 -0.1214585463639743    
 -0.1201519193211961    
 -0.1188411026722748    
 -0.1175261331485975    
 -0.1162070476105578    
 -0.1148838830505214    
 -0.1135566765957348    
 -0.1122254655111685    
 -0.1108902872023041    
 -0.1095511792178510    
 -0.1082081792524059    
 -0.1068613251490438    
 -0.1055106549018487    
 -0.1041562066583752    
 -0.1027980187220476    
 -0.1014361295544893    
 -0.1000705777777910    
 -0.9870140217670564E-01
 -0.9732864170077998E-01
 -0.9595233546641602E-01
 -0.9457252275886724E-01
 -0.9318924303416320E-01
 -0.9180253592096776E-01
 -0.9041244122236908E-01
 -0.8901899891760445E-01
 -0.8762224916370576E-01
 -0.8622223229709469E-01
 -0.8481898883509070E-01
 -0.8341255947736292E-01
 -0.8200298510730936E-01
 -0.8059030679336715E-01
 -0.7917456579025384E-01
 -0.7775580354014205E-01
 -0.7633406167376405E-01
 -0.7490938201145059E-01
 -0.7348180656409919E-01
 -0.7205137753407870E-01
 -0.7061813731606476E-01
 -0.6918212849781069E-01
 -0.6774339386084977E-01
 -0.6630197638113505E-01
 -0.6485791922961059E-01
 -0.6341126577271988E-01
 -0.6196205957284628E-01
 -0.6051034438869252E-01
 -0.5905616417559378E-01
 -0.5759956308576791E-01
 -0.5614058546850242E-01
 -0.5467927587028082E-01
 -0.5321567903484475E-01
 -0.5174983990319815E-01
 -0.5028180361354773E-01
 -0.4881161550118684E-01
 -0.4733932109831818E-01
 -0.4586496613381752E-01
 -0.4438859653294053E-01
 -0.4291025841697360E-01
 -0.4142999810282344E-01
 -0.3994786210255641E-01
 -0.3846389712287701E-01
 -0.3697815006455540E-01
 -0.3549066802180062E-01
 -0.3400149828157906E-01
 -0.3251068832288007E-01
 -0.3101828581593374E-01
 -0.2952433862137283E-01
 -0.2802889478934989E-01
 -0.2653200255860066E-01
 -0.2503371035546476E-01
 -0.2353406679285391E-01
 -0.2203312066917817E-01
 -0.2053092096722242E-01
 -0.1902751685298121E-01
 -0.1752295767444600E-01
 -0.1601729296035148E-01
 -0.1451057241887566E-01
 -0.1300284593630185E-01
 -0.1149416357563765E-01
 -0.9984575575194887E-02
 -0.8474132347130070E-02
 -0.6962884475949893E-02
 -0.5450882716977246E-02
 -0.3938177994783798E-02
 -0.2424821401584787E-02
 -0.9108641956023789E-03
  0.6036422006077125E-03
  0.2118646201861141E-02
  0.3634096062083980E-02
  0.5149939876079979E-02
  0.6666125581333171E-02
  0.8182600959834418E-02
  0.9699313639941254E-02
  0.1121621109826010E-01
  0.1273324066155596E-01
  0.1425034950868698E-01
  0.1576748467256461E-01
  0.1728459304213481E-01
  0.1880162136438407E-01
  0.2031851624636660E-01
  0.2183522415725564E-01
  0.2335169143041238E-01
  0.2486786426547766E-01
  0.2638368873048097E-01
  0.2789911076396928E-01
  0.2941407617714908E-01
  0.3092853065604767E-01
  0.3244241976368617E-01
  0.3395568894227025E-01
  0.3546828351539055E-01
  0.3698014869023863E-01
  0.3849122955983431E-01
  0.4000147110526658E-01
  0.4151081819794444E-01
  0.4301921560185873E-01
  0.4452660797585378E-01
  0.4603293987590895E-01
  0.4753815575742487E-01
  0.4904219997751946E-01
  0.5054501679732787E-01
  0.5204655038430955E-01
  0.5354674481455790E-01
  0.5504554407511703E-01
  0.5654289206630092E-01
  0.5803873260401926E-01
  0.5953300942210427E-01
  0.6102566617464067E-01
  0.6251664643829979E-01
  0.6400589371467508E-01
  0.6549335143261659E-01
  0.6697896295056727E-01
  0.6846267155889763E-01
  0.6994442048224153E-01
  0.7142415288182846E-01
  0.7290181185781486E-01
  0.7437734045161498E-01
  0.7585068164823028E-01
  0.7732177837857585E-01
  0.7879057352180618E-01
  0.8025700990763784E-01
  0.8172103031867201E-01
  0.8318257749271107E-01
  0.8464159412507333E-01
  0.8609802287090340E-01
  0.8755180634748089E-01
  0.8900288713652249E-01
  0.9045120778648097E-01
  0.9189671081483985E-01
  0.9333933871040645E-01
  0.9477903393559761E-01
  0.9621573892872415E-01
  0.9764939610627216E-01
  0.9907994786518137E-01
  0.1005073365851177    
  0.1019315046307476    
  0.1033523943540050    
  0.1047699480963604    
  0.1061841081910831    
  0.1075948169655020    
  0.1090020167432642    
  0.1104056498465936    
  0.1118056585985459    
  0.1132019853252633    
  0.1145945723582296    
  0.1159833620365276    
  0.1173682967090942    
  0.1187493187369801    
  0.1201263704956110    
  0.1214993943770512    
  0.1228683327922715    
  0.1242331281734212    
  0.1255937229761028    
  0.1269500596816555    
  0.1283020807994424    
  0.1296497288691443    
  0.1309929464630634    
  0.1323316761884341    
  0.1336658606897452    
  0.1349954426510707    
  0.1363203647984159    
  0.1376405699020764    
  0.1389560007790112    
  0.1402666002952326    
  0.1415723113682139    
  0.1428730769693127    
  0.1441688401262153    
  0.1454595439253992    
  0.1467451315146160    
  0.1480255461054001    
  0.1493007309755969    
  0.1505706294719178    
  0.1518351850125232    
  0.1530943410896351    
  0.1543480412721796    
  0.1555962292084618    
  0.1568388486288761    
  0.1580758433486522    
  0.1593071572706380    
  0.1605327343881198    
  0.1617525187876825    
  0.1629664546521112    
  0.1641744862633336    
  0.1653765580054063    
  0.1665726143675483    
  0.1677625999472228    
  0.1689464594532702    
  0.1701241377090927    
  0.1712955796558950    
  0.1724607303559826    
  0.1736195349961147    
  0.1747719388909172    
  0.1759178874863569    
  0.1770573263632786    
  0.1781902012410048    
  0.1793164579810060    
  0.1804360425906375    
  0.1815489012269507    
  0.1826549802005724    
  0.1837542259796609    
  0.1848465851939354    
  0.1859320046387847    
  0.1870104312794515    
  0.1880818122552987    
  0.1891460948841603    
  0.1902032266667785    
  0.1912531552913261    
  0.1922958286380170    
  0.1933311947838054    
  0.1943592020071790    
  0.1953797987930384    
  0.1963929338376742    
  0.1973985560538356    
  0.1983966145758989    
  0.1993870587651287    
  0.2003698382150394    
  0.2013449027568547    
  0.2023122024650708    
  0.2032716876631191    
  0.2042233089291323    
  0.2051670171018135    
  0.2061027632864100    
  0.2070304988607867    
  0.2079501754816031    
  0.2088617450905952    
  0.2097651599209614    
  0.2106603725038556    
  0.2115473356749833    
  0.2124260025813077    
  0.2132963266878543    
  0.2141582617846200    
  0.2150117619935796    
  0.2158567817757944    
  0.2166932759386213    
  0.2175211996430213    
  0.2183405084109653    
  0.2191511581329393    
  0.2199531050755421    
  0.2207463058891750    
  0.2215307176158183    
  0.2223062976968995    
  0.2230730039812490    
  0.2238307947331366    
  0.2245796286403885    
  0.2253194648225809    
  0.2260502628393031    
  0.2267719826984911    
  0.2274845848648230    
  0.2281880302681811    
  0.2288822803121679    
  0.2295672968826816    
  0.2302430423565323    
  0.2309094796101076    
  0.2315665720280719    
  0.2322142835121002    
  0.2328525784896349    
  0.2334814219226677    
  0.2341007793165377    
  0.2347106167287363    
  0.2353109007777179    
  0.2359015986517052    
  0.2364826781174834    
  0.2370541075291730    
  0.2376158558369739    
  0.2381678925958805    
  0.2387101879743562    
  0.2392427127629648    
  0.2397654383829424    
  0.2402783368947048    
  0.2407813810062769    
  0.2412745440816348    
  0.2417578001489566    
  0.2422311239087784    
  0.2426944907420505    
  0.2431478767180795    
  0.2435912586023423    
  0.2440246138641613    
  0.2444479206842247    
  0.2448611579619502    
  0.2452643053226859    
  0.2456573431247478    
  0.2460402524662799    
  0.2464130151919264    
  0.2467756138992949    
  0.2471280319452056    
  0.2474702534517157    
  0.2478022633119144    
  0.2481240471954822    
  0.2484355915540135    
  0.2487368836260808    
  0.2490279114420373    
  0.2493086638285398    
  0.2495791304127906    
  0.2498393016264895    
  0.2500891687094902    
  0.2503287237131482    
  0.2505579595033620    
  0.2507768697632906    
  0.2509854489957466    
  0.2511836925252544    
  0.2513715964997740    
  0.2515491578920805    
  0.2517163745007915    
  0.2518732449510359    
  0.2520197686947597    
  0.2521559460106659    
  0.2522817780037889    
  0.2523972666046959    
  0.2525024145683190    
  0.2525972254724105    
  0.2526817037156206    
  0.2527558545151909    
  0.2528196839042667    
  0.2528731987288246    
  0.2529164066442153    
  0.2529493161113219    
  0.2529719363923379    
  0.2529842775461686    
  0.2529863504234560    
  0.2529781666612296    
  0.2529597386771880    
  0.2529310796636031    
  0.2528922035808592    
  0.2528431251506262    
  0.2527838598486836    
  0.2527144238973980    
  0.2526348342578641    
  0.2525451086216996    
  0.2524452654025162    
  0.2523353237270560    
  0.2522153034260186    
  0.2520852250245809    
  0.2519451097326257    
  0.2517949794346799    
  0.2516348566795708    
  0.2514647646698070    
  0.2512847272507064    
  0.2510947688992788    
  0.2508949147128789    
  0.2506851903976294    
  0.2504656222566242    
  0.2502362371779203    
  0.2499970626223407    
  0.2497481266111006    
  0.2494894577132833    
  0.2492210850331598    
  0.2489430381973676    
  0.2486553473419491    
  0.2483580430992773    
  0.2480511565848802    
  0.2477347193841841    
  0.2474087635391745    
  0.2470733215349972    
  0.2467284262864995    
  0.2463741111247419    
  0.2460104097834870    
  0.2456373563856835    
  0.2452549854299484    
  0.2448633317770628    
  0.2444624306364795    
  0.2440523175528825    
  0.2436330283927912    
  0.2432045993312379    
  0.2427670668385160    
  0.2423204676670161    
  0.2418648388381547    
  0.2414002176294150    
  0.2409266415615018    
  0.2404441483856303    
  0.2399527760709486    
  0.2394525627921102    
  0.2389435469170029    
  0.2384257669946495    
  0.2378992617432867    
  0.2373640700386317    
  0.2368202309023331    
  0.2362677834906262    
  0.2357067670831876    
  0.2351372210722082    
  0.2345591849516824    
  0.2339726983069283    
  0.2333778008043403    
  0.2327745321813817    
  0.2321629322368164    
  0.2315430408211947    
  0.2309148978275861    
  0.2302785431825685    
  0.2296340168374704    
  0.2289813587598786    
  0.2283206089254065    
  0.2276518073097344    
  0.2269749938809131    
  0.2262902085919479    
  0.2255974913736454    
  0.2248968821277393    
  0.2241884207202833    
  0.2234721469753207    
  0.2227481006688237    
  0.2220163215229098    
  0.2212768492003261    
  0.2205297232992112    
  0.2197749833481257    
  0.2190126688013545    
  0.2182428190344728    
  0.2174654733401813    
  0.2166806709243994    
  0.2158884509026240    
  0.2150888522965391    
  0.2142819140308878    
  0.2134676749305939    
  0.2126461737181362    
  0.2118174490111657    
  0.2109815393203678    
  0.2101384830475592    
  0.2092883184840215    
  0.2084310838090611    
  0.2075668170887997    
  0.2066955562751831    
  0.2058173392052130    
  0.2049322036003893    
  0.2040401870663644    
  0.2031413270927989    
  0.2022356610534213    
  0.2013232262062734    
  0.2004040596941519    
  0.1994781985452294    
  0.1985456796738596    
  0.1976065398815554    
  0.1966608158581397    
  0.1957085441830589    
  0.1947497613268609    
  0.1937845036528216    
  0.1928128074187252    
  0.1918347087787848    
  0.1908502437857065    
  0.1898594483928846    
  0.1888623584567291    
  0.1878590097391168    
  0.1868494379099656    
  0.1858336785499174    
  0.1848117671531370    
  0.1837837391302102    
  0.1827496298111462    
  0.1817094744484713    
  0.1806633082204170    
  0.1796111662341915    
  0.1785530835293359    
  0.1774890950811536    
  0.1764192358042160    
  0.1753435405559329    
  0.1742620441401883    
  0.1731747813110329    
  0.1720817867764340    
  0.1709830952020738    
  0.1698787412151996    
  0.1687687594085086    
  0.1676531843440821    
  0.1665320505573448    
  0.1654053925610646    
  0.1642732448493722    
  0.1631356419018102    
  0.1619926181873983    
  0.1608442081687205    
  0.1596904463060200    
  0.1585313670613098    
  0.1573670049024874    
  0.1561973943074548    
  0.1550225697682377    
  0.1538425657951046    
  0.1526574169206778    
  0.1514671577040403    
  0.1502718227348279    
  0.1490714466373127    
  0.1478660640744662    
  0.1466557097520082    
  0.1454404184224327    
  0.1442202248890110    
  0.1429951640097675    
  0.1417652707014307    
  0.1405305799433503    
  0.1392911267813859    
  0.1380469463317575    
  0.1367980737848642    
  0.1355445444090626    
  0.1342863935544059    
  0.1330236566563416    
  0.1317563692393691    
  0.1304845669206449    
  0.1292082854135506    
  0.1279275605312043    
  0.1266424281899301    
  0.1253529244126714    
  0.1240590853323547    
  0.1227609471951994    
  0.1214585463639743    
  0.1201519193211961    
  0.1188411026722748    
  0.1175261331485975    
  0.1162070476105578    
  0.1148838830505214    
  0.1135566765957348    
  0.1122254655111685    
  0.1108902872023041    
  0.1095511792178510    
  0.1082081792524059    
  0.1068613251490438    
  0.1055106549018487    
  0.1041562066583752    
  0.1027980187220476    
  0.1014361295544893    
  0.1000705777777910    
  0.9870140217670564E-01
  0.9732864170077998E-01
  0.9595233546641602E-01
  0.9457252275886724E-01
  0.9318924303416320E-01
  0.9180253592096776E-01
  0.9041244122236908E-01
