   2.124153607218690    
   2.144067072351033    
   2.162467000379049    
   2.180469578411715    
   2.201378008651572    
   2.224227552398042    
   2.245962172090913    
   2.267394984783587    
   2.291271737852071    
   2.316745445359239    
   2.341122179938603    
   2.364977973743251    
   2.390526652364476    
   2.416830011254821    
   2.441306235339770    
   2.464175052184512    
   2.486973401176502    
   2.508324271950800    
   2.525289379071525    
   2.537250037002338    
   2.544457230930803    
   2.544196397379462    
   2.531976014193568    
   2.504849072290801    
   2.459831742332089    
   2.390223708608516    
   2.286458316196042    
   2.138670317244755    
   1.934638725674889    
   1.655829314737561    
   1.277536382034361    
  0.7705002165665443    
  0.9855832452567136E-01
 -0.7844639915016541    
  -1.932152430047471    
  -3.397916416475867    
  -5.224855189699561    
  -7.427843776458430    
  -9.962644729080470    
  -12.69150293516961    
  -15.36922552474058    
  -17.67413529310427    
  -19.29056347219682    
  -20.01525626867243    
  -19.82933602050294    
  -18.88844314010655    
  -17.44198433359626    
  -15.74174396992248    
  -13.98824740464532    
  -12.31600783279917    
  -10.79789741107257    
  -9.460183597357620    
  -8.303735995058593    
  -7.318616879534608    
  -6.486778835372172    
  -5.784621743842639    
  -5.191738278411494    
  -4.694298781964660    
  -4.278010986886976    
  -3.925408847449414    
  -3.624320018928717    
  -3.371046310149268    
  -3.159994723118304    
  -2.978687162593537    
  -2.819072756830097    
  -2.684024048409467    
  -2.574410636016720    
  -2.479593807423263    
  -2.390784997060799    
  -2.313691948609937    
  -2.255181867882414    
  -2.206738328577893    
  -2.156329353683812    
  -2.108577235850191    
  -2.075372173676001    
  -2.052396764572693    
  -2.024840604874806    
  -1.993246228415524    
  -1.972191538619989    
  -1.963059803576848    
  -1.950321991799719    
  -1.928807876546873    
  -1.912710764460066    
  -1.909836556090984    
  -1.907524424947518    
  -1.895062315261927    
  -1.881696453411030    
  -1.879030532421912    
  -1.881155640878253    
  -1.876961511320791    
  -1.869330928767583    
  -1.867035216492894    
  -1.868131801787038    
  -1.866213783491574    
  -1.864092110193353    
  -1.866837562799384    
  -1.869500051315296    
  -1.866174979203392    
  -1.863411000333706    
  -1.869542679835059    
  -1.878027817902105    
  -1.877637320485345    
  -1.872970427101165    
  -1.877202670886013    
  -1.888806639588855    
  -1.894221044509210    
  -1.891844651088128    
  -1.894243027580234    
  -1.905445394934541    
  -1.914676661290924    
  -1.916461682046721    
  -1.919651090405096    
  -1.930408321686143    
  -1.941675962474750    
  -1.947187246401430    
  -1.952565150717612    
  -1.963936688990307    
  -1.976878481207416    
  -1.985629952319048    
  -1.993749740397127    
  -2.006645491003548    
  -2.021494274434033    
  -2.033335646255498    
  -2.044503808370269    
  -2.059616398546264    
  -2.076796516584783    
  -2.091829539751714    
  -2.106308261319759    
  -2.124153607218690    
  -2.144067072351033    
  -2.162467000379049    
  -2.180469578411715    
  -2.201378008651572    
  -2.224227552398042    
  -2.245962172090913    
  -2.267394984783587    
  -2.291271737852071    
  -2.316745445359239    
  -2.341122179938603    
  -2.364977973743251    
  -2.390526652364476    
  -2.416830011254821    
  -2.441306235339770    
  -2.464175052184512    
  -2.486973401176502    
  -2.508324271950800    
  -2.525289379071525    
  -2.537250037002338    
  -2.544457230930803    
  -2.544196397379462    
  -2.531976014193568    
  -2.504849072290801    
  -2.459831742332089    
  -2.390223708608516    
  -2.286458316196042    
  -2.138670317244755    
  -1.934638725674889    
  -1.655829314737561    
  -1.277536382034361    
 -0.7705002165665443    
 -0.9855832452567136E-01
  0.7844639915016541    
   1.932152430047471    
   3.397916416475867    
   5.224855189699561    
   7.427843776458430    
   9.962644729080470    
   12.69150293516961    
   15.36922552474058    
   17.67413529310427    
   19.29056347219682    
   20.01525626867243    
   19.82933602050294    
   18.88844314010655    
   17.44198433359626    
   15.74174396992248    
   13.98824740464532    
   12.31600783279917    
   10.79789741107257    
   9.460183597357620    
   8.303735995058593    
   7.318616879534608    
   6.486778835372172    
   5.784621743842639    
   5.191738278411494    
   4.694298781964660    
   4.278010986886976    
   3.925408847449414    
   3.624320018928717    
   3.371046310149268    
   3.159994723118304    
   2.978687162593537    
   2.819072756830097    
   2.684024048409467    
   2.574410636016720    
   2.479593807423263    
   2.390784997060799    
   2.313691948609937    
   2.255181867882414    
   2.206738328577893    
   2.156329353683812    
   2.108577235850191    
   2.075372173676001    
   2.052396764572693    
   2.024840604874806    
   1.993246228415524    
   1.972191538619989    
   1.963059803576848    
   1.950321991799719    
   1.928807876546873    
   1.912710764460066    
   1.909836556090984    
   1.907524424947518    
   1.895062315261927    
   1.881696453411030    
   1.879030532421912    
   1.881155640878253    
   1.876961511320791    
   1.869330928767583    
   1.867035216492894    
   1.868131801787038    
   1.866213783491574    
   1.864092110193353    
   1.866837562799384    
   1.869500051315296    
   1.866174979203392    
   1.863411000333706    
   1.869542679835059    
   1.878027817902105    
   1.877637320485345    
   1.872970427101165    
   1.877202670886013    
   1.888806639588855    
   1.894221044509210    
   1.891844651088128    
   1.894243027580234    
   1.905445394934541    
   1.914676661290924    
   1.916461682046721    
   1.919651090405096    
   1.930408321686143    
   1.941675962474750    
   1.947187246401430    
   1.952565150717612    
   1.963936688990307    
   1.976878481207416    
   1.985629952319048    
   1.993749740397127    
   2.006645491003548    
   2.021494274434033    
   2.033335646255498    
   2.044503808370269    
   2.059616398546264    
   2.076796516584783    
   2.091829539751714    
   2.106308261319759    
