  0.3173136161150579    
  0.3170590742494946    
  0.3167976191481207    
  0.3165292636078455    
  0.3162540196047408    
  0.3159718982984064    
  0.3156829100385713    
  0.3153870643756418    
  0.3150843700703011    
  0.3147748350973593    
  0.3144584666479596    
  0.3141352711390818    
  0.3138052542299123    
  0.3134684208327457    
  0.3131247751108036    
  0.3127743204730799    
  0.3124170595823903    
  0.3120529943769524    
  0.3116821260882035    
  0.3113044552411194    
  0.3109199816435642    
  0.3105287043840951    
  0.3101306218489152    
  0.3097257317476438    
  0.3093140311262429    
  0.3088955163577035    
  0.3084701831266893    
  0.3080380264341819    
  0.3075990406262449    
  0.3071532194205244    
  0.3067005559044214    
  0.3062410425132222    
  0.3057746710221398    
  0.3053014325694312    
  0.3048213176893937    
  0.3043343163224403    
  0.3038404177975999    
  0.3033396108150823    
  0.3028318834554224    
  0.3023172232105416    
  0.3017956170069969    
  0.3012670512005480    
  0.3007315115541663    
  0.3001889832314181    
  0.2996394508195211    
  0.2990828983607502    
  0.2985193093605413    
  0.2979486667692958    
  0.2973709529668259    
  0.2967861497736773    
  0.2961942384797075    
  0.2955951998607542    
  0.2949890141710493    
  0.2943756611282102    
  0.2937551199139049    
  0.2931273691929124    
  0.2924923871327144    
  0.2918501514074149    
  0.2912006391888265    
  0.2905438271411784    
  0.2898796914298192    
  0.2892082077375988    
  0.2885293512753531    
  0.2878430967817496    
  0.2871494185197246    
  0.2864482902781469    
  0.2857396853800288    
  0.2850235766929861    
  0.2842999366373448    
  0.2835687371893802    
  0.2828299498805333    
  0.2820835457978786    
  0.2813294955915076    
  0.2805677694871568    
  0.2797983372949139    
  0.2790211684085973    
  0.2782362318027215    
  0.2774434960383111    
  0.2766429292774964    
  0.2758344992942778    
  0.2750181734733206    
  0.2741939188055952    
  0.2733617018952545    
  0.2725214889766763    
  0.2716732459252618    
  0.2708169382541913    
  0.2699525311108425    
  0.2690799892880456    
  0.2681992772424595    
  0.2673103591004132    
  0.2664131986514190    
  0.2655077593507787    
  0.2645940043392122    
  0.2636718964588946    
  0.2627413982492772    
  0.2618024719393898    
  0.2608550794619461    
  0.2598991824810511    
  0.2589347424017355    
  0.2579617203562844    
  0.2569800771997867    
  0.2559897735357235    
  0.2549907697468551    
  0.2539830259969560    
  0.2529665022121102    
  0.2519411580827119    
  0.2509069530989599    
  0.2498638465828780    
  0.2488117976822024    
  0.2477507653464613    
  0.2466807083351470    
  0.2456015852648629    
  0.2445133546440247    
  0.2434159748575566    
  0.2423094041372593    
  0.2411936005795918    
  0.2400685222054168    
  0.2389341269914584    
  0.2377903728428101    
  0.2366372175657637    
  0.2354746189021305    
  0.2343025345932445    
  0.2331209223972921    
  0.2319297400574384    
  0.2307289452933728    
  0.2295184958485020    
  0.2282983495385327    
  0.2270684642523913    
  0.2258287979358659    
  0.2245793086096999    
  0.2233199544123615    
  0.2220506936234298    
  0.2207714846653094    
  0.2194822861161023    
  0.2181830567384509    
  0.2168737554998321    
  0.2155543415828706    
  0.2142247744086411    
  0.2128850136710154    
  0.2115350193549916    
  0.2101747517397777    
  0.2088041714194336    
  0.2074232393470245    
  0.2060319168666522    
  0.2046301657172085    
  0.2032179480409203    
  0.2017952264226859    
  0.2003619639351339    
  0.1989181241575577    
  0.1974636711831597    
  0.1959985696464370    
  0.1945227847657023    
  0.1930362823736832    
  0.1915390289364838    
  0.1900309915820479    
  0.1885121381375116    
  0.1869824371571363    
  0.1854418579439637    
  0.1838903705852113    
  0.1823279459978575    
  0.1807545559602386    
  0.1791701731295452    
  0.1775747710721675    
  0.1759683243135630    
  0.1743508083814242    
  0.1727221998291889    
  0.1710824762622594    
  0.1694316163840081    
  0.1677696000441207    
  0.1660964082705099    
  0.1644120232975108    
  0.1627164286089508    
  0.1610096089870318    
  0.1592915505501435    
  0.1575622407869898    
  0.1558216686019448    
  0.1540698243632601    
  0.1523066999393141    
  0.1505322887335382    
  0.1487465857359184    
  0.1469495875791637    
  0.1451412925759342    
  0.1433217007471759    
  0.1414908138716616    
  0.1396486355521319    
  0.1377951712627636    
  0.1359304283738720    
  0.1340544161911259    
  0.1321671460235376    
  0.1302686312450294    
  0.1283588873254567    
  0.1264379318601386    
  0.1245057846291450    
  0.1225624676661925    
  0.1206080053028589    
  0.1186424241989201    
  0.1166657533912048    
  0.1146780243565665    
  0.1126792710607818    
  0.1106695299961154    
  0.1086488402329819    
  0.1066172434814499    
  0.1045747841353995    
  0.1025215093038051    
  0.1004574688608526    
  0.9838271551398776E-01
  0.9629730485405913E-01
  0.9420129538157632E-01
  0.9209474854555805E-01
  0.8997772880792275E-01
  0.8785030369897261E-01
  0.8571254384592382E-01
  0.8356452300606940E-01
  0.8140631812576145E-01
  0.7923800939476171E-01
  0.7705968027089802E-01
  0.7487141750475231E-01
  0.7267331119516283E-01
  0.7046545484781629E-01
  0.6824794539908365E-01
  0.6602088322777003E-01
  0.6378437219897815E-01
  0.6153851972454706E-01
  0.5928343679038963E-01
  0.5701923795608695E-01
  0.5474604137929785E-01
  0.5246396887236023E-01
  0.5017314594053610E-01
  0.4787370178096773E-01
  0.4556576928398209E-01
  0.4324948506664030E-01
  0.4092498950993754E-01
  0.3859242676760466E-01
  0.3625194476207766E-01
  0.3390369519479314E-01
  0.3154783356384772E-01
  0.2918451917012043E-01
  0.2681391511582946E-01
  0.2443618830565636E-01
  0.2205150944390084E-01
  0.1966005302326502E-01
  0.1726199731743341E-01
  0.1485752437983301E-01
  0.1244682002958040E-01
  0.1003007381966363E-01
  0.7607479011780160E-02
  0.5179232568519209E-02
  0.2745535136031656E-02
  0.3065909989576136E-03
 -0.2137391967120507E-02
 -0.4586202321056658E-02
 -0.7039625080371964E-02
 -0.9497441773647324E-02
 -0.1195943050594815E-01
 -0.1442536600564788E-01
 -0.1689501966091839E-01
 -0.1936815957716219E-01
 -0.2184455065395248E-01
 -0.2432395465412835E-01
 -0.2680613026183304E-01
 -0.2929083315078704E-01
 -0.3177781606674217E-01
 -0.3426682890907042E-01
 -0.3675761881045764E-01
 -0.3924993022553162E-01
 -0.4174350502368292E-01
 -0.4423808257602683E-01
 -0.4673339984786128E-01
 -0.4922919150970126E-01
 -0.5172519004942547E-01
 -0.5422112586561284E-01
 -0.5671672736297172E-01
 -0.5921172107936670E-01
 -0.6170583182383520E-01
 -0.6419878278516708E-01
 -0.6669029562616148E-01
 -0.6918009061323366E-01
 -0.7166788677508430E-01
 -0.7415340203387678E-01
 -0.7663635330334700E-01
 -0.7911645661379933E-01
 -0.8159342728294906E-01
 -0.8406698007304400E-01
 -0.8653682930063437E-01
 -0.8900268895240855E-01
 -0.9146427285255652E-01
 -0.9392129483788275E-01
 -0.9637346888699702E-01
 -0.9882050923614934E-01
 -0.1012621305392750    
 -0.1036980480494172    
 -0.1061279777609248    
 -0.1085516365252610    
 -0.1109687422023660    
 -0.1133790138449073    
 -0.1157821718533794    
 -0.1181779380935187    
 -0.1205660360343280    
 -0.1229461909241590    
 -0.1253181299515152    
 -0.1276815823662487    
 -0.1300362796090633    
 -0.1323819554785217    
 -0.1347183462911324    
 -0.1370451909987701    
 -0.1393622313027675    
 -0.1416692118073301    
 -0.1439658801802467    
 -0.1462519872721744    
 -0.1485272872158950    
 -0.1507915375560728    
 -0.1530444993979691    
 -0.1552859375255373    
 -0.1575156204922532    
 -0.1597333207318102    
 -0.1619388146905373    
 -0.1641318829348400    
 -0.1663123102257891    
 -0.1684798856081228    
 -0.1706344025299944    
 -0.1727756589469389    
 -0.1749034573821302    
 -0.1770176049834463    
 -0.1791179136155250    
 -0.1812041999568753    
 -0.1832762855576043    
 -0.1853339968752474    
 -0.1873771653341138    
 -0.1894056274013549    
 -0.1914192246359556    
 -0.1934178037093175    
 -0.1954012164394230    
 -0.1973693198468387    
 -0.1993219761911588    
 -0.2012590529712409    
 -0.2031804229295652    
 -0.2050859640887115    
 -0.2069755597843722    
 -0.2088490986543176    
 -0.2107064746082727    
 -0.2125475868300676    
 -0.2143723398037712    
 -0.2161806433075874    
 -0.2179724123635029    
 -0.2197475671957963    
 -0.2215060332309779    
 -0.2232477410987357    
 -0.2249726265859459    
 -0.2266806305647603    
 -0.2283716989495881    
 -0.2300457826843053    
 -0.2317028377082239    
 -0.2333428248801130    
 -0.2349657099008788    
 -0.2365714632696038    
 -0.2381600602482118    
 -0.2397314807937818    
 -0.2412857094665681    
 -0.2428227353547555    
 -0.2443425520237192    
 -0.2458451574550651    
 -0.2473305539554680    
 -0.2487987480597721    
 -0.2502497504563066    
 -0.2516835759235734    
 -0.2531002432489582    
 -0.2544997751270859    
 -0.2558821980626926    
 -0.2572475422910948    
 -0.2585958417012347    
 -0.2599271337438526    
 -0.2612414593288873    
 -0.2625388627278917    
 -0.2638193914862919    
 -0.2650830963367549    
 -0.2663300311057646    
 -0.2675602526145768    
 -0.2687738205801543    
 -0.2699707975198256    
 -0.2711512486599215    
 -0.2723152418454547    
 -0.2734628474462374    
 -0.2745941382579618    
 -0.2757091894032249    
 -0.2768080782391603    
 -0.2778908842712131    
 -0.2789576890650703    
 -0.2800085761512981    
 -0.2810436309274092    
 -0.2820629405664873    
 -0.2830665939343084    
 -0.2840546815074535    
 -0.2850272952851975    
 -0.2859845286970842    
 -0.2869264765144646    
 -0.2878532347705196    
 -0.2887649006845415    
 -0.2896615725828150    
 -0.2905433498141387    
 -0.2914103326661647    
 -0.2922626222897209    
 -0.2931003206302785    
 -0.2939235303580270    
 -0.2947323547909559    
 -0.2955268978166182    
 -0.2963072638231697    
 -0.2970735576405808    
 -0.2978258844803040    
 -0.2985643498644671    
 -0.2992890595521873    
 -0.3000001194782874    
 -0.3006976357057334    
 -0.3013817143754890    
 -0.3020524616418377    
 -0.3027099836035124    
 -0.3033543862501525    
 -0.3039857754252868    
 -0.3046042567858921    
 -0.3052099357448912    
 -0.3058029174087062    
 -0.3063833065310522    
 -0.3069512074834737    
 -0.3075067242220501    
 -0.3080499602380007    
 -0.3085810185051695    
 -0.3091000014430961    
 -0.3096070108931401    
 -0.3101021480884640    
 -0.3105855136106520    
 -0.3110572073478614    
 -0.3115173284688646    
 -0.3119659754053757    
 -0.3124032458245316    
 -0.3128292365898980    
 -0.3132440437284712    
 -0.3136477624146191    
 -0.3140404869590216    
 -0.3144223107845864    
 -0.3147933263912494    
 -0.3151536253295064    
 -0.3155032981926972    
 -0.3158424346133837    
 -0.3161711232438241    
 -0.3164894517230989    
 -0.3167975066539571    
 -0.3170953736020853    
 -0.3173831371015716    
 -0.3176608806418038    
 -0.3179286866362427    
 -0.3181866363996352    
 -0.3184348101510845    
 -0.3186732870269064    
 -0.3189021450748060    
 -0.3191214612271287    
 -0.3193313112800817    
 -0.3195317698980383    
 -0.3197229106288753    
 -0.3199048059035160    
 -0.3200775270162974    
 -0.3202411441086186    
 -0.3203957261726587    
 -0.3205413410656578    
 -0.3206780555141909    
 -0.3208059351033827    
 -0.3209250442649831    
 -0.3210354462778966    
 -0.3211372032792886    
 -0.3212303762738656    
 -0.3213150251334572    
 -0.3213912085907767    
 -0.3214589842368176    
 -0.3215184085263325    
 -0.3215695367873904    
 -0.3216124232284077    
 -0.3216471209404515    
 -0.3216736818976415    
 -0.3216921569592606    
 -0.3217025958750397    
 -0.3217050472929014    
 -0.3216995587668121    
 -0.3216861767620869    
 -0.3216649466582518    
 -0.3216359127532499    
 -0.3215991182717982    
 -0.3215546053750096    
 -0.3215024151661450    
 -0.3214425876930136    
 -0.3213751619533307    
 -0.3213001759060613    
 -0.3212176664833747    
 -0.3211276695963514    
 -0.3210302201356048    
 -0.3209253519749254    
 -0.3208130979829374    
 -0.3206934900383610    
 -0.3205665590399249    
 -0.3204323349077972    
 -0.3202908465835203    
 -0.3201421220379914    
 -0.3199861882877179    
 -0.3198230714089420    
 -0.3196527965415362    
 -0.3194753878880188    
 -0.3192908687196139    
 -0.3190992613914224    
 -0.3189005873562761    
 -0.3186948671693853    
 -0.3184821204891033    
 -0.3182623660837702    
 -0.3180356218452671    
 -0.3178019048011113    
 -0.3175612311200713    
 -0.3173136161150579    
 -0.3170590742494946    
 -0.3167976191481207    
 -0.3165292636078455    
 -0.3162540196047408    
 -0.3159718982984064    
 -0.3156829100385713    
 -0.3153870643756418    
 -0.3150843700703011    
 -0.3147748350973593    
 -0.3144584666479596    
 -0.3141352711390818    
 -0.3138052542299123    
 -0.3134684208327457    
 -0.3131247751108036    
 -0.3127743204730799    
 -0.3124170595823903    
 -0.3120529943769524    
 -0.3116821260882035    
 -0.3113044552411194    
 -0.3109199816435642    
 -0.3105287043840951    
 -0.3101306218489152    
 -0.3097257317476438    
 -0.3093140311262429    
 -0.3088955163577035    
 -0.3084701831266893    
 -0.3080380264341819    
 -0.3075990406262449    
 -0.3071532194205244    
 -0.3067005559044214    
 -0.3062410425132222    
 -0.3057746710221398    
 -0.3053014325694312    
 -0.3048213176893937    
 -0.3043343163224403    
 -0.3038404177975999    
 -0.3033396108150823    
 -0.3028318834554224    
 -0.3023172232105416    
 -0.3017956170069969    
 -0.3012670512005480    
 -0.3007315115541663    
 -0.3001889832314181    
 -0.2996394508195211    
 -0.2990828983607502    
 -0.2985193093605413    
 -0.2979486667692958    
 -0.2973709529668259    
 -0.2967861497736773    
 -0.2961942384797075    
 -0.2955951998607542    
 -0.2949890141710493    
 -0.2943756611282102    
 -0.2937551199139049    
 -0.2931273691929124    
 -0.2924923871327144    
 -0.2918501514074149    
 -0.2912006391888265    
 -0.2905438271411784    
 -0.2898796914298192    
 -0.2892082077375988    
 -0.2885293512753531    
 -0.2878430967817496    
 -0.2871494185197246    
 -0.2864482902781469    
 -0.2857396853800288    
 -0.2850235766929861    
 -0.2842999366373448    
 -0.2835687371893802    
 -0.2828299498805333    
 -0.2820835457978786    
 -0.2813294955915076    
 -0.2805677694871568    
 -0.2797983372949139    
 -0.2790211684085973    
 -0.2782362318027215    
 -0.2774434960383111    
 -0.2766429292774964    
 -0.2758344992942778    
 -0.2750181734733206    
 -0.2741939188055952    
 -0.2733617018952545    
 -0.2725214889766763    
 -0.2716732459252618    
 -0.2708169382541913    
 -0.2699525311108425    
 -0.2690799892880456    
 -0.2681992772424595    
 -0.2673103591004132    
 -0.2664131986514190    
 -0.2655077593507787    
 -0.2645940043392122    
 -0.2636718964588946    
 -0.2627413982492772    
 -0.2618024719393898    
 -0.2608550794619461    
 -0.2598991824810511    
 -0.2589347424017355    
 -0.2579617203562844    
 -0.2569800771997867    
 -0.2559897735357235    
 -0.2549907697468551    
 -0.2539830259969560    
 -0.2529665022121102    
 -0.2519411580827119    
 -0.2509069530989599    
 -0.2498638465828780    
 -0.2488117976822024    
 -0.2477507653464613    
 -0.2466807083351470    
 -0.2456015852648629    
 -0.2445133546440247    
 -0.2434159748575566    
 -0.2423094041372593    
 -0.2411936005795918    
 -0.2400685222054168    
 -0.2389341269914584    
 -0.2377903728428101    
 -0.2366372175657637    
 -0.2354746189021305    
 -0.2343025345932445    
 -0.2331209223972921    
 -0.2319297400574384    
 -0.2307289452933728    
 -0.2295184958485020    
 -0.2282983495385327    
 -0.2270684642523913    
 -0.2258287979358659    
 -0.2245793086096999    
 -0.2233199544123615    
 -0.2220506936234298    
 -0.2207714846653094    
 -0.2194822861161023    
 -0.2181830567384509    
 -0.2168737554998321    
 -0.2155543415828706    
 -0.2142247744086411    
 -0.2128850136710154    
 -0.2115350193549916    
 -0.2101747517397777    
 -0.2088041714194336    
 -0.2074232393470245    
 -0.2060319168666522    
 -0.2046301657172085    
 -0.2032179480409203    
 -0.2017952264226859    
 -0.2003619639351339    
 -0.1989181241575577    
 -0.1974636711831597    
 -0.1959985696464370    
 -0.1945227847657023    
 -0.1930362823736832    
 -0.1915390289364838    
 -0.1900309915820479    
 -0.1885121381375116    
 -0.1869824371571363    
 -0.1854418579439637    
 -0.1838903705852113    
 -0.1823279459978575    
 -0.1807545559602386    
 -0.1791701731295452    
 -0.1775747710721675    
 -0.1759683243135630    
 -0.1743508083814242    
 -0.1727221998291889    
 -0.1710824762622594    
 -0.1694316163840081    
 -0.1677696000441207    
 -0.1660964082705099    
 -0.1644120232975108    
 -0.1627164286089508    
 -0.1610096089870318    
 -0.1592915505501435    
 -0.1575622407869898    
 -0.1558216686019448    
 -0.1540698243632601    
 -0.1523066999393141    
 -0.1505322887335382    
 -0.1487465857359184    
 -0.1469495875791637    
 -0.1451412925759342    
 -0.1433217007471759    
 -0.1414908138716616    
 -0.1396486355521319    
 -0.1377951712627636    
 -0.1359304283738720    
 -0.1340544161911259    
 -0.1321671460235376    
 -0.1302686312450294    
 -0.1283588873254567    
 -0.1264379318601386    
 -0.1245057846291450    
 -0.1225624676661925    
 -0.1206080053028589    
 -0.1186424241989201    
 -0.1166657533912048    
 -0.1146780243565665    
 -0.1126792710607818    
 -0.1106695299961154    
 -0.1086488402329819    
 -0.1066172434814499    
 -0.1045747841353995    
 -0.1025215093038051    
 -0.1004574688608526    
 -0.9838271551398776E-01
 -0.9629730485405913E-01
 -0.9420129538157632E-01
 -0.9209474854555805E-01
 -0.8997772880792275E-01
 -0.8785030369897261E-01
 -0.8571254384592382E-01
 -0.8356452300606940E-01
 -0.8140631812576145E-01
 -0.7923800939476171E-01
 -0.7705968027089802E-01
 -0.7487141750475231E-01
 -0.7267331119516283E-01
 -0.7046545484781629E-01
 -0.6824794539908365E-01
 -0.6602088322777003E-01
 -0.6378437219897815E-01
 -0.6153851972454706E-01
 -0.5928343679038963E-01
 -0.5701923795608695E-01
 -0.5474604137929785E-01
 -0.5246396887236023E-01
 -0.5017314594053610E-01
 -0.4787370178096773E-01
 -0.4556576928398209E-01
 -0.4324948506664030E-01
 -0.4092498950993754E-01
 -0.3859242676760466E-01
 -0.3625194476207766E-01
 -0.3390369519479314E-01
 -0.3154783356384772E-01
 -0.2918451917012043E-01
 -0.2681391511582946E-01
 -0.2443618830565636E-01
 -0.2205150944390084E-01
 -0.1966005302326502E-01
 -0.1726199731743341E-01
 -0.1485752437983301E-01
 -0.1244682002958040E-01
 -0.1003007381966363E-01
 -0.7607479011780160E-02
 -0.5179232568519209E-02
 -0.2745535136031656E-02
 -0.3065909989576136E-03
  0.2137391967120507E-02
  0.4586202321056658E-02
  0.7039625080371964E-02
  0.9497441773647324E-02
  0.1195943050594815E-01
  0.1442536600564788E-01
  0.1689501966091839E-01
  0.1936815957716219E-01
  0.2184455065395248E-01
  0.2432395465412835E-01
  0.2680613026183304E-01
  0.2929083315078704E-01
  0.3177781606674217E-01
  0.3426682890907042E-01
  0.3675761881045764E-01
  0.3924993022553162E-01
  0.4174350502368292E-01
  0.4423808257602683E-01
  0.4673339984786128E-01
  0.4922919150970126E-01
  0.5172519004942547E-01
  0.5422112586561284E-01
  0.5671672736297172E-01
  0.5921172107936670E-01
  0.6170583182383520E-01
  0.6419878278516708E-01
  0.6669029562616148E-01
  0.6918009061323366E-01
  0.7166788677508430E-01
  0.7415340203387678E-01
  0.7663635330334700E-01
  0.7911645661379933E-01
  0.8159342728294906E-01
  0.8406698007304400E-01
  0.8653682930063437E-01
  0.8900268895240855E-01
  0.9146427285255652E-01
  0.9392129483788275E-01
  0.9637346888699702E-01
  0.9882050923614934E-01
  0.1012621305392750    
  0.1036980480494172    
  0.1061279777609248    
  0.1085516365252610    
  0.1109687422023660    
  0.1133790138449073    
  0.1157821718533794    
  0.1181779380935187    
  0.1205660360343280    
  0.1229461909241590    
  0.1253181299515152    
  0.1276815823662487    
  0.1300362796090633    
  0.1323819554785217    
  0.1347183462911324    
  0.1370451909987701    
  0.1393622313027675    
  0.1416692118073301    
  0.1439658801802467    
  0.1462519872721744    
  0.1485272872158950    
  0.1507915375560728    
  0.1530444993979691    
  0.1552859375255373    
  0.1575156204922532    
  0.1597333207318102    
  0.1619388146905373    
  0.1641318829348400    
  0.1663123102257891    
  0.1684798856081228    
  0.1706344025299944    
  0.1727756589469389    
  0.1749034573821302    
  0.1770176049834463    
  0.1791179136155250    
  0.1812041999568753    
  0.1832762855576043    
  0.1853339968752474    
  0.1873771653341138    
  0.1894056274013549    
  0.1914192246359556    
  0.1934178037093175    
  0.1954012164394230    
  0.1973693198468387    
  0.1993219761911588    
  0.2012590529712409    
  0.2031804229295652    
  0.2050859640887115    
  0.2069755597843722    
  0.2088490986543176    
  0.2107064746082727    
  0.2125475868300676    
  0.2143723398037712    
  0.2161806433075874    
  0.2179724123635029    
  0.2197475671957963    
  0.2215060332309779    
  0.2232477410987357    
  0.2249726265859459    
  0.2266806305647603    
  0.2283716989495881    
  0.2300457826843053    
  0.2317028377082239    
  0.2333428248801130    
  0.2349657099008788    
  0.2365714632696038    
  0.2381600602482118    
  0.2397314807937818    
  0.2412857094665681    
  0.2428227353547555    
  0.2443425520237192    
  0.2458451574550651    
  0.2473305539554680    
  0.2487987480597721    
  0.2502497504563066    
  0.2516835759235734    
  0.2531002432489582    
  0.2544997751270859    
  0.2558821980626926    
  0.2572475422910948    
  0.2585958417012347    
  0.2599271337438526    
  0.2612414593288873    
  0.2625388627278917    
  0.2638193914862919    
  0.2650830963367549    
  0.2663300311057646    
  0.2675602526145768    
  0.2687738205801543    
  0.2699707975198256    
  0.2711512486599215    
  0.2723152418454547    
  0.2734628474462374    
  0.2745941382579618    
  0.2757091894032249    
  0.2768080782391603    
  0.2778908842712131    
  0.2789576890650703    
  0.2800085761512981    
  0.2810436309274092    
  0.2820629405664873    
  0.2830665939343084    
  0.2840546815074535    
  0.2850272952851975    
  0.2859845286970842    
  0.2869264765144646    
  0.2878532347705196    
  0.2887649006845415    
  0.2896615725828150    
  0.2905433498141387    
  0.2914103326661647    
  0.2922626222897209    
  0.2931003206302785    
  0.2939235303580270    
  0.2947323547909559    
  0.2955268978166182    
  0.2963072638231697    
  0.2970735576405808    
  0.2978258844803040    
  0.2985643498644671    
  0.2992890595521873    
  0.3000001194782874    
  0.3006976357057334    
  0.3013817143754890    
  0.3020524616418377    
  0.3027099836035124    
  0.3033543862501525    
  0.3039857754252868    
  0.3046042567858921    
  0.3052099357448912    
  0.3058029174087062    
  0.3063833065310522    
  0.3069512074834737    
  0.3075067242220501    
  0.3080499602380007    
  0.3085810185051695    
  0.3091000014430961    
  0.3096070108931401    
  0.3101021480884640    
  0.3105855136106520    
  0.3110572073478614    
  0.3115173284688646    
  0.3119659754053757    
  0.3124032458245316    
  0.3128292365898980    
  0.3132440437284712    
  0.3136477624146191    
  0.3140404869590216    
  0.3144223107845864    
  0.3147933263912494    
  0.3151536253295064    
  0.3155032981926972    
  0.3158424346133837    
  0.3161711232438241    
  0.3164894517230989    
  0.3167975066539571    
  0.3170953736020853    
  0.3173831371015716    
  0.3176608806418038    
  0.3179286866362427    
  0.3181866363996352    
  0.3184348101510845    
  0.3186732870269064    
  0.3189021450748060    
  0.3191214612271287    
  0.3193313112800817    
  0.3195317698980383    
  0.3197229106288753    
  0.3199048059035160    
  0.3200775270162974    
  0.3202411441086186    
  0.3203957261726587    
  0.3205413410656578    
  0.3206780555141909    
  0.3208059351033827    
  0.3209250442649831    
  0.3210354462778966    
  0.3211372032792886    
  0.3212303762738656    
  0.3213150251334572    
  0.3213912085907767    
  0.3214589842368176    
  0.3215184085263325    
  0.3215695367873904    
  0.3216124232284077    
  0.3216471209404515    
  0.3216736818976415    
  0.3216921569592606    
  0.3217025958750397    
  0.3217050472929014    
  0.3216995587668121    
  0.3216861767620869    
  0.3216649466582518    
  0.3216359127532499    
  0.3215991182717982    
  0.3215546053750096    
  0.3215024151661450    
  0.3214425876930136    
  0.3213751619533307    
  0.3213001759060613    
  0.3212176664833747    
  0.3211276695963514    
  0.3210302201356048    
  0.3209253519749254    
  0.3208130979829374    
  0.3206934900383610    
  0.3205665590399249    
  0.3204323349077972    
  0.3202908465835203    
  0.3201421220379914    
  0.3199861882877179    
  0.3198230714089420    
  0.3196527965415362    
  0.3194753878880188    
  0.3192908687196139    
  0.3190992613914224    
  0.3189005873562761    
  0.3186948671693853    
  0.3184821204891033    
  0.3182623660837702    
  0.3180356218452671    
  0.3178019048011113    
  0.3175612311200713    
