  0.3695080955989258    
  0.3687342079861356    
  0.3678327351241526    
  0.3668048107893727    
  0.3656513114231656    
  0.3643728495414711    
  0.3629697946511737    
  0.3614423016802637    
  0.3597903134915962    
  0.3580135499158614    
  0.3561115185596448    
  0.3540835426093964    
  0.3519287702747656    
  0.3496461631366395    
  0.3472344971477432    
  0.3446923860828525    
  0.3420182970975917    
  0.3392105426788278    
  0.3362672746145458    
  0.3331865002874562    
  0.3299661015503546    
  0.3266038333657338    
  0.3230973160423660    
  0.3194440448188950    
  0.3156414087354381    
  0.3116866959310484    
  0.3075770888922929    
  0.3033096710120446    
  0.2988814447880865    
  0.2942893426930349    
  0.2895302279773364    
  0.2846009023807993    
  0.2794981256333889    
  0.2742186321859633    
  0.2687591392538480    
  0.2631163590691226    
  0.2572870225320717    
  0.2512679035172392    
  0.2450558362991581    
  0.2386477354520182    
  0.2320406264946638    
  0.2252316798437594    
  0.2182182399269043    
  0.2109978557050174    
  0.2035683209629471    
  0.1959277195989834    
  0.1880744678455118    
  0.1800073570964733    
  0.1717256050638873    
  0.1632289123734416    
  0.1545175169197230    
  0.1455922475943596    
  0.1364545840043355    
  0.1271067203338971    
  0.1175516260334037    
  0.1077931033513368    
  0.9783584707333604E-01
  0.8768550495993151E-01
  0.7734873165761781E-01
  0.6683323486978707E-01
  0.5614781814203846E-01
  0.4530241887252866E-01
  0.3430813428407838E-01
  0.2317723331481766E-01
  0.1192315840208263E-01
  0.5605163376926818E-03
 -0.1089494870676368E-01
 -0.2242640213494800E-01
 -0.3401598122460388E-01
 -0.4564487200473147E-01
 -0.5729340639192437E-01
 -0.6894118090627176E-01
 -0.8056719049387442E-01
 -0.9214997399361237E-01
 -0.1036677750516034    
 -0.1150987186383287    
 -0.1264209944433763    
 -0.1376130406481532    
 -0.1486537303737312    
 -0.1595225609288204    
 -0.1701998360636884    
 -0.1806668326932143    
 -0.1909059544513086    
 -0.2009008746277495    
 -0.2106366599617406    
 -0.2200998661947285    
 -0.2292786093138571    
 -0.2381626198594096    
 -0.2467432751909968    
 -0.2550136004672022    
 -0.2629682434144563    
 -0.2706034357282134    
 -0.2779169404566902    
 -0.2849079749814419    
 -0.2915771131120064    
 -0.2979261832227573    
 -0.3039581666490864    
 -0.3096770837488858    
 -0.3150878658572333    
 -0.3201962314392628    
 -0.3250085762947293    
 -0.3295318637722039    
 -0.3337735050506903    
 -0.3377412457013163    
 -0.3414430748930302    
 -0.3448871448760249    
 -0.3480816819531201    
 -0.3510348992481624    
 -0.3537549339678044    
 -0.3562498029225748    
 -0.3585273506223451    
 -0.3605951907947468    
 -0.3624606681094186    
 -0.3641308439702775    
 -0.3656124779258338    
 -0.3669119937009550    
 -0.3680354565968789    
 -0.3689885785156076    
 -0.3697767248797840    
 -0.3704048998274161    
 -0.3708777306902233    
 -0.3711994803521010    
 -0.3713740711220629    
 -0.3714050858541205    
 -0.3712957547901629    
 -0.3710489649199235    
 -0.3706672911873403    
 -0.3701530113131887    
 -0.3695080955989258    
 -0.3687342079861356    
 -0.3678327351241526    
 -0.3668048107893727    
 -0.3656513114231656    
 -0.3643728495414711    
 -0.3629697946511737    
 -0.3614423016802637    
 -0.3597903134915962    
 -0.3580135499158614    
 -0.3561115185596448    
 -0.3540835426093964    
 -0.3519287702747656    
 -0.3496461631366395    
 -0.3472344971477432    
 -0.3446923860828525    
 -0.3420182970975917    
 -0.3392105426788278    
 -0.3362672746145458    
 -0.3331865002874562    
 -0.3299661015503546    
 -0.3266038333657338    
 -0.3230973160423660    
 -0.3194440448188950    
 -0.3156414087354381    
 -0.3116866959310484    
 -0.3075770888922929    
 -0.3033096710120446    
 -0.2988814447880865    
 -0.2942893426930349    
 -0.2895302279773364    
 -0.2846009023807993    
 -0.2794981256333889    
 -0.2742186321859633    
 -0.2687591392538480    
 -0.2631163590691226    
 -0.2572870225320717    
 -0.2512679035172392    
 -0.2450558362991581    
 -0.2386477354520182    
 -0.2320406264946638    
 -0.2252316798437594    
 -0.2182182399269043    
 -0.2109978557050174    
 -0.2035683209629471    
 -0.1959277195989834    
 -0.1880744678455118    
 -0.1800073570964733    
 -0.1717256050638873    
 -0.1632289123734416    
 -0.1545175169197230    
 -0.1455922475943596    
 -0.1364545840043355    
 -0.1271067203338971    
 -0.1175516260334037    
 -0.1077931033513368    
 -0.9783584707333604E-01
 -0.8768550495993151E-01
 -0.7734873165761781E-01
 -0.6683323486978707E-01
 -0.5614781814203846E-01
 -0.4530241887252866E-01
 -0.3430813428407838E-01
 -0.2317723331481766E-01
 -0.1192315840208263E-01
 -0.5605163376926818E-03
  0.1089494870676368E-01
  0.2242640213494800E-01
  0.3401598122460388E-01
  0.4564487200473147E-01
  0.5729340639192437E-01
  0.6894118090627176E-01
  0.8056719049387442E-01
  0.9214997399361237E-01
  0.1036677750516034    
  0.1150987186383287    
  0.1264209944433763    
  0.1376130406481532    
  0.1486537303737312    
  0.1595225609288204    
  0.1701998360636884    
  0.1806668326932143    
  0.1909059544513086    
  0.2009008746277495    
  0.2106366599617406    
  0.2200998661947285    
  0.2292786093138571    
  0.2381626198594096    
  0.2467432751909968    
  0.2550136004672022    
  0.2629682434144563    
  0.2706034357282134    
  0.2779169404566902    
  0.2849079749814419    
  0.2915771131120064    
  0.2979261832227573    
  0.3039581666490864    
  0.3096770837488858    
  0.3150878658572333    
  0.3201962314392628    
  0.3250085762947293    
  0.3295318637722039    
  0.3337735050506903    
  0.3377412457013163    
  0.3414430748930302    
  0.3448871448760249    
  0.3480816819531201    
  0.3510348992481624    
  0.3537549339678044    
  0.3562498029225748    
  0.3585273506223451    
  0.3605951907947468    
  0.3624606681094186    
  0.3641308439702775    
  0.3656124779258338    
  0.3669119937009550    
  0.3680354565968789    
  0.3689885785156076    
  0.3697767248797840    
  0.3704048998274161    
  0.3708777306902233    
  0.3711994803521010    
  0.3713740711220629    
  0.3714050858541205    
  0.3712957547901629    
  0.3710489649199235    
  0.3706672911873403    
  0.3701530113131887    
