   4.104664557943633    
   4.148473890012650    
   4.195140747693133    
   4.243625313446809    
   4.294110839662070    
   4.347932999350185    
   4.405197990294189    
   4.464743374053689    
   4.526632538279016    
   4.592300577888190    
   4.661919076520761    
   4.734110655337420    
   4.808710270143625    
   4.887164364725831    
   4.969572439037017    
   5.054086526658669    
   5.139995098913657    
   5.228420588702191    
   5.318912555879241    
   5.408396557515128    
   5.494628833876460    
   5.577215672918751    
   5.653492979520225    
   5.716706979390016    
   5.759775749589171    
   5.776472989957715    
   5.755875867859769    
   5.678853684470083    
   5.521498945609101    
   5.255493421216222    
   4.838947023678664    
   4.208522996278175    
   3.280553930880901    
   1.948849857405981    
  0.7067581147886734E-01
  -2.540758006835549    
  -6.096861200383441    
  -10.79090168288580    
  -16.72843668497177    
  -23.79629154442054    
  -31.48132110237319    
  -38.78714000249825    
  -44.44280066261464    
  -47.39614368138420    
  -47.29008272738145    
  -44.57316769086925    
  -40.18874984928686    
  -35.11636509998314    
  -30.07502686498244    
  -25.47165828807608    
  -21.47978939682369    
  -18.12755799419342    
  -15.36270712543602    
  -13.10269161140998    
  -11.26562611611960    
  -9.777928377334973    
  -8.572857731305655    
  -7.593608182531216    
  -6.796786260045458    
  -6.148866676323172    
  -5.620742054191859    
  -5.187857877676779    
  -4.832515286310018    
  -4.541834854954933    
  -4.303865760236341    
  -4.107708916031383    
  -3.945929914269962    
  -3.813803895054179    
  -3.706332996033282    
  -3.618065769394801    
  -3.545439386713117    
  -3.486947240337338    
  -3.440702694516234    
  -3.403678892147055    
  -3.373701601508964    
  -3.350396612156014    
  -3.333422552312813    
  -3.321182432290269    
  -3.312112300297531    
  -3.306015933790337    
  -3.303117770515240    
  -3.302722438876221    
  -3.303825785672510    
  -3.306296016777756    
  -3.310394170296965    
  -3.315704848067027    
  -3.321581125522394    
  -3.328155602109363    
  -3.335834132845636    
  -3.344194299240697    
  -3.352511115531113    
  -3.361033810960956    
  -3.370514790339264    
  -3.380706881871566    
  -3.390663671068061    
  -3.400437275632761    
  -3.411030167046743    
  -3.422560054231589    
  -3.433994806132663    
  -3.445036679799038    
  -3.456719229507272    
  -3.469562996848131    
  -3.482657971689097    
  -3.495378534029002    
  -3.508569171719788    
  -3.523021588882449    
  -3.538098028374391    
  -3.553037630051620    
  -3.568440838236419    
  -3.585160099509222    
  -3.602767994559791    
  -3.620513935077127    
  -3.638877531821423    
  -3.658718615753465    
  -3.679699421545639    
  -3.701058901520784    
  -3.723232223208291    
  -3.747140016631102    
  -3.772510347885699    
  -3.798526424407763    
  -3.825575449933823    
  -3.854669728091043    
  -3.885621306657335    
  -3.917547037566360    
  -3.950774408092856    
  -3.986415259452586    
  -4.024376772942826    
  -4.063705627758845    
  -4.104664557943633    
  -4.148473890012650    
  -4.195140747693133    
  -4.243625313446809    
  -4.294110839662070    
  -4.347932999350185    
  -4.405197990294189    
  -4.464743374053689    
  -4.526632538279016    
  -4.592300577888190    
  -4.661919076520761    
  -4.734110655337420    
  -4.808710270143625    
  -4.887164364725831    
  -4.969572439037017    
  -5.054086526658669    
  -5.139995098913657    
  -5.228420588702191    
  -5.318912555879241    
  -5.408396557515128    
  -5.494628833876460    
  -5.577215672918751    
  -5.653492979520225    
  -5.716706979390016    
  -5.759775749589171    
  -5.776472989957715    
  -5.755875867859769    
  -5.678853684470083    
  -5.521498945609101    
  -5.255493421216222    
  -4.838947023678664    
  -4.208522996278175    
  -3.280553930880901    
  -1.948849857405981    
 -0.7067581147886734E-01
   2.540758006835549    
   6.096861200383441    
   10.79090168288580    
   16.72843668497177    
   23.79629154442054    
   31.48132110237319    
   38.78714000249825    
   44.44280066261464    
   47.39614368138420    
   47.29008272738145    
   44.57316769086925    
   40.18874984928686    
   35.11636509998314    
   30.07502686498244    
   25.47165828807608    
   21.47978939682369    
   18.12755799419342    
   15.36270712543602    
   13.10269161140998    
   11.26562611611960    
   9.777928377334973    
   8.572857731305655    
   7.593608182531216    
   6.796786260045458    
   6.148866676323172    
   5.620742054191859    
   5.187857877676779    
   4.832515286310018    
   4.541834854954933    
   4.303865760236341    
   4.107708916031383    
   3.945929914269962    
   3.813803895054179    
   3.706332996033282    
   3.618065769394801    
   3.545439386713117    
   3.486947240337338    
   3.440702694516234    
   3.403678892147055    
   3.373701601508964    
   3.350396612156014    
   3.333422552312813    
   3.321182432290269    
   3.312112300297531    
   3.306015933790337    
   3.303117770515240    
   3.302722438876221    
   3.303825785672510    
   3.306296016777756    
   3.310394170296965    
   3.315704848067027    
   3.321581125522394    
   3.328155602109363    
   3.335834132845636    
   3.344194299240697    
   3.352511115531113    
   3.361033810960956    
   3.370514790339264    
   3.380706881871566    
   3.390663671068061    
   3.400437275632761    
   3.411030167046743    
   3.422560054231589    
   3.433994806132663    
   3.445036679799038    
   3.456719229507272    
   3.469562996848131    
   3.482657971689097    
   3.495378534029002    
   3.508569171719788    
   3.523021588882449    
   3.538098028374391    
   3.553037630051620    
   3.568440838236419    
   3.585160099509222    
   3.602767994559791    
   3.620513935077127    
   3.638877531821423    
   3.658718615753465    
   3.679699421545639    
   3.701058901520784    
   3.723232223208291    
   3.747140016631102    
   3.772510347885699    
   3.798526424407763    
   3.825575449933823    
   3.854669728091043    
   3.885621306657335    
   3.917547037566360    
   3.950774408092856    
   3.986415259452586    
   4.024376772942826    
   4.063705627758845    
