   2.223842091012895    
   2.243215671611744    
   2.263661622055094    
   2.284627422009622    
   2.306281433893743    
   2.329175645577673    
   2.353162089576966    
   2.377672089288678    
   2.402766429665249    
   2.428896449074014    
   2.455875749103930    
   2.483067132469085    
   2.510359694812425    
   2.537985353918120    
   2.565542629142607    
   2.592128733360774    
   2.617247048394521    
   2.640619202958881    
   2.661206380184980    
   2.677288722824428    
   2.687305112183733    
   2.689589607373497    
   2.681276859625035    
   2.658244303552188    
   2.615800073696353    
   2.548167674251830    
   2.447008050198338    
   2.300946565862823    
   2.095806678703278    
   1.813414899619087    
   1.429235827876862    
  0.9111702799471502    
  0.2195007662159733    
 -0.6939246440898781    
  -1.885890570849191    
  -3.416646979204956    
  -5.336679315259421    
  -7.665336642162975    
  -10.36015266766408    
  -13.28026736405427    
  -16.16520389098800    
  -18.66352543129096    
  -20.42558604280079    
  -21.22439662078378    
  -21.03477056678874    
  -20.02308766416795    
  -18.46206122347150    
  -16.62993259504107    
  -14.74596753927795    
  -12.95320745538773    
  -11.32906301347680    
  -9.903391488596030    
  -8.676093823442516    
  -7.632106501030512    
  -6.751021109320903    
  -6.010806362457849    
  -5.389441251198440    
  -4.867322475947323    
  -4.428672474748359    
  -4.060190035766905    
  -3.749520862175069    
  -3.486215149526008    
  -3.262983496990207    
  -3.074222599433292    
  -2.913862214039481    
  -2.776181786221743    
  -2.657924552877687    
  -2.557438785578364    
  -2.471924541333794    
  -2.397610419588020    
  -2.332592167496753    
  -2.277091111068490    
  -2.230355663181596    
  -2.189589943071368    
  -2.152887879655097    
  -2.121022754517583    
  -2.094854659139831    
  -2.072760580709060    
  -2.052396130458825    
  -2.033664385915156    
  -2.018042377740651    
  -2.005765804474827    
  -1.995394325868954    
  -1.985713260468409    
  -1.976679893406733    
  -1.968833440064719    
  -1.962797352857416    
  -1.958818943585041    
  -1.955915094411479    
  -1.952358138659124    
  -1.948049494708082    
  -1.945243854102459    
  -1.945438718265885    
  -1.946725586244027    
  -1.946243939699911    
  -1.944412231739246    
  -1.944295954472578    
  -1.947024226863667    
  -1.950353178242856    
  -1.952198791387113    
  -1.953343078618702    
  -1.955710828964502    
  -1.959695178325382    
  -1.964294480518259    
  -1.968718148459327    
  -1.972905461755367    
  -1.977265357723517    
  -1.982510473479858    
  -1.989014785853551    
  -1.996055254313509    
  -2.002599416924943    
  -2.008974865108238    
  -2.016562519731779    
  -2.025624675697739    
  -2.034868610860451    
  -2.043623998894912    
  -2.052935299146470    
  -2.063727983302976    
  -2.075332083091007    
  -2.086851023625216    
  -2.098742957610743    
  -2.111858401724040    
  -2.125932723658994    
  -2.140275952271402    
  -2.155143523210043    
  -2.171194024065614    
  -2.188239303241245    
  -2.205713439103179    
  -2.223842091012895    
  -2.243215671611744    
  -2.263661622055094    
  -2.284627422009622    
  -2.306281433893743    
  -2.329175645577673    
  -2.353162089576966    
  -2.377672089288678    
  -2.402766429665249    
  -2.428896449074014    
  -2.455875749103930    
  -2.483067132469085    
  -2.510359694812425    
  -2.537985353918120    
  -2.565542629142607    
  -2.592128733360774    
  -2.617247048394521    
  -2.640619202958881    
  -2.661206380184980    
  -2.677288722824428    
  -2.687305112183733    
  -2.689589607373497    
  -2.681276859625035    
  -2.658244303552188    
  -2.615800073696353    
  -2.548167674251830    
  -2.447008050198338    
  -2.300946565862823    
  -2.095806678703278    
  -1.813414899619087    
  -1.429235827876862    
 -0.9111702799471502    
 -0.2195007662159733    
  0.6939246440898781    
   1.885890570849191    
   3.416646979204956    
   5.336679315259421    
   7.665336642162975    
   10.36015266766408    
   13.28026736405427    
   16.16520389098800    
   18.66352543129096    
   20.42558604280079    
   21.22439662078378    
   21.03477056678874    
   20.02308766416795    
   18.46206122347150    
   16.62993259504107    
   14.74596753927795    
   12.95320745538773    
   11.32906301347680    
   9.903391488596030    
   8.676093823442516    
   7.632106501030512    
   6.751021109320903    
   6.010806362457849    
   5.389441251198440    
   4.867322475947323    
   4.428672474748359    
   4.060190035766905    
   3.749520862175069    
   3.486215149526008    
   3.262983496990207    
   3.074222599433292    
   2.913862214039481    
   2.776181786221743    
   2.657924552877687    
   2.557438785578364    
   2.471924541333794    
   2.397610419588020    
   2.332592167496753    
   2.277091111068490    
   2.230355663181596    
   2.189589943071368    
   2.152887879655097    
   2.121022754517583    
   2.094854659139831    
   2.072760580709060    
   2.052396130458825    
   2.033664385915156    
   2.018042377740651    
   2.005765804474827    
   1.995394325868954    
   1.985713260468409    
   1.976679893406733    
   1.968833440064719    
   1.962797352857416    
   1.958818943585041    
   1.955915094411479    
   1.952358138659124    
   1.948049494708082    
   1.945243854102459    
   1.945438718265885    
   1.946725586244027    
   1.946243939699911    
   1.944412231739246    
   1.944295954472578    
   1.947024226863667    
   1.950353178242856    
   1.952198791387113    
   1.953343078618702    
   1.955710828964502    
   1.959695178325382    
   1.964294480518259    
   1.968718148459327    
   1.972905461755367    
   1.977265357723517    
   1.982510473479858    
   1.989014785853551    
   1.996055254313509    
   2.002599416924943    
   2.008974865108238    
   2.016562519731779    
   2.025624675697739    
   2.034868610860451    
   2.043623998894912    
   2.052935299146470    
   2.063727983302976    
   2.075332083091007    
   2.086851023625216    
   2.098742957610743    
   2.111858401724040    
   2.125932723658994    
   2.140275952271402    
   2.155143523210043    
   2.171194024065614    
   2.188239303241245    
   2.205713439103179    
