   1.962899970521518    
   1.966863616041492    
   1.970871439374160    
   1.974923394819592    
   1.979019227081108    
   1.983158541409942    
   1.987340880328293    
   1.991565803697668    
   1.995832983787029    
   2.000142307078312    
   2.004493939349609    
   2.008888313068935    
   2.013326021196793    
   2.017807604157159    
   2.022333251411111    
   2.026902560565305    
   2.031514560869574    
   2.036168038072886    
   2.040861940288401    
   2.045595623611299    
   2.050368898386125    
   2.055181931969515    
   2.060034985310275    
   2.064928003065284    
   2.069860293567192    
   2.074830559384982    
   2.079837234578752    
   2.084878851568536    
   2.089954279418597    
   2.095062842370472    
   2.100204240863701    
   2.105378128081797    
   2.110583473921717    
   2.115818184372206    
   2.121079328886202    
   2.126363846014175    
   2.131669279129271    
   2.136994149746489    
   2.142337787461533    
   2.147699654779875    
   2.153078455313764    
   2.158471487782919    
   2.163874618427705    
   2.169282929366922    
   2.174691753234249    
   2.180097530990266    
   2.185497873018089    
   2.190890626206699    
   2.196272554169461    
   2.201638682153124    
   2.206982833462849    
   2.212298834626031    
   2.217581356952376    
   2.222825789009979    
   2.228027312452490    
   2.233179826251232    
   2.238275413723926    
   2.243304758821771    
   2.248258313087047    
   2.253127375773975    
   2.257904185668440    
   2.262580878538069    
   2.267148125208653    
   2.271594518490889    
   2.275907088738948    
   2.280072363720834    
   2.284077007303245    
   2.287907530524335    
   2.291549391333146    
   2.294986285116727    
   2.298200229725153    
   2.301172347164031    
   2.303883571676375    
   2.306314457626717    
   2.308444028741434    
   2.310248610016102    
   2.311701729484584    
   2.312775120825658    
   2.313439703849705    
   2.313665538579690    
   2.313420955093296    
   2.312671811265432    
   2.311381334371903    
   2.309510178315351    
   2.307016270363331    
   2.303854501235028    
   2.299976492484988    
   2.295330488057545    
   2.289861339528894    
   2.283510589801573    
   2.276216492249511    
   2.267913613880577    
   2.258531912174125    
   2.247995700461760    
   2.236223099853009    
   2.223126187556865    
   2.208611472572987    
   2.192580041869621    
   2.174926969447143    
   2.155540226255056    
   2.134299729111598    
   2.111076770084944    
   2.085733402378367    
   2.058121549160841    
   2.028082468946647    
   1.995447136945779    
   1.960036674418836    
   1.921661238177051    
   1.880117335622281    
   1.835185540628342    
   1.786630183311419    
   1.734200231572914    
   1.677629460959819    
   1.616635264899936    
   1.550916858419486    
   1.480153472537670    
   1.404002610712993    
   1.322098837101075    
   1.234053769421963    
   1.139456714958705    
   1.037874191591748    
  0.9288476006305193    
  0.8118906656561559    
  0.6864887980942698    
  0.5521004417511304    
  0.4081583938294683    
  0.2540696282494322    
  0.8921438485698588E-01
 -0.8705354636769616E-01
 -0.2754044604355421    
 -0.4765291973422913    
 -0.6911358671648140    
 -0.9199470922374782    
  -1.163696368296511    
  -1.423121752282084    
  -1.698956534060072    
  -1.991918495834351    
  -2.302699562303244    
  -2.631955488793286    
  -2.980293008279772    
  -3.348252371988118    
  -3.736286104600458    
  -4.144736608923441    
  -4.573813920046288    
  -5.023572451634509    
  -5.493885101599231    
  -5.984414626841684    
  -6.494583607756081    
  -7.023544814913933    
  -7.570153896039290    
  -8.132945605049377    
  -8.710113172045338    
  -9.299490361838881    
  -9.898538971695622    
  -10.50434701340900    
  -11.11363972523837    
  -11.72280043848035    
  -12.32789965030073    
  -12.92473718181592    
  -13.50890246230727    
  -14.07584895829743    
  -14.62097414862374    
  -15.13970473211167    
  -15.62759409292504    
  -16.08042985577384    
  -16.49433515076190    
  -16.86585200048837    
  -17.19201488329962    
  -17.47042607941628    
  -17.69932301115735    
  -17.87761357216380    
  -18.00487369410908    
  -18.08132837704161    
  -18.10783397208379    
  -18.08585133049755    
  -18.01738910181396    
  -17.90491902215616    
  -17.75128713760732    
  -17.55963696884663    
  -17.33333826804585    
  -17.07590998332649    
  -16.79093933368243    
  -16.48200733754744    
  -16.15262633173906    
  -15.80618957417418    
  -15.44593351629706    
  -15.07491183006858    
  -14.69597450746342    
  -14.31174592098465    
  -13.92460625649198    
  -13.53668745562586    
  -13.14988628780043    
  -12.76588286498953    
  -12.38615089047284    
  -12.01195856316828    
  -11.64437129812482    
  -11.28426657013022    
  -10.93235993109208    
  -10.58923158304200    
  -10.25534324188489    
  -9.931044097876594    
  -9.616573882365332    
  -9.312072201641840    
  -9.017596064893270    
  -8.733139535043906    
  -8.458648005629794    
  -8.194024582718379    
  -7.939131701332730    
  -7.693793087570781    
  -7.457799397777273    
  -7.230917388814373    
  -7.012899577660216    
  -6.803490934985207    
  -6.602431442388163    
  -6.409456109598382    
  -6.224294862791245    
  -6.046673635016184    
  -5.876316772083789    
  -5.712950277187956    
  -5.556304997970982    
  -5.406118685651565    
  -5.262136523379140    
  -5.124110783436202    
  -4.991800505817467    
  -4.864971405405208    
  -4.743395774639711    
  -4.626852445276061    
  -4.515127114213110    
  -4.408012993313753    
  -4.305311377783859    
  -4.206831883196215    
  -4.112392429800799    
  -4.021819070013838    
  -3.934945612848611    
  -3.851613033015259    
  -3.771668795268297    
  -3.694966270673728    
  -3.621364388821712    
  -3.550727609401494    
  -3.482926147258386    
  -3.417836213937854    
  -3.355340050386218    
  -3.295325710297804    
  -3.237686675909805    
  -3.182321382102120    
  -3.129132742387659    
  -3.078027818099640    
  -3.028917689802394    
  -2.981717416273348    
  -2.936345933243893    
  -2.892725872637627    
  -2.850783355259569    
  -2.810447766990666    
  -2.771651530580671    
  -2.734329952444741    
  -2.698421192663291    
  -2.663866278964790    
  -2.630609061194153    
  -2.598596109626049    
  -2.567776602858173    
  -2.538102178164900    
  -2.509526704080856    
  -2.482006032616316    
  -2.455497825262950    
  -2.429961457993226    
  -2.405357952148209    
  -2.381649925284054    
  -2.358801580165851    
  -2.336778692307726    
  -2.315548541296045    
  -2.295079808219743    
  -2.275342498901441    
  -2.256307891473336    
  -2.237948472964910    
  -2.220237885729961    
  -2.203150931077388    
  -2.186663609203436    
  -2.170753128146012    
  -2.155397864451655    
  -2.140577301534103    
  -2.126271935169822    
  -2.112463113458179    
  -2.099132838864633    
  -2.086263606310980    
  -2.073838307149420    
  -2.061840180606630    
  -2.050252819831144    
  -2.039060262823397    
  -2.028247147344053    
  -2.017798860831689    
  -2.007701648103237    
  -1.997942680028335    
  -1.988510059517798    
  -1.979392717494391    
  -1.970580210712723    
  -1.962062503106377    
  -1.953829794424331    
  -1.945872403445647    
  -1.938180711813305    
  -1.930745194213150    
  -1.923556523300377    
  -1.916605686304182    
  -1.909884069562985    
  -1.903383519043893    
  -1.897096379173301    
  -1.891015477672359    
  -1.885134047997452    
  -1.879445636223845    
  -1.873944031821807    
  -1.868623209082686    
  -1.863477264347751    
  -1.858500378757555    
  -1.853686834198627    
  -1.849031058085069    
  -1.844527660440581    
  -1.840171467145689    
  -1.835957563361443    
  -1.831881324055271    
  -1.827938401899346    
  -1.824124686005308    
  -1.820436262505921    
  -1.816869375442317    
  -1.813420374157898    
  -1.810085667211073    
  -1.806861714157824    
  -1.803745047051982    
  -1.800732290985139    
  -1.797820181773587    
  -1.795005596864388    
  -1.792285587171265    
  -1.789657381465345    
  -1.787118366448127    
  -1.784666066568108    
  -1.782298120791275    
  -1.780012236409839    
  -1.777806132100866    
  -1.775677506215299    
  -1.773624037441823    
  -1.771643397987668    
  -1.769733280412398    
  -1.767891455979822    
  -1.766115848855559    
  -1.764404582358060    
  -1.762755984187538    
  -1.761168573884279    
  -1.759641037782249    
  -1.758172171111229    
  -1.756760794109326    
  -1.755405683900686    
  -1.754105541985563    
  -1.752858979411735    
  -1.751664515154070    
  -1.750520611919638    
  -1.749425750378706    
  -1.748378502109438    
  -1.747377574355252    
  -1.746421837915748    
  -1.745510342776794    
  -1.744642298104107    
  -1.743817011493574    
  -1.743033822775534    
  -1.742292059988952    
  -1.741591008404859    
  -1.740929885569620    
  -1.740307840191351    
  -1.739723978600020    
  -1.739177391545770    
  -1.738667169952158    
  -1.738192434016339    
  -1.737752384210134    
  -1.737346340350343    
  -1.736973744248758    
  -1.736634144283621    
  -1.736327177952493    
  -1.736052535331159    
  -1.735809898909849    
  -1.735598896946861    
  -1.735419096532326    
  -1.735270013100129    
  -1.735151112636445    
  -1.735061825178644    
  -1.735001586909677    
  -1.734969884985198    
  -1.734966278902452    
  -1.734990414481242    
  -1.735042046475719    
  -1.735121042816887    
  -1.735227345407576    
  -1.735360913836644    
  -1.735521688725488    
  -1.735709567909742    
  -1.735924377492367    
  -1.736165856372556    
  -1.736433675305272    
  -1.736727467295879    
  -1.737046840050755    
  -1.737391387695206    
  -1.737760729440091    
  -1.738154556253720    
  -1.738572650627860    
  -1.739014886685206    
  -1.739481235269241    
  -1.739971761882357    
  -1.740486593652176    
  -1.741025873743245    
  -1.741589737804992    
  -1.742178304790930    
  -1.742791652661635    
  -1.743429786003746    
  -1.744092624910701    
  -1.744780013473691    
  -1.745491727592042    
  -1.746227490794205    
  -1.746987019776958    
  -1.747770086207441    
  -1.748576562194745    
  -1.749406446325813    
  -1.750259883282930    
  -1.751137162405266    
  -1.752038671273306    
  -1.752964818743019    
  -1.753915963913598    
  -1.754892360408367    
  -1.755894108030394    
  -1.756921127045440    
  -1.757973178555553    
  -1.759049922179960    
  -1.760150986069917    
  -1.761276046910939    
  -1.762424922363315    
  -1.763597647232973    
  -1.764794498135414    
  -1.766015966885975    
  -1.767262698397501    
  -1.768535389523241    
  -1.769834654061805    
  -1.771160902933728    
  -1.772514290421224    
  -1.773894723665839    
  -1.775301906853368    
  -1.776735419744472    
  -1.778194836855083    
  -1.779679853933094    
  -1.781190376350241    
  -1.782726562832434    
  -1.784288834273377    
  -1.785877830980998    
  -1.787494306803276    
  -1.789138999097649    
  -1.790812525100523    
  -1.792515309796077    
  -1.794247536094909    
  -1.796009146089265    
  -1.797799920973075    
  -1.799619604140231    
  -1.801468006031059    
  -1.803345075194124    
  -1.805250944872212    
  -1.807185932501026    
  -1.809150470249383    
  -1.811145007722076    
  -1.813169952342695    
  -1.815225656737248    
  -1.817312422299241    
  -1.819430513794462    
  -1.821580190627089    
  -1.823761723324507    
  -1.825975367380882    
  -1.828221332946592    
  -1.830499804264297    
  -1.832810987441039    
  -1.835155121895077    
  -1.837532447706480    
  -1.839943174899257    
  -1.842387475725799    
  -1.844865493320106    
  -1.847377381164652    
  -1.849923379993432    
  -1.852503875082902    
  -1.855119368917663    
  -1.857770393076250    
  -1.860457437233436    
  -1.863180915742654    
  -1.865941137867246    
  -1.868738285412951    
  -1.871572437598697    
  -1.874443635044515    
  -1.877351930640071    
  -1.880297415051368    
  -1.883280246791246    
  -1.886300684181429    
  -1.889359084381266    
  -1.892455870858381    
  -1.895591501084903    
  -1.898766433295638    
  -1.901981073859444    
  -1.905235733029986    
  -1.908530633974522    
  -1.911865959585137    
  -1.915241886980492    
  -1.918658605069674    
  -1.922116331825617    
  -1.925615299790050    
  -1.929155683431165    
  -1.932737540198855    
  -1.936360860127877    
  -1.940025686069501    
  -1.943732172205348    
  -1.947480548861019    
  -1.951271096195915    
  -1.955104184504295    
  -1.958980300406753    
  -1.962899970521518    
  -1.966863616041492    
  -1.970871439374160    
  -1.974923394819592    
  -1.979019227081108    
  -1.983158541409942    
  -1.987340880328293    
  -1.991565803697668    
  -1.995832983787029    
  -2.000142307078312    
  -2.004493939349609    
  -2.008888313068935    
  -2.013326021196793    
  -2.017807604157159    
  -2.022333251411111    
  -2.026902560565305    
  -2.031514560869574    
  -2.036168038072886    
  -2.040861940288401    
  -2.045595623611299    
  -2.050368898386125    
  -2.055181931969515    
  -2.060034985310275    
  -2.064928003065284    
  -2.069860293567192    
  -2.074830559384982    
  -2.079837234578752    
  -2.084878851568536    
  -2.089954279418597    
  -2.095062842370472    
  -2.100204240863701    
  -2.105378128081797    
  -2.110583473921717    
  -2.115818184372206    
  -2.121079328886202    
  -2.126363846014175    
  -2.131669279129271    
  -2.136994149746489    
  -2.142337787461533    
  -2.147699654779875    
  -2.153078455313764    
  -2.158471487782919    
  -2.163874618427705    
  -2.169282929366922    
  -2.174691753234249    
  -2.180097530990266    
  -2.185497873018089    
  -2.190890626206699    
  -2.196272554169461    
  -2.201638682153124    
  -2.206982833462849    
  -2.212298834626031    
  -2.217581356952376    
  -2.222825789009979    
  -2.228027312452490    
  -2.233179826251232    
  -2.238275413723926    
  -2.243304758821771    
  -2.248258313087047    
  -2.253127375773975    
  -2.257904185668440    
  -2.262580878538069    
  -2.267148125208653    
  -2.271594518490889    
  -2.275907088738948    
  -2.280072363720834    
  -2.284077007303245    
  -2.287907530524335    
  -2.291549391333146    
  -2.294986285116727    
  -2.298200229725153    
  -2.301172347164031    
  -2.303883571676375    
  -2.306314457626717    
  -2.308444028741434    
  -2.310248610016102    
  -2.311701729484584    
  -2.312775120825658    
  -2.313439703849705    
  -2.313665538579690    
  -2.313420955093296    
  -2.312671811265432    
  -2.311381334371903    
  -2.309510178315351    
  -2.307016270363331    
  -2.303854501235028    
  -2.299976492484988    
  -2.295330488057545    
  -2.289861339528894    
  -2.283510589801573    
  -2.276216492249511    
  -2.267913613880577    
  -2.258531912174125    
  -2.247995700461760    
  -2.236223099853009    
  -2.223126187556865    
  -2.208611472572987    
  -2.192580041869621    
  -2.174926969447143    
  -2.155540226255056    
  -2.134299729111598    
  -2.111076770084944    
  -2.085733402378367    
  -2.058121549160841    
  -2.028082468946647    
  -1.995447136945779    
  -1.960036674418836    
  -1.921661238177051    
  -1.880117335622281    
  -1.835185540628342    
  -1.786630183311419    
  -1.734200231572914    
  -1.677629460959819    
  -1.616635264899936    
  -1.550916858419486    
  -1.480153472537670    
  -1.404002610712993    
  -1.322098837101075    
  -1.234053769421963    
  -1.139456714958705    
  -1.037874191591748    
 -0.9288476006305193    
 -0.8118906656561559    
 -0.6864887980942698    
 -0.5521004417511304    
 -0.4081583938294683    
 -0.2540696282494322    
 -0.8921438485698588E-01
  0.8705354636769616E-01
  0.2754044604355421    
  0.4765291973422913    
  0.6911358671648140    
  0.9199470922374782    
   1.163696368296511    
   1.423121752282084    
   1.698956534060072    
   1.991918495834351    
   2.302699562303244    
   2.631955488793286    
   2.980293008279772    
   3.348252371988118    
   3.736286104600458    
   4.144736608923441    
   4.573813920046288    
   5.023572451634509    
   5.493885101599231    
   5.984414626841684    
   6.494583607756081    
   7.023544814913933    
   7.570153896039290    
   8.132945605049377    
   8.710113172045338    
   9.299490361838881    
   9.898538971695622    
   10.50434701340900    
   11.11363972523837    
   11.72280043848035    
   12.32789965030073    
   12.92473718181592    
   13.50890246230727    
   14.07584895829743    
   14.62097414862374    
   15.13970473211167    
   15.62759409292504    
   16.08042985577384    
   16.49433515076190    
   16.86585200048837    
   17.19201488329962    
   17.47042607941628    
   17.69932301115735    
   17.87761357216380    
   18.00487369410908    
   18.08132837704161    
   18.10783397208379    
   18.08585133049755    
   18.01738910181396    
   17.90491902215616    
   17.75128713760732    
   17.55963696884663    
   17.33333826804585    
   17.07590998332649    
   16.79093933368243    
   16.48200733754744    
   16.15262633173906    
   15.80618957417418    
   15.44593351629706    
   15.07491183006858    
   14.69597450746342    
   14.31174592098465    
   13.92460625649198    
   13.53668745562586    
   13.14988628780043    
   12.76588286498953    
   12.38615089047284    
   12.01195856316828    
   11.64437129812482    
   11.28426657013022    
   10.93235993109208    
   10.58923158304200    
   10.25534324188489    
   9.931044097876594    
   9.616573882365332    
   9.312072201641840    
   9.017596064893270    
   8.733139535043906    
   8.458648005629794    
   8.194024582718379    
   7.939131701332730    
   7.693793087570781    
   7.457799397777273    
   7.230917388814373    
   7.012899577660216    
   6.803490934985207    
   6.602431442388163    
   6.409456109598382    
   6.224294862791245    
   6.046673635016184    
   5.876316772083789    
   5.712950277187956    
   5.556304997970982    
   5.406118685651565    
   5.262136523379140    
   5.124110783436202    
   4.991800505817467    
   4.864971405405208    
   4.743395774639711    
   4.626852445276061    
   4.515127114213110    
   4.408012993313753    
   4.305311377783859    
   4.206831883196215    
   4.112392429800799    
   4.021819070013838    
   3.934945612848611    
   3.851613033015259    
   3.771668795268297    
   3.694966270673728    
   3.621364388821712    
   3.550727609401494    
   3.482926147258386    
   3.417836213937854    
   3.355340050386218    
   3.295325710297804    
   3.237686675909805    
   3.182321382102120    
   3.129132742387659    
   3.078027818099640    
   3.028917689802394    
   2.981717416273348    
   2.936345933243893    
   2.892725872637627    
   2.850783355259569    
   2.810447766990666    
   2.771651530580671    
   2.734329952444741    
   2.698421192663291    
   2.663866278964790    
   2.630609061194153    
   2.598596109626049    
   2.567776602858173    
   2.538102178164900    
   2.509526704080856    
   2.482006032616316    
   2.455497825262950    
   2.429961457993226    
   2.405357952148209    
   2.381649925284054    
   2.358801580165851    
   2.336778692307726    
   2.315548541296045    
   2.295079808219743    
   2.275342498901441    
   2.256307891473336    
   2.237948472964910    
   2.220237885729961    
   2.203150931077388    
   2.186663609203436    
   2.170753128146012    
   2.155397864451655    
   2.140577301534103    
   2.126271935169822    
   2.112463113458179    
   2.099132838864633    
   2.086263606310980    
   2.073838307149420    
   2.061840180606630    
   2.050252819831144    
   2.039060262823397    
   2.028247147344053    
   2.017798860831689    
   2.007701648103237    
   1.997942680028335    
   1.988510059517798    
   1.979392717494391    
   1.970580210712723    
   1.962062503106377    
   1.953829794424331    
   1.945872403445647    
   1.938180711813305    
   1.930745194213150    
   1.923556523300377    
   1.916605686304182    
   1.909884069562985    
   1.903383519043893    
   1.897096379173301    
   1.891015477672359    
   1.885134047997452    
   1.879445636223845    
   1.873944031821807    
   1.868623209082686    
   1.863477264347751    
   1.858500378757555    
   1.853686834198627    
   1.849031058085069    
   1.844527660440581    
   1.840171467145689    
   1.835957563361443    
   1.831881324055271    
   1.827938401899346    
   1.824124686005308    
   1.820436262505921    
   1.816869375442317    
   1.813420374157898    
   1.810085667211073    
   1.806861714157824    
   1.803745047051982    
   1.800732290985139    
   1.797820181773587    
   1.795005596864388    
   1.792285587171265    
   1.789657381465345    
   1.787118366448127    
   1.784666066568108    
   1.782298120791275    
   1.780012236409839    
   1.777806132100866    
   1.775677506215299    
   1.773624037441823    
   1.771643397987668    
   1.769733280412398    
   1.767891455979822    
   1.766115848855559    
   1.764404582358060    
   1.762755984187538    
   1.761168573884279    
   1.759641037782249    
   1.758172171111229    
   1.756760794109326    
   1.755405683900686    
   1.754105541985563    
   1.752858979411735    
   1.751664515154070    
   1.750520611919638    
   1.749425750378706    
   1.748378502109438    
   1.747377574355252    
   1.746421837915748    
   1.745510342776794    
   1.744642298104107    
   1.743817011493574    
   1.743033822775534    
   1.742292059988952    
   1.741591008404859    
   1.740929885569620    
   1.740307840191351    
   1.739723978600020    
   1.739177391545770    
   1.738667169952158    
   1.738192434016339    
   1.737752384210134    
   1.737346340350343    
   1.736973744248758    
   1.736634144283621    
   1.736327177952493    
   1.736052535331159    
   1.735809898909849    
   1.735598896946861    
   1.735419096532326    
   1.735270013100129    
   1.735151112636445    
   1.735061825178644    
   1.735001586909677    
   1.734969884985198    
   1.734966278902452    
   1.734990414481242    
   1.735042046475719    
   1.735121042816887    
   1.735227345407576    
   1.735360913836644    
   1.735521688725488    
   1.735709567909742    
   1.735924377492367    
   1.736165856372556    
   1.736433675305272    
   1.736727467295879    
   1.737046840050755    
   1.737391387695206    
   1.737760729440091    
   1.738154556253720    
   1.738572650627860    
   1.739014886685206    
   1.739481235269241    
   1.739971761882357    
   1.740486593652176    
   1.741025873743245    
   1.741589737804992    
   1.742178304790930    
   1.742791652661635    
   1.743429786003746    
   1.744092624910701    
   1.744780013473691    
   1.745491727592042    
   1.746227490794205    
   1.746987019776958    
   1.747770086207441    
   1.748576562194745    
   1.749406446325813    
   1.750259883282930    
   1.751137162405266    
   1.752038671273306    
   1.752964818743019    
   1.753915963913598    
   1.754892360408367    
   1.755894108030394    
   1.756921127045440    
   1.757973178555553    
   1.759049922179960    
   1.760150986069917    
   1.761276046910939    
   1.762424922363315    
   1.763597647232973    
   1.764794498135414    
   1.766015966885975    
   1.767262698397501    
   1.768535389523241    
   1.769834654061805    
   1.771160902933728    
   1.772514290421224    
   1.773894723665839    
   1.775301906853368    
   1.776735419744472    
   1.778194836855083    
   1.779679853933094    
   1.781190376350241    
   1.782726562832434    
   1.784288834273377    
   1.785877830980998    
   1.787494306803276    
   1.789138999097649    
   1.790812525100523    
   1.792515309796077    
   1.794247536094909    
   1.796009146089265    
   1.797799920973075    
   1.799619604140231    
   1.801468006031059    
   1.803345075194124    
   1.805250944872212    
   1.807185932501026    
   1.809150470249383    
   1.811145007722076    
   1.813169952342695    
   1.815225656737248    
   1.817312422299241    
   1.819430513794462    
   1.821580190627089    
   1.823761723324507    
   1.825975367380882    
   1.828221332946592    
   1.830499804264297    
   1.832810987441039    
   1.835155121895077    
   1.837532447706480    
   1.839943174899257    
   1.842387475725799    
   1.844865493320106    
   1.847377381164652    
   1.849923379993432    
   1.852503875082902    
   1.855119368917663    
   1.857770393076250    
   1.860457437233436    
   1.863180915742654    
   1.865941137867246    
   1.868738285412951    
   1.871572437598697    
   1.874443635044515    
   1.877351930640071    
   1.880297415051368    
   1.883280246791246    
   1.886300684181429    
   1.889359084381266    
   1.892455870858381    
   1.895591501084903    
   1.898766433295638    
   1.901981073859444    
   1.905235733029986    
   1.908530633974522    
   1.911865959585137    
   1.915241886980492    
   1.918658605069674    
   1.922116331825617    
   1.925615299790050    
   1.929155683431165    
   1.932737540198855    
   1.936360860127877    
   1.940025686069501    
   1.943732172205348    
   1.947480548861019    
   1.951271096195915    
   1.955104184504295    
   1.958980300406753    
