   2.200698052599759    
   2.219731111365363    
   2.239428237103987    
   2.260112866207482    
   2.281834793738079    
   2.304338516695327    
   2.327567549636946    
   2.351694536712507    
   2.376703360156765    
   2.402358706218811    
   2.428537771964448    
   2.455235688729255    
   2.482279474182500    
   2.509310852970668    
   2.535987800338304    
   2.561956765744156    
   2.586657263422348    
   2.609294527484541    
   2.628899442808759    
   2.644243093847185    
   2.653695230718231    
   2.655135440229955    
   2.645792771778165    
   2.622004899889066    
   2.579019142388597    
   2.510679908653845    
   2.408808381931484    
   2.262523084751231    
   2.057667571392159    
   1.775866690961702    
   1.392975251175123    
  0.8776549267492681    
  0.1906017755600244    
 -0.7159351454065740    
  -1.897559498418781    
  -3.412853282834845    
  -5.310952237736212    
  -7.610121686581477    
  -10.26700810454807    
  -13.14146040229044    
  -15.97702698745647    
  -18.42930906998694    
  -20.15639590380910    
  -20.93715814790917    
  -20.74842411580316    
  -19.75385591048285    
  -18.22009053465209    
  -16.41922291485528    
  -14.56653363288912    
  -12.80275458248842    
  -11.20365968977918    
  -9.798597377117462    
  -8.588340487689221    
  -7.558647930618307    
  -6.688953285073809    
  -5.957334397217378    
  -5.343011461153364    
  -4.827209872869971    
  -4.393477415565437    
  -4.028115934173385    
  -3.720068537592224    
  -3.459894837847955    
  -3.239178566193986    
  -3.051201144097204    
  -2.891253579957612    
  -2.755323792245177    
  -2.639025461123306    
  -2.538607142993949    
  -2.452141662326986    
  -2.378434034337581    
  -2.315315313663938    
  -2.260277945652942    
  -2.212192442994473    
  -2.170891795116319    
  -2.135468965039428    
  -2.104505110198797    
  -2.077552433403904    
  -2.054662815154697    
  -2.034779346448837    
  -2.016528303187854    
  -2.000388193626850    
  -1.987813623656127    
  -1.978081661559038    
  -1.968495151178655    
  -1.958329133129050    
  -1.950016180758475    
  -1.945202276711684    
  -1.941972843042317    
  -1.937711325376480    
  -1.932786703358952    
  -1.929383102476168    
  -1.928072647224654    
  -1.927604719324228    
  -1.927129438833930    
  -1.926723502543547    
  -1.926422446349402    
  -1.926437428035840    
  -1.927671034733798    
  -1.930413264398026    
  -1.933242405400853    
  -1.934892674313164    
  -1.936468181565342    
  -1.939912973807351    
  -1.944902839932337    
  -1.949396284233044    
  -1.952962876703603    
  -1.957278047957583    
  -1.963190692737510    
  -1.969542005270606    
  -1.975440606522302    
  -1.981687236507482    
  -1.989087317807370    
  -1.997062736594422    
  -2.004953986141817    
  -2.013292865969760    
  -2.022717246496303    
  -2.032776764459631    
  -2.042874932583882    
  -2.053439873215685    
  -2.065123167265501    
  -2.077630901958855    
  -2.090360537501210    
  -2.103550303344990    
  -2.117818830124832    
  -2.133072537098627    
  -2.148798848047003    
  -2.165063197571373    
  -2.182352551153453    
  -2.200698052599759    
  -2.219731111365363    
  -2.239428237103987    
  -2.260112866207482    
  -2.281834793738079    
  -2.304338516695327    
  -2.327567549636946    
  -2.351694536712507    
  -2.376703360156765    
  -2.402358706218811    
  -2.428537771964448    
  -2.455235688729255    
  -2.482279474182500    
  -2.509310852970668    
  -2.535987800338304    
  -2.561956765744156    
  -2.586657263422348    
  -2.609294527484541    
  -2.628899442808759    
  -2.644243093847185    
  -2.653695230718231    
  -2.655135440229955    
  -2.645792771778165    
  -2.622004899889066    
  -2.579019142388597    
  -2.510679908653845    
  -2.408808381931484    
  -2.262523084751231    
  -2.057667571392159    
  -1.775866690961702    
  -1.392975251175123    
 -0.8776549267492681    
 -0.1906017755600244    
  0.7159351454065740    
   1.897559498418781    
   3.412853282834845    
   5.310952237736212    
   7.610121686581477    
   10.26700810454807    
   13.14146040229044    
   15.97702698745647    
   18.42930906998694    
   20.15639590380910    
   20.93715814790917    
   20.74842411580316    
   19.75385591048285    
   18.22009053465209    
   16.41922291485528    
   14.56653363288912    
   12.80275458248842    
   11.20365968977918    
   9.798597377117462    
   8.588340487689221    
   7.558647930618307    
   6.688953285073809    
   5.957334397217378    
   5.343011461153364    
   4.827209872869971    
   4.393477415565437    
   4.028115934173385    
   3.720068537592224    
   3.459894837847955    
   3.239178566193986    
   3.051201144097204    
   2.891253579957612    
   2.755323792245177    
   2.639025461123306    
   2.538607142993949    
   2.452141662326986    
   2.378434034337581    
   2.315315313663938    
   2.260277945652942    
   2.212192442994473    
   2.170891795116319    
   2.135468965039428    
   2.104505110198797    
   2.077552433403904    
   2.054662815154697    
   2.034779346448837    
   2.016528303187854    
   2.000388193626850    
   1.987813623656127    
   1.978081661559038    
   1.968495151178655    
   1.958329133129050    
   1.950016180758475    
   1.945202276711684    
   1.941972843042317    
   1.937711325376480    
   1.932786703358952    
   1.929383102476168    
   1.928072647224654    
   1.927604719324228    
   1.927129438833930    
   1.926723502543547    
   1.926422446349402    
   1.926437428035840    
   1.927671034733798    
   1.930413264398026    
   1.933242405400853    
   1.934892674313164    
   1.936468181565342    
   1.939912973807351    
   1.944902839932337    
   1.949396284233044    
   1.952962876703603    
   1.957278047957583    
   1.963190692737510    
   1.969542005270606    
   1.975440606522302    
   1.981687236507482    
   1.989087317807370    
   1.997062736594422    
   2.004953986141817    
   2.013292865969760    
   2.022717246496303    
   2.032776764459631    
   2.042874932583882    
   2.053439873215685    
   2.065123167265501    
   2.077630901958855    
   2.090360537501210    
   2.103550303344990    
   2.117818830124832    
   2.133072537098627    
   2.148798848047003    
   2.165063197571373    
   2.182352551153453    
