  0.7098148396416076E-01
  0.6976002568222084E-01
  0.6853574056768880E-01
  0.6730866549711306E-01
  0.6607883755447536E-01
  0.6484629403159881E-01
  0.6361107242845976E-01
  0.6237321045344707E-01
  0.6113274602359992E-01
  0.5988971726479991E-01
  0.5864416251188165E-01
  0.5739612030866176E-01
  0.5614562940793050E-01
  0.5489272877141671E-01
  0.5363745756970251E-01
  0.5237985518204868E-01
  0.5111996119613882E-01
  0.4985781540778134E-01
  0.4859345782060448E-01
  0.4732692864571653E-01
  0.4605826830128318E-01
  0.4478751741200071E-01
  0.4351471680851510E-01
  0.4223990752684692E-01
  0.4096313080780845E-01
  0.3968442809634110E-01
  0.3840384104074190E-01
  0.3712141149182352E-01
  0.3583718150207732E-01
  0.3455119332483569E-01
  0.3326348941337298E-01
  0.3197411241990977E-01
  0.3068310519454992E-01
  0.2939051078419985E-01
  0.2809637243148400E-01
  0.2680073357361573E-01
  0.2550363784119414E-01
  0.2420512905693334E-01
  0.2290525123436260E-01
  0.2160404857651788E-01
  0.2030156547459661E-01
  0.1899784650654079E-01
  0.1769293643556091E-01
  0.1638688020864149E-01
  0.1507972295504151E-01
  0.1377150998475890E-01
  0.1246228678692418E-01
  0.1115209902813863E-01
  0.9840992550791405E-02
  0.8529013371363803E-02
  0.7216207678713449E-02
  0.5902621832317212E-02
  0.4588302360462981E-02
  0.3273295958388600E-02
  0.1957649486386659E-02
  0.6414099679097340E-03
 -0.6753754123183797E-03
 -0.1992659310225964E-02
 -0.3310394224387503E-02
 -0.4628532498083981E-02
 -0.5947026321377724E-02
 -0.7265827733158536E-02
 -0.8584888623170528E-02
 -0.9904160734084844E-02
 -0.1122359566367570E-01
 -0.1254314486708047E-01
 -0.1386275965902789E-01
 -0.1518239121596482E-01
 -0.1650199057815799E-01
 -0.1782150865193399E-01
 -0.1914089621209070E-01
 -0.2046010390430869E-01
 -0.2177908224739949E-01
 -0.2309778163545473E-01
 -0.2441615234011074E-01
 -0.2573414451303219E-01
 -0.2705170818845820E-01
 -0.2836879328560044E-01
 -0.2968534961088221E-01
 -0.3100132686022938E-01
 -0.3231667462157506E-01
 -0.3363134237748877E-01
 -0.3494527950769033E-01
 -0.3625843529137907E-01
 -0.3757075890956441E-01
 -0.3888219944760318E-01
 -0.4019270589787532E-01
 -0.4150222716236240E-01
 -0.4281071205504405E-01
 -0.4411810930429150E-01
 -0.4542436755543977E-01
 -0.4672943537348523E-01
 -0.4803326124570395E-01
 -0.4933579358412232E-01
 -0.5063698072796186E-01
 -0.5193677094621046E-01
 -0.5323511244031631E-01
 -0.5453195334686561E-01
 -0.5582724174013109E-01
 -0.5712092563453658E-01
 -0.5841295298719773E-01
 -0.5970327170062606E-01
 -0.6099182962547278E-01
 -0.6227857456312774E-01
 -0.6356345426817467E-01
 -0.6484641645091527E-01
 -0.6612740878009227E-01
 -0.6740637888567530E-01
 -0.6868327436148580E-01
 -0.6995804276766909E-01
 -0.7123063163322613E-01
 -0.7250098845873071E-01
 -0.7376906071910061E-01
 -0.7503479586624429E-01
 -0.7629814133158308E-01
 -0.7755904452861268E-01
 -0.7881745285559871E-01
 -0.8007331369831766E-01
 -0.8132657443271191E-01
 -0.8257718242746281E-01
 -0.8382508504659092E-01
 -0.8507022965214062E-01
 -0.8631256360688222E-01
 -0.8755203427697755E-01
 -0.8878858903462628E-01
 -0.9002217526071826E-01
 -0.9125274034747410E-01
 -0.9248023170109687E-01
 -0.9370459674450204E-01
 -0.9492578292008225E-01
 -0.9614373769235507E-01
 -0.9735840855049305E-01
 -0.9856974301098176E-01
 -0.9977768862051900E-01
 -0.1009821929588743    
 -0.1021832036414327    
 -0.1033806683216611    
 -0.1045745346939211    
 -0.1057647504965279    
 -0.1069512635145377    
 -0.1081340215821871    
 -0.1093129725855115    
 -0.1104880644653963    
 -0.1116592452206053    
 -0.1128264629103955    
 -0.1139896656570583    
 -0.1151488016488630    
 -0.1163038191431949    
 -0.1174546664693797    
 -0.1186012920312900    
 -0.1197436443102307    
 -0.1208816718681200    
 -0.1220153233504929    
 -0.1231445474892225    
 -0.1242692931053865    
 -0.1253895091124604    
 -0.1265051445194834    
 -0.1276161484339738    
 -0.1287224700648766    
 -0.1298240587257626    
 -0.1309208638380621    
 -0.1320128349341325    
 -0.1330999216603651    
 -0.1341820737805199    
 -0.1352592411790781    
 -0.1363313738643970    
 -0.1373984219718873    
 -0.1384603357674721    
 -0.1395170656511567    
 -0.1405685621604142    
 -0.1416147759734850    
 -0.1426556579128918    
 -0.1436911589491257    
 -0.1447212302042420    
 -0.1457458229553785    
 -0.1467648886384436    
 -0.1477783788519651    
 -0.1487862453608717    
 -0.1497884401001797    
 -0.1507849151788321    
 -0.1517756228837495    
 -0.1527605156838703    
 -0.1537395462340712    
 -0.1547126673791506    
 -0.1556798321580335    
 -0.1566409938080619    
 -0.1575961057692079    
 -0.1585451216882641    
 -0.1594879954231887    
 -0.1604246810476211    
 -0.1613551328554262    
 -0.1622793053651608    
 -0.1631971533245498    
 -0.1641086317151328    
 -0.1650136957571131    
 -0.1659123009142312    
 -0.1668044028985152    
 -0.1676899576750226    
 -0.1685689214668264    
 -0.1694412507602205    
 -0.1703069023098673    
 -0.1711658331437915    
 -0.1720180005684859    
 -0.1728633621743114    
 -0.1737018758409636    
 -0.1745334997427804    
 -0.1753581923540612    
 -0.1761759124546733    
 -0.1769866191358033    
 -0.1777902718055392    
 -0.1785868301943707    
 -0.1793762543609527    
 -0.1801585046981271    
 -0.1809335419388356    
 -0.1817013271618401    
 -0.1824618217975943    
 -0.1832149876344319    
 -0.1839607868247741    
 -0.1846991818911199    
 -0.1854301357320239    
 -0.1861536116283503    
 -0.1868695732496870    
 -0.1875779846606345    
 -0.1882788103269573    
 -0.1889720151218377    
 -0.1896575643323266    
 -0.1903354236658450    
 -0.1910055592565809    
 -0.1916679376718053    
 -0.1923225259182457    
 -0.1929692914485993    
 -0.1936082021681029    
 -0.1942392264409785    
 -0.1948623330967378    
 -0.1954774914365600    
 -0.1960846712398769    
 -0.1966838427709475    
 -0.1972749767851487    
 -0.1978580445351264    
 -0.1984330177771549    
 -0.1989998687776740    
 -0.1995585703196121    
 -0.2001090957083858    
 -0.2006514187779327    
 -0.2011855138969840    
 -0.2017113559752697    
 -0.2022289204693779    
 -0.2027381833884605    
 -0.2032391213000879    
 -0.2037317113361267    
 -0.2042159311983557    
 -0.2046917591638576    
 -0.2051591740904237    
 -0.2056181554219486    
 -0.2060686831936140    
 -0.2065107380368605    
 -0.2069443011843091    
 -0.2073693544746007    
 -0.2077858803570088    
 -0.2081938618958358    
 -0.2085932827747505    
 -0.2089841273010146    
 -0.2093663804094368    
 -0.2097400276660728    
 -0.2101050552718422    
 -0.2104614500660358    
 -0.2108091995295363    
 -0.2111482917877532    
 -0.2114787156134286    
 -0.2118004604292982    
 -0.2121135163104486    
 -0.2124178739863611    
 -0.2127135248428254    
 -0.2130004609237206    
 -0.2132786749324689    
 -0.2135481602331208    
 -0.2138089108512565    
 -0.2140609214747569    
 -0.2143041874542563    
 -0.2145387048032068    
 -0.2147644701977369    
 -0.2149814809763748    
 -0.2151897351394643    
 -0.2153892313481485    
 -0.2155799689230982    
 -0.2157619478431097    
 -0.2159351687434452    
 -0.2160996329137558    
 -0.2162553422956956    
 -0.2164022994803603    
 -0.2165405077054758    
 -0.2166699708521944    
 -0.2167906934415955    
 -0.2169026806310148    
 -0.2170059382101261    
 -0.2171004725966310    
 -0.2171862908316327    
 -0.2172634005748449    
 -0.2173318100995763    
 -0.2173915282873391    
 -0.2174425646221547    
 -0.2174849291847143    
 -0.2175186326463503    
 -0.2175436862626138    
 -0.2175601018665148    
 -0.2175678918616625    
 -0.2175670692153240    
 -0.2175576474511354    
 -0.2175396406413954    
 -0.2175130633991926    
 -0.2174779308705477    
 -0.2174342587263604    
 -0.2173820631539635    
 -0.2173213608484262    
 -0.2172521690038591    
 -0.2171745053046357    
 -0.2170883879162965    
 -0.2169938354761660    
 -0.2168908670839692    
 -0.2167795022924843    
 -0.2166597610979657    
 -0.2165316639302224    
 -0.2163952316426239    
 -0.2162504855022483    
 -0.2160974471800099    
 -0.2159361387404720    
 -0.2157665826314326    
 -0.2155888016736067    
 -0.2154028190504813    
 -0.2152086582980539    
 -0.2150063432943055    
 -0.2147958982486196    
 -0.2145773476913994    
 -0.2143507164637879    
 -0.2141160297072366    
 -0.2138733128529364    
 -0.2136225916113610    
 -0.2133638919620005    
 -0.2130972401431115    
 -0.2128226626413623    
 -0.2125401861815279    
 -0.2122498377163928    
 -0.2119516444167822    
 -0.2116456336615486    
 -0.2113318330275644    
 -0.2110102702799045    
 -0.2106809733622650    
 -0.2103439703874415    
 -0.2099992896277953    
 -0.2096469595058417    
 -0.2092870085851171    
 -0.2089194655612430    
 -0.2085443592530246    
 -0.2081617185935904    
 -0.2077715726217695    
 -0.2073739504737696    
 -0.2069688813750197    
 -0.2065563946320270    
 -0.2061365196243594    
 -0.2057092857969436    
 -0.2052747226526852    
 -0.2048328597451918    
 -0.2043837266715136    
 -0.2039273530650740    
 -0.2034637685889989    
 -0.2029930029297431    
 -0.2025150857907688    
 -0.2020300468862471    
 -0.2015379159350354    
 -0.2010387226550918    
 -0.2005324967581573    
 -0.2000192679444321    
 -0.1994990658973037    
 -0.1989719202784073    
 -0.1984378607231438    
 -0.1978969168364139    
 -0.1973491181883284    
 -0.1967944943099842    
 -0.1962330746896179    
 -0.1956648887692096    
 -0.1950899659412786    
 -0.1945083355456245    
 -0.1939200268661368    
 -0.1933250691279906    
 -0.1927234914953009    
 -0.1921153230689449    
 -0.1915005928843270    
 -0.1908793299091930    
 -0.1902515630418291    
 -0.1896173211096874    
 -0.1889766328681777    
 -0.1883295269993903    
 -0.1876760321108877    
 -0.1870161767348338    
 -0.1863499893275153    
 -0.1856774982690110    
 -0.1849987318628263    
 -0.1843137183355884    
 -0.1836224858370381    
 -0.1829250624403557    
 -0.1822214761426300    
 -0.1815117548653001    
 -0.1807959264546641    
 -0.1800740186826446    
 -0.1793460592478577    
 -0.1786120757767917    
 -0.1778720958249569    
 -0.1771261468780918    
 -0.1763742563536216    
 -0.1756164516023740    
 -0.1748527599103824    
 -0.1740832085006410    
 -0.1733078245349192    
 -0.1725266351157939    
 -0.1717396672889198    
 -0.1709469480453667    
 -0.1701485043239117    
 -0.1693443630133473    
 -0.1685345509549754    
 -0.1677190949453138    
 -0.1668980217388975    
 -0.1660713580510209    
 -0.1652391305604541    
 -0.1644013659122832    
 -0.1635580907209679    
 -0.1627093315735042    
 -0.1618551150325331    
 -0.1609954676393746    
 -0.1601304159171417    
 -0.1592599863740372    
 -0.1583842055067699    
 -0.1575030998039380    
 -0.1566166957493416    
 -0.1557250198253086    
 -0.1548280985161388    
 -0.1539259583116417    
 -0.1530186257106962    
 -0.1521061272247613    
 -0.1511884893813786    
 -0.1502657387277162    
 -0.1493379018341734    
 -0.1484050052979896    
 -0.1474670757468298    
 -0.1465241398423767    
 -0.1455762242839793    
 -0.1446233558123109    
 -0.1436655612129591    
 -0.1427028673199513    
 -0.1417353010193367    
 -0.1407628892528716    
 -0.1397856590217164    
 -0.1388036373899846    
 -0.1378168514881714    
 -0.1368253285166263    
 -0.1358290957491741    
 -0.1348281805367701    
 -0.1338226103110114    
 -0.1328124125874683    
 -0.1317976149690041    
 -0.1307782451492281    
 -0.1297543309160396    
 -0.1287259001550616    
 -0.1276929808528676    
 -0.1266556011001094    
 -0.1256137890947528    
 -0.1245675731454452    
 -0.1235169816748390    
 -0.1224620432226888    
 -0.1214027864487770    
 -0.1203392401358829    
 -0.1192714331929103    
 -0.1181993946580402    
 -0.1171231537016934    
 -0.1160427396292714    
 -0.1149581818838572    
 -0.1138695100490390    
 -0.1127767538518127    
 -0.1116799431653615    
 -0.1105791080116254    
 -0.1094742785637605    
 -0.1083654851486544    
 -0.1072527582495080    
 -0.1061361285083660    
 -0.1050156267284832    
 -0.1038912838765775    
 -0.1027631310850603    
 -0.1016311996542889    
 -0.1004955210547820    
 -0.9935612692933943E-01
 -0.9821304909506412E-01
 -0.9706631954533251E-01
 -0.9591597045172984E-01
 -0.9476203416594381E-01
 -0.9360454322159112E-01
 -0.9244353033598091E-01
 -0.9127902841181901E-01
 -0.9011107053885281E-01
 -0.8893968999544022E-01
 -0.8776492025006272E-01
 -0.8658679496280008E-01
 -0.8540534798677052E-01
 -0.8422061336949099E-01
 -0.8303262535413625E-01
 -0.8184141838072240E-01
 -0.8064702708727634E-01
 -0.7944948631098980E-01
 -0.7824883108930653E-01
 -0.7704509666088510E-01
 -0.7583831846647326E-01
 -0.7462853214975596E-01
 -0.7341577355820755E-01
 -0.7220007874389295E-01
 -0.7098148396416076E-01
 -0.6976002568222084E-01
 -0.6853574056768880E-01
 -0.6730866549711306E-01
 -0.6607883755447536E-01
 -0.6484629403159881E-01
 -0.6361107242845976E-01
 -0.6237321045344707E-01
 -0.6113274602359992E-01
 -0.5988971726479991E-01
 -0.5864416251188165E-01
 -0.5739612030866176E-01
 -0.5614562940793050E-01
 -0.5489272877141671E-01
 -0.5363745756970251E-01
 -0.5237985518204868E-01
 -0.5111996119613882E-01
 -0.4985781540778134E-01
 -0.4859345782060448E-01
 -0.4732692864571653E-01
 -0.4605826830128318E-01
 -0.4478751741200071E-01
 -0.4351471680851510E-01
 -0.4223990752684692E-01
 -0.4096313080780845E-01
 -0.3968442809634110E-01
 -0.3840384104074190E-01
 -0.3712141149182352E-01
 -0.3583718150207732E-01
 -0.3455119332483569E-01
 -0.3326348941337298E-01
 -0.3197411241990977E-01
 -0.3068310519454992E-01
 -0.2939051078419985E-01
 -0.2809637243148400E-01
 -0.2680073357361573E-01
 -0.2550363784119414E-01
 -0.2420512905693334E-01
 -0.2290525123436260E-01
 -0.2160404857651788E-01
 -0.2030156547459661E-01
 -0.1899784650654079E-01
 -0.1769293643556091E-01
 -0.1638688020864149E-01
 -0.1507972295504151E-01
 -0.1377150998475890E-01
 -0.1246228678692418E-01
 -0.1115209902813863E-01
 -0.9840992550791405E-02
 -0.8529013371363803E-02
 -0.7216207678713449E-02
 -0.5902621832317212E-02
 -0.4588302360462981E-02
 -0.3273295958388600E-02
 -0.1957649486386659E-02
 -0.6414099679097340E-03
  0.6753754123183797E-03
  0.1992659310225964E-02
  0.3310394224387503E-02
  0.4628532498083981E-02
  0.5947026321377724E-02
  0.7265827733158536E-02
  0.8584888623170528E-02
  0.9904160734084844E-02
  0.1122359566367570E-01
  0.1254314486708047E-01
  0.1386275965902789E-01
  0.1518239121596482E-01
  0.1650199057815799E-01
  0.1782150865193399E-01
  0.1914089621209070E-01
  0.2046010390430869E-01
  0.2177908224739949E-01
  0.2309778163545473E-01
  0.2441615234011074E-01
  0.2573414451303219E-01
  0.2705170818845820E-01
  0.2836879328560044E-01
  0.2968534961088221E-01
  0.3100132686022938E-01
  0.3231667462157506E-01
  0.3363134237748877E-01
  0.3494527950769033E-01
  0.3625843529137907E-01
  0.3757075890956441E-01
  0.3888219944760318E-01
  0.4019270589787532E-01
  0.4150222716236240E-01
  0.4281071205504405E-01
  0.4411810930429150E-01
  0.4542436755543977E-01
  0.4672943537348523E-01
  0.4803326124570395E-01
  0.4933579358412232E-01
  0.5063698072796186E-01
  0.5193677094621046E-01
  0.5323511244031631E-01
  0.5453195334686561E-01
  0.5582724174013109E-01
  0.5712092563453658E-01
  0.5841295298719773E-01
  0.5970327170062606E-01
  0.6099182962547278E-01
  0.6227857456312774E-01
  0.6356345426817467E-01
  0.6484641645091527E-01
  0.6612740878009227E-01
  0.6740637888567530E-01
  0.6868327436148580E-01
  0.6995804276766909E-01
  0.7123063163322613E-01
  0.7250098845873071E-01
  0.7376906071910061E-01
  0.7503479586624429E-01
  0.7629814133158308E-01
  0.7755904452861268E-01
  0.7881745285559871E-01
  0.8007331369831766E-01
  0.8132657443271191E-01
  0.8257718242746281E-01
  0.8382508504659092E-01
  0.8507022965214062E-01
  0.8631256360688222E-01
  0.8755203427697755E-01
  0.8878858903462628E-01
  0.9002217526071826E-01
  0.9125274034747410E-01
  0.9248023170109687E-01
  0.9370459674450204E-01
  0.9492578292008225E-01
  0.9614373769235507E-01
  0.9735840855049305E-01
  0.9856974301098176E-01
  0.9977768862051900E-01
  0.1009821929588743    
  0.1021832036414327    
  0.1033806683216611    
  0.1045745346939211    
  0.1057647504965279    
  0.1069512635145377    
  0.1081340215821871    
  0.1093129725855115    
  0.1104880644653963    
  0.1116592452206053    
  0.1128264629103955    
  0.1139896656570583    
  0.1151488016488630    
  0.1163038191431949    
  0.1174546664693797    
  0.1186012920312900    
  0.1197436443102307    
  0.1208816718681200    
  0.1220153233504929    
  0.1231445474892225    
  0.1242692931053865    
  0.1253895091124604    
  0.1265051445194834    
  0.1276161484339738    
  0.1287224700648766    
  0.1298240587257626    
  0.1309208638380621    
  0.1320128349341325    
  0.1330999216603651    
  0.1341820737805199    
  0.1352592411790781    
  0.1363313738643970    
  0.1373984219718873    
  0.1384603357674721    
  0.1395170656511567    
  0.1405685621604142    
  0.1416147759734850    
  0.1426556579128918    
  0.1436911589491257    
  0.1447212302042420    
  0.1457458229553785    
  0.1467648886384436    
  0.1477783788519651    
  0.1487862453608717    
  0.1497884401001797    
  0.1507849151788321    
  0.1517756228837495    
  0.1527605156838703    
  0.1537395462340712    
  0.1547126673791506    
  0.1556798321580335    
  0.1566409938080619    
  0.1575961057692079    
  0.1585451216882641    
  0.1594879954231887    
  0.1604246810476211    
  0.1613551328554262    
  0.1622793053651608    
  0.1631971533245498    
  0.1641086317151328    
  0.1650136957571131    
  0.1659123009142312    
  0.1668044028985152    
  0.1676899576750226    
  0.1685689214668264    
  0.1694412507602205    
  0.1703069023098673    
  0.1711658331437915    
  0.1720180005684859    
  0.1728633621743114    
  0.1737018758409636    
  0.1745334997427804    
  0.1753581923540612    
  0.1761759124546733    
  0.1769866191358033    
  0.1777902718055392    
  0.1785868301943707    
  0.1793762543609527    
  0.1801585046981271    
  0.1809335419388356    
  0.1817013271618401    
  0.1824618217975943    
  0.1832149876344319    
  0.1839607868247741    
  0.1846991818911199    
  0.1854301357320239    
  0.1861536116283503    
  0.1868695732496870    
  0.1875779846606345    
  0.1882788103269573    
  0.1889720151218377    
  0.1896575643323266    
  0.1903354236658450    
  0.1910055592565809    
  0.1916679376718053    
  0.1923225259182457    
  0.1929692914485993    
  0.1936082021681029    
  0.1942392264409785    
  0.1948623330967378    
  0.1954774914365600    
  0.1960846712398769    
  0.1966838427709475    
  0.1972749767851487    
  0.1978580445351264    
  0.1984330177771549    
  0.1989998687776740    
  0.1995585703196121    
  0.2001090957083858    
  0.2006514187779327    
  0.2011855138969840    
  0.2017113559752697    
  0.2022289204693779    
  0.2027381833884605    
  0.2032391213000879    
  0.2037317113361267    
  0.2042159311983557    
  0.2046917591638576    
  0.2051591740904237    
  0.2056181554219486    
  0.2060686831936140    
  0.2065107380368605    
  0.2069443011843091    
  0.2073693544746007    
  0.2077858803570088    
  0.2081938618958358    
  0.2085932827747505    
  0.2089841273010146    
  0.2093663804094368    
  0.2097400276660728    
  0.2101050552718422    
  0.2104614500660358    
  0.2108091995295363    
  0.2111482917877532    
  0.2114787156134286    
  0.2118004604292982    
  0.2121135163104486    
  0.2124178739863611    
  0.2127135248428254    
  0.2130004609237206    
  0.2132786749324689    
  0.2135481602331208    
  0.2138089108512565    
  0.2140609214747569    
  0.2143041874542563    
  0.2145387048032068    
  0.2147644701977369    
  0.2149814809763748    
  0.2151897351394643    
  0.2153892313481485    
  0.2155799689230982    
  0.2157619478431097    
  0.2159351687434452    
  0.2160996329137558    
  0.2162553422956956    
  0.2164022994803603    
  0.2165405077054758    
  0.2166699708521944    
  0.2167906934415955    
  0.2169026806310148    
  0.2170059382101261    
  0.2171004725966310    
  0.2171862908316327    
  0.2172634005748449    
  0.2173318100995763    
  0.2173915282873391    
  0.2174425646221547    
  0.2174849291847143    
  0.2175186326463503    
  0.2175436862626138    
  0.2175601018665148    
  0.2175678918616625    
  0.2175670692153240    
  0.2175576474511354    
  0.2175396406413954    
  0.2175130633991926    
  0.2174779308705477    
  0.2174342587263604    
  0.2173820631539635    
  0.2173213608484262    
  0.2172521690038591    
  0.2171745053046357    
  0.2170883879162965    
  0.2169938354761660    
  0.2168908670839692    
  0.2167795022924843    
  0.2166597610979657    
  0.2165316639302224    
  0.2163952316426239    
  0.2162504855022483    
  0.2160974471800099    
  0.2159361387404720    
  0.2157665826314326    
  0.2155888016736067    
  0.2154028190504813    
  0.2152086582980539    
  0.2150063432943055    
  0.2147958982486196    
  0.2145773476913994    
  0.2143507164637879    
  0.2141160297072366    
  0.2138733128529364    
  0.2136225916113610    
  0.2133638919620005    
  0.2130972401431115    
  0.2128226626413623    
  0.2125401861815279    
  0.2122498377163928    
  0.2119516444167822    
  0.2116456336615486    
  0.2113318330275644    
  0.2110102702799045    
  0.2106809733622650    
  0.2103439703874415    
  0.2099992896277953    
  0.2096469595058417    
  0.2092870085851171    
  0.2089194655612430    
  0.2085443592530246    
  0.2081617185935904    
  0.2077715726217695    
  0.2073739504737696    
  0.2069688813750197    
  0.2065563946320270    
  0.2061365196243594    
  0.2057092857969436    
  0.2052747226526852    
  0.2048328597451918    
  0.2043837266715136    
  0.2039273530650740    
  0.2034637685889989    
  0.2029930029297431    
  0.2025150857907688    
  0.2020300468862471    
  0.2015379159350354    
  0.2010387226550918    
  0.2005324967581573    
  0.2000192679444321    
  0.1994990658973037    
  0.1989719202784073    
  0.1984378607231438    
  0.1978969168364139    
  0.1973491181883284    
  0.1967944943099842    
  0.1962330746896179    
  0.1956648887692096    
  0.1950899659412786    
  0.1945083355456245    
  0.1939200268661368    
  0.1933250691279906    
  0.1927234914953009    
  0.1921153230689449    
  0.1915005928843270    
  0.1908793299091930    
  0.1902515630418291    
  0.1896173211096874    
  0.1889766328681777    
  0.1883295269993903    
  0.1876760321108877    
  0.1870161767348338    
  0.1863499893275153    
  0.1856774982690110    
  0.1849987318628263    
  0.1843137183355884    
  0.1836224858370381    
  0.1829250624403557    
  0.1822214761426300    
  0.1815117548653001    
  0.1807959264546641    
  0.1800740186826446    
  0.1793460592478577    
  0.1786120757767917    
  0.1778720958249569    
  0.1771261468780918    
  0.1763742563536216    
  0.1756164516023740    
  0.1748527599103824    
  0.1740832085006410    
  0.1733078245349192    
  0.1725266351157939    
  0.1717396672889198    
  0.1709469480453667    
  0.1701485043239117    
  0.1693443630133473    
  0.1685345509549754    
  0.1677190949453138    
  0.1668980217388975    
  0.1660713580510209    
  0.1652391305604541    
  0.1644013659122832    
  0.1635580907209679    
  0.1627093315735042    
  0.1618551150325331    
  0.1609954676393746    
  0.1601304159171417    
  0.1592599863740372    
  0.1583842055067699    
  0.1575030998039380    
  0.1566166957493416    
  0.1557250198253086    
  0.1548280985161388    
  0.1539259583116417    
  0.1530186257106962    
  0.1521061272247613    
  0.1511884893813786    
  0.1502657387277162    
  0.1493379018341734    
  0.1484050052979896    
  0.1474670757468298    
  0.1465241398423767    
  0.1455762242839793    
  0.1446233558123109    
  0.1436655612129591    
  0.1427028673199513    
  0.1417353010193367    
  0.1407628892528716    
  0.1397856590217164    
  0.1388036373899846    
  0.1378168514881714    
  0.1368253285166263    
  0.1358290957491741    
  0.1348281805367701    
  0.1338226103110114    
  0.1328124125874683    
  0.1317976149690041    
  0.1307782451492281    
  0.1297543309160396    
  0.1287259001550616    
  0.1276929808528676    
  0.1266556011001094    
  0.1256137890947528    
  0.1245675731454452    
  0.1235169816748390    
  0.1224620432226888    
  0.1214027864487770    
  0.1203392401358829    
  0.1192714331929103    
  0.1181993946580402    
  0.1171231537016934    
  0.1160427396292714    
  0.1149581818838572    
  0.1138695100490390    
  0.1127767538518127    
  0.1116799431653615    
  0.1105791080116254    
  0.1094742785637605    
  0.1083654851486544    
  0.1072527582495080    
  0.1061361285083660    
  0.1050156267284832    
  0.1038912838765775    
  0.1027631310850603    
  0.1016311996542889    
  0.1004955210547820    
  0.9935612692933943E-01
  0.9821304909506412E-01
  0.9706631954533251E-01
  0.9591597045172984E-01
  0.9476203416594381E-01
  0.9360454322159112E-01
  0.9244353033598091E-01
  0.9127902841181901E-01
  0.9011107053885281E-01
  0.8893968999544022E-01
  0.8776492025006272E-01
  0.8658679496280008E-01
  0.8540534798677052E-01
  0.8422061336949099E-01
  0.8303262535413625E-01
  0.8184141838072240E-01
  0.8064702708727634E-01
  0.7944948631098980E-01
  0.7824883108930653E-01
  0.7704509666088510E-01
  0.7583831846647326E-01
  0.7462853214975596E-01
  0.7341577355820755E-01
  0.7220007874389295E-01
