   2.397558797554194    
   2.418458434754499    
   2.440744500932251    
   2.464635843324990    
   2.489200578913815    
   2.514325818379527    
   2.540850020928286    
   2.568801711223825    
   2.597378679828897    
   2.626539990649309    
   2.656907581522624    
   2.688284225730884    
   2.719831769062515    
   2.751431242128077    
   2.783385542932784    
   2.815103522808227    
   2.845433409126339    
   2.873843578546174    
   2.899917899522927    
   2.922123401144370    
   2.938257971184154    
   2.946437753647438    
   2.944295055054471    
   2.927688718644499    
   2.891151562758037    
   2.828531710367115    
   2.731609858613584    
   2.588401166286026    
   2.383244264268730    
   2.096622266738731    
   1.702577342757285    
   1.166113507082877    
  0.4429313964911641    
 -0.5206726084400096    
  -1.788669690737636    
  -3.431464276147651    
  -5.511758350767735    
  -8.059919710844614    
  -11.03906514817582    
  -14.30186541776119    
  -17.56037712867353    
  -20.41174793230413    
  -22.44387923885519    
  -23.38153405832265    
  -23.18579358911469    
  -22.04550415735833    
  -20.27719117317948    
  -18.20494338715236    
  -16.08248526326186    
  -14.07221934019423    
  -12.25956704931066    
  -10.67626566075009    
  -9.320416007442732    
  -8.172500645867277    
  -7.207308580704150    
  -6.399643036259403    
  -5.725014627941039    
  -5.160459106553906    
  -4.687124705535111    
  -4.290682803252881    
  -3.958406756197659    
  -3.678000631721777    
  -3.440213438918356    
  -3.239596548658851    
  -3.070720157226437    
  -2.926415374901029    
  -2.801748803697204    
  -2.696098657969906    
  -2.608086141729072    
  -2.532068216001162    
  -2.463703895972384    
  -2.405077254831833    
  -2.358673432209669    
  -2.319710430677115    
  -2.281530567053657    
  -2.246012824935195    
  -2.219974678230945    
  -2.202129979460773    
  -2.183300573457844    
  -2.160856381073758    
  -2.142922478757900    
  -2.134470609407152    
  -2.128579943385442    
  -2.117519383247906    
  -2.104684565338329    
  -2.097923878188585    
  -2.096730500765343    
  -2.094290698108869    
  -2.088664859851813    
  -2.084008548598800    
  -2.082578236020824    
  -2.082487484792825    
  -2.082426358639548    
  -2.082767194588362    
  -2.082849137077916    
  -2.082201270266263    
  -2.083153030072341    
  -2.087360244882886    
  -2.091599013395065    
  -2.092370643584343    
  -2.092586389829289    
  -2.097392153241414    
  -2.105110466582171    
  -2.109607890106318    
  -2.110847694432699    
  -2.115101633605398    
  -2.124107326432384    
  -2.132203825266773    
  -2.136355102393793    
  -2.141203552358852    
  -2.150622994454296    
  -2.161208021087615    
  -2.168796977439355    
  -2.175672842958597    
  -2.185965763933886    
  -2.198414084275107    
  -2.209267175553578    
  -2.219090743497250    
  -2.231205757166146    
  -2.245597498081618    
  -2.259519152037019    
  -2.272754442284090    
  -2.287618818492114    
  -2.304512831605673    
  -2.321598197648769    
  -2.338516721893606    
  -2.356835664021908    
  -2.376933679336170    
  -2.397558797554194    
  -2.418458434754499    
  -2.440744500932251    
  -2.464635843324990    
  -2.489200578913815    
  -2.514325818379527    
  -2.540850020928286    
  -2.568801711223825    
  -2.597378679828897    
  -2.626539990649309    
  -2.656907581522624    
  -2.688284225730884    
  -2.719831769062515    
  -2.751431242128077    
  -2.783385542932784    
  -2.815103522808227    
  -2.845433409126339    
  -2.873843578546174    
  -2.899917899522927    
  -2.922123401144370    
  -2.938257971184154    
  -2.946437753647438    
  -2.944295055054471    
  -2.927688718644499    
  -2.891151562758037    
  -2.828531710367115    
  -2.731609858613584    
  -2.588401166286026    
  -2.383244264268730    
  -2.096622266738731    
  -1.702577342757285    
  -1.166113507082877    
 -0.4429313964911641    
  0.5206726084400096    
   1.788669690737636    
   3.431464276147651    
   5.511758350767735    
   8.059919710844614    
   11.03906514817582    
   14.30186541776119    
   17.56037712867353    
   20.41174793230413    
   22.44387923885519    
   23.38153405832265    
   23.18579358911469    
   22.04550415735833    
   20.27719117317948    
   18.20494338715236    
   16.08248526326186    
   14.07221934019423    
   12.25956704931066    
   10.67626566075009    
   9.320416007442732    
   8.172500645867277    
   7.207308580704150    
   6.399643036259403    
   5.725014627941039    
   5.160459106553906    
   4.687124705535111    
   4.290682803252881    
   3.958406756197659    
   3.678000631721777    
   3.440213438918356    
   3.239596548658851    
   3.070720157226437    
   2.926415374901029    
   2.801748803697204    
   2.696098657969906    
   2.608086141729072    
   2.532068216001162    
   2.463703895972384    
   2.405077254831833    
   2.358673432209669    
   2.319710430677115    
   2.281530567053657    
   2.246012824935195    
   2.219974678230945    
   2.202129979460773    
   2.183300573457844    
   2.160856381073758    
   2.142922478757900    
   2.134470609407152    
   2.128579943385442    
   2.117519383247906    
   2.104684565338329    
   2.097923878188585    
   2.096730500765343    
   2.094290698108869    
   2.088664859851813    
   2.084008548598800    
   2.082578236020824    
   2.082487484792825    
   2.082426358639548    
   2.082767194588362    
   2.082849137077916    
   2.082201270266263    
   2.083153030072341    
   2.087360244882886    
   2.091599013395065    
   2.092370643584343    
   2.092586389829289    
   2.097392153241414    
   2.105110466582171    
   2.109607890106318    
   2.110847694432699    
   2.115101633605398    
   2.124107326432384    
   2.132203825266773    
   2.136355102393793    
   2.141203552358852    
   2.150622994454296    
   2.161208021087615    
   2.168796977439355    
   2.175672842958597    
   2.185965763933886    
   2.198414084275107    
   2.209267175553578    
   2.219090743497250    
   2.231205757166146    
   2.245597498081618    
   2.259519152037019    
   2.272754442284090    
   2.287618818492114    
   2.304512831605673    
   2.321598197648769    
   2.338516721893606    
   2.356835664021908    
   2.376933679336170    
