  0.4720011823661798    
  0.4656426186230652    
  0.4591015277203156    
  0.4523818392419374    
  0.4454872650867255    
  0.4384212949804410    
  0.4311872041911242    
  0.4237880800995943    
  0.4162268407126173    
  0.4085062308165316    
  0.4006288187916826    
  0.3925970146191851    
  0.3844130918468306    
  0.3760791887497116    
  0.3675972990600471    
  0.3589692791067568    
  0.3501968682989601    
  0.3412816964312430    
  0.3322252741958176    
  0.3230289914036529    
  0.3136941324896080    
  0.3042218886264768    
  0.2946133526002366    
  0.2848695125979582    
  0.2749912617461993    
  0.2649794125843549    
  0.2548346986955685    
  0.2445577694970136    
  0.2341491958359382    
  0.2236094850789233    
  0.2129390898581529    
  0.2021384085342772    
  0.1912077911730702    
  0.1801475557248198    
  0.1689580035687966    
  0.1576394286332981    
  0.1461921286372476    
  0.1346164251043916    
  0.1229126862287298    
  0.1110813463581545    
  0.9912292647956811E-01
  0.8703806176387979E-01
  0.7482753347073046E-01
  0.6249230009874737E-01
  0.5003352975948036E-01
  0.3745263836578222E-01
  0.2475133237652627E-01
  0.1193165218316716E-01
 -0.1003982997210329E-02
 -0.1405272547400374E-01
 -0.2721124565110677E-01
 -0.4047567813899855E-01
 -0.5384156718153138E-01
 -0.6730380915879419E-01
 -0.8085659335807924E-01
 -0.9449334434770501E-01
 -0.1082066663705954    
 -0.1219882883659851    
 -0.1358290112263767    
 -0.1497186609465969    
 -0.1636460487245975    
 -0.1775989372469597    
 -0.1915640150709163    
 -0.2055268830234329    
 -0.2194720540067744    
 -0.2333829654733362    
 -0.2472420061524242    
 -0.2610305606150820    
 -0.2747290726386346    
 -0.2883171256351363    
 -0.3017735402715538    
 -0.3150764915125510    
 -0.3282036446595593    
 -0.3411323066191500    
 -0.3538395900720385    
 -0.3663025907187794    
 -0.3784985754584146    
 -0.3904051755775609    
 -0.4020005802465935    
 -0.4132637290150634    
 -0.4241745006215334    
 -0.4347138915248634    
 -0.4448641786262594    
 -0.4546090652010552    
 -0.4639338090976651    
 -0.4728253283575166    
 -0.4812722799375217    
 -0.4892651125810359    
 -0.4967960963500402    
 -0.5038593272807121    
 -0.5104507048763918    
 -0.5165678855158173    
 -0.5222102174998118    
 -0.5273786592319958    
 -0.5320756794743097    
 -0.5363051431636210    
 -0.5400721898307244    
 -0.5433831075950889    
 -0.5462452015106876    
 -0.5486666584606812    
 -0.5506564150753570    
 -0.5522240315937843    
 -0.5533795693281380    
 -0.5541334720374993    
 -0.5544964565479593    
 -0.5544794148010246    
 -0.5540933232961941    
 -0.5533491584629986    
 -0.5522578231195487    
 -0.5508300862326299    
 -0.5490765298364045    
 -0.5470074992384089    
 -0.5446330625861087    
 -0.5419629843721150    
 -0.5390067051898879    
 -0.5357733195562342    
 -0.5322715580619641    
 -0.5285097836848356    
 -0.5244959959043896    
 -0.5202378284099081    
 -0.5157425431870035    
 -0.5110170370585410    
 -0.5060678607201556    
 -0.5009012311289491    
 -0.4955230312033547    
 -0.4899388158501066    
 -0.4841538356878621    
 -0.4781730602147065    
 -0.4720011823661798    
 -0.4656426186230652    
 -0.4591015277203156    
 -0.4523818392419374    
 -0.4454872650867255    
 -0.4384212949804410    
 -0.4311872041911242    
 -0.4237880800995943    
 -0.4162268407126173    
 -0.4085062308165316    
 -0.4006288187916826    
 -0.3925970146191851    
 -0.3844130918468306    
 -0.3760791887497116    
 -0.3675972990600471    
 -0.3589692791067568    
 -0.3501968682989601    
 -0.3412816964312430    
 -0.3322252741958176    
 -0.3230289914036529    
 -0.3136941324896080    
 -0.3042218886264768    
 -0.2946133526002366    
 -0.2848695125979582    
 -0.2749912617461993    
 -0.2649794125843549    
 -0.2548346986955685    
 -0.2445577694970136    
 -0.2341491958359382    
 -0.2236094850789233    
 -0.2129390898581529    
 -0.2021384085342772    
 -0.1912077911730702    
 -0.1801475557248198    
 -0.1689580035687966    
 -0.1576394286332981    
 -0.1461921286372476    
 -0.1346164251043916    
 -0.1229126862287298    
 -0.1110813463581545    
 -0.9912292647956811E-01
 -0.8703806176387979E-01
 -0.7482753347073046E-01
 -0.6249230009874737E-01
 -0.5003352975948036E-01
 -0.3745263836578222E-01
 -0.2475133237652627E-01
 -0.1193165218316716E-01
  0.1003982997210329E-02
  0.1405272547400374E-01
  0.2721124565110677E-01
  0.4047567813899855E-01
  0.5384156718153138E-01
  0.6730380915879419E-01
  0.8085659335807924E-01
  0.9449334434770501E-01
  0.1082066663705954    
  0.1219882883659851    
  0.1358290112263767    
  0.1497186609465969    
  0.1636460487245975    
  0.1775989372469597    
  0.1915640150709163    
  0.2055268830234329    
  0.2194720540067744    
  0.2333829654733362    
  0.2472420061524242    
  0.2610305606150820    
  0.2747290726386346    
  0.2883171256351363    
  0.3017735402715538    
  0.3150764915125510    
  0.3282036446595593    
  0.3411323066191500    
  0.3538395900720385    
  0.3663025907187794    
  0.3784985754584146    
  0.3904051755775609    
  0.4020005802465935    
  0.4132637290150634    
  0.4241745006215334    
  0.4347138915248634    
  0.4448641786262594    
  0.4546090652010552    
  0.4639338090976651    
  0.4728253283575166    
  0.4812722799375217    
  0.4892651125810359    
  0.4967960963500402    
  0.5038593272807121    
  0.5104507048763918    
  0.5165678855158173    
  0.5222102174998118    
  0.5273786592319958    
  0.5320756794743097    
  0.5363051431636210    
  0.5400721898307244    
  0.5433831075950889    
  0.5462452015106876    
  0.5486666584606812    
  0.5506564150753570    
  0.5522240315937843    
  0.5533795693281380    
  0.5541334720374993    
  0.5544964565479593    
  0.5544794148010246    
  0.5540933232961941    
  0.5533491584629986    
  0.5522578231195487    
  0.5508300862326299    
  0.5490765298364045    
  0.5470074992384089    
  0.5446330625861087    
  0.5419629843721150    
  0.5390067051898879    
  0.5357733195562342    
  0.5322715580619641    
  0.5285097836848356    
  0.5244959959043896    
  0.5202378284099081    
  0.5157425431870035    
  0.5110170370585410    
  0.5060678607201556    
  0.5009012311289491    
  0.4955230312033547    
  0.4899388158501066    
  0.4841538356878621    
  0.4781730602147065    
