  0.3181692048379381    
  0.3176549317840490    
  0.3171129847493021    
  0.3165434570180709    
  0.3159464318778683    
  0.3153219790090631    
  0.3146701524480331    
  0.3139909931454590    
  0.3132845323046592    
  0.3125507909815011    
  0.3117897774326947    
  0.3110014867803838    
  0.3101859034028668    
  0.3093430022569731    
  0.3084727475071900    
  0.3075750912488517    
  0.3066499747468938    
  0.3056973305384890    
  0.3047170823840332    
  0.3037091431973167    
  0.3026734141280380    
  0.3016097866727601    
  0.3005181454733034    
  0.2993983678757302    
  0.2982503204170735    
  0.2970738573935304    
  0.2958688245969476    
  0.2946350634727739    
  0.2933724091517028    
  0.2920806847899641    
  0.2907597013463251    
  0.2894092641750369    
  0.2880291764571730    
  0.2866192336676080    
  0.2851792178446098    
  0.2837089014583327    
  0.2822080551672902    
  0.2806764470182433    
  0.2791138345836264    
  0.2775199632277291    
  0.2758945734045621    
  0.2742374049774653    
  0.2725481920789603    
  0.2708266579726101    
  0.2690725185350959    
  0.2672854879199129    
  0.2654652771355874    
  0.2636115893106023    
  0.2617241205291686    
  0.2598025643346663    
  0.2578466117974975    
  0.2558559479897805    
  0.2538302523343043    
  0.2517692025533672    
  0.2496724749755054    
  0.2475397409695332    
  0.2453706668969893    
  0.2431649186274465    
  0.2409221630076666    
  0.2386420640046450    
  0.2363242810578999    
  0.2339684734250875    
  0.2315743035802698    
  0.2291414344153284    
  0.2266695260785888    
  0.2241582388778763    
  0.2216072378948176    
  0.2190161921391822    
  0.2163847709306306    
  0.2137126449580013    
  0.2109994910237866    
  0.2082449932012092    
  0.2054488398236655    
  0.2026107230163813    
  0.1997303426925494    
  0.1968074091505559    
  0.1938416413023962    
  0.1908327653921322    
  0.1877805179414314    
  0.1846846491533533    
  0.1815449225300404    
  0.1783611133399297    
  0.1751330104302020    
  0.1718604198851723    
  0.1685431660558756    
  0.1651810904061563    
  0.1617740523872898    
  0.1583219327794631    
  0.1548246356920381    
  0.1512820880826812    
  0.1476942401532827    
  0.1440610683408788    
  0.1403825780144254    
  0.1366588036332031    
  0.1328898087008110    
  0.1290756881933885    
  0.1252165717857587    
  0.1213126249203054    
  0.1173640486697482    
  0.1133710813934430    
  0.1093340018908971    
  0.1052531311720586    
  0.1011288325975047    
  0.9696151302885667E-01
  0.9275162560646801E-01
  0.8849967175304582E-01
  0.8420620152239554E-01
  0.7987181446745625E-01
  0.7549716206204105E-01
  0.7108294963453707E-01
  0.6662993661588398E-01
  0.6213893702562252E-01
  0.5761082153320896E-01
  0.5304651923613731E-01
  0.4844701762513991E-01
  0.4381336248408357E-01
  0.3914665941096086E-01
  0.3444807529829715E-01
  0.2971883790140511E-01
  0.2496023502265434E-01
  0.2017361530926838E-01
  0.1536038922250674E-01
  0.1052202802936734E-01
  0.5660062155893156E-02
  0.7760811666505557E-03
 -0.4128265927351074E-02
 -0.9051272463692752E-02
 -0.1399117676718451E-01
 -0.1894616300826593E-01
 -0.2391436154169154E-01
 -0.2889385164788319E-01
 -0.3388266545700545E-01
 -0.3887878974138265E-01
 -0.4388016666382066E-01
 -0.4888469725627401E-01
 -0.5389024680949048E-01
 -0.5889464792050447E-01
 -0.6389570158274320E-01
 -0.6889118097172858E-01
 -0.7387883805672360E-01
 -0.7885640801572207E-01
 -0.8382161066822666E-01
 -0.8877215419003770E-01
 -0.9370574258484406E-01
 -0.9862008143889392E-01
 -0.1035128796410852    
 -0.1083818525545861    
 -0.1132247297756100    
 -0.1180392620161449    
 -0.1228232230177488    
 -0.1275744117216927    
 -0.1322906597213130    
 -0.1369698390869697    
 -0.1416098644537543    
 -0.1462086936323185    
 -0.1507643338258714    
 -0.1552748500082828    
 -0.1597383674138719    
 -0.1641530704500527    
 -0.1685172068293151    
 -0.1728290958859824    
 -0.1770871316357374    
 -0.1812897800445639    
 -0.1854355802973860    
 -0.1895231523359394    
 -0.1935512008196451    
 -0.1975185113075211    
 -0.2014239481163428    
 -0.2052664600395129    
 -0.2090450853351637    
 -0.2127589478673796    
 -0.2164072516234129    
 -0.2199892834888367    
 -0.2235044189732710    
 -0.2269521196022043    
 -0.2303319248891638    
 -0.2336434510785585    
 -0.2368863966041256    
 -0.2400605419830847    
 -0.2431657412125072    
 -0.2462019161887292    
 -0.2491690599849856    
 -0.2520672391882420    
 -0.2548965871178803    
 -0.2576572953408668    
 -0.2603496133101835    
 -0.2629738516216180    
 -0.2655303783971506    
 -0.2680196103279734    
 -0.2704420086522892    
 -0.2727980813631363    
 -0.2750883825000077    
 -0.2773135049678336    
 -0.2794740743196122    
 -0.2815707486419191    
 -0.2836042191809879    
 -0.2855752058356382    
 -0.2874844508876412    
 -0.2893327169265122    
 -0.2911207873062469    
 -0.2928494635561937    
 -0.2945195601466247    
 -0.2961319016785893    
 -0.2976873230395469    
 -0.2991866679547808    
 -0.3006307846279012    
 -0.3020205225940685    
 -0.3033567328513977    
 -0.3046402676643459    
 -0.3058719772037626    
 -0.3070527059210632    
 -0.3081832921805573    
 -0.3092645691968231    
 -0.3102973632802605    
 -0.3112824902158700    
 -0.3122207539141943    
 -0.3131129476732398    
 -0.3139598540938022    
 -0.3147622422177107    
 -0.3155208653945811    
 -0.3162364622553817    
 -0.3169097578986911    
 -0.3175414620326901    
 -0.3181322661642338    
 -0.3186828439407919    
 -0.3191938536671476    
 -0.3196659381118551    
 -0.3200997209301590    
 -0.3204958049662078    
 -0.3208547753192023    
 -0.3211772023923118    
 -0.3214636395454069    
 -0.3217146183426413    
 -0.3219306488349012    
 -0.3221122250151518    
 -0.3222598272422801    
 -0.3223739175298466    
 -0.3224549346417631    
 -0.3225032968014536    
 -0.3225194084618476    
 -0.3225036611845019    
 -0.3224564273627374    
 -0.3223780563026712    
 -0.3222688787090167    
 -0.3221292132348803    
 -0.3219593659713041    
 -0.3217596242066969    
 -0.3215302537343707    
 -0.3212715034616211    
 -0.3209836109228571    
 -0.3206668016872778    
 -0.3203212842700035    
 -0.3199472477701220    
 -0.3195448653547194    
 -0.3191142990840293    
 -0.3186557001639035    
 -0.3181692048379381    
 -0.3176549317840490    
 -0.3171129847493021    
 -0.3165434570180709    
 -0.3159464318778683    
 -0.3153219790090631    
 -0.3146701524480331    
 -0.3139909931454590    
 -0.3132845323046592    
 -0.3125507909815011    
 -0.3117897774326947    
 -0.3110014867803838    
 -0.3101859034028668    
 -0.3093430022569731    
 -0.3084727475071900    
 -0.3075750912488517    
 -0.3066499747468938    
 -0.3056973305384890    
 -0.3047170823840332    
 -0.3037091431973167    
 -0.3026734141280380    
 -0.3016097866727601    
 -0.3005181454733034    
 -0.2993983678757302    
 -0.2982503204170735    
 -0.2970738573935304    
 -0.2958688245969476    
 -0.2946350634727739    
 -0.2933724091517028    
 -0.2920806847899641    
 -0.2907597013463251    
 -0.2894092641750369    
 -0.2880291764571730    
 -0.2866192336676080    
 -0.2851792178446098    
 -0.2837089014583327    
 -0.2822080551672902    
 -0.2806764470182433    
 -0.2791138345836264    
 -0.2775199632277291    
 -0.2758945734045621    
 -0.2742374049774653    
 -0.2725481920789603    
 -0.2708266579726101    
 -0.2690725185350959    
 -0.2672854879199129    
 -0.2654652771355874    
 -0.2636115893106023    
 -0.2617241205291686    
 -0.2598025643346663    
 -0.2578466117974975    
 -0.2558559479897805    
 -0.2538302523343043    
 -0.2517692025533672    
 -0.2496724749755054    
 -0.2475397409695332    
 -0.2453706668969893    
 -0.2431649186274465    
 -0.2409221630076666    
 -0.2386420640046450    
 -0.2363242810578999    
 -0.2339684734250875    
 -0.2315743035802698    
 -0.2291414344153284    
 -0.2266695260785888    
 -0.2241582388778763    
 -0.2216072378948176    
 -0.2190161921391822    
 -0.2163847709306306    
 -0.2137126449580013    
 -0.2109994910237866    
 -0.2082449932012092    
 -0.2054488398236655    
 -0.2026107230163813    
 -0.1997303426925494    
 -0.1968074091505559    
 -0.1938416413023962    
 -0.1908327653921322    
 -0.1877805179414314    
 -0.1846846491533533    
 -0.1815449225300404    
 -0.1783611133399297    
 -0.1751330104302020    
 -0.1718604198851723    
 -0.1685431660558756    
 -0.1651810904061563    
 -0.1617740523872898    
 -0.1583219327794631    
 -0.1548246356920381    
 -0.1512820880826812    
 -0.1476942401532827    
 -0.1440610683408788    
 -0.1403825780144254    
 -0.1366588036332031    
 -0.1328898087008110    
 -0.1290756881933885    
 -0.1252165717857587    
 -0.1213126249203054    
 -0.1173640486697482    
 -0.1133710813934430    
 -0.1093340018908971    
 -0.1052531311720586    
 -0.1011288325975047    
 -0.9696151302885667E-01
 -0.9275162560646801E-01
 -0.8849967175304582E-01
 -0.8420620152239554E-01
 -0.7987181446745625E-01
 -0.7549716206204105E-01
 -0.7108294963453707E-01
 -0.6662993661588398E-01
 -0.6213893702562252E-01
 -0.5761082153320896E-01
 -0.5304651923613731E-01
 -0.4844701762513991E-01
 -0.4381336248408357E-01
 -0.3914665941096086E-01
 -0.3444807529829715E-01
 -0.2971883790140511E-01
 -0.2496023502265434E-01
 -0.2017361530926838E-01
 -0.1536038922250674E-01
 -0.1052202802936734E-01
 -0.5660062155893156E-02
 -0.7760811666505557E-03
  0.4128265927351074E-02
  0.9051272463692752E-02
  0.1399117676718451E-01
  0.1894616300826593E-01
  0.2391436154169154E-01
  0.2889385164788319E-01
  0.3388266545700545E-01
  0.3887878974138265E-01
  0.4388016666382066E-01
  0.4888469725627401E-01
  0.5389024680949048E-01
  0.5889464792050447E-01
  0.6389570158274320E-01
  0.6889118097172858E-01
  0.7387883805672360E-01
  0.7885640801572207E-01
  0.8382161066822666E-01
  0.8877215419003770E-01
  0.9370574258484406E-01
  0.9862008143889392E-01
  0.1035128796410852    
  0.1083818525545861    
  0.1132247297756100    
  0.1180392620161449    
  0.1228232230177488    
  0.1275744117216927    
  0.1322906597213130    
  0.1369698390869697    
  0.1416098644537543    
  0.1462086936323185    
  0.1507643338258714    
  0.1552748500082828    
  0.1597383674138719    
  0.1641530704500527    
  0.1685172068293151    
  0.1728290958859824    
  0.1770871316357374    
  0.1812897800445639    
  0.1854355802973860    
  0.1895231523359394    
  0.1935512008196451    
  0.1975185113075211    
  0.2014239481163428    
  0.2052664600395129    
  0.2090450853351637    
  0.2127589478673796    
  0.2164072516234129    
  0.2199892834888367    
  0.2235044189732710    
  0.2269521196022043    
  0.2303319248891638    
  0.2336434510785585    
  0.2368863966041256    
  0.2400605419830847    
  0.2431657412125072    
  0.2462019161887292    
  0.2491690599849856    
  0.2520672391882420    
  0.2548965871178803    
  0.2576572953408668    
  0.2603496133101835    
  0.2629738516216180    
  0.2655303783971506    
  0.2680196103279734    
  0.2704420086522892    
  0.2727980813631363    
  0.2750883825000077    
  0.2773135049678336    
  0.2794740743196122    
  0.2815707486419191    
  0.2836042191809879    
  0.2855752058356382    
  0.2874844508876412    
  0.2893327169265122    
  0.2911207873062469    
  0.2928494635561937    
  0.2945195601466247    
  0.2961319016785893    
  0.2976873230395469    
  0.2991866679547808    
  0.3006307846279012    
  0.3020205225940685    
  0.3033567328513977    
  0.3046402676643459    
  0.3058719772037626    
  0.3070527059210632    
  0.3081832921805573    
  0.3092645691968231    
  0.3102973632802605    
  0.3112824902158700    
  0.3122207539141943    
  0.3131129476732398    
  0.3139598540938022    
  0.3147622422177107    
  0.3155208653945811    
  0.3162364622553817    
  0.3169097578986911    
  0.3175414620326901    
  0.3181322661642338    
  0.3186828439407919    
  0.3191938536671476    
  0.3196659381118551    
  0.3200997209301590    
  0.3204958049662078    
  0.3208547753192023    
  0.3211772023923118    
  0.3214636395454069    
  0.3217146183426413    
  0.3219306488349012    
  0.3221122250151518    
  0.3222598272422801    
  0.3223739175298466    
  0.3224549346417631    
  0.3225032968014536    
  0.3225194084618476    
  0.3225036611845019    
  0.3224564273627374    
  0.3223780563026712    
  0.3222688787090167    
  0.3221292132348803    
  0.3219593659713041    
  0.3217596242066969    
  0.3215302537343707    
  0.3212715034616211    
  0.3209836109228571    
  0.3206668016872778    
  0.3203212842700035    
  0.3199472477701220    
  0.3195448653547194    
  0.3191142990840293    
  0.3186557001639035    
