  0.1084511732176038    
  0.1069248638877063    
  0.1053948546066268    
  0.1038611875379290    
  0.1023239049793143    
  0.1007830493656416    
  0.9923866327187536E-01
  0.9769078941595438E-01
  0.9613947066158973E-01
  0.9458475002098193E-01
  0.9302667065746428E-01
  0.9146527588806724E-01
  0.8990060918600862E-01
  0.8833271418310296E-01
  0.8676163467209647E-01
  0.8518741460892199E-01
  0.8361009811488024E-01
  0.8202972947873860E-01
  0.8044635315875676E-01
  0.7886001378463159E-01
  0.7727075615936752E-01
  0.7567862526106839E-01
  0.7408366624465151E-01
  0.7248592444348506E-01
  0.7088544537095132E-01
  0.6928227472192866E-01
  0.6767645837420222E-01
  0.6606804238979408E-01
  0.6445707301622305E-01
  0.6284359668768552E-01
  0.6122766002616359E-01
  0.5960930984245683E-01
  0.5798859313714605E-01
  0.5636555710147612E-01
  0.5474024911817277E-01
  0.5311271676218160E-01
  0.5148300780134041E-01
  0.4985117019697838E-01
  0.4821725210444411E-01
  0.4658130187356302E-01
  0.4494336804903026E-01
  0.4330349937072908E-01
  0.4166174477398593E-01
  0.4001815338975540E-01
  0.3837277454474214E-01
  0.3672565776145470E-01
  0.3507685275819644E-01
  0.3342640944899017E-01
  0.3177437794344401E-01
  0.3012080854654964E-01
  0.2846575175842392E-01
  0.2680925827398517E-01
  0.2515137898257397E-01
  0.2349216496751283E-01
  0.2183166750560767E-01
  0.2016993806659251E-01
  0.1850702831251927E-01
  0.1684299009709034E-01
  0.1517787546493926E-01
  0.1351173665085464E-01
  0.1184462607895659E-01
  0.1017659636181761E-01
  0.8507700299535126E-02
  0.6837990878753641E-02
  0.5167521271640663E-02
  0.3496344834811704E-02
  0.1824515108212077E-02
  0.1520858139491543E-03
 -0.1520889144914772E-02
 -0.3194355685615546E-02
 -0.4868259546983333E-02
 -0.6542546290778939E-02
 -0.8217161303069986E-02
 -0.9892049795646729E-02
 -0.1156715680747622E-01
 -0.1324242720619401E-01
 -0.1491780568963069E-01
 -0.1659323678737396E-01
 -0.1826866486236511E-01
 -0.1994403411253026E-01
 -0.2161928857243889E-01
 -0.2329437211499935E-01
 -0.2496922845317862E-01
 -0.2664380114175685E-01
 -0.2831803357910423E-01
 -0.2999186900898776E-01
 -0.3166525052240243E-01
 -0.3333812105942990E-01
 -0.3501042341111549E-01
 -0.3668210022137425E-01
 -0.3835309398891429E-01
 -0.4002334706918503E-01
 -0.4169280167634115E-01
 -0.4336139988522930E-01
 -0.4502908363339070E-01
 -0.4669579472308438E-01
 -0.4836147482332009E-01
 -0.5002606547191357E-01
 -0.5168950807755057E-01
 -0.5335174392186964E-01
 -0.5501271416155218E-01
 -0.5667235983042707E-01
 -0.5833062184158549E-01
 -0.5998744098950759E-01
 -0.6164275795219565E-01
 -0.6329651329331787E-01
 -0.6494864746435908E-01
 -0.6659910080678100E-01
 -0.6824781355418469E-01
 -0.6989472583448175E-01
 -0.7153977767206876E-01
 -0.7318290899000734E-01
 -0.7482405961220545E-01
 -0.7646316926560370E-01
 -0.7810017758236154E-01
 -0.7973502410204830E-01
 -0.8136764827383242E-01
 -0.8299798945867254E-01
 -0.8462598693150897E-01
 -0.8625157988345578E-01
 -0.8787470742398917E-01
 -0.8949530858313759E-01
 -0.9111332231366798E-01
 -0.9272868749327268E-01
 -0.9434134292675012E-01
 -0.9595122734818456E-01
 -0.9755827942312312E-01
 -0.9916243775075029E-01
 -0.1007636408660545    
 -0.1023618272419966    
 -0.1039569352916687    
 -0.1055489033704566    
 -0.1071376697781900    
 -0.1087231727612918    
 -0.1103053505149243    
 -0.1118841411851306    
 -0.1134594828709702    
 -0.1150313136266516    
 -0.1165995714636603    
 -0.1181641943528848    
 -0.1197251202267356    
 -0.1212822869812621    
 -0.1228356324782660    
 -0.1243850945474130    
 -0.1259306109883382    
 -0.1274721195727524    
 -0.1290095580465447    
 -0.1305428641318860    
 -0.1320719755293286    
 -0.1335968299199073    
 -0.1351173649672405    
 -0.1366335183196332    
 -0.1381452276121797    
 -0.1396524304688689    
 -0.1411550645046921    
 -0.1426530673277565    
 -0.1441463765414004    
 -0.1456349297463138    
 -0.1471186645426670    
 -0.1485975185322466    
 -0.1500714293205982    
 -0.1515403345191797    
 -0.1530041717475237    
 -0.1544628786354159    
 -0.1559163928250815    
 -0.1573646519733875    
 -0.1588075937540600    
 -0.1602451558599212    
 -0.1616772760051406    
 -0.1631038919275061    
 -0.1645249413907195    
 -0.1659403621867115    
 -0.1673500921379809    
 -0.1687540690999614    
 -0.1701522309634127    
 -0.1715445156568461    
 -0.1729308611489748    
 -0.1743112054512002    
 -0.1756854866201334    
 -0.1770536427601525    
 -0.1784156120259965    
 -0.1797713326254011    
 -0.1811207428217754    
 -0.1824637809369256    
 -0.1838003853538226    
 -0.1851304945194174    
 -0.1864540469475102    
 -0.1877709812216717    
 -0.1890812359982181    
 -0.1903847500092428    
 -0.1916814620657087    
 -0.1929713110606038    
 -0.1942542359721573    
 -0.1955301758671256    
 -0.1967990699041451    
 -0.1980608573371612    
 -0.1993154775189261    
 -0.2005628699045751    
 -0.2018029740552800    
 -0.2030357296419882    
 -0.2042610764492387    
 -0.2054789543790687    
 -0.2066893034550077    
 -0.2078920638261652    
 -0.2090871757714096    
 -0.2102745797036445    
 -0.2114542161741833    
 -0.2126260258772255    
 -0.2137899496544355    
 -0.2149459284996267    
 -0.2160939035635558    
 -0.2172338161588287    
 -0.2183656077649181    
 -0.2194892200332980    
 -0.2206045947926958    
 -0.2217116740544660    
 -0.2228104000180837    
 -0.2239007150767627    
 -0.2249825618231998    
 -0.2260558830554502    
 -0.2271206217829298    
 -0.2281767212325514    
 -0.2292241248549947    
 -0.2302627763311141    
 -0.2312926195784804    
 -0.2323135987580638    
 -0.2333256582810561    
 -0.2343287428158351    
 -0.2353227972950691    
 -0.2363077669229665    
 -0.2372835971826686    
 -0.2382502338437904    
 -0.2392076229701062    
 -0.2401557109273794    
 -0.2410944443913419    
 -0.2420237703558184    
 -0.2429436361409967    
 -0.2438539894018417    
 -0.2447547781366587    
 -0.2456459506958022    
 -0.2465274557905268    
 -0.2473992425019834    
 -0.2482612602903554    
 -0.2491134590041377    
 -0.2499557888895514    
 -0.2507882006000941    
 -0.2516106452062284    
 -0.2524230742052034    
 -0.2532254395310021    
 -0.2540176935644163    
 -0.2547997891432463    
 -0.2555716795726176    
 -0.2563333186354143    
 -0.2570846606028214    
 -0.2578256602449780    
 -0.2585562728417343    
 -0.2592764541935031    
 -0.2599861606322032    
 -0.2606853490322925    
 -0.2613739768218812    
 -0.2620520019939183    
 -0.2627193831174446    
 -0.2633760793489113    
 -0.2640220504435515    
 -0.2646572567668004    
 -0.2652816593057514    
 -0.2658952196806477    
 -0.2664979001563932    
 -0.2670896636540798    
 -0.2676704737625160    
 -0.2682402947497552    
 -0.2687990915746143    
 -0.2693468298981667    
 -0.2698834760952025    
 -0.2704089972656463    
 -0.2709233612459181    
 -0.2714265366202302    
 -0.2719184927318076    
 -0.2723991996940249    
 -0.2728686284014474    
 -0.2733267505407622    
 -0.2737735386015832    
 -0.2742089658871275    
 -0.2746330065247415    
 -0.2750456354762731    
 -0.2754468285482699    
 -0.2758365624019996    
 -0.2762148145632755    
 -0.2765815634320712    
 -0.2769367882919135    
 -0.2772804693190469    
 -0.2776125875913520    
 -0.2779331250970050    
 -0.2782420647428658    
 -0.2785393903625837    
 -0.2788250867244061    
 -0.2790991395386815    
 -0.2793615354650409    
 -0.2796122621192532    
 -0.2798513080797332    
 -0.2800786628936962    
 -0.2802943170829406    
 -0.2804982621492578    
 -0.2806904905794541    
 -0.2808709958499775    
 -0.2810397724311322    
 -0.2811968157908802    
 -0.2813421223982112    
 -0.2814756897260782    
 -0.2815975162538873    
 -0.2817076014695394    
 -0.2818059458710129    
 -0.2818925509674793    
 -0.2819674192799433    
 -0.2820305543414064    
 -0.2820819606965481    
 -0.2821216439009198    
 -0.2821496105196451    
 -0.2821658681256312    
 -0.2821704252972752    
 -0.2821632916156739    
 -0.2821444776613233    
 -0.2821139950103273    
 -0.2820718562300992    
 -0.2820180748745662    
 -0.2819526654788687    
 -0.2818756435535641    
 -0.2817870255783317    
 -0.2816868289951884    
 -0.2815750722012123    
 -0.2814517745407896    
 -0.2813169562973816    
 -0.2811706386848190    
 -0.2810128438381307    
 -0.2808435948039170    
 -0.2806629155302731    
 -0.2804708308562747    
 -0.2802673665010297    
 -0.2800525490523118    
 -0.2798264059547826    
 -0.2795889654978163    
 -0.2793402568029317    
 -0.2790803098108563    
 -0.2788091552682279    
 -0.2785268247139467    
 -0.2782333504651917    
 -0.2779287656031140    
 -0.2776131039582257    
 -0.2772864000954978    
 -0.2769486892991804    
 -0.2766000075573685    
 -0.2762403915463183    
 -0.2758698786145382    
 -0.2754885067666610    
 -0.2750963146471301    
 -0.2746933415237021    
 -0.2742796272707925    
 -0.2738552123526699    
 -0.2734201378065269    
 -0.2729744452254366    
 -0.2725181767412237    
 -0.2720513750072504    
 -0.2715740831811532    
 -0.2710863449075280    
 -0.2705882043005952    
 -0.2700797059268517    
 -0.2695608947877348    
 -0.2690318163023097    
 -0.2684925162899987    
 -0.2679430409533605    
 -0.2673834368609476    
 -0.2668137509302482    
 -0.2662340304107320    
 -0.2656443228670118    
 -0.2650446761621347    
 -0.2644351384410204    
 -0.2638157581140575    
 -0.2631865838408677    
 -0.2625476645142619    
 -0.2618990492443882    
 -0.2612407873430915    
 -0.2605729283084866    
 -0.2598955218097678    
 -0.2592086176722590    
 -0.2585122658627153    
 -0.2578065164748800    
 -0.2570914197153193    
 -0.2563670258895279    
 -0.2556333853883253    
 -0.2548905486745425    
 -0.2541385662700122    
 -0.2533774887428622    
 -0.2526073666951258    
 -0.2518282507506631    
 -0.2510401915434135    
 -0.2502432397059699    
 -0.2494374458584895    
 -0.2486228605979344    
 -0.2477995344876553    
 -0.2469675180473108    
 -0.2461268617431338    
 -0.2452776159785373    
 -0.2444198310850712    
 -0.2435535573137204    
 -0.2426788448265544    
 -0.2417957436887198    
 -0.2409043038607803    
 -0.2400045751914033    
 -0.2390966074103915    
 -0.2381804501220526    
 -0.2372561527989154    
 -0.2363237647757810    
 -0.2353833352441126    
 -0.2344349132467555    
 -0.2334785476729901    
 -0.2325142872539123    
 -0.2315421805581376    
 -0.2305622759878196    
 -0.2295746217749918    
 -0.2285792659782115    
 -0.2275762564795185    
 -0.2265656409816879    
 -0.2255474670057855    
 -0.2245217818890113    
 -0.2234886327828320    
 -0.2224480666513906    
 -0.2214001302701960    
 -0.2203448702250777    
 -0.2192823329114095    
 -0.2182125645335853    
 -0.2171356111047527    
 -0.2160515184467879    
 -0.2149603321905165    
 -0.2138620977761589    
 -0.2127568604540127    
 -0.2116446652853499    
 -0.2105255571435329    
 -0.2093995807153362    
 -0.2082667805024725    
 -0.2071272008233143    
 -0.2059808858148053    
 -0.2048278794345528    
 -0.2036682254631015    
 -0.2025019675063742    
 -0.2013291489982800    
 -0.2001498132034776    
 -0.1989640032202935    
 -0.1977717619837842    
 -0.1965731322689423    
 -0.1953681566940275    
 -0.1941568777240372    
 -0.1929393376742887    
 -0.1917155787141258    
 -0.1904856428707296    
 -0.1892495720330385    
 -0.1880074079557637    
 -0.1867591922635028    
 -0.1855049664549355    
 -0.1842447719071080    
 -0.1829786498797902    
 -0.1817066415199102    
 -0.1804287878660507    
 -0.1791451298530120    
 -0.1778557083164292    
 -0.1765605639974466    
 -0.1752597375474332    
 -0.1739532695327484    
 -0.1726412004395404    
 -0.1713235706785849    
 -0.1700004205901484    
 -0.1686717904488808    
 -0.1673377204687271    
 -0.1659982508078610    
 -0.1646534215736266    
 -0.1633032728274947    
 -0.1619478445900222    
 -0.1605871768458178    
 -0.1592213095485025    
 -0.1578502826256687    
 -0.1564741359838289    
 -0.1550929095133591    
 -0.1537066430934191    
 -0.1523153765968646    
 -0.1509191498951319    
 -0.1495180028631065    
 -0.1481119753839589    
 -0.1467011073539584    
 -0.1452854386872502    
 -0.1438650093206055    
 -0.1424398592181274    
 -0.1410100283759261    
 -0.1395755568267478    
 -0.1381364846445654    
 -0.1366928519491198    
 -0.1352446989104179    
 -0.1337920657531786    
 -0.1323349927612327    
 -0.1308735202818636    
 -0.1294076887300997    
 -0.1279375385929473    
 -0.1264631104335689    
 -0.1249844448953991    
 -0.1235015827062029    
 -0.1220145646820703    
 -0.1205234317313510    
 -0.1190282248585191    
 -0.1175289851679790    
 -0.1160257538677980    
 -0.1145185722733784    
 -0.1130074818110533    
 -0.1114925240216187    
 -0.1099737405637917    
 -0.1084511732176038    
 -0.1069248638877063    
 -0.1053948546066268    
 -0.1038611875379290    
 -0.1023239049793143    
 -0.1007830493656416    
 -0.9923866327187536E-01
 -0.9769078941595438E-01
 -0.9613947066158973E-01
 -0.9458475002098193E-01
 -0.9302667065746428E-01
 -0.9146527588806724E-01
 -0.8990060918600862E-01
 -0.8833271418310296E-01
 -0.8676163467209647E-01
 -0.8518741460892199E-01
 -0.8361009811488024E-01
 -0.8202972947873860E-01
 -0.8044635315875676E-01
 -0.7886001378463159E-01
 -0.7727075615936752E-01
 -0.7567862526106839E-01
 -0.7408366624465151E-01
 -0.7248592444348506E-01
 -0.7088544537095132E-01
 -0.6928227472192866E-01
 -0.6767645837420222E-01
 -0.6606804238979408E-01
 -0.6445707301622305E-01
 -0.6284359668768552E-01
 -0.6122766002616359E-01
 -0.5960930984245683E-01
 -0.5798859313714605E-01
 -0.5636555710147612E-01
 -0.5474024911817277E-01
 -0.5311271676218160E-01
 -0.5148300780134041E-01
 -0.4985117019697838E-01
 -0.4821725210444411E-01
 -0.4658130187356302E-01
 -0.4494336804903026E-01
 -0.4330349937072908E-01
 -0.4166174477398593E-01
 -0.4001815338975540E-01
 -0.3837277454474214E-01
 -0.3672565776145470E-01
 -0.3507685275819644E-01
 -0.3342640944899017E-01
 -0.3177437794344401E-01
 -0.3012080854654964E-01
 -0.2846575175842392E-01
 -0.2680925827398517E-01
 -0.2515137898257397E-01
 -0.2349216496751283E-01
 -0.2183166750560767E-01
 -0.2016993806659251E-01
 -0.1850702831251927E-01
 -0.1684299009709034E-01
 -0.1517787546493926E-01
 -0.1351173665085464E-01
 -0.1184462607895659E-01
 -0.1017659636181761E-01
 -0.8507700299535126E-02
 -0.6837990878753641E-02
 -0.5167521271640663E-02
 -0.3496344834811704E-02
 -0.1824515108212077E-02
 -0.1520858139491543E-03
  0.1520889144914772E-02
  0.3194355685615546E-02
  0.4868259546983333E-02
  0.6542546290778939E-02
  0.8217161303069986E-02
  0.9892049795646729E-02
  0.1156715680747622E-01
  0.1324242720619401E-01
  0.1491780568963069E-01
  0.1659323678737396E-01
  0.1826866486236511E-01
  0.1994403411253026E-01
  0.2161928857243889E-01
  0.2329437211499935E-01
  0.2496922845317862E-01
  0.2664380114175685E-01
  0.2831803357910423E-01
  0.2999186900898776E-01
  0.3166525052240243E-01
  0.3333812105942990E-01
  0.3501042341111549E-01
  0.3668210022137425E-01
  0.3835309398891429E-01
  0.4002334706918503E-01
  0.4169280167634115E-01
  0.4336139988522930E-01
  0.4502908363339070E-01
  0.4669579472308438E-01
  0.4836147482332009E-01
  0.5002606547191357E-01
  0.5168950807755057E-01
  0.5335174392186964E-01
  0.5501271416155218E-01
  0.5667235983042707E-01
  0.5833062184158549E-01
  0.5998744098950759E-01
  0.6164275795219565E-01
  0.6329651329331787E-01
  0.6494864746435908E-01
  0.6659910080678100E-01
  0.6824781355418469E-01
  0.6989472583448175E-01
  0.7153977767206876E-01
  0.7318290899000734E-01
  0.7482405961220545E-01
  0.7646316926560370E-01
  0.7810017758236154E-01
  0.7973502410204830E-01
  0.8136764827383242E-01
  0.8299798945867254E-01
  0.8462598693150897E-01
  0.8625157988345578E-01
  0.8787470742398917E-01
  0.8949530858313759E-01
  0.9111332231366798E-01
  0.9272868749327268E-01
  0.9434134292675012E-01
  0.9595122734818456E-01
  0.9755827942312312E-01
  0.9916243775075029E-01
  0.1007636408660545    
  0.1023618272419966    
  0.1039569352916687    
  0.1055489033704566    
  0.1071376697781900    
  0.1087231727612918    
  0.1103053505149243    
  0.1118841411851306    
  0.1134594828709702    
  0.1150313136266516    
  0.1165995714636603    
  0.1181641943528848    
  0.1197251202267356    
  0.1212822869812621    
  0.1228356324782660    
  0.1243850945474130    
  0.1259306109883382    
  0.1274721195727524    
  0.1290095580465447    
  0.1305428641318860    
  0.1320719755293286    
  0.1335968299199073    
  0.1351173649672405    
  0.1366335183196332    
  0.1381452276121797    
  0.1396524304688689    
  0.1411550645046921    
  0.1426530673277565    
  0.1441463765414004    
  0.1456349297463138    
  0.1471186645426670    
  0.1485975185322466    
  0.1500714293205982    
  0.1515403345191797    
  0.1530041717475237    
  0.1544628786354159    
  0.1559163928250815    
  0.1573646519733875    
  0.1588075937540600    
  0.1602451558599212    
  0.1616772760051406    
  0.1631038919275061    
  0.1645249413907195    
  0.1659403621867115    
  0.1673500921379809    
  0.1687540690999614    
  0.1701522309634127    
  0.1715445156568461    
  0.1729308611489748    
  0.1743112054512002    
  0.1756854866201334    
  0.1770536427601525    
  0.1784156120259965    
  0.1797713326254011    
  0.1811207428217754    
  0.1824637809369256    
  0.1838003853538226    
  0.1851304945194174    
  0.1864540469475102    
  0.1877709812216717    
  0.1890812359982181    
  0.1903847500092428    
  0.1916814620657087    
  0.1929713110606038    
  0.1942542359721573    
  0.1955301758671256    
  0.1967990699041451    
  0.1980608573371612    
  0.1993154775189261    
  0.2005628699045751    
  0.2018029740552800    
  0.2030357296419882    
  0.2042610764492387    
  0.2054789543790687    
  0.2066893034550077    
  0.2078920638261652    
  0.2090871757714096    
  0.2102745797036445    
  0.2114542161741833    
  0.2126260258772255    
  0.2137899496544355    
  0.2149459284996267    
  0.2160939035635558    
  0.2172338161588287    
  0.2183656077649181    
  0.2194892200332980    
  0.2206045947926958    
  0.2217116740544660    
  0.2228104000180837    
  0.2239007150767627    
  0.2249825618231998    
  0.2260558830554502    
  0.2271206217829298    
  0.2281767212325514    
  0.2292241248549947    
  0.2302627763311141    
  0.2312926195784804    
  0.2323135987580638    
  0.2333256582810561    
  0.2343287428158351    
  0.2353227972950691    
  0.2363077669229665    
  0.2372835971826686    
  0.2382502338437904    
  0.2392076229701062    
  0.2401557109273794    
  0.2410944443913419    
  0.2420237703558184    
  0.2429436361409967    
  0.2438539894018417    
  0.2447547781366587    
  0.2456459506958022    
  0.2465274557905268    
  0.2473992425019834    
  0.2482612602903554    
  0.2491134590041377    
  0.2499557888895514    
  0.2507882006000941    
  0.2516106452062284    
  0.2524230742052034    
  0.2532254395310021    
  0.2540176935644163    
  0.2547997891432463    
  0.2555716795726176    
  0.2563333186354143    
  0.2570846606028214    
  0.2578256602449780    
  0.2585562728417343    
  0.2592764541935031    
  0.2599861606322032    
  0.2606853490322925    
  0.2613739768218812    
  0.2620520019939183    
  0.2627193831174446    
  0.2633760793489113    
  0.2640220504435515    
  0.2646572567668004    
  0.2652816593057514    
  0.2658952196806477    
  0.2664979001563932    
  0.2670896636540798    
  0.2676704737625160    
  0.2682402947497552    
  0.2687990915746143    
  0.2693468298981667    
  0.2698834760952025    
  0.2704089972656463    
  0.2709233612459181    
  0.2714265366202302    
  0.2719184927318076    
  0.2723991996940249    
  0.2728686284014474    
  0.2733267505407622    
  0.2737735386015832    
  0.2742089658871275    
  0.2746330065247415    
  0.2750456354762731    
  0.2754468285482699    
  0.2758365624019996    
  0.2762148145632755    
  0.2765815634320712    
  0.2769367882919135    
  0.2772804693190469    
  0.2776125875913520    
  0.2779331250970050    
  0.2782420647428658    
  0.2785393903625837    
  0.2788250867244061    
  0.2790991395386815    
  0.2793615354650409    
  0.2796122621192532    
  0.2798513080797332    
  0.2800786628936962    
  0.2802943170829406    
  0.2804982621492578    
  0.2806904905794541    
  0.2808709958499775    
  0.2810397724311322    
  0.2811968157908802    
  0.2813421223982112    
  0.2814756897260782    
  0.2815975162538873    
  0.2817076014695394    
  0.2818059458710129    
  0.2818925509674793    
  0.2819674192799433    
  0.2820305543414064    
  0.2820819606965481    
  0.2821216439009198    
  0.2821496105196451    
  0.2821658681256312    
  0.2821704252972752    
  0.2821632916156739    
  0.2821444776613233    
  0.2821139950103273    
  0.2820718562300992    
  0.2820180748745662    
  0.2819526654788687    
  0.2818756435535641    
  0.2817870255783317    
  0.2816868289951884    
  0.2815750722012123    
  0.2814517745407896    
  0.2813169562973816    
  0.2811706386848190    
  0.2810128438381307    
  0.2808435948039170    
  0.2806629155302731    
  0.2804708308562747    
  0.2802673665010297    
  0.2800525490523118    
  0.2798264059547826    
  0.2795889654978163    
  0.2793402568029317    
  0.2790803098108563    
  0.2788091552682279    
  0.2785268247139467    
  0.2782333504651917    
  0.2779287656031140    
  0.2776131039582257    
  0.2772864000954978    
  0.2769486892991804    
  0.2766000075573685    
  0.2762403915463183    
  0.2758698786145382    
  0.2754885067666610    
  0.2750963146471301    
  0.2746933415237021    
  0.2742796272707925    
  0.2738552123526699    
  0.2734201378065269    
  0.2729744452254366    
  0.2725181767412237    
  0.2720513750072504    
  0.2715740831811532    
  0.2710863449075280    
  0.2705882043005952    
  0.2700797059268517    
  0.2695608947877348    
  0.2690318163023097    
  0.2684925162899987    
  0.2679430409533605    
  0.2673834368609476    
  0.2668137509302482    
  0.2662340304107320    
  0.2656443228670118    
  0.2650446761621347    
  0.2644351384410204    
  0.2638157581140575    
  0.2631865838408677    
  0.2625476645142619    
  0.2618990492443882    
  0.2612407873430915    
  0.2605729283084866    
  0.2598955218097678    
  0.2592086176722590    
  0.2585122658627153    
  0.2578065164748800    
  0.2570914197153193    
  0.2563670258895279    
  0.2556333853883253    
  0.2548905486745425    
  0.2541385662700122    
  0.2533774887428622    
  0.2526073666951258    
  0.2518282507506631    
  0.2510401915434135    
  0.2502432397059699    
  0.2494374458584895    
  0.2486228605979344    
  0.2477995344876553    
  0.2469675180473108    
  0.2461268617431338    
  0.2452776159785373    
  0.2444198310850712    
  0.2435535573137204    
  0.2426788448265544    
  0.2417957436887198    
  0.2409043038607803    
  0.2400045751914033    
  0.2390966074103915    
  0.2381804501220526    
  0.2372561527989154    
  0.2363237647757810    
  0.2353833352441126    
  0.2344349132467555    
  0.2334785476729901    
  0.2325142872539123    
  0.2315421805581376    
  0.2305622759878196    
  0.2295746217749918    
  0.2285792659782115    
  0.2275762564795185    
  0.2265656409816879    
  0.2255474670057855    
  0.2245217818890113    
  0.2234886327828320    
  0.2224480666513906    
  0.2214001302701960    
  0.2203448702250777    
  0.2192823329114095    
  0.2182125645335853    
  0.2171356111047527    
  0.2160515184467879    
  0.2149603321905165    
  0.2138620977761589    
  0.2127568604540127    
  0.2116446652853499    
  0.2105255571435329    
  0.2093995807153362    
  0.2082667805024725    
  0.2071272008233143    
  0.2059808858148053    
  0.2048278794345528    
  0.2036682254631015    
  0.2025019675063742    
  0.2013291489982800    
  0.2001498132034776    
  0.1989640032202935    
  0.1977717619837842    
  0.1965731322689423    
  0.1953681566940275    
  0.1941568777240372    
  0.1929393376742887    
  0.1917155787141258    
  0.1904856428707296    
  0.1892495720330385    
  0.1880074079557637    
  0.1867591922635028    
  0.1855049664549355    
  0.1842447719071080    
  0.1829786498797902    
  0.1817066415199102    
  0.1804287878660507    
  0.1791451298530120    
  0.1778557083164292    
  0.1765605639974466    
  0.1752597375474332    
  0.1739532695327484    
  0.1726412004395404    
  0.1713235706785849    
  0.1700004205901484    
  0.1686717904488808    
  0.1673377204687271    
  0.1659982508078610    
  0.1646534215736266    
  0.1633032728274947    
  0.1619478445900222    
  0.1605871768458178    
  0.1592213095485025    
  0.1578502826256687    
  0.1564741359838289    
  0.1550929095133591    
  0.1537066430934191    
  0.1523153765968646    
  0.1509191498951319    
  0.1495180028631065    
  0.1481119753839589    
  0.1467011073539584    
  0.1452854386872502    
  0.1438650093206055    
  0.1424398592181274    
  0.1410100283759261    
  0.1395755568267478    
  0.1381364846445654    
  0.1366928519491198    
  0.1352446989104179    
  0.1337920657531786    
  0.1323349927612327    
  0.1308735202818636    
  0.1294076887300997    
  0.1279375385929473    
  0.1264631104335689    
  0.1249844448953991    
  0.1235015827062029    
  0.1220145646820703    
  0.1205234317313510    
  0.1190282248585191    
  0.1175289851679790    
  0.1160257538677980    
  0.1145185722733784    
  0.1130074818110533    
  0.1114925240216187    
  0.1099737405637917    
