  0.2906313310703624    
  0.2954294509164534    
  0.3003764534429147    
  0.3054782478769272    
  0.3107412423407868    
  0.3161723944666835    
  0.3217792132827607    
  0.3275697910303687    
  0.3335528814298723    
  0.3397379701576018    
  0.3461353185033986    
  0.3527560086060642    
  0.3596120127276146    
  0.3667162856699862    
  0.3740828515921597    
  0.3817268522508752    
  0.3896645866613110    
  0.3979136019967395    
  0.4064927866177820    
  0.4154223497950351    
  0.4247237209934042    
  0.4344194882528705    
  0.4445332723101436    
  0.4550892831609584    
  0.4661115545733148    
  0.4776229825303388    
  0.4896438809137892    
  0.5021894735844721    
  0.5152660788565269    
  0.5288658420593088    
  0.5429590981875609    
  0.5574829159070378    
  0.5723249003824498    
  0.5873016522823166    
  0.6021308506488132    
  0.6163972277331506    
  0.6295176968206253    
  0.6407180994661765    
  0.6490420451013493    
  0.6534198781447705    
  0.6528224141496546    
  0.6464913272084251    
  0.6341779414687893    
  0.6162790808990152    
  0.5937865309428206    
  0.5680629977020504    
  0.5405495584369091    
  0.5125252915790315    
  0.4849806886162014    
  0.4585954127557488    
  0.4337782080233555    
  0.4107306928876145    
  0.3895113036597407    
  0.3700873408208090    
  0.3523722611419292    
  0.3362512255348295    
  0.3215983230561260    
  0.3082870324971077    
  0.2961956325947978    
  0.2852101468025479    
  0.2752261975971113    
  0.2661494901169056    
  0.2578951098264856    
  0.2503868168232642    
  0.2435567190719701    
  0.2373445839017808    
  0.2316966749966649    
  0.2265649396727720    
  0.2219067042724508    
  0.2176841348542615    
  0.2138633446310944    
  0.2104138552560512    
  0.2073085068814038    
  0.2045231345696948    
  0.2020359202337532    
  0.1998270620456771    
  0.1978788309870340    
  0.1961753903538073    
  0.1947023078037050    
  0.1934463504247210    
  0.1923956201574387    
  0.1915394578841629    
  0.1908680587489862    
  0.1903723418854050    
  0.1900441230900886    
  0.1898760663399868    
  0.1898613671073561    
  0.1899936676898711    
  0.1902672451801288    
  0.1906769898190948    
  0.1912181347495568    
  0.1918861985594418    
  0.1926771752082900    
  0.1935875276540391    
  0.1946139526356228    
  0.1957533409880816    
  0.1970029616978110    
  0.1983604619686520    
  0.1998236582847617    
  0.2013905098578815    
  0.2030592956964477    
  0.2048286178960964    
  0.2066972116170608    
  0.2086639252326374    
  0.2107278896684891    
  0.2128885273074368    
  0.2151453801597727    
  0.2174980914287497    
  0.2199465623065686    
  0.2224909668247275    
  0.2251316018440087    
  0.2278688711159809    
  0.2307034260923030    
  0.2336361831490532    
  0.2366681961322231    
  0.2398006464374574    
  0.2430349694174889    
  0.2463728723972505    
  0.2498162281231561    
  0.2533670717125759    
  0.2570277152367665    
  0.2608007685291990    
  0.2646890538584318    
  0.2686956094279965    
  0.2728237932960581    
  0.2770773101059098    
  0.2814601497515968    
  0.2859765981034123    
  0.2906313310703624    
  0.2954294509164534    
  0.3003764534429147    
  0.3054782478769272    
  0.3107412423407868    
  0.3161723944666835    
  0.3217792132827607    
  0.3275697910303687    
  0.3335528814298723    
  0.3397379701576018    
  0.3461353185033986    
  0.3527560086060642    
  0.3596120127276146    
  0.3667162856699862    
  0.3740828515921597    
  0.3817268522508752    
  0.3896645866613110    
  0.3979136019967395    
  0.4064927866177820    
  0.4154223497950351    
  0.4247237209934042    
  0.4344194882528705    
  0.4445332723101436    
  0.4550892831609584    
  0.4661115545733148    
  0.4776229825303388    
  0.4896438809137892    
  0.5021894735844721    
  0.5152660788565269    
  0.5288658420593088    
  0.5429590981875609    
  0.5574829159070378    
  0.5723249003824498    
  0.5873016522823166    
  0.6021308506488132    
  0.6163972277331506    
  0.6295176968206253    
  0.6407180994661765    
  0.6490420451013493    
  0.6534198781447705    
  0.6528224141496546    
  0.6464913272084251    
  0.6341779414687893    
  0.6162790808990152    
  0.5937865309428206    
  0.5680629977020504    
  0.5405495584369091    
  0.5125252915790315    
  0.4849806886162014    
  0.4585954127557488    
  0.4337782080233555    
  0.4107306928876145    
  0.3895113036597407    
  0.3700873408208090    
  0.3523722611419292    
  0.3362512255348295    
  0.3215983230561260    
  0.3082870324971077    
  0.2961956325947978    
  0.2852101468025479    
  0.2752261975971113    
  0.2661494901169056    
  0.2578951098264856    
  0.2503868168232642    
  0.2435567190719701    
  0.2373445839017808    
  0.2316966749966649    
  0.2265649396727720    
  0.2219067042724508    
  0.2176841348542615    
  0.2138633446310944    
  0.2104138552560512    
  0.2073085068814038    
  0.2045231345696948    
  0.2020359202337532    
  0.1998270620456771    
  0.1978788309870340    
  0.1961753903538073    
  0.1947023078037050    
  0.1934463504247210    
  0.1923956201574387    
  0.1915394578841629    
  0.1908680587489862    
  0.1903723418854050    
  0.1900441230900886    
  0.1898760663399868    
  0.1898613671073561    
  0.1899936676898711    
  0.1902672451801288    
  0.1906769898190948    
  0.1912181347495568    
  0.1918861985594418    
  0.1926771752082900    
  0.1935875276540391    
  0.1946139526356228    
  0.1957533409880816    
  0.1970029616978110    
  0.1983604619686520    
  0.1998236582847617    
  0.2013905098578815    
  0.2030592956964477    
  0.2048286178960964    
  0.2066972116170608    
  0.2086639252326374    
  0.2107278896684891    
  0.2128885273074368    
  0.2151453801597727    
  0.2174980914287497    
  0.2199465623065686    
  0.2224909668247275    
  0.2251316018440087    
  0.2278688711159809    
  0.2307034260923030    
  0.2336361831490532    
  0.2366681961322231    
  0.2398006464374574    
  0.2430349694174889    
  0.2463728723972505    
  0.2498162281231561    
  0.2533670717125759    
  0.2570277152367665    
  0.2608007685291990    
  0.2646890538584318    
  0.2686956094279965    
  0.2728237932960581    
  0.2770773101059098    
  0.2814601497515968    
  0.2859765981034123    
