  0.4418745927424422    
  0.4355518010042470    
  0.4290568882906798    
  0.4223934429686922    
  0.4155648733492486    
  0.4085744010071904    
  0.4014250590862113    
  0.3941197178293739    
  0.3866611089567604    
  0.3790518190711093    
  0.3712942756933339    
  0.3633907632445617    
  0.3553434537624127    
  0.3471544098022906    
  0.3388255636250151    
  0.3303587166627185    
  0.3217555674203900    
  0.3130177271493994    
  0.3041467043255885    
  0.2951438915293385    
  0.2860105817239288    
  0.2767479901357775    
  0.2673572509835193    
  0.2578394028178269    
  0.2481953934465921    
  0.2384260999602952    
  0.2285323360394787    
  0.2185148443510943    
  0.2083742974014750    
  0.1981113136384270    
  0.1877264708671899    
  0.1772203083969375    
  0.1665933313693360    
  0.1558460264505905    
  0.1449788795143497    
  0.1339923871503806    
  0.1228870689917061    
  0.1116634881736683    
  0.1003222749156875    
  0.8886414734577708E-01
  0.7728993388357136E-01
  0.6560060239019905E-01
  0.5379729252056734E-01
  0.4188134691540213E-01
  0.2985434465616837E-01
  0.1771814102716018E-01
  0.5474910364121316E-02
 -0.6872811924375749E-02
 -0.1932208532272381E-01
 -0.3186951466978008E-01
 -0.4451119820726673E-01
 -0.5724267727453786E-01
 -0.7005888559759763E-01
 -0.8295409518512958E-01
 -0.9592186191223431E-01
 -0.1089549752010351    
 -0.1220454106121920    
 -0.1351842829402684    
 -0.1483618030647084    
 -0.1615672433784492    
 -0.1747889112593176    
 -0.1880141284975508    
 -0.2012292200177258    
 -0.2144195169940030    
 -0.2275693739533423    
 -0.2406621973123742    
 -0.2536804881032139    
 -0.2666059037182954    
 -0.2794193376011669    
 -0.2921010127319669    
 -0.3046305900218136    
 -0.3169872954142097    
 -0.3291500631821336    
 -0.3410976887197954    
 -0.3528089896040076    
 -0.3642629776103530    
 -0.3754390378886094    
 -0.3863171060329988    
 -0.3968778397965509    
 -0.4071027882960344    
 -0.4169745553675897    
 -0.4264769465484852    
 -0.4355950956465749    
 -0.4443155761153679    
 -0.4526264970587391    
 -0.4605175736991335    
 -0.4679801681265235    
 -0.4750073094402049    
 -0.4815936987343598    
 -0.4877356900109855    
 -0.4934312412112524    
 -0.4986798474112473    
 -0.5034824685649456    
 -0.5078414446230085    
 -0.5117603874049557    
 -0.5152440604507724    
 -0.5182982663647756    
 -0.5209297380248632    
 -0.5231460156348725    
 -0.5249553142602326    
 -0.5263664071965759    
 -0.5273885292849896    
 -0.5280312757921188    
 -0.5283044889088490    
 -0.5282181588307953    
 -0.5277823561301203    
 -0.5270071708272861    
 -0.5259026341888473    
 -0.5244786440258666    
 -0.5227449245795963    
 -0.5207110062314444    
 -0.5183861872206608    
 -0.5157794822631960    
 -0.5128995984220013    
 -0.5097549429286385    
 -0.5063536212242779    
 -0.5027034081284585    
 -0.4988117292077618    
 -0.4946856785897044    
 -0.4903320421340865    
 -0.4857572910324566    
 -0.4809675665988628    
 -0.4759686944564281    
 -0.4707662166358971    
 -0.4653654022301588    
 -0.4597712386133200    
 -0.4539884398876207    
 -0.4480214766135661    
 -0.4418745927424422    
 -0.4355518010042470    
 -0.4290568882906798    
 -0.4223934429686922    
 -0.4155648733492486    
 -0.4085744010071904    
 -0.4014250590862113    
 -0.3941197178293739    
 -0.3866611089567604    
 -0.3790518190711093    
 -0.3712942756933339    
 -0.3633907632445617    
 -0.3553434537624127    
 -0.3471544098022906    
 -0.3388255636250151    
 -0.3303587166627185    
 -0.3217555674203900    
 -0.3130177271493994    
 -0.3041467043255885    
 -0.2951438915293385    
 -0.2860105817239288    
 -0.2767479901357775    
 -0.2673572509835193    
 -0.2578394028178269    
 -0.2481953934465921    
 -0.2384260999602952    
 -0.2285323360394787    
 -0.2185148443510943    
 -0.2083742974014750    
 -0.1981113136384270    
 -0.1877264708671899    
 -0.1772203083969375    
 -0.1665933313693360    
 -0.1558460264505905    
 -0.1449788795143497    
 -0.1339923871503806    
 -0.1228870689917061    
 -0.1116634881736683    
 -0.1003222749156875    
 -0.8886414734577708E-01
 -0.7728993388357136E-01
 -0.6560060239019905E-01
 -0.5379729252056734E-01
 -0.4188134691540213E-01
 -0.2985434465616837E-01
 -0.1771814102716018E-01
 -0.5474910364121316E-02
  0.6872811924375749E-02
  0.1932208532272381E-01
  0.3186951466978008E-01
  0.4451119820726673E-01
  0.5724267727453786E-01
  0.7005888559759763E-01
  0.8295409518512958E-01
  0.9592186191223431E-01
  0.1089549752010351    
  0.1220454106121920    
  0.1351842829402684    
  0.1483618030647084    
  0.1615672433784492    
  0.1747889112593176    
  0.1880141284975508    
  0.2012292200177258    
  0.2144195169940030    
  0.2275693739533423    
  0.2406621973123742    
  0.2536804881032139    
  0.2666059037182954    
  0.2794193376011669    
  0.2921010127319669    
  0.3046305900218136    
  0.3169872954142097    
  0.3291500631821336    
  0.3410976887197954    
  0.3528089896040076    
  0.3642629776103530    
  0.3754390378886094    
  0.3863171060329988    
  0.3968778397965509    
  0.4071027882960344    
  0.4169745553675897    
  0.4264769465484852    
  0.4355950956465749    
  0.4443155761153679    
  0.4526264970587391    
  0.4605175736991335    
  0.4679801681265235    
  0.4750073094402049    
  0.4815936987343598    
  0.4877356900109855    
  0.4934312412112524    
  0.4986798474112473    
  0.5034824685649456    
  0.5078414446230085    
  0.5117603874049557    
  0.5152440604507724    
  0.5182982663647756    
  0.5209297380248632    
  0.5231460156348725    
  0.5249553142602326    
  0.5263664071965759    
  0.5273885292849896    
  0.5280312757921188    
  0.5283044889088490    
  0.5282181588307953    
  0.5277823561301203    
  0.5270071708272861    
  0.5259026341888473    
  0.5244786440258666    
  0.5227449245795963    
  0.5207110062314444    
  0.5183861872206608    
  0.5157794822631960    
  0.5128995984220013    
  0.5097549429286385    
  0.5063536212242779    
  0.5027034081284585    
  0.4988117292077618    
  0.4946856785897044    
  0.4903320421340865    
  0.4857572910324566    
  0.4809675665988628    
  0.4759686944564281    
  0.4707662166358971    
  0.4653654022301588    
  0.4597712386133200    
  0.4539884398876207    
  0.4480214766135661    
