  0.3669895959668181    
  0.3661991757917592    
  0.3652820274968258    
  0.3642392400571043    
  0.3630716678983857    
  0.3617799168383570    
  0.3603643356378087    
  0.3588250449427928    
  0.3571619692150698    
  0.3553748318653024    
  0.3534631379643182    
  0.3514261891296084    
  0.3492631172302323    
  0.3469728907956481    
  0.3445542966195849    
  0.3420059412329822    
  0.3393262796795246    
  0.3365136309782681    
  0.3335661647815009    
  0.3304818941870216    
  0.3272586963752755    
  0.3238943330204612    
  0.3203864450746347    
  0.3167325430461920    
  0.3129300201261586    
  0.3089761739372355    
  0.3048682096603655    
  0.3006032330256496    
  0.2961782594415309    
  0.2915902359299883    
  0.2868360518152048    
  0.2819125378580943    
  0.2768164757592404    
  0.2715446215732720    
  0.2660937239485393    
  0.2604605317907765    
  0.2546418082285627    
  0.2486343581211751    
  0.2424350549638269    
  0.2360408592764547    
  0.2294488406946453    
  0.2226562125493247    
  0.2156603690449664    
  0.2084589163031287    
  0.2010497056027297    
  0.1934308776752359    
  0.1856009113392796    
  0.1775586678449160    
  0.1693034363111397    
  0.1608349884061002    
  0.1521536375905156    
  0.1432602945944668    
  0.1341565222605728    
  0.1248445968671539    
  0.1153275723945620    
  0.1056093395756094    
  0.9569468106549092E-01
  0.8558932871757728E-01
  0.7530001993790825E-01
  0.6483454493694603E-01
  0.5420178485877811E-01
  0.4341174594359666E-01
  0.3247558703693548E-01
  0.2140563221734679E-01
  0.1021536774814874E-01
 -0.1080571497305461E-02
 -0.1246642791511050E-01
 -0.2392536718534674E-01
 -0.3543954518808830E-01
 -0.4699018946424715E-01
 -0.5855769492636523E-01
 -0.7012174042219881E-01
 -0.8166142610235530E-01
 -0.9315542295721367E-01
 -0.1045821311188317    
 -0.1159198518762618    
 -0.1271469726140807    
 -0.1382421537299131    
 -0.1491845109644050    
 -0.1599537971895450    
 -0.1705305838015614    
 -0.1808964300895171    
 -0.1910340320056979    
 -0.2009273551299229    
 -0.2105617555808371    
 -0.2199240790356517    
 -0.2290027285189688    
 -0.2377877075585398    
 -0.2462706481555952    
 -0.2544448174095190    
 -0.2623050925464355    
 -0.2698479115894037    
 -0.2770712149937644    
 -0.2839743766235634    
 -0.2905581115717983    
 -0.2968243654287548    
 -0.3027762045374984    
 -0.3084177107758035    
 -0.3137538652393501    
 -0.3187904188903468    
 -0.3235337711551537    
 -0.3279908664417144    
 -0.3321690911991627    
 -0.3360761602389771    
 -0.3397200110597521    
 -0.3431087237062974    
 -0.3462504508988488    
 -0.3491533375769186    
 -0.3518254423153636    
 -0.3542746851501855    
 -0.3565088132462630    
 -0.3585353564950177    
 -0.3603615760366241    
 -0.3619944346964336    
 -0.3634405906558538    
 -0.3647063832370995    
 -0.3657978027849040    
 -0.3667204749626637    
 -0.3674796723937019    
 -0.3680803228935874    
 -0.3685269939640899    
 -0.3688238816907030    
 -0.3689748304506250    
 -0.3689833578422925    
 -0.3688526506048501    
 -0.3685855509807155    
 -0.3681845737703620    
 -0.3676519420653411    
 -0.3669895959668181    
 -0.3661991757917592    
 -0.3652820274968258    
 -0.3642392400571043    
 -0.3630716678983857    
 -0.3617799168383570    
 -0.3603643356378087    
 -0.3588250449427928    
 -0.3571619692150698    
 -0.3553748318653024    
 -0.3534631379643182    
 -0.3514261891296084    
 -0.3492631172302323    
 -0.3469728907956481    
 -0.3445542966195849    
 -0.3420059412329822    
 -0.3393262796795246    
 -0.3365136309782681    
 -0.3335661647815009    
 -0.3304818941870216    
 -0.3272586963752755    
 -0.3238943330204612    
 -0.3203864450746347    
 -0.3167325430461920    
 -0.3129300201261586    
 -0.3089761739372355    
 -0.3048682096603655    
 -0.3006032330256496    
 -0.2961782594415309    
 -0.2915902359299883    
 -0.2868360518152048    
 -0.2819125378580943    
 -0.2768164757592404    
 -0.2715446215732720    
 -0.2660937239485393    
 -0.2604605317907765    
 -0.2546418082285627    
 -0.2486343581211751    
 -0.2424350549638269    
 -0.2360408592764547    
 -0.2294488406946453    
 -0.2226562125493247    
 -0.2156603690449664    
 -0.2084589163031287    
 -0.2010497056027297    
 -0.1934308776752359    
 -0.1856009113392796    
 -0.1775586678449160    
 -0.1693034363111397    
 -0.1608349884061002    
 -0.1521536375905156    
 -0.1432602945944668    
 -0.1341565222605728    
 -0.1248445968671539    
 -0.1153275723945620    
 -0.1056093395756094    
 -0.9569468106549092E-01
 -0.8558932871757728E-01
 -0.7530001993790825E-01
 -0.6483454493694603E-01
 -0.5420178485877811E-01
 -0.4341174594359666E-01
 -0.3247558703693548E-01
 -0.2140563221734679E-01
 -0.1021536774814874E-01
  0.1080571497305461E-02
  0.1246642791511050E-01
  0.2392536718534674E-01
  0.3543954518808830E-01
  0.4699018946424715E-01
  0.5855769492636523E-01
  0.7012174042219881E-01
  0.8166142610235530E-01
  0.9315542295721367E-01
  0.1045821311188317    
  0.1159198518762618    
  0.1271469726140807    
  0.1382421537299131    
  0.1491845109644050    
  0.1599537971895450    
  0.1705305838015614    
  0.1808964300895171    
  0.1910340320056979    
  0.2009273551299229    
  0.2105617555808371    
  0.2199240790356517    
  0.2290027285189688    
  0.2377877075585398    
  0.2462706481555952    
  0.2544448174095190    
  0.2623050925464355    
  0.2698479115894037    
  0.2770712149937644    
  0.2839743766235634    
  0.2905581115717983    
  0.2968243654287548    
  0.3027762045374984    
  0.3084177107758035    
  0.3137538652393501    
  0.3187904188903468    
  0.3235337711551537    
  0.3279908664417144    
  0.3321690911991627    
  0.3360761602389771    
  0.3397200110597521    
  0.3431087237062974    
  0.3462504508988488    
  0.3491533375769186    
  0.3518254423153636    
  0.3542746851501855    
  0.3565088132462630    
  0.3585353564950177    
  0.3603615760366241    
  0.3619944346964336    
  0.3634405906558538    
  0.3647063832370995    
  0.3657978027849040    
  0.3667204749626637    
  0.3674796723937019    
  0.3680803228935874    
  0.3685269939640899    
  0.3688238816907030    
  0.3689748304506250    
  0.3689833578422925    
  0.3688526506048501    
  0.3685855509807155    
  0.3681845737703620    
  0.3676519420653411    
