  0.4494454626910411    
  0.4431099610594822    
  0.4365997291412526    
  0.4299184520033812    
  0.4230695952812517    
  0.4160564284334377    
  0.4088820584271682    
  0.4015494322750135    
  0.3940613198001143    
  0.3864203214334231    
  0.3786289014096572    
  0.3706894023353078    
  0.3626040290535447    
  0.3543748408379025    
  0.3460037737064224    
  0.3374926622490068    
  0.3288432332336656    
  0.3200570919053078    
  0.3111357308260056    
  0.3020805497589599    
  0.2928928582544008    
  0.2835738652356463    
  0.2741246807261627    
  0.2645463305102720    
  0.2548397627256142    
  0.2450058429918432    
  0.2350453556931348    
  0.2249590164111787    
  0.2147474809575826    
  0.2044113455763050    
  0.1939511509896866    
  0.1833673964188015    
  0.1726605528516117    
  0.1618310693154870    
  0.1508793817064683    
  0.1398059310639795    
  0.1286111834339342    
  0.1172956445179183    
  0.1058598759345835    
  0.9430452022503483E-01
  0.8263032928291797E-01
  0.7083818949368015E-01
  0.5892914809811678E-01
  0.4690444744045175E-01
  0.3476556361778851E-01
  0.2251424331361895E-01
  0.1015254165146828E-01
 -0.2317133116471803E-02
 -0.1489197055753294E-01
 -0.2756871040788905E-01
 -0.4034359465181564E-01
 -0.5321231442146401E-01
 -0.6616995388081862E-01
 -0.7921093678470106E-01
 -0.9232897495718330E-01
 -0.1055170145354189    
 -0.1187671822193362    
 -0.1320707375731547    
 -0.1454180315102349    
 -0.1587984673150036    
 -0.1722004664924702    
 -0.1856114459476385    
 -0.1990178073493878    
 -0.2124049350763342    
 -0.2257572046248485    
 -0.2390580080491464    
 -0.2522897974089855    
 -0.2654341417428258    
 -0.2784717981019151    
 -0.2913828025383892    
 -0.3041465812914728    
 -0.3167420756027890    
 -0.3291478781951827    
 -0.3413423860325313    
 -0.3533039685552909    
 -0.3650111421220242    
 -0.3764427456022598    
 -0.3875781207737959    
 -0.3983972967501083    
 -0.4088811672894277    
 -0.4190116533995533    
 -0.4287718554592417    
 -0.4381461967793343    
 -0.4471205477395334    
 -0.4556823213413425    
 -0.4638205464120239    
 -0.4715259260638931    
 -0.4787908733143502    
 -0.4856095131696002    
 -0.4919776588332350    
 -0.4978927767633287    
 -0.5033539370909028    
 -0.5083617358319070    
 -0.5129181945845491    
 -0.5170266587095464    
 -0.5206916967896703    
 -0.5239189838004468    
 -0.5267151665646190    
 -0.5290877356878638    
 -0.5310449153074956    
 -0.5325955506127471    
 -0.5337489800350588    
 -0.5345149143923154    
 -0.5349033449607186    
 -0.5349244632505417    
 -0.5345885661310827    
 -0.5339059597758340    
 -0.5328868946168985    
 -0.5315415247978128    
 -0.5298798560621589    
 -0.5279116797670977    
 -0.5256465298773316    
 -0.5230936736380901    
 -0.5202620992272915    
 -0.5171604792874060    
 -0.5137971418871379    
 -0.5101800770775060    
 -0.5063169527505675    
 -0.5022151042074110    
 -0.4978815145834061    
 -0.4933228245399409    
 -0.4885453617702300    
 -0.4835551495753791    
 -0.4783578948308951    
 -0.4729589950017634    
 -0.4673635708049191    
 -0.4615764857070782    
 -0.4556023381376972    
 -0.4494454626910411    
 -0.4431099610594822    
 -0.4365997291412526    
 -0.4299184520033812    
 -0.4230695952812517    
 -0.4160564284334377    
 -0.4088820584271682    
 -0.4015494322750135    
 -0.3940613198001143    
 -0.3864203214334231    
 -0.3786289014096572    
 -0.3706894023353078    
 -0.3626040290535447    
 -0.3543748408379025    
 -0.3460037737064224    
 -0.3374926622490068    
 -0.3288432332336656    
 -0.3200570919053078    
 -0.3111357308260056    
 -0.3020805497589599    
 -0.2928928582544008    
 -0.2835738652356463    
 -0.2741246807261627    
 -0.2645463305102720    
 -0.2548397627256142    
 -0.2450058429918432    
 -0.2350453556931348    
 -0.2249590164111787    
 -0.2147474809575826    
 -0.2044113455763050    
 -0.1939511509896866    
 -0.1833673964188015    
 -0.1726605528516117    
 -0.1618310693154870    
 -0.1508793817064683    
 -0.1398059310639795    
 -0.1286111834339342    
 -0.1172956445179183    
 -0.1058598759345835    
 -0.9430452022503483E-01
 -0.8263032928291797E-01
 -0.7083818949368015E-01
 -0.5892914809811678E-01
 -0.4690444744045175E-01
 -0.3476556361778851E-01
 -0.2251424331361895E-01
 -0.1015254165146828E-01
  0.2317133116471803E-02
  0.1489197055753294E-01
  0.2756871040788905E-01
  0.4034359465181564E-01
  0.5321231442146401E-01
  0.6616995388081862E-01
  0.7921093678470106E-01
  0.9232897495718330E-01
  0.1055170145354189    
  0.1187671822193362    
  0.1320707375731547    
  0.1454180315102349    
  0.1587984673150036    
  0.1722004664924702    
  0.1856114459476385    
  0.1990178073493878    
  0.2124049350763342    
  0.2257572046248485    
  0.2390580080491464    
  0.2522897974089855    
  0.2654341417428258    
  0.2784717981019151    
  0.2913828025383892    
  0.3041465812914728    
  0.3167420756027890    
  0.3291478781951827    
  0.3413423860325313    
  0.3533039685552909    
  0.3650111421220242    
  0.3764427456022598    
  0.3875781207737959    
  0.3983972967501083    
  0.4088811672894277    
  0.4190116533995533    
  0.4287718554592417    
  0.4381461967793343    
  0.4471205477395334    
  0.4556823213413425    
  0.4638205464120239    
  0.4715259260638931    
  0.4787908733143502    
  0.4856095131696002    
  0.4919776588332350    
  0.4978927767633287    
  0.5033539370909028    
  0.5083617358319070    
  0.5129181945845491    
  0.5170266587095464    
  0.5206916967896703    
  0.5239189838004468    
  0.5267151665646190    
  0.5290877356878638    
  0.5310449153074956    
  0.5325955506127471    
  0.5337489800350588    
  0.5345149143923154    
  0.5349033449607186    
  0.5349244632505417    
  0.5345885661310827    
  0.5339059597758340    
  0.5328868946168985    
  0.5315415247978128    
  0.5298798560621589    
  0.5279116797670977    
  0.5256465298773316    
  0.5230936736380901    
  0.5202620992272915    
  0.5171604792874060    
  0.5137971418871379    
  0.5101800770775060    
  0.5063169527505675    
  0.5022151042074110    
  0.4978815145834061    
  0.4933228245399409    
  0.4885453617702300    
  0.4835551495753791    
  0.4783578948308951    
  0.4729589950017634    
  0.4673635708049191    
  0.4615764857070782    
  0.4556023381376972    
