  0.3780759428678462    
  0.3773604119805907    
  0.3765144030446334    
  0.3755391386897037    
  0.3744355741953228    
  0.3732044153494342    
  0.3718461191976926    
  0.3703608945595792    
  0.3687487187695922    
  0.3670093582678370    
  0.3651423736108200    
  0.3631471160847790    
  0.3610227366752287    
  0.3587682054611961    
  0.3563823207939993    
  0.3538637052497743    
  0.3512108077170774    
  0.3484219191892475    
  0.3454951854489091    
  0.3424286054748882    
  0.3392200291225145    
  0.3358671680251850    
  0.3323676102766923    
  0.3287188236689683    
  0.3249181529111956    
  0.3209628263731903    
  0.3168499710222464    
  0.3125766211657062    
  0.3081397192464299    
  0.3035361215476077    
  0.2987626132780358    
  0.2938159226401909    
  0.2886927280617914    
  0.2833896669496839    
  0.2779033529324608    
  0.2722303957548776    
  0.2663674169601540    
  0.2603110655881080    
  0.2540580408494878    
  0.2476051194732550    
  0.2409491816313923    
  0.2340872368560196    
  0.2270164556924738    
  0.2197342068629199    
  0.2122380951803022    
  0.2045260000473980    
  0.1965961187596489    
  0.1884470152326754    
  0.1800776705529470    
  0.1714875344176929    
  0.1626765802917996    
  0.1536453648735063    
  0.1443950888426915    
  0.1349276574921817    
  0.1252457429654855    
  0.1153528482384439    
  0.1052533697965564    
  0.9495265704964059E-01
  0.8445706928607172E-01
  0.7377402978058244E-01
  0.6291207373679093E-01
  0.5188088752785777E-01
  0.4069133936290104E-01
  0.2935550072189363E-01
  0.1788665519704137E-01
  0.6299292046268076E-02
 -0.5390915411561570E-02
 -0.1716714672805563E-01
 -0.2901148923539476E-01
 -0.4090501290870385E-01
 -0.5282786394215881E-01
 -0.6475937552858506E-01
 -0.7667819673752019E-01
 -0.8856243985020033E-01
 -0.1003898429119513    
 -0.1121379434599968    
 -0.1237842620437742    
 -0.1353064942578066    
 -0.1466827063392591    
 -0.1578915282140602    
 -0.1689123411888866    
 -0.1797254588785796    
 -0.1903122966009263    
 -0.2006555228533110    
 -0.2107391904557095    
 -0.2205488480620492    
 -0.2300716299554952    
 -0.2392963194432650    
 -0.2482133850104238    
 -0.2568149931154905    
 -0.2650949995054135    
 -0.2730489167697007    
 -0.2806738583144352    
 -0.2879684646976812    
 -0.2949328175229865    
 -0.3015683404907856    
 -0.3078776871997958    
 -0.3138646211297964    
 -0.3195338943710150    
 -0.3248911258866878    
 -0.3299426775251284    
 -0.3346955306598496    
 -0.3391571691554862    
 -0.3433354700247883    
 -0.3472385993858363    
 -0.3508749140893304    
 -0.3542528723384923    
 -0.3573809540350943    
 -0.3602675888804848    
 -0.3629210923542062    
 -0.3653496111100434    
 -0.3675610761331061    
 -0.3695631609796935    
 -0.3713632471304574    
 -0.3729683996264143    
 -0.3743853490900887    
 -0.3756204733905134    
 -0.3766797814356911    
 -0.3775689077218264    
 -0.3782931159174965    
 -0.3788572990088159    
 -0.3792659732157185    
 -0.3795232789507055    
 -0.3796329956272088    
 -0.3795985564363761    
 -0.3794230501817369    
 -0.3791092209484871    
 -0.3786594828002158    
 -0.3780759428678462    
 -0.3773604119805907    
 -0.3765144030446334    
 -0.3755391386897037    
 -0.3744355741953228    
 -0.3732044153494342    
 -0.3718461191976926    
 -0.3703608945595792    
 -0.3687487187695922    
 -0.3670093582678370    
 -0.3651423736108200    
 -0.3631471160847790    
 -0.3610227366752287    
 -0.3587682054611961    
 -0.3563823207939993    
 -0.3538637052497743    
 -0.3512108077170774    
 -0.3484219191892475    
 -0.3454951854489091    
 -0.3424286054748882    
 -0.3392200291225145    
 -0.3358671680251850    
 -0.3323676102766923    
 -0.3287188236689683    
 -0.3249181529111956    
 -0.3209628263731903    
 -0.3168499710222464    
 -0.3125766211657062    
 -0.3081397192464299    
 -0.3035361215476077    
 -0.2987626132780358    
 -0.2938159226401909    
 -0.2886927280617914    
 -0.2833896669496839    
 -0.2779033529324608    
 -0.2722303957548776    
 -0.2663674169601540    
 -0.2603110655881080    
 -0.2540580408494878    
 -0.2476051194732550    
 -0.2409491816313923    
 -0.2340872368560196    
 -0.2270164556924738    
 -0.2197342068629199    
 -0.2122380951803022    
 -0.2045260000473980    
 -0.1965961187596489    
 -0.1884470152326754    
 -0.1800776705529470    
 -0.1714875344176929    
 -0.1626765802917996    
 -0.1536453648735063    
 -0.1443950888426915    
 -0.1349276574921817    
 -0.1252457429654855    
 -0.1153528482384439    
 -0.1052533697965564    
 -0.9495265704964059E-01
 -0.8445706928607172E-01
 -0.7377402978058244E-01
 -0.6291207373679093E-01
 -0.5188088752785777E-01
 -0.4069133936290104E-01
 -0.2935550072189363E-01
 -0.1788665519704137E-01
 -0.6299292046268076E-02
  0.5390915411561570E-02
  0.1716714672805563E-01
  0.2901148923539476E-01
  0.4090501290870385E-01
  0.5282786394215881E-01
  0.6475937552858506E-01
  0.7667819673752019E-01
  0.8856243985020033E-01
  0.1003898429119513    
  0.1121379434599968    
  0.1237842620437742    
  0.1353064942578066    
  0.1466827063392591    
  0.1578915282140602    
  0.1689123411888866    
  0.1797254588785796    
  0.1903122966009263    
  0.2006555228533110    
  0.2107391904557095    
  0.2205488480620492    
  0.2300716299554952    
  0.2392963194432650    
  0.2482133850104238    
  0.2568149931154905    
  0.2650949995054135    
  0.2730489167697007    
  0.2806738583144352    
  0.2879684646976812    
  0.2949328175229865    
  0.3015683404907856    
  0.3078776871997958    
  0.3138646211297964    
  0.3195338943710150    
  0.3248911258866878    
  0.3299426775251284    
  0.3346955306598496    
  0.3391571691554862    
  0.3433354700247883    
  0.3472385993858363    
  0.3508749140893304    
  0.3542528723384923    
  0.3573809540350943    
  0.3602675888804848    
  0.3629210923542062    
  0.3653496111100434    
  0.3675610761331061    
  0.3695631609796935    
  0.3713632471304574    
  0.3729683996264143    
  0.3743853490900887    
  0.3756204733905134    
  0.3766797814356911    
  0.3775689077218264    
  0.3782931159174965    
  0.3788572990088159    
  0.3792659732157185    
  0.3795232789507055    
  0.3796329956272088    
  0.3795985564363761    
  0.3794230501817369    
  0.3791092209484871    
  0.3786594828002158    
