  0.6929533563093315E-01
  0.6809405105465527E-01
  0.6688998211220110E-01
  0.6568316518359735E-01
  0.6447363685810309E-01
  0.6326143393456007E-01
  0.6204659342166985E-01
  0.6082915253820759E-01
  0.5960914871318379E-01
  0.5838661958595437E-01
  0.5716160300628093E-01
  0.5593413703434313E-01
  0.5470425994070149E-01
  0.5347201020619291E-01
  0.5223742652175734E-01
  0.5100054778820812E-01
  0.4976141311596138E-01
  0.4852006182472174E-01
  0.4727653344311666E-01
  0.4603086770827036E-01
  0.4478310456532641E-01
  0.4353328416690910E-01
  0.4228144687253144E-01
  0.4102763324795927E-01
  0.3977188406454230E-01
  0.3851424029850392E-01
  0.3725474313016752E-01
  0.3599343394311444E-01
  0.3473035432329247E-01
  0.3346554605809415E-01
  0.3219905113540183E-01
  0.3093091174258394E-01
  0.2966117026543119E-01
  0.2838986928704279E-01
  0.2711705158667760E-01
  0.2584276013856490E-01
  0.2456703811067218E-01
  0.2328992886342501E-01
  0.2201147594839031E-01
  0.2073172310692817E-01
  0.1945071426879896E-01
  0.1816849355071093E-01
  0.1688510525482156E-01
  0.1560059386721441E-01
  0.1431500405636621E-01
  0.1302838067157580E-01
  0.1174076874133445E-01
  0.1045221347164227E-01
  0.9162760244291579E-02
  0.7872454615134972E-02
  0.6581342312336813E-02
  0.5289469234592614E-02
  0.3996881449305212E-02
  0.2703625190705328E-02
  0.1409746857928107E-02
  0.1152930130726149E-03
 -0.1179689620735835E-02
 -0.2475154161296123E-02
 -0.3771053569324445E-02
 -0.5067340650507957E-02
 -0.6363968057602420E-02
 -0.7660888292543300E-02
 -0.8958053708550739E-02
 -0.1025541651223233E-01
 -0.1155292876572389E-01
 -0.1285054238889999E-01
 -0.1414820916163517E-01
 -0.1544588072606329E-01
 -0.1674350858879059E-01
 -0.1804104412311142E-01
 -0.1933843857129719E-01
 -0.2063564304697740E-01
 -0.2193260853753687E-01
 -0.2322928590645118E-01
 -0.2452562589557505E-01
 -0.2582157912747046E-01
 -0.2711709610784330E-01
 -0.2841212722805442E-01
 -0.2970662276759839E-01
 -0.3100053289649596E-01
 -0.3229380767766465E-01
 -0.3358639706937838E-01
 -0.3487825092783692E-01
 -0.3616931900974318E-01
 -0.3745955097478876E-01
 -0.3874889638808571E-01
 -0.4003730472266326E-01
 -0.4132472536207482E-01
 -0.4261110760302889E-01
 -0.4389640065794609E-01
 -0.4518055365745610E-01
 -0.4646351565293155E-01
 -0.4774523561910976E-01
 -0.4902566245675827E-01
 -0.5030474499529491E-01
 -0.5158243199534995E-01
 -0.5285867215133555E-01
 -0.5413341409407774E-01
 -0.5540660639349326E-01
 -0.5667819756124048E-01
 -0.5794813605332244E-01
 -0.5921637027269466E-01
 -0.6048284857193437E-01
 -0.6174751925593486E-01
 -0.6301033058455879E-01
 -0.6427123077524316E-01
 -0.6553016800563549E-01
 -0.6678709041630304E-01
 -0.6804194611346198E-01
 -0.6929468317164034E-01
 -0.7054524963628439E-01
 -0.7179359352639469E-01
 -0.7303966283725161E-01
 -0.7428340554317875E-01
 -0.7552476960024418E-01
 -0.7676370294887680E-01
 -0.7800015351648582E-01
 -0.7923406922017900E-01
 -0.8046539796955532E-01
 -0.8169408766945074E-01
 -0.8292008622258024E-01
 -0.8414334153215464E-01
 -0.8536380150459011E-01
 -0.8658141405230513E-01
 -0.8779612709649665E-01
 -0.8900788856982850E-01
 -0.9021664641908583E-01
 -0.9142234860788823E-01
 -0.9262494311948299E-01
 -0.9382437795954757E-01
 -0.9502060115893363E-01
 -0.9621356077634857E-01
 -0.9740320490106091E-01
 -0.9858948165570669E-01
 -0.9977233919916584E-01
 -0.1009517257293719    
 -0.1021275894860057    
 -0.1032998787532002    
 -0.1044685418624061    
 -0.1056335271953484    
 -0.1067947831868767    
 -0.1079522583276771    
 -0.1091059011670392    
 -0.1102556603158142    
 -0.1114014844494315    
 -0.1125433223107850    
 -0.1136811227130117    
 -0.1148148345423570    
 -0.1159444067611948    
 -0.1170697884110882    
 -0.1181909286157758    
 -0.1193077765841057    
 -0.1204202816130060    
 -0.1215283930905322    
 -0.1226320604989820    
 -0.1237312334180232    
 -0.1248258615277835    
 -0.1259158946119242    
 -0.1270012825607841    
 -0.1280819753746343    
 -0.1291579231669524    
 -0.1302290761676243    
 -0.1312953847261427    
 -0.1323567993149322    
 -0.1334132705327788    
 -0.1344647491082174    
 -0.1355111859028578    
 -0.1365525319147878    
 -0.1375887382821225    
 -0.1386197562865747    
 -0.1396455373569585    
 -0.1406660330727312    
 -0.1416811951676842    
 -0.1426909755336952    
 -0.1436953262244023    
 -0.1446941994588666    
 -0.1456875476254020    
 -0.1466753232855582    
 -0.1476574791780609    
 -0.1486339682226536    
 -0.1496047435240195    
 -0.1505697583759134    
 -0.1515289662653693    
 -0.1524823208768138    
 -0.1534297760961571    
 -0.1543712860150557    
 -0.1553068049353441    
 -0.1562362873734380    
 -0.1571596880646567    
 -0.1580769619676343    
 -0.1589880642689360    
 -0.1598929503877464    
 -0.1607915759804726    
 -0.1616838969453418    
 -0.1625698694271835    
 -0.1634494498223598    
 -0.1643225947836655    
 -0.1651892612251722    
 -0.1660494063271987    
 -0.1669029875414654    
 -0.1677499625962629    
 -0.1685902895015330    
 -0.1694239265540358    
 -0.1702508323427301    
 -0.1710709657542172    
 -0.1718842859780682    
 -0.1726907525121544    
 -0.1734903251682105    
 -0.1742829640775625    
 -0.1750686296967490    
 -0.1758472828130409    
 -0.1766188845501173    
 -0.1773833963739693    
 -0.1781407800987873    
 -0.1788909978927191    
 -0.1796340122837123    
 -0.1803697861655723    
 -0.1810982828040300    
 -0.1818194658426557    
 -0.1825332993088101    
 -0.1832397476198555    
 -0.1839387755894475    
 -0.1846303484336156    
 -0.1853144317767355    
 -0.1859909916577304    
 -0.1866599945364902    
 -0.1873214073001730    
 -0.1879751972692834    
 -0.1886213322038175    
 -0.1892597803096351    
 -0.1898905102448463    
 -0.1905134911259905    
 -0.1911286925341422    
 -0.1917360845211487    
 -0.1923356376159515    
 -0.1929273228308032    
 -0.1935111116673685    
 -0.1940869761228217    
 -0.1946548886959618    
 -0.1952148223932741    
 -0.1957667507349339    
 -0.1963106477607657    
 -0.1968464880361229    
 -0.1973742466576704    
 -0.1978938992591449    
 -0.1984054220171029    
 -0.1989087916565472    
 -0.1994039854563570    
 -0.1998909812546501    
 -0.2003697574541738    
 -0.2008402930276028    
 -0.2013025675225815    
 -0.2017565610665975    
 -0.2022022543718660    
 -0.2026396287401766    
 -0.2030686660674874    
 -0.2034893488482527    
 -0.2039016601796731    
 -0.2043055837659389    
 -0.2047011039222741    
 -0.2050882055786777    
 -0.2054668742834793    
 -0.2058370962068288    
 -0.2061988581440284    
 -0.2065521475185832    
 -0.2068969523850159    
 -0.2072332614315529    
 -0.2075610639826455    
 -0.2078803500012310    
 -0.2081911100907232    
 -0.2084933354968022    
 -0.2087870181089937    
 -0.2090721504620068    
 -0.2093487257368287    
 -0.2096167377616087    
 -0.2098761810122927    
 -0.2101270506129680    
 -0.2103693423359403    
 -0.2106030526015981    
 -0.2108281784780260    
 -0.2110447176803292    
 -0.2112526685696743    
 -0.2114520301521024    
 -0.2116428020770751    
 -0.2118249846357094    
 -0.2119985787587251    
 -0.2121635860141730    
 -0.2123200086049261    
 -0.2124678493658632    
 -0.2126071117607242    
 -0.2127377998787121    
 -0.2128599184308538    
 -0.2129734727460926    
 -0.2130784687670901    
 -0.2131749130457836    
 -0.2132628127386940    
 -0.2133421756019478    
 -0.2134130099860006    
 -0.2134753248301309    
 -0.2135291296567292    
 -0.2135744345653396    
 -0.2136112502264143    
 -0.2136395878748192    
 -0.2136594593031280    
 -0.2136708768546933    
 -0.2136738534164848    
 -0.2136684024117350    
 -0.2136545377923995    
 -0.2136322740313891    
 -0.2136016261145377    
 -0.2135626095323870    
 -0.2135152402718676    
 -0.2134595348078474    
 -0.2133955100944486    
 -0.2133231835561435    
 -0.2132425730787217    
 -0.2131536970001884    
 -0.2130565741015267    
 -0.2129512235972892    
 -0.2128376651260582    
 -0.2127159187408355    
 -0.2125860048993337    
 -0.2124479444541476    
 -0.2123017586428468    
 -0.2121474690780572    
 -0.2119850977374871    
 -0.2118146669538310    
 -0.2116361994045872    
 -0.2114497181019100    
 -0.2112552463825186    
 -0.2110528078975584    
 -0.2108424266023476    
 -0.2106241267461160    
 -0.2103979328618633    
 -0.2101638697562990    
 -0.2099219624997399    
 -0.2096722364159564    
 -0.2094147170720941    
 -0.2091494302687522    
 -0.2088764020301283    
 -0.2085956585941571    
 -0.2083072264027021    
 -0.2080111320919036    
 -0.2077074024826641    
 -0.2073960645711874    
 -0.2070771455195719    
 -0.2067506726465647    
 -0.2064166734185031    
 -0.2060751754403638    
 -0.2057262064468703    
 -0.2053697942937442    
 -0.2050059669491908    
 -0.2046347524855798    
 -0.2042561790712083    
 -0.2038702749621588    
 -0.2034770684943661    
 -0.2030765880759556    
 -0.2026688621797552    
 -0.2022539193358948    
 -0.2018317881245406    
 -0.2014024971689006    
 -0.2009660751285072    
 -0.2005225506926660    
 -0.2000719525739889    
 -0.1996143095021052    
 -0.1991496502176624    
 -0.1986780034666152    
 -0.1981993979946613    
 -0.1977138625417794    
 -0.1972214258369603    
 -0.1967221165932538    
 -0.1962159635030845    
 -0.1957029952337201    
 -0.1951832404228420    
 -0.1946567276743323    
 -0.1941234855543645    
 -0.1935835425877514    
 -0.1930369272544230    
 -0.1924836679860311    
 -0.1919237931627830    
 -0.1913573311105807    
 -0.1907843100983853    
 -0.1902047583356886    
 -0.1896187039701048    
 -0.1890261750852116    
 -0.1884271996986864    
 -0.1878218057606545    
 -0.1872100211521101    
 -0.1865918736834524    
 -0.1859673910932691    
 -0.1853366010474213    
 -0.1846995311383088    
 -0.1840562088841928    
 -0.1834066617286014    
 -0.1827509170399779    
 -0.1820890021116190    
 -0.1814209441617960    
 -0.1807467703339098    
 -0.1800665076967105    
 -0.1793801832447151    
 -0.1786878238989031    
 -0.1779894565075886    
 -0.1772851078473408    
 -0.1765748046239392    
 -0.1758585734734865    
 -0.1751364409637495    
 -0.1744084335956802    
 -0.1736745778049980    
 -0.1729348999638056    
 -0.1721894263823134    
 -0.1714381833107483    
 -0.1706811969414199    
 -0.1699184934108580    
 -0.1691500988019767    
 -0.1683760391463205    
 -0.1675963404264564    
 -0.1668110285785085    
 -0.1660201294947491    
 -0.1652236690262113    
 -0.1644216729853558    
 -0.1636141671488665    
 -0.1628011772605628    
 -0.1619827290343558    
 -0.1611588481572039    
 -0.1603295602921142    
 -0.1594948910812470    
 -0.1586548661491214    
 -0.1578095111058520    
 -0.1569588515503790    
 -0.1561029130737153    
 -0.1552417212622665    
 -0.1543753017012308    
 -0.1535036799780421    
 -0.1526268816858058    
 -0.1517449324267291    
 -0.1508578578155694    
 -0.1499656834831410    
 -0.1490684350798739    
 -0.1481661382793881    
 -0.1472588187820443    
 -0.1463465023184738    
 -0.1454292146531195    
 -0.1445069815878195    
 -0.1435798289654172    
 -0.1426477826733724    
 -0.1417108686473434    
 -0.1407691128747404    
 -0.1398225413982652    
 -0.1388711803194691    
 -0.1379150558023258    
 -0.1369541940768120    
 -0.1359886214424412    
 -0.1350183642717452    
 -0.1340434490137243    
 -0.1330639021973098    
 -0.1320797504348446    
 -0.1310910204255476    
 -0.1300977389589164    
 -0.1290999329180638    
 -0.1280976292830251    
 -0.1270908551340770    
 -0.1260796376550664    
 -0.1250640041366973    
 -0.1240439819797242    
 -0.1230195986980749    
 -0.1219908819219638    
 -0.1209578594010410    
 -0.1199205590075205    
 -0.1188790087392117    
 -0.1178332367224371    
 -0.1167832712149151    
 -0.1157291406086703    
 -0.1146708734329513    
 -0.1136084983570711    
 -0.1125420441931359    
 -0.1114715398986976    
 -0.1103970145793987    
 -0.1093184974916133    
 -0.1082360180450531    
 -0.1071496058052870    
 -0.1060592904961780    
 -0.1049651020022550    
 -0.1038670703710556    
 -0.1027652258154457    
 -0.1016595987159007    
 -0.1005502196227104    
 -0.9943711925809295E-01
 -0.9832032851824257E-01
 -0.9719987847535005E-01
 -0.9607580037960450E-01
 -0.9494812566114114E-01
 -0.9381688593189619E-01
 -0.9268211298737494E-01
 -0.9154383880836697E-01
 -0.9040209556263407E-01
 -0.8925691560655613E-01
 -0.8810833148671926E-01
 -0.8695637594142935E-01
 -0.8580108190215646E-01
 -0.8464248249490858E-01
 -0.8348061104154891E-01
 -0.8231550106107116E-01
 -0.8114718627083728E-01
 -0.7997570058775660E-01
 -0.7880107812938553E-01
 -0.7762335321494612E-01
 -0.7644256036628866E-01
 -0.7525873430881003E-01
 -0.7407190997232305E-01
 -0.7288212249186826E-01
 -0.7168940720846817E-01
 -0.7049379966982228E-01
 -0.6929533563093315E-01
 -0.6809405105465527E-01
 -0.6688998211220110E-01
 -0.6568316518359735E-01
 -0.6447363685810309E-01
 -0.6326143393456007E-01
 -0.6204659342166985E-01
 -0.6082915253820759E-01
 -0.5960914871318379E-01
 -0.5838661958595437E-01
 -0.5716160300628093E-01
 -0.5593413703434313E-01
 -0.5470425994070149E-01
 -0.5347201020619291E-01
 -0.5223742652175734E-01
 -0.5100054778820812E-01
 -0.4976141311596138E-01
 -0.4852006182472174E-01
 -0.4727653344311666E-01
 -0.4603086770827036E-01
 -0.4478310456532641E-01
 -0.4353328416690910E-01
 -0.4228144687253144E-01
 -0.4102763324795927E-01
 -0.3977188406454230E-01
 -0.3851424029850392E-01
 -0.3725474313016752E-01
 -0.3599343394311444E-01
 -0.3473035432329247E-01
 -0.3346554605809415E-01
 -0.3219905113540183E-01
 -0.3093091174258394E-01
 -0.2966117026543119E-01
 -0.2838986928704279E-01
 -0.2711705158667760E-01
 -0.2584276013856490E-01
 -0.2456703811067218E-01
 -0.2328992886342501E-01
 -0.2201147594839031E-01
 -0.2073172310692817E-01
 -0.1945071426879896E-01
 -0.1816849355071093E-01
 -0.1688510525482156E-01
 -0.1560059386721441E-01
 -0.1431500405636621E-01
 -0.1302838067157580E-01
 -0.1174076874133445E-01
 -0.1045221347164227E-01
 -0.9162760244291579E-02
 -0.7872454615134972E-02
 -0.6581342312336813E-02
 -0.5289469234592614E-02
 -0.3996881449305212E-02
 -0.2703625190705328E-02
 -0.1409746857928107E-02
 -0.1152930130726149E-03
  0.1179689620735835E-02
  0.2475154161296123E-02
  0.3771053569324445E-02
  0.5067340650507957E-02
  0.6363968057602420E-02
  0.7660888292543300E-02
  0.8958053708550739E-02
  0.1025541651223233E-01
  0.1155292876572389E-01
  0.1285054238889999E-01
  0.1414820916163517E-01
  0.1544588072606329E-01
  0.1674350858879059E-01
  0.1804104412311142E-01
  0.1933843857129719E-01
  0.2063564304697740E-01
  0.2193260853753687E-01
  0.2322928590645118E-01
  0.2452562589557505E-01
  0.2582157912747046E-01
  0.2711709610784330E-01
  0.2841212722805442E-01
  0.2970662276759839E-01
  0.3100053289649596E-01
  0.3229380767766465E-01
  0.3358639706937838E-01
  0.3487825092783692E-01
  0.3616931900974318E-01
  0.3745955097478876E-01
  0.3874889638808571E-01
  0.4003730472266326E-01
  0.4132472536207482E-01
  0.4261110760302889E-01
  0.4389640065794609E-01
  0.4518055365745610E-01
  0.4646351565293155E-01
  0.4774523561910976E-01
  0.4902566245675827E-01
  0.5030474499529491E-01
  0.5158243199534995E-01
  0.5285867215133555E-01
  0.5413341409407774E-01
  0.5540660639349326E-01
  0.5667819756124048E-01
  0.5794813605332244E-01
  0.5921637027269466E-01
  0.6048284857193437E-01
  0.6174751925593486E-01
  0.6301033058455879E-01
  0.6427123077524316E-01
  0.6553016800563549E-01
  0.6678709041630304E-01
  0.6804194611346198E-01
  0.6929468317164034E-01
  0.7054524963628439E-01
  0.7179359352639469E-01
  0.7303966283725161E-01
  0.7428340554317875E-01
  0.7552476960024418E-01
  0.7676370294887680E-01
  0.7800015351648582E-01
  0.7923406922017900E-01
  0.8046539796955532E-01
  0.8169408766945074E-01
  0.8292008622258024E-01
  0.8414334153215464E-01
  0.8536380150459011E-01
  0.8658141405230513E-01
  0.8779612709649665E-01
  0.8900788856982850E-01
  0.9021664641908583E-01
  0.9142234860788823E-01
  0.9262494311948299E-01
  0.9382437795954757E-01
  0.9502060115893363E-01
  0.9621356077634857E-01
  0.9740320490106091E-01
  0.9858948165570669E-01
  0.9977233919916584E-01
  0.1009517257293719    
  0.1021275894860057    
  0.1032998787532002    
  0.1044685418624061    
  0.1056335271953484    
  0.1067947831868767    
  0.1079522583276771    
  0.1091059011670392    
  0.1102556603158142    
  0.1114014844494315    
  0.1125433223107850    
  0.1136811227130117    
  0.1148148345423570    
  0.1159444067611948    
  0.1170697884110882    
  0.1181909286157758    
  0.1193077765841057    
  0.1204202816130060    
  0.1215283930905322    
  0.1226320604989820    
  0.1237312334180232    
  0.1248258615277835    
  0.1259158946119242    
  0.1270012825607841    
  0.1280819753746343    
  0.1291579231669524    
  0.1302290761676243    
  0.1312953847261427    
  0.1323567993149322    
  0.1334132705327788    
  0.1344647491082174    
  0.1355111859028578    
  0.1365525319147878    
  0.1375887382821225    
  0.1386197562865747    
  0.1396455373569585    
  0.1406660330727312    
  0.1416811951676842    
  0.1426909755336952    
  0.1436953262244023    
  0.1446941994588666    
  0.1456875476254020    
  0.1466753232855582    
  0.1476574791780609    
  0.1486339682226536    
  0.1496047435240195    
  0.1505697583759134    
  0.1515289662653693    
  0.1524823208768138    
  0.1534297760961571    
  0.1543712860150557    
  0.1553068049353441    
  0.1562362873734380    
  0.1571596880646567    
  0.1580769619676343    
  0.1589880642689360    
  0.1598929503877464    
  0.1607915759804726    
  0.1616838969453418    
  0.1625698694271835    
  0.1634494498223598    
  0.1643225947836655    
  0.1651892612251722    
  0.1660494063271987    
  0.1669029875414654    
  0.1677499625962629    
  0.1685902895015330    
  0.1694239265540358    
  0.1702508323427301    
  0.1710709657542172    
  0.1718842859780682    
  0.1726907525121544    
  0.1734903251682105    
  0.1742829640775625    
  0.1750686296967490    
  0.1758472828130409    
  0.1766188845501173    
  0.1773833963739693    
  0.1781407800987873    
  0.1788909978927191    
  0.1796340122837123    
  0.1803697861655723    
  0.1810982828040300    
  0.1818194658426557    
  0.1825332993088101    
  0.1832397476198555    
  0.1839387755894475    
  0.1846303484336156    
  0.1853144317767355    
  0.1859909916577304    
  0.1866599945364902    
  0.1873214073001730    
  0.1879751972692834    
  0.1886213322038175    
  0.1892597803096351    
  0.1898905102448463    
  0.1905134911259905    
  0.1911286925341422    
  0.1917360845211487    
  0.1923356376159515    
  0.1929273228308032    
  0.1935111116673685    
  0.1940869761228217    
  0.1946548886959618    
  0.1952148223932741    
  0.1957667507349339    
  0.1963106477607657    
  0.1968464880361229    
  0.1973742466576704    
  0.1978938992591449    
  0.1984054220171029    
  0.1989087916565472    
  0.1994039854563570    
  0.1998909812546501    
  0.2003697574541738    
  0.2008402930276028    
  0.2013025675225815    
  0.2017565610665975    
  0.2022022543718660    
  0.2026396287401766    
  0.2030686660674874    
  0.2034893488482527    
  0.2039016601796731    
  0.2043055837659389    
  0.2047011039222741    
  0.2050882055786777    
  0.2054668742834793    
  0.2058370962068288    
  0.2061988581440284    
  0.2065521475185832    
  0.2068969523850159    
  0.2072332614315529    
  0.2075610639826455    
  0.2078803500012310    
  0.2081911100907232    
  0.2084933354968022    
  0.2087870181089937    
  0.2090721504620068    
  0.2093487257368287    
  0.2096167377616087    
  0.2098761810122927    
  0.2101270506129680    
  0.2103693423359403    
  0.2106030526015981    
  0.2108281784780260    
  0.2110447176803292    
  0.2112526685696743    
  0.2114520301521024    
  0.2116428020770751    
  0.2118249846357094    
  0.2119985787587251    
  0.2121635860141730    
  0.2123200086049261    
  0.2124678493658632    
  0.2126071117607242    
  0.2127377998787121    
  0.2128599184308538    
  0.2129734727460926    
  0.2130784687670901    
  0.2131749130457836    
  0.2132628127386940    
  0.2133421756019478    
  0.2134130099860006    
  0.2134753248301309    
  0.2135291296567292    
  0.2135744345653396    
  0.2136112502264143    
  0.2136395878748192    
  0.2136594593031280    
  0.2136708768546933    
  0.2136738534164848    
  0.2136684024117350    
  0.2136545377923995    
  0.2136322740313891    
  0.2136016261145377    
  0.2135626095323870    
  0.2135152402718676    
  0.2134595348078474    
  0.2133955100944486    
  0.2133231835561435    
  0.2132425730787217    
  0.2131536970001884    
  0.2130565741015267    
  0.2129512235972892    
  0.2128376651260582    
  0.2127159187408355    
  0.2125860048993337    
  0.2124479444541476    
  0.2123017586428468    
  0.2121474690780572    
  0.2119850977374871    
  0.2118146669538310    
  0.2116361994045872    
  0.2114497181019100    
  0.2112552463825186    
  0.2110528078975584    
  0.2108424266023476    
  0.2106241267461160    
  0.2103979328618633    
  0.2101638697562990    
  0.2099219624997399    
  0.2096722364159564    
  0.2094147170720941    
  0.2091494302687522    
  0.2088764020301283    
  0.2085956585941571    
  0.2083072264027021    
  0.2080111320919036    
  0.2077074024826641    
  0.2073960645711874    
  0.2070771455195719    
  0.2067506726465647    
  0.2064166734185031    
  0.2060751754403638    
  0.2057262064468703    
  0.2053697942937442    
  0.2050059669491908    
  0.2046347524855798    
  0.2042561790712083    
  0.2038702749621588    
  0.2034770684943661    
  0.2030765880759556    
  0.2026688621797552    
  0.2022539193358948    
  0.2018317881245406    
  0.2014024971689006    
  0.2009660751285072    
  0.2005225506926660    
  0.2000719525739889    
  0.1996143095021052    
  0.1991496502176624    
  0.1986780034666152    
  0.1981993979946613    
  0.1977138625417794    
  0.1972214258369603    
  0.1967221165932538    
  0.1962159635030845    
  0.1957029952337201    
  0.1951832404228420    
  0.1946567276743323    
  0.1941234855543645    
  0.1935835425877514    
  0.1930369272544230    
  0.1924836679860311    
  0.1919237931627830    
  0.1913573311105807    
  0.1907843100983853    
  0.1902047583356886    
  0.1896187039701048    
  0.1890261750852116    
  0.1884271996986864    
  0.1878218057606545    
  0.1872100211521101    
  0.1865918736834524    
  0.1859673910932691    
  0.1853366010474213    
  0.1846995311383088    
  0.1840562088841928    
  0.1834066617286014    
  0.1827509170399779    
  0.1820890021116190    
  0.1814209441617960    
  0.1807467703339098    
  0.1800665076967105    
  0.1793801832447151    
  0.1786878238989031    
  0.1779894565075886    
  0.1772851078473408    
  0.1765748046239392    
  0.1758585734734865    
  0.1751364409637495    
  0.1744084335956802    
  0.1736745778049980    
  0.1729348999638056    
  0.1721894263823134    
  0.1714381833107483    
  0.1706811969414199    
  0.1699184934108580    
  0.1691500988019767    
  0.1683760391463205    
  0.1675963404264564    
  0.1668110285785085    
  0.1660201294947491    
  0.1652236690262113    
  0.1644216729853558    
  0.1636141671488665    
  0.1628011772605628    
  0.1619827290343558    
  0.1611588481572039    
  0.1603295602921142    
  0.1594948910812470    
  0.1586548661491214    
  0.1578095111058520    
  0.1569588515503790    
  0.1561029130737153    
  0.1552417212622665    
  0.1543753017012308    
  0.1535036799780421    
  0.1526268816858058    
  0.1517449324267291    
  0.1508578578155694    
  0.1499656834831410    
  0.1490684350798739    
  0.1481661382793881    
  0.1472588187820443    
  0.1463465023184738    
  0.1454292146531195    
  0.1445069815878195    
  0.1435798289654172    
  0.1426477826733724    
  0.1417108686473434    
  0.1407691128747404    
  0.1398225413982652    
  0.1388711803194691    
  0.1379150558023258    
  0.1369541940768120    
  0.1359886214424412    
  0.1350183642717452    
  0.1340434490137243    
  0.1330639021973098    
  0.1320797504348446    
  0.1310910204255476    
  0.1300977389589164    
  0.1290999329180638    
  0.1280976292830251    
  0.1270908551340770    
  0.1260796376550664    
  0.1250640041366973    
  0.1240439819797242    
  0.1230195986980749    
  0.1219908819219638    
  0.1209578594010410    
  0.1199205590075205    
  0.1188790087392117    
  0.1178332367224371    
  0.1167832712149151    
  0.1157291406086703    
  0.1146708734329513    
  0.1136084983570711    
  0.1125420441931359    
  0.1114715398986976    
  0.1103970145793987    
  0.1093184974916133    
  0.1082360180450531    
  0.1071496058052870    
  0.1060592904961780    
  0.1049651020022550    
  0.1038670703710556    
  0.1027652258154457    
  0.1016595987159007    
  0.1005502196227104    
  0.9943711925809295E-01
  0.9832032851824257E-01
  0.9719987847535005E-01
  0.9607580037960450E-01
  0.9494812566114114E-01
  0.9381688593189619E-01
  0.9268211298737494E-01
  0.9154383880836697E-01
  0.9040209556263407E-01
  0.8925691560655613E-01
  0.8810833148671926E-01
  0.8695637594142935E-01
  0.8580108190215646E-01
  0.8464248249490858E-01
  0.8348061104154891E-01
  0.8231550106107116E-01
  0.8114718627083728E-01
  0.7997570058775660E-01
  0.7880107812938553E-01
  0.7762335321494612E-01
  0.7644256036628866E-01
  0.7525873430881003E-01
  0.7407190997232305E-01
  0.7288212249186826E-01
  0.7168940720846817E-01
  0.7049379966982228E-01
