  0.2415562643666763    
  0.2458720682850306    
  0.2503185898692247    
  0.2549002966134648    
  0.2596224106829775    
  0.2644901621304130    
  0.2695087828107015    
  0.2746843483339018    
  0.2800238137988296    
  0.2855342181607769    
  0.2912227821530511    
  0.2970978366780316    
  0.3031687832340262    
  0.3094452485260234    
  0.3159373119201105    
  0.3226565343850910    
  0.3296158241496733    
  0.3368285323069147    
  0.3443088332565931    
  0.3520728512448921    
  0.3601383674868042    
  0.3685237927697737    
  0.3772486573418242    
  0.3863347050555790    
  0.3958051559254917    
  0.4056831776902843    
  0.4159919861862169    
  0.4267550287861835    
  0.4379933219329772    
  0.4497212665292762    
  0.4619431746029256    
  0.4746474637448981    
  0.4877942036505351    
  0.5012968716994471    
  0.5149991149035051    
  0.5286406407416469    
  0.5418079470057408    
  0.5538781682856304    
  0.5639743543369420    
  0.5709613831140206    
  0.5735365990589478    
  0.5704746119804651    
  0.5610061312841171    
  0.5451673073871204    
  0.5238957975843219    
  0.4987828300388938    
  0.4716204821897098    
  0.4439937220404074    
  0.4170737331595044    
  0.3916015316693640    
  0.3679681596784829    
  0.3463173268618591    
  0.3266381008253396    
  0.3088343559220948    
  0.2927679795046385    
  0.2782840346134333    
  0.2652272758187175    
  0.2534518100342016    
  0.2428238559937341    
  0.2332218835112597    
  0.2245375954367801    
  0.2166760851114277    
  0.2095537041690174    
  0.2030961015522953    
  0.1972380383209604    
  0.1919229003803468    
  0.1871007478925129    
  0.1827269455958658    
  0.1787623097640225    
  0.1751728185882268    
  0.1719281439503167    
  0.1690008519396564    
  0.1663668161627815    
  0.1640050572073534    
  0.1618965996592787    
  0.1600240417155532    
  0.1583720964114822    
  0.1569274670730971    
  0.1556779072642618    
  0.1546120275875820    
  0.1537198834467466    
  0.1529928367437536    
  0.1524227493600698    
  0.1520019518596098    
  0.1517238361682694    
  0.1515826811669930    
  0.1515729416618102    
  0.1516893356889664    
  0.1519274210591807    
  0.1522833756648344    
  0.1527533603975269    
  0.1533336990023148    
  0.1540214274457639    
  0.1548140255198722    
  0.1557088408704006    
  0.1567033449195883    
  0.1577956489544894    
  0.1589841861501491    
  0.1602671888944582    
  0.1616430100028756    
  0.1631106019225887    
  0.1646691495070826    
  0.1663175962128099    
  0.1680550236332786    
  0.1698810914581791    
  0.1717956218283337    
  0.1737981724880814    
  0.1758884704670412    
  0.1780668110064147    
  0.1803335943531902    
  0.1826889458186126    
  0.1851332015448706    
  0.1876672647669219    
  0.1902920956915732    
  0.1930083798934565    
  0.1958170656936859    
  0.1987196759106838    
  0.2017177511472349    
  0.2048125693779562    
  0.2080057358110029    
  0.2112994477389861    
  0.2146958911656734    
  0.2181970160631468    
  0.2218051809852662    
  0.2255233678731388    
  0.2293545315657198    
  0.2333014372534569    
  0.2373673637822095    
  0.2415562643666763    
  0.2458720682850306    
  0.2503185898692247    
  0.2549002966134648    
  0.2596224106829775    
  0.2644901621304130    
  0.2695087828107015    
  0.2746843483339018    
  0.2800238137988296    
  0.2855342181607769    
  0.2912227821530511    
  0.2970978366780316    
  0.3031687832340262    
  0.3094452485260234    
  0.3159373119201105    
  0.3226565343850910    
  0.3296158241496733    
  0.3368285323069147    
  0.3443088332565931    
  0.3520728512448921    
  0.3601383674868042    
  0.3685237927697737    
  0.3772486573418242    
  0.3863347050555790    
  0.3958051559254917    
  0.4056831776902843    
  0.4159919861862169    
  0.4267550287861835    
  0.4379933219329772    
  0.4497212665292762    
  0.4619431746029256    
  0.4746474637448981    
  0.4877942036505351    
  0.5012968716994471    
  0.5149991149035051    
  0.5286406407416469    
  0.5418079470057408    
  0.5538781682856304    
  0.5639743543369420    
  0.5709613831140206    
  0.5735365990589478    
  0.5704746119804651    
  0.5610061312841171    
  0.5451673073871204    
  0.5238957975843219    
  0.4987828300388938    
  0.4716204821897098    
  0.4439937220404074    
  0.4170737331595044    
  0.3916015316693640    
  0.3679681596784829    
  0.3463173268618591    
  0.3266381008253396    
  0.3088343559220948    
  0.2927679795046385    
  0.2782840346134333    
  0.2652272758187175    
  0.2534518100342016    
  0.2428238559937341    
  0.2332218835112597    
  0.2245375954367801    
  0.2166760851114277    
  0.2095537041690174    
  0.2030961015522953    
  0.1972380383209604    
  0.1919229003803468    
  0.1871007478925129    
  0.1827269455958658    
  0.1787623097640225    
  0.1751728185882268    
  0.1719281439503167    
  0.1690008519396564    
  0.1663668161627815    
  0.1640050572073534    
  0.1618965996592787    
  0.1600240417155532    
  0.1583720964114822    
  0.1569274670730971    
  0.1556779072642618    
  0.1546120275875820    
  0.1537198834467466    
  0.1529928367437536    
  0.1524227493600698    
  0.1520019518596098    
  0.1517238361682694    
  0.1515826811669930    
  0.1515729416618102    
  0.1516893356889664    
  0.1519274210591807    
  0.1522833756648344    
  0.1527533603975269    
  0.1533336990023148    
  0.1540214274457639    
  0.1548140255198722    
  0.1557088408704006    
  0.1567033449195883    
  0.1577956489544894    
  0.1589841861501491    
  0.1602671888944582    
  0.1616430100028756    
  0.1631106019225887    
  0.1646691495070826    
  0.1663175962128099    
  0.1680550236332786    
  0.1698810914581791    
  0.1717956218283337    
  0.1737981724880814    
  0.1758884704670412    
  0.1780668110064147    
  0.1803335943531902    
  0.1826889458186126    
  0.1851332015448706    
  0.1876672647669219    
  0.1902920956915732    
  0.1930083798934565    
  0.1958170656936859    
  0.1987196759106838    
  0.2017177511472349    
  0.2048125693779562    
  0.2080057358110029    
  0.2112994477389861    
  0.2146958911656734    
  0.2181970160631468    
  0.2218051809852662    
  0.2255233678731388    
  0.2293545315657198    
  0.2333014372534569    
  0.2373673637822095    
