  0.5511148150185339    
  0.5448439231134323    
  0.5383630927062141    
  0.5316773183672809    
  0.5247912527366425    
  0.5177092232631153    
  0.5104352504602769    
  0.5029730661695473    
  0.4953261295128767    
  0.4874976410962426    
  0.4794905578400997    
  0.4713076085395547    
  0.4629513076879868    
  0.4544239665308237    
  0.4457277033791455    
  0.4368644548669151    
  0.4278359867798771    
  0.4186439024487457    
  0.4092896494263170    
  0.3997745266566441    
  0.3900996923078325    
  0.3802661704780997    
  0.3702748562355390    
  0.3601265205381029    
  0.3498218160627443    
  0.3393612830494057    
  0.3287453542100356    
  0.3179743593214381    
  0.3070485305324145    
  0.2959680083021559    
  0.2847328473993219    
  0.2733430231500719    
  0.2617984385643277    
  0.2500989325050169    
  0.2382442888341532    
  0.2262342468567894    
  0.2140685134476215    
  0.2017467768227885    
  0.1892687219443047    
  0.1766340480462507    
  0.1638424887350823    
  0.1508938345360770    
  0.1377879577458171    
  0.1245248400782750    
  0.1111046036913378    
  0.9752754556343046E-01
  0.8379417501268549E-01
  0.6990525470434134E-01
  0.5586184566143182E-01
  0.4166535620182521E-01
  0.2731759442029918E-01
  0.1282082425672351E-01
 -0.1822174634450391E-02
 -0.1660804354477322E-01
 -0.3153277859413681E-01
 -0.4659166221615416E-01
 -0.6177919250365838E-01
 -0.7708901122450668E-01
 -0.9251383173392838E-01
 -0.1080453677990956    
 -0.1236742642965603    
 -0.1393900313167716    
 -0.1551809836257775    
 -0.1710341872041093    
 -0.1869354144792644    
 -0.2028691103718001    
 -0.2188183715867189    
 -0.2347649411819710    
 -0.2506892201231606    
 -0.2665702978105349    
 -0.2823860036181263    
 -0.2981129807418301    
 -0.3137267829385857    
 -0.3292019946614538    
 -0.3445123748209233    
 -0.3596310232964287    
 -0.3745305682685345    
 -0.3891833721698977    
 -0.4035617537039967    
 -0.4176382222228662    
 -0.4313857197454638    
 -0.4447778659208412    
 -0.4577892013729075    
 -0.4703954241782248    
 -0.4825736137298176    
 -0.4943024370233077    
 -0.5055623334465115    
 -0.5163356741782436    
 -0.5266068922991192    
 -0.5363625811396129    
 -0.5455915602243633    
 -0.5542849086246542    
 -0.5624359654064408    
 -0.5700402981241821    
 -0.5770956422829984    
 -0.5836018151150382    
 -0.5895606062553618    
 -0.5949756483564959    
 -0.5998522722383319    
 -0.6041973512527312    
 -0.6080191379613926    
 -0.6113270957961712    
 -0.6141317297623727    
 -0.6164444205092510    
 -0.6182772639732634    
 -0.6196429172766952    
 -0.6205544526554403    
 -0.6210252222301972    
 -0.6210687347870725    
 -0.6206985436417541    
 -0.6199281453513292    
 -0.6187708908444582    
 -0.6172399097082476    
 -0.6153480457751663    
 -0.6131078019482898    
 -0.6105312945411900    
 -0.6076302180503080    
 -0.6044158189455002    
 -0.6008988757423274    
 -0.5970896846700412    
 -0.5929980522334339    
 -0.5886332944786301    
 -0.5840042403202299    
 -0.5791192370848746    
 -0.5739861592116182    
 -0.5686124211628510    
 -0.5630049928695603    
 -0.5571704151347778    
 -0.5511148150185339    
 -0.5448439231134323    
 -0.5383630927062141    
 -0.5316773183672809    
 -0.5247912527366425    
 -0.5177092232631153    
 -0.5104352504602769    
 -0.5029730661695473    
 -0.4953261295128767    
 -0.4874976410962426    
 -0.4794905578400997    
 -0.4713076085395547    
 -0.4629513076879868    
 -0.4544239665308237    
 -0.4457277033791455    
 -0.4368644548669151    
 -0.4278359867798771    
 -0.4186439024487457    
 -0.4092896494263170    
 -0.3997745266566441    
 -0.3900996923078325    
 -0.3802661704780997    
 -0.3702748562355390    
 -0.3601265205381029    
 -0.3498218160627443    
 -0.3393612830494057    
 -0.3287453542100356    
 -0.3179743593214381    
 -0.3070485305324145    
 -0.2959680083021559    
 -0.2847328473993219    
 -0.2733430231500719    
 -0.2617984385643277    
 -0.2500989325050169    
 -0.2382442888341532    
 -0.2262342468567894    
 -0.2140685134476215    
 -0.2017467768227885    
 -0.1892687219443047    
 -0.1766340480462507    
 -0.1638424887350823    
 -0.1508938345360770    
 -0.1377879577458171    
 -0.1245248400782750    
 -0.1111046036913378    
 -0.9752754556343046E-01
 -0.8379417501268549E-01
 -0.6990525470434134E-01
 -0.5586184566143182E-01
 -0.4166535620182521E-01
 -0.2731759442029918E-01
 -0.1282082425672351E-01
  0.1822174634450391E-02
  0.1660804354477322E-01
  0.3153277859413681E-01
  0.4659166221615416E-01
  0.6177919250365838E-01
  0.7708901122450668E-01
  0.9251383173392838E-01
  0.1080453677990956    
  0.1236742642965603    
  0.1393900313167716    
  0.1551809836257775    
  0.1710341872041093    
  0.1869354144792644    
  0.2028691103718001    
  0.2188183715867189    
  0.2347649411819710    
  0.2506892201231606    
  0.2665702978105349    
  0.2823860036181263    
  0.2981129807418301    
  0.3137267829385857    
  0.3292019946614538    
  0.3445123748209233    
  0.3596310232964287    
  0.3745305682685345    
  0.3891833721698977    
  0.4035617537039967    
  0.4176382222228662    
  0.4313857197454638    
  0.4447778659208412    
  0.4577892013729075    
  0.4703954241782248    
  0.4825736137298176    
  0.4943024370233077    
  0.5055623334465115    
  0.5163356741782436    
  0.5266068922991192    
  0.5363625811396129    
  0.5455915602243633    
  0.5542849086246542    
  0.5624359654064408    
  0.5700402981241821    
  0.5770956422829984    
  0.5836018151150382    
  0.5895606062553618    
  0.5949756483564959    
  0.5998522722383319    
  0.6041973512527312    
  0.6080191379613926    
  0.6113270957961712    
  0.6141317297623727    
  0.6164444205092510    
  0.6182772639732634    
  0.6196429172766952    
  0.6205544526554403    
  0.6210252222301972    
  0.6210687347870725    
  0.6206985436417541    
  0.6199281453513292    
  0.6187708908444582    
  0.6172399097082476    
  0.6153480457751663    
  0.6131078019482898    
  0.6105312945411900    
  0.6076302180503080    
  0.6044158189455002    
  0.6008988757423274    
  0.5970896846700412    
  0.5929980522334339    
  0.5886332944786301    
  0.5840042403202299    
  0.5791192370848746    
  0.5739861592116182    
  0.5686124211628510    
  0.5630049928695603    
  0.5571704151347778    
