   1.520473954558154    
   1.527128843560287    
   1.533345854800955    
   1.538139689816006    
   1.543207500078195    
   1.549543770060444    
   1.555973102031172    
   1.561656375760521    
   1.567408388221802    
   1.573822632977089    
   1.580247520897807    
   1.586295523681336    
   1.592568087892320    
   1.599301201873741    
   1.605849430940175    
   1.612001449828064    
   1.618404795702503    
   1.625265074009292    
   1.631921530589230    
   1.638100589239627    
   1.644378228061393    
   1.651015849903524    
   1.657460091909079    
   1.663385224511846    
   1.669208197975503    
   1.675183695532436    
   1.680907403996620    
   1.686082635693863    
   1.690955165503002    
   1.695654506690980    
   1.699846165540756    
   1.703327405501110    
   1.706290059974059    
   1.708746796506404    
   1.710321924036944    
   1.710806489188894    
   1.710326924090989    
   1.708808896833699    
   1.705844487341860    
   1.701206082241028    
   1.694928624486074    
   1.686788937495574    
   1.676253947463549    
   1.663012549052261    
   1.647005261180426    
   1.627863199380687    
   1.604858428486702    
   1.577457793786415    
   1.545378060082928    
   1.508030368837616    
   1.464432368923949    
   1.413718030803668    
   1.355208327849935    
   1.287906368099393    
   1.210404236253201    
   1.121330535089449    
   1.019401029503523    
  0.9029632303818680    
  0.7699288435067044    
  0.6181762621660751    
  0.4455676060775507    
  0.2495346530834191    
  0.2706659258095097E-01
 -0.2248832461350711    
 -0.5093786395744215    
 -0.8298456150700402    
  -1.189975720850080    
  -1.593224694816253    
  -2.042683649597044    
  -2.541241187488343    
  -3.091253084702093    
  -3.693813772554991    
  -4.348398021710297    
  -5.052763381396202    
  -5.802391051305909    
  -6.589672533274223    
  -7.403663667429147    
  -8.230312853258644    
  -9.052518332247516    
  -9.850310276604997    
  -10.60192971264913    
  -11.28552023524036    
  -11.88058207432493    
  -12.36928057758502    
  -12.73809863190293    
  -12.97926966798367    
  -13.09108997448935    
  -13.07742333528627    
  -12.94719266660650    
  -12.71359078280600    
  -12.39247522323869    
  -12.00063501065400    
  -11.55484930480116    
  -11.07129644084927    
  -10.56457937599629    
  -10.04696793463370    
  -9.528606612701624    
  -9.017936105755421    
  -8.521450654095450    
  -8.043532105748142    
  -7.587175966868680    
  -7.154663261423336    
  -6.747242142801254    
  -6.364878899203007    
  -6.007097948597716    
  -5.673670948855647    
  -5.363969869597581    
  -5.076403337562131    
  -4.809365317285446    
  -4.562125106878979    
  -4.333915444548770    
  -4.122904258644628    
  -3.927195774188048    
  -3.746155333391375    
  -3.579470963062433    
  -3.425590108788567    
  -3.282588509812585    
  -3.149997232494306    
  -3.028054628643768    
  -2.915608550573219    
  -2.810695156995250    
  -2.712916609091971    
  -2.623075926499370    
  -2.540474473048227    
  -2.462964505442460    
  -2.390013399744122    
  -2.323108928761247    
  -2.262277050910621    
  -2.204904978520190    
  -2.149544529037828    
  -2.098297015723690    
  -2.053096874327469    
  -2.011700208889937    
  -1.970398705941376    
  -1.929588346477950    
  -1.893263745886398    
  -1.862855484536388    
  -1.834643404545333    
  -1.804612128976913    
  -1.773814584610945    
  -1.746920815613067    
  -1.726025767048057    
  -1.707653988215859    
  -1.686689934949947    
  -1.662671791740076    
  -1.640791322816773    
  -1.625657542336404    
  -1.614967010688889    
  -1.601650373517065    
  -1.582830479714213    
  -1.564014621135772    
  -1.552121991202899    
  -1.546141837062171    
  -1.538244193675208    
  -1.524114927838057    
  -1.508514096851540    
  -1.498712577796956    
  -1.494953323863371    
  -1.490486566366844    
  -1.480474699325206    
  -1.467909360982820    
  -1.459431020493692    
  -1.456852830971685    
  -1.454957970662213    
  -1.448090332648128    
  -1.437374081197430    
  -1.429510449891695    
  -1.428282859371891    
  -1.429336875233843    
  -1.425333021719597    
  -1.415392422755616    
  -1.406606870474548    
  -1.405243416568892    
  -1.408788669987021    
  -1.409022714095621    
  -1.402034842328214    
  -1.392585397062455    
  -1.388094912282028    
  -1.390298881601412    
  -1.394025570417916    
  -1.393138898617142    
  -1.386556231691509    
  -1.378961014133024    
  -1.376317224203803    
  -1.379997247272506    
  -1.384719600575238    
  -1.383490892135743    
  -1.375763357393734    
  -1.369158763546485    
  -1.370718699793639    
  -1.377533499380179    
  -1.379819128844372    
  -1.373777988810471    
  -1.366942832895343    
  -1.367872580485880    
  -1.374276164605424    
  -1.376547037024505    
  -1.371612812527653    
  -1.366967791164919    
  -1.369332614009114    
  -1.374958737195247    
  -1.375624534689162    
  -1.370894565970551    
  -1.368468121662298    
  -1.372608867797195    
  -1.377987594880840    
  -1.377677826600988    
  -1.373223102947367    
  -1.372180023232147    
  -1.377105497294869    
  -1.382121357288268    
  -1.381704287310516    
  -1.378508087164449    
  -1.378949405218117    
  -1.383699455233896    
  -1.387373090806606    
  -1.387103859286098    
  -1.386307743816863    
  -1.388492280501231    
  -1.391981191541666    
  -1.393767563685795    
  -1.394802278305132    
  -1.397411457799985    
  -1.400344281269292    
  -1.401197012145170    
  -1.401772421175054    
  -1.405567147199384    
  -1.410964259646143    
  -1.412989669840515    
  -1.411941743321385    
  -1.413725004534917    
  -1.420089421429527    
  -1.425278189817706    
  -1.425538257697396    
  -1.425517301687856    
  -1.430356821533272    
  -1.437005579246777    
  -1.439712950608590    
  -1.439937860059048    
  -1.443442471172514    
  -1.450098938314625    
  -1.454447562670729    
  -1.455560518647315    
  -1.458487016212576    
  -1.465074607539711    
  -1.470790754670009    
  -1.472931875691639    
  -1.475315665526864    
  -1.481372098625083    
  -1.488241833299087    
  -1.492053331118003    
  -1.494558177643555    
  -1.499678521143299    
  -1.506737596384931    
  -1.512144972709926    
  -1.515721380301413    
  -1.520473954558154    
  -1.527128843560287    
  -1.533345854800955    
  -1.538139689816006    
  -1.543207500078195    
  -1.549543770060444    
  -1.555973102031172    
  -1.561656375760521    
  -1.567408388221802    
  -1.573822632977089    
  -1.580247520897807    
  -1.586295523681336    
  -1.592568087892320    
  -1.599301201873741    
  -1.605849430940175    
  -1.612001449828064    
  -1.618404795702503    
  -1.625265074009292    
  -1.631921530589230    
  -1.638100589239627    
  -1.644378228061393    
  -1.651015849903524    
  -1.657460091909079    
  -1.663385224511846    
  -1.669208197975503    
  -1.675183695532436    
  -1.680907403996620    
  -1.686082635693863    
  -1.690955165503002    
  -1.695654506690980    
  -1.699846165540756    
  -1.703327405501110    
  -1.706290059974059    
  -1.708746796506404    
  -1.710321924036944    
  -1.710806489188894    
  -1.710326924090989    
  -1.708808896833699    
  -1.705844487341860    
  -1.701206082241028    
  -1.694928624486074    
  -1.686788937495574    
  -1.676253947463549    
  -1.663012549052261    
  -1.647005261180426    
  -1.627863199380687    
  -1.604858428486702    
  -1.577457793786415    
  -1.545378060082928    
  -1.508030368837616    
  -1.464432368923949    
  -1.413718030803668    
  -1.355208327849935    
  -1.287906368099393    
  -1.210404236253201    
  -1.121330535089449    
  -1.019401029503523    
 -0.9029632303818680    
 -0.7699288435067044    
 -0.6181762621660751    
 -0.4455676060775507    
 -0.2495346530834191    
 -0.2706659258095097E-01
  0.2248832461350711    
  0.5093786395744215    
  0.8298456150700402    
   1.189975720850080    
   1.593224694816253    
   2.042683649597044    
   2.541241187488343    
   3.091253084702093    
   3.693813772554991    
   4.348398021710297    
   5.052763381396202    
   5.802391051305909    
   6.589672533274223    
   7.403663667429147    
   8.230312853258644    
   9.052518332247516    
   9.850310276604997    
   10.60192971264913    
   11.28552023524036    
   11.88058207432493    
   12.36928057758502    
   12.73809863190293    
   12.97926966798367    
   13.09108997448935    
   13.07742333528627    
   12.94719266660650    
   12.71359078280600    
   12.39247522323869    
   12.00063501065400    
   11.55484930480116    
   11.07129644084927    
   10.56457937599629    
   10.04696793463370    
   9.528606612701624    
   9.017936105755421    
   8.521450654095450    
   8.043532105748142    
   7.587175966868680    
   7.154663261423336    
   6.747242142801254    
   6.364878899203007    
   6.007097948597716    
   5.673670948855647    
   5.363969869597581    
   5.076403337562131    
   4.809365317285446    
   4.562125106878979    
   4.333915444548770    
   4.122904258644628    
   3.927195774188048    
   3.746155333391375    
   3.579470963062433    
   3.425590108788567    
   3.282588509812585    
   3.149997232494306    
   3.028054628643768    
   2.915608550573219    
   2.810695156995250    
   2.712916609091971    
   2.623075926499370    
   2.540474473048227    
   2.462964505442460    
   2.390013399744122    
   2.323108928761247    
   2.262277050910621    
   2.204904978520190    
   2.149544529037828    
   2.098297015723690    
   2.053096874327469    
   2.011700208889937    
   1.970398705941376    
   1.929588346477950    
   1.893263745886398    
   1.862855484536388    
   1.834643404545333    
   1.804612128976913    
   1.773814584610945    
   1.746920815613067    
   1.726025767048057    
   1.707653988215859    
   1.686689934949947    
   1.662671791740076    
   1.640791322816773    
   1.625657542336404    
   1.614967010688889    
   1.601650373517065    
   1.582830479714213    
   1.564014621135772    
   1.552121991202899    
   1.546141837062171    
   1.538244193675208    
   1.524114927838057    
   1.508514096851540    
   1.498712577796956    
   1.494953323863371    
   1.490486566366844    
   1.480474699325206    
   1.467909360982820    
   1.459431020493692    
   1.456852830971685    
   1.454957970662213    
   1.448090332648128    
   1.437374081197430    
   1.429510449891695    
   1.428282859371891    
   1.429336875233843    
   1.425333021719597    
   1.415392422755616    
   1.406606870474548    
   1.405243416568892    
   1.408788669987021    
   1.409022714095621    
   1.402034842328214    
   1.392585397062455    
   1.388094912282028    
   1.390298881601412    
   1.394025570417916    
   1.393138898617142    
   1.386556231691509    
   1.378961014133024    
   1.376317224203803    
   1.379997247272506    
   1.384719600575238    
   1.383490892135743    
   1.375763357393734    
   1.369158763546485    
   1.370718699793639    
   1.377533499380179    
   1.379819128844372    
   1.373777988810471    
   1.366942832895343    
   1.367872580485880    
   1.374276164605424    
   1.376547037024505    
   1.371612812527653    
   1.366967791164919    
   1.369332614009114    
   1.374958737195247    
   1.375624534689162    
   1.370894565970551    
   1.368468121662298    
   1.372608867797195    
   1.377987594880840    
   1.377677826600988    
   1.373223102947367    
   1.372180023232147    
   1.377105497294869    
   1.382121357288268    
   1.381704287310516    
   1.378508087164449    
   1.378949405218117    
   1.383699455233896    
   1.387373090806606    
   1.387103859286098    
   1.386307743816863    
   1.388492280501231    
   1.391981191541666    
   1.393767563685795    
   1.394802278305132    
   1.397411457799985    
   1.400344281269292    
   1.401197012145170    
   1.401772421175054    
   1.405567147199384    
   1.410964259646143    
   1.412989669840515    
   1.411941743321385    
   1.413725004534917    
   1.420089421429527    
   1.425278189817706    
   1.425538257697396    
   1.425517301687856    
   1.430356821533272    
   1.437005579246777    
   1.439712950608590    
   1.439937860059048    
   1.443442471172514    
   1.450098938314625    
   1.454447562670729    
   1.455560518647315    
   1.458487016212576    
   1.465074607539711    
   1.470790754670009    
   1.472931875691639    
   1.475315665526864    
   1.481372098625083    
   1.488241833299087    
   1.492053331118003    
   1.494558177643555    
   1.499678521143299    
   1.506737596384931    
   1.512144972709926    
   1.515721380301413    
