   501.7198122242446    
   505.5415806742632    
   509.4094128255522    
   513.3064971709196    
   517.2205250818970    
   521.1708123002986    
   525.1722392854839    
   529.2078555345734    
   533.2651863990906    
   537.3639185033292    
   541.5193358931050    
   545.7143367930527    
   549.9362731843989    
   554.2052496695436    
   558.5369988207916    
   562.9142583381058    
   567.3242008292527    
   571.7874002798144    
   576.3200876172286    
   580.9048314533793    
   585.5286187106876    
   590.2125487889979    
   594.9734077116577    
   599.7935897035230    
   604.6598919009181    
   609.5940019241057    
   614.6133254789771    
   619.7000796439473    
   624.8408686595749    
   630.0580378222897    
   635.3696860440002    
   640.7578545871445    
   646.2089546883764    
   651.7460680552247    
   657.3880714481770    
   663.1168363605055    
   668.9185838036125    
   674.8172206723947    
   680.8324989985122    
   686.9461329159833    
   693.1441608008722    
   699.4514164379165    
   705.8886401873210    
   712.4374090623289    
   719.0835921522527    
   725.8530669700075    
   732.7676939939470    
   739.8089436794339    
   746.9625373185095    
   754.2555317771453    
   761.7110622153325    
   769.3105361078455    
   777.0395588906654    
   784.9265252977314    
   792.9960276797281    
   801.2294711447194    
   809.6123912387674    
   818.1747073507239    
   826.9426858312759    
   835.8978119764782    
   845.0256159257007    
   854.3577636865652    
   863.9224550455517    
   873.7013666572856    
   883.6801123033476    
   893.8923705563760    
   904.3685872767663    
   915.0907790391342    
   926.0447650217116    
   937.2665578161179    
   948.7892289640057    
   960.5953325950969    
   972.6710586631068    
   985.0551458051252    
   997.7837558104131    
   1010.840242747295    
   1024.211391151774    
   1037.939148206553    
   1052.063339172207    
   1066.568466319886    
   1081.442211160757    
   1096.730328890700    
   1112.477021597394    
   1128.668402585097    
   1145.293458942288    
   1162.402505865944    
   1180.045017876929    
   1198.209335872205    
   1216.886305405537    
   1236.131754297236    
   1256.001564184543    
   1276.487127642525    
   1297.581898621820    
   1319.348436401885    
   1341.850480716622    
   1365.083581718923    
   1389.044822167297    
   1413.805067824740    
   1439.437789429970    
   1465.944185490922    
   1493.326361028950    
   1521.665543538705    
   1551.047374758533    
   1581.480720530988    
   1612.974618019310    
   1645.623363274339    
   1679.527975947030    
   1714.707735509453    
   1751.181237351885    
   1789.059440579608    
   1828.462990733826    
   1869.425329114533    
   1911.978226910720    
   1956.254110063244    
   2002.398910267719    
   2050.465352237560    
   2100.503361507461    
   2152.673269644166    
   2207.153853695222    
   2264.024097716141    
   2323.358888519774    
   2385.355064062460    
   2450.234295529063    
   2518.111216912962    
   2589.094820732711    
   2663.429759405308    
   2741.393714147500    
   2823.149241484824    
   2908.851225978881    
   2998.806382113333    
   3093.364707355354    
   3192.751610451221    
   3297.181588316499    
   3407.039462103425    
   3522.765320046819    
   3644.662249543228    
   3773.015857248823    
   3908.301210582160    
   4051.060002381224    
   4201.676947800655    
   4360.503221983708    
   4528.092668564555    
   4705.067716407558    
   4891.852660947740    
   5088.794635532829    
   5296.429060353916    
   5515.323799704634    
   5745.745424325809    
   5987.757929905896    
   6241.502883598825    
   6506.988651148450    
   6783.631380872965    
   7070.269664289151    
   7365.393427890234    
   7666.771134074615    
   7970.701978504988    
   8271.749778951464    
   8562.681710437579    
   8833.588332837298    
   9070.359717869049    
   9253.528981060668    
   9357.164004591690    
   9346.477388075595    
   9174.244239219552    
   8777.296048518378    
   8072.862609724675    
   6953.338227705473    
   5280.143378898577    
   2879.663675604121    
  -456.5007445529302    
  -4964.848633048016    
  -10890.17050507496    
  -18441.54504416716    
  -27716.02863694271    
  -38591.80387642339    
  -50608.41110558681    
  -62879.47503823596    
  -74115.39074142640    
  -82827.87641969170    
  -87705.10240675345    
  -88018.23196073563    
  -83855.93083948904    
  -76061.66839303734    
  -65921.02886526471    
  -54774.88525192937    
  -43729.63824264835    
  -33533.46455264443    
  -24588.07832875253    
  -17028.48753280211    
  -10816.56262795489    
  -5820.296810984959    
  -1869.610773450573    
   1209.792059971430    
   3578.594151189885    
   5376.317436697106    
   6719.949700431021    
   7705.549538225062    
   8410.621082884538    
   8896.661605729507    
   9212.091604380852    
   9395.193635706994    
   9476.309444948853    
   9479.275131377581    
   9422.667277812234    
   9321.019104383880    
   9185.722286016968    
   9025.628506236941    
   8847.645988646984    
   8657.301342881317    
   8459.005052688679    
   8256.108967286589    
   8051.091905229230    
   7845.877232219094    
   7642.005104589389    
   7440.636590770462    
   7242.617950763669    
   7048.623534634263    
   6859.185577976832    
   6674.620361294342    
   6495.055360377571    
   6320.565902239435    
   6151.225957573498    
   5987.043972339579    
   5827.952842068515    
   5673.886201544356    
   5524.792687661718    
   5380.563442944736    
   5241.019378640742    
   5105.991131778384    
   4975.353245015968    
   4848.968849677315    
   4726.667077375275    
   4608.298245423516    
   4493.755357707812    
   4382.916899756629    
   4275.617752970560    
   4171.699921414638    
   4071.045634626440    
   3973.536479177332    
   3879.025345770850    
   3787.378203371282    
   3698.505284388566    
   3612.321729105921    
   3528.711640751781    
   3447.559664197075    
   3368.784795423107    
   3292.310850736019    
   3218.032108196199    
   3145.841294349512    
   3075.667187751177    
   3007.451867279115    
   2941.113260447332    
   2876.564427343433    
   2813.750348366458    
   2752.629783703984    
   2693.135958498431    
   2635.190231703528    
   2578.741115443899    
   2523.753473903395    
   2470.169696329349    
   2417.918568240083    
   2366.955217136272    
   2317.255488072657    
   2268.775901482560    
   2221.456300829501    
   2175.259303277057    
   2130.169319631725    
   2086.152213960335    
   2043.153124226673    
   2001.136322948312    
   1960.089656928217    
   1919.984946368795    
   1880.771523811812    
   1842.415970884307    
   1804.911106651167    
   1768.236690351334    
   1732.348266215967    
   1697.215945896971    
   1662.837349688927    
   1629.198854908785    
   1596.260255597848    
   1563.992716427918    
   1532.395817227581    
   1501.459990914373    
   1471.147584231692    
   1441.429913987542    
   1412.308132536820    
   1383.776928920566    
   1355.802039805521    
   1328.355946442319    
   1301.442038281833    
   1275.059566409137    
   1249.177759069571    
   1223.769963949276    
   1198.840905042898    
   1174.393168668572    
   1150.398335968026    
   1126.829578086446    
   1103.691885739081    
   1080.990319878966    
   1058.698455109796    
   1036.789291234249    
   1015.268156116459    
   994.1427562493134    
   973.3890774027300    
   952.9804094025574    
   932.9226035027024    
   913.2259675052545    
   893.8688359117523    
   874.8246257325756    
   856.0992488524010    
   837.7049816125214    
   819.6219915940967    
   801.8234129112105    
   784.3147398406129    
   767.1097674338253    
   750.1903119537983    
   733.5292527602314    
   717.1316752281234    
   701.0128959800674    
   685.1565498831706    
   669.5355256511560    
   654.1546191774628    
   639.0306423656676    
   624.1490576029024    
   609.4827832316720    
   595.0361718744625    
   580.8272289431013    
   566.8429993417893    
   553.0562618875556    
   539.4706808853209    
   526.1051553649836    
   512.9481412804444    
   499.9722472707414    
   487.1804012186838    
   474.5923185979466    
   462.1979009704655    
   449.9697255832307    
   437.9100659825561    
   426.0394565611908    
   414.3492917499436    
   402.8122045986806    
   391.4298026421593    
   380.2233250930008    
   369.1855761230928    
   358.2891991778453    
   347.5350096761009    
   336.9447599370646    
   326.5125462633995    
   316.2109812853466    
   306.0399991270797    
   296.0217416083426    
   286.1515761220294    
   276.4021536890563    
   266.7725393974621    
   257.2852218291576    
   247.9368836274517    
   238.7003326027443    
   229.5737930506664    
   220.5800312036244    
   211.7170397383139    
   202.9578514919208    
   194.2998215034883    
   185.7658491022067    
   177.3551567207069    
   169.0410275855702    
   160.8199057520788    
   152.7146690256712    
   144.7256847264727    
   136.8265415271905    
   129.0127936361540    
   121.3072008170437    
   113.7112284468722    
   106.1988696444314    
   98.76486956525881    
   91.43181465595370    
   84.20222151299836    
   77.05057187730169    
   69.97087920236083    
   62.98548914446251    
   56.09787725533396    
   49.28304223705464    
   42.53431230001681    
   35.87370979532045    
   29.30554928354201    
   22.80534515277186    
   16.36578835860523    
   10.00852394317585    
   3.738607795354361    
  -2.467918739556230    
  -8.618924579996403    
  -14.69314886358039    
  -20.68485856275096    
  -26.61746499899969    
  -32.49931163875826    
  -38.30951261590092    
  -44.04172025331674    
  -49.71880184585255    
  -55.34951744609594    
  -60.91336199919087    
  -66.40345222223081    
  -71.84214399655974    
  -77.23858134067075    
  -82.57265099478218    
  -87.83700873526840    
  -93.05353166176178    
  -98.23171084344384    
  -103.3518152857666    
  -108.4060876274949    
  -113.4159407768674    
  -118.3911628252025    
  -123.3123775324137    
  -128.1714462259972    
  -132.9893304193815    
  -137.7760734385336    
  -142.5126333975801    
  -147.1905302986459    
  -151.8303042149504    
  -156.4422330570159    
  -161.0076028229211    
  -165.5176395490016    
  -169.9924997330474    
  -174.4426807123506    
  -178.8497849717753    
  -183.2047792416294    
  -187.5274626658152    
  -191.8285261892619    
  -196.0898623790718    
  -200.3021973531201    
  -204.4849906127103    
  -208.6490994862532    
  -212.7766797560898    
  -216.8582371465680    
  -220.9129183020007    
  -224.9517339410733    
  -228.9570878165867    
  -232.9192937217883    
  -236.8572214708841    
  -240.7820304363182    
  -244.6763579982463    
  -248.5303486779145    
  -252.3626250623713    
  -256.1844838342921    
  -259.9787708592229    
  -263.7354711027381    
  -267.4729812136720    
  -271.2027210077636    
  -274.9077179275347    
  -278.5778067343676    
  -282.2311849450670    
  -285.8793916608421    
  -289.5056180837342    
  -293.0995646125407    
  -296.6792635977406    
  -300.2563763078049    
  -303.8142410236527    
  -307.3424350220050    
  -310.8588540139208    
  -314.3752791613135    
  -317.8751712732450    
  -321.3479863096634    
  -324.8115062346811    
  -328.2776291517317    
  -331.7299145268486    
  -335.1577003908835    
  -338.5786835205327    
  -342.0048849892798    
  -345.4199463206162    
  -348.8130950118565    
  -352.2019745950525    
  -355.5987376348162    
  -358.9870891588390    
  -362.3561473795636    
  -365.7235285994597    
  -369.1015211261377    
  -372.4738701444904    
  -375.8295812871468    
  -379.1862692608476    
  -382.5563663772512    
  -385.9236392287419    
  -389.2769816449797    
  -392.6340380115923    
  -396.0073991678115    
  -399.3808372098154    
  -402.7431337777218    
  -406.1119921855901    
  -409.5001740911480    
  -412.8914367300713    
  -416.2744436977840    
  -419.6669840628806    
  -423.0820037054395    
  -426.5032263503146    
  -429.9191938231501    
  -433.3478126072746    
  -436.8022324854042    
  -440.2661286537380    
  -443.7279179897845    
  -447.2056563019024    
  -450.7127167775541    
  -454.2327081007708    
  -457.7539147389044    
  -461.2945722090623    
  -464.8682979306198    
  -468.4586173530532    
  -472.0536767143753    
  -475.6719261871403    
  -479.3272540039119    
  -483.0030884182031    
  -486.6874317188681    
  -490.3989843989089    
  -494.1519328099229    
  -497.9295920871202    
  -501.7198122242446    
  -505.5415806742632    
  -509.4094128255522    
  -513.3064971709196    
  -517.2205250818970    
  -521.1708123002986    
  -525.1722392854839    
  -529.2078555345734    
  -533.2651863990906    
  -537.3639185033292    
  -541.5193358931050    
  -545.7143367930527    
  -549.9362731843989    
  -554.2052496695436    
  -558.5369988207916    
  -562.9142583381058    
  -567.3242008292527    
  -571.7874002798144    
  -576.3200876172286    
  -580.9048314533793    
  -585.5286187106876    
  -590.2125487889979    
  -594.9734077116577    
  -599.7935897035230    
  -604.6598919009181    
  -609.5940019241057    
  -614.6133254789771    
  -619.7000796439473    
  -624.8408686595749    
  -630.0580378222897    
  -635.3696860440002    
  -640.7578545871445    
  -646.2089546883764    
  -651.7460680552247    
  -657.3880714481770    
  -663.1168363605055    
  -668.9185838036125    
  -674.8172206723947    
  -680.8324989985122    
  -686.9461329159833    
  -693.1441608008722    
  -699.4514164379165    
  -705.8886401873210    
  -712.4374090623289    
  -719.0835921522527    
  -725.8530669700075    
  -732.7676939939470    
  -739.8089436794339    
  -746.9625373185095    
  -754.2555317771453    
  -761.7110622153325    
  -769.3105361078455    
  -777.0395588906654    
  -784.9265252977314    
  -792.9960276797281    
  -801.2294711447194    
  -809.6123912387674    
  -818.1747073507239    
  -826.9426858312759    
  -835.8978119764782    
  -845.0256159257007    
  -854.3577636865652    
  -863.9224550455517    
  -873.7013666572856    
  -883.6801123033476    
  -893.8923705563760    
  -904.3685872767663    
  -915.0907790391342    
  -926.0447650217116    
  -937.2665578161179    
  -948.7892289640057    
  -960.5953325950969    
  -972.6710586631068    
  -985.0551458051252    
  -997.7837558104131    
  -1010.840242747295    
  -1024.211391151774    
  -1037.939148206553    
  -1052.063339172207    
  -1066.568466319886    
  -1081.442211160757    
  -1096.730328890700    
  -1112.477021597394    
  -1128.668402585097    
  -1145.293458942288    
  -1162.402505865944    
  -1180.045017876929    
  -1198.209335872205    
  -1216.886305405537    
  -1236.131754297236    
  -1256.001564184543    
  -1276.487127642525    
  -1297.581898621820    
  -1319.348436401885    
  -1341.850480716622    
  -1365.083581718923    
  -1389.044822167297    
  -1413.805067824740    
  -1439.437789429970    
  -1465.944185490922    
  -1493.326361028950    
  -1521.665543538705    
  -1551.047374758533    
  -1581.480720530988    
  -1612.974618019310    
  -1645.623363274339    
  -1679.527975947030    
  -1714.707735509453    
  -1751.181237351885    
  -1789.059440579608    
  -1828.462990733826    
  -1869.425329114533    
  -1911.978226910720    
  -1956.254110063244    
  -2002.398910267719    
  -2050.465352237560    
  -2100.503361507461    
  -2152.673269644166    
  -2207.153853695222    
  -2264.024097716141    
  -2323.358888519774    
  -2385.355064062460    
  -2450.234295529063    
  -2518.111216912962    
  -2589.094820732711    
  -2663.429759405308    
  -2741.393714147500    
  -2823.149241484824    
  -2908.851225978881    
  -2998.806382113333    
  -3093.364707355354    
  -3192.751610451221    
  -3297.181588316499    
  -3407.039462103425    
  -3522.765320046819    
  -3644.662249543228    
  -3773.015857248823    
  -3908.301210582160    
  -4051.060002381224    
  -4201.676947800655    
  -4360.503221983708    
  -4528.092668564555    
  -4705.067716407558    
  -4891.852660947740    
  -5088.794635532829    
  -5296.429060353916    
  -5515.323799704634    
  -5745.745424325809    
  -5987.757929905896    
  -6241.502883598825    
  -6506.988651148450    
  -6783.631380872965    
  -7070.269664289151    
  -7365.393427890234    
  -7666.771134074615    
  -7970.701978504988    
  -8271.749778951464    
  -8562.681710437579    
  -8833.588332837298    
  -9070.359717869049    
  -9253.528981060668    
  -9357.164004591690    
  -9346.477388075595    
  -9174.244239219552    
  -8777.296048518378    
  -8072.862609724675    
  -6953.338227705473    
  -5280.143378898577    
  -2879.663675604121    
   456.5007445529302    
   4964.848633048016    
   10890.17050507496    
   18441.54504416716    
   27716.02863694271    
   38591.80387642339    
   50608.41110558681    
   62879.47503823596    
   74115.39074142640    
   82827.87641969170    
   87705.10240675345    
   88018.23196073563    
   83855.93083948904    
   76061.66839303734    
   65921.02886526471    
   54774.88525192937    
   43729.63824264835    
   33533.46455264443    
   24588.07832875253    
   17028.48753280211    
   10816.56262795489    
   5820.296810984959    
   1869.610773450573    
  -1209.792059971430    
  -3578.594151189885    
  -5376.317436697106    
  -6719.949700431021    
  -7705.549538225062    
  -8410.621082884538    
  -8896.661605729507    
  -9212.091604380852    
  -9395.193635706994    
  -9476.309444948853    
  -9479.275131377581    
  -9422.667277812234    
  -9321.019104383880    
  -9185.722286016968    
  -9025.628506236941    
  -8847.645988646984    
  -8657.301342881317    
  -8459.005052688679    
  -8256.108967286589    
  -8051.091905229230    
  -7845.877232219094    
  -7642.005104589389    
  -7440.636590770462    
  -7242.617950763669    
  -7048.623534634263    
  -6859.185577976832    
  -6674.620361294342    
  -6495.055360377571    
  -6320.565902239435    
  -6151.225957573498    
  -5987.043972339579    
  -5827.952842068515    
  -5673.886201544356    
  -5524.792687661718    
  -5380.563442944736    
  -5241.019378640742    
  -5105.991131778384    
  -4975.353245015968    
  -4848.968849677315    
  -4726.667077375275    
  -4608.298245423516    
  -4493.755357707812    
  -4382.916899756629    
  -4275.617752970560    
  -4171.699921414638    
  -4071.045634626440    
  -3973.536479177332    
  -3879.025345770850    
  -3787.378203371282    
  -3698.505284388566    
  -3612.321729105921    
  -3528.711640751781    
  -3447.559664197075    
  -3368.784795423107    
  -3292.310850736019    
  -3218.032108196199    
  -3145.841294349512    
  -3075.667187751177    
  -3007.451867279115    
  -2941.113260447332    
  -2876.564427343433    
  -2813.750348366458    
  -2752.629783703984    
  -2693.135958498431    
  -2635.190231703528    
  -2578.741115443899    
  -2523.753473903395    
  -2470.169696329349    
  -2417.918568240083    
  -2366.955217136272    
  -2317.255488072657    
  -2268.775901482560    
  -2221.456300829501    
  -2175.259303277057    
  -2130.169319631725    
  -2086.152213960335    
  -2043.153124226673    
  -2001.136322948312    
  -1960.089656928217    
  -1919.984946368795    
  -1880.771523811812    
  -1842.415970884307    
  -1804.911106651167    
  -1768.236690351334    
  -1732.348266215967    
  -1697.215945896971    
  -1662.837349688927    
  -1629.198854908785    
  -1596.260255597848    
  -1563.992716427918    
  -1532.395817227581    
  -1501.459990914373    
  -1471.147584231692    
  -1441.429913987542    
  -1412.308132536820    
  -1383.776928920566    
  -1355.802039805521    
  -1328.355946442319    
  -1301.442038281833    
  -1275.059566409137    
  -1249.177759069571    
  -1223.769963949276    
  -1198.840905042898    
  -1174.393168668572    
  -1150.398335968026    
  -1126.829578086446    
  -1103.691885739081    
  -1080.990319878966    
  -1058.698455109796    
  -1036.789291234249    
  -1015.268156116459    
  -994.1427562493134    
  -973.3890774027300    
  -952.9804094025574    
  -932.9226035027024    
  -913.2259675052545    
  -893.8688359117523    
  -874.8246257325756    
  -856.0992488524010    
  -837.7049816125214    
  -819.6219915940967    
  -801.8234129112105    
  -784.3147398406129    
  -767.1097674338253    
  -750.1903119537983    
  -733.5292527602314    
  -717.1316752281234    
  -701.0128959800674    
  -685.1565498831706    
  -669.5355256511560    
  -654.1546191774628    
  -639.0306423656676    
  -624.1490576029024    
  -609.4827832316720    
  -595.0361718744625    
  -580.8272289431013    
  -566.8429993417893    
  -553.0562618875556    
  -539.4706808853209    
  -526.1051553649836    
  -512.9481412804444    
  -499.9722472707414    
  -487.1804012186838    
  -474.5923185979466    
  -462.1979009704655    
  -449.9697255832307    
  -437.9100659825561    
  -426.0394565611908    
  -414.3492917499436    
  -402.8122045986806    
  -391.4298026421593    
  -380.2233250930008    
  -369.1855761230928    
  -358.2891991778453    
  -347.5350096761009    
  -336.9447599370646    
  -326.5125462633995    
  -316.2109812853466    
  -306.0399991270797    
  -296.0217416083426    
  -286.1515761220294    
  -276.4021536890563    
  -266.7725393974621    
  -257.2852218291576    
  -247.9368836274517    
  -238.7003326027443    
  -229.5737930506664    
  -220.5800312036244    
  -211.7170397383139    
  -202.9578514919208    
  -194.2998215034883    
  -185.7658491022067    
  -177.3551567207069    
  -169.0410275855702    
  -160.8199057520788    
  -152.7146690256712    
  -144.7256847264727    
  -136.8265415271905    
  -129.0127936361540    
  -121.3072008170437    
  -113.7112284468722    
  -106.1988696444314    
  -98.76486956525881    
  -91.43181465595370    
  -84.20222151299836    
  -77.05057187730169    
  -69.97087920236083    
  -62.98548914446251    
  -56.09787725533396    
  -49.28304223705464    
  -42.53431230001681    
  -35.87370979532045    
  -29.30554928354201    
  -22.80534515277186    
  -16.36578835860523    
  -10.00852394317585    
  -3.738607795354361    
   2.467918739556230    
   8.618924579996403    
   14.69314886358039    
   20.68485856275096    
   26.61746499899969    
   32.49931163875826    
   38.30951261590092    
   44.04172025331674    
   49.71880184585255    
   55.34951744609594    
   60.91336199919087    
   66.40345222223081    
   71.84214399655974    
   77.23858134067075    
   82.57265099478218    
   87.83700873526840    
   93.05353166176178    
   98.23171084344384    
   103.3518152857666    
   108.4060876274949    
   113.4159407768674    
   118.3911628252025    
   123.3123775324137    
   128.1714462259972    
   132.9893304193815    
   137.7760734385336    
   142.5126333975801    
   147.1905302986459    
   151.8303042149504    
   156.4422330570159    
   161.0076028229211    
   165.5176395490016    
   169.9924997330474    
   174.4426807123506    
   178.8497849717753    
   183.2047792416294    
   187.5274626658152    
   191.8285261892619    
   196.0898623790718    
   200.3021973531201    
   204.4849906127103    
   208.6490994862532    
   212.7766797560898    
   216.8582371465680    
   220.9129183020007    
   224.9517339410733    
   228.9570878165867    
   232.9192937217883    
   236.8572214708841    
   240.7820304363182    
   244.6763579982463    
   248.5303486779145    
   252.3626250623713    
   256.1844838342921    
   259.9787708592229    
   263.7354711027381    
   267.4729812136720    
   271.2027210077636    
   274.9077179275347    
   278.5778067343676    
   282.2311849450670    
   285.8793916608421    
   289.5056180837342    
   293.0995646125407    
   296.6792635977406    
   300.2563763078049    
   303.8142410236527    
   307.3424350220050    
   310.8588540139208    
   314.3752791613135    
   317.8751712732450    
   321.3479863096634    
   324.8115062346811    
   328.2776291517317    
   331.7299145268486    
   335.1577003908835    
   338.5786835205327    
   342.0048849892798    
   345.4199463206162    
   348.8130950118565    
   352.2019745950525    
   355.5987376348162    
   358.9870891588390    
   362.3561473795636    
   365.7235285994597    
   369.1015211261377    
   372.4738701444904    
   375.8295812871468    
   379.1862692608476    
   382.5563663772512    
   385.9236392287419    
   389.2769816449797    
   392.6340380115923    
   396.0073991678115    
   399.3808372098154    
   402.7431337777218    
   406.1119921855901    
   409.5001740911480    
   412.8914367300713    
   416.2744436977840    
   419.6669840628806    
   423.0820037054395    
   426.5032263503146    
   429.9191938231501    
   433.3478126072746    
   436.8022324854042    
   440.2661286537380    
   443.7279179897845    
   447.2056563019024    
   450.7127167775541    
   454.2327081007708    
   457.7539147389044    
   461.2945722090623    
   464.8682979306198    
   468.4586173530532    
   472.0536767143753    
   475.6719261871403    
   479.3272540039119    
   483.0030884182031    
   486.6874317188681    
   490.3989843989089    
   494.1519328099229    
   497.9295920871202    
