  0.3196350653778908    
  0.3325706755772426    
  0.3454169648023797    
  0.3581713259225262    
  0.3708312120255617    
  0.3833941382548217    
  0.3958576837226176    
  0.4082194931490851    
  0.4204772782379507    
  0.4326288191285256    
  0.4446719659312455    
  0.4566046400216814    
  0.4684248350680087    
  0.4801306180846003    
  0.4917201305286408    
  0.5031915891732595    
  0.5145432867673618    
  0.5257735927339795    
  0.5368809538482621    
  0.5478638946235210    
  0.5587210175134528    
  0.5694510032624071    
  0.5800526112762848    
  0.5905246795962742    
  0.6008661245712950    
  0.6110759407283700    
  0.6211532008396297    
  0.6310970556678199    
  0.6409067332844848    
  0.6505815384238635    
  0.6601208520470256    
  0.6695241307693752    
  0.6787909060199404    
  0.6879207832081398    
  0.6969134409154653    
  0.7057686298012018    
  0.7144861713114126    
  0.7230659566630878    
  0.7315079460565421    
  0.7398121675067948    
  0.7479787151744488    
  0.7560077478024145    
  0.7638994875465392    
  0.7716542187633120    
  0.7792722864920363    
  0.7867540949490432    
  0.7941001061346422    
  0.8013108381568635    
  0.8083868632636507    
  0.8153288061995353    
  0.8221373430566549    
  0.8288131999476601    
  0.8353571511130067    
  0.8417700169652255    
  0.8480526624665636    
  0.8542059954869425    
  0.8602309649342208    
  0.8661285591428467    
  0.8718998047137582    
  0.8775457651295512    
  0.8830675387237950    
  0.8884662566147972    
  0.8937430811664295    
  0.8988992045730075    
  0.9039358471458588    
  0.9088542557489194    
  0.9136557027422798    
  0.9183414848019319    
  0.9229129210504747    
  0.9273713510773680    
  0.9317181335554078    
  0.9359546450656850    
  0.9400822785423357    
  0.9441024417798161    
  0.9480165565896645    
  0.9518260580426230    
  0.9555323929984589    
  0.9591370183604289    
  0.9626413999031985    
  0.9660470113602039    
  0.9693553330088276    
  0.9725678501585470    
  0.9756860524209952    
  0.9787114333765833    
  0.9816454896128902    
  0.9844897193520150    
  0.9872456216449554    
  0.9899146959223465    
  0.9924984408862213    
  0.9949983529613478    
  0.9974159254701283    
  0.9997526484695627    
   1.002010008085473    
   1.004189485327396    
   1.006292555553686    
   1.008320688621005    
   1.010275348429624    
   1.012157991674276    
   1.013970067100872    
   1.015713015575318    
   1.017388269669376    
   1.018997252391622    
   1.020541376434963    
   1.022022044481246    
   1.023440649197525    
   1.024798572239122    
   1.026097183599663    
   1.027337842103879    
   1.028521895677200    
   1.029650680402594    
   1.030725519674602    
   1.031747724598756    
   1.032718594387209    
   1.033639415447584    
   1.034511460360841    
   1.035335988253320    
   1.036114245493808    
   1.036847465046666    
   1.037536865418591    
   1.038183651036365    
   1.038789013275284    
   1.039354130120541    
   1.039880165018154    
   1.040368267062175    
   1.040819572190072    
   1.041235203109508    
   1.041616268002235    
   1.041963860369723    
   1.042279060294307    
   1.042562934719390    
   1.042816536141705    
   1.043040902105030    
   1.043237056474267    
   1.043406010189296    
   1.043548760149101    
   1.043666288365430    
   1.043759563097852    
   1.043829540069323    
   1.043877161706002    
   1.043903355966173    
   1.043909037094351    
   1.043895107139590    
   1.043862455687448    
   1.043811958484768    
   1.043744477613851    
   1.043660863063114    
   1.043561953055816    
   1.043448572748349    
   1.043321533782560    
   1.043181635605224    
   1.043029666375016    
   1.042866402091675    
   1.042692605691689    
   1.042509027817903    
   1.042316408066288    
   1.042115474818116    
   1.041906944240573    
   1.041691520341355    
   1.041469896111831    
   1.041242754077876    
   1.041010765664949    
   1.040774590657691    
   1.040534877767380    
   1.040292265575591    
   1.040047382614195    
   1.039800846675594    
   1.039553264579325    
   1.039305232935624    
   1.039057338940086    
   1.038810160122882    
   1.038564263542400    
   1.038320205847188    
   1.038078534340181    
   1.037839787531261    
   1.037604494378844    
   1.037373173545202    
   1.037146334056103    
   1.036924476485340    
   1.036708092872430    
   1.036497665631878    
   1.036293667375842    
   1.036096562069388    
   1.035906805767513    
   1.035724845918263    
   1.035551120543330    
   1.035386058697886    
   1.035230081506760    
   1.035083602280822    
   1.034947025777542    
   1.034820747884233    
   1.034705156171745    
   1.034600630505755    
   1.034507543009294    
   1.034426257602085    
   1.034357129760761    
   1.034300506813859    
   1.034256728489046    
   1.034226127068875    
   1.034209026886033    
   1.034205743812634    
   1.034216585581763    
   1.034241852613560    
   1.034281838113569    
   1.034336827197300    
   1.034407096345427    
   1.034492914078139    
   1.034594541847318    
   1.034712233768483    
   1.034846235594967    
   1.034996784465434    
   1.035164109721289    
   1.035348433519601    
   1.035549970400577    
   1.035768926505143    
   1.036005499461377    
   1.036259878909933    
   1.036532246901763    
   1.036822777735060    
   1.037131637451275    
   1.037458983472654    
   1.037804964707221    
   1.038169722002193    
   1.038553388379980    
   1.038956088626448    
   1.039377938587893    
   1.039819044995220    
   1.040279505992162    
   1.040759411574065    
   1.041258843229817    
   1.041777873149976    
   1.042316563916248    
   1.042874968877165    
   1.043453132506790    
   1.044051090181059    
   1.044668867640537    
   1.045306480693414    
   1.045963935220563    
   1.046641227192129    
   1.047338342618251    
   1.048055257513572    
   1.048791937726649    
   1.049548338492055    
   1.050324404054150    
   1.051120067809213    
   1.051935252671918    
   1.052769870916071    
   1.053623823478484    
   1.054496999547584    
   1.055389276780336    
   1.056300521496252    
   1.057230588366205    
   1.058179320028993    
   1.059146547028359    
   1.060132087677645    
   1.061135747592225    
   1.062157319461991    
   1.063196583366456    
   1.064253306825579    
   1.065327244005101    
   1.066418134956494    
   1.067525705850377    
   1.068649669504271    
   1.069789724995814    
   1.070945556751155    
   1.072116834345278    
   1.073303212867126    
   1.074504332734645    
   1.075719819065626    
   1.076949281650546    
   1.078192315320444    
   1.079448499536857    
   1.080717397469402    
   1.081998556032137    
   1.083291506756245    
   1.084595765708206    
   1.085910832181534    
   1.087236188084721    
   1.088571298806021    
   1.089915613772477    
   1.091268565484121    
   1.092629568439188    
   1.093998019387531    
   1.095373297943391    
   1.096754766176793    
   1.098141767823486    
   1.099533628277241    
   1.100929654863923    
   1.102329136499990    
   1.103731343321078    
   1.105135527021572    
   1.106540921105848    
   1.107946740289225    
   1.109352180067898    
   1.110756417395649    
   1.112158611291338    
   1.113557902129252    
   1.114953410784159    
   1.116344239199099    
   1.117729471335713    
   1.119108172651757    
   1.120479388902014    
   1.121842146325084    
   1.123195452745662    
   1.124538297461222    
   1.125869650089536    
   1.127188460530049    
   1.128493660183685    
   1.129784162379517    
   1.131058861622791    
   1.132316633568430    
   1.133556336255660    
   1.134776810801040    
   1.135976880822622    
   1.137155352185246    
   1.138311013845074    
   1.139442638355239    
   1.140548981250695    
   1.141628780688076    
   1.142680758215458    
   1.143703619465095    
   1.144696053921561    
   1.145656734878049    
   1.146584320394359    
   1.147477454196568    
   1.148334765729043    
   1.149154870388466    
   1.149936370702883    
   1.150677857380655    
   1.151377909325727    
   1.152035093494128    
   1.152647965383944    
   1.153215069378528    
   1.153734938447521    
   1.154206094350080    
   1.154627049043979    
   1.154996306054029    
   1.155312360771606    
   1.155573700662642    
   1.155778806405240    
   1.155926153196052    
   1.156014211383016    
   1.156041447002967    
   1.156006322476684    
   1.155907296425744    
   1.155742822777597    
   1.155511351382422    
   1.155211330700717    
   1.154841209692492    
   1.154399437173206    
   1.153884461403946    
   1.153294732631524    
   1.152628706152154    
   1.151884842051146    
   1.151061602927510    
   1.150157453998312    
   1.149170865799564    
   1.148100315640046    
   1.146944286863587    
   1.145701269263820    
   1.144369762035865    
   1.142948276192417    
   1.141435334279029    
   1.139829469505153    
   1.138129226553684    
   1.136333162843111    
   1.134439848555565    
   1.132447866685291    
   1.130355814858885    
   1.128162307833588    
   1.125865978609474    
   1.123465478422168    
   1.120959477097373    
   1.118346663669553    
   1.115625746388812    
   1.112795452762477    
   1.109854530890432    
   1.106801751622029    
   1.103635909996542    
   1.100355825687514    
   1.096960343277495    
   1.093448332530943    
   1.089818688349419    
   1.086070330966086    
   1.082202207237672    
   1.078213292586348    
   1.074102592293189    
   1.069869141790063    
   1.065512006637174    
   1.061030282606656    
   1.056423095878967    
   1.051689603713845    
   1.046828995917925    
   1.041840496433918    
   1.036723363990995    
   1.031476891832166    
   1.026100407504596    
   1.020593273301655    
   1.014954887173531    
   1.009184683846549    
   1.003282135934997    
  0.9972467545450601    
  0.9910780891017341    
  0.9847757270656174    
  0.9783392944699838    
  0.9717684572017372    
  0.9650629220983005    
  0.9582224373513830    
  0.9512467925268346    
  0.9441358186442063    
  0.9368893885297078    
  0.9295074175720432    
  0.9219898647401343    
  0.9143367332774387    
  0.9065480707114227    
  0.8986239687066592    
  0.8905645635379766    
  0.8823700370925005    
  0.8740406176296696    
  0.8655765799848153    
  0.8569782456367210    
  0.8482459830375519    
  0.8393802081712893    
  0.8303813851676042    
  0.8212500268334065    
  0.8119866949482039    
  0.8025920003700275    
  0.7930666033221716    
  0.7834112140458390    
  0.7736265934226656    
  0.7637135531627310    
  0.7536729558268968    
  0.7435057151929850    
  0.7332127968720630    
  0.7227952186804344    
  0.7122540507166818    
  0.7015904155405649    
  0.6908054885705481    
  0.6799004984175118    
  0.6688767270370677    
  0.6577355098852798    
  0.6464782361467968    
  0.6351063489039741    
  0.6236213452355969    
  0.6120247763547695    
  0.6003182477391611    
  0.5885034191340778    
  0.5765820045110932    
  0.5645557721180717    
  0.5524265445116218    
  0.5401961984101076    
  0.5278666644815638    
  0.5154399272447284    
  0.5029180249645018    
  0.4903030493453922    
  0.4775971451335365    
  0.4648025098298125    
  0.4519213934055834    
  0.4389560978094830    
  0.4259089763642032    
  0.4127824332641635    
  0.3995789230765562    
  0.3863009500308388    
  0.3729510671870473    
  0.3595318756949121    
  0.3460460240532913    
  0.3324962071558554    
  0.3188851652089357    
  0.3052156827330761    
  0.2914905875615323    
  0.2777127496229881    
  0.2638850795928035    
  0.2500105276243756    
  0.2360920820758922    
  0.2221327680203584    
  0.2081356456230405    
  0.1941038085991811    
  0.1800403826684298    
  0.1659485237935762    
  0.1518314162883064    
  0.1376922710091889    
  0.1235343235492070    
  0.1093608322192201    
  0.9517507590297831E-01
  0.8098035200432988E-01
  0.6677997440450456E-01
  0.5257727121379330E-01
  0.3837558240455165E-01
  0.2417825754829152E-01
  0.9988653575070477E-02
 -0.4189867663480243E-02
 -0.1835394193892156E-01
 -0.3250020507071538E-01
 -0.4662529531311967E-01
 -0.6072585592704872E-01
 -0.7479853784595723E-01
 -0.8884000220168238E-01
 -0.1028469227941071    
 -0.1168159887334173    
 -0.1307439071606043    
 -0.1446274058037193    
 -0.1584632354570187    
 -0.1722481726212061    
 -0.1859790222058681    
 -0.1996526200391372    
 -0.2132658352760363    
 -0.2268155729592251    
 -0.2402987766292400    
 -0.2537124307096570    
 -0.2670535627610450    
 -0.2803192458818698    
 -0.2935066011550735    
 -0.3066127998373561    
 -0.3196350653778908    
 -0.3325706755772426    
 -0.3454169648023797    
 -0.3581713259225262    
 -0.3708312120255617    
 -0.3833941382548217    
 -0.3958576837226176    
 -0.4082194931490851    
 -0.4204772782379507    
 -0.4326288191285256    
 -0.4446719659312455    
 -0.4566046400216814    
 -0.4684248350680087    
 -0.4801306180846003    
 -0.4917201305286408    
 -0.5031915891732595    
 -0.5145432867673618    
 -0.5257735927339795    
 -0.5368809538482621    
 -0.5478638946235210    
 -0.5587210175134528    
 -0.5694510032624071    
 -0.5800526112762848    
 -0.5905246795962742    
 -0.6008661245712950    
 -0.6110759407283700    
 -0.6211532008396297    
 -0.6310970556678199    
 -0.6409067332844848    
 -0.6505815384238635    
 -0.6601208520470256    
 -0.6695241307693752    
 -0.6787909060199404    
 -0.6879207832081398    
 -0.6969134409154653    
 -0.7057686298012018    
 -0.7144861713114126    
 -0.7230659566630878    
 -0.7315079460565421    
 -0.7398121675067948    
 -0.7479787151744488    
 -0.7560077478024145    
 -0.7638994875465392    
 -0.7716542187633120    
 -0.7792722864920363    
 -0.7867540949490432    
 -0.7941001061346422    
 -0.8013108381568635    
 -0.8083868632636507    
 -0.8153288061995353    
 -0.8221373430566549    
 -0.8288131999476601    
 -0.8353571511130067    
 -0.8417700169652255    
 -0.8480526624665636    
 -0.8542059954869425    
 -0.8602309649342208    
 -0.8661285591428467    
 -0.8718998047137582    
 -0.8775457651295512    
 -0.8830675387237950    
 -0.8884662566147972    
 -0.8937430811664295    
 -0.8988992045730075    
 -0.9039358471458588    
 -0.9088542557489194    
 -0.9136557027422798    
 -0.9183414848019319    
 -0.9229129210504747    
 -0.9273713510773680    
 -0.9317181335554078    
 -0.9359546450656850    
 -0.9400822785423357    
 -0.9441024417798161    
 -0.9480165565896645    
 -0.9518260580426230    
 -0.9555323929984589    
 -0.9591370183604289    
 -0.9626413999031985    
 -0.9660470113602039    
 -0.9693553330088276    
 -0.9725678501585470    
 -0.9756860524209952    
 -0.9787114333765833    
 -0.9816454896128902    
 -0.9844897193520150    
 -0.9872456216449554    
 -0.9899146959223465    
 -0.9924984408862213    
 -0.9949983529613478    
 -0.9974159254701283    
 -0.9997526484695627    
  -1.002010008085473    
  -1.004189485327396    
  -1.006292555553686    
  -1.008320688621005    
  -1.010275348429624    
  -1.012157991674276    
  -1.013970067100872    
  -1.015713015575318    
  -1.017388269669376    
  -1.018997252391622    
  -1.020541376434963    
  -1.022022044481246    
  -1.023440649197525    
  -1.024798572239122    
  -1.026097183599663    
  -1.027337842103879    
  -1.028521895677200    
  -1.029650680402594    
  -1.030725519674602    
  -1.031747724598756    
  -1.032718594387209    
  -1.033639415447584    
  -1.034511460360841    
  -1.035335988253320    
  -1.036114245493808    
  -1.036847465046666    
  -1.037536865418591    
  -1.038183651036365    
  -1.038789013275284    
  -1.039354130120541    
  -1.039880165018154    
  -1.040368267062175    
  -1.040819572190072    
  -1.041235203109508    
  -1.041616268002235    
  -1.041963860369723    
  -1.042279060294307    
  -1.042562934719390    
  -1.042816536141705    
  -1.043040902105030    
  -1.043237056474267    
  -1.043406010189296    
  -1.043548760149101    
  -1.043666288365430    
  -1.043759563097852    
  -1.043829540069323    
  -1.043877161706002    
  -1.043903355966173    
  -1.043909037094351    
  -1.043895107139590    
  -1.043862455687448    
  -1.043811958484768    
  -1.043744477613851    
  -1.043660863063114    
  -1.043561953055816    
  -1.043448572748349    
  -1.043321533782560    
  -1.043181635605224    
  -1.043029666375016    
  -1.042866402091675    
  -1.042692605691689    
  -1.042509027817903    
  -1.042316408066288    
  -1.042115474818116    
  -1.041906944240573    
  -1.041691520341355    
  -1.041469896111831    
  -1.041242754077876    
  -1.041010765664949    
  -1.040774590657691    
  -1.040534877767380    
  -1.040292265575591    
  -1.040047382614195    
  -1.039800846675594    
  -1.039553264579325    
  -1.039305232935624    
  -1.039057338940086    
  -1.038810160122882    
  -1.038564263542400    
  -1.038320205847188    
  -1.038078534340181    
  -1.037839787531261    
  -1.037604494378844    
  -1.037373173545202    
  -1.037146334056103    
  -1.036924476485340    
  -1.036708092872430    
  -1.036497665631878    
  -1.036293667375842    
  -1.036096562069388    
  -1.035906805767513    
  -1.035724845918263    
  -1.035551120543330    
  -1.035386058697886    
  -1.035230081506760    
  -1.035083602280822    
  -1.034947025777542    
  -1.034820747884233    
  -1.034705156171745    
  -1.034600630505755    
  -1.034507543009294    
  -1.034426257602085    
  -1.034357129760761    
  -1.034300506813859    
  -1.034256728489046    
  -1.034226127068875    
  -1.034209026886033    
  -1.034205743812634    
  -1.034216585581763    
  -1.034241852613560    
  -1.034281838113569    
  -1.034336827197300    
  -1.034407096345427    
  -1.034492914078139    
  -1.034594541847318    
  -1.034712233768483    
  -1.034846235594967    
  -1.034996784465434    
  -1.035164109721289    
  -1.035348433519601    
  -1.035549970400577    
  -1.035768926505143    
  -1.036005499461377    
  -1.036259878909933    
  -1.036532246901763    
  -1.036822777735060    
  -1.037131637451275    
  -1.037458983472654    
  -1.037804964707221    
  -1.038169722002193    
  -1.038553388379980    
  -1.038956088626448    
  -1.039377938587893    
  -1.039819044995220    
  -1.040279505992162    
  -1.040759411574065    
  -1.041258843229817    
  -1.041777873149976    
  -1.042316563916248    
  -1.042874968877165    
  -1.043453132506790    
  -1.044051090181059    
  -1.044668867640537    
  -1.045306480693414    
  -1.045963935220563    
  -1.046641227192129    
  -1.047338342618251    
  -1.048055257513572    
  -1.048791937726649    
  -1.049548338492055    
  -1.050324404054150    
  -1.051120067809213    
  -1.051935252671918    
  -1.052769870916071    
  -1.053623823478484    
  -1.054496999547584    
  -1.055389276780336    
  -1.056300521496252    
  -1.057230588366205    
  -1.058179320028993    
  -1.059146547028359    
  -1.060132087677645    
  -1.061135747592225    
  -1.062157319461991    
  -1.063196583366456    
  -1.064253306825579    
  -1.065327244005101    
  -1.066418134956494    
  -1.067525705850377    
  -1.068649669504271    
  -1.069789724995814    
  -1.070945556751155    
  -1.072116834345278    
  -1.073303212867126    
  -1.074504332734645    
  -1.075719819065626    
  -1.076949281650546    
  -1.078192315320444    
  -1.079448499536857    
  -1.080717397469402    
  -1.081998556032137    
  -1.083291506756245    
  -1.084595765708206    
  -1.085910832181534    
  -1.087236188084721    
  -1.088571298806021    
  -1.089915613772477    
  -1.091268565484121    
  -1.092629568439188    
  -1.093998019387531    
  -1.095373297943391    
  -1.096754766176793    
  -1.098141767823486    
  -1.099533628277241    
  -1.100929654863923    
  -1.102329136499990    
  -1.103731343321078    
  -1.105135527021572    
  -1.106540921105848    
  -1.107946740289225    
  -1.109352180067898    
  -1.110756417395649    
  -1.112158611291338    
  -1.113557902129252    
  -1.114953410784159    
  -1.116344239199099    
  -1.117729471335713    
  -1.119108172651757    
  -1.120479388902014    
  -1.121842146325084    
  -1.123195452745662    
  -1.124538297461222    
  -1.125869650089536    
  -1.127188460530049    
  -1.128493660183685    
  -1.129784162379517    
  -1.131058861622791    
  -1.132316633568430    
  -1.133556336255660    
  -1.134776810801040    
  -1.135976880822622    
  -1.137155352185246    
  -1.138311013845074    
  -1.139442638355239    
  -1.140548981250695    
  -1.141628780688076    
  -1.142680758215458    
  -1.143703619465095    
  -1.144696053921561    
  -1.145656734878049    
  -1.146584320394359    
  -1.147477454196568    
  -1.148334765729043    
  -1.149154870388466    
  -1.149936370702883    
  -1.150677857380655    
  -1.151377909325727    
  -1.152035093494128    
  -1.152647965383944    
  -1.153215069378528    
  -1.153734938447521    
  -1.154206094350080    
  -1.154627049043979    
  -1.154996306054029    
  -1.155312360771606    
  -1.155573700662642    
  -1.155778806405240    
  -1.155926153196052    
  -1.156014211383016    
  -1.156041447002967    
  -1.156006322476684    
  -1.155907296425744    
  -1.155742822777597    
  -1.155511351382422    
  -1.155211330700717    
  -1.154841209692492    
  -1.154399437173206    
  -1.153884461403946    
  -1.153294732631524    
  -1.152628706152154    
  -1.151884842051146    
  -1.151061602927510    
  -1.150157453998312    
  -1.149170865799564    
  -1.148100315640046    
  -1.146944286863587    
  -1.145701269263820    
  -1.144369762035865    
  -1.142948276192417    
  -1.141435334279029    
  -1.139829469505153    
  -1.138129226553684    
  -1.136333162843111    
  -1.134439848555565    
  -1.132447866685291    
  -1.130355814858885    
  -1.128162307833588    
  -1.125865978609474    
  -1.123465478422168    
  -1.120959477097373    
  -1.118346663669553    
  -1.115625746388812    
  -1.112795452762477    
  -1.109854530890432    
  -1.106801751622029    
  -1.103635909996542    
  -1.100355825687514    
  -1.096960343277495    
  -1.093448332530943    
  -1.089818688349419    
  -1.086070330966086    
  -1.082202207237672    
  -1.078213292586348    
  -1.074102592293189    
  -1.069869141790063    
  -1.065512006637174    
  -1.061030282606656    
  -1.056423095878967    
  -1.051689603713845    
  -1.046828995917925    
  -1.041840496433918    
  -1.036723363990995    
  -1.031476891832166    
  -1.026100407504596    
  -1.020593273301655    
  -1.014954887173531    
  -1.009184683846549    
  -1.003282135934997    
 -0.9972467545450601    
 -0.9910780891017341    
 -0.9847757270656174    
 -0.9783392944699838    
 -0.9717684572017372    
 -0.9650629220983005    
 -0.9582224373513830    
 -0.9512467925268346    
 -0.9441358186442063    
 -0.9368893885297078    
 -0.9295074175720432    
 -0.9219898647401343    
 -0.9143367332774387    
 -0.9065480707114227    
 -0.8986239687066592    
 -0.8905645635379766    
 -0.8823700370925005    
 -0.8740406176296696    
 -0.8655765799848153    
 -0.8569782456367210    
 -0.8482459830375519    
 -0.8393802081712893    
 -0.8303813851676042    
 -0.8212500268334065    
 -0.8119866949482039    
 -0.8025920003700275    
 -0.7930666033221716    
 -0.7834112140458390    
 -0.7736265934226656    
 -0.7637135531627310    
 -0.7536729558268968    
 -0.7435057151929850    
 -0.7332127968720630    
 -0.7227952186804344    
 -0.7122540507166818    
 -0.7015904155405649    
 -0.6908054885705481    
 -0.6799004984175118    
 -0.6688767270370677    
 -0.6577355098852798    
 -0.6464782361467968    
 -0.6351063489039741    
 -0.6236213452355969    
 -0.6120247763547695    
 -0.6003182477391611    
 -0.5885034191340778    
 -0.5765820045110932    
 -0.5645557721180717    
 -0.5524265445116218    
 -0.5401961984101076    
 -0.5278666644815638    
 -0.5154399272447284    
 -0.5029180249645018    
 -0.4903030493453922    
 -0.4775971451335365    
 -0.4648025098298125    
 -0.4519213934055834    
 -0.4389560978094830    
 -0.4259089763642032    
 -0.4127824332641635    
 -0.3995789230765562    
 -0.3863009500308388    
 -0.3729510671870473    
 -0.3595318756949121    
 -0.3460460240532913    
 -0.3324962071558554    
 -0.3188851652089357    
 -0.3052156827330761    
 -0.2914905875615323    
 -0.2777127496229881    
 -0.2638850795928035    
 -0.2500105276243756    
 -0.2360920820758922    
 -0.2221327680203584    
 -0.2081356456230405    
 -0.1941038085991811    
 -0.1800403826684298    
 -0.1659485237935762    
 -0.1518314162883064    
 -0.1376922710091889    
 -0.1235343235492070    
 -0.1093608322192201    
 -0.9517507590297831E-01
 -0.8098035200432988E-01
 -0.6677997440450456E-01
 -0.5257727121379330E-01
 -0.3837558240455165E-01
 -0.2417825754829152E-01
 -0.9988653575070477E-02
  0.4189867663480243E-02
  0.1835394193892156E-01
  0.3250020507071538E-01
  0.4662529531311967E-01
  0.6072585592704872E-01
  0.7479853784595723E-01
  0.8884000220168238E-01
  0.1028469227941071    
  0.1168159887334173    
  0.1307439071606043    
  0.1446274058037193    
  0.1584632354570187    
  0.1722481726212061    
  0.1859790222058681    
  0.1996526200391372    
  0.2132658352760363    
  0.2268155729592251    
  0.2402987766292400    
  0.2537124307096570    
  0.2670535627610450    
  0.2803192458818698    
  0.2935066011550735    
  0.3066127998373561    
