   1.938075882422080    
   1.960816004787690    
   1.973387717131491    
   1.984486362274724    
   2.005924160372380    
   2.029844754648810    
   2.045629529297714    
   2.060470383043062    
   2.083857813363381    
   2.108905508968425    
   2.126815045952748    
   2.143905676785645    
   2.167920895709736    
   2.192381304301968    
   2.209635550045976    
   2.225251445584671    
   2.245411273410276    
   2.263543147527263    
   2.272457358792486    
   2.276647257943176    
   2.280339142367541    
   2.275909999107507    
   2.255375680280856    
   2.220869783293466    
   2.172963772671552    
   2.100460004508897    
   1.991292396744672    
   1.841161799208235    
   1.641643250453421    
   1.370918510142973    
   1.004023225604307    
  0.5196192955006288    
 -0.1119684338124843    
 -0.9358083043997523    
  -1.999388328778378    
  -3.341278268764300    
  -4.992019925572372    
  -6.961755712467157    
  -9.203794238502027    
  -11.58509138413674    
  -13.88989912811471    
  -15.85218099776197    
  -17.21415061063825    
  -17.80992656120107    
  -17.63160098261523    
  -16.81817945170274    
  -15.57683252084328    
  -14.11061760402532    
  -12.58934342206641    
  -11.13516874283879    
  -9.810056542097376    
  -8.630563125586704    
  -7.602131784194979    
  -6.727021151287779    
  -5.987473876619507    
  -5.353390590550374    
  -4.811846364724331    
  -4.363521055253360    
  -3.991124927683462    
  -3.664676378018819    
  -3.379281909776009    
  -3.149889157193235    
  -2.965600355209324    
  -2.792726315331101    
  -2.629312814860385    
  -2.506202489856101    
  -2.421635959649562    
  -2.331341730453453    
  -2.224324028573256    
  -2.146490097917148    
  -2.116376075606428    
  -2.081867397590357    
  -2.007232291728087    
  -1.939962153349077    
  -1.929314394435762    
  -1.935312495999833    
  -1.894657999919210    
  -1.831186533556449    
  -1.813636781491003    
  -1.834847149969563    
  -1.826672130415102    
  -1.780023193284696    
  -1.754855517173571    
  -1.770075520364013    
  -1.775662047648915    
  -1.748244767569078    
  -1.728391817092590    
  -1.738964600891760    
  -1.745000970512980    
  -1.725218373268598    
  -1.711853312323923    
  -1.724948977984145    
  -1.732847895478504    
  -1.715129241483720    
  -1.703155483989827    
  -1.718533653332935    
  -1.730072843803886    
  -1.714358531070816    
  -1.702467731786272    
  -1.720150794880629    
  -1.736078063028421    
  -1.720810495759679    
  -1.705546828126677    
  -1.725144256164141    
  -1.750218551996430    
  -1.739262042393177    
  -1.716836487265412    
  -1.730644997527227    
  -1.764184622128733    
  -1.766050087528358    
  -1.742673254360655    
  -1.745446961604553    
  -1.778041571583722    
  -1.792761166145234    
  -1.777720248529641    
  -1.774509630675768    
  -1.800497504655507    
  -1.821161867881987    
  -1.816450888859193    
  -1.814199996535436    
  -1.835087559571438    
  -1.857032339533313    
  -1.860151929520036    
  -1.862035683816230    
  -1.881118383411431    
  -1.903249544769469    
  -1.911783881007507    
  -1.918424420647934    
  -1.938075882422080    
  -1.960816004787690    
  -1.973387717131491    
  -1.984486362274724    
  -2.005924160372380    
  -2.029844754648810    
  -2.045629529297714    
  -2.060470383043062    
  -2.083857813363381    
  -2.108905508968425    
  -2.126815045952748    
  -2.143905676785645    
  -2.167920895709736    
  -2.192381304301968    
  -2.209635550045976    
  -2.225251445584671    
  -2.245411273410276    
  -2.263543147527263    
  -2.272457358792486    
  -2.276647257943176    
  -2.280339142367541    
  -2.275909999107507    
  -2.255375680280856    
  -2.220869783293466    
  -2.172963772671552    
  -2.100460004508897    
  -1.991292396744672    
  -1.841161799208235    
  -1.641643250453421    
  -1.370918510142973    
  -1.004023225604307    
 -0.5196192955006288    
  0.1119684338124843    
  0.9358083043997523    
   1.999388328778378    
   3.341278268764300    
   4.992019925572372    
   6.961755712467157    
   9.203794238502027    
   11.58509138413674    
   13.88989912811471    
   15.85218099776197    
   17.21415061063825    
   17.80992656120107    
   17.63160098261523    
   16.81817945170274    
   15.57683252084328    
   14.11061760402532    
   12.58934342206641    
   11.13516874283879    
   9.810056542097376    
   8.630563125586704    
   7.602131784194979    
   6.727021151287779    
   5.987473876619507    
   5.353390590550374    
   4.811846364724331    
   4.363521055253360    
   3.991124927683462    
   3.664676378018819    
   3.379281909776009    
   3.149889157193235    
   2.965600355209324    
   2.792726315331101    
   2.629312814860385    
   2.506202489856101    
   2.421635959649562    
   2.331341730453453    
   2.224324028573256    
   2.146490097917148    
   2.116376075606428    
   2.081867397590357    
   2.007232291728087    
   1.939962153349077    
   1.929314394435762    
   1.935312495999833    
   1.894657999919210    
   1.831186533556449    
   1.813636781491003    
   1.834847149969563    
   1.826672130415102    
   1.780023193284696    
   1.754855517173571    
   1.770075520364013    
   1.775662047648915    
   1.748244767569078    
   1.728391817092590    
   1.738964600891760    
   1.745000970512980    
   1.725218373268598    
   1.711853312323923    
   1.724948977984145    
   1.732847895478504    
   1.715129241483720    
   1.703155483989827    
   1.718533653332935    
   1.730072843803886    
   1.714358531070816    
   1.702467731786272    
   1.720150794880629    
   1.736078063028421    
   1.720810495759679    
   1.705546828126677    
   1.725144256164141    
   1.750218551996430    
   1.739262042393177    
   1.716836487265412    
   1.730644997527227    
   1.764184622128733    
   1.766050087528358    
   1.742673254360655    
   1.745446961604553    
   1.778041571583722    
   1.792761166145234    
   1.777720248529641    
   1.774509630675768    
   1.800497504655507    
   1.821161867881987    
   1.816450888859193    
   1.814199996535436    
   1.835087559571438    
   1.857032339533313    
   1.860151929520036    
   1.862035683816230    
   1.881118383411431    
   1.903249544769469    
   1.911783881007507    
   1.918424420647934    
