  0.3557441896107975    
  0.3548833494583598    
  0.3538995933123648    
  0.3527938472226320    
  0.3515668629859474    
  0.3502191791651583    
  0.3487510522465345    
  0.3471624983916045    
  0.3454533808744197    
  0.3436233983224334    
  0.3416720126537387    
  0.3395984634228587    
  0.3374018547467553    
  0.3350811684758497    
  0.3326351917349265    
  0.3300625013354984    
  0.3273615437760683    
  0.3245306778932932    
  0.3215681152040384    
  0.3184718744672148    
  0.3152398386005719    
  0.3118698209415045    
  0.3083595362845289    
  0.3047065416454949    
  0.3009082591928202    
  0.2969620460755073    
  0.2928652005988400    
  0.2886149132712872    
  0.2842082637705051    
  0.2796422768630654    
  0.2749139513331122    
  0.2700202348705553    
  0.2649580144100921    
  0.2597241566841807    
  0.2543155455657585    
  0.2487290796585969    
  0.2429616707228257    
  0.2370102784420687    
  0.2308719511916505    
  0.2245438406013841    
  0.2180232135557927    
  0.2113074907250830    
  0.2043942929429267    
  0.1972814696701214    
  0.1899671253159149    
  0.1824496667728731    
  0.1747278585112761    
  0.1668008637517733    
  0.1586682837694621    
  0.1503302151603856    
  0.1417873137062204    
  0.1330408453845122    
  0.1240927342155330    
  0.1149456247661655    
  0.1056029491663618    
  0.9606897976123342E-01
  0.8634887519060058E-01
  0.7644873664646730E-01
  0.6637566487530411E-01
  0.5613779866362893E-01
  0.4574434103507389E-01
  0.3520558985333679E-01
  0.2453296418624851E-01
  0.1373900624667334E-01
  0.2837363993407417E-02
 -0.8157227597956998E-02
 -0.1922897364495206E-01
 -0.3036107599339528E-01
 -0.4153581482581951E-01
 -0.5273463412823018E-01
 -0.6393823509231514E-01
 -0.7512669950561228E-01
 -0.8627963880365193E-01
 -0.9737634277240310E-01
 -0.1083959275099795    
 -0.1193175063140802    
 -0.1301203805812139    
 -0.1407842189492638    
 -0.1512892186368693    
 -0.1616162761855166    
 -0.1717471696840141    
 -0.1816647157088894    
 -0.1913528881067281    
 -0.2007969317458288    
 -0.2099834839565884    
 -0.2189006638313659    
 -0.2275381067777827    
 -0.2358869838291494    
 -0.2439400357312502    
 -0.2516915820793930    
 -0.2591374671144639    
 -0.2662749833744092    
 -0.2731028266658647    
 -0.2796210490591183    
 -0.2858309482179724    
 -0.2917349241598995    
 -0.2973363838175658    
 -0.3026396789901822    
 -0.3076499891870075    
 -0.3123731516833171    
 -0.3168155422608125    
 -0.3209840298516276    
 -0.3248858980566240    
 -0.3285286862645664    
 -0.3319200598521114    
 -0.3350677882852995    
 -0.3379797304064563    
 -0.3406637173978107    
 -0.3431274170946149    
 -0.3453783186897423    
 -0.3474237810980647    
 -0.3492709807646890    
 -0.3509267781147234    
 -0.3523976818961244    
 -0.3536899355189126    
 -0.3548095411628859    
 -0.3557621481351419    
 -0.3565529782566361    
 -0.3571869085998939    
 -0.3576685635337071    
 -0.3580022532592719    
 -0.3581918665276532    
 -0.3582409094523951    
 -0.3581526313528626    
 -0.3579300310128002    
 -0.3575757488688783    
 -0.3570920482063006    
 -0.3564809290990761    
 -0.3557441896107975    
 -0.3548833494583598    
 -0.3538995933123648    
 -0.3527938472226320    
 -0.3515668629859474    
 -0.3502191791651583    
 -0.3487510522465345    
 -0.3471624983916045    
 -0.3454533808744197    
 -0.3436233983224334    
 -0.3416720126537387    
 -0.3395984634228587    
 -0.3374018547467553    
 -0.3350811684758497    
 -0.3326351917349265    
 -0.3300625013354984    
 -0.3273615437760683    
 -0.3245306778932932    
 -0.3215681152040384    
 -0.3184718744672148    
 -0.3152398386005719    
 -0.3118698209415045    
 -0.3083595362845289    
 -0.3047065416454949    
 -0.3009082591928202    
 -0.2969620460755073    
 -0.2928652005988400    
 -0.2886149132712872    
 -0.2842082637705051    
 -0.2796422768630654    
 -0.2749139513331122    
 -0.2700202348705553    
 -0.2649580144100921    
 -0.2597241566841807    
 -0.2543155455657585    
 -0.2487290796585969    
 -0.2429616707228257    
 -0.2370102784420687    
 -0.2308719511916505    
 -0.2245438406013841    
 -0.2180232135557927    
 -0.2113074907250830    
 -0.2043942929429267    
 -0.1972814696701214    
 -0.1899671253159149    
 -0.1824496667728731    
 -0.1747278585112761    
 -0.1668008637517733    
 -0.1586682837694621    
 -0.1503302151603856    
 -0.1417873137062204    
 -0.1330408453845122    
 -0.1240927342155330    
 -0.1149456247661655    
 -0.1056029491663618    
 -0.9606897976123342E-01
 -0.8634887519060058E-01
 -0.7644873664646730E-01
 -0.6637566487530411E-01
 -0.5613779866362893E-01
 -0.4574434103507389E-01
 -0.3520558985333679E-01
 -0.2453296418624851E-01
 -0.1373900624667334E-01
 -0.2837363993407417E-02
  0.8157227597956998E-02
  0.1922897364495206E-01
  0.3036107599339528E-01
  0.4153581482581951E-01
  0.5273463412823018E-01
  0.6393823509231514E-01
  0.7512669950561228E-01
  0.8627963880365193E-01
  0.9737634277240310E-01
  0.1083959275099795    
  0.1193175063140802    
  0.1301203805812139    
  0.1407842189492638    
  0.1512892186368693    
  0.1616162761855166    
  0.1717471696840141    
  0.1816647157088894    
  0.1913528881067281    
  0.2007969317458288    
  0.2099834839565884    
  0.2189006638313659    
  0.2275381067777827    
  0.2358869838291494    
  0.2439400357312502    
  0.2516915820793930    
  0.2591374671144639    
  0.2662749833744092    
  0.2731028266658647    
  0.2796210490591183    
  0.2858309482179724    
  0.2917349241598995    
  0.2973363838175658    
  0.3026396789901822    
  0.3076499891870075    
  0.3123731516833171    
  0.3168155422608125    
  0.3209840298516276    
  0.3248858980566240    
  0.3285286862645664    
  0.3319200598521114    
  0.3350677882852995    
  0.3379797304064563    
  0.3406637173978107    
  0.3431274170946149    
  0.3453783186897423    
  0.3474237810980647    
  0.3492709807646890    
  0.3509267781147234    
  0.3523976818961244    
  0.3536899355189126    
  0.3548095411628859    
  0.3557621481351419    
  0.3565529782566361    
  0.3571869085998939    
  0.3576685635337071    
  0.3580022532592719    
  0.3581918665276532    
  0.3582409094523951    
  0.3581526313528626    
  0.3579300310128002    
  0.3575757488688783    
  0.3570920482063006    
  0.3564809290990761    
