  0.2962387508133834    
  0.2959630654770069    
  0.2956809121041716    
  0.2953923002918849    
  0.2950972388994079    
  0.2947957360544534    
  0.2944877991545608    
  0.2941734348707366    
  0.2938526491598887    
  0.2935254472804417    
  0.2931918337983769    
  0.2928518125816856    
  0.2925053867972617    
  0.2921525589227782    
  0.2917933307672420    
  0.2914277034824685    
  0.2910556775591350    
  0.2906772528204037    
  0.2902924284284217    
  0.2899012029018769    
  0.2895035741286525    
  0.2890995393647075    
  0.2886890952291104    
  0.2882722377102781    
  0.2878489621824834    
  0.2874192634167599    
  0.2869831355781823    
  0.2865405722213260    
  0.2860915662985357    
  0.2856361101770650    
  0.2851741956482672    
  0.2847058139230680    
  0.2842309556265560    
  0.2837496108053265    
  0.2832617689448367    
  0.2827674189820497    
  0.2822665493040941    
  0.2817591477393920    
  0.2812452015570416    
  0.2807246974822429    
  0.2801976217165510    
  0.2796639599438056    
  0.2791236973189607    
  0.2785768184592621    
  0.2780233074548351    
  0.2774631478904769    
  0.2768963228568176    
  0.2763228149445780    
  0.2757426062364695    
  0.2751556783104091    
  0.2745620122522847    
  0.2739615886688447    
  0.2733543876947840    
  0.2727403889927040    
  0.2721195717484947    
  0.2714919146697455    
  0.2708573959943902    
  0.2702159935068346    
  0.2695676845498932    
  0.2689124460244012    
  0.2682502543802669    
  0.2675810856114169    
  0.2669049152659451    
  0.2662217184699084    
  0.2655314699454656    
  0.2648341440032422    
  0.2641297145172920    
  0.2634181549191010    
  0.2626994382301169    
  0.2619735371019098    
  0.2612404238170519    
  0.2605000702518507    
  0.2597524478534165    
  0.2589975276673990    
  0.2582352803886843    
  0.2574656763787486    
  0.2566886856352735    
  0.2559042777579864    
  0.2551124219588422    
  0.2543130871108433    
  0.2535062417820924    
  0.2526918542187351    
  0.2518698923048561    
  0.2510403235587954    
  0.2502031151790027    
  0.2493582340866888    
  0.2485056469172207    
  0.2476453199820958    
  0.2467772192610956    
  0.2459013104402344    
  0.2450175589514076    
  0.2441259299738782    
  0.2432263884097804    
  0.2423188988736057    
  0.2414034257137803    
  0.2404799330479804    
  0.2395483847803415    
  0.2386087445883360    
  0.2376609759033046    
  0.2367050419218318    
  0.2357409056486277    
  0.2347685299248515    
  0.2337878774101777    
  0.2327989105539015    
  0.2318015916122032    
  0.2307958827038307    
  0.2297817458378660    
  0.2287591428864857    
  0.2277280355564061    
  0.2266883854144689    
  0.2256401539449897    
  0.2245833025742994    
  0.2235177926470306    
  0.2224435854038733    
  0.2213606420046750    
  0.2202689235798731    
  0.2191683912590940    
  0.2180590061578015    
  0.2169407293576130    
  0.2158135219238800    
  0.2146773449546497    
  0.2135321596135931    
  0.2123779271232624    
  0.2112146087503868    
  0.2100421658227609    
  0.2088605597713800    
  0.2076697521625435    
  0.2064697047059743    
  0.2052603792530357    
  0.2040417378013081    
  0.2028137425163861    
  0.2015763557743832    
  0.2003295402025688    
  0.1990732586824528    
  0.1978074743264142    
  0.1965321504912597    
  0.1952472508485787    
  0.1939527394386912    
  0.1926485806508788    
  0.1913347391925747    
  0.1900111801358119    
  0.1886778690030222    
  0.1873347717860975    
  0.1859818549067921    
  0.1846190852288124    
  0.1832464301410975    
  0.1818638576073144    
  0.1804713361406481    
  0.1790688347992035    
  0.1776563232587903    
  0.1762337718780677    
  0.1748011516859503    
  0.1733584343647809    
  0.1719055923115959    
  0.1704425987193014    
  0.1689694275873956    
  0.1674860537018713    
  0.1659924526748517    
  0.1644886010206925    
  0.1629744761847846    
  0.1614500565394521    
  0.1599153214233736    
  0.1583702512116734    
  0.1568148273417209    
  0.1552490323065294    
  0.1536728496951887    
  0.1520862642753688    
  0.1504892620351864    
  0.1488818301772954    
  0.1472639571440212    
  0.1456356326902502    
  0.1439968479339073    
  0.1423475953648975    
  0.1406878688769569    
  0.1390176638403624    
  0.1373369771505141    
  0.1356458072318534    
  0.1339441540645278    
  0.1322320192627722    
  0.1305094061395798    
  0.1287763197182095    
  0.1270327667476449    
  0.1252787557687464    
  0.1235142971860743    
  0.1217394032959803    
  0.1199540883024848    
  0.1181583683683581    
  0.1163522616844470    
  0.1145357885179644    
  0.1127089712424154    
  0.1108718343703040    
  0.1090244045931569    
  0.1071667108346935    
  0.1052987843214298    
  0.1034206586384837    
  0.1015323697386913    
  0.9963395594881988E-01
  0.9772545804209420E-01
  0.9580691934352074E-01
  0.9387838576667899E-01
  0.9193990578737361E-01
  0.8999153047110102E-01
  0.8803331358191360E-01
  0.8606531165671427E-01
  0.8408758399029555E-01
  0.8210019263760972E-01
  0.8010320250650439E-01
  0.7809668144398171E-01
  0.7608070022672822E-01
  0.7405533254346558E-01
  0.7202065507589069E-01
  0.6997674760444945E-01
  0.6792369301426192E-01
  0.6586157725317045E-01
  0.6379048937910958E-01
  0.6171052167283789E-01
  0.5962176967516598E-01
  0.5752433214177737E-01
  0.5541831104875112E-01
  0.5330381168421305E-01
  0.5118094271167448E-01
  0.4904981614862007E-01
  0.4691054734751821E-01
  0.4476325504389898E-01
  0.4260806141312824E-01
  0.4044509207656814E-01
  0.3827447609206971E-01
  0.3609634597244652E-01
  0.3391083770920163E-01
  0.3171809077664856E-01
  0.2951824813775571E-01
  0.2731145626016896E-01
  0.2509786511404500E-01
  0.2287762815413674E-01
  0.2065090232638682E-01
  0.1841784809201870E-01
  0.1617862941362988E-01
  0.1393341370626933E-01
  0.1168237182307343E-01
  0.9425678085050602E-02
  0.7163510277170999E-02
  0.4896049583145862E-02
  0.2623480535622990E-02
  0.3459910272236741E-03
 -0.1936227684731717E-02
 -0.4222981038456196E-02
 -0.6514071241626779E-02
 -0.8809297295348776E-02
 -0.1110845500231474E-01
 -0.1341133701894845E-01
 -0.1571773293034296E-01
 -0.1802742929798857E-01
 -0.2034020969647981E-01
 -0.2265585477915996E-01
 -0.2497414235444580E-01
 -0.2729484743860734E-01
 -0.2961774230905133E-01
 -0.3194259659260230E-01
 -0.3426917735942872E-01
 -0.3659724918244994E-01
 -0.3892657419341052E-01
 -0.4125691218418596E-01
 -0.4358802072550733E-01
 -0.4591965524594219E-01
 -0.4825156908999794E-01
 -0.5058351361735378E-01
 -0.5291523833669953E-01
 -0.5524649101322386E-01
 -0.5757701774453451E-01
 -0.5990656305942445E-01
 -0.6223487005218881E-01
 -0.6456168050582631E-01
 -0.6688673498705178E-01
 -0.6920977295161444E-01
 -0.7153053287894712E-01
 -0.7384875240605275E-01
 -0.7616416844266501E-01
 -0.7847651728952890E-01
 -0.8078553477211207E-01
 -0.8309095637153881E-01
 -0.8539251734700533E-01
 -0.8768995286869521E-01
 -0.8998299816230980E-01
 -0.9227138864234855E-01
 -0.9455486003367555E-01
 -0.9683314850690021E-01
 -0.9910599082851795E-01
 -0.1013731244980819    
 -0.1036342878705012    
 -0.1058892202931392    
 -0.1081376622604247    
 -0.1103793555524018    
 -0.1126140433506428    
 -0.1148414703675930    
 -0.1170613830017418    
 -0.1192735294823599    
 -0.1214776599851718    
 -0.1236735267522908    
 -0.1258608842384278    
 -0.1280394892516163    
 -0.1302091010630423    
 -0.1323694815171932    
 -0.1345203951731765    
 -0.1366616094467778    
 -0.1387928947132139    
 -0.1409140243948903    
 -0.1430247750827522    
 -0.1451249266779459    
 -0.1472142625006185    
 -0.1492925693651214    
 -0.1513596376729632    
 -0.1534152615356274    
 -0.1554592388803767    
 -0.1574913715182647    
 -0.1595114652169873    
 -0.1615193298073117    
 -0.1635147792837069    
 -0.1654976318590456    
 -0.1674677100059032    
 -0.1694248405380152    
 -0.1713688547134531    
 -0.1732995882945260    
 -0.1752168815602458    
 -0.1771205793388657    
 -0.1790105310914503    
 -0.1808865909888272    
 -0.1827486179272996    
 -0.1845964755194933    
 -0.1864300321289427    
 -0.1882491609387751    
 -0.1900537399837316    
 -0.1918436521290304    
 -0.1936187850588502    
 -0.1953790313122380    
 -0.1971242883189276    
 -0.1988544583831440    
 -0.2005694486445272    
 -0.2022691710751637    
 -0.2039535425023528    
 -0.2056224845964824    
 -0.2072759238166030    
 -0.2089137913723132    
 -0.2105360232277904    
 -0.2121425600966354    
 -0.2137333473838903    
 -0.2153083351125333    
 -0.2168674778928622    
 -0.2184107349188920    
 -0.2199380699265201    
 -0.2214494511039446    
 -0.2229448510166618    
 -0.2244242465822622    
 -0.2258876190468388    
 -0.2273349539072894    
 -0.2287662408050528    
 -0.2301814734592978    
 -0.2315806496431225    
 -0.2329637711341309    
 -0.2343308436052759    
 -0.2356818765124727    
 -0.2370168830408687    
 -0.2383358800791452    
 -0.2396388881426410    
 -0.2409259312404948    
 -0.2421970367680498    
 -0.2434522354683751    
 -0.2446915613989799    
 -0.2459150518271003    
 -0.2471227470828525    
 -0.2483146904643848    
 -0.2494909282122628    
 -0.2506515094654266    
 -0.2517964861360881    
 -0.2529259127596881    
 -0.2540398464130129    
 -0.2551383466945505    
 -0.2562214756711394    
 -0.2572892977436152    
 -0.2583418795000686    
 -0.2593792896427803    
 -0.2604015989709429    
 -0.2614088803238972    
 -0.2624012084465243    
 -0.2633786598479155    
 -0.2643413127333845    
 -0.2652892469879141    
 -0.2662225441200695    
 -0.2671412871337631    
 -0.2680455603964682    
 -0.2689354495753620    
 -0.2698110416179722    
 -0.2706724246962978    
 -0.2715196880896854    
 -0.2723529220678662    
 -0.2731722178325569    
 -0.2739776674943692    
 -0.2747693640173954    
 -0.2755474011136471    
 -0.2763118731402320    
 -0.2770628750475209    
 -0.2778005023569614    
 -0.2785248511092113    
 -0.2792360177673102    
 -0.2799340991237830    
 -0.2806191922566702    
 -0.2812913945132791    
 -0.2819508034639974    
 -0.2825975168124552    
 -0.2832316323110277    
 -0.2838532477245088    
 -0.2844624608195631    
 -0.2850593693250107    
 -0.2856440708515918    
 -0.2862166628166346    
 -0.2867772424119855    
 -0.2873259065963628    
 -0.2878627520646239    
 -0.2883878751809558    
 -0.2889013719116533    
 -0.2894033377934829    
 -0.2898938679285282    
 -0.2903730569645999    
 -0.2908409990412708    
 -0.2912977877278353    
 -0.2917435159917592    
 -0.2921782761982216    
 -0.2926021601021671    
 -0.2930152588055987    
 -0.2934176627001908    
 -0.2938094614358030    
 -0.2941907439222702    
 -0.2945615983299503    
 -0.2949221120591622    
 -0.2952723716915556    
 -0.2956124629600687    
 -0.2959424707492992    
 -0.2962624790998806    
 -0.2965725711885231    
 -0.2968728292899350    
 -0.2971633347511506    
 -0.2974441679917572    
 -0.2977154085094488    
 -0.2979771348654111    
 -0.2982294246539474    
 -0.2984723544835649    
 -0.2987059999810939    
 -0.2989304357990046    
 -0.2991457356030119    
 -0.2993519720459864    
 -0.2995492167543001    
 -0.2997375403364447    
 -0.2999170123938268    
 -0.3000877015109809    
 -0.3002496752309799    
 -0.3004030000438029    
 -0.3005477414004454    
 -0.3006839637313071    
 -0.3008117304394238    
 -0.3009311038717046    
 -0.3010421453036498    
 -0.3011449149593645    
 -0.3012394720427757    
 -0.3013258747388601    
 -0.3014041801815528    
 -0.3014744444294605    
 -0.3015367224820114    
 -0.3015910683180120    
 -0.3016375349115775    
 -0.3016761742099467    
 -0.3017070371041643    
 -0.3017301734304526    
 -0.3017456320026661    
 -0.3017534606409292    
 -0.3017537061681981    
 -0.3017464143852543    
 -0.3017316300595996    
 -0.3017093969457418    
 -0.3016797578159070    
 -0.3016427544694913    
 -0.3015984277189541    
 -0.3015468173791872    
 -0.3014879622788250    
 -0.3014219002815300    
 -0.3013486682962515    
 -0.3012683022753356    
 -0.3011808372149731    
 -0.3010863071639221    
 -0.3009847452325734    
 -0.3008761835970586    
 -0.3007606535041391    
 -0.3006381852823474    
 -0.3005088083541577    
 -0.3003725512402860    
 -0.3002294415571206    
 -0.3000795060187321    
 -0.2999227704512428    
 -0.2997592598121227    
 -0.2995889981987990    
 -0.2994120088425983    
 -0.2992283141033744    
 -0.2990379354813818    
 -0.2988408936413695    
 -0.2986372084272012    
 -0.2984268988572627    
 -0.2982099831160219    
 -0.2979864785611280    
 -0.2977564017441291    
 -0.2975197684264816    
 -0.2972765935813232    
 -0.2970268913900604    
 -0.2967706752464907    
 -0.2965079577691848    
 -0.2962387508133834    
 -0.2959630654770069    
 -0.2956809121041716    
 -0.2953923002918849    
 -0.2950972388994079    
 -0.2947957360544534    
 -0.2944877991545608    
 -0.2941734348707366    
 -0.2938526491598887    
 -0.2935254472804417    
 -0.2931918337983769    
 -0.2928518125816856    
 -0.2925053867972617    
 -0.2921525589227782    
 -0.2917933307672420    
 -0.2914277034824685    
 -0.2910556775591350    
 -0.2906772528204037    
 -0.2902924284284217    
 -0.2899012029018769    
 -0.2895035741286525    
 -0.2890995393647075    
 -0.2886890952291104    
 -0.2882722377102781    
 -0.2878489621824834    
 -0.2874192634167599    
 -0.2869831355781823    
 -0.2865405722213260    
 -0.2860915662985357    
 -0.2856361101770650    
 -0.2851741956482672    
 -0.2847058139230680    
 -0.2842309556265560    
 -0.2837496108053265    
 -0.2832617689448367    
 -0.2827674189820497    
 -0.2822665493040941    
 -0.2817591477393920    
 -0.2812452015570416    
 -0.2807246974822429    
 -0.2801976217165510    
 -0.2796639599438056    
 -0.2791236973189607    
 -0.2785768184592621    
 -0.2780233074548351    
 -0.2774631478904769    
 -0.2768963228568176    
 -0.2763228149445780    
 -0.2757426062364695    
 -0.2751556783104091    
 -0.2745620122522847    
 -0.2739615886688447    
 -0.2733543876947840    
 -0.2727403889927040    
 -0.2721195717484947    
 -0.2714919146697455    
 -0.2708573959943902    
 -0.2702159935068346    
 -0.2695676845498932    
 -0.2689124460244012    
 -0.2682502543802669    
 -0.2675810856114169    
 -0.2669049152659451    
 -0.2662217184699084    
 -0.2655314699454656    
 -0.2648341440032422    
 -0.2641297145172920    
 -0.2634181549191010    
 -0.2626994382301169    
 -0.2619735371019098    
 -0.2612404238170519    
 -0.2605000702518507    
 -0.2597524478534165    
 -0.2589975276673990    
 -0.2582352803886843    
 -0.2574656763787486    
 -0.2566886856352735    
 -0.2559042777579864    
 -0.2551124219588422    
 -0.2543130871108433    
 -0.2535062417820924    
 -0.2526918542187351    
 -0.2518698923048561    
 -0.2510403235587954    
 -0.2502031151790027    
 -0.2493582340866888    
 -0.2485056469172207    
 -0.2476453199820958    
 -0.2467772192610956    
 -0.2459013104402344    
 -0.2450175589514076    
 -0.2441259299738782    
 -0.2432263884097804    
 -0.2423188988736057    
 -0.2414034257137803    
 -0.2404799330479804    
 -0.2395483847803415    
 -0.2386087445883360    
 -0.2376609759033046    
 -0.2367050419218318    
 -0.2357409056486277    
 -0.2347685299248515    
 -0.2337878774101777    
 -0.2327989105539015    
 -0.2318015916122032    
 -0.2307958827038307    
 -0.2297817458378660    
 -0.2287591428864857    
 -0.2277280355564061    
 -0.2266883854144689    
 -0.2256401539449897    
 -0.2245833025742994    
 -0.2235177926470306    
 -0.2224435854038733    
 -0.2213606420046750    
 -0.2202689235798731    
 -0.2191683912590940    
 -0.2180590061578015    
 -0.2169407293576130    
 -0.2158135219238800    
 -0.2146773449546497    
 -0.2135321596135931    
 -0.2123779271232624    
 -0.2112146087503868    
 -0.2100421658227609    
 -0.2088605597713800    
 -0.2076697521625435    
 -0.2064697047059743    
 -0.2052603792530357    
 -0.2040417378013081    
 -0.2028137425163861    
 -0.2015763557743832    
 -0.2003295402025688    
 -0.1990732586824528    
 -0.1978074743264142    
 -0.1965321504912597    
 -0.1952472508485787    
 -0.1939527394386912    
 -0.1926485806508788    
 -0.1913347391925747    
 -0.1900111801358119    
 -0.1886778690030222    
 -0.1873347717860975    
 -0.1859818549067921    
 -0.1846190852288124    
 -0.1832464301410975    
 -0.1818638576073144    
 -0.1804713361406481    
 -0.1790688347992035    
 -0.1776563232587903    
 -0.1762337718780677    
 -0.1748011516859503    
 -0.1733584343647809    
 -0.1719055923115959    
 -0.1704425987193014    
 -0.1689694275873956    
 -0.1674860537018713    
 -0.1659924526748517    
 -0.1644886010206925    
 -0.1629744761847846    
 -0.1614500565394521    
 -0.1599153214233736    
 -0.1583702512116734    
 -0.1568148273417209    
 -0.1552490323065294    
 -0.1536728496951887    
 -0.1520862642753688    
 -0.1504892620351864    
 -0.1488818301772954    
 -0.1472639571440212    
 -0.1456356326902502    
 -0.1439968479339073    
 -0.1423475953648975    
 -0.1406878688769569    
 -0.1390176638403624    
 -0.1373369771505141    
 -0.1356458072318534    
 -0.1339441540645278    
 -0.1322320192627722    
 -0.1305094061395798    
 -0.1287763197182095    
 -0.1270327667476449    
 -0.1252787557687464    
 -0.1235142971860743    
 -0.1217394032959803    
 -0.1199540883024848    
 -0.1181583683683581    
 -0.1163522616844470    
 -0.1145357885179644    
 -0.1127089712424154    
 -0.1108718343703040    
 -0.1090244045931569    
 -0.1071667108346935    
 -0.1052987843214298    
 -0.1034206586384837    
 -0.1015323697386913    
 -0.9963395594881988E-01
 -0.9772545804209420E-01
 -0.9580691934352074E-01
 -0.9387838576667899E-01
 -0.9193990578737361E-01
 -0.8999153047110102E-01
 -0.8803331358191360E-01
 -0.8606531165671427E-01
 -0.8408758399029555E-01
 -0.8210019263760972E-01
 -0.8010320250650439E-01
 -0.7809668144398171E-01
 -0.7608070022672822E-01
 -0.7405533254346558E-01
 -0.7202065507589069E-01
 -0.6997674760444945E-01
 -0.6792369301426192E-01
 -0.6586157725317045E-01
 -0.6379048937910958E-01
 -0.6171052167283789E-01
 -0.5962176967516598E-01
 -0.5752433214177737E-01
 -0.5541831104875112E-01
 -0.5330381168421305E-01
 -0.5118094271167448E-01
 -0.4904981614862007E-01
 -0.4691054734751821E-01
 -0.4476325504389898E-01
 -0.4260806141312824E-01
 -0.4044509207656814E-01
 -0.3827447609206971E-01
 -0.3609634597244652E-01
 -0.3391083770920163E-01
 -0.3171809077664856E-01
 -0.2951824813775571E-01
 -0.2731145626016896E-01
 -0.2509786511404500E-01
 -0.2287762815413674E-01
 -0.2065090232638682E-01
 -0.1841784809201870E-01
 -0.1617862941362988E-01
 -0.1393341370626933E-01
 -0.1168237182307343E-01
 -0.9425678085050602E-02
 -0.7163510277170999E-02
 -0.4896049583145862E-02
 -0.2623480535622990E-02
 -0.3459910272236741E-03
  0.1936227684731717E-02
  0.4222981038456196E-02
  0.6514071241626779E-02
  0.8809297295348776E-02
  0.1110845500231474E-01
  0.1341133701894845E-01
  0.1571773293034296E-01
  0.1802742929798857E-01
  0.2034020969647981E-01
  0.2265585477915996E-01
  0.2497414235444580E-01
  0.2729484743860734E-01
  0.2961774230905133E-01
  0.3194259659260230E-01
  0.3426917735942872E-01
  0.3659724918244994E-01
  0.3892657419341052E-01
  0.4125691218418596E-01
  0.4358802072550733E-01
  0.4591965524594219E-01
  0.4825156908999794E-01
  0.5058351361735378E-01
  0.5291523833669953E-01
  0.5524649101322386E-01
  0.5757701774453451E-01
  0.5990656305942445E-01
  0.6223487005218881E-01
  0.6456168050582631E-01
  0.6688673498705178E-01
  0.6920977295161444E-01
  0.7153053287894712E-01
  0.7384875240605275E-01
  0.7616416844266501E-01
  0.7847651728952890E-01
  0.8078553477211207E-01
  0.8309095637153881E-01
  0.8539251734700533E-01
  0.8768995286869521E-01
  0.8998299816230980E-01
  0.9227138864234855E-01
  0.9455486003367555E-01
  0.9683314850690021E-01
  0.9910599082851795E-01
  0.1013731244980819    
  0.1036342878705012    
  0.1058892202931392    
  0.1081376622604247    
  0.1103793555524018    
  0.1126140433506428    
  0.1148414703675930    
  0.1170613830017418    
  0.1192735294823599    
  0.1214776599851718    
  0.1236735267522908    
  0.1258608842384278    
  0.1280394892516163    
  0.1302091010630423    
  0.1323694815171932    
  0.1345203951731765    
  0.1366616094467778    
  0.1387928947132139    
  0.1409140243948903    
  0.1430247750827522    
  0.1451249266779459    
  0.1472142625006185    
  0.1492925693651214    
  0.1513596376729632    
  0.1534152615356274    
  0.1554592388803767    
  0.1574913715182647    
  0.1595114652169873    
  0.1615193298073117    
  0.1635147792837069    
  0.1654976318590456    
  0.1674677100059032    
  0.1694248405380152    
  0.1713688547134531    
  0.1732995882945260    
  0.1752168815602458    
  0.1771205793388657    
  0.1790105310914503    
  0.1808865909888272    
  0.1827486179272996    
  0.1845964755194933    
  0.1864300321289427    
  0.1882491609387751    
  0.1900537399837316    
  0.1918436521290304    
  0.1936187850588502    
  0.1953790313122380    
  0.1971242883189276    
  0.1988544583831440    
  0.2005694486445272    
  0.2022691710751637    
  0.2039535425023528    
  0.2056224845964824    
  0.2072759238166030    
  0.2089137913723132    
  0.2105360232277904    
  0.2121425600966354    
  0.2137333473838903    
  0.2153083351125333    
  0.2168674778928622    
  0.2184107349188920    
  0.2199380699265201    
  0.2214494511039446    
  0.2229448510166618    
  0.2244242465822622    
  0.2258876190468388    
  0.2273349539072894    
  0.2287662408050528    
  0.2301814734592978    
  0.2315806496431225    
  0.2329637711341309    
  0.2343308436052759    
  0.2356818765124727    
  0.2370168830408687    
  0.2383358800791452    
  0.2396388881426410    
  0.2409259312404948    
  0.2421970367680498    
  0.2434522354683751    
  0.2446915613989799    
  0.2459150518271003    
  0.2471227470828525    
  0.2483146904643848    
  0.2494909282122628    
  0.2506515094654266    
  0.2517964861360881    
  0.2529259127596881    
  0.2540398464130129    
  0.2551383466945505    
  0.2562214756711394    
  0.2572892977436152    
  0.2583418795000686    
  0.2593792896427803    
  0.2604015989709429    
  0.2614088803238972    
  0.2624012084465243    
  0.2633786598479155    
  0.2643413127333845    
  0.2652892469879141    
  0.2662225441200695    
  0.2671412871337631    
  0.2680455603964682    
  0.2689354495753620    
  0.2698110416179722    
  0.2706724246962978    
  0.2715196880896854    
  0.2723529220678662    
  0.2731722178325569    
  0.2739776674943692    
  0.2747693640173954    
  0.2755474011136471    
  0.2763118731402320    
  0.2770628750475209    
  0.2778005023569614    
  0.2785248511092113    
  0.2792360177673102    
  0.2799340991237830    
  0.2806191922566702    
  0.2812913945132791    
  0.2819508034639974    
  0.2825975168124552    
  0.2832316323110277    
  0.2838532477245088    
  0.2844624608195631    
  0.2850593693250107    
  0.2856440708515918    
  0.2862166628166346    
  0.2867772424119855    
  0.2873259065963628    
  0.2878627520646239    
  0.2883878751809558    
  0.2889013719116533    
  0.2894033377934829    
  0.2898938679285282    
  0.2903730569645999    
  0.2908409990412708    
  0.2912977877278353    
  0.2917435159917592    
  0.2921782761982216    
  0.2926021601021671    
  0.2930152588055987    
  0.2934176627001908    
  0.2938094614358030    
  0.2941907439222702    
  0.2945615983299503    
  0.2949221120591622    
  0.2952723716915556    
  0.2956124629600687    
  0.2959424707492992    
  0.2962624790998806    
  0.2965725711885231    
  0.2968728292899350    
  0.2971633347511506    
  0.2974441679917572    
  0.2977154085094488    
  0.2979771348654111    
  0.2982294246539474    
  0.2984723544835649    
  0.2987059999810939    
  0.2989304357990046    
  0.2991457356030119    
  0.2993519720459864    
  0.2995492167543001    
  0.2997375403364447    
  0.2999170123938268    
  0.3000877015109809    
  0.3002496752309799    
  0.3004030000438029    
  0.3005477414004454    
  0.3006839637313071    
  0.3008117304394238    
  0.3009311038717046    
  0.3010421453036498    
  0.3011449149593645    
  0.3012394720427757    
  0.3013258747388601    
  0.3014041801815528    
  0.3014744444294605    
  0.3015367224820114    
  0.3015910683180120    
  0.3016375349115775    
  0.3016761742099467    
  0.3017070371041643    
  0.3017301734304526    
  0.3017456320026661    
  0.3017534606409292    
  0.3017537061681981    
  0.3017464143852543    
  0.3017316300595996    
  0.3017093969457418    
  0.3016797578159070    
  0.3016427544694913    
  0.3015984277189541    
  0.3015468173791872    
  0.3014879622788250    
  0.3014219002815300    
  0.3013486682962515    
  0.3012683022753356    
  0.3011808372149731    
  0.3010863071639221    
  0.3009847452325734    
  0.3008761835970586    
  0.3007606535041391    
  0.3006381852823474    
  0.3005088083541577    
  0.3003725512402860    
  0.3002294415571206    
  0.3000795060187321    
  0.2999227704512428    
  0.2997592598121227    
  0.2995889981987990    
  0.2994120088425983    
  0.2992283141033744    
  0.2990379354813818    
  0.2988408936413695    
  0.2986372084272012    
  0.2984268988572627    
  0.2982099831160219    
  0.2979864785611280    
  0.2977564017441291    
  0.2975197684264816    
  0.2972765935813232    
  0.2970268913900604    
  0.2967706752464907    
  0.2965079577691848    
