   2.656097870648721    
   2.662153534073925    
   2.668282466213601    
   2.674485257360249    
   2.680762479477076    
   2.687114654045857    
   2.693542226599279    
   2.700045584933342    
   2.706625092715810    
   2.713281122839683    
   2.720014102486137    
   2.726824546263692    
   2.733713033088232    
   2.740680140787729    
   2.747726396152634    
   2.754852255511044    
   2.762058086282442    
   2.769344142562493    
   2.776710554464930    
   2.784157339030892    
   2.791684441223725    
   2.799291821987416    
   2.806979557351107    
   2.814747852315112    
   2.822596935463264    
   2.830526924682452    
   2.838537751439119    
   2.846629127059220    
   2.854800534424045    
   2.863051314217749    
   2.871380857671932    
   2.879788741565352    
   2.888274647883829    
   2.896838141389378    
   2.905478496307605    
   2.914194625482889    
   2.922985058247724    
   2.931848010372896    
   2.940781632328819    
   2.949784322269373    
   2.958854823400818    
   2.967991980984515    
   2.977194325353740    
   2.986459731838868    
   2.995785302262258    
   3.005167524781142    
   3.014602685469213    
   3.024087319278961    
   3.033618354033153    
   3.043192771095385    
   3.052806996977869    
   3.062456473387788    
   3.072135709771494    
   3.081838749588015    
   3.091559684622532    
   3.101292828284559    
   3.111032399042819    
   3.120771894558781    
   3.130503553706112    
   3.140218290833279    
   3.149906211076809    
   3.159557362191297    
   3.169162075514464    
   3.178710500459159    
   3.188191660068578    
   3.197592824129575    
   3.206899651315331    
   3.216096785219869    
   3.225168266040353    
   3.234097459025671    
   3.242866658967897    
   3.251456683264123    
   3.259846694833110    
   3.268014323245574    
   3.275935868957408    
   3.283586205281883    
   3.290938266817943    
   3.297962516785438    
   3.304626855275291    
   3.310896919017747    
   3.316736287673578    
   3.322106277293701    
   3.326965473099941    
   3.331269343384549    
   3.334970066607095    
   3.338016408106419    
   3.340353404697211    
   3.341921838127405    
   3.342657792173032    
   3.342492579282188    
   3.341352877972429    
   3.339160565848498    
   3.335831997682670    
   3.331277064959057    
   3.325398525859995    
   3.318091696628149    
   3.309244232357631    
   3.298735736291880    
   3.286437111966666    
   3.272209725390100    
   3.255904560686120    
   3.237361478805040    
   3.216408403043377    
   3.192860222064228    
   3.166517642307343    
   3.137166422523436    
   3.104576812991158    
   3.068502449254509    
   3.028678493649702    
   2.984819780395671    
   2.936619555437050    
   2.883748365658739    
   2.825852464057393    
   2.762551962741004    
   2.693439238045918    
   2.618077285470728    
   2.535997407072680    
   2.446696511520482    
   2.349634908318180    
   2.244234735638118    
   2.129878301575190    
   2.005905877884862    
   1.871613136861567    
   1.726248520942785    
   1.569010864813627    
   1.399047853129774    
   1.215455442411336    
   1.017277233608783    
  0.8035029088065132    
  0.5730667723346303    
  0.3248484300072658    
  0.5767581551693342E-01
 -0.2296713056923419    
 -0.5384582633054593    
 -0.8699910948269518    
  -1.225608691728385    
  -1.606671526652337    
  -2.014548384538672    
  -2.450601338517330    
  -2.916167509143047    
  -3.412536104037387    
  -3.940920473104606    
  -4.502425848718304    
  -5.098013194611125    
  -5.728458448886618    
  -6.394305884567798    
  -7.095815721669826    
  -7.832908263160421    
  -8.605106553251863    
  -9.411477016005533    
  -10.25056734561130    
  -11.12034496498959    
  -12.01814232870542    
  -12.94061262602483    
  -13.88369565975895    
  -14.84259589703600    
  -15.81178005057048    
  -16.78500108493727    
  -17.75534935608326    
  -18.71532930472827    
  -19.65696445371393    
  -20.57193495232499    
  -21.45174493125938    
  -22.28790987783387    
  -23.07215587822680    
  -23.79662744464922    
  -24.45409838208475    
  -25.03817268362454    
  -25.54346041245786    
  -25.96571925752102    
  -26.30195798357343    
  -26.55049873550239    
  -26.71099483097257    
  -26.78440257978530    
  -26.77290854976327    
  -26.67981716053566    
  -26.50940844744669    
  -26.26677872461842    
  -25.95767284197650    
  -25.58831016342165    
  -25.16520767914349    
  -24.69501222166343    
  -24.18435563949969    
  -23.63973550103413    
  -23.06741272044324    
  -22.47332106601614    
  -21.86299554473261    
  -21.24152870043806    
  -20.61355218449664    
  -19.98323110425813    
  -19.35426257390369    
  -18.72988063355325    
  -18.11287337675084    
  -17.50561222417755    
  -16.91008667001014    
  -16.32793763642981    
  -15.76048744609843    
  -15.20876884841518    
  -14.67355601508826    
  -14.15539749714187    
  -13.65464811683820    
  -13.17149667132874    
  -12.70598892644501    
  -12.25804767501455    
  -11.82749160458189    
  -11.41405336681424    
  -11.01739639883618    
  -10.63712993550666    
  -10.27282165924276    
  -9.924007695268706    
  -9.590200422887198    
  -9.270895136240240    
  -8.965576253360787    
  -8.673723064277970    
  -8.394814805122351    
  -8.128335016201410    
  -7.873775088637299    
  -7.630636760128962    
  -7.398433569173528    
  -7.176691706615934    
  -6.964950737111176    
  -6.762764350033764    
  -6.569701116774650    
  -6.385345228550236    
  -6.209297094996860    
  -6.041173575348416    
  -5.880607758683002    
  -5.727248473244197    
  -5.580759743756592    
  -5.440820269880960    
  -5.307122948446855    
  -5.179374494661484    
  -5.057295141943115    
  -4.940618291615266    
  -4.829090040522452    
  -4.722468647478786    
  -4.620523998036487    
  -4.523037058428882    
  -4.429799349001464    
  -4.340612521443596    
  -4.255288021232424    
  -4.173646690161535    
  -4.095518240632936    
  -4.020740704996307    
  -3.949159963858070    
  -3.880629327340298    
  -3.815009124018482    
  -3.752166341061354    
  -3.691974356830789    
  -3.634312715478505    
  -3.579066888000531    
  -3.526128039396834    
  -3.475392813637771    
  -3.426763072741554    
  -3.380145550329521    
  -3.335451487974722    
  -3.292596333876013    
  -3.251499488857875    
  -3.212084057409611    
  -3.174276630994815    
  -3.138007144561340    
  -3.103208771890038    
  -3.069817802571823    
  -3.037773510236286    
  -3.007018046487294    
  -2.977496337596904    
  -2.949155944212220    
  -2.921946907939051    
  -2.895821631420701    
  -2.870734774979737    
  -2.846643122221510    
  -2.823505425609696    
  -2.801282280471168    
  -2.779936027172284    
  -2.759430644122954    
  -2.739731636476462    
  -2.720805959900639    
  -2.702621978532222    
  -2.685149420797999    
  -2.668359331716376    
  -2.652224049715565    
  -2.636717195196902    
  -2.621813624089795    
  -2.607489343698624    
  -2.593721435293439    
  -2.580487996451755    
  -2.567768070548498    
  -2.555541557199538    
  -2.543789142575568    
  -2.532492266395190    
  -2.521633097913616    
  -2.511194509564644    
  -2.501160073563216    
  -2.491514082882250    
  -2.482241554856929    
  -2.473328198497322    
  -2.464760376728566    
  -2.456525080649231    
  -2.448609885952901    
  -2.441002876675979    
  -2.433692574153373    
  -2.426667902151163    
  -2.419918167766991    
  -2.413433037547661    
  -2.407202530715445    
  -2.401217044608126    
  -2.395467379640913    
  -2.389944735878311    
  -2.384640704572602    
  -2.379547277969750    
  -2.374656849541344    
  -2.369962174988583    
  -2.365456318963745    
  -2.361132622772971    
  -2.356984679896607    
  -2.353006296564800    
  -2.349191461164646    
  -2.345534351948410    
  -2.342029358314663    
  -2.338671077436563    
  -2.335454301112468    
  -2.332374026418344    
  -2.329425474683714    
  -2.326604084203491    
  -2.323905490022636    
  -2.321325523619357    
  -2.318860217385199    
  -2.316505779334463    
  -2.314258554493092    
  -2.312115013455792    
  -2.310071758138838    
  -2.308125507171636    
  -2.306273071947574    
  -2.304511363075745    
  -2.302837417272030    
  -2.301248400807788    
  -2.299741591670989    
  -2.298314378329038    
  -2.296964271065167    
  -2.295688888962169    
  -2.294485929990297    
  -2.293353167014279    
  -2.292288467442568    
  -2.291289794304557    
  -2.290355187845058    
  -2.289482766849646    
  -2.288670749089002    
  -2.287917450000726    
  -2.287221258224747    
  -2.286580627992073    
  -2.285994089874274    
  -2.285460240217471    
  -2.284977709673273    
  -2.284545155320266    
  -2.284161280736605    
  -2.283824839887880    
  -2.283534617053423    
  -2.283289424602035    
  -2.283088127272910    
  -2.282929652615096    
  -2.282812978415402    
  -2.282737135078023    
  -2.282701228454023    
  -2.282704440559426    
  -2.282745999297896    
  -2.282825160525578    
  -2.282941216231972    
  -2.283093491267770    
  -2.283281318817154    
  -2.283504033832497    
  -2.283760993781632    
  -2.284051585917569    
  -2.284375211368915    
  -2.284731288620520    
  -2.285119286708899    
  -2.285538741153680    
  -2.285989234374603    
  -2.286470381894874    
  -2.286981842364102    
  -2.287523313754868    
  -2.288094502677385    
  -2.288695109313534    
  -2.289324843965897    
  -2.289983432514986    
  -2.290670593592077    
  -2.291386031475101    
  -2.292129465040601    
  -2.292900649230425    
  -2.293699364425287    
  -2.294525411029206    
  -2.295378628990880    
  -2.296258902546758    
  -2.297166131430910    
  -2.298100213493348    
  -2.299061064406395    
  -2.300048632739986    
  -2.301062882154967    
  -2.302103777732410    
  -2.303171301961558    
  -2.304265462751066    
  -2.305386268241334    
  -2.306533708065575    
  -2.307707770568565    
  -2.308908460356317    
  -2.310135787193544    
  -2.311389758884600    
  -2.312670403151139    
  -2.313977782880163    
  -2.315311978353277    
  -2.316673072548494    
  -2.318061167719418    
  -2.319476398786178    
  -2.320918915576982    
  -2.322388867564701    
  -2.323886418082487    
  -2.325411753677872    
  -2.326965061531689    
  -2.328546510278939    
  -2.330156263375407    
  -2.331794492317868    
  -2.333461363397109    
  -2.335157032751559    
  -2.336881675184239    
  -2.338635506715843    
  -2.340418767818242    
  -2.342231701979170    
  -2.344074562410616    
  -2.345947616683298    
  -2.347851123312962    
  -2.349785316722981    
  -2.351750428688601    
  -2.353746706732437    
  -2.355774396784330    
  -2.357833729227408    
  -2.359924945788284    
  -2.362048333034986    
  -2.364204224066328    
  -2.366392993612576    
  -2.368615070117233    
  -2.370870925517854    
  -2.373161015613713    
  -2.375485723542331    
  -2.377845358549260    
  -2.380240180301612    
  -2.382670405596758    
  -2.385136221926397    
  -2.387637838210914    
  -2.390175534469112    
  -2.392749668873813    
  -2.395360672257136    
  -2.398009064397554    
  -2.400695453986294    
  -2.403420482278953    
  -2.406184752078304    
  -2.408988797151864    
  -2.411833071280242    
  -2.414717920811869    
  -2.417643575825632    
  -2.420610204737622    
  -2.423617996056574    
  -2.426667206862711    
  -2.429758187613915    
  -2.432891417074316    
  -2.436067521026366    
  -2.439287235288475    
  -2.442551339643042    
  -2.445860605465378    
  -2.449215741245226    
  -2.452617318716336    
  -2.456065734005363    
  -2.459561256037426    
  -2.463104117361732    
  -2.466694572565190    
  -2.470332930314123    
  -2.474019602373366    
  -2.477755148571985    
  -2.481540266884942    
  -2.485375739493088    
  -2.489262377510013    
  -2.493200963092647    
  -2.497192180747848    
  -2.501236584391663    
  -2.505334638191839    
  -2.509486783696929    
  -2.513693471014636    
  -2.517955173174764    
  -2.522272424844545    
  -2.526645852128100    
  -2.531076143835318    
  -2.535563998174081    
  -2.540110104869487    
  -2.544715141746400    
  -2.549379735821915    
  -2.554104421824832    
  -2.558889668009759    
  -2.563735954853280    
  -2.568643831878186    
  -2.573613929727308    
  -2.578646954506016    
  -2.583743665742282    
  -2.588904829996049    
  -2.594131184941691    
  -2.599423440408398    
  -2.604782275306182    
  -2.610208297447908    
  -2.615702020845946    
  -2.621263915101558    
  -2.626894475563845    
  -2.632594240094619    
  -2.638363781677996    
  -2.644203739029533    
  -2.650114844501303    
  -2.656097870648721    
  -2.662153534073925    
  -2.668282466213601    
  -2.674485257360249    
  -2.680762479477076    
  -2.687114654045857    
  -2.693542226599279    
  -2.700045584933342    
  -2.706625092715810    
  -2.713281122839683    
  -2.720014102486137    
  -2.726824546263692    
  -2.733713033088232    
  -2.740680140787729    
  -2.747726396152634    
  -2.754852255511044    
  -2.762058086282442    
  -2.769344142562493    
  -2.776710554464930    
  -2.784157339030892    
  -2.791684441223725    
  -2.799291821987416    
  -2.806979557351107    
  -2.814747852315112    
  -2.822596935463264    
  -2.830526924682452    
  -2.838537751439119    
  -2.846629127059220    
  -2.854800534424045    
  -2.863051314217749    
  -2.871380857671932    
  -2.879788741565352    
  -2.888274647883829    
  -2.896838141389378    
  -2.905478496307605    
  -2.914194625482889    
  -2.922985058247724    
  -2.931848010372896    
  -2.940781632328819    
  -2.949784322269373    
  -2.958854823400818    
  -2.967991980984515    
  -2.977194325353740    
  -2.986459731838868    
  -2.995785302262258    
  -3.005167524781142    
  -3.014602685469213    
  -3.024087319278961    
  -3.033618354033153    
  -3.043192771095385    
  -3.052806996977869    
  -3.062456473387788    
  -3.072135709771494    
  -3.081838749588015    
  -3.091559684622532    
  -3.101292828284559    
  -3.111032399042819    
  -3.120771894558781    
  -3.130503553706112    
  -3.140218290833279    
  -3.149906211076809    
  -3.159557362191297    
  -3.169162075514464    
  -3.178710500459159    
  -3.188191660068578    
  -3.197592824129575    
  -3.206899651315331    
  -3.216096785219869    
  -3.225168266040353    
  -3.234097459025671    
  -3.242866658967897    
  -3.251456683264123    
  -3.259846694833110    
  -3.268014323245574    
  -3.275935868957408    
  -3.283586205281883    
  -3.290938266817943    
  -3.297962516785438    
  -3.304626855275291    
  -3.310896919017747    
  -3.316736287673578    
  -3.322106277293701    
  -3.326965473099941    
  -3.331269343384549    
  -3.334970066607095    
  -3.338016408106419    
  -3.340353404697211    
  -3.341921838127405    
  -3.342657792173032    
  -3.342492579282188    
  -3.341352877972429    
  -3.339160565848498    
  -3.335831997682670    
  -3.331277064959057    
  -3.325398525859995    
  -3.318091696628149    
  -3.309244232357631    
  -3.298735736291880    
  -3.286437111966666    
  -3.272209725390100    
  -3.255904560686120    
  -3.237361478805040    
  -3.216408403043377    
  -3.192860222064228    
  -3.166517642307343    
  -3.137166422523436    
  -3.104576812991158    
  -3.068502449254509    
  -3.028678493649702    
  -2.984819780395671    
  -2.936619555437050    
  -2.883748365658739    
  -2.825852464057393    
  -2.762551962741004    
  -2.693439238045918    
  -2.618077285470728    
  -2.535997407072680    
  -2.446696511520482    
  -2.349634908318180    
  -2.244234735638118    
  -2.129878301575190    
  -2.005905877884862    
  -1.871613136861567    
  -1.726248520942785    
  -1.569010864813627    
  -1.399047853129774    
  -1.215455442411336    
  -1.017277233608783    
 -0.8035029088065132    
 -0.5730667723346303    
 -0.3248484300072658    
 -0.5767581551693342E-01
  0.2296713056923419    
  0.5384582633054593    
  0.8699910948269518    
   1.225608691728385    
   1.606671526652337    
   2.014548384538672    
   2.450601338517330    
   2.916167509143047    
   3.412536104037387    
   3.940920473104606    
   4.502425848718304    
   5.098013194611125    
   5.728458448886618    
   6.394305884567798    
   7.095815721669826    
   7.832908263160421    
   8.605106553251863    
   9.411477016005533    
   10.25056734561130    
   11.12034496498959    
   12.01814232870542    
   12.94061262602483    
   13.88369565975895    
   14.84259589703600    
   15.81178005057048    
   16.78500108493727    
   17.75534935608326    
   18.71532930472827    
   19.65696445371393    
   20.57193495232499    
   21.45174493125938    
   22.28790987783387    
   23.07215587822680    
   23.79662744464922    
   24.45409838208475    
   25.03817268362454    
   25.54346041245786    
   25.96571925752102    
   26.30195798357343    
   26.55049873550239    
   26.71099483097257    
   26.78440257978530    
   26.77290854976327    
   26.67981716053566    
   26.50940844744669    
   26.26677872461842    
   25.95767284197650    
   25.58831016342165    
   25.16520767914349    
   24.69501222166343    
   24.18435563949969    
   23.63973550103413    
   23.06741272044324    
   22.47332106601614    
   21.86299554473261    
   21.24152870043806    
   20.61355218449664    
   19.98323110425813    
   19.35426257390369    
   18.72988063355325    
   18.11287337675084    
   17.50561222417755    
   16.91008667001014    
   16.32793763642981    
   15.76048744609843    
   15.20876884841518    
   14.67355601508826    
   14.15539749714187    
   13.65464811683820    
   13.17149667132874    
   12.70598892644501    
   12.25804767501455    
   11.82749160458189    
   11.41405336681424    
   11.01739639883618    
   10.63712993550666    
   10.27282165924276    
   9.924007695268706    
   9.590200422887198    
   9.270895136240240    
   8.965576253360787    
   8.673723064277970    
   8.394814805122351    
   8.128335016201410    
   7.873775088637299    
   7.630636760128962    
   7.398433569173528    
   7.176691706615934    
   6.964950737111176    
   6.762764350033764    
   6.569701116774650    
   6.385345228550236    
   6.209297094996860    
   6.041173575348416    
   5.880607758683002    
   5.727248473244197    
   5.580759743756592    
   5.440820269880960    
   5.307122948446855    
   5.179374494661484    
   5.057295141943115    
   4.940618291615266    
   4.829090040522452    
   4.722468647478786    
   4.620523998036487    
   4.523037058428882    
   4.429799349001464    
   4.340612521443596    
   4.255288021232424    
   4.173646690161535    
   4.095518240632936    
   4.020740704996307    
   3.949159963858070    
   3.880629327340298    
   3.815009124018482    
   3.752166341061354    
   3.691974356830789    
   3.634312715478505    
   3.579066888000531    
   3.526128039396834    
   3.475392813637771    
   3.426763072741554    
   3.380145550329521    
   3.335451487974722    
   3.292596333876013    
   3.251499488857875    
   3.212084057409611    
   3.174276630994815    
   3.138007144561340    
   3.103208771890038    
   3.069817802571823    
   3.037773510236286    
   3.007018046487294    
   2.977496337596904    
   2.949155944212220    
   2.921946907939051    
   2.895821631420701    
   2.870734774979737    
   2.846643122221510    
   2.823505425609696    
   2.801282280471168    
   2.779936027172284    
   2.759430644122954    
   2.739731636476462    
   2.720805959900639    
   2.702621978532222    
   2.685149420797999    
   2.668359331716376    
   2.652224049715565    
   2.636717195196902    
   2.621813624089795    
   2.607489343698624    
   2.593721435293439    
   2.580487996451755    
   2.567768070548498    
   2.555541557199538    
   2.543789142575568    
   2.532492266395190    
   2.521633097913616    
   2.511194509564644    
   2.501160073563216    
   2.491514082882250    
   2.482241554856929    
   2.473328198497322    
   2.464760376728566    
   2.456525080649231    
   2.448609885952901    
   2.441002876675979    
   2.433692574153373    
   2.426667902151163    
   2.419918167766991    
   2.413433037547661    
   2.407202530715445    
   2.401217044608126    
   2.395467379640913    
   2.389944735878311    
   2.384640704572602    
   2.379547277969750    
   2.374656849541344    
   2.369962174988583    
   2.365456318963745    
   2.361132622772971    
   2.356984679896607    
   2.353006296564800    
   2.349191461164646    
   2.345534351948410    
   2.342029358314663    
   2.338671077436563    
   2.335454301112468    
   2.332374026418344    
   2.329425474683714    
   2.326604084203491    
   2.323905490022636    
   2.321325523619357    
   2.318860217385199    
   2.316505779334463    
   2.314258554493092    
   2.312115013455792    
   2.310071758138838    
   2.308125507171636    
   2.306273071947574    
   2.304511363075745    
   2.302837417272030    
   2.301248400807788    
   2.299741591670989    
   2.298314378329038    
   2.296964271065167    
   2.295688888962169    
   2.294485929990297    
   2.293353167014279    
   2.292288467442568    
   2.291289794304557    
   2.290355187845058    
   2.289482766849646    
   2.288670749089002    
   2.287917450000726    
   2.287221258224747    
   2.286580627992073    
   2.285994089874274    
   2.285460240217471    
   2.284977709673273    
   2.284545155320266    
   2.284161280736605    
   2.283824839887880    
   2.283534617053423    
   2.283289424602035    
   2.283088127272910    
   2.282929652615096    
   2.282812978415402    
   2.282737135078023    
   2.282701228454023    
   2.282704440559426    
   2.282745999297896    
   2.282825160525578    
   2.282941216231972    
   2.283093491267770    
   2.283281318817154    
   2.283504033832497    
   2.283760993781632    
   2.284051585917569    
   2.284375211368915    
   2.284731288620520    
   2.285119286708899    
   2.285538741153680    
   2.285989234374603    
   2.286470381894874    
   2.286981842364102    
   2.287523313754868    
   2.288094502677385    
   2.288695109313534    
   2.289324843965897    
   2.289983432514986    
   2.290670593592077    
   2.291386031475101    
   2.292129465040601    
   2.292900649230425    
   2.293699364425287    
   2.294525411029206    
   2.295378628990880    
   2.296258902546758    
   2.297166131430910    
   2.298100213493348    
   2.299061064406395    
   2.300048632739986    
   2.301062882154967    
   2.302103777732410    
   2.303171301961558    
   2.304265462751066    
   2.305386268241334    
   2.306533708065575    
   2.307707770568565    
   2.308908460356317    
   2.310135787193544    
   2.311389758884600    
   2.312670403151139    
   2.313977782880163    
   2.315311978353277    
   2.316673072548494    
   2.318061167719418    
   2.319476398786178    
   2.320918915576982    
   2.322388867564701    
   2.323886418082487    
   2.325411753677872    
   2.326965061531689    
   2.328546510278939    
   2.330156263375407    
   2.331794492317868    
   2.333461363397109    
   2.335157032751559    
   2.336881675184239    
   2.338635506715843    
   2.340418767818242    
   2.342231701979170    
   2.344074562410616    
   2.345947616683298    
   2.347851123312962    
   2.349785316722981    
   2.351750428688601    
   2.353746706732437    
   2.355774396784330    
   2.357833729227408    
   2.359924945788284    
   2.362048333034986    
   2.364204224066328    
   2.366392993612576    
   2.368615070117233    
   2.370870925517854    
   2.373161015613713    
   2.375485723542331    
   2.377845358549260    
   2.380240180301612    
   2.382670405596758    
   2.385136221926397    
   2.387637838210914    
   2.390175534469112    
   2.392749668873813    
   2.395360672257136    
   2.398009064397554    
   2.400695453986294    
   2.403420482278953    
   2.406184752078304    
   2.408988797151864    
   2.411833071280242    
   2.414717920811869    
   2.417643575825632    
   2.420610204737622    
   2.423617996056574    
   2.426667206862711    
   2.429758187613915    
   2.432891417074316    
   2.436067521026366    
   2.439287235288475    
   2.442551339643042    
   2.445860605465378    
   2.449215741245226    
   2.452617318716336    
   2.456065734005363    
   2.459561256037426    
   2.463104117361732    
   2.466694572565190    
   2.470332930314123    
   2.474019602373366    
   2.477755148571985    
   2.481540266884942    
   2.485375739493088    
   2.489262377510013    
   2.493200963092647    
   2.497192180747848    
   2.501236584391663    
   2.505334638191839    
   2.509486783696929    
   2.513693471014636    
   2.517955173174764    
   2.522272424844545    
   2.526645852128100    
   2.531076143835318    
   2.535563998174081    
   2.540110104869487    
   2.544715141746400    
   2.549379735821915    
   2.554104421824832    
   2.558889668009759    
   2.563735954853280    
   2.568643831878186    
   2.573613929727308    
   2.578646954506016    
   2.583743665742282    
   2.588904829996049    
   2.594131184941691    
   2.599423440408398    
   2.604782275306182    
   2.610208297447908    
   2.615702020845946    
   2.621263915101558    
   2.626894475563845    
   2.632594240094619    
   2.638363781677996    
   2.644203739029533    
   2.650114844501303    
