  0.7836392828402983E-01
  0.7575802479056798E-01
  0.7314023436267836E-01
  0.7051086900890713E-01
  0.6787024393412078E-01
  0.6521867756704736E-01
  0.6255649157619386E-01
  0.5988401087181638E-01
  0.5720156360601164E-01
  0.5450948118006860E-01
  0.5180809825184318E-01
  0.4909775273066486E-01
  0.4637878576129717E-01
  0.4365154170974894E-01
  0.4091636815452371E-01
  0.3817361587227608E-01
  0.3542363881069982E-01
  0.3266679405730710E-01
  0.2990344181452320E-01
  0.2713394537623470E-01
  0.2435867109344469E-01
  0.2157798832893865E-01
  0.1879226941337581E-01
  0.1600188960879606E-01
  0.1320722707070421E-01
  0.1040866279877517E-01
  0.7606580579171685E-02
  0.4801366929164663E-02
  0.1993411047596760E-02
 -0.8168952358639792E-03
 -0.3629157519781101E-02
 -0.6442978896648299E-02
 -0.9257960018234979E-02
 -0.1207369915735024E-01
 -0.1488979226921078E-01
 -0.1770583305686202E-01
 -0.2052141304168048E-01
 -0.2333612163676757E-01
 -0.2614954621965371E-01
 -0.2896127220138212E-01
 -0.3177088309364989E-01
 -0.3457796058135121E-01
 -0.3738208460453502E-01
 -0.4018283344119805E-01
 -0.4297978377889772E-01
 -0.4577251077953259E-01
 -0.4856058815531800E-01
 -0.5134358825964824E-01
 -0.5412108217286393E-01
 -0.5689263976986192E-01
 -0.5965782978648332E-01
 -0.6241621990501162E-01
 -0.6516737684757512E-01
 -0.6791086645276523E-01
 -0.7064625373996569E-01
 -0.7337310298750793E-01
 -0.7609097782604546E-01
 -0.7879944132118966E-01
 -0.8149805603919386E-01
 -0.8418638412078994E-01
 -0.8686398737311518E-01
 -0.8953042735521749E-01
 -0.9218526544365951E-01
 -0.9482806290252199E-01
 -0.9745838097552695E-01
 -0.1000757809765365    
 -0.1026798243555938    
 -0.1052700727626048    
 -0.1078460881372354    
 -0.1104074328065147    
 -0.1129536695563778    
 -0.1154843616905892    
 -0.1179990731152359    
 -0.1204973684421107    
 -0.1229788130702079    
 -0.1254429732446118    
 -0.1278894161346166    
 -0.1303177099400574    
 -0.1327274239856058    
 -0.1351181287866769    
 -0.1374893961240424    
 -0.1398407991502326    
 -0.1421719124958671    
 -0.1444823123483145    
 -0.1467715765291258    
 -0.1490392846013959    
 -0.1512850179869775    
 -0.1535083600610188    
 -0.1557088962381679    
 -0.1578862140835484    
 -0.1600399034403381    
 -0.1621695565425526    
 -0.1642747681167189    
 -0.1663551355016175    
 -0.1684102587860903    
 -0.1704397409390643    
 -0.1724431879304586    
 -0.1744202088667178    
 -0.1763704161432973    
 -0.1782934255921331    
 -0.1801888566216077    
 -0.1820563323705167    
 -0.1838954798794213    
 -0.1857059302584132    
 -0.1874873188469789    
 -0.1892392853867175    
 -0.1909614742126611    
 -0.1926535344430840    
 -0.1943151201606641    
 -0.1959458906041573    
 -0.1975455103786881    
 -0.1991136496660917    
 -0.2006499844259113    
 -0.2021541966045629    
 -0.2036259743627262    
 -0.2050650123036046    
 -0.2064710116900983    
 -0.2078436806666498    
 -0.2091827344982535    
 -0.2104878958112058    
 -0.2117588948209439    
 -0.2129954695598964    
 -0.2141973661197389    
 -0.2153643388953756    
 -0.2164961508142487    
 -0.2175925735607516    
 -0.2186533878111681    
 -0.2196783834692431    
 -0.2206673598849092    
 -0.2216201260627960    
 -0.2225365008763753    
 -0.2234163132806923    
 -0.2242594025060227    
 -0.2250656182363309    
 -0.2258348207880821    
 -0.2265668812845316    
 -0.2272616818080339    
 -0.2279191155325366    
 -0.2285390868520116    
 -0.2291215115015959    
 -0.2296663166534840    
 -0.2301734409880885    
 -0.2306428347573726    
 -0.2310744598395071    
 -0.2314682897658649    
 -0.2318243097183987    
 -0.2321425165160214    
 -0.2324229185930804    
 -0.2326655359500687    
 -0.2328704000702902    
 -0.2330375538218508    
 -0.2331670513538424    
 -0.2332589579680457    
 -0.2333133499547537    
 -0.2333303144108295    
 -0.2333099490549663    
 -0.2332523620244837    
 -0.2331576716366264    
 -0.2330260061289178    
 -0.2328575034001208    
 -0.2326523107424965    
 -0.2324105845432897    
 -0.2321324899624403    
 -0.2318182006122080    
 -0.2314678982390335    
 -0.2310817723840536    
 -0.2306600200192037    
 -0.2302028451842087    
 -0.2297104586356917    
 -0.2291830774882229    
 -0.2286209248337483    
 -0.2280242293583808    
 -0.2273932249771347    
 -0.2267281504758134    
 -0.2260292491396425    
 -0.2252967683758207    
 -0.2245309593534919    
 -0.2237320766625683    
 -0.2229003779715812    
 -0.2220361236799651    
 -0.2211395765841060    
 -0.2202110015681661    
 -0.2192506653057944    
 -0.2182588359600084    
 -0.2172357828922318    
 -0.2161817763965951    
 -0.2150970874545948    
 -0.2139819874945557    
 -0.2128367481569552    
 -0.2116616410807484    
 -0.2104569377140937    
 -0.2092229091369056    
 -0.2079598258894583    
 -0.2066679578171928    
 -0.2053475739389437    
 -0.2039989423304314    
 -0.2026223300147718    
 -0.2012180028660870    
 -0.1997862255346962    
 -0.1983272613885013    
 -0.1968413724604421    
 -0.1953288194052072    
 -0.1937898614758780    
 -0.1922247565184914    
 -0.1906337609714917    
 -0.1890171298678620    
 -0.1873751168527489    
 -0.1857079742221606    
 -0.1840159529696932    
 -0.1822993028294823    
 -0.1805582723239829    
 -0.1787931088317556    
 -0.1770040586716539    
 -0.1751913671849437    
 -0.1733552788098836    
 -0.1714960371644985    
 -0.1696138851499196    
 -0.1677090650633520    
 -0.1657818187016900    
 -0.1638323874564931    
 -0.1618610124195730    
 -0.1598679345080087    
 -0.1578533945926721    
 -0.1558176336115624    
 -0.1537608926735406    
 -0.1516834131747065    
 -0.1495854369337030    
 -0.1474672063255538    
 -0.1453289643950715    
 -0.1431709549596365    
 -0.1409934227264020    
 -0.1387966134279410    
 -0.1365807739524172    
 -0.1343461524497569    
 -0.1320929984270067    
 -0.1298215628589387    
 -0.1275320983155332    
 -0.1252248590809300    
 -0.1229001012472584    
 -0.1205580827985492    
 -0.1181990637094103    
 -0.1158233060574760    
 -0.1134310741251114    
 -0.1110226344775009    
 -0.1085982560331566    
 -0.1061582101474546    
 -0.1037027707051318    
 -0.1012322142004081    
 -0.9874681979719457E-01
 -0.9624686938481175E-01
 -0.9373264764397349E-01
 -0.9120444211675588E-01
 -0.8866254326397094E-01
 -0.8610724450670193E-01
 -0.8353884226510666E-01
 -0.8095763600470218E-01
 -0.7836392828402983E-01
 -0.7575802479056798E-01
 -0.7314023436267836E-01
 -0.7051086900890713E-01
 -0.6787024393412078E-01
 -0.6521867756704736E-01
 -0.6255649157619386E-01
 -0.5988401087181638E-01
 -0.5720156360601164E-01
 -0.5450948118006860E-01
 -0.5180809825184318E-01
 -0.4909775273066486E-01
 -0.4637878576129717E-01
 -0.4365154170974894E-01
 -0.4091636815452371E-01
 -0.3817361587227608E-01
 -0.3542363881069982E-01
 -0.3266679405730710E-01
 -0.2990344181452320E-01
 -0.2713394537623470E-01
 -0.2435867109344469E-01
 -0.2157798832893865E-01
 -0.1879226941337581E-01
 -0.1600188960879606E-01
 -0.1320722707070421E-01
 -0.1040866279877517E-01
 -0.7606580579171685E-02
 -0.4801366929164663E-02
 -0.1993411047596760E-02
  0.8168952358639792E-03
  0.3629157519781101E-02
  0.6442978896648299E-02
  0.9257960018234979E-02
  0.1207369915735024E-01
  0.1488979226921078E-01
  0.1770583305686202E-01
  0.2052141304168048E-01
  0.2333612163676757E-01
  0.2614954621965371E-01
  0.2896127220138212E-01
  0.3177088309364989E-01
  0.3457796058135121E-01
  0.3738208460453502E-01
  0.4018283344119805E-01
  0.4297978377889772E-01
  0.4577251077953259E-01
  0.4856058815531800E-01
  0.5134358825964824E-01
  0.5412108217286393E-01
  0.5689263976986192E-01
  0.5965782978648332E-01
  0.6241621990501162E-01
  0.6516737684757512E-01
  0.6791086645276523E-01
  0.7064625373996569E-01
  0.7337310298750793E-01
  0.7609097782604546E-01
  0.7879944132118966E-01
  0.8149805603919386E-01
  0.8418638412078994E-01
  0.8686398737311518E-01
  0.8953042735521749E-01
  0.9218526544365951E-01
  0.9482806290252199E-01
  0.9745838097552695E-01
  0.1000757809765365    
  0.1026798243555938    
  0.1052700727626048    
  0.1078460881372354    
  0.1104074328065147    
  0.1129536695563778    
  0.1154843616905892    
  0.1179990731152359    
  0.1204973684421107    
  0.1229788130702079    
  0.1254429732446118    
  0.1278894161346166    
  0.1303177099400574    
  0.1327274239856058    
  0.1351181287866769    
  0.1374893961240424    
  0.1398407991502326    
  0.1421719124958671    
  0.1444823123483145    
  0.1467715765291258    
  0.1490392846013959    
  0.1512850179869775    
  0.1535083600610188    
  0.1557088962381679    
  0.1578862140835484    
  0.1600399034403381    
  0.1621695565425526    
  0.1642747681167189    
  0.1663551355016175    
  0.1684102587860903    
  0.1704397409390643    
  0.1724431879304586    
  0.1744202088667178    
  0.1763704161432973    
  0.1782934255921331    
  0.1801888566216077    
  0.1820563323705167    
  0.1838954798794213    
  0.1857059302584132    
  0.1874873188469789    
  0.1892392853867175    
  0.1909614742126611    
  0.1926535344430840    
  0.1943151201606641    
  0.1959458906041573    
  0.1975455103786881    
  0.1991136496660917    
  0.2006499844259113    
  0.2021541966045629    
  0.2036259743627262    
  0.2050650123036046    
  0.2064710116900983    
  0.2078436806666498    
  0.2091827344982535    
  0.2104878958112058    
  0.2117588948209439    
  0.2129954695598964    
  0.2141973661197389    
  0.2153643388953756    
  0.2164961508142487    
  0.2175925735607516    
  0.2186533878111681    
  0.2196783834692431    
  0.2206673598849092    
  0.2216201260627960    
  0.2225365008763753    
  0.2234163132806923    
  0.2242594025060227    
  0.2250656182363309    
  0.2258348207880821    
  0.2265668812845316    
  0.2272616818080339    
  0.2279191155325366    
  0.2285390868520116    
  0.2291215115015959    
  0.2296663166534840    
  0.2301734409880885    
  0.2306428347573726    
  0.2310744598395071    
  0.2314682897658649    
  0.2318243097183987    
  0.2321425165160214    
  0.2324229185930804    
  0.2326655359500687    
  0.2328704000702902    
  0.2330375538218508    
  0.2331670513538424    
  0.2332589579680457    
  0.2333133499547537    
  0.2333303144108295    
  0.2333099490549663    
  0.2332523620244837    
  0.2331576716366264    
  0.2330260061289178    
  0.2328575034001208    
  0.2326523107424965    
  0.2324105845432897    
  0.2321324899624403    
  0.2318182006122080    
  0.2314678982390335    
  0.2310817723840536    
  0.2306600200192037    
  0.2302028451842087    
  0.2297104586356917    
  0.2291830774882229    
  0.2286209248337483    
  0.2280242293583808    
  0.2273932249771347    
  0.2267281504758134    
  0.2260292491396425    
  0.2252967683758207    
  0.2245309593534919    
  0.2237320766625683    
  0.2229003779715812    
  0.2220361236799651    
  0.2211395765841060    
  0.2202110015681661    
  0.2192506653057944    
  0.2182588359600084    
  0.2172357828922318    
  0.2161817763965951    
  0.2150970874545948    
  0.2139819874945557    
  0.2128367481569552    
  0.2116616410807484    
  0.2104569377140937    
  0.2092229091369056    
  0.2079598258894583    
  0.2066679578171928    
  0.2053475739389437    
  0.2039989423304314    
  0.2026223300147718    
  0.2012180028660870    
  0.1997862255346962    
  0.1983272613885013    
  0.1968413724604421    
  0.1953288194052072    
  0.1937898614758780    
  0.1922247565184914    
  0.1906337609714917    
  0.1890171298678620    
  0.1873751168527489    
  0.1857079742221606    
  0.1840159529696932    
  0.1822993028294823    
  0.1805582723239829    
  0.1787931088317556    
  0.1770040586716539    
  0.1751913671849437    
  0.1733552788098836    
  0.1714960371644985    
  0.1696138851499196    
  0.1677090650633520    
  0.1657818187016900    
  0.1638323874564931    
  0.1618610124195730    
  0.1598679345080087    
  0.1578533945926721    
  0.1558176336115624    
  0.1537608926735406    
  0.1516834131747065    
  0.1495854369337030    
  0.1474672063255538    
  0.1453289643950715    
  0.1431709549596365    
  0.1409934227264020    
  0.1387966134279410    
  0.1365807739524172    
  0.1343461524497569    
  0.1320929984270067    
  0.1298215628589387    
  0.1275320983155332    
  0.1252248590809300    
  0.1229001012472584    
  0.1205580827985492    
  0.1181990637094103    
  0.1158233060574760    
  0.1134310741251114    
  0.1110226344775009    
  0.1085982560331566    
  0.1061582101474546    
  0.1037027707051318    
  0.1012322142004081    
  0.9874681979719457E-01
  0.9624686938481175E-01
  0.9373264764397349E-01
  0.9120444211675588E-01
  0.8866254326397094E-01
  0.8610724450670193E-01
  0.8353884226510666E-01
  0.8095763600470218E-01
