  0.1004250419536856    
  0.9894644877458658E-01
  0.9746432814291900E-01
  0.9597872173753519E-01
  0.9448967139480252E-01
  0.9299721911088726E-01
  0.9150140704396836E-01
  0.9000227751637380E-01
  0.8849987301664758E-01
  0.8699423620153968E-01
  0.8548540989792386E-01
  0.8397343710463995E-01
  0.8245836099426490E-01
  0.8094022491480768E-01
  0.7941907239133195E-01
  0.7789494712750389E-01
  0.7636789300706875E-01
  0.7483795409525151E-01
  0.7330517464008679E-01
  0.7176959907367347E-01
  0.7023127201335960E-01
  0.6869023826285270E-01
  0.6714654281325977E-01
  0.6560023084405403E-01
  0.6405134772397370E-01
  0.6249993901184592E-01
  0.6094605045734508E-01
  0.5938972800167747E-01
  0.5783101777820043E-01
  0.5626996611296958E-01
  0.5470661952522088E-01
  0.5314102472778170E-01
  0.5157322862741953E-01
  0.5000327832511803E-01
  0.4843122111629389E-01
  0.4685710449094210E-01
  0.4528097613372184E-01
  0.4370288392397564E-01
  0.4212287593568753E-01
  0.4054100043737674E-01
  0.3895730589193236E-01
  0.3737184095638502E-01
  0.3578465448162116E-01
  0.3419579551203461E-01
  0.3260531328512345E-01
  0.3101325723102688E-01
  0.2941967697200498E-01
  0.2782462232186361E-01
  0.2622814328532358E-01
  0.2463029005733453E-01
  0.2303111302233751E-01
  0.2143066275347177E-01
  0.1982899001173372E-01
  0.1822614574508230E-01
  0.1662218108749758E-01
  0.1501714735798698E-01
  0.1341109605954816E-01
  0.1180407887808088E-01
  0.1019614768125571E-01
  0.8587354517334944E-02
  0.6977751613952476E-02
  0.5367391376847275E-02
  0.3756326388556275E-02
  0.2144609407065012E-02
  0.5322933644207328E-03
 -0.1080568634699020E-02
 -0.2693923314449120E-02
 -0.4307717229323993E-02
 -0.5921896765694434E-02
 -0.7536408143384188E-02
 -0.9151197417277102E-02
 -0.1076621047896165E-01
 -0.1238139305840535E-01
 -0.1399669072566101E-01
 -0.1561204889260415E-01
 -0.1722741281470030E-01
 -0.1884272759279965E-01
 -0.2045793817495944E-01
 -0.2207298935829383E-01
 -0.2368782579084766E-01
 -0.2530239197349515E-01
 -0.2691663226186308E-01
 -0.2853049086827414E-01
 -0.3014391186371546E-01
 -0.3175683917982480E-01
 -0.3336921661089859E-01
 -0.3498098781591752E-01
 -0.3659209632059368E-01
 -0.3820248551943006E-01
 -0.3981209867780106E-01
 -0.4142087893404467E-01
 -0.4302876930157251E-01
 -0.4463571267099020E-01
 -0.4624165181223244E-01
 -0.4784652937670852E-01
 -0.4945028789946049E-01
 -0.5105286980132945E-01
 -0.5265421739113457E-01
 -0.5425427286785744E-01
 -0.5585297832283898E-01
 -0.5745027574197969E-01
 -0.5904610700794932E-01
 -0.6064041390240127E-01
 -0.6223313810819325E-01
 -0.6382422121161097E-01
 -0.6541360470459745E-01
 -0.6700122998698227E-01
 -0.6858703836871771E-01
 -0.7017097107211229E-01
 -0.7175296923406926E-01
 -0.7333297390832372E-01
 -0.7491092606768146E-01
 -0.7648676660625769E-01
 -0.7806043634171567E-01
 -0.7963187601750232E-01
 -0.8120102630508735E-01
 -0.8276782780619468E-01
 -0.8433222105503552E-01
 -0.8589414652053634E-01
 -0.8745354460856664E-01
 -0.8901035566415905E-01
 -0.9056451997373016E-01
 -0.9211597776729419E-01
 -0.9366466922067573E-01
 -0.9521053445771560E-01
 -0.9675351355247436E-01
 -0.9829354653143052E-01
 -0.9983057337567591E-01
 -0.1013645340231031    
 -0.1028953683705927    
 -0.1044230162761913    
 -0.1059474175612903    
 -0.1074685120127948    
 -0.1089862393852910    
 -0.1105005394032068    
 -0.1120113517629719    
 -0.1135186161351714    
 -0.1150222721666941    
 -0.1165222594828804    
 -0.1180185176896664    
 -0.1195109863757243    
 -0.1209996051146005    
 -0.1224843134668532    
 -0.1239650509821877    
 -0.1254417572015907    
 -0.1269143716594654    
 -0.1283828338857642    
 -0.1298470834081247    
 -0.1313070597540059    
 -0.1327627024528244    
 -0.1342139510380949    
 -0.1356607450495755    
 -0.1371030240354141    
 -0.1385407275543029    
 -0.1399737951776380    
 -0.1414021664916871    
 -0.1428257810997657    
 -0.1442445786244213    
 -0.1456584987096299    
 -0.1470674810230021    
 -0.1484714652580019    
 -0.1498703911361801    
 -0.1512641984094190    
 -0.1526528268621987    
 -0.1540362163138755    
 -0.1554143066209810    
 -0.1567870376795410    
 -0.1581543494274179    
 -0.1595161818466755    
 -0.1608724749659669    
 -0.1622231688629505    
 -0.1635682036667341    
 -0.1649075195603489    
 -0.1662410567832522    
 -0.1675687556338645    
 -0.1688905564721426    
 -0.1702063997221867    
 -0.1715162258748866    
 -0.1728199754906075    
 -0.1741175892019192    
 -0.1754090077163692    
 -0.1766941718192996    
 -0.1779730223767134    
 -0.1792455003381921    
 -0.1805115467398632    
 -0.1817711027074209    
 -0.1830241094592051    
 -0.1842705083093370    
 -0.1855102406709168    
 -0.1867432480592828    
 -0.1879694720953362    
 -0.1891888545089338    
 -0.1904013371423481    
 -0.1916068619537988    
 -0.1928053710210578    
 -0.1939968065451310    
 -0.1951811108540145    
 -0.1963582264065351    
 -0.1975280957962707    
 -0.1986906617555588    
 -0.1998458671595915    
 -0.2009936550305973    
 -0.2021339685421157    
 -0.2032667510233659    
 -0.2043919459637094    
 -0.2055094970172096    
 -0.2066193480072949    
 -0.2077214429315213    
 -0.2088157259664425    
 -0.2099021414725822    
 -0.2109806339995179    
 -0.2120511482910719    
 -0.2131136292906151    
 -0.2141680221464830    
 -0.2152142722175048    
 -0.2162523250786565    
 -0.2172821265268252    
 -0.2183036225866970    
 -0.2193167595167671    
 -0.2203214838154712    
 -0.2213177422274422    
 -0.2223054817498900    
 -0.2232846496391090    
 -0.2242551934171119    
 -0.2252170608783903    
 -0.2261702000968033    
 -0.2271145594325947    
 -0.2280500875395428    
 -0.2289767333722359    
 -0.2298944461934792    
 -0.2308031755818303    
 -0.2317028714392648    
 -0.2325934839989701    
 -0.2334749638332642    
 -0.2343472618616460    
 -0.2352103293589716    
 -0.2360641179637559    
 -0.2369085796865975    
 -0.2377436669187263    
 -0.2385693324406709    
 -0.2393855294310452    
 -0.2401922114754484    
 -0.2409893325754820    
 -0.2417768471578792    
 -0.2425547100837409    
 -0.2433228766578773    
 -0.2440813026382512    
 -0.2448299442455192    
 -0.2455687581726660    
 -0.2462977015947276    
 -0.2470167321786008    
 -0.2477258080929360    
 -0.2484248880181037    
 -0.2491139311562325    
 -0.2497928972413137    
 -0.2504617465493648    
 -0.2511204399086446    
 -0.2517689387099131    
 -0.2524072049167341    
 -0.2530352010758092    
 -0.2536528903273413    
 -0.2542602364154145    
 -0.2548572036983892    
 -0.2554437571592989    
 -0.2560198624162395    
 -0.2565854857327428    
 -0.2571405940281317    
 -0.2576851548878423    
 -0.2582191365737102    
 -0.2587425080342032    
 -0.2592552389145990    
 -0.2597572995670900    
 -0.2602486610608117    
 -0.2607292951917760    
 -0.2611991744927122    
 -0.2616582722427947    
 -0.2621065624772532    
 -0.2625440199968450    
 -0.2629706203771897    
 -0.2633863399779491    
 -0.2637911559518458    
 -0.2641850462535034    
 -0.2645679896481037    
 -0.2649399657198404    
 -0.2653009548801619    
 -0.2656509383757923    
 -0.2659898982965236    
 -0.2663178175827681    
 -0.2666346800328585    
 -0.2669404703100804    
 -0.2672351739494303    
 -0.2675187773640797    
 -0.2677912678515435    
 -0.2680526335995377    
 -0.2683028636915241    
 -0.2685419481119296    
 -0.2687698777510232    
 -0.2689866444094455    
 -0.2691922408023779    
 -0.2693866605633466    
 -0.2695698982476542    
 -0.2697419493354261    
 -0.2699028102342704    
 -0.2700524782815357    
 -0.2701909517461665    
 -0.2703182298301374    
 -0.2704343126694790    
 -0.2705392013348736    
 -0.2706328978318300    
 -0.2707154051004172    
 -0.2707867270145627    
 -0.2708468683809065    
 -0.2708958349372086    
 -0.2709336333503085    
 -0.2709602712136407    
 -0.2709757570442994    
 -0.2709801002796515    
 -0.2709733112734947    
 -0.2709554012917637    
 -0.2709263825077861    
 -0.2708862679970902    
 -0.2708350717317629    
 -0.2707728085743737    
 -0.2706994942714518    
 -0.2706151454465318    
 -0.2705197795927643    
 -0.2704134150651025    
 -0.2702960710720681    
 -0.2701677676671058    
 -0.2700285257395287    
 -0.2698783670050708    
 -0.2697173139960469    
 -0.2695453900511314    
 -0.2693626193047623    
 -0.2691690266761886    
 -0.2689646378581640    
 -0.2687494793053060    
 -0.2685235782221176    
 -0.2682869625506963    
 -0.2680396609581316    
 -0.2677817028236154    
 -0.2675131182252717    
 -0.2672339379267257    
 -0.2669441933634185    
 -0.2666439166286807    
 -0.2663331404595746    
 -0.2660118982225352    
 -0.2656802238988119    
 -0.2653381520697380    
 -0.2649857179018265    
 -0.2646229571317172    
 -0.2642499060509880    
 -0.2638666014908491    
 -0.2634730808067312    
 -0.2630693818627914    
 -0.2626555430163369    
 -0.2622316031021921    
 -0.2617976014170203    
 -0.2613535777036211    
 -0.2608995721352171    
 -0.2604356252997468    
 -0.2599617781841659    
 -0.2594780721587848    
 -0.2589845489616494    
 -0.2584812506829874    
 -0.2579682197497224    
 -0.2574454989100823    
 -0.2569131312183033    
 -0.2563711600194525    
 -0.2558196289343717    
 -0.2552585818447684    
 -0.2546880628784543    
 -0.2541081163947495    
 -0.2535187869700555    
 -0.2529201193836159    
 -0.2523121586034740    
 -0.2516949497726351    
 -0.2510685381954434    
 -0.2504329693241871    
 -0.2497882887459321    
 -0.2491345421696027    
 -0.2484717754133052    
 -0.2478000343919127    
 -0.2471193651049126    
 -0.2464298136245264    
 -0.2457314260840977    
 -0.2450242486667737    
 -0.2443083275944655    
 -0.2435837091171051    
 -0.2428504395021964    
 -0.2421085650246675    
 -0.2413581319570222    
 -0.2405991865598041    
 -0.2398317750723618    
 -0.2390559437039310    
 -0.2382717386250273    
 -0.2374792059591539    
 -0.2366783917748224    
 -0.2358693420778915    
 -0.2350521028042185    
 -0.2342267198126318    
 -0.2333932388782094    
 -0.2325517056858792    
 -0.2317021658243254    
 -0.2308446647802134    
 -0.2299792479327165    
 -0.2291059605483565    
 -0.2282248477761465    
 -0.2273359546430386    
 -0.2264393260496658    
 -0.2255350067663850    
 -0.2246230414296088    
 -0.2237034745384290    
 -0.2227763504515232    
 -0.2218417133843442    
 -0.2208996074065866    
 -0.2199500764399283    
 -0.2189931642560317    
 -0.2180289144748209    
 -0.2170573705630042    
 -0.2160785758328609    
 -0.2150925734412683    
 -0.2140994063889776    
 -0.2130991175201233    
 -0.2120917495219694    
 -0.2110773449248772    
 -0.2100559461025004    
 -0.2090275952721909    
 -0.2079923344956191    
 -0.2069502056795935    
 -0.2059012505770839    
 -0.2048455107884328    
 -0.2037830277627597    
 -0.2027138427995399    
 -0.2016379970503650    
 -0.2005555315208684    
 -0.1994664870728192    
 -0.1983709044263693    
 -0.1972688241624563    
 -0.1961602867253514    
 -0.1950453324253496    
 -0.1939240014415933    
 -0.1927963338250278    
 -0.1916623695014787    
 -0.1905221482748516    
 -0.1893757098304398    
 -0.1882230937383433    
 -0.1870643394569889    
 -0.1858994863367498    
 -0.1847285736236508    
 -0.1835516404631696    
 -0.1823687259041107    
 -0.1811798689025639    
 -0.1799851083259278    
 -0.1787844829570060    
 -0.1775780314981612    
 -0.1763657925755315    
 -0.1751478047432937    
 -0.1739241064879819    
 -0.1726947362328444    
 -0.1714597323422460    
 -0.1702191331261003    
 -0.1689729768443378    
 -0.1677213017113990    
 -0.1664641459007543    
 -0.1652015475494379    
 -0.1639335447626051    
 -0.1626601756180941    
 -0.1613814781710041    
 -0.1600974904582715    
 -0.1588082505032533    
 -0.1575137963203048    
 -0.1562141659193564    
 -0.1549093973104781    
 -0.1535995285084369    
 -0.1522845975372371    
 -0.1509646424346471    
 -0.1496397012567030    
 -0.1483098120821928    
 -0.1469750130171139    
 -0.1456353421991053    
 -0.1442908378018459    
 -0.1429415380394259    
 -0.1415874811706769    
 -0.1402287055034726    
 -0.1388652493989839    
 -0.1374971512758974    
 -0.1361244496145875    
 -0.1347471829612477    
 -0.1333653899319689    
 -0.1319791092167770    
 -0.1305883795836120    
 -0.1291932398822628    
 -0.1277937290482423    
 -0.1263898861066118    
 -0.1249817501757471    
 -0.1235693604710488    
 -0.1221527563085896    
 -0.1207319771087067    
 -0.1193070623995275    
 -0.1178780518204384    
 -0.1164449851254838    
 -0.1150079021867054    
 -0.1135668429974129    
 -0.1121218476753919    
 -0.1106729564660389    
 -0.1092202097454336    
 -0.1077636480233388    
 -0.1063033119461345    
 -0.1048392422996787    
 -0.1033714800120993    
 -0.1019000661565144    
 -0.1004250419536856    
 -0.9894644877458658E-01
 -0.9746432814291900E-01
 -0.9597872173753519E-01
 -0.9448967139480252E-01
 -0.9299721911088726E-01
 -0.9150140704396836E-01
 -0.9000227751637380E-01
 -0.8849987301664758E-01
 -0.8699423620153968E-01
 -0.8548540989792386E-01
 -0.8397343710463995E-01
 -0.8245836099426490E-01
 -0.8094022491480768E-01
 -0.7941907239133195E-01
 -0.7789494712750389E-01
 -0.7636789300706875E-01
 -0.7483795409525151E-01
 -0.7330517464008679E-01
 -0.7176959907367347E-01
 -0.7023127201335960E-01
 -0.6869023826285270E-01
 -0.6714654281325977E-01
 -0.6560023084405403E-01
 -0.6405134772397370E-01
 -0.6249993901184592E-01
 -0.6094605045734508E-01
 -0.5938972800167747E-01
 -0.5783101777820043E-01
 -0.5626996611296958E-01
 -0.5470661952522088E-01
 -0.5314102472778170E-01
 -0.5157322862741953E-01
 -0.5000327832511803E-01
 -0.4843122111629389E-01
 -0.4685710449094210E-01
 -0.4528097613372184E-01
 -0.4370288392397564E-01
 -0.4212287593568753E-01
 -0.4054100043737674E-01
 -0.3895730589193236E-01
 -0.3737184095638502E-01
 -0.3578465448162116E-01
 -0.3419579551203461E-01
 -0.3260531328512345E-01
 -0.3101325723102688E-01
 -0.2941967697200498E-01
 -0.2782462232186361E-01
 -0.2622814328532358E-01
 -0.2463029005733453E-01
 -0.2303111302233751E-01
 -0.2143066275347177E-01
 -0.1982899001173372E-01
 -0.1822614574508230E-01
 -0.1662218108749758E-01
 -0.1501714735798698E-01
 -0.1341109605954816E-01
 -0.1180407887808088E-01
 -0.1019614768125571E-01
 -0.8587354517334944E-02
 -0.6977751613952476E-02
 -0.5367391376847275E-02
 -0.3756326388556275E-02
 -0.2144609407065012E-02
 -0.5322933644207328E-03
  0.1080568634699020E-02
  0.2693923314449120E-02
  0.4307717229323993E-02
  0.5921896765694434E-02
  0.7536408143384188E-02
  0.9151197417277102E-02
  0.1076621047896165E-01
  0.1238139305840535E-01
  0.1399669072566101E-01
  0.1561204889260415E-01
  0.1722741281470030E-01
  0.1884272759279965E-01
  0.2045793817495944E-01
  0.2207298935829383E-01
  0.2368782579084766E-01
  0.2530239197349515E-01
  0.2691663226186308E-01
  0.2853049086827414E-01
  0.3014391186371546E-01
  0.3175683917982480E-01
  0.3336921661089859E-01
  0.3498098781591752E-01
  0.3659209632059368E-01
  0.3820248551943006E-01
  0.3981209867780106E-01
  0.4142087893404467E-01
  0.4302876930157251E-01
  0.4463571267099020E-01
  0.4624165181223244E-01
  0.4784652937670852E-01
  0.4945028789946049E-01
  0.5105286980132945E-01
  0.5265421739113457E-01
  0.5425427286785744E-01
  0.5585297832283898E-01
  0.5745027574197969E-01
  0.5904610700794932E-01
  0.6064041390240127E-01
  0.6223313810819325E-01
  0.6382422121161097E-01
  0.6541360470459745E-01
  0.6700122998698227E-01
  0.6858703836871771E-01
  0.7017097107211229E-01
  0.7175296923406926E-01
  0.7333297390832372E-01
  0.7491092606768146E-01
  0.7648676660625769E-01
  0.7806043634171567E-01
  0.7963187601750232E-01
  0.8120102630508735E-01
  0.8276782780619468E-01
  0.8433222105503552E-01
  0.8589414652053634E-01
  0.8745354460856664E-01
  0.8901035566415905E-01
  0.9056451997373016E-01
  0.9211597776729419E-01
  0.9366466922067573E-01
  0.9521053445771560E-01
  0.9675351355247436E-01
  0.9829354653143052E-01
  0.9983057337567591E-01
  0.1013645340231031    
  0.1028953683705927    
  0.1044230162761913    
  0.1059474175612903    
  0.1074685120127948    
  0.1089862393852910    
  0.1105005394032068    
  0.1120113517629719    
  0.1135186161351714    
  0.1150222721666941    
  0.1165222594828804    
  0.1180185176896664    
  0.1195109863757243    
  0.1209996051146005    
  0.1224843134668532    
  0.1239650509821877    
  0.1254417572015907    
  0.1269143716594654    
  0.1283828338857642    
  0.1298470834081247    
  0.1313070597540059    
  0.1327627024528244    
  0.1342139510380949    
  0.1356607450495755    
  0.1371030240354141    
  0.1385407275543029    
  0.1399737951776380    
  0.1414021664916871    
  0.1428257810997657    
  0.1442445786244213    
  0.1456584987096299    
  0.1470674810230021    
  0.1484714652580019    
  0.1498703911361801    
  0.1512641984094190    
  0.1526528268621987    
  0.1540362163138755    
  0.1554143066209810    
  0.1567870376795410    
  0.1581543494274179    
  0.1595161818466755    
  0.1608724749659669    
  0.1622231688629505    
  0.1635682036667341    
  0.1649075195603489    
  0.1662410567832522    
  0.1675687556338645    
  0.1688905564721426    
  0.1702063997221867    
  0.1715162258748866    
  0.1728199754906075    
  0.1741175892019192    
  0.1754090077163692    
  0.1766941718192996    
  0.1779730223767134    
  0.1792455003381921    
  0.1805115467398632    
  0.1817711027074209    
  0.1830241094592051    
  0.1842705083093370    
  0.1855102406709168    
  0.1867432480592828    
  0.1879694720953362    
  0.1891888545089338    
  0.1904013371423481    
  0.1916068619537988    
  0.1928053710210578    
  0.1939968065451310    
  0.1951811108540145    
  0.1963582264065351    
  0.1975280957962707    
  0.1986906617555588    
  0.1998458671595915    
  0.2009936550305973    
  0.2021339685421157    
  0.2032667510233659    
  0.2043919459637094    
  0.2055094970172096    
  0.2066193480072949    
  0.2077214429315213    
  0.2088157259664425    
  0.2099021414725822    
  0.2109806339995179    
  0.2120511482910719    
  0.2131136292906151    
  0.2141680221464830    
  0.2152142722175048    
  0.2162523250786565    
  0.2172821265268252    
  0.2183036225866970    
  0.2193167595167671    
  0.2203214838154712    
  0.2213177422274422    
  0.2223054817498900    
  0.2232846496391090    
  0.2242551934171119    
  0.2252170608783903    
  0.2261702000968033    
  0.2271145594325947    
  0.2280500875395428    
  0.2289767333722359    
  0.2298944461934792    
  0.2308031755818303    
  0.2317028714392648    
  0.2325934839989701    
  0.2334749638332642    
  0.2343472618616460    
  0.2352103293589716    
  0.2360641179637559    
  0.2369085796865975    
  0.2377436669187263    
  0.2385693324406709    
  0.2393855294310452    
  0.2401922114754484    
  0.2409893325754820    
  0.2417768471578792    
  0.2425547100837409    
  0.2433228766578773    
  0.2440813026382512    
  0.2448299442455192    
  0.2455687581726660    
  0.2462977015947276    
  0.2470167321786008    
  0.2477258080929360    
  0.2484248880181037    
  0.2491139311562325    
  0.2497928972413137    
  0.2504617465493648    
  0.2511204399086446    
  0.2517689387099131    
  0.2524072049167341    
  0.2530352010758092    
  0.2536528903273413    
  0.2542602364154145    
  0.2548572036983892    
  0.2554437571592989    
  0.2560198624162395    
  0.2565854857327428    
  0.2571405940281317    
  0.2576851548878423    
  0.2582191365737102    
  0.2587425080342032    
  0.2592552389145990    
  0.2597572995670900    
  0.2602486610608117    
  0.2607292951917760    
  0.2611991744927122    
  0.2616582722427947    
  0.2621065624772532    
  0.2625440199968450    
  0.2629706203771897    
  0.2633863399779491    
  0.2637911559518458    
  0.2641850462535034    
  0.2645679896481037    
  0.2649399657198404    
  0.2653009548801619    
  0.2656509383757923    
  0.2659898982965236    
  0.2663178175827681    
  0.2666346800328585    
  0.2669404703100804    
  0.2672351739494303    
  0.2675187773640797    
  0.2677912678515435    
  0.2680526335995377    
  0.2683028636915241    
  0.2685419481119296    
  0.2687698777510232    
  0.2689866444094455    
  0.2691922408023779    
  0.2693866605633466    
  0.2695698982476542    
  0.2697419493354261    
  0.2699028102342704    
  0.2700524782815357    
  0.2701909517461665    
  0.2703182298301374    
  0.2704343126694790    
  0.2705392013348736    
  0.2706328978318300    
  0.2707154051004172    
  0.2707867270145627    
  0.2708468683809065    
  0.2708958349372086    
  0.2709336333503085    
  0.2709602712136407    
  0.2709757570442994    
  0.2709801002796515    
  0.2709733112734947    
  0.2709554012917637    
  0.2709263825077861    
  0.2708862679970902    
  0.2708350717317629    
  0.2707728085743737    
  0.2706994942714518    
  0.2706151454465318    
  0.2705197795927643    
  0.2704134150651025    
  0.2702960710720681    
  0.2701677676671058    
  0.2700285257395287    
  0.2698783670050708    
  0.2697173139960469    
  0.2695453900511314    
  0.2693626193047623    
  0.2691690266761886    
  0.2689646378581640    
  0.2687494793053060    
  0.2685235782221176    
  0.2682869625506963    
  0.2680396609581316    
  0.2677817028236154    
  0.2675131182252717    
  0.2672339379267257    
  0.2669441933634185    
  0.2666439166286807    
  0.2663331404595746    
  0.2660118982225352    
  0.2656802238988119    
  0.2653381520697380    
  0.2649857179018265    
  0.2646229571317172    
  0.2642499060509880    
  0.2638666014908491    
  0.2634730808067312    
  0.2630693818627914    
  0.2626555430163369    
  0.2622316031021921    
  0.2617976014170203    
  0.2613535777036211    
  0.2608995721352171    
  0.2604356252997468    
  0.2599617781841659    
  0.2594780721587848    
  0.2589845489616494    
  0.2584812506829874    
  0.2579682197497224    
  0.2574454989100823    
  0.2569131312183033    
  0.2563711600194525    
  0.2558196289343717    
  0.2552585818447684    
  0.2546880628784543    
  0.2541081163947495    
  0.2535187869700555    
  0.2529201193836159    
  0.2523121586034740    
  0.2516949497726351    
  0.2510685381954434    
  0.2504329693241871    
  0.2497882887459321    
  0.2491345421696027    
  0.2484717754133052    
  0.2478000343919127    
  0.2471193651049126    
  0.2464298136245264    
  0.2457314260840977    
  0.2450242486667737    
  0.2443083275944655    
  0.2435837091171051    
  0.2428504395021964    
  0.2421085650246675    
  0.2413581319570222    
  0.2405991865598041    
  0.2398317750723618    
  0.2390559437039310    
  0.2382717386250273    
  0.2374792059591539    
  0.2366783917748224    
  0.2358693420778915    
  0.2350521028042185    
  0.2342267198126318    
  0.2333932388782094    
  0.2325517056858792    
  0.2317021658243254    
  0.2308446647802134    
  0.2299792479327165    
  0.2291059605483565    
  0.2282248477761465    
  0.2273359546430386    
  0.2264393260496658    
  0.2255350067663850    
  0.2246230414296088    
  0.2237034745384290    
  0.2227763504515232    
  0.2218417133843442    
  0.2208996074065866    
  0.2199500764399283    
  0.2189931642560317    
  0.2180289144748209    
  0.2170573705630042    
  0.2160785758328609    
  0.2150925734412683    
  0.2140994063889776    
  0.2130991175201233    
  0.2120917495219694    
  0.2110773449248772    
  0.2100559461025004    
  0.2090275952721909    
  0.2079923344956191    
  0.2069502056795935    
  0.2059012505770839    
  0.2048455107884328    
  0.2037830277627597    
  0.2027138427995399    
  0.2016379970503650    
  0.2005555315208684    
  0.1994664870728192    
  0.1983709044263693    
  0.1972688241624563    
  0.1961602867253514    
  0.1950453324253496    
  0.1939240014415933    
  0.1927963338250278    
  0.1916623695014787    
  0.1905221482748516    
  0.1893757098304398    
  0.1882230937383433    
  0.1870643394569889    
  0.1858994863367498    
  0.1847285736236508    
  0.1835516404631696    
  0.1823687259041107    
  0.1811798689025639    
  0.1799851083259278    
  0.1787844829570060    
  0.1775780314981612    
  0.1763657925755315    
  0.1751478047432937    
  0.1739241064879819    
  0.1726947362328444    
  0.1714597323422460    
  0.1702191331261003    
  0.1689729768443378    
  0.1677213017113990    
  0.1664641459007543    
  0.1652015475494379    
  0.1639335447626051    
  0.1626601756180941    
  0.1613814781710041    
  0.1600974904582715    
  0.1588082505032533    
  0.1575137963203048    
  0.1562141659193564    
  0.1549093973104781    
  0.1535995285084369    
  0.1522845975372371    
  0.1509646424346471    
  0.1496397012567030    
  0.1483098120821928    
  0.1469750130171139    
  0.1456353421991053    
  0.1442908378018459    
  0.1429415380394259    
  0.1415874811706769    
  0.1402287055034726    
  0.1388652493989839    
  0.1374971512758974    
  0.1361244496145875    
  0.1347471829612477    
  0.1333653899319689    
  0.1319791092167770    
  0.1305883795836120    
  0.1291932398822628    
  0.1277937290482423    
  0.1263898861066118    
  0.1249817501757471    
  0.1235693604710488    
  0.1221527563085896    
  0.1207319771087067    
  0.1193070623995275    
  0.1178780518204384    
  0.1164449851254838    
  0.1150079021867054    
  0.1135668429974129    
  0.1121218476753919    
  0.1106729564660389    
  0.1092202097454336    
  0.1077636480233388    
  0.1063033119461345    
  0.1048392422996787    
  0.1033714800120993    
  0.1019000661565144    
