   3.152844208997974    
   3.183823831441799    
   3.216745428280215    
   3.251067079802787    
   3.286719003655379    
   3.324368761576941    
   3.364176445244882    
   3.405544342627997    
   3.448386734265054    
   3.493360849194795    
   3.540543280612474    
   3.589187113026487    
   3.639080433499734    
   3.690770251636495    
   3.744106530188104    
   3.797961995779645    
   3.851709928116818    
   3.905452752645465    
   3.958354109360699    
   4.008248823423422    
   4.053246811334254    
   4.091930531199383    
   4.121302585488063    
   4.136106787289648    
   4.130462163177120    
   4.097822995895628    
   4.028069792073519    
   3.905990651405221    
   3.712445105151543    
   3.423318210207326    
   3.004493211801678    
   2.408188244008523    
   1.572844477132369    
  0.4209214122226379    
  -1.146583638690303    
  -3.248647223469757    
  -6.006965198843499    
  -9.513223008558979    
  -13.77643677021433    
  -18.64149323916643    
  -23.70579862880701    
  -28.31921574721766    
  -31.74324156047121    
  -33.42722052657321    
  -33.23410169533499    
  -31.46172398392980    
  -28.66169729160040    
  -25.40087938028891    
  -22.10902138587873    
  -19.04633178292188    
  -16.33751324324760    
  -14.01675148362705    
  -12.06538529351811    
  -10.44171169798074    
  -9.099533175901914    
  -7.994339380183624    
  -7.084485879576977    
  -6.333872063302854    
  -5.714037734200693    
  -5.202207364176020    
  -4.778328231962607    
  -4.425418143553411    
  -4.131146893447089    
  -3.886379838506771    
  -3.682295447900885    
  -3.510621119509175    
  -3.365952050622647    
  -3.245243670056861    
  -3.144753080305306    
  -3.059653394392491    
  -2.986955016697163    
  -2.926274700039492    
  -2.876678335943195    
  -2.835007779820156    
  -2.798700272922294    
  -2.768089275776503    
  -2.743974556901881    
  -2.724669144844499    
  -2.707688967069190    
  -2.692973329674858    
  -2.681904895020979    
  -2.674036824769956    
  -2.667393876797902    
  -2.661532000298251    
  -2.657678809121246    
  -2.655923413146273    
  -2.654790421267383    
  -2.653815055206981    
  -2.654125222664178    
  -2.656007874893005    
  -2.658183379827789    
  -2.660131311160847    
  -2.662949341320798    
  -2.667113089640937    
  -2.671489548408433    
  -2.675502866767588    
  -2.680222890470589    
  -2.686217807366636    
  -2.692340914088417    
  -2.697917798684445    
  -2.704169945575271    
  -2.711976089982628    
  -2.720103220709001    
  -2.727399470518306    
  -2.735005442862547    
  -2.744394676166355    
  -2.754732482503207    
  -2.764395774824592    
  -2.773899149041453    
  -2.784943336075272    
  -2.797425454393081    
  -2.809818949322549    
  -2.822013944896033    
  -2.835401380299889    
  -2.850319481040811    
  -2.865664433999600    
  -2.881112506740992    
  -2.897664136815970    
  -2.915728347917185    
  -2.934533517939346    
  -2.953794561625926    
  -2.974282070857869    
  -2.996339603540885    
  -3.019366876336498    
  -3.043175294107481    
  -3.068440934060311    
  -3.095428291408113    
  -3.123598831705725    
  -3.152844208997974    
  -3.183823831441799    
  -3.216745428280215    
  -3.251067079802787    
  -3.286719003655379    
  -3.324368761576941    
  -3.364176445244882    
  -3.405544342627997    
  -3.448386734265054    
  -3.493360849194795    
  -3.540543280612474    
  -3.589187113026487    
  -3.639080433499734    
  -3.690770251636495    
  -3.744106530188104    
  -3.797961995779645    
  -3.851709928116818    
  -3.905452752645465    
  -3.958354109360699    
  -4.008248823423422    
  -4.053246811334254    
  -4.091930531199383    
  -4.121302585488063    
  -4.136106787289648    
  -4.130462163177120    
  -4.097822995895628    
  -4.028069792073519    
  -3.905990651405221    
  -3.712445105151543    
  -3.423318210207326    
  -3.004493211801678    
  -2.408188244008523    
  -1.572844477132369    
 -0.4209214122226379    
   1.146583638690303    
   3.248647223469757    
   6.006965198843499    
   9.513223008558979    
   13.77643677021433    
   18.64149323916643    
   23.70579862880701    
   28.31921574721766    
   31.74324156047121    
   33.42722052657321    
   33.23410169533499    
   31.46172398392980    
   28.66169729160040    
   25.40087938028891    
   22.10902138587873    
   19.04633178292188    
   16.33751324324760    
   14.01675148362705    
   12.06538529351811    
   10.44171169798074    
   9.099533175901914    
   7.994339380183624    
   7.084485879576977    
   6.333872063302854    
   5.714037734200693    
   5.202207364176020    
   4.778328231962607    
   4.425418143553411    
   4.131146893447089    
   3.886379838506771    
   3.682295447900885    
   3.510621119509175    
   3.365952050622647    
   3.245243670056861    
   3.144753080305306    
   3.059653394392491    
   2.986955016697163    
   2.926274700039492    
   2.876678335943195    
   2.835007779820156    
   2.798700272922294    
   2.768089275776503    
   2.743974556901881    
   2.724669144844499    
   2.707688967069190    
   2.692973329674858    
   2.681904895020979    
   2.674036824769956    
   2.667393876797902    
   2.661532000298251    
   2.657678809121246    
   2.655923413146273    
   2.654790421267383    
   2.653815055206981    
   2.654125222664178    
   2.656007874893005    
   2.658183379827789    
   2.660131311160847    
   2.662949341320798    
   2.667113089640937    
   2.671489548408433    
   2.675502866767588    
   2.680222890470589    
   2.686217807366636    
   2.692340914088417    
   2.697917798684445    
   2.704169945575271    
   2.711976089982628    
   2.720103220709001    
   2.727399470518306    
   2.735005442862547    
   2.744394676166355    
   2.754732482503207    
   2.764395774824592    
   2.773899149041453    
   2.784943336075272    
   2.797425454393081    
   2.809818949322549    
   2.822013944896033    
   2.835401380299889    
   2.850319481040811    
   2.865664433999600    
   2.881112506740992    
   2.897664136815970    
   2.915728347917185    
   2.934533517939346    
   2.953794561625926    
   2.974282070857869    
   2.996339603540885    
   3.019366876336498    
   3.043175294107481    
   3.068440934060311    
   3.095428291408113    
   3.123598831705725    
