  0.3659332634056780    
  0.3661208691095601    
  0.3662836400248637    
  0.3664215507242750    
  0.3665345821984476    
  0.3666227218869922    
  0.3666859636995432    
  0.3667243080344651    
  0.3667377617985610    
  0.3667263384200919    
  0.3666900578516483    
  0.3666289465703498    
  0.3665430375786073    
  0.3664323703978427    
  0.3662969910518665    
  0.3661369520474096    
  0.3659523123549558    
  0.3657431373822841    
  0.3655094989375373    
  0.3652514751894247    
  0.3649691506276900    
  0.3646626160161495    
  0.3643319683351851    
  0.3639773107215313    
  0.3635987524085660    
  0.3631964086591761    
  0.3627704006880050    
  0.3623208555813175    
  0.3618479062179665    
  0.3613516911831471    
  0.3608323546713783    
  0.3602900463874750    
  0.3597249214496476    
  0.3591371402859878    
  0.3585268685199277    
  0.3578942768537769    
  0.3572395409558002    
  0.3565628413420198    
  0.3558643632468055    
  0.3551442964910054    
  0.3544028353548274    
  0.3536401784478229    
  0.3528565285683662    
  0.3520520925594237    
  0.3512270811690181    
  0.3503817089105323    
  0.3495161939152172    
  0.3486307577805060    
  0.3477256254209509    
  0.3468010249197111    
  0.3458571873763376    
  0.3448943467533376    
  0.3439127397238757    
  0.3429126055167919    
  0.3418941857585787    
  0.3408577243196818    
  0.3398034671665094    
  0.3387316622088203    
  0.3376425591381485    
  0.3365364092693119    
  0.3354134653949705    
  0.3342739816440805    
  0.3331182133305497    
  0.3319464167951656    
  0.3307588492544076    
  0.3295557686602745    
  0.3283374335641903    
  0.3271041029788520    
  0.3258560362366474    
  0.3245934928455969    
  0.3233167323486574    
  0.3220260141949561    
  0.3207215976223010    
  0.3194037415380704    
  0.3180727043896332    
  0.3167287440313276    
  0.3153721176007214    
  0.3140030814078961    
  0.3126218908336109    
  0.3112288002305534    
  0.3098240628203657    
  0.3084079305813038    
  0.3069806541336890    
  0.3055424826391606    
  0.3040936637194513    
  0.3026344433830319    
  0.3011650659468335    
  0.2996857739515544    
  0.2981968080736601    
  0.2966984070361756    
  0.2951908075261489    
  0.2936742441303206    
  0.2921489492878485    
  0.2906151532435062    
  0.2890730839897184    
  0.2875229672017889    
  0.2859650261736451    
  0.2843994817552259    
  0.2828265522963826    
  0.2812464536079045    
  0.2796593989394187    
  0.2780655989580669    
  0.2764652617165405    
  0.2748585926151326    
  0.2732457943637394    
  0.2716270669413141    
  0.2700026075555939    
  0.2683726106165758    
  0.2667372677289153    
  0.2650967676906304    
  0.2634512964871423    
  0.2618010372839810    
  0.2601461704203794    
  0.2584868733949504    
  0.2568233208412483    
  0.2551556845073082    
  0.2534841332496405    
  0.2518088330346213    
  0.2501299469406375    
  0.2484476351678966    
  0.2467620550588883    
  0.2450733611161049    
  0.2433817050072868    
  0.2416872355670872    
  0.2399900988039152    
  0.2382904379045787    
  0.2365883932315669    
  0.2348841023252364    
  0.2331776999209239    
  0.2314693179712848    
  0.2297590856639571    
  0.2280471294424702    
  0.2263335730377940    
  0.2246185374986494    
  0.2229021412093308    
  0.2211844999044081    
  0.2194657266911701    
  0.2177459320708657    
  0.2160252239490724    
  0.2143037076463692    
  0.2125814859221242    
  0.2108586590022493    
  0.2091353245988878    
  0.2074115779314492    
  0.2056875117612269    
  0.2039632164289660    
  0.2022387798808891    
  0.2005142876918293    
  0.1987898230992159    
  0.1970654670381042    
  0.1953412981621442    
  0.1936173928599279    
  0.1918938252831459    
  0.1901706673780055    
  0.1884479889036181    
  0.1867258574465585    
  0.1850043384498832    
  0.1832834952483924    
  0.1815633890912360    
  0.1798440791596843    
  0.1781256226000254    
  0.1764080745638692    
  0.1746914882341335    
  0.1729759148429179    
  0.1712614037038347    
  0.1695480022528348    
  0.1678357560731097    
  0.1661247089084272    
  0.1644149026907380    
  0.1627063775791626    
  0.1609991719831572    
  0.1592933225709967    
  0.1575888642926744    
  0.1558858304187009    
  0.1541842525647217    
  0.1524841606978471    
  0.1507855831562224    
  0.1490885466894534    
  0.1473930764878357    
  0.1456991961887457    
  0.1440069278924314    
  0.1423162922030745    
  0.1406273082635243    
  0.1389399937627835    
  0.1372543649459457    
  0.1355704366522295    
  0.1338882223542870    
  0.1322077341680913    
  0.1305289828557722    
  0.1288519778561932    
  0.1271767273267423    
  0.1255032381582379    
  0.1238315159724226    
  0.1221615651417465    
  0.1204933888302575    
  0.1188269890163033    
  0.1171623664899055    
  0.1154995208611787    
  0.1138384505953490    
  0.1121791530435394    
  0.1105216244469632    
  0.1088658599374526    
  0.1072118535615261    
  0.1055595983147559    
  0.1039090861577323    
  0.1022603080162767    
  0.1006132537926818    
  0.9896791239519143E-01
  0.9732427176462188E-01
  0.9568231888289452E-01
  0.9404203977598535E-01
  0.9240341953090736E-01
  0.9076644232460923E-01
  0.8913109144478937E-01
  0.8749734929449926E-01
  0.8586519739630827E-01
  0.8423461641242480E-01
  0.8260558617260538E-01
  0.8097808568901499E-01
  0.7935209315654701E-01
  0.7772758595928742E-01
  0.7610454069375328E-01
  0.7448293319312382E-01
  0.7286273853531672E-01
  0.7124393104266685E-01
  0.6962648429235285E-01
  0.6801037113902431E-01
  0.6639556373344369E-01
  0.6478203352853673E-01
  0.6316975128179747E-01
  0.6155868706594836E-01
  0.5994881028795551E-01
  0.5834008970680937E-01
  0.5673249344209724E-01
  0.5512598897605298E-01
  0.5352054316068561E-01
  0.5191612223682474E-01
  0.5031269185565956E-01
  0.4871021708783857E-01
  0.4710866242196365E-01
  0.4550799177079540E-01
  0.4390816849311729E-01
  0.4230915541635949E-01
  0.4071091484441475E-01
  0.3911340855704748E-01
  0.3751659781762307E-01
  0.3592044339210698E-01
  0.3432490556823092E-01
  0.3272994416735986E-01
  0.3113551855110058E-01
  0.2954158762729658E-01
  0.2794810985942225E-01
  0.2635504328265020E-01
  0.2476234552343476E-01
  0.2316997381273805E-01
  0.2157788498927410E-01
  0.1998603550307720E-01
  0.1839438142963590E-01
  0.1680287848989037E-01
  0.1521148206438738E-01
  0.1362014720054749E-01
  0.1202882862074772E-01
  0.1043748073394690E-01
  0.8846057647353633E-02
  0.7254513178130528E-02
  0.5662800868194040E-02
  0.4070873999988400E-02
  0.2478685607726572E-02
  0.8861884851467661E-03
 -0.7066648034985135E-03
 -0.2299921907135793E-02
 -0.3893630670943615E-02
 -0.5487839121912141E-02
 -0.7082595455116580E-02
 -0.8677948019091497E-02
 -0.1027394530142850E-01
 -0.1187063591458037E-01
 -0.1346806857965088E-01
 -0.1506629210732435E-01
 -0.1666535537832253E-01
 -0.1826530732600884E-01
 -0.1986619692119529E-01
 -0.2146807315660698E-01
 -0.2307098502843646E-01
 -0.2467498151520542E-01
 -0.2628011155710297E-01
 -0.2788642403760094E-01
 -0.2949396776537316E-01
 -0.3110279145474437E-01
 -0.3271294370671018E-01
 -0.3432447299153663E-01
 -0.3593742762900831E-01
 -0.3755185576398895E-01
 -0.3916780534316505E-01
 -0.4078532409828872E-01
 -0.4240445953026478E-01
 -0.4402525888579034E-01
 -0.4564776913023127E-01
 -0.4727203692564363E-01
 -0.4889810861121435E-01
 -0.5052603017670809E-01
 -0.5215584723210820E-01
 -0.5378760498465907E-01
 -0.5542134821987604E-01
 -0.5705712127123763E-01
 -0.5869496797944351E-01
 -0.6033493165996712E-01
 -0.6197705508355345E-01
 -0.6362138045052146E-01
 -0.6526794934897784E-01
 -0.6691680271381856E-01
 -0.6856798080027238E-01
 -0.7022152315853791E-01
 -0.7187746859469213E-01
 -0.7353585512947713E-01
 -0.7519671997144473E-01
 -0.7686009949422790E-01
 -0.7852602919896490E-01
 -0.8019454366948642E-01
 -0.8186567654218285E-01
 -0.8353946048746724E-01
 -0.8521592717911064E-01
 -0.8689510724730787E-01
 -0.8857703023669616E-01
 -0.9026172457852844E-01
 -0.9194921756042551E-01
 -0.9363953528114882E-01
 -0.9533270260060966E-01
 -0.9702874309678911E-01
 -0.9872767902431789E-01
 -0.1004295312666244    
 -0.1021343192858801    
 -0.1038420610763289    
 -0.1055527731171218    
 -0.1072664703220731    
 -0.1089831659935916    
 -0.1107028717845626    
 -0.1124255976596249    
 -0.1141513518499857    
 -0.1158801408107429    
 -0.1176119691886215    
 -0.1193468397911139    
 -0.1210847535446675    
 -0.1228257094466203    
 -0.1245697045230214    
 -0.1263167337893520    
 -0.1280667902003139    
 -0.1298198645879172    
 -0.1315759456014125    
 -0.1333350196543863    
 -0.1350970708694761    
 -0.1368620810164858    
 -0.1386300294552305    
 -0.1404008930927296    
 -0.1421746463483782    
 -0.1439512611180671    
 -0.1457307067408389    
 -0.1475129499747261    
 -0.1492979549749458    
 -0.1510856832614860    
 -0.1528760936750209    
 -0.1546691423293342    
 -0.1564647825605714    
 -0.1582629648668115    
 -0.1600636368410817    
 -0.1618667431110872    
 -0.1636722252910743    
 -0.1654800219397650    
 -0.1672900685233094    
 -0.1691022973923228    
 -0.1709166377752402    
 -0.1727330157764805    
 -0.1745513543696828    
 -0.1763715733863970    
 -0.1781935894961759    
 -0.1800173161643754    
 -0.1818426635848977    
 -0.1836695386081187    
 -0.1854978446859907    
 -0.1873274818380701    
 -0.1891583466347835    
 -0.1909903322009003    
 -0.1928233282371821    
 -0.1946572210447230    
 -0.1964918935418332    
 -0.1983272252779820    
 -0.2001630924370454    
 -0.2019993678005110    
 -0.2038359206653451    
 -0.2056726167677331    
 -0.2075093182673804    
 -0.2093458837824274    
 -0.2111821684273339    
 -0.2130180238475103    
 -0.2148532982813629    
 -0.2166878366375929    
 -0.2185214805225621    
 -0.2203540681894711    
 -0.2221854344633152    
 -0.2240154107061923    
 -0.2258438248286159    
 -0.2276705013273502    
 -0.2294952613581827    
 -0.2313179228502265    
 -0.2331383006159112    
 -0.2349562063935720    
 -0.2367714488167500    
 -0.2385838333619139    
 -0.2403931623223614    
 -0.2421992348283168    
 -0.2440018469259335    
 -0.2458007917140919    
 -0.2475958594935868    
 -0.2493868378585344    
 -0.2511735117006524    
 -0.2529556631643231    
 -0.2547330716172376    
 -0.2565055136838156    
 -0.2582727633576931    
 -0.2600345921712033    
 -0.2617907693565842    
 -0.2635410619270515    
 -0.2652852346637498    
 -0.2670230500717898    
 -0.2687542683917681    
 -0.2704786477086984    
 -0.2721959441326334    
 -0.2739059119781777    
 -0.2756083038670915    
 -0.2773028707312837    
 -0.2789893617768677    
 -0.2806675245113150    
 -0.2823371048847536    
 -0.2839978474957059    
 -0.2856494957572089    
 -0.2872917919586286    
 -0.2889244772508177    
 -0.2905472916492824    
 -0.2921599741367074    
 -0.2937622628582102    
 -0.2953538953131658    
 -0.2969346084475664    
 -0.2985041386515859    
 -0.3000622217673414    
 -0.3016085932008541    
 -0.3031429881205445    
 -0.3046651416345765    
 -0.3061747888671756    
 -0.3076716649658087    
 -0.3091555051455772    
 -0.3106260448342038    
 -0.3120830198673739    
 -0.3135261666270039    
 -0.3149552220841993    
 -0.3163699238250306    
 -0.3177700101577963    
 -0.3191552202962871    
 -0.3205252945176942    
 -0.3218799742312362    
 -0.3232190020134321    
 -0.3245421217067739    
 -0.3258490785886493    
 -0.3271396195232361    
 -0.3284134930389774    
 -0.3296704493806775    
 -0.3309102406167987    
 -0.3321326207988796    
 -0.3333373460965727    
 -0.3345241748734153    
 -0.3356928677580048    
 -0.3368431877671729    
 -0.3379749004549117    
 -0.3390877740243312    
 -0.3401815794027590    
 -0.3412560903369641    
 -0.3423110835277148    
 -0.3433463387583058    
 -0.3443616389863334    
 -0.3453567704305032    
 -0.3463315226879640    
 -0.3472856888624956    
 -0.3482190656678820    
 -0.3491314535161965    
 -0.3500226566240381    
 -0.3508924831338249    
 -0.3517407452208130    
 -0.3525672591839646    
 -0.3533718455458792    
 -0.3541543291662257    
 -0.3549145393470112    
 -0.3556523099236167    
 -0.3563674793600219    
 -0.3570598908546403    
 -0.3577293924407279    
 -0.3583758370746368    
 -0.3589990827258087    
 -0.3595989924747891    
 -0.3601754346067276    
 -0.3607282826941471    
 -0.3612574156801702    
 -0.3617627179677782    
 -0.3622440795045990    
 -0.3627013958577492    
 -0.3631345682883436    
 -0.3635435038305148    
 -0.3639281153656506    
 -0.3642883216870061    
 -0.3646240475633726    
 -0.3649352238060770    
 -0.3652217873307322    
 -0.3654836812093945    
 -0.3657208547212500    
 -0.3659332634056780    
 -0.3661208691095601    
 -0.3662836400248637    
 -0.3664215507242750    
 -0.3665345821984476    
 -0.3666227218869922    
 -0.3666859636995432    
 -0.3667243080344651    
 -0.3667377617985610    
 -0.3667263384200919    
 -0.3666900578516483    
 -0.3666289465703498    
 -0.3665430375786073    
 -0.3664323703978427    
 -0.3662969910518665    
 -0.3661369520474096    
 -0.3659523123549558    
 -0.3657431373822841    
 -0.3655094989375373    
 -0.3652514751894247    
 -0.3649691506276900    
 -0.3646626160161495    
 -0.3643319683351851    
 -0.3639773107215313    
 -0.3635987524085660    
 -0.3631964086591761    
 -0.3627704006880050    
 -0.3623208555813175    
 -0.3618479062179665    
 -0.3613516911831471    
 -0.3608323546713783    
 -0.3602900463874750    
 -0.3597249214496476    
 -0.3591371402859878    
 -0.3585268685199277    
 -0.3578942768537769    
 -0.3572395409558002    
 -0.3565628413420198    
 -0.3558643632468055    
 -0.3551442964910054    
 -0.3544028353548274    
 -0.3536401784478229    
 -0.3528565285683662    
 -0.3520520925594237    
 -0.3512270811690181    
 -0.3503817089105323    
 -0.3495161939152172    
 -0.3486307577805060    
 -0.3477256254209509    
 -0.3468010249197111    
 -0.3458571873763376    
 -0.3448943467533376    
 -0.3439127397238757    
 -0.3429126055167919    
 -0.3418941857585787    
 -0.3408577243196818    
 -0.3398034671665094    
 -0.3387316622088203    
 -0.3376425591381485    
 -0.3365364092693119    
 -0.3354134653949705    
 -0.3342739816440805    
 -0.3331182133305497    
 -0.3319464167951656    
 -0.3307588492544076    
 -0.3295557686602745    
 -0.3283374335641903    
 -0.3271041029788520    
 -0.3258560362366474    
 -0.3245934928455969    
 -0.3233167323486574    
 -0.3220260141949561    
 -0.3207215976223010    
 -0.3194037415380704    
 -0.3180727043896332    
 -0.3167287440313276    
 -0.3153721176007214    
 -0.3140030814078961    
 -0.3126218908336109    
 -0.3112288002305534    
 -0.3098240628203657    
 -0.3084079305813038    
 -0.3069806541336890    
 -0.3055424826391606    
 -0.3040936637194513    
 -0.3026344433830319    
 -0.3011650659468335    
 -0.2996857739515544    
 -0.2981968080736601    
 -0.2966984070361756    
 -0.2951908075261489    
 -0.2936742441303206    
 -0.2921489492878485    
 -0.2906151532435062    
 -0.2890730839897184    
 -0.2875229672017889    
 -0.2859650261736451    
 -0.2843994817552259    
 -0.2828265522963826    
 -0.2812464536079045    
 -0.2796593989394187    
 -0.2780655989580669    
 -0.2764652617165405    
 -0.2748585926151326    
 -0.2732457943637394    
 -0.2716270669413141    
 -0.2700026075555939    
 -0.2683726106165758    
 -0.2667372677289153    
 -0.2650967676906304    
 -0.2634512964871423    
 -0.2618010372839810    
 -0.2601461704203794    
 -0.2584868733949504    
 -0.2568233208412483    
 -0.2551556845073082    
 -0.2534841332496405    
 -0.2518088330346213    
 -0.2501299469406375    
 -0.2484476351678966    
 -0.2467620550588883    
 -0.2450733611161049    
 -0.2433817050072868    
 -0.2416872355670872    
 -0.2399900988039152    
 -0.2382904379045787    
 -0.2365883932315669    
 -0.2348841023252364    
 -0.2331776999209239    
 -0.2314693179712848    
 -0.2297590856639571    
 -0.2280471294424702    
 -0.2263335730377940    
 -0.2246185374986494    
 -0.2229021412093308    
 -0.2211844999044081    
 -0.2194657266911701    
 -0.2177459320708657    
 -0.2160252239490724    
 -0.2143037076463692    
 -0.2125814859221242    
 -0.2108586590022493    
 -0.2091353245988878    
 -0.2074115779314492    
 -0.2056875117612269    
 -0.2039632164289660    
 -0.2022387798808891    
 -0.2005142876918293    
 -0.1987898230992159    
 -0.1970654670381042    
 -0.1953412981621442    
 -0.1936173928599279    
 -0.1918938252831459    
 -0.1901706673780055    
 -0.1884479889036181    
 -0.1867258574465585    
 -0.1850043384498832    
 -0.1832834952483924    
 -0.1815633890912360    
 -0.1798440791596843    
 -0.1781256226000254    
 -0.1764080745638692    
 -0.1746914882341335    
 -0.1729759148429179    
 -0.1712614037038347    
 -0.1695480022528348    
 -0.1678357560731097    
 -0.1661247089084272    
 -0.1644149026907380    
 -0.1627063775791626    
 -0.1609991719831572    
 -0.1592933225709967    
 -0.1575888642926744    
 -0.1558858304187009    
 -0.1541842525647217    
 -0.1524841606978471    
 -0.1507855831562224    
 -0.1490885466894534    
 -0.1473930764878357    
 -0.1456991961887457    
 -0.1440069278924314    
 -0.1423162922030745    
 -0.1406273082635243    
 -0.1389399937627835    
 -0.1372543649459457    
 -0.1355704366522295    
 -0.1338882223542870    
 -0.1322077341680913    
 -0.1305289828557722    
 -0.1288519778561932    
 -0.1271767273267423    
 -0.1255032381582379    
 -0.1238315159724226    
 -0.1221615651417465    
 -0.1204933888302575    
 -0.1188269890163033    
 -0.1171623664899055    
 -0.1154995208611787    
 -0.1138384505953490    
 -0.1121791530435394    
 -0.1105216244469632    
 -0.1088658599374526    
 -0.1072118535615261    
 -0.1055595983147559    
 -0.1039090861577323    
 -0.1022603080162767    
 -0.1006132537926818    
 -0.9896791239519143E-01
 -0.9732427176462188E-01
 -0.9568231888289452E-01
 -0.9404203977598535E-01
 -0.9240341953090736E-01
 -0.9076644232460923E-01
 -0.8913109144478937E-01
 -0.8749734929449926E-01
 -0.8586519739630827E-01
 -0.8423461641242480E-01
 -0.8260558617260538E-01
 -0.8097808568901499E-01
 -0.7935209315654701E-01
 -0.7772758595928742E-01
 -0.7610454069375328E-01
 -0.7448293319312382E-01
 -0.7286273853531672E-01
 -0.7124393104266685E-01
 -0.6962648429235285E-01
 -0.6801037113902431E-01
 -0.6639556373344369E-01
 -0.6478203352853673E-01
 -0.6316975128179747E-01
 -0.6155868706594836E-01
 -0.5994881028795551E-01
 -0.5834008970680937E-01
 -0.5673249344209724E-01
 -0.5512598897605298E-01
 -0.5352054316068561E-01
 -0.5191612223682474E-01
 -0.5031269185565956E-01
 -0.4871021708783857E-01
 -0.4710866242196365E-01
 -0.4550799177079540E-01
 -0.4390816849311729E-01
 -0.4230915541635949E-01
 -0.4071091484441475E-01
 -0.3911340855704748E-01
 -0.3751659781762307E-01
 -0.3592044339210698E-01
 -0.3432490556823092E-01
 -0.3272994416735986E-01
 -0.3113551855110058E-01
 -0.2954158762729658E-01
 -0.2794810985942225E-01
 -0.2635504328265020E-01
 -0.2476234552343476E-01
 -0.2316997381273805E-01
 -0.2157788498927410E-01
 -0.1998603550307720E-01
 -0.1839438142963590E-01
 -0.1680287848989037E-01
 -0.1521148206438738E-01
 -0.1362014720054749E-01
 -0.1202882862074772E-01
 -0.1043748073394690E-01
 -0.8846057647353633E-02
 -0.7254513178130528E-02
 -0.5662800868194040E-02
 -0.4070873999988400E-02
 -0.2478685607726572E-02
 -0.8861884851467661E-03
  0.7066648034985135E-03
  0.2299921907135793E-02
  0.3893630670943615E-02
  0.5487839121912141E-02
  0.7082595455116580E-02
  0.8677948019091497E-02
  0.1027394530142850E-01
  0.1187063591458037E-01
  0.1346806857965088E-01
  0.1506629210732435E-01
  0.1666535537832253E-01
  0.1826530732600884E-01
  0.1986619692119529E-01
  0.2146807315660698E-01
  0.2307098502843646E-01
  0.2467498151520542E-01
  0.2628011155710297E-01
  0.2788642403760094E-01
  0.2949396776537316E-01
  0.3110279145474437E-01
  0.3271294370671018E-01
  0.3432447299153663E-01
  0.3593742762900831E-01
  0.3755185576398895E-01
  0.3916780534316505E-01
  0.4078532409828872E-01
  0.4240445953026478E-01
  0.4402525888579034E-01
  0.4564776913023127E-01
  0.4727203692564363E-01
  0.4889810861121435E-01
  0.5052603017670809E-01
  0.5215584723210820E-01
  0.5378760498465907E-01
  0.5542134821987604E-01
  0.5705712127123763E-01
  0.5869496797944351E-01
  0.6033493165996712E-01
  0.6197705508355345E-01
  0.6362138045052146E-01
  0.6526794934897784E-01
  0.6691680271381856E-01
  0.6856798080027238E-01
  0.7022152315853791E-01
  0.7187746859469213E-01
  0.7353585512947713E-01
  0.7519671997144473E-01
  0.7686009949422790E-01
  0.7852602919896490E-01
  0.8019454366948642E-01
  0.8186567654218285E-01
  0.8353946048746724E-01
  0.8521592717911064E-01
  0.8689510724730787E-01
  0.8857703023669616E-01
  0.9026172457852844E-01
  0.9194921756042551E-01
  0.9363953528114882E-01
  0.9533270260060966E-01
  0.9702874309678911E-01
  0.9872767902431789E-01
  0.1004295312666244    
  0.1021343192858801    
  0.1038420610763289    
  0.1055527731171218    
  0.1072664703220731    
  0.1089831659935916    
  0.1107028717845626    
  0.1124255976596249    
  0.1141513518499857    
  0.1158801408107429    
  0.1176119691886215    
  0.1193468397911139    
  0.1210847535446675    
  0.1228257094466203    
  0.1245697045230214    
  0.1263167337893520    
  0.1280667902003139    
  0.1298198645879172    
  0.1315759456014125    
  0.1333350196543863    
  0.1350970708694761    
  0.1368620810164858    
  0.1386300294552305    
  0.1404008930927296    
  0.1421746463483782    
  0.1439512611180671    
  0.1457307067408389    
  0.1475129499747261    
  0.1492979549749458    
  0.1510856832614860    
  0.1528760936750209    
  0.1546691423293342    
  0.1564647825605714    
  0.1582629648668115    
  0.1600636368410817    
  0.1618667431110872    
  0.1636722252910743    
  0.1654800219397650    
  0.1672900685233094    
  0.1691022973923228    
  0.1709166377752402    
  0.1727330157764805    
  0.1745513543696828    
  0.1763715733863970    
  0.1781935894961759    
  0.1800173161643754    
  0.1818426635848977    
  0.1836695386081187    
  0.1854978446859907    
  0.1873274818380701    
  0.1891583466347835    
  0.1909903322009003    
  0.1928233282371821    
  0.1946572210447230    
  0.1964918935418332    
  0.1983272252779820    
  0.2001630924370454    
  0.2019993678005110    
  0.2038359206653451    
  0.2056726167677331    
  0.2075093182673804    
  0.2093458837824274    
  0.2111821684273339    
  0.2130180238475103    
  0.2148532982813629    
  0.2166878366375929    
  0.2185214805225621    
  0.2203540681894711    
  0.2221854344633152    
  0.2240154107061923    
  0.2258438248286159    
  0.2276705013273502    
  0.2294952613581827    
  0.2313179228502265    
  0.2331383006159112    
  0.2349562063935720    
  0.2367714488167500    
  0.2385838333619139    
  0.2403931623223614    
  0.2421992348283168    
  0.2440018469259335    
  0.2458007917140919    
  0.2475958594935868    
  0.2493868378585344    
  0.2511735117006524    
  0.2529556631643231    
  0.2547330716172376    
  0.2565055136838156    
  0.2582727633576931    
  0.2600345921712033    
  0.2617907693565842    
  0.2635410619270515    
  0.2652852346637498    
  0.2670230500717898    
  0.2687542683917681    
  0.2704786477086984    
  0.2721959441326334    
  0.2739059119781777    
  0.2756083038670915    
  0.2773028707312837    
  0.2789893617768677    
  0.2806675245113150    
  0.2823371048847536    
  0.2839978474957059    
  0.2856494957572089    
  0.2872917919586286    
  0.2889244772508177    
  0.2905472916492824    
  0.2921599741367074    
  0.2937622628582102    
  0.2953538953131658    
  0.2969346084475664    
  0.2985041386515859    
  0.3000622217673414    
  0.3016085932008541    
  0.3031429881205445    
  0.3046651416345765    
  0.3061747888671756    
  0.3076716649658087    
  0.3091555051455772    
  0.3106260448342038    
  0.3120830198673739    
  0.3135261666270039    
  0.3149552220841993    
  0.3163699238250306    
  0.3177700101577963    
  0.3191552202962871    
  0.3205252945176942    
  0.3218799742312362    
  0.3232190020134321    
  0.3245421217067739    
  0.3258490785886493    
  0.3271396195232361    
  0.3284134930389774    
  0.3296704493806775    
  0.3309102406167987    
  0.3321326207988796    
  0.3333373460965727    
  0.3345241748734153    
  0.3356928677580048    
  0.3368431877671729    
  0.3379749004549117    
  0.3390877740243312    
  0.3401815794027590    
  0.3412560903369641    
  0.3423110835277148    
  0.3433463387583058    
  0.3443616389863334    
  0.3453567704305032    
  0.3463315226879640    
  0.3472856888624956    
  0.3482190656678820    
  0.3491314535161965    
  0.3500226566240381    
  0.3508924831338249    
  0.3517407452208130    
  0.3525672591839646    
  0.3533718455458792    
  0.3541543291662257    
  0.3549145393470112    
  0.3556523099236167    
  0.3563674793600219    
  0.3570598908546403    
  0.3577293924407279    
  0.3583758370746368    
  0.3589990827258087    
  0.3595989924747891    
  0.3601754346067276    
  0.3607282826941471    
  0.3612574156801702    
  0.3617627179677782    
  0.3622440795045990    
  0.3627013958577492    
  0.3631345682883436    
  0.3635435038305148    
  0.3639281153656506    
  0.3642883216870061    
  0.3646240475633726    
  0.3649352238060770    
  0.3652217873307322    
  0.3654836812093945    
  0.3657208547212500    
