   4.192469761951291    
   4.237506092670617    
   4.285427885594419    
   4.335231691894104    
   4.387153536554740    
   4.442516880005082    
   4.501397097932674    
   4.562647391725241    
   4.626368548698365    
   4.694007351108728    
   4.765725763491246    
   4.840144262971267    
   4.917118316402570    
   4.998128976072612    
   5.083290122812732    
   5.170734377628389    
   5.259750136022951    
   5.351516386250485    
   5.445622383919881    
   5.538950773130814    
   5.629224176115718    
   5.716118137073956    
   5.797022252741567    
   5.865084470040300    
   5.913104360847266    
   5.934879073423184    
   5.919467411289969    
   5.847428213557703    
   5.694409764032541    
   5.431739465103239    
   5.016928335782868    
   4.385285371245887    
   3.451101405891496    
   2.105596468680611    
  0.2020878406485259    
  -2.452663094474854    
  -6.079015897565199    
  -10.88076579004169    
  -16.97429249882147    
  -24.25318221399116    
  -32.19660306918421    
  -39.77527990325846    
  -45.66291991377481    
  -48.75214436370653    
  -48.65947174581593    
  -45.84770205787563    
  -41.30169856462656    
  -36.04520066285811    
  -30.82776130269012    
  -26.07111316872128    
  -21.95310205194497    
  -18.50064699826760    
  -15.65770370846662    
  -13.33733888264837    
  -11.45383649207895    
  -9.930575322761600    
  -8.698381656913247    
  -7.698474693290725    
  -6.885874681686317    
  -6.225877378818367    
  -5.688630135484644    
  -5.249041414251828    
  -4.888764910457369    
  -4.594300302159283    
  -4.353525813956860    
  -4.155662222648114    
  -3.993018785085218    
  -3.860250602940192    
  -3.752207706835253    
  -3.663930068380554    
  -3.592007357290467    
  -3.534260635149185    
  -3.488305384882017    
  -3.451625008937020    
  -3.422696713437103    
  -3.400772368464793    
  -3.384664433170050    
  -3.372822372141210    
  -3.364497615410553    
  -3.359726034573557    
  -3.358071453938452    
  -3.358390383676768    
  -3.360038882185653    
  -3.363344902686050    
  -3.368491547139655    
  -3.374764736550185    
  -3.381431683616301    
  -3.388660355402755    
  -3.396913633823902    
  -3.405961431416126    
  -3.415208914738228    
  -3.424624728071963    
  -3.434589830463003    
  -3.445065194819678    
  -3.455668524120514    
  -3.466436472549328    
  -3.477737582335440    
  -3.489485611806568    
  -3.501236573387848    
  -3.513082558553897    
  -3.525603934981504    
  -3.538828746901213    
  -3.552140287999429    
  -3.565434926922924    
  -3.579419066351568    
  -3.594401055614398    
  -3.609770646247341    
  -3.625186065125967    
  -3.641293302735291    
  -3.658603178129714    
  -3.676613513582523    
  -3.694856268366149    
  -3.713901521503401    
  -3.734378528964025    
  -3.755859852802268    
  -3.777782662760341    
  -3.800677539043707    
  -3.825302395430302    
  -3.851294952621314    
  -3.877978393201374    
  -3.905832799980923    
  -3.935760934455595    
  -3.967493252047066    
  -4.000241062699108    
  -4.034413171798675    
  -4.071052109779786    
  -4.109998700589299    
  -4.150361254739748    
  -4.192469761951291    
  -4.237506092670617    
  -4.285427885594419    
  -4.335231691894104    
  -4.387153536554740    
  -4.442516880005082    
  -4.501397097932674    
  -4.562647391725241    
  -4.626368548698365    
  -4.694007351108728    
  -4.765725763491246    
  -4.840144262971267    
  -4.917118316402570    
  -4.998128976072612    
  -5.083290122812732    
  -5.170734377628389    
  -5.259750136022951    
  -5.351516386250485    
  -5.445622383919881    
  -5.538950773130814    
  -5.629224176115718    
  -5.716118137073956    
  -5.797022252741567    
  -5.865084470040300    
  -5.913104360847266    
  -5.934879073423184    
  -5.919467411289969    
  -5.847428213557703    
  -5.694409764032541    
  -5.431739465103239    
  -5.016928335782868    
  -4.385285371245887    
  -3.451101405891496    
  -2.105596468680611    
 -0.2020878406485259    
   2.452663094474854    
   6.079015897565199    
   10.88076579004169    
   16.97429249882147    
   24.25318221399116    
   32.19660306918421    
   39.77527990325846    
   45.66291991377481    
   48.75214436370653    
   48.65947174581593    
   45.84770205787563    
   41.30169856462656    
   36.04520066285811    
   30.82776130269012    
   26.07111316872128    
   21.95310205194497    
   18.50064699826760    
   15.65770370846662    
   13.33733888264837    
   11.45383649207895    
   9.930575322761600    
   8.698381656913247    
   7.698474693290725    
   6.885874681686317    
   6.225877378818367    
   5.688630135484644    
   5.249041414251828    
   4.888764910457369    
   4.594300302159283    
   4.353525813956860    
   4.155662222648114    
   3.993018785085218    
   3.860250602940192    
   3.752207706835253    
   3.663930068380554    
   3.592007357290467    
   3.534260635149185    
   3.488305384882017    
   3.451625008937020    
   3.422696713437103    
   3.400772368464793    
   3.384664433170050    
   3.372822372141210    
   3.364497615410553    
   3.359726034573557    
   3.358071453938452    
   3.358390383676768    
   3.360038882185653    
   3.363344902686050    
   3.368491547139655    
   3.374764736550185    
   3.381431683616301    
   3.388660355402755    
   3.396913633823902    
   3.405961431416126    
   3.415208914738228    
   3.424624728071963    
   3.434589830463003    
   3.445065194819678    
   3.455668524120514    
   3.466436472549328    
   3.477737582335440    
   3.489485611806568    
   3.501236573387848    
   3.513082558553897    
   3.525603934981504    
   3.538828746901213    
   3.552140287999429    
   3.565434926922924    
   3.579419066351568    
   3.594401055614398    
   3.609770646247341    
   3.625186065125967    
   3.641293302735291    
   3.658603178129714    
   3.676613513582523    
   3.694856268366149    
   3.713901521503401    
   3.734378528964025    
   3.755859852802268    
   3.777782662760341    
   3.800677539043707    
   3.825302395430302    
   3.851294952621314    
   3.877978393201374    
   3.905832799980923    
   3.935760934455595    
   3.967493252047066    
   4.000241062699108    
   4.034413171798675    
   4.071052109779786    
   4.109998700589299    
   4.150361254739748    
