  0.2872479543761476    
  0.2920155122535396    
  0.2969306717492781    
  0.3019992366155475    
  0.3072275111176833    
  0.3126223345417800    
  0.3181910777050987    
  0.3239416903372572    
  0.3298827821559335    
  0.3360236762702131    
  0.3423744508177161    
  0.3489460012105867    
  0.3557501093571425    
  0.3627995186159934    
  0.3701080233841119    
  0.3776905371838213    
  0.3855631306024262    
  0.3937431068236025    
  0.4022491065081460    
  0.4111011149719561    
  0.4203203635385622    
  0.4299292635177084    
  0.4399513146431271    
  0.4504107130937449    
  0.4613316125875754    
  0.4727371996361843    
  0.4846483478558175    
  0.4970812367216357    
  0.5100436495913210    
  0.5235298628938629    
  0.5375132585770563    
  0.5519351380904856    
  0.5666887342127045    
  0.5815978196997083    
  0.5963887699896421    
  0.6106559838279577    
  0.6238255243544636    
  0.6351292429576704    
  0.6436099378575477    
  0.6481864946025722    
  0.6478061630946409    
  0.6416790086604812    
  0.6295267217000841    
  0.6117297713862913    
  0.5892823618944094    
  0.5635646943319903    
  0.5360408672003490    
  0.5080096578670701    
  0.4804737999233008    
  0.4541179056373196    
  0.4293504559582911    
  0.4063698856651552    
  0.3852303678935807    
  0.3658950022008347    
  0.3482735777565017    
  0.3322482455945623    
  0.3176907858396666    
  0.3044730230717448    
  0.2924720747549729    
  0.2815731513511836    
  0.2716713631448830    
  0.2626721579269406    
  0.2544905146551879    
  0.2470501653090988    
  0.2402832755887505    
  0.2341297555296607    
  0.2285360393610074    
  0.2234542367702676    
  0.2188418538201141    
  0.2146612679757204    
  0.2108787999222288    
  0.2074641524261898    
  0.2043903445182719    
  0.2016334028750066    
  0.1991716911500171    
  0.1969855666500350    
  0.1950574550056958    
  0.1933716771322822    
  0.1919139450754762    
  0.1906711547979294    
  0.1896315379640171    
  0.1887845647079706    
  0.1881205421777372    
  0.1876304888497986    
  0.1873063258258750    
  0.1871408229167488    
  0.1871272629404852    
  0.1872593635784761    
  0.1875314851717161    
  0.1879386027157998    
  0.1884760163199219    
  0.1891393006717799    
  0.1899245142465720    
  0.1908281863996689    
  0.1918470640300491    
  0.1929780786589594    
  0.1942185474814352    
  0.1955661667650287    
  0.1970187882268551    
  0.1985744004144640    
  0.2002313185033504    
  0.2019881777538965    
  0.2038437325418292    
  0.2057968494645402    
  0.2078466874056152    
  0.2099926904859750    
  0.2122344044953833    
  0.2145714767737885    
  0.2170038268494066    
  0.2195316420463756    
  0.2221552113597038    
  0.2248749281533062    
  0.2276914484857307    
  0.2306056909835490    
  0.2336186913105707    
  0.2367316077858133    
  0.2399458649677787    
  0.2432631570700251    
  0.2466853251925029    
  0.2502143678544809    
  0.2538525698964821    
  0.2576025094412989    
  0.2614669592424910    
  0.2654489036242672    
  0.2695516537621041    
  0.2737788600791480    
  0.2781344401989139    
  0.2826226036147069    
  0.2872479543761476    
  0.2920155122535396    
  0.2969306717492781    
  0.3019992366155475    
  0.3072275111176833    
  0.3126223345417800    
  0.3181910777050987    
  0.3239416903372572    
  0.3298827821559335    
  0.3360236762702131    
  0.3423744508177161    
  0.3489460012105867    
  0.3557501093571425    
  0.3627995186159934    
  0.3701080233841119    
  0.3776905371838213    
  0.3855631306024262    
  0.3937431068236025    
  0.4022491065081460    
  0.4111011149719561    
  0.4203203635385622    
  0.4299292635177084    
  0.4399513146431271    
  0.4504107130937449    
  0.4613316125875754    
  0.4727371996361843    
  0.4846483478558175    
  0.4970812367216357    
  0.5100436495913210    
  0.5235298628938629    
  0.5375132585770563    
  0.5519351380904856    
  0.5666887342127045    
  0.5815978196997083    
  0.5963887699896421    
  0.6106559838279577    
  0.6238255243544636    
  0.6351292429576704    
  0.6436099378575477    
  0.6481864946025722    
  0.6478061630946409    
  0.6416790086604812    
  0.6295267217000841    
  0.6117297713862913    
  0.5892823618944094    
  0.5635646943319903    
  0.5360408672003490    
  0.5080096578670701    
  0.4804737999233008    
  0.4541179056373196    
  0.4293504559582911    
  0.4063698856651552    
  0.3852303678935807    
  0.3658950022008347    
  0.3482735777565017    
  0.3322482455945623    
  0.3176907858396666    
  0.3044730230717448    
  0.2924720747549729    
  0.2815731513511836    
  0.2716713631448830    
  0.2626721579269406    
  0.2544905146551879    
  0.2470501653090988    
  0.2402832755887505    
  0.2341297555296607    
  0.2285360393610074    
  0.2234542367702676    
  0.2188418538201141    
  0.2146612679757204    
  0.2108787999222288    
  0.2074641524261898    
  0.2043903445182719    
  0.2016334028750066    
  0.1991716911500171    
  0.1969855666500350    
  0.1950574550056958    
  0.1933716771322822    
  0.1919139450754762    
  0.1906711547979294    
  0.1896315379640171    
  0.1887845647079706    
  0.1881205421777372    
  0.1876304888497986    
  0.1873063258258750    
  0.1871408229167488    
  0.1871272629404852    
  0.1872593635784761    
  0.1875314851717161    
  0.1879386027157998    
  0.1884760163199219    
  0.1891393006717799    
  0.1899245142465720    
  0.1908281863996689    
  0.1918470640300491    
  0.1929780786589594    
  0.1942185474814352    
  0.1955661667650287    
  0.1970187882268551    
  0.1985744004144640    
  0.2002313185033504    
  0.2019881777538965    
  0.2038437325418292    
  0.2057968494645402    
  0.2078466874056152    
  0.2099926904859750    
  0.2122344044953833    
  0.2145714767737885    
  0.2170038268494066    
  0.2195316420463756    
  0.2221552113597038    
  0.2248749281533062    
  0.2276914484857307    
  0.2306056909835490    
  0.2336186913105707    
  0.2367316077858133    
  0.2399458649677787    
  0.2432631570700251    
  0.2466853251925029    
  0.2502143678544809    
  0.2538525698964821    
  0.2576025094412989    
  0.2614669592424910    
  0.2654489036242672    
  0.2695516537621041    
  0.2737788600791480    
  0.2781344401989139    
  0.2826226036147069    
