  0.5086951460545650    
  0.5495901520935441    
  0.5885250499666016    
  0.6252839124130209    
  0.6600950090854308    
  0.6931130753948990    
  0.7242370590172963    
  0.7534038033854805    
  0.7806920118856253    
  0.8061216891411312    
  0.8296101488945901    
  0.8511372585981309    
  0.8707920117925966    
  0.8887043289400421    
  0.9050640403661840    
  0.9201130460010681    
  0.9339732629249241    
  0.9465644754191692    
  0.9577945245917968    
  0.9677089001160938    
  0.9763644381183376    
  0.9837399007066385    
  0.9899166822002816    
  0.9951775697445895    
  0.9997675186489379    
   1.003715984101644    
   1.007044763157343    
   1.009958276195417    
   1.012630551097552    
   1.014978956265501    
   1.016871829902198    
   1.018408068937644    
   1.019755288895633    
   1.020850319857706    
   1.021525978400768    
   1.021838057499116    
   1.021997530446125    
   1.022040080774745    
   1.021831702841027    
   1.021380998043502    
   1.020890835584113    
   1.020481950761464    
   1.020089935055887    
   1.019680845606973    
   1.019380630894925    
   1.019329314500730    
   1.019549092458442    
   1.020013994238061    
   1.020747995653552    
   1.021814421974017    
   1.023276399260537    
   1.025173360949037    
   1.027481822088856    
   1.030127535857753    
   1.033090684376653    
   1.036436607774206    
   1.040169478007787    
   1.044136421596590    
   1.048172537586359    
   1.052255223198667    
   1.056399503933746    
   1.060485767145473    
   1.064330799077310    
   1.067869942054116    
   1.071140458622573    
   1.074147749266442    
   1.076886609854574    
   1.079451416630886    
   1.082006169841401    
   1.084690944070335    
   1.087650578625931    
   1.091066126203775    
   1.095023223710248    
   1.099393444699994    
   1.103902788128528    
   1.108175008362495    
   1.111610167715195    
   1.113447226622162    
   1.113215601545125    
   1.111060034192348    
   1.107466607180315    
   1.102837601995027    
   1.097568044563317    
   1.092313887136410    
   1.087683652728574    
   1.083504719866061    
   1.078593503156751    
   1.071352326937463    
   1.060605204188589    
   1.046154934233648    
   1.028981764646256    
   1.010907806898440    
  0.9935305046478609    
  0.9769465270407789    
  0.9593822701771961    
  0.9383192211724332    
  0.9124756123764799    
  0.8830957135327678    
  0.8530989142596359    
  0.8242891411898722    
  0.7952619959735419    
  0.7627963498831372    
  0.7256673347331603    
  0.6861796289454301    
  0.6471365097943231    
  0.6082189900583674    
  0.5668156494096053    
  0.5219577859244796    
  0.4755238466314091    
  0.4292378553768988    
  0.3823626295753535    
  0.3334257322229615    
  0.2827694684479742    
  0.2318769430140305    
  0.1810512817385185    
  0.1294068844409915    
  0.7680909317046718E-01
  0.2426149640236911E-01
 -0.2767650415514372E-01
 -0.7948282419770636E-01
 -0.1313868304035391    
 -0.1826616172368628    
 -0.2326778361351889    
 -0.2817047223389120    
 -0.3300735339570113    
 -0.3773041009225488    
 -0.4227199645303318    
 -0.4663739336500271    
 -0.5086951460545650    
 -0.5495901520935441    
 -0.5885250499666016    
 -0.6252839124130209    
 -0.6600950090854308    
 -0.6931130753948990    
 -0.7242370590172963    
 -0.7534038033854805    
 -0.7806920118856253    
 -0.8061216891411312    
 -0.8296101488945901    
 -0.8511372585981309    
 -0.8707920117925966    
 -0.8887043289400421    
 -0.9050640403661840    
 -0.9201130460010681    
 -0.9339732629249241    
 -0.9465644754191692    
 -0.9577945245917968    
 -0.9677089001160938    
 -0.9763644381183376    
 -0.9837399007066385    
 -0.9899166822002816    
 -0.9951775697445895    
 -0.9997675186489379    
  -1.003715984101644    
  -1.007044763157343    
  -1.009958276195417    
  -1.012630551097552    
  -1.014978956265501    
  -1.016871829902198    
  -1.018408068937644    
  -1.019755288895633    
  -1.020850319857706    
  -1.021525978400768    
  -1.021838057499116    
  -1.021997530446125    
  -1.022040080774745    
  -1.021831702841027    
  -1.021380998043502    
  -1.020890835584113    
  -1.020481950761464    
  -1.020089935055887    
  -1.019680845606973    
  -1.019380630894925    
  -1.019329314500730    
  -1.019549092458442    
  -1.020013994238061    
  -1.020747995653552    
  -1.021814421974017    
  -1.023276399260537    
  -1.025173360949037    
  -1.027481822088856    
  -1.030127535857753    
  -1.033090684376653    
  -1.036436607774206    
  -1.040169478007787    
  -1.044136421596590    
  -1.048172537586359    
  -1.052255223198667    
  -1.056399503933746    
  -1.060485767145473    
  -1.064330799077310    
  -1.067869942054116    
  -1.071140458622573    
  -1.074147749266442    
  -1.076886609854574    
  -1.079451416630886    
  -1.082006169841401    
  -1.084690944070335    
  -1.087650578625931    
  -1.091066126203775    
  -1.095023223710248    
  -1.099393444699994    
  -1.103902788128528    
  -1.108175008362495    
  -1.111610167715195    
  -1.113447226622162    
  -1.113215601545125    
  -1.111060034192348    
  -1.107466607180315    
  -1.102837601995027    
  -1.097568044563317    
  -1.092313887136410    
  -1.087683652728574    
  -1.083504719866061    
  -1.078593503156751    
  -1.071352326937463    
  -1.060605204188589    
  -1.046154934233648    
  -1.028981764646256    
  -1.010907806898440    
 -0.9935305046478609    
 -0.9769465270407789    
 -0.9593822701771961    
 -0.9383192211724332    
 -0.9124756123764799    
 -0.8830957135327678    
 -0.8530989142596359    
 -0.8242891411898722    
 -0.7952619959735419    
 -0.7627963498831372    
 -0.7256673347331603    
 -0.6861796289454301    
 -0.6471365097943231    
 -0.6082189900583674    
 -0.5668156494096053    
 -0.5219577859244796    
 -0.4755238466314091    
 -0.4292378553768988    
 -0.3823626295753535    
 -0.3334257322229615    
 -0.2827694684479742    
 -0.2318769430140305    
 -0.1810512817385185    
 -0.1294068844409915    
 -0.7680909317046718E-01
 -0.2426149640236911E-01
  0.2767650415514372E-01
  0.7948282419770636E-01
  0.1313868304035391    
  0.1826616172368628    
  0.2326778361351889    
  0.2817047223389120    
  0.3300735339570113    
  0.3773041009225488    
  0.4227199645303318    
  0.4663739336500271    
