  0.2526165180257602    
  0.2570487796922331    
  0.2616157984918178    
  0.2663223465055379    
  0.2711738265974206    
  0.2761758576211918    
  0.2813342561515148    
  0.2866555376820598    
  0.2921469778004604    
  0.2978161783504987    
  0.3036711376764056    
  0.3097208074001075    
  0.3159750964327034    
  0.3224444209062337    
  0.3291398828236710    
  0.3360738890857385    
  0.3432600811603583    
  0.3507128615872673    
  0.3584476915203282    
  0.3664817521074107    
  0.3748337310884859    
  0.3835232521530695    
  0.3925712100304582    
  0.4020002942453703    
  0.4118343051802263    
  0.4220970430031247    
  0.4328120509815410    
  0.4440019492632283    
  0.4556856052772793    
  0.4678740443694915    
  0.4805659772060044    
  0.4937403286097432    
  0.5073428539324700    
  0.5212671369594831    
  0.5353294359403724    
  0.5492329448025620    
  0.5625202246371684    
  0.5745231552212241    
  0.5843294403918662    
  0.5907972526799626    
  0.5926682097468059    
  0.5888195176042585    
  0.5786148658116399    
  0.5621968752458499    
  0.5405355348154309    
  0.5151777001574559    
  0.4878339411255037    
  0.4600166441502310    
  0.4328559559022105    
  0.4070813640175865    
  0.3830906093640544    
  0.3610425410283937    
  0.3409431113297515    
  0.3227107596721563    
  0.3062184290462375    
  0.2913193112208516    
  0.2778638520864583    
  0.2657095673220923    
  0.2547243910839437    
  0.2447876152064240    
  0.2357911459285374    
  0.2276396269990532    
  0.2202485657749600    
  0.2135427260603645    
  0.2074559437917260    
  0.2019305183424497    
  0.1969153907052561    
  0.1923649387542561    
  0.1882390476940967    
  0.1845027231922016    
  0.1811247190918779    
  0.1780768148470555    
  0.1753341366361431    
  0.1728749450758610    
  0.1706795794441344    
  0.1687300504346140    
  0.1670104898391405    
  0.1655070175103290    
  0.1642068845417914    
  0.1630982634441130    
  0.1621707491734181    
  0.1614152495957529    
  0.1608232585358634    
  0.1603867753393687    
  0.1600988166243522    
  0.1599533025009086    
  0.1599444207968998    
  0.1600666370219103    
  0.1603151959503035    
  0.1606859904010059    
  0.1611749945203422    
  0.1617783408719971    
  0.1624928006075338    
  0.1633156284559077    
  0.1642440519931397    
  0.1652754015424855    
  0.1664075626624470    
  0.1676387941926519    
  0.1689672654452114    
  0.1703912298988343    
  0.1719094466480640    
  0.1735209703361081    
  0.1752247314330534    
  0.1770197478393805    
  0.1789055133600345    
  0.1808817596410483    
  0.1829480773081507    
  0.1851041618361489    
  0.1873501675777157    
  0.1896864422794096    
  0.1921131888195498    
  0.1946307435254341    
  0.1972398944498697    
  0.1999415890583743    
  0.2027366376629173    
  0.2056260237043891    
  0.2086111849526679    
  0.2116936949400917    
  0.2148750103733324    
  0.2181568138851720    
  0.2215412565602374    
  0.2250306137336750    
  0.2286270800464317    
  0.2323331461249700    
  0.2361518003626165    
  0.2400861598392277    
  0.2441393184926826    
  0.2483147603674590    
  0.2526165180257602    
  0.2570487796922331    
  0.2616157984918178    
  0.2663223465055379    
  0.2711738265974206    
  0.2761758576211918    
  0.2813342561515148    
  0.2866555376820598    
  0.2921469778004604    
  0.2978161783504987    
  0.3036711376764056    
  0.3097208074001075    
  0.3159750964327034    
  0.3224444209062337    
  0.3291398828236710    
  0.3360738890857385    
  0.3432600811603583    
  0.3507128615872673    
  0.3584476915203282    
  0.3664817521074107    
  0.3748337310884859    
  0.3835232521530695    
  0.3925712100304582    
  0.4020002942453703    
  0.4118343051802263    
  0.4220970430031247    
  0.4328120509815410    
  0.4440019492632283    
  0.4556856052772793    
  0.4678740443694915    
  0.4805659772060044    
  0.4937403286097432    
  0.5073428539324700    
  0.5212671369594831    
  0.5353294359403724    
  0.5492329448025620    
  0.5625202246371684    
  0.5745231552212241    
  0.5843294403918662    
  0.5907972526799626    
  0.5926682097468059    
  0.5888195176042585    
  0.5786148658116399    
  0.5621968752458499    
  0.5405355348154309    
  0.5151777001574559    
  0.4878339411255037    
  0.4600166441502310    
  0.4328559559022105    
  0.4070813640175865    
  0.3830906093640544    
  0.3610425410283937    
  0.3409431113297515    
  0.3227107596721563    
  0.3062184290462375    
  0.2913193112208516    
  0.2778638520864583    
  0.2657095673220923    
  0.2547243910839437    
  0.2447876152064240    
  0.2357911459285374    
  0.2276396269990532    
  0.2202485657749600    
  0.2135427260603645    
  0.2074559437917260    
  0.2019305183424497    
  0.1969153907052561    
  0.1923649387542561    
  0.1882390476940967    
  0.1845027231922016    
  0.1811247190918779    
  0.1780768148470555    
  0.1753341366361431    
  0.1728749450758610    
  0.1706795794441344    
  0.1687300504346140    
  0.1670104898391405    
  0.1655070175103290    
  0.1642068845417914    
  0.1630982634441130    
  0.1621707491734181    
  0.1614152495957529    
  0.1608232585358634    
  0.1603867753393687    
  0.1600988166243522    
  0.1599533025009086    
  0.1599444207968998    
  0.1600666370219103    
  0.1603151959503035    
  0.1606859904010059    
  0.1611749945203422    
  0.1617783408719971    
  0.1624928006075338    
  0.1633156284559077    
  0.1642440519931397    
  0.1652754015424855    
  0.1664075626624470    
  0.1676387941926519    
  0.1689672654452114    
  0.1703912298988343    
  0.1719094466480640    
  0.1735209703361081    
  0.1752247314330534    
  0.1770197478393805    
  0.1789055133600345    
  0.1808817596410483    
  0.1829480773081507    
  0.1851041618361489    
  0.1873501675777157    
  0.1896864422794096    
  0.1921131888195498    
  0.1946307435254341    
  0.1972398944498697    
  0.1999415890583743    
  0.2027366376629173    
  0.2056260237043891    
  0.2086111849526679    
  0.2116936949400917    
  0.2148750103733324    
  0.2181568138851720    
  0.2215412565602374    
  0.2250306137336750    
  0.2286270800464317    
  0.2323331461249700    
  0.2361518003626165    
  0.2400861598392277    
  0.2441393184926826    
  0.2483147603674590    
