  0.2443462109727948    
  0.2486918506093889    
  0.2531692262408735    
  0.2577828804860040    
  0.2625380742201911    
  0.2674401356484196    
  0.2724944497552466    
  0.2777072016884944    
  0.2830854202883100    
  0.2886362869724817    
  0.2943672254263731    
  0.3002867224494354    
  0.3064043006794968    
  0.3127297875621075    
  0.3192735294109060    
  0.3260473017522446    
  0.3330641924467174    
  0.3403378224006154    
  0.3478827042593329    
  0.3557152348018781    
  0.3638534236903219    
  0.3723160001886389    
  0.3811228636600575    
  0.3902960152558943    
  0.3998588364658697    
  0.4098346887306015    
  0.4202469244698172    
  0.4311188357300656    
  0.4424709539947834    
  0.4543169177058710    
  0.4666597470951674    
  0.4794855906431458    
  0.4927510348963808    
  0.5063646849761131    
  0.5201634043470172    
  0.5338776939279843    
  0.5470827551949924    
  0.5591437863624584    
  0.5691739795042651    
  0.5760351823086284    
  0.5784346022971171    
  0.5751722030028327    
  0.5655129269365939    
  0.5495212906171891    
  0.5281444902275892    
  0.5029631699492264    
  0.4757487958457065    
  0.4480678405777838    
  0.4210811398533591    
  0.3955269560577913    
  0.3717981760203634    
  0.3500424286278307    
  0.3302530933084316    
  0.3123377183289359    
  0.2961609282468103    
  0.2815697660760151    
  0.2684103602970944    
  0.2565376202165434    
  0.2458181351170878    
  0.2361305261110149    
  0.2273665080767655    
  0.2194310302567253    
  0.2122401991243394    
  0.2057194117581961    
  0.1998031782208249    
  0.1944345982534394    
  0.1895634351181289    
  0.1851447904423658    
  0.1811392381960931    
  0.1775125077581642    
  0.1742340333327897    
  0.1712761750842680    
  0.1686146147964658    
  0.1662281815155293    
  0.1640977250173490    
  0.1622056909596890    
  0.1605366439578122    
  0.1590771417083958    
  0.1578148111944488    
  0.1567381497306531    
  0.1558370951407795    
  0.1551028967169749    
  0.1545273246995390    
  0.1541026240547932    
  0.1538220905194367    
  0.1536799143882058    
  0.1536704848390176    
  0.1537884544069819    
  0.1540293000923676    
  0.1543891296882793    
  0.1548640590691411    
  0.1554503619990244    
  0.1561450053177532    
  0.1569454136911368    
  0.1578489069355078    
  0.1588529191832041    
  0.1599555019548316    
  0.1611550458691424    
  0.1624497701940227    
  0.1638380010966442    
  0.1653186389970523    
  0.1668908370843878    
  0.1685535385880718    
  0.1703058075355027    
  0.1721472581577365    
  0.1740776907495058    
  0.1760966745954805    
  0.1782039272729397    
  0.1803997045021327    
  0.1826843941151850    
  0.1850581444331776    
  0.1875212900836793    
  0.1900747008248114    
  0.1927193343225148    
  0.1954559112866323    
  0.1982853872481252    
  0.2012092586440897    
  0.2042290748646932    
  0.2073461628835248    
  0.2105621457171732    
  0.2138792035482977    
  0.2172995451869050    
  0.2208251864974915    
  0.2244585175758659    
  0.2282025160210344    
  0.2320601776938084    
  0.2360343552040218    
  0.2401283773723039    
  0.2443462109727948    
  0.2486918506093889    
  0.2531692262408735    
  0.2577828804860040    
  0.2625380742201911    
  0.2674401356484196    
  0.2724944497552466    
  0.2777072016884944    
  0.2830854202883100    
  0.2886362869724817    
  0.2943672254263731    
  0.3002867224494354    
  0.3064043006794968    
  0.3127297875621075    
  0.3192735294109060    
  0.3260473017522446    
  0.3330641924467174    
  0.3403378224006154    
  0.3478827042593329    
  0.3557152348018781    
  0.3638534236903219    
  0.3723160001886389    
  0.3811228636600575    
  0.3902960152558943    
  0.3998588364658697    
  0.4098346887306015    
  0.4202469244698172    
  0.4311188357300656    
  0.4424709539947834    
  0.4543169177058710    
  0.4666597470951674    
  0.4794855906431458    
  0.4927510348963808    
  0.5063646849761131    
  0.5201634043470172    
  0.5338776939279843    
  0.5470827551949924    
  0.5591437863624584    
  0.5691739795042651    
  0.5760351823086284    
  0.5784346022971171    
  0.5751722030028327    
  0.5655129269365939    
  0.5495212906171891    
  0.5281444902275892    
  0.5029631699492264    
  0.4757487958457065    
  0.4480678405777838    
  0.4210811398533591    
  0.3955269560577913    
  0.3717981760203634    
  0.3500424286278307    
  0.3302530933084316    
  0.3123377183289359    
  0.2961609282468103    
  0.2815697660760151    
  0.2684103602970944    
  0.2565376202165434    
  0.2458181351170878    
  0.2361305261110149    
  0.2273665080767655    
  0.2194310302567253    
  0.2122401991243394    
  0.2057194117581961    
  0.1998031782208249    
  0.1944345982534394    
  0.1895634351181289    
  0.1851447904423658    
  0.1811392381960931    
  0.1775125077581642    
  0.1742340333327897    
  0.1712761750842680    
  0.1686146147964658    
  0.1662281815155293    
  0.1640977250173490    
  0.1622056909596890    
  0.1605366439578122    
  0.1590771417083958    
  0.1578148111944488    
  0.1567381497306531    
  0.1558370951407795    
  0.1551028967169749    
  0.1545273246995390    
  0.1541026240547932    
  0.1538220905194367    
  0.1536799143882058    
  0.1536704848390176    
  0.1537884544069819    
  0.1540293000923676    
  0.1543891296882793    
  0.1548640590691411    
  0.1554503619990244    
  0.1561450053177532    
  0.1569454136911368    
  0.1578489069355078    
  0.1588529191832041    
  0.1599555019548316    
  0.1611550458691424    
  0.1624497701940227    
  0.1638380010966442    
  0.1653186389970523    
  0.1668908370843878    
  0.1685535385880718    
  0.1703058075355027    
  0.1721472581577365    
  0.1740776907495058    
  0.1760966745954805    
  0.1782039272729397    
  0.1803997045021327    
  0.1826843941151850    
  0.1850581444331776    
  0.1875212900836793    
  0.1900747008248114    
  0.1927193343225148    
  0.1954559112866323    
  0.1982853872481252    
  0.2012092586440897    
  0.2042290748646932    
  0.2073461628835248    
  0.2105621457171732    
  0.2138792035482977    
  0.2172995451869050    
  0.2208251864974915    
  0.2244585175758659    
  0.2282025160210344    
  0.2320601776938084    
  0.2360343552040218    
  0.2401283773723039    
