  0.2903817016703797    
  0.2927613993942679    
  0.2951775842709926    
  0.2976309545446740    
  0.3001222363842613    
  0.3026521849663814    
  0.3052215855589474    
  0.3078312545719704    
  0.3104820407680271    
  0.3131748266958295    
  0.3159105300713301    
  0.3186901049916381    
  0.3215145433083187    
  0.3243848763427026    
  0.3273021766095579    
  0.3302675593139462    
  0.3332821839434080    
  0.3363472562310078    
  0.3394640301929660    
  0.3426338099434165    
  0.3458579515554798    
  0.3491378652732287    
  0.3524750178222193    
  0.3558709345013201    
  0.3593272012757132    
  0.3628454671687433    
  0.3664274467244295    
  0.3700749222202062    
  0.3737897458160519    
  0.3775738419114429    
  0.3814292094660783    
  0.3853579239353747    
  0.3893621389709655    
  0.3934440881302897    
  0.3976060863154222    
  0.4018505305264146    
  0.4061798999990239    
  0.4105967558927557    
  0.4151037401526710    
  0.4197035729978590    
  0.4243990489603054    
  0.4291930314872834    
  0.4340884455235717    
  0.4390882672313547    
  0.4441955104268379    
  0.4494132093896925    
  0.4547443970443428    
  0.4601920771132152    
  0.4657591891095019    
  0.4714485649953051    
  0.4772628755505582    
  0.4832045639180284    
  0.4892757638154721    
  0.4954781995822954    
  0.5018130641430806    
  0.5082808700828388    
  0.5148812687365765    
  0.5216128315049475    
  0.5284727861293126    
  0.5354566994801407    
  0.5425580980426391    
  0.5497680167534328    
  0.5570744658682985    
  0.5644618055524103    
  0.5719100198329672    
  0.5793938848453698    
  0.5868820311313948    
  0.5943359083384739    
  0.6017086748915044    
  0.6089440550914225    
  0.6159752320231460    
  0.6227238784707597    
  0.6290994698252242    
  0.6349990682933777    
  0.6403078089212662    
  0.6449003450202864    
  0.6486435083423417    
  0.6514003868122069    
  0.6530359001798238    
  0.6534237539995634    
  0.6524543873208000    
  0.6500432380485561    
  0.6461384001896907    
  0.6407266260198192    
  0.6338367079958901    
  0.6255395834209161    
  0.6159449904391585    
  0.6051950542395773    
  0.5934556565123178    
  0.5809067199984604    
  0.5677325702978614    
  0.5541133472112362    
  0.5402181137801314    
  0.5261999529438266    
  0.5121930293604307    
  0.4983113737090563    
  0.4846490304695540    
  0.4712811816273619    
  0.4582658883862364    
  0.4456461535356481    
  0.4334520795693371    
  0.4217029679984940    
  0.4104092636028409    
  0.3995742909016112    
  0.3891957620772714    
  0.3792670583641455    
  0.3697783002221007    
  0.3607172270896964    
  0.3520699098442870    
  0.3438213206778959    
  0.3359557842135221    
  0.3284573299380150    
  0.3213099627424301    
  0.3144978672825765    
  0.3080055603172335    
  0.3018180014607307    
  0.2959206697902543    
  0.2902996136531490    
  0.2849414810004782    
  0.2798335349482315    
  0.2749636566622563    
  0.2703203382422557    
  0.2658926696665043    
  0.2616703222805196    
  0.2576435285975889    
  0.2538030585385382    
  0.2501401945034114    
  0.2466467072773006    
  0.2433148320296775    
  0.2401372431926736    
  0.2371070293696612    
  0.2342176701843756    
  0.2314630147228199    
  0.2288372599572375    
  0.2263349293417504    
  0.2239508531914882    
  0.2216801509658160    
  0.2195182139897531    
  0.2174606882894942    
  0.2155034588626160    
  0.2136426358262139    
  0.2118745411270342    
  0.2101956950415395    
  0.2086028035538449    
  0.2070927476070667    
  0.2056625733729477    
  0.2043094822043300    
  0.2030308205115865    
  0.2018240708302885    
  0.2006868443804872    
  0.1996168741291760    
  0.1986120075309986    
  0.1976701992149973    
  0.1967895044285150    
  0.1959680735969349    
  0.1952041475347140    
  0.1944960525048434    
  0.1938421948988943    
  0.1932410562276269    
  0.1926911891574531    
  0.1921912142939402    
  0.1917398167249393    
  0.1913357420572150    
  0.1909777927588837    
  0.1906648254320031    
  0.1903957485306042    
  0.1901695197223087    
  0.1899851429495513    
  0.1898416659057593    
  0.1897381782057320    
  0.1896738097523342    
  0.1896477287513975    
  0.1896591394679883    
  0.1897072803092300    
  0.1897914225847570    
  0.1899108695803116    
  0.1900649552349493    
  0.1902530422824405    
  0.1904745205728499    
  0.1907288062266635    
  0.1910153412578743    
  0.1913335927463661    
  0.1916830513687864    
  0.1920632300433896    
  0.1924736632705761    
  0.1929139068463881    
  0.1933835373246411    
  0.1938821511240193    
  0.1944093636169461    
  0.1949648084521964    
  0.1955481371257980    
  0.1961590186829072    
  0.1967971393391268    
  0.1974622018689812    
  0.1981539249196140    
  0.1988720425796842    
  0.1996163042352531    
  0.2003864743908394    
  0.2011823322595918    
  0.2020036712816137    
  0.2028502987686481    
  0.2037220356807567    
  0.2046187164876981    
  0.2055401890688568    
  0.2064863144965198    
  0.2074569666171895    
  0.2084520316956871    
  0.2094714084355295    
  0.2105150081702341    
  0.2115827547121532    
  0.2126745838463758    
  0.2137904430303692    
  0.2149302915836252    
  0.2160941009638881    
  0.2172818546623660    
  0.2184935477984381    
  0.2197291868451159    
  0.2209887897585468    
  0.2222723863868084    
  0.2235800186815192    
  0.2249117403267149    
  0.2262676161586432    
  0.2276477222987453    
  0.2290521470847984    
  0.2304809915389369    
  0.2319343685691210    
  0.2334124021364827    
  0.2349152279630683    
  0.2364429949859196    
  0.2379958653922140    
  0.2395740132867297    
  0.2411776244132789    
  0.2428068977446567    
  0.2444620466395133    
  0.2461432979469300    
  0.2478508909210329    
  0.2495850781831103    
  0.2513461275339566    
  0.2531343220262151    
  0.2549499587189096    
  0.2567933487646787    
  0.2586648191814629    
  0.2605647138864854    
  0.2624933929868015    
  0.2644512322925415    
  0.2664386245080014    
  0.2684559807307940    
  0.2705037306156944    
  0.2725823219613633    
  0.2746922213056324    
  0.2768339152964089    
  0.2790079115043348    
  0.2812147385550046    
  0.2834549465719298    
  0.2857291082275141    
  0.2880378197629640    
  0.2903817016703797    
  0.2927613993942679    
  0.2951775842709926    
  0.2976309545446740    
  0.3001222363842613    
  0.3026521849663814    
  0.3052215855589474    
  0.3078312545719704    
  0.3104820407680271    
  0.3131748266958295    
  0.3159105300713301    
  0.3186901049916381    
  0.3215145433083187    
  0.3243848763427026    
  0.3273021766095579    
  0.3302675593139462    
  0.3332821839434080    
  0.3363472562310078    
  0.3394640301929660    
  0.3426338099434165    
  0.3458579515554798    
  0.3491378652732287    
  0.3524750178222193    
  0.3558709345013201    
  0.3593272012757132    
  0.3628454671687433    
  0.3664274467244295    
  0.3700749222202062    
  0.3737897458160519    
  0.3775738419114429    
  0.3814292094660783    
  0.3853579239353747    
  0.3893621389709655    
  0.3934440881302897    
  0.3976060863154222    
  0.4018505305264146    
  0.4061798999990239    
  0.4105967558927557    
  0.4151037401526710    
  0.4197035729978590    
  0.4243990489603054    
  0.4291930314872834    
  0.4340884455235717    
  0.4390882672313547    
  0.4441955104268379    
  0.4494132093896925    
  0.4547443970443428    
  0.4601920771132152    
  0.4657591891095019    
  0.4714485649953051    
  0.4772628755505582    
  0.4832045639180284    
  0.4892757638154721    
  0.4954781995822954    
  0.5018130641430806    
  0.5082808700828388    
  0.5148812687365765    
  0.5216128315049475    
  0.5284727861293126    
  0.5354566994801407    
  0.5425580980426391    
  0.5497680167534328    
  0.5570744658682985    
  0.5644618055524103    
  0.5719100198329672    
  0.5793938848453698    
  0.5868820311313948    
  0.5943359083384739    
  0.6017086748915044    
  0.6089440550914225    
  0.6159752320231460    
  0.6227238784707597    
  0.6290994698252242    
  0.6349990682933777    
  0.6403078089212662    
  0.6449003450202864    
  0.6486435083423417    
  0.6514003868122069    
  0.6530359001798238    
  0.6534237539995634    
  0.6524543873208000    
  0.6500432380485561    
  0.6461384001896907    
  0.6407266260198192    
  0.6338367079958901    
  0.6255395834209161    
  0.6159449904391585    
  0.6051950542395773    
  0.5934556565123178    
  0.5809067199984604    
  0.5677325702978614    
  0.5541133472112362    
  0.5402181137801314    
  0.5261999529438266    
  0.5121930293604307    
  0.4983113737090563    
  0.4846490304695540    
  0.4712811816273619    
  0.4582658883862364    
  0.4456461535356481    
  0.4334520795693371    
  0.4217029679984940    
  0.4104092636028409    
  0.3995742909016112    
  0.3891957620772714    
  0.3792670583641455    
  0.3697783002221007    
  0.3607172270896964    
  0.3520699098442870    
  0.3438213206778959    
  0.3359557842135221    
  0.3284573299380150    
  0.3213099627424301    
  0.3144978672825765    
  0.3080055603172335    
  0.3018180014607307    
  0.2959206697902543    
  0.2902996136531490    
  0.2849414810004782    
  0.2798335349482315    
  0.2749636566622563    
  0.2703203382422557    
  0.2658926696665043    
  0.2616703222805196    
  0.2576435285975889    
  0.2538030585385382    
  0.2501401945034114    
  0.2466467072773006    
  0.2433148320296775    
  0.2401372431926736    
  0.2371070293696612    
  0.2342176701843756    
  0.2314630147228199    
  0.2288372599572375    
  0.2263349293417504    
  0.2239508531914882    
  0.2216801509658160    
  0.2195182139897531    
  0.2174606882894942    
  0.2155034588626160    
  0.2136426358262139    
  0.2118745411270342    
  0.2101956950415395    
  0.2086028035538449    
  0.2070927476070667    
  0.2056625733729477    
  0.2043094822043300    
  0.2030308205115865    
  0.2018240708302885    
  0.2006868443804872    
  0.1996168741291760    
  0.1986120075309986    
  0.1976701992149973    
  0.1967895044285150    
  0.1959680735969349    
  0.1952041475347140    
  0.1944960525048434    
  0.1938421948988943    
  0.1932410562276269    
  0.1926911891574531    
  0.1921912142939402    
  0.1917398167249393    
  0.1913357420572150    
  0.1909777927588837    
  0.1906648254320031    
  0.1903957485306042    
  0.1901695197223087    
  0.1899851429495513    
  0.1898416659057593    
  0.1897381782057320    
  0.1896738097523342    
  0.1896477287513975    
  0.1896591394679883    
  0.1897072803092300    
  0.1897914225847570    
  0.1899108695803116    
  0.1900649552349493    
  0.1902530422824405    
  0.1904745205728499    
  0.1907288062266635    
  0.1910153412578743    
  0.1913335927463661    
  0.1916830513687864    
  0.1920632300433896    
  0.1924736632705761    
  0.1929139068463881    
  0.1933835373246411    
  0.1938821511240193    
  0.1944093636169461    
  0.1949648084521964    
  0.1955481371257980    
  0.1961590186829072    
  0.1967971393391268    
  0.1974622018689812    
  0.1981539249196140    
  0.1988720425796842    
  0.1996163042352531    
  0.2003864743908394    
  0.2011823322595918    
  0.2020036712816137    
  0.2028502987686481    
  0.2037220356807567    
  0.2046187164876981    
  0.2055401890688568    
  0.2064863144965198    
  0.2074569666171895    
  0.2084520316956871    
  0.2094714084355295    
  0.2105150081702341    
  0.2115827547121532    
  0.2126745838463758    
  0.2137904430303692    
  0.2149302915836252    
  0.2160941009638881    
  0.2172818546623660    
  0.2184935477984381    
  0.2197291868451159    
  0.2209887897585468    
  0.2222723863868084    
  0.2235800186815192    
  0.2249117403267149    
  0.2262676161586432    
  0.2276477222987453    
  0.2290521470847984    
  0.2304809915389369    
  0.2319343685691210    
  0.2334124021364827    
  0.2349152279630683    
  0.2364429949859196    
  0.2379958653922140    
  0.2395740132867297    
  0.2411776244132789    
  0.2428068977446567    
  0.2444620466395133    
  0.2461432979469300    
  0.2478508909210329    
  0.2495850781831103    
  0.2513461275339566    
  0.2531343220262151    
  0.2549499587189096    
  0.2567933487646787    
  0.2586648191814629    
  0.2605647138864854    
  0.2624933929868015    
  0.2644512322925415    
  0.2664386245080014    
  0.2684559807307940    
  0.2705037306156944    
  0.2725823219613633    
  0.2746922213056324    
  0.2768339152964089    
  0.2790079115043348    
  0.2812147385550046    
  0.2834549465719298    
  0.2857291082275141    
  0.2880378197629640    
