  0.4742117183763947    
  0.4678520682190237    
  0.4613091270791421    
  0.4545868522460735    
  0.4476889769483925    
  0.4406190084788327    
  0.4333802414678904    
  0.4259757832797836    
  0.4184085659609736    
  0.4106813419163944    
  0.4027966881242608    
  0.3947570272762148    
  0.3865646430743749    
  0.3782216762192956    
  0.3697301206032744    
  0.3610918375567614    
  0.3523085731672014    
  0.3433819577850371    
  0.3343134975164356    
  0.3251045803659374    
  0.3157564930736719    
  0.3062704261700581    
  0.2966474658411708    
  0.2868885935929882    
  0.2769947000578279    
  0.2669665951035834    
  0.2568050045524150    
  0.2465105678178739    
  0.2360838485432283    
  0.2255253481627820    
  0.2148355097552748    
  0.2040147188066970    
  0.1930633134929744    
  0.1819816012982804    
  0.1707698707345731    
  0.1594283992841126    
  0.1479574676472318    
  0.1363573811107665    
  0.1246284898459822    
  0.1127712066808810    
  0.1007860294097454    
  0.8867356989266711E-01
  0.7643458441152970E-01
  0.6407000314283440E-01
  0.5158096354750433E-01
  0.3896884998749822E-01
  0.2623533562536315E-01
  0.1338242444440846E-01
  0.4124967666964130E-03
 -0.1267163981803235E-01
 -0.2586669738618999E-01
 -0.3916885475647711E-01
 -0.5257370234960493E-01
 -0.6607618340763705E-01
 -0.7967053471281652E-01
 -0.9335022947008190E-01
 -0.1071079209476295    
 -0.1209353860264184    
 -0.1348234719671206    
 -0.1487620495845141    
 -0.1627399722621188    
 -0.1767450404415125    
 -0.1907639750813834    
 -0.2047824036763976    
 -0.2187848586890926    
 -0.2327547879642042    
 -0.2466745802823592    
 -0.2605256094403477    
 -0.2742882962869611    
 -0.2879421871812246    
 -0.3014660506480475    
 -0.3148379944213003    
 -0.3280356008321059    
 -0.3410360768012835    
 -0.3538164178677883    
 -0.3663535865967659    
 -0.3786247014482337    
 -0.3906072299072714    
 -0.4022791830457237    
 -0.4136193106662871    
 -0.4246072923679849    
 -0.4352239172034052    
 -0.4454512483608409    
 -0.4552727727990251    
 -0.4646735327673556    
 -0.4736402330024200    
 -0.4821613212720717    
 -0.4902270449094841    
 -0.4978294837755819    
 -0.5049625559663398    
 -0.5116219958132313    
 -0.5178053097697577    
 -0.5235117142295520    
 -0.5287420537272496    
 -0.5334986997785207    
 -0.5377854373812364    
 -0.5416073454064843    
 -0.5449706698975563    
 -0.5478826892893861    
 -0.5503515781669358    
 -0.5523862766769785    
 -0.5539963638969354    
 -0.5551919312915177    
 -0.5559834613443492    
 -0.5563817194138967    
 -0.5563976564647801    
 -0.5560423147935972    
 -0.5553267393412677    
 -0.5542619048054596    
 -0.5528586576514276    
 -0.5511276608471867    
 -0.5490793393107686    
 -0.5467238388507409    
 -0.5440710028726747    
 -0.5411303522718680    
 -0.5379110589940070    
 -0.5344219260333507    
 -0.5306713864897121    
 -0.5266675096785095    
 -0.5224179962562274    
 -0.5179301696294623    
 -0.5132109839813866    
 -0.5082670455427614    
 -0.5031046237941398    
 -0.4977296492922008    
 -0.4921477209346763    
 -0.4863641313339018    
 -0.4803838884158901    
 -0.4742117183763947    
 -0.4678520682190237    
 -0.4613091270791421    
 -0.4545868522460735    
 -0.4476889769483925    
 -0.4406190084788327    
 -0.4333802414678904    
 -0.4259757832797836    
 -0.4184085659609736    
 -0.4106813419163944    
 -0.4027966881242608    
 -0.3947570272762148    
 -0.3865646430743749    
 -0.3782216762192956    
 -0.3697301206032744    
 -0.3610918375567614    
 -0.3523085731672014    
 -0.3433819577850371    
 -0.3343134975164356    
 -0.3251045803659374    
 -0.3157564930736719    
 -0.3062704261700581    
 -0.2966474658411708    
 -0.2868885935929882    
 -0.2769947000578279    
 -0.2669665951035834    
 -0.2568050045524150    
 -0.2465105678178739    
 -0.2360838485432283    
 -0.2255253481627820    
 -0.2148355097552748    
 -0.2040147188066970    
 -0.1930633134929744    
 -0.1819816012982804    
 -0.1707698707345731    
 -0.1594283992841126    
 -0.1479574676472318    
 -0.1363573811107665    
 -0.1246284898459822    
 -0.1127712066808810    
 -0.1007860294097454    
 -0.8867356989266711E-01
 -0.7643458441152970E-01
 -0.6407000314283440E-01
 -0.5158096354750433E-01
 -0.3896884998749822E-01
 -0.2623533562536315E-01
 -0.1338242444440846E-01
 -0.4124967666964130E-03
  0.1267163981803235E-01
  0.2586669738618999E-01
  0.3916885475647711E-01
  0.5257370234960493E-01
  0.6607618340763705E-01
  0.7967053471281652E-01
  0.9335022947008190E-01
  0.1071079209476295    
  0.1209353860264184    
  0.1348234719671206    
  0.1487620495845141    
  0.1627399722621188    
  0.1767450404415125    
  0.1907639750813834    
  0.2047824036763976    
  0.2187848586890926    
  0.2327547879642042    
  0.2466745802823592    
  0.2605256094403477    
  0.2742882962869611    
  0.2879421871812246    
  0.3014660506480475    
  0.3148379944213003    
  0.3280356008321059    
  0.3410360768012835    
  0.3538164178677883    
  0.3663535865967659    
  0.3786247014482337    
  0.3906072299072714    
  0.4022791830457237    
  0.4136193106662871    
  0.4246072923679849    
  0.4352239172034052    
  0.4454512483608409    
  0.4552727727990251    
  0.4646735327673556    
  0.4736402330024200    
  0.4821613212720717    
  0.4902270449094841    
  0.4978294837755819    
  0.5049625559663398    
  0.5116219958132313    
  0.5178053097697577    
  0.5235117142295520    
  0.5287420537272496    
  0.5334986997785207    
  0.5377854373812364    
  0.5416073454064843    
  0.5449706698975563    
  0.5478826892893861    
  0.5503515781669358    
  0.5523862766769785    
  0.5539963638969354    
  0.5551919312915177    
  0.5559834613443492    
  0.5563817194138967    
  0.5563976564647801    
  0.5560423147935972    
  0.5553267393412677    
  0.5542619048054596    
  0.5528586576514276    
  0.5511276608471867    
  0.5490793393107686    
  0.5467238388507409    
  0.5440710028726747    
  0.5411303522718680    
  0.5379110589940070    
  0.5344219260333507    
  0.5306713864897121    
  0.5266675096785095    
  0.5224179962562274    
  0.5179301696294623    
  0.5132109839813866    
  0.5082670455427614    
  0.5031046237941398    
  0.4977296492922008    
  0.4921477209346763    
  0.4863641313339018    
  0.4803838884158901    
