  0.8174416765676057E-01
  0.7907312211023743E-01
  0.7638986186000496E-01
  0.7369470421399860E-01
  0.7098796961309284E-01
  0.6826998165035963E-01
  0.6554106709315305E-01
  0.6280155590567427E-01
  0.6005178126073019E-01
  0.5729207953946980E-01
  0.5452279033164609E-01
  0.5174425644333458E-01
  0.4895682390175743E-01
  0.4616084194474857E-01
  0.4335666299923480E-01
  0.4054464266404634E-01
  0.3772513970155855E-01
  0.3489851602545868E-01
  0.3206513667235250E-01
  0.2922536976261036E-01
  0.2637958646680416E-01
  0.2352816098239968E-01
  0.2067147050621859E-01
  0.1780989518930243E-01
  0.1494381808256118E-01
  0.1207362509212678E-01
  0.9199704944865106E-02
  0.6322449144280151E-02
  0.3442251908007954E-02
  0.5595101041686590E-03
 -0.2325376797464251E-02
 -0.5212006771261102E-02
 -0.8099975298779372E-02
 -0.1098887544387717E-01
 -0.1387829791760953E-01
 -0.1676783113059327E-01
 -0.1965706125375816E-01
 -0.2254557229617299E-01
 -0.2543294618254960E-01
 -0.2831876281688173E-01
 -0.3120260014415416E-01
 -0.3408403422571377E-01
 -0.3696263932168664E-01
 -0.3983798796458582E-01
 -0.4270965102558844E-01
 -0.4557719778768421E-01
 -0.4844019602803845E-01
 -0.5129821209780411E-01
 -0.5415081099404562E-01
 -0.5699755643216275E-01
 -0.5983801092554764E-01
 -0.6267173586730168E-01
 -0.6549829160675702E-01
 -0.6831723752281516E-01
 -0.7112813210085611E-01
 -0.7393053301376490E-01
 -0.7672399720123657E-01
 -0.7950808094451522E-01
 -0.8228233994081768E-01
 -0.8504632938186951E-01
 -0.8779960403405962E-01
 -0.9054171831483376E-01
 -0.9327222636613497E-01
 -0.9599068213081413E-01
 -0.9869663943264073E-01
 -0.1013896520535260    
 -0.1040692738059352    
 -0.1067350586074796    
 -0.1093865605615345    
 -0.1120233340367269    
 -0.1146449337395332    
 -0.1172509147869918    
 -0.1198408327874732    
 -0.1224142439234439    
 -0.1249707050266290    
 -0.1275097736506845    
 -0.1300310081527873    
 -0.1325339677807116    
 -0.1350182127528791    
 -0.1374833043333394    
 -0.1399288049154750    
 -0.1423542781147107    
 -0.1447592888561038    
 -0.1471434034548293    
 -0.1495061897042932    
 -0.1518472169762695    
 -0.1541660563187155    
 -0.1564622805451001    
 -0.1587354643295669    
 -0.1609851843166807    
 -0.1632110192327922    
 -0.1654125499885999    
 -0.1675893597846903    
 -0.1697410342324250    
 -0.1718671614808598    
 -0.1739673323369562    
 -0.1760411403867685    
 -0.1780881821307463    
 -0.1801080571274029    
 -0.1821003681329195    
 -0.1840647212417272    
 -0.1860007260405055    
 -0.1879079957715554    
 -0.1897861474935185    
 -0.1916348022431407    
 -0.1934535852103121    
 -0.1952421259234496    
 -0.1970000584330627    
 -0.1987270214958445    
 -0.2004226587713942    
 -0.2020866190297760    
 -0.2037185563577883    
 -0.2053181303651333    
 -0.2068850064023240    
 -0.2084188557891460    
 -0.2099193560412566    
 -0.2113861910952164    
 -0.2128190515440755    
 -0.2142176348831171    
 -0.2155816457525412    
 -0.2169107961758716    
 -0.2182048058065129    
 -0.2194634021834396    
 -0.2206863209823871    
 -0.2218733062595044    
 -0.2230241106996995    
 -0.2241384958719990    
 -0.2252162324781271    
 -0.2262571005895531    
 -0.2272608898850610    
 -0.2282273998926980    
 -0.2291564402222537    
 -0.2300478307815130    
 -0.2309014019878382    
 -0.2317169949807760    
 -0.2324944618224807    
 -0.2332336656773330    
 -0.2339344809813506    
 -0.2345967936086724    
 -0.2352205010229334    
 -0.2358055124035801    
 -0.2363517487568748    
 -0.2368591430203082    
 -0.2373276401492401    
 -0.2377571971746775    
 -0.2381477832414722    
 -0.2384993796374355    
 -0.2388119798030654    
 -0.2390855893091490    
 -0.2393202258110896    
 -0.2395159189933063    
 -0.2396727104951739    
 -0.2397906538034968    
 -0.2398698141187051    
 -0.2399102682111023    
 -0.2399121042617018    
 -0.2398754216706949    
 -0.2398003308381301    
 -0.2396869529360472    
 -0.2395354196709412    
 -0.2393458730177276    
 -0.2391184649252447    
 -0.2388533570145364    
 -0.2385507202751378    
 -0.2382107347404703    
 -0.2378335891360430    
 -0.2374194805211074    
 -0.2369686139363483    
 -0.2364812020413841    
 -0.2359574647286050    
 -0.2353976287297777    
 -0.2348019272353291    
 -0.2341705995168417    
 -0.2335038905329948    
 -0.2328020505261263    
 -0.2320653346335237    
 -0.2312940025152088    
 -0.2304883179772130    
 -0.2296485485849745    
 -0.2287749652881655    
 -0.2278678420706772    
 -0.2269274556108227    
 -0.2259540849352051    
 -0.2249480110773818    
 -0.2239095167632739    
 -0.2228388861211716    
 -0.2217364043945817    
 -0.2206023576531333    
 -0.2194370325230163    
 -0.2182407159509445    
 -0.2170136949856334    
 -0.2157562565565670    
 -0.2144686872590916    
 -0.2131512731705389    
 -0.2118042996978748    
 -0.2104280514316850    
 -0.2090228119963011    
 -0.2075888639176264    
 -0.2061264885267890    
 -0.2046359658842818    
 -0.2031175747004403    
 -0.2015715922580406    
 -0.1999982943621268    
 -0.1983979553197661    
 -0.1967708479260284    
 -0.1951172434445230    
 -0.1934374115996629    
 -0.1917316205964048    
 -0.1900001371564773    
 -0.1882432265525429    
 -0.1864611526429256    
 -0.1846541779228750    
 -0.1828225635943062    
 -0.1809665696402351    
 -0.1790864548972138    
 -0.1771824771343034    
 -0.1752548931457889    
 -0.1733039588517665    
 -0.1713299293980470    
 -0.1693330592569978    
 -0.1673136023363208    
 -0.1652718120955636    
 -0.1632079416631634    
 -0.1611222439511510    
 -0.1590149717728057    
 -0.1568863779672016    
 -0.1547367155258945    
 -0.1525662377150696    
 -0.1503751981950047    
 -0.1481638511441066    
 -0.1459324513877778    
 -0.1436812545237394    
 -0.1414105170396989    
 -0.1391204964302029    
 -0.1368114513193098    
 -0.1344836415839956    
 -0.1321373284688261    
 -0.1297727746927685    
 -0.1273902445578354    
 -0.1249900040627359    
 -0.1225723210132341    
 -0.1201374651217841    
 -0.1176857081001388    
 -0.1152173237535817    
 -0.1127325880783175    
 -0.1102317793549286    
 -0.1077151782316174    
 -0.1051830677994070    
 -0.1026357336669832    
 -0.1000734640384083    
 -0.9749654978777894E-01
 -0.9490528452338615E-01
 -0.9229996464313572E-01
 -0.8968088938983554E-01
 -0.8704836090864942E-01
 -0.8440268429911146E-01
 -0.8174416765676057E-01
 -0.7907312211023743E-01
 -0.7638986186000496E-01
 -0.7369470421399860E-01
 -0.7098796961309284E-01
 -0.6826998165035963E-01
 -0.6554106709315305E-01
 -0.6280155590567427E-01
 -0.6005178126073019E-01
 -0.5729207953946980E-01
 -0.5452279033164609E-01
 -0.5174425644333458E-01
 -0.4895682390175743E-01
 -0.4616084194474857E-01
 -0.4335666299923480E-01
 -0.4054464266404634E-01
 -0.3772513970155855E-01
 -0.3489851602545868E-01
 -0.3206513667235250E-01
 -0.2922536976261036E-01
 -0.2637958646680416E-01
 -0.2352816098239968E-01
 -0.2067147050621859E-01
 -0.1780989518930243E-01
 -0.1494381808256118E-01
 -0.1207362509212678E-01
 -0.9199704944865106E-02
 -0.6322449144280151E-02
 -0.3442251908007954E-02
 -0.5595101041686590E-03
  0.2325376797464251E-02
  0.5212006771261102E-02
  0.8099975298779372E-02
  0.1098887544387717E-01
  0.1387829791760953E-01
  0.1676783113059327E-01
  0.1965706125375816E-01
  0.2254557229617299E-01
  0.2543294618254960E-01
  0.2831876281688173E-01
  0.3120260014415416E-01
  0.3408403422571377E-01
  0.3696263932168664E-01
  0.3983798796458582E-01
  0.4270965102558844E-01
  0.4557719778768421E-01
  0.4844019602803845E-01
  0.5129821209780411E-01
  0.5415081099404562E-01
  0.5699755643216275E-01
  0.5983801092554764E-01
  0.6267173586730168E-01
  0.6549829160675702E-01
  0.6831723752281516E-01
  0.7112813210085611E-01
  0.7393053301376490E-01
  0.7672399720123657E-01
  0.7950808094451522E-01
  0.8228233994081768E-01
  0.8504632938186951E-01
  0.8779960403405962E-01
  0.9054171831483376E-01
  0.9327222636613497E-01
  0.9599068213081413E-01
  0.9869663943264073E-01
  0.1013896520535260    
  0.1040692738059352    
  0.1067350586074796    
  0.1093865605615345    
  0.1120233340367269    
  0.1146449337395332    
  0.1172509147869918    
  0.1198408327874732    
  0.1224142439234439    
  0.1249707050266290    
  0.1275097736506845    
  0.1300310081527873    
  0.1325339677807116    
  0.1350182127528791    
  0.1374833043333394    
  0.1399288049154750    
  0.1423542781147107    
  0.1447592888561038    
  0.1471434034548293    
  0.1495061897042932    
  0.1518472169762695    
  0.1541660563187155    
  0.1564622805451001    
  0.1587354643295669    
  0.1609851843166807    
  0.1632110192327922    
  0.1654125499885999    
  0.1675893597846903    
  0.1697410342324250    
  0.1718671614808598    
  0.1739673323369562    
  0.1760411403867685    
  0.1780881821307463    
  0.1801080571274029    
  0.1821003681329195    
  0.1840647212417272    
  0.1860007260405055    
  0.1879079957715554    
  0.1897861474935185    
  0.1916348022431407    
  0.1934535852103121    
  0.1952421259234496    
  0.1970000584330627    
  0.1987270214958445    
  0.2004226587713942    
  0.2020866190297760    
  0.2037185563577883    
  0.2053181303651333    
  0.2068850064023240    
  0.2084188557891460    
  0.2099193560412566    
  0.2113861910952164    
  0.2128190515440755    
  0.2142176348831171    
  0.2155816457525412    
  0.2169107961758716    
  0.2182048058065129    
  0.2194634021834396    
  0.2206863209823871    
  0.2218733062595044    
  0.2230241106996995    
  0.2241384958719990    
  0.2252162324781271    
  0.2262571005895531    
  0.2272608898850610    
  0.2282273998926980    
  0.2291564402222537    
  0.2300478307815130    
  0.2309014019878382    
  0.2317169949807760    
  0.2324944618224807    
  0.2332336656773330    
  0.2339344809813506    
  0.2345967936086724    
  0.2352205010229334    
  0.2358055124035801    
  0.2363517487568748    
  0.2368591430203082    
  0.2373276401492401    
  0.2377571971746775    
  0.2381477832414722    
  0.2384993796374355    
  0.2388119798030654    
  0.2390855893091490    
  0.2393202258110896    
  0.2395159189933063    
  0.2396727104951739    
  0.2397906538034968    
  0.2398698141187051    
  0.2399102682111023    
  0.2399121042617018    
  0.2398754216706949    
  0.2398003308381301    
  0.2396869529360472    
  0.2395354196709412    
  0.2393458730177276    
  0.2391184649252447    
  0.2388533570145364    
  0.2385507202751378    
  0.2382107347404703    
  0.2378335891360430    
  0.2374194805211074    
  0.2369686139363483    
  0.2364812020413841    
  0.2359574647286050    
  0.2353976287297777    
  0.2348019272353291    
  0.2341705995168417    
  0.2335038905329948    
  0.2328020505261263    
  0.2320653346335237    
  0.2312940025152088    
  0.2304883179772130    
  0.2296485485849745    
  0.2287749652881655    
  0.2278678420706772    
  0.2269274556108227    
  0.2259540849352051    
  0.2249480110773818    
  0.2239095167632739    
  0.2228388861211716    
  0.2217364043945817    
  0.2206023576531333    
  0.2194370325230163    
  0.2182407159509445    
  0.2170136949856334    
  0.2157562565565670    
  0.2144686872590916    
  0.2131512731705389    
  0.2118042996978748    
  0.2104280514316850    
  0.2090228119963011    
  0.2075888639176264    
  0.2061264885267890    
  0.2046359658842818    
  0.2031175747004403    
  0.2015715922580406    
  0.1999982943621268    
  0.1983979553197661    
  0.1967708479260284    
  0.1951172434445230    
  0.1934374115996629    
  0.1917316205964048    
  0.1900001371564773    
  0.1882432265525429    
  0.1864611526429256    
  0.1846541779228750    
  0.1828225635943062    
  0.1809665696402351    
  0.1790864548972138    
  0.1771824771343034    
  0.1752548931457889    
  0.1733039588517665    
  0.1713299293980470    
  0.1693330592569978    
  0.1673136023363208    
  0.1652718120955636    
  0.1632079416631634    
  0.1611222439511510    
  0.1590149717728057    
  0.1568863779672016    
  0.1547367155258945    
  0.1525662377150696    
  0.1503751981950047    
  0.1481638511441066    
  0.1459324513877778    
  0.1436812545237394    
  0.1414105170396989    
  0.1391204964302029    
  0.1368114513193098    
  0.1344836415839956    
  0.1321373284688261    
  0.1297727746927685    
  0.1273902445578354    
  0.1249900040627359    
  0.1225723210132341    
  0.1201374651217841    
  0.1176857081001388    
  0.1152173237535817    
  0.1127325880783175    
  0.1102317793549286    
  0.1077151782316174    
  0.1051830677994070    
  0.1026357336669832    
  0.1000734640384083    
  0.9749654978777894E-01
  0.9490528452338615E-01
  0.9229996464313572E-01
  0.8968088938983554E-01
  0.8704836090864942E-01
  0.8440268429911146E-01
