  0.5888001902774558    
  0.5892826320633682    
  0.5897511598888203    
  0.5902059139898798    
  0.5906470312860079    
  0.5910746453904363    
  0.5914888866216329    
  0.5918898820158063    
  0.5922777553404041    
  0.5926526271085562    
  0.5930146145944142    
  0.5933638318493442    
  0.5937003897189322    
  0.5940243958607579    
  0.5943359547628940    
  0.5946351677630962    
  0.5949221330686455    
  0.5951969457768009    
  0.5954596978958372    
  0.5957104783666173    
  0.5959493730846837    
  0.5961764649228195    
  0.5963918337540618    
  0.5965955564751239    
  0.5967877070302112    
  0.5969683564351905    
  0.5971375728020946    
  0.5972954213639300    
  0.5974419644997675    
  0.5975772617600913    
  0.5977013698923798    
  0.5978143428668971    
  0.5979162319026810    
  0.5980070854936916    
  0.5980869494351173    
  0.5981558668498033    
  0.5982138782147998    
  0.5982610213880012    
  0.5982973316348650    
  0.5983228416551901    
  0.5983375816099459    
  0.5983415791481305    
  0.5983348594336495    
  0.5983174451721953    
  0.5982893566381231    
  0.5982506117013040    
  0.5982012258539460    
  0.5981412122373724    
  0.5980705816687482    
  0.5979893426677413    
  0.5978975014831122    
  0.5977950621192193    
  0.5976820263624365    
  0.5975583938074684    
  0.5974241618835605    
  0.5972793258805913    
  0.5971238789750457    
  0.5969578122558584    
  0.5967811147501225    
  0.5965937734486589    
  0.5963957733314394    
  0.5961870973928614    
  0.5959677266668634    
  0.5957376402518814    
  0.5954968153356434    
  0.5952452272197915    
  0.5949828493443320    
  0.5947096533119103    
  0.5944256089119054    
  0.5941306841443420    
  0.5938248452436165    
  0.5935080567020347    
  0.5931802812931600    
  0.5928414800949715    
  0.5924916125128229    
  0.5921306363022115    
  0.5917585075913450    
  0.5913751809035148    
  0.5909806091792655    
  0.5905747437983653    
  0.5901575346015753    
  0.5897289299122174    
  0.5892888765575381    
  0.5888373198898701    
  0.5883742038075896    
  0.5878994707758736    
  0.5874130618472497    
  0.5869149166819434    
  0.5864049735680256    
  0.5858831694413582    
  0.5853494399053373    
  0.5848037192504366    
  0.5842459404735543    
  0.5836760352971622    
  0.5830939341882579    
  0.5824995663771224    
  0.5818928598758846    
  0.5812737414968969    
  0.5806421368709163    
  0.5799979704650986    
  0.5793411656008084    
  0.5786716444712433    
  0.5779893281588783    
  0.5772941366527315    
  0.5765859888654542    
  0.5758648026502513    
  0.5751304948176291    
  0.5743829811519787    
  0.5736221764279960    
  0.5728479944269436    
  0.5720603479527548    
  0.5712591488479870    
  0.5704443080096252    
  0.5696157354047451    
  0.5687733400860306    
  0.5679170302071597    
  0.5670467130380561    
  0.5661622949800198    
  0.5652636815807321    
  0.5643507775491485    
  0.5634234867702812    
  0.5624817123198786    
  0.5615253564790045    
  0.5605543207485273    
  0.5595685058635238    
  0.5585678118076026    
  0.5575521378271526    
  0.5565213824455244    
  0.5554754434771523    
  0.5544142180416276    
  0.5533376025777164    
  0.5522454928573513    
  0.5511377839995882    
  0.5500143704845479    
  0.5488751461673419    
  0.5477200042919983    
  0.5465488375053942    
  0.5453615378712082    
  0.5441579968838894    
  0.5429381054826712    
  0.5417017540656215    
  0.5404488325037553    
  0.5391792301552032    
  0.5378928358794632    
  0.5365895380517338    
  0.5352692245773532    
  0.5339317829063405    
  0.5325771000480664    
  0.5312050625860576    
  0.5298155566929558    
  0.5284084681456345    
  0.5269836823404970    
  0.5255410843089628    
  0.5240805587331605    
  0.5226019899618313    
  0.5211052620264706    
  0.5195902586577094    
  0.5180568633019631    
  0.5165049591383497    
  0.5149344290959067    
  0.5133451558711156    
  0.5117370219457605    
  0.5101099096051214    
  0.5084637009565397    
  0.5067982779483623    
  0.5051135223892879    
  0.5034093159681232    
  0.5016855402739819    
  0.4999420768169303    
  0.4981788070491124    
  0.4963956123863567    
  0.4945923742303012    
  0.4927689739910464    
  0.4909252931103683    
  0.4890612130855013    
  0.4871766154935244    
  0.4852713820163664    
  0.4833453944664616    
  0.4813985348130584    
  0.4794306852092216    
  0.4774417280195324    
  0.4754315458485268    
  0.4734000215698797    
  0.4713470383563743    
  0.4692724797106670    
  0.4671762294968879    
  0.4650581719730834    
  0.4629181918245503    
  0.4607561741980629    
  0.4585720047370344    
  0.4563655696176172    
  0.4541367555857827    
  0.4518854499953933    
  0.4496115408473114    
  0.4473149168295360    
  0.4449954673584391    
  0.4426530826210950    
  0.4402876536187506    
  0.4378990722114438    
  0.4354872311638074    
  0.4330520241920697    
  0.4305933460122889    
  0.4281110923898257    
  0.4256051601901037    
  0.4230754474306604    
  0.4205218533345353    
  0.4179442783849983    
  0.4153426243816627    
  0.4127167944979899    
  0.4100666933402249    
  0.4073922270077555    
  0.4046933031549437    
  0.4019698310544289    
  0.3992217216619407    
  0.3964488876826234    
  0.3936512436389063    
  0.3908287059399196    
  0.3879811929524914    
  0.3851086250737198    
  0.3822109248051588    
  0.3792880168286105    
  0.3763398280835491    
  0.3733662878461749    
  0.3703673278101168    
  0.3673428821687704    
  0.3642928876993025    
  0.3612172838482932    
  0.3581160128190623    
  0.3549890196606431    
  0.3518362523584261    
  0.3486576619264493    
  0.3454532025013478    
  0.3422228314379365    
  0.3389665094064217    
  0.3356842004912046    
  0.3323758722912898    
  0.3290414960222625    
  0.3256810466198309    
  0.3222945028448900    
  0.3188818473900938    
  0.3154430669878921    
  0.3119781525200088    
  0.3084870991282936    
  0.3049699063269373    
  0.3014265781159796    
  0.2978571230960823    
  0.2942615545844876    
  0.2906398907321255    
  0.2869921546417941    
  0.2833183744873701    
  0.2796185836339537    
  0.2758928207588917    
  0.2721411299735669    
  0.2683635609458890    
  0.2645601690233771    
  0.2607310153567656    
  0.2568761670240157    
  0.2529956971546697    
  0.2490896850543658    
  0.2451582163294765    
  0.2412013830116742    
  0.2372192836823324    
  0.2332120235966098    
  0.2291797148071140    
  0.2251224762869894    
  0.2210404340523034    
  0.2169337212835383    
  0.2128024784460443    
  0.2086468534092517    
  0.2044670015645012    
  0.2002630859413111    
  0.1960352773219461    
  0.1917837543540797    
  0.1875087036613666    
  0.1832103199516638    
  0.1788888061227354    
  0.1745443733652115    
  0.1701772412626388    
  0.1657876378883990    
  0.1613757998993029    
  0.1569419726256026    
  0.1524864101571930    
  0.1480093754257236    
  0.1435111402824273    
  0.1389919855714431    
  0.1344522011984425    
  0.1298920861942884    
  0.1253119487734742    
  0.1207121063870550    
  0.1160928857698714    
  0.1114546229817935    
  0.1067976634428131    
  0.1021223619616938    
  0.9742908275797452E-01
  0.9271819947704664E-01
  0.8799009519808519E-01
  0.8324516243457550E-01
  0.7848380312725242E-01
  0.7370642862920850E-01
  0.6891345968297853E-01
  0.6410532638934255E-01
  0.5928246816766371E-01
  0.5444533370755359E-01
  0.4959438091169617E-01
  0.4473007682962072E-01
  0.3985289758227689E-01
  0.3496332827722919E-01
  0.3006186291436946E-01
  0.2514900428194885E-01
  0.2022526384280358E-01
  0.1529116161063334E-01
  0.1034722601628693E-01
  0.5393993763984559E-02
  0.4320096774368184E-03
 -0.4538173464261938E-02
 -0.9515995101021664E-02
 -0.1450088707650301E-01
 -0.1949227383316249E-01
 -0.2448957261752780E-01
 -0.2949219369560683E-01
 -0.3449954057845121E-01
 -0.3951101025786324E-01
 -0.4452599345225376E-01
 -0.4954387486241078E-01
 -0.5456403343700028E-01
 -0.5958584264757234E-01
 -0.6460867077299029E-01
 -0.6963188119315900E-01
 -0.7465483269188118E-01
 -0.7967687976850017E-01
 -0.8469737295800389E-01
 -0.8971565915927074E-01
 -0.9473108197126391E-01
 -0.9974298203691384E-01
 -0.1047506973943557    
 -0.1097535638350418    
 -0.1147509152682987    
 -0.1197420840919258    
 -0.1247264015685444    
 -0.1297031982072516    
 -0.1346718041501066    
 -0.1396315495628718    
 -0.1445817650295436    
 -0.1495217819502181    
 -0.1544509329418510    
 -0.1593685522413136    
 -0.1642739761101579    
 -0.1691665432404945    
 -0.1740455951615309    
 -0.1789104766462504    
 -0.1837605361176504    
 -0.1885951260538598    
 -0.1934136033915451    
 -0.1982153299270432    
 -0.2029996727147544    
 -0.2077660044621613    
 -0.2125137039208896    
 -0.2172421562731665    
 -0.2219507535131544    
 -0.2266388948226112    
 -0.2313059869403627    
 -0.2359514445249988    
 -0.2405746905102711    
 -0.2451751564526396    
 -0.2497522828704942    
 -0.2543055195745487    
 -0.2588343259889596    
 -0.2633381714627097    
 -0.2678165355708442    
 -0.2722689084050943    
 -0.2766947908535058    
 -0.2810936948686527    
 -0.2854651437241567    
 -0.2898086722591932    
 -0.2941238271106974    
 -0.2984101669329285    
 -0.3026672626041382    
 -0.3068946974201103    
 -0.3110920672744537    
 -0.3152589808254536    
 -0.3193950596493396    
 -0.3234999383797831    
 -0.3275732648335546    
 -0.3316147001222950    
 -0.3356239187504308    
 -0.3396006086991785    
 -0.3435444714966732    
 -0.3474552222741570    
 -0.3513325898083693    
 -0.3551763165502421    
 -0.3589861586400677    
 -0.3627618859092439    
 -0.3665032818687448    
 -0.3702101436844739    
 -0.3738822821397465    
 -0.3775195215851450    
 -0.3811216998760146    
 -0.3846886682978317    
 -0.3882202914797266    
 -0.3917164472964455    
 -0.3951770267591155    
 -0.3986019338951441    
 -0.4019910856176271    
 -0.4053444115845663    
 -0.4086618540482811    
 -0.4119433676953714    
 -0.4151889194776536    
 -0.4183984884344664    
 -0.4215720655067687    
 -0.4247096533434071    
 -0.4278112660999733    
 -0.4308769292306440    
 -0.4339066792734477    
 -0.4369005636293799    
 -0.4398586403357960    
 -0.4427809778344791    
 -0.4456676547348046    
 -0.4485187595723967    
 -0.4513343905637284    
 -0.4541146553570389    
 -0.4568596707800066    
 -0.4595695625845387    
 -0.4622444651890820    
 -0.4648845214188143    
 -0.4674898822441146    
 -0.4700607065176652    
 -0.4725971607105683    
 -0.4750994186477998    
 -0.4775676612433532    
 -0.4800020762353797    
 -0.4824028579216507    
 -0.4847702068956450    
 -0.4871043297835709    
 -0.4894054389825971    
 -0.4916737524005837    
 -0.4939094931975466    
 -0.4961128895291195    
 -0.4982841742922378    
 -0.5004235848732833    
 -0.5025313628988926    
 -0.5046077539896503    
 -0.5066530075168371    
 -0.5086673763624320    
 -0.5106511166825102    
 -0.5126044876742126    
 -0.5145277513464162    
 -0.5164211722942531    
 -0.5182850174775911    
 -0.5201195560036049    
 -0.5219250589135117    
 -0.5237017989735997    
 -0.5254500504705848    
 -0.5271700890114063    
 -0.5288621913275018    
 -0.5305266350836335    
 -0.5321636986912951    
 -0.5337736611267535    
 -0.5353568017537349    
 -0.5369134001507918    
 -0.5384437359433492    
 -0.5399480886404475    
 -0.5414267374761751    
 -0.5428799612557896    
 -0.5443080382065105    
 -0.5457112458329706    
 -0.5470898607772898    
 -0.5484441586837597    
 -0.5497744140680799    
 -0.5510809001911260    
 -0.5523638889371937    
 -0.5536236506966817    
 -0.5548604542531490    
 -0.5560745666747091    
 -0.5572662532096813    
 -0.5584357771864571    
 -0.5595833999175003    
 -0.5607093806074280    
 -0.5618139762650929    
 -0.5628974416196053    
 -0.5639600290402147    
 -0.5650019884599846    
 -0.5660235673031742    
 -0.5670250104162662    
 -0.5680065600025407    
 -0.5689684555601372    
 -0.5699109338235069    
 -0.5708342287081923    
 -0.5717385712588359    
 -0.5726241896003578    
 -0.5734913088922032    
 -0.5743401512855981    
 -0.5751709358837105    
 -0.5759838787046586    
 -0.5767791926472711    
 -0.5775570874595268    
 -0.5783177697095917    
 -0.5790614427593799    
 -0.5797883067405531    
 -0.5804985585329001    
 -0.5811923917449978    
 -0.5818699966971012    
 -0.5825315604061734    
 -0.5831772665729940    
 -0.5838072955712634    
 -0.5844218244386445    
 -0.5850210268696603    
 -0.5856050732103953    
 -0.5861741304549175    
 -0.5867283622433724    
 -0.5872679288616730    
 -0.5877929872427327    
 -0.5883036909691723    
 -0.5888001902774558    
 -0.5892826320633682    
 -0.5897511598888203    
 -0.5902059139898798    
 -0.5906470312860079    
 -0.5910746453904363    
 -0.5914888866216329    
 -0.5918898820158063    
 -0.5922777553404041    
 -0.5926526271085562    
 -0.5930146145944142    
 -0.5933638318493442    
 -0.5937003897189322    
 -0.5940243958607579    
 -0.5943359547628940    
 -0.5946351677630962    
 -0.5949221330686455    
 -0.5951969457768009    
 -0.5954596978958372    
 -0.5957104783666173    
 -0.5959493730846837    
 -0.5961764649228195    
 -0.5963918337540618    
 -0.5965955564751239    
 -0.5967877070302112    
 -0.5969683564351905    
 -0.5971375728020946    
 -0.5972954213639300    
 -0.5974419644997675    
 -0.5975772617600913    
 -0.5977013698923798    
 -0.5978143428668971    
 -0.5979162319026810    
 -0.5980070854936916    
 -0.5980869494351173    
 -0.5981558668498033    
 -0.5982138782147998    
 -0.5982610213880012    
 -0.5982973316348650    
 -0.5983228416551901    
 -0.5983375816099459    
 -0.5983415791481305    
 -0.5983348594336495    
 -0.5983174451721953    
 -0.5982893566381231    
 -0.5982506117013040    
 -0.5982012258539460    
 -0.5981412122373724    
 -0.5980705816687482    
 -0.5979893426677413    
 -0.5978975014831122    
 -0.5977950621192193    
 -0.5976820263624365    
 -0.5975583938074684    
 -0.5974241618835605    
 -0.5972793258805913    
 -0.5971238789750457    
 -0.5969578122558584    
 -0.5967811147501225    
 -0.5965937734486589    
 -0.5963957733314394    
 -0.5961870973928614    
 -0.5959677266668634    
 -0.5957376402518814    
 -0.5954968153356434    
 -0.5952452272197915    
 -0.5949828493443320    
 -0.5947096533119103    
 -0.5944256089119054    
 -0.5941306841443420    
 -0.5938248452436165    
 -0.5935080567020347    
 -0.5931802812931600    
 -0.5928414800949715    
 -0.5924916125128229    
 -0.5921306363022115    
 -0.5917585075913450    
 -0.5913751809035148    
 -0.5909806091792655    
 -0.5905747437983653    
 -0.5901575346015753    
 -0.5897289299122174    
 -0.5892888765575381    
 -0.5888373198898701    
 -0.5883742038075896    
 -0.5878994707758736    
 -0.5874130618472497    
 -0.5869149166819434    
 -0.5864049735680256    
 -0.5858831694413582    
 -0.5853494399053373    
 -0.5848037192504366    
 -0.5842459404735543    
 -0.5836760352971622    
 -0.5830939341882579    
 -0.5824995663771224    
 -0.5818928598758846    
 -0.5812737414968969    
 -0.5806421368709163    
 -0.5799979704650986    
 -0.5793411656008084    
 -0.5786716444712433    
 -0.5779893281588783    
 -0.5772941366527315    
 -0.5765859888654542    
 -0.5758648026502513    
 -0.5751304948176291    
 -0.5743829811519787    
 -0.5736221764279960    
 -0.5728479944269436    
 -0.5720603479527548    
 -0.5712591488479870    
 -0.5704443080096252    
 -0.5696157354047451    
 -0.5687733400860306    
 -0.5679170302071597    
 -0.5670467130380561    
 -0.5661622949800198    
 -0.5652636815807321    
 -0.5643507775491485    
 -0.5634234867702812    
 -0.5624817123198786    
 -0.5615253564790045    
 -0.5605543207485273    
 -0.5595685058635238    
 -0.5585678118076026    
 -0.5575521378271526    
 -0.5565213824455244    
 -0.5554754434771523    
 -0.5544142180416276    
 -0.5533376025777164    
 -0.5522454928573513    
 -0.5511377839995882    
 -0.5500143704845479    
 -0.5488751461673419    
 -0.5477200042919983    
 -0.5465488375053942    
 -0.5453615378712082    
 -0.5441579968838894    
 -0.5429381054826712    
 -0.5417017540656215    
 -0.5404488325037553    
 -0.5391792301552032    
 -0.5378928358794632    
 -0.5365895380517338    
 -0.5352692245773532    
 -0.5339317829063405    
 -0.5325771000480664    
 -0.5312050625860576    
 -0.5298155566929558    
 -0.5284084681456345    
 -0.5269836823404970    
 -0.5255410843089628    
 -0.5240805587331605    
 -0.5226019899618313    
 -0.5211052620264706    
 -0.5195902586577094    
 -0.5180568633019631    
 -0.5165049591383497    
 -0.5149344290959067    
 -0.5133451558711156    
 -0.5117370219457605    
 -0.5101099096051214    
 -0.5084637009565397    
 -0.5067982779483623    
 -0.5051135223892879    
 -0.5034093159681232    
 -0.5016855402739819    
 -0.4999420768169303    
 -0.4981788070491124    
 -0.4963956123863567    
 -0.4945923742303012    
 -0.4927689739910464    
 -0.4909252931103683    
 -0.4890612130855013    
 -0.4871766154935244    
 -0.4852713820163664    
 -0.4833453944664616    
 -0.4813985348130584    
 -0.4794306852092216    
 -0.4774417280195324    
 -0.4754315458485268    
 -0.4734000215698797    
 -0.4713470383563743    
 -0.4692724797106670    
 -0.4671762294968879    
 -0.4650581719730834    
 -0.4629181918245503    
 -0.4607561741980629    
 -0.4585720047370344    
 -0.4563655696176172    
 -0.4541367555857827    
 -0.4518854499953933    
 -0.4496115408473114    
 -0.4473149168295360    
 -0.4449954673584391    
 -0.4426530826210950    
 -0.4402876536187506    
 -0.4378990722114438    
 -0.4354872311638074    
 -0.4330520241920697    
 -0.4305933460122889    
 -0.4281110923898257    
 -0.4256051601901037    
 -0.4230754474306604    
 -0.4205218533345353    
 -0.4179442783849983    
 -0.4153426243816627    
 -0.4127167944979899    
 -0.4100666933402249    
 -0.4073922270077555    
 -0.4046933031549437    
 -0.4019698310544289    
 -0.3992217216619407    
 -0.3964488876826234    
 -0.3936512436389063    
 -0.3908287059399196    
 -0.3879811929524914    
 -0.3851086250737198    
 -0.3822109248051588    
 -0.3792880168286105    
 -0.3763398280835491    
 -0.3733662878461749    
 -0.3703673278101168    
 -0.3673428821687704    
 -0.3642928876993025    
 -0.3612172838482932    
 -0.3581160128190623    
 -0.3549890196606431    
 -0.3518362523584261    
 -0.3486576619264493    
 -0.3454532025013478    
 -0.3422228314379365    
 -0.3389665094064217    
 -0.3356842004912046    
 -0.3323758722912898    
 -0.3290414960222625    
 -0.3256810466198309    
 -0.3222945028448900    
 -0.3188818473900938    
 -0.3154430669878921    
 -0.3119781525200088    
 -0.3084870991282936    
 -0.3049699063269373    
 -0.3014265781159796    
 -0.2978571230960823    
 -0.2942615545844876    
 -0.2906398907321255    
 -0.2869921546417941    
 -0.2833183744873701    
 -0.2796185836339537    
 -0.2758928207588917    
 -0.2721411299735669    
 -0.2683635609458890    
 -0.2645601690233771    
 -0.2607310153567656    
 -0.2568761670240157    
 -0.2529956971546697    
 -0.2490896850543658    
 -0.2451582163294765    
 -0.2412013830116742    
 -0.2372192836823324    
 -0.2332120235966098    
 -0.2291797148071140    
 -0.2251224762869894    
 -0.2210404340523034    
 -0.2169337212835383    
 -0.2128024784460443    
 -0.2086468534092517    
 -0.2044670015645012    
 -0.2002630859413111    
 -0.1960352773219461    
 -0.1917837543540797    
 -0.1875087036613666    
 -0.1832103199516638    
 -0.1788888061227354    
 -0.1745443733652115    
 -0.1701772412626388    
 -0.1657876378883990    
 -0.1613757998993029    
 -0.1569419726256026    
 -0.1524864101571930    
 -0.1480093754257236    
 -0.1435111402824273    
 -0.1389919855714431    
 -0.1344522011984425    
 -0.1298920861942884    
 -0.1253119487734742    
 -0.1207121063870550    
 -0.1160928857698714    
 -0.1114546229817935    
 -0.1067976634428131    
 -0.1021223619616938    
 -0.9742908275797452E-01
 -0.9271819947704664E-01
 -0.8799009519808519E-01
 -0.8324516243457550E-01
 -0.7848380312725242E-01
 -0.7370642862920850E-01
 -0.6891345968297853E-01
 -0.6410532638934255E-01
 -0.5928246816766371E-01
 -0.5444533370755359E-01
 -0.4959438091169617E-01
 -0.4473007682962072E-01
 -0.3985289758227689E-01
 -0.3496332827722919E-01
 -0.3006186291436946E-01
 -0.2514900428194885E-01
 -0.2022526384280358E-01
 -0.1529116161063334E-01
 -0.1034722601628693E-01
 -0.5393993763984559E-02
 -0.4320096774368184E-03
  0.4538173464261938E-02
  0.9515995101021664E-02
  0.1450088707650301E-01
  0.1949227383316249E-01
  0.2448957261752780E-01
  0.2949219369560683E-01
  0.3449954057845121E-01
  0.3951101025786324E-01
  0.4452599345225376E-01
  0.4954387486241078E-01
  0.5456403343700028E-01
  0.5958584264757234E-01
  0.6460867077299029E-01
  0.6963188119315900E-01
  0.7465483269188118E-01
  0.7967687976850017E-01
  0.8469737295800389E-01
  0.8971565915927074E-01
  0.9473108197126391E-01
  0.9974298203691384E-01
  0.1047506973943557    
  0.1097535638350418    
  0.1147509152682987    
  0.1197420840919258    
  0.1247264015685444    
  0.1297031982072516    
  0.1346718041501066    
  0.1396315495628718    
  0.1445817650295436    
  0.1495217819502181    
  0.1544509329418510    
  0.1593685522413136    
  0.1642739761101579    
  0.1691665432404945    
  0.1740455951615309    
  0.1789104766462504    
  0.1837605361176504    
  0.1885951260538598    
  0.1934136033915451    
  0.1982153299270432    
  0.2029996727147544    
  0.2077660044621613    
  0.2125137039208896    
  0.2172421562731665    
  0.2219507535131544    
  0.2266388948226112    
  0.2313059869403627    
  0.2359514445249988    
  0.2405746905102711    
  0.2451751564526396    
  0.2497522828704942    
  0.2543055195745487    
  0.2588343259889596    
  0.2633381714627097    
  0.2678165355708442    
  0.2722689084050943    
  0.2766947908535058    
  0.2810936948686527    
  0.2854651437241567    
  0.2898086722591932    
  0.2941238271106974    
  0.2984101669329285    
  0.3026672626041382    
  0.3068946974201103    
  0.3110920672744537    
  0.3152589808254536    
  0.3193950596493396    
  0.3234999383797831    
  0.3275732648335546    
  0.3316147001222950    
  0.3356239187504308    
  0.3396006086991785    
  0.3435444714966732    
  0.3474552222741570    
  0.3513325898083693    
  0.3551763165502421    
  0.3589861586400677    
  0.3627618859092439    
  0.3665032818687448    
  0.3702101436844739    
  0.3738822821397465    
  0.3775195215851450    
  0.3811216998760146    
  0.3846886682978317    
  0.3882202914797266    
  0.3917164472964455    
  0.3951770267591155    
  0.3986019338951441    
  0.4019910856176271    
  0.4053444115845663    
  0.4086618540482811    
  0.4119433676953714    
  0.4151889194776536    
  0.4183984884344664    
  0.4215720655067687    
  0.4247096533434071    
  0.4278112660999733    
  0.4308769292306440    
  0.4339066792734477    
  0.4369005636293799    
  0.4398586403357960    
  0.4427809778344791    
  0.4456676547348046    
  0.4485187595723967    
  0.4513343905637284    
  0.4541146553570389    
  0.4568596707800066    
  0.4595695625845387    
  0.4622444651890820    
  0.4648845214188143    
  0.4674898822441146    
  0.4700607065176652    
  0.4725971607105683    
  0.4750994186477998    
  0.4775676612433532    
  0.4800020762353797    
  0.4824028579216507    
  0.4847702068956450    
  0.4871043297835709    
  0.4894054389825971    
  0.4916737524005837    
  0.4939094931975466    
  0.4961128895291195    
  0.4982841742922378    
  0.5004235848732833    
  0.5025313628988926    
  0.5046077539896503    
  0.5066530075168371    
  0.5086673763624320    
  0.5106511166825102    
  0.5126044876742126    
  0.5145277513464162    
  0.5164211722942531    
  0.5182850174775911    
  0.5201195560036049    
  0.5219250589135117    
  0.5237017989735997    
  0.5254500504705848    
  0.5271700890114063    
  0.5288621913275018    
  0.5305266350836335    
  0.5321636986912951    
  0.5337736611267535    
  0.5353568017537349    
  0.5369134001507918    
  0.5384437359433492    
  0.5399480886404475    
  0.5414267374761751    
  0.5428799612557896    
  0.5443080382065105    
  0.5457112458329706    
  0.5470898607772898    
  0.5484441586837597    
  0.5497744140680799    
  0.5510809001911260    
  0.5523638889371937    
  0.5536236506966817    
  0.5548604542531490    
  0.5560745666747091    
  0.5572662532096813    
  0.5584357771864571    
  0.5595833999175003    
  0.5607093806074280    
  0.5618139762650929    
  0.5628974416196053    
  0.5639600290402147    
  0.5650019884599846    
  0.5660235673031742    
  0.5670250104162662    
  0.5680065600025407    
  0.5689684555601372    
  0.5699109338235069    
  0.5708342287081923    
  0.5717385712588359    
  0.5726241896003578    
  0.5734913088922032    
  0.5743401512855981    
  0.5751709358837105    
  0.5759838787046586    
  0.5767791926472711    
  0.5775570874595268    
  0.5783177697095917    
  0.5790614427593799    
  0.5797883067405531    
  0.5804985585329001    
  0.5811923917449978    
  0.5818699966971012    
  0.5825315604061734    
  0.5831772665729940    
  0.5838072955712634    
  0.5844218244386445    
  0.5850210268696603    
  0.5856050732103953    
  0.5861741304549175    
  0.5867283622433724    
  0.5872679288616730    
  0.5877929872427327    
  0.5883036909691723    
