  0.1580937682588985    
  0.1563921279143423    
  0.1546859388366024    
  0.1529752451120272    
  0.1512600906808117    
  0.1495405193449195    
  0.1478165747759836    
  0.1460883005231717    
  0.1443557400210236    
  0.1426189365972470    
  0.1408779334804791    
  0.1391327738079990    
  0.1373835006334030    
  0.1356301569342240    
  0.1338727856195059    
  0.1321114295373205    
  0.1303461314822343    
  0.1285769342027108    
  0.1268038804084572    
  0.1250270127777064    
  0.1232463739644363    
  0.1214620066055205    
  0.1196739533278126    
  0.1178822567551574    
  0.1160869595153344    
  0.1142881042469224    
  0.1124857336060927    
  0.1106798902733225    
  0.1088706169600331    
  0.1070579564151438    
  0.1052419514315490    
  0.1034226448525086    
  0.1016000795779601    
  0.9977429857073877E-01
  0.9794534486271855E-01
  0.9611326156085892E-01
  0.9427809185317160E-01
  0.9243987901459083E-01
  0.9059866641275954E-01
  0.8875449751371867E-01
  0.8690741588751255E-01
  0.8505746521369423E-01
  0.8320468928674396E-01
  0.8134913202138877E-01
  0.7949083745783375E-01
  0.7762984976689236E-01
  0.7576621325502697E-01
  0.7389997236928858E-01
  0.7203117170216622E-01
  0.7015985599633323E-01
  0.6828607014930338E-01
  0.6640985921798270E-01
  0.6453126842313162E-01
  0.6265034315372264E-01
  0.6076712897120573E-01
  0.5888167161366997E-01
  0.5699401699991441E-01
  0.5510421123341330E-01
  0.5321230060618948E-01
  0.5131833160258364E-01
  0.4942235090293279E-01
  0.4752440538714287E-01
  0.4562454213816935E-01
  0.4372280844539578E-01
  0.4181925180792034E-01
  0.3991391993773652E-01
  0.3800686076282589E-01
  0.3609812243014443E-01
  0.3418775330852131E-01
  0.3227580199145419E-01
  0.3036231729981348E-01
  0.2844734828444584E-01
  0.2653094422868835E-01
  0.2461315465078151E-01
  0.2269402930619457E-01
  0.2077361818984874E-01
  0.1885197153825602E-01
  0.1692913983155758E-01
  0.1500517379547461E-01
  0.1308012440316347E-01
  0.1115404287698496E-01
  0.9226980690175912E-02
  0.7298989568438718E-02
  0.5370121491433455E-02
  0.3440428694189146E-02
  0.1509963668421932E-02
 -0.4212208362315284E-03
 -0.2353071811068974E-02
 -0.4285535987258671E-02
 -0.6218559834866744E-02
 -0.8152089561962006E-02
 -0.1008607111380982E-01
 -0.1202045017214198E-01
 -0.1395517215451414E-01
 -0.1589018221373806E-01
 -0.1782542523739972E-01
 -0.1976084584744786E-01
 -0.2169638839986859E-01
 -0.2363199698442986E-01
 -0.2556761542450858E-01
 -0.2750318727698486E-01
 -0.2943865583221572E-01
 -0.3137396411407734E-01
 -0.3330905488008445E-01
 -0.3524387062157297E-01
 -0.3717835356396021E-01
 -0.3911244566706462E-01
 -0.4104608862550263E-01
 -0.4297922386914288E-01
 -0.4491179256363287E-01
 -0.4684373561098282E-01
 -0.4877499365021981E-01
 -0.5070550705809612E-01
 -0.5263521594986509E-01
 -0.5456406018011029E-01
 -0.5649197934364025E-01
 -0.5841891277643207E-01
 -0.6034479955663757E-01
 -0.6226957850564041E-01
 -0.6419318818917047E-01
 -0.6611556691846565E-01
 -0.6803665275149129E-01
 -0.6995638349420319E-01
 -0.7187469670186641E-01
 -0.7379152968041480E-01
 -0.7570681948786401E-01
 -0.7762050293576395E-01
 -0.7953251659070187E-01
 -0.8144279677584021E-01
 -0.8335127957250710E-01
 -0.8525790082181595E-01
 -0.8716259612633803E-01
 -0.8906530085180075E-01
 -0.9096595012883218E-01
 -0.9286447885473681E-01
 -0.9476082169531180E-01
 -0.9665491308669205E-01
 -0.9854668723723292E-01
 -0.1004360781294205    
 -0.1023230195218188    
 -0.1042074449510411    
 -0.1060892877337551    
 -0.1079684809687123    
 -0.1098449575388081    
 -0.1117186501131651    
 -0.1135894911492437    
 -0.1154574128949749    
 -0.1173223473909208    
 -0.1191842264724527    
 -0.1210429817719538    
 -0.1228985447210422    
 -0.1247508465528164    
 -0.1265998183041162    
 -0.1284453908178067    
 -0.1302874947450772    
 -0.1321260605477608    
 -0.1339610185006688    
 -0.1357922986939424    
 -0.1376198310354195    
 -0.1394435452530201    
 -0.1412633708971407    
 -0.1430792373430705    
 -0.1448910737934146    
 -0.1466988092805399    
 -0.1485023726690256    
 -0.1503016926581334    
 -0.1520966977842864    
 -0.1538873164235677    
 -0.1556734767942252    
 -0.1574551069591934    
 -0.1592321348286274    
 -0.1610044881624501    
 -0.1627720945729128    
 -0.1645348815271690    
 -0.1662927763498612    
 -0.1680457062257253    
 -0.1697935982022039    
 -0.1715363791920790    
 -0.1732739759761166    
 -0.1750063152057325    
 -0.1767333234056673    
 -0.1784549269766841    
 -0.1801710521982809    
 -0.1818816252314253    
 -0.1835865721213033    
 -0.1852858188000944    
 -0.1869792910897623    
 -0.1886669147048747    
 -0.1903486152554399    
 -0.1920243182497742    
 -0.1936939490973903    
 -0.1953574331119188    
 -0.1970146955140521    
 -0.1986656614345252    
 -0.2003102559171229    
 -0.2019484039217257    
 -0.2035800303273872    
 -0.2052050599354494    
 -0.2068234174726977    
 -0.2084350275945581    
 -0.2100398148883347    
 -0.2116377038764952    
 -0.2132286190199990    
 -0.2148124847216821    
 -0.2163892253296873    
 -0.2179587651409513    
 -0.2195210284047475    
 -0.2210759393262920    
 -0.2226234220704040    
 -0.2241634007652389    
 -0.2256957995060813    
 -0.2272205423592166    
 -0.2287375533658680    
 -0.2302467565462138    
 -0.2317480759034818    
 -0.2332414354281303    
 -0.2347267591021083    
 -0.2362039709032102    
 -0.2376729948095178    
 -0.2391337548039434    
 -0.2405861748788669    
 -0.2420301790408774    
 -0.2434656913156208    
 -0.2448926357527583    
 -0.2463109364310361    
 -0.2477205174634727    
 -0.2491213030026678    
 -0.2505132172462370    
 -0.2518961844423724    
 -0.2532701288955364    
 -0.2546349749722905    
 -0.2559906471072697    
 -0.2573370698092947    
 -0.2586741676676358    
 -0.2600018653584257    
 -0.2613200876512343    
 -0.2626287594157968    
 -0.2639278056289114    
 -0.2652171513814998    
 -0.2664967218858456    
 -0.2677664424830046    
 -0.2690262386503956    
 -0.2702760360095748    
 -0.2715157603342016    
 -0.2727453375581916    
 -0.2739646937840641    
 -0.2751737552914921    
 -0.2763724485460530    
 -0.2775607002081854    
 -0.2787384371423544    
 -0.2799055864264295    
 -0.2810620753612818    
 -0.2822078314805954    
 -0.2833427825609043    
 -0.2844668566318509    
 -0.2855799819866772    
 -0.2866820871929394    
 -0.2877731011034601    
 -0.2888529528675102    
 -0.2899215719422339    
 -0.2909788881043060    
 -0.2920248314618306    
 -0.2930593324664810    
 -0.2940823219258830    
 -0.2950937310162411    
 -0.2960934912952047    
 -0.2970815347149811    
 -0.2980577936356941    
 -0.2990222008389825    
 -0.2999746895418423    
 -0.3009151934107106    
 -0.3018436465757930    
 -0.3027599836456250    
 -0.3036641397218733    
 -0.3045560504143703    
 -0.3054356518563826    
 -0.3063028807201049    
 -0.3071576742323803    
 -0.3079999701906386    
 -0.3088297069790560    
 -0.3096468235849219    
 -0.3104512596152129    
 -0.3112429553133649    
 -0.3120218515762445    
 -0.3127878899713006    
 -0.3135410127538989    
 -0.3142811628848257    
 -0.3150082840479593    
 -0.3157223206680919    
 -0.3164232179288965    
 -0.3171109217910311    
 -0.3177853790103673    
 -0.3184465371563303    
 -0.3190943446303431    
 -0.3197287506843582    
 -0.3203497054394708    
 -0.3209571599045933    
 -0.3215510659951812    
 -0.3221313765519947    
 -0.3226980453598836    
 -0.3232510271665781    
 -0.3237902777014705    
 -0.3243157536943702    
 -0.3248274128942186    
 -0.3253252140877450    
 -0.3258091171180419    
 -0.3262790829030493    
 -0.3267350734539252    
 -0.3271770518932819    
 -0.3276049824732710    
 -0.3280188305934986    
 -0.3284185628187485    
 -0.3288041468964945    
 -0.3291755517741781    
 -0.3295327476162362    
 -0.3298757058208555    
 -0.3302043990364298    
 -0.3305188011777012    
 -0.3308188874415625    
 -0.3311046343225030    
 -0.3313760196276712    
 -0.3316330224915319    
 -0.3318756233901055    
 -0.3321038041547557    
 -0.3323175479855128    
 -0.3325168394639051    
 -0.3327016645652834    
 -0.3328720106706144    
 -0.3330278665777252    
 -0.3331692225119695    
 -0.3332960701363099    
 -0.3334084025607872    
 -0.3335062143513601    
 -0.3335895015380967    
 -0.3336582616227017    
 -0.3337124935853599    
 -0.3337521978908826    
 -0.3337773764941330    
 -0.3337880328447278    
 -0.3337841718909924    
 -0.3337658000831571    
 -0.3337329253757817    
 -0.3336855572293996    
 -0.3336237066113691    
 -0.3335473859959218    
 -0.3334566093633970    
 -0.3333513921986593    
 -0.3332317514886896    
 -0.3330977057193454    
 -0.3329492748712836    
 -0.3327864804150449    
 -0.3326093453052983    
 -0.3324178939742441    
 -0.3322121523241682    
 -0.3319921477191670    
 -0.3317579089760265    
 -0.3315094663542733    
 -0.3312468515453910    
 -0.3309700976612207    
 -0.3306792392215435    
 -0.3303743121408615    
 -0.3300553537143760    
 -0.3297224026031891    
 -0.3293754988187287    
 -0.3290146837064185    
 -0.3286399999285996    
 -0.3282514914467278    
 -0.3278492035028605    
 -0.3274331826004499    
 -0.3270034764844554    
 -0.3265601341208124    
 -0.3261032056752582    
 -0.3256327424915528    
 -0.3251487970691038    
 -0.3246514230400290    
 -0.3241406751456761    
 -0.3236166092126269    
 -0.3230792821282031    
 -0.3225287518155133    
 -0.3219650772080576    
 -0.3213883182239203    
 -0.3207985357395766    
 -0.3201957915633422    
 -0.3195801484084966    
 -0.3189516698661075    
 -0.3183104203775740    
 -0.3176564652069405    
 -0.3169898704129859    
 -0.3163107028211343    
 -0.3156190299952062    
 -0.3149149202090455    
 -0.3141984424180460    
 -0.3134696662306124    
 -0.3127286618795724    
 -0.3119755001935855    
 -0.3112102525685572    
 -0.3104329909391050    
 -0.3096437877500842    
 -0.3088427159282152    
 -0.3080298488538311    
 -0.3072052603327764    
 -0.3063690245684683    
 -0.3055212161341667    
 -0.3046619099454551    
 -0.3037911812329734    
 -0.3029091055154067    
 -0.3020157585727701    
 -0.3011112164199972    
 -0.3001955552808600    
 -0.2992688515622328    
 -0.2983311818287251    
 -0.2973826227776966    
 -0.2964232512146761    
 -0.2954531440291921    
 -0.2944723781710386    
 -0.2934810306269865    
 -0.2924791783979568    
 -0.2914668984766573    
 -0.2904442678257162    
 -0.2894113633562978    
 -0.2883682619072330    
 -0.2873150402246551    
 -0.2862517749421645    
 -0.2851785425615181    
 -0.2840954194338596    
 -0.2830024817414865    
 -0.2818998054801685    
 -0.2807874664420151    
 -0.2796655401989006    
 -0.2785341020864425    
 -0.2773932271885438    
 -0.2762429903224934    
 -0.2750834660246335    
 -0.2739147285365782    
 -0.2727368517920061    
 -0.2715499094040013    
 -0.2703539746529619    
 -0.2691491204750540    
 -0.2679354194512278    
 -0.2667129437967736    
 -0.2654817653514312    
 -0.2642419555700308    
 -0.2629935855136760    
 -0.2617367258414511    
 -0.2604714468026581    
 -0.2591978182295639    
 -0.2579159095306640    
 -0.2566257896844475    
 -0.2553275272336630    
 -0.2540211902800629    
 -0.2527068464796423    
 -0.2513845630383389    
 -0.2500544067082071    
 -0.2487164437840397    
 -0.2473707401004432    
 -0.2460173610293457    
 -0.2446563714779413    
 -0.2432878358870432    
 -0.2419118182298590    
 -0.2405283820111563    
 -0.2391375902668285    
 -0.2377395055638347    
 -0.2363341900005167    
 -0.2349217052072736    
 -0.2335021123475949    
 -0.2320754721194274    
 -0.2306418447568835    
 -0.2292012900322648    
 -0.2277538672584059    
 -0.2262996352913145    
 -0.2248386525331111    
 -0.2233709769352479    
 -0.2218966660020074    
 -0.2204157767942596    
 -0.2189283659334804    
 -0.2174344896060122    
 -0.2159342035675653    
 -0.2144275631479424    
 -0.2129146232559853    
 -0.2113954383847305    
 -0.2098700626167690    
 -0.2083385496297900    
 -0.2068009527023195    
 -0.2052573247196243    
 -0.2037077181797926    
 -0.2021521851999657    
 -0.2005907775227265    
 -0.1990235465226269    
 -0.1974505432128564    
 -0.1958718182520322    
 -0.1942874219511157    
 -0.1926974042804381    
 -0.1911018148768367    
 -0.1895007030508861    
 -0.1878941177942258    
 -0.1862821077869708    
 -0.1846647214052068    
 -0.1830420067285496    
 -0.1814140115477831    
 -0.1797807833725462    
 -0.1781423694390876    
 -0.1764988167180574    
 -0.1748501719223530    
 -0.1731964815149953    
 -0.1715377917170465    
 -0.1698741485155458    
 -0.1682055976714776    
 -0.1665321847277506    
 -0.1648539550171964    
 -0.1631709536705714    
 -0.1614832256245662    
 -0.1597908156298131    
 -0.1580937682588985    
 -0.1563921279143423    
 -0.1546859388366024    
 -0.1529752451120272    
 -0.1512600906808117    
 -0.1495405193449195    
 -0.1478165747759836    
 -0.1460883005231717    
 -0.1443557400210236    
 -0.1426189365972470    
 -0.1408779334804791    
 -0.1391327738079990    
 -0.1373835006334030    
 -0.1356301569342240    
 -0.1338727856195059    
 -0.1321114295373205    
 -0.1303461314822343    
 -0.1285769342027108    
 -0.1268038804084572    
 -0.1250270127777064    
 -0.1232463739644363    
 -0.1214620066055205    
 -0.1196739533278126    
 -0.1178822567551574    
 -0.1160869595153344    
 -0.1142881042469224    
 -0.1124857336060927    
 -0.1106798902733225    
 -0.1088706169600331    
 -0.1070579564151438    
 -0.1052419514315490    
 -0.1034226448525086    
 -0.1016000795779601    
 -0.9977429857073877E-01
 -0.9794534486271855E-01
 -0.9611326156085892E-01
 -0.9427809185317160E-01
 -0.9243987901459083E-01
 -0.9059866641275954E-01
 -0.8875449751371867E-01
 -0.8690741588751255E-01
 -0.8505746521369423E-01
 -0.8320468928674396E-01
 -0.8134913202138877E-01
 -0.7949083745783375E-01
 -0.7762984976689236E-01
 -0.7576621325502697E-01
 -0.7389997236928858E-01
 -0.7203117170216622E-01
 -0.7015985599633323E-01
 -0.6828607014930338E-01
 -0.6640985921798270E-01
 -0.6453126842313162E-01
 -0.6265034315372264E-01
 -0.6076712897120573E-01
 -0.5888167161366997E-01
 -0.5699401699991441E-01
 -0.5510421123341330E-01
 -0.5321230060618948E-01
 -0.5131833160258364E-01
 -0.4942235090293279E-01
 -0.4752440538714287E-01
 -0.4562454213816935E-01
 -0.4372280844539578E-01
 -0.4181925180792034E-01
 -0.3991391993773652E-01
 -0.3800686076282589E-01
 -0.3609812243014443E-01
 -0.3418775330852131E-01
 -0.3227580199145419E-01
 -0.3036231729981348E-01
 -0.2844734828444584E-01
 -0.2653094422868835E-01
 -0.2461315465078151E-01
 -0.2269402930619457E-01
 -0.2077361818984874E-01
 -0.1885197153825602E-01
 -0.1692913983155758E-01
 -0.1500517379547461E-01
 -0.1308012440316347E-01
 -0.1115404287698496E-01
 -0.9226980690175912E-02
 -0.7298989568438718E-02
 -0.5370121491433455E-02
 -0.3440428694189146E-02
 -0.1509963668421932E-02
  0.4212208362315284E-03
  0.2353071811068974E-02
  0.4285535987258671E-02
  0.6218559834866744E-02
  0.8152089561962006E-02
  0.1008607111380982E-01
  0.1202045017214198E-01
  0.1395517215451414E-01
  0.1589018221373806E-01
  0.1782542523739972E-01
  0.1976084584744786E-01
  0.2169638839986859E-01
  0.2363199698442986E-01
  0.2556761542450858E-01
  0.2750318727698486E-01
  0.2943865583221572E-01
  0.3137396411407734E-01
  0.3330905488008445E-01
  0.3524387062157297E-01
  0.3717835356396021E-01
  0.3911244566706462E-01
  0.4104608862550263E-01
  0.4297922386914288E-01
  0.4491179256363287E-01
  0.4684373561098282E-01
  0.4877499365021981E-01
  0.5070550705809612E-01
  0.5263521594986509E-01
  0.5456406018011029E-01
  0.5649197934364025E-01
  0.5841891277643207E-01
  0.6034479955663757E-01
  0.6226957850564041E-01
  0.6419318818917047E-01
  0.6611556691846565E-01
  0.6803665275149129E-01
  0.6995638349420319E-01
  0.7187469670186641E-01
  0.7379152968041480E-01
  0.7570681948786401E-01
  0.7762050293576395E-01
  0.7953251659070187E-01
  0.8144279677584021E-01
  0.8335127957250710E-01
  0.8525790082181595E-01
  0.8716259612633803E-01
  0.8906530085180075E-01
  0.9096595012883218E-01
  0.9286447885473681E-01
  0.9476082169531180E-01
  0.9665491308669205E-01
  0.9854668723723292E-01
  0.1004360781294205    
  0.1023230195218188    
  0.1042074449510411    
  0.1060892877337551    
  0.1079684809687123    
  0.1098449575388081    
  0.1117186501131651    
  0.1135894911492437    
  0.1154574128949749    
  0.1173223473909208    
  0.1191842264724527    
  0.1210429817719538    
  0.1228985447210422    
  0.1247508465528164    
  0.1265998183041162    
  0.1284453908178067    
  0.1302874947450772    
  0.1321260605477608    
  0.1339610185006688    
  0.1357922986939424    
  0.1376198310354195    
  0.1394435452530201    
  0.1412633708971407    
  0.1430792373430705    
  0.1448910737934146    
  0.1466988092805399    
  0.1485023726690256    
  0.1503016926581334    
  0.1520966977842864    
  0.1538873164235677    
  0.1556734767942252    
  0.1574551069591934    
  0.1592321348286274    
  0.1610044881624501    
  0.1627720945729128    
  0.1645348815271690    
  0.1662927763498612    
  0.1680457062257253    
  0.1697935982022039    
  0.1715363791920790    
  0.1732739759761166    
  0.1750063152057325    
  0.1767333234056673    
  0.1784549269766841    
  0.1801710521982809    
  0.1818816252314253    
  0.1835865721213033    
  0.1852858188000944    
  0.1869792910897623    
  0.1886669147048747    
  0.1903486152554399    
  0.1920243182497742    
  0.1936939490973903    
  0.1953574331119188    
  0.1970146955140521    
  0.1986656614345252    
  0.2003102559171229    
  0.2019484039217257    
  0.2035800303273872    
  0.2052050599354494    
  0.2068234174726977    
  0.2084350275945581    
  0.2100398148883347    
  0.2116377038764952    
  0.2132286190199990    
  0.2148124847216821    
  0.2163892253296873    
  0.2179587651409513    
  0.2195210284047475    
  0.2210759393262920    
  0.2226234220704040    
  0.2241634007652389    
  0.2256957995060813    
  0.2272205423592166    
  0.2287375533658680    
  0.2302467565462138    
  0.2317480759034818    
  0.2332414354281303    
  0.2347267591021083    
  0.2362039709032102    
  0.2376729948095178    
  0.2391337548039434    
  0.2405861748788669    
  0.2420301790408774    
  0.2434656913156208    
  0.2448926357527583    
  0.2463109364310361    
  0.2477205174634727    
  0.2491213030026678    
  0.2505132172462370    
  0.2518961844423724    
  0.2532701288955364    
  0.2546349749722905    
  0.2559906471072697    
  0.2573370698092947    
  0.2586741676676358    
  0.2600018653584257    
  0.2613200876512343    
  0.2626287594157968    
  0.2639278056289114    
  0.2652171513814998    
  0.2664967218858456    
  0.2677664424830046    
  0.2690262386503956    
  0.2702760360095748    
  0.2715157603342016    
  0.2727453375581916    
  0.2739646937840641    
  0.2751737552914921    
  0.2763724485460530    
  0.2775607002081854    
  0.2787384371423544    
  0.2799055864264295    
  0.2810620753612818    
  0.2822078314805954    
  0.2833427825609043    
  0.2844668566318509    
  0.2855799819866772    
  0.2866820871929394    
  0.2877731011034601    
  0.2888529528675102    
  0.2899215719422339    
  0.2909788881043060    
  0.2920248314618306    
  0.2930593324664810    
  0.2940823219258830    
  0.2950937310162411    
  0.2960934912952047    
  0.2970815347149811    
  0.2980577936356941    
  0.2990222008389825    
  0.2999746895418423    
  0.3009151934107106    
  0.3018436465757930    
  0.3027599836456250    
  0.3036641397218733    
  0.3045560504143703    
  0.3054356518563826    
  0.3063028807201049    
  0.3071576742323803    
  0.3079999701906386    
  0.3088297069790560    
  0.3096468235849219    
  0.3104512596152129    
  0.3112429553133649    
  0.3120218515762445    
  0.3127878899713006    
  0.3135410127538989    
  0.3142811628848257    
  0.3150082840479593    
  0.3157223206680919    
  0.3164232179288965    
  0.3171109217910311    
  0.3177853790103673    
  0.3184465371563303    
  0.3190943446303431    
  0.3197287506843582    
  0.3203497054394708    
  0.3209571599045933    
  0.3215510659951812    
  0.3221313765519947    
  0.3226980453598836    
  0.3232510271665781    
  0.3237902777014705    
  0.3243157536943702    
  0.3248274128942186    
  0.3253252140877450    
  0.3258091171180419    
  0.3262790829030493    
  0.3267350734539252    
  0.3271770518932819    
  0.3276049824732710    
  0.3280188305934986    
  0.3284185628187485    
  0.3288041468964945    
  0.3291755517741781    
  0.3295327476162362    
  0.3298757058208555    
  0.3302043990364298    
  0.3305188011777012    
  0.3308188874415625    
  0.3311046343225030    
  0.3313760196276712    
  0.3316330224915319    
  0.3318756233901055    
  0.3321038041547557    
  0.3323175479855128    
  0.3325168394639051    
  0.3327016645652834    
  0.3328720106706144    
  0.3330278665777252    
  0.3331692225119695    
  0.3332960701363099    
  0.3334084025607872    
  0.3335062143513601    
  0.3335895015380967    
  0.3336582616227017    
  0.3337124935853599    
  0.3337521978908826    
  0.3337773764941330    
  0.3337880328447278    
  0.3337841718909924    
  0.3337658000831571    
  0.3337329253757817    
  0.3336855572293996    
  0.3336237066113691    
  0.3335473859959218    
  0.3334566093633970    
  0.3333513921986593    
  0.3332317514886896    
  0.3330977057193454    
  0.3329492748712836    
  0.3327864804150449    
  0.3326093453052983    
  0.3324178939742441    
  0.3322121523241682    
  0.3319921477191670    
  0.3317579089760265    
  0.3315094663542733    
  0.3312468515453910    
  0.3309700976612207    
  0.3306792392215435    
  0.3303743121408615    
  0.3300553537143760    
  0.3297224026031891    
  0.3293754988187287    
  0.3290146837064185    
  0.3286399999285996    
  0.3282514914467278    
  0.3278492035028605    
  0.3274331826004499    
  0.3270034764844554    
  0.3265601341208124    
  0.3261032056752582    
  0.3256327424915528    
  0.3251487970691038    
  0.3246514230400290    
  0.3241406751456761    
  0.3236166092126269    
  0.3230792821282031    
  0.3225287518155133    
  0.3219650772080576    
  0.3213883182239203    
  0.3207985357395766    
  0.3201957915633422    
  0.3195801484084966    
  0.3189516698661075    
  0.3183104203775740    
  0.3176564652069405    
  0.3169898704129859    
  0.3163107028211343    
  0.3156190299952062    
  0.3149149202090455    
  0.3141984424180460    
  0.3134696662306124    
  0.3127286618795724    
  0.3119755001935855    
  0.3112102525685572    
  0.3104329909391050    
  0.3096437877500842    
  0.3088427159282152    
  0.3080298488538311    
  0.3072052603327764    
  0.3063690245684683    
  0.3055212161341667    
  0.3046619099454551    
  0.3037911812329734    
  0.3029091055154067    
  0.3020157585727701    
  0.3011112164199972    
  0.3001955552808600    
  0.2992688515622328    
  0.2983311818287251    
  0.2973826227776966    
  0.2964232512146761    
  0.2954531440291921    
  0.2944723781710386    
  0.2934810306269865    
  0.2924791783979568    
  0.2914668984766573    
  0.2904442678257162    
  0.2894113633562978    
  0.2883682619072330    
  0.2873150402246551    
  0.2862517749421645    
  0.2851785425615181    
  0.2840954194338596    
  0.2830024817414865    
  0.2818998054801685    
  0.2807874664420151    
  0.2796655401989006    
  0.2785341020864425    
  0.2773932271885438    
  0.2762429903224934    
  0.2750834660246335    
  0.2739147285365782    
  0.2727368517920061    
  0.2715499094040013    
  0.2703539746529619    
  0.2691491204750540    
  0.2679354194512278    
  0.2667129437967736    
  0.2654817653514312    
  0.2642419555700308    
  0.2629935855136760    
  0.2617367258414511    
  0.2604714468026581    
  0.2591978182295639    
  0.2579159095306640    
  0.2566257896844475    
  0.2553275272336630    
  0.2540211902800629    
  0.2527068464796423    
  0.2513845630383389    
  0.2500544067082071    
  0.2487164437840397    
  0.2473707401004432    
  0.2460173610293457    
  0.2446563714779413    
  0.2432878358870432    
  0.2419118182298590    
  0.2405283820111563    
  0.2391375902668285    
  0.2377395055638347    
  0.2363341900005167    
  0.2349217052072736    
  0.2335021123475949    
  0.2320754721194274    
  0.2306418447568835    
  0.2292012900322648    
  0.2277538672584059    
  0.2262996352913145    
  0.2248386525331111    
  0.2233709769352479    
  0.2218966660020074    
  0.2204157767942596    
  0.2189283659334804    
  0.2174344896060122    
  0.2159342035675653    
  0.2144275631479424    
  0.2129146232559853    
  0.2113954383847305    
  0.2098700626167690    
  0.2083385496297900    
  0.2068009527023195    
  0.2052573247196243    
  0.2037077181797926    
  0.2021521851999657    
  0.2005907775227265    
  0.1990235465226269    
  0.1974505432128564    
  0.1958718182520322    
  0.1942874219511157    
  0.1926974042804381    
  0.1911018148768367    
  0.1895007030508861    
  0.1878941177942258    
  0.1862821077869708    
  0.1846647214052068    
  0.1830420067285496    
  0.1814140115477831    
  0.1797807833725462    
  0.1781423694390876    
  0.1764988167180574    
  0.1748501719223530    
  0.1731964815149953    
  0.1715377917170465    
  0.1698741485155458    
  0.1682055976714776    
  0.1665321847277506    
  0.1648539550171964    
  0.1631709536705714    
  0.1614832256245662    
  0.1597908156298131    
