   3.032806161987184    
   3.040042221888187    
   3.047368177379872    
   3.054785031152611    
   3.062293790812793    
   3.069895423172294    
   3.077590823333410    
   3.085380809880506    
   3.093266129831672    
   3.101247474093443    
   3.109325522438911    
   3.117500998599879    
   3.125774683152645    
   3.134147379189783    
   3.142619884795346    
   3.151192997086374    
   3.159867507332591    
   3.168644159255666    
   3.177523608138539    
   3.186506424512736    
   3.195593126699557    
   3.204784195800424    
   3.214080061484869    
   3.223481091584488    
   3.232987618392320    
   3.242599987237250    
   3.252318565848535    
   3.262143676940684    
   3.272075509824391    
   3.282114104383282    
   3.292259402088540    
   3.302511263442077    
   3.312869428677349    
   3.323333531629614    
   3.333903213679107    
   3.344578189285938    
   3.355358115022123    
   3.366242354973411    
   3.377229869248480    
   3.388319296836014    
   3.399509116528110    
   3.410797784681562    
   3.422183826560104    
   3.433665826918702    
   3.445242251056084    
   3.456911163597456    
   3.468670037095077    
   3.480515773313752    
   3.492444901341093    
   3.504453837285911    
   3.516539060591535    
   3.528697048558261    
   3.540923936056697    
   3.553215121457902    
   3.565565133177345    
   3.577967846123049    
   3.590416843327385    
   3.602905638304954    
   3.615427577047408    
   3.627975411614104    
   3.640540785660091    
   3.653114051242139    
   3.665684623754112    
   3.678241545258688    
   3.690773674398351    
   3.703269300185712    
   3.715715526928013    
   3.728097890489939    
   3.740400379908966    
   3.752605751176135    
   3.764695854062512    
   3.776651629392575    
   3.788452642855685    
   3.800076486013419    
   3.811498572834167    
   3.822692430854910    
   3.833630013246133    
   3.844281564965971    
   3.854615097586174    
   3.864595881750822    
   3.874186237907312    
   3.883345579312543    
   3.892030458297397    
   3.900194381531300    
   3.907787384818669    
   3.914755613599034    
   3.921041108679966    
   3.926581651562477    
   3.931310381366692    
   3.935155210257006    
   3.938038354657293    
   3.939876098999240    
   3.940578544392915    
   3.940049119807786    
   3.938183927565707    
   3.934871083537247    
   3.929990080503099    
   3.923411135721412    
   3.914994483607592    
   3.904589550573641    
   3.892034043139656    
   3.877153141730035    
   3.859758816645246    
   3.839648857122100    
   3.816605312048905    
   3.790392785870353    
   3.760757268642667    
   3.727425324008169    
   3.690102770039964    
   3.648472632591057    
   3.602193107039540    
   3.550895937612434    
   3.494184620748467    
   3.431631949421643    
   3.362777441549081    
   3.287125278491234    
   3.204142313979141    
   3.113255336556532    
   3.013847727643243    
   2.905256334588121    
   2.786768763292754    
   2.657620579395307    
   2.516992188428970    
   2.364005680542854    
   2.197721775798610    
   2.017136763290757    
   1.821179620135793    
   1.608709683633658    
   1.378514829536807    
   1.129309898589747    
  0.8597356824181130    
  0.5683591854253367    
  0.2536753548677085    
 -0.8589003449085469E-01
 -0.4519761160764872    
 -0.8462802608598592    
  -1.270548167404469    
  -1.726560681925862    
  -2.216117465846791    
  -2.741016995359322    
  -3.303031818537038    
  -3.903877957423266    
  -4.545177756363744    
  -5.228416176478588    
  -5.954890905445080    
  -6.725656035194355    
  -7.541458259477898    
  -8.402665264776356    
  -9.309187933666353    
  -10.26039870494048    
  -11.25504738249536    
  -12.29117562746840    
  -13.36603378602966    
  -14.47600574939047    
  -15.61654667161343    
  -16.78213709058443    
  -17.96625875207979    
  -19.16140012551880    
  -20.35909847978419    
  -21.55002115734183    
  -22.72408668424027    
  -23.87062760683430    
  -24.97859623582695    
  -26.03680897941099    
  -27.03421894691948    
  -27.96020457019550    
  -28.80486242201948    
  -29.55929130541281    
  -30.21585251529930    
  -30.76839103137249    
  -31.21240473027159    
  -31.54515204540361    
  -31.76569301341803    
  -31.87486449692251    
  -31.87519482768102    
  -31.77076407415573    
  -31.56701684272033    
  -31.27053917947250    
  -30.88881679646233    
  -30.42999109485893    
  -29.90262202090767    
  -29.31546163538115    
  -28.67724507216935    
  -27.99650992872856    
  -27.28145168636157    
  -26.53981300573478    
  -25.77879928348012    
  -25.00501667103492    
  -24.22443479369662    
  -23.44237573581149    
  -22.66352431627752    
  -21.89195062544464    
  -21.13113872427592    
  -20.38402107966365    
  -19.65302021115458    
  -18.94009623138289    
  -18.24679590435063    
  -17.57429913157081    
  -16.92346157799885    
  -16.29485440804399    
  -15.68880229586122    
  -15.10541979590708    
  -14.54464517120632    
  -14.00627053449133    
  -13.48996768551940    
  -12.99530997482937    
  -12.52179122336338    
  -12.06884266429853    
  -11.63584826139139    
  -11.22215826498296    
  -10.82710078847981    
  -10.44999130539836    
  -10.09014012316642    
  -9.746858156806793    
  -9.419461585116704    
  -9.107275904988022    
  -8.809639525772614    
  -8.525906783594811    
  -8.255450299481618    
  -7.997662698141301    
  -7.751957674017596    
  -7.517770430870930    
  -7.294557726308801    
  -7.081797844156553    
  -6.878990610484987    
  -6.685657328920424    
  -6.501340529393297    
  -6.325603569485803    
  -6.158030133357244    
  -5.998223595719994    
  -5.845806260861196    
  -5.700418595338856    
  -5.561718549364847    
  -5.429380930613052    
  -5.303096744452908    
  -5.182572475335643    
  -5.067529329267653    
  -4.957702457618215    
  -4.852840206773602    
  -4.752703464467176    
  -4.657065122271965    
  -4.565709588079696    
  -4.478432279214984    
  -4.395039096082536    
  -4.315345904304460    
  -4.239178019366915    
  -4.166369675402219    
  -4.096763492228135    
  -4.030209969963919    
  -3.966567021096283    
  -3.905699543867110    
  -3.847479054022329    
  -3.791783379172231    
  -3.738496385798592    
  -3.687507707955565    
  -3.638712479682412    
  -3.592011081816826    
  -3.547308887396748    
  -3.504515983332515    
  -3.463546879422652    
  -3.424320238851731    
  -3.386758644817397    
  -3.350788390716048    
  -3.316339282215923    
  -3.283344452282817    
  -3.251740189205136    
  -3.221465772615521    
  -3.192463318691736    
  -3.164677640604049    
  -3.138056121450484    
  -3.112548590501912    
  -3.088107204119206    
  -3.064686342141409    
  -3.042242518748720    
  -3.020734290434873    
  -3.000122150279337    
  -2.980368417623097    
  -2.961437134363177    
  -2.943293963985494    
  -2.925906087165560    
  -2.909242103965283    
  -2.893271959019508    
  -2.877966890882869    
  -2.863299393937951    
  -2.849243186050144    
  -2.835773179537675    
  -2.822865445312650    
  -2.810497158935369    
  -2.798646532838549    
  -2.787292747930521    
  -2.776415886388604    
  -2.765996860126777    
  -2.756017343161902    
  -2.746459725450638    
  -2.737307089770333    
  -2.728543197232905    
  -2.720152476221465    
  -2.712120021201430    
  -2.704431596207670    
  -2.697073625498332    
  -2.690033167524346    
  -2.683297884000552    
  -2.676856004637721    
  -2.670696275229700    
  -2.664807893817064    
  -2.659180459359679    
  -2.653803942702282    
  -2.648668666387006    
  -2.643765289014556    
  -2.639084808234240    
  -2.634618582018793    
  -2.630358344106075    
  -2.626296201756066    
  -2.622424629972532    
  -2.618736467665961    
  -2.615224898230531    
  -2.611883409599360    
  -2.608705756945707    
  -2.605685941536303    
  -2.602818189969980    
  -2.600096925081054    
  -2.597516747758419    
  -2.595072440884791    
  -2.592758976360200    
  -2.590571511883959    
  -2.588505393343601    
  -2.586556171982388    
  -2.584719614676045    
  -2.582991691975977    
  -2.581368561972778    
  -2.579846565296178    
  -2.578422215327427    
  -2.577092171454672    
  -2.575853215458789    
  -2.574702247668260    
  -2.573636286057464    
  -2.572652453295561    
  -2.571747969098470    
  -2.570920161766731    
  -2.570166478005341    
  -2.569484472537781    
  -2.568871795531753    
  -2.568326196002492    
  -2.567845524206319    
  -2.567427716752237    
  -2.567070784408112    
  -2.566772821317155    
  -2.566532014934485    
  -2.566346634680499    
  -2.566215018001183    
  -2.566135577087462    
  -2.566106809664848    
  -2.566127290625297    
  -2.566195659173772    
  -2.566310622551950    
  -2.566470960030117    
  -2.566675505547695    
  -2.566923127010212    
  -2.567212727795743    
  -2.567543256322795    
  -2.567913699705518    
  -2.568323075137135    
  -2.568770441772867    
  -2.569254918086942    
  -2.569775680237369    
  -2.570331954565026    
  -2.570923026458435    
  -2.571548249522339    
  -2.572207030058752    
  -2.572898802521701    
  -2.573623023910222    
  -2.574379176277806    
  -2.575166753943280    
  -2.575985249524456    
  -2.576834163825609    
  -2.577713024822391    
  -2.578621388274136    
  -2.579558832181923    
  -2.580524970761772    
  -2.581519473604616    
  -2.582542061175162    
  -2.583592488018662    
  -2.584670541560897    
  -2.585776046418251    
  -2.586908849099602    
  -2.588068796723838    
  -2.589255738113289    
  -2.590469535265171    
  -2.591710057023996    
  -2.592977167417467    
  -2.594270737915362    
  -2.595590670557033    
  -2.596936898796093    
  -2.598309373965130    
  -2.599708067653230    
  -2.601132982637107    
  -2.602584144572161    
  -2.604061584788173    
  -2.605565344550265    
  -2.607095491333864    
  -2.608652115225857    
  -2.610235312329678    
  -2.611845185872834    
  -2.613481859100137    
  -2.615145470966869    
  -2.616836161374798    
  -2.618554074313478    
  -2.620299370528762    
  -2.622072219975121    
  -2.623872782886195    
  -2.625701211843857    
  -2.627557669160648    
  -2.629442328844956    
  -2.631355368580416    
  -2.633296980979753    
  -2.635267396206048    
  -2.637266883180075    
  -2.639295733591753    
  -2.641354259007981    
  -2.643442796150576    
  -2.645561691121225    
  -2.647711270744638    
  -2.649891835872353    
  -2.652103674978002    
  -2.654347067670664    
  -2.656622280047562    
  -2.658929578502341    
  -2.661269254726348    
  -2.663641631333972    
  -2.666047054005117    
  -2.668485900115013    
  -2.670958595235490    
  -2.673465602509583    
  -2.676007389771813    
  -2.678584410870632    
  -2.681197103524319    
  -2.683845877529559    
  -2.686531100875385    
  -2.689253116313399    
  -2.692012281028910    
  -2.694808989800599    
  -2.697643676446280    
  -2.700516819272621    
  -2.703428945545874    
  -2.706380607332369    
  -2.709372341867703    
  -2.712404658810257    
  -2.715478054095023    
  -2.718593012055016    
  -2.721749991845596    
  -2.724949431323025    
  -2.728191772762183    
  -2.731477482470915    
  -2.734807062398375    
  -2.738181074114561    
  -2.741600159588848    
  -2.745065020095038    
  -2.748576361549818    
  -2.752134854283731    
  -2.755741120209509    
  -2.759395721880207    
  -2.763099154715997    
  -2.766851870228864    
  -2.770654321884559    
  -2.774506995405677    
  -2.778410423152969    
  -2.782365213274698    
  -2.786372083285045    
  -2.790431852038868    
  -2.794545386784850    
  -2.798713549509421    
  -2.802937160845945    
  -2.807216964061942    
  -2.811553597876732    
  -2.815947612413282    
  -2.820399521809744    
  -2.824909849141405    
  -2.829479153212711    
  -2.834108062848566    
  -2.838797312015418    
  -2.843547737045430    
  -2.848360235421458    
  -2.853235725015890    
  -2.858175113396346    
  -2.863179256862338    
  -2.868248924029895    
  -2.873384805579285    
  -2.878587564071595    
  -2.883857875353835    
  -2.889196449167597    
  -2.894604054111739    
  -2.900081538916556    
  -2.905629815566189    
  -2.911249817069443    
  -2.916942475476184    
  -2.922708714340284    
  -2.928549414577144    
  -2.934465373691852    
  -2.940457324137282    
  -2.946526005908007    
  -2.952672214188475    
  -2.958896793718339    
  -2.965200633452032    
  -2.971584685042003    
  -2.978049955967460    
  -2.984597454804973    
  -2.991228140750350    
  -2.997942914906754    
  -3.004742623557271    
  -3.011628051322895    
  -3.018599937513951    
  -3.025659034199537    
  -3.032806161987184    
  -3.040042221888187    
  -3.047368177379872    
  -3.054785031152611    
  -3.062293790812793    
  -3.069895423172294    
  -3.077590823333410    
  -3.085380809880506    
  -3.093266129831672    
  -3.101247474093443    
  -3.109325522438911    
  -3.117500998599879    
  -3.125774683152645    
  -3.134147379189783    
  -3.142619884795346    
  -3.151192997086374    
  -3.159867507332591    
  -3.168644159255666    
  -3.177523608138539    
  -3.186506424512736    
  -3.195593126699557    
  -3.204784195800424    
  -3.214080061484869    
  -3.223481091584488    
  -3.232987618392320    
  -3.242599987237250    
  -3.252318565848535    
  -3.262143676940684    
  -3.272075509824391    
  -3.282114104383282    
  -3.292259402088540    
  -3.302511263442077    
  -3.312869428677349    
  -3.323333531629614    
  -3.333903213679107    
  -3.344578189285938    
  -3.355358115022123    
  -3.366242354973411    
  -3.377229869248480    
  -3.388319296836014    
  -3.399509116528110    
  -3.410797784681562    
  -3.422183826560104    
  -3.433665826918702    
  -3.445242251056084    
  -3.456911163597456    
  -3.468670037095077    
  -3.480515773313752    
  -3.492444901341093    
  -3.504453837285911    
  -3.516539060591535    
  -3.528697048558261    
  -3.540923936056697    
  -3.553215121457902    
  -3.565565133177345    
  -3.577967846123049    
  -3.590416843327385    
  -3.602905638304954    
  -3.615427577047408    
  -3.627975411614104    
  -3.640540785660091    
  -3.653114051242139    
  -3.665684623754112    
  -3.678241545258688    
  -3.690773674398351    
  -3.703269300185712    
  -3.715715526928013    
  -3.728097890489939    
  -3.740400379908966    
  -3.752605751176135    
  -3.764695854062512    
  -3.776651629392575    
  -3.788452642855685    
  -3.800076486013419    
  -3.811498572834167    
  -3.822692430854910    
  -3.833630013246133    
  -3.844281564965971    
  -3.854615097586174    
  -3.864595881750822    
  -3.874186237907312    
  -3.883345579312543    
  -3.892030458297397    
  -3.900194381531300    
  -3.907787384818669    
  -3.914755613599034    
  -3.921041108679966    
  -3.926581651562477    
  -3.931310381366692    
  -3.935155210257006    
  -3.938038354657293    
  -3.939876098999240    
  -3.940578544392915    
  -3.940049119807786    
  -3.938183927565707    
  -3.934871083537247    
  -3.929990080503099    
  -3.923411135721412    
  -3.914994483607592    
  -3.904589550573641    
  -3.892034043139656    
  -3.877153141730035    
  -3.859758816645246    
  -3.839648857122100    
  -3.816605312048905    
  -3.790392785870353    
  -3.760757268642667    
  -3.727425324008169    
  -3.690102770039964    
  -3.648472632591057    
  -3.602193107039540    
  -3.550895937612434    
  -3.494184620748467    
  -3.431631949421643    
  -3.362777441549081    
  -3.287125278491234    
  -3.204142313979141    
  -3.113255336556532    
  -3.013847727643243    
  -2.905256334588121    
  -2.786768763292754    
  -2.657620579395307    
  -2.516992188428970    
  -2.364005680542854    
  -2.197721775798610    
  -2.017136763290757    
  -1.821179620135793    
  -1.608709683633658    
  -1.378514829536807    
  -1.129309898589747    
 -0.8597356824181130    
 -0.5683591854253367    
 -0.2536753548677085    
  0.8589003449085469E-01
  0.4519761160764872    
  0.8462802608598592    
   1.270548167404469    
   1.726560681925862    
   2.216117465846791    
   2.741016995359322    
   3.303031818537038    
   3.903877957423266    
   4.545177756363744    
   5.228416176478588    
   5.954890905445080    
   6.725656035194355    
   7.541458259477898    
   8.402665264776356    
   9.309187933666353    
   10.26039870494048    
   11.25504738249536    
   12.29117562746840    
   13.36603378602966    
   14.47600574939047    
   15.61654667161343    
   16.78213709058443    
   17.96625875207979    
   19.16140012551880    
   20.35909847978419    
   21.55002115734183    
   22.72408668424027    
   23.87062760683430    
   24.97859623582695    
   26.03680897941099    
   27.03421894691948    
   27.96020457019550    
   28.80486242201948    
   29.55929130541281    
   30.21585251529930    
   30.76839103137249    
   31.21240473027159    
   31.54515204540361    
   31.76569301341803    
   31.87486449692251    
   31.87519482768102    
   31.77076407415573    
   31.56701684272033    
   31.27053917947250    
   30.88881679646233    
   30.42999109485893    
   29.90262202090767    
   29.31546163538115    
   28.67724507216935    
   27.99650992872856    
   27.28145168636157    
   26.53981300573478    
   25.77879928348012    
   25.00501667103492    
   24.22443479369662    
   23.44237573581149    
   22.66352431627752    
   21.89195062544464    
   21.13113872427592    
   20.38402107966365    
   19.65302021115458    
   18.94009623138289    
   18.24679590435063    
   17.57429913157081    
   16.92346157799885    
   16.29485440804399    
   15.68880229586122    
   15.10541979590708    
   14.54464517120632    
   14.00627053449133    
   13.48996768551940    
   12.99530997482937    
   12.52179122336338    
   12.06884266429853    
   11.63584826139139    
   11.22215826498296    
   10.82710078847981    
   10.44999130539836    
   10.09014012316642    
   9.746858156806793    
   9.419461585116704    
   9.107275904988022    
   8.809639525772614    
   8.525906783594811    
   8.255450299481618    
   7.997662698141301    
   7.751957674017596    
   7.517770430870930    
   7.294557726308801    
   7.081797844156553    
   6.878990610484987    
   6.685657328920424    
   6.501340529393297    
   6.325603569485803    
   6.158030133357244    
   5.998223595719994    
   5.845806260861196    
   5.700418595338856    
   5.561718549364847    
   5.429380930613052    
   5.303096744452908    
   5.182572475335643    
   5.067529329267653    
   4.957702457618215    
   4.852840206773602    
   4.752703464467176    
   4.657065122271965    
   4.565709588079696    
   4.478432279214984    
   4.395039096082536    
   4.315345904304460    
   4.239178019366915    
   4.166369675402219    
   4.096763492228135    
   4.030209969963919    
   3.966567021096283    
   3.905699543867110    
   3.847479054022329    
   3.791783379172231    
   3.738496385798592    
   3.687507707955565    
   3.638712479682412    
   3.592011081816826    
   3.547308887396748    
   3.504515983332515    
   3.463546879422652    
   3.424320238851731    
   3.386758644817397    
   3.350788390716048    
   3.316339282215923    
   3.283344452282817    
   3.251740189205136    
   3.221465772615521    
   3.192463318691736    
   3.164677640604049    
   3.138056121450484    
   3.112548590501912    
   3.088107204119206    
   3.064686342141409    
   3.042242518748720    
   3.020734290434873    
   3.000122150279337    
   2.980368417623097    
   2.961437134363177    
   2.943293963985494    
   2.925906087165560    
   2.909242103965283    
   2.893271959019508    
   2.877966890882869    
   2.863299393937951    
   2.849243186050144    
   2.835773179537675    
   2.822865445312650    
   2.810497158935369    
   2.798646532838549    
   2.787292747930521    
   2.776415886388604    
   2.765996860126777    
   2.756017343161902    
   2.746459725450638    
   2.737307089770333    
   2.728543197232905    
   2.720152476221465    
   2.712120021201430    
   2.704431596207670    
   2.697073625498332    
   2.690033167524346    
   2.683297884000552    
   2.676856004637721    
   2.670696275229700    
   2.664807893817064    
   2.659180459359679    
   2.653803942702282    
   2.648668666387006    
   2.643765289014556    
   2.639084808234240    
   2.634618582018793    
   2.630358344106075    
   2.626296201756066    
   2.622424629972532    
   2.618736467665961    
   2.615224898230531    
   2.611883409599360    
   2.608705756945707    
   2.605685941536303    
   2.602818189969980    
   2.600096925081054    
   2.597516747758419    
   2.595072440884791    
   2.592758976360200    
   2.590571511883959    
   2.588505393343601    
   2.586556171982388    
   2.584719614676045    
   2.582991691975977    
   2.581368561972778    
   2.579846565296178    
   2.578422215327427    
   2.577092171454672    
   2.575853215458789    
   2.574702247668260    
   2.573636286057464    
   2.572652453295561    
   2.571747969098470    
   2.570920161766731    
   2.570166478005341    
   2.569484472537781    
   2.568871795531753    
   2.568326196002492    
   2.567845524206319    
   2.567427716752237    
   2.567070784408112    
   2.566772821317155    
   2.566532014934485    
   2.566346634680499    
   2.566215018001183    
   2.566135577087462    
   2.566106809664848    
   2.566127290625297    
   2.566195659173772    
   2.566310622551950    
   2.566470960030117    
   2.566675505547695    
   2.566923127010212    
   2.567212727795743    
   2.567543256322795    
   2.567913699705518    
   2.568323075137135    
   2.568770441772867    
   2.569254918086942    
   2.569775680237369    
   2.570331954565026    
   2.570923026458435    
   2.571548249522339    
   2.572207030058752    
   2.572898802521701    
   2.573623023910222    
   2.574379176277806    
   2.575166753943280    
   2.575985249524456    
   2.576834163825609    
   2.577713024822391    
   2.578621388274136    
   2.579558832181923    
   2.580524970761772    
   2.581519473604616    
   2.582542061175162    
   2.583592488018662    
   2.584670541560897    
   2.585776046418251    
   2.586908849099602    
   2.588068796723838    
   2.589255738113289    
   2.590469535265171    
   2.591710057023996    
   2.592977167417467    
   2.594270737915362    
   2.595590670557033    
   2.596936898796093    
   2.598309373965130    
   2.599708067653230    
   2.601132982637107    
   2.602584144572161    
   2.604061584788173    
   2.605565344550265    
   2.607095491333864    
   2.608652115225857    
   2.610235312329678    
   2.611845185872834    
   2.613481859100137    
   2.615145470966869    
   2.616836161374798    
   2.618554074313478    
   2.620299370528762    
   2.622072219975121    
   2.623872782886195    
   2.625701211843857    
   2.627557669160648    
   2.629442328844956    
   2.631355368580416    
   2.633296980979753    
   2.635267396206048    
   2.637266883180075    
   2.639295733591753    
   2.641354259007981    
   2.643442796150576    
   2.645561691121225    
   2.647711270744638    
   2.649891835872353    
   2.652103674978002    
   2.654347067670664    
   2.656622280047562    
   2.658929578502341    
   2.661269254726348    
   2.663641631333972    
   2.666047054005117    
   2.668485900115013    
   2.670958595235490    
   2.673465602509583    
   2.676007389771813    
   2.678584410870632    
   2.681197103524319    
   2.683845877529559    
   2.686531100875385    
   2.689253116313399    
   2.692012281028910    
   2.694808989800599    
   2.697643676446280    
   2.700516819272621    
   2.703428945545874    
   2.706380607332369    
   2.709372341867703    
   2.712404658810257    
   2.715478054095023    
   2.718593012055016    
   2.721749991845596    
   2.724949431323025    
   2.728191772762183    
   2.731477482470915    
   2.734807062398375    
   2.738181074114561    
   2.741600159588848    
   2.745065020095038    
   2.748576361549818    
   2.752134854283731    
   2.755741120209509    
   2.759395721880207    
   2.763099154715997    
   2.766851870228864    
   2.770654321884559    
   2.774506995405677    
   2.778410423152969    
   2.782365213274698    
   2.786372083285045    
   2.790431852038868    
   2.794545386784850    
   2.798713549509421    
   2.802937160845945    
   2.807216964061942    
   2.811553597876732    
   2.815947612413282    
   2.820399521809744    
   2.824909849141405    
   2.829479153212711    
   2.834108062848566    
   2.838797312015418    
   2.843547737045430    
   2.848360235421458    
   2.853235725015890    
   2.858175113396346    
   2.863179256862338    
   2.868248924029895    
   2.873384805579285    
   2.878587564071595    
   2.883857875353835    
   2.889196449167597    
   2.894604054111739    
   2.900081538916556    
   2.905629815566189    
   2.911249817069443    
   2.916942475476184    
   2.922708714340284    
   2.928549414577144    
   2.934465373691852    
   2.940457324137282    
   2.946526005908007    
   2.952672214188475    
   2.958896793718339    
   2.965200633452032    
   2.971584685042003    
   2.978049955967460    
   2.984597454804973    
   2.991228140750350    
   2.997942914906754    
   3.004742623557271    
   3.011628051322895    
   3.018599937513951    
   3.025659034199537    
