   757.5532785449705    
   764.2353700286468    
   771.0898952957075    
   777.8405086783977    
   784.5205720035950    
   791.4116166809905    
   798.4827424905448    
   805.4550997745345    
   812.3654102281237    
   819.4985814177502    
   826.8209953822695    
   834.0507769459081    
   841.2279067616470    
   848.6409757228523    
   856.2533432778223    
   863.7793970472439    
   871.2624762171596    
   878.9956550416234    
   886.9395144239743    
   894.8043861782083    
   902.6371875414656    
   910.7360708034479    
   919.0586086187037    
   927.3102528144132    
   935.5414709455131    
   944.0561959207660    
   952.8090936350891    
   961.5002961545985    
   970.1841135105281    
   979.1710841560478    
   988.4128946709204    
   997.6035491528951    
   1006.801188151411    
   1016.323700476768    
   1026.119839753241    
   1035.876925684802    
   1045.657228124126    
   1055.786923047593    
   1066.211783052062    
   1076.611600068689    
   1087.052874078975    
   1097.871015841273    
   1109.008881576430    
   1120.138035525954    
   1131.329497286234    
   1142.928986673381    
   1154.876410909978    
   1166.834184331370    
   1178.878078142036    
   1191.365352223218    
   1204.233072532267    
   1217.133611277249    
   1230.147776711467    
   1243.645682587746    
   1257.561615464675    
   1271.536895494068    
   1285.657718497642    
   1300.308594654789    
   1315.421185389481    
   1330.624662143896    
   1346.010971524433    
   1361.980726347719    
   1378.463172873732    
   1395.074168796428    
   1411.911870487745    
   1429.394952989918    
   1447.450523762859    
   1465.679837134225    
   1484.187795697586    
   1503.413406850021    
   1523.282036987929    
   1543.378929470592    
   1563.816361378171    
   1585.056307864172    
   1607.022952044036    
   1629.284000605606    
   1651.959852020718    
   1675.538522482412    
   1699.943771931107    
   1724.724124907150    
   1750.009017609273    
   1776.316140460732    
   1803.569867731590    
   1831.297767146843    
   1859.639430522842    
   1889.146542747431    
   1919.745506858937    
   1950.941052791978    
   1982.884330754666    
   2016.166218776591    
   2050.717074219145    
   2086.016815796924    
   2122.229922296864    
   2159.992782100157    
   2199.242345087823    
   2239.431716515930    
   2280.740979475311    
   2323.859789256596    
   2368.735305241829    
   2414.791880741274    
   2462.228179175911    
   2511.796763256730    
   2563.459987514366    
   2616.611743364717    
   2671.473236398478    
   2728.872073759840    
   2788.792716339583    
   2850.597375794053    
   2914.535155299678    
   2981.524184574187    
   3051.580673100646    
   3124.034866118808    
   3199.171138462228    
   3278.018170441590    
   3360.637468272941    
   3446.328634215581    
   3535.421608281159    
   3629.081899606575    
   3727.435480653749    
   3829.755313162585    
   3936.431451017220    
   4048.801177724100    
   4167.082210730212    
   4290.529168214966    
   4419.612945134635    
   4555.889598207203    
   4699.707496878653    
   4850.317787573743    
   5008.301686683944    
   5175.497596683554    
   5352.439757844728    
   5538.400090122823    
   5734.111235498677    
   5941.779351949741    
   6162.201236444451    
   6394.705074690659    
   6640.228661046722    
   6901.456435813333    
   7179.547676942682    
   7473.928577091352    
   7785.799181219432    
   8118.448094797555    
   8473.503339424406    
   8850.503363537016    
   9250.921326543057    
   9678.728082782862    
   10136.04193229050    
   10622.36011961629    
   11139.19654782807    
   11690.97221906333    
   12279.86569211621    
   12904.48366706360    
   13565.17046209959    
   14265.25343781116    
   15004.69329852083    
   15777.68574778847    
   16578.46134142212    
   17402.58009829433    
   18238.30650354483    
   19061.68244318695    
   19841.56445091939    
   20539.17189967545    
   21093.72009564901    
   21410.26567859224    
   21358.90471337651    
   20766.00151985525    
   19384.65095050351    
   16865.16394285018    
   12742.34495054698    
   6421.427546843293    
  -2843.207870882980    
  -15923.82886897194    
  -33683.97451322441    
  -56708.91337557206    
  -84890.35110907494    
  -116871.5330586094    
  -149554.4145976301    
  -178173.2367375622    
  -197392.0952090779    
  -203207.8483086363    
  -194626.1171266932    
  -174013.3171201062    
  -145925.7593876291    
  -115263.6713534690    
  -85850.19702860029    
  -59937.65271865793    
  -38424.54687815025    
  -21319.07699007951    
  -8153.681678457455    
   1725.454595811208    
   8981.804767123309    
   14201.03864082417    
   17863.60108522722    
   20348.77889084370    
   21952.14479027557    
   22904.38982211466    
   23382.79826309004    
   23517.10174806311    
   23399.07691100524    
   23097.19456156918    
   22666.94397766856    
   22152.13647863432    
   21583.79431419815    
   20982.75822769872    
   20363.71753098780    
   19737.22654191575    
   19111.14588516861    
   18492.69693559530    
   17888.66419666123    
   17303.13754782311    
   16736.58925423606    
   16188.20589949870    
   15658.20472665580    
   15147.46712471196    
   14656.43676968536    
   14185.39538586925    
   13734.73382159971    
   13303.94143893954    
   12891.11932128798    
   12494.36861200934    
   12113.08662518453    
   11747.34320849445    
   11396.78586953898    
   11060.86121351740    
   10739.33798675226    
   10431.72081634423    
   10136.64000284008    
   9852.606661424687    
   9579.017522563772    
   9315.817750601936    
   9062.645675150519    
   8818.998533450536    
   8584.807407401686    
   8360.047529237823    
   8144.005199614830    
   7935.611070635423    
   7734.302983618061    
   7539.946904072943    
   7352.156617306771    
   7170.400903146590    
   6994.639710000672    
   6825.147286656115    
   6661.741431920230    
   6503.798861089997    
   6350.964095255018    
   6203.198187014424    
   6060.155869806814    
   5921.192427314561    
   5786.058186089633    
   5654.973301186151    
   5527.938468160763    
   5404.577667858672    
   5284.750969003313    
   5168.683041700885    
   5056.316263064637    
   4947.132880362253    
   4840.805836173661    
   4737.445490583386    
   4637.003977134636    
   4539.036470655748    
   4443.310779099244    
   4350.081786755762    
   4259.479695329715    
   4171.180458963749    
   4084.975737038008    
   4001.102630505844    
   3919.665795267686    
   3840.274101924448    
   3762.613359279136    
   3686.850716506970    
   3613.092226375216    
   3540.972420810344    
   3470.201023741101    
   3401.005714316340    
   3333.595621222050    
   3267.687290190133    
   3203.018813198935    
   3139.833419293587    
   3078.362736127853    
   3018.310817677782    
   2959.356192502443    
   2901.690875653886    
   2845.533067931530    
   2790.573632059725    
   2736.462597265985    
   2683.393210952900    
   2631.631480155379    
   2580.913534068312    
   2530.906712608852    
   2481.831472979189    
   2434.004841645592    
   2387.190257231513    
   2341.038476600415    
   2295.754847477397    
   2251.664366480817    
   2208.520273640108    
   2165.929935770622    
   2124.071579946298    
   2083.281733807915    
   2043.319082455192    
   2003.770920625371    
   1964.816595834368    
   1926.833626456682    
   1889.610377591059    
   1852.728478510118    
   1816.373829348651    
   1780.963193793717    
   1746.304146153504    
   1711.953407709097    
   1678.081546687426    
   1645.126104030536    
   1612.898036183605    
   1580.914295693239    
   1549.321218588569    
   1518.579191401670    
   1488.511237892981    
   1458.602901442578    
   1428.986191279836    
   1400.160383666104    
   1371.977412335465    
   1343.899937579458    
   1316.047872655477    
   1288.963303757156    
   1262.530009084604    
   1236.180655920962    
   1210.008952946736    
   1184.590636688176    
   1159.837228856357    
   1135.141834205855    
   1110.558051684438    
   1086.690419695478    
   1063.483870397499    
   1040.294520780764    
   1017.132344331049    
   994.6346746498052    
   972.7947715125138    
   950.9418757588088    
   929.0406823774132    
   907.7624115802918    
   887.1602202127534    
   866.5429995798086    
   845.8211182173384    
   825.6901994809009    
   806.2666917809523    
   786.8418547912165    
   767.2592085727669    
   748.2245606546842    
   729.9196170079135    
   711.6251278916399    
   693.1108959907082    
   675.0817230715726    
   657.7902379901714    
   640.5215324431927    
   622.9724071560656    
   605.8376650547058    
   589.4460253218826    
   573.1038849849889    
   556.4382195337820    
   540.1217627047776    
   524.5575384946012    
   509.0862824698773    
   493.2675981990432    
   477.7363749078182    
   462.9610699636750    
   448.3262505438011    
   433.3287053574421    
   418.5511925214918    
   404.5166711252704    
   390.6631648121339    
   376.4350126785627    
   362.3542706665897    
   348.9881123398512    
   335.8377140642787    
   322.3100600905658    
   308.8631285984992    
   296.0972278130284    
   283.5823495102417    
   270.7027889311465    
   257.8509630580775    
   245.6468692103109    
   233.7288110538376    
   221.4698713657495    
   209.1963149146860    
   197.5335693234108    
   186.1837540081552    
   174.5185988215416    
   162.8006276542207    
   151.6490255587125    
   140.8245031651367    
   129.7075515248160    
   118.5036759106047    
   107.8183655649850    
   97.46581630128344    
   86.84441332834470    
   76.11126014142329    
   65.85302896351651    
   55.93093407710756    
   45.76713740488852    
   35.47805351991893    
   25.62683867752275    
   16.11309492951464    
   6.384718852037590    
  -3.476278561254322    
  -12.93373229631513    
  -22.05822212473354    
  -31.37589440280641    
  -40.83291457571860    
  -49.92090340316885    
  -58.68691059922207    
  -67.63061556940613    
  -76.71948589035215    
  -85.47130321443925    
  -93.91393595482269    
  -102.5203861831749    
  -111.2734111077272    
  -119.7150825176919    
  -127.8584092610993    
  -136.1511906596309    
  -144.5875908934314    
  -152.7330156046061    
  -160.5904503978208    
  -168.5854074035615    
  -176.7209951911199    
  -184.5848435781671    
  -192.1736628044297    
  -199.8930980820373    
  -207.7524954058070    
  -215.3593071215261    
  -222.7057568152701    
  -230.1788850796937    
  -237.7912680989281    
  -245.1672430384305    
  -252.2955857876830    
  -259.5461208521086    
  -266.9327556375939    
  -274.0948605048957    
  -281.0195721014454    
  -288.0619864532200    
  -295.2368633436363    
  -302.1976085984218    
  -308.9315694317489    
  -315.7815352927367    
  -322.7626999853094    
  -329.5410351471776    
  -336.1046960164220    
  -342.7852560330060    
  -349.5970381197091    
  -356.2163864744744    
  -362.6320924681145    
  -369.1652157279299    
  -375.8282052859226    
  -382.3062473527207    
  -388.5893001250674    
  -394.9895132281816    
  -401.5176303963784    
  -407.8671700617859    
  -414.0303140335606    
  -420.3121025211405    
  -426.7217866005495    
  -432.9603689663764    
  -439.0224159185360    
  -445.2065203277896    
  -451.5196835385921    
  -457.6687866601864    
  -463.6503242003669    
  -469.7568061915293    
  -475.9924412854186    
  -482.0689863847750    
  -487.9851713451807    
  -494.0286725142337    
  -500.2013459675039    
  -506.2196596334258    
  -512.0853156771188    
  -518.0824081727470    
  -524.2105408712212    
  -530.1900411859378    
  -536.0253459461342    
  -541.9972349640103    
  -548.1024427978034    
  -554.0638863121571    
  -559.8883305123254    
  -565.8536894518115    
  -571.9538454112800    
  -577.9139772140038    
  -583.7437203722359    
  -589.7193261839963    
  -595.8323187628804    
  -601.8099104488301    
  -607.6647933253870    
  -613.6720348180891    
  -619.8204180476943    
  -625.8381227362855    
  -631.7404279855086    
  -637.8013699654886    
  -644.0067155624096    
  -650.0850583082655    
  -656.0545714450764    
  -662.1892780195698    
  -668.4724090856781    
  -674.6328507832773    
  -680.6919569079879    
  -686.9243200382330    
  -693.3104214255740    
  -699.5785378779610    
  -705.7527917940218    
  -712.1084921488124    
  -718.6231237111213    
  -725.0238414619131    
  -731.3378174878162    
  -737.8420147663034    
  -744.5113323748110    
  -751.0716194366386    
  -757.5532785449705    
  -764.2353700286468    
  -771.0898952957075    
  -777.8405086783977    
  -784.5205720035950    
  -791.4116166809905    
  -798.4827424905448    
  -805.4550997745345    
  -812.3654102281237    
  -819.4985814177502    
  -826.8209953822695    
  -834.0507769459081    
  -841.2279067616470    
  -848.6409757228523    
  -856.2533432778223    
  -863.7793970472439    
  -871.2624762171596    
  -878.9956550416234    
  -886.9395144239743    
  -894.8043861782083    
  -902.6371875414656    
  -910.7360708034479    
  -919.0586086187037    
  -927.3102528144132    
  -935.5414709455131    
  -944.0561959207660    
  -952.8090936350891    
  -961.5002961545985    
  -970.1841135105281    
  -979.1710841560478    
  -988.4128946709204    
  -997.6035491528951    
  -1006.801188151411    
  -1016.323700476768    
  -1026.119839753241    
  -1035.876925684802    
  -1045.657228124126    
  -1055.786923047593    
  -1066.211783052062    
  -1076.611600068689    
  -1087.052874078975    
  -1097.871015841273    
  -1109.008881576430    
  -1120.138035525954    
  -1131.329497286234    
  -1142.928986673381    
  -1154.876410909978    
  -1166.834184331370    
  -1178.878078142036    
  -1191.365352223218    
  -1204.233072532267    
  -1217.133611277249    
  -1230.147776711467    
  -1243.645682587746    
  -1257.561615464675    
  -1271.536895494068    
  -1285.657718497642    
  -1300.308594654789    
  -1315.421185389481    
  -1330.624662143896    
  -1346.010971524433    
  -1361.980726347719    
  -1378.463172873732    
  -1395.074168796428    
  -1411.911870487745    
  -1429.394952989918    
  -1447.450523762859    
  -1465.679837134225    
  -1484.187795697586    
  -1503.413406850021    
  -1523.282036987929    
  -1543.378929470592    
  -1563.816361378171    
  -1585.056307864172    
  -1607.022952044036    
  -1629.284000605606    
  -1651.959852020718    
  -1675.538522482412    
  -1699.943771931107    
  -1724.724124907150    
  -1750.009017609273    
  -1776.316140460732    
  -1803.569867731590    
  -1831.297767146843    
  -1859.639430522842    
  -1889.146542747431    
  -1919.745506858937    
  -1950.941052791978    
  -1982.884330754666    
  -2016.166218776591    
  -2050.717074219145    
  -2086.016815796924    
  -2122.229922296864    
  -2159.992782100157    
  -2199.242345087823    
  -2239.431716515930    
  -2280.740979475311    
  -2323.859789256596    
  -2368.735305241829    
  -2414.791880741274    
  -2462.228179175911    
  -2511.796763256730    
  -2563.459987514366    
  -2616.611743364717    
  -2671.473236398478    
  -2728.872073759840    
  -2788.792716339583    
  -2850.597375794053    
  -2914.535155299678    
  -2981.524184574187    
  -3051.580673100646    
  -3124.034866118808    
  -3199.171138462228    
  -3278.018170441590    
  -3360.637468272941    
  -3446.328634215581    
  -3535.421608281159    
  -3629.081899606575    
  -3727.435480653749    
  -3829.755313162585    
  -3936.431451017220    
  -4048.801177724100    
  -4167.082210730212    
  -4290.529168214966    
  -4419.612945134635    
  -4555.889598207203    
  -4699.707496878653    
  -4850.317787573743    
  -5008.301686683944    
  -5175.497596683554    
  -5352.439757844728    
  -5538.400090122823    
  -5734.111235498677    
  -5941.779351949741    
  -6162.201236444451    
  -6394.705074690659    
  -6640.228661046722    
  -6901.456435813333    
  -7179.547676942682    
  -7473.928577091352    
  -7785.799181219432    
  -8118.448094797555    
  -8473.503339424406    
  -8850.503363537016    
  -9250.921326543057    
  -9678.728082782862    
  -10136.04193229050    
  -10622.36011961629    
  -11139.19654782807    
  -11690.97221906333    
  -12279.86569211621    
  -12904.48366706360    
  -13565.17046209959    
  -14265.25343781116    
  -15004.69329852083    
  -15777.68574778847    
  -16578.46134142212    
  -17402.58009829433    
  -18238.30650354483    
  -19061.68244318695    
  -19841.56445091939    
  -20539.17189967545    
  -21093.72009564901    
  -21410.26567859224    
  -21358.90471337651    
  -20766.00151985525    
  -19384.65095050351    
  -16865.16394285018    
  -12742.34495054698    
  -6421.427546843293    
   2843.207870882980    
   15923.82886897194    
   33683.97451322441    
   56708.91337557206    
   84890.35110907494    
   116871.5330586094    
   149554.4145976301    
   178173.2367375622    
   197392.0952090779    
   203207.8483086363    
   194626.1171266932    
   174013.3171201062    
   145925.7593876291    
   115263.6713534690    
   85850.19702860029    
   59937.65271865793    
   38424.54687815025    
   21319.07699007951    
   8153.681678457455    
  -1725.454595811208    
  -8981.804767123309    
  -14201.03864082417    
  -17863.60108522722    
  -20348.77889084370    
  -21952.14479027557    
  -22904.38982211466    
  -23382.79826309004    
  -23517.10174806311    
  -23399.07691100524    
  -23097.19456156918    
  -22666.94397766856    
  -22152.13647863432    
  -21583.79431419815    
  -20982.75822769872    
  -20363.71753098780    
  -19737.22654191575    
  -19111.14588516861    
  -18492.69693559530    
  -17888.66419666123    
  -17303.13754782311    
  -16736.58925423606    
  -16188.20589949870    
  -15658.20472665580    
  -15147.46712471196    
  -14656.43676968536    
  -14185.39538586925    
  -13734.73382159971    
  -13303.94143893954    
  -12891.11932128798    
  -12494.36861200934    
  -12113.08662518453    
  -11747.34320849445    
  -11396.78586953898    
  -11060.86121351740    
  -10739.33798675226    
  -10431.72081634423    
  -10136.64000284008    
  -9852.606661424687    
  -9579.017522563772    
  -9315.817750601936    
  -9062.645675150519    
  -8818.998533450536    
  -8584.807407401686    
  -8360.047529237823    
  -8144.005199614830    
  -7935.611070635423    
  -7734.302983618061    
  -7539.946904072943    
  -7352.156617306771    
  -7170.400903146590    
  -6994.639710000672    
  -6825.147286656115    
  -6661.741431920230    
  -6503.798861089997    
  -6350.964095255018    
  -6203.198187014424    
  -6060.155869806814    
  -5921.192427314561    
  -5786.058186089633    
  -5654.973301186151    
  -5527.938468160763    
  -5404.577667858672    
  -5284.750969003313    
  -5168.683041700885    
  -5056.316263064637    
  -4947.132880362253    
  -4840.805836173661    
  -4737.445490583386    
  -4637.003977134636    
  -4539.036470655748    
  -4443.310779099244    
  -4350.081786755762    
  -4259.479695329715    
  -4171.180458963749    
  -4084.975737038008    
  -4001.102630505844    
  -3919.665795267686    
  -3840.274101924448    
  -3762.613359279136    
  -3686.850716506970    
  -3613.092226375216    
  -3540.972420810344    
  -3470.201023741101    
  -3401.005714316340    
  -3333.595621222050    
  -3267.687290190133    
  -3203.018813198935    
  -3139.833419293587    
  -3078.362736127853    
  -3018.310817677782    
  -2959.356192502443    
  -2901.690875653886    
  -2845.533067931530    
  -2790.573632059725    
  -2736.462597265985    
  -2683.393210952900    
  -2631.631480155379    
  -2580.913534068312    
  -2530.906712608852    
  -2481.831472979189    
  -2434.004841645592    
  -2387.190257231513    
  -2341.038476600415    
  -2295.754847477397    
  -2251.664366480817    
  -2208.520273640108    
  -2165.929935770622    
  -2124.071579946298    
  -2083.281733807915    
  -2043.319082455192    
  -2003.770920625371    
  -1964.816595834368    
  -1926.833626456682    
  -1889.610377591059    
  -1852.728478510118    
  -1816.373829348651    
  -1780.963193793717    
  -1746.304146153504    
  -1711.953407709097    
  -1678.081546687426    
  -1645.126104030536    
  -1612.898036183605    
  -1580.914295693239    
  -1549.321218588569    
  -1518.579191401670    
  -1488.511237892981    
  -1458.602901442578    
  -1428.986191279836    
  -1400.160383666104    
  -1371.977412335465    
  -1343.899937579458    
  -1316.047872655477    
  -1288.963303757156    
  -1262.530009084604    
  -1236.180655920962    
  -1210.008952946736    
  -1184.590636688176    
  -1159.837228856357    
  -1135.141834205855    
  -1110.558051684438    
  -1086.690419695478    
  -1063.483870397499    
  -1040.294520780764    
  -1017.132344331049    
  -994.6346746498052    
  -972.7947715125138    
  -950.9418757588088    
  -929.0406823774132    
  -907.7624115802918    
  -887.1602202127534    
  -866.5429995798086    
  -845.8211182173384    
  -825.6901994809009    
  -806.2666917809523    
  -786.8418547912165    
  -767.2592085727669    
  -748.2245606546842    
  -729.9196170079135    
  -711.6251278916399    
  -693.1108959907082    
  -675.0817230715726    
  -657.7902379901714    
  -640.5215324431927    
  -622.9724071560656    
  -605.8376650547058    
  -589.4460253218826    
  -573.1038849849889    
  -556.4382195337820    
  -540.1217627047776    
  -524.5575384946012    
  -509.0862824698773    
  -493.2675981990432    
  -477.7363749078182    
  -462.9610699636750    
  -448.3262505438011    
  -433.3287053574421    
  -418.5511925214918    
  -404.5166711252704    
  -390.6631648121339    
  -376.4350126785627    
  -362.3542706665897    
  -348.9881123398512    
  -335.8377140642787    
  -322.3100600905658    
  -308.8631285984992    
  -296.0972278130284    
  -283.5823495102417    
  -270.7027889311465    
  -257.8509630580775    
  -245.6468692103109    
  -233.7288110538376    
  -221.4698713657495    
  -209.1963149146860    
  -197.5335693234108    
  -186.1837540081552    
  -174.5185988215416    
  -162.8006276542207    
  -151.6490255587125    
  -140.8245031651367    
  -129.7075515248160    
  -118.5036759106047    
  -107.8183655649850    
  -97.46581630128344    
  -86.84441332834470    
  -76.11126014142329    
  -65.85302896351651    
  -55.93093407710756    
  -45.76713740488852    
  -35.47805351991893    
  -25.62683867752275    
  -16.11309492951464    
  -6.384718852037590    
   3.476278561254322    
   12.93373229631513    
   22.05822212473354    
   31.37589440280641    
   40.83291457571860    
   49.92090340316885    
   58.68691059922207    
   67.63061556940613    
   76.71948589035215    
   85.47130321443925    
   93.91393595482269    
   102.5203861831749    
   111.2734111077272    
   119.7150825176919    
   127.8584092610993    
   136.1511906596309    
   144.5875908934314    
   152.7330156046061    
   160.5904503978208    
   168.5854074035615    
   176.7209951911199    
   184.5848435781671    
   192.1736628044297    
   199.8930980820373    
   207.7524954058070    
   215.3593071215261    
   222.7057568152701    
   230.1788850796937    
   237.7912680989281    
   245.1672430384305    
   252.2955857876830    
   259.5461208521086    
   266.9327556375939    
   274.0948605048957    
   281.0195721014454    
   288.0619864532200    
   295.2368633436363    
   302.1976085984218    
   308.9315694317489    
   315.7815352927367    
   322.7626999853094    
   329.5410351471776    
   336.1046960164220    
   342.7852560330060    
   349.5970381197091    
   356.2163864744744    
   362.6320924681145    
   369.1652157279299    
   375.8282052859226    
   382.3062473527207    
   388.5893001250674    
   394.9895132281816    
   401.5176303963784    
   407.8671700617859    
   414.0303140335606    
   420.3121025211405    
   426.7217866005495    
   432.9603689663764    
   439.0224159185360    
   445.2065203277896    
   451.5196835385921    
   457.6687866601864    
   463.6503242003669    
   469.7568061915293    
   475.9924412854186    
   482.0689863847750    
   487.9851713451807    
   494.0286725142337    
   500.2013459675039    
   506.2196596334258    
   512.0853156771188    
   518.0824081727470    
   524.2105408712212    
   530.1900411859378    
   536.0253459461342    
   541.9972349640103    
   548.1024427978034    
   554.0638863121571    
   559.8883305123254    
   565.8536894518115    
   571.9538454112800    
   577.9139772140038    
   583.7437203722359    
   589.7193261839963    
   595.8323187628804    
   601.8099104488301    
   607.6647933253870    
   613.6720348180891    
   619.8204180476943    
   625.8381227362855    
   631.7404279855086    
   637.8013699654886    
   644.0067155624096    
   650.0850583082655    
   656.0545714450764    
   662.1892780195698    
   668.4724090856781    
   674.6328507832773    
   680.6919569079879    
   686.9243200382330    
   693.3104214255740    
   699.5785378779610    
   705.7527917940218    
   712.1084921488124    
   718.6231237111213    
   725.0238414619131    
   731.3378174878162    
   737.8420147663034    
   744.5113323748110    
   751.0716194366386    
