 -0.1054510231727575    
 -0.8938015462585562E-01
 -0.7330897608536327E-01
 -0.5724172554156250E-01
 -0.4118264854386309E-01
 -0.2513599388937793E-01
 -0.9106008704669216E-02
  0.6903063709813115E-02
  0.2288698553804464E-01
  0.3884152896431382E-01
  0.5476248122503739E-01
  0.7064564683795972E-01
  0.8648684935386551E-01
  0.1022819359617703    
  0.1180267825642168    
  0.1337172960052292    
  0.1493494158391370    
  0.1649191189011273    
  0.1804224242645415    
  0.1958553953756230    
  0.2112141417818768    
  0.2264948235557821    
  0.2416936559593089    
  0.2568069113623020    
  0.2718309209068648    
  0.2867620787264858    
  0.3015968461174152    
  0.3163317530373719    
  0.3309633996939197    
  0.3454884606276404    
  0.3599036882445626    
  0.3742059135639639    
  0.3883920476082154    
  0.4024590855634125    
  0.4164041097721652    
  0.4302242893540472    
  0.4439168809514753    
  0.4574792331046922    
  0.4709087892319503    
  0.4842030861243899    
  0.4973597532832950    
  0.5103765169913654    
  0.5232512038801010    
  0.5359817392620193    
  0.5485661448487937    
  0.5610025411225124    
  0.5732891508084338    
  0.5854242983338956    
  0.5974064076744152    
  0.6092340026398488    
  0.6209057077933664    
  0.6324202477287503    
  0.6437764471506474    
  0.6549732323376836    
  0.6660096295018753    
  0.6768847599596103    
  0.6875978393515431    
  0.6981481825011498    
  0.7085352047971866    
  0.7187584154817779    
  0.7288174115377362    
  0.7387118794977624    
  0.7484415991864696    
  0.7580064418854285    
  0.7674063661267365    
  0.7766414159874450    
  0.7857117187348266    
  0.7946174799149003    
  0.8033589823379588    
  0.8119365911208565    
  0.8203507548254693    
  0.8286019965775903    
  0.8366909048154325    
  0.8446181335035102    
  0.8523844062884132    
  0.8599905156267078    
  0.8674373195764719    
  0.8747257411163254    
  0.8818567649889285    
  0.8888314285029648    
  0.8956508154944308    
  0.9023160609150200    
  0.9088283571915312    
  0.9151889514176972    
  0.9213991378665610    
  0.9274602546705948    
  0.9333736813961463    
  0.9391408321828048    
  0.9447631515220847    
  0.9502421197550841    
  0.9555792595418242    
  0.9607761321850141    
  0.9658343290518692    
  0.9707554683838442    
  0.9755411940336640    
  0.9801931689467727    
  0.9847130699238839    
  0.9891025924437457    
  0.9933634579944060    
  0.9974974120153427    
   1.001506216887994    
   1.005391650456561    
   1.009155506009807    
   1.012799584846962    
   1.016325687974285    
   1.019735618272454    
   1.023031187542144    
   1.026214215995547    
   1.029286527753904    
   1.032249953009634    
   1.035106331942189    
   1.037857508909518    
   1.040505322272184    
   1.043051603130365    
   1.045498179506302    
   1.047846873607695    
   1.050099495903709    
   1.052257848439089    
   1.054323732998557    
   1.056298950103177    
   1.058185291801655    
   1.059984541951212    
   1.061698481229798    
   1.063328883203250    
   1.064877504588552    
   1.066346084635939    
   1.067736351638415    
   1.069050021727613    
   1.070288791615178    
   1.071454340265676    
   1.072548337833237    
   1.073572445909674    
   1.074528309696298    
   1.075417558038178    
   1.076241811075517    
   1.077002679219669    
   1.077701753306409    
   1.078340602928509    
   1.078920784123881    
   1.079443839375972    
   1.079911288271866    
   1.080324626352919    
   1.080685334607625    
   1.080994881613227    
   1.081254714820186    
   1.081466259084681    
   1.081630926702352    
   1.081750120354707    
   1.081825223520549    
   1.081857597135149    
   1.081848589130955    
   1.081799537943063    
   1.081711762133646    
   1.081586555277727    
   1.081425195528952    
   1.081228950844285    
   1.080999068934215    
   1.080736770843136    
   1.080443260866740    
   1.080119734268157    
   1.079767368148329    
   1.079387313311504    
   1.078980703738200    
   1.078548666733097    
   1.078092314945478    
   1.077612735761676    
   1.077110998998094    
   1.076588169232736    
   1.076045299726114    
   1.075483419191791    
   1.074903536422038    
   1.074306654539143    
   1.073693768291258    
   1.073065849034836    
   1.072423845096968    
   1.071768697106108    
   1.071101340284504    
   1.070422689444877    
   1.069733634070176    
   1.069035052719497    
   1.068327821201655    
   1.067612800266623    
   1.066890825193250    
   1.066162716145568    
   1.065429291479141    
   1.064691361289273    
   1.063949713100259    
   1.063205114894667    
   1.062458330541045    
   1.061710121696728    
   1.060961233553136    
   1.060212388897838    
   1.059464300628324    
   1.058717682021547    
   1.057973237998090    
   1.057231652091289    
   1.056493590789893    
   1.055759718288648    
   1.055030697573679    
   1.054307176152059    
   1.053589779929829    
   1.052879125419040    
   1.052175830418131    
   1.051480505919554    
   1.050793742838579    
   1.050116115329232    
   1.049448194998569    
   1.048790553065846    
   1.048143748012577    
   1.047508319344680    
   1.046884796720615    
   1.046273709124163    
   1.045675580765478    
   1.045090922002333    
   1.044520229041487    
   1.043963991131061    
   1.043422694680866    
   1.042896820446842    
   1.042386838393677    
   1.041893205938797    
   1.041416371951639    
   1.040956782876056    
   1.040514882664311    
   1.040091104674264    
   1.039685866817546    
   1.039299579103506    
   1.038932653370142    
   1.038585499238119    
   1.038258511549977    
   1.037952069305176    
   1.037666548078651    
   1.037402326119376    
   1.037159775180309    
   1.036939251500238    
   1.036741099858252    
   1.036565661985329    
   1.036413277084109    
   1.036284277288021    
   1.036178985445877    
   1.036097714431621    
   1.036040766942438    
   1.036008439627403    
   1.036001028563970    
   1.036018825805703    
   1.036062108982926    
   1.036131140140615    
   1.036226177453652    
   1.036347481957728    
   1.036495308913680    
   1.036669898326748    
   1.036871478678654    
   1.037100274844114    
   1.037356507098750    
   1.037640386763560    
   1.037952118198436    
   1.038291901131501    
   1.038659925506644    
   1.039056367434128    
   1.039481395515698    
   1.039935177770331    
   1.040417876755621    
   1.040929640910936    
   1.041470606273842    
   1.042040903553894    
   1.042640657119590    
   1.043269979248369    
   1.043928971694865    
   1.044617731097384    
   1.045336346157038    
   1.046084890126144    
   1.046863421931999    
   1.047671994033586    
   1.048510653189348    
   1.049379433466705    
   1.050278353948132    
   1.051207423345152    
   1.052166641160646    
   1.053155993311607    
   1.054175451553766    
   1.055224978437356    
   1.056304528295011    
   1.057414041628710    
   1.058553442076609    
   1.059722640300255    
   1.060921537504374    
   1.062150023437787    
   1.063407973495953    
   1.064695249167860    
   1.066011698915518    
   1.067357156713508    
   1.068731440748217    
   1.070134354480925    
   1.071565688025774    
   1.073025217397458    
   1.074512701911953    
   1.076027881626889    
   1.077570477158057    
   1.079140192633079    
   1.080736717940261    
   1.082359725531503    
   1.084008864809042    
   1.085683762304323    
   1.087384027269570    
   1.089109252906941    
   1.090859010922579    
   1.092632849331681    
   1.094430297487771    
   1.096250868222477    
   1.098094051934934    
   1.099959313634956    
   1.101846100010836    
   1.103753844471173    
   1.105681959597103    
   1.107629828507878    
   1.109596809753464    
   1.111582247163237    
   1.113585467122957    
   1.115605767019052    
   1.117642412701846    
   1.119694646344761    
   1.121761689513522    
   1.123842736841391    
   1.125936951375275    
   1.128043466951498    
   1.130161390730734    
   1.132289802327543    
   1.134427753854140    
   1.136574271419031    
   1.138728354098307    
   1.140888972527404    
   1.143055072275971    
   1.145225578001359    
   1.147399390784091    
   1.149575382655645    
   1.151752398009696    
   1.153929258945273    
   1.156104763352793    
   1.158277676914097    
   1.160446730919845    
   1.162610627078233    
   1.164768038190016    
   1.166917602123535    
   1.169057919495313    
   1.171187559219203    
   1.173305063188208    
   1.175408945172529    
   1.177497690687278    
   1.179569762225739    
   1.181623603756166    
   1.183657639432989    
   1.185670270515178    
   1.187659874581370    
   1.189624804340836    
   1.191563383525944    
   1.193473902962399    
   1.195354619818539    
   1.197203758656975    
   1.199019512726140    
   1.200800046323490    
   1.202543498362284    
   1.204247986010482    
   1.205911608668764    
   1.207532452692195    
   1.209108594761169    
   1.210638101945309    
   1.212119029237997    
   1.213549414767199    
   1.214927271403464    
   1.216250578040289    
   1.217517278441449    
   1.218725289497984    
   1.219872511322707    
   1.220956833652156    
   1.221976140943355    
   1.222928317398535    
   1.223811248617982    
   1.224622821237806    
   1.225360924749765    
   1.226023448580174    
   1.226608263996004    
   1.227113203379840    
   1.227536065226071    
   1.227874644677632    
   1.228126753578828    
   1.228290212493808    
   1.228362844076783    
   1.228342491784117    
   1.228227035928052    
   1.228014371869051    
   1.227702371424101    
   1.227288875601415    
   1.226771719433988    
   1.226148749019810    
   1.225417820892011    
   1.224576812243239    
   1.223623646318096    
   1.222556297944326    
   1.221372764836184    
   1.220071037392961    
   1.218649095267475    
   1.217104918808975    
   1.215436498466904    
   1.213641850685804    
   1.211719044892068    
   1.209666217405885    
   1.207481552825485    
   1.205163251097476    
   1.202709510394734    
   1.200118530837746    
   1.197388529025264    
   1.194517761505151    
   1.191504552171364    
   1.188347301565860    
   1.185044463808925    
   1.181594510632791    
   1.177995915031012    
   1.174247163765396    
   1.170346784966904    
   1.166293375500843    
   1.162085614661775    
   1.157722251015436    
   1.153202066909470    
   1.148523851630908    
   1.143686410899492    
   1.138688603934567    
   1.133529373959794    
   1.128207749572350    
   1.122722820542497    
   1.117073707268807    
   1.111259547574389    
   1.105279515806714    
   1.099132861459079    
   1.092818930093961    
   1.086337143938961    
   1.079686963532824    
   1.072867872012660    
   1.065879396419970    
   1.058721141805363    
   1.051392805334267    
   1.043894159462561    
   1.036225021620266    
   1.028385241339943    
   1.020374720621144    
   1.012193447114099    
   1.003841501607094    
  0.9953190304867364    
  0.9866262182724390    
  0.9777632951682452    
  0.9687305684864594    
  0.9595284375279024    
  0.9501573762018136    
  0.9406179089596329    
  0.9309106101906732    
  0.9210361254230258    
  0.9109951870821876    
  0.9007886064279264    
  0.8904172535173731    
  0.8798820521923495    
  0.8691839971961440    
  0.8583241696819950    
  0.8473037290760165    
  0.8361238941189242    
  0.8247859424399060    
  0.8132912289541556    
  0.8016411938140227    
  0.7898373484720168    
  0.7778812640172215    
  0.7657745803878314    
  0.7535190195658813    
  0.7411163811209146    
  0.7285685298110224    
  0.7158773966888916    
  0.7030449898070651    
  0.6900733952054329    
  0.6769647680820184    
  0.6637213304861495    
  0.6503453779475066    
  0.6368392817375313    
  0.6232054833266667    
  0.6094464916587551    
  0.5955648868202762    
  0.5815633216273752    
  0.5674445179090356    
  0.5532112643427557    
  0.5388664184559672    
  0.5244129070898936    
  0.5098537233842753    
  0.4951919251827517    
  0.4804306361414712    
  0.4655730451723288    
  0.4506224035203004    
  0.4355820234876605    
  0.4204552789975880    
  0.4052456042090011    
  0.3899564904102114    
  0.3745914848296463    
  0.3591541907807326    
  0.3436482655949810    
  0.3280774172166050    
  0.3124454029418045    
  0.2967560291840345    
  0.2810131488219888    
  0.2652206574537874    
  0.2493824919741676    
  0.2335026299777423    
  0.2175850865909967    
  0.2016339103809281    
  0.1856531817281113    
  0.1696470118904062    
  0.1536195393819336    
  0.1375749255577812    
  0.1215173527788721    
  0.1054510231727575    
  0.8938015462585562E-01
  0.7330897608536327E-01
  0.5724172554156250E-01
  0.4118264854386309E-01
  0.2513599388937793E-01
  0.9106008704669216E-02
 -0.6903063709813115E-02
 -0.2288698553804464E-01
 -0.3884152896431382E-01
 -0.5476248122503739E-01
 -0.7064564683795972E-01
 -0.8648684935386551E-01
 -0.1022819359617703    
 -0.1180267825642168    
 -0.1337172960052292    
 -0.1493494158391370    
 -0.1649191189011273    
 -0.1804224242645415    
 -0.1958553953756230    
 -0.2112141417818768    
 -0.2264948235557821    
 -0.2416936559593089    
 -0.2568069113623020    
 -0.2718309209068648    
 -0.2867620787264858    
 -0.3015968461174152    
 -0.3163317530373719    
 -0.3309633996939197    
 -0.3454884606276404    
 -0.3599036882445626    
 -0.3742059135639639    
 -0.3883920476082154    
 -0.4024590855634125    
 -0.4164041097721652    
 -0.4302242893540472    
 -0.4439168809514753    
 -0.4574792331046922    
 -0.4709087892319503    
 -0.4842030861243899    
 -0.4973597532832950    
 -0.5103765169913654    
 -0.5232512038801010    
 -0.5359817392620193    
 -0.5485661448487937    
 -0.5610025411225124    
 -0.5732891508084338    
 -0.5854242983338956    
 -0.5974064076744152    
 -0.6092340026398488    
 -0.6209057077933664    
 -0.6324202477287503    
 -0.6437764471506474    
 -0.6549732323376836    
 -0.6660096295018753    
 -0.6768847599596103    
 -0.6875978393515431    
 -0.6981481825011498    
 -0.7085352047971866    
 -0.7187584154817779    
 -0.7288174115377362    
 -0.7387118794977624    
 -0.7484415991864696    
 -0.7580064418854285    
 -0.7674063661267365    
 -0.7766414159874450    
 -0.7857117187348266    
 -0.7946174799149003    
 -0.8033589823379588    
 -0.8119365911208565    
 -0.8203507548254693    
 -0.8286019965775903    
 -0.8366909048154325    
 -0.8446181335035102    
 -0.8523844062884132    
 -0.8599905156267078    
 -0.8674373195764719    
 -0.8747257411163254    
 -0.8818567649889285    
 -0.8888314285029648    
 -0.8956508154944308    
 -0.9023160609150200    
 -0.9088283571915312    
 -0.9151889514176972    
 -0.9213991378665610    
 -0.9274602546705948    
 -0.9333736813961463    
 -0.9391408321828048    
 -0.9447631515220847    
 -0.9502421197550841    
 -0.9555792595418242    
 -0.9607761321850141    
 -0.9658343290518692    
 -0.9707554683838442    
 -0.9755411940336640    
 -0.9801931689467727    
 -0.9847130699238839    
 -0.9891025924437457    
 -0.9933634579944060    
 -0.9974974120153427    
  -1.001506216887994    
  -1.005391650456561    
  -1.009155506009807    
  -1.012799584846962    
  -1.016325687974285    
  -1.019735618272454    
  -1.023031187542144    
  -1.026214215995547    
  -1.029286527753904    
  -1.032249953009634    
  -1.035106331942189    
  -1.037857508909518    
  -1.040505322272184    
  -1.043051603130365    
  -1.045498179506302    
  -1.047846873607695    
  -1.050099495903709    
  -1.052257848439089    
  -1.054323732998557    
  -1.056298950103177    
  -1.058185291801655    
  -1.059984541951212    
  -1.061698481229798    
  -1.063328883203250    
  -1.064877504588552    
  -1.066346084635939    
  -1.067736351638415    
  -1.069050021727613    
  -1.070288791615178    
  -1.071454340265676    
  -1.072548337833237    
  -1.073572445909674    
  -1.074528309696298    
  -1.075417558038178    
  -1.076241811075517    
  -1.077002679219669    
  -1.077701753306409    
  -1.078340602928509    
  -1.078920784123881    
  -1.079443839375972    
  -1.079911288271866    
  -1.080324626352919    
  -1.080685334607625    
  -1.080994881613227    
  -1.081254714820186    
  -1.081466259084681    
  -1.081630926702352    
  -1.081750120354707    
  -1.081825223520549    
  -1.081857597135149    
  -1.081848589130955    
  -1.081799537943063    
  -1.081711762133646    
  -1.081586555277727    
  -1.081425195528952    
  -1.081228950844285    
  -1.080999068934215    
  -1.080736770843136    
  -1.080443260866740    
  -1.080119734268157    
  -1.079767368148329    
  -1.079387313311504    
  -1.078980703738200    
  -1.078548666733097    
  -1.078092314945478    
  -1.077612735761676    
  -1.077110998998094    
  -1.076588169232736    
  -1.076045299726114    
  -1.075483419191791    
  -1.074903536422038    
  -1.074306654539143    
  -1.073693768291258    
  -1.073065849034836    
  -1.072423845096968    
  -1.071768697106108    
  -1.071101340284504    
  -1.070422689444877    
  -1.069733634070176    
  -1.069035052719497    
  -1.068327821201655    
  -1.067612800266623    
  -1.066890825193250    
  -1.066162716145568    
  -1.065429291479141    
  -1.064691361289273    
  -1.063949713100259    
  -1.063205114894667    
  -1.062458330541045    
  -1.061710121696728    
  -1.060961233553136    
  -1.060212388897838    
  -1.059464300628324    
  -1.058717682021547    
  -1.057973237998090    
  -1.057231652091289    
  -1.056493590789893    
  -1.055759718288648    
  -1.055030697573679    
  -1.054307176152059    
  -1.053589779929829    
  -1.052879125419040    
  -1.052175830418131    
  -1.051480505919554    
  -1.050793742838579    
  -1.050116115329232    
  -1.049448194998569    
  -1.048790553065846    
  -1.048143748012577    
  -1.047508319344680    
  -1.046884796720615    
  -1.046273709124163    
  -1.045675580765478    
  -1.045090922002333    
  -1.044520229041487    
  -1.043963991131061    
  -1.043422694680866    
  -1.042896820446842    
  -1.042386838393677    
  -1.041893205938797    
  -1.041416371951639    
  -1.040956782876056    
  -1.040514882664311    
  -1.040091104674264    
  -1.039685866817546    
  -1.039299579103506    
  -1.038932653370142    
  -1.038585499238119    
  -1.038258511549977    
  -1.037952069305176    
  -1.037666548078651    
  -1.037402326119376    
  -1.037159775180309    
  -1.036939251500238    
  -1.036741099858252    
  -1.036565661985329    
  -1.036413277084109    
  -1.036284277288021    
  -1.036178985445877    
  -1.036097714431621    
  -1.036040766942438    
  -1.036008439627403    
  -1.036001028563970    
  -1.036018825805703    
  -1.036062108982926    
  -1.036131140140615    
  -1.036226177453652    
  -1.036347481957728    
  -1.036495308913680    
  -1.036669898326748    
  -1.036871478678654    
  -1.037100274844114    
  -1.037356507098750    
  -1.037640386763560    
  -1.037952118198436    
  -1.038291901131501    
  -1.038659925506644    
  -1.039056367434128    
  -1.039481395515698    
  -1.039935177770331    
  -1.040417876755621    
  -1.040929640910936    
  -1.041470606273842    
  -1.042040903553894    
  -1.042640657119590    
  -1.043269979248369    
  -1.043928971694865    
  -1.044617731097384    
  -1.045336346157038    
  -1.046084890126144    
  -1.046863421931999    
  -1.047671994033586    
  -1.048510653189348    
  -1.049379433466705    
  -1.050278353948132    
  -1.051207423345152    
  -1.052166641160646    
  -1.053155993311607    
  -1.054175451553766    
  -1.055224978437356    
  -1.056304528295011    
  -1.057414041628710    
  -1.058553442076609    
  -1.059722640300255    
  -1.060921537504374    
  -1.062150023437787    
  -1.063407973495953    
  -1.064695249167860    
  -1.066011698915518    
  -1.067357156713508    
  -1.068731440748217    
  -1.070134354480925    
  -1.071565688025774    
  -1.073025217397458    
  -1.074512701911953    
  -1.076027881626889    
  -1.077570477158057    
  -1.079140192633079    
  -1.080736717940261    
  -1.082359725531503    
  -1.084008864809042    
  -1.085683762304323    
  -1.087384027269570    
  -1.089109252906941    
  -1.090859010922579    
  -1.092632849331681    
  -1.094430297487771    
  -1.096250868222477    
  -1.098094051934934    
  -1.099959313634956    
  -1.101846100010836    
  -1.103753844471173    
  -1.105681959597103    
  -1.107629828507878    
  -1.109596809753464    
  -1.111582247163237    
  -1.113585467122957    
  -1.115605767019052    
  -1.117642412701846    
  -1.119694646344761    
  -1.121761689513522    
  -1.123842736841391    
  -1.125936951375275    
  -1.128043466951498    
  -1.130161390730734    
  -1.132289802327543    
  -1.134427753854140    
  -1.136574271419031    
  -1.138728354098307    
  -1.140888972527404    
  -1.143055072275971    
  -1.145225578001359    
  -1.147399390784091    
  -1.149575382655645    
  -1.151752398009696    
  -1.153929258945273    
  -1.156104763352793    
  -1.158277676914097    
  -1.160446730919845    
  -1.162610627078233    
  -1.164768038190016    
  -1.166917602123535    
  -1.169057919495313    
  -1.171187559219203    
  -1.173305063188208    
  -1.175408945172529    
  -1.177497690687278    
  -1.179569762225739    
  -1.181623603756166    
  -1.183657639432989    
  -1.185670270515178    
  -1.187659874581370    
  -1.189624804340836    
  -1.191563383525944    
  -1.193473902962399    
  -1.195354619818539    
  -1.197203758656975    
  -1.199019512726140    
  -1.200800046323490    
  -1.202543498362284    
  -1.204247986010482    
  -1.205911608668764    
  -1.207532452692195    
  -1.209108594761169    
  -1.210638101945309    
  -1.212119029237997    
  -1.213549414767199    
  -1.214927271403464    
  -1.216250578040289    
  -1.217517278441449    
  -1.218725289497984    
  -1.219872511322707    
  -1.220956833652156    
  -1.221976140943355    
  -1.222928317398535    
  -1.223811248617982    
  -1.224622821237806    
  -1.225360924749765    
  -1.226023448580174    
  -1.226608263996004    
  -1.227113203379840    
  -1.227536065226071    
  -1.227874644677632    
  -1.228126753578828    
  -1.228290212493808    
  -1.228362844076783    
  -1.228342491784117    
  -1.228227035928052    
  -1.228014371869051    
  -1.227702371424101    
  -1.227288875601415    
  -1.226771719433988    
  -1.226148749019810    
  -1.225417820892011    
  -1.224576812243239    
  -1.223623646318096    
  -1.222556297944326    
  -1.221372764836184    
  -1.220071037392961    
  -1.218649095267475    
  -1.217104918808975    
  -1.215436498466904    
  -1.213641850685804    
  -1.211719044892068    
  -1.209666217405885    
  -1.207481552825485    
  -1.205163251097476    
  -1.202709510394734    
  -1.200118530837746    
  -1.197388529025264    
  -1.194517761505151    
  -1.191504552171364    
  -1.188347301565860    
  -1.185044463808925    
  -1.181594510632791    
  -1.177995915031012    
  -1.174247163765396    
  -1.170346784966904    
  -1.166293375500843    
  -1.162085614661775    
  -1.157722251015436    
  -1.153202066909470    
  -1.148523851630908    
  -1.143686410899492    
  -1.138688603934567    
  -1.133529373959794    
  -1.128207749572350    
  -1.122722820542497    
  -1.117073707268807    
  -1.111259547574389    
  -1.105279515806714    
  -1.099132861459079    
  -1.092818930093961    
  -1.086337143938961    
  -1.079686963532824    
  -1.072867872012660    
  -1.065879396419970    
  -1.058721141805363    
  -1.051392805334267    
  -1.043894159462561    
  -1.036225021620266    
  -1.028385241339943    
  -1.020374720621144    
  -1.012193447114099    
  -1.003841501607094    
 -0.9953190304867364    
 -0.9866262182724390    
 -0.9777632951682452    
 -0.9687305684864594    
 -0.9595284375279024    
 -0.9501573762018136    
 -0.9406179089596329    
 -0.9309106101906732    
 -0.9210361254230258    
 -0.9109951870821876    
 -0.9007886064279264    
 -0.8904172535173731    
 -0.8798820521923495    
 -0.8691839971961440    
 -0.8583241696819950    
 -0.8473037290760165    
 -0.8361238941189242    
 -0.8247859424399060    
 -0.8132912289541556    
 -0.8016411938140227    
 -0.7898373484720168    
 -0.7778812640172215    
 -0.7657745803878314    
 -0.7535190195658813    
 -0.7411163811209146    
 -0.7285685298110224    
 -0.7158773966888916    
 -0.7030449898070651    
 -0.6900733952054329    
 -0.6769647680820184    
 -0.6637213304861495    
 -0.6503453779475066    
 -0.6368392817375313    
 -0.6232054833266667    
 -0.6094464916587551    
 -0.5955648868202762    
 -0.5815633216273752    
 -0.5674445179090356    
 -0.5532112643427557    
 -0.5388664184559672    
 -0.5244129070898936    
 -0.5098537233842753    
 -0.4951919251827517    
 -0.4804306361414712    
 -0.4655730451723288    
 -0.4506224035203004    
 -0.4355820234876605    
 -0.4204552789975880    
 -0.4052456042090011    
 -0.3899564904102114    
 -0.3745914848296463    
 -0.3591541907807326    
 -0.3436482655949810    
 -0.3280774172166050    
 -0.3124454029418045    
 -0.2967560291840345    
 -0.2810131488219888    
 -0.2652206574537874    
 -0.2493824919741676    
 -0.2335026299777423    
 -0.2175850865909967    
 -0.2016339103809281    
 -0.1856531817281113    
 -0.1696470118904062    
 -0.1536195393819336    
 -0.1375749255577812    
 -0.1215173527788721    
