   2.227933309744548    
   2.246745697474814    
   2.267547675410132    
   2.289117643056482    
   2.310554422224512    
   2.333010566332280    
   2.357314754077298    
   2.382348368104927    
   2.407276906797889    
   2.433064896922134    
   2.460351921479486    
   2.488016571443394    
   2.515183227401341    
   2.542546204562494    
   2.570415427127948    
   2.597443635600897    
   2.622471487268535    
   2.645651707842127    
   2.666563771188648    
   2.683065798779062    
   2.693018030347971    
   2.695168612153120    
   2.687190235327952    
   2.664544569255849    
   2.622029703559436    
   2.554274361840648    
   2.453401472811602    
   2.307606921107202    
   2.102251947810275    
   1.819551146251780    
   1.435333411653238    
  0.9170076787847403    
  0.2243861987009258    
 -0.6903731161574593    
  -1.883881974753796    
  -3.417065543805374    
  -5.340979237321882    
  -7.674740768367341    
  -10.37572531796425    
  -13.30339980884679    
  -16.19688951774794    
  -18.70309232929763    
  -20.47080991771007    
  -21.27258312651125    
  -21.08309142948619    
  -20.06859171589270    
  -18.50264890499271    
  -16.66519691191560    
  -14.77631884584384    
  -12.97870304576191    
  -11.34992019994449    
  -9.920766494104582    
  -8.691088735344277    
  -7.644692123216252    
  -6.761112280538063    
  -6.019465694623321    
  -5.397613387461939    
  -4.874425546347649    
  -4.434099639846042    
  -4.065064653737787    
  -3.755003974836501    
  -3.491300930153284    
  -3.266362087264485    
  -3.077134870972808    
  -2.918231777402047    
  -2.780954583993026    
  -2.660682871358305    
  -2.558968126024306    
  -2.475257789953847    
  -2.402661240230386    
  -2.336028078290900    
  -2.278136036124705    
  -2.232286897826480    
  -2.194094623583532    
  -2.157252793491452    
  -2.123014574798407    
  -2.096388670756468    
  -2.076100087293170    
  -2.056303789596632    
  -2.036300777851244    
  -2.020469746560507    
  -2.009373849433274    
  -1.998780211046277    
  -1.987527916248609    
  -1.978845422902616    
  -1.973243753474602    
  -1.967338267483987    
  -1.960725137616885    
  -1.956883909999422    
  -1.955868108296810    
  -1.953311663388106    
  -1.948602349041354    
  -1.946697626564874    
  -1.949151006296463    
  -1.950681149047194    
  -1.948269896679952    
  -1.946585070017372    
  -1.949760606568933    
  -1.954287489278537    
  -1.955528991666613    
  -1.955638294228168    
  -1.958949434185908    
  -1.964206301027790    
  -1.967721448264638    
  -1.970471374464178    
  -1.975645174659716    
  -1.982145135455898    
  -1.986862035402601    
  -1.991030206752975    
  -1.998062526021297    
  -2.006922755978878    
  -2.013872643656921    
  -2.019474300239272    
  -2.027648974224991    
  -2.038526944014313    
  -2.048367041953288    
  -2.056467067218569    
  -2.066220690896374    
  -2.078794472560855    
  -2.091336348635018    
  -2.102520232020214    
  -2.114759745835247    
  -2.129461565123173    
  -2.144663216870641    
  -2.159078066481551    
  -2.174420054290677    
  -2.191915042056735    
  -2.210107757248667    
  -2.227933309744548    
  -2.246745697474814    
  -2.267547675410132    
  -2.289117643056482    
  -2.310554422224512    
  -2.333010566332280    
  -2.357314754077298    
  -2.382348368104927    
  -2.407276906797889    
  -2.433064896922134    
  -2.460351921479486    
  -2.488016571443394    
  -2.515183227401341    
  -2.542546204562494    
  -2.570415427127948    
  -2.597443635600897    
  -2.622471487268535    
  -2.645651707842127    
  -2.666563771188648    
  -2.683065798779062    
  -2.693018030347971    
  -2.695168612153120    
  -2.687190235327952    
  -2.664544569255849    
  -2.622029703559436    
  -2.554274361840648    
  -2.453401472811602    
  -2.307606921107202    
  -2.102251947810275    
  -1.819551146251780    
  -1.435333411653238    
 -0.9170076787847403    
 -0.2243861987009258    
  0.6903731161574593    
   1.883881974753796    
   3.417065543805374    
   5.340979237321882    
   7.674740768367341    
   10.37572531796425    
   13.30339980884679    
   16.19688951774794    
   18.70309232929763    
   20.47080991771007    
   21.27258312651125    
   21.08309142948619    
   20.06859171589270    
   18.50264890499271    
   16.66519691191560    
   14.77631884584384    
   12.97870304576191    
   11.34992019994449    
   9.920766494104582    
   8.691088735344277    
   7.644692123216252    
   6.761112280538063    
   6.019465694623321    
   5.397613387461939    
   4.874425546347649    
   4.434099639846042    
   4.065064653737787    
   3.755003974836501    
   3.491300930153284    
   3.266362087264485    
   3.077134870972808    
   2.918231777402047    
   2.780954583993026    
   2.660682871358305    
   2.558968126024306    
   2.475257789953847    
   2.402661240230386    
   2.336028078290900    
   2.278136036124705    
   2.232286897826480    
   2.194094623583532    
   2.157252793491452    
   2.123014574798407    
   2.096388670756468    
   2.076100087293170    
   2.056303789596632    
   2.036300777851244    
   2.020469746560507    
   2.009373849433274    
   1.998780211046277    
   1.987527916248609    
   1.978845422902616    
   1.973243753474602    
   1.967338267483987    
   1.960725137616885    
   1.956883909999422    
   1.955868108296810    
   1.953311663388106    
   1.948602349041354    
   1.946697626564874    
   1.949151006296463    
   1.950681149047194    
   1.948269896679952    
   1.946585070017372    
   1.949760606568933    
   1.954287489278537    
   1.955528991666613    
   1.955638294228168    
   1.958949434185908    
   1.964206301027790    
   1.967721448264638    
   1.970471374464178    
   1.975645174659716    
   1.982145135455898    
   1.986862035402601    
   1.991030206752975    
   1.998062526021297    
   2.006922755978878    
   2.013872643656921    
   2.019474300239272    
   2.027648974224991    
   2.038526944014313    
   2.048367041953288    
   2.056467067218569    
   2.066220690896374    
   2.078794472560855    
   2.091336348635018    
   2.102520232020214    
   2.114759745835247    
   2.129461565123173    
   2.144663216870641    
   2.159078066481551    
   2.174420054290677    
   2.191915042056735    
   2.210107757248667    
