   4.422837321762233    
   4.470923365179339    
   4.522390408600541    
   4.575853541259368    
   4.631352114509339    
   4.690618123291019    
   4.753963038425940    
   4.819871649836028    
   4.888244434209004    
   4.960943806251978    
   5.038389376572750    
   5.118833443218957    
   5.201919236768143    
   5.289565161530573    
   5.382176699726583    
   5.477506174434037    
   5.574603901883210    
   5.675117941819811    
   5.778971913047578    
   5.882630480216090    
   5.983515457403366    
   6.081789944930895    
   6.175197531556627    
   6.256341316909242    
   6.317521933502015    
   6.352902303235584    
   6.351701335791487    
   6.293396432650283    
   6.152312624867431    
   5.899172064727343    
   5.490142602301930    
   4.856744423504033    
   3.907788505276860    
   2.528046326574423    
  0.5606760747644683    
  -2.204884264122067    
  -6.013024221414592    
  -11.09566622566214    
  -17.59892039778830    
  -25.43671371839988    
  -34.07034763355043    
  -42.38363282837548    
  -48.90038479694250    
  -52.36140538408396    
  -52.30868169275016    
  -49.24207141189063    
  -44.25974672603595    
  -38.50685481718823    
  -32.81609811989532    
  -27.64861001711534    
  -23.19350874229561    
  -19.47443545589682    
  -16.42463055928379    
  -13.94459879641152    
  -11.93842994044100    
  -10.32190764083795    
  -9.019047367109511    
  -7.965055269388205    
  -7.111036514554549    
  -6.420028336930289    
  -5.859843156301977    
  -5.402863262822429    
  -5.029370649754877    
  -4.725617703314577    
  -4.478797129411627    
  -4.276710851647930    
  -4.110979530376857    
  -3.976716883638032    
  -3.868839362599377    
  -3.781330753434916    
  -3.710064501454841    
  -3.653489009524631    
  -3.609824832013430    
  -3.575807124365339    
  -3.548945350465418    
  -3.528900368567466    
  -3.515450934161899    
  -3.506783721230498    
  -3.501077666851537    
  -3.498315350836335    
  -3.499010757271538    
  -3.502251756452066    
  -3.506584428428232    
  -3.511972425327059    
  -3.519194701828227    
  -3.527881403562968    
  -3.536852273869126    
  -3.546033751724922    
  -3.556293097231431    
  -3.567521567347679    
  -3.578642563260122    
  -3.589554596540168    
  -3.601273112750035    
  -3.613913612408722    
  -3.626346562021340    
  -3.638280418350392    
  -3.650855019512748    
  -3.664525002072135    
  -3.678180905538737    
  -3.691235134725246    
  -3.704782332687075    
  -3.719596705045836    
  -3.734711260357559    
  -3.749296347216365    
  -3.764308160259993    
  -3.780756893917045    
  -3.797858561392244    
  -3.814602577099514    
  -3.831770921809094    
  -3.850546498256047    
  -3.870351829911347    
  -3.890058934995438    
  -3.910263623670756    
  -3.932255133026329    
  -3.955654771834991    
  -3.979276788009422    
  -4.003558459753721    
  -4.029855724678864    
  -4.057955716699599    
  -4.086639047048060    
  -4.116221509532529    
  -4.148123089753992    
  -4.182271834302445    
  -4.217413206901431    
  -4.253765903444862    
  -4.292828679975037    
  -4.334658137662919    
  -4.377949797404935    
  -4.422837321762233    
  -4.470923365179339    
  -4.522390408600541    
  -4.575853541259368    
  -4.631352114509339    
  -4.690618123291019    
  -4.753963038425940    
  -4.819871649836028    
  -4.888244434209004    
  -4.960943806251978    
  -5.038389376572750    
  -5.118833443218957    
  -5.201919236768143    
  -5.289565161530573    
  -5.382176699726583    
  -5.477506174434037    
  -5.574603901883210    
  -5.675117941819811    
  -5.778971913047578    
  -5.882630480216090    
  -5.983515457403366    
  -6.081789944930895    
  -6.175197531556627    
  -6.256341316909242    
  -6.317521933502015    
  -6.352902303235584    
  -6.351701335791487    
  -6.293396432650283    
  -6.152312624867431    
  -5.899172064727343    
  -5.490142602301930    
  -4.856744423504033    
  -3.907788505276860    
  -2.528046326574423    
 -0.5606760747644683    
   2.204884264122067    
   6.013024221414592    
   11.09566622566214    
   17.59892039778830    
   25.43671371839988    
   34.07034763355043    
   42.38363282837548    
   48.90038479694250    
   52.36140538408396    
   52.30868169275016    
   49.24207141189063    
   44.25974672603595    
   38.50685481718823    
   32.81609811989532    
   27.64861001711534    
   23.19350874229561    
   19.47443545589682    
   16.42463055928379    
   13.94459879641152    
   11.93842994044100    
   10.32190764083795    
   9.019047367109511    
   7.965055269388205    
   7.111036514554549    
   6.420028336930289    
   5.859843156301977    
   5.402863262822429    
   5.029370649754877    
   4.725617703314577    
   4.478797129411627    
   4.276710851647930    
   4.110979530376857    
   3.976716883638032    
   3.868839362599377    
   3.781330753434916    
   3.710064501454841    
   3.653489009524631    
   3.609824832013430    
   3.575807124365339    
   3.548945350465418    
   3.528900368567466    
   3.515450934161899    
   3.506783721230498    
   3.501077666851537    
   3.498315350836335    
   3.499010757271538    
   3.502251756452066    
   3.506584428428232    
   3.511972425327059    
   3.519194701828227    
   3.527881403562968    
   3.536852273869126    
   3.546033751724922    
   3.556293097231431    
   3.567521567347679    
   3.578642563260122    
   3.589554596540168    
   3.601273112750035    
   3.613913612408722    
   3.626346562021340    
   3.638280418350392    
   3.650855019512748    
   3.664525002072135    
   3.678180905538737    
   3.691235134725246    
   3.704782332687075    
   3.719596705045836    
   3.734711260357559    
   3.749296347216365    
   3.764308160259993    
   3.780756893917045    
   3.797858561392244    
   3.814602577099514    
   3.831770921809094    
   3.850546498256047    
   3.870351829911347    
   3.890058934995438    
   3.910263623670756    
   3.932255133026329    
   3.955654771834991    
   3.979276788009422    
   4.003558459753721    
   4.029855724678864    
   4.057955716699599    
   4.086639047048060    
   4.116221509532529    
   4.148123089753992    
   4.182271834302445    
   4.217413206901431    
   4.253765903444862    
   4.292828679975037    
   4.334658137662919    
   4.377949797404935    
