  0.4584993662715456    
  0.4584942089087206    
  0.4583306717754836    
  0.4580113292459271    
  0.4575383423062265    
  0.4569134743526773    
  0.4561381081057876    
  0.4552132625391954    
  0.4541396086618235    
  0.4529174847025682    
  0.4515469117794126    
  0.4500276096104577    
  0.4483590109275201    
  0.4465402745253167    
  0.4445702980789648    
  0.4424477309636020    
  0.4401709860176663    
  0.4377382498203513    
  0.4351474924409564    
  0.4323964773214153    
  0.4294827706341579    
  0.4264037495546364    
  0.4231566101559989    
  0.4197383757032379    
  0.4161459049108723    
  0.4123758995126293    
  0.4084249116261461    
  0.4042893516888384    
  0.3999654966314612    
  0.3954494975981722    
  0.3907373876949475    
  0.3858250907904502    
  0.3807084312324359    
  0.3753831436245313    
  0.3698448829875468    
  0.3640892366750629    
  0.3581117384271397    
  0.3519078836605121    
  0.3454731457820080    
  0.3388029947025581    
  0.3318929183456674    
  0.3247384465508785    
  0.3173351768744286    
  0.3096788030997728    
  0.3017651474057599    
  0.2935901960024621    
  0.2851501378028658    
  0.2764414067012421    
  0.2674607283202103    
  0.2582051711454315    
  0.2486722015372889    
  0.2388597428263515    
  0.2287662390050301    
  0.2183907227316874    
  0.2077328868732405    
  0.1967931593520647    
  0.1855727813441523    
  0.1740738881438578    
  0.1622995914425460    
  0.1502540621259648    
  0.1379426128878255    
  0.1253717792276053    
  0.1125493967917706    
  0.9948467331359544E-01
  0.8618825362991447E-01
  0.7267227562120490E-01
  0.5895041438913334E-01
  0.4503791237503268E-01
  0.3095159353256549E-01
  0.1670985927432280E-01
  0.2332663613245800E-02
 -0.1215853440149511E-01
 -0.2674084204791562E-01
 -0.4139002916023603E-01
 -0.5608065021573037E-01
 -0.7078619221251348E-01
 -0.8547924705319213E-01
 -0.1001317067897674    
 -0.1147149798191652    
 -0.1292002249274111    
 -0.1435585987866065    
 -0.1577615122819690    
 -0.1717808911493816    
 -0.1855894356378753    
 -0.1991608730609248    
 -0.2124701975511377    
 -0.2254938923738791    
 -0.2382101302374554    
 -0.2505989467672217    
 -0.2626423833978240    
 -0.2743245978867566    
 -0.2856319414937757    
 -0.2965530017569314    
 -0.3070786107221313    
 -0.3172018205125078    
 -0.3269178491593783    
 -0.3362239992398601    
 -0.3451195520721648    
 -0.3536056416028970    
 -0.3616851126758791    
 -0.3693623672918329    
 -0.3766432018450360    
 -0.3835346393549219    
 -0.3900447613296973    
 -0.3961825424187008    
 -0.4019576893007207    
 -0.4073804855480103    
 -0.4124616451588843    
 -0.4172121766026843    
 -0.4216432574467222    
 -0.4257661195690404    
 -0.4295919461975736    
 -0.4331317817675970    
 -0.4363964536780653    
 -0.4393965042862604    
 -0.4421421327951606    
 -0.4446431474607004    
 -0.4469089272794555    
 -0.4489483912153220    
 -0.4507699740549995    
 -0.4523816093788063    
 -0.4537907194723700    
 -0.4550042104450946    
 -0.4560284710834504    
 -0.4568693755949300    
 -0.4575322905617731    
 -0.4580220848594105    
 -0.4583431407929797    
 -0.4584993662715456    
 -0.4584942089087206    
 -0.4583306717754836    
 -0.4580113292459271    
 -0.4575383423062265    
 -0.4569134743526773    
 -0.4561381081057876    
 -0.4552132625391954    
 -0.4541396086618235    
 -0.4529174847025682    
 -0.4515469117794126    
 -0.4500276096104577    
 -0.4483590109275201    
 -0.4465402745253167    
 -0.4445702980789648    
 -0.4424477309636020    
 -0.4401709860176663    
 -0.4377382498203513    
 -0.4351474924409564    
 -0.4323964773214153    
 -0.4294827706341579    
 -0.4264037495546364    
 -0.4231566101559989    
 -0.4197383757032379    
 -0.4161459049108723    
 -0.4123758995126293    
 -0.4084249116261461    
 -0.4042893516888384    
 -0.3999654966314612    
 -0.3954494975981722    
 -0.3907373876949475    
 -0.3858250907904502    
 -0.3807084312324359    
 -0.3753831436245313    
 -0.3698448829875468    
 -0.3640892366750629    
 -0.3581117384271397    
 -0.3519078836605121    
 -0.3454731457820080    
 -0.3388029947025581    
 -0.3318929183456674    
 -0.3247384465508785    
 -0.3173351768744286    
 -0.3096788030997728    
 -0.3017651474057599    
 -0.2935901960024621    
 -0.2851501378028658    
 -0.2764414067012421    
 -0.2674607283202103    
 -0.2582051711454315    
 -0.2486722015372889    
 -0.2388597428263515    
 -0.2287662390050301    
 -0.2183907227316874    
 -0.2077328868732405    
 -0.1967931593520647    
 -0.1855727813441523    
 -0.1740738881438578    
 -0.1622995914425460    
 -0.1502540621259648    
 -0.1379426128878255    
 -0.1253717792276053    
 -0.1125493967917706    
 -0.9948467331359544E-01
 -0.8618825362991447E-01
 -0.7267227562120490E-01
 -0.5895041438913334E-01
 -0.4503791237503268E-01
 -0.3095159353256549E-01
 -0.1670985927432280E-01
 -0.2332663613245800E-02
  0.1215853440149511E-01
  0.2674084204791562E-01
  0.4139002916023603E-01
  0.5608065021573037E-01
  0.7078619221251348E-01
  0.8547924705319213E-01
  0.1001317067897674    
  0.1147149798191652    
  0.1292002249274111    
  0.1435585987866065    
  0.1577615122819690    
  0.1717808911493816    
  0.1855894356378753    
  0.1991608730609248    
  0.2124701975511377    
  0.2254938923738791    
  0.2382101302374554    
  0.2505989467672217    
  0.2626423833978240    
  0.2743245978867566    
  0.2856319414937757    
  0.2965530017569314    
  0.3070786107221313    
  0.3172018205125078    
  0.3269178491593783    
  0.3362239992398601    
  0.3451195520721648    
  0.3536056416028970    
  0.3616851126758791    
  0.3693623672918329    
  0.3766432018450360    
  0.3835346393549219    
  0.3900447613296973    
  0.3961825424187008    
  0.4019576893007207    
  0.4073804855480103    
  0.4124616451588843    
  0.4172121766026843    
  0.4216432574467222    
  0.4257661195690404    
  0.4295919461975736    
  0.4331317817675970    
  0.4363964536780653    
  0.4393965042862604    
  0.4421421327951606    
  0.4446431474607004    
  0.4469089272794555    
  0.4489483912153220    
  0.4507699740549995    
  0.4523816093788063    
  0.4537907194723700    
  0.4550042104450946    
  0.4560284710834504    
  0.4568693755949300    
  0.4575322905617731    
  0.4580220848594105    
  0.4583431407929797    
