  0.5705959396610570    
  0.5643855110285930    
  0.5579583408092514    
  0.5513197489983351    
  0.5444746781674712    
  0.5374277121405266    
  0.5301830954667452    
  0.5227447525762668    
  0.5151163054640353    
  0.5073010904649256    
  0.4993021752003247    
  0.4911223752462829    
  0.4827642691939036    
  0.4742302120590040    
  0.4655223481884559    
  0.4566426238996427    
  0.4475927988061718    
  0.4383744554272863    
  0.4289890080617303    
  0.4194377115961574    
  0.4097216696004706    
  0.3998418411727283    
  0.3897990472642417    
  0.3795939772722322    
  0.3692271954721209    
  0.3586991466576351    
  0.3480101614941911    
  0.3371604623728576    
  0.3261501694392556    
  0.3149793061250485    
  0.3036478046860801    
  0.2921555127801399    
  0.2805022009488227    
  0.2686875701603631    
  0.2567112597563203    
  0.2445728571759557    
  0.2322719098310540    
  0.2198079382247982    
  0.2071804501087314    
  0.1943889568546314    
  0.1814329928173203    
  0.1683121370708307    
  0.1550260370139745    
  0.1415744346500375    
  0.1279571964649505    
  0.1141743466848210    
  0.1002261034593782    
  0.8611291852016156E-01
  0.7183552114040115E-01
  0.5739496627343454E-01
  0.4279268632267122E-01
  0.2803054671556876E-01
  0.1311090575098262E-01
 -0.1963321611704538E-02
 -0.1718859683679830E-01
 -0.3256068804038381E-01
 -0.4807459735626199E-01
 -0.6372448616705556E-01
 -0.7950359948653118E-01
 -0.9540419041239764E-01
 -0.1114174453743431    
 -0.1275334116266122    
 -0.1437409290272532    
 -0.1600275678332258    
 -0.1763795740073748    
 -0.1927818241527810    
 -0.2092177926994695    
 -0.2256695335555600    
 -0.2421176780093001    
 -0.2585414510454759    
 -0.2749187085133838    
 -0.2912259968804990    
 -0.3074386364856107    
 -0.3235308291671862    
 -0.3394757910528240    
 -0.3552459102246206    
 -0.3708129277595839    
 -0.3861481402942963    
 -0.4012226220040550    
 -0.4160074627080459    
 -0.4304740175473791    
 -0.4445941634932387    
 -0.4583405580786113    
 -0.4716868950166799    
 -0.4846081505681588    
 -0.4970808150251335    
 -0.5090831047629354    
 -0.5205951504305981    
 -0.5315991566258563    
 -0.5420795295343073    
 -0.5520229709889655    
 -0.5614185382589394    
 -0.5702576687769580    
 -0.5785341699592905    
 -0.5862441763001200    
 -0.5933860769362548    
 -0.5999604164804166    
 -0.6059697721138297    
 -0.6114186112872012    
 -0.6163131348923667    
 -0.6206611096497140    
 -0.6244716928118916    
 -0.6277552532892023    
 -0.6305231938751092    
 -0.6327877777274050    
 -0.6345619605340982    
 -0.6358592300775456    
 -0.6366934558389094    
 -0.6370787504056539    
 -0.6370293426612053    
 -0.6365594626749613    
 -0.6356832394381515    
 -0.6344146123202113    
 -0.6327672552044918    
 -0.6307545115396471    
 -0.6283893398701563    
 -0.6256842701734944    
 -0.6226513700600804    
 -0.6193022188078074    
 -0.6156478882530135    
 -0.6116989309525548    
 -0.6074653753597480    
 -0.6029567262076710    
 -0.5981819685787679    
 -0.5931495757736720    
 -0.5878675212448661    
 -0.5823432932997390    
 -0.5765839107994850    
 -0.5705959396610570    
 -0.5643855110285930    
 -0.5579583408092514    
 -0.5513197489983351    
 -0.5444746781674712    
 -0.5374277121405266    
 -0.5301830954667452    
 -0.5227447525762668    
 -0.5151163054640353    
 -0.5073010904649256    
 -0.4993021752003247    
 -0.4911223752462829    
 -0.4827642691939036    
 -0.4742302120590040    
 -0.4655223481884559    
 -0.4566426238996427    
 -0.4475927988061718    
 -0.4383744554272863    
 -0.4289890080617303    
 -0.4194377115961574    
 -0.4097216696004706    
 -0.3998418411727283    
 -0.3897990472642417    
 -0.3795939772722322    
 -0.3692271954721209    
 -0.3586991466576351    
 -0.3480101614941911    
 -0.3371604623728576    
 -0.3261501694392556    
 -0.3149793061250485    
 -0.3036478046860801    
 -0.2921555127801399    
 -0.2805022009488227    
 -0.2686875701603631    
 -0.2567112597563203    
 -0.2445728571759557    
 -0.2322719098310540    
 -0.2198079382247982    
 -0.2071804501087314    
 -0.1943889568546314    
 -0.1814329928173203    
 -0.1683121370708307    
 -0.1550260370139745    
 -0.1415744346500375    
 -0.1279571964649505    
 -0.1141743466848210    
 -0.1002261034593782    
 -0.8611291852016156E-01
 -0.7183552114040115E-01
 -0.5739496627343454E-01
 -0.4279268632267122E-01
 -0.2803054671556876E-01
 -0.1311090575098262E-01
  0.1963321611704538E-02
  0.1718859683679830E-01
  0.3256068804038381E-01
  0.4807459735626199E-01
  0.6372448616705556E-01
  0.7950359948653118E-01
  0.9540419041239764E-01
  0.1114174453743431    
  0.1275334116266122    
  0.1437409290272532    
  0.1600275678332258    
  0.1763795740073748    
  0.1927818241527810    
  0.2092177926994695    
  0.2256695335555600    
  0.2421176780093001    
  0.2585414510454759    
  0.2749187085133838    
  0.2912259968804990    
  0.3074386364856107    
  0.3235308291671862    
  0.3394757910528240    
  0.3552459102246206    
  0.3708129277595839    
  0.3861481402942963    
  0.4012226220040550    
  0.4160074627080459    
  0.4304740175473791    
  0.4445941634932387    
  0.4583405580786113    
  0.4716868950166799    
  0.4846081505681588    
  0.4970808150251335    
  0.5090831047629354    
  0.5205951504305981    
  0.5315991566258563    
  0.5420795295343073    
  0.5520229709889655    
  0.5614185382589394    
  0.5702576687769580    
  0.5785341699592905    
  0.5862441763001200    
  0.5933860769362548    
  0.5999604164804166    
  0.6059697721138297    
  0.6114186112872012    
  0.6163131348923667    
  0.6206611096497140    
  0.6244716928118916    
  0.6277552532892023    
  0.6305231938751092    
  0.6327877777274050    
  0.6345619605340982    
  0.6358592300775456    
  0.6366934558389094    
  0.6370787504056539    
  0.6370293426612053    
  0.6365594626749613    
  0.6356832394381515    
  0.6344146123202113    
  0.6327672552044918    
  0.6307545115396471    
  0.6283893398701563    
  0.6256842701734944    
  0.6226513700600804    
  0.6193022188078074    
  0.6156478882530135    
  0.6116989309525548    
  0.6074653753597480    
  0.6029567262076710    
  0.5981819685787679    
  0.5931495757736720    
  0.5878675212448661    
  0.5823432932997390    
  0.5765839107994850    
