  0.3304638025708853    
  0.3299786518841483    
  0.3294647895697513    
  0.3289223231662264    
  0.3283513465184846    
  0.3277519420979831    
  0.3271241802645168    
  0.3264681169999197    
  0.3257837936366875    
  0.3250712391404416    
  0.3243304719879109    
  0.3235614994435090    
  0.3227643157052303    
  0.3219389018181110    
  0.3210852277094561    
  0.3202032537966369    
  0.3192929302208471    
  0.3183541950274653    
  0.3173869741569685    
  0.3163911836661454    
  0.3153667313262271    
  0.3143135154116283    
  0.3132314225877877    
  0.3121203283893800    
  0.3109801000104747    
  0.3098105974292513    
  0.3086116712776537    
  0.3073831609960365    
  0.3061248964691339    
  0.3048367007853423    
  0.3035183899667464    
  0.3021697705061399    
  0.3007906390360761    
  0.2993807846890809    
  0.2979399902843492    
  0.2964680308722893    
  0.2949646727857976    
  0.2934296749908374    
  0.2918627901252733    
  0.2902637634964291    
  0.2886323325828625    
  0.2869682287446792    
  0.2852711782234299    
  0.2835409003182595    
  0.2817771061335951    
  0.2799795009949019    
  0.2781477869990453    
  0.2762816612404173    
  0.2743808127725367    
  0.2724449241457336    
  0.2704736755738392    
  0.2684667448367922    
  0.2664238032979331    
  0.2643445154473202    
  0.2622285433506494    
  0.2600755486663255    
  0.2578851891886523    
  0.2556571167042793    
  0.2533909805881177    
  0.2510864311760103    
  0.2487431174172820    
  0.2463606838629575    
  0.2439387733518682    
  0.2414770312768492    
  0.2389751043068376    
  0.2364326366724320    
  0.2338492718388507    
  0.2312246576267505    
  0.2285584463757364    
  0.2258502907306672    
  0.2230998438380666    
  0.2203067649252020    
  0.2174707214027709    
  0.2145913848410427    
  0.2116684293494118    
  0.2087015366954442    
  0.2056904004260243    
  0.2026347231475664    
  0.1995342134930863    
  0.1963885897801655    
  0.1931975853276433    
  0.1899609477177071    
  0.1866784354426230    
  0.1833498199120095    
  0.1799748909151996    
  0.1765534576818648    
  0.1730853460780858    
  0.1695703993816116    
  0.1660084832369240    
  0.1623994879631213    
  0.1587433267482434    
  0.1550399358381341    
  0.1512892787643520    
  0.1474913491974682    
  0.1436461700281960    
  0.1397537934959951    
  0.1358143049771616    
  0.1318278260730693    
  0.1277945141971752    
  0.1237145626253727    
  0.1195882039870276    
  0.1154157135836808    
  0.1111974093710966    
  0.1069336518524833    
  0.1026248471917302    
  0.9827145063715767E-01
  0.9387396680698623E-01
  0.8943294939299237E-01
  0.8494900381691345E-01
  0.8042279058924079E-01
  0.7585502573309483E-01
  0.7124648019590947E-01
  0.6659798194682388E-01
  0.6191041912945089E-01
  0.5718474048511449E-01
  0.5242195433482336E-01
  0.4762312992669619E-01
  0.4278940017059759E-01
  0.3792196192870834E-01
  0.3302207449300651E-01
  0.2809106001790133E-01
  0.2313030555494537E-01
  0.1814126297613177E-01
  0.1312544686176401E-01
  0.8084433959899082E-02
  0.3019864338534930E-02
 -0.2066559314172710E-02
 -0.7173074562843802E-02
 -0.1229786080156448E-01
 -0.1743903906225426E-01
 -0.2259467350123776E-01
 -0.2776277520032017E-01
 -0.3294130483998985E-01
 -0.3812817344150905E-01
 -0.4332124465369099E-01
 -0.4851833958866277E-01
 -0.5371724067292973E-01
 -0.5891569324664934E-01
 -0.6411140848015402E-01
 -0.6930206916104487E-01
 -0.7448533473322612E-01
 -0.7965884366268296E-01
 -0.8482021672626394E-01
 -0.8996706351671660E-01
 -0.9509698856496021E-01
 -0.1002075942888380    
 -0.1052964842300545    
 -0.1103612698435333    
 -0.1153995775314127    
 -0.1204090520723771    
 -0.1253873593984028    
 -0.1303321930534931    
 -0.1352412817431353    
 -0.1401123930608866    
 -0.1449433353993119    
 -0.1497319634162675    
 -0.1544761856934050    
 -0.1591739687399199    
 -0.1638233377997786    
 -0.1684223805388183    
 -0.1729692540929553    
 -0.1774621892890152    
 -0.1818994904762405    
 -0.1862795369843479    
 -0.1906007888094969    
 -0.1948617908605332    
 -0.1990611721048646    
 -0.2031976446493406    
 -0.2072700073552373    
 -0.2112771498101696    
 -0.2152180512825952    
 -0.2190917777648950    
 -0.2228974830045858    
 -0.2266344116296988    
 -0.2303018982620780    
 -0.2338993633067535    
 -0.2374263114889446    
 -0.2408823336504983    
 -0.2442671060564960    
 -0.2475803856372841    
 -0.2508220064326416    
 -0.2539918798204576    
 -0.2570899940221510    
 -0.2601164095439831    
 -0.2630712542064496    
 -0.2659547216936610    
 -0.2687670709804234    
 -0.2715086224395631    
 -0.2741797523490087    
 -0.2767808901260137    
 -0.2793125174852230    
 -0.2817751652534444    
 -0.2841694078604552    
 -0.2864958597173501    
 -0.2887551743051521    
 -0.2909480419312552    
 -0.2930751844681845    
 -0.2951373508638713    
 -0.2971353161150005    
 -0.2990698804554519    
 -0.3009418650449106    
 -0.3027521065270368    
 -0.3045014551495040    
 -0.3061907754402868    
 -0.3078209440864015    
 -0.3093928442195166    
 -0.3109073615660317    
 -0.3123653853660943    
 -0.3137678093388092    
 -0.3151155277271053    
 -0.3164094294590563    
 -0.3176503969443920    
 -0.3188393089940014    
 -0.3199770407774814    
 -0.3210644583558206    
 -0.3221024141260191    
 -0.3230917484472179    
 -0.3240332931820883    
 -0.3249278698935668    
 -0.3257762838675022    
 -0.3265793218186673    
 -0.3273377555772207    
 -0.3280523449380671    
 -0.3287238343315967    
 -0.3293529475797108    
 -0.3299403878721143    
 -0.3304868421305879    
 -0.3309929825555246    
 -0.3314594627680102    
 -0.3318869140845732    
 -0.3322759469613690    
 -0.3326271549051101    
 -0.3329411149119571    
 -0.3332183839878389    
 -0.3334594969258085    
 -0.3336649683367987    
 -0.3338352957595915    
 -0.3339709594937114    
 -0.3340724197677509    
 -0.3341401155464682    
 -0.3341744667185064    
 -0.3341758766195413    
 -0.3341447315783097    
 -0.3340813985052774    
 -0.3339862242599606    
 -0.3338595379599533    
 -0.3337016532705238    
 -0.3335128677814188    
 -0.3332934606750746    
 -0.3330436923045992    
 -0.3327638066783218    
 -0.3324540337982541    
 -0.3321145889420569    
 -0.3317456701918589    
 -0.3313474580002683    
 -0.3309201178210252    
 -0.3304638025708853    
 -0.3299786518841483    
 -0.3294647895697513    
 -0.3289223231662264    
 -0.3283513465184846    
 -0.3277519420979831    
 -0.3271241802645168    
 -0.3264681169999197    
 -0.3257837936366875    
 -0.3250712391404416    
 -0.3243304719879109    
 -0.3235614994435090    
 -0.3227643157052303    
 -0.3219389018181110    
 -0.3210852277094561    
 -0.3202032537966369    
 -0.3192929302208471    
 -0.3183541950274653    
 -0.3173869741569685    
 -0.3163911836661454    
 -0.3153667313262271    
 -0.3143135154116283    
 -0.3132314225877877    
 -0.3121203283893800    
 -0.3109801000104747    
 -0.3098105974292513    
 -0.3086116712776537    
 -0.3073831609960365    
 -0.3061248964691339    
 -0.3048367007853423    
 -0.3035183899667464    
 -0.3021697705061399    
 -0.3007906390360761    
 -0.2993807846890809    
 -0.2979399902843492    
 -0.2964680308722893    
 -0.2949646727857976    
 -0.2934296749908374    
 -0.2918627901252733    
 -0.2902637634964291    
 -0.2886323325828625    
 -0.2869682287446792    
 -0.2852711782234299    
 -0.2835409003182595    
 -0.2817771061335951    
 -0.2799795009949019    
 -0.2781477869990453    
 -0.2762816612404173    
 -0.2743808127725367    
 -0.2724449241457336    
 -0.2704736755738392    
 -0.2684667448367922    
 -0.2664238032979331    
 -0.2643445154473202    
 -0.2622285433506494    
 -0.2600755486663255    
 -0.2578851891886523    
 -0.2556571167042793    
 -0.2533909805881177    
 -0.2510864311760103    
 -0.2487431174172820    
 -0.2463606838629575    
 -0.2439387733518682    
 -0.2414770312768492    
 -0.2389751043068376    
 -0.2364326366724320    
 -0.2338492718388507    
 -0.2312246576267505    
 -0.2285584463757364    
 -0.2258502907306672    
 -0.2230998438380666    
 -0.2203067649252020    
 -0.2174707214027709    
 -0.2145913848410427    
 -0.2116684293494118    
 -0.2087015366954442    
 -0.2056904004260243    
 -0.2026347231475664    
 -0.1995342134930863    
 -0.1963885897801655    
 -0.1931975853276433    
 -0.1899609477177071    
 -0.1866784354426230    
 -0.1833498199120095    
 -0.1799748909151996    
 -0.1765534576818648    
 -0.1730853460780858    
 -0.1695703993816116    
 -0.1660084832369240    
 -0.1623994879631213    
 -0.1587433267482434    
 -0.1550399358381341    
 -0.1512892787643520    
 -0.1474913491974682    
 -0.1436461700281960    
 -0.1397537934959951    
 -0.1358143049771616    
 -0.1318278260730693    
 -0.1277945141971752    
 -0.1237145626253727    
 -0.1195882039870276    
 -0.1154157135836808    
 -0.1111974093710966    
 -0.1069336518524833    
 -0.1026248471917302    
 -0.9827145063715767E-01
 -0.9387396680698623E-01
 -0.8943294939299237E-01
 -0.8494900381691345E-01
 -0.8042279058924079E-01
 -0.7585502573309483E-01
 -0.7124648019590947E-01
 -0.6659798194682388E-01
 -0.6191041912945089E-01
 -0.5718474048511449E-01
 -0.5242195433482336E-01
 -0.4762312992669619E-01
 -0.4278940017059759E-01
 -0.3792196192870834E-01
 -0.3302207449300651E-01
 -0.2809106001790133E-01
 -0.2313030555494537E-01
 -0.1814126297613177E-01
 -0.1312544686176401E-01
 -0.8084433959899082E-02
 -0.3019864338534930E-02
  0.2066559314172710E-02
  0.7173074562843802E-02
  0.1229786080156448E-01
  0.1743903906225426E-01
  0.2259467350123776E-01
  0.2776277520032017E-01
  0.3294130483998985E-01
  0.3812817344150905E-01
  0.4332124465369099E-01
  0.4851833958866277E-01
  0.5371724067292973E-01
  0.5891569324664934E-01
  0.6411140848015402E-01
  0.6930206916104487E-01
  0.7448533473322612E-01
  0.7965884366268296E-01
  0.8482021672626394E-01
  0.8996706351671660E-01
  0.9509698856496021E-01
  0.1002075942888380    
  0.1052964842300545    
  0.1103612698435333    
  0.1153995775314127    
  0.1204090520723771    
  0.1253873593984028    
  0.1303321930534931    
  0.1352412817431353    
  0.1401123930608866    
  0.1449433353993119    
  0.1497319634162675    
  0.1544761856934050    
  0.1591739687399199    
  0.1638233377997786    
  0.1684223805388183    
  0.1729692540929553    
  0.1774621892890152    
  0.1818994904762405    
  0.1862795369843479    
  0.1906007888094969    
  0.1948617908605332    
  0.1990611721048646    
  0.2031976446493406    
  0.2072700073552373    
  0.2112771498101696    
  0.2152180512825952    
  0.2190917777648950    
  0.2228974830045858    
  0.2266344116296988    
  0.2303018982620780    
  0.2338993633067535    
  0.2374263114889446    
  0.2408823336504983    
  0.2442671060564960    
  0.2475803856372841    
  0.2508220064326416    
  0.2539918798204576    
  0.2570899940221510    
  0.2601164095439831    
  0.2630712542064496    
  0.2659547216936610    
  0.2687670709804234    
  0.2715086224395631    
  0.2741797523490087    
  0.2767808901260137    
  0.2793125174852230    
  0.2817751652534444    
  0.2841694078604552    
  0.2864958597173501    
  0.2887551743051521    
  0.2909480419312552    
  0.2930751844681845    
  0.2951373508638713    
  0.2971353161150005    
  0.2990698804554519    
  0.3009418650449106    
  0.3027521065270368    
  0.3045014551495040    
  0.3061907754402868    
  0.3078209440864015    
  0.3093928442195166    
  0.3109073615660317    
  0.3123653853660943    
  0.3137678093388092    
  0.3151155277271053    
  0.3164094294590563    
  0.3176503969443920    
  0.3188393089940014    
  0.3199770407774814    
  0.3210644583558206    
  0.3221024141260191    
  0.3230917484472179    
  0.3240332931820883    
  0.3249278698935668    
  0.3257762838675022    
  0.3265793218186673    
  0.3273377555772207    
  0.3280523449380671    
  0.3287238343315967    
  0.3293529475797108    
  0.3299403878721143    
  0.3304868421305879    
  0.3309929825555246    
  0.3314594627680102    
  0.3318869140845732    
  0.3322759469613690    
  0.3326271549051101    
  0.3329411149119571    
  0.3332183839878389    
  0.3334594969258085    
  0.3336649683367987    
  0.3338352957595915    
  0.3339709594937114    
  0.3340724197677509    
  0.3341401155464682    
  0.3341744667185064    
  0.3341758766195413    
  0.3341447315783097    
  0.3340813985052774    
  0.3339862242599606    
  0.3338595379599533    
  0.3337016532705238    
  0.3335128677814188    
  0.3332934606750746    
  0.3330436923045992    
  0.3327638066783218    
  0.3324540337982541    
  0.3321145889420569    
  0.3317456701918589    
  0.3313474580002683    
  0.3309201178210252    
