  0.7876951220963418E-01
  0.7615554636022814E-01
  0.7352965404989953E-01
  0.7089214795764720E-01
  0.6824334397185766E-01
  0.6558356119693287E-01
  0.6291312195026294E-01
  0.6023235177413500E-01
  0.5754157946003269E-01
  0.5484113706091093E-01
  0.5213135988000772E-01
  0.4941258645237007E-01
  0.4668515853906358E-01
  0.4394942113063610E-01
  0.4120572243907111E-01
  0.3845441386914650E-01
  0.3569584998410308E-01
  0.3293038848405955E-01
  0.3015839019341821E-01
  0.2738021903565535E-01
  0.2459624198654931E-01
  0.2180682902414027E-01
  0.1901235309581190E-01
  0.1621319009379740E-01
  0.1340971881243075E-01
  0.1060232088325730E-01
  0.7791380714879059E-02
  0.4977285454169200E-02
  0.2160424948376816E-02
 -0.6588083172962556E-03
 -0.3480019296067560E-02
 -0.6302810440846240E-02
 -0.9126781750115109E-02
 -0.1195153082533684E-01
 -0.1477665294797292E-01
 -0.1760174115425556E-01
 -0.2042638629582050E-01
 -0.2325017710256588E-01
 -0.2607270025896291E-01
 -0.2889354047964221E-01
 -0.3171228057478692E-01
 -0.3452850152106418E-01
 -0.3734178254746928E-01
 -0.4015170121593825E-01
 -0.4295783348277199E-01
 -0.4575975376421976E-01
 -0.4855703502839548E-01
 -0.5134924889042725E-01
 -0.5413596567863244E-01
 -0.5691675448951111E-01
 -0.5969118327225442E-01
 -0.6245881893397542E-01
 -0.6521922741944053E-01
 -0.6797197376267872E-01
 -0.7071662215790236E-01
 -0.7345273606377029E-01
 -0.7617987829600564E-01
 -0.7889761108444654E-01
 -0.8160549613445450E-01
 -0.8430309472397668E-01
 -0.8698996780211066E-01
 -0.8966567605233516E-01
 -0.9232977994888203E-01
 -0.9498183984783437E-01
 -0.9762141609022773E-01
 -0.1002480690710809    
 -0.1028613592906733    
 -0.1054608474384411    
 -0.1080460945009540    
 -0.1106166618403743    
 -0.1131721112429633    
 -0.1157120049931702    
 -0.1182359059841722    
 -0.1207433778099862    
 -0.1232339848175110    
 -0.1257072921701476    
 -0.1281628659553811    
 -0.1306002732914449    
 -0.1330190823921840    
 -0.1354188626262553    
 -0.1377991846177362    
 -0.1401596203625176    
 -0.1424997433109130    
 -0.1448191284322469    
 -0.1471173523113705    
 -0.1493939932709387    
 -0.1516486314719152    
 -0.1538808489909032    
 -0.1560902299185631    
 -0.1582763604871087    
 -0.1604388291876417    
 -0.1625772268653993    
 -0.1646911468276999    
 -0.1667801849793493    
 -0.1688439399553106    
 -0.1708820132349833    
 -0.1728940092654327    
 -0.1748795356104461    
 -0.1768382031008296    
 -0.1787696259683838    
 -0.1806734219862871    
 -0.1825492126347774    
 -0.1843966232717640    
 -0.1862152832886841    
 -0.1880048262700043    
 -0.1897648901769937    
 -0.1914951175395512    
 -0.1931951556348634    
 -0.1948646566670962    
 -0.1965032779697582    
 -0.1981106822182497    
 -0.1996865376302750    
 -0.2012305181645035    
 -0.2027423037398954    
 -0.2042215804667747    
 -0.2056680408663411    
 -0.2070813840849512    
 -0.2084613161259432    
 -0.2098075500939492    
 -0.2111198064281981    
 -0.2123978131269528    
 -0.2136413059850673    
 -0.2148500288430728    
 -0.2160237338251516    
 -0.2171621815648901    
 -0.2182651414394363    
 -0.2193323918128049    
 -0.2203637202665876    
 -0.2213589238146882    
 -0.2223178091217608    
 -0.2232401927277958    
 -0.2241259012574006    
 -0.2249747716085820    
 -0.2257866511406874    
 -0.2265613978657698    
 -0.2272988806213905    
 -0.2279989792172956    
 -0.2286615845764083    
 -0.2292865988774557    
 -0.2298739356765709    
 -0.2304235199967703    
 -0.2309352884063722    
 -0.2314091890980385    
 -0.2318451819457665    
 -0.2322432385241158    
 -0.2326033421108220    
 -0.2329254876904456    
 -0.2332096819376774    
 -0.2334559431584909    
 -0.2336643012083549    
 -0.2338347974122590    
 -0.2339674844692621    
 -0.2340624263135032    
 -0.2341196979463946    
 -0.2341393852718345    
 -0.2341215849239957    
 -0.2340664040535559    
 -0.2339739600790107    
 -0.2338443804409029    
 -0.2336778023596700    
 -0.2334743725597865    
 -0.2332342469549200    
 -0.2329575903333112    
 -0.2326445760575115    
 -0.2322953857431549    
 -0.2319102088983551    
 -0.2314892425585900    
 -0.2310326909445190    
 -0.2305407651152848    
 -0.2300136825870154    
 -0.2294516669405600    
 -0.2288549474557269    
 -0.2282237587582359    
 -0.2275583404426253    
 -0.2268589366798168    
 -0.2261257958490723    
 -0.2253591701958537    
 -0.2245593154796260    
 -0.2237264906054158    
 -0.2228609572747284    
 -0.2219629796707228    
 -0.2210328241480239    
 -0.2200707589085209    
 -0.2190770536891722    
 -0.2180519794862601    
 -0.2169958082976013    
 -0.2159088128570246    
 -0.2147912663743749    
 -0.2136434423085507    
 -0.2124656141668033    
 -0.2112580553035344    
 -0.2100210387206987    
 -0.2087548368963532    
 -0.2074597216440957    
 -0.2061359639774409    
 -0.2047838339711596    
 -0.2034036006443449    
 -0.2019955318786413    
 -0.2005598943484655    
 -0.1990969534425677    
 -0.1976069731953960    
 -0.1960902162550400    
 -0.1945469438753882    
 -0.1929774158988198    
 -0.1913818907306311    
 -0.1897606253411952    
 -0.1881138753068630    
 -0.1864418948539205    
 -0.1847449368789778    
 -0.1830232529726556    
 -0.1812770934851344    
 -0.1795067076198542    
 -0.1777123435077261    
 -0.1758942482552185    
 -0.1740526680127270    
 -0.1721878480892566    
 -0.1703000330755731    
 -0.1683894669315122    
 -0.1664563930561060    
 -0.1645010543932497    
 -0.1625236935766703    
 -0.1605245530619266    
 -0.1585038752173191    
 -0.1564619024121214    
 -0.1543988771468561    
 -0.1523150422081962    
 -0.1502106407964623    
 -0.1480859166173185    
 -0.1459411139826332    
 -0.1437764779494028    
 -0.1415922544681705    
 -0.1393886904997741    
 -0.1371660341061682    
 -0.1349245345555110    
 -0.1326644424559538    
 -0.1303860098884178    
 -0.1280894905097736    
 -0.1257751396384917    
 -0.1234432143548840    
 -0.1210939736214960    
 -0.1187276783967006    
 -0.1163445917215526    
 -0.1139449787941313    
 -0.1115291070579463    
 -0.1090972463055282    
 -0.1066496687719445    
 -0.1041866492024499    
 -0.1017084649098408    
 -0.9921539584636724E-01
 -0.9670772468938166E-01
 -0.9418573691503451E-01
 -0.9164972084500894E-01
 -0.8909996768319406E-01
 -0.8653677156811140E-01
 -0.8396042963987455E-01
 -0.8137124209446750E-01
 -0.7876951220963418E-01
 -0.7615554636022814E-01
 -0.7352965404989953E-01
 -0.7089214795764720E-01
 -0.6824334397185766E-01
 -0.6558356119693287E-01
 -0.6291312195026294E-01
 -0.6023235177413500E-01
 -0.5754157946003269E-01
 -0.5484113706091093E-01
 -0.5213135988000772E-01
 -0.4941258645237007E-01
 -0.4668515853906358E-01
 -0.4394942113063610E-01
 -0.4120572243907111E-01
 -0.3845441386914650E-01
 -0.3569584998410308E-01
 -0.3293038848405955E-01
 -0.3015839019341821E-01
 -0.2738021903565535E-01
 -0.2459624198654931E-01
 -0.2180682902414027E-01
 -0.1901235309581190E-01
 -0.1621319009379740E-01
 -0.1340971881243075E-01
 -0.1060232088325730E-01
 -0.7791380714879059E-02
 -0.4977285454169200E-02
 -0.2160424948376816E-02
  0.6588083172962556E-03
  0.3480019296067560E-02
  0.6302810440846240E-02
  0.9126781750115109E-02
  0.1195153082533684E-01
  0.1477665294797292E-01
  0.1760174115425556E-01
  0.2042638629582050E-01
  0.2325017710256588E-01
  0.2607270025896291E-01
  0.2889354047964221E-01
  0.3171228057478692E-01
  0.3452850152106418E-01
  0.3734178254746928E-01
  0.4015170121593825E-01
  0.4295783348277199E-01
  0.4575975376421976E-01
  0.4855703502839548E-01
  0.5134924889042725E-01
  0.5413596567863244E-01
  0.5691675448951111E-01
  0.5969118327225442E-01
  0.6245881893397542E-01
  0.6521922741944053E-01
  0.6797197376267872E-01
  0.7071662215790236E-01
  0.7345273606377029E-01
  0.7617987829600564E-01
  0.7889761108444654E-01
  0.8160549613445450E-01
  0.8430309472397668E-01
  0.8698996780211066E-01
  0.8966567605233516E-01
  0.9232977994888203E-01
  0.9498183984783437E-01
  0.9762141609022773E-01
  0.1002480690710809    
  0.1028613592906733    
  0.1054608474384411    
  0.1080460945009540    
  0.1106166618403743    
  0.1131721112429633    
  0.1157120049931702    
  0.1182359059841722    
  0.1207433778099862    
  0.1232339848175110    
  0.1257072921701476    
  0.1281628659553811    
  0.1306002732914449    
  0.1330190823921840    
  0.1354188626262553    
  0.1377991846177362    
  0.1401596203625176    
  0.1424997433109130    
  0.1448191284322469    
  0.1471173523113705    
  0.1493939932709387    
  0.1516486314719152    
  0.1538808489909032    
  0.1560902299185631    
  0.1582763604871087    
  0.1604388291876417    
  0.1625772268653993    
  0.1646911468276999    
  0.1667801849793493    
  0.1688439399553106    
  0.1708820132349833    
  0.1728940092654327    
  0.1748795356104461    
  0.1768382031008296    
  0.1787696259683838    
  0.1806734219862871    
  0.1825492126347774    
  0.1843966232717640    
  0.1862152832886841    
  0.1880048262700043    
  0.1897648901769937    
  0.1914951175395512    
  0.1931951556348634    
  0.1948646566670962    
  0.1965032779697582    
  0.1981106822182497    
  0.1996865376302750    
  0.2012305181645035    
  0.2027423037398954    
  0.2042215804667747    
  0.2056680408663411    
  0.2070813840849512    
  0.2084613161259432    
  0.2098075500939492    
  0.2111198064281981    
  0.2123978131269528    
  0.2136413059850673    
  0.2148500288430728    
  0.2160237338251516    
  0.2171621815648901    
  0.2182651414394363    
  0.2193323918128049    
  0.2203637202665876    
  0.2213589238146882    
  0.2223178091217608    
  0.2232401927277958    
  0.2241259012574006    
  0.2249747716085820    
  0.2257866511406874    
  0.2265613978657698    
  0.2272988806213905    
  0.2279989792172956    
  0.2286615845764083    
  0.2292865988774557    
  0.2298739356765709    
  0.2304235199967703    
  0.2309352884063722    
  0.2314091890980385    
  0.2318451819457665    
  0.2322432385241158    
  0.2326033421108220    
  0.2329254876904456    
  0.2332096819376774    
  0.2334559431584909    
  0.2336643012083549    
  0.2338347974122590    
  0.2339674844692621    
  0.2340624263135032    
  0.2341196979463946    
  0.2341393852718345    
  0.2341215849239957    
  0.2340664040535559    
  0.2339739600790107    
  0.2338443804409029    
  0.2336778023596700    
  0.2334743725597865    
  0.2332342469549200    
  0.2329575903333112    
  0.2326445760575115    
  0.2322953857431549    
  0.2319102088983551    
  0.2314892425585900    
  0.2310326909445190    
  0.2305407651152848    
  0.2300136825870154    
  0.2294516669405600    
  0.2288549474557269    
  0.2282237587582359    
  0.2275583404426253    
  0.2268589366798168    
  0.2261257958490723    
  0.2253591701958537    
  0.2245593154796260    
  0.2237264906054158    
  0.2228609572747284    
  0.2219629796707228    
  0.2210328241480239    
  0.2200707589085209    
  0.2190770536891722    
  0.2180519794862601    
  0.2169958082976013    
  0.2159088128570246    
  0.2147912663743749    
  0.2136434423085507    
  0.2124656141668033    
  0.2112580553035344    
  0.2100210387206987    
  0.2087548368963532    
  0.2074597216440957    
  0.2061359639774409    
  0.2047838339711596    
  0.2034036006443449    
  0.2019955318786413    
  0.2005598943484655    
  0.1990969534425677    
  0.1976069731953960    
  0.1960902162550400    
  0.1945469438753882    
  0.1929774158988198    
  0.1913818907306311    
  0.1897606253411952    
  0.1881138753068630    
  0.1864418948539205    
  0.1847449368789778    
  0.1830232529726556    
  0.1812770934851344    
  0.1795067076198542    
  0.1777123435077261    
  0.1758942482552185    
  0.1740526680127270    
  0.1721878480892566    
  0.1703000330755731    
  0.1683894669315122    
  0.1664563930561060    
  0.1645010543932497    
  0.1625236935766703    
  0.1605245530619266    
  0.1585038752173191    
  0.1564619024121214    
  0.1543988771468561    
  0.1523150422081962    
  0.1502106407964623    
  0.1480859166173185    
  0.1459411139826332    
  0.1437764779494028    
  0.1415922544681705    
  0.1393886904997741    
  0.1371660341061682    
  0.1349245345555110    
  0.1326644424559538    
  0.1303860098884178    
  0.1280894905097736    
  0.1257751396384917    
  0.1234432143548840    
  0.1210939736214960    
  0.1187276783967006    
  0.1163445917215526    
  0.1139449787941313    
  0.1115291070579463    
  0.1090972463055282    
  0.1066496687719445    
  0.1041866492024499    
  0.1017084649098408    
  0.9921539584636724E-01
  0.9670772468938166E-01
  0.9418573691503451E-01
  0.9164972084500894E-01
  0.8909996768319406E-01
  0.8653677156811140E-01
  0.8396042963987455E-01
  0.8137124209446750E-01
