  0.3765571475368346    
  0.3758310264994508    
  0.3749749476148418    
  0.3739901190540248    
  0.3728774688651927    
  0.3716376806656613    
  0.3702712071007664    
  0.3687782556184626    
  0.3671587883679432    
  0.3654125527700910    
  0.3635391056179723    
  0.3615378048012567    
  0.3594077983036981    
  0.3571480429741958    
  0.3547573324986727    
  0.3522342985894252    
  0.3495773965995725    
  0.3467849122903155    
  0.3438549875057089    
  0.3407856298382498    
  0.3375747009592311    
  0.3342199151841834    
  0.3307188598930794    
  0.3270690110023252    
  0.3232677275026234    
  0.3193122467854703    
  0.3151996998223091    
  0.3109271300751033    
  0.3064914958919065    
  0.3018896675718091    
  0.2971184397008971    
  0.2921745524560106    
  0.2870547024289735    
  0.2817555456571634    
  0.2762737110280887    
  0.2706058247904926    
  0.2647485303231112    
  0.2586985004411855    
  0.2524524562454296    
  0.2460071971549719    
  0.2393596306134595    
  0.2325067961919632    
  0.2254458939213228    
  0.2181743229073149    
  0.2106897224089514    
  0.2029900094036136    
  0.1950734191251211    
  0.1869385545212997    
  0.1785844393357956    
  0.1700105689860914    
  0.1612169633200372    
  0.1522042263388842    
  0.1429736089083543    
  0.1335270688730247    
  0.1238673310032274    
  0.1139979508228076    
  0.1039233787263844    
  0.9364901870254135E-01
  0.8318128285764434E-01
  0.7252764493380784E-01
  0.6169668922921251E-01
  0.5069814888948700E-01
  0.3954293385466107E-01
  0.2824315127166122E-01
  0.1681211500193967E-01
  0.5264338089639328E-02
 -0.6384491782172898E-02
 -0.1811755049776695E-01
 -0.2991693170502509E-01
 -0.4176372249591763E-01
 -0.5363809979413829E-01
 -0.6551944226206394E-01
 -0.7738645784147964E-01
 -0.8921733099296782E-01
 -0.1009898874024915    
 -0.1126817682363184    
 -0.1242706111474772    
 -0.1357342407025941    
 -0.1470508651025850    
 -0.1581992690403006    
 -0.1691589975865848    
 -0.1799105338409926    
 -0.1904354685505831    
 -0.2007166512454384    
 -0.2107383169038586    
 -0.2204861929383393    
 -0.2299475889034651    
 -0.2391114604847048    
 -0.2479684416706353    
 -0.2565108524704495    
 -0.2647326903556673    
 -0.2726296003388243    
 -0.2801988166475045    
 -0.2874390839329314    
 -0.2943505713974059    
 -0.3009347785626320    
 -0.3071944232150496    
 -0.3131333163977189    
 -0.3187562406966274    
 -0.3240688347907161    
 -0.3290774723200052    
 -0.3337891337898587    
 -0.3382112873921883    
 -0.3423517862974259    
 -0.3462187700923836    
 -0.3498205623020716    
 -0.3531655764648665    
 -0.3562622420864489    
 -0.3591189405010187    
 -0.3617439380089370    
 -0.3641453242044895    
 -0.3663309686004734    
 -0.3683084885160816    
 -0.3700852135910782    
 -0.3716681519540787    
 -0.3730639725705439    
 -0.3742789982630557    
 -0.3753191919718085    
 -0.3761901398226689    
 -0.3768970501987238    
 -0.3774447661107755    
 -0.3778377671074128    
 -0.3780801587486187    
 -0.3781756760349379    
 -0.3781277080803050    
 -0.3779393148550461    
 -0.3776132199589538    
 -0.3771518074631159    
 -0.3765571475368346    
 -0.3758310264994508    
 -0.3749749476148418    
 -0.3739901190540248    
 -0.3728774688651927    
 -0.3716376806656613    
 -0.3702712071007664    
 -0.3687782556184626    
 -0.3671587883679432    
 -0.3654125527700910    
 -0.3635391056179723    
 -0.3615378048012567    
 -0.3594077983036981    
 -0.3571480429741958    
 -0.3547573324986727    
 -0.3522342985894252    
 -0.3495773965995725    
 -0.3467849122903155    
 -0.3438549875057089    
 -0.3407856298382498    
 -0.3375747009592311    
 -0.3342199151841834    
 -0.3307188598930794    
 -0.3270690110023252    
 -0.3232677275026234    
 -0.3193122467854703    
 -0.3151996998223091    
 -0.3109271300751033    
 -0.3064914958919065    
 -0.3018896675718091    
 -0.2971184397008971    
 -0.2921745524560106    
 -0.2870547024289735    
 -0.2817555456571634    
 -0.2762737110280887    
 -0.2706058247904926    
 -0.2647485303231112    
 -0.2586985004411855    
 -0.2524524562454296    
 -0.2460071971549719    
 -0.2393596306134595    
 -0.2325067961919632    
 -0.2254458939213228    
 -0.2181743229073149    
 -0.2106897224089514    
 -0.2029900094036136    
 -0.1950734191251211    
 -0.1869385545212997    
 -0.1785844393357956    
 -0.1700105689860914    
 -0.1612169633200372    
 -0.1522042263388842    
 -0.1429736089083543    
 -0.1335270688730247    
 -0.1238673310032274    
 -0.1139979508228076    
 -0.1039233787263844    
 -0.9364901870254135E-01
 -0.8318128285764434E-01
 -0.7252764493380784E-01
 -0.6169668922921251E-01
 -0.5069814888948700E-01
 -0.3954293385466107E-01
 -0.2824315127166122E-01
 -0.1681211500193967E-01
 -0.5264338089639328E-02
  0.6384491782172898E-02
  0.1811755049776695E-01
  0.2991693170502509E-01
  0.4176372249591763E-01
  0.5363809979413829E-01
  0.6551944226206394E-01
  0.7738645784147964E-01
  0.8921733099296782E-01
  0.1009898874024915    
  0.1126817682363184    
  0.1242706111474772    
  0.1357342407025941    
  0.1470508651025850    
  0.1581992690403006    
  0.1691589975865848    
  0.1799105338409926    
  0.1904354685505831    
  0.2007166512454384    
  0.2107383169038586    
  0.2204861929383393    
  0.2299475889034651    
  0.2391114604847048    
  0.2479684416706353    
  0.2565108524704495    
  0.2647326903556673    
  0.2726296003388243    
  0.2801988166475045    
  0.2874390839329314    
  0.2943505713974059    
  0.3009347785626320    
  0.3071944232150496    
  0.3131333163977189    
  0.3187562406966274    
  0.3240688347907161    
  0.3290774723200052    
  0.3337891337898587    
  0.3382112873921883    
  0.3423517862974259    
  0.3462187700923836    
  0.3498205623020716    
  0.3531655764648665    
  0.3562622420864489    
  0.3591189405010187    
  0.3617439380089370    
  0.3641453242044895    
  0.3663309686004734    
  0.3683084885160816    
  0.3700852135910782    
  0.3716681519540787    
  0.3730639725705439    
  0.3742789982630557    
  0.3753191919718085    
  0.3761901398226689    
  0.3768970501987238    
  0.3774447661107755    
  0.3778377671074128    
  0.3780801587486187    
  0.3781756760349379    
  0.3781277080803050    
  0.3779393148550461    
  0.3776132199589538    
  0.3771518074631159    
