  0.2654064962856190    
  0.2699675638303571    
  0.2746680841686564    
  0.2795132003996597    
  0.2845086015686197    
  0.2896603559798543    
  0.2949748931614316    
  0.3004592523262662    
  0.3061211579063047    
  0.3119688554575760    
  0.3180111641417578    
  0.3242577582465364    
  0.3307192055184353    
  0.3374068101144993    
  0.3443327489647505    
  0.3515103864048901    
  0.3589542591517773    
  0.3666799170150156    
  0.3747041380097452    
  0.3830452386021882    
  0.3917229270008538    
  0.4007580483400560    
  0.4101727508594604    
  0.4199905546935129    
  0.4302356889712386    
  0.4409322069092932    
  0.4521033174155525    
  0.4637699599186461    
  0.4759477139062500    
  0.4886425089599776    
  0.5018450200591934    
  0.5155215948071228    
  0.5295998312139937    
  0.5439485973236449    
  0.5583512412542209    
  0.5724692418375501    
  0.5857978170366285    
  0.5976240458933593    
  0.6070074524374648    
  0.6128153021751760    
  0.6138554901907611    
  0.6091282953919654    
  0.5981407902555016    
  0.5811394366352667    
  0.5591151013319854    
  0.5335567433589004    
  0.5060819227189108    
  0.4781216533307165    
  0.4507587076813903    
  0.4247073806032685    
  0.4003711412452418    
  0.3779249113182152    
  0.3573933623016607    
  0.3387116859246777    
  0.3217661625456955    
  0.3064201814184728    
  0.2925315167535041    
  0.2799623621467950    
  0.2685834147322119    
  0.2582756064527887    
  0.2489315871210267    
  0.2404559016908544    
  0.2327634980917282    
  0.2257784696203673    
  0.2194338180817950    
  0.2136707682685483    
  0.2084371592750817    
  0.2036863966795726    
  0.1993773903348636    
  0.1954740888777349    
  0.1919442673701231    
  0.1887588781019328    
  0.1858922267624284    
  0.1833217123229749    
  0.1810269116185226    
  0.1789891986301038    
  0.1771920545744378    
  0.1756209204656808    
  0.1742624700660529    
  0.1731043938789366    
  0.1721357697680858    
  0.1713469686510574    
  0.1707290489876883    
  0.1702736441247498    
  0.1699733531115662    
  0.1698216675425216    
  0.1698124494259510    
  0.1699398867627701    
  0.1701988831456199    
  0.1705849889362531    
  0.1710939403313847    
  0.1717216625205146    
  0.1724646465971009    
  0.1733198762034295    
  0.1742844143921921    
  0.1753554415341929    
  0.1765306131247392    
  0.1778079774167537    
  0.1791856021912356    
  0.1806616393810465    
  0.1822346599115343    
  0.1839035600285696    
  0.1856672235975283    
  0.1875246088123447    
  0.1894750579850708    
  0.1915181915131773    
  0.1936536033202357    
  0.1958809670042452    
  0.1982003196364255    
  0.2006119434082055    
  0.2031160933849246    
  0.2057131215153390    
  0.2084037337461487    
  0.2111888600356233    
  0.2140694150456082    
  0.2170464393519112    
  0.2201213290492011    
  0.2232956950331534    
  0.2265711584615091    
  0.2299495093653267    
  0.2334329077800645    
  0.2370237333871461    
  0.2407244187365568    
  0.2445376262662464    
  0.2484664198866591    
  0.2525141064824246    
  0.2566841113247894    
  0.2609801753967402    
  0.2654064962856190    
  0.2699675638303571    
  0.2746680841686564    
  0.2795132003996597    
  0.2845086015686197    
  0.2896603559798543    
  0.2949748931614316    
  0.3004592523262662    
  0.3061211579063047    
  0.3119688554575760    
  0.3180111641417578    
  0.3242577582465364    
  0.3307192055184353    
  0.3374068101144993    
  0.3443327489647505    
  0.3515103864048901    
  0.3589542591517773    
  0.3666799170150156    
  0.3747041380097452    
  0.3830452386021882    
  0.3917229270008538    
  0.4007580483400560    
  0.4101727508594604    
  0.4199905546935129    
  0.4302356889712386    
  0.4409322069092932    
  0.4521033174155525    
  0.4637699599186461    
  0.4759477139062500    
  0.4886425089599776    
  0.5018450200591934    
  0.5155215948071228    
  0.5295998312139937    
  0.5439485973236449    
  0.5583512412542209    
  0.5724692418375501    
  0.5857978170366285    
  0.5976240458933593    
  0.6070074524374648    
  0.6128153021751760    
  0.6138554901907611    
  0.6091282953919654    
  0.5981407902555016    
  0.5811394366352667    
  0.5591151013319854    
  0.5335567433589004    
  0.5060819227189108    
  0.4781216533307165    
  0.4507587076813903    
  0.4247073806032685    
  0.4003711412452418    
  0.3779249113182152    
  0.3573933623016607    
  0.3387116859246777    
  0.3217661625456955    
  0.3064201814184728    
  0.2925315167535041    
  0.2799623621467950    
  0.2685834147322119    
  0.2582756064527887    
  0.2489315871210267    
  0.2404559016908544    
  0.2327634980917282    
  0.2257784696203673    
  0.2194338180817950    
  0.2136707682685483    
  0.2084371592750817    
  0.2036863966795726    
  0.1993773903348636    
  0.1954740888777349    
  0.1919442673701231    
  0.1887588781019328    
  0.1858922267624284    
  0.1833217123229749    
  0.1810269116185226    
  0.1789891986301038    
  0.1771920545744378    
  0.1756209204656808    
  0.1742624700660529    
  0.1731043938789366    
  0.1721357697680858    
  0.1713469686510574    
  0.1707290489876883    
  0.1702736441247498    
  0.1699733531115662    
  0.1698216675425216    
  0.1698124494259510    
  0.1699398867627701    
  0.1701988831456199    
  0.1705849889362531    
  0.1710939403313847    
  0.1717216625205146    
  0.1724646465971009    
  0.1733198762034295    
  0.1742844143921921    
  0.1753554415341929    
  0.1765306131247392    
  0.1778079774167537    
  0.1791856021912356    
  0.1806616393810465    
  0.1822346599115343    
  0.1839035600285696    
  0.1856672235975283    
  0.1875246088123447    
  0.1894750579850708    
  0.1915181915131773    
  0.1936536033202357    
  0.1958809670042452    
  0.1982003196364255    
  0.2006119434082055    
  0.2031160933849246    
  0.2057131215153390    
  0.2084037337461487    
  0.2111888600356233    
  0.2140694150456082    
  0.2170464393519112    
  0.2201213290492011    
  0.2232956950331534    
  0.2265711584615091    
  0.2299495093653267    
  0.2334329077800645    
  0.2370237333871461    
  0.2407244187365568    
  0.2445376262662464    
  0.2484664198866591    
  0.2525141064824246    
  0.2566841113247894    
  0.2609801753967402    
