  0.4951189105145975    
  0.4887592152226535    
  0.4822090045013611    
  0.4754724860183551    
  0.4685536099337562    
  0.4614560847599768    
  0.4541833912626781    
  0.4467387933645295    
  0.4391253490526415    
  0.4313459224809685    
  0.4234031950542649    
  0.4152996744516475    
  0.4070377032068501    
  0.3986194674132895    
  0.3900470041075881    
  0.3813222073207309    
  0.3724468346218834    
  0.3634225140119127    
  0.3542507488876982    
  0.3449329212070854    
  0.3354702958843317    
  0.3258640270015821    
  0.3161151625624448    
  0.3062246465037723    
  0.2961933214496913    
  0.2860219346427870    
  0.2757111441438720    
  0.2652615222243900    
  0.2546735583773541    
  0.2439476658700319    
  0.2330841905916972    
  0.2220834182703634    
  0.2109455806216596    
  0.1996708646305111    
  0.1882594256405070    
  0.1767114006779809    
  0.1650269208967169    
  0.1532061265614738    
  0.1412491866001772    
  0.1291563202478807    
  0.1169278187331005    
  0.1045640692082145    
  0.9206558349236901E-01
  0.7943303033476828E-01
  0.6666726889031041E-01
  0.5376938443128138E-01
  0.4074072872953258E-01
  0.2758296466316462E-01
  0.1429811282117299E-01
  0.8886001587881109E-03
 -0.1264268743180330E-01
 -0.2629234874917849E-01
 -0.4005640926204074E-01
 -0.5393026217990726E-01
 -0.6790860752093181E-01
 -0.8198538942239653E-01
 -0.9615373401523099E-01
 -0.1104058893808186    
 -0.1247331673499806    
 -0.1391258877841372    
 -0.1535733280031982    
 -0.1680636796163313    
 -0.1825840132655948    
 -0.1971202522375439    
 -0.2116571577641949    
 -0.2261783286038747    
 -0.2406662156087065    
 -0.2551021519336221    
 -0.2694664011470176    
 -0.2837382252605758    
 -0.2978959724949651    
 -0.3119171839774056    
 -0.3257787199359723    
 -0.3394569057336717    
 -0.3529276955672789    
 -0.3661668505307305    
 -0.3791501291290296    
 -0.3918534885128588    
 -0.4042532921994994    
 -0.4163265186872819    
 -0.4280509671913452    
 -0.4394054578993027    
 -0.4503700220991462    
 -0.4609260761149042    
 -0.4710565754397443    
 -0.4807461480102290    
 -0.4899812041835180    
 -0.4987500191747674    
 -0.5070427863182490    
 -0.5148516433440524    
 -0.5221706730982909    
 -0.5289958772846810    
 -0.5353251235366118    
 -0.5411580707495929    
 -0.5464960775433741    
 -0.5513420944912386    
 -0.5557005406248700    
 -0.5595771696139360    
 -0.5629789321793427    
 -0.5659138361498435    
 -0.5683908030564186    
 -0.5704195247681163    
 -0.5720103267579202    
 -0.5731740397161351    
 -0.5739218763309590    
 -0.5742653135222988    
 -0.5742159856171687    
 -0.5737855908149656    
 -0.5729858067156994    
 -0.5718282121142292    
 -0.5703242188980935    
 -0.5684850173852841    
 -0.5663215312508372    
 -0.5638443770414996    
 -0.5610638301813549    
 -0.5579898017500168    
 -0.5546318236964081    
 -0.5509990364481914    
 -0.5471001788995280    
 -0.5429435857206024    
 -0.5385371918300216    
 -0.5338885378567669    
 -0.5290047744078181    
 -0.5238926699414819    
 -0.5185586246241510    
 -0.5130086851177991    
 -0.5072485560462874    
 -0.5012836114402857    
 -0.4951189105145975    
 -0.4887592152226535    
 -0.4822090045013611    
 -0.4754724860183551    
 -0.4685536099337562    
 -0.4614560847599768    
 -0.4541833912626781    
 -0.4467387933645295    
 -0.4391253490526415    
 -0.4313459224809685    
 -0.4234031950542649    
 -0.4152996744516475    
 -0.4070377032068501    
 -0.3986194674132895    
 -0.3900470041075881    
 -0.3813222073207309    
 -0.3724468346218834    
 -0.3634225140119127    
 -0.3542507488876982    
 -0.3449329212070854    
 -0.3354702958843317    
 -0.3258640270015821    
 -0.3161151625624448    
 -0.3062246465037723    
 -0.2961933214496913    
 -0.2860219346427870    
 -0.2757111441438720    
 -0.2652615222243900    
 -0.2546735583773541    
 -0.2439476658700319    
 -0.2330841905916972    
 -0.2220834182703634    
 -0.2109455806216596    
 -0.1996708646305111    
 -0.1882594256405070    
 -0.1767114006779809    
 -0.1650269208967169    
 -0.1532061265614738    
 -0.1412491866001772    
 -0.1291563202478807    
 -0.1169278187331005    
 -0.1045640692082145    
 -0.9206558349236901E-01
 -0.7943303033476828E-01
 -0.6666726889031041E-01
 -0.5376938443128138E-01
 -0.4074072872953258E-01
 -0.2758296466316462E-01
 -0.1429811282117299E-01
 -0.8886001587881109E-03
  0.1264268743180330E-01
  0.2629234874917849E-01
  0.4005640926204074E-01
  0.5393026217990726E-01
  0.6790860752093181E-01
  0.8198538942239653E-01
  0.9615373401523099E-01
  0.1104058893808186    
  0.1247331673499806    
  0.1391258877841372    
  0.1535733280031982    
  0.1680636796163313    
  0.1825840132655948    
  0.1971202522375439    
  0.2116571577641949    
  0.2261783286038747    
  0.2406662156087065    
  0.2551021519336221    
  0.2694664011470176    
  0.2837382252605758    
  0.2978959724949651    
  0.3119171839774056    
  0.3257787199359723    
  0.3394569057336717    
  0.3529276955672789    
  0.3661668505307305    
  0.3791501291290296    
  0.3918534885128588    
  0.4042532921994994    
  0.4163265186872819    
  0.4280509671913452    
  0.4394054578993027    
  0.4503700220991462    
  0.4609260761149042    
  0.4710565754397443    
  0.4807461480102290    
  0.4899812041835180    
  0.4987500191747674    
  0.5070427863182490    
  0.5148516433440524    
  0.5221706730982909    
  0.5289958772846810    
  0.5353251235366118    
  0.5411580707495929    
  0.5464960775433741    
  0.5513420944912386    
  0.5557005406248700    
  0.5595771696139360    
  0.5629789321793427    
  0.5659138361498435    
  0.5683908030564186    
  0.5704195247681163    
  0.5720103267579202    
  0.5731740397161351    
  0.5739218763309590    
  0.5742653135222988    
  0.5742159856171687    
  0.5737855908149656    
  0.5729858067156994    
  0.5718282121142292    
  0.5703242188980935    
  0.5684850173852841    
  0.5663215312508372    
  0.5638443770414996    
  0.5610638301813549    
  0.5579898017500168    
  0.5546318236964081    
  0.5509990364481914    
  0.5471001788995280    
  0.5429435857206024    
  0.5385371918300216    
  0.5338885378567669    
  0.5290047744078181    
  0.5238926699414819    
  0.5185586246241510    
  0.5130086851177991    
  0.5072485560462874    
  0.5012836114402857    
