  0.3164520345866196    
  0.3189425086024457    
  0.3214718923657139    
  0.3240409779965930    
  0.3266505899698658    
  0.3293015844824281    
  0.3319948510276056    
  0.3347313154826208    
  0.3375119412753758    
  0.3403377289359580    
  0.3432097174590571    
  0.3461289875649948    
  0.3490966635214501    
  0.3521139130720332    
  0.3551819486554954    
  0.3583020306945263    
  0.3614754699776552    
  0.3647036280794633    
  0.3679879185404059    
  0.3713298100625029    
  0.3747308292611953    
  0.3781925615616164    
  0.3817166524099029    
  0.3853048102736092    
  0.3889588094923231    
  0.3926804914294847    
  0.3964717655691218    
  0.4003346120415645    
  0.4042710841044330    
  0.4082833090909774    
  0.4123734890207249    
  0.4165439021233828    
  0.4207969040364089    
  0.4251349273581774    
  0.4295604805497181    
  0.4340761471928954    
  0.4386845843421971    
  0.4433885186396745    
  0.4481907409834299    
  0.4530941005056535    
  0.4581014964605074    
  0.4632158665821818    
  0.4684401724567818    
  0.4737773822462103    
  0.4792304488593530    
  0.4848022816585716    
  0.4904957118421408    
  0.4963134513353823    
  0.5022580424486236    
  0.5083317952807357    
  0.5145367119177633    
  0.5208743962138594    
  0.5273459450808011    
  0.5339518164879131    
  0.5406916712557541    
  0.5475641854655957    
  0.5545668272653561    
  0.5616955908245393    
  0.5689446820510955    
  0.5763061507499065    
  0.5837694613311258    
  0.5913209939326560    
  0.5989434712673669    
  0.6066153091559039    
  0.6143098897472671    
  0.6219947613054694    
  0.6296307792275724    
  0.6371712154094233    
  0.6445608762601684    
  0.6517352890346567    
  0.6586200433016025    
  0.6651304029479148    
  0.6711713294297663    
  0.6766380794698834    
  0.6814175548621162    
  0.6853905731242380    
  0.6884351818934529    
  0.6904310535596886    
  0.6912648692563681    
  0.6908364345985261    
  0.6890650823769697    
  0.6858957534872223    
  0.6813040577692548    
  0.6752996379333283    
  0.6679273088072936    
  0.6592657127833305    
  0.6494235751896873    
  0.6385339798079318    
  0.6267473334030771    
  0.6142238030814746    
  0.6011259864301510    
  0.5876124335944153    
  0.5738324261177254    
  0.5599221886096141    
  0.5460025169491076    
  0.5321776711818391    
  0.5185353001986843    
  0.5051471342953346    
  0.4920701947514199    
  0.4793483084369258    
  0.4670137585414478    
  0.4550889429443270    
  0.4435879530316391    
  0.4325180236290945    
  0.4218808292357697    
  0.4116736147002455    
  0.4018901608782599    
  0.3925215985801395    
  0.3835570883037664    
  0.3749843794055076    
  0.3667902617866097    
  0.3589609279816576    
  0.3514822635070024    
  0.3443400760803703    
  0.3375202706459342    
  0.3310089810461508    
  0.3247926704459918    
  0.3188582061567178    
  0.3131929100473033    
  0.3077845894776033    
  0.3026215567190806    
  0.2976926399959953    
  0.2929871844745323    
  0.2884950445456868    
  0.2842065727867145    
  0.2801126078563046    
  0.2762044589333362    
  0.2724738863331915    
  0.2689130819061419    
  0.2655146507895650    
  0.2622715921521365    
  0.2591772783483209    
  0.2562254354735025    
  0.2534101261599586    
  0.2507257316112737    
  0.2481669322080291    
  0.2457286903710541    
  0.2434062369327946    
  0.2411950569299146    
  0.2390908726597408    
  0.2370896281921361    
  0.2351874787365494    
  0.2333807811744540    
  0.2316660810657847    
  0.2300400984887558    
  0.2284997181157823    
  0.2270419829423788    
  0.2256640863331165    
  0.2243633610120006    
  0.2231372691198519    
  0.2219833959575681    
  0.2208994451085493    
  0.2198832320535185    
  0.2189326766342242    
  0.2180457962835441    
  0.2172207007615627    
  0.2164555879309875    
  0.2157487397698617    
  0.2150985178189859    
  0.2145033580176145    
  0.2139617660667695    
  0.2134723142206288    
  0.2130336387617214    
  0.2126444369105082    
  0.2123034632335173    
  0.2120095264010873    
  0.2117614864489846    
  0.2115582523028253    
  0.2113987797707049    
  0.2112820699230193    
  0.2112071669517522    
  0.2111731552655320    
  0.2111791571326925    
  0.2112243317664192    
  0.2113078746761397    
  0.2114290158654544    
  0.2115870174797005    
  0.2117811723343456    
  0.2120108032373314    
  0.2122752620505302    
  0.2125739283972481    
  0.2129062086041709    
  0.2132715347768049    
  0.2136693636478700    
  0.2140991755801453    
  0.2145604740848940    
  0.2150527853090334    
  0.2155756570777403    
  0.2161286580724185    
  0.2167113774547303    
  0.2173234242016567    
  0.2179644259873011    
  0.2186340287717340    
  0.2193318973780961    
  0.2200577153601919    
  0.2208111832661022    
  0.2215920171677539    
  0.2223999492171661    
  0.2232347288555601    
  0.2240961223725819    
  0.2249839112416791    
  0.2258978913114511    
  0.2268378731545551    
  0.2278036822970912    
  0.2287951590317495    
  0.2298121583707812    
  0.2308545497960113    
  0.2319222163192520    
  0.2330150538360238    
  0.2341329717978451    
  0.2352758941503231    
  0.2364437589418452    
  0.2376365171371621    
  0.2388541322401518    
  0.2400965807523482    
  0.2413638524987264    
  0.2426559508279084    
  0.2439728928722855    
  0.2453147090165063    
  0.2466814416040425    
  0.2480731449900457    
  0.2494898876683539    
  0.2509317534467875    
  0.2523988394141003    
  0.2538912537084677    
  0.2554091169826058    
  0.2569525655841978    
  0.2585217514991766    
  0.2601168394147407    
  0.2617380059758395    
  0.2633854424808972    
  0.2650593566886092    
  0.2667599714399274    
  0.2684875232139094    
  0.2702422631754225    
  0.2720244587489832    
  0.2738343935768444    
  0.2756723671437619    
  0.2775386954883379    
  0.2794337118077316    
  0.2813577661612551    
  0.2833112258288666    
  0.2852944768513690    
  0.2873079246698926    
  0.2893519932147696    
  0.2914271249689310    
  0.2935337830600583    
  0.2956724526415807    
  0.2978436400016551    
  0.3000478721250510    
  0.3022856987495336    
  0.3045576943785769    
  0.3068644578287360    
  0.3092066115835727    
  0.3115848036611334    
  0.3139997100195100    
  0.3164520345866196    
  0.3189425086024457    
  0.3214718923657139    
  0.3240409779965930    
  0.3266505899698658    
  0.3293015844824281    
  0.3319948510276056    
  0.3347313154826208    
  0.3375119412753758    
  0.3403377289359580    
  0.3432097174590571    
  0.3461289875649948    
  0.3490966635214501    
  0.3521139130720332    
  0.3551819486554954    
  0.3583020306945263    
  0.3614754699776552    
  0.3647036280794633    
  0.3679879185404059    
  0.3713298100625029    
  0.3747308292611953    
  0.3781925615616164    
  0.3817166524099029    
  0.3853048102736092    
  0.3889588094923231    
  0.3926804914294847    
  0.3964717655691218    
  0.4003346120415645    
  0.4042710841044330    
  0.4082833090909774    
  0.4123734890207249    
  0.4165439021233828    
  0.4207969040364089    
  0.4251349273581774    
  0.4295604805497181    
  0.4340761471928954    
  0.4386845843421971    
  0.4433885186396745    
  0.4481907409834299    
  0.4530941005056535    
  0.4581014964605074    
  0.4632158665821818    
  0.4684401724567818    
  0.4737773822462103    
  0.4792304488593530    
  0.4848022816585716    
  0.4904957118421408    
  0.4963134513353823    
  0.5022580424486236    
  0.5083317952807357    
  0.5145367119177633    
  0.5208743962138594    
  0.5273459450808011    
  0.5339518164879131    
  0.5406916712557541    
  0.5475641854655957    
  0.5545668272653561    
  0.5616955908245393    
  0.5689446820510955    
  0.5763061507499065    
  0.5837694613311258    
  0.5913209939326560    
  0.5989434712673669    
  0.6066153091559039    
  0.6143098897472671    
  0.6219947613054694    
  0.6296307792275724    
  0.6371712154094233    
  0.6445608762601684    
  0.6517352890346567    
  0.6586200433016025    
  0.6651304029479148    
  0.6711713294297663    
  0.6766380794698834    
  0.6814175548621162    
  0.6853905731242380    
  0.6884351818934529    
  0.6904310535596886    
  0.6912648692563681    
  0.6908364345985261    
  0.6890650823769697    
  0.6858957534872223    
  0.6813040577692548    
  0.6752996379333283    
  0.6679273088072936    
  0.6592657127833305    
  0.6494235751896873    
  0.6385339798079318    
  0.6267473334030771    
  0.6142238030814746    
  0.6011259864301510    
  0.5876124335944153    
  0.5738324261177254    
  0.5599221886096141    
  0.5460025169491076    
  0.5321776711818391    
  0.5185353001986843    
  0.5051471342953346    
  0.4920701947514199    
  0.4793483084369258    
  0.4670137585414478    
  0.4550889429443270    
  0.4435879530316391    
  0.4325180236290945    
  0.4218808292357697    
  0.4116736147002455    
  0.4018901608782599    
  0.3925215985801395    
  0.3835570883037664    
  0.3749843794055076    
  0.3667902617866097    
  0.3589609279816576    
  0.3514822635070024    
  0.3443400760803703    
  0.3375202706459342    
  0.3310089810461508    
  0.3247926704459918    
  0.3188582061567178    
  0.3131929100473033    
  0.3077845894776033    
  0.3026215567190806    
  0.2976926399959953    
  0.2929871844745323    
  0.2884950445456868    
  0.2842065727867145    
  0.2801126078563046    
  0.2762044589333362    
  0.2724738863331915    
  0.2689130819061419    
  0.2655146507895650    
  0.2622715921521365    
  0.2591772783483209    
  0.2562254354735025    
  0.2534101261599586    
  0.2507257316112737    
  0.2481669322080291    
  0.2457286903710541    
  0.2434062369327946    
  0.2411950569299146    
  0.2390908726597408    
  0.2370896281921361    
  0.2351874787365494    
  0.2333807811744540    
  0.2316660810657847    
  0.2300400984887558    
  0.2284997181157823    
  0.2270419829423788    
  0.2256640863331165    
  0.2243633610120006    
  0.2231372691198519    
  0.2219833959575681    
  0.2208994451085493    
  0.2198832320535185    
  0.2189326766342242    
  0.2180457962835441    
  0.2172207007615627    
  0.2164555879309875    
  0.2157487397698617    
  0.2150985178189859    
  0.2145033580176145    
  0.2139617660667695    
  0.2134723142206288    
  0.2130336387617214    
  0.2126444369105082    
  0.2123034632335173    
  0.2120095264010873    
  0.2117614864489846    
  0.2115582523028253    
  0.2113987797707049    
  0.2112820699230193    
  0.2112071669517522    
  0.2111731552655320    
  0.2111791571326925    
  0.2112243317664192    
  0.2113078746761397    
  0.2114290158654544    
  0.2115870174797005    
  0.2117811723343456    
  0.2120108032373314    
  0.2122752620505302    
  0.2125739283972481    
  0.2129062086041709    
  0.2132715347768049    
  0.2136693636478700    
  0.2140991755801453    
  0.2145604740848940    
  0.2150527853090334    
  0.2155756570777403    
  0.2161286580724185    
  0.2167113774547303    
  0.2173234242016567    
  0.2179644259873011    
  0.2186340287717340    
  0.2193318973780961    
  0.2200577153601919    
  0.2208111832661022    
  0.2215920171677539    
  0.2223999492171661    
  0.2232347288555601    
  0.2240961223725819    
  0.2249839112416791    
  0.2258978913114511    
  0.2268378731545551    
  0.2278036822970912    
  0.2287951590317495    
  0.2298121583707812    
  0.2308545497960113    
  0.2319222163192520    
  0.2330150538360238    
  0.2341329717978451    
  0.2352758941503231    
  0.2364437589418452    
  0.2376365171371621    
  0.2388541322401518    
  0.2400965807523482    
  0.2413638524987264    
  0.2426559508279084    
  0.2439728928722855    
  0.2453147090165063    
  0.2466814416040425    
  0.2480731449900457    
  0.2494898876683539    
  0.2509317534467875    
  0.2523988394141003    
  0.2538912537084677    
  0.2554091169826058    
  0.2569525655841978    
  0.2585217514991766    
  0.2601168394147407    
  0.2617380059758395    
  0.2633854424808972    
  0.2650593566886092    
  0.2667599714399274    
  0.2684875232139094    
  0.2702422631754225    
  0.2720244587489832    
  0.2738343935768444    
  0.2756723671437619    
  0.2775386954883379    
  0.2794337118077316    
  0.2813577661612551    
  0.2833112258288666    
  0.2852944768513690    
  0.2873079246698926    
  0.2893519932147696    
  0.2914271249689310    
  0.2935337830600583    
  0.2956724526415807    
  0.2978436400016551    
  0.3000478721250510    
  0.3022856987495336    
  0.3045576943785769    
  0.3068644578287360    
  0.3092066115835727    
  0.3115848036611334    
  0.3139997100195100    
